0.523599 -0.000000 0.087266 0.000000 0.000000 0.000000 0.009448 0.010466
0.523598 -0.000098 0.087135 0.000000 0.000000 0.000537 0.011721 0.010143
0.523595 -0.000295 0.086875 0.000000 0.000000 0.001642 0.013941 0.009807
0.523591 -0.000569 0.086485 0.000000 0.000000 0.003155 0.016106 0.009464
0.523589 -0.000881 0.086037 0.000000 0.000000 0.004840 0.018212 0.009091
0.523586 -0.001411 0.085269 0.000000 0.000000 0.007664 0.020255 0.008714
0.523588 -0.002009 0.084411 0.000000 0.000000 0.010832 0.022234 0.008325
0.523587 -0.002655 0.083462 0.000000 0.000000 0.014275 0.024144 0.007922
0.523584 -0.003326 0.082464 0.000000 0.000000 0.017827 0.025984 0.007511
0.523581 -0.003989 0.081471 0.000000 0.000000 0.021312 0.027752 0.007089
0.523580 -0.004987 0.079972 0.000000 0.000000 0.026609 0.029444 0.006664
0.523580 -0.005996 0.078440 0.000000 0.000000 0.031909 0.031059 0.006228
0.523582 -0.006989 0.076903 0.000000 0.000000 0.037156 0.032595 0.005798
0.523584 -0.007947 0.075377 0.000000 0.000000 0.042240 0.034050 0.005357
0.523585 -0.008844 0.073918 0.000000 0.000000 0.046995 0.035424 0.004917
0.523588 -0.010134 0.071765 0.000000 0.000000 0.053904 0.036714 0.004454
0.523596 -0.011369 0.069646 0.000000 0.000000 0.060526 0.037919 0.004005
0.523602 -0.012534 0.067577 0.000000 0.000000 0.066755 0.039039 0.003565
0.523609 -0.013613 0.065581 0.000000 0.000000 0.072536 0.040072 0.003118
0.523616 -0.014600 0.063709 0.000000 0.000000 0.077837 0.041019 0.002651
0.523630 -0.015981 0.060990 0.000000 0.000000 0.085262 0.041878 0.002213
0.523645 -0.017256 0.058380 0.000000 0.000000 0.092145 0.042650 0.001781
0.523660 -0.018425 0.055895 0.000000 0.000000 0.098431 0.043335 0.001330
0.523675 -0.019482 0.053546 0.000000 0.000000 0.104106 0.043932 0.000890
0.523691 -0.020424 0.051365 0.000000 0.000000 0.109182 0.044442 0.000469
0.523718 -0.021707 0.048254 0.000000 0.000000 0.116164 0.044865 0.000048
0.523747 -0.022853 0.045302 0.000000 0.000000 0.122457 0.045202 -0.000359
0.523779 -0.023862 0.042527 0.000000 0.000000 0.128083 0.045455 -0.000771
0.523811 -0.024740 0.039940 0.000000 0.000000 0.133033 0.045623 -0.001162
0.523840 -0.025501 0.037562 0.000000 0.000000 0.137381 0.045707 -0.001553
0.523886 -0.026501 0.034182 0.000000 0.000000 0.143280 0.045710 -0.001911
0.523931 -0.027350 0.031005 0.000000 0.000000 0.148452 0.045632 -0.002299
0.523972 -0.028051 0.028041 0.000000 0.000000 0.152942 0.045475 -0.002660
0.524012 -0.028618 0.025303 0.000000 0.000000 0.156726 0.045240 -0.002991
0.524050 -0.029082 0.022801 0.000000 0.000000 0.159946 0.044929 -0.003325
0.524104 -0.029646 0.019261 0.000000 0.000000 0.164078 0.044545 -0.003666
0.524154 -0.030075 0.015967 0.000000 0.000000 0.167550 0.044088 -0.003975
0.524201 -0.030379 0.012924 0.000000 0.000000 0.170386 0.043561 -0.004262
0.524247 -0.030579 0.010127 0.000000 0.000000 0.172615 0.042967 -0.004543
0.524290 -0.030703 0.007578 0.000000 0.000000 0.174370 0.042307 -0.004815
0.524348 -0.030795 0.003997 0.000000 0.000000 0.176405 0.041583 -0.005079
0.524396 -0.030782 0.000684 0.000000 0.000000 0.177799 0.040799 -0.005303
0.524439 -0.030680 -0.002358 0.000000 0.000000 0.178651 0.039956 -0.005508
0.524475 -0.030509 -0.005130 0.000000 0.000000 0.179026 0.039058 -0.005742
0.524503 -0.030301 -0.007630 0.000000 0.000000 0.179107 0.038106 -0.005947
0.524540 -0.029928 -0.011095 0.000000 0.000000 0.178796 0.037103 -0.006104
0.524570 -0.029491 -0.014271 0.000000 0.000000 0.178076 0.036053 -0.006266
0.524594 -0.029006 -0.017160 0.000000 0.000000 0.177001 0.034957 -0.006407
0.524613 -0.028485 -0.019764 0.000000 0.000000 0.175653 0.033818 -0.006555
0.524628 -0.027965 -0.022098 0.000000 0.000000 0.174194 0.032640 -0.006659
0.524643 -0.027170 -0.025315 0.000000 0.000000 0.171748 0.031425 -0.006758
0.524651 -0.026367 -0.028231 0.000000 0.000000 0.169037 0.030175 -0.006873
0.524657 -0.025569 -0.030842 0.000000 0.000000 0.166217 0.028894 -0.006941
0.524661 -0.024789 -0.033164 0.000000 0.000000 0.163306 0.027585 -0.006991
0.524664 -0.024050 -0.035229 0.000000 0.000000 0.160466 0.026250 -0.007026
0.524664 -0.022984 -0.038036 0.000000 0.000000 0.156181 0.024892 -0.007087
0.524659 -0.021958 -0.040531 0.000000 0.000000 0.151921 0.023514 -0.007103
0.524648 -0.020983 -0.042733 0.000000 0.000000 0.147757 0.022118 -0.007090
0.524632 -0.020071 -0.044668 0.000000 0.000000 0.143728 0.020708 -0.007118
0.524614 -0.019234 -0.046369 0.000000 0.000000 0.139928 0.019285 -0.007068
0.524586 -0.018048 -0.048636 0.000000 0.000000 0.134460 0.017854 -0.007050
0.524554 -0.016946 -0.050626 0.000000 0.000000 0.129243 0.016415 -0.006989
0.524525 -0.015931 -0.052363 0.000000 0.000000 0.124317 0.014973 -0.006955
0.524499 -0.015011 -0.053867 0.000000 0.000000 0.119740 0.013529 -0.006880
0.524476 -0.014180 -0.055169 0.000000 0.000000 0.115532 0.012086 -0.006806
0.524443 -0.013045 -0.056878 0.000000 0.000000 0.109586 0.010646 -0.006725
0.524405 -0.012021 -0.058353 0.000000 0.000000 0.104056 0.009212 -0.006619
0.524367 -0.011112 -0.059587 0.000000 0.000000 0.098967 0.007786 -0.006511
0.524332 -0.010313 -0.060600 0.000000 0.000000 0.094371 0.006370 -0.006385
0.524301 -0.009611 -0.061452 0.000000 0.000000 0.090273 0.004967 -0.006269
0.524256 -0.008670 -0.062551 0.000000 0.000000 0.084627 0.003578 -0.006125
0.524210 -0.007851 -0.063449 0.000000 0.000000 0.079575 0.002205 -0.005988
0.524166 -0.007153 -0.064167 0.000000 0.000000 0.075137 0.000852 -0.005847
0.524130 -0.006567 -0.064720 0.000000 0.000000 0.071329 -0.000482 -0.005683
0.524097 -0.006068 -0.065153 0.000000 0.000000 0.068038 -0.001793 -0.005530
0.524049 -0.005424 -0.065637 0.000000 0.000000 0.063712 -0.003080 -0.005362
0.524008 -0.004895 -0.065982 0.000000 0.000000 0.060049 -0.004342 -0.005203
0.523969 -0.004476 -0.066189 0.000000 0.000000 0.057003 -0.005576 -0.005016
0.523938 -0.004149 -0.066272 0.000000 0.000000 0.054502 -0.006782 -0.004847
0.523909 -0.003892 -0.066272 0.000000 0.000000 0.052446 -0.007958 -0.004659
0.523871 -0.003598 -0.066153 0.000000 0.000000 0.049956 -0.009102 -0.004484
0.523843 -0.003402 -0.065910 0.000000 0.000000 0.048105 -0.010214 -0.004303
0.523823 -0.003292 -0.065555 0.000000 0.000000 0.046773 -0.011292 -0.004091
0.523807 -0.003250 -0.065129 0.000000 0.000000 0.045894 -0.012335 -0.003927
0.523791 -0.003252 -0.064668 0.000000 0.000000 0.045344 -0.013342 -0.003708
0.523768 -0.003324 -0.063924 0.000000 0.000000 0.044948 -0.014313 -0.003520
0.523748 -0.003461 -0.063128 0.000000 0.000000 0.045013 -0.015245 -0.003298
0.523729 -0.003649 -0.062306 0.000000 0.000000 0.045474 -0.016140 -0.003121
0.523714 -0.003874 -0.061465 0.000000 0.000000 0.046265 -0.016995 -0.002897
0.523703 -0.004116 -0.060636 0.000000 0.000000 0.047220 -0.017810 -0.002703
0.523687 -0.004505 -0.059366 0.000000 0.000000 0.048929 -0.018585 -0.002524
0.523675 -0.004922 -0.058081 0.000000 0.000000 0.050854 -0.019320 -0.002315
0.523663 -0.005358 -0.056808 0.000000 0.000000 0.052985 -0.020013 -0.002123
0.523654 -0.005801 -0.055558 0.000000 0.000000 0.055279 -0.020664 -0.001931
0.523648 -0.006229 -0.054369 0.000000 0.000000 0.057587 -0.021274 -0.001736
0.523642 -0.006867 -0.052621 0.000000 0.000000 0.061072 -0.021842 -0.001542
0.523640 -0.007501 -0.050907 0.000000 0.000000 0.064655 -0.022368 -0.001363
0.523641 -0.008112 -0.049260 0.000000 0.000000 0.068200 -0.022852 -0.001198
0.523645 -0.008700 -0.047690 0.000000 0.000000 0.071631 -0.023293 -0.000996
0.523648 -0.009251 -0.046223 0.000000 0.000000 0.074879 -0.023692 -0.000799
0.523656 -0.010039 -0.044104 0.000000 0.000000 0.079595 -0.024049 -0.000608
0.523663 -0.010786 -0.042069 0.000000 0.000000 0.084152 -0.024364 -0.000425
0.523663 -0.011483 -0.040121 0.000000 0.000000 0.088486 -0.024638 -0.000294
0.523660 -0.012122 -0.038282 0.000000 0.000000 0.092547 -0.024870 -0.000117
0.523655 -0.012700 -0.036571 0.000000 0.000000 0.096287 -0.025061 0.000036
0.523647 -0.013509 -0.034132 0.000000 0.000000 0.101604 -0.025210 0.000184
0.523635 -0.014255 -0.031844 0.000000 0.000000 0.106535 -0.025320 0.000366
0.523620 -0.014931 -0.029701 0.000000 0.000000 0.111005 -0.025389 0.000512
0.523605 -0.015533 -0.027706 0.000000 0.000000 0.115020 -0.025419 0.000698
0.523591 -0.016068 -0.025875 0.000000 0.000000 0.118608 -0.025410 0.000838
0.523573 -0.016797 -0.023267 0.000000 0.000000 0.123567 -0.025362 0.000983
0.523559 -0.017449 -0.020815 0.000000 0.000000 0.128010 -0.025276 0.001108
0.523546 -0.018019 -0.018524 0.000000 0.000000 0.131922 -0.025152 0.001260
0.523531 -0.018514 -0.016410 0.000000 0.000000 0.135295 -0.024992 0.001383
0.523515 -0.018942 -0.014482 0.000000 0.000000 0.138218 -0.024796 0.001498
0.523489 -0.019506 -0.011784 0.000000 0.000000 0.142099 -0.024564 0.001648
0.523465 -0.019984 -0.009283 0.000000 0.000000 0.145443 -0.024298 0.001743
0.523440 -0.020385 -0.006969 0.000000 0.000000 0.148239 -0.023998 0.001847
0.523416 -0.020714 -0.004860 0.000000 0.000000 0.150535 -0.023664 0.001963
0.523394 -0.020988 -0.002953 0.000000 0.000000 0.152445 -0.023298 0.002095
0.523362 -0.021322 -0.000305 0.000000 0.000000 0.154821 -0.022900 0.002199
0.523333 -0.021584 0.002126 0.000000 0.000000 0.156643 -0.022471 0.002312
0.523309 -0.021780 0.004359 0.000000 0.000000 0.157974 -0.022012 0.002449
0.523286 -0.021913 0.006378 0.000000 0.000000 0.158881 -0.021524 0.002527
0.523266 -0.022003 0.008198 0.000000 0.000000 0.159498 -0.021007 0.002595
0.523238 -0.022078 0.010732 0.000000 0.000000 0.160015 -0.020464 0.002691
0.523214 -0.022093 0.013050 0.000000 0.000000 0.160061 -0.019893 0.002758
0.523191 -0.022063 0.015159 0.000000 0.000000 0.159712 -0.019297 0.002852
0.523170 -0.021993 0.017067 0.000000 0.000000 0.159041 -0.018676 0.002946
0.523152 -0.021902 0.018776 0.000000 0.000000 0.158190 -0.018031 0.003030
0.523126 -0.021737 0.021147 0.000000 0.000000 0.156694 -0.017364 0.003107
0.523097 -0.021538 0.023304 0.000000 0.000000 0.154952 -0.016674 0.003181
0.523073 -0.021314 0.025235 0.000000 0.000000 0.153025 -0.015964 0.003247
0.523056 -0.021075 0.026958 0.000000 0.000000 0.150999 -0.015234 0.003293
0.523041 -0.020838 0.028487 0.000000 0.000000 0.148995 -0.014484 0.003381
0.523019 -0.020474 0.030562 0.000000 0.000000 0.145946 -0.013717 0.003453
0.522997 -0.020107 0.032416 0.000000 0.000000 0.142855 -0.012933 0.003487
0.522982 -0.019749 0.034067 0.000000 0.000000 0.139778 -0.012133 0.003539
0.522968 -0.019403 0.035517 0.000000 0.000000 0.136759 -0.011318 0.003574
0.522956 -0.019079 0.036792 0.000000 0.000000 0.133893 -0.010490 0.003623
0.522938 -0.018612 0.038505 0.000000 0.000000 0.129671 -0.009648 0.003681
0.522919 -0.018162 0.040000 0.000000 0.000000 0.125597 -0.008796 0.003727
0.522902 -0.017734 0.041298 0.000000 0.000000 0.121673 -0.007932 0.003776
0.522885 -0.017332 0.042407 0.000000 0.000000 0.117998 -0.007059 0.003812
0.522868 -0.016964 0.043356 0.000000 0.000000 0.114616 -0.006178 0.003828
0.522843 -0.016453 0.044606 0.000000 0.000000 0.109860 -0.005290 0.003849
0.522820 -0.015981 0.045670 0.000000 0.000000 0.105468 -0.004396 0.003875
0.522800 -0.015552 0.046562 0.000000 0.000000 0.101410 -0.003496 0.003911
0.522783 -0.015169 0.047305 0.000000 0.000000 0.097735 -0.002593 0.003939
0.522766 -0.014826 0.047917 0.000000 0.000000 0.094454 -0.001688 0.003966
0.522743 -0.014364 0.048683 0.000000 0.000000 0.089934 -0.000781 0.003967
0.522722 -0.013957 0.049293 0.000000 0.000000 0.085836 0.000126 0.003973
0.522706 -0.013605 0.049761 0.000000 0.000000 0.082164 0.001031 0.003970
0.522694 -0.013298 0.050121 0.000000 0.000000 0.078988 0.001935 0.003943
0.522685 -0.013034 0.050401 0.000000 0.000000 0.076213 0.002835 0.003958
0.522669 -0.012688 0.050706 0.000000 0.000000 0.072525 0.003730 0.003966
0.522652 -0.012396 0.050885 0.000000 0.000000 0.069348 0.004619 0.003938
0.522633 -0.012155 0.050976 0.000000 0.000000 0.066628 0.005501 0.003961
0.522610 -0.011957 0.050982 0.000000 0.000000 0.064368 0.006374 0.003922
0.522588 -0.011793 0.050939 0.000000 0.000000 0.062464 0.007238 0.003867
0.522560 -0.011597 0.050796 0.000000 0.000000 0.060036 0.008090 0.003855
0.522535 -0.011452 0.050578 0.000000 0.000000 0.058098 0.008930 0.003783
0.522512 -0.011346 0.050293 0.000000 0.000000 0.056613 0.009756 0.003741
0.522496 -0.011280 0.049962 0.000000 0.000000 0.055512 0.010567 0.003715
0.522482 -0.011239 0.049603 0.000000 0.000000 0.054687 0.011362 0.003648
0.522464 -0.011206 0.049019 0.000000 0.000000 0.053864 0.012140 0.003607
0.522444 -0.011208 0.048396 0.000000 0.000000 0.053427 0.012898 0.003556
0.522424 -0.011238 0.047743 0.000000 0.000000 0.053334 0.013637 0.003478
0.522405 -0.011289 0.047070 0.000000 0.000000 0.053500 0.014354 0.003397
0.522388 -0.011356 0.046414 0.000000 0.000000 0.053821 0.015048 0.003327
0.522363 -0.011483 0.045427 0.000000 0.000000 0.054598 0.015719 0.003234
0.522334 -0.011628 0.044430 0.000000 0.000000 0.055682 0.016364 0.003151
0.522310 -0.011788 0.043433 0.000000 0.000000 0.056952 0.016983 0.003022
0.522290 -0.011953 0.042455 0.000000 0.000000 0.058340 0.017575 0.002962
0.522270 -0.012116 0.041522 0.000000 0.000000 0.059748 0.018137 0.002838
0.522248 -0.012364 0.040149 0.000000 0.000000 0.061941 0.018670 0.002737
0.522234 -0.012620 0.038814 0.000000 0.000000 0.064175 0.019171 0.002602
0.522221 -0.012878 0.037538 0.000000 0.000000 0.066389 0.019641 0.002470
0.522206 -0.013131 0.036325 0.000000 0.000000 0.068529 0.020077 0.002331
0.522192 -0.013366 0.035192 0.000000 0.000000 0.070547 0.020478 0.002197
0.522172 -0.013703 0.033553 0.000000 0.000000 0.073528 0.020845 0.002049
0.522156 -0.014033 0.031987 0.000000 0.000000 0.076421 0.021174 0.001891
0.522144 -0.014350 0.030495 0.000000 0.000000 0.079168 0.021467 0.001740
0.522133 -0.014643 0.029095 0.000000 0.000000 0.081782 0.021721 0.001555
0.522123 -0.014913 0.027806 0.000000 0.000000 0.084194 0.021936 0.001400
0.522111 -0.015288 0.025969 0.000000 0.000000 0.087691 0.022112 0.001204
0.522101 -0.015638 0.024238 0.000000 0.000000 0.090968 0.022247 0.001041
0.522089 -0.015959 0.022622 0.000000 0.000000 0.093998 0.022340 0.000834
0.522082 -0.016242 0.021123 0.000000 0.000000 0.096777 0.022391 0.000651
0.522074 -0.016493 0.019753 0.000000 0.000000 0.099303 0.022400 0.000454
0.522059 -0.016834 0.017822 0.000000 0.000000 0.102790 0.022366 0.000253
0.522046 -0.017140 0.016007 0.000000 0.000000 0.105944 0.022289 0.000052
0.522035 -0.017408 0.014318 0.000000 0.000000 0.108754 0.022167 -0.000160
0.522028 -0.017641 0.012771 0.000000 0.000000 0.111226 0.022002 -0.000374
0.522021 -0.017843 0.011357 0.000000 0.000000 0.113392 0.021792 -0.000594
0.522011 -0.018106 0.009378 0.000000 0.000000 0.116283 0.021538 -0.000801
0.522004 -0.018329 0.007543 0.000000 0.000000 0.118800 0.021238 -0.001034
0.522002 -0.018511 0.005857 0.000000 0.000000 0.120988 0.020895 -0.001244
0.522002 -0.018654 0.004319 0.000000 0.000000 0.122851 0.020507 -0.001481
0.522002 -0.018772 0.002926 0.000000 0.000000 0.124422 0.020074 -0.001693
0.522001 -0.018908 0.000973 0.000000 0.000000 0.126488 0.019597 -0.001932
0.522004 -0.018999 -0.000815 0.000000 0.000000 0.128258 0.019077 -0.002140
0.522009 -0.019058 -0.002450 0.000000 0.000000 0.129672 0.018514 -0.002382
0.522016 -0.019091 -0.003943 0.000000 0.000000 0.130767 0.017907 -0.002617
0.522023 -0.019107 -0.005286 0.000000 0.000000 0.131652 0.017259 -0.002844
0.522033 -0.019101 -0.007143 0.000000 0.000000 0.132652 0.016569 -0.003053
0.522042 -0.019069 -0.008850 0.000000 0.000000 0.133280 0.015839 -0.003247
0.522052 -0.019018 -0.010391 0.000000 0.000000 0.133621 0.015069 -0.003483
0.522060 -0.018950 -0.011781 0.000000 0.000000 0.133716 0.014261 -0.003723
0.522066 -0.018876 -0.013027 0.000000 0.000000 0.133656 0.013415 -0.003913
0.522072 -0.018746 -0.014756 0.000000 0.000000 0.133334 0.012532 -0.004089
0.522078 -0.018597 -0.016333 0.000000 0.000000 0.132781 0.011615 -0.004330
0.522083 -0.018439 -0.017746 0.000000 0.000000 0.132045 0.010663 -0.004549
