1.20 1.10 20 64
0.127000 0.008862 -0.031768 -0.044619 0.924492 0.000114 -0.144540 -0.198607 6.658163 0.001998
0.256000 0.001699 -0.081910 -0.132815 1.756494 -0.000124 -0.105486 -0.208923 6.563280 -0.003046
0.390000 -0.021499 -0.142325 -0.179742 2.621717 -0.000448 -0.026648 -0.210632 6.465778 -0.003922
0.507000 -0.045531 -0.201547 -0.297118 3.378848 0.000804 0.064390 -0.221034 6.380892 -0.004744
0.640000 -0.084840 -0.291257 -0.480241 4.215797 0.001436 0.177824 -0.245614 6.312870 -0.006019
0.754000 -0.120192 -0.400854 -0.645835 4.926418 0.001358 0.274676 -0.261899 6.277195 -0.006274
0.892000 -0.154220 -0.575530 -0.818473 5.766080 0.000862 0.377035 -0.248167 6.266021 -0.004155
1.003000 -0.179484 -0.755475 -0.907034 6.499787 -0.000412 0.446430 -0.202385 6.274664 -0.004453
1.137000 -0.201053 -0.987745 -0.990918 7.336561 -0.001597 0.495405 -0.129816 6.311553 -0.002487
1.255000 -0.224863 -1.226605 -1.075239 8.077356 -0.002152 0.509640 -0.069246 6.346425 -0.004480
1.387000 -0.255381 -1.502150 -1.137780 8.925251 -0.003781 0.493983 -0.015263 6.397153 -0.004291
1.503000 -0.282267 -1.710675 -1.153417 9.675694 -0.005334 0.454538 0.024915 6.421547 -0.005058
1.636999 -0.326011 -1.922290 -1.127527 10.530335 -0.007985 0.387140 0.073275 6.427522 -0.005528
1.753999 -0.364345 -2.069493 -1.103052 11.294797 -0.010302 0.311766 0.123725 6.415143 -0.006040
1.886999 -0.411988 -2.161132 -1.136954 12.134325 -0.015237 0.223744 0.181182 6.397893 -0.006554
2.003999 -0.458017 -2.179470 -1.098327 12.880693 -0.020318 0.150461 0.223506 6.364319 -0.006769
2.136999 -0.514806 -2.089132 -1.066002 13.730086 -0.027406 0.082867 0.250125 6.319393 -0.007647
2.253999 -0.569739 -1.915539 -1.054327 14.460385 -0.034563 0.044326 0.250369 6.279651 -0.008664
2.387999 -0.651866 -1.606307 -0.981518 15.297422 -0.042418 0.026439 0.230527 6.220018 -0.011319
2.504999 -0.725800 -1.264814 -0.927258 16.020414 -0.049107 0.037058 0.207815 6.152330 -0.010875
2.638999 -0.809087 -0.847938 -0.925713 16.833466 -0.058443 0.072677 0.186799 6.089725 -0.009753
2.753999 -0.875183 -0.476726 -0.982590 17.541981 -0.068488 0.120500 0.174644 6.034472 -0.009730
2.887998 -0.948345 -0.084258 -1.076443 18.340466 -0.083732 0.183559 0.166995 5.984823 -0.008739
3.004998 -1.011381 0.207255 -1.165271 19.039276 -0.098326 0.238551 0.164199 5.964810 -0.009664
3.137998 -1.079036 0.441207 -1.255689 19.831318 -0.114093 0.294795 0.164607 5.945696 -0.008724
3.254998 -1.136764 0.564928 -1.250168 20.526909 -0.125953 0.334398 0.164286 5.948247 -0.008111
3.387998 -1.203362 0.620274 -1.184053 21.324875 -0.137888 0.363866 0.155779 5.963122 -0.008760
3.504998 -1.259603 0.573964 -1.124857 22.036495 -0.148511 0.374708 0.135023 5.990155 -0.008215
3.637998 -1.319105 0.417358 -0.991622 22.822973 -0.160032 0.368281 0.094808 6.018588 -0.007180
3.754997 -1.358513 0.213637 -0.819392 23.528996 -0.170267 0.347000 0.041632 6.046560 -0.007319
3.888997 -1.414593 -0.098330 -0.558718 24.335184 -0.183130 0.310510 -0.039539 6.072231 -0.007841
4.004997 -1.476636 -0.416744 -0.340630 25.047489 -0.196118 0.269951 -0.122418 6.101019 -0.010234
4.138998 -1.551514 -0.798792 -0.077568 25.860003 -0.210353 0.221214 -0.213499 6.117059 -0.009536
4.255999 -1.625116 -1.129314 0.122488 26.577248 -0.222679 0.181424 -0.276395 6.137335 -0.010835
4.389999 -1.725688 -1.470645 0.272374 27.399384 -0.236788 0.143051 -0.319287 6.135084 -0.012836
4.506000 -1.821809 -1.700110 0.331687 28.111031 -0.250502 0.121066 -0.336337 6.135182 -0.014363
4.639000 -1.929755 -1.875713 0.426781 28.932158 -0.267330 0.112992 -0.342142 6.124304 -0.014480
4.756001 -2.035622 -1.937999 0.474055 29.640827 -0.282667 0.121789 -0.340424 6.101162 -0.016865
4.889000 -2.164873 -1.893372 0.525776 30.455683 -0.301596 0.147789 -0.332372 6.066386 -0.016799
5.006001 -2.280201 -1.768411 0.537175 31.164112 -0.321530 0.181905 -0.320594 6.049958 -0.016953
5.143002 -2.396526 -1.540180 0.608123 31.966774 -0.345199 0.227058 -0.304977 6.023849 -0.014465
5.256001 -2.499688 -1.286289 0.645763 32.674664 -0.366219 0.269086 -0.290610 5.989362 -0.015402
5.377001 -2.599500 -1.033220 0.682416 33.367306 -0.386548 0.305967 -0.275289 5.963009 -0.015051
5.507001 -2.718510 -0.758689 0.688649 34.158443 -0.411653 0.336154 -0.245835 5.943055 -0.016127
5.640002 -2.847593 -0.523541 0.686287 34.947113 -0.436836 0.350832 -0.187333 5.929212 -0.018252
5.758002 -2.973596 -0.360530 0.719898 35.658363 -0.459243 0.349693 -0.097179 5.932988 -0.019158
5.890002 -3.120980 -0.252486 0.714647 36.428947 -0.482525 0.335180 0.038274 5.934706 -0.019811
6.007002 -3.261409 -0.210648 0.680679 37.123169 -0.503235 0.310830 0.177487 5.936965 -0.021690
6.140002 -3.423614 -0.225790 0.613683 37.919228 -0.529719 0.272359 0.326731 5.948490 -0.020725
6.262003 -3.575998 -0.279003 0.567507 38.650570 -0.553424 0.231271 0.435225 5.946904 -0.020391
6.378002 -3.712462 -0.358873 0.539891 39.351326 -0.575089 0.191451 0.508807 5.938869 -0.019786
6.512003 -3.859043 -0.460988 0.497596 40.122906 -0.600006 0.152690 0.561926 5.937860 -0.020746
6.628003 -4.005056 -0.571714 0.385765 40.816956 -0.622981 0.126552 0.588581 5.936044 -0.021992
6.762003 -4.170421 -0.690826 0.220547 41.604763 -0.649517 0.108525 0.589454 5.923033 -0.022997
6.882003 -4.320980 -0.778001 0.123155 42.303585 -0.672404 0.105643 0.556130 5.924688 -0.022494
7.012003 -4.485432 -0.857299 0.007261 43.084496 -0.698341 0.114881 0.477182 5.917716 -0.021791
7.129004 -4.630432 -0.928766 -0.070396 43.775463 -0.724580 0.135112 0.375725 5.907973 -0.022256
7.262004 -4.812328 -0.972754 -0.211746 44.583717 -0.756474 0.168149 0.235880 5.899163 -0.024828
7.392004 -4.987988 -0.977030 -0.377737 45.325825 -0.786887 0.204302 0.102925 5.890850 -0.024887
7.508005 -5.154315 -0.953416 -0.562990 46.013866 -0.814903 0.237962 -0.013358 5.881107 -0.024988
7.626005 -5.312342 -0.933122 -0.687765 46.694515 -0.842181 0.267400 -0.112961 5.865721 -0.023525
7.758005 -5.500046 -0.903429 -0.766227 47.479881 -0.873002 0.293161 -0.208194 5.862279 -0.025981
7.892006 -5.693636 -0.884972 -0.838296 48.258831 -0.904117 0.308132 -0.280926 5.860799 -0.025988
8.013006 -5.876111 -0.874934 -0.905298 48.973343 -0.934146 0.309841 -0.335562 5.863267 -0.027683
8.129006 -6.063929 -0.870131 -0.954306 49.653019 -0.963299 0.300763 -0.382574 5.867646 -0.028976
8.263007 -6.285872 -0.881190 -0.997062 50.432327 -0.997496 0.280163 -0.432031 5.863671 -0.028639
8.379007 -6.476666 -0.920740 -1.001863 51.117805 -1.028616 0.254749 -0.467818 5.863369 -0.028380
8.513007 -6.681629 -0.991086 -0.992469 51.902481 -1.066894 0.220007 -0.488414 5.861988 -0.026240
8.630008 -6.856916 -1.071361 -0.957915 52.581509 -1.101255 0.189242 -0.482557 5.859209 -0.026656
8.763008 -7.050761 -1.158229 -0.909970 53.359623 -1.140637 0.154652 -0.451127 5.854465 -0.023929
8.880009 -7.202922 -1.229900 -0.892854 54.043129 -1.176368 0.129458 -0.408513 5.846895 -0.021928
9.006009 -7.339622 -1.266661 -0.885586 54.736950 -1.215178 0.110212 -0.353603 5.839592 -0.019124
9.140010 -7.496908 -1.258493 -0.948897 55.553047 -1.264859 0.097735 -0.267938 5.839461 -0.020510
9.263010 -7.634820 -1.202284 -0.967769 56.280521 -1.310353 0.099110 -0.169296 5.825723 -0.018712
9.380010 -7.769759 -1.107443 -1.074461 56.965397 -1.355965 0.110693 -0.064147 5.811195 -0.020533
9.514010 -7.917337 -0.972164 -1.217476 57.728203 -1.407421 0.130909 0.047429 5.778428 -0.020175
9.632010 -8.058242 -0.847374 -1.319951 58.413319 -1.455246 0.151697 0.129355 5.768889 -0.021567
9.764009 -8.211301 -0.716815 -1.394464 59.166035 -1.508491 0.175072 0.199364 5.751258 -0.020297
9.882010 -8.353456 -0.615895 -1.447821 59.835583 -1.557101 0.194887 0.251588 5.733718 -0.022259
10.015009 -8.521348 -0.525030 -1.473101 60.595898 -1.612903 0.212943 0.305481 5.731357 -0.021536
10.132008 -8.668020 -0.474795 -1.416292 61.264671 -1.662550 0.221766 0.342952 5.731391 -0.020988
10.265006 -8.831274 -0.432220 -1.313064 62.036331 -1.721797 0.220045 0.369921 5.732326 -0.021742
10.381005 -8.977103 -0.409520 -1.257179 62.704365 -1.775313 0.209860 0.383398 5.727180 -0.021682
10.515005 -9.142454 -0.402350 -1.242244 63.463280 -1.837962 0.189384 0.397715 5.719899 -0.020414
10.635005 -9.294205 -0.405271 -1.248061 64.163849 -1.897606 0.164377 0.413925 5.716473 -0.021323
10.764004 -9.437546 -0.423290 -1.261424 64.881752 -1.961362 0.136276 0.423607 5.719074 -0.018717
10.899004 -9.490218 -0.425727 -1.269119 65.172127 -1.987367 0.124836 0.421723 5.713645 -0.017466
11.004004 -9.710360 -0.502261 -1.394794 66.242073 -2.084746 0.084785 0.370155 5.715509 -0.021501
11.133004 -9.869395 -0.540874 -1.574697 66.992088 -2.157268 0.065896 0.289943 5.702839 -0.022870
11.267005 -10.041716 -0.570608 -1.787236 67.746284 -2.231815 0.058086 0.187817 5.693579 -0.022832
11.383005 -10.197340 -0.572169 -1.964038 68.408333 -2.298697 0.059911 0.091224 5.682780 -0.024064
11.517005 -10.379593 -0.559145 -2.151518 69.159027 -2.375934 0.071866 -0.015496 5.670292 -0.024997
11.634006 -10.551844 -0.518091 -2.302057 69.818329 -2.445220 0.089635 -0.103840 5.661898 -0.026333
11.767006 -10.747574 -0.464239 -2.361549 70.566116 -2.526967 0.112379 -0.195881 5.649222 -0.024904
11.884007 -10.911212 -0.413273 -2.329895 71.222115 -2.600842 0.134370 -0.262550 5.638499 -0.023462
12.001007 -11.065392 -0.348374 -2.264249 71.877457 -2.676367 0.155831 -0.308767 5.636994 -0.023532
12.134007 -11.247066 -0.288332 -2.173098 72.627998 -2.764840 0.175772 -0.331476 5.643366 -0.022840
12.251008 -11.411996 -0.238996 -2.066295 73.278145 -2.843091 0.187884 -0.330494 5.650246 -0.025761
12.385009 -11.625618 -0.211046 -1.943369 74.029488 -2.937352 0.193894 -0.323130 5.653818 -0.028690
12.501009 -11.816674 -0.196382 -1.812412 74.680580 -3.021163 0.191129 -0.322802 5.661162 -0.030442
12.634009 -12.060073 -0.196101 -1.654269 75.433098 -3.120557 0.179015 -0.329544 5.667233 -0.032336
12.751010 -12.283733 -0.171703 -1.540334 76.090614 -3.210111 0.162762 -0.330282 5.675854 -0.033902
12.884010 -12.534975 -0.142457 -1.473246 76.838608 -3.314867 0.140520 -0.313923 5.680147 -0.031971
13.001010 -12.758741 -0.121651 -1.405478 77.496872 -3.408262 0.119029 -0.285810 5.681666 -0.033510
13.135011 -13.020749 -0.096696 -1.311202 78.245026 -3.517455 0.096149 -0.247880 5.690179 -0.034274
13.252011 -13.260176 -0.044886 -1.171815 78.904060 -3.614414 0.080123 -0.217559 5.693267 -0.035969
13.385011 -13.532837 0.031318 -0.976678 79.652756 -3.727534 0.069769 -0.184336 5.690079 -0.035173
13.502011 -13.768000 0.133326 -0.795685 80.310127 -3.829757 0.069791 -0.149393 5.685213 -0.034422
13.635012 -14.035980 0.274543 -0.512050 81.062141 -3.948038 0.076863 -0.090397 5.676097 -0.034824
13.756012 -14.268593 0.400135 -0.336076 81.711769 -4.053946 0.088942 -0.016579 5.675141 -0.035132
13.885011 -14.534415 0.535471 -0.145779 82.460808 -4.181644 0.107311 0.097392 5.669340 -0.033870
14.002011 -14.766915 0.648744 0.048702 83.108757 -4.295090 0.124746 0.209585 5.671654 -0.036490
14.136012 -15.032483 0.791931 0.223653 83.857468 -4.428157 0.143617 0.333775 5.678488 -0.034952
14.252012 -15.267510 0.917799 0.287087 84.511261 -4.546558 0.157790 0.409060 5.676986 -0.034431
14.386013 -15.543661 1.018336 0.283783 85.254631 -4.682663 0.170014 0.437750 5.687917 -0.036975
14.502013 -15.788385 1.073542 0.249853 85.909256 -4.804839 0.176564 0.411635 5.695216 -0.036437
14.638014 -16.068487 1.105892 0.192201 86.654892 -4.945497 0.179046 0.340984 5.714279 -0.036965
14.753015 -16.312254 1.107225 0.069958 87.312523 -5.070253 0.175997 0.267334 5.729300 -0.035963
14.879015 -16.558859 1.080224 -0.054195 87.971748 -5.195823 0.169016 0.199362 5.741826 -0.036773
15.003015 -16.841112 1.011585 -0.199382 88.722916 -5.343492 0.157762 0.140416 5.768526 -0.036990
15.136015 -17.128849 0.916513 -0.423964 89.481949 -5.494308 0.146035 0.100284 5.782438 -0.037082
15.253016 -17.376476 0.816736 -0.648774 90.141518 -5.626853 0.136248 0.077576 5.810181 -0.036051
15.387016 -17.674828 0.685283 -0.881271 90.905701 -5.782921 0.127733 0.060114 5.828629 -0.039293
15.503016 -17.949482 0.567343 -1.088279 91.579208 -5.922559 0.125966 0.052402 5.823972 -0.039911
15.637017 -18.251408 0.451453 -1.342846 92.331863 -6.079776 0.129021 0.051427 5.828983 -0.039041
15.753016 -18.517904 0.361815 -1.561675 92.999466 -6.220898 0.135732 0.054782 5.836161 -0.039492
15.887017 -18.811493 0.253433 -1.778003 93.758926 -6.383330 0.148074 0.058789 5.842854 -0.037621
16.004017 -19.068218 0.171314 -1.955405 94.426964 -6.529437 0.162851 0.054298 5.843653 -0.039553
16.137020 -19.370163 0.112040 -2.123920 95.186134 -6.699820 0.181367 0.031435 5.852079 -0.040133
16.254023 -19.642941 0.076332 -2.261716 95.853767 -6.852113 0.196688 -0.008504 5.851074 -0.040682
16.388025 -19.958149 0.082851 -2.416167 96.611580 -7.027132 0.212894 -0.072791 5.847754 -0.040927
16.504028 -20.230022 0.094549 -2.537276 97.282753 -7.186897 0.225472 -0.136642 5.848914 -0.038465
16.638031 -20.525097 0.117045 -2.652529 98.039108 -7.370420 0.237599 -0.198328 5.854717 -0.039182
16.754034 -20.796761 0.147129 -2.724600 98.704803 -7.533300 0.245720 -0.231776 5.856109 -0.041770
16.888037 -21.117476 0.161651 -2.733208 99.461044 -7.722032 0.251218 -0.241532 5.862238 -0.042385
17.004040 -21.398136 0.160949 -2.726978 100.126579 -7.891500 0.251502 -0.231729 5.871612 -0.040045
17.138042 -21.691145 0.165825 -2.699188 100.883270 -8.086837 0.246864 -0.215000 5.880097 -0.037842
17.255045 -21.938967 0.166847 -2.639246 101.549210 -8.261414 0.242250 -0.205848 5.885667 -0.036010
17.388048 -22.202730 0.160363 -2.494606 102.305901 -8.464383 0.238146 -0.201836 5.892307 -0.033958
17.505051 -22.423651 0.132239 -2.312987 102.970634 -8.646928 0.234431 -0.198089 5.891472 -0.031611
17.638054 -22.662209 0.079839 -2.102833 103.731209 -8.860463 0.231520 -0.182313 5.898485 -0.030392
17.755056 -22.857727 0.047596 -1.922441 104.390030 -9.049022 0.230360 -0.155304 5.911281 -0.027738
17.889059 -23.069078 0.018191 -1.633519 105.150566 -9.271152 0.232807 -0.111583 5.915954 -0.027810
18.005062 -23.247923 -0.023149 -1.307663 105.814262 -9.467562 0.238534 -0.065503 5.916896 -0.026349
18.139063 -23.436472 -0.089728 -0.999825 106.567932 -9.695744 0.249361 -0.006738 5.925419 -0.023644
18.255066 -23.601986 -0.147748 -0.700974 107.231468 -9.899053 0.259946 0.048572 5.937741 -0.025560
18.389069 -23.801292 -0.222939 -0.310060 107.986061 -10.133586 0.272420 0.108607 5.947945 -0.026641
18.506071 -23.987522 -0.288541 0.024302 108.650833 -10.342774 0.284927 0.148797 5.958501 -0.028078
18.639074 -24.192686 -0.346050 0.311914 109.406105 -10.585276 0.299461 0.170073 5.969987 -0.026161
18.756077 -24.359028 -0.397462 0.521751 110.071022 -10.802681 0.311814 0.166321 5.984226 -0.025081
18.889080 -24.554533 -0.463306 0.738934 110.832726 -11.057029 0.324030 0.143325 5.998875 -0.026379
19.006083 -24.718239 -0.518071 0.889879 111.491562 -11.281743 0.332666 0.114392 6.003196 -0.023695
19.140085 -24.897539 -0.580576 1.069184 112.252548 -11.545898 0.340168 0.073990 6.017162 -0.022963
19.256088 -25.047655 -0.655918 1.173615 112.911713 -11.778017 0.343944 0.033575 6.028263 -0.021839
19.390091 -25.208263 -0.755109 1.248510 113.673264 -12.052084 0.345260 -0.014572 6.048741 -0.019089
19.506094 -25.343323 -0.848473 1.251286 114.338593 -12.295931 0.344767 -0.049842 6.063618 -0.021030
19.640097 -25.498949 -0.964176 1.203875 115.096001 -12.577173 0.342077 -0.071080 6.082034 -0.020356
19.757099 -25.628716 -1.071584 1.153609 115.763153 -12.827419 0.339085 -0.067601 6.093283 -0.019036
19.890102 -25.761421 -1.182987 1.103918 116.522675 -13.115105 0.335959 -0.038548 6.115208 -0.016492
20.007105 -25.872053 -1.271270 1.053769 117.191833 -13.370962 0.333928 0.004540 6.128878 -0.017412
20.140108 -26.009031 -1.370065 0.953815 117.958633 -13.667157 0.334139 0.065044 6.137140 -0.018792
20.257111 -26.134113 -1.445811 0.824837 118.621971 -13.926855 0.336261 0.120757 6.139156 -0.019177
20.390114 -26.271933 -1.510289 0.660929 119.385994 -14.230473 0.340133 0.179104 6.135304 -0.017324
20.507116 -26.379436 -1.549665 0.539899 120.045265 -14.497025 0.343889 0.219732 6.126911 -0.016674
20.641119 -26.496172 -1.558133 0.447892 120.804260 -14.807108 0.348081 0.252969 6.110796 -0.015418
20.758121 -26.595758 -1.550933 0.321925 121.463943 -15.080932 0.354850 0.271278 6.099700 -0.015178
20.891125 -26.693697 -1.513487 0.132145 122.210251 -15.396569 0.364468 0.277509 6.087731 -0.012776
21.008125 -26.778915 -1.469735 -0.020796 122.875290 -15.682770 0.374019 0.264575 6.081165 -0.013392
21.141129 -26.868055 -1.463597 -0.173286 123.606003 -15.999939 0.385974 0.223948 6.083636 -0.011741
21.258131 -26.937109 -1.479903 -0.282407 124.257614 -16.285131 0.395948 0.163934 6.076046 -0.010415
21.391134 -27.015162 -1.532602 -0.353837 125.001671 -16.615480 0.406486 0.078842 6.077892 -0.009986
21.508137 -27.084641 -1.591210 -0.401332 125.644508 -16.906128 0.411840 0.001406 6.089485 -0.011238
21.642139 -27.181030 -1.688360 -0.363504 126.386742 -17.246290 0.414465 -0.086975 6.096801 -0.013284
21.758142 -27.273960 -1.785289 -0.292268 127.028923 -17.544922 0.413523 -0.165413 6.108178 -0.014095
21.892145 -27.379587 -1.902473 -0.259677 127.769928 -17.894449 0.408726 -0.258552 6.121096 -0.012549
22.008148 -27.459110 -2.006890 -0.222861 128.416992 -18.203625 0.401074 -0.334473 6.131769 -0.011887
22.142151 -27.553726 -2.127709 -0.205751 129.151291 -18.558662 0.391497 -0.396728 6.129662 -0.013329
22.258154 -27.646582 -2.225524 -0.165676 129.795639 -18.873505 0.382962 -0.419986 6.131803 -0.013817
22.392157 -27.761993 -2.337518 -0.135571 130.525330 -19.236948 0.372523 -0.411637 6.123986 -0.014655
22.509159 -27.855335 -2.434613 -0.082308 131.164566 -19.560896 0.364847 -0.380470 6.126046 -0.012583
22.626162 -27.928198 -2.513084 0.053260 131.801987 -19.888046 0.358640 -0.335685 6.120615 -0.009246
22.759165 -28.010338 -2.564810 0.313816 132.523972 -20.262697 0.356425 -0.272170 6.112249 -0.008551
22.876167 -28.079443 -2.580503 0.549298 133.156204 -20.596630 0.357915 -0.211755 6.109030 -0.009393
23.009171 -28.169952 -2.564089 0.801725 133.871704 -20.980635 0.361282 -0.143465 6.102911 -0.010384
23.126173 -28.242266 -2.527072 1.050817 134.498642 -21.321127 0.366501 -0.089038 6.093232 -0.008946
23.259176 -28.318674 -2.465668 1.375108 135.214127 -21.713650 0.372014 -0.026591 6.089495 -0.008099
23.376179 -28.384872 -2.411204 1.632357 135.831345 -22.056206 0.374421 0.031243 6.082046 -0.009144
23.509182 -28.462126 -2.328373 1.929904 136.542358 -22.455915 0.372279 0.101464 6.088346 -0.007943
23.626184 -28.530233 -2.250134 2.206856 137.161026 -22.809057 0.368659 0.152261 6.086298 -0.009501
23.760187 -28.614225 -2.155847 2.520088 137.862228 -23.211527 0.363896 0.184889 6.072827 -0.009763
23.876190 -28.688587 -2.064192 2.795739 138.476913 -23.566425 0.356505 0.193797 6.061068 -0.009793
24.010193 -28.799232 -1.962275 3.070358 139.173874 -23.972988 0.343212 0.203908 6.069081 -0.014772
24.127195 -28.906458 -1.857259 3.242523 139.785355 -24.333948 0.330437 0.229958 6.069071 -0.015402
24.260199 -29.031771 -1.745727 3.334699 140.478424 -24.746149 0.314321 0.282896 6.060985 -0.018096
24.377201 -29.163549 -1.666643 3.349119 141.086197 -25.110312 0.299462 0.335181 6.051087 -0.020858
24.510204 -29.336445 -1.575419 3.310429 141.779022 -25.530020 0.282251 0.386449 6.042144 -0.024237
24.627207 -29.503616 -1.493407 3.225623 142.377289 -25.894249 0.268579 0.415160 6.032715 -0.026113
24.760210 -29.719730 -1.372995 3.102680 143.066254 -26.314840 0.253399 0.426978 6.014582 -0.030325
24.877213 -29.927523 -1.255552 2.895912 143.665161 -26.682375 0.240928 0.408926 6.000663 -0.032454
25.011215 -30.175524 -1.149892 2.555392 144.344406 -27.099977 0.229972 0.342487 5.991933 -0.032655
25.128218 -30.395342 -1.074643 2.203170 144.941208 -27.467676 0.220762 0.242965 5.990964 -0.034995
25.261221 -30.675848 -1.004671 1.841410 145.619385 -27.885862 0.211961 0.096842 5.991310 -0.038843
25.377224 -30.943899 -0.942826 1.487657 146.215591 -28.253475 0.206462 -0.034747 5.983174 -0.042639
25.511227 -31.271566 -0.873037 1.076104 146.891998 -28.671911 0.202596 -0.168090 5.979938 -0.045085
25.628229 -31.570234 -0.836012 0.697910 147.485962 -29.041946 0.200178 -0.261076 5.981053 -0.046032
25.761232 -31.914227 -0.810987 0.335787 148.161240 -29.463465 0.196202 -0.346052 5.986008 -0.045425
25.878235 -32.222874 -0.774736 -0.009086 148.754471 -29.836107 0.191347 -0.408196 5.990330 -0.047583
26.011238 -32.577084 -0.740329 -0.381284 149.433624 -30.262705 0.185143 -0.474881 5.979941 -0.045523
26.128241 -32.890991 -0.704383 -0.668270 150.020844 -30.631414 0.177586 -0.525407 5.976281 -0.048914
26.261244 -33.277733 -0.646256 -1.029000 150.698868 -31.059820 0.166820 -0.559465 5.992059 -0.052397
26.378246 -33.631924 -0.592055 -1.400457 151.291321 -31.435211 0.158515 -0.546871 5.998384 -0.053556
26.512249 -34.034939 -0.514938 -1.742330 151.966217 -31.862635 0.147756 -0.469806 6.013291 -0.053069
26.629251 -34.390064 -0.437769 -2.002164 152.561050 -32.238167 0.137878 -0.354917 6.011620 -0.053817
26.762255 -34.818886 -0.355881 -2.333027 153.235168 -32.666260 0.126481 -0.202796 6.003597 -0.057086
26.879257 -35.194824 -0.277229 -2.633147 153.827332 -33.045116 0.117699 -0.076296 6.013596 -0.055576
27.012260 -35.620960 -0.172779 -2.973628 154.504776 -33.480892 0.109174 0.045956 6.012888 -0.054486
27.129263 -35.978203 -0.060199 -3.259981 155.091400 -33.858463 0.103789 0.136700 6.015036 -0.053334
27.262266 -36.382347 0.099805 -3.501047 155.768570 -34.294979 0.099273 0.232158 6.011729 -0.052543
27.379269 -36.735489 0.265427 -3.699152 156.353745 -34.674271 0.095384 0.306871 6.010507 -0.053578
27.512272 -37.134972 0.495115 -3.871414 157.029327 -35.113575 0.089211 0.371479 6.016765 -0.051126
27.629274 -37.477715 0.719181 -4.024506 157.618607 -35.498196 0.085619 0.402193 6.010636 -0.050932
27.763277 -37.865616 0.953589 -4.181026 158.287277 -35.936729 0.082723 0.408707 6.020539 -0.049276
27.879280 -38.203003 1.165621 -4.305184 158.876511 -36.323025 0.080193 0.399528 6.020127 -0.050252
28.013283 -38.601906 1.435383 -4.491632 159.545242 -36.764065 0.077154 0.379842 6.027715 -0.052143
28.130285 -38.967224 1.665081 -4.758658 160.133224 -37.152966 0.074473 0.349917 6.023626 -0.054231
28.263288 -39.394619 1.918548 -4.980670 160.801224 -37.593525 0.072328 0.290010 6.010782 -0.056471
28.380291 -39.777267 2.120265 -5.170449 161.387268 -37.980770 0.072287 0.212383 5.994574 -0.056970
28.514294 -40.214298 2.326944 -5.346625 162.062653 -38.426468 0.074057 0.114412 5.993271 -0.054110
28.631296 -40.578976 2.478109 -5.480340 162.642975 -38.809521 0.077830 0.048471 5.994667 -0.055039
28.764299 -41.010593 2.611948 -5.601775 163.314484 -39.252499 0.084112 0.012400 6.008224 -0.056439
28.881302 -41.400810 2.703220 -5.704985 163.896591 -39.635910 0.092010 0.005533 6.009329 -0.058494
29.015305 -41.858334 2.766075 -5.831161 164.569778 -40.079685 0.101579 -0.005229 6.022557 -0.059620
29.131308 -42.256313 2.792579 -5.946846 165.159622 -40.466816 0.109853 -0.037676 6.031262 -0.058081
29.265310 -42.701244 2.802082 -6.133636 165.830780 -40.908817 0.117209 -0.102776 6.051535 -0.056147
29.382313 -43.070400 2.801077 -6.298895 166.425110 -41.297512 0.124089 -0.173960 6.081277 -0.052525
29.515316 -43.484505 2.790473 -6.496962 167.108673 -41.742271 0.131936 -0.255823 6.092132 -0.052986
29.632318 -43.841839 2.778567 -6.634046 167.702225 -42.128330 0.137545 -0.318520 6.105693 -0.051499
29.765322 -44.242641 2.773800 -6.844142 168.388382 -42.574329 0.142885 -0.371607 6.109247 -0.050573
29.882324 -44.594959 2.788748 -7.043949 168.983475 -42.960094 0.146866 -0.393030 6.113898 -0.052181
30.015327 -45.010433 2.797918 -7.274288 169.671829 -43.405067 0.150180 -0.383062 6.118628 -0.050899
30.132330 -45.351269 2.829443 -7.510769 170.272995 -43.792725 0.153735 -0.347652 6.104284 -0.048180
30.266333 -45.718609 2.885971 -7.848912 170.952225 -44.233646 0.160014 -0.291746 6.083486 -0.044753
30.383335 -46.025681 2.952966 -8.151529 171.547867 -44.620934 0.166794 -0.239555 6.060285 -0.042154
30.516338 -46.356758 3.028036 -8.431224 172.223953 -45.058567 0.176726 -0.182767 6.051577 -0.041693
30.633341 -46.634922 3.086614 -8.662578 172.819565 -45.441719 0.187694 -0.132247 6.052900 -0.038305
30.766344 -46.934887 3.144189 -8.937875 173.496338 -45.875542 0.199838 -0.071430 6.039021 -0.036514
30.883347 -47.189510 3.197156 -9.202546 174.089371 -46.256340 0.210406 -0.014846 6.016334 -0.035586
31.016350 -47.474770 3.237767 -9.488309 174.762695 -46.690144 0.222399 0.045546 6.026432 -0.035128
31.133352 -47.709812 3.273895 -9.752386 175.359955 -47.076344 0.234458 0.093232 6.027527 -0.031249
31.266356 -47.956055 3.310664 -10.012654 176.031906 -47.511822 0.249664 0.140888 6.020605 -0.030019
31.383358 -48.165649 3.344068 -10.206459 176.618988 -47.891014 0.262966 0.182194 6.031067 -0.028978
31.517361 -48.380634 3.380629 -10.397753 177.297318 -48.329357 0.278745 0.234359 6.024321 -0.024950
31.633364 -48.537441 3.417296 -10.477696 177.889633 -48.710785 0.293151 0.284165 6.025030 -0.021637
31.767366 -48.687004 3.440351 -10.518755 178.563568 -49.145641 0.309246 0.340019 6.031065 -0.017073
31.883369 -48.784885 3.449924 -10.568267 179.156006 -49.529343 0.322871 0.382368 6.036601 -0.011235
32.001369 -48.841084 3.446415 -10.580735 179.749069 -49.913597 0.333937 0.413290 6.039922 -0.005944
32.134357 -48.888374 3.434266 -10.609350 180.423401 -50.351486 0.344581 0.429696 6.048623 -0.005727
32.251347 -48.915443 3.411650 -10.635621 181.017181 -50.738415 0.351945 0.424483 6.065693 -0.002215
32.384335 -48.921249 3.387751 -10.633364 181.692825 -51.180149 0.356913 0.393582 6.076937 -0.000325
32.501324 -48.910740 3.359235 -10.565164 182.288773 -51.568565 0.359963 0.343986 6.081988 0.002467
32.634312 -48.868210 3.315817 -10.491412 182.965759 -52.011486 0.364011 0.259168 6.084198 0.007408
32.751301 -48.809849 3.283491 -10.427461 183.561172 -52.402481 0.368790 0.161320 6.093524 0.009859
32.884289 -48.722145 3.251852 -10.278575 184.244171 -52.850033 0.376609 0.024357 6.095557 0.010811
33.001278 -48.621925 3.219158 -10.124292 184.840668 -53.241711 0.385736 -0.105778 6.100156 0.014421
33.135265 -48.483006 3.176993 -9.978128 185.519226 -53.689472 0.394881 -0.254783 6.118665 0.018441
33.252254 -48.337997 3.127364 -9.833310 186.117432 -54.085190 0.403877 -0.367846 6.136773 0.022042
33.385242 -48.152569 3.064633 -9.611111 186.798065 -54.537319 0.415199 -0.462422 6.149463 0.023378
33.501232 -47.985233 2.994238 -9.327106 187.397324 -54.937237 0.423947 -0.502531 6.162181 0.022151
33.635220 -47.787197 2.902951 -8.939500 188.079575 -55.395050 0.433901 -0.495245 6.192655 0.024782
33.752209 -47.593636 2.825543 -8.541246 188.681351 -55.801849 0.441837 -0.446243 6.222368 0.027463
33.885197 -47.345760 2.762130 -8.021847 189.369080 -56.267292 0.450085 -0.357147 6.261018 0.031064
34.002186 -47.103447 2.713138 -7.616580 189.975983 -56.681416 0.456714 -0.270176 6.289892 0.034608
34.135174 -46.793621 2.684170 -7.130861 190.672318 -57.159355 0.461966 -0.179858 6.312148 0.038666
34.252163 -46.500809 2.680041 -6.712544 191.277420 -57.575031 0.464905 -0.125060 6.336342 0.042040
34.385151 -46.135777 2.675784 -6.302790 191.976547 -58.060722 0.467125 -0.091298 6.369182 0.046452
34.502140 -45.803909 2.686989 -5.941685 192.590256 -58.488083 0.467425 -0.082870 6.404179 0.046887
34.636127 -45.417061 2.713628 -5.478721 193.292038 -58.975834 0.467244 -0.082652 6.438609 0.048489
34.752117 -45.067753 2.745989 -5.078618 193.911072 -59.407852 0.467224 -0.077773 6.469049 0.050730
34.886105 -44.649025 2.783857 -4.683694 194.618057 -59.903038 0.466809 -0.056476 6.502941 0.052010
35.003094 -44.279106 2.790241 -4.347902 195.242538 -60.341686 0.465239 -0.021588 6.539940 0.053163
35.136082 -43.853088 2.775950 -3.989046 195.955811 -60.844898 0.464036 0.033407 6.581777 0.054208
35.253071 -43.471661 2.751939 -3.636462 196.586273 -61.290829 0.464513 0.091227 6.615804 0.055639
35.386063 -43.024700 2.692825 -3.314797 197.310562 -61.805660 0.466566 0.167434 6.640765 0.056292
35.503052 -42.630085 2.625273 -3.083771 197.944061 -62.259750 0.468819 0.238953 6.675592 0.059321
35.636040 -42.170151 2.553967 -2.863352 198.666183 -62.781406 0.471080 0.317571 6.712527 0.059830
35.753029 -41.769901 2.490785 -2.743573 199.298737 -63.240883 0.473550 0.370226 6.756106 0.058683
35.887016 -41.319164 2.404146 -2.602567 200.033264 -63.776131 0.474108 0.401076 6.805540 0.057741
36.003006 -40.918617 2.299716 -2.397872 200.679123 -64.246040 0.475526 0.403743 6.844568 0.060015
36.136993 -40.467056 2.170527 -2.146793 201.417313 -64.784233 0.475174 0.389926 6.886040 0.057644
36.253983 -40.075535 2.031482 -2.002789 202.070114 -65.262276 0.472316 0.367981 6.939021 0.057958
36.386971 -39.609177 1.854760 -1.796885 202.816971 -65.809982 0.467922 0.324588 6.982922 0.062125
36.503960 -39.205284 1.684541 -1.628058 203.477997 -66.295479 0.462812 0.261614 7.026138 0.057749
36.637947 -38.760403 1.517543 -1.445732 204.238937 -66.855690 0.455693 0.168334 7.069373 0.057237
36.753937 -38.374786 1.379506 -1.228219 204.902039 -67.341888 0.449635 0.089139 7.104710 0.058021
36.886925 -37.913956 1.243763 -0.970539 205.672226 -67.906189 0.445837 0.019606 7.138177 0.059797
37.003914 -37.505798 1.169258 -0.799371 206.341568 -68.397301 0.444320 -0.027402 7.165686 0.061237
37.137901 -37.047462 1.152426 -0.702703 207.117813 -68.966240 0.444422 -0.090940 7.189645 0.059344
37.253891 -36.651539 1.175734 -0.549023 207.798935 -69.463600 0.446192 -0.169500 7.222902 0.057310
37.387878 -36.205925 1.242919 -0.299631 208.577789 -70.028702 0.451039 -0.271865 7.240487 0.058779
37.503868 -35.814354 1.345909 -0.092029 209.264175 -70.526237 0.457128 -0.347361 7.245969 0.056733
37.637856 -35.392792 1.515912 0.131524 210.046814 -71.091759 0.464667 -0.393252 7.268217 0.053765
37.754845 -35.021790 1.686173 0.374231 210.736847 -71.588867 0.468771 -0.398927 7.276867 0.055223
37.887833 -34.597912 1.895522 0.668882 211.529404 -72.157944 0.471420 -0.386292 7.283679 0.052642
38.004822 -34.255089 2.074410 0.773790 212.217484 -72.650513 0.471145 -0.375214 7.301607 0.049757
38.138809 -33.869270 2.260703 0.822213 213.016266 -73.218681 0.467307 -0.368217 7.324944 0.050408
38.254799 -33.537308 2.418082 0.807656 213.716141 -73.716141 0.460841 -0.360657 7.343579 0.048945
38.388786 -33.166687 2.568812 0.780908 214.514587 -74.279633 0.449662 -0.341194 7.353808 0.048858
38.504776 -32.842350 2.661928 0.791813 215.220200 -74.772491 0.436995 -0.310290 7.361478 0.048155
38.638763 -32.465736 2.735247 0.773533 216.025986 -75.328377 0.421626 -0.261013 7.362424 0.049554
38.755753 -32.145123 2.781125 0.765892 216.737549 -75.813560 0.409895 -0.205987 7.361920 0.048441
38.888741 -31.775454 2.797542 0.788788 217.548996 -76.362946 0.400151 -0.131031 7.374191 0.049010
39.005730 -31.452639 2.788708 0.873881 218.266357 -76.844070 0.395396 -0.052542 7.385525 0.048285
39.138718 -31.076529 2.742804 0.965679 219.083603 -77.391220 0.395007 0.050500 7.405271 0.048500
39.255707 -30.753832 2.694017 1.002574 219.804916 -77.872505 0.399362 0.151405 7.414671 0.047319
39.388695 -30.396559 2.623102 1.034292 220.634933 -78.422066 0.405950 0.269870 7.432771 0.045553
39.505684 -30.092117 2.541687 1.103597 221.356674 -78.895149 0.413955 0.366930 7.450084 0.045055
39.639671 -29.752024 2.439680 1.111922 222.195953 -79.440445 0.425843 0.459484 7.479097 0.042138
39.755661 -29.469873 2.368565 1.105146 222.931992 -79.915543 0.433898 0.516534 7.492462 0.041979
39.889648 -29.143772 2.313330 1.079711 223.772491 -80.453209 0.439897 0.550800 7.512523 0.043717
40.006638 -28.856621 2.300914 1.051263 224.515350 -80.925011 0.441696 0.554232 7.527933 0.042908
40.139626 -28.527565 2.321473 1.078947 225.364868 -81.457901 0.440379 0.532537 7.546513 0.042558
40.256615 -28.237415 2.394707 1.106866 226.117599 -81.923439 0.438107 0.498050 7.569283 0.043434
40.389603 -27.912088 2.526994 1.127032 226.977798 -82.449142 0.434874 0.450106 7.585595 0.042015
40.506592 -27.632784 2.694288 1.199352 227.739243 -82.907951 0.429912 0.403758 7.602764 0.040437
40.639580 -27.311089 2.934032 1.277909 228.615295 -83.428658 0.419567 0.340923 7.613169 0.042007
40.756569 -27.035961 3.161479 1.381926 229.377792 -83.875702 0.409377 0.269489 7.625089 0.040382
40.890556 -26.728346 3.465003 1.503605 230.262741 -84.388069 0.397663 0.156602 7.628344 0.039860
41.006546 -26.459629 3.771326 1.552511 231.037033 -84.831711 0.386278 0.032543 7.626518 0.039935
41.140533 -26.146894 4.153387 1.589130 231.921127 -85.331520 0.371655 -0.121844 7.632741 0.041927
41.256523 -25.856785 4.488151 1.649321 232.700943 -85.765266 0.359217 -0.252766 7.617318 0.042489
41.390511 -25.523071 4.849067 1.740910 233.588455 -86.252045 0.346883 -0.378819 7.610214 0.042567
41.507500 -25.233032 5.137371 1.835826 234.371445 -86.676292 0.336917 -0.466065 7.608741 0.042279
41.640488 -24.914551 5.422565 1.870080 235.263824 -87.152550 0.328942 -0.543098 7.603142 0.040729
41.757477 -24.651506 5.631983 1.863798 236.050400 -87.566887 0.324819 -0.593330 7.596398 0.039076
41.890465 -24.351801 5.816435 1.864322 236.953583 -88.036140 0.321670 -0.626768 7.586345 0.039229
42.007454 -24.105656 5.936795 1.787255 237.736206 -88.436378 0.320661 -0.626797 7.570545 0.037977
42.140442 -23.822966 6.006861 1.621289 238.641388 -88.893723 0.322174 -0.591616 7.569630 0.038896
42.257431 -23.582170 6.012600 1.435449 239.433716 -89.289627 0.323014 -0.538381 7.568758 0.038713
42.391418 -23.325012 5.954340 1.133772 240.334763 -89.735283 0.322829 -0.466984 7.553226 0.038074
42.507408 -23.108500 5.842245 0.854629 241.128799 -90.123398 0.321400 -0.398818 7.558681 0.036650
42.641396 -22.880264 5.676910 0.521609 242.035477 -90.560516 0.319412 -0.309392 7.574499 0.031992
42.758385 -22.692535 5.488809 0.273872 242.837875 -90.940399 0.316086 -0.217010 7.596570 0.032289
42.891373 -22.477938 5.271620 0.002880 243.755341 -91.367386 0.312002 -0.102931 7.619959 0.033591
43.008362 -22.287445 5.065639 -0.237347 244.567108 -91.740082 0.306269 -0.003600 7.646850 0.031045
43.125351 -22.096359 4.860654 -0.469094 245.384277 -92.108704 0.298581 0.090933 7.669464 0.030437
43.258339 -21.887953 4.635114 -0.729689 246.319931 -92.522964 0.286462 0.200876 7.707690 0.030211
43.375328 -21.713562 4.451631 -0.956629 247.148300 -92.883751 0.275810 0.301651 7.734294 0.028025
43.508316 -21.525513 4.278415 -1.236615 248.104309 -93.292854 0.265090 0.412322 7.778579 0.026714
43.625305 -21.360128 4.168535 -1.434423 248.937469 -93.643044 0.255200 0.481900 7.798365 0.027102
43.759293 -21.171434 4.136931 -1.618844 249.903519 -94.045052 0.245154 0.516278 7.811781 0.025237
43.875282 -21.020800 4.164078 -1.687175 250.749344 -94.391914 0.237695 0.509559 7.818490 0.022303
44.009270 -20.858360 4.261464 -1.736088 251.713440 -94.781387 0.229023 0.485503 7.817563 0.021915
44.125259 -20.716501 4.404836 -1.774826 252.562546 -95.119255 0.220049 0.472313 7.806243 0.022209
44.259247 -20.571436 4.628869 -1.847808 253.528549 -95.498047 0.210509 0.471988 7.789086 0.018653
44.376236 -20.459518 4.855880 -1.898111 254.377304 -95.824997 0.202240 0.471630 7.763668 0.016826
44.509224 -20.330322 5.117930 -1.923072 255.345688 -96.195076 0.187935 0.447043 7.713145 0.017181
44.626213 -20.228277 5.325624 -1.941131 256.179932 -96.511696 0.172229 0.399356 7.681646 0.014627
44.759201 -20.115364 5.537164 -1.907910 257.133331 -96.867538 0.152969 0.327238 7.624302 0.014491
44.876190 -20.023737 5.717993 -1.856461 257.967010 -97.174896 0.136576 0.264975 7.576926 0.012185
45.009178 -19.929356 5.914437 -1.802667 258.916840 -97.523323 0.118683 0.196411 7.530893 0.011574
45.126167 -19.843536 6.040658 -1.744271 259.742523 -97.822136 0.102938 0.126794 7.483447 0.012295
45.260155 -19.763590 6.116746 -1.710981 260.676208 -98.157600 0.085214 0.017105 7.437718 0.007994
45.376144 -19.709625 6.135081 -1.663109 261.493774 -98.447945 0.072181 -0.104177 7.398041 0.006699
45.510132 -19.657032 6.095822 -1.637662 262.419830 -98.772522 0.061904 -0.254837 7.364256 0.006286
45.626122 -19.623896 6.022502 -1.653100 263.232025 -99.052139 0.055896 -0.374935 7.326810 0.004792
45.760109 -19.603733 5.893294 -1.695607 264.150452 -99.366074 0.051390 -0.484498 7.273131 0.004324
45.877098 -19.592682 5.753953 -1.676252 264.955170 -99.636078 0.050421 -0.552349 7.244797 -0.000496
46.011089 -19.628710 5.577343 -1.653050 265.878754 -99.943253 0.053041 -0.602078 7.187304 -0.007116
46.128078 -19.680222 5.412198 -1.686777 266.667847 -100.204750 0.058802 -0.623848 7.152206 -0.008246
46.261066 -19.745974 5.207917 -1.781060 267.574402 -100.501198 0.067442 -0.624564 7.096344 -0.006636
46.378056 -19.817110 5.051420 -1.904362 268.354401 -100.754829 0.076930 -0.599042 7.055463 -0.009733
46.511044 -19.911005 4.879958 -2.029852 269.251678 -101.042442 0.087658 -0.531497 7.014952 -0.011675
46.628033 -20.011976 4.743377 -2.163021 270.031921 -101.290359 0.095859 -0.439972 6.984440 -0.014810
46.762020 -20.145779 4.587780 -2.301666 270.914917 -101.567558 0.100820 -0.315186 6.934965 -0.016517
46.879009 -20.270884 4.437552 -2.420821 271.687195 -101.807022 0.101708 -0.206479 6.892967 -0.017448
47.011997 -20.429155 4.247396 -2.598760 272.559753 -102.077644 0.098012 -0.102035 6.851872 -0.021059
47.129993 -20.600374 4.079964 -2.763945 273.337311 -102.317520 0.093053 -0.024315 6.829264 -0.025170
47.261982 -20.812637 3.899008 -2.907306 274.196747 -102.581909 0.085538 0.058503 6.793756 -0.027044
47.378971 -21.019695 3.757188 -3.061001 274.948120 -102.813683 0.079689 0.141723 6.769629 -0.031202
47.511959 -21.272377 3.603627 -3.245209 275.812042 -103.079735 0.073680 0.250321 6.728738 -0.031845
47.628952 -21.493776 3.473401 -3.389224 276.556366 -103.308136 0.069139 0.344354 6.699241 -0.032538
47.761944 -21.774187 3.327711 -3.544672 277.417206 -103.572647 0.064784 0.436110 6.651632 -0.035034
47.878933 -22.037540 3.210468 -3.657828 278.152740 -103.798393 0.063036 0.491781 6.620828 -0.041869
48.012924 -22.378389 3.082890 -3.806105 278.990997 -104.056519 0.064132 0.528805 6.574597 -0.044371
48.128914 -22.684919 3.000053 -3.854689 279.724487 -104.280510 0.066801 0.537705 6.537166 -0.047661
48.262901 -23.076714 2.928845 -3.906409 280.552704 -104.533997 0.070880 0.517904 6.494976 -0.053670
48.379890 -23.458591 2.872132 -3.928380 281.275391 -104.755928 0.075820 0.474438 6.440708 -0.057034
48.513882 -23.907822 2.828469 -3.891934 282.096436 -105.008461 0.082705 0.400974 6.387690 -0.060166
48.629871 -24.315706 2.793342 -3.825839 282.802063 -105.228058 0.088397 0.325148 6.355921 -0.063458
48.762863 -24.827332 2.742353 -3.763818 283.612823 -105.481796 0.095693 0.228970 6.326977 -0.069351
48.879852 -25.300270 2.698350 -3.712127 284.310699 -105.700005 0.102738 0.135595 6.282933 -0.072982
49.012840 -25.873278 2.652272 -3.650669 285.110840 -105.951401 0.110783 0.015834 6.240247 -0.076174
49.129833 -26.380701 2.615158 -3.607381 285.798340 -106.169586 0.115801 -0.093022 6.197513 -0.077010
49.263821 -26.968298 2.552863 -3.553308 286.586517 -106.422348 0.118663 -0.210446 6.155012 -0.075314
49.380810 -27.487339 2.507780 -3.544854 287.268280 -106.644875 0.118604 -0.295610 6.115297 -0.079096
49.513798 -28.117514 2.456954 -3.638704 288.037872 -106.900429 0.114997 -0.365681 6.080037 -0.083830
49.630787 -28.702419 2.405087 -3.764960 288.710083 -107.126122 0.108591 -0.399433 6.045454 -0.087924
49.763775 -29.388702 2.349012 -3.923142 289.468170 -107.383110 0.099834 -0.400678 6.002656 -0.090015
49.880764 -29.997894 2.293685 -4.157287 290.130585 -107.610931 0.092745 -0.369880 5.973662 -0.089398
50.013760 -30.699625 2.236464 -4.503767 290.877960 -107.872986 0.086199 -0.309798 5.938195 -0.092483
50.130749 -31.342148 2.189201 -4.855328 291.529205 -108.105553 0.083096 -0.250717 5.890141 -0.094891
50.263737 -32.082932 2.123891 -5.319042 292.266937 -108.374527 0.081669 -0.191119 5.838685 -0.095075
50.380730 -32.744949 2.069356 -5.722830 292.899750 -108.608849 0.080130 -0.146819 5.804861 -0.097848
50.517727 -33.520840 2.015501 -6.185614 293.624329 -108.881844 0.077403 -0.091293 5.755825 -0.099672
50.630718 -34.205032 1.977647 -6.655758 294.249207 -109.122513 0.077095 -0.027026 5.700887 -0.099404
50.764706 -34.969341 1.933663 -7.202959 294.951965 -109.398422 0.078564 0.063462 5.658042 -0.097567
50.881695 -35.642029 1.892887 -7.676512 295.565094 -109.642021 0.080039 0.143520 5.622703 -0.099261
51.014683 -36.406864 1.871754 -8.162725 296.255341 -109.919868 0.083595 0.207437 5.569857 -0.097744
51.131672 -37.086208 1.850077 -8.570407 296.856293 -110.166931 0.088866 0.225341 5.540559 -0.100505
51.264660 -37.862335 1.863046 -9.012884 297.532104 -110.452339 0.095725 0.205203 5.496688 -0.099901
51.381649 -38.549809 1.906459 -9.374898 298.119934 -110.706726 0.100966 0.163906 5.464672 -0.101167
51.515636 -39.342010 1.966380 -9.719269 298.787140 -110.999901 0.107895 0.108972 5.419533 -0.101505
51.631626 -40.026531 2.042827 -9.955050 299.358215 -111.256149 0.114194 0.065475 5.381480 -0.101175
51.764614 -40.814110 2.172447 -10.161847 300.010468 -111.554901 0.121781 0.030721 5.332342 -0.101217
51.881603 -41.504387 2.297112 -10.273785 300.572021 -111.819008 0.127106 0.019023 5.282688 -0.101599
52.015591 -42.278622 2.440758 -10.415985 301.202301 -112.123154 0.131381 0.024512 5.244767 -0.100937
52.131580 -42.952808 2.564349 -10.443477 301.750702 -112.393700 0.132878 0.036402 5.215502 -0.099070
52.265568 -43.705956 2.709399 -10.408411 302.369843 -112.703163 0.133007 0.042025 5.192953 -0.098985
52.382557 -44.365353 2.834244 -10.320213 302.909363 -112.977348 0.131360 0.034312 5.159046 -0.099232
52.515545 -45.109867 2.955190 -10.205364 303.516479 -113.292480 0.128998 0.009514 5.132259 -0.098699
52.632534 -45.766773 3.059468 -10.160934 304.046204 -113.573181 0.128433 -0.023787 5.116640 -0.097912
52.749523 -46.422394 3.164726 -10.154500 304.572876 -113.856720 0.128473 -0.063334 5.105988 -0.098572
52.882511 -47.183842 3.303008 -10.168123 305.168030 -114.182648 0.129620 -0.110997 5.099678 -0.100514
52.999500 -47.854980 3.400912 -10.285535 305.688568 -114.472733 0.133080 -0.147524 5.091699 -0.098395
53.132488 -48.620682 3.516616 -10.437531 306.282593 -114.808388 0.139632 -0.176508 5.091803 -0.099414
53.249477 -49.292812 3.619293 -10.593571 306.793823 -115.101631 0.147325 -0.183682 5.077728 -0.099801
53.382465 -50.076965 3.727547 -10.835527 307.380737 -115.443802 0.157794 -0.165064 5.063193 -0.100616
53.499454 -50.747398 3.812445 -11.037867 307.886078 -115.742577 0.170039 -0.125607 5.056422 -0.097377
53.633442 -51.513397 3.894078 -11.329737 308.466797 -116.089821 0.187929 -0.061535 5.048039 -0.096171
53.749432 -52.169216 3.957858 -11.585785 308.970917 -116.394920 0.205536 -0.008761 5.032339 -0.094529
53.883419 -52.895496 4.015429 -11.905437 309.540955 -116.744751 0.226084 0.030854 5.028807 -0.091387
54.000412 -53.522327 4.054622 -12.176006 310.040771 -117.054703 0.244389 0.047608 5.026395 -0.090022
54.133400 -54.218689 4.066957 -12.506476 310.606049 -117.411804 0.264989 0.068400 5.025144 -0.088287
54.250389 -54.820774 4.042285 -12.801628 311.100769 -117.729851 0.281821 0.107063 5.038245 -0.084818
54.383377 -55.498718 3.969391 -13.171731 311.667786 -118.097771 0.299434 0.180340 5.047310 -0.084789
54.500366 -56.071529 3.867711 -13.459898 312.158417 -118.418762 0.313585 0.252451 5.060557 -0.082368
54.633354 -56.716415 3.737469 -13.762654 312.724823 -118.790627 0.328591 0.319211 5.049378 -0.079864
54.750343 -57.254482 3.625285 -14.126638 313.212616 -119.115501 0.340384 0.342676 5.056140 -0.076363
54.884331 -57.848751 3.487277 -14.561297 313.776581 -119.494469 0.352916 0.320524 5.080802 -0.071337
55.000320 -58.334461 3.389110 -14.940904 314.267822 -119.829048 0.363045 0.258762 5.075923 -0.067868
55.134308 -58.850613 3.310802 -15.304181 314.824677 -120.211586 0.374391 0.150310 5.082925 -0.063900
55.251297 -59.283535 3.261146 -15.578938 315.314301 -120.549568 0.385999 0.039330 5.087319 -0.060912
55.384285 -59.744526 3.226338 -15.880304 315.869934 -120.936234 0.401581 -0.082860 5.088072 -0.056912
55.501274 -60.142857 3.203447 -16.100969 316.358063 -121.277840 0.415860 -0.168348 5.091690 -0.056987
55.634262 -60.576885 3.206615 -16.319273 316.915283 -121.671150 0.432453 -0.239916 5.086728 -0.052907
55.751251 -60.919811 3.232172 -16.525959 317.394836 -122.013123 0.447742 -0.284435 5.071468 -0.048325
55.884239 -61.295273 3.249744 -16.789837 317.945801 -122.410591 0.464502 -0.327478 5.070758 -0.045688
56.001228 -61.593945 3.239212 -16.947895 318.421844 -122.757317 0.477574 -0.355154 5.084565 -0.042075
56.135216 -61.899376 3.207126 -16.989941 318.971283 -123.159241 0.489979 -0.366377 5.077545 -0.036137
56.251205 -62.123589 3.170804 -17.003832 319.449310 -123.512421 0.499489 -0.347409 5.084519 -0.031438
56.385193 -62.348160 3.088175 -16.964411 319.991821 -123.915543 0.509744 -0.293963 5.075986 -0.028078
56.501183 -62.510555 2.975184 -16.847729 320.467438 -124.271202 0.516144 -0.228820 5.073078 -0.023192
56.635170 -62.664085 2.824244 -16.641273 321.005157 -124.677826 0.522516 -0.146041 5.064102 -0.019965
56.752159 -62.777840 2.679774 -16.488913 321.475128 -125.038239 0.527120 -0.068761 5.065759 -0.017319
56.885147 -62.875439 2.498674 -16.266140 322.007172 -125.451118 0.532988 0.025726 5.066124 -0.011102
57.002136 -62.924103 2.332941 -16.062889 322.472900 -125.816704 0.539422 0.113397 5.052897 -0.007189
57.135124 -62.941307 2.127931 -15.782228 323.001495 -126.239067 0.548888 0.206043 5.050037 -0.001472
57.252113 -62.922676 1.950914 -15.469289 323.457123 -126.608475 0.556863 0.265591 5.056991 0.002059
57.386101 -62.867897 1.740119 -15.028486 323.981079 -127.040398 0.562783 0.296365 5.074241 0.007086
57.502090 -62.795498 1.578354 -14.609683 324.435120 -127.422745 0.565061 0.289714 5.068654 0.009182
57.636078 -62.681992 1.408837 -14.037579 324.948761 -127.860977 0.565970 0.257495 5.081182 0.015945
57.752068 -62.545895 1.250028 -13.431361 325.398804 -128.250153 0.566635 0.222527 5.086177 0.020241
57.886055 -62.343777 1.080401 -12.656626 325.907379 -128.698669 0.563657 0.190623 5.102540 0.027075
58.003044 -62.131001 0.929848 -11.939735 326.351227 -129.097900 0.558041 0.172483 5.103756 0.032696
58.136032 -61.837242 0.742149 -11.095421 326.851837 -129.557159 0.550234 0.161780 5.117391 0.039432
58.253021 -61.536125 0.571661 -10.280170 327.289978 -129.967133 0.540794 0.156652 5.130942 0.045991
58.386009 -61.145222 0.381753 -9.227580 327.787476 -130.443405 0.527702 0.148982 5.144177 0.052899
58.502998 -60.766098 0.219813 -8.212003 328.213531 -130.862579 0.513953 0.137512 5.159739 0.058255
58.636990 -60.284950 0.015483 -6.937995 328.702179 -131.354294 0.496180 0.114128 5.184890 0.065089
58.752979 -59.831879 -0.175200 -5.809174 329.125092 -131.791122 0.481021 0.083380 5.205827 0.069561
58.886967 -59.283302 -0.422920 -4.473586 329.602081 -132.296295 0.462712 0.035921 5.242449 0.075245
59.002956 -58.770447 -0.662363 -3.244174 330.019348 -132.748367 0.443712 -0.017837 5.272299 0.080568
59.136944 -58.162304 -0.969517 -1.826438 330.489990 -133.271912 0.419744 -0.088337 5.307086 0.084226
59.253933 -57.598652 -1.264181 -0.562426 330.900116 -133.741745 0.397761 -0.151635 5.342927 0.089779
59.386921 -56.929684 -1.611050 0.888950 331.361359 -134.286194 0.372851 -0.213869 5.379046 0.094466
59.503910 -56.309856 -1.941673 2.176317 331.763611 -134.773560 0.352420 -0.254214 5.417380 0.101902
59.636906 -55.571171 -2.322422 3.636403 332.219604 -135.341095 0.332257 -0.284046 5.448554 0.104139
59.755898 -54.927269 -2.642605 4.894832 332.612823 -135.839737 0.316955 -0.298979 5.488694 0.105805
59.887886 -54.166618 -2.999035 6.302646 333.062775 -136.426041 0.300000 -0.305568 5.532414 0.109612
60.003880 -53.490570 -3.270818 7.428868 333.451691 -136.946320 0.288855 -0.300232 5.564926 0.110215
