1.20 1.10 20 64
0.140000 0.017158 -0.136870 -0.009077 1.018870 -0.001601 -0.135609 -0.143287 6.583147 0.003227
0.257000 0.025935 -0.409564 -0.054716 1.774910 -0.004816 -0.083979 -0.256447 6.475919 -0.000852
0.391000 0.020806 -0.878550 -0.065539 2.633159 -0.009660 0.019280 -0.377617 6.358947 -0.001825
0.507000 0.009807 -1.385795 -0.149575 3.371187 -0.012746 0.133991 -0.459181 6.270193 -0.003211
0.641000 -0.018105 -2.057111 -0.293452 4.199377 -0.017439 0.277665 -0.518715 6.194460 -0.004380
0.758000 -0.034711 -2.727791 -0.423437 4.921871 -0.022459 0.403392 -0.546384 6.168674 -0.002716
0.891000 -0.036469 -3.549502 -0.548214 5.742124 -0.028061 0.531282 -0.551465 6.172986 -0.000323
1.008000 -0.030747 -4.288342 -0.639221 6.466330 -0.033992 0.619793 -0.525901 6.203765 0.000640
1.142000 -0.011622 -5.122355 -0.736262 7.301792 -0.039763 0.684251 -0.453227 6.260824 0.001532
1.258000 0.001249 -5.800665 -0.841663 8.031205 -0.044159 0.706095 -0.357109 6.310776 0.000573
1.392000 0.018295 -6.466291 -0.932416 8.880195 -0.050820 0.691951 -0.228594 6.351707 0.001117
1.508000 0.033626 -6.881230 -0.990729 9.617483 -0.055730 0.649611 -0.120879 6.355476 0.000907
1.641999 0.041349 -7.151588 -1.025883 10.467155 -0.064206 0.573840 -0.010949 6.323937 0.000084
1.757999 0.043053 -7.167748 -1.043081 11.202396 -0.072782 0.490481 0.074884 6.251094 -0.001293
1.891999 0.044715 -6.918374 -1.099936 12.026440 -0.083668 0.388428 0.165312 6.150134 0.000724
2.007999 0.048413 -6.480432 -1.082980 12.737263 -0.094203 0.303787 0.236592 6.017607 0.001601
2.125999 0.052244 -5.850805 -1.072636 13.432721 -0.105484 0.230759 0.293224 5.893083 0.000458
2.258999 0.049185 -4.972071 -1.069914 14.203735 -0.119802 0.168848 0.336207 5.722552 -0.000540
2.392998 0.029935 -4.017607 -1.003998 14.953304 -0.134445 0.132065 0.355836 5.573365 -0.002720
2.508998 0.009967 -3.181582 -0.914368 15.597125 -0.146027 0.122691 0.357758 5.452287 -0.002954
2.625998 -0.009650 -2.412111 -0.854825 16.228609 -0.159078 0.130561 0.349050 5.361632 -0.001713
2.758998 -0.027624 -1.673964 -0.820641 16.938768 -0.175670 0.158578 0.327255 5.262408 -0.002649
2.875998 -0.045229 -1.192406 -0.814868 17.545303 -0.192884 0.191675 0.300827 5.210604 -0.001827
3.009998 -0.065811 -0.845424 -0.823782 18.240582 -0.213736 0.233394 0.261914 5.180410 -0.003778
3.125998 -0.086427 -0.745675 -0.823580 18.840509 -0.230296 0.268415 0.220275 5.171075 -0.002667
3.259998 -0.102119 -0.841258 -0.726135 19.533361 -0.246748 0.304009 0.158879 5.175848 -0.001080
3.375998 -0.119168 -1.087958 -0.580185 20.140251 -0.259560 0.327672 0.093631 5.196807 -0.002375
3.509997 -0.147959 -1.555871 -0.409789 20.834579 -0.274697 0.343620 0.011555 5.240099 -0.004157
3.626997 -0.182373 -2.104337 -0.212692 21.449945 -0.287559 0.345629 -0.055562 5.276881 -0.004005
3.759997 -0.219420 -2.820904 0.071461 22.160801 -0.302028 0.333751 -0.117461 5.325463 -0.004390
3.876997 -0.270684 -3.490983 0.337787 22.780264 -0.316758 0.314524 -0.153299 5.352721 -0.006463
4.009997 -0.354267 -4.249607 0.610772 23.500601 -0.334759 0.283389 -0.179710 5.394207 -0.010555
4.126997 -0.437435 -4.839236 0.845937 24.127630 -0.348796 0.254517 -0.194309 5.414804 -0.010521
4.259998 -0.551084 -5.371902 1.080466 24.854568 -0.365015 0.225155 -0.205745 5.429274 -0.013305
4.376998 -0.663758 -5.661967 1.225131 25.483612 -0.379061 0.204919 -0.210162 5.422044 -0.014655
4.509999 -0.801362 -5.748274 1.323536 26.209435 -0.397644 0.191946 -0.206639 5.412053 -0.016559
4.626999 -0.921818 -5.619727 1.412304 26.840654 -0.413413 0.190414 -0.195550 5.384007 -0.017827
4.761000 -1.077342 -5.248672 1.458568 27.553143 -0.431807 0.198913 -0.174348 5.332483 -0.020923
4.878001 -1.220591 -4.755476 1.485286 28.173267 -0.447767 0.212254 -0.153476 5.276717 -0.022270
5.011001 -1.390776 -4.080399 1.477017 28.871540 -0.467641 0.230649 -0.138248 5.232174 -0.021366
5.128002 -1.529601 -3.405159 1.507807 29.480742 -0.486068 0.244913 -0.139132 5.187444 -0.020316
5.262002 -1.689806 -2.615164 1.494250 30.166206 -0.507117 0.255703 -0.153294 5.132278 -0.020618
5.378002 -1.835238 -1.957877 1.453598 30.764673 -0.525201 0.256990 -0.162392 5.108173 -0.022970
5.511003 -2.013537 -1.286875 1.341563 31.446835 -0.546984 0.244827 -0.150306 5.081201 -0.024478
5.628003 -2.182408 -0.787682 1.221147 32.040375 -0.566118 0.222920 -0.118133 5.070531 -0.026811
5.762004 -2.385482 -0.346059 1.096272 32.713772 -0.587842 0.188560 -0.066830 5.062744 -0.027747
5.878004 -2.569622 -0.086585 0.949216 33.305973 -0.605750 0.154149 -0.018660 5.065621 -0.027617
6.012005 -2.784233 0.070596 0.733082 33.979801 -0.626197 0.111735 0.039897 5.073952 -0.027863
6.128005 -2.974479 0.089804 0.546354 34.574078 -0.645551 0.074633 0.098833 5.088374 -0.027907
6.262005 -3.192184 0.004605 0.366325 35.251862 -0.666988 0.035603 0.176157 5.106083 -0.028848
6.379006 -3.380236 -0.144125 0.234504 35.849884 -0.685294 0.008482 0.243060 5.123266 -0.027781
6.512006 -3.593914 -0.363428 0.067389 36.538422 -0.707170 -0.010939 0.305654 5.155079 -0.029245
6.629007 -3.792755 -0.576249 -0.144021 37.138367 -0.727340 -0.015523 0.341066 5.186944 -0.029977
6.762007 -4.025411 -0.806210 -0.364738 37.835571 -0.751385 -0.007134 0.361758 5.222083 -0.031653
6.879008 -4.232935 -0.971658 -0.503156 38.443432 -0.772389 0.011616 0.365220 5.256112 -0.031298
7.012008 -4.464685 -1.120628 -0.643011 39.149250 -0.798747 0.043098 0.354946 5.282997 -0.030358
7.129009 -4.664043 -1.204996 -0.737213 39.768322 -0.825081 0.076781 0.332911 5.306066 -0.030312
7.263010 -4.906263 -1.211827 -0.868837 40.475208 -0.855971 0.116026 0.289944 5.329950 -0.032126
7.379010 -5.122701 -1.137733 -0.987819 41.099201 -0.883364 0.148456 0.236380 5.348199 -0.033218
7.513011 -5.366529 -0.977460 -1.106720 41.810932 -0.914821 0.177232 0.157417 5.362690 -0.030676
7.630011 -5.567047 -0.791562 -1.133720 42.437820 -0.942879 0.191572 0.076260 5.369183 -0.029388
7.763011 -5.803771 -0.533367 -1.127501 43.152191 -0.973819 0.193798 -0.028924 5.383132 -0.031120
7.880012 -6.007753 -0.278413 -1.111223 43.786861 -1.002106 0.184008 -0.127075 5.381470 -0.029266
8.013013 -6.248569 0.021045 -1.091298 44.502220 -1.036141 0.160297 -0.235510 5.386000 -0.032914
8.130013 -6.469601 0.294177 -1.052725 45.126854 -1.065895 0.131681 -0.313251 5.391135 -0.034279
8.264014 -6.732376 0.586221 -0.998969 45.848171 -1.101027 0.093828 -0.370569 5.388617 -0.033962
8.381014 -6.964163 0.806210 -0.900300 46.483082 -1.133490 0.058923 -0.386175 5.389457 -0.034142
8.515015 -7.206620 1.007564 -0.808208 47.198685 -1.172031 0.021430 -0.369226 5.390026 -0.031478
8.631015 -7.429696 1.146347 -0.721047 47.828388 -1.206002 -0.006399 -0.335692 5.392893 -0.033562
8.765016 -7.671704 1.279336 -0.630082 48.545036 -1.243534 -0.031246 -0.294329 5.395977 -0.031730
8.882016 -7.884835 1.368578 -0.592288 49.175697 -1.279019 -0.043757 -0.269325 5.400224 -0.031328
9.015017 -8.121576 1.458087 -0.570653 49.892735 -1.322409 -0.047369 -0.261824 5.405707 -0.031754
9.132017 -8.334908 1.532654 -0.556732 50.525135 -1.362563 -0.039995 -0.267176 5.420190 -0.032222
9.265018 -8.575405 1.622791 -0.553983 51.250629 -1.411354 -0.018792 -0.267199 5.429919 -0.032526
9.382018 -8.789549 1.703708 -0.658771 51.879688 -1.454583 0.006831 -0.245564 5.435325 -0.031555
9.515018 -9.043277 1.782594 -0.792855 52.606819 -1.505327 0.039471 -0.188907 5.445251 -0.034034
9.632019 -9.277827 1.837020 -0.914701 53.244175 -1.551128 0.067224 -0.116561 5.471324 -0.034732
9.766020 -9.554255 1.882339 -1.008113 53.971294 -1.603930 0.095650 -0.020145 5.486658 -0.037140
9.882020 -9.811600 1.911665 -1.128934 54.613361 -1.651943 0.115840 0.070193 5.514585 -0.038106
10.016021 -10.110684 1.936903 -1.199302 55.347435 -1.707016 0.130368 0.169001 5.552023 -0.039530
10.133021 -10.370692 1.950927 -1.215256 55.997269 -1.756978 0.132835 0.241330 5.581491 -0.038904
10.266022 -10.675450 1.995456 -1.296111 56.739601 -1.816446 0.125092 0.296626 5.610352 -0.039543
10.383022 -10.952010 2.041035 -1.420315 57.395279 -1.872137 0.110884 0.324094 5.637088 -0.041005
10.516023 -11.267670 2.119667 -1.613469 58.149445 -1.938384 0.087849 0.345713 5.659522 -0.040975
10.633023 -11.542552 2.210982 -1.817585 58.810978 -1.999025 0.063736 0.368562 5.690639 -0.038921
10.766024 -11.836327 2.346640 -2.068340 59.566391 -2.070540 0.036143 0.396485 5.711334 -0.036132
10.883024 -12.084553 2.498282 -2.319823 60.226589 -2.135722 0.014724 0.407990 5.726136 -0.035424
11.017025 -12.381989 2.696234 -2.639889 60.989712 -2.214127 -0.002424 0.388935 5.726177 -0.037609
11.133025 -12.658951 2.873983 -2.914364 61.655888 -2.284501 -0.010623 0.341758 5.724687 -0.040235
11.267026 -12.977733 3.074924 -3.239175 62.412785 -2.367020 -0.012404 0.268862 5.721030 -0.040238
11.383026 -13.263135 3.235587 -3.482876 63.077957 -2.440139 -0.006057 0.201984 5.717641 -0.040928
11.517027 -13.593525 3.414921 -3.707709 63.832458 -2.525325 0.007656 0.132614 5.705025 -0.041932
11.634027 -13.880839 3.528555 -3.777949 64.494759 -2.602522 0.022471 0.075345 5.695472 -0.042280
11.751028 -14.172885 3.623012 -3.799334 65.155861 -2.682668 0.039770 0.018284 5.687918 -0.043192
11.884028 -14.508075 3.694703 -3.812272 65.906960 -2.776299 0.060576 -0.048497 5.692125 -0.045031
12.001029 -14.809580 3.716430 -3.809105 66.568153 -2.861385 0.077536 -0.102485 5.702847 -0.045182
12.134029 -15.171674 3.709798 -3.770166 67.325256 -2.962058 0.094921 -0.156097 5.700684 -0.049167
12.251030 -15.507168 3.655434 -3.744428 67.980164 -3.052299 0.104189 -0.197601 5.702859 -0.050889
12.384030 -15.908008 3.560104 -3.679689 68.738235 -3.159595 0.108112 -0.249890 5.720359 -0.054541
12.501031 -16.275961 3.461033 -3.567622 69.396507 -3.254596 0.105963 -0.300501 5.741851 -0.056506
12.635032 -16.714848 3.363528 -3.497339 70.158821 -3.367875 0.098237 -0.358359 5.759919 -0.057491
12.751032 -17.090845 3.274195 -3.473257 70.827225 -3.469177 0.089026 -0.393107 5.786955 -0.055941
12.885033 -17.520817 3.179037 -3.429888 71.588646 -3.587852 0.074711 -0.402902 5.799529 -0.057737
13.001033 -17.915369 3.121508 -3.382793 72.260735 -3.695178 0.063338 -0.383667 5.826584 -0.061002
13.135034 -18.380487 3.104269 -3.275730 73.026070 -3.820422 0.053489 -0.335144 5.831406 -0.061958
13.252034 -18.789209 3.119714 -3.150075 73.699501 -3.933697 0.049019 -0.275540 5.839437 -0.061995
13.385035 -19.251213 3.195975 -2.991696 74.464081 -4.064947 0.048396 -0.191950 5.831862 -0.062346
13.502035 -19.660204 3.296007 -2.829398 75.135178 -4.181961 0.050224 -0.113429 5.811676 -0.062045
13.635036 -20.122944 3.445981 -2.762143 75.900307 -4.321324 0.057286 -0.024501 5.800024 -0.060510
13.752036 -20.523270 3.588209 -2.714054 76.565971 -4.447815 0.066715 0.046915 5.786477 -0.060296
13.885036 -20.984068 3.759642 -2.645830 77.320534 -4.594942 0.078489 0.126961 5.776081 -0.060992
14.002037 -21.385754 3.910255 -2.652729 77.981255 -4.726611 0.088170 0.195532 5.748488 -0.061096
14.136038 -21.846933 4.073297 -2.754099 78.728310 -4.879865 0.097999 0.264245 5.722977 -0.059151
14.252038 -22.260302 4.170446 -2.913116 79.382545 -5.017374 0.105164 0.301086 5.711479 -0.059961
14.386039 -22.732927 4.238598 -3.088071 80.125053 -5.176967 0.112406 0.303985 5.712144 -0.061296
14.503039 -23.151917 4.272480 -3.289085 80.777336 -5.320409 0.116372 0.273185 5.705547 -0.059930
14.636040 -23.627728 4.278593 -3.550137 81.518044 -5.485180 0.116675 0.212069 5.705777 -0.060219
14.753040 -24.053583 4.247015 -3.764372 82.169601 -5.632330 0.114113 0.145043 5.710383 -0.061817
14.886041 -24.555214 4.188763 -4.026400 82.916229 -5.803963 0.110796 0.059502 5.718536 -0.063347
15.003041 -24.998144 4.107049 -4.327076 83.562119 -5.955730 0.107658 -0.012056 5.719889 -0.063799
15.136042 -25.510317 4.004770 -4.715905 84.308449 -6.135522 0.104961 -0.079613 5.740168 -0.064788
15.253041 -25.977810 3.909141 -5.029861 84.954796 -6.294235 0.104555 -0.111948 5.739334 -0.067888
15.387042 -26.535582 3.798249 -5.420769 85.700859 -6.480650 0.108665 -0.118252 5.738805 -0.068893
15.503042 -27.020292 3.723361 -5.745967 86.351143 -6.645721 0.114906 -0.104909 5.732280 -0.069367
15.637043 -27.574795 3.649204 -6.082102 87.088676 -6.836889 0.124106 -0.082214 5.724427 -0.069479
15.754044 -28.059208 3.570924 -6.346159 87.735710 -7.007778 0.133673 -0.063477 5.720406 -0.069159
15.887044 -28.619791 3.497586 -6.621602 88.468857 -7.207171 0.146385 -0.041397 5.708254 -0.072343
16.004044 -29.124853 3.455537 -6.822825 89.111938 -7.386882 0.156822 -0.014148 5.706997 -0.074273
16.137047 -29.719076 3.424380 -7.012581 89.840996 -7.594463 0.166414 0.035904 5.695757 -0.076922
16.254049 -30.255266 3.442831 -7.171649 90.479843 -7.780558 0.174013 0.092777 5.680439 -0.078593
16.388052 -30.863789 3.471500 -7.306537 91.207466 -7.998365 0.182144 0.155630 5.658446 -0.077151
16.504055 -31.398386 3.499495 -7.424251 91.839119 -8.191365 0.187090 0.186839 5.639577 -0.078915
16.638058 -32.026001 3.536128 -7.547524 92.552917 -8.413815 0.190942 0.181412 5.609138 -0.081749
16.754061 -32.589897 3.537389 -7.671811 93.176018 -8.612903 0.192418 0.150045 5.578923 -0.082936
16.888063 -33.222713 3.522957 -7.835359 93.879822 -8.842870 0.191098 0.108206 5.551123 -0.080397
17.004066 -33.768707 3.520480 -7.990849 94.494690 -9.048647 0.188609 0.084233 5.536883 -0.080582
17.138069 -34.382133 3.524585 -8.149436 95.190620 -9.286308 0.187936 0.071218 5.521363 -0.079206
17.255072 -34.917561 3.517573 -8.243991 95.798882 -9.499172 0.189370 0.062523 5.501490 -0.079026
17.388075 -35.521545 3.488813 -8.323621 96.484993 -9.747528 0.192036 0.044854 5.479171 -0.077792
17.505077 -36.054386 3.460517 -8.409122 97.090302 -9.973836 0.197218 0.020853 5.474587 -0.077719
17.638081 -36.649147 3.452333 -8.487891 97.769554 -10.234539 0.204178 -0.011230 5.470104 -0.076832
17.755083 -37.165161 3.442591 -8.477610 98.359756 -10.466221 0.212696 -0.037880 5.458801 -0.078229
17.889086 -37.762287 3.408971 -8.410436 99.037788 -10.738285 0.223892 -0.063413 5.449392 -0.078533
18.006088 -38.278610 3.378527 -8.406143 99.628403 -10.979998 0.234611 -0.078263 5.454989 -0.076961
18.139091 -38.875443 3.337116 -8.335128 100.298248 -11.258435 0.244766 -0.090791 5.453741 -0.078613
18.256094 -39.403950 3.286085 -8.238406 100.885681 -11.507279 0.252870 -0.103990 5.453370 -0.080400
18.389097 -40.015785 3.235520 -8.128089 101.551079 -11.794844 0.261190 -0.128489 5.444603 -0.081013
18.506100 -40.555141 3.207381 -8.105222 102.133125 -12.052148 0.268151 -0.158516 5.434445 -0.080107
18.639103 -41.165623 3.177448 -8.091234 102.795982 -12.352233 0.274568 -0.196855 5.429068 -0.079881
18.756105 -41.704796 3.151836 -8.106526 103.367363 -12.617012 0.278198 -0.226905 5.427512 -0.080639
18.889109 -42.311539 3.124751 -8.122989 104.024536 -12.928596 0.280661 -0.256504 5.424361 -0.078430
19.006111 -42.827724 3.098669 -8.125129 104.590454 -13.203558 0.281480 -0.277587 5.425050 -0.076549
19.140114 -43.410675 3.040385 -8.106241 105.242416 -13.525817 0.279012 -0.294218 5.429060 -0.075990
19.258116 -43.901676 2.994733 -8.099347 105.809937 -13.811467 0.276443 -0.294111 5.430371 -0.072300
19.390118 -44.466770 2.936361 -8.167074 106.451195 -14.142673 0.274746 -0.266270 5.427508 -0.074230
19.507120 -44.963051 2.875565 -8.265329 107.013748 -14.438384 0.273392 -0.210222 5.436363 -0.073936
19.640123 -45.520977 2.790520 -8.296744 107.652061 -14.778552 0.273223 -0.115684 5.439230 -0.072953
19.757126 -46.005066 2.736666 -8.316600 108.211952 -15.081237 0.274565 -0.018173 5.439174 -0.071665
19.890129 -46.545624 2.690451 -8.337011 108.846283 -15.428735 0.277903 0.087437 5.431798 -0.070995
20.007132 -47.030273 2.653570 -8.415043 109.401001 -15.737806 0.282363 0.164515 5.426443 -0.071147
20.140135 -47.581989 2.625728 -8.557455 110.028381 -16.092617 0.287469 0.233119 5.410510 -0.071337
20.257137 -48.055737 2.609264 -8.677316 110.577057 -16.408257 0.291439 0.284193 5.408225 -0.068572
20.391140 -48.579189 2.608939 -8.773231 111.201302 -16.773975 0.293928 0.336212 5.393788 -0.067443
20.508142 -49.036556 2.637479 -8.834408 111.742821 -17.095470 0.296378 0.374408 5.376430 -0.067603
20.641146 -49.554443 2.685452 -9.012891 112.353096 -17.464190 0.300519 0.404565 5.347973 -0.065767
20.758148 -50.004364 2.741004 -9.175858 112.885445 -17.791391 0.303230 0.418151 5.327773 -0.065625
20.891151 -50.518864 2.800894 -9.419374 113.485466 -18.166914 0.306711 0.421609 5.316599 -0.065983
21.008154 -50.974468 2.817879 -9.662569 114.009483 -18.499588 0.309538 0.414694 5.297987 -0.064991
21.141157 -51.483463 2.803710 -9.948207 114.600395 -18.879887 0.311829 0.391460 5.274668 -0.064583
21.258160 -51.924061 2.768717 -10.182636 115.115448 -19.217924 0.314372 0.351053 5.256323 -0.063902
21.392162 -52.422691 2.713263 -10.428551 115.700600 -19.609282 0.314248 0.278237 5.248752 -0.063376
21.508165 -52.854557 2.643378 -10.599650 116.203415 -19.950890 0.313963 0.193667 5.234701 -0.064076
21.641169 -53.360630 2.558214 -10.828125 116.780396 -20.348694 0.313861 0.080105 5.226992 -0.064839
21.759171 -53.789455 2.479901 -11.064447 117.276451 -20.696367 0.313571 -0.022852 5.219405 -0.061393
21.892174 -54.254871 2.412946 -11.321381 117.845306 -21.101734 0.313674 -0.137485 5.208662 -0.057640
22.009176 -54.655746 2.348886 -11.514828 118.339714 -21.458233 0.315493 -0.231095 5.209086 -0.058315
22.142179 -55.099026 2.290021 -11.718361 118.899406 -21.866379 0.318593 -0.331100 5.208283 -0.055641
22.259182 -55.475666 2.224191 -11.938196 119.388237 -22.229246 0.321973 -0.415616 5.201194 -0.053867
22.392185 -55.876141 2.156951 -12.087220 119.942459 -22.644348 0.326643 -0.502940 5.212278 -0.049283
22.509188 -56.197121 2.115355 -12.123702 120.427551 -23.012163 0.332436 -0.562094 5.202158 -0.046722
22.642191 -56.540733 2.087054 -12.072852 120.976028 -23.433165 0.341408 -0.595181 5.196177 -0.044657
22.759193 -56.834541 2.057649 -12.013096 121.454948 -23.807142 0.348685 -0.589092 5.191725 -0.043423
22.876196 -57.114754 2.037709 -11.937678 121.930847 -24.184343 0.354798 -0.554089 5.188618 -0.041006
23.009199 -57.404026 2.024682 -11.808270 122.473480 -24.620401 0.361877 -0.488182 5.199466 -0.035439
23.126202 -57.624981 2.022820 -11.655951 122.941368 -25.001465 0.366660 -0.415848 5.202185 -0.033699
23.259205 -57.855999 2.014519 -11.499145 123.477531 -25.446463 0.367805 -0.311208 5.199825 -0.028813
23.376207 -58.024254 2.019947 -11.305840 123.937859 -25.836739 0.365835 -0.203345 5.202767 -0.025390
23.509211 -58.197140 2.021366 -11.034039 124.465683 -26.293400 0.361812 -0.063782 5.212185 -0.022457
23.626213 -58.326115 2.016338 -10.817856 124.925247 -26.695543 0.359413 0.051797 5.223661 -0.019066
23.760216 -58.450676 2.013497 -10.553654 125.445999 -27.157335 0.355434 0.161376 5.238520 -0.016975
23.877218 -58.552017 1.997963 -10.307806 125.902237 -27.568024 0.350626 0.234002 5.253238 -0.016356
24.010221 -58.647617 1.985043 -10.011375 126.419754 -28.039970 0.346562 0.304027 5.271280 -0.012751
24.127224 -58.719627 1.970426 -9.732223 126.872978 -28.459995 0.342441 0.366066 5.287244 -0.012800
24.260227 -58.792458 1.935174 -9.397989 127.385078 -28.943205 0.337540 0.443358 5.300388 -0.009846
24.377230 -58.843674 1.908264 -9.085399 127.832817 -29.373329 0.334132 0.510541 5.311978 -0.008726
24.511232 -58.895405 1.871781 -8.675930 128.344452 -29.871889 0.331058 0.577613 5.346947 -0.008171
24.627235 -58.939877 1.859111 -8.247416 128.786407 -30.308014 0.327856 0.619761 5.359000 -0.008195
24.760239 -58.982555 1.830710 -7.766363 129.295090 -30.818489 0.323714 0.645362 5.388511 -0.006428
24.877241 -59.004009 1.785138 -7.349890 129.737549 -31.270130 0.319641 0.640953 5.415715 -0.004273
25.011244 -59.022621 1.710767 -6.866120 130.238953 -31.790411 0.313826 0.596342 5.446978 -0.005895
25.127247 -59.050415 1.610229 -6.354050 130.679550 -32.252926 0.308714 0.516374 5.468793 -0.006141
25.261250 -59.077030 1.490442 -5.763185 131.179169 -32.783890 0.303896 0.376158 5.489698 -0.004596
25.378252 -59.093082 1.373167 -5.257148 131.615570 -33.256832 0.300698 0.224279 5.515507 -0.003640
25.511255 -59.105438 1.204809 -4.676000 132.110550 -33.801849 0.297274 0.036992 5.550909 -0.002647
25.628258 -59.098541 1.048399 -4.099513 132.548950 -34.291309 0.293990 -0.118269 5.579595 0.000320
25.761261 -59.076553 0.893614 -3.526581 133.039734 -34.850746 0.289183 -0.274655 5.610057 0.002158
25.879263 -59.030922 0.752858 -2.982499 133.473633 -35.353615 0.283900 -0.394246 5.640147 0.006161
26.013266 -58.990917 0.616109 -2.370843 133.960419 -35.926498 0.276595 -0.512430 5.665148 0.003711
26.129269 -58.963638 0.508106 -1.905907 134.386246 -36.437229 0.270126 -0.593436 5.695046 0.003918
26.263271 -58.928101 0.386603 -1.433130 134.869308 -37.024933 0.263740 -0.648512 5.737036 0.005283
26.379274 -58.880898 0.294349 -1.003423 135.294540 -37.548294 0.257420 -0.659869 5.785415 0.007628
26.513277 -58.825195 0.213181 -0.537140 135.778519 -38.149879 0.250424 -0.639104 5.817802 0.005459
26.630280 -58.791470 0.146514 -0.184918 136.202118 -38.684517 0.244583 -0.605515 5.842237 0.005598
26.763283 -58.738808 0.078703 0.139974 136.684937 -39.305065 0.239017 -0.556669 5.884313 0.007350
26.880285 -58.686428 0.044840 0.356657 137.102295 -39.847794 0.236556 -0.506433 5.917524 0.008553
27.013288 -58.615406 0.038247 0.525789 137.584259 -40.481365 0.237295 -0.431031 5.953405 0.009836
27.130291 -58.552254 0.068292 0.631832 137.999542 -41.034885 0.240191 -0.350533 5.974783 0.009030
27.264294 -58.487949 0.139688 0.667394 138.478226 -41.679581 0.243045 -0.241223 6.004952 0.007235
27.381296 -58.436188 0.231379 0.626669 138.895615 -42.247719 0.244752 -0.137811 6.041057 0.008430
27.514299 -58.374149 0.361346 0.480886 139.369812 -42.898083 0.247169 -0.014251 6.066621 0.008299
27.630302 -58.323421 0.443213 0.286450 139.786438 -43.474483 0.250384 0.095543 6.096129 0.008315
27.764305 -58.270798 0.550013 0.011223 140.261765 -44.135410 0.254098 0.222774 6.135398 0.006162
27.881308 -58.236237 0.669034 -0.333384 140.679840 -44.721699 0.258044 0.332181 6.168432 0.004761
28.014311 -58.220123 0.794754 -0.856054 141.156143 -45.392307 0.262866 0.450648 6.195969 0.002427
28.131313 -58.216457 0.907030 -1.284727 141.576324 -45.984531 0.268324 0.540068 6.215516 0.000889
28.264317 -58.217628 1.015851 -1.789371 142.058533 -46.665340 0.276141 0.619536 6.235527 0.000416
28.381319 -58.212578 1.088810 -2.207812 142.477661 -47.257008 0.284310 0.664893 6.261143 0.002035
28.514322 -58.206799 1.150544 -2.695684 142.964264 -47.942940 0.295494 0.691243 6.293181 0.001305
28.631325 -58.203739 1.187477 -3.059960 143.391602 -48.544258 0.305912 0.687960 6.314963 0.001179
28.765327 -58.208572 1.212019 -3.443838 143.878754 -49.230503 0.320146 0.647467 6.339578 0.000703
28.881330 -58.209694 1.196399 -3.719262 144.309799 -49.836735 0.333700 0.574771 6.369273 0.000681
29.015333 -58.202461 1.147303 -3.952362 144.803146 -50.528164 0.348919 0.454900 6.400268 0.002494
29.131336 -58.184429 1.089651 -4.101201 145.240051 -51.139900 0.361243 0.327393 6.441524 0.004048
29.265339 -58.156857 1.018769 -4.174941 145.743042 -51.838043 0.375757 0.172919 6.485917 0.004187
29.382341 -58.133450 0.949308 -4.179154 146.189072 -52.454189 0.388431 0.035210 6.514709 0.003604
29.515345 -58.110855 0.866807 -4.057461 146.698944 -53.157558 0.400611 -0.116590 6.542235 0.002685
29.632347 -58.094727 0.783795 -3.907474 147.149063 -53.779633 0.409765 -0.240399 6.571168 0.001239
29.765350 -58.096340 0.690393 -3.686210 147.667465 -54.494637 0.418157 -0.360669 6.604850 -0.002257
29.882353 -58.113155 0.587782 -3.410765 148.119507 -55.116665 0.422838 -0.442463 6.644181 -0.002125
30.016356 -58.118298 0.488392 -3.066290 148.644791 -55.838047 0.425903 -0.512233 6.669090 -0.000038
30.132359 -58.116714 0.421730 -2.764163 149.104324 -56.470322 0.427603 -0.558828 6.688350 -0.000146
30.266361 -58.103333 0.377601 -2.366898 149.627518 -57.190964 0.428257 -0.599221 6.705122 0.002356
30.383364 -58.085575 0.344998 -1.952917 150.090393 -57.826202 0.429137 -0.618311 6.726720 0.003100
30.516367 -58.059982 0.303582 -1.464065 150.620850 -58.549496 0.430333 -0.607892 6.757901 0.003234
30.633369 -58.042225 0.263123 -1.023185 151.089767 -59.186012 0.429951 -0.562297 6.755105 0.002681
30.766373 -58.016918 0.228233 -0.554806 151.627060 -59.914673 0.429263 -0.471955 6.759782 0.002686
30.883375 -57.999119 0.186568 -0.168516 152.092209 -60.546764 0.427878 -0.372669 6.766865 0.003352
31.016378 -57.977425 0.135532 0.226752 152.628799 -61.278954 0.428043 -0.249715 6.778114 0.003437
31.133381 -57.958122 0.090148 0.561840 153.093399 -61.913177 0.429983 -0.142021 6.775826 0.002347
31.266384 -57.943775 0.048059 0.885327 153.630188 -62.644718 0.434435 -0.019807 6.767110 0.001708
31.383387 -57.912872 0.008349 1.149735 154.098602 -63.283051 0.439433 0.081228 6.763223 0.007504
31.517389 -57.859550 -0.044627 1.483043 154.630234 -64.008293 0.446871 0.182479 6.766657 0.007227
31.634392 -57.807579 -0.095120 1.757483 155.096298 -64.648262 0.454971 0.256182 6.766966 0.008456
31.767395 -57.721218 -0.160510 1.985065 155.623749 -65.378052 0.465774 0.322921 6.774456 0.013354
31.884398 -57.624626 -0.229362 2.138585 156.087479 -66.022453 0.473193 0.368053 6.787816 0.014203
32.001400 -57.532364 -0.306413 2.234879 156.551010 -66.667961 0.479356 0.401118 6.798037 0.013226
32.134388 -57.424637 -0.389433 2.265552 157.077133 -67.404160 0.482354 0.425272 6.804911 0.015002
32.251377 -57.325039 -0.450389 2.273954 157.539337 -68.052567 0.481477 0.436100 6.804380 0.014833
32.384365 -57.207558 -0.524044 2.267889 158.063553 -68.788986 0.477918 0.437153 6.791372 0.014969
32.501354 -57.097980 -0.591196 2.229307 158.521912 -69.437332 0.473604 0.427067 6.780418 0.016453
32.634342 -56.960403 -0.672097 2.162259 159.043427 -70.180122 0.466175 0.400808 6.773919 0.019057
32.751331 -56.829201 -0.737804 2.156282 159.493622 -70.822746 0.458113 0.366134 6.759554 0.020307
32.884319 -56.670132 -0.835182 2.094060 160.009750 -71.566498 0.447191 0.314898 6.754879 0.020809
33.001308 -56.530518 -0.928842 1.970963 160.453903 -72.211472 0.434923 0.260857 6.748771 0.021795
33.135296 -56.344997 -1.052484 1.864723 160.964355 -72.957634 0.420183 0.179537 6.740672 0.024788
33.251286 -56.176334 -1.163186 1.808141 161.407135 -73.610146 0.406313 0.090087 6.738681 0.025740
33.385273 -55.979225 -1.290394 1.838728 161.906952 -74.352226 0.388729 -0.030242 6.722501 0.025533
33.502262 -55.803997 -1.403999 1.899525 162.341721 -75.006950 0.373230 -0.138477 6.713933 0.026841
33.635250 -55.585030 -1.510631 2.035252 162.831512 -75.752495 0.354789 -0.254930 6.703224 0.031841
33.752239 -55.371452 -1.576706 2.200222 163.259674 -76.409225 0.338715 -0.344488 6.703535 0.033300
33.885227 -55.125156 -1.625295 2.337147 163.741699 -77.157867 0.321411 -0.432728 6.688553 0.033998
34.002216 -54.890747 -1.628617 2.507711 164.161530 -77.815468 0.306836 -0.494197 6.654834 0.036793
34.135204 -54.609158 -1.611830 2.661604 164.638382 -78.567383 0.290970 -0.540064 6.632011 0.037736
34.252193 -54.358345 -1.586613 2.754692 165.049393 -79.223862 0.276952 -0.547890 6.615346 0.036407
34.386181 -54.080547 -1.527026 2.913543 165.515335 -79.968094 0.260822 -0.513071 6.590881 0.036799
34.502171 -53.836189 -1.450476 3.101722 165.923599 -80.621246 0.246282 -0.446935 6.575427 0.036758
34.636158 -53.571182 -1.333256 3.299498 166.384232 -81.361320 0.230371 -0.344333 6.543300 0.034540
34.753147 -53.350571 -1.220510 3.416623 166.786514 -82.010284 0.215311 -0.248011 6.512530 0.031154
34.886135 -53.130852 -1.103499 3.513995 167.240753 -82.746513 0.197004 -0.143432 6.492972 0.027950
35.003124 -52.957253 -1.008411 3.583618 167.637878 -83.391937 0.182269 -0.062011 6.466385 0.025193
35.136112 -52.766319 -0.906321 3.683152 168.087738 -84.122635 0.166857 0.026102 6.444778 0.024678
35.253101 -52.612167 -0.829042 3.725298 168.483398 -84.762611 0.154916 0.102985 6.423304 0.021946
35.386089 -52.443947 -0.745254 3.726686 168.935135 -85.493950 0.143320 0.195857 6.406179 0.022457
35.503078 -52.309605 -0.668745 3.681799 169.327911 -86.131012 0.136310 0.274232 6.389617 0.019214
35.636066 -52.182259 -0.577149 3.514211 169.774292 -86.853149 0.131136 0.349081 6.381741 0.014219
35.753056 -52.084293 -0.505931 3.383350 170.168304 -87.486900 0.127949 0.390305 6.373335 0.014035
35.887043 -51.970047 -0.451535 3.301974 170.617844 -88.204163 0.128200 0.406316 6.359351 0.014732
36.003033 -51.884533 -0.404283 3.218993 171.014465 -88.832329 0.130365 0.403398 6.343439 0.012318
36.137020 -51.797928 -0.377549 3.065506 171.466415 -89.544426 0.135425 0.395364 6.339851 0.011292
36.254009 -51.707695 -0.371159 2.927532 171.865829 -90.168327 0.142564 0.387386 6.327205 0.013592
36.386997 -51.630234 -0.378031 2.752653 172.321472 -90.875320 0.152488 0.367027 6.324457 0.008183
36.503986 -51.575325 -0.373037 2.601109 172.723862 -91.495575 0.161219 0.331005 6.317444 0.008254
36.636974 -51.509789 -0.376513 2.492602 173.188492 -92.201958 0.173474 0.271668 6.308490 0.009599
36.753963 -51.445744 -0.378176 2.429955 173.595673 -92.817787 0.186102 0.218297 6.312564 0.010214
36.886951 -51.378407 -0.375948 2.321319 174.060684 -93.515907 0.202538 0.166203 6.303694 0.007503
37.003941 -51.336349 -0.341253 2.154477 174.470856 -94.128365 0.217656 0.125930 6.295991 0.006253
37.137928 -51.300217 -0.304706 2.050807 174.940765 -94.821434 0.234204 0.069369 6.298135 0.003699
37.253918 -51.272163 -0.277571 2.008311 175.356552 -95.429626 0.248783 0.003679 6.293334 0.004867
37.387905 -51.243504 -0.236187 1.927941 175.829834 -96.119949 0.265477 -0.086265 6.292375 0.002629
37.504894 -51.225800 -0.187398 1.879567 176.247559 -96.726883 0.279073 -0.164425 6.295405 0.002202
37.637882 -51.198376 -0.149501 1.886890 176.722702 -97.415535 0.291984 -0.245349 6.287492 0.004383
37.754871 -51.183670 -0.127300 1.917595 177.141357 -98.021133 0.301180 -0.309762 6.293608 0.000683
37.887859 -51.187653 -0.117606 1.852183 177.621368 -98.715225 0.309341 -0.386206 6.301494 -0.001146
38.004848 -51.193691 -0.138584 1.793988 178.038269 -99.315582 0.315626 -0.454050 6.304723 -0.001152
38.137840 -51.207565 -0.170142 1.682154 178.518295 -100.011604 0.319708 -0.526059 6.303300 -0.002715
38.254829 -51.235680 -0.208692 1.622959 178.937622 -100.618202 0.321957 -0.569457 6.300666 -0.004682
38.388817 -51.284317 -0.281887 1.573497 179.414291 -101.306313 0.324450 -0.588237 6.286851 -0.006711
38.505806 -51.332764 -0.360216 1.555418 179.834671 -101.909828 0.326185 -0.574015 6.283545 -0.008635
38.638794 -51.420704 -0.445992 1.536309 180.312454 -102.595451 0.329363 -0.518670 6.284341 -0.011953
38.755783 -51.504555 -0.522993 1.545254 180.732147 -103.198669 0.334072 -0.436296 6.277705 -0.012750
38.888771 -51.616070 -0.607007 1.565402 181.207306 -103.884834 0.340885 -0.308921 6.273193 -0.015581
39.005760 -51.726925 -0.677447 1.578942 181.623215 -104.490028 0.348221 -0.183442 6.275187 -0.017790
39.138748 -51.894165 -0.738818 1.567252 182.097641 -105.184219 0.356422 -0.036545 6.275518 -0.024654
39.255737 -52.069740 -0.781386 1.586492 182.507248 -105.786430 0.361228 0.083512 6.281576 -0.027443
39.388725 -52.299797 -0.817579 1.616710 182.980438 -106.482651 0.366032 0.215210 6.285581 -0.032124
39.505714 -52.537720 -0.838336 1.592857 183.392685 -107.092003 0.368204 0.320012 6.290372 -0.037546
39.639702 -52.842522 -0.827119 1.556216 183.859711 -107.785469 0.364597 0.423507 6.286773 -0.041004
39.755692 -53.133793 -0.786215 1.502735 184.269058 -108.397079 0.357509 0.498380 6.294578 -0.045204
39.889679 -53.494884 -0.708324 1.444821 184.732269 -109.093170 0.344195 0.560504 6.281547 -0.048691
40.006668 -53.838188 -0.622169 1.433930 185.139755 -109.704399 0.329500 0.588899 6.276354 -0.053088
40.139656 -54.263897 -0.485439 1.405306 185.606094 -110.404472 0.311711 0.586417 6.275637 -0.057366
40.256645 -54.664684 -0.337559 1.377765 186.009583 -111.009827 0.295583 0.560395 6.266531 -0.061858
40.389633 -55.162899 -0.140241 1.335609 186.474243 -111.708855 0.276838 0.520519 6.259386 -0.066824
40.506622 -55.613930 0.034856 1.274843 186.876114 -112.313240 0.259411 0.486471 6.251246 -0.068891
40.639610 -56.169827 0.221684 1.236120 187.340118 -113.010582 0.242373 0.440940 6.251475 -0.074757
40.756599 -56.683311 0.396609 1.163128 187.745148 -113.620216 0.230651 0.380515 6.256107 -0.077102
40.890587 -57.286003 0.627389 0.958808 188.205490 -114.312592 0.220501 0.283702 6.250412 -0.079436
41.006577 -57.835407 0.826683 0.731734 188.610275 -114.921013 0.212446 0.184720 6.244845 -0.082401
41.140564 -58.475895 1.022044 0.433485 189.069031 -115.612000 0.205692 0.071713 6.232294 -0.085546
41.257553 -59.062885 1.160904 0.138010 189.471771 -116.219666 0.202430 -0.029296 6.230296 -0.088034
41.390541 -59.751587 1.273363 -0.251107 189.929947 -116.910767 0.199765 -0.155588 6.239188 -0.090524
41.507534 -60.394508 1.340388 -0.664255 190.338348 -117.523361 0.200242 -0.278473 6.236500 -0.097065
41.640522 -61.156635 1.377716 -1.162099 190.799484 -118.213272 0.202198 -0.409409 6.239193 -0.099144
41.757511 -61.825096 1.385129 -1.618440 191.203217 -118.814453 0.203378 -0.499258 6.246166 -0.098904
41.890499 -62.608910 1.366182 -2.239489 191.670609 -119.509148 0.203370 -0.563096 6.248754 -0.100461
42.007488 -63.281239 1.325151 -2.831361 192.076080 -120.110039 0.204451 -0.588200 6.251040 -0.098543
42.141476 -64.050003 1.257467 -3.550349 192.545227 -120.803902 0.203821 -0.589678 6.247547 -0.099082
42.257465 -64.719429 1.169623 -4.237486 192.955521 -121.409012 0.202855 -0.567760 6.245693 -0.097324
42.391453 -65.478172 1.050543 -5.017651 193.421875 -122.095619 0.200448 -0.513531 6.237194 -0.097174
42.507442 -66.150833 0.955761 -5.707095 193.831558 -122.697739 0.197911 -0.442951 6.211965 -0.098917
42.641430 -66.899521 0.851968 -6.439723 194.295853 -123.378754 0.194365 -0.347558 6.183138 -0.096116
42.758419 -67.544968 0.803193 -7.086837 194.701782 -123.974937 0.192023 -0.262521 6.148208 -0.092874
42.891407 -68.256035 0.771664 -7.785548 195.160645 -124.648315 0.189522 -0.176589 6.105688 -0.090424
43.008396 -68.857819 0.761019 -8.356475 195.561722 -125.236359 0.187419 -0.113754 6.064782 -0.087827
43.125385 -69.437088 0.766226 -8.875800 195.960114 -125.820290 0.185009 -0.058768 6.021460 -0.084258
43.258373 -70.064659 0.795957 -9.439468 196.407700 -126.479012 0.184342 0.007388 5.961959 -0.078632
43.376366 -70.588669 0.851061 -9.909378 196.800049 -127.058441 0.186213 0.076851 5.910564 -0.074171
43.510353 -71.142166 0.935179 -10.367053 197.238983 -127.710320 0.190104 0.170577 5.836068 -0.068719
43.626343 -71.596977 1.064996 -10.675329 197.616684 -128.275284 0.196761 0.254023 5.780035 -0.064850
43.760334 -72.083229 1.218264 -10.934611 198.039948 -128.913101 0.207056 0.339072 5.735126 -0.060777
43.876324 -72.471672 1.365301 -11.141218 198.406097 -129.470779 0.217848 0.395846 5.682723 -0.054262
44.010311 -72.862167 1.534783 -11.312427 198.815811 -130.100861 0.230781 0.442311 5.629893 -0.047793
44.126301 -73.173698 1.676619 -11.428288 199.171158 -130.651825 0.243129 0.467991 5.587413 -0.044358
44.260288 -73.488914 1.802873 -11.500284 199.570160 -131.275482 0.258000 0.481742 5.554312 -0.038989
44.377277 -73.735901 1.889848 -11.495695 199.916687 -131.823441 0.269308 0.476676 5.532800 -0.034617
44.510265 -73.987015 1.945384 -11.454852 200.306473 -132.446671 0.280314 0.448578 5.523937 -0.031755
44.627254 -74.179184 1.960687 -11.376179 200.647629 -132.995102 0.288501 0.402408 5.521326 -0.027143
44.761242 -74.367783 1.967739 -11.237804 201.034271 -133.623413 0.298349 0.321098 5.501527 -0.022868
44.877232 -74.498680 1.967387 -11.076921 201.366119 -134.168442 0.306190 0.231231 5.501299 -0.017899
45.011219 -74.610664 1.935265 -10.861112 201.746231 -134.799652 0.312782 0.113294 5.496461 -0.013288
45.127209 -74.687500 1.883650 -10.653296 202.074692 -135.353348 0.316585 0.013185 5.509005 -0.011347
45.261196 -74.752457 1.799957 -10.365407 202.448074 -135.985428 0.319972 -0.090510 5.522951 -0.007649
45.378185 -74.778656 1.707959 -10.094202 202.776611 -136.543488 0.322133 -0.170942 5.550817 -0.002917
45.511173 -74.774902 1.587031 -9.769633 203.150162 -137.181137 0.324238 -0.254862 5.564792 0.001861
45.628166 -74.726295 1.464824 -9.471268 203.477997 -137.744720 0.325315 -0.318919 5.582707 0.010305
45.761154 -74.627823 1.319198 -9.018549 203.851196 -138.387787 0.327608 -0.373057 5.592140 0.012995
45.878143 -74.523155 1.193344 -8.568546 204.177780 -138.955734 0.330834 -0.394531 5.602587 0.016002
46.011131 -74.356010 1.038524 -8.040017 204.549332 -139.609070 0.336848 -0.384547 5.616237 0.023420
46.128120 -74.163139 0.915558 -7.624847 204.870148 -140.176941 0.344689 -0.346954 5.629417 0.030513
46.261108 -73.896515 0.812605 -7.124863 205.239532 -140.836288 0.356198 -0.275414 5.649317 0.036414
46.378098 -73.618813 0.744137 -6.632796 205.563385 -141.413788 0.366726 -0.196876 5.666586 0.043505
46.512089 -73.264542 0.676563 -6.109015 205.931396 -142.073380 0.378662 -0.103336 5.686353 0.048010
46.628078 -72.918114 0.605290 -5.632178 206.256027 -142.656189 0.387912 -0.034666 5.714300 0.052161
46.762066 -72.483009 0.510073 -5.042907 206.625381 -143.322662 0.396537 0.017095 5.736648 0.058552
46.879055 -72.080002 0.407818 -4.586017 206.947754 -143.912964 0.402935 0.037818 5.756646 0.061564
47.012043 -71.589935 0.283207 -4.007696 207.317825 -144.592911 0.410127 0.045221 5.794499 0.065317
47.129032 -71.135223 0.173287 -3.508429 207.637024 -145.186432 0.415426 0.048699 5.820061 0.069243
47.262020 -70.592911 0.036822 -2.951361 208.003418 -145.877884 0.422004 0.051580 5.856908 0.072439
47.379009 -70.087181 -0.108134 -2.446662 208.319443 -146.481628 0.426012 0.046574 5.887490 0.078322
47.511997 -69.470367 -0.306027 -1.798402 208.683212 -147.184387 0.429897 0.022920 5.922135 0.082425
47.628986 -68.911507 -0.501619 -1.223570 208.995621 -147.798004 0.431369 -0.007430 5.954842 0.086931
47.762974 -68.240189 -0.747249 -0.541527 209.352539 -148.514709 0.429594 -0.034800 5.991097 0.089507
47.878963 -67.632538 -0.980068 0.079546 209.660675 -149.146225 0.426709 -0.035360 6.018041 0.094997
48.012951 -66.915825 -1.239261 0.864658 210.008179 -149.870468 0.421620 -0.006860 6.058683 0.096390
48.129940 -66.283653 -1.467037 1.578593 210.309860 -150.514236 0.414336 0.031841 6.088257 0.097039
48.262928 -65.549362 -1.715911 2.456351 210.647568 -151.251801 0.403071 0.074729 6.107824 0.101717
48.379917 -64.889923 -1.918815 3.263257 210.939194 -151.905396 0.392149 0.105358 6.124874 0.102884
48.512905 -64.149666 -2.156774 4.184346 211.264908 -152.653412 0.379663 0.136554 6.138091 0.099938
48.629898 -63.523964 -2.355354 5.012858 211.545166 -153.314499 0.369971 0.162109 6.139631 0.097166
48.762886 -62.827503 -2.534258 5.992861 211.862137 -154.073257 0.363248 0.181048 6.135472 0.093867
48.879875 -62.243092 -2.650329 6.783958 212.131958 -154.731903 0.360896 0.178974 6.136939 0.092303
49.012863 -61.586990 -2.730774 7.593342 212.438461 -155.494049 0.360428 0.151558 6.127206 0.088647
49.129852 -61.030663 -2.741592 8.225051 212.701675 -156.159637 0.361836 0.111324 6.104500 0.086224
49.263840 -60.440926 -2.642683 8.801968 212.995392 -156.913513 0.363901 0.057694 6.071929 0.076584
49.379829 -59.982189 -2.484792 9.171104 213.250351 -157.573715 0.363156 0.010338 6.031434 0.066542
49.513817 -59.526375 -2.229229 9.446279 213.538834 -158.324738 0.358317 -0.033128 5.983693 0.057211
49.630806 -59.184875 -1.955365 9.564863 213.785797 -158.970627 0.352064 -0.048031 5.945592 0.048535
49.763794 -58.851788 -1.605872 9.501912 214.066864 -159.712433 0.340916 -0.024411 5.901882 0.039466
49.880783 -58.632408 -1.274092 9.302855 214.307983 -160.350845 0.328079 0.025045 5.863677 0.028393
50.013771 -58.458977 -0.872929 8.932121 214.584579 -161.083466 0.309109 0.083194 5.829876 0.018215
50.130760 -58.366337 -0.528286 8.513753 214.823181 -161.713013 0.288402 0.100872 5.788441 0.008818
50.264748 -58.341488 -0.140314 7.940402 215.099319 -162.433685 0.259285 0.063270 5.741212 -0.001169
50.380737 -58.382397 0.179071 7.326367 215.341370 -163.057648 0.229421 -0.010025 5.707328 -0.008926
50.514725 -58.487812 0.508352 6.500100 215.617386 -163.762375 0.195286 -0.104735 5.677994 -0.014873
50.631714 -58.626396 0.743168 5.639525 215.862289 -164.378937 0.165044 -0.172838 5.661801 -0.021224
50.764702 -58.833664 0.959675 4.610012 216.145050 -165.075562 0.131991 -0.217241 5.648602 -0.027307
50.881691 -59.050884 1.088592 3.673396 216.398148 -165.685638 0.107815 -0.226803 5.646512 -0.033340
51.014679 -59.355888 1.176505 2.542545 216.692047 -166.384506 0.085938 -0.211968 5.664664 -0.038780
51.131668 -59.646397 1.234322 1.534005 216.949249 -166.990601 0.071298 -0.184553 5.681390 -0.042503
51.265656 -60.024769 1.262601 0.360356 217.251923 -167.692200 0.061243 -0.143541 5.717660 -0.047843
51.381645 -60.373116 1.245746 -0.617658 217.519409 -168.300354 0.059751 -0.102617 5.736835 -0.048590
51.515633 -60.779408 1.208324 -1.710212 217.835068 -169.004883 0.066194 -0.048685 5.781146 -0.050558
51.631622 -61.145424 1.185803 -2.623587 218.116440 -169.622498 0.078466 0.003123 5.817579 -0.053308
51.765610 -61.571758 1.151689 -3.604660 218.441956 -170.328751 0.095509 0.059148 5.870612 -0.053436
51.881599 -61.947018 1.113331 -4.392922 218.734283 -170.953644 0.113070 0.095930 5.916867 -0.054201
52.015587 -62.369434 1.075210 -5.127426 219.075043 -171.667831 0.134514 0.117266 5.972059 -0.053512
52.132576 -62.739681 1.059164 -5.623940 219.383286 -172.299103 0.154141 0.122573 6.020303 -0.054100
52.249565 -63.106781 1.064399 -6.010946 219.697815 -172.932922 0.172465 0.124182 6.063527 -0.052979
52.382553 -63.512421 1.083590 -6.365493 220.061066 -173.656967 0.192327 0.127460 6.113037 -0.052322
52.499542 -63.862686 1.129159 -6.639837 220.387619 -174.297058 0.209043 0.126192 6.158941 -0.050782
52.632530 -64.258476 1.229333 -6.872643 220.769791 -175.032288 0.226064 0.105919 6.203235 -0.051687
52.749519 -64.607216 1.345659 -7.016349 221.106644 -175.671204 0.238660 0.061617 6.241200 -0.051881
52.882507 -65.001686 1.481519 -7.152683 221.503159 -176.410828 0.253397 -0.020563 6.282095 -0.050426
52.999496 -65.334991 1.617769 -7.149973 221.853836 -177.052139 0.266018 -0.103813 6.311276 -0.049941
53.132484 -65.714317 1.788066 -7.134688 222.264343 -177.793869 0.280252 -0.195100 6.336163 -0.049249
53.249474 -66.027374 1.931437 -7.063723 222.623169 -178.436569 0.293320 -0.254256 6.350315 -0.046384
53.383461 -66.362381 2.072755 -6.937284 223.043457 -179.179016 0.311861 -0.291076 6.371229 -0.043094
53.499451 -66.636345 2.178697 -6.772149 223.414413 -179.826309 0.331777 -0.289375 6.382625 -0.040898
53.633438 -66.921844 2.270225 -6.517389 223.841034 -180.561172 0.357318 -0.242135 6.393928 -0.037288
53.750427 -67.146576 2.324915 -6.255600 224.218506 -181.207886 0.382311 -0.158554 6.397973 -0.034044
53.883415 -67.372574 2.353005 -5.874624 224.649216 -181.942856 0.411951 -0.018917 6.409960 -0.029682
54.000404 -67.554031 2.323556 -5.483165 225.028671 -182.591019 0.437895 0.124825 6.420400 -0.029610
54.133392 -67.741577 2.221730 -4.996692 225.462601 -183.328705 0.464454 0.289827 6.447830 -0.026506
54.250381 -67.903824 2.067051 -4.544478 225.846405 -183.980072 0.486369 0.410162 6.470419 -0.026115
54.383369 -68.079720 1.826283 -3.960067 226.289139 -184.727676 0.508585 0.503447 6.494416 -0.025717
54.500359 -68.238701 1.596527 -3.493257 226.674194 -185.375793 0.523899 0.535539 6.502915 -0.025121
54.633347 -68.409767 1.309853 -3.042490 227.118698 -186.127640 0.536272 0.516027 6.530590 -0.023040
54.750336 -68.538986 1.046238 -2.633244 227.507385 -186.786972 0.542171 0.455553 6.545910 -0.019654
54.884323 -68.671448 0.762363 -2.144614 227.947693 -187.539703 0.542569 0.349189 6.565957 -0.017341
55.001312 -68.779526 0.527840 -1.692324 228.335342 -188.204880 0.538026 0.241223 6.590313 -0.016076
55.134300 -68.891182 0.291548 -1.189302 228.774780 -188.964615 0.530247 0.118529 6.605212 -0.013850
55.251289 -68.984772 0.102908 -0.766770 229.159607 -189.635803 0.521342 0.025115 6.617792 -0.014698
55.384277 -69.098877 -0.072157 -0.340108 229.595886 -190.402634 0.508326 -0.065595 6.637031 -0.014834
55.501266 -69.183266 -0.173438 -0.007694 229.975983 -191.078949 0.496450 -0.137420 6.629178 -0.011411
55.635254 -69.272537 -0.250641 0.273978 230.406525 -191.855316 0.482698 -0.221020 6.628195 -0.011515
55.751244 -69.351830 -0.294164 0.434390 230.773819 -192.529617 0.469252 -0.294653 6.614723 -0.010662
55.884232 -69.424187 -0.332020 0.691891 231.193314 -193.309479 0.452210 -0.378178 6.598575 -0.008553
56.002220 -69.481323 -0.332526 0.929768 231.552689 -193.990723 0.437382 -0.441553 6.573937 -0.007441
56.135208 -69.560112 -0.303560 1.178864 231.954269 -194.767532 0.420501 -0.498256 6.568874 -0.011515
56.251198 -69.639870 -0.292253 1.379338 232.301270 -195.451767 0.404374 -0.526498 6.550589 -0.012429
56.385185 -69.739868 -0.281563 1.615892 232.688995 -196.231354 0.385141 -0.527193 6.541764 -0.013995
56.502174 -69.841331 -0.268666 1.792514 233.022202 -196.918518 0.367903 -0.498418 6.518699 -0.015626
56.635162 -69.974121 -0.252419 1.935905 233.394852 -197.706909 0.346407 -0.440656 6.495171 -0.017043
56.752151 -70.086235 -0.240713 1.987075 233.710663 -198.390442 0.327501 -0.382394 6.488074 -0.017486
56.885139 -70.219238 -0.224549 2.003946 234.067520 -199.182831 0.305453 -0.311764 6.481600 -0.017859
57.002129 -70.338318 -0.215168 2.009716 234.371017 -199.876953 0.286810 -0.245017 6.472120 -0.017421
57.136116 -70.482109 -0.213520 1.960011 234.709900 -200.668228 0.263229 -0.152006 6.472337 -0.018128
57.252106 -70.612816 -0.203623 1.820839 235.001831 -201.366425 0.240354 -0.055532 6.467572 -0.020804
57.386093 -70.776894 -0.158885 1.568736 235.327316 -202.161911 0.213221 0.065980 6.458672 -0.022334
57.502083 -70.930023 -0.110433 1.292633 235.609299 -202.862442 0.190253 0.173763 6.449834 -0.022901
57.636074 -71.105141 -0.067194 0.971226 235.924789 -203.659576 0.166144 0.295579 6.443770 -0.022108
57.753063 -71.256622 -0.027233 0.626029 236.200150 -204.360718 0.145087 0.396781 6.431878 -0.023022
57.886051 -71.435013 0.006955 0.142416 236.512436 -205.156189 0.125359 0.499408 6.422448 -0.022406
58.003040 -71.588852 0.034699 -0.359327 236.785812 -205.855576 0.113370 0.566466 6.415470 -0.023069
58.136028 -71.762474 0.068231 -0.954887 237.097870 -206.655807 0.104699 0.609964 6.406835 -0.023127
58.253017 -71.915031 0.119891 -1.432087 237.369781 -207.353531 0.101754 0.619087 6.395759 -0.022503
58.387005 -72.088608 0.186509 -1.985139 237.677551 -208.145081 0.102937 0.604641 6.377495 -0.021541
58.502995 -72.228004 0.259620 -2.473610 237.948380 -208.839935 0.109152 0.575483 6.371004 -0.020162
58.636982 -72.385338 0.357012 -3.089145 238.255615 -209.627838 0.121234 0.523855 6.354935 -0.018391
58.752972 -72.511520 0.454218 -3.566954 238.527847 -210.319366 0.133674 0.463567 6.348540 -0.018106
58.886959 -72.641144 0.556226 -4.092177 238.840057 -211.103104 0.146122 0.380136 6.339933 -0.015696
59.003948 -72.731583 0.634806 -4.522494 239.115479 -211.792084 0.157115 0.298474 6.341341 -0.011056
59.136936 -72.804443 0.709943 -4.917301 239.429550 -212.575272 0.168743 0.196631 6.347838 -0.007862
59.253925 -72.844559 0.752588 -5.230348 239.706375 -213.263931 0.178543 0.100087 6.340884 -0.003515
59.386913 -72.838577 0.766225 -5.489993 240.025589 -214.052216 0.189174 -0.023234 6.341928 0.004623
59.503902 -72.796364 0.764114 -5.597716 240.303024 -214.733429 0.197338 -0.140536 6.343265 0.008290
59.636890 -72.704765 0.732566 -5.583555 240.626999 -215.519943 0.204028 -0.292024 6.354075 0.015705
59.753880 -72.570969 0.697609 -5.460560 240.911255 -216.208252 0.208366 -0.434587 6.373137 0.022262
59.887867 -72.363945 0.661092 -5.269290 241.235703 -216.992340 0.212218 -0.596952 6.383774 0.030064
60.004856 -72.132362 0.632905 -5.146348 241.520111 -217.684204 0.215234 -0.722343 6.402539 0.037678
