1.20 1.10 20 64
0.136000 0.026512 -0.019496 -0.042498 0.916137 0.001223 -0.125077 -0.283380 6.647489 0.005746
0.253000 0.064647 -0.035235 -0.106493 1.686166 0.002812 -0.068336 -0.253015 6.533079 0.006277
0.385000 0.119406 -0.063601 -0.197434 2.539876 0.005449 0.032408 -0.208901 6.415368 0.007321
0.503000 0.170377 -0.111165 -0.315163 3.296402 0.007679 0.143873 -0.169885 6.316612 0.008088
0.634000 0.240056 -0.221613 -0.427706 4.111424 0.010249 0.273444 -0.133211 6.237972 0.010475
0.752000 0.318469 -0.378823 -0.474673 4.843769 0.012332 0.385235 -0.103427 6.185297 0.012684
0.882000 0.422247 -0.627198 -0.509728 5.647198 0.015660 0.490010 -0.071011 6.181674 0.013568
1.011001 0.528577 -0.950303 -0.539733 6.452189 0.019825 0.567388 -0.038576 6.206855 0.014560
1.129000 0.631367 -1.279190 -0.540949 7.180665 0.024424 0.608397 -0.008746 6.241460 0.015388
1.259000 0.748562 -1.696094 -0.531208 7.995988 0.028466 0.618240 0.029459 6.290601 0.016172
1.377000 0.856190 -2.098424 -0.555824 8.741939 0.030953 0.594975 0.071471 6.340385 0.016362
1.506000 0.978025 -2.542706 -0.558566 9.569105 0.032684 0.539820 0.125653 6.374937 0.016392
1.635000 1.098567 -2.927183 -0.567167 10.386897 0.033593 0.463551 0.179068 6.393107 0.016541
1.752999 1.204292 -3.200057 -0.550514 11.141389 0.034300 0.382890 0.222742 6.388411 0.015686
1.881999 1.322956 -3.381219 -0.557841 11.970752 0.034440 0.296375 0.259952 6.370884 0.016671
2.011999 1.451214 -3.410366 -0.607367 12.790384 0.033288 0.224183 0.280070 6.339911 0.016881
2.130000 1.572343 -3.293207 -0.667106 13.535924 0.030104 0.175343 0.278131 6.295493 0.017276
2.259000 1.707362 -3.043148 -0.718508 14.343861 0.027474 0.144947 0.252080 6.238039 0.018865
2.386000 1.855198 -2.677716 -0.646880 15.129938 0.028160 0.142637 0.209930 6.155410 0.021016
2.502000 1.988578 -2.289547 -0.536493 15.838355 0.030252 0.163446 0.166887 6.073767 0.020332
2.632001 2.136430 -1.855333 -0.343853 16.621435 0.034116 0.207385 0.117172 5.988390 0.022070
2.760001 2.284182 -1.473392 -0.073079 17.382404 0.037209 0.264721 0.062625 5.910742 0.020357
2.878002 2.412217 -1.199799 0.187314 18.076908 0.039771 0.322464 0.004039 5.868717 0.019076
3.007002 2.553592 -1.023162 0.497709 18.837322 0.044911 0.385591 -0.063560 5.840293 0.019536
3.136003 2.683007 -0.981708 0.767922 19.590525 0.050780 0.439695 -0.118725 5.838801 0.017905
3.253003 2.800060 -1.056914 1.003676 20.269138 0.055382 0.476990 -0.151209 5.857902 0.019244
3.381003 2.931842 -1.272171 1.288492 21.020933 0.061029 0.502926 -0.171960 5.886346 0.017985
3.509003 3.052291 -1.601590 1.566378 21.776669 0.067378 0.511102 -0.187428 5.921263 0.016723
3.637004 3.173235 -2.017956 1.866200 22.537889 0.072887 0.502451 -0.201868 5.965776 0.017906
3.754004 3.280643 -2.446825 2.159111 23.238132 0.078082 0.482107 -0.212606 5.998228 0.018012
3.882004 3.400833 -2.952234 2.482812 24.014301 0.084895 0.448568 -0.214807 6.028139 0.018593
4.011004 3.514844 -3.434964 2.790781 24.787498 0.093021 0.408407 -0.202298 6.047881 0.017365
4.128006 3.610814 -3.822291 3.054358 25.495674 0.101844 0.372474 -0.174789 6.055435 0.016273
4.257007 3.712154 -4.159843 3.272542 26.283257 0.113472 0.340614 -0.129390 6.061269 0.014813
4.384008 3.812623 -4.362444 3.428640 27.052883 0.125057 0.321460 -0.080469 6.058066 0.014704
4.501009 3.915331 -4.412165 3.522058 27.760519 0.138131 0.315926 -0.042897 6.041859 0.017568
4.631010 4.034645 -4.327590 3.561737 28.538130 0.153964 0.324096 -0.014629 6.018139 0.014586
4.760011 4.146195 -4.120623 3.462811 29.317472 0.170906 0.346119 0.005396 5.976181 0.012671
4.877012 4.232859 -3.856791 3.324629 30.013998 0.187156 0.374791 0.024597 5.939155 0.010910
5.006013 4.329601 -3.537491 3.077281 30.776884 0.205177 0.409796 0.048639 5.901250 0.010834
5.134015 4.415667 -3.218233 2.763248 31.523733 0.223832 0.444064 0.071587 5.874815 0.008386
5.259016 4.490639 -2.903600 2.386868 32.261959 0.243781 0.474309 0.092217 5.849477 0.006700
5.387017 4.564892 -2.628890 2.014159 33.003830 0.267453 0.496838 0.116594 5.841274 0.008549
5.505018 4.625918 -2.429162 1.700351 33.692547 0.293351 0.507959 0.148284 5.841995 0.006865
5.635019 4.687470 -2.278257 1.353786 34.452301 0.322773 0.509411 0.193515 5.853155 0.005165
5.752020 4.731161 -2.216915 1.066353 35.142853 0.350264 0.500466 0.237855 5.857912 0.004728
5.881021 4.775379 -2.239173 0.782457 35.887177 0.381256 0.483294 0.276256 5.873904 0.004265
6.008023 4.823144 -2.358819 0.523986 36.639099 0.412929 0.459983 0.291307 5.882248 0.005605
6.136024 4.882687 -2.567096 0.314037 37.391705 0.445079 0.433799 0.272554 5.887385 0.008106
6.252025 4.946959 -2.824472 0.136777 38.074314 0.475601 0.410096 0.225027 5.891268 0.008667
6.379026 5.030316 -3.158431 -0.051518 38.828278 0.508847 0.385591 0.147476 5.902477 0.009892
6.507028 5.116936 -3.512962 -0.201220 39.577633 0.541943 0.367802 0.056597 5.908008 0.011150
6.635029 5.204965 -3.864771 -0.424837 40.339062 0.574692 0.360662 -0.038697 5.905622 0.010359
6.752030 5.288865 -4.164914 -0.588367 41.023426 0.605741 0.362359 -0.122180 5.907111 0.010979
6.880031 5.387154 -4.470664 -0.708386 41.784222 0.642406 0.374880 -0.206697 5.899690 0.012332
7.009032 5.476333 -4.720455 -0.772523 42.537914 0.680701 0.400354 -0.275209 5.893297 0.011720
7.126033 5.559173 -4.894488 -0.704442 43.232407 0.717597 0.432174 -0.324081 5.892031 0.014012
7.256034 5.654068 -5.003510 -0.592184 43.990337 0.758379 0.471111 -0.368847 5.878202 0.014889
7.385036 5.756731 -5.039738 -0.474084 44.746590 0.800248 0.510475 -0.410121 5.863378 0.016102
7.503036 5.856272 -5.016689 -0.367337 45.436920 0.839403 0.542492 -0.437324 5.857081 0.016810
7.632038 5.974843 -4.946707 -0.251489 46.190689 0.882625 0.569610 -0.435358 5.853949 0.017925
7.761039 6.096749 -4.845901 -0.170831 46.943409 0.925247 0.586476 -0.382573 5.839778 0.016162
7.879040 6.203374 -4.745670 -0.108988 47.631325 0.965332 0.592232 -0.290143 5.839599 0.017019
8.008040 6.311088 -4.631249 -0.057872 48.382984 1.009750 0.587298 -0.155098 5.833535 0.015179
8.126040 6.400148 -4.524837 -0.011747 49.069721 1.051754 0.572489 -0.022521 5.831670 0.013766
8.256041 6.499403 -4.425251 0.099256 49.825539 1.098920 0.545505 0.115865 5.822209 0.014970
8.386041 6.602798 -4.333810 0.235964 50.579689 1.146968 0.513143 0.229585 5.806679 0.014318
8.503040 6.690913 -4.263648 0.357539 51.262608 1.191953 0.481654 0.305821 5.792399 0.013640
8.633040 6.770563 -4.203752 0.475933 52.007153 1.240768 0.448862 0.360027 5.774762 0.010326
8.751040 6.828919 -4.168954 0.576403 52.691628 1.285846 0.421419 0.387165 5.755980 0.008274
8.881041 6.877610 -4.135773 0.696234 53.430958 1.336062 0.397629 0.395923 5.737015 0.006950
9.011041 6.922434 -4.111737 0.723970 54.173710 1.387465 0.383077 0.383581 5.718752 0.005696
9.128040 6.954632 -4.113242 0.745169 54.839897 1.434421 0.376818 0.355253 5.702041 0.005037
9.257040 6.983878 -4.114454 0.780519 55.572533 1.487740 0.379546 0.312617 5.691190 0.003802
9.384039 7.006533 -4.135180 0.869863 56.297722 1.540635 0.392730 0.271933 5.674486 0.004347
9.501039 7.025194 -4.161180 0.998165 56.953484 1.590143 0.410850 0.249383 5.664456 0.003723
9.628037 7.041262 -4.208936 1.095429 57.676247 1.644027 0.436033 0.244384 5.660151 0.002140
9.756037 7.048110 -4.266253 1.222975 58.392521 1.697290 0.464794 0.249826 5.653626 0.001212
9.882035 7.057051 -4.319588 1.332840 59.103031 1.751830 0.491752 0.242519 5.654180 0.001385
10.009034 7.067544 -4.386934 1.395128 59.819077 1.808610 0.513912 0.196312 5.658595 0.001503
10.127034 7.076513 -4.479699 1.449833 60.484940 1.862342 0.529034 0.109114 5.662547 0.002122
10.255033 7.092195 -4.599710 1.463883 61.213326 1.924392 0.538236 -0.022380 5.670249 0.002455
10.384033 7.107196 -4.733553 1.451221 61.936108 1.990314 0.536158 -0.157152 5.672539 0.001590
10.512033 7.115190 -4.874186 1.422264 62.659481 2.057950 0.523717 -0.268792 5.678358 0.000619
10.630033 7.121877 -5.009264 1.321956 63.326401 2.121649 0.503839 -0.345378 5.679046 -0.000522
10.758032 7.120924 -5.148829 1.171350 64.048752 2.191847 0.475747 -0.411129 5.661240 -0.002977
10.887032 7.113093 -5.268090 0.972926 64.773224 2.263895 0.445199 -0.466198 5.631550 -0.003566
11.004031 7.114141 -5.347595 0.763328 65.426888 2.330929 0.417086 -0.499807 5.605904 -0.001483
11.133031 7.128357 -5.411263 0.584572 66.143219 2.406508 0.389486 -0.504963 5.564384 -0.000175
11.261030 7.138959 -5.426500 0.414313 66.848625 2.481415 0.368689 -0.474441 5.525726 -0.000883
11.379030 7.140814 -5.404415 0.229432 67.494026 2.553013 0.354754 -0.425200 5.486512 -0.003541
11.507030 7.139214 -5.332855 0.018017 68.188652 2.630860 0.347872 -0.362815 5.441757 -0.002162
11.626029 7.142738 -5.247532 -0.173699 68.829407 2.703454 0.349795 -0.300768 5.402538 -0.002438
11.754028 7.131747 -5.139983 -0.351419 69.518784 2.783127 0.358601 -0.225752 5.362076 -0.004521
11.883028 7.117666 -5.057690 -0.546959 70.202705 2.863720 0.371984 -0.142329 5.320421 -0.002900
12.012028 7.120159 -4.982822 -0.750481 70.876465 2.945236 0.387651 -0.062102 5.292028 -0.001022
12.129027 7.128797 -4.939805 -0.897316 71.489304 3.020858 0.403135 -0.002341 5.268641 -0.000205
12.259027 7.151852 -4.945566 -1.042212 72.167648 3.104192 0.415679 0.045242 5.249052 0.002262
12.386026 7.184675 -4.988878 -1.172852 72.827812 3.185341 0.422320 0.080483 5.231320 0.003715
12.504026 7.222116 -5.064524 -1.233568 73.439278 3.261198 0.421831 0.115514 5.216490 0.004919
12.634027 7.265676 -5.201707 -1.253984 74.111084 3.345273 0.414103 0.167217 5.202934 0.006444
12.751026 7.309713 -5.348643 -1.263057 74.714554 3.422246 0.400777 0.225867 5.196451 0.006599
12.880026 7.350451 -5.530687 -1.202222 75.383080 3.509925 0.379184 0.299185 5.181247 0.005551
13.010026 7.388378 -5.698239 -1.141367 76.044121 3.598121 0.353654 0.369933 5.160946 0.006608
13.127026 7.434605 -5.822085 -1.091573 76.646255 3.678798 0.329634 0.426178 5.139264 0.007999
13.257026 7.480654 -5.909938 -1.032800 77.301170 3.767123 0.304743 0.474967 5.111516 0.007941
13.386025 7.538159 -5.926306 -0.938608 77.957268 3.855936 0.284226 0.507502 5.080217 0.009180
13.501024 7.591774 -5.894516 -0.843593 78.528503 3.934658 0.269657 0.520032 5.043877 0.009853
13.628023 7.660890 -5.790284 -0.750197 79.160126 4.021742 0.258751 0.514198 5.003085 0.009883
13.757023 7.729758 -5.625973 -0.670925 79.796104 4.110309 0.252698 0.487333 4.960779 0.010666
13.884022 7.809071 -5.421576 -0.560321 80.416534 4.198938 0.250224 0.441906 4.919950 0.013848
14.001021 7.893416 -5.197671 -0.447348 80.983864 4.281205 0.250695 0.382284 4.884524 0.013730
14.129021 7.981514 -4.940324 -0.352555 81.604691 4.372736 0.252846 0.291094 4.852638 0.012439
14.257019 8.074617 -4.674549 -0.263228 82.212357 4.463910 0.253481 0.171197 4.829723 0.014929
14.385018 8.184839 -4.401667 -0.143775 82.821449 4.557207 0.249897 0.026276 4.804836 0.016814
14.501018 8.288980 -4.149329 -0.035478 83.375633 4.643347 0.244250 -0.115009 4.787267 0.016210
14.630017 8.406587 -3.872481 0.026846 83.980354 4.737850 0.233365 -0.264317 4.777458 0.016773
14.759017 8.525382 -3.625168 0.054556 84.588356 4.833827 0.218508 -0.396074 4.769285 0.016165
14.887016 8.656236 -3.422788 0.105348 85.190643 4.931365 0.199486 -0.499056 4.764409 0.018612
15.003016 8.778743 -3.266703 0.143578 85.741020 5.021166 0.178994 -0.564640 4.768591 0.018440
15.132015 8.904911 -3.118360 0.215796 86.343643 5.120048 0.153786 -0.604192 4.773904 0.017012
15.260015 9.022646 -2.970660 0.257203 86.946777 5.219169 0.127807 -0.613824 4.776567 0.016029
15.376014 9.138653 -2.821630 0.240198 87.498756 5.309869 0.104427 -0.607559 4.783761 0.017575
15.506013 9.269889 -2.641129 0.177740 88.112000 5.412792 0.082148 -0.591852 4.781038 0.017274
15.635013 9.397021 -2.448284 0.075004 88.716248 5.514513 0.063918 -0.565320 4.787814 0.016972
15.752012 9.527140 -2.266714 -0.044741 89.274643 5.607946 0.051314 -0.520970 4.805288 0.020597
15.879011 9.687262 -2.048142 -0.115110 89.872070 5.708522 0.042718 -0.442483 4.810180 0.022249
16.006010 9.855306 -1.801020 -0.139362 90.474823 5.810280 0.038644 -0.335189 4.814412 0.023265
16.136002 10.040030 -1.525609 -0.160777 91.097618 5.916641 0.038261 -0.209821 4.829156 0.025902
16.253994 10.223148 -1.263243 -0.157721 91.655098 6.013153 0.040060 -0.094517 4.838303 0.027776
16.383986 10.443205 -0.972697 -0.161732 92.281372 6.122550 0.041201 0.038182 4.863536 0.030187
16.502977 10.653478 -0.707800 -0.124040 92.847763 6.221574 0.041265 0.159853 4.878416 0.032050
16.631969 10.898462 -0.417384 -0.051046 93.474030 6.332113 0.041333 0.288163 4.899961 0.033694
16.761961 11.149164 -0.123601 0.030068 94.097816 6.442863 0.038524 0.393337 4.919554 0.034862
16.878954 11.393202 0.153059 0.125070 94.671135 6.545062 0.033982 0.462447 4.946792 0.037752
17.008945 11.675300 0.452486 0.223608 95.300949 6.657802 0.025701 0.513579 4.971138 0.038602
17.126938 11.946518 0.716487 0.310978 95.879036 6.762282 0.015438 0.544660 4.983780 0.040131
17.255930 12.259623 1.002287 0.451350 96.513657 6.878273 0.003059 0.562367 5.011325 0.042972
17.384922 12.586468 1.290005 0.626552 97.150108 6.996727 -0.010440 0.556460 5.027763 0.044498
17.501915 12.901075 1.530608 0.751685 97.729797 7.105655 -0.022328 0.528877 5.051470 0.048126
17.631907 13.269485 1.770557 0.896154 98.377151 7.229689 -0.035383 0.484666 5.086299 0.048359
17.759899 13.639091 1.996947 1.088759 99.023415 7.355601 -0.045876 0.441933 5.116829 0.049100
17.877892 13.982234 2.198041 1.282591 99.612617 7.471082 -0.052438 0.407223 5.144850 0.050919
18.005884 14.386880 2.395769 1.562204 100.266167 7.601417 -0.055416 0.364339 5.179333 0.055070
18.131878 14.802294 2.586684 1.855114 100.908333 7.730239 -0.055139 0.305486 5.212551 0.056855
18.260870 15.252913 2.767461 2.189457 101.563980 7.862886 -0.051896 0.224908 5.238316 0.059817
18.376863 15.669673 2.931798 2.465312 102.161377 7.984686 -0.047410 0.136181 5.270307 0.061690
18.505856 16.151062 3.104976 2.762902 102.829979 8.123212 -0.040083 0.021595 5.309205 0.064769
18.631849 16.637470 3.261878 3.052183 103.492447 8.263233 -0.033721 -0.111080 5.347083 0.065206
18.757843 17.121216 3.397011 3.291759 104.153671 8.404726 -0.028450 -0.263930 5.382793 0.065946
18.886835 17.628544 3.525665 3.499335 104.830681 8.550139 -0.024416 -0.430071 5.425879 0.068948
19.004827 18.112715 3.647024 3.665425 105.459068 8.686224 -0.021419 -0.569741 5.464729 0.070536
19.133820 18.650326 3.799046 3.823637 106.150932 8.836417 -0.019648 -0.682448 5.504402 0.071795
19.250813 19.151043 3.952357 3.935537 106.787903 8.975310 -0.021103 -0.736164 5.539013 0.074686
19.380804 19.709953 4.116154 4.017998 107.487450 9.127864 -0.025316 -0.748653 5.560198 0.074999
19.509796 20.282490 4.262319 4.067656 108.194771 9.283640 -0.031739 -0.728574 5.579565 0.076206
19.628788 20.797640 4.418221 4.055476 108.839149 9.425866 -0.038848 -0.691177 5.599254 0.076405
19.758780 21.359308 4.590994 4.022254 109.550430 9.584814 -0.047069 -0.624597 5.608746 0.075622
19.875772 21.863155 4.751977 4.022414 110.190758 9.729092 -0.052828 -0.532674 5.612525 0.074344
20.005764 22.442348 4.927102 4.051869 110.902664 9.891909 -0.056811 -0.390280 5.618799 0.078642
20.135756 23.034971 5.094811 4.145364 111.620247 10.059493 -0.058272 -0.216497 5.626060 0.077812
20.253748 23.568377 5.248856 4.262968 112.266495 10.213177 -0.056332 -0.051866 5.630297 0.077345
20.384739 24.171907 5.386291 4.432366 112.978447 10.385258 -0.051849 0.120847 5.638000 0.080754
20.501732 24.754206 5.503369 4.607756 113.624603 10.543688 -0.045915 0.256562 5.642612 0.085412
20.632723 25.421602 5.617168 4.854622 114.335968 10.721976 -0.035526 0.378681 5.639837 0.087019
20.750715 26.042652 5.715936 5.139820 114.980804 10.886069 -0.024954 0.462094 5.640655 0.087874
20.879707 26.735844 5.815640 5.494499 115.691254 11.068085 -0.012696 0.529926 5.639881 0.088604
21.009699 27.425930 5.906600 5.898432 116.395119 11.251583 -0.000926 0.578270 5.636506 0.089901
21.126692 28.081537 5.979149 6.299011 117.032387 11.420333 0.009096 0.610278 5.633171 0.092334
21.253685 28.807211 6.058068 6.735448 117.723846 11.603852 0.018959 0.631602 5.628255 0.094545
21.380678 29.556391 6.116899 7.263690 118.418709 11.792193 0.027739 0.634476 5.623864 0.095028
21.510670 30.323309 6.151628 7.835773 119.117424 11.985922 0.034696 0.615316 5.618760 0.096451
21.626663 31.025948 6.169171 8.353514 119.744186 12.162896 0.037621 0.579016 5.609638 0.097971
21.754656 31.812754 6.170018 8.939710 120.434326 12.360339 0.037896 0.515273 5.606860 0.099165
21.883648 32.617157 6.163722 9.561306 121.128067 12.560486 0.037659 0.420870 5.589021 0.099890
22.010641 33.407276 6.166453 10.183056 121.808807 12.760736 0.038238 0.298223 5.586705 0.100078
22.127634 34.146404 6.168716 10.792425 122.434326 12.947449 0.040178 0.165512 5.577055 0.100651
22.256626 34.965492 6.178692 11.497643 123.122833 13.154738 0.045624 0.010323 5.569143 0.101288
22.385618 35.798130 6.190120 12.218258 123.808937 13.363284 0.054543 -0.135201 5.556455 0.102880
22.501612 36.543816 6.213151 12.845710 124.423729 13.553335 0.065038 -0.246058 5.541796 0.101037
22.629604 37.359509 6.259445 13.508183 125.098892 13.765353 0.078875 -0.339026 5.514472 0.101136
22.757597 38.169029 6.320928 14.210999 125.775536 13.982534 0.095734 -0.401449 5.505320 0.097756
22.886589 38.958523 6.403787 14.875819 126.444931 14.200373 0.114985 -0.441535 5.493785 0.097666
23.003582 39.681755 6.491848 15.487340 127.053612 14.401564 0.134572 -0.474005 5.472462 0.097209
23.132574 40.477654 6.598436 16.147055 127.720963 14.626074 0.157504 -0.515847 5.453214 0.098182
23.261566 41.277912 6.701591 16.738012 128.385040 14.853671 0.180372 -0.560131 5.429606 0.100403
23.379559 42.019264 6.779949 17.271355 128.987991 15.064474 0.200888 -0.588239 5.408243 0.100430
23.506552 42.807354 6.854870 17.836212 129.633713 15.294737 0.220375 -0.590300 5.392166 0.098334
23.634544 43.602283 6.917983 18.373587 130.287048 15.531155 0.237736 -0.560892 5.379577 0.099631
23.750538 44.315048 6.951556 18.825735 130.866501 15.744886 0.252202 -0.516495 5.370504 0.099617
23.880531 45.121960 6.966171 19.278502 131.524185 15.990870 0.268093 -0.453065 5.353154 0.101251
24.011522 45.922161 6.946637 19.667820 132.173111 16.238838 0.284241 -0.373780 5.335364 0.101521
24.129515 46.640347 6.893064 19.926640 132.759689 16.466461 0.298177 -0.277041 5.325305 0.100794
24.259506 47.421604 6.812319 20.225706 133.402405 16.721941 0.314172 -0.135541 5.317833 0.099425
24.377499 48.115486 6.731210 20.459276 133.983963 16.956617 0.329773 0.015951 5.317101 0.098261
24.507490 48.852493 6.612587 20.648140 134.623093 17.218199 0.347264 0.189065 5.306914 0.094168
24.626484 49.500431 6.477482 20.777493 135.205475 17.460936 0.365144 0.331834 5.300787 0.091242
24.755476 50.178238 6.303695 20.905483 135.834152 17.728418 0.386503 0.461915 5.294562 0.088451
24.885468 50.820904 6.118881 20.958208 136.464828 18.001547 0.409811 0.565756 5.285293 0.084615
25.003460 51.368061 5.952163 20.938990 137.035614 18.252287 0.431169 0.637516 5.281931 0.079150
25.132452 51.929008 5.772737 20.845190 137.656311 18.530178 0.454435 0.684645 5.266644 0.074914
25.261444 52.460316 5.579496 20.797039 138.273285 18.812649 0.478493 0.687530 5.260205 0.069587
25.379436 52.910900 5.402310 20.662489 138.835922 19.074091 0.500323 0.649662 5.255983 0.066687
25.508429 53.377857 5.194165 20.471312 139.449326 19.363358 0.525230 0.574400 5.257676 0.064620
25.635422 53.806484 4.987843 20.249868 140.054901 19.654953 0.549057 0.478990 5.244941 0.059229
25.752415 54.176586 4.796793 20.028309 140.605026 19.925610 0.569977 0.381052 5.228762 0.057566
25.883408 54.566231 4.577240 19.781935 141.212250 20.230806 0.592389 0.260707 5.231675 0.052911
26.000401 54.878738 4.399548 19.470133 141.756943 20.510082 0.612275 0.146222 5.231125 0.047928
26.128393 55.179420 4.225972 19.124535 142.353943 20.823816 0.632850 0.022860 5.233116 0.041073
26.254387 55.434540 4.074519 18.783255 142.934631 21.135839 0.652341 -0.084178 5.230167 0.037595
26.382380 55.662453 3.949901 18.405838 143.516479 21.455326 0.670871 -0.172259 5.226126 0.033172
26.510372 55.867043 3.821287 18.011427 144.104813 21.786049 0.686426 -0.246840 5.236047 0.028842
26.625366 56.016342 3.720567 17.565392 144.628143 22.085958 0.698052 -0.307438 5.250948 0.025872
26.752359 56.155598 3.599867 16.991587 145.199127 22.420542 0.708882 -0.370003 5.257733 0.023140
26.878353 56.266098 3.468862 16.326872 145.767273 22.760695 0.715925 -0.425226 5.254779 0.019349
27.007345 56.350544 3.295014 15.622563 146.348785 23.119450 0.720429 -0.463079 5.256943 0.015954
27.125338 56.398216 3.114246 14.946906 146.868271 23.449398 0.722111 -0.472918 5.261954 0.010140
27.255329 56.421288 2.891184 14.166584 147.441010 23.823870 0.723001 -0.456265 5.266734 0.006476
27.384321 56.423092 2.626862 13.358759 148.005829 24.203344 0.722225 -0.419660 5.283922 0.005123
27.501314 56.398994 2.355756 12.544639 148.520584 24.557421 0.720710 -0.379293 5.301530 -0.000721
27.630306 56.332645 2.027523 11.586134 149.079880 24.953186 0.716192 -0.334142 5.317550 -0.006892
27.760298 56.223991 1.676562 10.560662 149.636230 25.358932 0.711372 -0.285406 5.350576 -0.013907
27.878290 56.097095 1.350553 9.569234 150.141678 25.738340 0.704120 -0.231259 5.358823 -0.016178
28.007282 55.935890 0.988253 8.389657 150.690353 26.162378 0.693745 -0.157891 5.382762 -0.020207
28.125275 55.764278 0.646093 7.303623 151.186768 26.560076 0.682426 -0.078871 5.399443 -0.024772
28.254267 55.550270 0.285076 6.057215 151.728714 27.009771 0.670506 0.017443 5.426690 -0.029825
28.384258 55.295895 -0.068007 4.775207 152.265305 27.471083 0.656931 0.111758 5.457212 -0.036346
28.503252 55.040012 -0.390636 3.577221 152.747833 27.899792 0.642108 0.184672 5.478982 -0.040262
28.630245 54.734184 -0.744627 2.340014 153.266510 28.376287 0.626382 0.241925 5.523392 -0.045274
28.760239 54.406616 -1.070095 1.021975 153.789459 28.872509 0.610416 0.280613 5.565227 -0.047914
28.879230 54.102348 -1.346741 -0.154396 154.260483 29.334055 0.594110 0.311554 5.604915 -0.049158
29.008223 53.751003 -1.644451 -1.365807 154.771515 29.849857 0.576075 0.354893 5.646748 -0.053373
29.126215 53.408417 -1.910972 -2.421521 155.235596 30.332664 0.558310 0.400960 5.692006 -0.057570
29.256207 52.994099 -2.190179 -3.579606 155.742264 30.876366 0.539727 0.443389 5.735902 -0.062229
29.385199 52.567200 -2.443244 -4.657014 156.241409 31.427736 0.520070 0.460537 5.784550 -0.064738
29.503191 52.162239 -2.649323 -5.614374 156.694641 31.941603 0.501402 0.449258 5.822202 -0.066474
29.632185 51.714466 -2.852126 -6.579157 157.186661 32.513847 0.480862 0.407746 5.868253 -0.068011
29.761177 51.256474 -3.034043 -7.453137 157.675461 33.095497 0.459560 0.334568 5.904682 -0.068666
29.877171 50.822392 -3.165103 -8.107102 158.116013 33.630245 0.439571 0.242730 5.932061 -0.071437
30.006163 50.332539 -3.266104 -8.653645 158.597885 34.227020 0.415998 0.123652 5.953838 -0.070353
30.135155 49.845428 -3.294054 -9.048038 159.072617 34.825214 0.391378 0.009986 5.972724 -0.069053
30.252148 49.406796 -3.279768 -9.245107 159.503067 35.376266 0.367441 -0.076234 5.979973 -0.066638
30.380140 48.928089 -3.225480 -9.289886 159.973938 35.987087 0.340201 -0.157733 5.977935 -0.064408
30.507133 48.469288 -3.132164 -9.213594 160.430115 36.585678 0.316241 -0.239950 5.968023 -0.061277
30.634127 48.026611 -2.984377 -8.965685 160.889786 37.194012 0.293782 -0.340064 5.952247 -0.057681
30.751120 47.636219 -2.804855 -8.586941 161.306778 37.749958 0.276591 -0.439949 5.932778 -0.054276
30.881111 47.230160 -2.577009 -8.066862 161.763687 38.361748 0.261295 -0.540916 5.908649 -0.049393
31.011103 46.848244 -2.320740 -7.452986 162.221069 38.976837 0.249795 -0.609706 5.886241 -0.045878
31.127096 46.531441 -2.091622 -6.797284 162.625641 39.524471 0.242311 -0.631344 5.858676 -0.042183
31.254089 46.206688 -1.857017 -5.972191 163.070816 40.124790 0.234833 -0.604909 5.828516 -0.039915
31.381083 45.902931 -1.655138 -5.105744 163.510529 40.718506 0.229650 -0.523930 5.809037 -0.036533
31.511074 45.612118 -1.464489 -4.204975 163.956268 41.317883 0.227433 -0.391177 5.781042 -0.035380
31.629066 45.361610 -1.325211 -3.378544 164.367020 41.868618 0.225841 -0.237224 5.768101 -0.033026
31.759058 45.096329 -1.227203 -2.514305 164.812561 42.463120 0.223501 -0.059008 5.753344 -0.033156
31.877050 44.859474 -1.183381 -1.770017 165.219727 43.005890 0.221765 0.098531 5.751087 -0.032114
32.008041 44.601612 -1.180391 -1.026899 165.671967 43.608677 0.219451 0.258749 5.751817 -0.031984
32.126053 44.379623 -1.230444 -0.417371 166.079712 44.151031 0.216558 0.381825 5.749988 -0.030389
32.258064 44.133598 -1.321630 0.231654 166.536865 44.755848 0.213473 0.486270 5.742405 -0.030947
32.379074 43.910061 -1.438436 0.691073 166.958221 45.307980 0.210793 0.538646 5.738865 -0.028873
32.508087 43.693413 -1.572939 1.036671 167.408768 45.895176 0.209402 0.544380 5.738195 -0.027997
32.626099 43.508968 -1.688948 1.276534 167.822311 46.431580 0.209455 0.512501 5.740368 -0.025447
32.755112 43.317135 -1.804790 1.405754 168.275726 47.017712 0.211172 0.454588 5.746689 -0.024795
32.881126 43.138702 -1.904276 1.440102 168.722672 47.594627 0.213814 0.388927 5.741994 -0.023779
33.009140 42.966599 -1.982630 1.314930 169.171677 48.169617 0.217859 0.315741 5.747787 -0.024508
33.126152 42.817059 -2.021953 1.113320 169.589539 48.703735 0.223153 0.233895 5.746560 -0.022084
33.256165 42.668518 -2.014132 0.789796 170.048447 49.285748 0.230850 0.127297 5.746233 -0.020337
33.386177 42.539967 -1.972714 0.383518 170.511734 49.871075 0.238665 0.014519 5.740342 -0.018406
33.503189 42.438366 -1.906948 -0.040021 170.929520 50.396267 0.244725 -0.073796 5.734983 -0.016510
33.632202 42.331429 -1.798077 -0.591866 171.391235 50.973347 0.248904 -0.144030 5.723602 -0.016752
33.761215 42.235641 -1.647766 -1.170385 171.852982 51.549511 0.250407 -0.185242 5.726327 -0.015669
33.876228 42.150360 -1.485315 -1.713718 172.265793 52.062336 0.247480 -0.205768 5.722653 -0.014314
34.003242 42.077690 -1.275916 -2.266681 172.725082 52.631710 0.240169 -0.216852 5.709408 -0.010408
34.131256 42.013718 -1.073038 -2.774290 173.180908 53.194447 0.230375 -0.216640 5.695304 -0.010230
34.259270 41.949139 -0.873272 -3.222880 173.644028 53.764023 0.219904 -0.204808 5.688467 -0.008816
34.375282 41.905472 -0.697489 -3.561290 174.060074 54.275635 0.211164 -0.188985 5.681105 -0.006000
34.504295 41.889957 -0.519960 -3.901356 174.523514 54.842892 0.201526 -0.173172 5.677487 -0.000198
34.632309 41.905621 -0.348593 -4.178112 174.984787 55.403229 0.193096 -0.164756 5.666890 0.001754
34.761322 41.924961 -0.195488 -4.416722 175.447128 55.961536 0.184537 -0.161606 5.660866 0.003511
34.877335 41.956749 -0.064919 -4.556448 175.870087 56.471008 0.178237 -0.158043 5.662016 0.006177
35.008347 42.018929 0.054432 -4.680224 176.342438 57.035465 0.174145 -0.148220 5.665831 0.009204
35.125359 42.087543 0.150709 -4.757077 176.773422 57.547405 0.174000 -0.132942 5.671992 0.010874
35.252373 42.184486 0.235905 -4.783605 177.240097 58.097034 0.176427 -0.110663 5.683684 0.013466
35.380386 42.289768 0.315473 -4.708106 177.709900 58.646893 0.178695 -0.083777 5.700118 0.014987
35.510399 42.414066 0.393953 -4.594709 178.194916 59.208591 0.182219 -0.052562 5.720096 0.018758
35.627411 42.548733 0.445819 -4.453295 178.634842 59.714554 0.185752 -0.023268 5.738181 0.021189
35.756424 42.718128 0.487156 -4.178441 179.126175 60.279076 0.189945 0.010292 5.765912 0.023187
35.883438 42.895786 0.506321 -3.846650 179.611145 60.831501 0.194592 0.043025 5.802517 0.024995
36.011452 43.088890 0.530855 -3.473260 180.102280 61.384048 0.198248 0.074200 5.835135 0.026468
36.128464 43.277267 0.540318 -3.046257 180.558426 61.894333 0.202226 0.099139 5.860589 0.028464
36.258476 43.510902 0.563665 -2.464532 181.073776 62.466949 0.208008 0.120056 5.892597 0.030740
36.377487 43.725960 0.588486 -1.889145 181.542740 62.982327 0.212669 0.131166 5.914209 0.031306
36.506500 43.977554 0.604435 -1.222529 182.061020 63.545872 0.216735 0.135622 5.949783 0.033678
36.635513 44.246021 0.617814 -0.439447 182.587692 64.116348 0.220299 0.129275 5.986567 0.035170
36.750526 44.485474 0.623027 0.295621 183.053757 64.617424 0.222688 0.110247 6.012494 0.035733
36.877541 44.754871 0.620424 1.080136 183.578506 65.175476 0.225711 0.074458 6.045658 0.035726
37.006554 45.033154 0.626214 1.820377 184.120270 65.748604 0.228081 0.031495 6.080235 0.035794
37.132568 45.292957 0.633998 2.430434 184.650665 66.305153 0.229812 0.002279 6.112422 0.034743
37.260582 45.550663 0.646383 2.991628 185.189682 66.866920 0.232387 -0.002408 6.142063 0.034303
37.377594 45.780556 0.664712 3.398154 185.690231 67.384666 0.235069 0.009988 6.163305 0.032625
37.506607 46.030258 0.685140 3.766480 186.250961 67.960213 0.240592 0.022764 6.191496 0.033026
37.635620 46.268703 0.706163 4.063873 186.810730 68.532486 0.249064 0.017624 6.213433 0.030982
37.753632 46.470886 0.727468 4.267991 187.320969 69.053009 0.258750 -0.001736 6.235332 0.029328
37.882645 46.683712 0.744135 4.443826 187.889954 69.632011 0.271541 -0.023542 6.254884 0.027706
38.001656 46.859642 0.739279 4.543832 188.409058 70.157494 0.284026 -0.029553 6.264103 0.025597
38.131668 47.025780 0.697815 4.609379 188.982330 70.737671 0.298306 -0.016567 6.282441 0.020072
38.259682 47.152077 0.626705 4.680104 189.547104 71.311951 0.313862 0.010114 6.300406 0.014455
38.376694 47.238201 0.545695 4.634860 190.064377 71.838310 0.328517 0.036104 6.313587 0.012268
38.503708 47.321434 0.429105 4.498109 190.631470 72.415894 0.342192 0.057111 6.328575 0.011422
38.631721 47.397594 0.310030 4.282572 191.200150 72.994949 0.353183 0.065352 6.348842 0.009730
38.759735 47.462372 0.183563 4.001420 191.765503 73.571053 0.362170 0.065045 6.362507 0.007759
38.875748 47.504890 0.054734 3.667522 192.282639 74.098839 0.368894 0.067506 6.379707 0.005214
39.004761 47.549057 -0.084353 3.211626 192.863434 74.693039 0.375276 0.083065 6.398249 0.006440
39.134773 47.586662 -0.228795 2.620830 193.439987 75.284645 0.380863 0.109502 6.409885 0.002914
39.252785 47.614147 -0.385990 2.018761 193.967575 75.828247 0.383893 0.129509 6.426506 0.003958
39.381798 47.642746 -0.562148 1.370230 194.543381 76.426025 0.385645 0.131248 6.446135 0.001973
39.510811 47.650024 -0.736853 0.684664 195.119232 77.027420 0.387204 0.110135 6.459053 -0.000685
39.627823 47.645508 -0.900503 0.061632 195.639679 77.576187 0.387940 0.080367 6.469655 -0.003206
39.755836 47.629944 -1.057672 -0.641235 196.207916 78.179321 0.389471 0.047305 6.475572 -0.004624
39.881851 47.614555 -1.190014 -1.345104 196.765121 78.775597 0.392290 0.016004 6.480319 -0.004457
40.011864 47.597637 -1.299009 -2.051794 197.338547 79.392937 0.397119 -0.021613 6.480931 -0.004207
40.129875 47.584373 -1.373230 -2.640717 197.857147 79.954765 0.402434 -0.064901 6.474970 -0.004137
40.259888 47.574261 -1.426077 -3.280273 198.425888 80.575401 0.406259 -0.124987 6.474790 -0.003360
40.378899 47.566990 -1.424349 -3.841300 198.943542 81.145203 0.408708 -0.189877 6.462356 -0.002591
40.507912 47.575939 -1.418492 -4.364137 199.500183 81.763947 0.411313 -0.269668 6.447058 0.001271
40.635925 47.603222 -1.392535 -4.846536 200.047134 82.379883 0.409972 -0.346196 6.424479 0.002967
40.753937 47.650784 -1.371159 -5.286831 200.545776 82.949554 0.406534 -0.395060 6.412413 0.006686
40.882950 47.727833 -1.350105 -5.675267 201.085968 83.574059 0.399670 -0.406356 6.393282 0.010419
41.000961 47.820305 -1.325327 -5.921832 201.575729 84.146164 0.389252 -0.375466 6.374019 0.014049
41.128975 47.952366 -1.310165 -6.114226 202.101974 84.767906 0.373696 -0.312734 6.356842 0.019441
41.255989 48.112103 -1.303316 -6.276417 202.623184 85.390831 0.354598 -0.241820 6.344023 0.023158
41.383003 48.296215 -1.306031 -6.332433 203.133972 86.011337 0.330388 -0.176529 6.319795 0.026223
41.501015 48.486946 -1.325865 -6.326846 203.599976 86.583931 0.304615 -0.120131 6.302480 0.030444
41.630028 48.727367 -1.355693 -6.236116 204.108795 87.216316 0.274415 -0.056513 6.278688 0.034678
41.760040 49.018177 -1.397028 -6.024607 204.614105 87.854759 0.244717 0.008061 6.247216 0.043005
41.878052 49.317570 -1.426377 -5.700581 205.065720 88.435966 0.218741 0.063114 6.230540 0.047568
42.008064 49.691391 -1.443960 -5.230339 205.557327 89.078056 0.191830 0.124293 6.215822 0.053872
42.126076 50.069763 -1.422418 -4.790502 205.998474 89.662895 0.170774 0.187829 6.201914 0.059482
42.255089 50.540535 -1.360934 -4.278485 206.475357 90.302589 0.150951 0.273956 6.174548 0.069577
42.385101 51.073071 -1.248530 -3.698354 206.949921 90.947182 0.133634 0.373481 6.147470 0.075358
42.503113 51.596069 -1.104283 -3.094265 207.374908 91.532913 0.120175 0.458744 6.127768 0.081477
42.633125 52.221939 -0.887017 -2.360131 207.839615 92.179207 0.105312 0.529587 6.117007 0.088494
42.751137 52.839691 -0.663103 -1.668489 208.259079 92.765434 0.090859 0.562380 6.105870 0.096573
42.881149 53.586784 -0.372671 -0.899594 208.723206 93.416237 0.073557 0.558815 6.097987 0.103333
43.005157 54.332924 -0.060481 -0.171523 209.157028 94.026840 0.055026 0.516044 6.083306 0.107509
43.135170 55.154968 0.303017 0.655164 209.613129 94.671043 0.032554 0.434057 6.063582 0.112311
43.252182 55.949829 0.654008 1.493250 210.024231 95.255035 0.011311 0.341236 6.049371 0.119725
43.382195 56.872005 1.046350 2.434736 210.471878 95.893494 -0.012885 0.236870 6.040100 0.125052
43.511208 57.838787 1.442065 3.420261 210.919022 96.530533 -0.038683 0.139479 6.026688 0.130160
43.628220 58.748932 1.787542 4.313792 211.323807 97.107254 -0.061018 0.050879 6.016200 0.133557
43.756233 59.766479 2.142138 5.282666 211.766357 97.735710 -0.082469 -0.059765 5.998993 0.135579
43.884247 60.814175 2.463945 6.285135 212.210648 98.361115 -0.098805 -0.184755 5.986834 0.139432
44.010262 61.876919 2.750030 7.355773 212.649368 98.974411 -0.108806 -0.308442 5.980669 0.141859
44.127274 62.888893 2.994645 8.385018 213.057892 99.540871 -0.111764 -0.406933 5.960951 0.144867
44.253288 64.005394 3.229008 9.517549 213.501846 100.151718 -0.106163 -0.489197 5.933437 0.146601
44.383301 65.148659 3.439147 10.616110 213.955795 100.765854 -0.092290 -0.548316 5.910714 0.145321
44.512314 66.264992 3.607596 11.722067 214.411835 101.372849 -0.069455 -0.583637 5.867127 0.138983
44.629326 67.239441 3.726648 12.664815 214.826569 101.916840 -0.041806 -0.592402 5.831560 0.135566
44.758339 68.287216 3.810659 13.655383 215.289001 102.512985 -0.004487 -0.572033 5.788459 0.129522
44.885353 69.262268 3.834787 14.659420 215.744064 103.087433 0.037519 -0.523765 5.758509 0.123043
45.003365 70.127235 3.805979 15.567147 216.166489 103.608185 0.079757 -0.460963 5.717012 0.117663
45.133377 71.031593 3.704144 16.528999 216.639404 104.177536 0.128031 -0.374083 5.684299 0.111098
45.262390 71.886414 3.559265 17.446434 217.112427 104.733429 0.176754 -0.274335 5.637927 0.105300
45.380402 72.624786 3.373572 18.274380 217.546432 105.233658 0.222616 -0.173506 5.591225 0.099497
45.510414 73.407913 3.122705 19.192469 218.030640 105.779099 0.274595 -0.055106 5.543982 0.095001
45.627426 74.060844 2.884957 19.946383 218.459381 106.253212 0.320659 0.046257 5.487426 0.090334
45.757439 74.751175 2.609707 20.746197 218.939056 106.774353 0.371082 0.147108 5.424903 0.085014
45.886452 75.375359 2.340682 21.511202 219.414932 107.281708 0.421082 0.226834 5.371067 0.077814
46.003464 75.895737 2.101762 22.140913 219.849411 107.737801 0.465689 0.284921 5.314208 0.070032
46.131477 76.406097 1.855457 22.752497 220.317978 108.224144 0.512706 0.343055 5.253996 0.064501
46.261490 76.870384 1.631030 23.221319 220.791748 108.710632 0.560126 0.408505 5.200781 0.056755
46.377502 77.224564 1.445825 23.496897 221.208450 109.134865 0.601603 0.472508 5.147586 0.049821
46.506516 77.573082 1.267080 23.771894 221.673370 109.608810 0.647988 0.538319 5.082348 0.043257
46.636528 77.872116 1.128103 23.885065 222.131363 110.072739 0.692275 0.579559 5.030929 0.037211
46.754539 78.090050 1.034576 23.846020 222.545654 110.492424 0.732549 0.591792 4.975367 0.029118
46.884552 78.278992 0.961683 23.707344 222.995071 110.952133 0.775092 0.578448 4.920036 0.024236
47.001564 78.415215 0.900771 23.465160 223.395798 111.367638 0.811831 0.540755 4.868014 0.017841
47.131577 78.517586 0.849328 22.997438 223.824448 111.821053 0.848936 0.461357 4.816369 0.012116
47.258591 78.575645 0.811170 22.369913 224.241653 112.272064 0.881076 0.339909 4.789183 0.007083
47.386604 78.595177 0.800146 21.545229 224.647736 112.721451 0.908176 0.190531 4.755821 0.001430
47.503616 78.568947 0.796238 20.605324 225.013428 113.137459 0.927954 0.050214 4.717758 -0.004420
47.633629 78.508904 0.781332 19.329641 225.408386 113.603920 0.941799 -0.091300 4.691307 -0.006605
47.762642 78.421532 0.741358 17.865116 225.786407 114.073021 0.945327 -0.212020 4.657971 -0.011981
47.877655 78.321365 0.676416 16.398350 226.113083 114.501152 0.941339 -0.308403 4.632306 -0.012604
48.005669 78.197334 0.556904 14.625658 226.455399 114.978424 0.926940 -0.400986 4.619430 -0.014736
48.134682 78.062691 0.385202 12.650156 226.786896 115.473740 0.903267 -0.473115 4.619797 -0.016773
48.262695 77.917618 0.166764 10.494971 227.098633 115.976860 0.868505 -0.514992 4.626578 -0.019350
48.379707 77.787743 -0.070542 8.376892 227.365936 116.447441 0.825356 -0.527654 4.629035 -0.020065
48.508720 77.641922 -0.357158 5.878177 227.641418 116.979034 0.763855 -0.519967 4.650327 -0.021191
48.626732 77.518608 -0.646187 3.442427 227.874939 117.477615 0.696514 -0.499584 4.677816 -0.022205
48.755745 77.396469 -0.978701 0.627852 228.108139 118.036331 0.610359 -0.467748 4.706285 -0.022059
48.882759 77.282898 -1.321368 -2.186666 228.313507 118.600456 0.513941 -0.428399 4.743633 -0.023877
49.009773 77.186073 -1.642973 -5.021290 228.497665 119.182526 0.404893 -0.381396 4.793737 -0.022535
49.127785 77.117744 -1.894438 -7.598391 228.646790 119.726143 0.297571 -0.330707 4.837595 -0.021869
49.256798 77.068581 -2.119994 -10.309755 228.791122 120.337463 0.174990 -0.261902 4.888897 -0.017868
49.385811 77.051758 -2.256507 -12.722763 228.915863 120.959824 0.052237 -0.178790 4.940724 -0.013072
49.503822 77.067703 -2.285410 -14.610697 229.016922 121.541779 -0.055363 -0.090203 4.978544 -0.006498
49.634834 77.115311 -2.183566 -16.245424 229.116074 122.183807 -0.160209 0.014659 5.010045 0.001686
49.752846 77.182617 -1.965358 -17.253244 229.200745 122.770325 -0.238901 0.108767 5.030227 0.005643
49.882858 77.263863 -1.603861 -17.804358 229.293335 123.418846 -0.300314 0.204942 5.044111 0.011889
50.011871 77.370628 -1.142805 -17.735727 229.387878 124.068810 -0.331082 0.288575 5.058704 0.016186
50.129883 77.486069 -0.678325 -17.214067 229.478378 124.653824 -0.331025 0.353218 5.058655 0.019511
50.259895 77.635475 -0.135595 -16.077627 229.588196 125.306328 -0.301516 0.415156 5.044638 0.023043
50.378906 77.794662 0.356026 -14.583194 229.696518 125.890266 -0.251958 0.458692 5.029189 0.022560
50.505920 77.982796 0.841190 -12.535946 229.825043 126.514839 -0.176286 0.488106 5.011426 0.022964
50.632935 78.191383 1.228834 -10.173718 229.964569 127.134644 -0.083164 0.495325 4.995149 0.021445
50.760948 78.412621 1.481299 -7.504937 230.113602 127.755501 0.019693 0.480903 4.985203 0.021797
50.878960 78.629852 1.575299 -4.918800 230.258133 128.326523 0.115474 0.454654 4.995024 0.021327
51.007973 78.873108 1.539689 -2.038992 230.422180 128.951370 0.215358 0.420183 5.019768 0.023320
51.136986 79.130608 1.363039 0.825367 230.591690 129.585190 0.304764 0.383731 5.069436 0.026023
51.254997 79.374527 1.085331 3.334706 230.750076 130.167160 0.371317 0.344905 5.139243 0.028954
51.384010 79.638359 0.688737 5.952965 230.923737 130.808258 0.424164 0.284730 5.227575 0.031272
51.513023 79.903900 0.226181 8.445890 231.098099 131.466965 0.459500 0.197547 5.328256 0.033835
51.631035 80.144600 -0.224718 10.507314 231.257431 132.081711 0.477404 0.098752 5.424218 0.036662
51.759048 80.408806 -0.691392 12.471423 231.431625 132.767883 0.482206 -0.017786 5.533123 0.038501
51.877060 80.650726 -1.039887 13.952552 231.588043 133.403015 0.475344 -0.118088 5.629252 0.040574
52.006073 80.940498 -1.318865 15.178156 231.758560 134.116776 0.458609 -0.218724 5.728117 0.043655
52.134087 81.247078 -1.452789 15.979033 231.924988 134.837189 0.435823 -0.310915 5.810808 0.044935
52.263100 81.571953 -1.405656 16.363321 232.090942 135.573181 0.412089 -0.395518 5.878717 0.044531
52.378113 81.868378 -1.202758 16.360077 232.240082 136.241623 0.392913 -0.462777 5.921327 0.044670
52.507126 82.196434 -0.810425 16.008833 232.404633 136.984314 0.376166 -0.524708 5.952795 0.043519
52.636139 82.516739 -0.258197 15.358559 232.572769 137.734482 0.366621 -0.573440 5.963450 0.041874
52.754150 82.780640 0.342121 14.451048 232.731827 138.420624 0.363799 -0.602537 5.972530 0.038415
52.883163 83.042435 1.062444 13.247992 232.912933 139.168365 0.368452 -0.606455 5.960145 0.036595
53.013176 83.268402 1.805123 11.955581 233.103500 139.918945 0.380423 -0.565604 5.953368 0.032944
53.130188 83.435616 2.434592 10.733560 233.284317 140.590866 0.396844 -0.485819 5.940766 0.030533
53.259201 83.591560 3.045295 9.343060 233.495255 141.332458 0.419298 -0.360503 5.927560 0.028032
53.387215 83.716240 3.526582 8.089657 233.709625 142.053604 0.444829 -0.224069 5.924131 0.026601
53.505226 83.812172 3.838877 6.952380 233.917953 142.726440 0.470811 -0.101814 5.916683 0.023795
53.636238 83.904022 4.028641 5.804782 234.155548 143.459930 0.499811 0.016780 5.939378 0.021954
53.754250 83.974701 4.049398 4.874779 234.380844 144.130997 0.524209 0.108261 5.956992 0.019459
53.885262 84.056633 3.896725 3.982562 234.633026 144.864426 0.548172 0.192244 5.971054 0.018756
54.013275 84.131561 3.569506 3.244560 234.885391 145.587448 0.567549 0.259722 5.993298 0.014727
54.128288 84.185463 3.150296 2.654180 235.117432 146.245102 0.577988 0.310030 6.025538 0.012200
54.258301 84.229179 2.563054 2.103017 235.376129 146.979782 0.581095 0.354237 6.047820 0.008148
54.387314 84.246727 1.876416 1.636341 235.636551 147.724655 0.573008 0.383735 6.083836 0.002363
54.502327 84.239090 1.200935 1.281687 235.862854 148.388504 0.557556 0.396429 6.112324 -0.001643
54.631340 84.203827 0.422600 0.908855 236.110428 149.133514 0.533366 0.400353 6.144701 -0.005405
54.760353 84.154396 -0.354262 0.545466 236.354111 149.890106 0.502118 0.403290 6.172637 -0.008388
54.887367 84.075531 -1.064562 0.223367 236.584976 150.647064 0.466397 0.409512 6.189471 -0.013349
55.002380 83.971527 -1.622429 -0.088922 236.783554 151.331528 0.429987 0.412171 6.203192 -0.019994
55.130394 83.795937 -2.108516 -0.471461 236.994141 152.097549 0.388001 0.399448 6.214807 -0.028901
55.257408 83.579025 -2.440671 -0.903664 237.190125 152.856415 0.346188 0.364706 6.220760 -0.035364
55.386421 83.302071 -2.627854 -1.399123 237.379059 153.636902 0.304837 0.311795 6.229200 -0.044802
55.503433 83.001259 -2.650824 -1.933404 237.540054 154.347260 0.269829 0.256264 6.220290 -0.050651
55.632446 82.622742 -2.545287 -2.604864 237.705933 155.138458 0.233766 0.185319 6.215758 -0.057387
55.761459 82.203789 -2.328793 -3.278408 237.856873 155.924835 0.202367 0.096796 6.199020 -0.063115
55.879471 81.792084 -2.069162 -3.875380 237.982758 156.637909 0.175233 -0.002623 6.183428 -0.065279
56.009483 81.312408 -1.738652 -4.515332 238.113144 157.429443 0.146274 -0.126560 6.164874 -0.068728
56.127495 80.862068 -1.415364 -4.954023 238.221786 158.147781 0.119973 -0.234861 6.150614 -0.068661
56.256508 80.346939 -1.055187 -5.317008 238.333130 158.938278 0.092704 -0.339428 6.135131 -0.070039
56.385521 79.842209 -0.705472 -5.589242 238.436203 159.722183 0.067453 -0.424029 6.124711 -0.067181
56.503532 79.396439 -0.406589 -5.784728 238.525146 160.438995 0.045804 -0.483933 6.117026 -0.064391
56.633545 78.948868 -0.100820 -5.960327 238.618561 161.222397 0.024001 -0.520501 6.112756 -0.057825
56.763557 78.535194 0.168177 -6.020701 238.708374 162.011749 0.006179 -0.511609 6.106033 -0.053751
56.881569 78.198608 0.378849 -5.957372 238.786087 162.727432 -0.004636 -0.462223 6.097476 -0.046417
57.010582 77.886604 0.571765 -5.755084 238.867386 163.510513 -0.011636 -0.379292 6.106954 -0.040299
57.128593 77.662498 0.718639 -5.438582 238.941040 164.227798 -0.012668 -0.301208 6.113188 -0.030965
57.258606 77.459259 0.857532 -5.010159 239.024048 165.018265 -0.006715 -0.230620 6.113529 -0.025555
57.387619 77.313789 0.997000 -4.406907 239.110382 165.802383 0.006709 -0.179315 6.119668 -0.018017
57.505630 77.241745 1.128156 -3.759868 239.195328 166.525925 0.025702 -0.140359 6.123442 -0.009076
57.636642 77.223228 1.274628 -2.909334 239.297684 167.316238 0.053755 -0.099418 6.133152 -0.003063
57.754654 77.259377 1.412742 -2.016274 239.402390 168.039291 0.085364 -0.061936 6.144483 0.005299
57.885666 77.340050 1.551521 -0.964856 239.532410 168.827881 0.127991 -0.019100 6.147924 0.008141
58.003677 77.431908 1.663814 0.102346 239.666519 169.541626 0.174470 0.026339 6.158215 0.010151
58.133690 77.560829 1.764990 1.451401 239.830444 170.326538 0.232037 0.092832 6.174486 0.012744
58.260704 77.712410 1.852798 2.918291 240.009964 171.098053 0.295339 0.180554 6.197181 0.013874
58.377716 77.859734 1.922538 4.294752 240.187927 171.796265 0.356109 0.276927 6.221009 0.017221
58.504730 78.037659 1.962941 5.750396 240.400864 172.559631 0.424300 0.389459 6.255009 0.018401
58.632744 78.222130 1.957182 7.171559 240.631836 173.328964 0.492243 0.490286 6.290035 0.019661
58.762756 78.412300 1.910449 8.560244 240.883179 174.117905 0.555656 0.557891 6.337579 0.018546
58.881767 78.578827 1.833243 9.643331 241.122681 174.828781 0.605664 0.578212 6.376713 0.019595
59.011780 78.747284 1.715274 10.678493 241.397552 175.614655 0.651973 0.555439 6.430820 0.016925
59.128792 78.868439 1.597868 11.432924 241.653580 176.325333 0.685399 0.501961 6.472428 0.013100
59.255806 78.956161 1.472036 12.038877 241.938690 177.100021 0.710861 0.418008 6.519172 0.007968
59.382820 79.008049 1.333990 12.421218 242.230316 177.884888 0.721847 0.312719 6.559860 0.003973
59.509834 79.026939 1.190747 12.587796 242.519379 178.662735 0.719889 0.191362 6.601666 0.000690
59.627846 79.014450 1.048907 12.536687 242.789734 179.395966 0.707716 0.064618 6.634197 -0.003334
59.754860 78.972015 0.905037 12.223676 243.079300 180.189499 0.682224 -0.083128 6.661678 -0.006594
59.881874 78.893143 0.776050 11.682817 243.365372 180.986969 0.645745 -0.233187 6.676092 -0.012188
60.008888 78.772224 0.665487 10.953475 243.645935 181.787338 0.602773 -0.371464 6.677726 -0.017590
