1.20 1.10 20 64
0.136000 0.014946 0.066474 -0.075758 0.999859 0.000109 -0.139761 -0.053979 6.699415 0.003182
0.252000 0.028784 0.261425 -0.200416 1.772374 0.000289 -0.093832 -0.032750 6.627519 0.000373
0.386000 0.040093 0.602143 -0.245699 2.653004 0.001318 -0.000977 -0.011959 6.530913 0.002478
0.502000 0.056721 0.959454 -0.309333 3.404023 0.003806 0.099927 0.006770 6.432680 0.002755
0.635000 0.074709 1.391526 -0.427385 4.259336 0.006519 0.224388 0.034725 6.346510 0.002648
0.752000 0.103435 1.737660 -0.527360 4.997889 0.008529 0.327823 0.064139 6.295520 0.005119
0.886000 0.161650 2.070593 -0.642815 5.833695 0.011530 0.427139 0.095303 6.279511 0.008966
1.002000 0.226338 2.300145 -0.709597 6.568549 0.014230 0.489997 0.113427 6.284016 0.010205
1.136000 0.323566 2.468137 -0.772282 7.407067 0.019193 0.527563 0.122161 6.327327 0.013784
1.253000 0.411288 2.525065 -0.857530 8.150176 0.024859 0.529532 0.124965 6.369888 0.013344
1.386000 0.510474 2.490823 -0.950445 9.001305 0.031916 0.498779 0.129504 6.420718 0.013490
1.503000 0.605058 2.392311 -1.010222 9.756161 0.038854 0.446175 0.134990 6.466398 0.014180
1.635999 0.714920 2.182245 -1.051105 10.625613 0.045026 0.364237 0.136536 6.502702 0.015052
1.752999 0.815757 1.928724 -1.082372 11.381350 0.050470 0.280160 0.128491 6.521300 0.015029
1.885999 0.939117 1.578466 -1.183540 12.257186 0.055573 0.179459 0.107252 6.545557 0.017260
2.002999 1.051896 1.244359 -1.214662 13.017393 0.059646 0.101024 0.082119 6.557154 0.017114
2.135999 1.187842 0.878657 -1.265211 13.896216 0.063668 0.030873 0.048418 6.563520 0.017856
2.252999 1.307794 0.599202 -1.310317 14.664089 0.067023 -0.005466 0.018041 6.565894 0.018354
2.386999 1.435712 0.354720 -1.298028 15.536909 0.071938 -0.013548 -0.013737 6.559150 0.015947
2.502999 1.547387 0.218470 -1.261525 16.303774 0.078807 0.010801 -0.036003 6.551114 0.016803
2.636998 1.681175 0.148020 -1.248409 17.180243 0.086638 0.069525 -0.057609 6.531403 0.018921
2.753998 1.809537 0.160348 -1.265919 17.936485 0.093283 0.141926 -0.079368 6.510284 0.019700
2.886998 1.957765 0.229683 -1.293766 18.799929 0.099888 0.235379 -0.113187 6.483065 0.019576
3.003998 2.085323 0.319819 -1.318452 19.556915 0.106288 0.316017 -0.143063 6.463089 0.018564
3.136998 2.233627 0.428804 -1.322934 20.423054 0.116311 0.396616 -0.159097 6.463940 0.019412
3.253998 2.365969 0.527746 -1.256691 21.173811 0.129351 0.451374 -0.148360 6.482590 0.020081
3.386998 2.517203 0.642277 -1.106518 22.045498 0.148793 0.491012 -0.117224 6.530478 0.018971
3.503998 2.644942 0.723802 -0.994597 22.813044 0.166362 0.502543 -0.092562 6.578992 0.018810
3.637997 2.793026 0.790109 -0.837910 23.692469 0.188328 0.487324 -0.080666 6.644431 0.020766
3.754997 2.938101 0.836998 -0.659446 24.472710 0.208976 0.451608 -0.081430 6.689557 0.020723
3.887997 3.097492 0.867425 -0.396725 25.365166 0.232933 0.391196 -0.081534 6.727183 0.020134
4.004997 3.228408 0.884920 -0.163633 26.153482 0.255643 0.326214 -0.073919 6.752103 0.017827
4.137998 3.366668 0.898882 0.130503 27.051926 0.284844 0.247674 -0.055851 6.766885 0.016970
4.254998 3.477686 0.912106 0.397733 27.844034 0.312672 0.181910 -0.034551 6.775314 0.015701
4.387999 3.595452 0.928939 0.683852 28.749815 0.346750 0.116429 -0.004840 6.757201 0.015033
4.504999 3.689466 0.960323 0.873701 29.532393 0.375724 0.075231 0.024872 6.746293 0.013970
4.638000 3.802646 1.000764 1.117859 30.433420 0.409803 0.051942 0.063151 6.716185 0.013178
4.755000 3.881841 1.039608 1.282030 31.209753 0.440029 0.053814 0.097123 6.683315 0.010740
4.889001 3.960071 1.089505 1.440980 32.101349 0.477283 0.079450 0.132537 6.640645 0.008243
5.005001 4.017985 1.119160 1.521697 32.877136 0.509208 0.120814 0.153363 6.633003 0.008367
5.139002 4.092259 1.166627 1.666197 33.757435 0.545848 0.181111 0.161061 6.613868 0.009022
5.256002 4.149443 1.217850 1.739752 34.530075 0.579319 0.240085 0.157595 6.611733 0.008205
5.389003 4.210876 1.253315 1.798134 35.407856 0.618622 0.305502 0.155211 6.614798 0.007091
5.506003 4.255996 1.270834 1.784005 36.182148 0.653322 0.354088 0.164893 6.635008 0.006137
5.639004 4.292710 1.284877 1.747258 37.067265 0.694491 0.394764 0.188530 6.688797 0.003565
5.756004 4.316857 1.302212 1.738411 37.851185 0.732720 0.416171 0.210055 6.725087 0.002650
5.889005 4.327676 1.305921 1.685344 38.755497 0.779830 0.422836 0.221197 6.786906 0.001018
6.006005 4.330368 1.316651 1.603778 39.544403 0.822115 0.412369 0.213233 6.829824 0.000338
6.140006 4.336132 1.343196 1.505473 40.463303 0.871929 0.382944 0.183777 6.890560 0.001341
6.256006 4.340346 1.394220 1.412894 41.271336 0.918455 0.344334 0.144386 6.935904 0.001562
6.390007 4.351366 1.495999 1.319097 42.195694 0.973955 0.291712 0.087703 6.979225 0.002635
6.507008 4.366930 1.620961 1.220897 43.011959 1.023188 0.242515 0.029668 6.997386 0.001926
6.640008 4.370950 1.792829 1.024261 43.940453 1.080793 0.190310 -0.047563 6.982119 0.002142
6.757009 4.378791 1.974532 0.812880 44.755550 1.132986 0.152021 -0.127696 6.979699 0.001502
6.890009 4.383197 2.217963 0.604182 45.687244 1.195293 0.121752 -0.233918 6.957691 0.001971
7.007010 4.398067 2.438004 0.438320 46.490463 1.249658 0.106893 -0.329145 6.932878 0.004018
7.140010 4.430422 2.670034 0.308631 47.413891 1.311406 0.106575 -0.427996 6.890530 0.005674
7.257010 4.452804 2.873246 0.179080 48.215759 1.365634 0.117867 -0.492542 6.854942 0.005005
7.391011 4.485384 3.091065 0.020979 49.122448 1.427925 0.144142 -0.537058 6.814903 0.005575
7.507011 4.519999 3.253911 -0.140138 49.914906 1.484753 0.174233 -0.552090 6.775513 0.007251
7.641012 4.574397 3.379991 -0.189232 50.811169 1.551415 0.211903 -0.541027 6.745903 0.007463
7.759013 4.615413 3.439793 -0.170614 51.603825 1.612888 0.244753 -0.500306 6.733778 0.004625
7.892014 4.662175 3.445890 -0.139368 52.496399 1.683454 0.278942 -0.410697 6.732336 0.006375
8.009014 4.694790 3.398819 -0.084535 53.280945 1.744889 0.302331 -0.291199 6.726980 0.003499
8.142015 4.728159 3.292260 0.020102 54.174328 1.815084 0.318870 -0.121136 6.744141 0.003151
8.259015 4.762730 3.147544 0.122522 54.962254 1.877713 0.324328 0.039121 6.763632 0.004918
8.376016 4.806700 2.947416 0.273453 55.752575 1.940361 0.321740 0.187404 6.782342 0.005818
8.509016 4.878926 2.650113 0.456002 56.654118 2.012110 0.308759 0.325432 6.813900 0.008946
8.626017 4.941839 2.343220 0.615895 57.450676 2.077038 0.290762 0.414682 6.841151 0.008544
8.759017 5.028775 1.976622 0.798750 58.366291 2.153999 0.263825 0.487859 6.866496 0.011520
8.876018 5.113465 1.654542 0.929528 59.161835 2.220275 0.239644 0.533311 6.890946 0.012147
9.010018 5.224007 1.317580 1.045407 60.083668 2.296378 0.213519 0.569768 6.916709 0.014185
9.126019 5.323810 1.067839 1.129290 60.892056 2.362580 0.195379 0.584497 6.941107 0.015165
9.260019 5.456912 0.860267 1.250398 61.813538 2.437366 0.185731 0.575751 6.956413 0.016991
9.376019 5.573450 0.756448 1.231159 62.624870 2.503355 0.187235 0.544437 6.955941 0.018018
9.510020 5.717248 0.720566 1.188280 63.545708 2.579731 0.198413 0.485567 6.942807 0.018535
9.627021 5.843025 0.744468 1.141204 64.355392 2.648091 0.214206 0.419050 6.945929 0.019525
9.760021 5.990333 0.830259 1.119363 65.274544 2.728508 0.238695 0.328885 6.928908 0.018981
9.877022 6.114004 0.943764 1.066662 66.081047 2.799870 0.263621 0.237661 6.911940 0.018554
10.010022 6.253214 1.091995 1.074844 66.994492 2.882936 0.290244 0.121924 6.888997 0.017455
10.127023 6.379713 1.219907 1.135355 67.796181 2.957570 0.308162 0.018205 6.877522 0.019191
10.260023 6.523200 1.372874 1.156773 68.712334 3.043920 0.318919 -0.091744 6.856405 0.018068
10.377024 6.642113 1.484665 1.124406 69.510773 3.119403 0.319761 -0.173056 6.858003 0.017408
10.511024 6.782362 1.581471 1.011786 70.417900 3.207167 0.310643 -0.252224 6.853240 0.019071
10.627025 6.913096 1.633265 0.905215 71.216415 3.285258 0.294641 -0.316629 6.862574 0.021056
10.761025 7.071570 1.648700 0.740786 72.124115 3.375376 0.269859 -0.393558 6.856676 0.022184
10.878026 7.213464 1.623829 0.554989 72.923225 3.455180 0.242788 -0.465690 6.862023 0.022982
11.011026 7.369581 1.561208 0.280868 73.830902 3.545548 0.214228 -0.545399 6.854980 0.020254
11.128027 7.499746 1.473889 -0.003726 74.628372 3.626933 0.193263 -0.597501 6.849428 0.020593
11.261027 7.653930 1.345315 -0.341385 75.541763 3.722494 0.174844 -0.616696 6.851671 0.020817
11.378028 7.790037 1.217801 -0.599605 76.331749 3.807760 0.167337 -0.590208 6.847639 0.021403
11.511028 7.938324 1.077803 -0.904625 77.243286 3.908192 0.168046 -0.518793 6.838867 0.020108
11.628029 8.073375 0.946128 -1.070781 78.037643 3.996571 0.174123 -0.439643 6.825780 0.021121
11.762030 8.234964 0.800439 -1.195029 78.938828 4.097002 0.189633 -0.347630 6.809582 0.022225
11.878030 8.379927 0.680357 -1.260795 79.730392 4.186188 0.210276 -0.268257 6.812026 0.019670
12.012031 8.529272 0.545106 -1.300105 80.630913 4.290259 0.239423 -0.170857 6.820092 0.019873
12.128031 8.648949 0.446207 -1.273724 81.422867 4.383604 0.268621 -0.072974 6.812290 0.016718
12.262032 8.760237 0.335560 -1.223822 82.323486 4.490076 0.299635 0.053395 6.822695 0.014403
12.379032 8.848116 0.262196 -1.130274 83.117386 4.585227 0.323013 0.170761 6.843886 0.011584
12.512033 8.927580 0.217742 -0.921060 84.022652 4.695669 0.342335 0.304070 6.867003 0.009841
12.629033 8.984174 0.236941 -0.745503 84.821503 4.793821 0.352255 0.411621 6.890202 0.007929
12.763034 9.049497 0.298207 -0.581776 85.739235 4.908206 0.355909 0.510671 6.912405 0.008158
12.879034 9.100195 0.389411 -0.421068 86.536613 5.008390 0.349114 0.560957 6.936101 0.006937
13.012034 9.152648 0.545681 -0.195569 87.460396 5.126559 0.333962 0.567645 6.960156 0.005212
13.129035 9.181181 0.741479 0.069197 88.269623 5.231090 0.315812 0.530463 6.979440 0.002724
13.263036 9.208070 1.001830 0.415932 89.191254 5.350255 0.292238 0.456313 6.992113 0.002830
13.380036 9.233066 1.276962 0.753174 90.002792 5.456451 0.269729 0.382723 6.998486 0.002260
13.513037 9.249192 1.610560 1.188089 90.925293 5.579926 0.244595 0.306656 6.996983 0.000239
13.630037 9.263106 1.920884 1.482095 91.736397 5.685614 0.225534 0.255055 6.989898 0.000200
13.763038 9.273408 2.269013 1.825748 92.657349 5.804012 0.210387 0.214687 6.977271 -0.000250
13.880038 9.280784 2.567479 2.138247 93.466324 5.908659 0.204836 0.191807 6.966468 -0.000713
14.013039 9.295273 2.892251 2.420157 94.391640 6.030089 0.202547 0.166914 6.961802 -0.001429
14.130039 9.301920 3.141572 2.568916 95.190300 6.136762 0.203959 0.133375 6.938026 0.000952
14.263040 9.301922 3.358320 2.647696 96.111404 6.261971 0.209955 0.067124 6.937142 -0.000841
14.380040 9.301129 3.491354 2.721908 96.915039 6.372472 0.218772 -0.014314 6.933183 -0.001938
14.514041 9.294069 3.572858 2.742381 97.828384 6.499828 0.231910 -0.124390 6.932862 0.000125
14.630041 9.291306 3.585122 2.709814 98.632202 6.613884 0.241929 -0.224555 6.939216 -0.001278
14.764042 9.275667 3.524992 2.659798 99.547440 6.746717 0.250351 -0.333239 6.965484 -0.001968
14.881042 9.250457 3.422956 2.590281 100.356590 6.864569 0.255042 -0.416744 7.002907 -0.003857
15.014043 9.214496 3.254945 2.427063 101.281197 6.999895 0.256863 -0.489942 7.043417 -0.003796
15.131043 9.188270 3.074821 2.231440 102.100182 7.119344 0.254905 -0.527539 7.089843 -0.002981
15.264044 9.134022 2.865302 1.970753 103.044548 7.257660 0.250955 -0.536589 7.142565 -0.006534
15.381044 9.070417 2.700152 1.709284 103.866501 7.378269 0.247010 -0.516236 7.174536 -0.007159
15.514045 8.999411 2.562321 1.386554 104.822144 7.519120 0.241285 -0.463234 7.231390 -0.006393
15.631045 8.940164 2.492819 1.126188 105.654724 7.643310 0.235275 -0.392873 7.275667 -0.006490
15.765046 8.878349 2.479142 0.854657 106.620560 7.788280 0.228673 -0.285093 7.301440 -0.006021
15.881046 8.816607 2.543048 0.631316 107.467506 7.914722 0.224964 -0.174946 7.327813 -0.009023
16.015047 8.733425 2.707715 0.392835 108.433525 8.058727 0.221181 -0.041627 7.346825 -0.009805
16.131050 8.650095 2.918986 0.216883 109.284302 8.187408 0.216645 0.070404 7.357990 -0.011126
16.265053 8.551976 3.252882 0.018341 110.251717 8.333561 0.211375 0.182618 7.350344 -0.011131
16.382055 8.476817 3.583246 -0.096574 111.101105 8.460182 0.206219 0.259327 7.334548 -0.008966
16.515059 8.395185 3.985589 -0.200832 112.071663 8.604087 0.198121 0.315708 7.318730 -0.010055
16.632061 8.310914 4.345537 -0.251278 112.910744 8.728906 0.189073 0.334113 7.307799 -0.012587
16.765064 8.205963 4.721536 -0.291904 113.877068 8.871304 0.175911 0.322992 7.278125 -0.013159
16.882067 8.122316 5.010442 -0.322523 114.717896 8.994943 0.161887 0.294928 7.255774 -0.010382
17.016069 8.046368 5.307560 -0.380660 115.671234 9.134566 0.143122 0.259064 7.235970 -0.009229
17.132072 7.992013 5.528781 -0.399980 116.507942 9.256742 0.127649 0.238546 7.220481 -0.007855
17.266075 7.937436 5.707156 -0.356698 117.455620 9.393901 0.111314 0.236026 7.188366 -0.007129
17.383078 7.899223 5.788623 -0.292693 118.287247 9.511633 0.096404 0.246385 7.168070 -0.005902
17.516081 7.870375 5.810691 -0.232089 119.230759 9.641801 0.081339 0.255950 7.156707 -0.003511
17.633083 7.864278 5.795372 -0.164618 120.058441 9.754492 0.069744 0.250065 7.131402 -0.001485
17.766087 7.865969 5.715677 0.011859 120.996338 9.880471 0.059765 0.221594 7.102133 -0.002833
17.883089 7.870809 5.579293 0.229834 121.818527 9.990072 0.053710 0.179586 7.085834 -0.001479
18.017092 7.877888 5.385684 0.414307 122.761139 10.112459 0.052483 0.112126 7.093608 -0.000916
18.133095 7.879072 5.203380 0.618463 123.576530 10.218442 0.052614 0.037594 7.089511 -0.002957
18.267097 7.882378 4.970154 0.890098 124.518707 10.340147 0.054728 -0.059611 7.091426 -0.003143
18.383101 7.882801 4.774745 1.133739 125.341995 10.445689 0.058472 -0.137956 7.094091 -0.002024
18.517103 7.901241 4.584394 1.334933 126.276100 10.563715 0.065696 -0.202342 7.072854 0.001547
18.634106 7.935610 4.439259 1.488690 127.096291 10.665265 0.072393 -0.235797 7.056790 0.004621
18.767109 7.974551 4.315963 1.614542 128.026337 10.779184 0.078579 -0.258049 7.039927 0.004800
18.884111 8.031146 4.237754 1.716939 128.841690 10.877964 0.083109 -0.271263 7.006592 0.007554
19.017115 8.107171 4.173668 1.836334 129.764984 10.988104 0.085916 -0.276793 6.980360 0.009672
19.134117 8.183941 4.111241 1.935046 130.573746 11.085085 0.084453 -0.269411 6.952872 0.010882
19.251120 8.276802 4.071028 2.031042 131.380020 11.180643 0.081224 -0.253608 6.923522 0.013493
19.384123 8.383643 4.046102 2.090661 132.292679 11.287202 0.075641 -0.233984 6.899011 0.013209
19.501125 8.476571 4.031242 2.071792 133.093185 11.379980 0.069080 -0.216287 6.871913 0.014094
19.634129 8.595352 4.017592 2.080864 134.005508 11.486625 0.059906 -0.184259 6.840388 0.015882
19.751131 8.715513 4.026467 2.118880 134.791977 11.579187 0.051969 -0.138097 6.814514 0.018197
19.885134 8.857332 4.032355 2.163779 135.696625 11.684537 0.043681 -0.067541 6.785491 0.018190
20.001137 8.972333 4.021951 2.153785 136.483398 11.775478 0.038422 -0.004801 6.757641 0.016792
20.135139 9.113273 3.985982 2.124818 137.373550 11.878956 0.034574 0.055931 6.717842 0.020249
20.251143 9.249851 3.930925 2.088284 138.152252 11.969138 0.031943 0.099519 6.690961 0.022902
20.385145 9.431639 3.872734 2.057374 139.034149 12.071447 0.029826 0.142762 6.661698 0.025216
20.502148 9.600317 3.830748 2.052691 139.806198 12.161784 0.030062 0.173857 6.636618 0.025837
20.635151 9.796737 3.780322 1.998895 140.680801 12.263452 0.033739 0.193857 6.608025 0.027442
20.752153 9.979547 3.745368 1.931096 141.447678 12.352447 0.037831 0.192237 6.585785 0.028296
20.885157 10.190532 3.707680 1.817749 142.322891 12.453957 0.043610 0.168768 6.569680 0.028388
21.002159 10.373323 3.644652 1.715764 143.078110 12.542690 0.049905 0.138325 6.552771 0.029223
21.135162 10.603875 3.548923 1.624172 143.948135 12.647035 0.057037 0.103841 6.528465 0.030996
21.252165 10.818747 3.447309 1.578325 144.706833 12.738920 0.063648 0.082464 6.535521 0.033448
21.386168 11.069880 3.329966 1.534570 145.570221 12.843500 0.067025 0.069101 6.546471 0.033130
21.502171 11.288642 3.224918 1.572253 146.330399 12.936079 0.067586 0.060971 6.546199 0.031721
21.636173 11.531381 3.125730 1.608479 147.195053 13.041372 0.065766 0.044521 6.547328 0.031027
21.753176 11.748218 3.053167 1.607943 147.955429 13.134241 0.061161 0.018299 6.550752 0.033554
21.886179 12.017154 3.007252 1.614305 148.820587 13.240816 0.053468 -0.022596 6.552993 0.036255
22.003181 12.252660 2.979873 1.643611 149.580811 13.336170 0.046567 -0.058185 6.543244 0.034954
22.136185 12.527021 2.975044 1.688131 150.449036 13.446888 0.038415 -0.082404 6.524838 0.035715
22.253187 12.764098 2.965144 1.689197 151.199341 13.541091 0.030670 -0.077663 6.511841 0.036016
22.387190 13.049114 2.945179 1.749496 152.063782 13.651252 0.022428 -0.039566 6.497134 0.038076
22.503193 13.318304 2.931503 1.893113 152.816147 13.747994 0.016664 0.014217 6.474520 0.039267
22.637196 13.633900 2.922279 2.168175 153.668396 13.859595 0.014604 0.078835 6.451919 0.040453
22.753199 13.912570 2.911575 2.431274 154.415833 13.956717 0.015547 0.120686 6.432862 0.038844
22.887201 14.235472 2.901132 2.754204 155.262314 14.067326 0.018549 0.137900 6.406552 0.041208
23.004204 14.537566 2.887559 3.084416 156.003677 14.165874 0.024215 0.122692 6.385331 0.043346
23.137207 14.899549 2.861340 3.489239 156.843231 14.279469 0.031259 0.075868 6.361078 0.045488
23.254210 15.229065 2.830062 3.795767 157.578934 14.381169 0.036217 0.020760 6.339691 0.048136
23.387213 15.612853 2.812234 4.172806 158.418564 14.497884 0.041389 -0.038472 6.316969 0.047445
23.504215 15.948531 2.809511 4.530589 159.142761 14.598722 0.047312 -0.069913 6.290903 0.047629
23.637218 16.341450 2.810564 4.924879 159.976440 14.717122 0.057293 -0.076349 6.279468 0.049183
23.754221 16.687035 2.824967 5.251512 160.696304 14.820463 0.065214 -0.064763 6.264954 0.049264
23.888224 17.084106 2.854073 5.587587 161.525833 14.942408 0.072270 -0.054407 6.254133 0.049753
24.004227 17.437124 2.902148 5.854294 162.249344 15.050519 0.078150 -0.063635 6.247926 0.051628
24.138229 17.838940 2.956148 6.089198 163.069824 15.175648 0.082420 -0.097435 6.232876 0.050061
24.255232 18.180328 3.012218 6.215630 163.789993 15.287004 0.083588 -0.134610 6.221975 0.049357
24.388235 18.566622 3.098043 6.349992 164.608154 15.414492 0.082131 -0.164281 6.228082 0.050391
24.505238 18.907829 3.188935 6.469334 165.327087 15.529960 0.079740 -0.167218 6.215631 0.049644
24.638241 19.289007 3.347623 6.637533 166.140579 15.665493 0.074836 -0.142474 6.196140 0.048024
24.755243 19.614262 3.505378 6.726727 166.854294 15.786003 0.069559 -0.103399 6.180103 0.048310
24.888247 19.991610 3.690012 6.752499 167.670059 15.926609 0.064205 -0.050360 6.176398 0.049797
25.005249 20.320341 3.857747 6.729827 168.375168 16.051123 0.059774 -0.007148 6.167420 0.048798
25.139252 20.684349 4.038283 6.772968 169.186935 16.198988 0.055510 0.031337 6.145278 0.047264
25.256254 21.007055 4.200137 6.805079 169.899521 16.332573 0.054200 0.048321 6.141262 0.047438
25.390257 21.379597 4.377005 6.847891 170.701782 16.484581 0.055641 0.045202 6.135453 0.049272
25.506260 21.713114 4.499885 6.886398 171.405487 16.620541 0.058654 0.025559 6.117708 0.049031
25.640263 22.111410 4.616428 7.001074 172.202560 16.778194 0.063514 -0.007930 6.106160 0.051994
25.757265 22.471972 4.723566 7.046212 172.902451 16.917448 0.068921 -0.039038 6.094191 0.053426
25.890268 22.904688 4.810574 7.134051 173.701218 17.079882 0.075711 -0.070520 6.075068 0.056414
26.007271 23.279543 4.875314 7.221148 174.389832 17.222939 0.081054 -0.090299 6.054793 0.055231
26.140274 23.705694 4.930361 7.253698 175.183914 17.389414 0.087877 -0.096821 6.054897 0.056229
26.257277 24.083572 4.945405 7.276418 175.869904 17.535997 0.094877 -0.078175 6.037742 0.057866
26.391279 24.534651 4.924861 7.345802 176.660004 17.708927 0.101648 -0.018895 6.034649 0.057893
26.507282 24.932541 4.886564 7.461799 177.349380 17.863892 0.107392 0.062625 6.044047 0.057415
26.641285 25.373020 4.816766 7.584478 178.133072 18.042488 0.113082 0.170590 6.044552 0.057167
26.757288 25.767408 4.740075 7.685554 178.821808 18.200821 0.117060 0.255534 6.037984 0.058577
26.891291 26.230104 4.649069 7.784387 179.604248 18.383041 0.121450 0.319027 6.040534 0.060924
27.008293 26.646450 4.580146 7.883844 180.291534 18.546099 0.126319 0.337981 6.034265 0.060464
27.141296 27.121149 4.524202 8.054081 181.078171 18.735138 0.131118 0.321810 6.038788 0.059593
27.258299 27.526695 4.508570 8.190055 181.758972 18.900555 0.134432 0.284632 6.040643 0.059057
27.391302 27.992598 4.528462 8.372742 182.545059 19.093567 0.136146 0.224787 6.039183 0.059475
27.508305 28.401669 4.586132 8.533549 183.230881 19.264204 0.137544 0.161149 6.041232 0.058876
27.642307 28.857519 4.655469 8.758577 184.009872 19.459976 0.139530 0.076480 6.032394 0.057536
27.758310 29.260746 4.755204 8.979472 184.693893 19.634399 0.141764 -0.006583 6.035575 0.057035
27.892313 29.709295 4.936734 9.180449 185.471054 19.832769 0.146030 -0.099286 6.027291 0.056099
28.009315 30.084894 5.125793 9.277822 186.152542 20.007774 0.150058 -0.166147 6.004271 0.054052
28.142319 30.511234 5.382740 9.455881 186.924164 20.208668 0.155940 -0.215121 5.983156 0.053022
28.259321 30.888195 5.624332 9.629287 187.599197 20.385971 0.161663 -0.234846 5.954855 0.053616
28.392324 31.326052 5.896554 9.859876 188.362610 20.588945 0.168047 -0.238825 5.929401 0.054853
28.509327 31.721666 6.121418 10.083795 189.030731 20.768688 0.173890 -0.230588 5.908310 0.055834
28.626329 32.130497 6.337198 10.360066 189.696808 20.949884 0.178576 -0.211538 5.891723 0.056965
28.759333 32.606499 6.572886 10.711093 190.451401 21.157372 0.184367 -0.178651 5.872130 0.058131
28.876335 33.034248 6.731674 11.039309 191.111465 21.340433 0.189089 -0.147303 5.845970 0.058425
29.009338 33.538795 6.846711 11.469227 191.864105 21.552319 0.194477 -0.120939 5.822883 0.061151
29.126341 34.010216 6.903113 11.847078 192.518768 21.738514 0.197970 -0.111392 5.811000 0.064504
29.260344 34.565044 6.913761 12.347116 193.261719 21.953127 0.203898 -0.110649 5.814116 0.065152
29.376347 35.058395 6.879120 12.807151 193.914169 22.144058 0.209922 -0.107449 5.804402 0.066358
29.510349 35.620941 6.799380 13.369762 194.653717 22.362930 0.215336 -0.087963 5.796899 0.065340
29.626352 36.113728 6.694219 13.835628 195.303604 22.555206 0.219889 -0.054299 5.791844 0.064627
29.760355 36.656178 6.556312 14.355977 196.041153 22.775013 0.225280 -0.003513 5.781643 0.062251
29.877357 37.122955 6.407774 14.805916 196.688019 22.970245 0.230349 0.041949 5.768773 0.063131
30.010361 37.671181 6.226369 15.287447 197.420197 23.194126 0.236824 0.088413 5.745683 0.065001
30.127363 38.153488 6.071342 15.655149 198.067184 23.392733 0.242934 0.126675 5.729791 0.066502
30.260366 38.710629 5.923018 16.061440 198.793259 23.616829 0.250250 0.173036 5.702275 0.068106
30.377369 39.197643 5.804445 16.441462 199.429489 23.815783 0.258454 0.215854 5.692037 0.065532
30.510372 39.734734 5.688129 16.876049 200.150345 24.044281 0.271023 0.254964 5.681492 0.063940
30.627375 40.199894 5.607503 17.237494 200.781540 24.247568 0.282614 0.265862 5.661772 0.063465
30.761377 40.733250 5.561119 17.608294 201.495560 24.480230 0.296105 0.239678 5.629588 0.065249
30.877380 41.196289 5.552809 17.914511 202.118927 24.685726 0.307962 0.182007 5.596586 0.063910
31.011383 41.716759 5.585603 18.239264 202.823090 24.919765 0.322533 0.088531 5.559804 0.064021
31.128386 42.173344 5.639020 18.531986 203.438034 25.127007 0.335961 0.001458 5.533455 0.063212
31.261389 42.687077 5.729988 18.862614 204.132904 25.364111 0.352617 -0.078130 5.510397 0.063179
31.378391 43.151051 5.825031 19.153343 204.739182 25.573841 0.367841 -0.115257 5.462193 0.065940
31.511395 43.696636 5.922693 19.519098 205.422089 25.813042 0.385353 -0.122136 5.426645 0.067358
31.628397 44.185898 6.003903 19.822300 206.019897 26.023458 0.400530 -0.111076 5.410419 0.069482
31.761400 44.749569 6.070295 20.105495 206.701218 26.264791 0.417905 -0.097748 5.380679 0.069132
31.878403 45.239716 6.081578 20.348808 207.286957 26.475483 0.431444 -0.093154 5.355464 0.070264
32.012405 45.797169 6.063827 20.598499 207.959412 26.720629 0.446274 -0.095466 5.333514 0.068070
32.128395 46.275711 6.025301 20.752449 208.543732 26.936169 0.457531 -0.102018 5.316591 0.069066
32.262383 46.811001 5.946698 20.905537 209.203766 27.184643 0.468232 -0.110763 5.296755 0.067152
32.379372 47.275211 5.840512 21.037149 209.781281 27.406191 0.477461 -0.112719 5.282781 0.066449
32.512360 47.796337 5.683600 21.148674 210.434616 27.659962 0.488136 -0.098590 5.255255 0.066467
32.629349 48.250774 5.508904 21.236822 211.006546 27.884964 0.496978 -0.068305 5.252828 0.066250
32.762337 48.762184 5.272780 21.374174 211.652878 28.144747 0.507280 -0.020558 5.232270 0.065222
32.879326 49.201084 5.027390 21.430141 212.219254 28.375540 0.517951 0.021750 5.226092 0.064443
33.013313 49.688839 4.719417 21.362867 212.865631 28.643459 0.531572 0.061520 5.225196 0.064280
33.129303 50.117638 4.416503 21.297535 213.422791 28.879004 0.545616 0.083921 5.213280 0.065447
33.263290 50.601582 4.051387 21.182150 214.063370 29.155653 0.563391 0.091928 5.202710 0.063374
33.379280 51.004917 3.734208 21.076553 214.619278 29.401423 0.578344 0.080686 5.189086 0.058586
33.513268 51.432743 3.378136 20.899630 215.249222 29.684252 0.594484 0.052253 5.189994 0.056829
33.630257 51.795967 3.083417 20.696844 215.800049 29.937088 0.607973 0.025278 5.174591 0.056669
33.763245 52.201771 2.778738 20.419003 216.422089 30.229990 0.623472 0.006286 5.171140 0.053849
33.880234 52.523785 2.542496 20.049414 216.967178 30.491295 0.636517 0.000719 5.156545 0.049635
34.013222 52.872341 2.311402 19.592831 217.581985 30.793329 0.650264 -0.004723 5.143400 0.047447
34.130211 53.155613 2.126499 19.109465 218.118546 31.064287 0.660835 -0.016608 5.128486 0.042804
34.263199 53.449226 1.918671 18.429752 218.727951 31.378883 0.669190 -0.033133 5.114422 0.039247
34.380188 53.676964 1.761778 17.809935 219.250153 31.657284 0.673416 -0.034649 5.092619 0.035155
34.513176 53.916096 1.603168 17.089005 219.847794 31.985584 0.674327 -0.006936 5.088506 0.032338
34.630165 54.095917 1.485567 16.402590 220.365753 32.277027 0.672193 0.039599 5.076891 0.028435
34.764153 54.272732 1.358745 15.506958 220.949127 32.613815 0.666223 0.097733 5.053937 0.023452
34.880142 54.390049 1.238420 14.638059 221.456772 32.915356 0.658114 0.135194 5.035632 0.018577
35.014130 54.489536 1.077934 13.582442 222.026596 33.264580 0.647910 0.154933 5.015525 0.014265
35.131119 54.559803 0.907879 12.630242 222.521179 33.578506 0.637672 0.158005 5.002139 0.011570
35.264107 54.605419 0.679351 11.469146 223.077438 33.942848 0.624984 0.154985 4.995997 0.005134
35.381096 54.612125 0.452585 10.375393 223.561539 34.270100 0.612426 0.148487 4.995322 0.001848
35.514084 54.594105 0.172683 9.084140 224.106781 34.649834 0.597063 0.131259 4.994612 -0.003195
35.631073 54.547821 -0.093309 7.814513 224.585571 34.993919 0.583454 0.103645 5.002051 -0.009337
35.764061 54.470371 -0.415006 6.342036 225.119003 35.391510 0.566049 0.059874 5.002208 -0.011646
35.881050 54.407543 -0.738199 5.081104 225.581207 35.749889 0.551228 0.015221 4.999339 -0.011483
36.015038 54.312798 -1.119550 3.606124 226.100204 36.167465 0.532609 -0.039147 5.013386 -0.017208
36.131027 54.217205 -1.477748 2.241868 226.551147 36.544090 0.515624 -0.089205 5.026494 -0.019366
36.265015 54.122910 -1.911634 0.707822 227.057190 36.983685 0.496240 -0.146556 5.047214 -0.018231
36.382004 54.025051 -2.303313 -0.640660 227.496124 37.380375 0.477728 -0.189620 5.065088 -0.024010
36.514992 53.900387 -2.717048 -2.137683 227.987732 37.843067 0.454157 -0.220092 5.084851 -0.025330
36.631981 53.794216 -3.063331 -3.367936 228.411957 38.261299 0.432369 -0.227267 5.099498 -0.024325
36.764969 53.687950 -3.417281 -4.680276 228.890686 38.752060 0.406969 -0.221426 5.127831 -0.022516
36.881958 53.598068 -3.671420 -5.771294 229.298233 39.187252 0.384692 -0.219576 5.149007 -0.023922
37.014946 53.484283 -3.862781 -7.004820 229.761581 39.701866 0.357686 -0.237209 5.178092 -0.024454
37.131935 53.389973 -3.964525 -7.898193 230.154388 40.158230 0.332601 -0.273526 5.201660 -0.022304
37.264923 53.299328 -4.006130 -8.737370 230.598755 40.697212 0.302358 -0.327973 5.219299 -0.016981
37.381912 53.234821 -3.959457 -9.358525 230.979218 41.176456 0.275129 -0.365793 5.236232 -0.015378
37.515900 53.175892 -3.804086 -9.879580 231.403564 41.730492 0.242389 -0.370885 5.251117 -0.009952
37.632889 53.159573 -3.596151 -10.113410 231.769745 42.224388 0.210844 -0.325465 5.253873 -0.001184
37.765877 53.177650 -3.289067 -10.156276 232.178238 42.792366 0.172265 -0.214024 5.263340 0.003359
37.882866 53.222874 -2.963909 -10.097555 232.531723 43.297279 0.136095 -0.078512 5.271335 0.010325
38.015854 53.330883 -2.556204 -9.856775 232.928436 43.881504 0.093519 0.094182 5.267640 0.019011
38.132843 53.473717 -2.158932 -9.513249 233.268311 44.389519 0.055844 0.236366 5.266602 0.026376
38.265831 53.691338 -1.664881 -8.880734 233.656021 44.979477 0.013136 0.378381 5.270094 0.035105
38.382820 53.933437 -1.234750 -8.135190 233.987549 45.492355 -0.021139 0.475844 5.264110 0.042023
38.516808 54.290352 -0.733639 -7.050725 234.365829 46.087093 -0.057225 0.556526 5.257492 0.052075
38.632797 54.656292 -0.291785 -5.937946 234.694092 46.607288 -0.083504 0.595446 5.258284 0.059854
38.766785 55.156925 0.190615 -4.485426 235.067780 47.199402 -0.105043 0.603963 5.268107 0.069527
38.882774 55.660236 0.589289 -3.065740 235.398788 47.719856 -0.115996 0.583340 5.272936 0.077676
39.016762 56.305901 0.998886 -1.337914 235.780289 48.310059 -0.118319 0.534392 5.291754 0.084244
39.133751 56.915394 1.323167 0.243729 236.121078 48.827808 -0.112694 0.472379 5.306524 0.087394
39.266739 57.649433 1.632233 2.126161 236.515228 49.415554 -0.099120 0.383216 5.332255 0.091456
39.383728 58.328701 1.844507 3.818647 236.867935 49.932384 -0.079273 0.292255 5.357486 0.095086
39.500717 59.013123 2.003409 5.447300 237.228851 50.448135 -0.052860 0.195702 5.397118 0.093174
39.633705 59.806087 2.145015 7.263837 237.648819 51.033829 -0.018125 0.082696 5.435208 0.096431
39.750694 60.510674 2.230229 8.788456 238.027618 51.548008 0.015805 -0.018076 5.478025 0.096548
39.883682 61.302738 2.297223 10.426676 238.472931 52.135708 0.056455 -0.139019 5.518167 0.094045
40.000671 61.980858 2.329852 11.806705 238.869766 52.648838 0.094458 -0.244425 5.558976 0.091422
40.133659 62.732304 2.370894 13.232249 239.331390 53.231621 0.141890 -0.352693 5.608704 0.090207
40.250648 63.355656 2.410452 14.338350 239.741898 53.738590 0.185440 -0.424614 5.626038 0.084354
40.384636 64.024429 2.462412 15.482223 240.224960 54.322052 0.234221 -0.478035 5.668401 0.078187
40.500626 64.566727 2.499882 16.316673 240.653717 54.830032 0.273621 -0.505746 5.692692 0.073421
40.634613 65.124191 2.525333 17.218922 241.149094 55.406414 0.317043 -0.529652 5.729609 0.064303
40.751602 65.558914 2.565767 17.885305 241.593430 55.912014 0.353712 -0.548388 5.765625 0.059403
40.884590 66.010849 2.651184 18.409853 242.105545 56.483589 0.392360 -0.561252 5.776890 0.053360
41.001579 66.362122 2.743718 18.733688 242.560440 56.983208 0.421437 -0.557356 5.774413 0.047924
41.134567 66.714890 2.841604 18.954487 243.085800 57.551872 0.449718 -0.531834 5.776472 0.041139
41.251556 66.972748 2.925460 19.042480 243.545181 58.040314 0.471569 -0.495132 5.781405 0.035761
41.384544 67.215950 3.004568 19.036701 244.079681 58.599686 0.492291 -0.438259 5.776230 0.028959
41.501534 67.367935 3.067954 18.935148 244.548218 59.085571 0.509242 -0.371461 5.765788 0.020651
41.635521 67.474236 3.138772 18.752661 245.083252 59.634739 0.527163 -0.261163 5.763359 0.012822
41.751511 67.536819 3.192219 18.569473 245.554047 60.115383 0.540298 -0.126393 5.738736 0.009172
41.885498 67.562569 3.233918 18.245014 246.088516 60.658810 0.551709 0.066798 5.725166 0.004225
42.002487 67.546303 3.245816 17.894297 246.557571 61.134491 0.561766 0.250397 5.702533 -0.001126
42.135475 67.483749 3.227039 17.441690 247.089325 61.673088 0.570186 0.441955 5.678487 -0.007727
42.252464 67.376862 3.170745 16.981956 247.555237 62.145176 0.576224 0.569630 5.665754 -0.014054
42.385452 67.201668 3.068516 16.410454 248.086975 62.686947 0.581876 0.660025 5.667352 -0.020837
42.502441 67.005219 2.962378 15.875154 248.545746 63.157009 0.585345 0.698093 5.658210 -0.027907
42.636429 66.733398 2.802406 15.224777 249.071701 63.702362 0.587174 0.714770 5.650226 -0.032438
42.753418 66.465302 2.661126 14.589419 249.527115 64.179253 0.587204 0.715610 5.627792 -0.035411
42.887405 66.117699 2.472263 13.768522 250.045120 64.728302 0.583146 0.700706 5.641688 -0.042195
43.003395 65.792099 2.279588 13.021378 250.494308 65.211609 0.577398 0.668246 5.641211 -0.045856
43.137383 65.385498 2.027626 12.078147 251.001434 65.766724 0.567596 0.600229 5.656262 -0.051271
43.253372 64.997208 1.780886 11.195931 251.443893 66.259384 0.558381 0.508530 5.665891 -0.055683
43.387360 64.518188 1.480585 10.085312 251.942337 66.824463 0.547002 0.364403 5.670262 -0.061098
43.504349 64.071716 1.185270 9.052059 252.376282 67.327812 0.534204 0.209405 5.687697 -0.063641
43.637337 63.535648 0.869613 7.836458 252.868515 67.911240 0.518263 0.016947 5.698785 -0.068709
43.754326 63.043301 0.582416 6.767514 253.289108 68.422043 0.503371 -0.139395 5.707525 -0.073977
43.887314 62.454227 0.247468 5.454181 253.768738 69.019104 0.485298 -0.290299 5.720286 -0.077529
44.004303 61.918629 -0.048609 4.237361 254.181992 69.547737 0.468619 -0.390507 5.745603 -0.081175
44.138290 61.277958 -0.376659 2.776776 254.646164 70.158707 0.450766 -0.474499 5.788385 -0.088039
44.254280 60.682453 -0.677752 1.470014 255.049744 70.705482 0.436006 -0.524196 5.825157 -0.092488
44.388268 59.983063 -1.025461 -0.026805 255.502563 71.337502 0.416383 -0.554986 5.861592 -0.096562
44.504257 59.338505 -1.333436 -1.373881 255.895996 71.901787 0.397550 -0.562801 5.891534 -0.102134
44.638245 58.581951 -1.685522 -2.870700 256.336029 72.553299 0.375198 -0.560004 5.925108 -0.106149
44.755234 57.895920 -1.965366 -4.119929 256.717773 73.133873 0.356696 -0.552146 5.948759 -0.109881
44.888222 57.100491 -2.240462 -5.468433 257.146088 73.802338 0.335784 -0.533599 5.982169 -0.111521
45.005215 56.389786 -2.460600 -6.596255 257.518066 74.396912 0.316243 -0.501104 5.999485 -0.113250
45.138203 55.558147 -2.672362 -7.807700 257.939209 75.082687 0.292787 -0.443877 6.014444 -0.116455
45.278198 55.035671 -2.779321 -8.474792 258.196259 75.510818 0.278401 -0.402643 6.017341 -0.117036
45.383209 53.983574 -2.919485 -9.670938 258.703217 76.371384 0.252098 -0.320307 6.015665 -0.114953
45.500221 53.256409 -2.964237 -10.364219 259.054108 76.980560 0.234592 -0.262427 6.003034 -0.112377
45.628235 52.482540 -2.953336 -10.912651 259.432800 77.646683 0.216495 -0.191246 5.973202 -0.107458
45.756248 51.719837 -2.865166 -11.206162 259.809418 78.315155 0.201602 -0.108417 5.929280 -0.102819
45.884262 51.007965 -2.709462 -11.324534 260.178894 78.974213 0.190612 -0.017809 5.879054 -0.094242
46.000275 50.407360 -2.488723 -11.301502 260.509460 79.566971 0.184094 0.071855 5.830952 -0.087792
46.129288 49.800362 -2.167067 -11.082363 260.868927 80.215858 0.178981 0.189015 5.770778 -0.078464
46.256302 49.255775 -1.785733 -10.705845 261.223846 80.858498 0.175025 0.331757 5.710863 -0.068742
46.382317 48.788887 -1.388495 -10.164386 261.569580 81.484383 0.170559 0.487745 5.644100 -0.058541
46.510330 48.371948 -0.982315 -9.533226 261.918945 82.112282 0.165887 0.633036 5.595119 -0.052092
46.625343 48.052910 -0.623619 -8.858898 262.228577 82.666161 0.161695 0.727947 5.544580 -0.044509
46.753357 47.750309 -0.235291 -8.056490 262.578705 83.285828 0.157325 0.785785 5.494629 -0.036129
46.880371 47.519070 0.098611 -7.189430 262.922577 83.889526 0.153058 0.796739 5.453431 -0.028589
47.007385 47.351765 0.375174 -6.287006 263.264435 84.482452 0.148296 0.772554 5.415908 -0.020949
47.134399 47.239079 0.596715 -5.353030 263.610779 85.074646 0.143581 0.717483 5.393813 -0.011852
47.261414 47.184109 0.781072 -4.363137 263.958832 85.663254 0.139192 0.631510 5.379441 -0.007490
47.376427 47.170326 0.906141 -3.428207 264.276611 86.192871 0.135331 0.527086 5.369212 -0.000358
47.503441 47.216740 1.009225 -2.320832 264.634003 86.779549 0.132849 0.381809 5.363290 0.006657
47.632454 47.304127 1.063097 -1.186773 264.996490 87.363174 0.133843 0.213673 5.373609 0.011499
47.760468 47.433105 1.097722 -0.019694 265.363525 87.945221 0.139996 0.032488 5.379868 0.016700
47.876480 47.599861 1.120083 1.007565 265.704346 88.475899 0.150394 -0.133249 5.400298 0.024795
48.004494 47.838543 1.132463 2.114097 266.084930 89.056267 0.165656 -0.306139 5.436235 0.033583
48.132507 48.119713 1.163926 3.113061 266.471161 89.631760 0.184088 -0.462139 5.477512 0.036326
48.260521 48.421963 1.206719 4.035946 266.872162 90.216850 0.204369 -0.600402 5.513564 0.040109
48.377533 48.721497 1.262591 4.779881 267.240631 90.744591 0.223776 -0.701297 5.570513 0.044806
48.505547 49.079647 1.345122 5.441782 267.657532 91.328461 0.245090 -0.781733 5.632557 0.047409
48.633560 49.453121 1.453689 5.967174 268.088776 91.918633 0.265953 -0.827465 5.692778 0.049885
48.750572 49.794975 1.566153 6.339676 268.485779 92.451172 0.281952 -0.841018 5.747512 0.049467
48.879585 50.171902 1.712356 6.653121 268.936493 93.046913 0.295015 -0.824069 5.817370 0.050044
49.007599 50.543423 1.867013 6.789138 269.394318 93.640610 0.303865 -0.766852 5.888307 0.050590
49.134613 50.905602 2.013787 6.794756 269.861420 94.238029 0.307768 -0.664512 5.953036 0.048385
49.251625 51.223724 2.133116 6.736593 270.291351 94.782867 0.308514 -0.538179 6.005690 0.047052
49.379639 51.558422 2.259384 6.567695 270.774933 95.386696 0.305737 -0.372403 6.067614 0.046573
49.507652 51.874058 2.381144 6.266668 271.271484 95.997925 0.300303 -0.190613 6.129781 0.042953
49.625664 52.148544 2.461081 5.944519 271.728241 96.555176 0.294990 -0.020539 6.180718 0.042777
49.753677 52.439739 2.544027 5.539130 272.238770 97.173378 0.290413 0.163805 6.238159 0.039370
49.882690 52.703018 2.603056 5.072918 272.758057 97.793594 0.286851 0.327839 6.295844 0.037050
50.009705 52.942390 2.621684 4.589304 273.276062 98.407219 0.284875 0.459004 6.339949 0.035275
50.125717 53.146313 2.611594 4.177348 273.752838 98.970955 0.285116 0.550179 6.379726 0.031919
50.254730 53.346973 2.564511 3.723928 274.283569 99.596008 0.286737 0.621561 6.429004 0.028825
50.383743 53.525723 2.494970 3.220626 274.824097 100.229012 0.291672 0.661603 6.469561 0.025821
50.511757 53.673401 2.416348 2.695871 275.364014 100.860054 0.298776 0.667725 6.504105 0.020671
50.629768 53.780613 2.320092 2.167144 275.866028 101.444031 0.308212 0.646825 6.540378 0.018144
50.757782 53.877151 2.217094 1.672151 276.417816 102.085075 0.320227 0.605951 6.573480 0.014183
50.875793 53.940838 2.125047 1.249834 276.922516 102.668427 0.331534 0.562048 6.606016 0.010162
51.004807 53.992680 2.022868 0.886142 277.483429 103.313599 0.346134 0.508866 6.641348 0.007283
51.132820 54.023254 1.931617 0.630061 278.043243 103.956703 0.362251 0.447496 6.678887 0.004042
51.261833 54.038136 1.851891 0.453242 278.611145 104.606468 0.378463 0.371930 6.697156 0.001565
51.377846 54.038639 1.795808 0.432776 279.129608 105.196388 0.391813 0.290155 6.723159 -0.000993
51.506859 54.011299 1.724573 0.520638 279.700073 105.843575 0.403402 0.186713 6.754788 -0.006113
51.633873 53.947823 1.631162 0.702109 280.274292 106.493111 0.412410 0.068141 6.786269 -0.011792
51.761887 53.843792 1.543241 0.976779 280.845673 107.140511 0.419356 -0.061300 6.806003 -0.017123
51.877899 53.725929 1.465409 1.217425 281.371094 107.732483 0.423114 -0.182882 6.835548 -0.019474
52.005913 53.589417 1.383086 1.557027 281.954254 108.386139 0.423308 -0.312433 6.852309 -0.020708
52.133926 53.441582 1.322497 1.961386 282.541046 109.040955 0.420587 -0.429109 6.880006 -0.022296
52.261940 53.278484 1.272273 2.382525 283.132080 109.695969 0.416961 -0.529986 6.897943 -0.024827
52.377953 53.105064 1.233013 2.775866 283.675598 110.295677 0.412673 -0.604812 6.926876 -0.027805
52.505966 52.912979 1.216392 3.174857 284.268585 110.945816 0.409236 -0.658811 6.933479 -0.027838
52.633980 52.695641 1.199874 3.482927 284.874847 111.605469 0.407159 -0.673369 6.952621 -0.031319
52.750992 52.487473 1.168161 3.785218 285.421875 112.199036 0.405952 -0.644544 6.960482 -0.033572
52.880005 52.235222 1.135340 4.093521 286.033020 112.859108 0.406557 -0.566092 6.984173 -0.037411
53.007019 51.946873 1.087047 4.350968 286.642181 113.514488 0.410271 -0.452137 6.995827 -0.041712
53.134033 51.625572 1.032216 4.574315 287.244629 114.160500 0.416915 -0.322014 7.015845 -0.047502
53.260048 51.261517 0.997642 4.700038 287.854858 114.810867 0.426680 -0.187963 7.024700 -0.051774
53.376060 50.904396 0.976255 4.746844 288.414490 115.404495 0.438678 -0.069436 7.040184 -0.055447
53.503075 50.484119 0.961650 4.764442 289.030792 116.053146 0.454335 0.056177 7.046658 -0.059011
53.629089 50.035233 0.951373 4.724867 289.644897 116.695557 0.468621 0.174305 7.055611 -0.063916
53.757103 49.539234 0.964680 4.566723 290.272980 117.346825 0.479602 0.281986 7.073921 -0.068537
53.885117 49.012764 0.988608 4.345393 290.903564 117.997871 0.488265 0.365969 7.085725 -0.073275
54.002129 48.515774 1.003180 4.095514 291.477570 118.587425 0.492522 0.410982 7.094285 -0.075143
54.130142 47.945625 1.000525 3.700145 292.112274 119.237854 0.492806 0.422401 7.102333 -0.077226
54.256157 47.365860 0.973621 3.215120 292.739288 119.877457 0.489561 0.401562 7.110926 -0.080228
54.383171 46.752220 0.936034 2.710680 293.377625 120.526375 0.480591 0.366874 7.112847 -0.083980
54.512184 46.113918 0.883135 2.178597 294.018616 121.173393 0.467341 0.337020 7.117424 -0.086766
54.629196 45.509510 0.825304 1.638983 294.606537 121.762794 0.454624 0.316153 7.118191 -0.090083
54.757210 44.822338 0.755105 1.026710 295.250977 122.406876 0.439315 0.286076 7.116515 -0.094451
54.885223 44.104805 0.656832 0.363940 295.896210 123.049873 0.422802 0.228596 7.119035 -0.097847
55.001236 43.424767 0.542343 -0.253696 296.487762 123.635796 0.409100 0.147667 7.115166 -0.101874
55.129250 42.666252 0.387361 -0.928528 297.130493 124.269325 0.398156 0.042688 7.100943 -0.103270
55.257263 41.887470 0.214395 -1.545394 297.777496 124.904968 0.393155 -0.055233 7.080946 -0.107391
55.385277 41.086754 0.023746 -2.065614 298.423065 125.539543 0.393522 -0.126248 7.067951 -0.109053
55.501289 40.360092 -0.149712 -2.498219 299.007935 126.112839 0.399446 -0.163496 7.055416 -0.109337
55.629303 39.547577 -0.328665 -3.028839 299.653717 126.741104 0.409906 -0.182998 7.028607 -0.111619
55.757317 38.734337 -0.493289 -3.530153 300.302521 127.370209 0.423661 -0.192044 6.991727 -0.110335
55.885330 37.916718 -0.634994 -4.003128 300.944580 127.989952 0.437793 -0.201511 6.951586 -0.112509
56.012344 37.105904 -0.744048 -4.421261 301.574921 128.594513 0.451568 -0.214249 6.917508 -0.113365
56.126358 36.368000 -0.849570 -4.752852 302.149139 129.140808 0.461491 -0.223910 6.876489 -0.112137
56.255371 35.551155 -0.961739 -5.121059 302.786835 129.742722 0.468878 -0.223456 6.836968 -0.110899
56.383385 34.741554 -1.046835 -5.451075 303.422089 130.339050 0.471043 -0.203860 6.783509 -0.110876
56.511398 33.928020 -1.122482 -5.705825 304.054230 130.928665 0.467090 -0.166380 6.733222 -0.111604
56.627411 33.188736 -1.166853 -5.892503 304.628204 131.462845 0.459078 -0.120935 6.680239 -0.109545
56.754425 32.406864 -1.214341 -6.080471 305.242310 132.031738 0.445440 -0.065417 6.610483 -0.109025
56.879440 31.631939 -1.254185 -6.254273 305.851837 132.592636 0.427214 -0.008970 6.548163 -0.106591
57.006454 30.869413 -1.287113 -6.398145 306.455627 133.145859 0.406427 0.044846 6.463061 -0.105822
57.134468 30.091949 -1.326134 -6.573475 307.061951 133.698608 0.385171 0.094825 6.367055 -0.105862
57.251480 29.389061 -1.370614 -6.752658 307.610352 134.194611 0.367504 0.135166 6.287606 -0.104441
57.377495 28.646048 -1.425074 -6.845256 308.197632 134.724808 0.350725 0.169848 6.192559 -0.101231
57.505508 27.923904 -1.477908 -6.879068 308.782318 135.249863 0.336602 0.188634 6.101729 -0.096075
57.631519 27.245350 -1.529029 -6.864382 309.349426 135.757782 0.326146 0.185059 6.000225 -0.091460
57.758533 26.600243 -1.577459 -6.891630 309.909241 136.254868 0.318723 0.163358 5.904371 -0.087791
57.885548 25.963821 -1.645290 -6.900955 310.465057 136.746231 0.315004 0.133757 5.793381 -0.087376
58.011562 25.328461 -1.736640 -6.953718 311.011566 137.227921 0.313569 0.106438 5.699356 -0.086775
58.127575 24.765244 -1.840135 -7.015545 311.499573 137.655212 0.313156 0.083753 5.607640 -0.085774
58.252590 24.159636 -1.975075 -7.057748 312.027130 138.115799 0.314941 0.056036 5.523067 -0.082900
58.378605 23.576216 -2.124208 -7.110296 312.544647 138.563354 0.317483 0.023079 5.438709 -0.080738
58.505619 22.998205 -2.317651 -7.158266 313.064484 139.008087 0.318349 -0.010679 5.350651 -0.077989
58.633633 22.445784 -2.517594 -7.233858 313.582153 139.447861 0.316666 -0.035424 5.275420 -0.072984
58.762646 21.929657 -2.728076 -7.300283 314.097809 139.883636 0.311967 -0.048443 5.204203 -0.068527
58.878658 21.505369 -2.917562 -7.352044 314.556274 140.267136 0.306291 -0.052883 5.121851 -0.062634
59.004673 21.068081 -3.095051 -7.417871 315.052155 140.678986 0.297190 -0.052249 5.043823 -0.058598
59.131687 20.661621 -3.218164 -7.446721 315.543121 141.082520 0.286051 -0.043888 4.979320 -0.054088
59.260700 20.287010 -3.298893 -7.464739 316.033051 141.480286 0.274195 -0.026080 4.900833 -0.048853
59.384716 19.965338 -3.318313 -7.445177 316.503601 141.857330 0.262686 -0.007879 4.836985 -0.042271
59.510731 19.676966 -3.270484 -7.359744 316.978241 142.232147 0.252619 -0.005047 4.772834 -0.037413
59.637745 19.427980 -3.160615 -7.265291 317.453430 142.601318 0.244087 -0.031380 4.712972 -0.032169
59.752758 19.225845 -3.022786 -7.177509 317.885345 142.931229 0.238021 -0.079273 4.667091 -0.027906
59.879772 19.033709 -2.823522 -6.995063 318.356262 143.285858 0.232802 -0.141812 4.623217 -0.023106
60.006786 18.877008 -2.573677 -6.767204 318.826477 143.631790 0.229789 -0.192771 4.577765 -0.018925
