1.20 1.10 20 64
0.135000 0.012057 -0.206422 -0.001635 0.889237 -0.002569 -0.125430 0.143715 6.557903 0.002304
0.253000 0.018971 -0.684927 -0.015661 1.661331 -0.007048 -0.067305 0.018152 6.439336 0.000446
0.381000 0.023230 -1.444239 -0.023513 2.478072 -0.010407 0.033365 -0.149366 6.338845 0.000173
0.512000 0.018852 -2.408126 -0.085285 3.296317 -0.013462 0.163767 -0.343885 6.260782 -0.000410
0.629000 0.028092 -3.410726 -0.141815 4.025623 -0.016120 0.293901 -0.516790 6.216007 0.002077
0.759000 0.051008 -4.599393 -0.164126 4.831344 -0.018518 0.437997 -0.674216 6.188632 0.003544
0.877000 0.083128 -5.707781 -0.168504 5.561754 -0.019161 0.556557 -0.768584 6.191393 0.004004
1.006000 0.116788 -6.898060 -0.182293 6.362239 -0.019699 0.663441 -0.814409 6.218449 0.004485
1.136000 0.150094 -7.988082 -0.182368 7.173175 -0.019891 0.740170 -0.803126 6.252385 0.003623
1.253000 0.172567 -8.840234 -0.161606 7.906671 -0.020146 0.776966 -0.749126 6.279554 0.003694
1.382000 0.194274 -9.582893 -0.166965 8.717965 -0.020612 0.780196 -0.647220 6.289637 0.002088
1.512000 0.212294 -10.059206 -0.177975 9.533341 -0.021407 0.747160 -0.515206 6.252793 0.001650
1.629999 0.225282 -10.201899 -0.216610 10.266981 -0.022038 0.692507 -0.385197 6.186710 0.000842
1.759999 0.228118 -10.000907 -0.263906 11.062505 -0.020492 0.613769 -0.245903 6.067917 -0.000993
1.876999 0.227692 -9.505069 -0.348224 11.768894 -0.019397 0.534791 -0.128274 5.929959 -0.002279
2.003999 0.231672 -8.695609 -0.483308 12.503785 -0.018865 0.450396 -0.009899 5.760339 -0.002550
2.132999 0.232661 -7.641629 -0.648643 13.234887 -0.019872 0.367649 0.103395 5.592341 -0.004055
2.261000 0.230394 -6.460094 -0.813287 13.945086 -0.019351 0.294172 0.207889 5.438309 -0.001972
2.379000 0.231853 -5.334050 -0.880878 14.572753 -0.015721 0.241047 0.296391 5.315296 -0.000923
2.509001 0.227940 -4.124762 -0.918325 15.252611 -0.010961 0.199992 0.392680 5.177649 -0.001509
2.627001 0.227347 -3.138565 -0.919135 15.856009 -0.004501 0.179279 0.482490 5.075712 0.001824
2.754001 0.230823 -2.234720 -0.857758 16.499336 0.001929 0.173594 0.579876 4.989216 -0.000110
2.882002 0.220564 -1.565605 -0.781706 17.128744 0.007743 0.183355 0.663835 4.936605 -0.001189
3.011002 0.205121 -1.162214 -0.676274 17.762869 0.015709 0.206305 0.722053 4.904930 -0.002116
3.127002 0.184465 -1.046529 -0.623972 18.335449 0.023591 0.233324 0.745425 4.890232 -0.002947
3.254002 0.159788 -1.186007 -0.574081 18.951607 0.030385 0.265820 0.736640 4.894210 -0.002534
3.382003 0.126658 -1.599200 -0.480797 19.583771 0.036151 0.298589 0.689700 4.904418 -0.005709
3.509003 0.080620 -2.231837 -0.377517 20.203583 0.041192 0.325881 0.603264 4.933531 -0.006088
3.635003 0.037397 -3.047127 -0.256186 20.833632 0.045353 0.345263 0.477432 4.979197 -0.004558
3.752003 0.000906 -3.904400 -0.142581 21.418964 0.049227 0.354812 0.336123 5.021863 -0.003638
3.881003 -0.038541 -4.905441 -0.015650 22.065298 0.053293 0.354528 0.166629 5.068308 -0.004169
4.009004 -0.082728 -5.882961 0.118255 22.723017 0.057738 0.344893 -0.007436 5.116769 -0.003962
4.126005 -0.126606 -6.643768 0.248823 23.319307 0.062775 0.332704 -0.162016 5.153707 -0.004359
4.252006 -0.174082 -7.269635 0.378039 23.976065 0.069360 0.319753 -0.325501 5.184351 -0.004650
4.379007 -0.217818 -7.614997 0.505917 24.635881 0.075257 0.309427 -0.471124 5.201405 -0.003644
4.507009 -0.246419 -7.634062 0.650771 25.301844 0.083185 0.303739 -0.581303 5.200868 0.000120
4.636010 -0.265138 -7.341900 0.755064 25.966480 0.091512 0.302483 -0.642036 5.183840 -0.001314
4.762011 -0.281939 -6.782004 0.786434 26.617138 0.099941 0.303471 -0.654244 5.144576 -0.002752
4.877012 -0.301188 -6.082833 0.820564 27.210665 0.107834 0.304171 -0.635808 5.095204 -0.002067
5.004014 -0.310333 -5.203762 0.839523 27.847765 0.115536 0.301040 -0.601258 5.025200 -0.000887
5.133015 -0.319090 -4.242280 0.820635 28.490604 0.122600 0.290241 -0.562944 4.951566 -0.001319
5.259016 -0.327659 -3.285564 0.754291 29.115614 0.129617 0.270509 -0.522957 4.901542 -0.001743
5.376017 -0.326237 -2.466959 0.717778 29.681065 0.137872 0.245186 -0.478021 4.858614 0.000593
5.505018 -0.326687 -1.659412 0.689364 30.304802 0.148849 0.210949 -0.408955 4.819495 0.000085
5.632020 -0.323083 -1.004762 0.637228 30.914511 0.159698 0.173385 -0.316703 4.788388 -0.000161
5.759021 -0.322298 -0.516153 0.583943 31.521095 0.170917 0.133982 -0.205084 4.769597 -0.000449
5.876022 -0.325427 -0.237506 0.548172 32.078644 0.181597 0.099646 -0.098447 4.765008 -0.000934
6.004023 -0.321096 -0.115532 0.501739 32.693817 0.193324 0.066933 0.007102 4.774556 0.000982
6.131024 -0.308180 -0.172159 0.462780 33.301281 0.205359 0.042530 0.090249 4.792851 0.002677
6.259026 -0.274988 -0.383001 0.397644 33.911945 0.217619 0.028901 0.161883 4.822734 0.005831
6.376027 -0.224315 -0.676446 0.315150 34.483707 0.228391 0.024831 0.232466 4.865706 0.007416
6.506028 -0.164402 -1.054504 0.231616 35.114597 0.239916 0.032166 0.322784 4.910414 0.007228
6.634029 -0.101407 -1.435752 0.088365 35.752151 0.251408 0.052655 0.420031 4.965704 0.008669
6.760030 -0.038683 -1.780014 -0.040654 36.381920 0.263142 0.081811 0.509882 5.022933 0.008506
6.887032 0.025037 -2.052669 -0.123561 37.019508 0.276803 0.119857 0.587237 5.083328 0.007915
7.003033 0.083461 -2.217971 -0.163704 37.617599 0.290413 0.160053 0.640318 5.136112 0.009582
7.132034 0.163127 -2.289341 -0.111443 38.283730 0.306446 0.203074 0.664853 5.186732 0.012583
7.261035 0.253208 -2.225282 -0.068727 38.955578 0.321605 0.238154 0.640315 5.228719 0.012151
7.378036 0.338619 -2.066950 -0.060036 39.563770 0.335134 0.260589 0.573481 5.254163 0.013167
7.507037 0.446920 -1.791512 -0.063571 40.244061 0.349773 0.271071 0.462596 5.288462 0.015215
7.632039 0.565176 -1.443819 -0.074011 40.906509 0.363604 0.264945 0.338214 5.307609 0.017770
7.759040 0.692165 -1.037839 -0.115496 41.586533 0.376572 0.244219 0.204799 5.320265 0.016853
7.876041 0.805985 -0.649939 -0.162803 42.204590 0.388112 0.213544 0.080133 5.334428 0.016783
8.003042 0.930713 -0.219747 -0.223026 42.888416 0.400544 0.171126 -0.058520 5.349942 0.016444
8.132042 1.056723 0.199751 -0.242791 43.573673 0.412797 0.122986 -0.188562 5.355875 0.019001
8.259041 1.199730 0.582223 -0.200236 44.259327 0.425022 0.074323 -0.303864 5.360426 0.020379
8.376040 1.337989 0.887031 -0.145432 44.886581 0.436372 0.033953 -0.398787 5.362514 0.020582
8.506041 1.493478 1.175660 -0.086336 45.578529 0.449879 -0.001980 -0.499263 5.365223 0.020565
8.633039 1.638215 1.392619 -0.028452 46.264900 0.462419 -0.026445 -0.589083 5.366897 0.019788
8.760038 1.770266 1.546892 0.040153 46.941051 0.474901 -0.039216 -0.650708 5.369703 0.017616
8.877038 1.887793 1.654772 0.088035 47.570049 0.486334 -0.039558 -0.667015 5.380813 0.017427
9.006038 2.026616 1.710799 0.125735 48.265053 0.499703 -0.027745 -0.632690 5.393081 0.018605
9.134037 2.165652 1.704504 0.193024 48.961636 0.513578 -0.005881 -0.550586 5.408767 0.017481
9.252037 2.294379 1.662393 0.318663 49.595741 0.527251 0.020758 -0.446121 5.430552 0.018966
9.381037 2.448235 1.590550 0.502624 50.297390 0.542730 0.055592 -0.305930 5.448265 0.020836
9.510036 2.609103 1.494220 0.733710 51.001911 0.559292 0.090166 -0.147023 5.473767 0.022252
9.626036 2.760783 1.397127 0.915911 51.644600 0.572689 0.118409 0.005052 5.508357 0.022567
9.756036 2.936215 1.295790 1.177681 52.363895 0.588323 0.143740 0.169781 5.553632 0.023751
9.885036 3.120651 1.220653 1.405931 53.077980 0.604969 0.158605 0.305733 5.596046 0.025525
10.002035 3.296696 1.165974 1.575522 53.735241 0.620871 0.162970 0.390180 5.638949 0.025965
10.130034 3.499241 1.131479 1.777343 54.465607 0.638807 0.158011 0.427785 5.683292 0.027055
10.259034 3.709626 1.137170 1.948975 55.196438 0.658046 0.143458 0.409235 5.728804 0.028837
10.376034 3.908492 1.176697 2.113980 55.869297 0.677190 0.122883 0.357855 5.767133 0.029161
10.505033 4.130085 1.269914 2.254330 56.615284 0.699142 0.096159 0.284548 5.797734 0.030124
10.634033 4.362139 1.402267 2.358819 57.364449 0.721953 0.068463 0.218788 5.816547 0.030695
10.752032 4.572334 1.551134 2.434552 58.051193 0.744162 0.045125 0.179470 5.826788 0.030166
10.881032 4.802763 1.748597 2.468310 58.802521 0.769721 0.023945 0.162969 5.829366 0.031839
11.010032 5.044537 1.966467 2.499303 59.553822 0.798350 0.008654 0.167019 5.822853 0.033269
11.127031 5.273725 2.153618 2.508078 60.234089 0.824749 0.001562 0.176078 5.816555 0.033227
11.256031 5.520318 2.365050 2.488277 60.983166 0.854439 0.000730 0.177817 5.805664 0.033420
11.384030 5.763719 2.566911 2.418498 61.730278 0.886103 0.006401 0.160754 5.790996 0.033223
11.511029 6.012074 2.744849 2.315231 62.463898 0.916839 0.017347 0.122220 5.777400 0.035306
11.626028 6.231391 2.878266 2.190231 63.120903 0.946395 0.030276 0.068913 5.767092 0.033728
11.754027 6.469092 2.975955 2.035358 63.857323 0.982002 0.045632 -0.009685 5.757247 0.033267
11.882027 6.717780 3.016542 1.852335 64.593475 1.019644 0.059284 -0.098503 5.760435 0.036584
12.010026 6.983389 3.024533 1.669424 65.330406 1.059641 0.071237 -0.183605 5.772076 0.038417
12.126025 7.233339 2.986888 1.543746 65.999306 1.097718 0.079163 -0.244429 5.781181 0.038175
12.255025 7.523616 2.902989 1.411940 66.751549 1.140511 0.083686 -0.282973 5.802997 0.041003
12.383024 7.830856 2.809984 1.284678 67.488792 1.183761 0.083501 -0.284855 5.824354 0.043997
12.509023 8.151250 2.700247 1.225379 68.228729 1.228836 0.078585 -0.253245 5.846486 0.045077
12.636022 8.479880 2.568581 1.144402 68.971802 1.276016 0.069854 -0.196945 5.873823 0.045356
12.762020 8.803626 2.445880 1.133905 69.706322 1.324790 0.058534 -0.131959 5.901800 0.045054
12.879020 9.102403 2.350302 1.157716 70.397171 1.372386 0.047579 -0.076665 5.928790 0.044454
13.008019 9.446877 2.295885 1.140627 71.167038 1.426798 0.037631 -0.035670 5.942486 0.047065
13.126019 9.766081 2.292516 1.150238 71.861435 1.476960 0.031108 -0.019835 5.954873 0.047273
13.255019 10.138813 2.341059 1.176741 72.633331 1.533852 0.027486 -0.016468 5.952468 0.050604
13.384019 10.517086 2.430817 1.254547 73.392807 1.591555 0.027754 -0.015036 5.946507 0.051515
13.501019 10.878887 2.540094 1.350534 74.091820 1.646116 0.031154 -0.005685 5.935575 0.053928
13.630018 11.276531 2.680568 1.455753 74.854012 1.707073 0.038543 0.017098 5.923058 0.053168
13.758018 11.682509 2.827035 1.598699 75.607132 1.771011 0.048252 0.049334 5.893110 0.054787
13.883016 12.090390 2.977062 1.803123 76.339729 1.836181 0.058640 0.083738 5.875390 0.055599
14.011015 12.501824 3.115601 2.019033 77.087753 1.905451 0.069511 0.115466 5.863134 0.053596
14.128015 12.875308 3.216354 2.215366 77.763405 1.970624 0.078377 0.135344 5.841971 0.055075
14.257014 13.307545 3.297815 2.458952 78.512604 2.044974 0.084931 0.140834 5.831583 0.057705
14.386014 13.752897 3.367738 2.757540 79.260231 2.122474 0.088763 0.122435 5.825370 0.058482
14.503014 14.160845 3.414424 2.997298 79.937691 2.194118 0.091025 0.083702 5.819484 0.058823
14.631013 14.610956 3.450921 3.235517 80.677696 2.274739 0.090653 0.025057 5.815131 0.059545
14.760013 15.069124 3.435604 3.469021 81.422295 2.359168 0.088562 -0.034725 5.807136 0.060993
14.879012 15.506196 3.381283 3.733901 82.108131 2.440487 0.084987 -0.074006 5.809013 0.062293
15.005011 15.974636 3.304233 3.994158 82.840889 2.529617 0.079184 -0.089994 5.816030 0.061763
15.132010 16.432167 3.210735 4.258041 83.568321 2.620384 0.073102 -0.080878 5.822429 0.060948
15.260009 16.900820 3.116398 4.476960 84.313385 2.715015 0.066451 -0.055520 5.825049 0.062957
15.377008 17.333748 3.051343 4.624506 84.983765 2.802077 0.061976 -0.030908 5.825062 0.063627
15.504007 17.803322 2.999175 4.754282 85.716866 2.901325 0.059929 -0.013145 5.824174 0.063748
15.633007 18.277912 2.948418 4.800839 86.460197 3.003533 0.060329 -0.014787 5.810249 0.064991
15.761006 18.771664 2.910825 4.873258 87.201935 3.108979 0.063661 -0.038308 5.803988 0.066573
15.879006 19.226858 2.896282 5.010392 87.873093 3.207707 0.070103 -0.072145 5.793507 0.067061
16.008005 19.725605 2.890925 5.144510 88.611122 3.318981 0.078311 -0.108581 5.780506 0.066812
16.136997 20.238369 2.899194 5.277352 89.346855 3.434035 0.088521 -0.128771 5.769805 0.069226
16.253990 20.712963 2.908124 5.393397 90.012672 3.541923 0.096927 -0.123790 5.757363 0.069901
16.382982 21.238037 2.921121 5.493018 90.745003 3.664131 0.103586 -0.088048 5.750868 0.069976
16.511974 21.763794 2.939940 5.613171 91.475136 3.789812 0.109705 -0.021864 5.741571 0.070618
16.628967 22.244736 2.966589 5.726928 92.142136 3.908172 0.114551 0.056874 5.739978 0.070392
16.757959 22.765322 3.007392 5.818377 92.870720 4.041065 0.117022 0.144037 5.742281 0.069991
16.886951 23.290222 3.064526 5.886034 93.592339 4.177017 0.118179 0.212553 5.734952 0.071024
17.004944 23.773567 3.112923 5.924486 94.255882 4.306067 0.116975 0.252999 5.726176 0.071208
17.132936 24.304750 3.162322 5.992491 94.979515 4.450217 0.114395 0.279544 5.714200 0.071890
17.257931 24.824738 3.226552 6.103354 95.677658 4.595504 0.111021 0.297341 5.696517 0.071431
17.386923 25.353594 3.297424 6.183692 96.389458 4.747725 0.108274 0.304754 5.680693 0.071868
17.503916 25.847309 3.350253 6.246112 97.037445 4.891164 0.105764 0.289019 5.667872 0.072564
17.631908 26.380407 3.401110 6.376536 97.749428 5.054515 0.103853 0.235612 5.658659 0.070234
17.760900 26.903479 3.449448 6.524203 98.453453 5.220641 0.104541 0.153435 5.645048 0.069606
17.876894 27.384058 3.471281 6.685138 99.094521 5.375932 0.107584 0.071813 5.630869 0.069746
18.004887 27.916304 3.487497 6.907479 99.792633 5.549870 0.112813 -0.006530 5.616328 0.071091
18.132879 28.445177 3.497666 7.115008 100.482521 5.726313 0.121122 -0.067983 5.599557 0.071433
18.260872 28.975950 3.503452 7.338734 101.174492 5.909166 0.131337 -0.120355 5.588939 0.070136
18.376865 29.453760 3.494851 7.474213 101.805847 6.079533 0.142039 -0.166104 5.583101 0.070644
18.504858 29.976709 3.465499 7.629832 102.489166 6.269288 0.154979 -0.216287 5.583786 0.070782
18.631851 30.490562 3.423589 7.797942 103.176300 6.466151 0.167999 -0.263330 5.585771 0.067478
18.759844 30.992302 3.368798 7.936295 103.857315 6.664124 0.180632 -0.300095 5.583765 0.067838
18.875837 31.453199 3.312889 8.017283 104.478470 6.848108 0.192130 -0.321341 5.583208 0.068904
19.004831 31.968971 3.254543 8.146113 105.172791 7.058203 0.204020 -0.331789 5.578734 0.067424
19.133823 32.465519 3.209107 8.252004 105.855003 7.268428 0.212675 -0.332925 5.576235 0.066192
19.250816 32.918823 3.180252 8.342776 106.477455 7.464076 0.218010 -0.329412 5.577109 0.067030
19.379808 33.414474 3.137024 8.447665 107.162689 7.683375 0.222389 -0.316603 5.574165 0.066552
19.507801 33.905239 3.113290 8.511422 107.846825 7.905833 0.224579 -0.280067 5.579821 0.065457
19.636793 34.369236 3.109027 8.456140 108.525055 8.129698 0.224602 -0.213306 5.574792 0.063383
19.751787 34.776310 3.119564 8.433637 109.131821 8.333864 0.225008 -0.135294 5.565874 0.061936
19.880779 35.225815 3.136114 8.408814 109.809990 8.566012 0.226398 -0.047180 5.552407 0.061295
20.009771 35.672649 3.144483 8.399718 110.485512 8.801517 0.228962 0.022503 5.544573 0.059329
20.126764 36.066254 3.156386 8.419932 111.095894 9.018510 0.232668 0.068743 5.531120 0.057749
20.255756 36.484337 3.148387 8.450997 111.766205 9.261572 0.238812 0.110146 5.528042 0.055812
20.384748 36.900703 3.128218 8.476504 112.439919 9.511192 0.246074 0.149946 5.521809 0.055296
20.502741 37.279755 3.105380 8.518136 113.049347 9.742551 0.254637 0.186336 5.524876 0.055729
20.632732 37.689419 3.084844 8.594602 113.713234 9.999876 0.266481 0.225359 5.518186 0.053892
20.759726 38.084496 3.064655 8.682171 114.371170 10.258810 0.279819 0.266141 5.528975 0.051820
20.875719 38.415665 3.053484 8.734610 114.967186 10.497162 0.293814 0.306328 5.537176 0.047331
21.003712 38.775620 3.039103 8.793378 115.622894 10.764041 0.309565 0.351324 5.529412 0.048652
21.132704 39.131001 3.037166 8.803885 116.278053 11.032758 0.325770 0.386470 5.535289 0.048213
21.261696 39.489151 3.034490 8.844898 116.936958 11.307076 0.340932 0.403699 5.532649 0.047836
21.378689 39.800495 3.007982 8.906430 117.532974 11.560090 0.354066 0.399843 5.537072 0.045297
21.504683 40.120579 2.956371 8.963007 118.173897 11.837230 0.364909 0.374890 5.549560 0.043540
21.630676 40.427677 2.887516 8.996414 118.815483 12.118298 0.372039 0.329012 5.565232 0.041881
21.759668 40.726933 2.797571 9.010762 119.472672 12.409808 0.377101 0.265715 5.572357 0.039588
21.875662 40.987286 2.711581 9.021324 120.062294 12.675357 0.380356 0.202431 5.576874 0.038886
22.003654 41.278828 2.608072 9.041269 120.711800 12.972115 0.384010 0.132199 5.579454 0.040175
22.132647 41.571316 2.489995 9.087798 121.365150 13.274285 0.388423 0.064781 5.578597 0.039120
22.260639 41.863365 2.364399 9.131201 122.017479 13.579200 0.394256 -0.002809 5.584001 0.039904
22.377632 42.123455 2.245161 9.153013 122.608452 13.858790 0.399924 -0.068264 5.589118 0.037907
22.506624 42.389431 2.120013 9.146224 123.253609 14.168825 0.407426 -0.148569 5.593305 0.036364
22.635616 42.647572 1.997235 9.130310 123.901634 14.485496 0.416154 -0.241658 5.587247 0.033690
22.751610 42.863544 1.878636 9.089710 124.487839 14.776535 0.425850 -0.336717 5.595668 0.031854
22.880602 43.090038 1.741595 9.009446 125.132660 15.101111 0.437821 -0.448328 5.594202 0.030517
23.009594 43.305157 1.595860 8.905655 125.769913 15.427753 0.451126 -0.552636 5.594556 0.028707
23.127588 43.490932 1.442693 8.693067 126.361191 15.735450 0.463057 -0.631161 5.607411 0.027545
23.257580 43.687935 1.244846 8.421930 127.000725 16.074850 0.476534 -0.680250 5.619389 0.025864
23.375572 43.842564 1.046075 8.144338 127.584999 16.390806 0.487366 -0.678418 5.635063 0.021589
23.504564 43.985935 0.805828 7.809042 128.228760 16.743902 0.497495 -0.614437 5.656841 0.018974
23.634556 44.122314 0.575167 7.468915 128.867096 17.101242 0.505243 -0.488854 5.687844 0.018056
23.752548 44.221333 0.374980 7.067952 129.453003 17.433584 0.511372 -0.337217 5.720232 0.013467
23.881540 44.300781 0.180348 6.598343 130.093704 17.803532 0.516373 -0.157175 5.752132 0.008071
24.010532 44.343521 -0.003845 6.008403 130.736191 18.179232 0.519427 0.012547 5.781163 0.003679
24.127525 44.345673 -0.145248 5.463251 131.319016 18.526497 0.520378 0.148470 5.811629 -0.001814
24.256517 44.309040 -0.264095 4.852690 131.962631 18.916237 0.520830 0.280881 5.845837 -0.008035
24.382511 44.226429 -0.357145 4.177897 132.596924 19.306068 0.519983 0.397071 5.875877 -0.015013
24.509504 44.091621 -0.444552 3.470121 133.227341 19.699627 0.520008 0.498904 5.913690 -0.021846
24.636497 43.910522 -0.517459 2.754714 133.863831 20.103632 0.520480 0.581082 5.951020 -0.028605
24.751492 43.700695 -0.575564 2.079724 134.441833 20.473953 0.520747 0.626623 5.984918 -0.034711
24.877485 43.432655 -0.615503 1.309165 135.078064 20.883768 0.521164 0.635130 6.021543 -0.040780
25.003479 43.116379 -0.643548 0.486950 135.717514 21.298115 0.521093 0.597914 6.068152 -0.047519
25.129473 42.764381 -0.679798 -0.242951 136.364380 21.721071 0.520762 0.523572 6.101074 -0.051394
25.256466 42.368168 -0.717009 -0.948442 137.008713 22.144375 0.518512 0.426921 6.131471 -0.058391
25.382460 41.948902 -0.772993 -1.597023 137.655045 22.572807 0.514701 0.317751 6.174051 -0.060468
25.511452 41.478539 -0.849587 -2.174964 138.319275 23.016932 0.508196 0.202600 6.209155 -0.067029
25.628445 41.018833 -0.918000 -2.592010 138.922546 23.424578 0.499730 0.104342 6.232512 -0.070903
25.756437 40.488300 -0.999577 -2.924161 139.589020 23.879776 0.489810 0.015518 6.274062 -0.074085
25.883430 39.928131 -1.068965 -3.257787 140.248169 24.332302 0.479181 -0.044909 6.309350 -0.080662
26.009424 39.328323 -1.125614 -3.503975 140.903259 24.786448 0.468247 -0.085561 6.338719 -0.085760
26.127417 38.743057 -1.174360 -3.640656 141.512711 25.212429 0.460797 -0.122846 6.366449 -0.089588
26.254410 38.065399 -1.209724 -3.739826 142.177200 25.677376 0.454830 -0.181943 6.400998 -0.095178
26.380404 37.369495 -1.244761 -3.727134 142.844528 26.145235 0.448452 -0.269112 6.429247 -0.097858
26.510395 36.628376 -1.266577 -3.733550 143.525040 26.622650 0.443906 -0.381258 6.455000 -0.101946
26.627388 35.928013 -1.287943 -3.744851 144.148453 27.062302 0.441717 -0.489375 6.470755 -0.104609
26.757380 35.132477 -1.298734 -3.728426 144.832443 27.543001 0.438009 -0.591001 6.486473 -0.108825
26.886372 34.312786 -1.316120 -3.621452 145.516510 28.025835 0.433568 -0.654014 6.490199 -0.111467
27.003365 33.546848 -1.333207 -3.490240 146.140381 28.469828 0.428634 -0.666659 6.490385 -0.114233
27.133356 32.690884 -1.344894 -3.311056 146.822205 28.955410 0.423680 -0.627269 6.485916 -0.115848
27.251348 31.890997 -1.355785 -3.130719 147.450745 29.402502 0.419238 -0.543745 6.476035 -0.117249
27.382339 31.004753 -1.365595 -2.965499 148.137466 29.888807 0.414834 -0.405098 6.470543 -0.120269
27.501331 30.174423 -1.386444 -2.830766 148.765732 30.332747 0.408780 -0.246111 6.458847 -0.121176
27.631323 29.258375 -1.425996 -2.725857 149.450714 30.816824 0.402677 -0.055022 6.442947 -0.124005
27.750315 28.403822 -1.466004 -2.672738 150.076508 31.257612 0.395689 0.110793 6.425264 -0.125135
27.880308 27.469307 -1.497497 -2.642092 150.757889 31.735928 0.384664 0.263623 6.387208 -0.125574
28.008301 26.549149 -1.517428 -2.605824 151.425430 32.202946 0.370800 0.379225 6.348038 -0.126364
28.125294 25.700548 -1.518491 -2.601776 152.031967 32.626572 0.358487 0.460545 6.307367 -0.127263
28.255285 24.742887 -1.512492 -2.650046 152.706558 33.096672 0.345426 0.528709 6.250318 -0.128158
28.382278 23.827347 -1.506215 -2.729370 153.349915 33.543640 0.331404 0.569150 6.190549 -0.126215
28.500271 22.979208 -1.513488 -2.764233 153.946793 33.957397 0.320514 0.581145 6.131706 -0.125346
28.630262 22.071505 -1.505350 -2.916334 154.598343 34.405819 0.311041 0.571162 6.053549 -0.121236
28.759254 21.203709 -1.490130 -3.115924 155.237900 34.843445 0.302392 0.553308 5.974620 -0.116052
28.886248 20.379223 -1.500098 -3.304507 155.860703 35.265522 0.296234 0.536629 5.891854 -0.112681
29.001242 19.652756 -1.537709 -3.511997 156.419418 35.639938 0.291392 0.513530 5.816791 -0.110112
29.130234 18.840883 -1.613198 -3.810178 157.044098 36.055466 0.288084 0.455964 5.738722 -0.109158
29.259226 18.066248 -1.714803 -4.123903 157.652924 36.457127 0.285144 0.352852 5.669464 -0.105745
29.376219 17.377695 -1.823647 -4.486410 158.203537 36.816753 0.282845 0.224138 5.595418 -0.103161
29.505211 16.649210 -1.971681 -4.932993 158.805389 37.205639 0.280335 0.063766 5.521455 -0.099163
29.631205 15.957897 -2.148803 -5.437222 159.392029 37.580097 0.276346 -0.094109 5.446398 -0.096387
29.758198 15.292976 -2.335729 -5.962255 159.968781 37.943577 0.270672 -0.244580 5.384245 -0.094811
29.875191 14.699980 -2.507028 -6.414061 160.499634 38.274521 0.263013 -0.377581 5.320499 -0.089881
30.003183 14.085952 -2.667760 -6.901990 161.075027 38.628372 0.252211 -0.506246 5.246084 -0.085042
30.131176 13.504000 -2.810247 -7.366858 161.649033 38.977264 0.238024 -0.597898 5.179711 -0.080201
30.258169 12.969235 -2.926908 -7.787566 162.204193 39.310635 0.221935 -0.631857 5.109306 -0.075006
30.375162 12.509020 -3.002573 -8.152934 162.714371 39.613197 0.208467 -0.613287 5.044241 -0.068356
30.504154 12.050359 -3.023480 -8.476006 163.270981 39.937943 0.194183 -0.555021 4.966176 -0.062026
30.633146 11.627098 -2.971975 -8.696239 163.822815 40.253468 0.183142 -0.491160 4.902593 -0.056568
30.750139 11.280030 -2.875715 -8.821552 164.319901 40.532177 0.175366 -0.449063 4.851805 -0.049870
30.878132 10.941613 -2.705891 -8.905445 164.864456 40.831104 0.169424 -0.422137 4.795733 -0.043852
31.005125 10.642107 -2.490690 -8.883700 165.396942 41.118664 0.167144 -0.397848 4.746123 -0.038763
31.131119 10.379126 -2.250583 -8.740067 165.923050 41.395798 0.166264 -0.353304 4.703029 -0.033920
31.258112 10.146211 -1.993374 -8.497830 166.447647 41.667110 0.166973 -0.278587 4.676355 -0.029401
31.375105 9.949086 -1.713670 -8.204905 166.933258 41.912300 0.169427 -0.185762 4.636881 -0.026809
31.505096 9.761737 -1.391763 -7.799807 167.472305 42.177895 0.171072 -0.064527 4.610968 -0.021794
31.632090 9.600451 -1.094723 -7.358078 168.003799 42.431561 0.170038 0.067198 4.598142 -0.019537
31.760082 9.466678 -0.829064 -6.891994 168.532791 42.678062 0.166487 0.207323 4.600158 -0.015650
31.875076 9.368880 -0.615925 -6.444289 169.018082 42.900322 0.160905 0.335501 4.602299 -0.012415
32.001072 9.290243 -0.425355 -5.888187 169.548035 43.138023 0.152126 0.459809 4.614821 -0.009503
32.131084 9.219934 -0.267476 -5.234499 170.093964 43.376740 0.141423 0.553935 4.623164 -0.008585
32.261097 9.169229 -0.156102 -4.594480 170.648697 43.612091 0.129857 0.605727 4.644314 -0.005138
32.379108 9.147316 -0.076050 -4.035573 171.157043 43.821987 0.120617 0.618650 4.672263 -0.001970
32.508121 9.154832 -0.000027 -3.385293 171.718521 44.049923 0.112505 0.602834 4.710126 0.002214
32.626133 9.182432 0.061739 -2.783428 172.237442 44.256672 0.107355 0.566865 4.750364 0.005049
32.755146 9.239880 0.104734 -2.104372 172.810532 44.481148 0.103883 0.509627 4.783893 0.009607
32.886158 9.316008 0.135035 -1.476736 173.399887 44.705883 0.104952 0.442748 4.837794 0.010602
33.003170 9.397869 0.171090 -0.929902 173.933105 44.905529 0.110418 0.384314 4.884068 0.012657
33.129185 9.501612 0.227326 -0.421471 174.519272 45.119137 0.122271 0.323742 4.933871 0.015279
33.259197 9.630818 0.281662 0.046463 175.122665 45.334515 0.139335 0.254517 4.986811 0.017906
33.376209 9.763849 0.331472 0.405468 175.676651 45.528027 0.157513 0.172730 5.033210 0.020178
33.505222 9.914525 0.394440 0.690478 176.294800 45.738720 0.178279 0.056197 5.084942 0.020977
33.634235 10.077723 0.472196 0.939768 176.925797 45.951027 0.198510 -0.074281 5.147487 0.021100
33.752247 10.218145 0.555610 1.092900 177.501312 46.141098 0.213359 -0.184141 5.203528 0.021703
33.880260 10.388121 0.659337 1.226004 178.138184 46.348618 0.226117 -0.283484 5.254959 0.023794
34.008274 10.560930 0.745980 1.293205 178.788910 46.556515 0.234907 -0.362552 5.321364 0.022465
34.126286 10.712861 0.824795 1.336669 179.387009 46.745567 0.239981 -0.424984 5.386092 0.022848
34.254299 10.890029 0.919423 1.328877 180.055511 46.954475 0.244078 -0.489933 5.458752 0.025198
34.383312 11.089264 1.001670 1.260930 180.728241 47.161152 0.245626 -0.548103 5.527349 0.029521
34.500324 11.284278 1.086735 1.139119 181.350708 47.349129 0.245726 -0.590617 5.578079 0.028676
34.629337 11.486962 1.176649 0.928086 182.044785 47.556454 0.243712 -0.621006 5.639941 0.027740
34.759350 11.687134 1.270707 0.716549 182.753296 47.765953 0.241336 -0.630553 5.712620 0.028155
34.877361 11.881935 1.341639 0.441062 183.404785 47.955585 0.239560 -0.614996 5.775249 0.029746
35.005375 12.089746 1.416289 0.078603 184.125824 48.162773 0.239063 -0.561830 5.841602 0.029260
35.134388 12.297548 1.480436 -0.317541 184.850006 48.368290 0.239792 -0.464244 5.912782 0.029015
35.253399 12.482116 1.535589 -0.686600 185.531082 48.561119 0.240288 -0.335309 5.976987 0.027883
35.382412 12.680891 1.587072 -1.130673 186.277130 48.770588 0.242505 -0.171522 6.033517 0.029918
35.501423 12.873495 1.606783 -1.579247 186.971954 48.964687 0.245772 -0.021314 6.083850 0.030634
35.632435 13.087956 1.611484 -2.029646 187.743454 49.181480 0.251250 0.123311 6.142195 0.029655
35.750446 13.271039 1.588479 -2.408257 188.445297 49.377628 0.258708 0.226527 6.197777 0.028760
35.880459 13.470798 1.571058 -2.780382 189.226608 49.593185 0.267325 0.319476 6.257990 0.027439
36.009472 13.669257 1.531405 -3.072037 190.009247 49.808720 0.276955 0.403360 6.316712 0.028074
36.126484 13.862088 1.507872 -3.245521 190.731842 50.008511 0.286888 0.480964 6.372772 0.029181
36.256496 14.063594 1.489191 -3.347237 191.528259 50.227383 0.296658 0.567071 6.425768 0.027562
36.385509 14.271503 1.460746 -3.353040 192.332306 50.446819 0.304551 0.646170 6.486990 0.028264
36.502522 14.467517 1.428429 -3.221765 193.074295 50.649998 0.309768 0.702201 6.542090 0.027932
36.629536 14.678271 1.396657 -2.968378 193.878845 50.870914 0.311732 0.732262 6.589498 0.028246
36.756550 14.890972 1.373246 -2.693201 194.690506 51.092503 0.310277 0.719659 6.648413 0.028224
36.883564 15.097990 1.378232 -2.391084 195.502594 51.314075 0.305610 0.658341 6.704446 0.026717
37.000576 15.278413 1.401688 -2.113459 196.269196 51.522869 0.299506 0.558891 6.751275 0.025753
37.129589 15.470710 1.454908 -1.781341 197.106140 51.750893 0.292136 0.413556 6.792746 0.024644
37.257603 15.655045 1.547532 -1.449277 197.953934 51.981464 0.282887 0.243967 6.823411 0.022872
37.375614 15.817499 1.652035 -1.098843 198.727005 52.190075 0.275388 0.082057 6.855165 0.022743
37.504627 15.994336 1.787507 -0.688268 199.582260 52.420963 0.269934 -0.095187 6.875473 0.021900
37.634640 16.168581 1.946045 -0.235168 200.453461 52.656326 0.266973 -0.260509 6.892459 0.020862
37.750652 16.316303 2.102738 0.205938 201.225815 52.864975 0.266319 -0.387290 6.904955 0.020077
37.878666 16.464491 2.266615 0.708084 202.073746 53.092518 0.266621 -0.502737 6.918152 0.016762
38.006680 16.582912 2.411007 1.219862 202.930664 53.323395 0.268657 -0.596311 6.942481 0.011382
38.133694 16.673355 2.538945 1.777866 203.789337 53.556473 0.273076 -0.672603 6.956742 0.006791
38.250706 16.732716 2.661714 2.212766 204.575836 53.769833 0.278400 -0.723873 6.973948 0.005695
38.379719 16.797331 2.793309 2.649169 205.445099 54.005070 0.284350 -0.747007 6.983270 0.006220
38.509731 16.858660 2.933703 3.078351 206.322098 54.242432 0.288976 -0.717286 6.995970 0.004415
38.627743 16.905111 3.049948 3.433417 207.112183 54.455761 0.292383 -0.640994 7.003334 0.004297
38.756756 16.947443 3.162442 3.775956 207.985535 54.691772 0.294562 -0.510994 7.024542 0.002273
38.886768 16.990322 3.282005 4.046502 208.868912 54.930122 0.294551 -0.355882 7.047456 0.005154
39.002781 17.030092 3.382184 4.160844 209.665680 55.144295 0.293267 -0.214101 7.056435 0.004046
39.131794 17.064838 3.463967 4.197973 210.538712 55.378868 0.288153 -0.073699 7.067545 0.004734
39.261806 17.103184 3.523063 4.236977 211.425781 55.618496 0.280252 0.044894 7.076601 0.004632
39.379818 17.125784 3.548535 4.213044 212.239349 55.838505 0.272364 0.133131 7.086002 0.003736
39.509830 17.141043 3.535768 4.161722 213.128433 56.080856 0.262119 0.212855 7.093198 0.001767
39.627842 17.146791 3.508611 4.047516 213.928909 56.299271 0.252891 0.277133 7.090854 0.001564
39.756855 17.151669 3.472910 3.880191 214.818726 56.542496 0.243965 0.343512 7.095492 0.002492
39.885868 17.161390 3.425483 3.669266 215.701843 56.783897 0.238036 0.402493 7.090943 0.003682
40.003880 17.178453 3.365678 3.477285 216.508377 57.004303 0.235327 0.446548 7.082468 0.004392
40.133892 17.198771 3.290112 3.194424 217.388916 57.245090 0.232694 0.481218 7.074282 0.004570
40.251904 17.217237 3.236872 2.879981 218.193512 57.464764 0.231443 0.501631 7.063714 0.005900
40.380917 17.245754 3.161485 2.539103 219.071411 57.704456 0.232385 0.515138 7.052595 0.007071
40.509930 17.289854 3.072638 2.175065 219.947830 57.945293 0.233702 0.520626 7.040095 0.008176
40.626942 17.344791 2.968583 1.786637 220.740662 58.164970 0.236899 0.513428 7.031314 0.011236
40.755955 17.414787 2.839845 1.385628 221.613358 58.406914 0.241068 0.480209 7.015317 0.012401
40.882969 17.499712 2.716823 1.049401 222.478256 58.647213 0.244577 0.410913 7.006626 0.014198
41.008984 17.591764 2.596813 0.745261 223.328644 58.883564 0.247338 0.303563 7.004778 0.014964
41.135998 17.680563 2.476935 0.402301 224.185455 59.121841 0.250080 0.164720 7.003895 0.013971
41.252010 17.758358 2.371391 0.117424 224.960922 59.338333 0.250259 0.025701 7.000842 0.013769
41.380024 17.847883 2.241407 -0.201418 225.830978 59.581371 0.248502 -0.129316 7.003285 0.014004
41.509037 17.935118 2.107563 -0.498869 226.694824 59.821804 0.244805 -0.263433 7.004896 0.013342
41.637051 18.035124 1.964111 -0.724761 227.558517 60.062656 0.240438 -0.364311 7.002848 0.014882
41.754063 18.122709 1.840849 -0.848237 228.347275 60.284470 0.236401 -0.421819 7.001482 0.013079
41.883076 18.221863 1.714913 -0.890604 229.217087 60.530529 0.231912 -0.449847 7.011372 0.013379
42.010090 18.328634 1.627828 -0.921294 230.080704 60.775925 0.229073 -0.453066 7.015332 0.014709
42.126102 18.439190 1.563682 -0.932348 230.855820 60.996498 0.228632 -0.446424 7.002920 0.017954
42.253117 18.573212 1.525419 -0.899682 231.716827 61.242096 0.229424 -0.434908 6.990500 0.017824
42.382130 18.708263 1.511310 -0.791806 232.575714 61.488403 0.231855 -0.417097 6.971883 0.018486
42.511143 18.850746 1.519455 -0.588504 233.446838 61.737869 0.234507 -0.386984 6.966407 0.018141
42.629154 18.980648 1.527532 -0.379726 234.230057 61.961552 0.236705 -0.347020 6.959100 0.018652
42.758167 19.132374 1.549823 -0.149514 235.092514 62.207630 0.239474 -0.291668 6.948100 0.019835
42.887180 19.277636 1.586645 0.081989 235.953415 62.453205 0.241569 -0.230617 6.936879 0.017705
43.001194 19.402355 1.625934 0.336184 236.719498 62.671600 0.241604 -0.173919 6.923476 0.018164
43.130207 19.552172 1.663010 0.696667 237.577042 62.917648 0.241797 -0.103338 6.912986 0.018996
43.259220 19.701742 1.684578 1.067734 238.432983 63.164528 0.241104 -0.021177 6.901870 0.018167
43.384235 19.847706 1.688775 1.471722 239.261444 63.403728 0.238737 0.064537 6.897049 0.018896
43.502247 19.980314 1.675864 1.845804 240.035797 63.628437 0.235360 0.138093 6.887459 0.018430
43.631260 20.117979 1.636634 2.224009 240.888275 63.876377 0.231615 0.201172 6.877613 0.016713
43.760273 20.254541 1.585464 2.604429 241.740585 64.124260 0.228241 0.249152 6.879360 0.017243
43.878284 20.380907 1.531123 3.003019 242.519608 64.352219 0.225281 0.293161 6.880132 0.016997
44.006298 20.534151 1.485919 3.466077 243.371231 64.603745 0.222391 0.349820 6.879714 0.019770
44.135311 20.700809 1.450592 3.887792 244.214981 64.854485 0.221969 0.402186 6.875877 0.021887
44.252323 20.861021 1.441195 4.222916 244.985580 65.084160 0.223001 0.425272 6.872916 0.022457
44.381336 21.022364 1.452900 4.571384 245.833420 65.338295 0.227190 0.410192 6.857605 0.019497
44.510349 21.159735 1.492776 4.830709 246.680069 65.593941 0.233994 0.360194 6.852968 0.018048
44.626362 21.277153 1.552351 4.998038 247.440811 65.824890 0.241533 0.303476 6.854804 0.015307
44.755375 21.395889 1.629265 5.177020 248.287766 66.082779 0.251694 0.242548 6.871877 0.015287
44.883389 21.504177 1.721730 5.281456 249.136398 66.340752 0.261491 0.188472 6.877751 0.013530
45.001400 21.585953 1.798555 5.319109 249.906891 66.574959 0.268202 0.141332 6.887058 0.011961
45.129414 21.677425 1.896941 5.298720 250.750900 66.833366 0.272438 0.085278 6.897941 0.012723
45.256428 21.770042 1.981821 5.247879 251.596130 67.093407 0.272957 0.020221 6.913739 0.012836
45.384441 21.870020 2.060263 5.166171 252.436035 67.352745 0.271413 -0.055652 6.925741 0.014857
45.512455 21.972004 2.149977 5.007596 253.282562 67.616982 0.266000 -0.141351 6.931496 0.014470
45.630466 22.063993 2.248836 4.866194 254.056747 67.859680 0.259417 -0.221828 6.939462 0.013938
45.759480 22.164557 2.357359 4.656249 254.917267 68.130524 0.251752 -0.304260 6.948933 0.015301
45.876492 22.254612 2.467597 4.486422 255.692902 68.375458 0.243931 -0.366860 6.953814 0.014377
46.005505 22.353859 2.594054 4.303574 256.555176 68.647964 0.235616 -0.419367 6.954336 0.014393
46.134518 22.448412 2.711748 4.081483 257.403992 68.916954 0.229115 -0.447268 6.958991 0.013420
46.261532 22.531683 2.818670 3.823288 258.253082 69.186646 0.224908 -0.443542 6.959033 0.010971
46.377544 22.595530 2.913154 3.626184 259.022705 69.432106 0.222722 -0.407115 6.967023 0.011394
46.503559 22.667099 3.013038 3.408721 259.860229 69.697884 0.222485 -0.331167 6.977209 0.011434
46.631573 22.735632 3.106442 3.184808 260.704895 69.966820 0.224347 -0.222147 6.985158 0.011213
46.758587 22.811321 3.191350 3.006225 261.550598 70.237381 0.226743 -0.090513 6.997374 0.012540
46.886600 22.890144 3.258237 2.845116 262.410675 70.513145 0.230298 0.050563 7.001625 0.011941
47.004612 22.961874 3.301832 2.715804 263.196625 70.766037 0.234235 0.169338 6.995944 0.011507
47.133625 23.040968 3.337300 2.634256 264.057251 71.041748 0.238628 0.268516 7.012462 0.011249
47.251637 23.108231 3.356276 2.540970 264.846283 71.294220 0.241928 0.325537 7.028749 0.009489
47.381649 23.167374 3.359959 2.411597 265.710754 71.569893 0.244141 0.357839 7.039758 0.008892
47.511662 23.238096 3.373132 2.278003 266.584595 71.847244 0.244776 0.374001 7.061718 0.010734
47.629673 23.299170 3.399900 2.226120 267.380371 72.099281 0.243128 0.381969 7.079038 0.009339
47.758686 23.360104 3.440116 2.230987 268.258850 72.378464 0.241263 0.378238 7.100823 0.007994
47.876698 23.421007 3.480035 2.302051 269.052338 72.631203 0.238684 0.354685 7.130566 0.008989
48.004711 23.497620 3.549136 2.397675 269.929688 72.910858 0.235940 0.300571 7.146360 0.009490
48.134724 23.578707 3.650782 2.528835 270.809448 73.191391 0.231952 0.218999 7.155520 0.011592
48.262737 23.678753 3.786308 2.730054 271.681580 73.470596 0.226360 0.118183 7.153290 0.011179
48.379749 23.776739 3.946022 2.971034 272.479553 73.725815 0.218828 0.013392 7.165843 0.012700
48.506763 23.882620 4.129066 3.196088 273.346161 74.003052 0.209232 -0.101032 7.160933 0.012418
48.631779 23.991016 4.318875 3.438080 274.197723 74.275955 0.198791 -0.197903 7.145754 0.012193
48.759792 24.101059 4.508361 3.761189 275.074799 74.556839 0.188686 -0.265582 7.125322 0.012108
48.876804 24.216524 4.696979 4.091981 275.866974 74.809692 0.178748 -0.297524 7.097647 0.014768
49.005817 24.363974 4.905108 4.442067 276.738525 75.087418 0.168403 -0.317612 7.086452 0.017226
49.134830 24.532791 5.087490 4.839046 277.600647 75.363419 0.159294 -0.341735 7.065995 0.019538
49.251842 24.707010 5.227561 5.245837 278.386292 75.615646 0.150965 -0.371474 7.040873 0.021723
49.379856 24.913748 5.348501 5.665576 279.242828 75.891129 0.143013 -0.396368 7.017891 0.023872
49.508869 25.138273 5.448038 6.008546 280.109100 76.170166 0.136619 -0.386172 6.991399 0.026953
49.635883 25.374861 5.524623 6.284907 280.952209 76.443130 0.132546 -0.329981 6.965668 0.029194
49.751896 25.600168 5.565829 6.502401 281.719238 76.692261 0.132300 -0.248534 6.943408 0.030392
49.878910 25.841703 5.578967 6.731772 282.550171 76.962540 0.135307 -0.150408 6.927760 0.032310
50.007923 26.097046 5.549190 6.906004 283.406464 77.240562 0.141648 -0.058475 6.921289 0.032499
50.137936 26.358534 5.493665 7.042437 284.253265 77.517708 0.148593 0.016026 6.899078 0.034229
50.254948 26.608284 5.440017 7.158254 285.019043 77.769180 0.154240 0.073541 6.880477 0.036209
50.384960 26.903715 5.365733 7.296823 285.868378 78.048126 0.160423 0.131667 6.869643 0.038741
50.501972 27.176624 5.297491 7.429974 286.630371 78.297890 0.165224 0.181049 6.846602 0.038964
50.630985 27.486523 5.213089 7.601225 287.467987 78.574997 0.169564 0.234153 6.831813 0.040681
50.759998 27.801323 5.123477 7.745049 288.303436 78.853027 0.171208 0.285182 6.815183 0.042037
50.877010 28.103954 5.055326 7.860993 289.065033 79.107384 0.170448 0.329447 6.798855 0.043718
51.006023 28.447983 4.982594 7.957641 289.888306 79.385376 0.166542 0.374874 6.787102 0.047579
51.135036 28.800842 4.911044 7.979431 290.717468 79.665123 0.158717 0.415318 6.776134 0.048013
51.252048 29.122339 4.860280 7.980262 291.472900 79.922058 0.148559 0.443053 6.748813 0.047939
51.381062 29.484503 4.825016 7.961445 292.287933 80.202728 0.139176 0.453381 6.724377 0.050769
51.510075 29.859152 4.814001 7.917884 293.104767 80.485703 0.132008 0.430771 6.691409 0.051522
51.638088 30.235182 4.835708 7.850778 293.911560 80.766403 0.126639 0.370513 6.654267 0.052086
51.755100 30.586847 4.880741 7.786290 294.643890 81.023376 0.123898 0.286148 6.619065 0.054264
51.884113 30.998014 4.922828 7.706976 295.444946 81.307503 0.121968 0.173707 6.560534 0.057767
52.013126 31.434372 4.965551 7.697905 296.237762 81.592278 0.121578 0.052422 6.511982 0.059952
52.130138 31.840611 5.007748 7.707915 296.951965 81.850647 0.123085 -0.057896 6.480465 0.061051
52.259151 32.296936 5.037403 7.749496 297.734253 82.135529 0.126583 -0.171224 6.434318 0.061549
52.387165 32.759102 5.056073 7.836533 298.510529 82.420654 0.132155 -0.269294 6.393424 0.061113
52.505177 33.179771 5.064622 7.928727 299.210266 82.679222 0.137965 -0.339006 6.361274 0.061878
52.633190 33.648491 5.053538 7.982714 299.976257 82.963928 0.144407 -0.393159 6.315051 0.064461
52.762203 34.125294 5.037888 8.100696 300.730255 83.247681 0.151191 -0.426243 6.283213 0.063365
52.879215 34.569397 5.018479 8.266614 301.421204 83.510864 0.157037 -0.441939 6.257966 0.063089
53.009228 35.054932 4.984239 8.430840 302.172180 83.799126 0.162448 -0.446519 6.222734 0.064447
53.138241 35.542458 4.944103 8.633130 302.917969 84.088966 0.166279 -0.439516 6.187606 0.063483
53.253254 35.989925 4.900855 8.884254 303.584686 84.351669 0.168404 -0.423426 6.168697 0.064023
53.382267 36.487980 4.853423 9.187528 304.322601 84.646080 0.170488 -0.395223 6.153460 0.063984
53.512280 36.981613 4.813446 9.534859 305.059021 84.940613 0.172314 -0.357179 6.143192 0.061822
53.628292 37.420933 4.775966 9.869207 305.723907 85.208603 0.172585 -0.313785 6.120689 0.061791
53.758305 37.906601 4.728415 10.256490 306.454865 85.504517 0.174720 -0.251293 6.107710 0.060951
53.887318 38.375511 4.682961 10.628211 307.189178 85.803139 0.178349 -0.164631 6.091487 0.058036
54.005329 38.781418 4.661175 10.918283 307.848328 86.072006 0.182229 -0.061225 6.079311 0.055266
54.134342 39.207859 4.654644 11.272181 308.572174 86.370316 0.188685 0.073796 6.066425 0.053100
54.262356 39.609814 4.679843 11.603761 309.288452 86.667854 0.195103 0.214279 6.053153 0.050487
54.378368 39.960964 4.717975 11.860184 309.936218 86.938583 0.202744 0.330267 6.050888 0.048979
54.505383 40.347130 4.782592 12.109715 310.643280 87.234695 0.213344 0.432209 6.021346 0.051567
54.634396 40.743225 4.872747 12.328543 311.357544 87.534409 0.224399 0.501361 5.987179 0.050360
54.752407 41.104984 4.979217 12.556504 312.006104 87.809990 0.233903 0.534728 5.963883 0.051226
54.881420 41.499706 5.135151 12.777823 312.711670 88.110847 0.242413 0.544270 5.934469 0.049247
55.007435 41.877716 5.311546 12.963222 313.403503 88.406700 0.248928 0.531575 5.918056 0.050259
55.136448 42.261478 5.492452 13.123787 314.097351 88.704666 0.251950 0.499464 5.887912 0.049236
55.253460 42.608482 5.644399 13.251925 314.734406 88.978828 0.253009 0.450062 5.865909 0.049844
55.382473 42.991821 5.799901 13.361087 315.426727 89.278648 0.252447 0.369081 5.836799 0.049965
55.512486 43.375099 5.914123 13.467180 316.115204 89.578522 0.252295 0.263022 5.808468 0.049519
55.629498 43.707394 5.976275 13.572748 316.736298 89.852112 0.254055 0.155015 5.796381 0.046113
55.758511 44.056225 5.986178 13.685790 317.418701 90.154968 0.255846 0.034741 5.781965 0.044825
55.887524 44.387978 5.944108 13.851198 318.097076 90.459549 0.258326 -0.077869 5.756093 0.040208
56.004536 44.670734 5.875432 14.095341 318.709869 90.738327 0.262033 -0.172374 5.750691 0.037038
56.131550 44.952168 5.779799 14.401857 319.373413 91.042717 0.268190 -0.266597 5.749209 0.033978
56.259563 45.218460 5.658863 14.674037 320.047028 91.353935 0.278280 -0.352221 5.755219 0.031302
56.386578 45.463146 5.544546 14.875688 320.710144 91.661995 0.290056 -0.428405 5.762354 0.031070
56.504589 45.666462 5.443191 14.988591 321.326630 91.949554 0.302788 -0.490753 5.770687 0.025990
56.632603 45.851746 5.347764 15.125240 321.990356 92.260391 0.318544 -0.540258 5.768882 0.022184
56.761616 46.024975 5.267447 15.276599 322.663086 92.579033 0.336507 -0.555849 5.767551 0.020534
56.879627 46.161835 5.223361 15.426039 323.278107 92.872612 0.353357 -0.529509 5.775772 0.017686
57.007641 46.292030 5.197889 15.523822 323.951691 93.193413 0.371645 -0.459712 5.788355 0.014948
57.137653 46.394211 5.227554 15.599570 324.625488 93.514847 0.388302 -0.363139 5.788502 0.012050
57.255665 46.469330 5.289084 15.692226 325.241974 93.811424 0.402681 -0.264329 5.807967 0.009196
57.383678 46.543381 5.382883 15.727073 325.912201 94.134285 0.415193 -0.152617 5.810067 0.008764
57.510693 46.612350 5.487964 15.780590 326.581818 94.459221 0.423845 -0.036618 5.818978 0.009574
57.627705 46.672577 5.581581 15.796648 327.195129 94.757683 0.428737 0.067889 5.828694 0.008238
57.754719 46.724575 5.677125 15.809993 327.855103 95.080009 0.432006 0.171459 5.828621 0.007350
57.881733 46.778431 5.766660 15.852475 328.519867 95.406197 0.432727 0.262822 5.834013 0.005808
58.008747 46.826920 5.837245 15.962410 329.184631 95.735161 0.430657 0.343407 5.844438 0.004633
58.136761 46.874783 5.909981 16.092144 329.860168 96.071548 0.427371 0.416639 5.851203 0.004663
58.255772 46.922825 5.957464 16.174252 330.478302 96.380333 0.423204 0.471954 5.857016 0.005640
58.383785 46.973969 5.977793 16.229219 331.149231 96.716293 0.419594 0.506792 5.866870 0.004452
58.513798 47.011673 5.949830 16.279020 331.829742 97.060524 0.415667 0.503958 5.872012 0.004277
58.630810 47.043938 5.889644 16.265579 332.442535 97.372002 0.412136 0.468235 5.877193 0.006111
58.760822 47.090164 5.786408 16.162052 333.123627 97.719093 0.411006 0.403521 5.886336 0.007315
58.877834 47.123890 5.682737 16.039518 333.737274 98.032928 0.413700 0.337097 5.895416 0.005778
59.005848 47.133865 5.568899 15.826950 334.414764 98.379562 0.422503 0.268607 5.904457 0.002266
59.134861 47.116512 5.456880 15.568698 335.088379 98.726166 0.434958 0.207012 5.925136 0.000104
59.263874 47.086510 5.333296 15.227530 335.768036 99.078545 0.449064 0.137336 5.942092 0.000401
59.380886 47.061138 5.215586 14.927701 336.384827 99.400932 0.463728 0.052146 5.954949 0.000354
59.506901 47.028137 5.088640 14.554534 337.049896 99.751160 0.479731 -0.067619 5.972645 0.000313
59.633915 46.998886 4.966465 14.181346 337.720520 100.107224 0.493662 -0.203001 5.987932 0.000407
59.760929 46.960087 4.851700 13.844412 338.392578 100.466324 0.506320 -0.326202 6.011682 -0.002550
59.887943 46.908653 4.740998 13.605398 339.071655 100.832916 0.516599 -0.417746 6.037539 -0.006163
60.004955 46.850037 4.652520 13.433627 339.688171 101.169411 0.522326 -0.467986 6.063235 -0.007676
