1.20 1.10 20 64
0.134000 0.004143 0.032224 -0.115015 0.912198 0.000957 -0.123356 0.158304 6.694598 0.000525
0.251000 -0.006316 0.153493 -0.278529 1.685092 0.002464 -0.061999 0.203870 6.637945 -0.002035
0.381000 -0.024811 0.379291 -0.447433 2.543002 0.005787 0.045679 0.235437 6.564759 -0.003166
0.510000 -0.060707 0.678067 -0.640290 3.385070 0.009713 0.177953 0.244552 6.498790 -0.005081
0.627000 -0.091298 0.971840 -0.824427 4.141604 0.013282 0.305171 0.236648 6.447048 -0.003116
0.756000 -0.118021 1.310929 -0.978768 4.976595 0.017654 0.438541 0.213888 6.409536 -0.002966
0.885000 -0.134973 1.630163 -1.116850 5.797634 0.023476 0.548352 0.180649 6.420885 -0.002212
1.002000 -0.157842 1.895429 -1.259708 6.550839 0.029626 0.622165 0.143064 6.458427 -0.003077
1.129000 -0.184611 2.158325 -1.389116 7.375148 0.036935 0.667634 0.098373 6.515711 -0.003684
1.255000 -0.212364 2.370752 -1.484686 8.208318 0.043964 0.672153 0.053271 6.590328 -0.003142
1.380001 -0.235015 2.517261 -1.613537 9.038624 0.049936 0.636073 0.008836 6.679748 -0.003021
1.506001 -0.264220 2.600124 -1.734677 9.885570 0.055832 0.564555 -0.040437 6.749071 -0.003773
1.635000 -0.306235 2.628995 -1.868171 10.754154 0.061611 0.463631 -0.097524 6.806198 -0.006021
1.751000 -0.352057 2.618456 -1.957538 11.546084 0.067594 0.358060 -0.150560 6.843697 -0.006604
1.879000 -0.404479 2.569621 -2.060110 12.429905 0.073759 0.237582 -0.197398 6.857437 -0.005925
2.008000 -0.451331 2.494347 -2.206026 13.308403 0.077687 0.126886 -0.219750 6.863968 -0.005411
2.136000 -0.495171 2.411821 -2.364836 14.186952 0.080004 0.034848 -0.217025 6.861846 -0.005620
2.252001 -0.531090 2.333732 -2.435744 14.989582 0.083783 -0.025061 -0.200335 6.855485 -0.005546
2.382001 -0.565973 2.281835 -2.350483 15.872548 0.090120 -0.057057 -0.174073 6.838003 -0.004716
2.510001 -0.595833 2.257171 -2.180664 16.746052 0.097296 -0.051294 -0.141475 6.808338 -0.005223
2.626002 -0.612273 2.256497 -1.918625 17.540501 0.104757 -0.016114 -0.103854 6.780224 -0.003154
2.754002 -0.633363 2.287693 -1.562737 18.397987 0.111568 0.050279 -0.054144 6.731330 -0.005458
2.882002 -0.667978 2.332421 -1.206237 19.255978 0.117796 0.135471 0.003512 6.685562 -0.006509
3.009002 -0.704871 2.381596 -0.844757 20.102987 0.125383 0.228044 0.068356 6.661511 -0.007357
3.137002 -0.748851 2.430012 -0.521041 20.953447 0.133812 0.318163 0.141902 6.637248 -0.007677
3.253003 -0.781905 2.465457 -0.233561 21.724293 0.140038 0.389107 0.209046 6.651248 -0.006742
3.380003 -0.822250 2.485271 0.071329 22.576921 0.145862 0.447599 0.268128 6.675597 -0.007521
3.507003 -0.869026 2.494605 0.355140 23.420340 0.150167 0.479397 0.295194 6.711648 -0.008703
3.634003 -0.916344 2.501806 0.668579 24.283409 0.153312 0.482794 0.289647 6.762628 -0.008700
3.751003 -0.963292 2.512869 0.922934 25.070896 0.156410 0.461705 0.264767 6.808486 -0.008647
3.878003 -1.017159 2.513930 1.160800 25.938749 0.159392 0.412077 0.223543 6.851316 -0.009224
4.005003 -1.085384 2.526129 1.380527 26.818537 0.162386 0.339968 0.163962 6.883918 -0.011262
4.133005 -1.167656 2.535950 1.580094 27.694143 0.166315 0.256299 0.082597 6.902206 -0.012838
4.258006 -1.258061 2.554727 1.690575 28.563612 0.169915 0.169739 -0.013539 6.900741 -0.013442
4.384007 -1.349719 2.594278 1.759581 29.425632 0.172965 0.088956 -0.107042 6.887013 -0.012961
4.508009 -1.438842 2.666338 1.787009 30.276161 0.176690 0.022421 -0.184030 6.838498 -0.012182
4.632010 -1.536538 2.756274 1.717226 31.126764 0.179627 -0.024116 -0.243556 6.778040 -0.013546
4.759012 -1.643047 2.871484 1.573668 31.982737 0.183184 -0.046468 -0.289622 6.713470 -0.013804
4.887013 -1.752648 2.998428 1.399777 32.830086 0.187910 -0.042981 -0.322346 6.640266 -0.013759
5.003014 -1.857668 3.088575 1.199175 33.595272 0.190246 -0.018657 -0.336500 6.567467 -0.014514
5.127016 -1.987362 3.170183 0.907626 34.404404 0.192090 0.024478 -0.331234 6.496002 -0.015987
5.255017 -2.121941 3.229542 0.569790 35.230598 0.195093 0.082166 -0.304029 6.426733 -0.015411
5.382018 -2.254880 3.235947 0.274632 36.048252 0.199869 0.144144 -0.258613 6.365605 -0.017101
5.507020 -2.399573 3.192812 -0.026408 36.840797 0.205293 0.202263 -0.204328 6.324386 -0.017831
5.632021 -2.562311 3.102613 -0.332629 37.622955 0.209466 0.250591 -0.149111 6.300934 -0.021190
5.758022 -2.738178 2.962703 -0.636925 38.422329 0.213901 0.286418 -0.096723 6.293270 -0.022294
5.886024 -2.917267 2.755242 -0.918030 39.228390 0.217071 0.304691 -0.045352 6.300368 -0.021791
6.003025 -3.077129 2.509654 -1.171104 39.960064 0.219827 0.304178 0.008174 6.314172 -0.022676
6.131026 -3.245519 2.193091 -1.435044 40.769890 0.223136 0.283723 0.080439 6.336817 -0.019962
6.259027 -3.400309 1.847843 -1.693012 41.582199 0.224759 0.245283 0.158054 6.351690 -0.019347
6.387028 -3.548656 1.506703 -1.951937 42.397720 0.224573 0.194813 0.225498 6.378202 -0.018799
6.502029 -3.680869 1.223228 -2.173812 43.138214 0.223305 0.145894 0.268622 6.391121 -0.019660
6.630031 -3.826454 0.964745 -2.414626 43.949066 0.222525 0.093432 0.295278 6.380925 -0.020145
6.758032 -3.980574 0.767871 -2.576691 44.765129 0.221347 0.047543 0.304694 6.368344 -0.020688
6.885033 -4.151821 0.663623 -2.689324 45.578796 0.220353 0.015580 0.302090 6.346001 -0.024150
7.002034 -4.314549 0.653668 -2.706725 46.312511 0.219596 0.001119 0.295634 6.312605 -0.024189
7.130035 -4.484411 0.740635 -2.634463 47.117138 0.218409 -0.000332 0.291542 6.262416 -0.024068
7.258037 -4.656987 0.922262 -2.559618 47.914753 0.215669 0.013786 0.292153 6.207352 -0.023426
7.383038 -4.816561 1.171371 -2.507710 48.692444 0.210963 0.039755 0.290655 6.147778 -0.022389
7.509039 -4.961197 1.448918 -2.445689 49.456570 0.204653 0.071391 0.276205 6.090091 -0.019569
7.634041 -5.098895 1.739837 -2.415802 50.213554 0.196268 0.105500 0.244291 6.033774 -0.019518
7.761042 -5.247440 2.008960 -2.408014 50.976067 0.185762 0.138611 0.197207 5.983813 -0.021252
7.877043 -5.387023 2.216291 -2.420122 51.674088 0.174199 0.163161 0.144113 5.955488 -0.020809
8.004045 -5.547478 2.382025 -2.420316 52.427605 0.161023 0.180410 0.074143 5.922524 -0.022263
8.130043 -5.706496 2.471285 -2.348524 53.166496 0.146127 0.183687 -0.011086 5.905030 -0.023169
8.255041 -5.868189 2.491781 -2.268130 53.904167 0.128685 0.174199 -0.113928 5.905267 -0.023608
8.381040 -6.039771 2.438885 -2.171325 54.654018 0.109149 0.152346 -0.231201 5.903816 -0.024965
8.506038 -6.230919 2.320367 -2.074717 55.390942 0.087187 0.121591 -0.345212 5.890617 -0.028785
8.632036 -6.443171 2.139731 -1.969954 56.127056 0.062967 0.083700 -0.437754 5.891483 -0.032217
8.759035 -6.682769 1.930087 -1.847283 56.880947 0.036608 0.041948 -0.491129 5.894430 -0.034210
8.876035 -6.905375 1.736293 -1.775616 57.564041 0.010843 0.006332 -0.498634 5.892379 -0.033894
9.003034 -7.159583 1.520902 -1.666729 58.311165 -0.019088 -0.027177 -0.475012 5.885102 -0.036457
9.131033 -7.436836 1.340406 -1.507981 59.063305 -0.050651 -0.050122 -0.437440 5.874931 -0.039303
9.258032 -7.720265 1.211083 -1.310738 59.813801 -0.084106 -0.059059 -0.396018 5.861800 -0.038929
9.386031 -8.011095 1.157165 -1.077486 60.561848 -0.118796 -0.054553 -0.343702 5.840581 -0.040474
9.503031 -8.273111 1.171481 -0.905395 61.237350 -0.153951 -0.039827 -0.279811 5.824179 -0.040085
9.632030 -8.567634 1.251083 -0.716010 61.986515 -0.196913 -0.014206 -0.193510 5.804899 -0.041262
9.760030 -8.863488 1.398726 -0.576956 62.727161 -0.242291 0.015565 -0.109150 5.784590 -0.041062
9.877029 -9.133779 1.580242 -0.516710 63.400803 -0.286549 0.043375 -0.043141 5.760318 -0.041337
10.005029 -9.438725 1.785700 -0.486720 64.140488 -0.338256 0.070396 0.020381 5.739807 -0.041426
10.133028 -9.740497 2.000752 -0.490539 64.867012 -0.391600 0.088252 0.083562 5.732715 -0.041270
10.261027 -10.046783 2.213184 -0.509288 65.604210 -0.446286 0.093975 0.156723 5.727490 -0.040497
10.377027 -10.321519 2.391669 -0.548224 66.261185 -0.496760 0.089003 0.228736 5.731264 -0.041538
10.502025 -10.627954 2.559872 -0.657241 66.975769 -0.554386 0.073567 0.308785 5.740114 -0.041494
10.627023 -10.942068 2.704031 -0.789468 67.691505 -0.614723 0.049806 0.383623 5.749696 -0.044061
10.751020 -11.265678 2.826102 -0.954048 68.407501 -0.677125 0.020659 0.445775 5.749280 -0.043310
10.879020 -11.589830 2.934368 -1.122266 69.135612 -0.741217 -0.013603 0.488227 5.758288 -0.043260
11.006019 -11.923541 2.998402 -1.295954 69.869408 -0.806581 -0.048491 0.503432 5.756949 -0.044830
11.134018 -12.278716 3.061125 -1.486354 70.602753 -0.874686 -0.079162 0.487821 5.753489 -0.047329
11.262017 -12.648256 3.122724 -1.712936 71.329323 -0.943186 -0.104116 0.444972 5.744702 -0.050236
11.377016 -12.998672 3.190465 -1.942519 71.991646 -1.008837 -0.118961 0.386414 5.734691 -0.050659
11.503015 -13.383175 3.268203 -2.215074 72.709976 -1.082133 -0.125846 0.307341 5.728729 -0.052413
11.628013 -13.788697 3.355102 -2.465016 73.421288 -1.155941 -0.123338 0.219293 5.714353 -0.054927
11.753011 -14.198144 3.433860 -2.749635 74.130623 -1.231426 -0.113674 0.129063 5.702445 -0.053924
11.879009 -14.603549 3.538509 -3.040990 74.838219 -1.307349 -0.097641 0.044969 5.687830 -0.054315
12.004007 -15.011072 3.652117 -3.306282 75.549301 -1.385891 -0.076129 -0.027187 5.669327 -0.054475
12.130006 -15.422842 3.758552 -3.565833 76.252274 -1.468273 -0.054846 -0.085981 5.655452 -0.055516
12.258005 -15.849795 3.875444 -3.855366 76.970451 -1.555739 -0.035386 -0.138102 5.649477 -0.055933
12.385004 -16.284700 3.991243 -4.095149 77.686508 -1.645337 -0.020834 -0.189299 5.627455 -0.057864
12.501003 -16.688408 4.074450 -4.322944 78.333717 -1.729120 -0.013440 -0.238755 5.628479 -0.059103
12.630002 -17.152239 4.158186 -4.557746 79.048096 -1.823600 -0.013073 -0.296501 5.634163 -0.062513
12.757001 -17.637877 4.237355 -4.768035 79.762764 -1.919653 -0.020437 -0.355062 5.633968 -0.065467
12.885000 -18.128525 4.323265 -5.019061 80.470688 -2.018203 -0.033707 -0.409628 5.627638 -0.064818
13.000999 -18.584757 4.402738 -5.257240 81.116753 -2.111339 -0.049845 -0.454983 5.627959 -0.067000
13.126998 -19.088739 4.501973 -5.509380 81.817558 -2.216151 -0.069352 -0.496431 5.620956 -0.067750
13.253997 -19.605177 4.603366 -5.736434 82.527550 -2.325794 -0.089156 -0.522915 5.608923 -0.068147
13.381996 -20.119715 4.698690 -5.929853 83.235710 -2.438460 -0.107528 -0.524384 5.595874 -0.067200
13.510996 -20.638990 4.802816 -6.147606 83.940948 -2.555131 -0.120786 -0.494852 5.576596 -0.067884
13.626995 -21.108856 4.898544 -6.311558 84.577553 -2.663021 -0.127757 -0.443765 5.557910 -0.069482
13.754994 -21.633934 5.016872 -6.427803 85.277748 -2.784323 -0.128259 -0.366351 5.547683 -0.070795
13.880993 -22.174084 5.135477 -6.540586 85.964539 -2.906896 -0.121165 -0.272186 5.529676 -0.075419
14.008992 -22.741888 5.264327 -6.661071 86.658829 -3.034598 -0.107616 -0.157535 5.503407 -0.076348
14.136992 -23.310097 5.403306 -6.737897 87.349762 -3.165659 -0.089332 -0.023877 5.483936 -0.076421
14.252991 -23.828012 5.550428 -6.778246 87.973236 -3.286313 -0.069447 0.107108 5.468948 -0.077749
14.379990 -24.411518 5.730208 -6.873148 88.658104 -3.423668 -0.043790 0.250519 5.449082 -0.079572
14.508989 -25.012108 5.925535 -6.997252 89.340118 -3.565095 -0.018065 0.377247 5.435373 -0.080715
14.635988 -25.621466 6.091691 -7.154871 90.019318 -3.709615 0.005955 0.477781 5.419832 -0.080731
14.752988 -26.183737 6.222854 -7.274001 90.633240 -3.843430 0.024272 0.544002 5.416523 -0.083141
14.879987 -26.812935 6.359015 -7.414612 91.304558 -3.994363 0.038128 0.591903 5.415856 -0.084995
15.007986 -27.467571 6.487232 -7.593185 91.980705 -4.150547 0.047016 0.619442 5.428720 -0.087786
15.135985 -28.144505 6.619283 -7.832332 92.657455 -4.311113 0.050835 0.627501 5.438112 -0.087735
15.251985 -28.770359 6.747693 -8.107256 93.276588 -4.462167 0.050344 0.613162 5.455455 -0.089544
15.378983 -29.462685 6.883905 -8.451502 93.944496 -4.627441 0.047519 0.569223 5.466096 -0.090577
15.502981 -30.165363 6.992504 -8.841682 94.606956 -4.796415 0.042421 0.499836 5.475210 -0.092090
15.628980 -30.866917 7.093290 -9.183254 95.275490 -4.970117 0.037135 0.417640 5.485922 -0.091725
15.755979 -31.574274 7.188411 -9.491040 95.943649 -5.147247 0.034818 0.335127 5.485251 -0.093645
15.881977 -32.306290 7.271111 -9.832202 96.616058 -5.330515 0.035319 0.252967 5.488016 -0.094863
16.008976 -33.036316 7.347713 -10.156919 97.288239 -5.517028 0.040887 0.163851 5.497223 -0.094691
16.135969 -33.770691 7.409982 -10.482068 97.960419 -5.707295 0.051114 0.066549 5.496084 -0.094983
16.251963 -34.434341 7.462584 -10.781734 98.567474 -5.883374 0.063463 -0.021847 5.498736 -0.095162
16.378956 -35.173588 7.505619 -11.106542 99.236076 -6.081608 0.081764 -0.114096 5.486859 -0.095920
16.503950 -35.908657 7.541358 -11.442219 99.897270 -6.281115 0.102769 -0.204670 5.475368 -0.095916
16.628944 -36.648132 7.571084 -11.796553 100.550972 -6.482535 0.125512 -0.305779 5.467503 -0.096549
16.754938 -37.392212 7.593161 -12.199450 101.202698 -6.687984 0.148498 -0.424563 5.466789 -0.097192
16.880932 -38.151176 7.603618 -12.646495 101.858269 -6.899026 0.170067 -0.556010 5.464564 -0.097103
17.007925 -38.932060 7.610222 -13.099030 102.523239 -7.117407 0.190589 -0.684426 5.472015 -0.099056
17.132919 -39.694950 7.628507 -13.510097 103.166473 -7.331814 0.207822 -0.784592 5.466587 -0.099894
17.256914 -40.465172 7.630168 -13.960747 103.812798 -7.551455 0.222151 -0.842130 5.462049 -0.099000
17.380909 -41.223701 7.604787 -14.402163 104.452751 -7.772623 0.232920 -0.842216 5.456347 -0.100212
17.506903 -42.009750 7.557712 -14.820491 105.101524 -7.999696 0.242614 -0.782488 5.451706 -0.101589
17.633896 -42.797989 7.508396 -15.254831 105.753059 -8.231880 0.253013 -0.675259 5.445620 -0.100137
17.760889 -43.580173 7.438379 -15.644982 106.403534 -8.467147 0.263630 -0.543312 5.443906 -0.099746
17.876883 -44.279701 7.375684 -16.019464 106.989891 -8.683209 0.273539 -0.417235 5.426753 -0.098429
18.003876 -45.041100 7.297649 -16.405355 107.639320 -8.926526 0.285466 -0.273830 5.407903 -0.098137
18.131868 -45.801571 7.204870 -16.768372 108.279938 -9.171892 0.298218 -0.124900 5.394746 -0.097101
18.258862 -46.557873 7.091416 -17.141794 108.922363 -9.422601 0.313253 0.034025 5.383115 -0.096344
18.385855 -47.298618 6.965136 -17.438671 109.556313 -9.674311 0.328798 0.198641 5.360561 -0.097564
18.500849 -47.965618 6.818645 -17.713827 110.125992 -9.905296 0.344837 0.344557 5.338868 -0.095220
18.635843 -48.726429 6.630823 -18.016119 110.789917 -10.181255 0.365935 0.497575 5.315522 -0.092341
18.751837 -49.353340 6.469185 -18.259655 111.351997 -10.419933 0.386291 0.601285 5.304946 -0.090511
18.878830 -50.029228 6.284631 -18.510761 111.968346 -10.688454 0.410041 0.686174 5.286440 -0.088807
19.004824 -50.695782 6.096258 -18.704731 112.581863 -10.962030 0.432652 0.745526 5.283620 -0.088006
19.130817 -51.342445 5.893493 -18.886047 113.186028 -11.238282 0.455980 0.785290 5.264201 -0.086131
19.256811 -51.975452 5.676567 -19.029707 113.780869 -11.517780 0.478315 0.805073 5.254410 -0.086535
19.382805 -52.616020 5.473347 -19.180956 114.380013 -11.808215 0.499574 0.798737 5.236967 -0.085852
19.509798 -53.240086 5.270183 -19.274164 114.970413 -12.101886 0.519623 0.762172 5.230729 -0.084397
19.631794 -53.832069 5.078251 -19.287874 115.542755 -12.394414 0.539304 0.698328 5.223852 -0.082597
19.756788 -54.401054 4.893605 -19.203476 116.120857 -12.697637 0.559457 0.610581 5.223013 -0.079853
19.881783 -54.950169 4.718158 -19.040701 116.696083 -13.006926 0.579226 0.504480 5.218651 -0.078083
20.007776 -55.489212 4.548229 -18.838882 117.267113 -13.322381 0.598305 0.383131 5.217479 -0.077027
20.132771 -56.011284 4.389454 -18.554476 117.839172 -13.646027 0.615913 0.245212 5.216839 -0.074273
20.257765 -56.499897 4.259500 -18.223204 118.403984 -13.972839 0.631605 0.090040 5.224899 -0.069828
20.382759 -56.960491 4.144393 -17.821896 118.965111 -14.305187 0.645892 -0.088747 5.217285 -0.067210
20.507753 -57.396320 4.032965 -17.355724 119.521767 -14.644629 0.657749 -0.291343 5.214764 -0.064394
20.632748 -57.823288 3.918792 -16.870487 120.074028 -14.990480 0.666609 -0.506767 5.214544 -0.064991
20.758741 -58.237377 3.783190 -16.334166 120.622185 -15.343193 0.672956 -0.712390 5.210705 -0.061496
20.883736 -58.622784 3.645551 -15.793976 121.162971 -15.703147 0.678178 -0.883077 5.195219 -0.057743
21.007730 -58.983013 3.488755 -15.203706 121.698486 -16.070065 0.681121 -0.998485 5.192301 -0.053745
21.130726 -59.307217 3.293420 -14.559381 122.221062 -16.437433 0.682330 -1.048303 5.198320 -0.049216
21.254721 -59.609234 3.064238 -13.853367 122.738983 -16.811203 0.680239 -1.034077 5.189007 -0.047150
21.377716 -59.898056 2.809646 -13.094621 123.250175 -17.193241 0.675549 -0.959290 5.192605 -0.045373
21.510712 -60.193195 2.506710 -12.241478 123.800797 -17.618809 0.669246 -0.818138 5.191902 -0.042366
21.636705 -60.454742 2.218462 -11.389590 124.308914 -18.024181 0.662870 -0.643662 5.203212 -0.040521
21.750700 -60.665455 1.958279 -10.547318 124.767487 -18.401609 0.656902 -0.462750 5.209753 -0.034839
21.876694 -60.871384 1.668640 -9.546596 125.268127 -18.827549 0.650980 -0.252787 5.221156 -0.031335
22.002687 -61.045288 1.383544 -8.515238 125.766151 -19.267210 0.645016 -0.047618 5.236690 -0.025359
22.128681 -61.196236 1.115365 -7.475501 126.250420 -19.709110 0.637559 0.136199 5.250298 -0.024549
22.252676 -61.344936 0.867823 -6.446835 126.728004 -20.160839 0.628027 0.295254 5.265871 -0.022412
22.375671 -61.484825 0.647108 -5.389831 127.192505 -20.614258 0.615937 0.427653 5.283628 -0.021223
22.502665 -61.623333 0.433968 -4.330730 127.661613 -21.088005 0.600927 0.541179 5.299165 -0.020614
22.625660 -61.748543 0.249098 -3.266740 128.121826 -21.566942 0.583772 0.634085 5.324205 -0.017736
22.760654 -61.870758 0.076078 -2.153968 128.605392 -22.086853 0.562121 0.706849 5.353284 -0.016445
22.885649 -61.980499 -0.076065 -1.140751 129.058563 -22.589050 0.536229 0.739536 5.377924 -0.014096
23.010643 -62.086700 -0.212744 -0.147537 129.501633 -23.096088 0.505838 0.727113 5.392822 -0.014525
23.135637 -62.198559 -0.341428 0.835193 129.938004 -23.611837 0.470862 0.669375 5.413855 -0.014639
23.250631 -62.294044 -0.439788 1.714086 130.329742 -24.090714 0.435416 0.587777 5.438557 -0.011825
23.375626 -62.383110 -0.517885 2.614202 130.753601 -24.624786 0.394081 0.483683 5.464620 -0.011429
23.500620 -62.464340 -0.561018 3.419319 131.170303 -25.167967 0.351541 0.377239 5.485867 -0.010001
23.635614 -62.549179 -0.583961 4.139339 131.617340 -25.767590 0.305364 0.260873 5.506170 -0.009556
23.758610 -62.634502 -0.579809 4.652376 132.016602 -26.317640 0.264580 0.151764 5.537368 -0.012245
23.879606 -62.726185 -0.545106 5.080059 132.405563 -26.864992 0.226765 0.043772 5.555578 -0.013434
24.002602 -62.828609 -0.478452 5.345598 132.796097 -27.427473 0.191503 -0.054372 5.572773 -0.015775
24.127596 -62.952091 -0.404498 5.446442 133.184753 -28.000673 0.159234 -0.132278 5.595000 -0.018159
24.252590 -63.088875 -0.309277 5.404367 133.575287 -28.589518 0.132162 -0.192351 5.619859 -0.019163
24.377584 -63.232258 -0.211929 5.181979 133.955994 -29.174997 0.110330 -0.248263 5.641486 -0.021024
24.501579 -63.377693 -0.098302 4.782674 134.335632 -29.771935 0.092753 -0.314704 5.668316 -0.021098
24.625574 -63.535904 0.031040 4.186358 134.708801 -30.370155 0.078695 -0.387309 5.696990 -0.023069
24.750568 -63.694500 0.153068 3.526798 135.081024 -30.973417 0.066198 -0.449705 5.729523 -0.020839
24.886562 -63.869099 0.283923 2.666779 135.488754 -31.640280 0.054111 -0.487748 5.760010 -0.021823
25.000557 -64.003723 0.383153 1.834984 135.831039 -32.203465 0.045788 -0.491073 5.795302 -0.017782
25.125551 -64.141457 0.477361 0.846229 136.207581 -32.824455 0.037876 -0.469998 5.820571 -0.018156
25.261545 -64.279602 0.580749 -0.267883 136.619919 -33.502815 0.030556 -0.425837 5.850304 -0.014468
25.375540 -64.369499 0.653068 -1.217096 136.968033 -34.073460 0.027265 -0.376798 5.873902 -0.010824
25.509535 -64.455017 0.743566 -2.446176 137.380142 -34.746723 0.026959 -0.309133 5.900974 -0.007474
25.634529 -64.514313 0.837679 -3.570535 137.771408 -35.380692 0.030990 -0.238138 5.922599 -0.004995
25.759523 -64.544640 0.932631 -4.636147 138.163361 -36.009548 0.040691 -0.158649 5.935217 0.000818
25.884518 -64.553658 1.042320 -5.687818 138.555954 -36.633781 0.055927 -0.067592 5.955059 0.002468
26.009512 -64.524857 1.153079 -6.638068 138.958893 -37.268257 0.076309 0.035423 5.974119 0.007620
26.134506 -64.475914 1.253416 -7.589731 139.363098 -37.898312 0.100661 0.137709 6.001228 0.011227
26.259501 -64.388802 1.335911 -8.502131 139.772995 -38.528481 0.129855 0.226877 6.020085 0.016979
26.384495 -64.270561 1.410261 -9.310945 140.183914 -39.153492 0.161994 0.295535 6.043152 0.021615
26.508490 -64.108139 1.465942 -9.989867 140.604446 -39.781597 0.196878 0.345405 6.056001 0.028651
26.633484 -63.905975 1.518240 -10.535471 141.031662 -40.407944 0.233346 0.379578 6.073566 0.032417
26.759478 -63.658615 1.559106 -10.908995 141.465088 -41.034081 0.271712 0.399227 6.104043 0.038466
26.884472 -63.360764 1.584421 -11.110197 141.906967 -41.665306 0.311067 0.404532 6.127013 0.044291
27.008467 -63.034580 1.587221 -11.179009 142.343307 -42.282318 0.348875 0.399023 6.156001 0.047853
27.132462 -62.657650 1.565914 -11.063840 142.791641 -42.911163 0.383380 0.387313 6.189548 0.054420
27.257456 -62.245632 1.506961 -10.855136 143.244507 -43.541420 0.414223 0.372971 6.221905 0.058445
27.382450 -61.794888 1.428233 -10.505216 143.701096 -44.174606 0.439094 0.354592 6.257096 0.063948
27.506445 -61.310196 1.337150 -10.016973 144.156921 -44.805756 0.458246 0.327204 6.294166 0.068643
27.629440 -60.790405 1.236284 -9.353511 144.613770 -45.434044 0.472231 0.280372 6.331619 0.074356
27.754436 -60.227631 1.129411 -8.529245 145.082336 -46.075535 0.482829 0.201588 6.374301 0.077776
27.877432 -59.644669 1.018841 -7.549803 145.547043 -46.709648 0.488082 0.087981 6.406695 0.082723
28.001427 -59.012882 0.880556 -6.392326 146.019028 -47.351830 0.490076 -0.057220 6.444292 0.087259
28.126421 -58.353168 0.725324 -5.134044 146.494080 -47.997520 0.490696 -0.211015 6.477319 0.092545
28.250416 -57.645916 0.558087 -3.817215 146.974533 -48.652523 0.489869 -0.348791 6.511005 0.099715
28.375410 -56.905342 0.371908 -2.415920 147.451889 -49.305508 0.489652 -0.450056 6.531821 0.104282
28.510405 -56.065639 0.128475 -0.809328 147.975632 -50.026207 0.491339 -0.514986 6.561185 0.108569
28.635399 -55.285767 -0.128916 0.668422 148.458115 -50.691292 0.495928 -0.537907 6.581431 0.109649
28.760393 -54.485371 -0.416897 2.195735 148.942398 -51.359135 0.502368 -0.534795 6.611867 0.114350
28.886387 -53.670795 -0.712529 3.662558 149.427353 -52.029892 0.510810 -0.512183 6.629014 0.117358
29.007383 -52.859547 -1.013999 5.041807 149.900482 -52.687775 0.520658 -0.474557 6.646761 0.119469
29.132378 -52.038433 -1.325243 6.363916 150.380951 -53.358833 0.530913 -0.423923 6.661989 0.119243
29.257372 -51.213482 -1.632722 7.628494 150.864944 -54.036610 0.540882 -0.361627 6.664251 0.119005
29.382366 -50.398300 -1.916213 8.802432 151.348984 -54.714527 0.549592 -0.287671 6.661089 0.118286
29.508360 -49.583664 -2.162248 9.847054 151.835068 -55.397121 0.556355 -0.196494 6.646852 0.117101
29.633354 -48.785084 -2.381521 10.737746 152.316116 -56.072666 0.559942 -0.087051 6.625881 0.115075
29.758348 -48.008423 -2.572105 11.467261 152.795013 -56.745693 0.560335 0.037040 6.595254 0.110607
29.883343 -47.253891 -2.730788 12.027189 153.270752 -57.414963 0.559930 0.164730 6.550551 0.107547
30.007338 -46.511116 -2.832235 12.428699 153.742493 -58.079403 0.556119 0.283522 6.495405 0.105357
30.130333 -45.800526 -2.875187 12.699371 154.202316 -58.726501 0.550520 0.385249 6.425895 0.101306
30.255327 -45.108280 -2.865892 12.818071 154.660660 -59.372280 0.542952 0.469673 6.354552 0.096703
30.380322 -44.432499 -2.802274 12.804735 155.120544 -60.020386 0.534409 0.531202 6.271278 0.090586
30.505316 -43.803303 -2.705695 12.694214 155.571014 -60.655380 0.524803 0.559507 6.195039 0.085110
30.630310 -43.215031 -2.597346 12.473528 156.011398 -61.276829 0.513489 0.552315 6.098942 0.078912
30.755304 -42.652092 -2.479919 12.223873 156.449020 -61.892746 0.502381 0.517174 6.004393 0.075174
30.880299 -42.126904 -2.347041 11.931369 156.878815 -62.499126 0.491140 0.466551 5.902659 0.069933
31.002295 -41.636105 -2.240780 11.592468 157.295776 -63.086506 0.478904 0.406119 5.822097 0.065215
31.126289 -41.177860 -2.168915 11.232732 157.710083 -63.669453 0.465912 0.327887 5.730301 0.060804
31.260284 -40.716827 -2.139500 10.813867 158.148193 -64.283272 0.452456 0.216617 5.624830 0.056648
31.384279 -40.312794 -2.172105 10.370556 158.554718 -64.849762 0.438115 0.089870 5.541439 0.053318
31.509274 -39.937176 -2.263763 9.972833 158.956924 -65.405724 0.422391 -0.044403 5.449916 0.047824
31.631269 -39.606613 -2.398640 9.579798 159.343903 -65.940788 0.405730 -0.165953 5.382356 0.042823
31.755264 -39.290882 -2.574514 9.142813 159.729080 -66.472923 0.388784 -0.266908 5.314043 0.041059
31.879259 -38.996178 -2.767602 8.695291 160.115814 -67.007126 0.369858 -0.339908 5.246474 0.037043
32.004253 -38.723866 -2.961223 8.244717 160.498718 -67.534660 0.349429 -0.384236 5.192257 0.032755
32.129269 -38.479660 -3.161160 7.787746 160.875931 -68.050316 0.327396 -0.408651 5.127989 0.029386
32.253284 -38.260006 -3.350986 7.292499 161.252136 -68.565048 0.304268 -0.421605 5.080611 0.024898
32.379299 -38.071789 -3.493635 6.802924 161.628830 -69.077866 0.281375 -0.423614 5.026006 0.020679
32.502316 -37.914413 -3.564729 6.309215 161.992630 -69.574097 0.259603 -0.407018 4.981487 0.016955
32.625332 -37.776527 -3.572957 5.815693 162.353760 -70.065346 0.238677 -0.365275 4.939908 0.014305
32.759350 -37.661163 -3.500656 5.303007 162.744446 -70.595657 0.215934 -0.294656 4.896350 0.008742
32.881367 -37.594624 -3.346091 4.822204 163.097702 -71.074692 0.194364 -0.219907 4.859917 0.003933
33.006382 -37.559090 -3.092469 4.370754 163.458832 -71.560486 0.171633 -0.145036 4.832578 -0.001120
33.130398 -37.572803 -2.751822 3.931267 163.816849 -72.038864 0.146822 -0.077650 4.801347 -0.006139
33.252415 -37.613327 -2.339715 3.545477 164.168335 -72.504837 0.120627 -0.016457 4.771705 -0.009487
33.375431 -37.703838 -1.884223 3.171572 164.522400 -72.970512 0.092111 0.042268 4.744667 -0.018228
33.501446 -37.843853 -1.382676 2.812847 164.883072 -73.439453 0.062690 0.099436 4.725341 -0.023394
33.626461 -38.015629 -0.847167 2.464913 165.245712 -73.904991 0.033133 0.152515 4.717872 -0.026128
33.758480 -38.222908 -0.265598 2.113387 165.633835 -74.398544 0.001061 0.202085 4.722189 -0.029467
33.883495 -38.463112 0.299733 1.748928 165.997894 -74.857849 -0.028065 0.237746 4.731552 -0.037565
34.007511 -38.765404 0.861797 1.352917 166.368622 -75.319237 -0.057149 0.258147 4.739149 -0.043623
34.133526 -39.104382 1.405593 0.922187 166.747971 -75.782547 -0.083393 0.260212 4.767960 -0.047013
34.258541 -39.472836 1.923663 0.439349 167.130249 -76.243385 -0.104508 0.247392 4.805626 -0.051823
34.383556 -39.881535 2.407056 -0.076250 167.518768 -76.705811 -0.119522 0.229425 4.847273 -0.055247
34.509571 -40.330742 2.849058 -0.592133 167.915619 -77.168671 -0.129738 0.214587 4.900684 -0.061289
34.633587 -40.820114 3.250112 -1.139490 168.321335 -77.632927 -0.135069 0.201941 4.959222 -0.066630
34.756603 -41.327667 3.590503 -1.722847 168.730331 -78.091019 -0.133077 0.182823 5.020042 -0.068501
34.878616 -41.856091 3.877919 -2.312270 169.147903 -78.546333 -0.125970 0.150783 5.097708 -0.071172
35.003632 -42.421623 4.115356 -2.909959 169.584991 -79.010643 -0.112039 0.108169 5.179165 -0.075621
35.128647 -43.018288 4.322051 -3.516150 170.038345 -79.482262 -0.092867 0.064467 5.268060 -0.078673
35.252663 -43.641895 4.480264 -4.086320 170.505920 -79.956970 -0.068169 0.023997 5.365918 -0.081594
35.377678 -44.268955 4.603688 -4.629373 170.984314 -80.430199 -0.038661 -0.021427 5.466362 -0.082704
35.502693 -44.913738 4.709457 -5.159997 171.480927 -80.909973 -0.006315 -0.081861 5.567529 -0.084863
35.627708 -45.569111 4.776553 -5.680145 171.996109 -81.397324 0.026889 -0.156008 5.668941 -0.085546
35.752724 -46.208729 4.820361 -6.076251 172.523483 -81.882912 0.058924 -0.226840 5.779871 -0.084849
35.877739 -46.838516 4.843493 -6.399681 173.061203 -82.366127 0.088890 -0.279306 5.861233 -0.084494
36.002754 -47.465591 4.844193 -6.711129 173.621460 -82.859970 0.116706 -0.308963 5.969809 -0.082488
36.127769 -48.073723 4.844750 -7.044838 174.190796 -83.352074 0.140480 -0.318593 6.053942 -0.080661
36.252785 -48.672287 4.843541 -7.435594 174.772720 -83.846756 0.160408 -0.311815 6.147568 -0.077284
36.385803 -49.286060 4.851170 -7.856688 175.405807 -84.375214 0.178641 -0.281905 6.233582 -0.074585
36.510818 -49.835812 4.883407 -8.299139 176.007370 -84.869133 0.192232 -0.224373 6.308560 -0.071060
36.635834 -50.364384 4.934481 -8.743939 176.629379 -85.372101 0.204995 -0.131423 6.376131 -0.065749
36.760849 -50.852661 5.010189 -9.180014 177.257141 -85.870178 0.218495 -0.008827 6.435314 -0.061003
36.885864 -51.304482 5.116346 -9.616750 177.893570 -86.367073 0.233383 0.127869 6.473957 -0.056040
37.010880 -51.725140 5.257287 -10.033630 178.536224 -86.862480 0.250604 0.253454 6.501160 -0.051675
37.136894 -52.117325 5.408817 -10.448860 179.184006 -87.355927 0.270020 0.341878 6.525045 -0.047780
37.260910 -52.492908 5.549982 -10.876097 179.837143 -87.845390 0.291920 0.378276 6.529243 -0.045669
37.385925 -52.854397 5.682613 -11.310410 180.493988 -88.328278 0.315091 0.361383 6.509014 -0.043141
37.511940 -53.198727 5.805258 -11.833808 181.151993 -88.805374 0.338428 0.300854 6.502363 -0.039236
37.636955 -53.516136 5.917161 -12.375884 181.811813 -89.278198 0.360892 0.210934 6.489191 -0.035481
37.757973 -53.804241 6.009800 -12.867051 182.457001 -89.734901 0.380827 0.110600 6.476793 -0.033025
37.882988 -54.076763 6.085880 -13.384086 183.113525 -90.194801 0.400925 0.012843 6.455147 -0.029256
38.007004 -54.344524 6.128451 -13.924475 183.775482 -90.653389 0.420056 -0.064381 6.436362 -0.027858
38.132019 -54.588459 6.162114 -14.506796 184.432114 -91.103981 0.439418 -0.107634 6.410411 -0.023735
38.257034 -54.817722 6.155061 -15.154652 185.093323 -91.554512 0.458565 -0.115122 6.398571 -0.021163
38.381050 -55.015339 6.106819 -15.709256 185.751724 -91.997734 0.476606 -0.093931 6.397364 -0.017057
38.505066 -55.177975 6.036375 -16.251303 186.416748 -92.441322 0.495377 -0.059523 6.395678 -0.013542
38.630081 -55.308800 5.926660 -16.755083 187.083633 -92.880035 0.514067 -0.033106 6.386111 -0.009729
38.755096 -55.410030 5.801664 -17.216619 187.752151 -93.315033 0.533428 -0.034027 6.377754 -0.005608
38.880112 -55.485104 5.671497 -17.673775 188.421631 -93.747330 0.553967 -0.070451 6.375264 -0.001264
39.006126 -55.524345 5.548294 -18.139412 189.093155 -94.176666 0.576329 -0.132634 6.370973 0.002288
39.131142 -55.533890 5.435091 -18.568991 189.770508 -94.607643 0.601088 -0.197182 6.370008 0.004996
39.256157 -55.518921 5.340529 -18.928385 190.437744 -95.029701 0.622858 -0.239128 6.366696 0.007829
39.378174 -55.488178 5.291126 -19.247763 191.098587 -95.446617 0.641369 -0.247019 6.344047 0.009446
39.503189 -55.428612 5.268751 -19.509205 191.770798 -95.867149 0.658532 -0.221040 6.341741 0.013008
39.628204 -55.340137 5.274284 -19.690292 192.438126 -96.282852 0.672207 -0.169517 6.333246 0.015745
39.752220 -55.219498 5.289952 -19.825783 193.110352 -96.699532 0.683973 -0.101537 6.330517 0.020627
39.877235 -55.062172 5.322295 -19.897430 193.783325 -97.115173 0.693164 -0.026806 6.325447 0.024086
40.002251 -54.870670 5.389281 -19.861156 194.450119 -97.526413 0.699193 0.044618 6.313173 0.027613
40.126263 -54.644653 5.464762 -19.757973 195.116882 -97.936462 0.703312 0.104786 6.309408 0.032064
40.251278 -54.388470 5.543408 -19.627111 195.788666 -98.349152 0.706419 0.149550 6.315887 0.035280
40.376293 -54.097099 5.617749 -19.388706 196.461502 -98.761070 0.706098 0.181340 6.310312 0.038645
40.501308 -53.771107 5.673829 -19.104937 197.140030 -99.177116 0.703767 0.207224 6.319572 0.042542
40.627323 -53.418152 5.712514 -18.776060 197.813553 -99.590843 0.701276 0.233377 6.320950 0.046169
40.752338 -53.030018 5.733250 -18.410927 198.492142 -100.006805 0.700308 0.261772 6.311158 0.049407
40.877354 -52.629955 5.725905 -17.980892 199.165375 -100.418785 0.699959 0.285883 6.315278 0.050303
41.001369 -52.207878 5.696163 -17.504524 199.834183 -100.828148 0.700860 0.294846 6.329868 0.053643
41.126385 -51.772568 5.653229 -17.062689 200.508667 -101.241150 0.704269 0.278597 6.328151 0.055314
41.251400 -51.310242 5.590382 -16.608086 201.185379 -101.655296 0.710649 0.232614 6.354768 0.059034
41.376415 -50.833969 5.520319 -16.115255 201.862228 -102.070107 0.718505 0.161069 6.348621 0.059996
41.501431 -50.349728 5.434674 -15.603943 202.539612 -102.485680 0.728483 0.075757 6.367321 0.061186
41.626446 -49.861809 5.312896 -15.041983 203.218903 -102.904083 0.738525 -0.009048 6.390174 0.061709
41.762463 -49.315540 5.137096 -14.441206 203.954300 -103.359779 0.749010 -0.087463 6.417334 0.065064
41.886478 -48.794544 4.953906 -13.902586 204.636765 -103.785248 0.756715 -0.141912 6.446653 0.067209
42.010494 -48.268322 4.735010 -13.326908 205.315674 -104.211571 0.761358 -0.179397 6.478946 0.067163
42.135509 -47.726131 4.500079 -12.678409 206.004562 -104.644630 0.763253 -0.203568 6.530911 0.069565
42.260525 -47.160656 4.240517 -11.993520 206.693176 -105.078156 0.762922 -0.217849 6.582878 0.073316
42.384541 -46.574352 3.966938 -11.289011 207.391693 -105.520744 0.759268 -0.227166 6.642711 0.076302
42.506554 -45.977322 3.687613 -10.550754 208.079086 -105.957176 0.752342 -0.237825 6.694793 0.079665
42.629570 -45.367321 3.401638 -9.816309 208.776917 -106.401672 0.742242 -0.257347 6.758904 0.081363
42.753586 -44.731758 3.117709 -9.052525 209.481171 -106.852554 0.730633 -0.287026 6.832767 0.086850
42.878601 -44.052559 2.854481 -8.182439 210.204453 -107.316193 0.716808 -0.319887 6.903979 0.089611
43.003616 -43.332806 2.637335 -7.263730 210.940399 -107.789398 0.700890 -0.340957 6.977830 0.096382
43.129631 -42.586937 2.466163 -6.280321 211.678787 -108.262329 0.683514 -0.338328 7.039230 0.100550
43.254646 -41.802891 2.360274 -5.323748 212.428345 -108.744675 0.665294 -0.311981 7.096805 0.104776
43.380661 -41.005966 2.317721 -4.339976 213.182648 -109.230148 0.647264 -0.268838 7.137366 0.104863
43.507675 -40.209461 2.335089 -3.421116 213.941223 -109.717041 0.629368 -0.215227 7.168349 0.106287
43.632690 -39.399673 2.406137 -2.585243 214.703278 -110.205368 0.610943 -0.149938 7.198776 0.107472
43.758705 -38.592205 2.511069 -1.771402 215.463058 -110.691292 0.595074 -0.068712 7.227472 0.108441
43.883720 -37.769390 2.637587 -1.015753 216.231201 -111.183586 0.581165 0.033803 7.249430 0.109535
44.009735 -36.947975 2.751582 -0.312522 217.001663 -111.677254 0.567570 0.158723 7.272628 0.109483
44.135750 -36.121529 2.869432 0.314965 217.769226 -112.166603 0.555029 0.300559 7.287024 0.111855
44.260765 -35.271759 2.963057 0.899518 218.546295 -112.659035 0.544417 0.449525 7.305117 0.114467
44.383781 -34.424088 3.035305 1.409359 219.307465 -113.139076 0.535729 0.581734 7.322499 0.117445
44.509796 -33.545776 3.102090 1.806227 220.090973 -113.628876 0.527093 0.682217 7.340996 0.118959
44.635811 -32.669643 3.165547 2.157083 220.870804 -114.113754 0.520319 0.733518 7.352779 0.119516
44.760826 -31.792004 3.206526 2.399022 221.653595 -114.597359 0.514913 0.734649 7.373651 0.121521
44.885841 -30.913654 3.232534 2.590853 222.440063 -115.080231 0.510712 0.691350 7.388202 0.121584
45.010857 -30.016127 3.240526 2.719189 223.235672 -115.565247 0.507922 0.609415 7.396854 0.124561
45.135872 -29.134569 3.225029 2.725956 224.021423 -116.040749 0.505260 0.495901 7.411380 0.123579
45.260887 -28.252094 3.184709 2.671158 224.815948 -116.517357 0.501828 0.353698 7.410674 0.123328
45.384903 -27.376640 3.127089 2.609323 225.613556 -116.989983 0.497856 0.189745 7.420636 0.122590
45.509918 -26.511948 3.071183 2.487108 226.414093 -117.460258 0.494191 0.013362 7.429181 0.120617
45.634933 -25.669340 3.017430 2.350265 227.211899 -117.921906 0.489675 -0.160694 7.435510 0.118677
45.759949 -24.827936 2.972296 2.233274 228.019730 -118.382866 0.484362 -0.320147 7.444333 0.117763
45.884964 -23.996897 2.931089 2.090034 228.830276 -118.838013 0.477540 -0.450885 7.431839 0.116366
46.009979 -23.175219 2.882632 1.969198 229.649246 -119.290749 0.468199 -0.546747 7.421161 0.113061
46.134995 -22.378130 2.849486 1.851877 230.462433 -119.735748 0.456783 -0.607267 7.410428 0.111070
46.260010 -21.619938 2.809636 1.729838 231.270538 -120.171692 0.442708 -0.637334 7.398456 0.105462
46.384026 -20.883728 2.777006 1.595266 232.084579 -120.606438 0.425799 -0.643999 7.374100 0.103048
46.510040 -20.163740 2.758322 1.504504 232.898804 -121.035332 0.407226 -0.634156 7.352012 0.099052
46.635056 -19.474171 2.745822 1.467979 233.713303 -121.457550 0.389129 -0.612859 7.325617 0.095121
46.757072 -18.813877 2.736712 1.513395 234.514374 -121.865334 0.372333 -0.581671 7.299388 0.092055
46.882088 -18.159563 2.730836 1.570622 235.329010 -122.272499 0.358719 -0.536389 7.276065 0.089831
47.007099 -17.532640 2.734081 1.646026 236.137909 -122.668976 0.348602 -0.477501 7.253182 0.086547
47.133114 -16.900507 2.754790 1.782070 236.958969 -123.062614 0.340136 -0.407148 7.206113 0.085991
47.259129 -16.286451 2.808634 1.970861 237.779343 -123.447479 0.332061 -0.328319 7.184254 0.082773
47.385143 -15.693174 2.881453 2.154009 238.600464 -123.823532 0.326085 -0.235711 7.155387 0.079448
47.511158 -15.122952 2.965711 2.311854 239.427322 -124.193520 0.320905 -0.120252 7.115716 0.075044
47.636173 -14.591834 3.050044 2.544960 240.240250 -124.549110 0.317192 0.013730 7.084993 0.070547
47.760189 -14.087213 3.154669 2.837313 241.038605 -124.891327 0.312143 0.151699 7.049682 0.068752
47.883205 -13.595900 3.275074 3.129582 241.842484 -125.229347 0.307389 0.281765 7.022952 0.065910
48.007221 -13.120775 3.388632 3.420626 242.645798 -125.559860 0.302119 0.399820 6.995242 0.063905
48.133236 -12.649688 3.500426 3.741056 243.461807 -125.886665 0.294631 0.515377 6.957185 0.061303
48.258251 -12.196017 3.608642 4.046250 244.263107 -126.199684 0.285556 0.630400 6.921553 0.060114
48.381268 -11.759871 3.714813 4.267021 245.061630 -126.504616 0.275020 0.736224 6.879059 0.059221
48.504284 -11.339372 3.825001 4.406113 245.852310 -126.799759 0.263855 0.810052 6.843398 0.057374
48.628300 -10.935686 3.924806 4.490766 246.646210 -127.089592 0.255043 0.834409 6.801578 0.054542
48.754314 -10.560054 3.995708 4.549819 247.444824 -127.373947 0.249564 0.804307 6.771469 0.052236
48.878330 -10.203054 4.024878 4.506860 248.243240 -127.651909 0.247694 0.729726 6.755502 0.049281
49.012344 -9.838775 4.021910 4.403888 249.098862 -127.940262 0.246563 0.616624 6.726338 0.048050
49.135361 -9.517108 4.000527 4.294193 249.883286 -128.197876 0.245765 0.490931 6.705290 0.046164
49.258377 -9.201176 3.953152 4.156451 250.667435 -128.450378 0.246522 0.344961 6.687935 0.045850
49.380394 -8.910151 3.885019 4.031790 251.444321 -128.694412 0.248643 0.183760 6.666789 0.042402
49.505409 -8.626923 3.789217 3.917940 252.240479 -128.936661 0.251058 0.011934 6.653360 0.039588
49.631424 -8.362482 3.669821 3.747942 253.037064 -129.173203 0.252207 -0.147317 6.637389 0.038632
49.756439 -8.106826 3.541725 3.546398 253.834518 -129.404083 0.251770 -0.279234 6.643085 0.036999
49.879456 -7.857915 3.393492 3.287894 254.627884 -129.628265 0.248021 -0.380518 6.653504 0.036295
50.011471 -7.610603 3.239495 2.980724 255.474487 -129.861954 0.241366 -0.466458 6.651015 0.033307
50.136486 -7.393327 3.109441 2.700654 256.277679 -130.075394 0.234196 -0.535901 6.642727 0.032869
50.262501 -7.183188 2.989834 2.383656 257.080902 -130.282822 0.228595 -0.593305 6.629288 0.031332
50.387516 -6.985564 2.893399 2.034562 257.885071 -130.485504 0.224992 -0.632037 6.637065 0.029066
50.512531 -6.811512 2.839943 1.681555 258.689880 -130.682663 0.223536 -0.645816 6.628680 0.025868
50.634548 -6.640872 2.811934 1.346604 259.482513 -130.871414 0.224024 -0.635734 6.622241 0.026435
50.760563 -6.466585 2.813586 1.045692 260.287506 -131.056686 0.225337 -0.604982 6.601292 0.026063
50.884579 -6.301835 2.851072 0.755450 261.092407 -131.236206 0.228644 -0.553549 6.594518 0.023915
51.009594 -6.149950 2.903043 0.471649 261.890869 -131.409332 0.232912 -0.478896 6.585381 0.023031
51.136608 -6.011541 2.965486 0.218293 262.708374 -131.581589 0.237288 -0.378482 6.573878 0.019806
51.259624 -5.897982 3.022646 0.019964 263.506287 -131.745499 0.240140 -0.266266 6.567643 0.016053
51.384640 -5.796159 3.054324 -0.212724 264.304840 -131.905365 0.240185 -0.156453 6.565985 0.016542
51.508656 -5.696000 3.076397 -0.396748 265.110321 -132.062241 0.238631 -0.062265 6.565996 0.013813
51.633671 -5.614235 3.079217 -0.520042 265.917023 -132.215179 0.234412 0.013851 6.570009 0.011053
51.758686 -5.551511 3.046624 -0.651584 266.724945 -132.365219 0.227008 0.082007 6.573653 0.008914
51.884701 -5.500721 2.984053 -0.760644 267.540985 -132.512238 0.215011 0.153300 6.583242 0.006492
52.010715 -5.453987 2.889951 -0.782131 268.359161 -132.654709 0.200443 0.228685 6.594582 0.005850
52.136730 -5.418956 2.768186 -0.748721 269.172455 -132.792175 0.184856 0.299131 6.605747 0.004628
52.261745 -5.390862 2.622001 -0.668090 269.995148 -132.929916 0.170121 0.360650 6.627430 0.002705
52.387760 -5.369582 2.451608 -0.518610 270.813477 -133.063919 0.155932 0.415618 6.638892 0.002314
52.512775 -5.343770 2.273068 -0.332793 271.640411 -133.196030 0.146151 0.471350 6.649484 0.001791
52.636791 -5.335781 2.092953 -0.136741 272.455750 -133.324158 0.140636 0.525347 6.667184 -0.000744
52.758808 -5.339375 1.936869 0.054509 273.253906 -133.448502 0.139943 0.564987 6.677326 -0.002301
52.882824 -5.355765 1.804452 0.288882 274.079224 -133.574753 0.142730 0.577722 6.678984 -0.003892
53.007839 -5.385755 1.705945 0.517885 274.905212 -133.697830 0.147776 0.556497 6.681182 -0.004675
53.131855 -5.428026 1.634791 0.702199 275.725983 -133.817078 0.155867 0.507832 6.691105 -0.006800
53.256870 -5.467993 1.593490 0.830593 276.553070 -133.935608 0.166320 0.439625 6.682154 -0.005057
53.380886 -5.504701 1.595028 0.904390 277.373505 -134.051071 0.177532 0.357711 6.677127 -0.005396
53.504902 -5.546015 1.639096 0.945532 278.193420 -134.163712 0.186924 0.260590 6.672246 -0.006361
53.628918 -5.607327 1.730749 0.930761 279.012299 -134.274826 0.193240 0.150434 6.656801 -0.010034
53.753933 -5.677419 1.842892 0.862187 279.829926 -134.384644 0.195084 0.034988 6.649845 -0.009087
53.877949 -5.754644 1.966263 0.762532 280.652802 -134.494156 0.192273 -0.076293 6.634320 -0.010702
54.002964 -5.843503 2.087330 0.610971 281.467010 -134.602310 0.185748 -0.175421 6.615037 -0.011593
54.135983 -5.945470 2.203331 0.359079 282.344055 -134.717041 0.174888 -0.272803 6.590251 -0.012104
54.258999 -6.045176 2.275035 0.107038 283.140198 -134.818954 0.163581 -0.359074 6.572322 -0.013557
54.382015 -6.161112 2.296835 -0.152257 283.946930 -134.920105 0.149841 -0.446925 6.547789 -0.015139
54.504032 -6.284145 2.266850 -0.402629 284.738312 -135.018921 0.135811 -0.526077 6.528363 -0.017664
54.628048 -6.415990 2.203955 -0.548227 285.534515 -135.115433 0.122455 -0.588264 6.519547 -0.018701
54.763065 -6.578371 2.096240 -0.655827 286.406250 -135.219666 0.111524 -0.627404 6.493051 -0.021329
54.888081 -6.733981 1.969651 -0.762196 287.217987 -135.314346 0.105764 -0.639022 6.481153 -0.020565
55.014095 -6.888839 1.833995 -0.899570 288.021698 -135.406754 0.104945 -0.635809 6.467990 -0.020712
55.139111 -7.047069 1.702308 -1.091226 288.823517 -135.498230 0.109688 -0.620492 6.450586 -0.022902
55.253124 -7.212307 1.588382 -1.231807 289.560211 -135.580917 0.118940 -0.587866 6.438909 -0.025610
55.379139 -7.404121 1.473123 -1.345804 290.365540 -135.669952 0.134262 -0.514677 6.424548 -0.026408
55.505154 -7.606564 1.369957 -1.412042 291.162781 -135.755600 0.152840 -0.390193 6.409457 -0.028293
55.630169 -7.819048 1.275542 -1.483388 291.965179 -135.842346 0.173123 -0.212209 6.403840 -0.030603
55.755184 -8.051007 1.206354 -1.576592 292.759613 -135.929199 0.193108 0.000793 6.386526 -0.032512
55.881199 -8.289371 1.163777 -1.643635 293.551910 -136.015396 0.210980 0.225434 6.371506 -0.033294
56.006214 -8.525661 1.148428 -1.744846 294.343231 -136.102493 0.225448 0.437901 6.365318 -0.033142
56.131229 -8.774616 1.139224 -1.824521 295.139771 -136.190659 0.234786 0.621058 6.360518 -0.033535
56.256245 -9.021524 1.125615 -1.958334 295.929108 -136.277908 0.237817 0.755885 6.346851 -0.035045
56.382259 -9.280673 1.096000 -2.099045 296.716461 -136.364960 0.236245 0.830390 6.331763 -0.034942
56.506275 -9.543867 1.051058 -2.214503 297.502167 -136.451675 0.229979 0.837761 6.318098 -0.037622
56.630291 -9.814468 0.999155 -2.269061 298.280365 -136.537354 0.220012 0.783126 6.308807 -0.038883
56.755306 -10.095774 0.944768 -2.274623 299.062744 -136.622757 0.207836 0.681998 6.286894 -0.039038
56.879322 -10.375563 0.881907 -2.302552 299.835999 -136.708115 0.194708 0.554962 6.265461 -0.039798
57.003338 -10.656560 0.803429 -2.347565 300.606812 -136.794830 0.183162 0.416977 6.248889 -0.040756
57.138355 -10.978241 0.714111 -2.351902 301.443298 -136.889404 0.172256 0.267244 6.222847 -0.042083
57.260372 -11.273971 0.622718 -2.393925 302.194458 -136.977463 0.165753 0.143961 6.186343 -0.042198
57.382385 -11.576262 0.518992 -2.442824 302.941620 -137.068100 0.164819 0.039549 6.159821 -0.043704
57.505402 -11.898102 0.413708 -2.505986 303.692047 -137.160522 0.169324 -0.045402 6.139320 -0.047544
57.638420 -12.275322 0.311072 -2.589798 304.500275 -137.262024 0.180584 -0.123454 6.115663 -0.050267
57.763435 -12.644912 0.215809 -2.647660 305.250854 -137.358307 0.194165 -0.195553 6.094212 -0.052365
57.888451 -13.023991 0.116253 -2.705933 306.005096 -137.455765 0.210880 -0.276526 6.075663 -0.053070
58.013466 -13.409923 0.012951 -2.775312 306.762665 -137.554337 0.229500 -0.366627 6.054232 -0.053826
58.138481 -13.782729 -0.083788 -2.844105 307.505463 -137.652832 0.246181 -0.456405 6.034749 -0.052072
58.263496 -14.164012 -0.191190 -2.895542 308.252502 -137.754120 0.261440 -0.535340 6.026545 -0.053669
58.387512 -14.552957 -0.301397 -2.885945 308.998413 -137.856354 0.274362 -0.589858 6.020644 -0.054462
58.513527 -14.945435 -0.404316 -2.828758 309.744385 -137.959152 0.281430 -0.611667 6.023253 -0.054548
58.636543 -15.333319 -0.495703 -2.753920 310.483521 -138.063446 0.284627 -0.602257 6.015907 -0.055688
58.760559 -15.725548 -0.584302 -2.678149 311.221161 -138.169815 0.283312 -0.569037 6.006818 -0.053970
58.883575 -16.109940 -0.663850 -2.596615 311.951294 -138.277863 0.278200 -0.519091 5.998895 -0.054100
59.006592 -16.494640 -0.731310 -2.518180 312.679993 -138.388580 0.270230 -0.452752 5.991198 -0.054506
59.131607 -16.881237 -0.790616 -2.477458 313.413239 -138.502701 0.260867 -0.364633 5.982087 -0.054622
59.256622 -17.279240 -0.844910 -2.482847 314.156494 -138.621323 0.251402 -0.252423 5.969101 -0.055192
59.385635 -17.688547 -0.885270 -2.526180 314.897339 -138.741989 0.242705 -0.122697 5.949208 -0.057553
59.510651 -18.107536 -0.907549 -2.538396 315.641846 -138.866104 0.235102 0.013054 5.939636 -0.057405
59.635666 -18.523672 -0.891982 -2.496668 316.378265 -138.990799 0.229564 0.143883 5.920145 -0.057911
59.761681 -18.930658 -0.850519 -2.436327 317.105713 -139.118637 0.227804 0.264877 5.900678 -0.055536
59.884697 -19.318340 -0.772593 -2.348381 317.824829 -139.247604 0.229637 0.372817 5.881214 -0.053666
60.007713 -19.695963 -0.684438 -2.273962 318.533997 -139.377930 0.234169 0.464871 5.852099 -0.053510
