1.20 1.10 20 64
0.139000 0.001702 0.252351 -0.136903 1.001096 0.000030 -0.141110 -0.016375 6.791876 0.000467
0.256000 -0.007736 0.883913 -0.308008 1.786860 -0.001069 -0.098046 0.176219 6.748149 -0.002848
0.389000 -0.022006 1.971122 -0.434153 2.676441 -0.002424 -0.012595 0.374262 6.647713 -0.001259
0.506000 -0.025925 3.145166 -0.537548 3.445771 -0.004490 0.079990 0.518413 6.520766 -0.000321
0.639000 -0.032975 4.587491 -0.639211 4.308989 -0.009432 0.186981 0.640569 6.388096 0.000082
0.756000 -0.035136 5.839201 -0.732365 5.044329 -0.014557 0.268356 0.710358 6.307768 0.001897
0.890000 -0.016266 7.213205 -0.810166 5.884586 -0.021455 0.339465 0.751136 6.244468 0.003939
1.006000 0.008643 8.308960 -0.833658 6.611950 -0.028100 0.375387 0.754308 6.198675 0.004876
1.140000 0.063636 9.384758 -0.825961 7.435340 -0.035917 0.386372 0.722035 6.183058 0.007561
1.256000 0.118110 10.130562 -0.833826 8.157951 -0.043187 0.370346 0.665462 6.171536 0.008629
1.390000 0.192688 10.760571 -0.795080 8.962320 -0.050788 0.331396 0.578660 5.970459 0.008614
1.506999 0.270957 11.137506 -0.728257 9.647764 -0.057002 0.284068 0.491686 5.786060 0.009686
1.639999 0.365833 11.320922 -0.598798 10.403287 -0.065381 0.222892 0.387516 5.609015 0.010365
1.756999 0.473040 11.236255 -0.464859 11.055630 -0.072586 0.163966 0.290661 5.598120 0.012988
1.889999 0.606562 10.822769 -0.375239 11.812324 -0.084536 0.095349 0.173478 5.682817 0.015089
2.006999 0.725583 10.207919 -0.249754 12.477334 -0.096959 0.041402 0.069443 5.769803 0.015071
2.140999 0.868057 9.280212 -0.075609 13.258519 -0.113456 -0.007089 -0.056979 5.876854 0.014782
2.256999 0.994300 8.337884 0.081436 13.947111 -0.128688 -0.032333 -0.175428 5.980934 0.015770
2.390999 1.134549 7.182333 0.335841 14.756790 -0.145198 -0.038746 -0.333759 6.088984 0.013922
2.507998 1.260167 6.169893 0.567663 15.476959 -0.159193 -0.020056 -0.482171 6.197279 0.015246
2.640998 1.399926 5.084239 0.743868 16.309757 -0.178215 0.025220 -0.638455 6.308017 0.017560
2.757998 1.537080 4.234704 0.848278 17.054338 -0.197092 0.084232 -0.733476 6.402811 0.019445
2.890998 1.705961 3.443681 0.929433 17.911995 -0.221804 0.162647 -0.774228 6.482180 0.022684
3.007998 1.857865 2.911242 0.968758 18.673973 -0.242817 0.233381 -0.752220 6.538675 0.021462
3.140998 2.038076 2.485573 1.034775 19.547699 -0.265185 0.308983 -0.682003 6.591157 0.023449
3.257998 2.199694 2.289289 1.146044 20.322699 -0.281725 0.366114 -0.603507 6.646601 0.023641
3.390998 2.383496 2.250395 1.304887 21.217190 -0.298709 0.413951 -0.508818 6.698625 0.023801
3.507998 2.547837 2.348963 1.438800 21.996372 -0.312063 0.435924 -0.426813 6.731976 0.023907
3.641997 2.745222 2.578972 1.647861 22.900600 -0.326194 0.435915 -0.319911 6.763028 0.026772
3.757997 2.935327 2.882848 1.902756 23.693226 -0.338362 0.416659 -0.207315 6.784351 0.025522
3.891997 3.150208 3.281942 2.256492 24.596106 -0.351162 0.374261 -0.050260 6.795212 0.025789
4.008997 3.334933 3.659753 2.562594 25.391027 -0.361977 0.322730 0.104029 6.797736 0.024317
4.125998 3.527276 4.037343 2.879654 26.185793 -0.371048 0.263312 0.263537 6.788975 0.025773
4.258998 3.744266 4.433640 3.204050 27.087709 -0.379354 0.193924 0.431730 6.771868 0.025521
4.375998 3.928840 4.735199 3.422202 27.878059 -0.385517 0.136020 0.557731 6.740620 0.026003
4.508999 4.151772 5.012496 3.574835 28.772141 -0.393618 0.080813 0.665707 6.707280 0.028646
4.625999 4.363985 5.156443 3.717013 29.553873 -0.400016 0.046534 0.725101 6.669484 0.029715
4.759000 4.591269 5.214964 3.810465 30.445606 -0.407085 0.026044 0.748795 6.644402 0.027705
4.876000 4.778462 5.191829 3.835134 31.221018 -0.411630 0.025535 0.731191 6.616315 0.026591
5.009001 4.978246 5.077440 3.785929 32.099766 -0.418558 0.044458 0.672907 6.600837 0.027680
5.126001 5.162435 4.915035 3.752597 32.864063 -0.423111 0.074600 0.596951 6.577760 0.028759
5.260002 5.376320 4.640964 3.674218 33.743347 -0.427253 0.122654 0.495503 6.552690 0.028851
5.376002 5.559003 4.332053 3.590833 34.502781 -0.429231 0.168915 0.405095 6.543318 0.028248
5.510003 5.763054 3.901040 3.469743 35.378963 -0.430481 0.219791 0.300464 6.538792 0.027192
5.627004 5.930974 3.490886 3.354844 36.145493 -0.428628 0.258772 0.203364 6.560631 0.024817
5.760004 6.109374 2.995562 3.273478 37.020039 -0.424447 0.293413 0.080486 6.587999 0.023005
5.877005 6.261271 2.545729 3.172326 37.792812 -0.417424 0.314293 -0.038200 6.620052 0.023637
6.010005 6.435472 2.051554 3.048309 38.676582 -0.406754 0.324378 -0.176024 6.661008 0.023551
6.127006 6.590368 1.647017 2.951524 39.458897 -0.396309 0.321771 -0.296143 6.704177 0.024089
6.260006 6.768741 1.253104 2.862082 40.360584 -0.380750 0.306049 -0.432650 6.740039 0.024200
6.377007 6.934745 0.993052 2.807230 41.143517 -0.364181 0.284568 -0.550553 6.757925 0.025639
6.510007 7.127294 0.798038 2.748369 42.050278 -0.342551 0.255309 -0.678554 6.767568 0.024363
6.627007 7.289087 0.717268 2.640674 42.841705 -0.320769 0.229794 -0.773446 6.758895 0.024788
6.761008 7.471042 0.728844 2.555795 43.738808 -0.293139 0.204558 -0.851817 6.739597 0.022713
6.878009 7.621274 0.820451 2.522646 44.524899 -0.265314 0.187838 -0.889694 6.709168 0.022702
7.011009 7.797084 0.980216 2.458377 45.413738 -0.231393 0.174986 -0.889450 6.676804 0.023616
7.128010 7.951661 1.145436 2.366109 46.191376 -0.200964 0.171646 -0.843140 6.632472 0.022956
7.261010 8.107234 1.373958 2.207643 47.070183 -0.163229 0.176373 -0.732124 6.598958 0.021102
7.378011 8.236407 1.605897 2.036894 47.838619 -0.127664 0.188706 -0.586017 6.559595 0.019587
7.511011 8.380098 1.870971 1.832017 48.713551 -0.082979 0.209436 -0.374591 6.521685 0.020556
7.628012 8.509652 2.082730 1.761908 49.466885 -0.040665 0.230407 -0.163755 6.497119 0.019662
7.762012 8.638221 2.309358 1.731753 50.334534 0.012770 0.256273 0.095211 6.475636 0.016122
7.878013 8.744868 2.479193 1.745086 51.089970 0.061976 0.278960 0.319417 6.468369 0.015574
8.012013 8.842199 2.622174 1.789413 51.947430 0.118562 0.299534 0.551820 6.460579 0.010112
8.129014 8.909216 2.694970 1.843000 52.702072 0.170377 0.313376 0.727109 6.465420 0.009030
8.262014 8.980519 2.702639 1.917744 53.560520 0.231902 0.323451 0.885675 6.477037 0.008912
8.379015 9.039593 2.632177 2.041406 54.317039 0.286504 0.326957 0.980717 6.486589 0.008179
8.512015 9.125069 2.465045 2.141868 55.178131 0.350530 0.325063 1.020396 6.503211 0.011688
8.629016 9.202230 2.245767 2.250463 55.937420 0.409439 0.319771 0.987792 6.514236 0.011017
8.762016 9.297071 1.929589 2.388274 56.802204 0.479460 0.309516 0.885349 6.528595 0.012431
8.879017 9.384006 1.596949 2.469378 57.565262 0.542631 0.299868 0.759831 6.551472 0.013409
9.012017 9.487233 1.188452 2.539887 58.442112 0.616691 0.287156 0.602849 6.582186 0.012686
9.129018 9.570722 0.825214 2.601333 59.211155 0.682606 0.277823 0.464064 6.605327 0.012058
9.263019 9.672509 0.438994 2.627925 60.088364 0.758207 0.273492 0.308153 6.628190 0.011799
9.380019 9.753637 0.149189 2.554849 60.861618 0.825848 0.275662 0.172906 6.636833 0.012204
9.513020 9.848109 -0.125278 2.452646 61.741070 0.905474 0.284602 0.023936 6.641411 0.011998
9.630020 9.927987 -0.323724 2.360577 62.515392 0.977636 0.297674 -0.106194 6.649169 0.012202
9.763021 10.017234 -0.490452 2.281921 63.395672 1.062469 0.318827 -0.255884 6.648634 0.009984
9.880021 10.077847 -0.569739 2.141184 64.169807 1.138444 0.342364 -0.387901 6.644714 0.007988
10.013021 10.130318 -0.601137 2.060440 65.047920 1.228277 0.370835 -0.523394 6.635658 0.006363
10.130022 10.179230 -0.585362 2.042299 65.819969 1.309552 0.393530 -0.618035 6.635082 0.007618
10.263022 10.228500 -0.498962 1.972183 66.696999 1.403303 0.414189 -0.687940 6.628999 0.006623
10.380023 10.266210 -0.397446 1.876090 67.468094 1.486330 0.427289 -0.716615 6.627711 0.005515
10.514024 10.313486 -0.253360 1.700868 68.350388 1.582869 0.434471 -0.717104 6.623212 0.005772
10.630024 10.357527 -0.124442 1.541584 69.120720 1.667978 0.433701 -0.694091 6.627292 0.007177
10.764025 10.412767 0.015531 1.337703 69.996010 1.766254 0.425651 -0.645421 6.622624 0.007175
10.881025 10.463340 0.130309 1.125615 70.765671 1.853097 0.412836 -0.584135 6.615330 0.008228
11.014026 10.509366 0.239716 0.830872 71.639198 1.952094 0.397977 -0.495390 6.605974 0.005969
11.131026 10.543588 0.304690 0.547714 72.406174 2.041685 0.384733 -0.402089 6.596700 0.005225
11.264027 10.591356 0.331632 0.207953 73.283699 2.146508 0.370521 -0.284301 6.588393 0.006506
11.381027 10.632706 0.313615 -0.045903 74.041840 2.240194 0.362399 -0.179861 6.584102 0.006193
11.514028 10.672704 0.254672 -0.333200 74.916664 2.350189 0.357459 -0.064974 6.578424 0.005644
11.631028 10.718519 0.141013 -0.470759 75.679863 2.447300 0.355325 0.027862 6.575226 0.007934
11.765029 10.783310 -0.037465 -0.583524 76.547241 2.558051 0.359783 0.126112 6.575339 0.009394
11.881029 10.840479 -0.238349 -0.633002 77.310585 2.656344 0.369720 0.211927 6.581150 0.007413
12.015030 10.896023 -0.501699 -0.668870 78.179131 2.771199 0.385853 0.313208 6.591385 0.007725
12.132030 10.928745 -0.739951 -0.662783 78.943726 2.872991 0.404308 0.407593 6.593922 0.003739
12.265031 10.945909 -1.042052 -0.627966 79.814171 2.988626 0.427298 0.511788 6.608914 0.002412
12.382031 10.948922 -1.298076 -0.566759 80.581810 3.091219 0.446721 0.587996 6.629067 -0.000077
12.515032 10.936833 -1.569023 -0.389291 81.462608 3.211100 0.466766 0.642108 6.639101 -0.001758
12.632032 10.914445 -1.756384 -0.265381 82.226646 3.315707 0.481576 0.654883 6.656093 -0.003183
12.766033 10.892843 -1.945240 -0.143960 83.111168 3.438920 0.495603 0.636487 6.673374 -0.002303
12.882033 10.866209 -2.089627 -0.013360 83.878540 3.546865 0.503330 0.599878 6.687035 -0.003859
13.016034 10.823604 -2.212671 0.189466 84.767281 3.672496 0.509172 0.538594 6.708878 -0.005906
13.132034 10.772599 -2.260241 0.457977 85.545593 3.783024 0.510879 0.468252 6.725631 -0.006674
13.266035 10.713445 -2.261115 0.778445 86.431374 3.908694 0.511794 0.365231 6.731654 -0.006253
13.382035 10.657977 -2.201158 1.060201 87.211433 4.018920 0.511908 0.258381 6.736041 -0.007940
13.516036 10.580398 -2.079778 1.414132 88.098412 4.146363 0.510859 0.123202 6.739110 -0.008241
13.633037 10.504628 -1.920561 1.640895 88.879539 4.255958 0.509856 0.003054 6.743567 -0.011358
13.766037 10.409477 -1.698553 1.956617 89.767899 4.380451 0.510256 -0.133104 6.743254 -0.010872
13.883038 10.320034 -1.475651 2.199709 90.549171 4.490827 0.511179 -0.247080 6.743882 -0.011190
14.016038 10.222554 -1.186890 2.418232 91.444244 4.618183 0.511542 -0.368795 6.742713 -0.013298
14.133039 10.137574 -0.929639 2.512341 92.217972 4.729294 0.511064 -0.455292 6.735385 -0.012932
14.266039 10.021934 -0.653436 2.543888 93.111946 4.858876 0.510250 -0.523421 6.742844 -0.015728
14.383039 9.913588 -0.440165 2.556607 93.892784 4.972531 0.510162 -0.549643 6.750224 -0.017264
14.517040 9.779810 -0.246649 2.491423 94.781433 5.103810 0.510528 -0.551025 6.758012 -0.018016
14.633040 9.661205 -0.127092 2.414665 95.564293 5.222877 0.509279 -0.539175 6.774095 -0.018320
14.767041 9.513169 -0.054107 2.281762 96.455971 5.360019 0.507082 -0.517083 6.795136 -0.020658
14.884042 9.368922 -0.041683 2.117250 97.243301 5.482194 0.505220 -0.486721 6.820170 -0.022085
15.017042 9.197826 -0.098502 1.832190 98.142113 5.623150 0.502709 -0.432523 6.854928 -0.022863
15.134043 9.045653 -0.201229 1.512864 98.943909 5.749613 0.501180 -0.370423 6.893469 -0.023824
15.267043 8.849953 -0.358051 1.090939 99.844727 5.892073 0.502421 -0.292892 6.914577 -0.027697
15.384044 8.662315 -0.523438 0.666002 100.645531 6.019316 0.506682 -0.223045 6.946036 -0.029355
15.501044 8.469856 -0.687334 0.225488 101.449921 6.148433 0.512691 -0.147486 6.975442 -0.028773
15.634045 8.255560 -0.877324 -0.240730 102.375862 6.298833 0.522181 -0.047569 7.021081 -0.028125
15.751045 8.076226 -1.036339 -0.607465 103.181412 6.430300 0.532507 0.049156 7.047852 -0.027322
15.884046 7.859837 -1.176827 -1.005405 104.116356 6.582379 0.548216 0.159729 7.081933 -0.029962
16.001045 7.665415 -1.251225 -1.327443 104.929375 6.714530 0.562344 0.244886 7.110113 -0.030411
16.135048 7.427659 -1.285188 -1.663818 105.872673 6.870111 0.576366 0.329634 7.145350 -0.032505
16.251051 7.213250 -1.224389 -1.953810 106.699554 7.006592 0.587960 0.397302 7.177096 -0.032231
16.385054 6.987590 -1.081630 -2.220960 107.643875 7.159802 0.599562 0.468120 7.207553 -0.028718
16.502056 6.788621 -0.883912 -2.420049 108.478218 7.294707 0.607985 0.516956 7.236860 -0.030771
16.635059 6.544903 -0.576998 -2.587052 109.430557 7.449297 0.613962 0.539545 7.260767 -0.032701
16.752062 6.322548 -0.272014 -2.721994 110.270767 7.584100 0.615038 0.521276 7.283797 -0.033731
16.885065 6.079085 0.124462 -2.836241 111.228653 7.737447 0.612395 0.462682 7.305151 -0.030410
17.002068 5.875243 0.534822 -2.924971 112.081314 7.873032 0.607163 0.395419 7.325012 -0.031295
17.135071 5.653061 1.030210 -2.955278 113.045258 8.025707 0.601146 0.327377 7.342082 -0.028236
17.254072 5.468892 1.455923 -2.945236 113.895485 8.158660 0.594487 0.281847 7.362976 -0.027132
17.387075 5.270059 1.922294 -2.869251 114.873672 8.306768 0.582355 0.232251 7.391908 -0.025137
17.503078 5.115085 2.290726 -2.772757 115.730453 8.432409 0.570778 0.169746 7.406813 -0.022956
17.637081 4.961708 2.685484 -2.670841 116.708168 8.573834 0.555378 0.066907 7.441033 -0.019574
17.754084 4.838780 2.985052 -2.479454 117.571472 8.696801 0.542265 -0.037244 7.467877 -0.019851
17.887087 4.701206 3.248065 -2.222657 118.557999 8.834544 0.529469 -0.141117 7.505693 -0.020256
18.004089 4.585386 3.427325 -2.038257 119.430771 8.953332 0.521721 -0.206600 7.546476 -0.018232
18.137093 4.453050 3.576746 -1.750922 120.429054 9.089367 0.514885 -0.259016 7.595636 -0.020022
18.254095 4.330456 3.647300 -1.483140 121.311722 9.209187 0.511150 -0.302516 7.632361 -0.020873
18.387098 4.185577 3.683633 -1.182613 122.329453 9.344817 0.509782 -0.359074 7.681186 -0.020630
18.504101 4.068107 3.688525 -0.984460 123.216263 9.460639 0.511656 -0.409023 7.730790 -0.017816
18.638103 3.946954 3.671920 -0.776957 124.249084 9.592398 0.516594 -0.454508 7.797283 -0.018099
18.754107 3.835290 3.650459 -0.602744 125.159485 9.706100 0.521907 -0.475752 7.867858 -0.017267
18.888109 3.720858 3.637508 -0.441883 126.203369 9.833393 0.528599 -0.474821 7.931840 -0.016014
19.005112 3.627532 3.643614 -0.302624 127.128052 9.944130 0.534847 -0.450027 7.982177 -0.014678
19.138115 3.524735 3.660697 -0.162882 128.187912 10.070178 0.537194 -0.394882 8.055903 -0.014442
19.255117 3.446801 3.723709 -0.078172 129.127518 10.179236 0.534289 -0.324980 8.106231 -0.011265
19.388121 3.354044 3.858654 -0.053803 130.203079 10.301556 0.524490 -0.228951 8.163849 -0.012189
19.505123 3.271411 4.048818 -0.076372 131.156754 10.409557 0.508969 -0.136430 8.227586 -0.012113
19.638126 3.175154 4.343475 -0.082457 132.256760 10.532639 0.484256 -0.029098 8.283101 -0.012688
19.755129 3.088240 4.688336 -0.089293 133.215225 10.637344 0.457386 0.060960 8.332251 -0.013256
19.888132 2.982599 5.163565 -0.133764 134.328278 10.759346 0.419441 0.155030 8.362671 -0.013665
20.006134 2.869194 5.639201 -0.208947 135.301117 10.865346 0.382123 0.223239 8.363284 -0.015803
20.139137 2.730552 6.239700 -0.345867 136.405289 10.984526 0.335018 0.280470 8.339312 -0.016315
20.256140 2.617054 6.808057 -0.466029 137.373871 11.086823 0.292965 0.314250 8.313001 -0.013828
20.389143 2.487829 7.480606 -0.620167 138.469925 11.199757 0.245825 0.338655 8.259323 -0.015321
20.506145 2.360969 8.086599 -0.756143 139.426361 11.297367 0.209746 0.351821 8.189633 -0.016822
20.639149 2.209479 8.754199 -0.996066 140.504089 11.403025 0.177462 0.357169 8.095784 -0.013933
20.756151 2.075088 9.306242 -1.209195 141.439819 11.491589 0.155027 0.348173 7.987468 -0.015097
20.889154 1.904829 9.864868 -1.478229 142.498550 11.588482 0.137322 0.316453 7.893414 -0.016994
21.006157 1.733184 10.237420 -1.708323 143.403214 11.669576 0.127979 0.270857 7.786507 -0.019977
21.139160 1.525642 10.526640 -1.955791 144.434341 11.759970 0.123649 0.205839 7.681854 -0.022285
21.256163 1.338144 10.661399 -2.135848 145.324234 11.835571 0.123930 0.147210 7.596930 -0.023344
21.390165 1.108205 10.688566 -2.314363 146.323868 11.916927 0.123084 0.086458 7.505713 -0.028276
21.506168 0.889243 10.593565 -2.441520 147.195053 11.984310 0.122435 0.040462 7.443348 -0.030403
21.640171 0.614444 10.380899 -2.609372 148.176208 12.057680 0.119545 -0.003501 7.369927 -0.033727
21.756174 0.362864 10.102729 -2.774154 149.033463 12.118701 0.113531 -0.037892 7.330855 -0.033416
21.890177 0.085890 9.696843 -2.959925 150.002640 12.186436 0.101283 -0.076318 7.286617 -0.030741
22.007179 -0.168932 9.274226 -3.143830 150.852386 12.243910 0.087931 -0.110844 7.271592 -0.034416
22.140182 -0.471126 8.732840 -3.358225 151.823029 12.307425 0.068284 -0.150014 7.251813 -0.035120
22.257185 -0.751302 8.204054 -3.605314 152.660095 12.358746 0.048959 -0.179945 7.218547 -0.037902
22.390188 -1.067675 7.567277 -3.827618 153.625244 12.414401 0.025847 -0.206415 7.215370 -0.036113
22.507191 -1.317580 7.019939 -3.923807 154.460648 12.459882 0.007867 -0.216491 7.209241 -0.037056
22.641193 -1.609046 6.432470 -3.920294 155.424210 12.508948 -0.007681 -0.207035 7.196442 -0.038587
22.758196 -1.878939 5.962028 -3.875244 156.265244 12.546524 -0.017342 -0.173948 7.191491 -0.041549
22.891199 -2.187888 5.514482 -3.762315 157.221817 12.585896 -0.022946 -0.110023 7.195705 -0.041354
23.008202 -2.447112 5.207399 -3.609716 158.062073 12.617965 -0.022652 -0.042786 7.179314 -0.040332
23.141205 -2.728580 4.951941 -3.375706 159.014236 12.650679 -0.018531 0.025347 7.151955 -0.039323
23.258207 -2.969445 4.813644 -3.185171 159.847961 12.675674 -0.012866 0.060239 7.118785 -0.037687
23.391211 -3.236214 4.768724 -2.901761 160.797775 12.699194 -0.004819 0.064909 7.067364 -0.036879
23.508213 -3.466946 4.807330 -2.620953 161.620926 12.716359 0.004468 0.046572 7.012488 -0.038316
23.641216 -3.718585 4.925644 -2.252515 162.548386 12.731938 0.015211 0.016678 6.941759 -0.037130
23.758219 -3.938077 5.072448 -1.919059 163.355362 12.742685 0.020937 -0.005282 6.869879 -0.037230
23.892221 -4.191644 5.263280 -1.544041 164.264389 12.751078 0.022191 -0.019796 6.807533 -0.036992
24.008224 -4.403850 5.442360 -1.256812 165.057404 12.754189 0.019856 -0.022104 6.754861 -0.034763
24.142227 -4.639091 5.618512 -0.981884 165.951340 12.753518 0.011183 -0.014774 6.695143 -0.034234
24.258230 -4.842961 5.735895 -0.790316 166.731064 12.750827 -0.000940 -0.002648 6.644101 -0.033044
24.392233 -5.080477 5.833827 -0.581873 167.610397 12.744448 -0.017378 0.010305 6.591020 -0.033482
24.509235 -5.286071 5.888582 -0.397513 168.378922 12.737243 -0.033446 0.012061 6.556629 -0.033071
24.626238 -5.497288 5.931491 -0.224967 169.142136 12.729279 -0.049198 -0.001412 6.500442 -0.034376
24.759241 -5.743482 5.941405 -0.144108 170.003265 12.717586 -0.064791 -0.034409 6.458899 -0.032464
24.876244 -5.961224 5.901333 -0.131259 170.756180 12.704965 -0.075872 -0.072769 6.421419 -0.032901
25.009247 -6.217124 5.797869 -0.162647 171.614624 12.688645 -0.085244 -0.115005 6.396928 -0.034490
25.126249 -6.458923 5.651779 -0.170350 172.354156 12.673493 -0.088358 -0.142567 6.363796 -0.037181
25.259253 -6.760561 5.479530 -0.187675 173.203812 12.653704 -0.085114 -0.157126 6.327683 -0.039715
25.376255 -7.038456 5.319777 -0.251412 173.934753 12.633224 -0.076202 -0.152897 6.293338 -0.041119
25.510258 -7.353993 5.111688 -0.333146 174.775513 12.607811 -0.060448 -0.129691 6.267372 -0.039937
25.626261 -7.617708 4.933086 -0.370685 175.506790 12.584285 -0.043054 -0.094929 6.241811 -0.039463
25.760263 -7.931770 4.764524 -0.481049 176.334976 12.553809 -0.021509 -0.044349 6.222360 -0.040360
25.877266 -8.186259 4.614817 -0.563976 177.060471 12.524174 -0.002475 0.006113 6.196438 -0.036545
26.010269 -8.490530 4.468917 -0.676253 177.881821 12.487623 0.017118 0.063987 6.173875 -0.039462
26.127272 -8.773366 4.367111 -0.822109 178.602600 12.452843 0.031160 0.110229 6.163310 -0.040377
26.260275 -9.095161 4.265277 -1.043515 179.419754 12.411129 0.043280 0.152064 6.148701 -0.039086
26.377277 -9.376262 4.192963 -1.221880 180.138077 12.373009 0.047807 0.181121 6.146786 -0.040654
26.510281 -9.715721 4.137208 -1.441911 180.959518 12.328595 0.047853 0.212339 6.133383 -0.043678
26.627283 -10.025505 4.101121 -1.677149 181.669571 12.288612 0.044281 0.240287 6.126849 -0.044176
26.761286 -10.386804 4.085232 -1.979942 182.487823 12.238257 0.037014 0.264742 6.111182 -0.044666
26.877289 -10.700267 4.094380 -2.266416 183.194138 12.191536 0.029630 0.266394 6.096378 -0.043224
27.011292 -11.060543 4.134319 -2.583408 184.007294 12.134463 0.022022 0.239369 6.073280 -0.044547
27.127295 -11.385406 4.190345 -2.833961 184.714111 12.081648 0.016547 0.201106 6.046875 -0.046830
27.261297 -11.776637 4.277017 -3.132501 185.513397 12.018733 0.011842 0.161962 6.014842 -0.048935
27.378300 -12.121606 4.364224 -3.355800 186.213043 11.960628 0.008411 0.140398 5.986035 -0.048583
27.511303 -12.509652 4.454291 -3.594974 187.002777 11.892136 0.006900 0.122873 5.942026 -0.048577
27.628305 -12.857601 4.482345 -3.763999 187.692886 11.829127 0.008350 0.101325 5.912013 -0.049581
27.761309 -13.266077 4.504370 -3.917349 188.479462 11.754596 0.012327 0.061726 5.882477 -0.053465
27.878311 -13.642632 4.530684 -4.061284 189.157455 11.685956 0.018560 0.016516 5.867073 -0.056234
28.011314 -14.107794 4.534204 -4.292745 189.936676 11.601727 0.028413 -0.043553 5.837455 -0.059262
28.128317 -14.532590 4.529782 -4.429428 190.614517 11.526056 0.039576 -0.101505 5.823532 -0.063628
28.262320 -15.048263 4.516027 -4.572823 191.382355 11.435231 0.054562 -0.167891 5.808623 -0.068719
28.378323 -15.500104 4.498633 -4.663927 192.056641 11.351620 0.068735 -0.219347 5.807537 -0.065338
28.512325 -16.007887 4.466528 -4.716953 192.821625 11.253268 0.084648 -0.260596 5.799929 -0.068181
28.629328 -16.478502 4.431893 -4.713977 193.494400 11.164299 0.096997 -0.283916 5.803817 -0.072046
28.762331 -17.042341 4.397841 -4.694396 194.259384 11.059397 0.109621 -0.306181 5.807512 -0.075839
28.879333 -17.552101 4.346820 -4.646451 194.932053 10.963542 0.116959 -0.331360 5.809304 -0.077220
29.012337 -18.138916 4.284151 -4.581258 195.702332 10.849479 0.120119 -0.366012 5.810821 -0.076599
29.129339 -18.648623 4.238326 -4.528371 196.374893 10.745701 0.118536 -0.388737 5.819762 -0.076576
29.262342 -19.227892 4.204413 -4.421886 197.140839 10.624305 0.114193 -0.385965 5.836398 -0.077046
29.379345 -19.741070 4.184440 -4.317498 197.814789 10.513376 0.109245 -0.347079 5.839021 -0.078009
29.513348 -20.336523 4.179578 -4.172929 198.580994 10.382694 0.101894 -0.263376 5.845666 -0.080072
29.629351 -20.871983 4.187572 -4.087786 199.254456 10.262719 0.094555 -0.166374 5.846995 -0.081851
29.763353 -21.520914 4.213299 -4.047623 200.018478 10.121809 0.086676 -0.047106 5.832618 -0.089136
29.880356 -22.116560 4.219096 -4.015302 200.688293 9.994927 0.080377 0.058044 5.820048 -0.088153
30.013359 -22.794210 4.236719 -4.035244 201.451630 9.845563 0.076228 0.173734 5.788416 -0.087856
30.130362 -23.391884 4.263437 -4.161168 202.108536 9.709991 0.076985 0.267458 5.780033 -0.088262
30.263365 -24.086809 4.303220 -4.347240 202.863739 9.547794 0.081870 0.359530 5.754060 -0.089146
30.380367 -24.685497 4.314985 -4.501433 203.514771 9.404801 0.088942 0.415646 5.740570 -0.088864
30.513371 -25.385820 4.294811 -4.711252 204.264908 9.237874 0.098620 0.447911 5.724018 -0.088676
30.630373 -26.000723 4.243510 -4.905673 204.910202 9.090227 0.105148 0.447753 5.700010 -0.090629
30.764376 -26.728123 4.172368 -5.150023 205.651245 8.913208 0.111379 0.418268 5.676657 -0.093335
30.880379 -27.372604 4.075166 -5.382522 206.294785 8.752879 0.115068 0.368596 5.663655 -0.093475
31.014381 -28.107769 3.949095 -5.682309 207.023941 8.565398 0.119244 0.289456 5.659481 -0.093298
31.131384 -28.758884 3.843891 -5.918025 207.664063 8.396047 0.123580 0.208952 5.661377 -0.095304
31.264387 -29.507477 3.738837 -6.205388 208.390045 8.199516 0.128625 0.122975 5.650982 -0.096233
31.381390 -30.157595 3.676525 -6.427754 209.026596 8.022414 0.133022 0.066169 5.645333 -0.094161
31.514393 -30.895159 3.626523 -6.647159 209.747620 7.816064 0.138228 0.031287 5.635628 -0.094180
31.631395 -31.535578 3.605635 -6.844731 210.379272 7.629542 0.142767 0.021837 5.630073 -0.093225
31.764399 -32.241760 3.613114 -7.126347 211.099503 7.409853 0.147664 0.020414 5.610386 -0.086864
31.881401 -32.829613 3.632344 -7.358232 211.719055 7.215808 0.149830 0.010268 5.586935 -0.086491
32.014404 -33.517849 3.663685 -7.623822 212.430725 6.987713 0.152443 -0.029450 5.570038 -0.087526
32.131393 -34.113560 3.707731 -7.868766 213.048401 6.784389 0.153616 -0.095301 5.549379 -0.085965
32.265381 -34.779972 3.785869 -8.107516 213.746262 6.548668 0.153983 -0.194517 5.530237 -0.084539
32.381371 -35.361126 3.851849 -8.287353 214.357147 6.337728 0.154054 -0.283895 5.520254 -0.084776
32.515358 -36.012745 3.922511 -8.529588 215.048630 6.093170 0.154402 -0.361741 5.507019 -0.083934
32.632351 -36.571556 3.989186 -8.734597 215.654877 5.874504 0.154742 -0.401423 5.505024 -0.080066
32.765339 -37.193153 4.073114 -8.896400 216.340210 5.623688 0.155868 -0.421769 5.476110 -0.078637
32.882328 -37.722713 4.137510 -9.042008 216.939377 5.398838 0.157804 -0.430309 5.467276 -0.075506
33.015316 -38.317234 4.203583 -9.245080 217.622681 5.137456 0.159104 -0.430298 5.459227 -0.075335
33.132305 -38.826614 4.238032 -9.370677 218.216888 4.906418 0.161749 -0.407980 5.439575 -0.074297
33.265293 -39.402954 4.264890 -9.496634 218.888428 4.638868 0.166537 -0.340961 5.432112 -0.074248
33.382282 -39.913544 4.258397 -9.556449 219.475739 4.399819 0.171898 -0.249681 5.417138 -0.076195
33.516270 -40.484344 4.226925 -9.603135 220.140381 4.122999 0.180031 -0.127209 5.411866 -0.073641
33.632259 -40.969013 4.194895 -9.551253 220.723434 3.875509 0.187378 -0.023676 5.419494 -0.072688
33.766247 -41.506424 4.160806 -9.450795 221.385178 3.589883 0.196718 0.083993 5.423454 -0.070325
33.883236 -41.970005 4.127355 -9.415470 221.966339 3.333973 0.205461 0.169679 5.433033 -0.068289
34.016224 -42.481869 4.110532 -9.378242 222.625168 3.039146 0.215567 0.259800 5.422689 -0.066064
34.133213 -42.923733 4.091500 -9.404955 223.202652 2.775901 0.224664 0.324792 5.421898 -0.064622
34.266201 -43.423256 4.058681 -9.512542 223.859512 2.468293 0.233656 0.379643 5.412506 -0.064558
34.383190 -43.860195 4.035307 -9.561573 224.427048 2.199553 0.239163 0.413328 5.416707 -0.065822
34.516178 -44.359501 4.012807 -9.581179 225.082291 1.885366 0.244558 0.450634 5.422818 -0.064268
34.634167 -44.785519 4.002826 -9.628996 225.652985 1.607362 0.249109 0.488035 5.426094 -0.061855
34.751160 -45.205795 3.983727 -9.726562 226.225800 1.323121 0.252318 0.527751 5.418207 -0.061471
34.884148 -45.674515 3.933244 -9.851974 226.870102 0.998047 0.255783 0.557129 5.432562 -0.060211
35.001137 -46.073868 3.878295 -9.968122 227.435989 0.707774 0.260637 0.550202 5.438107 -0.057542
35.135124 -46.516560 3.820405 -10.070161 228.077972 0.373094 0.268382 0.487309 5.445831 -0.055750
35.251114 -46.904068 3.763385 -10.220153 228.640656 0.074322 0.277470 0.378153 5.447177 -0.056423
35.385101 -47.328976 3.714764 -10.406630 229.277023 -0.271111 0.289013 0.204114 5.446514 -0.052013
35.502090 -47.684513 3.696738 -10.575240 229.835037 -0.580627 0.300068 0.026849 5.458753 -0.049954
35.635078 -48.078960 3.691511 -10.809417 230.467331 -0.938141 0.312688 -0.168515 5.463029 -0.050499
35.752068 -48.414867 3.681638 -10.924770 231.022064 -1.257870 0.321997 -0.311572 5.482953 -0.048493
35.885056 -48.768085 3.653336 -10.958714 231.653091 -1.625577 0.333584 -0.424505 5.494706 -0.044976
36.002045 -49.067921 3.628503 -10.972160 232.211121 -1.956966 0.342276 -0.483682 5.504925 -0.043011
36.135033 -49.380783 3.584319 -11.008661 232.840195 -2.336977 0.349684 -0.522259 5.545757 -0.038238
36.252022 -49.611420 3.547006 -11.013372 233.394043 -2.676020 0.355511 -0.550769 5.555922 -0.032477
36.386009 -49.857555 3.487730 -10.961658 234.023132 -3.066805 0.360950 -0.587504 5.577800 -0.032555
36.501999 -50.060032 3.452838 -10.872502 234.575470 -3.415313 0.364654 -0.615429 5.588612 -0.029697
36.635986 -50.255768 3.417256 -10.676324 235.204315 -3.815294 0.368467 -0.620632 5.616606 -0.024903
36.752975 -50.396736 3.390759 -10.464196 235.756958 -4.172040 0.372758 -0.587783 5.632167 -0.020297
36.885963 -50.533424 3.376201 -10.261303 236.384872 -4.583107 0.377830 -0.510225 5.652545 -0.019540
37.002953 -50.649605 3.393427 -10.127303 236.935883 -4.949837 0.381848 -0.420745 5.658387 -0.017218
37.135941 -50.760014 3.415917 -9.864171 237.562164 -5.370046 0.386961 -0.311069 5.679651 -0.015996
37.252930 -50.834648 3.429255 -9.560237 238.113632 -5.742733 0.392711 -0.209901 5.696222 -0.011917
37.385918 -50.907413 3.449714 -9.256120 238.744415 -6.174922 0.400409 -0.086150 5.714938 -0.011528
37.502907 -50.964863 3.469625 -9.006062 239.290390 -6.553492 0.407934 0.029365 5.737367 -0.010437
37.636894 -50.992073 3.462602 -8.644068 239.921738 -6.996916 0.415375 0.162966 5.772794 -0.003769
37.752884 -50.993141 3.439458 -8.314867 240.474228 -7.388886 0.420483 0.271872 5.803660 -0.002395
37.886871 -50.975521 3.373445 -8.051815 241.104187 -7.841125 0.424990 0.381449 5.854527 0.001577
38.003860 -50.936478 3.278166 -7.845444 241.661209 -8.243774 0.428989 0.469080 5.889632 0.005398
38.136848 -50.870335 3.162742 -7.668458 242.294403 -8.709013 0.432861 0.564486 5.920459 0.008450
38.253838 -50.793690 3.037246 -7.491399 242.854660 -9.122693 0.436043 0.646148 5.972401 0.011532
38.386826 -50.677719 2.862689 -7.244786 243.494080 -9.597119 0.439460 0.731423 6.000887 0.015982
38.503815 -50.538521 2.697250 -7.006121 244.060013 -10.017355 0.441306 0.794004 6.039362 0.020582
38.636803 -50.358566 2.517582 -6.741041 244.711014 -10.503227 0.443469 0.841044 6.082989 0.024845
38.753792 -50.168964 2.358302 -6.468019 245.277939 -10.928763 0.446551 0.851535 6.129630 0.028078
38.886780 -49.919785 2.182361 -6.113876 245.936157 -11.424954 0.451327 0.813097 6.161424 0.032664
39.003769 -49.667694 2.035830 -5.831068 246.512405 -11.862651 0.457386 0.722969 6.201274 0.038097
39.137756 -49.360085 1.877283 -5.550060 247.170441 -12.365488 0.466118 0.552344 6.246787 0.040577
39.253746 -49.059525 1.743205 -5.262031 247.751709 -12.812505 0.472219 0.351364 6.283197 0.044818
39.387733 -48.692230 1.610136 -4.908563 248.416168 -13.325150 0.479184 0.089340 6.328426 0.048694
39.504723 -48.351997 1.504359 -4.662761 249.003311 -13.780791 0.484653 -0.150237 6.365994 0.051044
39.637711 -47.943905 1.424274 -4.406054 249.672104 -14.303036 0.486384 -0.413400 6.398285 0.055159
39.754700 -47.558090 1.394854 -4.201357 250.261658 -14.766709 0.485144 -0.627524 6.423662 0.057734
39.887688 -47.092808 1.401352 -3.944332 250.938126 -15.302072 0.481038 -0.837679 6.450697 0.061741
40.004677 -46.668259 1.429382 -3.678437 251.526199 -15.768089 0.475620 -0.980990 6.480005 0.063841
40.137665 -46.156624 1.499367 -3.395466 252.207962 -16.309402 0.470424 -1.095922 6.508998 0.067277
40.254654 -45.697666 1.579715 -3.145469 252.805847 -16.784304 0.467324 -1.151588 6.538239 0.068009
40.388641 -45.168781 1.687616 -2.823968 253.487473 -17.327242 0.463737 -1.160721 6.563197 0.068971
40.505630 -44.672543 1.777412 -2.533975 254.089111 -17.807665 0.459415 -1.110605 6.591046 0.074539
40.638618 -44.094086 1.848204 -2.122369 254.775757 -18.355232 0.457376 -0.975175 6.614161 0.073843
40.754608 -43.571430 1.899380 -1.778171 255.382202 -18.839199 0.457723 -0.785804 6.643952 0.078455
40.888596 -42.951767 1.939077 -1.497361 256.073090 -19.392662 0.458646 -0.511842 6.669109 0.081696
41.005585 -42.390221 1.954143 -1.288948 256.682373 -19.881792 0.459449 -0.246866 6.685172 0.083681
41.138573 -41.727589 1.932117 -1.022294 257.381989 -20.443321 0.462299 0.047789 6.700222 0.085604
41.255562 -41.141228 1.862728 -0.768784 257.988800 -20.931271 0.467102 0.274518 6.726036 0.087538
41.388550 -40.451336 1.740687 -0.462943 258.692841 -21.497564 0.472562 0.486051 6.752453 0.089125
41.505539 -39.857430 1.591747 -0.239916 259.306641 -21.988907 0.478418 0.624331 6.790669 0.087227
41.639526 -39.168350 1.385029 0.021505 260.020081 -22.559591 0.485559 0.739471 6.835849 0.089905
41.755516 -38.549480 1.182862 0.268984 260.646973 -23.059935 0.491200 0.813858 6.866296 0.091897
41.889503 -37.845192 0.946909 0.486391 261.363678 -23.630238 0.495981 0.879219 6.900401 0.092983
42.006493 -37.208031 0.730711 0.635623 261.997375 -24.132515 0.500958 0.918735 6.922030 0.095184
42.139481 -36.488964 0.484307 0.776178 262.721008 -24.704693 0.503622 0.930246 6.941082 0.093543
42.256470 -35.857399 0.263771 0.847004 263.359253 -25.208246 0.504235 0.901184 6.954495 0.094180
42.389458 -35.141525 0.018509 0.981884 264.092804 -25.784908 0.501644 0.820620 6.969480 0.093313
42.506447 -34.543877 -0.151368 1.102652 264.730377 -26.283394 0.497980 0.718496 6.984352 0.088697
42.640434 -33.856853 -0.320616 1.288966 265.469818 -26.857321 0.491215 0.571560 6.981465 0.089647
42.756424 -33.266384 -0.410607 1.438734 266.110199 -27.352358 0.484005 0.429215 6.974073 0.089186
42.890411 -32.596863 -0.473888 1.607970 266.850342 -27.920794 0.473750 0.249817 6.956839 0.086939
43.006401 -32.021351 -0.505732 1.770452 267.496979 -28.412872 0.463470 0.091896 6.940017 0.084779
43.140392 -31.392984 -0.519012 1.942823 268.232147 -28.967600 0.450640 -0.084134 6.912930 0.080837
43.256382 -30.855612 -0.510836 2.087230 268.877533 -29.452066 0.441169 -0.226371 6.887397 0.079447
43.390369 -30.264538 -0.472962 2.250228 269.609497 -29.998083 0.433727 -0.376628 6.850362 0.077134
43.507359 -29.750587 -0.432422 2.422155 270.251434 -30.473888 0.427992 -0.496565 6.809353 0.076319
43.640347 -29.193130 -0.344150 2.649134 270.977234 -31.010094 0.424510 -0.620608 6.764588 0.071612
43.757336 -28.726141 -0.273152 2.886670 271.612823 -31.476509 0.422678 -0.712673 6.722493 0.069797
43.890324 -28.207407 -0.191302 3.116641 272.337280 -32.006306 0.420616 -0.798989 6.672402 0.066380
44.007313 -27.771629 -0.122824 3.306437 272.961731 -32.459183 0.418778 -0.855066 6.634809 0.064544
44.140301 -27.296913 -0.051237 3.524577 273.680634 -32.976418 0.417368 -0.897190 6.591225 0.059636
44.257290 -26.901369 -0.012070 3.730531 274.306122 -33.423546 0.415177 -0.903153 6.560164 0.058415
44.391277 -26.462694 -0.012612 3.996934 275.012817 -33.927994 0.407630 -0.855348 6.509896 0.056710
44.508266 -26.099533 -0.057743 4.244096 275.630920 -34.368568 0.398687 -0.756157 6.469051 0.053224
44.625256 -25.746649 -0.143686 4.534700 276.246704 -34.803020 0.389178 -0.607144 6.421069 0.051858
44.758244 -25.368048 -0.250709 4.883135 276.941589 -35.292873 0.378539 -0.404442 6.374427 0.047905
44.891232 -25.022596 -0.372280 5.251897 277.633057 -35.777744 0.366990 -0.192998 6.326030 0.044934
45.008221 -24.732635 -0.505554 5.565381 278.238159 -36.200096 0.356695 -0.016351 6.290945 0.042472
45.125210 -24.473429 -0.662204 5.836187 278.839569 -36.619652 0.346003 0.153091 6.246828 0.037376
45.258198 -24.206852 -0.857522 6.165509 279.519287 -37.090454 0.335893 0.331614 6.195879 0.034229
45.375187 -23.992294 -1.040187 6.410587 280.114319 -37.499104 0.329840 0.467243 6.149086 0.031468
45.508179 -23.767145 -1.253728 6.609956 280.792023 -37.959988 0.324959 0.586258 6.096301 0.028024
45.625168 -23.592485 -1.448746 6.690271 281.375671 -38.354305 0.320699 0.660649 6.052891 0.026804
45.758156 -23.408192 -1.662561 6.820917 282.046967 -38.802998 0.316685 0.727461 6.008222 0.022443
45.875145 -23.283737 -1.817805 6.875695 282.630493 -39.191227 0.313480 0.778848 5.978869 0.017372
46.009132 -23.171408 -1.962993 6.824716 283.290955 -39.629578 0.309862 0.824922 5.945771 0.012413
46.125122 -23.079912 -2.054915 6.661034 283.869232 -40.011959 0.307839 0.842849 5.912914 0.012141
46.259109 -22.996841 -2.090661 6.403294 284.523529 -40.443192 0.305088 0.825993 5.877126 0.008321
46.376099 -22.929441 -2.068737 6.159505 285.097321 -40.816650 0.301532 0.776823 5.839466 0.008095
46.509087 -22.867491 -1.985355 5.780014 285.747559 -41.236229 0.295146 0.685764 5.803736 0.005382
46.626076 -22.836298 -1.882745 5.398255 286.318298 -41.599388 0.286190 0.574604 5.770740 0.000496
46.759064 -22.809118 -1.731241 4.932268 286.970673 -42.009583 0.271996 0.408469 5.736364 0.001625
46.876053 -22.801382 -1.587229 4.436438 287.532898 -42.361843 0.257261 0.230766 5.710370 -0.001153
47.009045 -22.809958 -1.402339 3.875954 288.181458 -42.762768 0.239271 0.000791 5.679437 -0.003962
47.126034 -22.825720 -1.232954 3.353861 288.741211 -43.106255 0.222881 -0.200342 5.651765 -0.004956
47.260021 -22.860310 -1.020752 2.726898 289.386353 -43.500004 0.205197 -0.408769 5.630910 -0.006763
47.376011 -22.888702 -0.842968 2.154061 289.948700 -43.840149 0.190293 -0.555543 5.611656 -0.005417
47.509998 -22.921730 -0.673176 1.552322 290.588196 -44.224564 0.174987 -0.678861 5.610627 -0.005735
47.626987 -22.959599 -0.545237 1.028716 291.151001 -44.560665 0.163207 -0.753722 5.604245 -0.006057
47.759975 -23.016661 -0.419614 0.473579 291.792023 -44.940777 0.151247 -0.803036 5.603332 -0.009800
47.876965 -23.082611 -0.327342 0.035127 292.356781 -45.272739 0.144673 -0.815577 5.599284 -0.009163
48.009953 -23.166115 -0.228085 -0.407956 293.001678 -45.647205 0.139152 -0.797000 5.615285 -0.012792
48.126942 -23.262003 -0.154593 -0.776362 293.571960 -45.975353 0.134789 -0.758843 5.628027 -0.016094
48.259930 -23.381865 -0.076119 -1.105007 294.227356 -46.348736 0.131515 -0.697192 5.632208 -0.014925
48.376919 -23.483662 -0.008251 -1.281882 294.801910 -46.673401 0.130122 -0.624900 5.645810 -0.014927
48.509907 -23.613552 0.047264 -1.408083 295.458466 -47.042252 0.129914 -0.512498 5.672688 -0.018334
48.626896 -23.752901 0.086078 -1.449002 296.039185 -47.366158 0.131384 -0.383099 5.691994 -0.021997
48.760883 -23.924170 0.140751 -1.406991 296.703613 -47.731106 0.136078 -0.213001 5.709447 -0.023957
48.876873 -24.078018 0.195214 -1.322992 297.292145 -48.050793 0.141274 -0.059414 5.737071 -0.023198
49.010860 -24.253809 0.266738 -1.179410 297.966461 -48.414207 0.146854 0.103809 5.778856 -0.022934
49.127850 -24.389271 0.333495 -1.000878 298.564270 -48.734089 0.151116 0.234967 5.804500 -0.019071
49.260838 -24.546112 0.449823 -0.811166 299.252899 -49.101524 0.153291 0.370060 5.841410 -0.022639
49.377827 -24.703419 0.564503 -0.677170 299.853180 -49.419548 0.152605 0.470463 5.865826 -0.025686
49.510815 -24.908905 0.711985 -0.496817 300.551025 -49.785702 0.148081 0.560461 5.894980 -0.028100
49.627804 -25.094681 0.848570 -0.340083 301.159729 -50.102718 0.143569 0.614563 5.933508 -0.027832
49.760792 -25.301022 1.007479 -0.224016 301.867676 -50.470177 0.137181 0.651050 5.970392 -0.026583
49.877781 -25.491440 1.160832 -0.172239 302.489929 -50.791042 0.132558 0.661276 5.991154 -0.028856
50.011768 -25.720028 1.328802 -0.173911 303.200562 -51.156872 0.128242 0.644877 6.022398 -0.029778
50.128757 -25.920811 1.459494 -0.203106 303.829132 -51.478432 0.123971 0.602877 6.044831 -0.031117
50.261745 -26.169104 1.586756 -0.256870 304.548523 -51.843334 0.117016 0.527169 6.082361 -0.033235
50.378735 -26.397640 1.688608 -0.341524 305.184906 -52.164200 0.110419 0.441877 6.098491 -0.033810
50.511723 -26.661041 1.774863 -0.522135 305.911224 -52.528526 0.106335 0.333870 6.120097 -0.032474
50.628712 -26.890835 1.815113 -0.763962 306.553955 -52.848030 0.104865 0.232930 6.142787 -0.033564
50.761703 -27.164122 1.834309 -1.077153 307.295105 -53.211079 0.104710 0.114343 6.175636 -0.034628
50.878693 -27.406805 1.823890 -1.366396 307.940826 -53.523182 0.108276 0.010379 6.189813 -0.036948
51.011681 -27.711899 1.781205 -1.750233 308.690918 -53.883820 0.115718 -0.105312 6.223702 -0.038547
51.128670 -27.981052 1.746734 -2.122647 309.348206 -54.199951 0.123791 -0.198475 6.239352 -0.038815
51.262657 -28.299805 1.692971 -2.549946 310.099762 -54.558506 0.134821 -0.288927 6.270609 -0.040979
51.379646 -28.585857 1.627103 -2.898727 310.763702 -54.872108 0.147560 -0.351128 6.278618 -0.040923
51.512634 -28.903357 1.554997 -3.246182 311.521332 -55.227947 0.163769 -0.399610 6.304580 -0.040169
51.629623 -29.180040 1.514071 -3.527616 312.189941 -55.540836 0.178804 -0.424853 6.316527 -0.041324
51.762611 -29.493692 1.465259 -3.804713 312.952209 -55.898510 0.194316 -0.437525 6.341498 -0.039196
51.879601 -29.760672 1.416448 -4.027129 313.625061 -56.214287 0.206072 -0.435811 6.362220 -0.039125
52.012589 -30.049397 1.367760 -4.161527 314.399719 -56.576057 0.215717 -0.417305 6.396208 -0.036055
52.129578 -30.286316 1.348212 -4.185338 315.074280 -56.888599 0.221775 -0.385401 6.413807 -0.034968
52.263569 -30.545641 1.338756 -4.140869 315.861664 -57.252197 0.225850 -0.332409 6.425914 -0.032962
52.380558 -30.755003 1.339187 -4.076863 316.545593 -57.568424 0.227773 -0.278206 6.448878 -0.031468
52.514545 -30.984491 1.372584 -4.044963 317.325989 -57.929043 0.228957 -0.207984 6.474440 -0.029313
52.630535 -31.177423 1.439765 -4.020249 318.014252 -58.246414 0.228630 -0.137920 6.486771 -0.029163
52.764523 -31.400337 1.546318 -4.026833 318.798798 -58.608265 0.227276 -0.046659 6.500463 -0.028833
52.881512 -31.587683 1.645933 -4.080011 319.490112 -58.927704 0.227681 0.035190 6.517402 -0.026765
53.014500 -31.786915 1.791588 -4.089004 320.278137 -59.290207 0.230110 0.119010 6.520825 -0.025627
53.131489 -31.957827 1.935505 -4.128430 320.971436 -59.609013 0.233453 0.173936 6.522632 -0.025092
53.264477 -32.142769 2.098913 -4.122684 321.765320 -59.974281 0.239768 0.214894 6.525218 -0.022728
53.381466 -32.284573 2.230860 -4.110758 322.453705 -60.290497 0.248348 0.232701 6.526719 -0.020419
53.515453 -32.429310 2.365779 -4.073065 323.249664 -60.654274 0.261516 0.236801 6.532535 -0.017857
53.631443 -32.539536 2.463023 -4.022431 323.939697 -60.968182 0.273616 0.230753 6.540873 -0.015719
53.765430 -32.638218 2.546816 -3.937311 324.738464 -61.330963 0.288224 0.221715 6.551190 -0.011675
53.881420 -32.707855 2.589790 -3.832852 325.436523 -61.648338 0.300580 0.220015 6.562632 -0.009575
54.015408 -32.770115 2.585601 -3.724820 326.231232 -62.011692 0.314117 0.222866 6.571203 -0.008128
54.132397 -32.804886 2.535964 -3.637063 326.932617 -62.331894 0.325055 0.217025 6.604145 -0.004960
54.265385 -32.838299 2.418463 -3.534263 327.732788 -62.697472 0.336583 0.182680 6.626726 -0.004064
54.382374 -32.854290 2.272694 -3.367276 328.440674 -63.018200 0.345726 0.127106 6.653746 -0.004015
54.515362 -32.873032 2.087772 -3.209682 329.248016 -63.382149 0.354634 0.047631 6.663943 -0.002209
54.632351 -32.868668 1.905232 -3.147616 329.960083 -63.703800 0.360956 -0.014712 6.688145 0.001608
54.749340 -32.834587 1.708650 -3.084368 330.675385 -64.025917 0.365033 -0.060160 6.713924 0.006970
54.882328 -32.753761 1.507814 -3.012765 331.491119 -64.395241 0.367503 -0.094578 6.749443 0.012972
54.999317 -32.648129 1.346719 -2.891440 332.212708 -64.721420 0.369145 -0.119463 6.784003 0.017095
55.132305 -32.488842 1.196744 -2.746317 333.043823 -65.096878 0.373083 -0.146352 6.825619 0.022854
55.249294 -32.319851 1.093853 -2.610936 333.767273 -65.422958 0.377714 -0.161516 6.848866 0.025821
55.383282 -32.106834 1.031701 -2.476060 334.608185 -65.801170 0.383943 -0.155995 6.900932 0.029232
55.499271 -31.880428 1.048917 -2.414776 335.345795 -66.133530 0.392218 -0.129239 6.927495 0.036789
55.633259 -31.582840 1.140565 -2.464190 336.187073 -66.512787 0.404675 -0.089885 6.941751 0.040405
55.749249 -31.303997 1.262465 -2.579703 336.928467 -66.846756 0.415149 -0.065532 6.956601 0.044164
55.883236 -30.947065 1.429703 -2.647408 337.775970 -67.225372 0.425434 -0.057799 6.985437 0.048378
56.000225 -30.604200 1.624984 -2.682701 338.522552 -67.557854 0.433195 -0.057409 6.987455 0.054071
56.133213 -30.193268 1.885801 -2.775785 339.373993 -67.935699 0.441491 -0.041820 7.013955 0.054737
56.250202 -29.808527 2.111755 -2.887982 340.125916 -68.267311 0.446448 -0.005456 7.028690 0.059167
56.383190 -29.352404 2.357218 -3.014308 340.991455 -68.644463 0.450130 0.051705 7.061559 0.060210
56.500179 -28.943771 2.575041 -3.148302 341.743713 -68.971077 0.452093 0.098619 7.076992 0.063635
56.634167 -28.461168 2.823509 -3.314051 342.615082 -69.348145 0.452993 0.134624 7.090315 0.065247
56.750156 -28.016832 3.023141 -3.445644 343.379028 -69.676308 0.454694 0.149556 7.121244 0.068107
56.884144 -27.495771 3.221485 -3.618924 344.252350 -70.048683 0.457676 0.150166 7.152549 0.070526
57.000134 -27.014494 3.364707 -3.735656 345.024200 -70.375732 0.462138 0.133581 7.177203 0.074705
57.134121 -26.452448 3.491568 -3.865021 345.907196 -70.745407 0.465856 0.090915 7.213495 0.076537
57.251114 -25.943705 3.577420 -3.990282 346.688599 -71.070030 0.467117 0.035697 7.249918 0.077195
57.384102 -25.363581 3.671752 -4.134270 347.581177 -71.438461 0.467509 -0.031825 7.270230 0.077912
57.501091 -24.844007 3.723052 -4.210640 348.370728 -71.759293 0.467905 -0.079928 7.291265 0.079163
57.634079 -24.236048 3.741478 -4.228571 349.278870 -72.124252 0.469625 -0.110482 7.317695 0.080679
57.751068 -23.689735 3.740968 -4.235086 350.075653 -72.439987 0.469930 -0.115340 7.328077 0.082648
57.884056 -23.063456 3.700416 -4.250039 350.985535 -72.794975 0.471232 -0.099015 7.358762 0.084070
58.001045 -22.501312 3.631699 -4.260747 351.790558 -73.104340 0.474100 -0.068793 7.383048 0.084679
58.135033 -21.846025 3.533269 -4.211254 352.709534 -73.452972 0.477259 -0.023156 7.397784 0.085034
58.251022 -21.260984 3.446913 -4.085728 353.521057 -73.756660 0.479647 0.019444 7.413281 0.086848
58.385010 -20.589613 3.330591 -3.880571 354.452484 -74.102119 0.481806 0.062422 7.415726 0.086126
58.501999 -20.000982 3.217615 -3.617861 355.261566 -74.397995 0.484311 0.091749 7.436270 0.086556
58.634987 -19.324448 3.067542 -3.334294 356.199463 -74.737244 0.489172 0.115243 7.451337 0.086564
58.751976 -18.744183 2.921314 -3.017784 357.015167 -75.026703 0.492567 0.122540 7.466892 0.084320
58.884964 -18.081467 2.721998 -2.646337 357.961243 -75.356308 0.493753 0.105710 7.487663 0.082251
59.001953 -17.519403 2.528343 -2.324878 358.783539 -75.638786 0.493752 0.064031 7.504547 0.082350
59.134941 -16.871679 2.291560 -1.899480 359.737762 -75.962723 0.493303 -0.011539 7.529892 0.081208
59.251930 -16.313068 2.089111 -1.538180 360.567261 -76.240974 0.494857 -0.090459 7.548753 0.082246
59.385918 -15.650986 1.845867 -1.061550 361.529083 -76.557411 0.498464 -0.178866 7.555575 0.084644
59.501907 -15.080870 1.659112 -0.616846 362.370941 -76.828209 0.504154 -0.241617 7.561163 0.082226
59.635895 -14.453753 1.469620 -0.079107 363.332123 -77.129723 0.511104 -0.283331 7.580235 0.079788
59.752884 -13.901713 1.348547 0.390710 364.181488 -77.391159 0.518913 -0.287804 7.607602 0.080673
59.885872 -13.270570 1.275825 0.911757 365.151886 -77.682831 0.529906 -0.253833 7.629264 0.081828
60.002861 -12.713169 1.285393 1.254583 366.008423 -77.935745 0.540773 -0.192999 7.640542 0.082544
