1.20 1.10 20 64
0.140000 0.018190 -0.108231 0.000570 0.990657 -0.000699 -0.142676 -0.387970 6.564902 0.003606
0.257000 0.030868 -0.331421 -0.036900 1.748871 -0.002272 -0.103915 -0.482765 6.423494 0.000773
0.390000 0.035605 -0.716682 -0.041737 2.592752 -0.003598 -0.022815 -0.549557 6.297361 -0.000308
0.507000 0.033335 -1.147378 -0.148970 3.322202 -0.002656 0.070681 -0.567365 6.195844 -0.001915
0.641000 0.017850 -1.727814 -0.345388 4.138890 -0.001882 0.190447 -0.550325 6.109018 -0.003009
0.757000 0.009103 -2.312706 -0.533566 4.849927 -0.001133 0.297912 -0.515564 6.065012 -0.002046
0.891000 0.012388 -3.033605 -0.732211 5.654440 -0.000116 0.409481 -0.464010 6.044083 -0.000179
1.007000 0.020647 -3.673506 -0.892095 6.362121 0.000450 0.488242 -0.408122 6.051588 0.000650
1.141000 0.039140 -4.385928 -1.043943 7.169696 0.002141 0.549283 -0.324098 6.087836 0.000984
1.258000 0.045001 -4.974791 -1.197713 7.884499 0.004260 0.575412 -0.225743 6.124870 -0.001189
1.391000 0.058982 -5.537733 -1.341390 8.702210 0.007273 0.574282 -0.084447 6.162938 0.000691
1.508000 0.074550 -5.885347 -1.436944 9.423850 0.010864 0.548370 0.060997 6.167429 0.000430
1.641000 0.082010 -6.092719 -1.487604 10.248560 0.015026 0.495424 0.234341 6.144070 0.000264
1.757999 0.091447 -6.089999 -1.529360 10.964153 0.019272 0.433987 0.369437 6.093361 -0.000056
1.890999 0.100677 -5.875155 -1.605302 11.768707 0.022495 0.356768 0.475738 6.012986 0.001517
2.007999 0.111795 -5.529566 -1.582996 12.460990 0.025105 0.290979 0.516812 5.931316 0.002262
2.141999 0.120737 -4.950828 -1.560228 13.246624 0.026966 0.224327 0.512767 5.812466 0.001541
2.257999 0.122591 -4.336043 -1.543125 13.919959 0.027605 0.178563 0.483406 5.711325 0.000284
2.391999 0.108382 -3.563521 -1.436212 14.669748 0.028764 0.143612 0.439854 5.580311 -0.001441
2.508999 0.099011 -2.881367 -1.338284 15.315568 0.029910 0.131158 0.397293 5.475956 -0.000724
2.641999 0.091897 -2.178055 -1.277862 16.035664 0.030338 0.133493 0.341256 5.373196 -0.000016
2.758998 0.093685 -1.652934 -1.279915 16.660154 0.030014 0.149253 0.285473 5.312631 0.000124
2.875998 0.095881 -1.247633 -1.301172 17.278467 0.027540 0.172210 0.229214 5.266198 0.001237
3.008998 0.099060 -0.961165 -1.333720 17.976313 0.024242 0.201787 0.169478 5.233942 -0.000284
3.125998 0.107627 -0.889080 -1.360858 18.588037 0.022700 0.228816 0.120453 5.226609 0.001445
3.258998 0.123939 -0.988547 -1.295843 19.283613 0.024417 0.257719 0.058018 5.234982 0.003331
3.375998 0.142938 -1.212378 -1.189872 19.897663 0.028166 0.278261 -0.012484 5.257934 0.003300
3.508998 0.162810 -1.615307 -1.058816 20.605095 0.032213 0.295896 -0.119873 5.295772 0.002860
3.625998 0.176520 -2.067046 -0.896535 21.222141 0.036522 0.303738 -0.229070 5.338691 0.003435
3.758997 0.205124 -2.634542 -0.664663 21.941975 0.042585 0.304302 -0.359431 5.392385 0.004075
3.875997 0.217883 -3.148021 -0.414321 22.575794 0.047428 0.299901 -0.454585 5.434982 0.003844
4.009997 0.222032 -3.687182 -0.134581 23.302862 0.051718 0.290318 -0.523056 5.489752 0.001503
4.126998 0.225942 -4.076220 0.141646 23.947939 0.056272 0.280363 -0.537366 5.528918 0.002871
4.259998 0.220983 -4.388183 0.421535 24.691793 0.062515 0.270063 -0.506697 5.564057 0.001231
4.376999 0.206940 -4.504682 0.629055 25.338282 0.068605 0.262815 -0.452987 5.578193 0.000647
4.509999 0.194416 -4.450531 0.802333 26.081015 0.073606 0.257434 -0.379498 5.584957 0.000695
4.627000 0.187976 -4.262909 0.967535 26.733490 0.078847 0.256033 -0.317916 5.571171 0.000716
4.760000 0.174953 -3.904530 1.108492 27.477659 0.084812 0.256667 -0.251384 5.538039 -0.001306
4.877001 0.159577 -3.488212 1.194229 28.122583 0.090732 0.257898 -0.190341 5.493285 -0.002166
5.010001 0.137845 -2.951165 1.247044 28.850723 0.095000 0.259600 -0.106283 5.459227 -0.001787
5.127002 0.125473 -2.453592 1.308215 29.486706 0.098370 0.257345 -0.019233 5.418360 -0.001062
5.261003 0.117106 -1.925525 1.350609 30.203680 0.101320 0.251725 0.090326 5.373106 -0.000402
5.377003 0.112959 -1.529680 1.369017 30.830343 0.104238 0.241553 0.184520 5.348365 -0.000706
5.511003 0.105404 -1.178744 1.350059 31.539431 0.107277 0.222901 0.284451 5.320431 -0.001387
5.628004 0.093206 -0.945873 1.312359 32.161011 0.111163 0.202583 0.363373 5.308613 -0.002756
5.761004 0.067949 -0.784336 1.284827 32.866459 0.116137 0.177979 0.442469 5.302838 -0.004592
5.878005 0.042275 -0.742660 1.209672 33.486542 0.122635 0.158065 0.496824 5.298551 -0.003635
6.011005 0.006706 -0.796903 1.077210 34.196777 0.130638 0.137530 0.535698 5.305325 -0.004935
6.128006 -0.027488 -0.912955 0.939227 34.813282 0.135944 0.123918 0.542616 5.320620 -0.004612
6.261006 -0.061472 -1.092485 0.802245 35.527466 0.143803 0.114044 0.515348 5.337303 -0.003835
6.378007 -0.075997 -1.267220 0.690208 36.147598 0.151822 0.111881 0.459020 5.353578 -0.001961
6.512008 -0.084609 -1.482942 0.530666 36.866508 0.161399 0.117570 0.355726 5.373297 -0.002306
6.628008 -0.093780 -1.667280 0.347288 37.496201 0.170194 0.129501 0.242808 5.388196 -0.001891
6.762009 -0.095595 -1.846906 0.168428 38.214104 0.181598 0.149328 0.103160 5.407734 -0.001509
6.879009 -0.099149 -1.967313 0.053731 38.847633 0.192643 0.170358 -0.011193 5.421571 -0.000695
7.012010 -0.087801 -2.077760 -0.097436 39.575405 0.205029 0.194556 -0.127033 5.442742 0.002127
7.129010 -0.073176 -2.142392 -0.217125 40.207699 0.213959 0.214969 -0.208997 5.456914 0.001306
7.262011 -0.066058 -2.149112 -0.382556 40.939919 0.224616 0.233748 -0.282879 5.471753 0.000874
7.379011 -0.056743 -2.092648 -0.526280 41.580601 0.234010 0.245023 -0.325007 5.482849 0.000595
7.513012 -0.038656 -1.970634 -0.664548 42.310741 0.246188 0.250142 -0.351248 5.495794 0.003898
7.629012 -0.008200 -1.827461 -0.688689 42.953491 0.258549 0.246723 -0.366753 5.496881 0.005499
7.763013 0.018250 -1.626626 -0.664095 43.684212 0.274777 0.234436 -0.387374 5.498204 0.003863
7.879013 0.047255 -1.425435 -0.604031 44.326874 0.289328 0.218655 -0.404809 5.490373 0.004990
8.013014 0.066913 -1.189942 -0.497884 45.056599 0.304079 0.193374 -0.404987 5.483772 0.001395
8.129014 0.075690 -0.989846 -0.384240 45.697582 0.317240 0.168374 -0.373684 5.475692 0.001339
8.263015 0.090245 -0.783086 -0.239679 46.425087 0.332570 0.140430 -0.304149 5.466342 0.002657
8.380015 0.100765 -0.633736 -0.050451 47.064003 0.344683 0.118452 -0.228206 5.459687 0.001916
8.513016 0.133550 -0.501489 0.127985 47.789303 0.358219 0.099138 -0.142152 5.455880 0.005850
8.630016 0.168695 -0.427009 0.308586 48.432629 0.371072 0.088615 -0.070463 5.452133 0.005653
8.763017 0.223583 -0.385492 0.525672 49.158031 0.386910 0.083369 0.004819 5.458129 0.008218
8.880017 0.280414 -0.389158 0.680356 49.791775 0.399995 0.085757 0.067250 5.466554 0.009881
9.014018 0.356188 -0.416246 0.830413 50.525116 0.414182 0.093617 0.138093 5.482435 0.009516
9.130018 0.418859 -0.453567 0.954346 51.167648 0.426315 0.105189 0.203720 5.496676 0.009151
9.264019 0.497701 -0.499087 1.056907 51.899963 0.438675 0.124009 0.285877 5.516232 0.009045
9.381020 0.563174 -0.528076 1.054219 52.546101 0.449336 0.142564 0.359524 5.528060 0.010161
9.514020 0.640693 -0.559915 1.028473 53.282196 0.462455 0.162039 0.425640 5.540038 0.009388
9.631021 0.704886 -0.593824 1.004188 53.932068 0.473961 0.176372 0.453390 5.562630 0.010017
9.764021 0.780945 -0.628374 1.000119 54.678711 0.488088 0.189318 0.438885 5.575115 0.009107
9.881021 0.834082 -0.633752 0.935265 55.327023 0.499714 0.197609 0.383980 5.600057 0.007501
10.014022 0.894534 -0.618813 0.934722 56.078987 0.514583 0.201628 0.275369 5.626990 0.008443
10.131022 0.963983 -0.582109 0.984639 56.732941 0.528283 0.198593 0.151158 5.645460 0.011490
10.265023 1.049948 -0.486083 0.987571 57.490265 0.543270 0.187874 -0.003899 5.657492 0.012333
10.381023 1.132203 -0.382397 0.961157 58.152142 0.554253 0.174705 -0.128151 5.658050 0.012723
10.515024 1.237700 -0.234833 0.891333 58.904408 0.567122 0.157327 -0.237901 5.657322 0.013800
10.632025 1.334783 -0.093562 0.830974 59.566135 0.578388 0.140004 -0.306038 5.659603 0.015036
10.765025 1.460632 0.078023 0.747049 60.318405 0.591021 0.119944 -0.357290 5.655542 0.017320
10.882026 1.582297 0.229158 0.628378 60.979984 0.602105 0.103761 -0.382294 5.653006 0.019642
11.015026 1.725668 0.394695 0.472469 61.730762 0.613602 0.090583 -0.380930 5.641620 0.019179
11.132027 1.852082 0.509957 0.316378 62.395714 0.624578 0.083215 -0.343811 5.631177 0.018561
11.265027 1.999696 0.612693 0.113010 63.144047 0.637146 0.080105 -0.257079 5.627115 0.019795
11.382028 2.127202 0.668945 -0.046875 63.797260 0.648525 0.082117 -0.153509 5.639651 0.018646
11.515028 2.275193 0.713036 -0.196643 64.552689 0.661623 0.088954 -0.031376 5.638710 0.019582
11.632029 2.418020 0.707992 -0.212974 65.212685 0.673682 0.096233 0.052684 5.644487 0.022905
11.766029 2.595546 0.677705 -0.195432 65.964058 0.686506 0.107557 0.108425 5.655905 0.024153
11.883030 2.754482 0.628771 -0.151337 66.626823 0.697950 0.119095 0.130538 5.671181 0.023207
12.016030 2.936047 0.560288 -0.086741 67.388382 0.712254 0.131613 0.143010 5.690493 0.024265
12.133031 3.083747 0.511347 -0.004212 68.049171 0.724405 0.141572 0.149825 5.698954 0.021429
12.266031 3.243960 0.431601 0.105370 68.807289 0.737487 0.149075 0.148386 5.705112 0.021279
12.383032 3.378324 0.373351 0.225417 69.475204 0.749631 0.151147 0.133086 5.712365 0.019111
12.516032 3.521768 0.323047 0.446246 70.241386 0.765383 0.148536 0.104442 5.724071 0.018226
12.633033 3.642936 0.314485 0.600153 70.906067 0.779072 0.142873 0.085083 5.735251 0.018879
12.767034 3.806064 0.306374 0.774516 71.674988 0.796128 0.133332 0.088085 5.743097 0.022019
12.883034 3.952022 0.292283 0.946643 72.347694 0.811380 0.122131 0.118876 5.751810 0.021264
13.017035 4.111969 0.286972 1.168714 73.113907 0.828333 0.110190 0.177587 5.764863 0.019808
13.133035 4.251965 0.312639 1.426042 73.789268 0.844529 0.100852 0.233080 5.775922 0.021471
13.267035 4.425451 0.370254 1.736009 74.557396 0.863394 0.094576 0.276382 5.777242 0.022920
13.384036 4.583447 0.454306 2.006786 75.232620 0.880229 0.093458 0.280103 5.770470 0.022845
13.517036 4.766667 0.570229 2.340253 75.999504 0.901827 0.094770 0.242171 5.770236 0.025076
13.634037 4.936599 0.692269 2.548823 76.674652 0.919081 0.099427 0.181003 5.773389 0.024866
13.751038 5.114413 0.823014 2.788256 77.349686 0.936261 0.105893 0.106114 5.771567 0.026534
13.884038 5.313731 0.980217 3.052658 78.116737 0.957210 0.113073 0.008866 5.771698 0.026373
14.001039 5.503192 1.126705 3.241205 78.791748 0.977336 0.118693 -0.085111 5.771038 0.027482
14.134039 5.730966 1.292741 3.351841 79.563759 1.000635 0.123101 -0.203009 5.760073 0.029569
14.251040 5.923892 1.405696 3.386253 80.231705 1.021658 0.124898 -0.299916 5.762820 0.029179
14.385040 6.156573 1.502082 3.418918 81.002701 1.046983 0.123559 -0.388565 5.754557 0.030079
14.501040 6.366167 1.559064 3.398285 81.675888 1.071182 0.118477 -0.431960 5.758418 0.032092
14.635041 6.619689 1.599211 3.328558 82.441635 1.102438 0.108692 -0.441222 5.765903 0.034438
14.751041 6.846924 1.604090 3.250252 83.116028 1.132039 0.097081 -0.415434 5.770992 0.034449
14.885042 7.111944 1.590694 3.142861 83.882858 1.167085 0.082428 -0.349722 5.772737 0.036501
15.002043 7.354200 1.553991 2.979285 84.558296 1.199481 0.070253 -0.270031 5.781679 0.036707
15.135042 7.643987 1.489753 2.788935 85.327141 1.238360 0.058761 -0.171577 5.791822 0.038967
15.252043 7.898156 1.420065 2.637624 86.004158 1.274555 0.052047 -0.099562 5.798208 0.038242
15.385043 8.184133 1.339718 2.473249 86.774048 1.317572 0.050785 -0.046316 5.798846 0.038203
15.502044 8.449253 1.283987 2.336959 87.451424 1.357989 0.053736 -0.022322 5.805031 0.040724
15.635044 8.765609 1.231995 2.194432 88.227829 1.408259 0.060908 -0.005666 5.807118 0.043261
15.752045 9.056220 1.172557 2.115130 88.905731 1.455015 0.069522 0.010990 5.813126 0.044944
15.886045 9.390295 1.128219 2.050261 89.677734 1.508500 0.082663 0.039389 5.825326 0.042940
16.002047 9.675406 1.118568 2.015160 90.358047 1.557031 0.093612 0.072672 5.832881 0.042564
16.136049 9.996452 1.129053 1.974513 91.131989 1.616545 0.104000 0.118869 5.840876 0.042644
16.252052 10.277837 1.190214 1.910433 91.813660 1.671554 0.110896 0.159449 5.851221 0.042733
16.386055 10.617443 1.284649 1.880021 92.590271 1.735707 0.115487 0.198254 5.867413 0.046115
16.503057 10.921057 1.391728 1.853995 93.274483 1.794869 0.116457 0.221030 5.871585 0.045444
16.636061 11.264312 1.541130 1.858569 94.058449 1.866474 0.113357 0.240375 5.873742 0.044340
16.753063 11.553603 1.652674 1.859633 94.736465 1.930296 0.106109 0.259388 5.868816 0.042880
16.886066 11.893744 1.770843 1.865621 95.518646 2.006835 0.093145 0.290525 5.860254 0.045679
17.003069 12.207741 1.883560 1.885131 96.200005 2.076278 0.079459 0.320609 5.848826 0.046198
17.137072 12.573879 1.989097 1.944842 96.973289 2.158910 0.064469 0.345524 5.843372 0.048315
17.253075 12.901556 2.045143 2.013904 97.651428 2.233546 0.052595 0.349504 5.826244 0.048250
17.387077 13.274526 2.064677 2.093467 98.421532 2.319030 0.040035 0.329377 5.825760 0.049324
17.504080 13.612738 2.049965 2.154002 99.098343 2.396370 0.032197 0.292699 5.822480 0.050983
17.638083 14.018488 2.034541 2.205461 99.872475 2.487499 0.026773 0.236068 5.812331 0.053029
17.755085 14.378552 2.013459 2.315063 100.547157 2.569293 0.026605 0.177456 5.811835 0.053298
17.888088 14.788692 1.959016 2.499040 101.312660 2.667117 0.031171 0.100369 5.803324 0.052704
18.005091 15.154737 1.887917 2.608856 101.986038 2.755153 0.040771 0.020836 5.806053 0.054122
18.138094 15.559108 1.822976 2.795035 102.757057 2.860138 0.053521 -0.078604 5.809173 0.051227
18.255096 15.896341 1.772365 2.987844 103.430519 2.955003 0.066583 -0.164999 5.815995 0.048697
18.389099 16.268265 1.744353 3.207044 104.196373 3.066761 0.082279 -0.249527 5.818758 0.048808
18.505102 16.610777 1.753021 3.338738 104.869965 3.167327 0.096693 -0.310549 5.821773 0.051801
18.638105 17.013580 1.786296 3.483173 105.635841 3.283663 0.111825 -0.370837 5.826911 0.052525
18.756107 17.363497 1.836538 3.591099 106.309898 3.387941 0.122662 -0.419793 5.829534 0.052032
18.889111 17.773077 1.921855 3.733974 107.075706 3.508598 0.131809 -0.464385 5.833686 0.052916
19.006113 18.134586 2.014282 3.882165 107.749207 3.617457 0.136806 -0.483521 5.833787 0.052964
19.139116 18.545256 2.102082 4.048110 108.514366 3.744743 0.135884 -0.474016 5.835636 0.052842
19.256119 18.915638 2.184361 4.188764 109.187370 3.859299 0.131257 -0.439440 5.832814 0.055488
19.390121 19.335388 2.271486 4.313408 109.957092 3.992819 0.122425 -0.376209 5.830725 0.052964
19.506124 19.690113 2.334847 4.391611 110.622849 4.111746 0.112213 -0.305111 5.830642 0.052719
19.640127 20.102297 2.383038 4.507112 111.390816 4.254068 0.098572 -0.209847 5.826012 0.053393
19.756130 20.462124 2.424424 4.603335 112.061333 4.382009 0.086977 -0.121895 5.837373 0.052339
19.890133 20.856539 2.451296 4.701661 112.823059 4.531664 0.075653 -0.026548 5.836774 0.050148
20.006136 21.176893 2.460929 4.744753 113.492393 4.666975 0.070338 0.049870 5.836728 0.047685
20.140139 21.536835 2.462277 4.749975 114.252609 4.825016 0.068797 0.129053 5.836927 0.047847
20.256142 21.863428 2.463993 4.755668 114.921341 4.966904 0.071726 0.193655 5.846625 0.049443
20.390144 22.243650 2.480725 4.755153 115.680084 5.131077 0.079897 0.257931 5.834047 0.049881
20.507147 22.574160 2.514266 4.766870 116.345749 5.278719 0.092219 0.301745 5.825124 0.049053
20.640150 22.952454 2.557042 4.711780 117.107323 5.449867 0.111939 0.338034 5.822210 0.050920
20.757153 23.285398 2.608727 4.648544 117.765671 5.600779 0.129909 0.363402 5.823441 0.050179
20.890156 23.660820 2.674938 4.557916 118.525070 5.778038 0.151853 0.390470 5.816794 0.049075
21.007158 23.976860 2.707581 4.480841 119.187088 5.937391 0.170017 0.407711 5.821267 0.048353
21.141161 24.341633 2.715690 4.404687 119.938965 6.122436 0.188713 0.407299 5.821059 0.048339
21.257164 24.661139 2.703552 4.354062 120.600426 6.289141 0.202039 0.382782 5.836400 0.047760
21.391167 25.011515 2.685854 4.298051 121.354477 6.482681 0.208736 0.331950 5.866100 0.045318
21.508169 25.305840 2.662456 4.279341 122.020027 6.655833 0.209216 0.276192 5.887238 0.043308
21.641172 25.624332 2.646631 4.244316 122.778572 6.856802 0.204459 0.208882 5.911272 0.041054
21.758175 25.902040 2.639053 4.179621 123.449013 7.036541 0.195552 0.146656 5.942767 0.042665
21.892178 26.228939 2.644740 4.104610 124.219177 7.247279 0.182011 0.071178 5.964001 0.042925
22.008181 26.500013 2.664788 4.024778 124.892143 7.435225 0.170670 0.005539 5.974751 0.040218
22.141184 26.792316 2.711600 3.931612 125.656616 7.652614 0.158831 -0.058620 5.985027 0.037841
22.258186 27.034317 2.747961 3.833266 126.323853 7.843914 0.149545 -0.100726 5.982459 0.037487
22.392189 27.319847 2.786011 3.766269 127.094818 8.067908 0.141398 -0.138719 5.993535 0.038283
22.508192 27.580381 2.819203 3.809693 127.766815 8.266093 0.137907 -0.173137 5.984680 0.037723
22.642195 27.876974 2.868654 3.956339 128.528931 8.494103 0.140636 -0.226786 5.975181 0.038203
22.759197 28.126925 2.905935 4.063265 129.198456 8.695532 0.146470 -0.292034 5.974612 0.035610
22.892200 28.402016 2.950778 4.177627 129.958679 8.926821 0.156646 -0.378937 5.965611 0.036146
23.009203 28.650099 2.979535 4.324329 130.624863 9.133214 0.168651 -0.450219 5.960374 0.035937
23.126205 28.904589 2.995725 4.506247 131.289993 9.342343 0.181775 -0.497281 5.960834 0.036355
23.259209 29.189062 2.992265 4.681121 132.045074 9.583272 0.194716 -0.507966 5.962077 0.036441
23.376211 29.439451 2.987783 4.871278 132.709229 9.797154 0.203438 -0.480004 5.965074 0.035606
23.509214 29.724434 2.971405 5.118212 133.462891 10.041986 0.213258 -0.418370 5.954437 0.035030
23.626217 29.977325 2.948212 5.374003 134.130264 10.263642 0.222684 -0.346062 5.963416 0.035359
23.759220 30.259428 2.920100 5.672810 134.882202 10.517428 0.229602 -0.241063 5.977972 0.034160
23.876223 30.491396 2.898765 5.918025 135.538788 10.742116 0.232229 -0.127543 5.985524 0.032957
24.009226 30.766502 2.886878 6.145669 136.297287 11.004382 0.233753 0.025887 5.991403 0.035324
24.126228 31.008902 2.869099 6.289889 136.959305 11.236395 0.233315 0.158659 5.995659 0.033902
24.260231 31.276066 2.840255 6.409501 137.710556 11.503487 0.231021 0.286612 5.994243 0.034078
24.376234 31.505594 2.825241 6.508622 138.369400 11.741224 0.227612 0.363122 5.988675 0.033845
24.510237 31.766699 2.822302 6.625427 139.116577 12.015388 0.223475 0.408626 5.979137 0.033287
24.627239 31.991377 2.851700 6.722970 139.770264 12.260194 0.219727 0.419808 5.960943 0.032488
24.760242 32.240082 2.896297 6.733875 140.510941 12.541023 0.216497 0.414508 5.952573 0.032998
24.877245 32.464310 2.934914 6.695238 141.161041 12.791434 0.215238 0.403689 5.954313 0.033970
25.010248 32.720276 2.968128 6.600902 141.903656 13.082218 0.215502 0.387576 5.948731 0.032663
25.127251 32.935780 2.970710 6.552703 142.542923 13.338065 0.217667 0.366443 5.924699 0.032986
25.260254 33.182838 2.985460 6.503267 143.277725 13.637721 0.223236 0.330123 5.917765 0.032641
25.378256 33.395130 3.000175 6.424062 143.912186 13.899077 0.230769 0.289375 5.910852 0.032745
25.511259 33.651749 2.985222 6.338120 144.642166 14.204897 0.241665 0.231878 5.902409 0.034462
25.627262 33.897640 2.959560 6.315546 145.276932 14.475633 0.252702 0.171997 5.897108 0.037060
25.761265 34.180370 2.945055 6.218929 145.996979 14.786179 0.265969 0.090720 5.898519 0.037864
25.878267 34.455185 2.898940 6.153523 146.629257 15.062507 0.276403 0.015492 5.899039 0.041881
26.011271 34.769684 2.843253 6.066224 147.346298 15.380997 0.286343 -0.062629 5.900264 0.041885
26.128273 35.041767 2.797115 5.944753 147.976944 15.664806 0.292963 -0.113733 5.915454 0.042032
26.261276 35.360207 2.725876 5.769245 148.698883 15.993704 0.299050 -0.156235 5.922303 0.043688
26.380278 35.648220 2.652514 5.664665 149.323318 16.282627 0.300145 -0.190043 5.936499 0.044440
26.511280 35.985268 2.554634 5.542764 150.043762 16.622004 0.298253 -0.240539 5.948716 0.043702
26.628283 36.261955 2.453635 5.378784 150.667496 16.918715 0.294025 -0.298523 5.957290 0.042715
26.762285 36.584877 2.328558 5.183142 151.388351 17.263353 0.287120 -0.382560 5.967068 0.043074
26.878288 36.871277 2.218554 4.986578 152.017685 17.567293 0.279815 -0.459289 5.978538 0.045041
27.012291 37.207893 2.119606 4.784717 152.732559 17.916925 0.271938 -0.527597 5.987173 0.045004
27.129293 37.500309 2.055396 4.633620 153.360840 18.227140 0.266308 -0.546390 5.987675 0.043896
27.262297 37.827919 2.018406 4.439419 154.078598 18.585955 0.260614 -0.498732 5.991067 0.043737
27.379299 38.115490 2.016282 4.289095 154.704666 18.901525 0.255567 -0.395152 5.990072 0.044439
27.512302 38.443161 2.033734 4.117401 155.414063 19.261875 0.251543 -0.228945 5.981947 0.043632
27.629305 38.726971 2.029227 3.984912 156.030548 19.578478 0.249248 -0.069103 5.971373 0.044413
27.762308 39.057121 2.046353 3.834190 156.740158 19.947073 0.247219 0.097533 5.967569 0.042302
27.879311 39.330513 2.093954 3.660798 157.353546 20.267738 0.245761 0.208195 5.968022 0.041314
28.013313 39.628456 2.148123 3.394973 158.059357 20.640007 0.244714 0.291643 5.949107 0.040146
28.129316 39.887386 2.208727 3.273296 158.672165 20.967340 0.244060 0.332340 5.932808 0.038744
28.263319 40.183651 2.275845 3.172561 159.366089 21.342218 0.245217 0.354991 5.922682 0.038601
28.380322 40.458862 2.327539 3.142873 159.973495 21.674398 0.246633 0.361624 5.914137 0.042668
28.513325 40.790257 2.363973 3.177011 160.661179 22.054348 0.247426 0.355475 5.907018 0.042728
28.630327 41.078636 2.377933 3.277675 161.264145 22.391062 0.246008 0.338462 5.896954 0.042284
28.763330 41.407471 2.373116 3.439250 161.952057 22.779436 0.243488 0.308883 5.896234 0.041822
28.880333 41.700073 2.324324 3.611538 162.545074 23.118572 0.239527 0.278261 5.884075 0.043209
29.013336 42.063763 2.227825 3.829950 163.227798 23.513109 0.231991 0.238700 5.881671 0.048245
29.130339 42.400871 2.125278 4.016870 163.821167 23.859705 0.222743 0.199376 5.869291 0.050219
29.264341 42.800468 1.993946 4.316141 164.491898 24.259102 0.213166 0.144784 5.866730 0.052093
29.380344 43.158264 1.867438 4.609118 165.079269 24.613188 0.204937 0.081918 5.858140 0.051999
29.514347 43.561913 1.720965 5.000199 165.743469 25.018818 0.195779 -0.007430 5.847662 0.051385
29.631350 43.906933 1.591346 5.314415 166.326019 25.377321 0.189352 -0.094231 5.841898 0.048826
29.764353 44.271149 1.465899 5.632939 166.983307 25.788214 0.184575 -0.180828 5.820719 0.044249
29.881355 44.570858 1.356951 5.911733 167.557205 26.152555 0.182031 -0.227288 5.803538 0.045013
30.014359 44.923168 1.265974 6.180567 168.209930 26.571669 0.181715 -0.236404 5.779109 0.045367
30.131361 45.223053 1.228570 6.320288 168.773148 26.934689 0.184498 -0.213870 5.773483 0.045065
30.264364 45.572304 1.236482 6.454083 169.420044 27.356298 0.189692 -0.175836 5.751902 0.044848
30.381367 45.868366 1.266720 6.581216 169.975677 27.723743 0.195600 -0.150226 5.734015 0.043156
30.515369 46.197784 1.321928 6.705410 170.612656 28.152250 0.203735 -0.139964 5.724548 0.042599
30.631372 46.476471 1.393307 6.783864 171.165436 28.529325 0.208150 -0.145745 5.716907 0.040897
30.765375 46.784195 1.510565 6.833643 171.790939 28.960796 0.210182 -0.158877 5.709958 0.039391
30.881378 47.047066 1.625916 6.873726 172.338547 29.343025 0.208649 -0.164896 5.707796 0.039564
31.015381 47.342422 1.778077 6.900591 172.959473 29.779192 0.204908 -0.155119 5.696408 0.038759
31.132383 47.595417 1.924471 6.946926 173.502029 30.164572 0.200052 -0.129454 5.680707 0.036160
31.265387 47.864601 2.109381 6.997235 174.114883 30.605511 0.193449 -0.085468 5.673142 0.034826
31.382389 48.105999 2.276892 7.053104 174.651535 30.995104 0.187235 -0.038312 5.660476 0.037572
31.516392 48.399017 2.456658 7.165046 175.263092 31.442995 0.180663 0.021441 5.655831 0.037640
31.632395 48.652695 2.600398 7.280333 175.791992 31.831551 0.176010 0.076200 5.659699 0.037129
31.766397 48.954784 2.741570 7.405282 176.402390 32.281837 0.172599 0.138877 5.661514 0.040035
31.882401 49.229496 2.840107 7.519694 176.934814 32.676926 0.170042 0.188563 5.665400 0.039068
32.016403 49.522369 2.943217 7.642817 177.538727 33.128365 0.169822 0.234621 5.677638 0.036989
32.132393 49.771069 3.021814 7.712423 178.070282 33.527416 0.170713 0.265350 5.677533 0.037042
32.266380 50.050800 3.105108 7.824699 178.673599 33.983295 0.172886 0.288991 5.690605 0.035639
32.383369 50.279022 3.157161 7.940765 179.204224 34.386749 0.176324 0.295699 5.704635 0.031542
32.516357 50.529625 3.202238 8.045854 179.808853 34.847263 0.182296 0.277245 5.723861 0.030937
32.633347 50.751362 3.228890 8.153625 180.341446 35.254330 0.187926 0.230495 5.733037 0.032121
32.766335 51.003693 3.253892 8.355350 180.946426 35.720100 0.195224 0.144839 5.747391 0.031795
32.883324 51.221809 3.256533 8.521225 181.479599 36.131153 0.201491 0.049773 5.763010 0.031751
33.017311 51.460960 3.245935 8.641545 182.091339 36.604954 0.206069 -0.063687 5.787948 0.029611
33.133301 51.671356 3.211160 8.797748 182.625916 37.021435 0.208975 -0.153967 5.799072 0.029555
33.267288 51.901127 3.162789 8.996970 183.234787 37.496506 0.210819 -0.235361 5.809085 0.028423
33.383278 52.083771 3.106361 9.208386 183.771118 37.915989 0.210846 -0.280888 5.827159 0.023751
33.517265 52.273476 3.030762 9.465209 184.383392 38.394184 0.209905 -0.298112 5.844583 0.022352
33.634254 52.440239 2.978899 9.744149 184.921310 38.816334 0.207565 -0.283445 5.850403 0.023545
33.767242 52.628502 2.934778 10.087146 185.533646 39.299065 0.205550 -0.242909 5.874480 0.021071
33.884232 52.778496 2.912947 10.337042 186.074020 39.724724 0.205241 -0.199264 5.889248 0.020125
34.017220 52.947464 2.919441 10.625044 186.688614 40.209904 0.206647 -0.155150 5.889276 0.019961
34.134209 53.080978 2.937432 10.813458 187.228897 40.637417 0.210652 -0.125728 5.884818 0.018514
34.251198 53.208084 2.958707 10.904751 187.769028 41.063789 0.215474 -0.103202 5.880729 0.016788
34.384186 53.334003 3.006186 11.025646 188.380493 41.550247 0.221839 -0.078508 5.870835 0.013343
34.501175 53.426334 3.067770 11.163070 188.917633 41.979897 0.228643 -0.056816 5.886671 0.011303
34.634163 53.503761 3.165799 11.259994 189.532837 42.473194 0.237739 -0.037703 5.886366 0.008706
34.751152 53.552124 3.262568 11.260809 190.064728 42.900562 0.245574 -0.031232 5.878898 0.005287
34.885139 53.576157 3.375407 11.242395 190.678711 43.394558 0.254607 -0.032855 5.877251 0.001708
35.001129 53.576378 3.467106 11.229506 191.214584 43.826450 0.262844 -0.030355 5.880718 -0.000897
35.136124 53.566200 3.565003 11.253302 191.826859 44.322365 0.272466 -0.005184 5.883134 -0.002485
35.252113 53.532703 3.625076 11.203686 192.361984 44.756901 0.280512 0.043362 5.894535 -0.006681
35.386101 53.470745 3.678797 11.102798 192.971863 45.251698 0.286998 0.121167 5.915274 -0.007504
35.503090 53.398903 3.726608 10.991340 193.510696 45.688171 0.290379 0.190296 5.935562 -0.009959
35.636078 53.288887 3.773231 10.787185 194.125107 46.186222 0.292419 0.251594 5.960541 -0.015286
35.753067 53.169220 3.789998 10.639235 194.667389 46.627434 0.290734 0.285303 5.986293 -0.018453
35.887054 53.015450 3.765157 10.559724 195.290222 47.135876 0.289402 0.315499 6.013765 -0.021039
36.003044 52.852043 3.735099 10.442630 195.835999 47.581913 0.287424 0.347453 6.033814 -0.023699
36.137035 52.640366 3.667950 10.239668 196.464905 48.094917 0.284881 0.389974 6.075982 -0.026827
36.253025 52.452465 3.587224 10.050056 197.012253 48.541321 0.283905 0.412155 6.099549 -0.027705
36.387012 52.200596 3.472929 9.821340 197.643311 49.055790 0.283585 0.392573 6.133951 -0.033781
36.503002 51.952969 3.384112 9.625156 198.200546 49.510841 0.283383 0.324519 6.162246 -0.036034
36.636990 51.657814 3.274570 9.447671 198.835083 50.032135 0.285900 0.201490 6.180723 -0.037358
36.753979 51.388199 3.179471 9.312504 199.396805 50.492622 0.290017 0.072817 6.226544 -0.039960
36.886967 51.053116 3.091322 9.071552 200.039474 51.018997 0.296484 -0.070317 6.257403 -0.043834
37.003956 50.722561 3.063927 8.744121 200.607101 51.483295 0.302843 -0.180458 6.272144 -0.047668
37.136944 50.316380 3.061510 8.429096 201.257111 52.018208 0.311022 -0.278722 6.293755 -0.053183
37.253933 49.943626 3.073948 8.200301 201.821640 52.484238 0.319490 -0.342159 6.317463 -0.054384
37.387920 49.496586 3.117923 7.879785 202.476929 53.024094 0.329750 -0.394353 6.345594 -0.057720
37.503910 49.081921 3.181959 7.604071 203.052444 53.496895 0.338434 -0.423432 6.373021 -0.061263
37.637897 48.604031 3.243363 7.327132 203.709259 54.035877 0.344548 -0.431392 6.406573 -0.060763
37.753887 48.162582 3.300862 7.066420 204.290710 54.512852 0.347741 -0.411528 6.440946 -0.065089
37.887875 47.629555 3.354972 6.608460 204.957397 55.057144 0.350146 -0.364875 6.491287 -0.067734
38.004864 47.146709 3.383646 6.179795 205.547943 55.538551 0.351390 -0.317919 6.529432 -0.069142
38.137852 46.580639 3.416431 5.641667 206.225967 56.086506 0.350429 -0.270623 6.561603 -0.070988
38.254841 46.067352 3.419939 5.215504 206.825180 56.570618 0.348266 -0.233404 6.598996 -0.073905
38.387829 45.473877 3.387205 4.765397 207.510468 57.123543 0.344969 -0.187340 6.630824 -0.074539
38.504818 44.947582 3.334546 4.393556 208.115463 57.613323 0.341863 -0.141161 6.665566 -0.076409
38.637806 44.317211 3.266693 4.009569 208.812943 58.176674 0.341573 -0.083616 6.709688 -0.079307
38.754795 43.755695 3.189223 3.755888 209.427200 58.670757 0.344403 -0.028052 6.756621 -0.082605
38.888783 43.104988 3.096363 3.544267 210.131760 59.234444 0.351183 0.049852 6.802191 -0.084042
39.004772 42.528301 3.009939 3.386581 210.759308 59.730000 0.360432 0.135375 6.852900 -0.085416
39.138760 41.843342 2.933280 3.178326 211.480652 60.292923 0.373298 0.239008 6.896325 -0.090572
39.255749 41.215839 2.869275 3.042532 212.120743 60.788292 0.383773 0.319127 6.928017 -0.094055
39.388737 40.488441 2.801353 2.928775 212.853729 61.352417 0.397704 0.383930 6.977608 -0.094801
39.505726 39.829967 2.752000 2.795339 213.505157 61.848907 0.410392 0.416225 7.015340 -0.098146
39.638714 39.064911 2.729243 2.653172 214.257278 62.416523 0.420835 0.425872 7.049644 -0.098359
39.755703 38.403427 2.733791 2.525071 214.913788 62.907108 0.425859 0.408312 7.080169 -0.099152
39.889690 37.639679 2.764350 2.428295 215.677917 63.471931 0.427325 0.358257 7.099952 -0.098870
40.006683 36.974155 2.808724 2.409210 216.342377 63.960125 0.425575 0.297653 7.115646 -0.100009
40.139671 36.207050 2.893150 2.386098 217.114105 64.522301 0.423672 0.224571 7.127366 -0.099401
40.255661 35.532536 2.976789 2.360252 217.790527 65.011383 0.421824 0.165908 7.141526 -0.100849
40.389648 34.758602 3.076774 2.362509 218.563156 65.563934 0.418124 0.101461 7.142228 -0.101670
40.506638 34.086498 3.150650 2.359245 219.245422 66.047966 0.412307 0.038235 7.151509 -0.099589
40.639626 33.319054 3.200620 2.441935 220.024826 66.595871 0.408538 -0.045993 7.168932 -0.102447
40.756615 32.643383 3.238004 2.481008 220.713928 67.074539 0.408295 -0.125553 7.167769 -0.099572
40.889603 31.882317 3.270505 2.381602 221.505585 67.616608 0.410954 -0.209999 7.162846 -0.097244
41.006596 31.229794 3.277747 2.252635 222.193909 68.081688 0.414108 -0.268383 7.164410 -0.096592
41.139584 30.485010 3.240212 2.121496 222.991516 68.613930 0.420177 -0.313303 7.147841 -0.096282
41.256573 29.841707 3.157421 2.011645 223.684143 69.069435 0.428222 -0.331430 7.145920 -0.096065
41.390560 29.098652 3.020694 1.869423 224.487503 69.591599 0.439024 -0.330121 7.151096 -0.095800
41.506550 28.431641 2.866091 1.670779 225.191864 70.045067 0.451566 -0.310979 7.159842 -0.099546
41.640537 27.663799 2.657344 1.413492 225.996445 70.555618 0.467658 -0.270697 7.171169 -0.098648
41.757526 26.997641 2.450069 1.166600 226.709290 71.002045 0.481608 -0.221741 7.197592 -0.097554
41.890514 26.235500 2.201007 0.791815 227.524841 71.505295 0.495490 -0.156504 7.204273 -0.097028
42.007504 25.580940 1.968308 0.391393 228.246292 71.944077 0.507018 -0.097655 7.228368 -0.095096
42.140491 24.830801 1.700125 -0.129557 229.079086 72.443642 0.515178 -0.036276 7.254285 -0.096448
42.257481 24.179947 1.473456 -0.664612 229.804672 72.872269 0.518410 0.010571 7.274591 -0.095155
42.390469 23.433466 1.226871 -1.295282 230.648605 73.362175 0.516710 0.062550 7.289266 -0.095052
42.507458 22.776136 1.060220 -1.856445 231.382996 73.781914 0.511149 0.110155 7.293785 -0.098182
42.641445 22.028336 0.905717 -2.454336 232.233566 74.262077 0.500266 0.165646 7.284276 -0.095185
42.757435 21.390568 0.849397 -2.974971 232.977844 74.675766 0.488008 0.207984 7.271386 -0.092050
42.891422 20.679878 0.842991 -3.515039 233.825470 75.139122 0.470137 0.243131 7.253354 -0.090837
43.008411 20.067507 0.880828 -3.961870 234.571411 75.542152 0.452101 0.263874 7.237754 -0.090233
43.141399 19.375025 0.966362 -4.439728 235.418106 75.993790 0.431044 0.279022 7.193446 -0.089878
43.258389 18.773361 1.071976 -4.843077 236.160950 76.384209 0.417531 0.281848 7.160092 -0.087740
43.375378 18.184410 1.207437 -5.216671 236.900925 76.768593 0.408310 0.266774 7.105392 -0.084769
43.508366 17.545738 1.382558 -5.579853 237.737747 77.196602 0.400021 0.222555 7.039065 -0.081201
43.625355 16.996252 1.565629 -5.830638 238.472244 77.563797 0.398089 0.166686 6.996933 -0.080161
43.758343 16.380680 1.763116 -5.986269 239.304398 77.973541 0.401254 0.094852 6.957066 -0.079533
43.875332 15.852655 1.929140 -6.118120 240.034470 78.325691 0.406273 0.032664 6.915505 -0.076876
44.008320 15.276596 2.090441 -6.222034 240.863159 78.718079 0.412276 -0.039792 6.876890 -0.073913
44.125309 14.779249 2.203195 -6.278260 241.590820 79.056282 0.419363 -0.105167 6.847745 -0.073671
44.259296 14.216419 2.293283 -6.294068 242.422470 79.437225 0.427786 -0.179996 6.815956 -0.072377
44.375286 13.736823 2.334551 -6.248348 243.149002 79.762245 0.433025 -0.238765 6.793833 -0.071075
44.509274 13.199580 2.325005 -6.143235 243.976593 80.123550 0.437561 -0.296169 6.784098 -0.070588
44.626263 12.736890 2.282520 -5.980380 244.705902 80.436569 0.440323 -0.335836 6.779606 -0.070308
44.759251 12.206186 2.242879 -5.805175 245.535233 80.784424 0.444664 -0.364139 6.751589 -0.070695
44.876240 11.739530 2.212700 -5.626736 246.265015 81.084747 0.447798 -0.366426 6.741859 -0.070151
45.009228 11.221645 2.162865 -5.381342 247.095490 81.419746 0.449209 -0.339718 6.725933 -0.068866
45.126217 10.757071 2.100216 -5.165183 247.826797 81.706978 0.447595 -0.293458 6.710341 -0.071287
45.259205 10.222599 2.017569 -4.874372 248.664566 82.031219 0.444375 -0.222986 6.694473 -0.070623
45.376194 9.768607 1.941919 -4.630575 249.389801 82.308144 0.441497 -0.154596 6.691825 -0.068716
45.509182 9.247809 1.852425 -4.381022 250.227234 82.623688 0.437220 -0.069415 6.671369 -0.068772
45.626171 8.802652 1.760836 -4.211837 250.952301 82.891434 0.431469 0.005735 6.650938 -0.066339
45.760159 8.295445 1.653232 -3.938415 251.787949 83.194786 0.425552 0.090652 6.620738 -0.067397
45.876148 7.839192 1.560969 -3.712573 252.516663 83.452301 0.420997 0.155164 6.592440 -0.068787
46.010136 7.330648 1.451125 -3.548101 253.343582 83.736130 0.416963 0.213518 6.562628 -0.066730
46.127125 6.908793 1.356076 -3.507799 254.069748 83.978729 0.415825 0.248994 6.533849 -0.061475
46.260113 6.442822 1.268573 -3.516633 254.894592 84.247292 0.416713 0.276836 6.514695 -0.060719
46.377102 6.053069 1.208415 -3.526654 255.619415 84.480064 0.418521 0.296240 6.499459 -0.056200
46.510090 5.625365 1.152599 -3.635663 256.449097 84.740692 0.420787 0.318066 6.483987 -0.054113
46.627079 5.272024 1.098790 -3.745000 257.167542 84.961838 0.421447 0.336889 6.477086 -0.052005
46.760067 4.899665 1.041745 -3.844738 257.998718 85.212029 0.420917 0.356081 6.471822 -0.046743
46.878059 4.582737 0.989892 -4.018703 258.719299 85.422493 0.419846 0.365179 6.469572 -0.046589
47.010048 4.226909 0.938100 -4.220092 259.552704 85.660957 0.418349 0.359275 6.470501 -0.044852
47.127037 3.936078 0.907236 -4.388189 260.281891 85.864960 0.416889 0.330833 6.473485 -0.041820
47.261024 3.613357 0.899101 -4.631053 261.112854 86.090416 0.416959 0.266082 6.470562 -0.040993
47.378014 3.349167 0.898933 -4.871300 261.844940 86.284157 0.416692 0.185174 6.474481 -0.037575
47.511002 3.068916 0.909212 -5.115041 262.678925 86.499756 0.416951 0.085868 6.484498 -0.035507
47.627991 2.832987 0.927151 -5.343196 263.414948 86.684494 0.416218 0.005797 6.488091 -0.033800
47.760979 2.571616 0.960611 -5.627927 264.253845 86.888268 0.411498 -0.074158 6.498109 -0.034202
47.877968 2.340735 0.987554 -5.860289 264.994507 87.062973 0.406647 -0.145215 6.508484 -0.032620
48.010956 2.083511 1.049678 -6.033191 265.844330 87.258896 0.399245 -0.236408 6.514249 -0.033280
48.127945 1.863287 1.122651 -6.132526 266.581482 87.424530 0.390277 -0.320311 6.510079 -0.033056
48.261932 1.624698 1.228819 -6.179018 267.433075 87.611053 0.378307 -0.406811 6.502024 -0.029850
48.377922 1.430691 1.336941 -6.122223 268.177338 87.769127 0.368116 -0.464308 6.502063 -0.028308
48.511909 1.216916 1.444838 -5.979264 269.024414 87.943092 0.359081 -0.504963 6.503548 -0.028486
48.627899 1.026330 1.525585 -5.780219 269.770203 88.089500 0.351922 -0.519611 6.495687 -0.029113
48.761887 0.818210 1.613279 -5.491205 270.625244 88.253975 0.346406 -0.512118 6.499736 -0.028516
48.878876 0.645351 1.677510 -5.204806 271.367340 88.392731 0.345732 -0.486286 6.510072 -0.026899
49.011864 0.459841 1.735850 -4.879041 272.220337 88.545692 0.347201 -0.440940 6.523876 -0.024803
49.128857 0.324879 1.767123 -4.542772 272.973358 88.675903 0.350387 -0.387596 6.537294 -0.019633
49.261845 0.186968 1.815425 -4.188019 273.838806 88.818436 0.352761 -0.302296 6.549841 -0.020174
49.378834 0.058965 1.850129 -3.908917 274.591644 88.936813 0.353010 -0.196664 6.580460 -0.021772
49.511822 -0.103966 1.900280 -3.555058 275.465973 89.070168 0.352837 -0.038359 6.618682 -0.023094
49.628811 -0.249386 1.945763 -3.258702 276.235077 89.183334 0.354324 0.116956 6.659722 -0.022455
49.762798 -0.400025 1.996484 -2.979752 277.115509 89.306946 0.354980 0.284908 6.703561 -0.019974
49.878788 -0.534160 2.066469 -2.791655 277.895355 89.412636 0.357379 0.409720 6.738357 -0.020423
50.012775 -0.682102 2.161466 -2.634916 278.787872 89.526497 0.359529 0.518581 6.784877 -0.018973
50.129765 -0.803091 2.264582 -2.529464 279.578735 89.622833 0.359936 0.586188 6.825553 -0.019558
50.262753 -0.950917 2.412276 -2.407078 280.484222 89.728493 0.356425 0.625915 6.874637 -0.020375
50.379742 -1.085410 2.584593 -2.326860 281.286163 89.818314 0.350780 0.624921 6.907250 -0.020663
50.512730 -1.242699 2.810772 -2.299737 282.209869 89.916611 0.345011 0.582186 6.952424 -0.019946
50.629719 -1.376384 3.018226 -2.344896 283.014374 89.998665 0.339404 0.515216 6.983985 -0.019818
50.763706 -1.538743 3.293874 -2.409111 283.948029 90.090942 0.330877 0.415376 7.018595 -0.022398
50.879696 -1.687766 3.556069 -2.455722 284.767212 90.170410 0.323920 0.318286 7.045496 -0.023422
51.013683 -1.869528 3.870565 -2.524101 285.702179 90.257217 0.315216 0.207355 7.071884 -0.023069
51.129673 -2.026738 4.176571 -2.617406 286.527435 90.327446 0.305717 0.112070 7.080127 -0.023191
51.263660 -2.222587 4.532986 -2.750330 287.467194 90.403107 0.294050 0.005764 7.091861 -0.024892
51.380650 -2.398138 4.823145 -2.817333 288.296082 90.468201 0.284032 -0.089205 7.117565 -0.024501
51.513638 -2.586790 5.145568 -2.865330 289.240906 90.538727 0.273542 -0.194104 7.127640 -0.023927
51.630627 -2.755587 5.421067 -2.918303 290.071777 90.597176 0.264485 -0.274219 7.117091 -0.026720
51.763615 -2.960768 5.692975 -2.998977 291.023010 90.657715 0.253200 -0.339221 7.114474 -0.024317
51.880604 -3.135468 5.875659 -3.079128 291.847748 90.705894 0.242914 -0.371023 7.125873 -0.026114
52.014591 -3.336052 6.030295 -3.066275 292.801544 90.759476 0.230018 -0.391963 7.131923 -0.026786
52.130581 -3.512156 6.113820 -2.982512 293.636017 90.804939 0.218610 -0.410477 7.143695 -0.028133
52.264568 -3.722405 6.148414 -2.839723 294.584290 90.853424 0.204864 -0.435083 7.138124 -0.029821
52.380558 -3.907803 6.125974 -2.705399 295.419281 90.892082 0.193109 -0.447736 7.146673 -0.030165
52.515549 -4.126450 6.076200 -2.621394 296.370087 90.932098 0.181529 -0.433489 7.163923 -0.030222
52.632538 -4.327376 6.024472 -2.563337 297.214569 90.964424 0.171943 -0.387579 7.160156 -0.032148
52.765526 -4.575380 5.951271 -2.557684 298.166962 90.997414 0.161684 -0.307196 7.167882 -0.032323
52.882515 -4.799531 5.873349 -2.612875 299.005127 91.022354 0.155117 -0.224306 7.162919 -0.032462
52.999504 -5.029520 5.809654 -2.644272 299.841492 91.045219 0.150093 -0.139724 7.140111 -0.034647
53.132492 -5.311222 5.749409 -2.740131 300.788727 91.066528 0.144419 -0.041946 7.114891 -0.036443
53.249481 -5.568905 5.698852 -2.816693 301.619019 91.081398 0.139925 0.040327 7.089166 -0.037769
53.382469 -5.861579 5.646514 -2.894140 302.560059 91.094025 0.136575 0.123287 7.053892 -0.037656
53.499458 -6.125539 5.607584 -2.961120 303.384277 91.102509 0.134942 0.175618 7.040134 -0.039070
53.632446 -6.428136 5.576583 -3.018795 304.325806 91.109192 0.132727 0.212133 7.018286 -0.038183
53.749435 -6.686949 5.561287 -3.063823 305.145477 91.111702 0.130858 0.229108 6.987032 -0.038632
53.882423 -6.988791 5.567042 -3.058849 306.072845 91.109901 0.129381 0.243339 6.958665 -0.039593
53.999413 -7.261725 5.565287 -3.056046 306.884216 91.102806 0.127497 0.254893 6.917629 -0.041995
54.133400 -7.573937 5.550363 -3.055447 307.802795 91.091843 0.122986 0.265489 6.891112 -0.041956
54.249393 -7.871712 5.512645 -3.047276 308.606842 91.079483 0.117583 0.271664 6.864406 -0.045944
54.383381 -8.234655 5.442017 -2.973781 309.517029 91.064438 0.109620 0.275223 6.830774 -0.051078
54.500370 -8.585091 5.377416 -2.946029 310.313110 91.049385 0.102822 0.276318 6.782236 -0.052836
54.633358 -8.990327 5.281792 -2.982431 311.211121 91.027397 0.094616 0.277398 6.733233 -0.053464
54.750347 -9.339552 5.175153 -2.998454 311.995178 91.004982 0.086584 0.277591 6.681546 -0.051855
54.884335 -9.745444 5.054079 -3.021478 312.886993 90.973999 0.076629 0.271658 6.644721 -0.053371
55.000324 -10.104759 4.932919 -3.027480 313.654572 90.944244 0.068972 0.252455 6.610931 -0.053685
55.134312 -10.514602 4.783400 -3.030020 314.537201 90.905846 0.062975 0.202721 6.573525 -0.053669
55.250301 -10.887690 4.630212 -3.045391 315.303772 90.867439 0.060420 0.135809 6.552581 -0.057376
55.384289 -11.339175 4.451574 -3.047838 316.172729 90.819298 0.059956 0.043851 6.532398 -0.060062
55.500278 -11.732762 4.322144 -3.089051 316.933746 90.773491 0.063334 -0.032857 6.502324 -0.056701
55.634266 -12.176388 4.188899 -3.243001 317.793365 90.716637 0.071274 -0.108010 6.464710 -0.056850
55.751255 -12.583583 4.065471 -3.440194 318.545776 90.662537 0.079237 -0.162291 6.433948 -0.058330
55.884243 -13.039914 3.902733 -3.563309 319.403656 90.597725 0.088563 -0.217510 6.408867 -0.059118
56.001232 -13.433727 3.780030 -3.621504 320.142853 90.537781 0.099001 -0.257197 6.381469 -0.057317
56.134220 -13.896245 3.652171 -3.686944 320.994354 90.463440 0.111966 -0.288821 6.373659 -0.061432
56.251209 -14.302419 3.524759 -3.734473 321.728729 90.395081 0.121665 -0.300556 6.351504 -0.061160
56.384197 -14.777774 3.367621 -3.775018 322.575012 90.313179 0.129470 -0.300172 6.344447 -0.062526
56.501186 -15.196261 3.253568 -3.813958 323.312286 90.237656 0.134265 -0.293670 6.326838 -0.061937
56.635174 -15.687816 3.147546 -3.882753 324.146942 90.147896 0.137495 -0.281687 6.304055 -0.064519
56.751163 -16.114511 3.075959 -3.920121 324.878998 90.065033 0.140154 -0.263674 6.294079 -0.063458
56.885151 -16.599180 3.016687 -3.977893 325.708923 89.966240 0.142214 -0.227918 6.273810 -0.063431
57.002140 -17.018847 2.982942 -3.993996 326.436859 89.874390 0.144343 -0.182950 6.269551 -0.061991
57.135128 -17.499559 2.970426 -4.006480 327.269196 89.764954 0.144890 -0.125705 6.261184 -0.061191
57.252117 -17.911055 2.990541 -4.060461 327.988556 89.666214 0.143975 -0.081335 6.257650 -0.061968
57.385105 -18.395863 3.067101 -4.141721 328.818115 89.546982 0.142662 -0.040866 6.253896 -0.062793
57.502094 -18.810787 3.147819 -4.181535 329.535370 89.441177 0.142499 -0.012582 6.246351 -0.061579
57.635082 -19.277679 3.236262 -4.189328 330.361969 89.314148 0.143407 0.019344 6.238930 -0.058665
57.752071 -19.664415 3.318440 -4.222786 331.075775 89.200653 0.141746 0.047821 6.222968 -0.056692
57.886059 -20.097849 3.389388 -4.314342 331.897583 89.066795 0.139956 0.078074 6.209228 -0.053358
58.002048 -20.458225 3.432374 -4.427292 332.613525 88.946968 0.138887 0.099444 6.203224 -0.051885
58.136036 -20.850489 3.463216 -4.540326 333.425507 88.806473 0.136706 0.117122 6.192692 -0.050187
58.253025 -21.187035 3.478619 -4.587605 334.138306 88.679749 0.134099 0.130061 6.185791 -0.048883
58.386013 -21.557241 3.481941 -4.637532 334.946350 88.530502 0.131127 0.144175 6.172373 -0.047012
58.503002 -21.859663 3.462901 -4.667954 335.656433 88.395454 0.130841 0.155394 6.183820 -0.043812
58.635990 -22.195549 3.421296 -4.761507 336.468475 88.236237 0.134002 0.165855 6.175285 -0.041531
58.752979 -22.475626 3.383368 -4.806761 337.171814 88.095612 0.138257 0.171935 6.179383 -0.041529
58.886967 -22.792139 3.330515 -4.885137 337.982880 87.929398 0.142989 0.178017 6.178434 -0.040704
59.002956 -23.060421 3.271669 -4.987799 338.684113 87.780991 0.148258 0.183682 6.179681 -0.039076
59.136944 -23.366825 3.197936 -5.078646 339.494110 87.604935 0.154663 0.191623 6.191152 -0.039595
59.252934 -23.627296 3.126858 -5.199174 340.201111 87.447685 0.162885 0.198385 6.191916 -0.036989
59.386921 -23.900661 3.026695 -5.293753 341.005798 87.265663 0.175352 0.204992 6.205154 -0.034371
59.503910 -24.133352 2.946166 -5.343762 341.713409 87.102455 0.188483 0.210769 6.211000 -0.034125
59.636898 -24.389830 2.854673 -5.326632 342.519348 86.915207 0.203607 0.217545 6.225570 -0.032793
59.753887 -24.597391 2.795305 -5.289621 343.229980 86.746292 0.216957 0.218293 6.256307 -0.030637
59.886875 -24.812899 2.758836 -5.239155 344.040558 86.551628 0.232777 0.202065 6.275113 -0.027028
60.003864 -24.982119 2.767750 -5.275976 344.754547 86.375572 0.246192 0.162743 6.296887 -0.023275
