1.20 1.10 20 64
0.127000 0.007465 0.061401 -0.076981 0.883515 -0.000509 -0.133992 0.307576 6.739701 0.001958
0.261000 0.012290 0.317724 -0.238139 1.783736 -0.002666 -0.052174 0.308690 6.694004 -0.001141
0.377000 0.012092 0.661940 -0.301300 2.555525 -0.005291 0.068560 0.317603 6.617482 0.001072
0.510000 0.021905 1.147616 -0.398811 3.434940 -0.007501 0.241330 0.308566 6.524947 0.000602
0.628000 0.025258 1.602447 -0.531304 4.192662 -0.009904 0.402792 0.269500 6.442518 0.000527
0.761000 0.035839 2.105037 -0.675866 5.046531 -0.013347 0.577539 0.197862 6.412072 0.002939
0.878000 0.062596 2.510454 -0.801994 5.796994 -0.016623 0.708890 0.134525 6.420521 0.005439
1.011000 0.102597 2.923900 -0.916188 6.655155 -0.021271 0.819624 0.082099 6.482163 0.006563
1.128000 0.152123 3.238505 -0.994671 7.417523 -0.025181 0.875623 0.050940 6.501119 0.008738
1.261000 0.216911 3.558056 -1.088983 8.274015 -0.028572 0.891350 0.008970 6.397172 0.009057
1.378000 0.277375 3.810560 -1.141694 9.017060 -0.032355 0.863146 -0.048787 6.318904 0.009355
1.511000 0.352603 4.073003 -1.155827 9.850567 -0.036562 0.789355 -0.137164 6.222359 0.009448
1.627999 0.410604 4.250984 -1.119555 10.571970 -0.041636 0.695206 -0.215703 6.121230 0.008734
1.760999 0.484873 4.339404 -1.066100 11.398014 -0.047662 0.561744 -0.280823 6.207887 0.009380
1.877999 0.550407 4.283867 -1.077513 12.124590 -0.054642 0.434993 -0.299974 6.301891 0.009821
2.011999 0.619509 4.070752 -1.015607 12.975458 -0.064168 0.293174 -0.280290 6.386136 0.009113
2.127999 0.672957 3.790521 -0.946256 13.726983 -0.073693 0.186701 -0.245399 6.454726 0.007009
2.261999 0.720775 3.402634 -0.874785 14.592148 -0.085416 0.098846 -0.216857 6.545330 0.005231
2.378999 0.745500 3.044882 -0.729889 15.363153 -0.094894 0.057519 -0.218432 6.622332 0.001919
2.511999 0.770085 2.645895 -0.564713 16.250071 -0.104198 0.058985 -0.242873 6.700706 0.002414
2.628999 0.796332 2.318194 -0.466243 17.037853 -0.113928 0.100337 -0.263340 6.756531 0.005172
2.761998 0.842277 2.003550 -0.439381 17.939175 -0.126743 0.187143 -0.263362 6.791369 0.006438
2.878998 0.886208 1.796937 -0.463691 18.735514 -0.140593 0.288384 -0.238672 6.815700 0.006791
3.011998 0.929578 1.642904 -0.543518 19.651058 -0.155986 0.417856 -0.190764 6.846346 0.005495
3.128998 0.972272 1.568582 -0.598419 20.446253 -0.168263 0.529850 -0.134824 6.866562 0.006162
3.262998 1.025445 1.554173 -0.542602 21.370075 -0.179354 0.645887 -0.052881 6.919732 0.007069
3.378998 1.066951 1.606110 -0.435409 22.183613 -0.187084 0.726151 0.030259 6.982060 0.005719
3.512998 1.116721 1.722108 -0.319142 23.119797 -0.194832 0.786295 0.119247 7.081711 0.006079
3.628998 1.165738 1.862601 -0.158678 23.955242 -0.200896 0.806213 0.177886 7.182721 0.007785
3.762997 1.234423 2.086299 0.082890 24.917301 -0.207350 0.787948 0.220746 7.274267 0.007138
3.879997 1.295977 2.318556 0.352282 25.774223 -0.212888 0.739257 0.255202 7.355880 0.007277
4.012997 1.353057 2.622783 0.655864 26.766109 -0.220035 0.650555 0.311312 7.434580 0.004468
4.129998 1.397951 2.914480 0.930722 27.632952 -0.224612 0.553291 0.374041 7.493249 0.004862
4.262998 1.440205 3.271656 1.219586 28.640104 -0.228166 0.428072 0.436674 7.527166 0.003427
4.379999 1.471380 3.598052 1.421892 29.514000 -0.229682 0.318994 0.457002 7.536190 0.003910
4.513999 1.513016 3.999649 1.582713 30.525354 -0.232902 0.205091 0.422487 7.554085 0.004623
4.630000 1.562563 4.330317 1.744090 31.409290 -0.235827 0.124873 0.344161 7.556441 0.005837
4.764000 1.609603 4.696194 1.907403 32.412441 -0.240170 0.063033 0.218547 7.529209 0.003391
4.880001 1.639206 5.017552 2.015064 33.291767 -0.243551 0.038632 0.093960 7.504065 0.001379
5.014001 1.652859 5.371868 2.051864 34.289673 -0.250630 0.046804 -0.041242 7.496508 0.000777
5.131002 1.659504 5.687556 2.111512 35.164566 -0.256750 0.079920 -0.137806 7.463908 0.000510
5.264002 1.664109 6.029692 2.144526 36.153053 -0.263970 0.142673 -0.212976 7.410669 0.000878
5.381003 1.666263 6.304125 2.160338 37.016048 -0.270613 0.210112 -0.250110 7.353304 0.000070
5.514003 1.666507 6.567164 2.143492 37.989246 -0.278792 0.288460 -0.269105 7.298715 0.000388
5.631004 1.656700 6.760999 2.138632 38.841629 -0.285389 0.351502 -0.272636 7.284429 -0.003616
5.764004 1.626136 6.928248 2.181465 39.816830 -0.292322 0.410566 -0.264392 7.278561 -0.005821
5.881005 1.592479 7.006291 2.184318 40.661297 -0.296308 0.444742 -0.245507 7.287182 -0.004865
6.015006 1.558464 7.036295 2.178866 41.638958 -0.300319 0.459756 -0.213994 7.305398 -0.004176
6.131006 1.530274 6.997131 2.176774 42.497173 -0.304535 0.449694 -0.182524 7.357148 -0.004117
6.265007 1.497047 6.889812 2.170994 43.479565 -0.307156 0.411957 -0.145670 7.405296 -0.003835
6.382007 1.479380 6.753264 2.190417 44.348587 -0.307945 0.359830 -0.110975 7.434621 -0.002485
6.515007 1.466269 6.547327 2.198303 45.340057 -0.308567 0.284509 -0.064554 7.464166 -0.002206
6.632008 1.453850 6.321832 2.136863 46.214611 -0.308339 0.210428 -0.020049 7.471805 0.000793
6.765008 1.449289 6.039410 2.082788 47.216221 -0.307806 0.125793 0.024342 7.475582 -0.000772
6.882009 1.442124 5.801511 2.068953 48.083710 -0.306133 0.060069 0.048672 7.478570 -0.001118
7.015009 1.442327 5.540975 2.018635 49.084610 -0.304226 -0.001163 0.057548 7.459528 0.001216
7.132010 1.449161 5.334609 1.944637 49.948963 -0.304111 -0.035821 0.054286 7.438784 0.002641
7.265010 1.445491 5.163748 1.789372 50.941792 -0.303186 -0.051874 0.050424 7.384302 0.003052
7.382011 1.450479 5.078132 1.617679 51.802826 -0.301925 -0.044216 0.052947 7.341642 0.003518
7.516012 1.476905 5.045986 1.439663 52.773205 -0.298335 -0.013933 0.061039 7.259599 0.006431
7.632012 1.513816 5.053908 1.381018 53.617023 -0.293264 0.026240 0.066401 7.177929 0.006514
7.766013 1.540875 5.098679 1.348501 54.564148 -0.285375 0.080763 0.064792 7.077920 0.003428
7.883013 1.563395 5.147747 1.353988 55.387241 -0.277954 0.131150 0.058115 7.003526 0.003204
8.016013 1.568064 5.185853 1.361844 56.319382 -0.270547 0.181804 0.050734 6.928767 -0.001032
8.133014 1.566307 5.188610 1.365140 57.120014 -0.263175 0.216265 0.050246 6.883848 -0.000517
8.266014 1.566408 5.136301 1.375129 58.040417 -0.253807 0.241411 0.053062 6.859241 -0.000203
8.383015 1.564600 5.030190 1.420684 58.835445 -0.246605 0.247966 0.053092 6.848431 -0.000531
8.516015 1.588294 4.840699 1.437641 59.752819 -0.238515 0.237244 0.039124 6.848834 0.004381
8.634016 1.616696 4.614811 1.463473 60.553650 -0.230642 0.213822 0.013713 6.845764 0.004414
8.767016 1.662373 4.299307 1.511808 61.464733 -0.219943 0.171799 -0.027305 6.848386 0.006401
8.883017 1.710150 3.979340 1.530925 62.266747 -0.210694 0.126453 -0.068222 6.857606 0.008058
9.017017 1.776100 3.604118 1.535559 63.178848 -0.200973 0.070066 -0.113857 6.861874 0.008538
9.134018 1.832371 3.280209 1.534314 63.982391 -0.192456 0.023071 -0.145363 6.868403 0.008015
9.267018 1.908878 2.958856 1.500678 64.896141 -0.183459 -0.018442 -0.162391 6.869004 0.009617
9.384019 1.975232 2.743069 1.379426 65.698952 -0.174493 -0.041377 -0.152590 6.855569 0.011454
9.501019 2.052347 2.587701 1.247965 66.498718 -0.164197 -0.050815 -0.116698 6.825349 0.012190
9.634020 2.139965 2.473155 1.117718 67.403854 -0.152403 -0.045010 -0.047383 6.789189 0.013293
9.751020 2.222384 2.424725 1.038640 68.194572 -0.140190 -0.025960 0.024007 6.736696 0.012742
9.884021 2.307605 2.437221 0.885425 69.092438 -0.125799 0.009540 0.104709 6.683425 0.011985
10.001021 2.386446 2.485137 0.827707 69.870445 -0.111339 0.047175 0.164684 6.634136 0.012003
10.134022 2.496569 2.567169 0.842520 70.748772 -0.093106 0.089608 0.219631 6.584798 0.015821
10.251022 2.602240 2.666980 0.817155 71.515526 -0.076599 0.121164 0.253251 6.538173 0.015898
10.385023 2.733283 2.773904 0.772483 72.381310 -0.058660 0.148862 0.265444 6.495385 0.017774
10.501023 2.860797 2.854018 0.687516 73.138077 -0.042321 0.162453 0.248108 6.454166 0.019567
10.635024 3.017479 2.915485 0.620250 73.994652 -0.023766 0.163897 0.203332 6.435311 0.022348
10.752025 3.177359 2.933676 0.557602 74.746330 -0.006285 0.153398 0.157800 6.419990 0.026021
10.885025 3.376454 2.911316 0.470900 75.605659 0.014962 0.127701 0.112585 6.410543 0.027982
11.002026 3.554080 2.862412 0.383469 76.348389 0.033183 0.099139 0.082224 6.402677 0.026601
11.135026 3.758924 2.758378 0.267509 77.204514 0.055733 0.061720 0.050072 6.383976 0.027100
11.252027 3.941765 2.645627 0.162449 77.943863 0.076319 0.028777 0.026063 6.373665 0.028372
11.385027 4.157356 2.490944 0.068939 78.796791 0.101550 -0.005293 0.010543 6.369786 0.027697
11.502028 4.345865 2.357936 0.010767 79.533669 0.124436 -0.028602 0.011007 6.345410 0.028915
11.636028 4.579273 2.190862 0.069177 80.381004 0.152046 -0.047526 0.014220 6.317015 0.031692
11.752028 4.799186 2.057648 0.159068 81.118286 0.175916 -0.053223 0.001334 6.296856 0.033585
11.886029 5.058040 1.928926 0.284592 81.953629 0.203975 -0.046399 -0.048375 6.271655 0.032984
12.003030 5.285317 1.842115 0.408632 82.685059 0.230535 -0.030870 -0.121350 6.244690 0.034104
12.136030 5.540787 1.800145 0.570211 83.517509 0.261821 -0.003196 -0.229600 6.193407 0.031438
12.253031 5.752639 1.768019 0.714357 84.232300 0.288670 0.024345 -0.329920 6.152034 0.031644
12.386031 5.991015 1.767486 0.910247 85.046547 0.320529 0.056029 -0.437597 6.109041 0.029299
12.503032 6.191133 1.789319 1.145529 85.758652 0.350526 0.081008 -0.505378 6.082688 0.029130
12.636032 6.418497 1.851957 1.369885 86.570152 0.385626 0.103500 -0.534484 6.046104 0.029815
12.753033 6.637208 1.898056 1.546722 87.269798 0.417649 0.116376 -0.513011 6.031037 0.032766
12.887033 6.897833 1.915889 1.771344 88.075172 0.455416 0.119918 -0.443489 6.007632 0.032750
13.003034 7.122252 1.915701 1.982475 88.777306 0.488966 0.115004 -0.357397 6.007926 0.031959
13.137034 7.380947 1.919592 2.291766 89.575493 0.529258 0.100583 -0.238064 6.007063 0.034250
13.253035 7.626103 1.925083 2.581447 90.277031 0.565449 0.083649 -0.117979 6.000771 0.035685
13.387035 7.912207 1.947546 2.898659 91.072884 0.607190 0.061913 0.023232 5.988521 0.035966
13.504036 8.170602 1.978305 3.197437 91.771873 0.646445 0.040933 0.133971 5.976732 0.038117
13.637036 8.483744 2.035874 3.439469 92.565498 0.689969 0.020144 0.223811 5.969792 0.040305
13.754037 8.772646 2.104273 3.668847 93.261726 0.728618 0.006118 0.271549 5.955232 0.042700
13.887037 9.112333 2.207416 3.916315 94.056107 0.775304 -0.005121 0.312015 5.928574 0.044672
14.005037 9.437086 2.322742 4.085118 94.752548 0.818276 -0.008878 0.352805 5.899147 0.046816
14.138038 9.821560 2.471032 4.181913 95.531937 0.867752 -0.006102 0.410431 5.849999 0.050479
14.255038 10.158281 2.586132 4.206948 96.212372 0.913174 0.001704 0.465741 5.814432 0.050646
14.389039 10.554111 2.697895 4.194074 96.980850 0.966783 0.014126 0.519719 5.773437 0.052167
14.506040 10.912923 2.777528 4.141313 97.652718 1.016434 0.025734 0.552087 5.743936 0.054544
14.639040 11.337596 2.846823 4.047787 98.412376 1.077424 0.038289 0.564639 5.719844 0.057560
14.756041 11.717760 2.877944 3.960255 99.078171 1.133623 0.046993 0.548181 5.702277 0.057637
14.889041 12.160651 2.893369 3.861245 99.832649 1.199969 0.053340 0.495995 5.689021 0.060391
15.006042 12.562262 2.877413 3.728460 100.494919 1.260747 0.055764 0.424373 5.679898 0.061153
15.139042 13.039732 2.833754 3.582242 101.252960 1.334161 0.055090 0.319312 5.683129 0.063035
15.256042 13.454577 2.782859 3.487844 101.914482 1.401601 0.052062 0.208890 5.684244 0.062177
15.389043 13.922365 2.719988 3.398361 102.666656 1.481154 0.047764 0.060571 5.691211 0.062148
15.507044 14.351901 2.676395 3.345480 103.328423 1.554821 0.042458 -0.088935 5.694964 0.065559
15.640044 14.858633 2.642903 3.315923 104.081329 1.642968 0.035517 -0.262141 5.702131 0.068951
15.756044 15.325043 2.605074 3.334365 104.743149 1.724104 0.030069 -0.395312 5.703676 0.071110
15.890045 15.865522 2.601470 3.388059 105.496689 1.817634 0.027311 -0.504757 5.714375 0.070050
16.007046 16.340960 2.640867 3.461102 106.159500 1.902461 0.025381 -0.564010 5.711798 0.070908
16.140049 16.885612 2.715448 3.549067 106.911240 2.004103 0.024308 -0.601671 5.699576 0.071664
16.257051 17.368315 2.836590 3.604859 107.570534 2.097239 0.025009 -0.621556 5.682655 0.072745
16.390055 17.943966 2.992712 3.710800 108.317032 2.206036 0.027187 -0.634258 5.669229 0.076602
16.507057 18.454655 3.148813 3.802623 108.971359 2.305770 0.030916 -0.632491 5.647284 0.075740
16.640060 19.038713 3.338719 3.932643 109.716736 2.425224 0.036063 -0.605985 5.621537 0.075116
16.757063 19.540897 3.465672 4.035248 110.358589 2.531745 0.038723 -0.558214 5.600776 0.074404
16.891066 20.132992 3.584643 4.160176 111.096970 2.658777 0.039932 -0.474521 5.583742 0.077916
17.007069 20.673485 3.679503 4.287766 111.738770 2.773519 0.039614 -0.380299 5.564662 0.079060
17.141071 21.306116 3.751204 4.466407 112.465950 2.909772 0.039887 -0.251523 5.556947 0.082479
17.258074 21.875460 3.771917 4.635566 113.103294 3.033458 0.039710 -0.117862 5.549472 0.083275
17.391077 22.530775 3.751683 4.824452 113.827812 3.176655 0.037659 0.055878 5.556354 0.085808
17.508080 23.129379 3.710891 4.981096 114.464836 3.306476 0.036801 0.221634 5.558547 0.089150
17.641083 23.835381 3.674736 5.142499 115.188248 3.458531 0.036491 0.403214 5.558730 0.092060
17.758085 24.468014 3.647077 5.336888 115.823944 3.595594 0.036943 0.534661 5.560934 0.093199
17.891088 25.201719 3.608556 5.576621 116.550606 3.757863 0.038300 0.638165 5.558682 0.093040
18.008091 25.850531 3.575743 5.747251 117.184189 3.903270 0.041611 0.685988 5.555250 0.095856
18.142094 26.586145 3.562541 6.005214 117.902435 4.074155 0.045313 0.700162 5.551769 0.093760
18.258097 27.218164 3.567884 6.273833 118.532982 4.228789 0.049835 0.681853 5.547376 0.091175
18.392099 27.928770 3.605671 6.577128 119.247276 4.409746 0.056521 0.627754 5.531786 0.091565
18.509102 28.568186 3.659102 6.795109 119.873192 4.572352 0.064074 0.554174 5.522456 0.094413
18.642105 29.309008 3.736187 7.049730 120.581924 4.760008 0.073398 0.454746 5.504912 0.095812
18.759108 29.964642 3.816414 7.273758 121.202744 4.928288 0.081939 0.364476 5.491332 0.096331
18.892111 30.728205 3.923304 7.571071 121.904404 5.122612 0.092078 0.262471 5.462352 0.096992
19.009113 31.404547 4.022987 7.872783 122.517113 5.296383 0.101241 0.166955 5.431432 0.097533
19.126116 32.081783 4.096143 8.179935 123.125534 5.473755 0.108490 0.061931 5.410398 0.097419
19.259119 32.864620 4.167571 8.543168 123.813187 5.678557 0.115465 -0.065964 5.382831 0.100550
19.376122 33.555836 4.214405 8.840840 124.414299 5.861594 0.121072 -0.174331 5.361747 0.098975
19.510124 34.343670 4.240592 9.152910 125.098251 6.075898 0.126455 -0.289512 5.339229 0.100033
19.626127 35.033154 4.232608 9.456169 125.686272 6.266378 0.130779 -0.377336 5.321057 0.100386
19.760130 35.830139 4.209347 9.812572 126.362450 6.491720 0.136105 -0.464229 5.314949 0.099376
19.876133 36.510536 4.167505 10.117745 126.950424 6.693177 0.141389 -0.521120 5.314632 0.097396
20.010136 37.262840 4.104465 10.420697 127.616676 6.927854 0.150736 -0.562050 5.308618 0.095883
20.126139 37.921368 4.041299 10.650232 128.200409 7.138924 0.160380 -0.581519 5.298633 0.097416
20.260141 38.688850 3.966687 10.913275 128.866974 7.384911 0.173717 -0.595535 5.303940 0.098254
20.377144 39.356819 3.918129 11.136652 129.441986 7.600904 0.186304 -0.600898 5.288400 0.097703
20.510147 40.117065 3.890398 11.413791 130.103149 7.854484 0.202920 -0.587890 5.281308 0.095532
20.627150 40.765961 3.876832 11.609309 130.673843 8.075811 0.219723 -0.546795 5.269656 0.096335
20.760153 41.517303 3.887346 11.807440 131.330597 8.334326 0.238653 -0.453844 5.264894 0.095846
20.877155 42.163261 3.915928 11.968920 131.901230 8.563369 0.254886 -0.333318 5.248566 0.093106
21.011158 42.871117 3.927234 12.152695 132.545319 8.828720 0.272604 -0.153024 5.227699 0.091082
21.127161 43.490921 3.916944 12.327289 133.108459 9.066141 0.287273 0.031464 5.219876 0.090051
21.261164 44.190720 3.889721 12.554027 133.746124 9.340115 0.303654 0.255323 5.219058 0.089042
21.377167 44.790848 3.868287 12.719755 134.304901 9.584529 0.314195 0.435175 5.209506 0.086116
21.511169 45.445740 3.847178 12.909257 134.936768 9.866006 0.323848 0.597738 5.197191 0.083107
21.628172 46.004269 3.838479 13.040395 135.489822 10.116831 0.331050 0.683672 5.188574 0.081170
21.761175 46.625496 3.838218 13.141461 136.116272 10.405232 0.338520 0.711825 5.183701 0.080646
21.878178 47.168785 3.841686 13.201230 136.665314 10.662478 0.344199 0.682151 5.180264 0.081448
22.011181 47.768723 3.852884 13.242041 137.286453 10.959179 0.352263 0.604258 5.174001 0.076481
22.128183 48.274895 3.874465 13.265720 137.830887 11.223412 0.360188 0.519753 5.176198 0.073930
22.262186 48.823326 3.875172 13.203662 138.453842 11.528131 0.369311 0.419943 5.171498 0.071130
22.378189 49.288536 3.855612 13.139401 138.995483 11.797566 0.378078 0.336675 5.170376 0.070310
22.512192 49.815178 3.816581 13.131389 139.608246 12.106587 0.388318 0.243032 5.151505 0.067754
22.628195 50.275486 3.776824 13.195189 140.144150 12.381004 0.398484 0.161610 5.138839 0.068850
22.762197 50.785389 3.722798 13.240418 140.751892 12.695426 0.408645 0.080456 5.148748 0.065488
22.879200 51.219112 3.669738 13.283052 141.285141 12.974798 0.416368 0.027110 5.135505 0.064211
23.012203 51.709888 3.580961 13.366941 141.886627 13.295872 0.424891 -0.012631 5.123981 0.062940
23.129206 52.137012 3.482009 13.475642 142.412781 13.582067 0.431356 -0.040931 5.115906 0.062200
23.262209 52.608212 3.343591 13.532538 143.011017 13.914184 0.435646 -0.087449 5.098069 0.060300
23.379211 52.997993 3.212646 13.569031 143.525223 14.205256 0.436054 -0.152814 5.088175 0.057240
23.512215 53.437946 3.046756 13.626201 144.115097 14.544810 0.437315 -0.258727 5.072431 0.055254
23.629217 53.803432 2.891326 13.697458 144.626266 14.845238 0.440579 -0.368402 5.069614 0.052129
23.763220 54.191536 2.718748 13.750122 145.204300 15.192195 0.443592 -0.487719 5.077210 0.048599
23.880222 54.498310 2.582981 13.758480 145.710648 15.501879 0.445709 -0.569637 5.075740 0.044469
24.013226 54.830112 2.455229 13.687062 146.284088 15.858360 0.449122 -0.622176 5.073698 0.043699
24.129229 55.108437 2.354028 13.554420 146.785385 16.176250 0.452338 -0.631818 5.071751 0.040453
24.263231 55.399174 2.254008 13.341199 147.352219 16.543039 0.455865 -0.607695 5.081283 0.037936
24.380234 55.629265 2.195955 13.150459 147.847794 16.869915 0.458106 -0.561377 5.075858 0.034333
24.513237 55.871006 2.164051 12.933146 148.411743 17.249886 0.459763 -0.484916 5.071935 0.030674
24.630239 56.058422 2.185724 12.724856 148.900131 17.587069 0.458797 -0.397938 5.070091 0.027640
24.763243 56.242905 2.237136 12.398271 149.452744 17.974665 0.455944 -0.275837 5.076390 0.024910
24.880245 56.387653 2.290250 12.086866 149.931946 18.317465 0.451693 -0.146810 5.082891 0.022774
25.013248 56.528820 2.351159 11.704133 150.482697 18.718809 0.444090 0.021798 5.087845 0.017344
25.130251 56.617485 2.378751 11.420647 150.960022 19.075151 0.435096 0.174424 5.095270 0.013846
25.264254 56.685532 2.414469 11.109596 151.499756 19.487410 0.422583 0.335753 5.112423 0.008917
25.381256 56.713814 2.445799 10.814785 151.974091 19.854269 0.410027 0.455838 5.133615 0.004280
25.514259 56.718792 2.441347 10.484612 152.510803 20.276268 0.393528 0.564036 5.131679 0.000646
25.631262 56.710293 2.415021 10.247116 152.980072 20.652754 0.377514 0.635026 5.153035 -0.001092
25.764265 56.673416 2.388388 9.895059 153.513046 21.086416 0.358341 0.682261 5.173827 -0.004658
25.881268 56.625515 2.316123 9.590335 153.979645 21.473202 0.340140 0.688629 5.185907 -0.007124
26.014271 56.536461 2.227023 9.220993 154.511185 21.922560 0.320026 0.648120 5.202577 -0.011789
26.131273 56.419918 2.153994 8.849761 154.970551 22.317129 0.304835 0.573512 5.228466 -0.017339
26.265276 56.253895 2.050366 8.381008 155.500870 22.778576 0.291548 0.453103 5.256616 -0.019993
26.381279 56.094929 1.938778 7.973020 155.962845 23.187935 0.280023 0.333278 5.285864 -0.022876
26.515282 55.883247 1.807273 7.528707 156.486237 23.661392 0.268729 0.202061 5.324035 -0.028383
26.632284 55.661846 1.680339 7.089972 156.946732 24.083904 0.259876 0.106788 5.353865 -0.032021
26.765287 55.388588 1.530892 6.549731 157.470154 24.569883 0.249541 0.030271 5.385889 -0.034758
26.882290 55.136280 1.405316 6.038708 157.929993 25.003284 0.240984 -0.015043 5.411831 -0.036208
27.015293 54.833149 1.282623 5.458543 158.452408 25.503084 0.232788 -0.055268 5.450854 -0.039322
27.132296 54.543262 1.194896 4.971165 158.912399 25.948751 0.224983 -0.095424 5.486993 -0.043257
27.265299 54.187149 1.134709 4.379906 159.439117 26.465771 0.213268 -0.163604 5.527864 -0.046248
27.382301 53.858372 1.109140 3.877066 159.895905 26.919058 0.200298 -0.251790 5.562641 -0.048707
27.516304 53.456028 1.098398 3.292134 160.424652 27.449255 0.185276 -0.384305 5.609327 -0.053046
27.632307 53.082500 1.073405 2.807977 160.887573 27.917883 0.171469 -0.507045 5.643631 -0.054514
27.766310 52.635738 1.073769 2.258105 161.415634 28.457674 0.153885 -0.617673 5.700162 -0.059784
27.882313 52.212196 1.115265 1.732285 161.882782 28.937490 0.137463 -0.671090 5.742249 -0.063649
28.016315 51.687695 1.170867 1.084677 162.415146 29.488560 0.119207 -0.681970 5.777366 -0.068559
28.133318 51.201244 1.243638 0.623311 162.882965 29.978291 0.105399 -0.659793 5.799050 -0.073105
28.266321 50.624157 1.331549 0.142027 163.415665 30.539902 0.093073 -0.604763 5.836536 -0.076448
28.383324 50.108692 1.410624 -0.197906 163.885376 31.038216 0.085541 -0.522470 5.863217 -0.075563
28.517326 49.509380 1.504812 -0.505037 164.425125 31.613674 0.081222 -0.385309 5.916598 -0.079017
28.633329 48.966434 1.592505 -0.691160 164.895966 32.116795 0.082143 -0.237436 5.956597 -0.082334
28.766333 48.311256 1.701480 -0.853085 165.444016 32.702259 0.088684 -0.058610 6.004943 -0.086047
28.883335 47.730652 1.774778 -0.942586 165.925156 33.217346 0.095936 0.088925 6.037006 -0.087027
29.017338 47.070515 1.837914 -1.004218 166.475861 33.806782 0.103253 0.237028 6.086924 -0.085860
29.133341 46.489513 1.883078 -1.028033 166.965149 34.328876 0.107529 0.348596 6.134670 -0.086516
29.267344 45.830845 1.931077 -0.943667 167.525009 34.928627 0.112880 0.454159 6.191212 -0.086463
29.384346 45.248943 1.968340 -0.814006 168.021912 35.458931 0.116762 0.528693 6.227022 -0.088146
29.517349 44.579403 2.005170 -0.578934 168.591904 36.064144 0.119139 0.598888 6.272512 -0.088938
29.634352 43.981167 2.030005 -0.375867 169.099594 36.598415 0.120596 0.650887 6.314593 -0.091206
29.751354 43.359646 2.069103 -0.190397 169.611649 37.135452 0.121815 0.688346 6.357576 -0.095936
29.884357 42.628094 2.101792 0.051670 170.199554 37.747314 0.122628 0.697185 6.391549 -0.096052
30.001360 41.992012 2.147178 0.250358 170.721863 38.285053 0.123444 0.665429 6.416509 -0.095765
30.134363 41.269379 2.224934 0.387363 171.327545 38.896740 0.126356 0.577870 6.431350 -0.094152
30.251366 40.651649 2.319447 0.483160 171.857849 39.424107 0.130252 0.467687 6.457498 -0.092522
30.384369 39.946941 2.431262 0.617774 172.476074 40.032749 0.136765 0.311062 6.483319 -0.092288
30.501371 39.336998 2.526068 0.720088 173.015594 40.559200 0.144484 0.165446 6.508964 -0.092087
30.635374 38.637360 2.627219 0.816263 173.644623 41.166046 0.152722 -0.002268 6.532309 -0.091288
30.751377 38.033108 2.734556 0.864419 174.199539 41.693253 0.160844 -0.134613 6.546458 -0.090842
30.885380 37.341736 2.853771 0.916564 174.838104 42.288555 0.169856 -0.264672 6.571740 -0.090365
31.001383 36.737617 2.957072 0.917705 175.406326 42.808681 0.179134 -0.357502 6.592198 -0.089138
31.135386 36.062668 3.080248 0.927608 176.057861 43.395733 0.190800 -0.443758 6.595643 -0.089122
31.252388 35.467625 3.186437 0.902398 176.635025 43.908577 0.201462 -0.504156 6.600738 -0.088347
31.385391 34.820232 3.311756 0.878961 177.297089 44.487289 0.213688 -0.557150 6.618083 -0.082491
31.503393 34.270454 3.413741 0.866434 177.889954 44.996933 0.225516 -0.585670 6.635482 -0.080724
31.636396 33.669537 3.523157 0.836465 178.570633 45.570301 0.238782 -0.592957 6.649661 -0.076550
31.753399 33.178154 3.605544 0.760454 179.166260 46.062119 0.249113 -0.576538 6.670770 -0.071656
31.886402 32.644615 3.682242 0.657165 179.862503 46.627213 0.257628 -0.540112 6.702018 -0.068345
32.004402 32.175606 3.746281 0.533951 180.475830 47.117626 0.263769 -0.500326 6.720135 -0.069592
32.137390 31.645500 3.810373 0.328255 181.181122 47.671566 0.267739 -0.445262 6.752885 -0.066390
32.253380 31.188478 3.865700 0.141540 181.807114 48.155746 0.268505 -0.379473 6.773049 -0.066859
32.387371 30.664644 3.906981 -0.092376 182.530273 48.707043 0.267926 -0.274624 6.788622 -0.066261
32.504360 30.219223 3.932711 -0.348336 183.161423 49.179722 0.268039 -0.158004 6.805371 -0.063761
32.637348 29.725048 3.956981 -0.650367 183.891495 49.718445 0.268419 -0.005450 6.835215 -0.060767
32.754337 29.303335 3.983873 -0.854551 184.538055 50.190311 0.270657 0.137309 6.847391 -0.060442
32.887325 28.834143 3.992987 -1.111760 185.285400 50.725437 0.274782 0.298947 6.867363 -0.056647
33.004314 28.436497 3.992154 -1.377570 185.937363 51.185608 0.277886 0.428313 6.889050 -0.056559
33.137302 27.989592 3.972052 -1.602829 186.696640 51.714355 0.284040 0.547563 6.912747 -0.055789
33.254292 27.606852 3.950232 -1.762585 187.365250 52.171192 0.290932 0.613087 6.927775 -0.055579
33.388279 27.172012 3.910112 -1.861571 188.130692 52.685234 0.299834 0.636780 6.945138 -0.057029
33.505268 26.798714 3.865719 -1.915225 188.810699 53.133183 0.308999 0.618032 6.967656 -0.054774
33.638256 26.399109 3.828937 -1.861105 189.590729 53.637562 0.318129 0.566850 6.995874 -0.051573
33.755245 26.070814 3.813200 -1.747715 190.282959 54.078709 0.325254 0.506344 7.030516 -0.048921
33.888233 25.708759 3.804551 -1.654906 191.077698 54.575066 0.332398 0.426969 7.055846 -0.046951
34.005222 25.411293 3.826519 -1.549500 191.781662 55.007973 0.336985 0.351196 7.071211 -0.044750
34.138210 25.084913 3.863743 -1.468551 192.593979 55.499653 0.340579 0.265077 7.099542 -0.042110
34.255199 24.810915 3.899865 -1.442540 193.303940 55.919662 0.340360 0.197021 7.122472 -0.042392
34.389187 24.488712 3.967540 -1.353922 194.129959 56.403111 0.336211 0.130985 7.157335 -0.043758
34.505177 24.211454 4.042694 -1.224478 194.849106 56.819412 0.330331 0.074385 7.166004 -0.043475
34.639164 23.891346 4.154809 -1.092727 195.684341 57.295147 0.322388 -0.005396 7.182923 -0.042325
34.756153 23.615961 4.264101 -1.009226 196.417358 57.705872 0.314616 -0.097788 7.182015 -0.043262
34.889141 23.294851 4.371150 -0.907382 197.254196 58.168430 0.306087 -0.221094 7.189099 -0.043793
35.006130 23.007212 4.457246 -0.822560 197.993317 58.570549 0.301129 -0.328537 7.189773 -0.044503
35.139118 22.683390 4.548469 -0.667594 198.835892 59.022007 0.298559 -0.427098 7.184432 -0.042971
35.256107 22.397032 4.602099 -0.597283 199.579254 59.413013 0.299604 -0.482689 7.173155 -0.044375
35.389095 22.069080 4.648684 -0.561669 200.434235 59.853268 0.303095 -0.507514 7.179983 -0.041800
35.506084 21.786995 4.684987 -0.562122 201.184555 60.231842 0.307211 -0.502024 7.188189 -0.041095
35.639072 21.457697 4.715674 -0.630501 202.042007 60.656296 0.313460 -0.477482 7.200356 -0.044405
35.756062 21.162533 4.717188 -0.635387 202.794754 61.022495 0.317104 -0.446147 7.229783 -0.045431
35.890049 20.826788 4.677526 -0.547465 203.669449 61.442066 0.321673 -0.396259 7.246822 -0.045230
36.006039 20.521397 4.627554 -0.494334 204.437378 61.803585 0.323814 -0.337162 7.258726 -0.045873
36.140026 20.173216 4.537940 -0.484005 205.316605 62.209167 0.323426 -0.255726 7.295018 -0.044618
36.256016 19.888737 4.445971 -0.476797 206.094803 62.562366 0.321469 -0.179380 7.313572 -0.042404
36.390003 19.550293 4.321969 -0.445967 206.985657 62.959057 0.316705 -0.097441 7.350623 -0.045825
36.506992 19.247688 4.236561 -0.396404 207.773819 63.304455 0.310362 -0.027165 7.361041 -0.045636
36.639980 18.910740 4.148606 -0.280873 208.679153 63.697422 0.301504 0.057394 7.373480 -0.043998
36.756969 18.627943 4.089433 -0.154489 209.466507 64.032616 0.292875 0.133008 7.385139 -0.042731
36.889957 18.300577 4.054644 -0.083361 210.379486 64.414833 0.281808 0.208874 7.379176 -0.043785
37.006947 18.003145 4.075773 -0.121434 211.176178 64.742416 0.272214 0.255964 7.347293 -0.043595
37.140934 17.668329 4.127294 -0.085903 212.079819 65.110291 0.262649 0.287483 7.323594 -0.044906
37.256924 17.383951 4.187997 0.011221 212.872330 65.429207 0.257240 0.304375 7.283205 -0.041618
37.390911 17.070099 4.278009 0.068811 213.771072 65.784378 0.254718 0.317598 7.244922 -0.041697
37.506901 16.794018 4.368248 0.110433 214.559219 66.090813 0.255182 0.322002 7.210503 -0.041776
37.640888 16.507673 4.438771 0.217872 215.451141 66.430908 0.255876 0.313172 7.156821 -0.037109
37.757877 16.260017 4.476296 0.301795 216.231552 66.724075 0.257436 0.291999 7.103861 -0.038158
37.891865 15.974882 4.468918 0.267747 217.123108 67.052231 0.260395 0.254483 7.082828 -0.035928
38.007854 15.739602 4.401935 0.209694 217.894333 67.331871 0.264703 0.217726 7.058019 -0.034423
38.140842 15.470159 4.288944 0.061598 218.784897 67.646088 0.271288 0.178172 7.037373 -0.032979
38.257832 15.238690 4.140984 -0.069012 219.561584 67.916992 0.278455 0.148775 7.023022 -0.032817
38.391819 14.986648 3.910697 -0.187736 220.443588 68.221527 0.286315 0.116565 7.015649 -0.030944
38.507809 14.782237 3.669879 -0.254416 221.219772 68.487541 0.292739 0.077801 7.009957 -0.029321
38.641796 14.546535 3.387833 -0.343242 222.103409 68.785881 0.300847 0.014859 7.018005 -0.028761
38.758785 14.353249 3.124944 -0.380392 222.882919 69.046356 0.308192 -0.052095 7.029501 -0.028093
38.875774 14.170321 2.865125 -0.377223 223.665329 69.304413 0.314646 -0.116477 7.043201 -0.025215
39.008762 13.986259 2.578219 -0.378625 224.557648 69.592705 0.322332 -0.174223 7.056275 -0.023289
39.141750 13.803176 2.335814 -0.426584 225.452560 69.875450 0.329192 -0.211429 7.059501 -0.023818
39.258739 13.644596 2.156271 -0.425616 226.241959 70.120186 0.332315 -0.233033 7.066783 -0.023796
39.375729 13.494606 2.005813 -0.395221 227.033356 70.362473 0.335501 -0.244998 7.081607 -0.020989
39.508717 13.328903 1.867850 -0.411491 227.943146 70.636436 0.338355 -0.241048 7.098179 -0.021110
39.625706 13.189597 1.795270 -0.426780 228.739838 70.872101 0.338013 -0.215518 7.106395 -0.019354
39.759693 13.045127 1.766301 -0.440600 229.648254 71.135597 0.335016 -0.161587 7.119305 -0.018891
39.875683 12.927711 1.781559 -0.436457 230.441818 71.361122 0.329010 -0.107447 7.108239 -0.016756
40.009670 12.810343 1.827882 -0.349191 231.358688 71.618462 0.319858 -0.054918 7.102240 -0.014732
40.126659 12.722239 1.899223 -0.279869 232.158676 71.839966 0.311929 -0.026518 7.085412 -0.012097
40.259651 12.629384 1.991003 -0.223136 233.066879 72.088425 0.303394 -0.006504 7.072537 -0.012514
40.375641 12.547115 2.072080 -0.126577 233.864822 72.303185 0.294851 0.012613 7.050652 -0.012556
40.509628 12.474854 2.139426 -0.012341 234.770599 72.544075 0.283000 0.041167 7.041174 -0.008584
40.626617 12.420415 2.154103 0.183555 235.566467 72.753189 0.274511 0.066825 7.026503 -0.009585
40.759605 12.362527 2.141492 0.399521 236.470535 72.987076 0.268102 0.089144 7.018822 -0.007611
40.876595 12.318021 2.105859 0.512093 237.265411 73.189278 0.264575 0.101050 7.010409 -0.006883
41.009583 12.268680 2.025107 0.609635 238.175644 73.417755 0.261607 0.110531 7.000758 -0.006778
41.126572 12.229391 1.911649 0.722918 238.963806 73.612823 0.261536 0.114615 6.997534 -0.007306
41.260559 12.175265 1.731001 0.890535 239.875046 73.834885 0.265307 0.110802 7.006379 -0.008514
41.376549 12.127300 1.545336 1.057416 240.673111 74.026810 0.270466 0.094418 7.017880 -0.008145
41.510540 12.054347 1.318873 1.187532 241.589218 74.245972 0.281000 0.061642 7.033261 -0.011727
41.626541 11.975140 1.121215 1.290423 242.391312 74.435440 0.293317 0.025680 7.050842 -0.012158
41.760529 11.886335 0.913449 1.412357 243.299469 74.647827 0.308558 -0.012029 7.075564 -0.011747
41.877522 11.795031 0.754025 1.463424 244.148865 74.844322 0.322704 -0.037976 7.090380 -0.012392
42.010509 11.705492 0.624066 1.468419 245.027435 75.045410 0.338751 -0.053248 7.103334 -0.012342
42.127502 11.612164 0.543824 1.436537 245.839127 75.229301 0.351174 -0.065670 7.113197 -0.014451
42.260490 11.496857 0.491527 1.328347 246.769943 75.437675 0.362430 -0.087438 7.126432 -0.015311
42.377480 11.382740 0.481739 1.261711 247.577377 75.616928 0.368140 -0.113839 7.131458 -0.016829
42.501476 11.246652 0.531024 1.181591 248.420258 75.802414 0.370068 -0.140018 7.136726 -0.021119
42.632469 11.082930 0.633479 1.112022 249.362000 76.008339 0.366169 -0.158503 7.137772 -0.019993
42.761463 10.919312 0.808321 1.024199 250.255188 76.201378 0.359657 -0.167714 7.140887 -0.020475
42.878452 10.764773 0.996301 0.931037 251.071884 76.376541 0.349608 -0.175320 7.138032 -0.023027
43.011440 10.591149 1.227356 0.840696 251.998993 76.574600 0.334747 -0.180233 7.123048 -0.023394
43.128433 10.423771 1.430012 0.731184 252.827194 76.750725 0.318012 -0.167436 7.109012 -0.024695
43.262421 10.229665 1.638130 0.587602 253.744476 76.943901 0.299594 -0.121002 7.094830 -0.024848
43.378410 10.056795 1.809284 0.424017 254.549637 77.110382 0.285612 -0.056724 7.083270 -0.024921
43.515404 9.861010 1.975281 0.267183 255.506241 77.305420 0.271501 0.027078 7.068891 -0.023485
43.632393 9.694561 2.114568 0.173419 256.309601 77.465866 0.264648 0.090824 7.056081 -0.024990
43.766380 9.490183 2.227030 0.153981 257.236572 77.648361 0.262562 0.153625 7.048093 -0.027033
43.883369 9.314260 2.294086 0.137527 258.045593 77.804924 0.265044 0.201977 7.036901 -0.025540
44.016361 9.122507 2.329806 0.115031 258.964355 77.980209 0.271525 0.252026 7.033483 -0.024729
44.132351 8.951984 2.338077 0.075503 259.773254 78.132111 0.281689 0.291000 7.039178 -0.025298
44.266346 8.756341 2.315308 0.052952 260.695221 78.303139 0.296798 0.324054 7.056871 -0.024722
44.384338 8.593364 2.259329 0.069891 261.514771 78.450981 0.308933 0.341006 7.057661 -0.023635
44.500328 8.434731 2.165009 0.109153 262.321747 78.592445 0.319653 0.341354 7.069590 -0.024522
44.634323 8.260786 2.026188 0.209726 263.248840 78.752945 0.330890 0.318386 7.075948 -0.022417
44.751320 8.112383 1.913581 0.317681 264.065674 78.891457 0.339956 0.279486 7.089288 -0.022719
44.883308 7.938712 1.802943 0.457866 265.004974 79.046516 0.347709 0.224562 7.115975 -0.022925
45.000301 7.793504 1.705357 0.611485 265.828308 79.180595 0.350374 0.174353 7.134241 -0.021267
45.133293 7.627531 1.595584 0.765909 266.767609 79.329147 0.348003 0.111368 7.160195 -0.023054
45.250282 7.478789 1.511260 0.941418 267.597168 79.458977 0.342709 0.044318 7.186165 -0.022778
45.384277 7.313866 1.435478 1.135999 268.544281 79.605400 0.334153 -0.054219 7.218061 -0.021733
45.501270 7.168028 1.392040 1.286871 269.394379 79.736122 0.324505 -0.156310 7.232288 -0.021446
45.630268 7.014275 1.367499 1.402135 270.303986 79.872734 0.311366 -0.265343 7.247419 -0.020649
45.763260 6.866648 1.375329 1.558092 271.265778 80.016289 0.295610 -0.360728 7.262544 -0.019958
45.880253 6.721200 1.421975 1.708232 272.098785 80.137985 0.282160 -0.416754 7.257285 -0.023373
46.013241 6.557673 1.516808 1.834968 273.061493 80.274788 0.269030 -0.443644 7.253288 -0.020913
46.130230 6.436105 1.627790 1.875806 273.893585 80.392166 0.259154 -0.440786 7.236603 -0.015959
46.330223 6.335307 1.786338 1.864548 274.731659 80.507439 0.253641 -0.422329 7.224402 -0.014158
46.377220 6.205890 2.002310 1.736957 275.663910 80.632187 0.248140 -0.394331 7.239395 -0.017627
46.510208 6.079593 2.255976 1.585320 276.624176 80.760147 0.245579 -0.360649 7.224642 -0.014183
46.627197 5.982135 2.488418 1.436729 277.454468 80.869118 0.246137 -0.324426 7.213662 -0.012569
46.760185 5.884109 2.731101 1.284828 278.412262 80.993919 0.248113 -0.263362 7.201981 -0.011275
46.884178 5.828126 2.894926 1.199597 279.126160 81.085556 0.250113 -0.202702 7.197918 -0.007379
47.011169 5.750846 3.095950 0.984406 280.197021 81.217415 0.253438 -0.089116 7.192131 -0.006640
47.128159 5.696969 3.218210 0.831770 281.032623 81.319901 0.256649 0.004574 7.197738 -0.006762
47.261147 5.651352 3.327363 0.702447 281.983978 81.434982 0.258525 0.103065 7.208766 -0.003811
47.378136 5.615453 3.408926 0.559710 282.822723 81.533836 0.259885 0.180618 7.224073 -0.003956
47.511127 5.587525 3.467964 0.375978 283.778015 81.644424 0.258417 0.261660 7.233640 -0.000996
47.628117 5.580608 3.498117 0.239210 284.619995 81.740723 0.254487 0.331680 7.255001 0.000608
47.762112 5.588848 3.509315 0.072345 285.594971 81.850136 0.245796 0.407205 7.277131 0.003351
47.878101 5.598938 3.517863 -0.110652 286.427582 81.941612 0.233251 0.457125 7.288651 0.002149
48.011093 5.613570 3.515660 -0.317495 287.399323 82.046829 0.215834 0.487681 7.298336 0.005114
48.128082 5.636059 3.534577 -0.426845 288.249023 82.139534 0.198680 0.484767 7.308734 0.004020
48.262070 5.654288 3.576118 -0.533836 289.214752 82.243507 0.176951 0.450556 7.296263 0.002518
48.378059 5.679214 3.624079 -0.582623 290.061371 82.333641 0.158184 0.397310 7.260705 0.005438
48.512047 5.727200 3.693445 -0.534468 291.020233 82.435547 0.139838 0.317706 7.236378 0.006487
48.629036 5.774717 3.737913 -0.441963 291.860107 82.523384 0.127367 0.235063 7.205013 0.005650
48.762028 5.821646 3.770034 -0.285549 292.810364 82.620789 0.118043 0.135342 7.160154 0.004798
48.879017 5.871183 3.789118 -0.083908 293.640503 82.706543 0.115083 0.050133 7.110464 0.004705
49.013012 5.936472 3.784531 0.176584 294.585205 82.804176 0.117996 -0.034512 7.074643 0.007311
49.130001 6.009124 3.755738 0.405047 295.406342 82.887802 0.123719 -0.091702 7.046449 0.008991
49.263988 6.128873 3.683506 0.707766 296.343933 82.982552 0.132376 -0.139311 7.017478 0.015547
49.379978 6.250858 3.621330 0.947801 297.159515 83.062935 0.140757 -0.176099 7.000284 0.016170
49.513966 6.373948 3.537014 1.156930 298.085388 83.153709 0.149643 -0.224225 6.990420 0.013318
49.629955 6.475083 3.457552 1.351864 298.898926 83.234642 0.155858 -0.276208 6.984214 0.013522
49.764946 6.600029 3.368545 1.569047 299.823303 83.326942 0.161544 -0.339560 6.990119 0.016362
49.880936 6.730796 3.287703 1.709404 300.637238 83.407036 0.163771 -0.393477 6.996882 0.019567
50.013924 6.879455 3.222291 1.820655 301.562531 83.496796 0.164876 -0.443940 6.987494 0.019115
50.130913 7.006429 3.183339 1.877290 302.376038 83.574165 0.163787 -0.471156 6.980236 0.019172
50.263901 7.164306 3.150973 1.913197 303.298645 83.660645 0.158874 -0.471524 6.958315 0.019800
50.380890 7.294634 3.133939 1.939469 304.114838 83.738167 0.149452 -0.440577 6.940690 0.018957
50.513878 7.439093 3.143958 1.948304 305.033325 83.825768 0.134016 -0.376601 6.932013 0.019418
50.630867 7.563297 3.169916 1.906161 305.839264 83.901848 0.119818 -0.303725 6.900962 0.019506
50.764854 7.710613 3.197163 1.801500 306.752716 83.988205 0.102517 -0.206582 6.887502 0.020507
50.880844 7.844479 3.227298 1.705743 307.553406 84.065163 0.086653 -0.109968 6.869119 0.019800
51.014832 8.003556 3.254590 1.605184 308.466705 84.155853 0.071682 0.010434 6.834968 0.020263
51.130825 8.134117 3.263921 1.506730 309.254822 84.234238 0.061131 0.113177 6.818752 0.020768
51.264816 8.298935 3.278634 1.367225 310.155212 84.322220 0.050117 0.210802 6.785687 0.023349
51.381809 8.445419 3.276799 1.228720 310.950134 84.399681 0.042020 0.276705 6.755828 0.022573
51.514797 8.613384 3.235950 1.135412 311.840881 84.488457 0.036250 0.334308 6.709414 0.024495
51.631786 8.780674 3.183546 1.103257 312.613586 84.566124 0.034015 0.381803 6.684964 0.025817
51.749775 8.960972 3.128483 1.094856 313.396210 84.645653 0.034072 0.432106 6.660615 0.025547
51.881763 9.157555 3.029726 1.103480 314.268127 84.732643 0.034333 0.489616 6.625658 0.026959
52.015751 9.371311 2.887488 1.093159 315.149200 84.820053 0.034978 0.536401 6.596522 0.027529
52.131741 9.565681 2.743467 1.181699 315.914917 84.898125 0.035762 0.553908 6.563060 0.028501
52.265728 9.797359 2.564957 1.368558 316.780426 84.989380 0.037758 0.534788 6.527662 0.029854
52.381718 10.001260 2.396643 1.582371 317.538177 85.070793 0.039007 0.480633 6.502498 0.029494
52.499706 10.214756 2.218309 1.811115 318.293091 85.152946 0.039820 0.401062 6.485782 0.030719
52.632694 10.461721 2.033107 2.034233 319.148438 85.247559 0.041754 0.294359 6.459404 0.032163
52.765682 10.719330 1.895841 2.238111 320.000641 85.344574 0.043426 0.181931 6.442009 0.032845
52.882671 10.940447 1.816702 2.376451 320.748413 85.431580 0.044598 0.076185 6.427756 0.031692
52.999660 11.163262 1.756418 2.442724 321.493896 85.519150 0.046919 -0.039110 6.407372 0.033379
53.132648 11.424205 1.747634 2.533354 322.338043 85.620445 0.050367 -0.178449 6.381678 0.033721
53.249638 11.645907 1.791735 2.553387 323.077026 85.710327 0.052460 -0.297699 6.350908 0.032553
53.382626 11.896914 1.895747 2.569702 323.919464 85.814629 0.054434 -0.420940 6.328555 0.032901
53.500618 12.125329 2.021040 2.589798 324.652130 85.907455 0.056398 -0.509996 6.299367 0.035039
53.632610 12.396210 2.196500 2.610518 325.480591 86.014893 0.059029 -0.593482 6.271503 0.035362
53.750603 12.637628 2.376224 2.653806 326.206573 86.111412 0.060774 -0.647823 6.252092 0.035553
53.883598 12.921721 2.589301 2.681531 327.028656 86.223572 0.060708 -0.684742 6.224285 0.037683
53.999592 13.175887 2.777769 2.730541 327.748566 86.323036 0.059366 -0.685674 6.202656 0.037769
54.133579 13.461919 2.955123 2.787637 328.564056 86.436089 0.055421 -0.640998 6.179160 0.035948
54.249573 13.709765 3.072014 2.831926 329.279510 86.537590 0.047633 -0.558124 6.171918 0.035957
54.383560 13.977441 3.148400 2.890372 330.090332 86.654556 0.034734 -0.421306 6.152567 0.033697
54.500549 14.201814 3.170237 3.007380 330.800446 86.760887 0.022120 -0.280182 6.130153 0.031247
54.633541 14.439360 3.179543 3.132922 331.617310 86.887527 0.010257 -0.108434 6.115963 0.030193
54.750534 14.644556 3.167742 3.167141 332.311249 86.995651 0.001731 0.034258 6.101836 0.031522
54.883522 14.905022 3.137734 3.227882 333.117462 87.123650 -0.005989 0.192419 6.084916 0.034693
55.000511 15.146113 3.126791 3.274904 333.814117 87.235077 -0.010928 0.313277 6.078795 0.036817
55.134499 15.435608 3.119127 3.351473 334.616974 87.366570 -0.013355 0.432204 6.066962 0.038265
55.250488 15.707912 3.122797 3.416306 335.317139 87.482506 -0.010819 0.513584 6.064011 0.041810
55.384476 16.024403 3.123134 3.458798 336.111877 87.614136 -0.003847 0.587046 6.050785 0.040872
55.500465 16.303602 3.128016 3.504273 336.809296 87.731514 0.003943 0.631887 6.040640 0.042313
55.634453 16.644258 3.160445 3.536376 337.600922 87.865227 0.016041 0.652342 6.032494 0.046879
55.751442 16.960629 3.195925 3.488202 338.295105 87.983360 0.028005 0.633370 6.016083 0.047887
55.884430 17.319025 3.226425 3.390127 339.088074 88.119240 0.038542 0.568266 5.993721 0.048637
56.001423 17.654346 3.221960 3.384334 339.777710 88.241058 0.044033 0.483055 5.982136 0.050725
56.134411 18.050547 3.216288 3.453115 340.559723 88.381981 0.045767 0.367972 5.974174 0.053316
56.251400 18.403133 3.208100 3.534325 341.247803 88.507423 0.043842 0.260010 5.980258 0.050609
56.385391 18.800631 3.162516 3.648959 342.028748 88.652161 0.036775 0.141938 5.969177 0.051210
56.501381 19.153496 3.098986 3.764241 342.714996 88.781242 0.026948 0.049451 5.969214 0.051997
56.635368 19.564560 3.043885 3.915540 343.494324 88.930656 0.014822 -0.040846 5.957032 0.054102
56.751358 19.924223 3.017992 4.033744 344.177246 89.064598 0.004794 -0.116765 5.943667 0.052365
56.885349 20.348509 3.019140 4.223240 344.962952 89.220985 -0.003903 -0.216774 5.928904 0.052833
57.002342 20.659149 3.039063 4.365386 345.537689 89.336761 -0.008443 -0.300281 5.920472 0.053727
57.135330 21.138817 3.083032 4.619397 346.399384 89.512054 -0.011334 -0.423183 5.893350 0.055327
57.252319 21.520330 3.141114 4.840899 347.073822 89.652405 -0.010734 -0.496923 5.884815 0.054855
57.386307 21.968348 3.241970 5.056841 347.844391 89.815285 -0.007554 -0.543588 5.862861 0.057281
57.502300 22.356260 3.381011 5.203497 348.508484 89.957764 -0.002177 -0.556502 5.846551 0.057518
57.635288 22.814793 3.583197 5.358078 349.270599 90.124596 0.006923 -0.551225 5.807304 0.059282
57.752277 23.221706 3.761357 5.525453 349.932678 90.271858 0.017119 -0.534331 5.796826 0.059606
57.886265 23.706514 3.965162 5.715187 350.682434 90.442085 0.026376 -0.502298 5.770144 0.062592
58.002254 24.141312 4.132449 5.849708 351.338867 90.596596 0.034576 -0.459424 5.760045 0.065584
58.136242 24.648638 4.311569 5.949705 352.082367 90.775734 0.043426 -0.387637 5.742383 0.065891
58.253231 25.105099 4.458749 6.032363 352.733887 90.936050 0.049066 -0.298117 5.729813 0.068084
58.386219 25.642336 4.613660 6.196170 353.478058 91.123466 0.052583 -0.164703 5.725005 0.069126
58.503208 26.113041 4.734366 6.338889 354.121185 91.287720 0.052260 -0.026742 5.718797 0.068724
58.636196 26.667759 4.856682 6.509035 354.863800 91.479218 0.049243 0.143899 5.723139 0.071699
58.753185 27.155823 4.955766 6.601199 355.505646 91.646904 0.045901 0.291190 5.714004 0.072623
58.887173 27.733091 5.048289 6.745701 356.244690 91.844597 0.039660 0.453222 5.703767 0.072844
59.003162 28.233780 5.107934 6.859375 356.887085 92.020958 0.032679 0.580499 5.688759 0.072573
59.137150 28.794746 5.139381 6.976066 357.615662 92.225037 0.024004 0.692170 5.684234 0.073059
59.253139 29.294340 5.138777 7.089200 358.254730 92.406273 0.016288 0.745425 5.672498 0.073539
59.387131 29.871832 5.121195 7.212025 358.984100 92.616165 0.010420 0.740693 5.654474 0.073833
59.504120 30.390190 5.068941 7.365771 359.612946 92.800240 0.009242 0.681416 5.642113 0.078300
59.637108 31.005846 4.993926 7.588840 360.335815 93.016479 0.014671 0.566934 5.623659 0.077426
59.754097 31.545933 4.919737 7.830235 360.964264 93.210075 0.024468 0.444276 5.620063 0.077665
59.887085 32.173584 4.836783 8.121698 361.677765 93.433624 0.039195 0.297772 5.624394 0.079879
60.004074 32.730129 4.781058 8.377421 362.298981 93.631424 0.056878 0.171842 5.616972 0.082250
