1.20 1.10 20 64
0.134000 0.007056 0.137548 -0.039872 0.945872 -0.000142 -0.143021 -0.587144 6.686874 0.001326
0.252000 0.001143 0.484045 -0.082537 1.722349 0.000333 -0.128218 -0.524294 6.600292 -0.002179
0.382000 -0.026154 1.061974 -0.135429 2.572029 0.001886 -0.097906 -0.445792 6.486563 -0.004688
0.511000 -0.065045 1.755051 -0.225609 3.404215 0.002248 -0.060877 -0.347195 6.344422 -0.005349
0.629000 -0.098236 2.408186 -0.321778 4.138500 0.002101 -0.027601 -0.233491 6.228193 -0.004454
0.758000 -0.138661 3.105332 -0.397598 4.932772 0.002112 0.002849 -0.078917 6.103518 -0.005026
0.886000 -0.181920 3.712234 -0.467257 5.706513 0.002542 0.022303 0.095762 6.003081 -0.006134
1.003000 -0.231792 4.164605 -0.534692 6.404170 0.002991 0.029506 0.259728 5.938011 -0.007033
1.133000 -0.294444 4.551962 -0.588431 7.176886 0.003216 0.025955 0.426488 5.874693 -0.008558
1.251000 -0.357221 4.759995 -0.613240 7.860527 0.003343 0.010990 0.545085 5.827445 -0.008374
1.380000 -0.428264 4.831220 -0.704725 8.615756 0.002529 -0.016504 0.634912 5.800349 -0.008899
1.510000 -0.500423 4.746787 -0.785684 9.362652 0.000934 -0.050719 0.679583 5.785257 -0.009485
1.627999 -0.574191 4.556347 -0.883302 10.045566 -0.001453 -0.085112 0.687524 5.791548 -0.010207
1.756999 -0.670931 4.265633 -0.978965 10.793094 -0.003426 -0.122104 0.665385 5.801403 -0.012456
1.885999 -0.778789 3.919889 -1.101889 11.543149 -0.005830 -0.151979 0.612316 5.827215 -0.013604
2.003999 -0.882063 3.590278 -1.244820 12.232521 -0.008991 -0.169840 0.535082 5.853230 -0.014666
2.132999 -0.999537 3.250403 -1.419638 12.989840 -0.013264 -0.178662 0.422883 5.881666 -0.015753
2.262000 -1.123036 2.947747 -1.622368 13.751296 -0.016622 -0.174543 0.292412 5.918867 -0.015796
2.378000 -1.241381 2.744859 -1.730337 14.445803 -0.018173 -0.158273 0.171856 5.947759 -0.017919
2.504000 -1.373870 2.621849 -1.807447 15.196417 -0.019723 -0.128717 0.052147 5.961964 -0.018546
2.632000 -1.505411 2.594269 -1.827546 15.959938 -0.021193 -0.090016 -0.051625 5.972767 -0.017105
2.760000 -1.641122 2.661689 -1.773741 16.717815 -0.024464 -0.045978 -0.135430 5.963766 -0.020128
2.876000 -1.779411 2.797172 -1.685968 17.415554 -0.028756 -0.006639 -0.196937 5.964057 -0.021211
3.004001 -1.930799 3.001866 -1.550984 18.172707 -0.033473 0.030477 -0.248979 5.964100 -0.021913
3.129000 -2.091326 3.240107 -1.435817 18.923399 -0.038734 0.055978 -0.287807 5.955143 -0.022922
3.256001 -2.246928 3.483520 -1.298347 19.679192 -0.045847 0.067490 -0.315681 5.948363 -0.022442
3.385001 -2.418760 3.716524 -1.147179 20.446917 -0.054759 0.064572 -0.331281 5.952120 -0.025675
3.512001 -2.602364 3.933114 -1.014245 21.197899 -0.064933 0.047955 -0.330168 5.966768 -0.027096
3.626001 -2.766994 4.124360 -0.875700 21.885626 -0.075310 0.023468 -0.314185 5.984181 -0.025861
3.752001 -2.945052 4.318781 -0.714113 22.639492 -0.086925 -0.009243 -0.283068 5.987079 -0.026561
3.878001 -3.127464 4.468162 -0.543809 23.393597 -0.099525 -0.046603 -0.243444 5.986821 -0.028259
4.007001 -3.330450 4.594042 -0.375833 24.160042 -0.112956 -0.085322 -0.200094 5.989385 -0.030330
4.135002 -3.549558 4.690325 -0.218873 24.932823 -0.126690 -0.119057 -0.155158 5.991763 -0.031519
4.260004 -3.770703 4.755328 -0.093626 25.681734 -0.140192 -0.142834 -0.111188 5.993882 -0.032915
4.377005 -3.981271 4.798528 0.035414 26.377079 -0.154351 -0.155933 -0.073123 5.993478 -0.033049
4.506006 -4.208289 4.833316 0.184064 27.149647 -0.170024 -0.159751 -0.040150 5.987802 -0.032688
4.635007 -4.447669 4.849587 0.267207 27.921377 -0.187400 -0.151414 -0.020238 5.980020 -0.033819
4.752008 -4.673811 4.846130 0.290888 28.620062 -0.203890 -0.134838 -0.011746 5.968025 -0.035001
4.881009 -4.926261 4.820393 0.314813 29.389446 -0.221921 -0.109489 -0.003989 5.959785 -0.034048
5.010010 -5.178174 4.755300 0.314713 30.157656 -0.242822 -0.079272 0.012981 5.958064 -0.034000
5.136012 -5.440911 4.675223 0.231763 30.908123 -0.264735 -0.048404 0.045657 5.962337 -0.036201
5.252013 -5.691126 4.606648 0.098323 31.606285 -0.285632 -0.021177 0.090712 5.973718 -0.035458
5.381014 -5.963617 4.523286 -0.012535 32.377552 -0.308519 0.004252 0.149779 5.988636 -0.036231
5.507015 -6.238834 4.443485 -0.121555 33.127193 -0.330615 0.022501 0.202819 6.007145 -0.037177
5.635016 -6.535924 4.364235 -0.251636 33.903111 -0.355598 0.033813 0.241000 6.028019 -0.040497
5.753017 -6.818464 4.299206 -0.376057 34.609272 -0.379337 0.037125 0.255066 6.044914 -0.041385
5.882019 -7.138553 4.238590 -0.527624 35.390842 -0.407448 0.034088 0.250636 6.069631 -0.042685
6.010020 -7.452026 4.173662 -0.708680 36.168697 -0.437445 0.024128 0.230218 6.089342 -0.041388
6.126021 -7.739703 4.119812 -0.893635 36.875702 -0.464892 0.010573 0.199881 6.105233 -0.041198
6.252022 -8.049165 4.072009 -1.117033 37.651485 -0.497025 -0.007054 0.150557 6.118331 -0.039693
6.379024 -8.351037 4.046035 -1.368420 38.429081 -0.532266 -0.026373 0.082262 6.141830 -0.038930
6.508025 -8.655547 4.054850 -1.627662 39.215328 -0.570463 -0.041929 -0.001649 6.155641 -0.039670
6.635026 -8.964032 4.101520 -1.955010 39.996220 -0.610453 -0.051665 -0.085685 6.151484 -0.039597
6.751027 -9.257383 4.162898 -2.244618 40.714977 -0.649401 -0.056294 -0.146940 6.153577 -0.040936
6.880028 -9.586305 4.248020 -2.515324 41.506691 -0.693784 -0.054002 -0.182318 6.139896 -0.042035
7.008029 -9.913476 4.352083 -2.738153 42.291000 -0.739156 -0.043278 -0.184770 6.137518 -0.042536
7.136031 -10.229053 4.475988 -2.855235 43.074337 -0.785660 -0.027187 -0.168612 6.122691 -0.041286
7.251032 -10.510572 4.616117 -2.969931 43.775833 -0.830302 -0.009762 -0.152178 6.105358 -0.041348
7.378033 -10.815858 4.785957 -3.112837 44.542095 -0.882028 0.011252 -0.138601 6.084393 -0.041413
7.506034 -11.121255 4.949800 -3.251631 45.317619 -0.937316 0.031606 -0.125570 6.068206 -0.038279
7.634036 -11.406547 5.101192 -3.396121 46.090694 -0.995664 0.048878 -0.104939 6.050417 -0.036362
7.751037 -11.672123 5.204825 -3.568737 46.794884 -1.052487 0.062211 -0.077185 6.033276 -0.037792
7.878038 -11.964734 5.274235 -3.755394 47.564106 -1.116676 0.071545 -0.042597 6.026809 -0.037245
8.007039 -12.258178 5.292456 -3.918180 48.332848 -1.182683 0.076188 -0.011316 6.028107 -0.038714
8.136038 -12.557111 5.264024 -4.037039 49.107868 -1.251339 0.075077 0.014349 6.037899 -0.038743
8.262036 -12.839606 5.194919 -4.089710 49.865559 -1.321276 0.069247 0.035238 6.041954 -0.037855
8.377035 -13.104405 5.103474 -4.111636 50.558414 -1.387387 0.061693 0.052635 6.056462 -0.040471
8.504034 -13.416020 4.991242 -4.117124 51.324417 -1.462752 0.053240 0.069894 6.060405 -0.044629
8.630033 -13.749405 4.856333 -4.102205 52.090130 -1.541037 0.044336 0.084778 6.064789 -0.046742
8.757031 -14.098593 4.723665 -4.025056 52.850304 -1.620693 0.037049 0.097090 6.068963 -0.049841
8.884030 -14.461746 4.619482 -3.960666 53.622623 -1.704625 0.033767 0.104570 6.069664 -0.048627
9.011029 -14.812457 4.527140 -3.878332 54.382591 -1.789338 0.034652 0.104662 6.065050 -0.050682
9.127028 -15.155224 4.461219 -3.767400 55.087666 -1.870808 0.040589 0.096268 6.063986 -0.053898
9.257028 -15.541916 4.416154 -3.574845 55.863876 -1.963286 0.053182 0.080958 6.055761 -0.054379
9.385027 -15.921487 4.402318 -3.353333 56.632053 -2.057208 0.070721 0.065327 6.039963 -0.054525
9.501026 -16.265181 4.408278 -3.140447 57.326263 -2.144608 0.087971 0.053361 6.025514 -0.053801
9.629025 -16.640903 4.429713 -2.942356 58.096638 -2.246444 0.108966 0.039693 6.019973 -0.052562
9.755024 -17.009773 4.474452 -2.750895 58.847309 -2.349169 0.128623 0.019046 6.008039 -0.052352
9.881022 -17.377693 4.542238 -2.633579 59.595661 -2.455312 0.145850 -0.009634 5.991900 -0.051427
10.007021 -17.746973 4.599060 -2.590849 60.335888 -2.564130 0.159872 -0.038141 5.982422 -0.051324
10.135020 -18.124535 4.642072 -2.588399 61.093403 -2.678550 0.169708 -0.057459 5.989067 -0.052146
10.251019 -18.469442 4.672543 -2.621146 61.786217 -2.784484 0.172456 -0.063439 5.994023 -0.050817
10.379019 -18.846664 4.687294 -2.677382 62.543880 -2.902656 0.169595 -0.062988 5.991270 -0.050511
10.507018 -19.221596 4.674580 -2.813446 63.301319 -3.023277 0.162625 -0.062481 5.995412 -0.049148
10.636018 -19.593452 4.633067 -2.965513 64.060318 -3.146767 0.153060 -0.063785 6.014883 -0.050557
10.752017 -19.945581 4.574420 -3.113626 64.754700 -3.261621 0.144296 -0.064817 6.014151 -0.050457
10.881017 -20.326450 4.502780 -3.304643 65.514336 -3.389359 0.135311 -0.063507 6.020020 -0.049359
11.009016 -20.702057 4.411249 -3.503105 66.273819 -3.519469 0.127922 -0.060034 6.022049 -0.048124
11.137015 -21.081503 4.303075 -3.732463 67.033203 -3.653221 0.125079 -0.056599 6.026558 -0.050108
11.262013 -21.462126 4.202286 -3.973763 67.775307 -3.786379 0.125407 -0.055568 6.031624 -0.050753
11.376012 -21.822569 4.126711 -4.242282 68.457085 -3.911128 0.129239 -0.057562 6.022308 -0.052384
11.502010 -22.211977 4.048991 -4.540576 69.202675 -4.051713 0.137610 -0.059521 6.018111 -0.051244
11.630010 -22.617220 3.982846 -4.841989 69.953522 -4.195739 0.150337 -0.052577 6.016131 -0.053846
11.758009 -23.045837 3.906158 -5.168295 70.713753 -4.345395 0.165367 -0.026417 6.004600 -0.055034
11.884007 -23.452969 3.851168 -5.493048 71.449310 -4.492825 0.179563 0.019435 5.999180 -0.054296
12.009006 -23.852697 3.803656 -5.790000 72.183517 -4.642657 0.194505 0.077107 5.987289 -0.053327
12.137005 -24.265850 3.740589 -6.056689 72.932030 -4.799774 0.208400 0.133289 5.968241 -0.054320
12.253004 -24.642393 3.672144 -6.304114 73.613815 -4.947121 0.218474 0.172996 5.958440 -0.053725
12.381003 -25.052166 3.599798 -6.565217 74.358078 -5.112118 0.225674 0.199970 5.951063 -0.053952
12.509003 -25.454599 3.507287 -6.766569 75.093620 -5.279539 0.228818 0.208815 5.933309 -0.053288
12.636002 -25.856348 3.392893 -6.969918 75.833229 -5.451707 0.228544 0.196454 5.930815 -0.053757
12.753001 -26.225016 3.280457 -7.078845 76.502571 -5.610286 0.225060 0.165050 5.929623 -0.055145
12.880000 -26.639648 3.167203 -7.175454 77.239799 -5.788800 0.220025 0.110543 5.921943 -0.055601
13.007999 -27.044695 3.071721 -7.294821 77.974426 -5.971855 0.215300 0.042292 5.909863 -0.053644
13.135999 -27.439077 2.987705 -7.377277 78.701233 -6.157576 0.211087 -0.030622 5.902281 -0.052500
13.250998 -27.779839 2.926878 -7.414410 79.357422 -6.329299 0.209359 -0.098132 5.896270 -0.051064
13.375996 -28.139719 2.860737 -7.408159 80.075432 -6.520301 0.209538 -0.171162 5.893358 -0.049321
13.502995 -28.483845 2.808578 -7.369808 80.790993 -6.714948 0.212969 -0.238141 5.877828 -0.048180
13.627993 -28.829174 2.751454 -7.313962 81.503212 -6.913023 0.219065 -0.288064 5.861358 -0.048044
13.754992 -29.170038 2.690931 -7.166201 82.218460 -7.115053 0.227211 -0.308266 5.846101 -0.047508
13.881990 -29.500937 2.641008 -6.971360 82.925407 -7.319143 0.236266 -0.291375 5.834559 -0.047123
14.006989 -29.835602 2.581640 -6.798259 83.623962 -7.525606 0.246441 -0.242338 5.821778 -0.047820
14.132987 -30.163198 2.524665 -6.615598 84.325813 -7.737410 0.255868 -0.176226 5.816986 -0.045340
14.259986 -30.477831 2.475410 -6.386665 85.036461 -7.956953 0.263946 -0.108478 5.807942 -0.044259
14.375985 -30.754868 2.451782 -6.189186 85.678596 -8.159086 0.272076 -0.054524 5.796345 -0.042300
14.501984 -31.045300 2.444594 -6.011244 86.373100 -8.383058 0.279552 -0.003982 5.788749 -0.040934
14.628983 -31.336493 2.428154 -5.849566 87.065109 -8.611414 0.286483 0.041920 5.785158 -0.041605
14.754981 -31.623892 2.395029 -5.669497 87.761238 -8.844377 0.292114 0.086509 5.778902 -0.040252
14.879979 -31.902939 2.352192 -5.479381 88.444710 -9.078598 0.296189 0.131720 5.781976 -0.040399
15.005978 -32.186726 2.300200 -5.257134 89.126518 -9.317491 0.298060 0.179239 5.783130 -0.041308
15.131976 -32.482224 2.257480 -5.092709 89.818916 -9.564868 0.298817 0.227989 5.792967 -0.040603
15.256974 -32.754833 2.221360 -4.975018 90.500565 -9.813369 0.297321 0.269224 5.811401 -0.037250
15.382973 -33.029903 2.184572 -4.889262 91.187904 -10.068057 0.295437 0.293071 5.822818 -0.038838
15.508971 -33.302536 2.130863 -4.853937 91.869057 -10.325805 0.292271 0.293100 5.824210 -0.037692
15.634970 -33.559158 2.064200 -4.816019 92.555023 -10.590600 0.288401 0.272470 5.843864 -0.033997
15.758968 -33.796120 2.003325 -4.725789 93.235741 -10.858014 0.285336 0.240984 5.850852 -0.032925
15.883966 -34.028893 1.933691 -4.645446 93.915611 -11.130977 0.282611 0.205878 5.870912 -0.032759
16.010965 -34.253609 1.865095 -4.559583 94.601471 -11.410761 0.281187 0.166242 5.885268 -0.030569
16.125959 -34.444752 1.796282 -4.461440 95.232368 -11.671947 0.280277 0.118897 5.890801 -0.028311
16.252953 -34.641254 1.713648 -4.354712 95.921425 -11.962825 0.278344 0.050697 5.890730 -0.026761
16.379946 -34.829865 1.639251 -4.197199 96.608475 -12.259089 0.277468 -0.028070 5.892118 -0.026241
16.505939 -35.003204 1.569634 -4.037539 97.283287 -12.554578 0.278770 -0.102045 5.893642 -0.024367
16.631933 -35.173985 1.505920 -3.877108 97.967827 -12.859297 0.279986 -0.162678 5.905590 -0.023457
16.757927 -35.328762 1.454242 -3.739408 98.645905 -13.167147 0.282913 -0.210594 5.909744 -0.020773
16.882921 -35.474617 1.400922 -3.615498 99.316475 -13.477736 0.285856 -0.256290 5.914483 -0.020344
17.005917 -35.610321 1.356157 -3.488881 99.970398 -13.785168 0.288204 -0.302538 5.925779 -0.018796
17.128912 -35.739723 1.331974 -3.314415 100.634842 -14.100866 0.289725 -0.340953 5.935220 -0.018489
17.252907 -35.861370 1.323139 -3.197349 101.298576 -14.420915 0.290366 -0.354737 5.946896 -0.016478
17.376902 -35.968388 1.311854 -3.087531 101.957565 -14.743437 0.289584 -0.335540 5.968645 -0.015365
17.502895 -36.074497 1.293236 -2.910194 102.633377 -15.077102 0.287569 -0.287179 5.989672 -0.014415
17.628889 -36.178619 1.287587 -2.761204 103.314629 -15.417253 0.285248 -0.220848 6.003746 -0.014388
17.754883 -36.267620 1.277787 -2.588691 103.991150 -15.759529 0.282853 -0.147610 6.026034 -0.010948
17.880877 -36.336094 1.290565 -2.402839 104.667572 -16.106134 0.278519 -0.073578 6.036904 -0.009692
18.005871 -36.391811 1.311048 -2.217580 105.338348 -16.453751 0.272801 -0.007506 6.043888 -0.008498
18.132864 -36.455036 1.344051 -2.050956 106.013504 -16.808075 0.264813 0.045471 6.058596 -0.010050
18.258858 -36.516281 1.372303 -1.955817 106.688896 -17.166849 0.257542 0.086885 6.076662 -0.008109
18.383852 -36.569260 1.398585 -1.838178 107.365303 -17.528908 0.248918 0.127029 6.097693 -0.007770
18.509846 -36.634251 1.414622 -1.751139 108.041084 -17.894911 0.239104 0.177036 6.100194 -0.009421
18.635839 -36.698448 1.420447 -1.709457 108.714882 -18.265779 0.229656 0.235806 6.102353 -0.009335
18.750834 -36.753201 1.422998 -1.701058 109.322945 -18.604097 0.222822 0.285812 6.104243 -0.008557
18.876827 -36.817215 1.422178 -1.683345 109.992409 -18.982531 0.217231 0.320728 6.104799 -0.009436
19.001822 -36.889587 1.427505 -1.691584 110.654709 -19.362431 0.211566 0.322763 6.111111 -0.009987
19.135817 -36.972282 1.428417 -1.738970 111.367798 -19.777035 0.207283 0.289329 6.110480 -0.011586
19.261810 -37.055126 1.405620 -1.799574 112.026634 -20.165154 0.204597 0.235765 6.122948 -0.011862
19.383806 -37.148949 1.406384 -1.949565 112.673798 -20.552448 0.202783 0.171398 6.138435 -0.014094
19.509800 -37.258965 1.407772 -2.131680 113.331001 -20.949442 0.201759 0.100617 6.143349 -0.015674
19.634794 -37.377075 1.410193 -2.305127 113.991287 -21.353182 0.202223 0.028903 6.143715 -0.015072
19.760788 -37.484505 1.406462 -2.468415 114.645065 -21.757107 0.203886 -0.031952 6.152615 -0.014942
19.885782 -37.597950 1.403739 -2.603448 115.303726 -22.167315 0.205693 -0.069693 6.163637 -0.016372
20.010777 -37.726337 1.401865 -2.740700 115.956207 -22.577911 0.207790 -0.076640 6.174072 -0.018043
20.136770 -37.856636 1.391809 -2.842657 116.608566 -22.991253 0.209131 -0.063551 6.181855 -0.017153
20.260765 -37.974495 1.390213 -2.913519 117.260963 -23.407999 0.209125 -0.051039 6.204348 -0.015579
20.385759 -38.088764 1.395483 -2.942816 117.914391 -23.827005 0.209013 -0.054521 6.215252 -0.016556
20.510754 -38.211899 1.400695 -2.930044 118.567390 -24.249359 0.206804 -0.072524 6.224213 -0.017929
20.632750 -38.352085 1.405204 -2.908437 119.203766 -24.665079 0.202994 -0.091200 6.230267 -0.022333
20.756744 -38.510136 1.391103 -2.854312 119.850479 -25.090057 0.196491 -0.101738 6.241970 -0.021993
20.881739 -38.665443 1.387475 -2.816118 120.494843 -25.518377 0.189627 -0.106516 6.241791 -0.021990
21.007732 -38.825554 1.396350 -2.755086 121.148132 -25.956450 0.182996 -0.114789 6.247227 -0.022594
21.132727 -38.990891 1.399075 -2.660452 121.802376 -26.395763 0.177077 -0.135576 6.261445 -0.023349
21.255722 -39.160358 1.407120 -2.567671 122.446274 -26.829580 0.170243 -0.167847 6.262153 -0.024775
21.378717 -39.338985 1.423364 -2.491248 123.073395 -27.256256 0.164384 -0.202728 6.273466 -0.027110
21.500713 -39.531300 1.443040 -2.423286 123.709923 -27.693121 0.159968 -0.232046 6.278076 -0.028100
21.625708 -39.741970 1.479044 -2.323108 124.356148 -28.138481 0.158771 -0.247185 6.282671 -0.030745
21.760702 -39.971100 1.537505 -2.174954 125.048203 -28.617378 0.160322 -0.243783 6.277586 -0.029948
21.882698 -40.179676 1.602157 -2.013082 125.682388 -29.058031 0.164556 -0.223330 6.280533 -0.030361
22.008692 -40.395073 1.682458 -1.864355 126.331322 -29.512005 0.171522 -0.186020 6.288103 -0.030321
22.134686 -40.623848 1.768781 -1.739883 126.979172 -29.967140 0.179015 -0.131508 6.283100 -0.034906
22.260679 -40.883224 1.857067 -1.658671 127.625656 -30.423189 0.185985 -0.060331 6.275347 -0.037657
22.386673 -41.165375 1.940953 -1.583404 128.265579 -30.875969 0.192280 0.020992 6.269832 -0.041537
22.500668 -41.449142 2.002270 -1.556471 128.852875 -31.293558 0.197402 0.097182 6.263899 -0.044661
22.626661 -41.768250 2.048715 -1.543049 129.495239 -31.751169 0.201076 0.172263 6.251424 -0.045326
22.753654 -42.102364 2.068049 -1.544167 130.136520 -32.208729 0.202702 0.233739 6.252634 -0.046533
22.879648 -42.452736 2.048805 -1.616646 130.777054 -32.667377 0.200857 0.280188 6.253332 -0.048452
23.002644 -42.812717 1.990065 -1.705479 131.406403 -33.120399 0.196999 0.312692 6.253354 -0.051642
23.127638 -43.200932 1.895125 -1.784711 132.038681 -33.578556 0.191683 0.332939 6.244795 -0.054838
23.253632 -43.605579 1.777123 -1.854453 132.674026 -34.042904 0.185582 0.342666 6.243102 -0.055039
23.379625 -44.013126 1.656880 -1.913360 133.308014 -34.509003 0.179907 0.345020 6.247614 -0.057080
23.506618 -44.438183 1.540274 -2.024065 133.945526 -34.981438 0.175917 0.343975 6.242604 -0.058744
23.633612 -44.868233 1.430967 -2.197401 134.575882 -35.451004 0.174434 0.341972 6.231096 -0.059165
23.758606 -45.308777 1.331149 -2.437146 135.202713 -35.922485 0.175229 0.336765 6.223131 -0.061164
23.884600 -45.756332 1.254943 -2.647583 135.823868 -36.389973 0.179355 0.322050 6.212660 -0.062228
24.009594 -46.211395 1.206540 -2.892750 136.447830 -36.861568 0.186889 0.288392 6.200848 -0.062448
24.135588 -46.684219 1.163541 -3.171360 137.063629 -37.330574 0.196391 0.230342 6.189138 -0.066652
24.258583 -47.165657 1.136824 -3.434057 137.672241 -37.796761 0.208477 0.149142 6.176576 -0.067322
24.380579 -47.646248 1.121331 -3.690114 138.268066 -38.255531 0.221754 0.052238 6.155272 -0.069060
24.504574 -48.136669 1.126507 -3.954006 138.869843 -38.723591 0.235650 -0.057300 6.142903 -0.068828
24.629568 -48.641048 1.148134 -4.280290 139.472427 -39.197918 0.249253 -0.174146 6.126994 -0.070872
24.754562 -49.148438 1.172389 -4.544599 140.070953 -39.674633 0.260103 -0.292747 6.116208 -0.069888
24.878557 -49.650654 1.198176 -4.751853 140.656662 -40.145214 0.267577 -0.403833 6.101522 -0.071321
25.004551 -50.165920 1.217811 -4.962254 141.252747 -40.629898 0.271237 -0.501744 6.094256 -0.069668
25.129545 -50.675598 1.234641 -5.161042 141.845947 -41.117325 0.271904 -0.575858 6.090530 -0.071020
25.254539 -51.185719 1.260110 -5.307822 142.431183 -41.602283 0.268832 -0.622760 6.076897 -0.070159
25.379534 -51.684574 1.281613 -5.400278 143.013840 -42.088612 0.263879 -0.645022 6.066568 -0.069289
25.505527 -52.179264 1.319921 -5.505259 143.592377 -42.576721 0.257881 -0.642171 6.044148 -0.069292
25.630522 -52.682129 1.380643 -5.608495 144.171707 -43.069683 0.251690 -0.610273 6.031646 -0.069492
25.756516 -53.173763 1.443276 -5.647037 144.743301 -43.558769 0.246869 -0.544945 6.013985 -0.068272
25.881510 -53.665298 1.523756 -5.698353 145.310440 -44.049744 0.245231 -0.445967 5.993814 -0.068321
26.006504 -54.137566 1.605244 -5.689826 145.872711 -44.542023 0.245210 -0.321382 5.969074 -0.063874
26.131498 -54.595623 1.681116 -5.707136 146.435211 -45.039890 0.246645 -0.183152 5.958178 -0.062309
26.257492 -55.030300 1.735166 -5.777293 146.989349 -45.535614 0.249739 -0.049777 5.938244 -0.058734
26.381487 -55.446110 1.781903 -5.879420 147.537964 -46.033932 0.254747 0.070526 5.925093 -0.057345
26.508480 -55.848652 1.802590 -5.933311 148.091995 -46.542118 0.262275 0.179567 5.911622 -0.053769
26.636473 -56.231106 1.803707 -5.944301 148.643295 -47.051208 0.270798 0.281568 5.902220 -0.052309
26.752466 -56.564152 1.792548 -5.924009 149.143677 -47.517830 0.280139 0.372573 5.894804 -0.048668
26.877460 -56.899570 1.760382 -5.820475 149.679626 -48.022404 0.291492 0.466358 5.882934 -0.045431
27.001455 -57.200912 1.709085 -5.730832 150.206802 -48.525864 0.303840 0.548852 5.873898 -0.041707
27.126450 -57.482292 1.630971 -5.610407 150.739151 -49.040703 0.315292 0.618609 5.877155 -0.037819
27.250444 -57.736267 1.535172 -5.488487 151.259857 -49.550602 0.326109 0.675704 5.880647 -0.035431
27.377438 -57.967216 1.433449 -5.346545 151.786621 -50.072704 0.333641 0.723951 5.891720 -0.029983
27.503431 -58.160686 1.341120 -5.187401 152.310257 -50.599216 0.337319 0.755999 5.897868 -0.025514
27.628426 -58.322159 1.247069 -4.950815 152.832458 -51.130047 0.338039 0.760637 5.916821 -0.021682
27.754419 -58.450043 1.171513 -4.692802 153.353439 -51.663975 0.338104 0.725976 5.924487 -0.016757
27.879414 -58.550705 1.120169 -4.406982 153.868240 -52.197517 0.336991 0.648690 5.935924 -0.013300
28.004408 -58.616840 1.085889 -4.099522 154.382172 -52.734913 0.335263 0.529760 5.951169 -0.008777
28.129402 -58.657768 1.065058 -3.755226 154.891495 -53.271267 0.335189 0.374570 5.975161 -0.004583
28.251398 -58.668171 1.078351 -3.462576 155.396149 -53.806686 0.336754 0.189784 5.988225 -0.000676
28.385393 -58.643410 1.113365 -3.122069 155.944168 -54.393673 0.340472 -0.032469 5.994334 0.004046
28.508389 -58.592239 1.143535 -2.788914 156.445465 -54.936131 0.347720 -0.237483 6.012428 0.008260
28.631384 -58.518726 1.165801 -2.485431 156.946014 -55.481216 0.358177 -0.425649 6.019859 0.009745
28.754379 -58.428806 1.173802 -2.202003 157.442200 -56.024620 0.371392 -0.584380 6.040901 0.013892
28.876375 -58.312084 1.171692 -1.964642 157.942551 -56.575966 0.385582 -0.711743 6.059719 0.017873
29.001369 -58.166317 1.146159 -1.777249 158.446930 -57.135609 0.400551 -0.803166 6.088640 0.021632
29.126364 -57.995819 1.083444 -1.635282 158.959518 -57.708549 0.413793 -0.853563 6.114253 0.025444
29.253357 -57.797497 0.984687 -1.505902 159.472839 -58.286079 0.424981 -0.857313 6.144332 0.027945
29.378351 -57.579895 0.862116 -1.371721 159.987244 -58.868587 0.433299 -0.816016 6.182301 0.032048
29.503345 -57.336468 0.737636 -1.247178 160.498917 -59.451324 0.438730 -0.734580 6.224671 0.034911
29.630341 -57.065453 0.594691 -1.137365 161.021347 -60.048187 0.440624 -0.619082 6.260310 0.038315
29.755335 -56.779835 0.436923 -1.068729 161.538010 -60.639805 0.437975 -0.486630 6.296145 0.041292
29.880329 -56.475956 0.272812 -1.056261 162.051254 -61.231201 0.434201 -0.358758 6.332756 0.044061
30.005323 -56.138653 0.107492 -1.062346 162.573547 -61.836739 0.429001 -0.256559 6.358632 0.048629
30.129318 -55.785969 -0.028328 -1.060370 163.087723 -62.437233 0.424594 -0.191945 6.386275 0.050495
30.252314 -55.412918 -0.148860 -1.072515 163.597778 -63.037880 0.421323 -0.146595 6.417733 0.054494
30.377308 -55.005066 -0.243837 -1.107954 164.116226 -63.653160 0.420480 -0.085522 6.448052 0.057671
30.504301 -54.578213 -0.317752 -1.121266 164.639282 -64.277100 0.422902 0.020556 6.471481 0.060399
30.631294 -54.127605 -0.378657 -1.096040 165.165512 -64.909821 0.426115 0.174598 6.488259 0.062471
30.757288 -53.665131 -0.428499 -1.045830 165.691574 -65.546272 0.432258 0.351037 6.508801 0.064796
30.883282 -53.194443 -0.434209 -0.958550 166.211685 -66.181366 0.441538 0.515636 6.521094 0.065860
31.010275 -52.712250 -0.420921 -0.848300 166.729858 -66.820183 0.451252 0.646905 6.531285 0.067636
31.136269 -52.229439 -0.409250 -0.700283 167.245316 -67.461952 0.459112 0.735444 6.536582 0.066884
31.252262 -51.781094 -0.410218 -0.540108 167.718567 -68.055321 0.465093 0.777520 6.549565 0.068268
31.377256 -51.294811 -0.424212 -0.362290 168.228500 -68.696732 0.468772 0.782781 6.559351 0.068230
31.503250 -50.793472 -0.465805 -0.125512 168.745621 -69.350365 0.467594 0.751753 6.567082 0.068970
31.627245 -50.309715 -0.525437 0.191615 169.249054 -69.990509 0.462688 0.695326 6.569611 0.068227
31.751240 -49.824528 -0.611952 0.502672 169.746506 -70.628365 0.454091 0.620328 6.578241 0.070119
31.875235 -49.317482 -0.700019 0.812129 170.246017 -71.273956 0.442759 0.527014 6.584388 0.072311
32.009232 -48.757057 -0.798224 1.199675 170.784775 -71.972572 0.427566 0.400897 6.584517 0.074174
32.134247 -48.225197 -0.899062 1.584263 171.290527 -72.629776 0.410739 0.261163 6.579175 0.074037
32.260262 -47.689735 -1.009830 1.995612 171.794266 -73.287071 0.392407 0.108991 6.565211 0.074273
32.385277 -47.160469 -1.123523 2.412328 172.291290 -73.938652 0.375186 -0.041729 6.549157 0.075133
32.510292 -46.630878 -1.225519 2.846590 172.785721 -74.589569 0.359884 -0.182769 6.533181 0.074668
32.631310 -46.125587 -1.307918 3.239206 173.260757 -75.218956 0.347804 -0.304337 6.503708 0.074229
32.756325 -45.610687 -1.384600 3.648974 173.748413 -75.866127 0.338044 -0.409426 6.466546 0.072043
32.882339 -45.105724 -1.439814 4.019659 174.236389 -76.515450 0.330096 -0.491225 6.432096 0.069234
33.007355 -44.627060 -1.473792 4.347236 174.713150 -77.151093 0.324451 -0.546606 6.390972 0.067683
33.132370 -44.168526 -1.464438 4.650984 175.195969 -77.793266 0.319536 -0.580618 6.363648 0.062353
33.255383 -43.749420 -1.416292 4.961498 175.661148 -78.409988 0.314509 -0.595231 6.312239 0.060307
33.380398 -43.334545 -1.339080 5.266587 176.138962 -79.042099 0.309831 -0.593510 6.271123 0.056275
33.506413 -42.962681 -1.247663 5.536858 176.609756 -79.663734 0.306034 -0.574207 6.213898 0.051073
33.632427 -42.618675 -1.125956 5.807343 177.082687 -80.283264 0.304378 -0.539397 6.166697 0.046573
33.758442 -42.288872 -0.984509 6.018381 177.557175 -80.901840 0.302458 -0.493304 6.123970 0.045284
33.884457 -41.967804 -0.833276 6.200842 178.022095 -81.505753 0.298888 -0.437739 6.075170 0.043796
34.009472 -41.679092 -0.660798 6.283761 178.488907 -82.109413 0.291955 -0.366006 6.040402 0.036987
34.136486 -41.421394 -0.480895 6.318532 178.955231 -82.706917 0.281969 -0.272058 5.999675 0.034050
34.251499 -41.202915 -0.321191 6.287609 179.380295 -83.247795 0.271436 -0.165428 5.972491 0.032603
34.377514 -40.989529 -0.153042 6.166024 179.849609 -83.840607 0.258174 -0.032368 5.943573 0.027365
34.500530 -40.805569 -0.001255 5.966342 180.303696 -84.411415 0.243785 0.101470 5.921003 0.024528
34.627544 -40.652397 0.142738 5.695572 180.773926 -84.995811 0.226418 0.231860 5.896362 0.019208
34.753559 -40.529850 0.278898 5.331568 181.237747 -85.565857 0.209350 0.341932 5.865366 0.016163
34.878574 -40.424759 0.380065 4.841249 181.706940 -86.135254 0.193618 0.426334 5.844609 0.013836
35.003586 -40.343010 0.457257 4.329463 182.175964 -86.694069 0.179696 0.480131 5.827136 0.010630
35.128601 -40.291973 0.499312 3.779874 182.648071 -87.248756 0.168834 0.509269 5.827383 0.006821
35.253613 -40.259533 0.539691 3.178909 183.123062 -87.800964 0.159159 0.521387 5.831580 0.003378
35.378628 -40.249538 0.559626 2.570690 183.602951 -88.349388 0.153682 0.521149 5.830155 0.001572
35.503643 -40.244026 0.583951 1.971050 184.088150 -88.894302 0.152668 0.506897 5.843279 0.000752
35.627659 -40.253002 0.605704 1.363280 184.573975 -89.433517 0.154388 0.476763 5.864008 -0.000622
35.752674 -40.267990 0.615348 0.737757 185.069046 -89.976532 0.158150 0.430587 5.887703 -0.000895
35.878689 -40.285942 0.625386 0.188271 185.575211 -90.521187 0.163870 0.372493 5.908863 -0.002479
36.004704 -40.312531 0.631419 -0.318995 186.087616 -91.063736 0.169868 0.306058 5.936169 -0.002357
36.127720 -40.340240 0.636452 -0.811956 186.593842 -91.593033 0.175502 0.233515 5.965521 -0.003228
36.250736 -40.374611 0.666669 -1.300806 187.105988 -92.121368 0.179488 0.153295 5.994316 -0.004896
36.375751 -40.424011 0.699353 -1.820936 187.628128 -92.653885 0.182090 0.064390 6.030011 -0.006419
36.500767 -40.475952 0.747852 -2.274689 188.160828 -93.190002 0.184126 -0.034648 6.060002 -0.006437
36.625782 -40.531876 0.810382 -2.717671 188.698975 -93.726402 0.184569 -0.143977 6.091289 -0.006937
36.750797 -40.580040 0.886589 -3.081119 189.247116 -94.267487 0.185489 -0.264119 6.124452 -0.005198
36.876812 -40.618542 0.989317 -3.355557 189.796768 -94.803185 0.187534 -0.383592 6.154984 -0.004403
37.002827 -40.646461 1.104837 -3.545411 190.356293 -95.343094 0.190205 -0.490219 6.180682 -0.002950
37.128841 -40.662754 1.235999 -3.598829 190.920334 -95.883797 0.193686 -0.566598 6.215129 -0.002166
37.254856 -40.677391 1.349053 -3.577199 191.488937 -96.424713 0.197559 -0.605200 6.244369 -0.002448
37.379871 -40.694702 1.429203 -3.445402 192.063370 -96.965454 0.202628 -0.606614 6.273793 -0.003137
37.506886 -40.719814 1.490120 -3.217259 192.644028 -97.504562 0.208533 -0.573827 6.299174 -0.004258
37.636898 -40.734402 1.531146 -2.955182 193.247665 -98.060989 0.214541 -0.505326 6.327845 -0.000979
37.758915 -40.725616 1.558488 -2.631248 193.823273 -98.587982 0.219254 -0.408608 6.356614 0.000841
37.885929 -40.700104 1.576673 -2.238138 194.418106 -99.128273 0.223176 -0.284941 6.389970 0.002896
38.010944 -40.656345 1.575536 -1.808318 195.012375 -99.665306 0.227262 -0.155604 6.419844 0.004724
38.125957 -40.607067 1.553724 -1.392742 195.564423 -100.159920 0.230644 -0.048180 6.459439 0.007963
38.259975 -40.515415 1.525451 -0.942468 196.217560 -100.741920 0.236103 0.051401 6.497218 0.011488
38.383991 -40.418869 1.475198 -0.592880 196.822281 -101.278198 0.241169 0.118194 6.535639 0.014172
38.508007 -40.296909 1.402167 -0.177210 197.432739 -101.814270 0.245950 0.173003 6.563942 0.017448
38.633022 -40.164333 1.324427 0.231960 198.053360 -102.355644 0.251894 0.227925 6.601340 0.016968
38.758038 -40.021919 1.215305 0.616019 198.674393 -102.892387 0.257397 0.289048 6.632728 0.018620
38.883053 -39.872147 1.116319 0.985696 199.310501 -103.438011 0.264585 0.357922 6.663726 0.020178
39.010067 -39.710953 1.027160 1.308735 199.951447 -103.983521 0.273552 0.428440 6.690928 0.022637
39.134083 -39.537876 0.951788 1.559497 200.591980 -104.524940 0.284377 0.489984 6.715739 0.024930
39.258099 -39.351231 0.889873 1.782064 201.230850 -105.062111 0.296543 0.529558 6.743708 0.025754
39.385113 -39.159000 0.847217 1.924525 201.884445 -105.608093 0.307058 0.533370 6.770832 0.025839
39.511127 -38.970829 0.850841 1.981961 202.541580 -106.153610 0.315504 0.489930 6.783765 0.026262
39.637142 -38.770542 0.862818 2.026433 203.202072 -106.698616 0.322928 0.398849 6.808161 0.028704
39.760155 -38.564304 0.888860 2.000740 203.850616 -107.229866 0.327301 0.278210 6.818314 0.029470
39.883171 -38.343964 0.912622 1.891200 204.507309 -107.763351 0.330279 0.150164 6.825671 0.031778
40.008186 -38.107376 0.937370 1.760126 205.171646 -108.299904 0.330633 0.039734 6.837307 0.034158
40.131203 -37.859638 0.979263 1.614492 205.827789 -108.827438 0.328012 -0.040261 6.848682 0.036120
40.254219 -37.590984 1.020278 1.440280 206.485535 -109.354706 0.324422 -0.100210 6.854621 0.038645
40.378231 -37.313889 1.063673 1.210027 207.150162 -109.885361 0.320482 -0.158018 6.859786 0.039715
40.512249 -37.013363 1.099171 0.946669 207.865417 -110.451958 0.314408 -0.227344 6.863342 0.040659
40.635265 -36.726746 1.106699 0.676067 208.534378 -110.979523 0.308505 -0.292752 6.871196 0.041268
40.758282 -36.433304 1.092637 0.418138 209.199539 -111.501205 0.304167 -0.343437 6.874687 0.043761
40.881298 -36.120869 1.045055 0.203902 209.865921 -112.020378 0.302843 -0.370225 6.865395 0.044859
41.007313 -35.795448 0.966561 0.069176 210.551346 -112.548668 0.303541 -0.373857 6.870384 0.046252
41.133327 -35.454243 0.868231 -0.009441 211.239227 -113.075577 0.307395 -0.360673 6.875673 0.048427
41.260342 -35.097561 0.762808 -0.133487 211.928436 -113.600410 0.314230 -0.338076 6.875478 0.051338
41.386356 -34.708797 0.644555 -0.203220 212.619080 -114.122536 0.324203 -0.307973 6.870701 0.055817
41.501369 -34.338543 0.531965 -0.238866 213.250580 -114.597595 0.333900 -0.273921 6.868234 0.057108
41.627384 -33.922138 0.408985 -0.220223 213.943451 -115.116508 0.345365 -0.228834 6.876619 0.057656
41.753399 -33.491394 0.269391 -0.114732 214.643646 -115.640045 0.355594 -0.173365 6.887189 0.060493
41.878414 -33.046429 0.133707 0.012874 215.333710 -116.155426 0.364722 -0.106406 6.895034 0.063701
42.001431 -32.593002 0.020410 0.146230 216.014191 -116.661987 0.371556 -0.029475 6.899099 0.064673
42.136448 -32.099743 -0.077089 0.360648 216.762665 -117.217117 0.375863 0.059962 6.899961 0.063781
42.251461 -31.673309 -0.130381 0.626882 217.400864 -117.687881 0.377713 0.131588 6.892902 0.065814
42.377476 -31.193050 -0.173467 0.981437 218.095337 -118.197159 0.377442 0.197476 6.888037 0.067237
42.502491 -30.700850 -0.193279 1.392923 218.795319 -118.708908 0.373532 0.251215 6.878234 0.069376
42.628506 -30.205559 -0.194241 1.848993 219.490463 -119.213631 0.366768 0.291908 6.868842 0.069451
42.762524 -29.681473 -0.179781 2.338290 220.236649 -119.751167 0.358240 0.317980 6.860005 0.068317
42.887535 -29.189848 -0.148714 2.829370 220.931976 -120.250084 0.349810 0.318794 6.834379 0.069912
43.001549 -28.728804 -0.100853 3.350465 221.570892 -120.705376 0.340825 0.296538 6.815672 0.070399
43.127563 -28.217232 -0.023538 3.956428 222.264801 -121.196304 0.330440 0.252501 6.787319 0.073040
43.253578 -27.691786 0.066048 4.560389 222.962677 -121.685699 0.320708 0.195202 6.751100 0.073361
43.379593 -27.161886 0.176103 5.087752 223.662903 -122.176346 0.310829 0.133248 6.716295 0.072243
43.505608 -26.664459 0.287072 5.596348 224.348953 -122.653564 0.303278 0.072523 6.665416 0.066509
43.630623 -26.190680 0.399146 6.050704 225.038544 -123.127968 0.297828 0.014943 6.623076 0.064844
43.756638 -25.734100 0.501927 6.441314 225.719513 -123.592285 0.293857 -0.034733 6.575579 0.061192
43.881653 -25.296385 0.577586 6.828102 226.398102 -124.051949 0.293074 -0.075436 6.544708 0.059973
44.006668 -24.871176 0.621005 7.138826 227.073669 -124.508675 0.293769 -0.107123 6.505646 0.057713
44.132683 -24.465034 0.614190 7.373455 227.757019 -124.968872 0.294958 -0.130937 6.473775 0.054872
44.258698 -24.074446 0.578619 7.512500 228.427444 -125.417465 0.296795 -0.145346 6.438717 0.053749
44.383713 -23.691006 0.491737 7.604501 229.102066 -125.864388 0.299475 -0.150941 6.411136 0.052471
44.508728 -23.314598 0.372771 7.638022 229.770752 -126.303711 0.302322 -0.149652 6.386487 0.051694
44.635742 -22.949583 0.241278 7.568906 230.444717 -126.740265 0.303816 -0.144821 6.361420 0.049839
44.761757 -22.596375 0.110728 7.467417 231.118011 -127.171974 0.305293 -0.135605 6.339039 0.047694
44.885773 -22.267506 -0.015461 7.272818 231.785828 -127.595757 0.306033 -0.119258 6.321650 0.045027
45.008789 -21.962132 -0.124873 7.069327 232.442657 -128.008591 0.306305 -0.094234 6.298865 0.042307
45.134804 -21.665873 -0.219248 6.797694 233.109329 -128.424072 0.306616 -0.061732 6.274176 0.040305
45.259819 -21.391151 -0.305333 6.435954 233.780518 -128.838425 0.306803 -0.027837 6.247674 0.036738
45.385834 -21.139303 -0.372269 6.057786 234.445984 -129.243851 0.306753 0.002638 6.222249 0.033566
45.510849 -20.904032 -0.411136 5.669576 235.111557 -129.645050 0.305436 0.027870 6.211925 0.032601
45.636864 -20.682041 -0.410840 5.234561 235.787277 -130.049423 0.305010 0.048056 6.189577 0.028679
45.762878 -20.480215 -0.376518 4.814898 236.453033 -130.442047 0.305536 0.061208 6.176552 0.027212
45.876892 -20.296545 -0.319445 4.451455 237.066696 -130.798950 0.306889 0.066538 6.170804 0.027323
46.002907 -20.104769 -0.232290 4.055536 237.734863 -131.182205 0.309007 0.066930 6.154927 0.025357
46.127922 -19.924400 -0.128498 3.696491 238.408829 -131.563110 0.311247 0.065127 6.140272 0.024291
46.252937 -19.754276 0.005439 3.323669 239.077591 -131.938034 0.314175 0.066450 6.129855 0.023359
46.378952 -19.605101 0.143857 2.919556 239.753128 -132.312256 0.317127 0.071647 6.125099 0.018662
46.504967 -19.474226 0.281319 2.493320 240.429596 -132.682831 0.318793 0.076268 6.120199 0.018584
46.630981 -19.345150 0.419977 2.102892 241.107849 -133.050568 0.318634 0.073654 6.124052 0.017324
46.756996 -19.230152 0.553359 1.757843 241.788086 -133.414230 0.318925 0.056216 6.122294 0.015714
46.883011 -19.116255 0.664453 1.503402 242.471985 -133.773331 0.319187 0.021853 6.135150 0.016398
47.008026 -19.000153 0.750170 1.266184 243.154510 -134.125702 0.320282 -0.023169 6.153463 0.016595
47.133041 -18.892103 0.813178 1.042442 243.841293 -134.475708 0.321733 -0.065489 6.178074 0.015094
47.258057 -18.777882 0.860340 0.879584 244.531967 -134.822403 0.322562 -0.087929 6.187833 0.016572
47.384071 -18.669601 0.903990 0.764399 245.227203 -135.165207 0.322145 -0.079222 6.212642 0.014879
47.510086 -18.567963 0.930593 0.661581 245.933548 -135.507507 0.321586 -0.040891 6.241161 0.013380
47.637100 -18.478958 0.937675 0.547547 246.656342 -135.852264 0.320968 0.008788 6.265642 0.011139
47.763115 -18.410379 0.917922 0.525075 247.366974 -136.185745 0.321936 0.043428 6.287877 0.008373
47.888130 -18.347477 0.901902 0.571965 248.082184 -136.517151 0.323235 0.051290 6.321080 0.008685
48.013142 -18.291210 0.895586 0.620890 248.802826 -136.846832 0.325055 0.037846 6.355085 0.007193
48.127155 -18.245926 0.879665 0.671012 249.464966 -137.146194 0.327331 0.022308 6.387907 0.006918
48.263172 -18.193171 0.850951 0.820409 250.262039 -137.499939 0.329882 0.014424 6.429539 0.005526
48.377186 -18.152084 0.825312 0.967709 250.935822 -137.794281 0.332088 0.018251 6.463419 0.005906
48.502201 -18.109871 0.812657 1.091435 251.680679 -138.115356 0.333879 0.026033 6.507162 0.005852
48.627216 -18.067656 0.814924 1.190039 252.432419 -138.434265 0.335223 0.032927 6.552281 0.004493
48.763233 -18.032763 0.829633 1.260651 253.257477 -138.779495 0.337924 0.036909 6.595904 0.003515
48.887249 -18.013384 0.850089 1.306377 254.023315 -139.094528 0.342658 0.033263 6.647159 0.002881
49.011265 -17.999313 0.876988 1.268344 254.789978 -139.405579 0.349060 0.014544 6.685843 0.001523
49.136280 -17.993906 0.911728 1.219679 255.569794 -139.715881 0.353700 -0.022592 6.733703 -0.000398
49.262295 -17.996220 0.976268 1.182425 256.357269 -140.024475 0.355419 -0.068690 6.788734 0.000066
49.386307 -17.993967 1.056824 1.141985 257.150909 -140.333389 0.355640 -0.107215 6.832071 0.000920
49.511322 -17.993219 1.159454 1.114295 257.944580 -140.637802 0.354016 -0.125540 6.871914 -0.000294
49.635334 -17.992422 1.268389 1.101615 258.745087 -140.939087 0.351548 -0.123517 6.916732 0.000341
49.759350 -17.994249 1.397442 1.046744 259.557831 -141.241379 0.347239 -0.106846 6.952310 0.000468
49.883366 -17.991907 1.552755 0.958237 260.363037 -141.537888 0.343176 -0.079643 6.995254 0.000716
50.007378 -17.985277 1.718208 0.790639 261.187805 -141.838531 0.338653 -0.043043 7.045309 0.002109
50.132393 -17.978985 1.900167 0.602606 262.019165 -142.138931 0.332337 -0.000288 7.089272 0.001573
50.256405 -17.975145 2.109610 0.392686 262.850464 -142.434296 0.326973 0.036722 7.130943 0.002650
50.380421 -17.962406 2.336752 0.124400 263.687653 -142.727676 0.324872 0.054783 7.170027 0.003597
50.504436 -17.946516 2.588952 -0.187182 264.531372 -143.019562 0.326673 0.046734 7.215592 0.003933
50.630451 -17.940592 2.882185 -0.530784 265.386230 -143.312057 0.330312 0.017501 7.235357 0.003073
50.756466 -17.922918 3.203256 -0.891570 266.252838 -143.604385 0.335600 -0.019908 7.278058 0.007238
50.882481 -17.889477 3.538737 -1.233653 267.124451 -143.893967 0.340460 -0.052347 7.294950 0.008094
51.007496 -17.847101 3.886620 -1.538819 267.999298 -144.180923 0.344862 -0.075271 7.317566 0.008572
51.131512 -17.804827 4.228019 -1.847981 268.863647 -144.460693 0.348570 -0.088369 7.329355 0.009552
51.253529 -17.758629 4.545578 -2.103697 269.717133 -144.733871 0.349386 -0.090674 7.352255 0.009428
51.388546 -17.712820 4.876073 -2.326129 270.658783 -145.032104 0.347490 -0.073100 7.382905 0.008335
51.513561 -17.676512 5.150291 -2.558342 271.541626 -145.309387 0.341121 -0.030242 7.414616 0.008754
51.627575 -17.638075 5.369231 -2.751606 272.350952 -145.561203 0.332896 0.028689 7.447512 0.007664
51.752590 -17.604498 5.585823 -2.893913 273.250397 -145.837341 0.320425 0.101339 7.480547 0.005654
51.878605 -17.573143 5.767058 -3.021248 274.147003 -146.110291 0.304966 0.159468 7.502125 0.006640
52.002621 -17.540419 5.912501 -3.153286 275.039673 -146.379868 0.285047 0.189430 7.530684 0.004969
52.136639 -17.499907 6.036224 -3.205339 276.017426 -146.670959 0.260361 0.191189 7.573355 0.006008
52.259655 -17.467127 6.118075 -3.229041 276.911743 -146.934418 0.236609 0.176500 7.589189 0.005110
52.383671 -17.431822 6.179450 -3.211388 277.815735 -147.199509 0.213206 0.159709 7.603589 0.003986
52.506687 -17.397985 6.209986 -3.122310 278.715179 -147.461273 0.189415 0.147972 7.621448 0.004201
52.629704 -17.354416 6.211114 -2.975881 279.608856 -147.718842 0.168085 0.141841 7.618912 0.003329
52.754719 -17.321644 6.180198 -2.773451 280.531830 -147.983292 0.148945 0.140627 7.617856 0.000936
52.879734 -17.302200 6.150035 -2.583087 281.447021 -148.245193 0.132486 0.141947 7.607429 -0.001496
53.005749 -17.303307 6.108329 -2.363924 282.360168 -148.504425 0.118960 0.141503 7.584281 -0.004576
53.131763 -17.318901 6.065929 -2.137752 283.284607 -148.764206 0.107879 0.131503 7.549900 -0.005558
53.256779 -17.344030 6.016016 -1.961571 284.192596 -149.016663 0.101244 0.104001 7.527089 -0.006251
53.382793 -17.369362 5.960935 -1.813574 285.096069 -149.266891 0.098714 0.057289 7.479256 -0.004627
53.508808 -17.403244 5.907857 -1.715700 286.010345 -149.518921 0.099199 -0.003357 7.452163 -0.007081
53.634823 -17.449606 5.861601 -1.645249 286.912842 -149.765808 0.099720 -0.067083 7.408637 -0.008066
53.760838 -17.524267 5.830727 -1.662297 287.808960 -150.011597 0.099105 -0.126257 7.356081 -0.012397
53.886852 -17.617664 5.798475 -1.727458 288.699982 -150.255936 0.096401 -0.179118 7.309965 -0.010955
54.012867 -17.721504 5.770742 -1.823155 289.586212 -150.499130 0.091139 -0.226404 7.277343 -0.013321
54.137882 -17.841585 5.739138 -1.981371 290.460022 -150.740265 0.084950 -0.270841 7.231472 -0.014486
54.252895 -17.963129 5.701359 -2.178097 291.251923 -150.958664 0.078098 -0.308019 7.189731 -0.016223
54.378910 -18.111719 5.639871 -2.408422 292.122650 -151.198181 0.070200 -0.340804 7.146262 -0.018086
54.504925 -18.278690 5.553733 -2.612171 292.994843 -151.437225 0.061438 -0.354245 7.104938 -0.021076
54.630939 -18.460482 5.431032 -2.786293 293.854187 -151.673492 0.052644 -0.339340 7.052325 -0.023817
54.756954 -18.662203 5.296982 -2.873955 294.702026 -151.904755 0.044029 -0.297865 7.013581 -0.028843
54.882969 -18.897848 5.158095 -2.897309 295.559113 -152.137451 0.037713 -0.240703 6.974072 -0.034640
55.008984 -19.153908 5.026132 -2.877437 296.404358 -152.365204 0.033894 -0.186703 6.929926 -0.036003
55.133999 -19.427204 4.898848 -2.890234 297.238586 -152.588684 0.031203 -0.147163 6.895325 -0.039015
55.260014 -19.723301 4.796293 -2.959404 298.074615 -152.812927 0.030257 -0.120077 6.853938 -0.041440
55.386028 -20.053268 4.714382 -3.036019 298.906311 -153.036102 0.032397 -0.095477 6.819948 -0.047120
55.512039 -20.414946 4.646698 -3.104510 299.733124 -153.257950 0.037353 -0.058741 6.774391 -0.050429
55.637054 -20.797966 4.581823 -3.160385 300.548248 -153.475800 0.042087 -0.004575 6.729693 -0.055752
55.762070 -21.209774 4.525136 -3.212947 301.358704 -153.693420 0.046310 0.066849 6.703249 -0.058281
55.886086 -21.653851 4.470906 -3.321717 302.158356 -153.909698 0.049391 0.147163 6.660486 -0.062941
56.013100 -22.124374 4.424987 -3.430535 302.964752 -154.128952 0.050373 0.231347 6.614997 -0.064732
56.128113 -22.559256 4.379127 -3.567026 303.695892 -154.328400 0.048681 0.305468 6.573416 -0.064320
56.254128 -23.054895 4.316142 -3.739916 304.491913 -154.547089 0.044725 0.379722 6.537644 -0.068299
56.380142 -23.552885 4.238668 -3.959579 305.283478 -154.765411 0.037324 0.439217 6.504263 -0.067181
56.505157 -24.072512 4.135503 -4.237203 306.069885 -154.983200 0.028865 0.476128 6.456683 -0.070887
56.631172 -24.609701 4.006227 -4.522053 306.850128 -155.201004 0.020490 0.483697 6.414670 -0.071894
56.756187 -25.155933 3.865970 -4.779849 307.619995 -155.415695 0.011159 0.463304 6.379163 -0.073601
56.882202 -25.718992 3.739837 -5.000205 308.390839 -155.632004 0.003119 0.423585 6.334768 -0.077749
57.008217 -26.287304 3.633762 -5.233699 309.149506 -155.846664 -0.003008 0.377998 6.286472 -0.077909
57.133232 -26.865942 3.543253 -5.522955 309.901672 -156.063217 -0.005748 0.333062 6.244912 -0.078219
57.259247 -27.469389 3.473780 -5.812209 310.653778 -156.281464 -0.005889 0.284051 6.194064 -0.082156
57.384262 -28.089748 3.433020 -6.103593 311.397522 -156.501541 -0.004649 0.217572 6.128468 -0.083852
57.510277 -28.708242 3.421312 -6.433082 312.125977 -156.722641 -0.000339 0.125521 6.064414 -0.083995
57.635292 -29.345543 3.430722 -6.768972 312.851868 -156.946381 0.005799 0.010717 6.005087 -0.086317
57.760307 -30.007490 3.465895 -7.181491 313.564667 -157.170258 0.015472 -0.109681 5.954461 -0.090635
57.886322 -30.691950 3.507542 -7.597901 314.269135 -157.395096 0.025523 -0.225060 5.891533 -0.093189
58.011337 -31.385605 3.543920 -8.022034 314.966156 -157.621460 0.034566 -0.331535 5.842189 -0.093363
58.136353 -32.080967 3.576214 -8.416121 315.656128 -157.848923 0.043355 -0.427663 5.790282 -0.093509
58.261368 -32.781517 3.611314 -8.812359 316.343567 -158.079758 0.049759 -0.507534 5.731197 -0.092841
58.387383 -33.473389 3.643758 -9.169203 317.024445 -158.312943 0.053457 -0.559336 5.693755 -0.093594
58.511398 -34.160393 3.668881 -9.473062 317.687866 -158.543655 0.056513 -0.577651 5.644194 -0.094590
58.634415 -34.837837 3.703478 -9.671382 318.340912 -158.772583 0.058716 -0.567571 5.615713 -0.093796
58.758427 -35.506187 3.753530 -9.816895 318.989044 -159.002792 0.060568 -0.535859 5.572060 -0.093474
58.884441 -36.193779 3.808981 -9.953599 319.646332 -159.240082 0.063274 -0.483612 5.527837 -0.094372
59.009457 -36.876762 3.876728 -10.084981 320.297089 -159.479706 0.067011 -0.410360 5.486537 -0.093578
59.135471 -37.551407 3.960000 -10.178629 320.941681 -159.722031 0.072032 -0.316489 5.454274 -0.092613
59.262486 -38.228001 4.049370 -10.267932 321.580872 -159.965790 0.079154 -0.210447 5.411553 -0.092961
59.387501 -38.905491 4.145220 -10.388487 322.214081 -160.211548 0.090027 -0.103330 5.373978 -0.093385
59.511517 -39.582390 4.225738 -10.521596 322.832397 -160.454727 0.103208 -0.005843 5.345543 -0.095693
59.635532 -40.276730 4.286435 -10.659966 323.445770 -160.699722 0.118284 0.080298 5.314271 -0.096465
59.759544 -40.963745 4.361445 -10.756252 324.050262 -160.943909 0.133754 0.156729 5.290341 -0.096931
59.885559 -41.670452 4.442385 -10.796353 324.670624 -161.197922 0.150148 0.230329 5.268419 -0.096274
60.011574 -42.361679 4.532084 -10.832414 325.281555 -161.453644 0.167112 0.297796 5.250985 -0.094672
