1.20 1.10 20 64
0.135000 0.006078 0.030210 -0.112425 0.926031 0.001557 -0.128381 0.065483 6.696106 0.000913
0.253000 -0.002323 0.138589 -0.284265 1.712824 0.004205 -0.078410 0.068667 6.647463 -0.002003
0.381000 -0.015863 0.335516 -0.476935 2.565828 0.009415 0.007477 0.069996 6.581689 -0.002192
0.511000 -0.035199 0.590904 -0.731872 3.410468 0.015466 0.112548 0.065786 6.524344 -0.001533
0.628000 -0.045094 0.835216 -0.980667 4.177615 0.021553 0.213101 0.054691 6.489705 -0.000052
0.760000 -0.044648 1.107781 -1.218360 5.026099 0.029069 0.316803 0.031352 6.473259 0.001467
0.877000 -0.036511 1.348877 -1.439711 5.791251 0.037180 0.393107 -0.000018 6.492721 0.000966
1.007001 -0.038233 1.594043 -1.699786 6.631599 0.046702 0.451747 -0.044112 6.535174 0.000473
1.137000 -0.039255 1.833429 -1.928442 7.485674 0.057473 0.479769 -0.094620 6.592619 0.000082
1.254000 -0.041242 2.021917 -2.107333 8.260715 0.067211 0.475010 -0.137249 6.644574 0.001113
1.379000 -0.038816 2.187605 -2.347046 9.096296 0.076718 0.438917 -0.171640 6.716776 0.001760
1.507000 -0.032224 2.319027 -2.562502 9.959723 0.086310 0.374503 -0.191763 6.765698 0.001892
1.635000 -0.029152 2.427209 -2.779477 10.829122 0.096452 0.289570 -0.196721 6.807074 0.001010
1.752000 -0.035943 2.514215 -2.941762 11.627500 0.106921 0.202536 -0.187560 6.835350 -0.000131
1.878000 -0.048865 2.593439 -3.105883 12.496165 0.118731 0.108650 -0.159250 6.844966 -0.000154
2.005000 -0.052746 2.662201 -3.270572 13.358364 0.128915 0.024231 -0.112455 6.842606 0.000848
2.131000 -0.053541 2.735483 -3.414491 14.226250 0.137319 -0.045577 -0.054096 6.824789 0.000674
2.260000 -0.052193 2.810673 -3.456746 15.098775 0.147566 -0.094086 0.003729 6.805543 -0.000447
2.377001 -0.053202 2.906980 -3.333695 15.893482 0.159482 -0.114412 0.048214 6.783994 -0.001447
2.506001 -0.055586 3.023261 -3.105226 16.772797 0.173578 -0.108534 0.085864 6.748828 -0.002156
2.636002 -0.041497 3.144322 -2.743157 17.640224 0.189266 -0.076556 0.109292 6.711560 0.000173
2.753002 -0.023675 3.264776 -2.323385 18.422546 0.202862 -0.029251 0.116924 6.672290 -0.001595
2.882003 -0.013578 3.389966 -1.837919 19.280075 0.218067 0.034749 0.114269 6.633831 -0.002148
3.009003 -0.003673 3.495737 -1.349436 20.120260 0.234412 0.102456 0.113015 6.607802 -0.002744
3.135002 0.001221 3.583344 -0.903188 20.950846 0.250982 0.164926 0.126994 6.585936 -0.002885
3.261002 0.011005 3.649800 -0.439928 21.788042 0.266341 0.217510 0.158519 6.596750 -0.002734
3.378003 0.013867 3.682698 -0.025117 22.554174 0.279815 0.251597 0.194000 6.611725 -0.004126
3.507003 0.005181 3.694495 0.401042 23.409107 0.294005 0.270470 0.226951 6.641606 -0.005273
3.635003 -0.015884 3.691857 0.819919 24.262600 0.306857 0.267634 0.245368 6.683308 -0.006842
3.752004 -0.036782 3.684891 1.165419 25.046547 0.319039 0.247405 0.250241 6.715917 -0.006490
3.881004 -0.064599 3.667212 1.488732 25.907913 0.331763 0.205850 0.246007 6.739454 -0.007180
4.009004 -0.107494 3.651271 1.789786 26.779081 0.344028 0.148487 0.234045 6.761847 -0.009236
4.126005 -0.160905 3.636183 2.023313 27.571167 0.355793 0.090229 0.217729 6.772229 -0.010227
4.254006 -0.229628 3.619856 2.185801 28.444565 0.369533 0.025603 0.191586 6.767273 -0.010706
4.382008 -0.302998 3.621479 2.271586 29.310308 0.382154 -0.033014 0.150649 6.757810 -0.010529
4.509009 -0.374786 3.650476 2.303767 30.159405 0.395720 -0.078829 0.089277 6.725444 -0.010071
4.635010 -0.452555 3.706447 2.239077 31.010929 0.408714 -0.108062 0.005356 6.692174 -0.010346
4.752011 -0.531008 3.781204 2.087232 31.791040 0.420952 -0.118450 -0.086643 6.653737 -0.010920
4.880013 -0.622078 3.885706 1.889001 32.633701 0.434492 -0.111962 -0.194356 6.617128 -0.010341
5.009014 -0.715718 3.983896 1.625775 33.483883 0.446161 -0.089026 -0.305822 6.571257 -0.010006
5.136015 -0.819353 4.084800 1.289838 34.314705 0.457289 -0.054221 -0.407186 6.524845 -0.011393
5.256016 -0.919727 4.190402 0.907212 35.101280 0.468249 -0.013877 -0.480910 6.486205 -0.010416
5.385017 -1.019149 4.281963 0.546040 35.927334 0.480588 0.028941 -0.518290 6.436552 -0.010052
5.502018 -1.115610 4.340661 0.218541 36.677708 0.493189 0.063559 -0.512425 6.397849 -0.010325
5.629019 -1.222088 4.372206 -0.150275 37.488319 0.506597 0.092891 -0.474129 6.377456 -0.011960
5.758020 -1.344714 4.368009 -0.520720 38.310093 0.520442 0.110630 -0.418721 6.365752 -0.013968
5.886022 -1.476830 4.315440 -0.868416 39.131222 0.533605 0.115576 -0.357513 6.364635 -0.014727
6.004023 -1.588609 4.213773 -1.146440 39.876251 0.545027 0.108029 -0.296931 6.367550 -0.014029
6.133024 -1.714279 4.046826 -1.423114 40.697697 0.557764 0.087790 -0.219837 6.371234 -0.014045
6.251025 -1.819902 3.853411 -1.653586 41.456150 0.569039 0.060254 -0.135034 6.376517 -0.012657
6.379026 -1.928812 3.633701 -1.857983 42.273094 0.579518 0.024022 -0.029315 6.394178 -0.013741
6.506027 -2.031086 3.425002 -2.007502 43.086464 0.589194 -0.012596 0.084900 6.411513 -0.012662
6.636028 -2.137436 3.257371 -2.163162 43.914444 0.598970 -0.045120 0.197931 6.418286 -0.012972
6.754029 -2.239139 3.137832 -2.252120 44.672253 0.607032 -0.069320 0.286464 6.426302 -0.014849
6.884030 -2.352769 3.047985 -2.274315 45.507175 0.615556 -0.084944 0.360391 6.414564 -0.015667
7.001031 -2.466059 3.016476 -2.263089 46.256802 0.622045 -0.086852 0.410699 6.396463 -0.017127
7.131032 -2.583233 3.032809 -2.127774 47.087151 0.629660 -0.077760 0.460480 6.373697 -0.015587
7.259034 -2.690706 3.111550 -1.985492 47.906769 0.635280 -0.059199 0.511273 6.336896 -0.015530
7.377035 -2.784562 3.215975 -1.857699 48.645813 0.638810 -0.035393 0.557242 6.299727 -0.014543
7.507036 -2.886019 3.364339 -1.709603 49.461906 0.640479 -0.006142 0.596514 6.264244 -0.014135
7.636037 -2.965139 3.527936 -1.551663 50.267162 0.641084 0.022549 0.609931 6.228313 -0.011313
7.753038 -3.030379 3.672711 -1.444963 51.000164 0.639211 0.046092 0.589634 6.201829 -0.010844
7.883039 -3.106885 3.796410 -1.360597 51.798386 0.636463 0.065761 0.525207 6.181168 -0.010233
8.011040 -3.172961 3.872376 -1.282493 52.588463 0.632879 0.077373 0.416732 6.171311 -0.009109
8.136038 -3.228452 3.902522 -1.177934 53.365051 0.628699 0.079753 0.271322 6.161489 -0.008449
8.252037 -3.263216 3.873329 -1.026673 54.074417 0.623910 0.073161 0.115611 6.174406 -0.006600
8.381037 -3.301275 3.800615 -0.868948 54.872692 0.617811 0.059217 -0.069057 6.197928 -0.007190
8.510036 -3.341120 3.701278 -0.719468 55.674149 0.610912 0.040380 -0.244036 6.223941 -0.007422
8.628036 -3.390843 3.593071 -0.590292 56.409309 0.602963 0.020961 -0.381924 6.241960 -0.008913
8.758037 -3.459193 3.470985 -0.428554 57.222439 0.593371 -0.001036 -0.501268 6.265365 -0.011931
8.887036 -3.538451 3.380519 -0.291538 58.032200 0.582720 -0.020047 -0.588923 6.285934 -0.011213
9.004036 -3.603287 3.316372 -0.216294 58.768909 0.572205 -0.032169 -0.650665 6.301182 -0.010504
9.130034 -3.678986 3.271826 -0.149556 59.563694 0.559486 -0.039660 -0.705218 6.315339 -0.011655
9.259034 -3.764669 3.273687 -0.038119 60.385914 0.545687 -0.038485 -0.749773 6.330761 -0.012193
9.377034 -3.837420 3.320242 0.086666 61.126644 0.532556 -0.029078 -0.773306 6.329710 -0.011444
9.507034 -3.914700 3.418473 0.255681 61.949085 0.518661 -0.012986 -0.769081 6.322793 -0.010875
9.636034 -3.984852 3.549240 0.363881 62.764164 0.501406 0.007506 -0.721835 6.316070 -0.009836
9.755034 -4.051892 3.688013 0.460375 63.514816 0.483191 0.027523 -0.633541 6.302943 -0.010861
9.885035 -4.117188 3.854797 0.500477 64.332397 0.462833 0.045918 -0.488294 6.283116 -0.008769
10.004035 -4.178146 3.999969 0.463255 65.078590 0.443649 0.058484 -0.317177 6.267109 -0.008966
10.134035 -4.243432 4.135587 0.429893 65.892365 0.422277 0.065981 -0.100547 6.262749 -0.008168
10.252035 -4.297888 4.237775 0.377851 66.631065 0.403296 0.066434 0.110398 6.263669 -0.006736
10.382035 -4.346881 4.313655 0.318264 67.445602 0.383844 0.058818 0.337013 6.267514 -0.005504
10.512035 -4.389717 4.344369 0.230337 68.260582 0.363776 0.044469 0.535677 6.274252 -0.004442
10.630035 -4.426990 4.331643 0.092232 69.001320 0.345193 0.026911 0.677211 6.285051 -0.003210
10.759035 -4.472882 4.283059 -0.072261 69.812241 0.324089 0.005694 0.785131 6.290663 -0.005467
10.877035 -4.520644 4.212591 -0.243779 70.560211 0.303776 -0.012289 0.847703 6.288598 -0.004496
11.007035 -4.562702 4.119367 -0.413158 71.371750 0.283040 -0.028932 0.883245 6.294251 -0.003541
11.126036 -4.602953 3.992188 -0.556065 72.119873 0.264094 -0.039580 0.887971 6.288022 -0.004777
11.255035 -4.654872 3.862126 -0.732545 72.931122 0.242246 -0.044526 0.856213 6.290384 -0.005932
11.384035 -4.718359 3.736589 -0.905658 73.741837 0.221696 -0.043114 0.777707 6.283544 -0.008075
11.502035 -4.783094 3.648545 -1.083480 74.482628 0.201341 -0.035312 0.664245 6.275463 -0.007421
11.629034 -4.850557 3.571187 -1.288702 75.284996 0.178691 -0.020585 0.506762 6.264817 -0.008486
11.756033 -4.933106 3.516094 -1.462067 76.073555 0.157329 -0.001903 0.333870 6.256258 -0.010753
11.883032 -5.011324 3.468899 -1.667047 76.867043 0.135527 0.018618 0.159089 6.245835 -0.007990
12.012032 -5.077672 3.455812 -1.870235 77.672241 0.113478 0.040065 -0.010337 6.244905 -0.007409
12.129031 -5.133672 3.458012 -2.018713 78.402031 0.093403 0.058038 -0.157457 6.235041 -0.006262
12.258031 -5.193298 3.463622 -2.171828 79.205772 0.068795 0.072818 -0.312715 6.232611 -0.007085
12.387031 -5.253892 3.492856 -2.328035 80.009407 0.042062 0.082341 -0.455607 6.235266 -0.006493
12.504030 -5.308574 3.532055 -2.404413 80.744453 0.016904 0.085303 -0.566528 6.229707 -0.007807
12.633030 -5.367609 3.561577 -2.461977 81.548431 -0.010117 0.081683 -0.660174 6.241286 -0.007083
12.751030 -5.425272 3.585626 -2.495231 82.278564 -0.034874 0.072960 -0.722991 6.248881 -0.009090
12.879029 -5.494139 3.610343 -2.458786 83.084496 -0.062813 0.059605 -0.776362 6.257041 -0.009786
13.006028 -5.562232 3.656671 -2.443921 83.872490 -0.090862 0.044998 -0.817825 6.256839 -0.009288
13.135028 -5.624269 3.724692 -2.420960 84.686310 -0.120965 0.031400 -0.842650 6.266657 -0.009818
13.253028 -5.682536 3.806002 -2.399351 85.425331 -0.149505 0.021511 -0.833244 6.265002 -0.007911
13.384028 -5.741111 3.909390 -2.340891 86.238960 -0.182863 0.015451 -0.765082 6.262628 -0.008089
13.502028 -5.791002 3.994196 -2.280931 86.976639 -0.213630 0.012993 -0.638777 6.253891 -0.007145
13.632028 -5.847887 4.092655 -2.228202 87.787918 -0.249470 0.015908 -0.437656 6.242095 -0.009368
13.751028 -5.903692 4.168693 -2.200973 88.529533 -0.283384 0.021947 -0.221874 6.236403 -0.008178
13.881028 -5.960398 4.236137 -2.108215 89.338295 -0.319837 0.031225 0.009382 6.227142 -0.008699
14.010028 -6.024406 4.293085 -1.987237 90.146973 -0.357071 0.043009 0.207446 6.230577 -0.010860
14.128028 -6.100735 4.319665 -1.902132 90.881096 -0.391120 0.055042 0.353434 6.226503 -0.012702
14.258028 -6.181880 4.324353 -1.813870 91.683228 -0.428776 0.066073 0.479242 6.232584 -0.011664
14.386027 -6.262638 4.316873 -1.714108 92.486214 -0.467083 0.073817 0.574237 6.230519 -0.012723
14.503027 -6.341123 4.298088 -1.646221 93.208870 -0.501760 0.078737 0.632722 6.236895 -0.013105
14.633027 -6.433872 4.263047 -1.600464 94.019279 -0.541663 0.079767 0.670997 6.246417 -0.013265
14.751027 -6.529320 4.204758 -1.588707 94.755714 -0.578282 0.077606 0.689689 6.256481 -0.014809
14.878026 -6.636397 4.103662 -1.577145 95.556404 -0.617581 0.072665 0.701013 6.265950 -0.015374
15.007026 -6.752382 3.981057 -1.570499 96.359482 -0.657781 0.065462 0.701188 6.289604 -0.016545
15.136025 -6.888271 3.850883 -1.539464 97.171814 -0.698875 0.055352 0.678068 6.312125 -0.020213
15.253025 -7.030623 3.743231 -1.530784 97.910461 -0.736883 0.045138 0.625678 6.329189 -0.021645
15.382025 -7.191756 3.644230 -1.576760 98.726791 -0.780360 0.033583 0.529764 6.344714 -0.021639
15.510024 -7.363187 3.573286 -1.666919 99.538094 -0.823424 0.023917 0.401228 6.342925 -0.022901
15.627024 -7.530802 3.528054 -1.786025 100.279175 -0.863552 0.016749 0.266018 6.342102 -0.024578
15.756023 -7.721825 3.484271 -1.967781 101.101501 -0.910024 0.011251 0.111569 6.335226 -0.023244
15.886024 -7.905379 3.456693 -2.094284 101.916069 -0.956647 0.009876 -0.037903 6.316593 -0.024643
16.001022 -8.080922 3.445128 -2.177462 102.646393 -0.999964 0.011990 -0.170257 6.298481 -0.026834
16.129015 -8.282389 3.449055 -2.267264 103.444496 -1.048463 0.016534 -0.318071 6.289321 -0.026741
16.255009 -8.477389 3.465633 -2.331717 104.234680 -1.096535 0.022654 -0.468159 6.275671 -0.026484
16.382002 -8.671510 3.488621 -2.414947 105.034927 -1.146834 0.027258 -0.609589 6.259532 -0.025590
16.510994 -8.867290 3.517940 -2.459128 105.832733 -1.199786 0.030066 -0.715320 6.235801 -0.026978
16.627987 -9.048505 3.539049 -2.491704 106.565628 -1.249565 0.033216 -0.765267 6.214708 -0.026784
16.754980 -9.248050 3.559890 -2.521358 107.344940 -1.303917 0.034153 -0.764072 6.193863 -0.027826
16.880974 -9.456336 3.581635 -2.557581 108.122795 -1.359080 0.033952 -0.713099 6.183592 -0.028493
17.010965 -9.678012 3.589993 -2.643120 108.923912 -1.417557 0.031036 -0.620074 6.173436 -0.029091
17.127958 -9.886455 3.597416 -2.731375 109.649185 -1.472283 0.026379 -0.510371 6.156077 -0.031027
17.258949 -10.119165 3.619308 -2.788835 110.446365 -1.533331 0.020217 -0.377407 6.142217 -0.031234
17.375942 -10.337085 3.654098 -2.836073 111.167274 -1.589125 0.014299 -0.259992 6.121174 -0.031974
17.505934 -10.575265 3.693321 -2.918639 111.953026 -1.651954 0.007650 -0.147694 6.104685 -0.031504
17.634926 -10.832633 3.724288 -2.998415 112.742996 -1.716110 0.001277 -0.049647 6.090578 -0.035685
17.752918 -11.086509 3.756668 -3.047075 113.458664 -1.774757 -0.002741 0.037966 6.076598 -0.038150
17.880911 -11.373470 3.800348 -3.106069 114.232010 -1.839867 -0.003881 0.142205 6.056273 -0.038670
18.007904 -11.654778 3.833374 -3.103444 114.997055 -1.904997 -0.003100 0.255356 6.035177 -0.038174
18.125896 -11.922362 3.879272 -3.103101 115.699409 -1.966736 -0.000363 0.358416 6.019276 -0.040305
18.254889 -12.211972 3.930250 -3.078310 116.470345 -2.036623 0.004529 0.455965 5.992571 -0.041027
18.384880 -12.525599 3.992479 -3.062422 117.244286 -2.108603 0.010327 0.531670 5.970395 -0.042509
18.501873 -12.811867 4.039944 -3.074408 117.938347 -2.174560 0.015378 0.579992 5.954674 -0.042551
18.630865 -13.136876 4.090075 -3.063782 118.702049 -2.247769 0.018838 0.609235 5.939227 -0.044943
18.759857 -13.485974 4.125081 -3.103474 119.463013 -2.322426 0.020842 0.607334 5.917938 -0.046770
18.876850 -13.809674 4.147619 -3.170649 120.150856 -2.392476 0.021074 0.575181 5.902483 -0.047769
19.004843 -14.171803 4.168372 -3.273950 120.901115 -2.471569 0.020727 0.511293 5.886813 -0.049829
19.132835 -14.566724 4.203180 -3.403083 121.655167 -2.554246 0.019427 0.428190 5.873879 -0.053506
19.261827 -14.976892 4.255775 -3.566006 122.401474 -2.638334 0.015857 0.337186 5.861796 -0.054410
19.377821 -15.366307 4.296632 -3.756482 123.081055 -2.717814 0.011686 0.251093 5.839373 -0.056728
19.504814 -15.802191 4.328943 -3.992759 123.816246 -2.806437 0.005903 0.156840 5.824262 -0.058988
19.633808 -16.279474 4.389475 -4.307033 124.560310 -2.900280 -0.000242 0.062475 5.802665 -0.063163
19.750801 -16.736389 4.446496 -4.617076 125.226395 -2.986316 -0.006020 -0.020826 5.781808 -0.067019
19.877794 -17.269798 4.508761 -4.947494 125.957741 -3.083983 -0.010574 -0.111754 5.750947 -0.070823
20.005787 -17.804590 4.563873 -5.256837 126.679787 -3.183186 -0.013540 -0.206031 5.729723 -0.071038
20.132780 -18.362175 4.614446 -5.522648 127.398895 -3.284285 -0.014237 -0.307093 5.711919 -0.075695
20.258774 -18.950613 4.667433 -5.775919 128.115250 -3.387719 -0.012034 -0.412919 5.689721 -0.079649
20.384768 -19.547020 4.709682 -6.002898 128.817215 -3.492089 -0.008706 -0.513776 5.667304 -0.081033
20.501760 -20.104780 4.754732 -6.189128 129.471237 -3.592175 -0.005445 -0.596175 5.648722 -0.081533
20.629753 -20.731222 4.815592 -6.350702 130.190063 -3.704530 -0.000516 -0.659742 5.629218 -0.083596
20.759745 -21.375698 4.893211 -6.465465 130.905396 -3.820134 0.003630 -0.681956 5.606367 -0.086663
20.877737 -21.991241 4.973261 -6.571153 131.556335 -3.929713 0.006155 -0.660401 5.584728 -0.092633
21.004730 -22.696625 5.050069 -6.680698 132.258560 -4.051738 0.007052 -0.598921 5.557752 -0.094987
21.130724 -23.392782 5.132360 -6.806952 132.939423 -4.174613 0.007217 -0.517850 5.520305 -0.096181
21.261717 -24.137459 5.239347 -6.991363 133.647568 -4.308224 0.007056 -0.428390 5.489169 -0.097924
21.378712 -24.817757 5.329465 -7.142780 134.282318 -4.429971 0.006315 -0.348092 5.467785 -0.099845
21.505705 -25.567955 5.407135 -7.316264 134.961899 -4.563083 0.002784 -0.255113 5.440439 -0.101839
21.634697 -26.347309 5.486602 -7.538577 135.640884 -4.702557 -0.001970 -0.144600 5.401586 -0.105119
21.751690 -27.083868 5.544649 -7.765331 136.262604 -4.834894 -0.006461 -0.025819 5.377260 -0.106440
21.877684 -27.883762 5.603744 -8.008341 136.917496 -4.978880 -0.009074 0.113347 5.356673 -0.110073
22.006676 -28.733377 5.677475 -8.279852 137.589935 -5.130722 -0.009745 0.265783 5.334268 -0.111479
22.134668 -29.574051 5.760849 -8.489045 138.253372 -5.284669 -0.008031 0.418843 5.313833 -0.112142
22.251661 -30.347261 5.847272 -8.700987 138.856033 -5.429113 -0.004114 0.552310 5.286601 -0.111311
22.379654 -31.192553 5.957213 -8.950798 139.516342 -5.593295 0.001691 0.676560 5.265195 -0.110639
22.508646 -32.049160 6.075647 -9.226984 140.167099 -5.760302 0.008975 0.761230 5.236126 -0.113755
22.634640 -32.916595 6.210650 -9.531154 140.808838 -5.930740 0.017735 0.798861 5.222726 -0.115862
22.759634 -33.786976 6.353855 -9.856752 141.437241 -6.101980 0.027083 0.791885 5.197785 -0.116650
22.876627 -34.606346 6.491806 -10.205541 142.017303 -6.264254 0.037082 0.752860 5.189043 -0.117369
23.004620 -35.522739 6.639501 -10.611061 142.655273 -6.445065 0.048689 0.683657 5.174454 -0.118747
23.131613 -36.441578 6.776627 -11.062186 143.284485 -6.627896 0.059071 0.596410 5.148943 -0.119565
23.255608 -37.359535 6.896211 -11.549427 143.901169 -6.810751 0.066241 0.494291 5.139428 -0.120807
23.383600 -38.315926 6.999718 -12.074437 144.523941 -7.000660 0.071583 0.369307 5.120217 -0.123880
23.510593 -39.299938 7.068565 -12.610598 145.148483 -7.195498 0.075402 0.216356 5.106597 -0.125597
23.626587 -40.186359 7.116832 -13.091099 145.707687 -7.373726 0.078409 0.059236 5.102959 -0.125724
23.752581 -41.173836 7.153685 -13.666487 146.324173 -7.574585 0.082009 -0.120456 5.103814 -0.125592
23.878574 -42.154888 7.190122 -14.268508 146.934006 -7.778317 0.087063 -0.285577 5.097960 -0.124379
24.004568 -43.134495 7.210560 -14.953691 147.540176 -7.986780 0.094010 -0.422789 5.081468 -0.123059
24.131561 -44.138077 7.224750 -15.650503 148.149429 -8.200382 0.102557 -0.527565 5.087418 -0.126983
24.258554 -45.134026 7.236654 -16.340698 148.752747 -8.414383 0.113719 -0.602785 5.076419 -0.124671
24.381550 -46.106041 7.247276 -17.056564 149.344391 -8.627347 0.127386 -0.657520 5.061048 -0.123578
24.506544 -47.076950 7.227965 -17.786884 149.937561 -8.844772 0.143209 -0.700157 5.053967 -0.122412
24.631538 -48.037094 7.203101 -18.515072 150.528458 -9.064920 0.162181 -0.730614 5.041339 -0.120141
24.758532 -48.996136 7.159710 -19.271957 151.120697 -9.290314 0.184206 -0.737115 5.024124 -0.118870
24.886524 -49.951515 7.118664 -20.048075 151.719254 -9.523966 0.209388 -0.703234 5.015375 -0.116316
25.011518 -50.877880 7.071612 -20.822325 152.300827 -9.756433 0.235070 -0.623334 5.003630 -0.116245
25.127512 -51.727200 7.007131 -21.447418 152.838959 -9.974985 0.259932 -0.516889 5.006922 -0.114785
25.253506 -52.645721 6.929922 -22.085770 153.425095 -10.218054 0.286916 -0.384836 4.989767 -0.115347
25.380499 -53.538540 6.836095 -22.686697 154.009033 -10.465458 0.312692 -0.252247 4.991518 -0.110715
25.508492 -54.405670 6.725756 -23.222977 154.594711 -10.718535 0.337525 -0.125407 4.981941 -0.109022
25.625484 -55.165405 6.629749 -23.645937 155.123901 -10.951406 0.358700 -0.017804 4.982289 -0.105455
25.755480 -55.976208 6.522050 -24.065111 155.718750 -11.218325 0.382179 0.092145 4.976342 -0.098948
25.883472 -56.743015 6.444791 -24.461668 156.297729 -11.483508 0.404219 0.190452 4.970855 -0.098236
26.007467 -57.455177 6.389134 -24.786858 156.857224 -11.744187 0.424919 0.287428 4.980025 -0.093668
26.133461 -58.134480 6.339459 -25.049908 157.420456 -12.009089 0.446241 0.395606 4.976109 -0.089543
26.259455 -58.795341 6.300965 -25.318680 157.990326 -12.282462 0.468624 0.507754 4.975527 -0.084713
26.385448 -59.398071 6.262272 -25.497574 158.553192 -12.557369 0.491047 0.596480 4.967932 -0.077566
26.501442 -59.902592 6.219182 -25.648205 159.064606 -12.811877 0.511469 0.637227 4.967524 -0.071028
26.628435 -60.411663 6.139434 -25.795807 159.631561 -13.099004 0.533893 0.633089 4.962404 -0.064674
26.755428 -60.882450 6.039488 -25.918503 160.191162 -13.388533 0.556713 0.593032 4.958455 -0.061537
26.881422 -61.304512 5.908405 -25.914948 160.744492 -13.679168 0.580220 0.534726 4.958047 -0.056345
27.007416 -61.678978 5.750064 -25.825327 161.295746 -13.972605 0.603924 0.461507 4.956445 -0.050927
27.133410 -62.000435 5.567183 -25.677483 161.845093 -14.269459 0.629196 0.370686 4.958999 -0.044680
27.260403 -62.269341 5.354620 -25.421497 162.391174 -14.570295 0.656184 0.265785 4.938482 -0.037622
27.386396 -62.495541 5.116780 -25.102461 162.932770 -14.876266 0.684267 0.161134 4.934453 -0.033502
27.500391 -62.659267 4.864531 -24.707676 163.425415 -15.160336 0.709196 0.080644 4.946158 -0.027752
27.627386 -62.791199 4.553115 -24.208437 163.967117 -15.479748 0.736180 0.017685 4.953538 -0.020652
27.751381 -62.871140 4.224766 -23.634253 164.489807 -15.794909 0.759335 -0.019263 4.967454 -0.014597
27.876375 -62.906288 3.891271 -22.945509 165.021698 -16.124866 0.779330 -0.042790 4.969764 -0.009058
28.000370 -62.893299 3.565432 -22.125526 165.542755 -16.456114 0.795423 -0.065574 4.985658 -0.003704
28.134365 -62.841137 3.222856 -21.137249 166.103409 -16.821968 0.809669 -0.103876 5.001390 0.000817
28.260359 -62.761528 2.917405 -20.084539 166.623505 -17.170231 0.818872 -0.158874 5.016128 0.005824
28.375353 -62.652733 2.642099 -19.033329 167.099121 -17.496626 0.824412 -0.224342 5.017726 0.009994
28.510347 -62.480877 2.309963 -17.663727 167.657883 -17.890612 0.829358 -0.312011 5.030558 0.017806
28.625341 -62.288029 2.039927 -16.450241 168.121460 -18.228930 0.830124 -0.388383 5.037104 0.025470
28.752335 -62.030998 1.741156 -14.980222 168.631943 -18.614231 0.827799 -0.470119 5.042170 0.030884
28.878328 -61.739044 1.424431 -13.408212 169.133865 -19.005554 0.825331 -0.538679 5.060890 0.038168
29.004322 -61.399693 1.071036 -11.733578 169.635056 -19.409498 0.821160 -0.579443 5.075935 0.043600
29.131315 -61.035179 0.682686 -9.976412 170.127548 -19.820351 0.816575 -0.577357 5.102538 0.049975
29.256310 -60.632763 0.268625 -8.156091 170.615479 -20.241394 0.810143 -0.529413 5.124843 0.056467
29.381304 -60.198189 -0.167758 -6.330216 171.090378 -20.666422 0.802080 -0.445634 5.154679 0.064501
29.507298 -59.713921 -0.659476 -4.433393 171.571198 -21.113346 0.791172 -0.337257 5.182566 0.071905
29.634291 -59.195572 -1.191523 -2.490986 172.043228 -21.568508 0.777075 -0.218502 5.219584 0.078931
29.760284 -58.649632 -1.750473 -0.455977 172.513580 -22.039736 0.759174 -0.092442 5.259169 0.085844
29.876278 -58.120674 -2.264585 1.420170 172.937988 -22.480930 0.740103 0.025937 5.292933 0.092038
30.003271 -57.519215 -2.830084 3.449757 173.393845 -22.972279 0.715334 0.152479 5.340129 0.099184
30.129265 -56.885143 -3.403645 5.481819 173.848465 -23.479708 0.685521 0.271156 5.381457 0.104431
30.256258 -56.228760 -3.972022 7.434914 174.295853 -23.999680 0.654216 0.376004 5.416612 0.109783
30.382252 -55.549183 -4.508580 9.285919 174.732330 -24.527248 0.621732 0.464818 5.444939 0.115972
30.506247 -54.855904 -4.975533 11.017652 175.153015 -25.057482 0.589677 0.535961 5.468124 0.119705
30.633240 -54.129253 -5.381148 12.656445 175.574371 -25.610695 0.557955 0.582759 5.480125 0.120497
30.760233 -53.388325 -5.697427 14.068366 175.982056 -26.168598 0.528123 0.591108 5.485878 0.121366
30.875227 -52.705345 -5.896188 15.175282 176.347122 -26.689184 0.503491 0.559329 5.478849 0.118090
31.001221 -51.974266 -6.011517 16.136202 176.732407 -27.261246 0.476793 0.486612 5.468181 0.112998
31.127214 -51.265404 -6.023721 16.841839 177.105682 -27.837883 0.450324 0.389158 5.436929 0.106172
31.253208 -50.573936 -5.913861 17.334356 177.466476 -28.416773 0.424461 0.280122 5.395765 0.099857
31.378202 -49.923542 -5.675215 17.548744 177.812180 -28.991945 0.396442 0.164042 5.348627 0.090339
31.504196 -49.311523 -5.330717 17.492010 178.148361 -29.570982 0.364016 0.038996 5.287039 0.079935
31.630190 -48.763885 -4.906991 17.193712 178.470673 -30.141560 0.327358 -0.089884 5.211056 0.067968
31.754185 -48.284134 -4.419127 16.660498 178.783249 -30.706648 0.286222 -0.211803 5.135281 0.055832
31.878180 -47.880825 -3.900920 15.905815 179.085327 -31.259966 0.239349 -0.311442 5.047605 0.044004
32.006176 -47.558994 -3.335427 14.965264 179.390213 -31.823273 0.185774 -0.381956 4.970202 0.029347
32.131191 -47.337986 -2.776624 13.859156 179.681610 -32.366478 0.130197 -0.416782 4.899170 0.018355
32.255207 -47.197666 -2.211717 12.560041 179.966263 -32.897903 0.074142 -0.421550 4.838329 0.006977
32.378223 -47.140701 -1.650808 11.145501 180.246353 -33.417747 0.019293 -0.403355 4.778079 -0.003136
32.504238 -47.171009 -1.091748 9.571692 180.530701 -33.939098 -0.033547 -0.365920 4.729239 -0.013915
32.628254 -47.295918 -0.553101 7.866578 180.817245 -34.452839 -0.080431 -0.312311 4.693045 -0.025030
32.751270 -47.508251 -0.049179 6.049607 181.101242 -34.953735 -0.119003 -0.243577 4.676077 -0.036181
32.876286 -47.812847 0.437875 4.106824 181.392868 -35.454304 -0.148432 -0.159573 4.669498 -0.045374
33.010303 -48.244900 0.940903 1.863685 181.716812 -35.996410 -0.166649 -0.060793 4.685116 -0.055780
33.135319 -48.718243 1.361743 -0.237638 182.025970 -36.495605 -0.170827 0.022539 4.707908 -0.063624
33.261333 -49.272430 1.745163 -2.377340 182.345306 -36.992737 -0.163203 0.083792 4.745987 -0.073917
33.384350 -49.897957 2.091666 -4.485435 182.673737 -37.484558 -0.144972 0.120317 4.787846 -0.080119
33.510365 -50.592903 2.416827 -6.490141 183.018845 -37.979233 -0.117841 0.140383 4.853727 -0.090198
33.636379 -51.355362 2.706800 -8.368618 183.380600 -38.478123 -0.084407 0.155697 4.914797 -0.095709
33.751392 -52.085979 2.937516 -9.903629 183.723404 -38.933399 -0.049825 0.169280 4.984544 -0.101552
33.877407 -52.928673 3.133794 -11.397287 184.113205 -39.433456 -0.008232 0.180602 5.064293 -0.108830
34.003422 -53.811279 3.293416 -12.673185 184.521545 -39.937878 0.036860 0.182686 5.144635 -0.112377
34.130436 -54.688465 3.414715 -13.717465 184.941849 -40.440212 0.082475 0.174812 5.236874 -0.113088
34.257450 -55.553329 3.514598 -14.568095 185.383255 -40.952965 0.127657 0.161594 5.319803 -0.109281
34.383465 -56.391159 3.604266 -15.253286 185.830307 -41.460018 0.168325 0.148278 5.395468 -0.109980
34.510479 -57.228832 3.676022 -15.732031 186.294266 -41.973190 0.203824 0.133877 5.483737 -0.110965
34.636494 -58.025906 3.737870 -16.046972 186.763321 -42.480488 0.234137 0.114602 5.553886 -0.106347
34.750507 -58.727116 3.783439 -16.233957 187.204620 -42.948467 0.257878 0.088558 5.612644 -0.103835
34.876522 -59.462643 3.821489 -16.342924 187.696655 -43.461788 0.280335 0.049408 5.664527 -0.098189
35.005535 -60.180817 3.847799 -16.326307 188.209625 -43.987255 0.298341 -0.002971 5.712390 -0.095970
35.130550 -60.844814 3.875665 -16.223114 188.710587 -44.492027 0.311493 -0.059334 5.746976 -0.093004
35.254566 -61.465767 3.892396 -16.068871 189.217087 -44.995468 0.323380 -0.112103 5.766371 -0.086308
35.378582 -62.046654 3.882653 -15.829719 189.732895 -45.500069 0.333472 -0.149133 5.773134 -0.081002
35.504597 -62.590569 3.836942 -15.531215 190.256744 -46.005264 0.344402 -0.163125 5.776672 -0.076645
35.630611 -63.098820 3.773831 -15.207678 190.780869 -46.508728 0.356907 -0.158902 5.757422 -0.072232
35.757626 -63.574112 3.680435 -14.844209 191.304474 -47.009033 0.372554 -0.149967 5.734991 -0.066242
35.882641 -64.009521 3.571376 -14.441723 191.827774 -47.506241 0.392708 -0.146298 5.721936 -0.062182
36.008656 -64.415077 3.453279 -14.009081 192.348633 -48.001225 0.416810 -0.147388 5.689080 -0.057888
36.135670 -64.781349 3.310258 -13.600971 192.866394 -48.494839 0.444422 -0.145853 5.670681 -0.051902
36.250683 -65.072456 3.168227 -13.160731 193.337982 -48.943596 0.470946 -0.137926 5.652708 -0.045698
36.376698 -65.352180 3.005620 -12.654851 193.852570 -49.433655 0.500207 -0.120407 5.627229 -0.039932
36.510715 -65.602646 2.808209 -12.156970 194.397720 -49.958374 0.530748 -0.089626 5.596113 -0.032719
36.625729 -65.776932 2.643255 -11.794714 194.854858 -50.402035 0.554142 -0.048884 5.578275 -0.027875
36.750744 -65.940819 2.462326 -11.458583 195.352173 -50.889759 0.576084 0.013980 5.570218 -0.022517
36.884762 -66.076408 2.274894 -11.162848 195.885773 -51.419739 0.595522 0.096289 5.571854 -0.017135
37.010777 -66.171799 2.120800 -10.934940 196.379318 -51.917866 0.607318 0.173209 5.564899 -0.012856
37.125790 -66.230743 1.991121 -10.723969 196.826324 -52.376400 0.613982 0.232768 5.567601 -0.008506
37.251804 -66.270912 1.874187 -10.485067 197.311661 -52.882553 0.617976 0.282228 5.561976 -0.005029
37.377819 -66.279251 1.779740 -10.219814 197.791931 -53.392929 0.618365 0.317119 5.561904 -0.000756
37.500835 -66.261688 1.702515 -9.890691 198.255341 -53.895695 0.616403 0.337379 5.560676 0.002685
37.625851 -66.222923 1.615149 -9.494026 198.719162 -54.412647 0.611422 0.339980 5.558217 0.005200
37.751865 -66.175705 1.508520 -9.025164 199.180511 -54.939560 0.603358 0.316740 5.559121 0.005538
37.875881 -66.117142 1.386078 -8.450334 199.629333 -55.463829 0.592826 0.263063 5.566126 0.006542
38.010899 -66.038330 1.244549 -7.811128 200.109192 -56.042210 0.576660 0.169971 5.572388 0.009531
38.135914 -65.937706 1.104769 -7.128625 200.545898 -56.586018 0.558178 0.059729 5.583807 0.013164
38.250927 -65.827011 0.977051 -6.379327 200.938354 -57.089157 0.537425 -0.047664 5.608726 0.015773
38.376942 -65.687492 0.825794 -5.474098 201.365585 -57.653774 0.513249 -0.157857 5.628691 0.018450
38.500957 -65.542984 0.649589 -4.499700 201.782745 -58.222458 0.487317 -0.248985 5.653163 0.018996
38.635975 -65.368134 0.463833 -3.416190 202.224106 -58.847153 0.458264 -0.321827 5.675557 0.022613
38.759987 -65.201454 0.277397 -2.421386 202.620407 -59.431610 0.430739 -0.365748 5.711726 0.023315
38.875999 -65.035690 0.081710 -1.391518 202.986176 -59.987370 0.403577 -0.386346 5.747404 0.024773
39.009014 -64.840889 -0.145190 -0.160726 203.398422 -60.635109 0.371477 -0.390843 5.794068 0.024268
39.135029 -64.671364 -0.374869 1.011394 203.780396 -61.253445 0.340882 -0.387392 5.831243 0.024222
39.261044 -64.514999 -0.601404 2.197542 204.163925 -61.890667 0.310217 -0.387125 5.871758 0.021982
39.376057 -64.389114 -0.778494 3.210613 204.502945 -62.470203 0.284227 -0.387880 5.900273 0.021136
39.502071 -64.251442 -0.942584 4.225068 204.875977 -63.123875 0.258878 -0.371528 5.942668 0.020583
39.628086 -64.119667 -1.063781 5.149243 205.239975 -63.780701 0.237002 -0.315528 5.976585 0.020219
39.755100 -63.998955 -1.134284 5.927708 205.600037 -64.445030 0.216978 -0.214187 6.013063 0.018205
39.881115 -63.890671 -1.125109 6.509755 205.958755 -65.121834 0.199003 -0.083091 6.044426 0.016165
40.007130 -63.788074 -1.060532 6.928889 206.311859 -65.798355 0.184545 0.047667 6.067253 0.014945
40.132145 -63.688454 -0.946597 7.159604 206.659973 -66.473923 0.171905 0.159619 6.086038 0.013982
40.257160 -63.596684 -0.786710 7.140841 207.007874 -67.151962 0.161835 0.250639 6.104149 0.011922
40.382175 -63.511879 -0.588079 6.894086 207.355286 -67.832390 0.152879 0.327358 6.117024 0.011354
40.507191 -63.428600 -0.342758 6.495750 207.702423 -68.514595 0.143588 0.394582 6.130252 0.011212
40.634205 -63.343407 -0.068921 5.931086 208.051193 -69.204330 0.133641 0.454045 6.136420 0.011930
40.760220 -63.263699 0.228937 5.166842 208.401611 -69.901001 0.124561 0.502390 6.145703 0.011284
40.876232 -63.202168 0.504635 4.352644 208.719772 -70.532722 0.115453 0.531472 6.152234 0.009854
41.003246 -63.148705 0.788417 3.271986 209.074768 -71.236839 0.104035 0.540953 6.167854 0.009445
41.130260 -63.100056 1.034703 2.086679 209.424881 -71.931244 0.093122 0.520158 6.176007 0.009787
41.257275 -63.042625 1.228083 0.797884 209.779205 -72.632088 0.085016 0.465329 6.185618 0.012632
41.383289 -62.979542 1.371188 -0.481149 210.133560 -73.326736 0.080855 0.380953 6.196479 0.012660
41.510303 -62.906052 1.470667 -1.740083 210.494614 -74.027412 0.080687 0.276027 6.220135 0.015532
41.634319 -62.815311 1.537880 -3.019316 210.854248 -74.718895 0.086647 0.165106 6.246260 0.018634
41.757336 -62.698219 1.569470 -4.266661 211.211426 -75.401009 0.098187 0.058558 6.271874 0.024030
41.882351 -62.549622 1.580479 -5.450585 211.574997 -76.089844 0.114779 -0.040319 6.290541 0.026068
42.008366 -62.376225 1.568370 -6.553295 211.948807 -76.789841 0.137072 -0.130083 6.309006 0.029752
42.134380 -62.176525 1.542044 -7.492555 212.329742 -77.497437 0.163695 -0.211671 6.339856 0.031842
42.260395 -61.943157 1.477468 -8.267133 212.711777 -78.201797 0.192358 -0.288561 6.374326 0.037138
42.386410 -61.667458 1.409335 -8.891812 213.098358 -78.908943 0.221866 -0.366980 6.410991 0.041852
42.501423 -61.389446 1.342561 -9.298356 213.454803 -79.556885 0.248158 -0.443627 6.445880 0.043632
42.627438 -61.066002 1.272608 -9.530952 213.850418 -80.269341 0.274869 -0.528059 6.481461 0.047414
42.754452 -60.699135 1.204920 -9.538943 214.256119 -80.988739 0.300179 -0.599310 6.519709 0.052949
42.881466 -60.306404 1.144809 -9.373820 214.663803 -81.704849 0.321682 -0.635922 6.555460 0.055363
43.007481 -59.879333 1.084365 -9.004392 215.080048 -82.429390 0.338842 -0.622703 6.600212 0.058130
43.134495 -59.437740 1.029455 -8.453341 215.498688 -83.150246 0.351676 -0.558967 6.625664 0.060012
43.261509 -58.973560 0.973995 -7.734352 215.926529 -83.878075 0.361840 -0.456281 6.662660 0.062870
43.376522 -58.522488 0.930447 -6.931410 216.322556 -84.544556 0.368749 -0.344618 6.695679 0.067543
43.503536 -57.995075 0.893396 -5.827999 216.762939 -85.275322 0.373755 -0.218749 6.730436 0.072321
43.630550 -57.432030 0.887117 -4.576374 217.206558 -86.000137 0.377371 -0.099822 6.753152 0.076177
43.757565 -56.827709 0.901143 -3.220696 217.662292 -86.736427 0.380620 0.011002 6.774383 0.080313
43.881580 -56.222958 0.937602 -1.835874 218.108963 -87.449265 0.383997 0.108785 6.787619 0.081951
44.005596 -55.617012 0.982306 -0.425799 218.560287 -88.160126 0.389623 0.200819 6.791159 0.082186
44.128613 -55.001724 1.025749 0.955901 219.013840 -88.862000 0.396740 0.288203 6.797345 0.085320
44.252628 -54.376389 1.074125 2.331717 219.476700 -89.567352 0.405960 0.369983 6.810830 0.084189
44.376644 -53.740288 1.110765 3.674141 219.945847 -90.270920 0.419188 0.438523 6.826160 0.086536
44.511662 -53.053574 1.130760 5.027521 220.461273 -91.035667 0.436007 0.491368 6.835274 0.085451
44.637676 -52.413170 1.123419 6.137800 220.944672 -91.741219 0.453751 0.522126 6.846538 0.087106
44.752689 -51.809452 1.100556 7.040343 221.395828 -92.386772 0.471583 0.537928 6.848687 0.090175
44.878704 -51.128700 1.037206 7.901804 221.900024 -93.096634 0.493529 0.540271 6.859627 0.094210
45.005718 -50.433022 0.955379 8.575250 222.406967 -93.796822 0.515573 0.518162 6.861965 0.095381
45.131733 -49.716236 0.860063 9.053186 222.925217 -94.498428 0.536166 0.463442 6.870238 0.098660
45.257748 -49.000656 0.762452 9.389318 223.446182 -95.190758 0.555165 0.381306 6.883012 0.098891
45.384762 -48.274048 0.659705 9.542096 223.976547 -95.886238 0.571708 0.287158 6.886727 0.099433
45.509777 -47.553001 0.551515 9.566361 224.503387 -96.566948 0.583916 0.198251 6.880541 0.102063
45.636791 -46.814465 0.435655 9.416404 225.039276 -97.248512 0.592962 0.115250 6.879704 0.102643
45.760807 -46.082363 0.301989 9.046577 225.574005 -97.920990 0.598764 0.030500 6.867940 0.102627
45.884823 -45.355289 0.162352 8.621752 226.109467 -98.582047 0.600723 -0.068479 6.856749 0.102896
46.007839 -44.620075 0.016887 8.096491 226.642715 -99.234482 0.598775 -0.184524 6.844091 0.105087
46.133854 -43.865738 -0.129727 7.486416 227.191223 -99.898384 0.594544 -0.313928 6.823591 0.104589
46.260868 -43.103249 -0.274345 6.888521 227.742386 -100.555855 0.588012 -0.438830 6.797120 0.106598
46.386883 -42.326084 -0.421148 6.295426 228.294556 -101.207222 0.580943 -0.541749 6.761964 0.107718
46.512897 -41.547626 -0.572612 5.698047 228.847656 -101.851372 0.573306 -0.611953 6.720008 0.107629
46.627911 -40.824364 -0.719159 5.231473 229.355835 -102.438652 0.566345 -0.642823 6.675625 0.108496
46.753925 -40.031345 -0.882885 4.731837 229.905762 -103.071007 0.558947 -0.637139 6.631666 0.108316
46.880939 -39.232376 -1.071810 4.261411 230.457031 -103.701385 0.552147 -0.589819 6.565532 0.109360
47.008953 -38.410606 -1.280175 3.843145 231.009232 -104.328293 0.546422 -0.504574 6.497645 0.112082
47.134968 -37.603123 -1.501477 3.541636 231.544067 -104.932892 0.542144 -0.395799 6.428188 0.111531
47.260983 -36.793530 -1.754665 3.371848 232.079208 -105.532784 0.541484 -0.275567 6.345813 0.112067
47.385998 -35.980099 -2.038164 3.352022 232.605728 -106.119057 0.542313 -0.155246 6.274572 0.114427
47.512012 -35.143700 -2.348109 3.443979 233.136017 -106.705208 0.546248 -0.032756 6.190412 0.115282
47.637028 -34.332695 -2.672598 3.674653 233.648880 -107.268982 0.549869 0.088046 6.111015 0.116769
47.761044 -33.515339 -3.014803 4.048313 234.156250 -107.822777 0.551664 0.206830 6.018605 0.117643
47.887058 -32.693306 -3.365072 4.560449 234.665298 -108.377007 0.549810 0.316065 5.937654 0.118029
48.003071 -31.954123 -3.708240 5.065525 235.128082 -108.879082 0.545869 0.400286 5.848911 0.115679
48.130085 -31.162045 -4.093649 5.713279 235.627518 -109.418777 0.538100 0.473335 5.741088 0.114009
48.257099 -30.402422 -4.484478 6.508577 236.118469 -109.948112 0.526877 0.527803 5.642625 0.112233
48.383114 -29.675749 -4.837393 7.397262 236.599472 -110.468452 0.510324 0.561653 5.537151 0.109074
48.510128 -28.989820 -5.151116 8.297916 237.070343 -110.979469 0.491077 0.569379 5.419881 0.102891
48.636143 -28.348516 -5.421520 9.233873 237.526627 -111.475250 0.469919 0.548792 5.297449 0.099152
48.762157 -27.757322 -5.635894 10.199229 237.967957 -111.955048 0.447502 0.503725 5.162478 0.093248
48.887173 -27.211607 -5.781588 11.094329 238.398346 -112.423859 0.424564 0.442468 5.041681 0.085026
49.012188 -26.708250 -5.841708 11.894782 238.820679 -112.885597 0.401183 0.370788 4.912045 0.077582
49.127201 -26.292540 -5.809046 12.528045 239.193039 -113.292809 0.381007 0.299365 4.790955 0.070691
49.253216 -25.888348 -5.698643 13.119197 239.594284 -113.730110 0.362364 0.211419 4.656540 0.059196
49.379230 -25.544970 -5.503442 13.590276 239.988571 -114.159172 0.345902 0.108860 4.538241 0.048795
49.504246 -25.266113 -5.247911 13.906812 240.367752 -114.570885 0.331113 -0.007216 4.437533 0.039152
49.630260 -25.040049 -4.928197 14.079768 240.743500 -114.974556 0.314810 -0.135355 4.338493 0.029493
49.754276 -24.866232 -4.547426 14.082961 241.108414 -115.361862 0.295319 -0.264083 4.259826 0.020911
49.880291 -24.746185 -4.125171 13.907719 241.471664 -115.743088 0.272242 -0.388932 4.179320 0.010373
50.006306 -24.687805 -3.666059 13.619061 241.834290 -116.117836 0.245506 -0.509649 4.108132 0.002082
50.132320 -24.682928 -3.194529 13.192241 242.194611 -116.482384 0.215219 -0.624041 4.042737 -0.006163
50.258335 -24.736418 -2.707075 12.572983 242.553696 -116.838623 0.182281 -0.725818 3.995781 -0.014550
50.385349 -24.843203 -2.188998 11.782615 242.915741 -117.189949 0.146765 -0.799635 3.956460 -0.021778
50.512363 -25.002239 -1.674654 10.785567 243.279907 -117.534927 0.108689 -0.825536 3.947180 -0.030327
50.627377 -25.201040 -1.205150 9.708605 243.615295 -117.845459 0.072965 -0.795986 3.937618 -0.036701
50.755390 -25.467297 -0.683934 8.403455 243.986877 -118.178719 0.035930 -0.702209 3.928133 -0.040983
50.882404 -25.785820 -0.160157 6.935527 244.363861 -118.506607 0.005396 -0.550428 3.938592 -0.047876
51.008419 -26.161985 0.356547 5.368921 244.744339 -118.828728 -0.018723 -0.357648 3.970440 -0.054665
51.131435 -26.596527 0.870076 3.758864 245.126724 -119.142807 -0.037341 -0.149648 4.006634 -0.061670
51.257450 -27.091496 1.378822 2.069637 245.524353 -119.459351 -0.049461 0.052688 4.050951 -0.065154
51.381466 -27.614176 1.862367 0.415902 245.922867 -119.765022 -0.055379 0.221265 4.106972 -0.068893
51.506481 -28.191013 2.358170 -1.274746 246.341537 -120.076614 -0.055774 0.358996 4.169717 -0.073197
51.629498 -28.798687 2.818975 -2.887408 246.761551 -120.380096 -0.051007 0.467129 4.249409 -0.077738
51.756512 -29.469408 3.255457 -4.447349 247.207916 -120.694481 -0.041594 0.564131 4.334486 -0.082787
51.882526 -30.178402 3.659904 -5.862516 247.664490 -121.007301 -0.028861 0.652601 4.433103 -0.088109
52.009541 -30.927315 4.017578 -7.196876 248.135315 -121.321564 -0.015057 0.731798 4.539021 -0.093231
52.135555 -31.711964 4.347333 -8.393681 248.624649 -121.640106 0.002159 0.793763 4.643346 -0.098821
52.262569 -32.522026 4.649487 -9.374090 249.125931 -121.958336 0.020027 0.826356 4.758809 -0.103897
52.377583 -33.285732 4.891068 -10.152358 249.600479 -122.254234 0.035718 0.821754 4.859352 -0.105979
52.504597 -34.126789 5.120710 -10.867760 250.130142 -122.579132 0.050262 0.774269 4.977451 -0.109603
52.629612 -34.969315 5.327393 -11.361222 250.675461 -122.907379 0.062526 0.685699 5.104109 -0.111370
52.757626 -35.828579 5.508770 -11.677054 251.244492 -123.243477 0.072853 0.565083 5.206258 -0.113768
52.883640 -36.659389 5.672285 -11.800373 251.819595 -123.577606 0.082270 0.426382 5.323663 -0.113988
53.007656 -37.472172 5.805985 -11.748520 252.398880 -123.909248 0.089979 0.274049 5.423107 -0.115200
53.133671 -38.267113 5.914687 -11.575608 252.995956 -124.246429 0.097935 0.103665 5.524512 -0.113161
53.257687 -39.051868 5.986383 -11.302728 253.603516 -124.586212 0.105443 -0.080531 5.601077 -0.113677
53.382698 -39.822464 6.043626 -10.969048 254.215881 -124.926811 0.112626 -0.267265 5.682085 -0.113882
53.507713 -40.599949 6.082847 -10.553753 254.846497 -125.274940 0.119984 -0.447387 5.739687 -0.114079
53.632729 -41.362247 6.116979 -10.116488 255.480255 -125.621429 0.126211 -0.606197 5.801989 -0.111462
53.759743 -42.113941 6.134989 -9.721381 256.131561 -125.974236 0.133394 -0.740969 5.854107 -0.107439
53.883759 -42.818493 6.139786 -9.392061 256.771942 -126.319893 0.142522 -0.840831 5.880826 -0.101708
54.008774 -43.497322 6.144265 -9.167227 257.417114 -126.666412 0.153773 -0.902821 5.922615 -0.097417
54.134789 -44.163418 6.145426 -8.996767 258.082733 -127.020813 0.165741 -0.925279 5.944015 -0.091388
54.262802 -44.814056 6.151445 -8.977472 258.750214 -127.376389 0.178529 -0.910666 5.970244 -0.089905
54.388817 -45.450390 6.160607 -9.099792 259.415344 -127.729706 0.191688 -0.864087 5.981513 -0.083374
54.504829 -46.017521 6.185439 -9.336188 260.028381 -128.055023 0.203647 -0.791711 5.982505 -0.080193
54.630844 -46.630783 6.219290 -9.749024 260.698975 -128.411438 0.217924 -0.675035 5.976662 -0.076145
54.757858 -47.221458 6.253950 -10.318188 261.364349 -128.764236 0.232103 -0.518703 5.977654 -0.071244
54.880875 -47.782597 6.276592 -11.023500 262.019318 -129.110565 0.247246 -0.331683 5.973168 -0.065973
55.007889 -48.339935 6.281606 -11.811959 262.690948 -129.462341 0.262428 -0.120441 5.964051 -0.063260
55.134903 -48.879173 6.248075 -12.654029 263.360168 -129.811996 0.276377 0.093895 5.941820 -0.060025
55.261917 -49.403996 6.192780 -13.462856 264.024353 -130.155579 0.288852 0.294294 5.927147 -0.059862
55.377930 -49.878773 6.119386 -14.207198 264.634460 -130.469193 0.300924 0.457429 5.905081 -0.058962
55.503944 -50.386318 6.031564 -15.047885 265.300323 -130.809952 0.314635 0.604845 5.877373 -0.056221
55.630959 -50.871906 5.937789 -15.937897 265.963654 -131.147263 0.329003 0.717666 5.847644 -0.052549
55.757973 -51.331543 5.851420 -16.863779 266.618042 -131.480103 0.342895 0.797972 5.812199 -0.048802
55.883987 -51.776955 5.755940 -17.782091 267.274078 -131.813599 0.358238 0.851564 5.780541 -0.048290
56.010002 -52.209229 5.665390 -18.618738 267.920593 -132.141800 0.376851 0.881124 5.737114 -0.048410
56.137016 -52.628147 5.576432 -19.374720 268.563293 -132.467987 0.397567 0.885378 5.712116 -0.047812
56.263031 -53.036926 5.491796 -20.056955 269.207764 -132.795700 0.421209 0.853636 5.682589 -0.044780
56.379044 -53.390678 5.407054 -20.664356 269.787720 -133.092422 0.445286 0.782807 5.655408 -0.044779
56.505058 -53.764935 5.341805 -21.263365 270.425049 -133.419434 0.474416 0.651414 5.625028 -0.042884
56.631073 -54.103138 5.295634 -21.779512 271.048737 -133.740128 0.504131 0.477080 5.595971 -0.037519
56.757088 -54.407707 5.258526 -22.242535 271.674347 -134.063843 0.534394 0.277134 5.583637 -0.035868
56.882103 -54.683014 5.228853 -22.604948 272.297363 -134.388718 0.562517 0.074808 5.570538 -0.031748
57.006119 -54.921387 5.191914 -22.915838 272.907562 -134.709091 0.588437 -0.115128 5.550718 -0.028493
57.129135 -55.134830 5.137671 -23.141905 273.511383 -135.027679 0.613495 -0.289205 5.550642 -0.025971
57.264153 -55.333508 5.063766 -23.248291 274.168915 -135.375259 0.637025 -0.454957 5.551987 -0.023401
57.378166 -55.468891 4.989964 -23.230167 274.727570 -135.671387 0.654188 -0.568701 5.543485 -0.020347
57.503181 -55.581326 4.899259 -23.099880 275.338531 -135.997818 0.668765 -0.657269 5.538513 -0.014684
57.628197 -55.649048 4.804759 -22.925787 275.952667 -136.329666 0.679725 -0.704408 5.543345 -0.008985
57.754211 -55.663483 4.691756 -22.631100 276.566223 -136.663773 0.686076 -0.708299 5.547115 -0.003460
57.880226 -55.635395 4.576365 -22.203665 277.173126 -136.998383 0.687403 -0.670024 5.539466 0.001849
58.005241 -55.567497 4.455410 -21.780704 277.781372 -137.339661 0.686628 -0.597234 5.537221 0.006633
58.132256 -55.459965 4.322805 -21.241705 278.394073 -137.687088 0.684666 -0.504602 5.553510 0.010709
58.258270 -55.332954 4.187405 -20.703108 278.996338 -138.032959 0.684134 -0.411816 5.558962 0.012664
58.384285 -55.183567 4.049038 -20.078344 279.608673 -138.387192 0.684020 -0.325990 5.571867 0.015937
58.511299 -54.994358 3.899141 -19.375429 280.214111 -138.742294 0.683556 -0.248525 5.574405 0.022742
58.636314 -54.755680 3.738957 -18.574663 280.819366 -139.101700 0.684883 -0.172707 5.595355 0.028157
58.763329 -54.474155 3.577451 -17.691700 281.423004 -139.465500 0.686727 -0.094993 5.595456 0.033431
58.878342 -54.176994 3.424236 -16.793800 281.977386 -139.804596 0.687371 -0.022541 5.605784 0.037796
59.004356 -53.823006 3.229508 -15.753106 282.578522 -140.177979 0.688964 0.050339 5.617898 0.042511
59.131371 -53.437340 3.019691 -14.574143 283.178772 -140.555283 0.691291 0.112284 5.637558 0.045788
59.256386 -53.016449 2.807296 -13.294739 283.780151 -140.937286 0.692137 0.163156 5.660523 0.051389
59.383400 -52.570499 2.578824 -11.990408 284.380341 -141.324707 0.691295 0.213446 5.677202 0.054841
59.509415 -52.088230 2.340560 -10.674573 284.978729 -141.719070 0.687812 0.274237 5.699875 0.062093
59.634426 -51.567551 2.085577 -9.318162 285.571655 -142.117523 0.681667 0.345448 5.723962 0.068143
59.760441 -51.001110 1.817246 -7.958170 286.168671 -142.526794 0.672275 0.416853 5.759280 0.074394
59.885456 -50.400715 1.536014 -6.663618 286.765015 -142.943573 0.661109 0.469731 5.788087 0.080301
60.011471 -49.776585 1.234775 -5.441525 287.356567 -143.365509 0.649633 0.491960 5.831812 0.084564
