1.20 1.10 20 64
0.140000 0.015765 0.091936 -0.088348 0.988877 -0.000417 -0.132226 0.157750 6.736786 0.003245
0.257000 0.026845 0.364375 -0.232713 1.774827 -0.001070 -0.066259 0.168712 6.696295 0.000345
0.390000 0.039054 0.838013 -0.331337 2.659108 -0.000975 0.058600 0.168927 6.610013 0.002219
0.507000 0.057927 1.352836 -0.462314 3.426704 0.001078 0.194067 0.153546 6.530444 0.002342
0.640000 0.073126 1.981801 -0.659852 4.288153 0.003813 0.356779 0.130223 6.437169 0.002620
0.757000 0.093058 2.523865 -0.845034 5.038858 0.006939 0.491538 0.120994 6.408756 0.004898
0.890000 0.135183 3.096553 -1.061668 5.897624 0.011706 0.620285 0.134430 6.414648 0.007626
1.007000 0.180922 3.536750 -1.238234 6.644180 0.015892 0.698959 0.160884 6.456373 0.009228
1.141000 0.250045 3.960305 -1.430273 7.515872 0.022308 0.745441 0.189723 6.542580 0.011023
1.257000 0.314075 4.228964 -1.616167 8.287138 0.029470 0.746104 0.197760 6.628888 0.011273
1.391000 0.393240 4.421317 -1.792389 9.176951 0.038077 0.702850 0.179174 6.735132 0.012194
1.507000 0.470460 4.503853 -1.919641 9.971025 0.047019 0.631064 0.140832 6.815850 0.012557
1.640999 0.550888 4.476017 -2.010498 10.883513 0.056317 0.520562 0.083823 6.893164 0.011840
1.757999 0.628679 4.343535 -2.080851 11.693903 0.065056 0.404984 0.032778 6.948312 0.012777
1.890999 0.719146 4.090058 -2.216554 12.621913 0.073467 0.267896 -0.019954 6.999092 0.013160
2.007999 0.791478 3.792401 -2.265272 13.443397 0.080356 0.155945 -0.066648 7.032838 0.011869
2.140999 0.867618 3.427762 -2.289753 14.387774 0.087700 0.052290 -0.134507 7.060123 0.009504
2.257999 0.924924 3.119780 -2.293041 15.208944 0.094214 -0.006259 -0.211685 7.089395 0.008667
2.390999 0.972079 2.824364 -2.187997 16.160521 0.104232 -0.032277 -0.314441 7.105319 0.004492
2.507999 1.008733 2.630958 -2.062587 16.992067 0.115430 -0.013143 -0.394576 7.105491 0.003998
2.641999 1.041607 2.495916 -1.969991 17.936010 0.126870 0.049761 -0.445732 7.090070 0.004584
2.757998 1.076459 2.451341 -1.918678 18.763454 0.135732 0.134923 -0.439166 7.056175 0.004538
2.891998 1.113474 2.482177 -1.856139 19.697681 0.143987 0.248128 -0.373741 7.004527 0.004562
3.008998 1.141011 2.558638 -1.823225 20.515348 0.152280 0.350014 -0.282415 6.984140 0.002751
3.125998 1.171335 2.665131 -1.751248 21.330915 0.162079 0.444204 -0.182588 6.961305 0.003741
3.258998 1.204779 2.814659 -1.580609 22.256775 0.177851 0.532794 -0.082556 6.969616 0.003077
3.391998 1.227994 2.981752 -1.364240 23.185564 0.197118 0.593691 -0.004883 6.998602 0.001405
3.508998 1.246179 3.127134 -1.191523 24.007065 0.214120 0.618755 0.049391 7.038645 0.001276
3.625998 1.270154 3.250091 -0.990353 24.834232 0.232139 0.615516 0.096311 7.095878 0.003191
3.758997 1.313197 3.372643 -0.707343 25.789820 0.253096 0.578672 0.141907 7.160086 0.002929
3.875997 1.349830 3.446476 -0.420210 26.623716 0.271704 0.522421 0.171739 7.210416 0.002479
4.008997 1.378335 3.490981 -0.098285 27.592619 0.293859 0.435510 0.195027 7.248323 -0.000004
4.125998 1.397808 3.499336 0.195695 28.434563 0.314960 0.349379 0.210911 7.275099 -0.000156
4.259998 1.407351 3.478495 0.526379 29.411224 0.340826 0.248348 0.231273 7.298402 -0.001272
4.375998 1.404325 3.438947 0.783013 30.264210 0.363988 0.166285 0.251636 7.290249 -0.002346
4.509999 1.395892 3.388968 1.002750 31.233564 0.388041 0.091016 0.270295 7.291776 -0.002262
4.627000 1.393783 3.329051 1.203425 32.084679 0.409080 0.047579 0.274639 7.269760 -0.003007
4.760000 1.370185 3.267453 1.381997 33.049374 0.431729 0.027063 0.261455 7.239110 -0.005567
4.877001 1.336679 3.237228 1.493422 33.893497 0.451728 0.035128 0.235438 7.198743 -0.007417
5.010001 1.282452 3.220601 1.534914 34.856026 0.470838 0.073177 0.195235 7.171068 -0.007079
5.127002 1.235991 3.233671 1.587668 35.684433 0.486818 0.123955 0.154930 7.118060 -0.007247
5.260002 1.180519 3.251247 1.603571 36.633675 0.504759 0.197328 0.102993 7.064514 -0.006736
5.377003 1.132555 3.259120 1.588176 37.450062 0.519978 0.264489 0.052132 7.027833 -0.007099
5.510003 1.074590 3.241659 1.515929 38.389004 0.537273 0.335864 -0.013154 7.002847 -0.007363
5.628004 1.011936 3.213769 1.445694 39.208908 0.553144 0.387134 -0.071518 7.017694 -0.010376
5.762004 0.925231 3.159277 1.388209 40.150162 0.572132 0.429261 -0.131664 7.035164 -0.012136
5.878005 0.838356 3.082473 1.288411 40.974773 0.590303 0.448751 -0.172400 7.067396 -0.012157
6.012005 0.738734 2.973319 1.151376 41.917244 0.611257 0.448367 -0.203512 7.105092 -0.012157
6.128006 0.650439 2.852406 1.028586 42.752113 0.628710 0.429005 -0.221352 7.158072 -0.011941
6.262006 0.547573 2.708963 0.881207 43.715149 0.650906 0.386840 -0.236393 7.207388 -0.011605
6.391006 0.462862 2.586907 0.763965 44.647697 0.674012 0.332314 -0.248592 7.242088 -0.010301
6.508007 0.390758 2.491438 0.633323 45.496552 0.694921 0.276519 -0.255418 7.263324 -0.010403
6.642008 0.302259 2.405133 0.431004 46.462032 0.719664 0.213583 -0.251865 7.259632 -0.009710
6.758008 0.233942 2.359461 0.253247 47.311432 0.742397 0.164214 -0.233845 7.262741 -0.010000
6.892009 0.150831 2.362288 0.085666 48.276745 0.769755 0.122065 -0.196054 7.256271 -0.009945
7.009009 0.087041 2.405002 -0.086001 49.123947 0.793954 0.099131 -0.153081 7.242175 -0.007384
7.142010 0.020836 2.487516 -0.274657 50.084579 0.819062 0.093096 -0.101348 7.215203 -0.007714
7.259010 -0.050752 2.613021 -0.470361 50.926960 0.841049 0.104182 -0.054477 7.190474 -0.008685
7.376011 -0.117390 2.774811 -0.674989 51.765820 0.863091 0.130031 -0.000358 7.161353 -0.008551
7.509011 -0.188260 2.990075 -0.900517 52.714798 0.889538 0.171714 0.080225 7.118244 -0.006885
7.626012 -0.234006 3.173215 -0.983218 53.544621 0.914519 0.213203 0.168231 7.080118 -0.005587
7.759012 -0.294559 3.372079 -1.013973 54.483841 0.944886 0.259272 0.268808 7.056133 -0.009303
7.876013 -0.347664 3.530401 -1.012232 55.307861 0.972395 0.295569 0.333365 7.042043 -0.008778
8.009013 -0.421526 3.672568 -0.983476 56.250587 1.002007 0.325584 0.356780 7.038629 -0.011258
8.126014 -0.499418 3.750016 -0.938097 57.067684 1.027103 0.339526 0.331204 7.052685 -0.012303
8.260015 -0.591106 3.782712 -0.889517 58.012932 1.056180 0.341798 0.264923 7.061711 -0.012698
8.376015 -0.670480 3.751158 -0.802300 58.840717 1.079971 0.331580 0.192799 7.084046 -0.012494
8.510015 -0.746652 3.652541 -0.742645 59.784866 1.106101 0.307140 0.111068 7.114053 -0.009962
8.627016 -0.808929 3.511539 -0.696096 60.618034 1.129277 0.277523 0.044959 7.130873 -0.010021
8.760016 -0.873907 3.311566 -0.642470 61.566765 1.156229 0.236352 -0.023678 7.136343 -0.008203
8.877017 -0.915385 3.105532 -0.628826 62.402431 1.178836 0.199025 -0.082642 7.149268 -0.005683
9.010017 -0.949366 2.878871 -0.633461 63.352955 1.202380 0.158338 -0.151404 7.155675 -0.003944
9.127018 -0.982102 2.692701 -0.669569 64.190620 1.221560 0.128275 -0.209464 7.164749 -0.004909
9.260018 -1.017778 2.527402 -0.684009 65.149345 1.241987 0.106298 -0.255919 7.148638 -0.004969
9.377019 -1.060694 2.437756 -0.769079 65.977829 1.258605 0.100218 -0.262058 7.133431 -0.006159
9.510019 -1.111210 2.385905 -0.874427 66.929787 1.277482 0.106839 -0.219772 7.088820 -0.006647
9.627020 -1.163065 2.363728 -0.945478 67.757141 1.292843 0.122877 -0.149780 7.062329 -0.007107
9.761021 -1.224751 2.361224 -1.004103 68.692451 1.310766 0.151827 -0.061166 7.014121 -0.008365
9.877021 -1.299472 2.381807 -1.118872 69.510086 1.324566 0.184655 -0.000288 6.978333 -0.011432
10.011022 -1.397759 2.407372 -1.189608 70.434799 1.341047 0.223922 0.033587 6.941294 -0.014129
10.128022 -1.485327 2.431049 -1.199915 71.245422 1.356330 0.256114 0.034644 6.919531 -0.012418
10.261023 -1.594698 2.482735 -1.245084 72.162994 1.372837 0.286296 0.017717 6.888864 -0.015181
10.378023 -1.693633 2.525757 -1.295663 72.966537 1.385532 0.306514 0.000669 6.861329 -0.015080
10.511024 -1.805952 2.564298 -1.386578 73.883865 1.399574 0.319230 -0.011037 6.836137 -0.014699
10.628024 -1.904606 2.573454 -1.454258 74.676117 1.411055 0.319827 -0.011248 6.831047 -0.014167
10.761024 -2.011014 2.557135 -1.544020 75.590439 1.422704 0.309253 0.001697 6.816980 -0.012390
10.878024 -2.100702 2.512498 -1.656482 76.387589 1.431994 0.291331 0.024309 6.810211 -0.011866
11.012025 -2.207088 2.434633 -1.798441 77.291245 1.440317 0.266629 0.058680 6.783952 -0.014687
11.129025 -2.311567 2.315053 -1.947171 78.083946 1.447186 0.243185 0.086900 6.766119 -0.014802
11.262026 -2.437747 2.139949 -2.121060 78.983009 1.453887 0.217983 0.103446 6.754431 -0.016247
11.379026 -2.556645 1.943413 -2.254559 79.772552 1.459122 0.200231 0.099883 6.745303 -0.018051
11.512027 -2.700780 1.697797 -2.372647 80.669167 1.463912 0.188051 0.083793 6.736195 -0.018736
11.629027 -2.820846 1.445529 -2.361894 81.456589 1.467409 0.183342 0.071277 6.724681 -0.017053
11.762028 -2.948244 1.142429 -2.285574 82.356697 1.469128 0.188917 0.065421 6.714458 -0.016312
11.879028 -3.063265 0.877462 -2.190450 83.142479 1.468849 0.203864 0.063811 6.718686 -0.019472
12.012029 -3.204556 0.587055 -2.058768 84.036125 1.467938 0.229054 0.056776 6.722727 -0.018087
12.129029 -3.339644 0.380686 -1.915771 84.822289 1.465274 0.257109 0.046747 6.717480 -0.020490
12.263030 -3.509032 0.161001 -1.737353 85.715233 1.458413 0.291697 0.040964 6.712865 -0.022074
12.379030 -3.664338 0.010174 -1.559533 86.500336 1.451002 0.320321 0.050191 6.708353 -0.024325
12.513031 -3.850114 -0.112293 -1.280871 87.392624 1.442200 0.347610 0.077553 6.707777 -0.024343
12.630032 -4.020051 -0.159339 -1.066626 88.177811 1.432463 0.365076 0.106755 6.711147 -0.025380
12.763032 -4.198307 -0.183190 -0.858478 89.070091 1.419647 0.376251 0.127466 6.709020 -0.022213
12.880033 -4.348835 -0.199129 -0.660294 89.854538 1.406466 0.375979 0.119814 6.701124 -0.022437
13.013033 -4.520334 -0.209794 -0.415809 90.744942 1.389020 0.366285 0.072840 6.695055 -0.022964
13.130033 -4.674975 -0.196884 -0.154119 91.527664 1.372711 0.350314 0.001688 6.688666 -0.022588
13.263034 -4.844223 -0.172383 0.171770 92.421898 1.350918 0.329232 -0.096598 6.663674 -0.021402
13.380034 -4.979949 -0.128377 0.448395 93.192955 1.329868 0.310804 -0.176152 6.645963 -0.019510
13.514035 -5.135637 -0.075341 0.819039 94.080711 1.305649 0.289734 -0.242265 6.614628 -0.019669
13.630035 -5.264919 -0.031807 1.049412 94.853127 1.280233 0.275188 -0.271914 6.601450 -0.019086
13.764036 -5.405522 0.007725 1.286695 95.728371 1.248822 0.265664 -0.276611 6.574505 -0.017067
13.881037 -5.529269 0.042721 1.473087 96.495735 1.219854 0.264041 -0.261448 6.555237 -0.018715
14.014037 -5.653409 0.095163 1.601612 97.365952 1.185178 0.267892 -0.225993 6.543183 -0.016767
14.131038 -5.750806 0.136572 1.608840 98.129646 1.153500 0.276218 -0.180474 6.524359 -0.013073
14.264038 -5.859994 0.143173 1.522452 98.994942 1.116561 0.290331 -0.118409 6.505791 -0.014259
14.381039 -5.948561 0.115993 1.425106 99.754356 1.083025 0.305517 -0.066416 6.492685 -0.013207
14.514039 -6.037951 0.048908 1.253620 100.623528 1.045170 0.324543 -0.026200 6.494139 -0.010112
14.631040 -6.094750 -0.036558 1.040461 101.383110 1.013015 0.340405 -0.013983 6.501169 -0.007784
14.765040 -6.148752 -0.168889 0.756515 102.247444 0.976488 0.355702 -0.015600 6.509870 -0.007462
14.881041 -6.197616 -0.300100 0.500649 103.009674 0.942545 0.366344 -0.011585 6.527036 -0.007456
15.015041 -6.245356 -0.467547 0.131859 103.878654 0.903314 0.375041 0.017062 6.553479 -0.006791
15.131042 -6.275499 -0.614419 -0.193105 104.646759 0.867473 0.379410 0.063724 6.582689 -0.004577
15.265042 -6.316545 -0.767825 -0.541569 105.523628 0.826204 0.382064 0.125380 6.612659 -0.006783
15.382043 -6.353201 -0.873766 -0.831918 106.296974 0.788991 0.383718 0.170529 6.623487 -0.004954
15.515043 -6.378670 -0.944147 -1.162292 107.179184 0.746992 0.383419 0.201696 6.647353 -0.002316
15.632044 -6.379789 -0.966743 -1.411634 107.957466 0.710387 0.381861 0.213018 6.668602 0.000723
15.765044 -6.355647 -0.960372 -1.621400 108.850998 0.668592 0.378354 0.213426 6.682459 0.004646
15.882045 -6.327579 -0.905893 -1.779920 109.625282 0.630364 0.376303 0.206932 6.681070 0.003134
16.016045 -6.299803 -0.780655 -1.929010 110.520622 0.584842 0.372822 0.191352 6.694508 0.003842
16.132048 -6.276268 -0.630541 -2.037476 111.303436 0.546664 0.368074 0.170203 6.702008 0.003609
16.266050 -6.250118 -0.386844 -2.171027 112.192635 0.502973 0.362507 0.136898 6.691221 0.003874
16.383053 -6.209271 -0.148630 -2.231025 112.973824 0.462456 0.358046 0.101524 6.683226 0.007236
16.516056 -6.157165 0.136335 -2.272396 113.859680 0.416288 0.353628 0.058138 6.660836 0.006782
16.633059 -6.116945 0.385331 -2.268129 114.637314 0.376721 0.350226 0.020381 6.649704 0.005896
16.766062 -6.075587 0.616147 -2.250863 115.519089 0.330561 0.346668 -0.021771 6.633415 0.005106
16.883064 -6.029699 0.783872 -2.213452 116.293785 0.290549 0.344355 -0.059821 6.625772 0.008339
17.016068 -5.957489 0.955941 -2.162679 117.180565 0.244391 0.343391 -0.104690 6.626799 0.008439
17.133070 -5.886383 1.069512 -2.080023 117.948853 0.205544 0.347024 -0.138469 6.632912 0.011257
17.267073 -5.793292 1.131017 -1.952055 118.836647 0.159980 0.354108 -0.159232 6.632868 0.011989
17.383076 -5.700912 1.123022 -1.812679 119.604988 0.118163 0.359580 -0.153695 6.631159 0.014517
17.517078 -5.577384 1.055150 -1.654198 120.493225 0.066802 0.366777 -0.120306 6.648177 0.016419
17.633081 -5.458197 0.976557 -1.528426 121.270859 0.021315 0.372537 -0.076356 6.667580 0.018631
17.767084 -5.313616 0.851276 -1.310284 122.157112 -0.030676 0.379067 -0.023732 6.683938 0.018594
17.884087 -5.186304 0.692935 -1.061706 122.940422 -0.075152 0.383799 0.014539 6.720779 0.018501
18.017090 -5.035957 0.477262 -0.855698 123.835884 -0.125572 0.389096 0.043167 6.763570 0.020261
18.134092 -4.908104 0.290064 -0.615489 124.629021 -0.168475 0.391857 0.055482 6.808625 0.018332
18.267096 -4.772396 0.080411 -0.307104 125.535568 -0.216670 0.393161 0.059268 6.842411 0.017147
18.384098 -4.665419 -0.072899 -0.050900 126.337616 -0.258725 0.393098 0.056188 6.882036 0.015973
18.501101 -4.550318 -0.179131 0.117618 127.143715 -0.301252 0.392925 0.047193 6.911086 0.017714
18.634104 -4.403037 -0.238608 0.268414 128.064423 -0.350589 0.392303 0.026585 6.945776 0.019905
18.751106 -4.280613 -0.236657 0.382573 128.877655 -0.394932 0.390608 -0.001699 6.972407 0.017194
18.885109 -4.131045 -0.162812 0.470676 129.812119 -0.446208 0.387552 -0.041323 6.991429 0.019995
19.001112 -3.997414 -0.039374 0.549097 130.622192 -0.490592 0.385453 -0.074843 6.995743 0.020007
19.135115 -3.844631 0.136060 0.594795 131.558716 -0.540584 0.381275 -0.104474 6.998828 0.019444
19.251118 -3.706015 0.326235 0.591017 132.376358 -0.584523 0.376016 -0.118753 6.999285 0.021714
19.385120 -3.550957 0.569763 0.520876 133.305328 -0.634032 0.370469 -0.121137 6.994194 0.019557
19.501123 -3.421486 0.792460 0.416476 134.122406 -0.675557 0.364139 -0.112529 6.992664 0.019313
19.635126 -3.279269 1.029429 0.303438 135.051483 -0.720141 0.356555 -0.095116 6.991171 0.018393
19.752129 -3.157681 1.227230 0.216056 135.868820 -0.758228 0.348938 -0.076748 6.995373 0.018376
19.885132 -3.028375 1.413717 0.096560 136.805847 -0.798883 0.339142 -0.055897 7.005365 0.016308
20.002134 -2.934205 1.531260 -0.032960 137.624222 -0.832081 0.331351 -0.038954 7.001130 0.013476
20.135138 -2.837850 1.614051 -0.232663 138.555862 -0.867977 0.321034 -0.024114 7.013440 0.014415
20.252140 -2.744650 1.657536 -0.398162 139.376892 -0.897972 0.311219 -0.020352 7.026170 0.016088
20.386143 -2.631741 1.676718 -0.569296 140.312149 -0.931295 0.299723 -0.035198 7.043814 0.015508
20.502146 -2.538373 1.689855 -0.696693 141.136337 -0.958790 0.291048 -0.066446 7.048560 0.014082
20.636148 -2.437034 1.688329 -0.901263 142.073639 -0.989877 0.285740 -0.111317 7.059486 0.015434
20.753151 -2.341781 1.691442 -1.092718 142.899796 -1.016943 0.282981 -0.139592 7.070667 0.014992
20.886154 -2.243467 1.705472 -1.315773 143.840164 -1.047074 0.283104 -0.137055 7.079150 0.012763
21.003157 -2.169093 1.705256 -1.494610 144.668198 -1.071281 0.286384 -0.096632 7.083367 0.011320
21.136160 -2.083906 1.701844 -1.695278 145.609863 -1.097191 0.293014 -0.015828 7.082559 0.011418
21.253162 -2.012722 1.701801 -1.827418 146.438538 -1.118970 0.301660 0.069510 7.089936 0.011017
21.386166 -1.946535 1.731198 -1.955716 147.388443 -1.144253 0.308605 0.166522 7.095249 0.008610
21.503168 -1.899518 1.771217 -2.021700 148.210800 -1.165750 0.312925 0.242666 7.093810 0.007013
21.637171 -1.857852 1.853818 -2.092927 149.161667 -1.189713 0.316314 0.319916 7.099616 0.004587
21.753174 -1.827145 1.941076 -2.189644 149.992325 -1.210306 0.315728 0.375580 7.097573 0.006035
21.887177 -1.779685 2.056048 -2.281327 150.935745 -1.233338 0.310035 0.418675 7.091868 0.007152
22.004179 -1.748108 2.155352 -2.359644 151.764908 -1.252477 0.302286 0.432506 7.080327 0.003857
22.137182 -1.729379 2.262997 -2.431522 152.705643 -1.272112 0.290806 0.418090 7.073213 0.001646
22.254185 -1.723334 2.327593 -2.505470 153.531998 -1.289978 0.277389 0.381219 7.056540 0.001564
22.387188 -1.708884 2.366617 -2.529432 154.470383 -1.310381 0.260578 0.316284 7.057792 0.003147
22.504190 -1.676534 2.383137 -2.442532 155.302002 -1.327647 0.245843 0.241427 7.046518 0.004199
22.637194 -1.635962 2.390803 -2.237869 156.237579 -1.346026 0.232567 0.141988 7.028981 0.004700
22.754196 -1.606348 2.376111 -2.065693 157.051971 -1.362803 0.223774 0.046273 7.017772 0.002074
22.888199 -1.583022 2.348161 -1.872378 157.992081 -1.382091 0.216384 -0.071005 7.011922 0.002377
23.004202 -1.553352 2.307513 -1.662324 158.811691 -1.397945 0.214068 -0.178741 7.006885 0.003856
23.139204 -1.504725 2.241700 -1.380222 159.749725 -1.415278 0.214318 -0.306814 7.000590 0.005132
23.255207 -1.458750 2.156037 -1.149985 160.568237 -1.430417 0.214969 -0.413988 6.997705 0.006172
23.389210 -1.401343 2.050984 -0.859096 161.498383 -1.448517 0.215369 -0.511219 6.991170 0.006384
23.506212 -1.346916 1.943874 -0.578011 162.315964 -1.465052 0.217631 -0.557930 6.983657 0.005861
23.639215 -1.284723 1.811850 -0.246729 163.243927 -1.481780 0.222374 -0.560170 6.973921 0.007116
23.756218 -1.226426 1.697275 0.054799 164.059128 -1.495138 0.224688 -0.525804 6.967537 0.006453
23.890221 -1.179743 1.566443 0.368620 164.992584 -1.510755 0.224491 -0.463849 6.966089 0.004241
24.006224 -1.138271 1.474493 0.584434 165.800629 -1.524949 0.223946 -0.403080 6.963716 0.006459
24.140226 -1.089129 1.371331 0.747484 166.733109 -1.540533 0.220434 -0.329255 6.960399 0.004788
24.256229 -1.055073 1.280317 0.832341 167.539368 -1.553470 0.214893 -0.258500 6.941577 0.004007
24.390232 -1.021996 1.191548 0.908165 168.469009 -1.568271 0.206009 -0.162763 6.936626 0.004524
24.507235 -0.992189 1.129684 0.952222 169.279510 -1.579845 0.197020 -0.064244 6.921693 0.004178
24.640238 -0.963913 1.107099 0.971734 170.198685 -1.591469 0.184704 0.059727 6.902924 0.003277
24.757240 -0.947519 1.112428 0.901726 171.005356 -1.600958 0.173867 0.167436 6.888617 0.002653
24.890244 -0.928787 1.119030 0.740140 171.920151 -1.610150 0.162370 0.270261 6.872297 0.003886
25.007246 -0.906870 1.133215 0.555853 172.723160 -1.616751 0.151938 0.331657 6.856569 0.002777
25.140249 -0.905753 1.164083 0.396103 173.634201 -1.621919 0.141385 0.367251 6.838005 0.000330
25.257252 -0.916967 1.220686 0.224827 174.432953 -1.625154 0.134343 0.376233 6.814871 -0.002110
25.390255 -0.940072 1.302498 0.029038 175.342896 -1.628623 0.130143 0.373735 6.776207 -0.002923
25.507257 -0.960235 1.354858 -0.136414 176.126694 -1.631552 0.128099 0.366928 6.744268 -0.002786
25.641260 -0.979344 1.411901 -0.266377 177.027481 -1.633672 0.127906 0.354785 6.705487 -0.001737
25.757263 -1.000623 1.471468 -0.417744 177.809769 -1.636139 0.129158 0.337660 6.673723 -0.003123
25.891266 -1.013206 1.516277 -0.544181 178.693481 -1.637050 0.132352 0.309926 6.627221 -0.000305
26.008268 -1.033329 1.547377 -0.624741 179.466248 -1.636069 0.135355 0.280595 6.594031 -0.003452
26.141272 -1.078259 1.569348 -0.785855 180.341690 -1.635196 0.139286 0.246996 6.573651 -0.005415
26.258274 -1.124278 1.564485 -0.963248 181.109634 -1.633607 0.144237 0.218798 6.558315 -0.005502
26.391277 -1.169365 1.537853 -1.101468 181.988327 -1.629898 0.147774 0.183455 6.556245 -0.005216
26.508280 -1.210495 1.493850 -1.209575 182.748459 -1.624887 0.150333 0.143121 6.552655 -0.006366
26.641283 -1.282488 1.404743 -1.395264 183.624924 -1.620138 0.151739 0.078010 6.534532 -0.008974
26.758286 -1.346162 1.312980 -1.558771 184.382721 -1.617705 0.152407 0.003766 6.529189 -0.009006
26.892288 -1.422694 1.196038 -1.752463 185.256851 -1.615487 0.152291 -0.099062 6.524569 -0.008494
27.008291 -1.483469 1.100412 -1.895962 186.019913 -1.613185 0.151642 -0.198144 6.521092 -0.008995
27.142294 -1.561071 1.003151 -1.994127 186.886703 -1.611849 0.149771 -0.308402 6.513591 -0.010825
27.259296 -1.642040 0.940061 -2.076087 187.648392 -1.610585 0.145822 -0.389419 6.507833 -0.012103
27.392300 -1.736808 0.899652 -2.128387 188.514191 -1.610050 0.138031 -0.448611 6.509539 -0.012243
27.509302 -1.820686 0.882008 -2.162269 189.274399 -1.610475 0.130504 -0.466425 6.488311 -0.013259
27.626305 -1.906310 0.849017 -2.183171 190.033035 -1.611811 0.122625 -0.454506 6.482217 -0.011742
27.759308 -2.003594 0.834893 -2.180660 190.894302 -1.613083 0.113168 -0.410829 6.470209 -0.013829
27.876310 -2.104345 0.868954 -2.199097 191.650604 -1.616112 0.105446 -0.348775 6.462318 -0.015853
28.009314 -2.237642 0.925960 -2.304488 192.508408 -1.620988 0.098417 -0.256393 6.439434 -0.018164
28.126316 -2.361797 1.000258 -2.322087 193.260529 -1.624740 0.094863 -0.164066 6.420416 -0.019870
28.259319 -2.516141 1.099527 -2.334038 194.118271 -1.630043 0.095135 -0.062605 6.389096 -0.020905
28.376322 -2.644698 1.194132 -2.296000 194.857803 -1.634829 0.098525 0.009860 6.366259 -0.017977
28.509325 -2.779282 1.298018 -2.219997 195.709229 -1.640665 0.105099 0.068410 6.347623 -0.018009
28.626328 -2.909102 1.376476 -2.104450 196.451309 -1.646820 0.111433 0.097732 6.335821 -0.020404
28.760330 -3.068564 1.459025 -1.948341 197.292847 -1.654438 0.120025 0.109542 6.322710 -0.021110
28.876333 -3.211135 1.496532 -1.800180 198.032074 -1.661588 0.125891 0.105424 6.312391 -0.022079
29.010336 -3.367394 1.500553 -1.634657 198.871216 -1.669997 0.129137 0.093414 6.307709 -0.019807
29.127338 -3.492316 1.483093 -1.506086 199.608444 -1.679051 0.127257 0.086455 6.299942 -0.018196
29.260342 -3.616085 1.447130 -1.348529 200.447754 -1.688320 0.122524 0.091260 6.318050 -0.016170
29.377344 -3.725858 1.398837 -1.207374 201.186539 -1.696822 0.116662 0.108947 6.315058 -0.017312
29.510347 -3.857012 1.333339 -1.008252 202.027054 -1.707979 0.107255 0.141713 6.321924 -0.018030
29.627350 -3.979136 1.273006 -0.855908 202.766571 -1.719446 0.097979 0.178088 6.322826 -0.019303
29.760353 -4.140198 1.212019 -0.698272 203.613235 -1.734037 0.087227 0.221979 6.314748 -0.023449
29.877356 -4.297519 1.141609 -0.564055 204.351425 -1.747542 0.077883 0.253099 6.309187 -0.022628
30.011358 -4.456823 1.076410 -0.453625 205.189209 -1.763357 0.070196 0.268777 6.292773 -0.020707
30.127361 -4.591566 1.036452 -0.433349 205.924606 -1.780703 0.067259 0.259743 6.286362 -0.019682
30.261364 -4.736021 1.020307 -0.430526 206.759323 -1.802014 0.067510 0.230376 6.271698 -0.018060
30.378366 -4.863765 1.012488 -0.391528 207.493027 -1.820634 0.071162 0.200845 6.268297 -0.020361
30.511370 -5.011486 1.008700 -0.360518 208.325821 -1.841027 0.079435 0.176621 6.263128 -0.018917
30.628372 -5.144362 1.012098 -0.378954 209.057098 -1.859139 0.086631 0.163646 6.247304 -0.020147
30.761375 -5.305135 1.034650 -0.455031 209.886520 -1.881677 0.095064 0.148512 6.229215 -0.021944
30.878378 -5.457055 1.050023 -0.542455 210.614777 -1.903404 0.101164 0.123922 6.225039 -0.022563
31.011381 -5.626739 1.080758 -0.674426 211.448074 -1.931288 0.108260 0.076770 6.221173 -0.021687
31.128384 -5.779149 1.112676 -0.773114 212.168716 -1.956915 0.114312 0.019114 6.214797 -0.023362
31.262386 -5.971055 1.165786 -0.881702 213.000397 -1.986324 0.119954 -0.063710 6.209566 -0.025765
31.378389 -6.137133 1.217165 -0.968131 213.725632 -2.013707 0.123825 -0.143958 6.199252 -0.023814
31.512392 -6.307004 1.273730 -1.004910 214.549026 -2.045544 0.126675 -0.230116 6.197958 -0.022219
31.629395 -6.447136 1.312089 -1.032669 215.273682 -2.074832 0.127721 -0.286165 6.200178 -0.019987
31.762398 -6.588400 1.343064 -1.095491 216.098175 -2.110439 0.127920 -0.317518 6.209077 -0.016282
31.879400 -6.683961 1.352481 -1.143831 216.824051 -2.142898 0.125565 -0.322347 6.212960 -0.013915
32.012402 -6.806507 1.361477 -1.205431 217.649307 -2.180628 0.122183 -0.322555 6.212764 -0.017253
32.129391 -6.918546 1.365286 -1.291077 218.382462 -2.214932 0.117891 -0.331615 6.227344 -0.015464
32.262379 -7.039177 1.386911 -1.345932 219.210373 -2.254585 0.112862 -0.349338 6.236319 -0.016202
32.379368 -7.146535 1.402226 -1.371446 219.940033 -2.289674 0.109129 -0.354719 6.247576 -0.016431
32.512356 -7.269528 1.415719 -1.437078 220.770584 -2.331001 0.106451 -0.331434 6.255919 -0.015634
32.629345 -7.365733 1.432496 -1.486145 221.502853 -2.368275 0.105304 -0.284485 6.275564 -0.012510
32.763332 -7.463255 1.468558 -1.463846 222.336380 -2.409332 0.106224 -0.216464 6.279721 -0.012982
32.880322 -7.540070 1.503929 -1.459061 223.070831 -2.446438 0.108987 -0.156198 6.289748 -0.011109
33.013309 -7.619159 1.557467 -1.521732 223.907364 -2.489105 0.112330 -0.085769 6.301172 -0.009617
33.130299 -7.678762 1.589717 -1.533430 224.644531 -2.525914 0.116450 -0.011058 6.309504 -0.008594
33.263287 -7.744975 1.623793 -1.545461 225.483490 -2.568640 0.122158 0.095263 6.319031 -0.008568
33.380276 -7.806446 1.645420 -1.510604 226.220947 -2.606592 0.126763 0.196647 6.311514 -0.010134
33.513264 -7.877240 1.659375 -1.432533 227.066574 -2.651462 0.131437 0.294412 6.325993 -0.009128
33.630253 -7.925969 1.676837 -1.321312 227.799454 -2.692101 0.133881 0.345419 6.331805 -0.006432
33.763241 -7.973795 1.711993 -1.167896 228.647995 -2.738660 0.135279 0.364431 6.360175 -0.005638
33.880230 -8.014308 1.746260 -1.117611 229.385193 -2.781086 0.135472 0.360030 6.372217 -0.006184
34.014217 -8.056055 1.801633 -1.057871 230.238342 -2.830921 0.133419 0.351551 6.380410 -0.005298
34.130207 -8.091269 1.849924 -1.035159 230.984375 -2.873895 0.129938 0.350032 6.389756 -0.005494
34.264194 -8.123816 1.895734 -1.101531 231.832687 -2.925967 0.124258 0.352959 6.400593 -0.004831
34.381184 -8.156714 1.945447 -1.163397 232.580902 -2.970929 0.118466 0.347522 6.411214 -0.005137
34.514172 -8.195706 2.007273 -1.179495 233.433228 -3.021309 0.112559 0.316559 6.424310 -0.005559
34.631161 -8.233489 2.071174 -1.205952 234.183838 -3.065957 0.108772 0.261056 6.433936 -0.005267
34.764149 -8.269732 2.141964 -1.285216 235.037704 -3.116852 0.104733 0.174016 6.429193 -0.005524
34.881138 -8.309345 2.183468 -1.356649 235.789627 -3.161624 0.102176 0.091924 6.443188 -0.005699
35.015125 -8.359631 2.222797 -1.442117 236.652008 -3.214301 0.101990 0.008950 6.449497 -0.006132
35.131115 -8.399086 2.255986 -1.470120 237.404831 -3.260636 0.104285 -0.047742 6.446653 -0.005004
35.264103 -8.445039 2.275398 -1.566049 238.261307 -3.314982 0.109727 -0.095312 6.452615 -0.006304
35.381092 -8.485254 2.297777 -1.684512 239.015350 -3.365188 0.115548 -0.125118 6.460435 -0.003701
35.515079 -8.524229 2.356188 -1.837065 239.874725 -3.424859 0.123082 -0.148443 6.491651 -0.003681
35.631069 -8.562670 2.428912 -2.027702 240.633148 -3.478674 0.130550 -0.166262 6.502761 -0.005670
35.765057 -8.609228 2.518235 -2.195077 241.498703 -3.540929 0.136381 -0.192863 6.538143 -0.005106
35.882046 -8.639978 2.586555 -2.258695 242.262604 -3.595474 0.142353 -0.225144 6.550753 -0.003848
36.015034 -8.684219 2.679583 -2.332632 243.133102 -3.658837 0.147176 -0.266476 6.569333 -0.005117
36.132023 -8.723041 2.759101 -2.430632 243.900513 -3.716222 0.148737 -0.297033 6.578575 -0.004988
36.265011 -8.748442 2.848275 -2.523957 244.781189 -3.782738 0.148718 -0.317598 6.600464 -0.002398
36.382000 -8.781631 2.914506 -2.578864 245.545013 -3.841337 0.145846 -0.323040 6.608482 -0.005667
36.514988 -8.830669 3.005823 -2.595785 246.428223 -3.910401 0.139235 -0.316377 6.610531 -0.006427
36.632977 -8.868638 3.077639 -2.548237 247.200150 -3.969500 0.132117 -0.298342 6.622610 -0.004908
36.765965 -8.901707 3.151686 -2.448382 248.078918 -4.037821 0.123841 -0.261634 6.631650 -0.004275
36.881954 -8.934429 3.216872 -2.413167 248.852570 -4.099254 0.116295 -0.215022 6.629529 -0.005343
37.015942 -8.998163 3.322390 -2.466607 249.729507 -4.170484 0.108211 -0.147622 6.605847 -0.008825
37.132931 -9.064034 3.414589 -2.444243 250.498947 -4.232009 0.102636 -0.077779 6.590792 -0.011355
37.265919 -9.148395 3.504446 -2.346189 251.371399 -4.301366 0.099246 0.010611 6.568311 -0.011457
37.382908 -9.233462 3.581742 -2.302219 252.137238 -4.363792 0.098617 0.090217 6.565030 -0.014365
37.515896 -9.357615 3.677945 -2.274008 253.013977 -4.436834 0.102231 0.173176 6.564475 -0.018125
37.632885 -9.465813 3.740256 -2.211038 253.771713 -4.501816 0.106126 0.230222 6.550276 -0.016633
37.765873 -9.607522 3.798295 -2.141252 254.645660 -4.577175 0.111270 0.276222 6.539286 -0.021156
37.882862 -9.751908 3.828501 -2.198602 255.407944 -4.644337 0.116248 0.300074 6.543805 -0.021083
38.016850 -9.919085 3.830670 -2.309948 256.274597 -4.721288 0.122428 0.308813 6.534338 -0.021515
38.132839 -10.080241 3.827677 -2.485142 257.035797 -4.792704 0.127278 0.298623 6.525820 -0.022602
38.266827 -10.280372 3.797430 -2.677328 257.899719 -4.874474 0.131654 0.268116 6.519149 -0.025340
38.383816 -10.458070 3.746223 -2.829104 258.658295 -4.946033 0.134234 0.230984 6.506051 -0.024635
38.516804 -10.656441 3.666260 -2.993304 259.519440 -5.026484 0.135321 0.186404 6.501179 -0.025517
38.633793 -10.846314 3.584284 -3.128932 260.276825 -5.097116 0.136226 0.147549 6.502393 -0.026626
38.766781 -11.055507 3.466069 -3.238568 261.137421 -5.177663 0.136984 0.102151 6.494554 -0.026732
38.883770 -11.241873 3.349179 -3.297862 261.894257 -5.248898 0.137092 0.061265 6.489539 -0.026505
39.000759 -11.429112 3.218923 -3.350363 262.649567 -5.322747 0.137539 0.025126 6.481262 -0.028088
39.133747 -11.659297 3.080628 -3.443694 263.506317 -5.408279 0.139148 -0.003524 6.470015 -0.031215
39.250736 -11.875073 2.960406 -3.497797 264.259033 -5.484986 0.139633 -0.019737 6.466217 -0.032655
39.383724 -12.134058 2.819189 -3.505413 265.120880 -5.573646 0.142012 -0.038384 6.462824 -0.033361
39.500713 -12.374827 2.694500 -3.571114 265.866455 -5.651289 0.145674 -0.063402 6.464014 -0.037308
39.633701 -12.665709 2.578152 -3.636465 266.726898 -5.742803 0.149562 -0.101677 6.456817 -0.037604
39.750690 -12.927516 2.500280 -3.677103 267.477631 -5.824559 0.152469 -0.136984 6.454160 -0.039084
39.884678 -13.237569 2.441393 -3.692863 268.329620 -5.919812 0.154098 -0.170774 6.439150 -0.040690
40.000668 -13.510934 2.405298 -3.625540 269.077484 -6.004199 0.155742 -0.191771 6.428733 -0.041784
40.134655 -13.831554 2.398329 -3.551267 269.925842 -6.101449 0.159334 -0.203422 6.408911 -0.042686
40.251644 -14.127506 2.411322 -3.493198 270.670319 -6.188882 0.163476 -0.202082 6.401774 -0.044973
40.384632 -14.478731 2.440812 -3.349653 271.515137 -6.291389 0.167473 -0.188771 6.390207 -0.047800
40.501621 -14.780951 2.475770 -3.225778 272.256622 -6.383370 0.168915 -0.171284 6.381367 -0.044398
40.635609 -15.121972 2.494788 -2.976654 273.103363 -6.490254 0.170448 -0.150885 6.362983 -0.046975
40.752598 -15.428106 2.511681 -2.767478 273.841400 -6.585896 0.172509 -0.133849 6.360468 -0.046713
40.885586 -15.772824 2.535880 -2.648124 274.686157 -6.696702 0.174310 -0.110890 6.355193 -0.045200
41.002575 -16.071323 2.546403 -2.570075 275.422333 -6.795294 0.173632 -0.080926 6.341711 -0.044129
41.136562 -16.394817 2.542198 -2.447564 276.257172 -6.910265 0.171200 -0.029098 6.333277 -0.043370
41.252552 -16.682005 2.523672 -2.340878 276.991180 -7.013649 0.168703 0.034228 6.339420 -0.043700
41.386539 -17.001667 2.481600 -2.229259 277.825928 -7.133249 0.164647 0.119704 6.337534 -0.042313
41.503529 -17.286697 2.436172 -2.214003 278.559662 -7.239665 0.162522 0.193774 6.333673 -0.043423
41.636517 -17.628927 2.368622 -2.249421 279.398743 -7.364268 0.163123 0.259361 6.328637 -0.043668
41.753506 -17.917543 2.296745 -2.286550 280.124023 -7.473924 0.164721 0.289848 6.320496 -0.042228
41.886494 -18.244225 2.209552 -2.409463 280.953918 -7.602173 0.167527 0.293332 6.304538 -0.040912
42.003483 -18.524662 2.122381 -2.561689 281.682861 -7.717643 0.172669 0.272400 6.305374 -0.039838
42.136471 -18.835836 2.019763 -2.763405 282.516876 -7.854092 0.179668 0.226121 6.302631 -0.039141
42.253460 -19.109041 1.925132 -2.989700 283.244568 -7.976124 0.186349 0.170358 6.308831 -0.038554
42.387447 -19.414503 1.808570 -3.239848 284.071808 -8.118041 0.193689 0.097152 6.311637 -0.037700
42.503437 -19.684748 1.725625 -3.456291 284.798584 -8.245863 0.200436 0.033384 6.308718 -0.039988
42.637424 -19.984144 1.637130 -3.637807 285.624390 -8.393126 0.207077 -0.026931 6.312200 -0.036539
42.754414 -20.237135 1.598564 -3.786519 286.350555 -8.525020 0.212656 -0.063409 6.304131 -0.034218
42.887402 -20.505373 1.572101 -3.941543 287.174683 -8.677749 0.216102 -0.084342 6.300815 -0.033772
43.004391 -20.729820 1.564014 -4.080540 287.899109 -8.812860 0.216017 -0.089513 6.295079 -0.032695
43.137379 -20.978342 1.568071 -4.242661 288.721863 -8.967864 0.212944 -0.090900 6.292314 -0.031615
43.254368 -21.192965 1.579088 -4.406540 289.444000 -9.105490 0.210992 -0.099764 6.280307 -0.030661
43.387356 -21.430008 1.607923 -4.604584 290.269287 -9.264678 0.210581 -0.125822 6.265108 -0.028477
43.504345 -21.614605 1.643472 -4.740535 290.981201 -9.404816 0.210386 -0.157194 6.245918 -0.025779
43.637333 -21.814585 1.720017 -4.860936 291.800903 -9.570536 0.212963 -0.186549 6.231014 -0.025153
43.754322 -21.982399 1.783502 -4.884719 292.515259 -9.717041 0.217699 -0.192931 6.230406 -0.024883
43.888309 -22.154531 1.862000 -4.918777 293.324951 -9.886522 0.224046 -0.175871 6.213011 -0.020885
44.004299 -22.283691 1.938039 -4.936074 294.035187 -10.038134 0.230268 -0.147794 6.202817 -0.018322
44.138287 -22.421280 2.031881 -4.965315 294.840698 -10.212857 0.240012 -0.113449 6.194552 -0.017714
44.255276 -22.535801 2.118159 -4.973669 295.548645 -10.367858 0.250919 -0.087705 6.192934 -0.015792
44.388264 -22.651546 2.206782 -4.937674 296.351898 -10.548165 0.262807 -0.068611 6.187102 -0.014759
44.505253 -22.750034 2.264576 -4.886496 297.057373 -10.710340 0.273925 -0.064158 6.187703 -0.014497
44.638241 -22.850357 2.314041 -4.779234 297.866211 -10.897035 0.287895 -0.073707 6.194664 -0.013142
44.755230 -22.937792 2.372869 -4.700422 298.565338 -11.061104 0.302125 -0.088675 6.189139 -0.014563
44.888218 -23.039063 2.444849 -4.585778 299.372620 -11.253709 0.318766 -0.100201 6.194451 -0.013274
45.005207 -23.117002 2.483150 -4.469871 300.077362 -11.423537 0.331754 -0.094750 6.191331 -0.011778
45.139194 -23.213411 2.484547 -4.348320 300.877045 -11.620720 0.343704 -0.065706 6.199894 -0.014324
45.255184 -23.302845 2.445886 -4.205736 301.581940 -11.796289 0.352461 -0.017579 6.209938 -0.014174
45.389172 -23.394686 2.354094 -4.052640 302.385651 -11.997487 0.360386 0.062542 6.244130 -0.011769
45.506161 -23.470663 2.234253 -3.940797 303.095978 -12.175731 0.364876 0.149559 6.269729 -0.011961
45.639149 -23.545343 2.060994 -3.813828 303.906830 -12.381816 0.366547 0.247788 6.305684 -0.008392
45.756138 -23.606342 1.891465 -3.626065 304.623932 -12.563794 0.366744 0.313118 6.332049 -0.010580
45.889126 -23.685064 1.688641 -3.395001 305.442017 -12.773743 0.366292 0.349172 6.365266 -0.011185
46.006115 -23.747213 1.506728 -3.235703 306.170959 -12.963715 0.366800 0.349540 6.397173 -0.009806
46.139103 -23.785963 1.304343 -3.090090 306.996002 -13.178979 0.368376 0.328230 6.422378 -0.002959
46.256092 -23.804024 1.165673 -2.980421 307.724091 -13.370632 0.371483 0.302191 6.447028 -0.002440
46.390079 -23.799803 1.041415 -2.823484 308.555939 -13.589579 0.376513 0.272796 6.477932 0.001760
46.507069 -23.779665 0.968939 -2.705561 309.290192 -13.784049 0.381785 0.248009 6.504666 0.003109
46.640057 -23.739960 0.905625 -2.550304 310.127258 -14.005841 0.387394 0.213523 6.517844 0.005313
46.757046 -23.679106 0.863503 -2.377096 310.865112 -14.201749 0.391556 0.165318 6.532336 0.010930
46.890034 -23.597012 0.824773 -2.245332 311.704865 -14.428270 0.396645 0.081917 6.546710 0.011232
47.007023 -23.517847 0.810593 -2.146430 312.445038 -14.628490 0.402809 -0.009332 6.558078 0.012256
47.140011 -23.410065 0.814506 -2.040580 313.288818 -14.857141 0.410152 -0.109203 6.582595 0.015031
47.257000 -23.308250 0.839957 -2.002929 314.032410 -15.061336 0.418472 -0.176596 6.592729 0.015180
47.389988 -23.175467 0.868186 -2.027696 314.885101 -15.297287 0.428873 -0.228750 6.609406 0.018663
47.506977 -23.044992 0.888761 -2.060021 315.625580 -15.502225 0.438573 -0.263026 6.633694 0.019958
47.640965 -22.879953 0.896889 -2.147043 316.483063 -15.740776 0.448322 -0.298401 6.653906 0.022836
47.756954 -22.725468 0.894803 -2.281726 317.234344 -15.951414 0.452427 -0.321655 6.675606 0.022528
47.890942 -22.544672 0.860595 -2.465047 318.091309 -16.192448 0.454686 -0.328438 6.703477 0.026073
48.007931 -22.372454 0.833038 -2.586382 318.848846 -16.404291 0.454234 -0.314546 6.738547 0.026050
48.140919 -22.176216 0.798952 -2.719190 319.714233 -16.647030 0.449517 -0.284641 6.767008 0.026394
48.257908 -21.984919 0.766640 -2.804981 320.478424 -16.861286 0.443233 -0.257794 6.791962 0.030865
48.374897 -21.771643 0.735314 -2.816780 321.245514 -17.076403 0.436645 -0.238551 6.823310 0.033194
48.507885 -21.513588 0.680629 -2.769699 322.121033 -17.322559 0.430664 -0.224651 6.851236 0.033942
48.624874 -21.282984 0.622219 -2.681900 322.892975 -17.541082 0.426935 -0.210021 6.867391 0.034574
48.757862 -21.007431 0.571663 -2.522008 323.775574 -17.789776 0.426725 -0.177422 6.910440 0.035697
48.874851 -20.754349 0.547059 -2.359068 324.556305 -18.008410 0.431735 -0.129681 6.943157 0.038317
49.007839 -20.439213 0.554990 -2.184332 325.454712 -18.260422 0.442182 -0.060037 6.979883 0.041942
49.124828 -20.131124 0.585952 -1.999290 326.236145 -18.479643 0.454408 0.005778 7.007902 0.048675
49.258816 -19.742243 0.688571 -1.807624 327.142670 -18.735359 0.470395 0.081920 7.047473 0.051458
49.374805 -19.405960 0.820044 -1.681608 327.937775 -18.959839 0.482899 0.149570 7.071761 0.048973
49.508793 -19.029024 1.017568 -1.509501 328.845459 -19.214760 0.495122 0.225058 7.103248 0.049598
49.625782 -18.691841 1.226752 -1.345562 329.648346 -19.439171 0.504588 0.282761 7.144303 0.051035
49.758770 -18.289450 1.485977 -1.207149 330.565643 -19.695396 0.511544 0.327050 7.178347 0.053728
49.875759 -17.929775 1.729251 -1.127165 331.376770 -19.920326 0.514925 0.341836 7.206771 0.053842
50.008747 -17.511101 2.014804 -1.091480 332.302429 -20.177549 0.513603 0.332002 7.240301 0.056018
50.125736 -17.130053 2.260892 -1.089203 333.120392 -20.405485 0.507764 0.303946 7.267813 0.056283
50.258724 -16.708094 2.538079 -1.086537 334.062531 -20.665352 0.495560 0.257828 7.306106 0.055171
50.375713 -16.346186 2.774770 -1.098544 334.881989 -20.889521 0.480340 0.213688 7.329100 0.054710
50.509701 -15.937480 3.032806 -1.173141 335.831146 -21.147408 0.462601 0.165434 7.348595 0.053925
50.625690 -15.581409 3.220602 -1.309790 336.663574 -21.371778 0.447083 0.126620 7.376850 0.053370
50.759678 -15.176994 3.396522 -1.471192 337.612610 -21.623556 0.429726 0.082051 7.392918 0.052853
50.875668 -14.824745 3.514956 -1.592630 338.450836 -21.840876 0.418405 0.040266 7.406782 0.053031
51.009655 -14.438078 3.594251 -1.723319 339.406433 -22.085463 0.410177 -0.006324 7.420624 0.051462
51.126644 -14.096453 3.640579 -1.856058 340.248688 -22.300406 0.405780 -0.041057 7.429087 0.052423
51.259632 -13.723677 3.658141 -2.030849 341.214844 -22.544483 0.405260 -0.069637 7.442629 0.049196
51.376621 -13.406672 3.620225 -2.114423 342.053162 -22.751354 0.409699 -0.085606 7.449401 0.048717
51.509609 -13.027419 3.547803 -2.150125 343.024536 -22.987497 0.420251 -0.094299 7.470338 0.050033
51.626598 -12.699784 3.480532 -2.156803 343.868805 -23.189220 0.432746 -0.092812 7.490900 0.047188
51.760586 -12.339661 3.377007 -2.136305 344.847534 -23.422464 0.447234 -0.080815 7.520433 0.047009
51.876575 -12.023835 3.264068 -2.130983 345.698090 -23.623779 0.458688 -0.066451 7.542210 0.046661
52.010563 -11.657514 3.120537 -1.991863 346.685730 -23.852148 0.468691 -0.053757 7.577530 0.046406
52.126553 -11.338505 2.989479 -1.785625 347.552643 -24.047022 0.474211 -0.051846 7.607587 0.045641
52.260540 -10.984326 2.841061 -1.490419 348.543274 -24.264812 0.473666 -0.061050 7.640886 0.044239
52.377529 -10.676362 2.710138 -1.216255 349.418854 -24.454874 0.468166 -0.078285 7.670729 0.043648
52.510517 -10.338731 2.596346 -0.945239 350.427063 -24.670139 0.457809 -0.108014 7.707994 0.042192
52.627506 -10.057046 2.547339 -0.725867 351.304199 -24.853413 0.444328 -0.142116 7.733622 0.039476
52.760494 -9.764303 2.553609 -0.505802 352.321472 -25.061977 0.424152 -0.189965 7.762845 0.035050
52.877483 -9.525089 2.592679 -0.389440 353.213379 -25.242416 0.405650 -0.234482 7.787087 0.034351
53.011471 -9.265981 2.713329 -0.232478 354.230042 -25.443869 0.383648 -0.278707 7.793572 0.032033
53.127460 -9.056468 2.875968 -0.153669 355.117310 -25.615971 0.363198 -0.299598 7.792329 0.029888
53.261448 -8.832684 3.116337 -0.054748 356.141266 -25.811949 0.340990 -0.289928 7.770753 0.027639
53.377438 -8.642657 3.360452 0.041495 357.035004 -25.980440 0.324579 -0.247666 7.767793 0.027769
53.511425 -8.437037 3.670799 0.153891 358.047913 -26.167124 0.310707 -0.170346 7.732389 0.024639
53.627415 -8.271967 3.961428 0.276298 358.936737 -26.327633 0.301718 -0.091474 7.710577 0.022276
53.761402 -8.089465 4.295044 0.404925 359.943115 -26.506435 0.294977 -0.004486 7.659364 0.022305
53.878391 -7.934979 4.581421 0.541056 360.823303 -26.660717 0.291231 0.067010 7.622833 0.021124
54.011379 -7.771219 4.863171 0.675013 361.818695 -26.835648 0.288649 0.145228 7.580175 0.018418
54.128368 -7.638047 5.057362 0.773979 362.690552 -26.986952 0.287213 0.212305 7.552015 0.017360
54.261356 -7.518658 5.211221 0.868067 363.684235 -27.156956 0.287250 0.279353 7.506333 0.012323
54.378345 -7.439971 5.278705 0.996385 364.547791 -27.301554 0.288694 0.321117 7.465539 0.008332
54.512333 -7.383297 5.301000 1.110354 365.523651 -27.461498 0.290744 0.345865 7.410089 0.005500
54.628323 -7.346697 5.260463 1.141630 366.377258 -27.601194 0.292041 0.350026 7.383558 0.004459
54.762310 -7.309793 5.138119 1.169662 367.343750 -27.756712 0.291191 0.338769 7.344650 0.004667
54.879299 -7.283817 4.988205 1.163199 368.191193 -27.892572 0.286786 0.315268 7.327723 0.003175
55.012287 -7.274220 4.757835 1.155864 369.152374 -28.043842 0.278998 0.271266 7.310109 0.001123
55.129276 -7.269121 4.514157 1.136221 369.997162 -28.175108 0.271232 0.218406 7.304380 0.001509
55.262264 -7.284570 4.181859 1.073471 370.957184 -28.324286 0.261137 0.149420 7.305297 -0.003738
55.379253 -7.325963 3.869541 1.015017 371.802368 -28.454344 0.251905 0.089892 7.314191 -0.005778
55.512241 -7.374821 3.535231 0.907026 372.772705 -28.603001 0.243264 0.034304 7.334107 -0.004208
55.629230 -7.416149 3.265841 0.723499 373.613831 -28.731594 0.238187 0.000707 7.338775 -0.005262
55.763218 -7.489653 2.971522 0.424529 374.585968 -28.879061 0.233421 -0.025522 7.337438 -0.007702
55.879208 -7.550298 2.723787 0.224378 375.434692 -29.005239 0.229633 -0.046341 7.331297 -0.007830
56.013195 -7.626706 2.502611 0.059769 376.398712 -29.147318 0.228219 -0.075038 7.325273 -0.008403
56.130184 -7.707238 2.360258 -0.084229 377.247101 -29.272284 0.229662 -0.105113 7.329562 -0.013080
56.263172 -7.820425 2.222989 -0.244386 378.216278 -29.413567 0.232091 -0.140498 7.294115 -0.015058
56.380161 -7.931906 2.123593 -0.373070 379.052399 -29.532955 0.234005 -0.170401 7.272413 -0.016903
56.513149 -8.074311 2.060789 -0.499864 380.006714 -29.668682 0.235809 -0.209372 7.223316 -0.018877
56.630138 -8.221072 2.038794 -0.626560 380.847656 -29.788147 0.236227 -0.253086 7.182348 -0.022155
56.763126 -8.390535 2.035633 -0.750905 381.789429 -29.920612 0.236379 -0.310510 7.131629 -0.022551
56.880116 -8.547878 2.034735 -0.859285 382.604797 -30.035460 0.236530 -0.356765 7.075934 -0.023331
57.014103 -8.730664 2.020634 -0.929451 383.537964 -30.168118 0.236901 -0.389653 7.009116 -0.023064
57.130093 -8.899026 1.984767 -0.969922 384.347412 -30.283411 0.234810 -0.390678 6.972367 -0.025187
57.264080 -9.090472 1.907903 -1.040227 385.260956 -30.414150 0.228783 -0.357874 6.916202 -0.025774
57.380070 -9.270153 1.824512 -1.102083 386.059601 -30.529425 0.221507 -0.301175 6.883870 -0.026168
57.514057 -9.479158 1.681626 -1.119971 386.962616 -30.659157 0.214281 -0.211892 6.838671 -0.027040
57.631046 -9.663769 1.507187 -1.075826 387.752838 -30.774418 0.210004 -0.117925 6.816262 -0.027108
57.764034 -9.859288 1.281329 -1.020215 388.647095 -30.904898 0.205027 -0.002657 6.781198 -0.025495
57.881023 -10.032786 1.048422 -0.991897 389.430725 -31.018637 0.202731 0.099419 6.760519 -0.025089
58.014011 -10.220842 0.759498 -0.996089 390.325836 -31.148602 0.203869 0.208417 6.745646 -0.024367
58.132004 -10.379351 0.517332 -0.965078 391.105713 -31.263309 0.207717 0.286517 6.727697 -0.022619
58.248993 -10.533469 0.297377 -0.845398 391.883759 -31.378824 0.215555 0.338138 6.717460 -0.023006
58.381981 -10.707964 0.086603 -0.706586 392.772369 -31.512510 0.226588 0.354526 6.693397 -0.022978
58.498970 -10.852034 -0.063935 -0.578022 393.540009 -31.629030 0.239455 0.334935 6.688477 -0.021451
58.631958 -11.023890 -0.191577 -0.494245 394.424774 -31.764025 0.256457 0.288982 6.671320 -0.022314
58.748947 -11.178669 -0.254749 -0.392391 395.196533 -31.881624 0.270614 0.242724 6.671367 -0.023520
58.882935 -11.362339 -0.274973 -0.314670 396.071777 -32.016537 0.282778 0.190517 6.653120 -0.024589
58.999924 -11.529384 -0.268620 -0.298243 396.839905 -32.136311 0.289420 0.143934 6.638989 -0.024904
59.132912 -11.726590 -0.233440 -0.292251 397.709808 -32.274097 0.290960 0.096141 6.610388 -0.027048
59.249901 -11.909319 -0.185672 -0.328425 398.471649 -32.396660 0.288700 0.073295 6.584174 -0.027577
59.382889 -12.109231 -0.147989 -0.349243 399.333221 -32.536476 0.283190 0.086780 6.541997 -0.026126
59.499878 -12.290012 -0.123053 -0.349156 400.086609 -32.660339 0.276149 0.131044 6.515441 -0.027885
59.632866 -12.508482 -0.127014 -0.321611 400.938904 -32.799324 0.265338 0.190789 6.476433 -0.029057
59.749855 -12.703718 -0.149688 -0.288613 401.685059 -32.922462 0.254119 0.223289 6.452647 -0.029395
59.882843 -12.923422 -0.198695 -0.257211 402.535858 -33.063614 0.242988 0.217749 6.423651 -0.027588
59.999832 -13.109221 -0.250634 -0.335594 403.268921 -33.187489 0.235446 0.177261 6.397349 -0.027608
