1.20 1.10 20 64
0.126000 0.002509 -0.023670 -0.097851 0.930992 -0.000777 -0.134218 0.579100 6.675805 0.000613
0.259000 -0.013589 -0.038853 -0.276550 1.807428 -0.002411 -0.057854 0.527567 6.613163 -0.005028
0.376000 -0.039916 -0.028126 -0.348492 2.569969 -0.003911 0.056587 0.440868 6.545537 -0.003290
0.510000 -0.070585 0.023521 -0.456405 3.442006 -0.003864 0.225455 0.301568 6.483818 -0.005054
0.626000 -0.106339 0.094183 -0.587557 4.190998 -0.003815 0.386601 0.163291 6.435507 -0.005694
0.760000 -0.136458 0.177328 -0.731723 5.051156 -0.004398 0.568077 0.013112 6.420400 -0.003097
0.876000 -0.147743 0.248137 -0.852190 5.803158 -0.005396 0.707765 -0.090943 6.435865 -0.000955
1.010000 -0.154701 0.344431 -0.956807 6.656964 -0.007459 0.829999 -0.175274 6.362259 -0.000423
1.126000 -0.148411 0.478813 -1.043213 7.395013 -0.008732 0.896449 -0.233582 6.270345 0.001129
1.260000 -0.139823 0.671578 -1.162630 8.221061 -0.009362 0.918531 -0.305218 6.169828 0.000928
1.377000 -0.134792 0.876791 -1.253077 8.938271 -0.010610 0.891209 -0.384897 6.101173 0.000789
1.510000 -0.124484 1.159193 -1.328912 9.741557 -0.010944 0.810898 -0.489709 5.987838 0.001229
1.626999 -0.119554 1.424240 -1.372594 10.435041 -0.013039 0.705488 -0.579613 5.878299 0.001278
1.759999 -0.115538 1.714253 -1.428239 11.214281 -0.016384 0.553525 -0.656465 5.818473 0.000591
1.876999 -0.106907 1.905360 -1.534545 11.891994 -0.020748 0.408440 -0.684997 5.856778 0.002644
2.010999 -0.092498 2.033131 -1.605037 12.679601 -0.026698 0.244586 -0.664147 5.888102 0.003204
2.126999 -0.081239 2.086722 -1.670031 13.362887 -0.032425 0.119874 -0.598353 5.896254 0.001719
2.260999 -0.075558 2.073226 -1.768984 14.154114 -0.039097 0.011190 -0.473430 5.914090 0.000916
2.376999 -0.085591 2.004592 -1.795538 14.846892 -0.044535 -0.044144 -0.330166 5.928285 -0.001986
2.510998 -0.100788 1.869388 -1.783569 15.637885 -0.047893 -0.054144 -0.145519 5.958245 -0.002503
2.627998 -0.111975 1.707998 -1.804746 16.336142 -0.051594 -0.019293 0.020027 5.977464 -0.000249
2.760998 -0.112433 1.481195 -1.886221 17.130983 -0.056758 0.065876 0.189289 5.979377 -0.000362
2.877998 -0.115427 1.262174 -1.973320 17.830807 -0.063691 0.167740 0.306924 5.979849 -0.000025
3.010998 -0.125472 0.993033 -2.077005 18.632359 -0.072120 0.300220 0.395358 5.985987 -0.001920
3.127998 -0.131732 0.737361 -2.107984 19.326920 -0.078250 0.415528 0.437122 5.989596 -0.000549
3.261998 -0.131622 0.445783 -2.028035 20.132023 -0.082424 0.537738 0.463816 6.027899 0.000128
3.377998 -0.134657 0.198521 -1.896256 20.840607 -0.084091 0.626599 0.489827 6.077240 -0.000520
3.511997 -0.138950 -0.089828 -1.738846 21.655760 -0.085504 0.696894 0.538735 6.167844 -0.000830
3.627997 -0.140940 -0.344931 -1.543979 22.382954 -0.085551 0.726935 0.597949 6.248896 0.001038
3.761997 -0.131523 -0.600708 -1.249912 23.221771 -0.084833 0.722313 0.662358 6.349397 0.000813
3.878997 -0.130327 -0.803997 -0.958378 23.969465 -0.085033 0.687318 0.693018 6.416318 0.000243
4.011997 -0.146106 -0.990074 -0.641781 24.828644 -0.085778 0.614516 0.678551 6.488505 -0.002729
4.128998 -0.164702 -1.101085 -0.359659 25.590738 -0.084805 0.530307 0.620346 6.525873 -0.002285
4.261998 -0.195807 -1.153118 -0.051394 26.461031 -0.082993 0.422826 0.513029 6.548717 -0.003422
4.378999 -0.229477 -1.129946 0.170892 27.226694 -0.081797 0.326747 0.391487 6.541256 -0.003864
4.511999 -0.273029 -1.004002 0.346831 28.102531 -0.082477 0.228867 0.227229 6.532216 -0.004944
4.629000 -0.301877 -0.822875 0.522850 28.859173 -0.083523 0.162593 0.066409 6.519172 -0.004537
4.762000 -0.354012 -0.521042 0.691495 29.730192 -0.085477 0.115575 -0.127387 6.482279 -0.008119
4.879001 -0.406282 -0.183767 0.841164 30.479952 -0.087021 0.101995 -0.287507 6.447867 -0.008191
5.013001 -0.474772 0.244610 0.954741 31.342951 -0.091920 0.118303 -0.447794 6.430838 -0.008009
5.130002 -0.524207 0.662061 1.093603 32.093571 -0.096185 0.156771 -0.564095 6.402560 -0.008004
5.263002 -0.592292 1.144026 1.193443 32.941998 -0.100715 0.221921 -0.673298 6.358843 -0.008540
5.380003 -0.658748 1.525941 1.244785 33.683533 -0.104318 0.289007 -0.750925 6.331667 -0.010941
5.513003 -0.748928 1.883790 1.223434 34.523594 -0.109520 0.363526 -0.812856 6.310230 -0.012710
5.630004 -0.846650 2.123256 1.162544 35.262413 -0.113930 0.421197 -0.838201 6.319188 -0.016174
5.763004 -0.976176 2.295101 1.103906 36.109821 -0.118770 0.472340 -0.829810 6.327529 -0.017755
5.880005 -1.100389 2.329978 1.013830 36.845470 -0.121696 0.500961 -0.788574 6.361330 -0.018005
6.013005 -1.247473 2.245228 0.867706 37.700470 -0.125495 0.511225 -0.700214 6.396717 -0.018060
6.130006 -1.377702 2.058775 0.733758 38.452812 -0.129931 0.498851 -0.587179 6.454402 -0.018706
6.264007 -1.526809 1.736700 0.581334 39.316036 -0.133950 0.460920 -0.426514 6.517618 -0.018970
6.380007 -1.653600 1.378267 0.454191 40.081837 -0.136625 0.412315 -0.268237 6.565706 -0.018261
6.514008 -1.797001 0.898743 0.295285 40.958633 -0.139815 0.345519 -0.085601 6.610293 -0.019393
6.631008 -1.930194 0.434947 0.089942 41.734188 -0.143167 0.283698 0.069211 6.638391 -0.018862
6.764009 -2.076745 -0.090956 -0.150976 42.619347 -0.147007 0.218598 0.231829 6.667391 -0.019880
6.881009 -2.210058 -0.516134 -0.343336 43.401325 -0.149412 0.172094 0.361194 6.693463 -0.019553
7.014009 -2.351688 -0.938735 -0.553002 44.299374 -0.153944 0.135693 0.490772 6.707115 -0.017874
7.131010 -2.464435 -1.229060 -0.705183 45.077545 -0.160599 0.124240 0.585315 6.709050 -0.017539
7.264010 -2.610146 -1.413711 -0.897093 45.976276 -0.168809 0.134241 0.668138 6.705146 -0.019413
7.381011 -2.740052 -1.426507 -1.062584 46.759422 -0.176277 0.163793 0.711525 6.688388 -0.020285
7.515012 -2.884037 -1.292779 -1.229328 47.647266 -0.184120 0.214540 0.723904 6.666044 -0.016969
7.631012 -2.991907 -1.074092 -1.257930 48.424698 -0.190617 0.267489 0.705411 6.632828 -0.015511
7.765013 -3.120998 -0.723427 -1.230643 49.305866 -0.196092 0.329570 0.662155 6.619747 -0.017005
7.882013 -3.232260 -0.348350 -1.196139 50.079594 -0.201440 0.380705 0.614074 6.614451 -0.016189
8.015014 -3.369932 0.127413 -1.137844 50.957966 -0.209343 0.427138 0.553372 6.599897 -0.019114
8.132014 -3.501043 0.576395 -1.059456 51.730770 -0.216840 0.454413 0.493646 6.606722 -0.020294
8.265015 -3.656604 1.082124 -0.975622 52.616840 -0.226901 0.467212 0.414390 6.625905 -0.020186
8.382015 -3.785753 1.481857 -0.856717 53.386261 -0.237273 0.460412 0.333669 6.640178 -0.019091
8.515016 -3.924056 1.875514 -0.732561 54.277794 -0.251758 0.433527 0.226412 6.657876 -0.017772
8.632016 -4.046110 2.142198 -0.603662 55.051235 -0.265482 0.395917 0.123415 6.672791 -0.018959
8.766017 -4.178397 2.357349 -0.451827 55.945431 -0.281392 0.338714 -0.000850 6.671817 -0.017076
8.882017 -4.283397 2.452706 -0.353788 56.726234 -0.297374 0.281879 -0.110279 6.669394 -0.015486
9.016018 -4.391715 2.468776 -0.258120 57.612976 -0.318532 0.214093 -0.235855 6.670296 -0.014726
9.132018 -4.491261 2.401726 -0.186225 58.393482 -0.338087 0.158637 -0.354127 6.667180 -0.015654
9.266019 -4.599224 2.257275 -0.114338 59.278786 -0.362817 0.108201 -0.500542 6.653732 -0.015280
9.383019 -4.698114 2.087240 -0.161979 60.056339 -0.386126 0.079329 -0.634164 6.641481 -0.014517
9.516020 -4.810730 1.845286 -0.228791 60.936977 -0.412834 0.064588 -0.767787 6.617696 -0.015746
9.633020 -4.916725 1.602330 -0.297169 61.710915 -0.437223 0.068028 -0.845936 6.612432 -0.015411
9.766021 -5.043774 1.308853 -0.333564 62.595490 -0.465314 0.091991 -0.869708 6.596670 -0.017193
9.883021 -5.163771 1.064102 -0.415645 63.359783 -0.490946 0.129007 -0.832570 6.590643 -0.017643
10.017022 -5.308453 0.801539 -0.436935 64.242027 -0.519816 0.183510 -0.739613 6.586675 -0.019968
10.133022 -5.433290 0.598373 -0.395934 65.011459 -0.545616 0.235002 -0.635799 6.576132 -0.018969
10.267023 -5.581898 0.446219 -0.400485 65.884407 -0.577175 0.291958 -0.509871 6.561381 -0.019435
10.383023 -5.719533 0.361068 -0.450033 66.651566 -0.607506 0.336212 -0.397150 6.562116 -0.020657
10.517024 -5.871902 0.321248 -0.561972 67.522964 -0.643815 0.373166 -0.260041 6.558478 -0.020358
10.634025 -6.004974 0.328953 -0.713460 68.290787 -0.677620 0.390354 -0.128280 6.577697 -0.018681
10.767025 -6.139042 0.385502 -0.914336 69.164978 -0.718423 0.392172 0.032762 6.581409 -0.016653
10.884026 -6.249453 0.475893 -1.137794 69.933983 -0.756874 0.377303 0.175596 6.579090 -0.015899
11.001026 -6.365934 0.585218 -1.390818 70.701935 -0.797444 0.350976 0.314994 6.568308 -0.018051
11.134027 -6.511727 0.714521 -1.699270 71.573631 -0.844817 0.309030 0.467172 6.561530 -0.019307
11.251027 -6.643820 0.829790 -1.980083 72.339859 -0.888359 0.264697 0.594696 6.549841 -0.019775
11.384027 -6.800868 0.946776 -2.265156 73.215179 -0.938610 0.212641 0.722570 6.534066 -0.019915
11.501028 -6.941659 1.048808 -2.472484 73.969818 -0.983244 0.169868 0.804175 6.505889 -0.020446
11.634028 -7.098684 1.127748 -2.573911 74.838020 -1.036712 0.126013 0.851201 6.473120 -0.019857
11.751029 -7.230841 1.184807 -2.576338 75.592171 -1.085047 0.098642 0.851763 6.446095 -0.019030
11.885030 -7.382793 1.232330 -2.522425 76.445961 -1.141072 0.082587 0.816237 6.420124 -0.021140
12.001030 -7.518531 1.246043 -2.437716 77.193848 -1.191135 0.081636 0.758543 6.399204 -0.020020
12.135031 -7.693705 1.242562 -2.290772 78.039612 -1.249946 0.095749 0.659556 6.360146 -0.025212
12.252031 -7.876590 1.201366 -2.143807 78.779419 -1.304793 0.118155 0.536039 6.330432 -0.027843
12.385032 -8.095350 1.129835 -1.964886 79.617111 -1.368890 0.149577 0.357015 6.303042 -0.030552
12.502032 -8.309714 1.041049 -1.786087 80.351059 -1.426983 0.179095 0.176808 6.287441 -0.032737
12.635033 -8.567208 0.943564 -1.646605 81.183250 -1.496462 0.211461 -0.030475 6.273828 -0.034321
12.752033 -8.793109 0.831001 -1.561254 81.914467 -1.559238 0.235204 -0.201125 6.270085 -0.034404
12.885034 -9.064281 0.674942 -1.453971 82.750710 -1.633430 0.251834 -0.371509 6.261066 -0.036174
13.002034 -9.309765 0.525331 -1.345552 83.475319 -1.700139 0.257405 -0.495528 6.279313 -0.038349
13.136035 -9.603783 0.360015 -1.171373 84.313805 -1.778439 0.252614 -0.612179 6.287984 -0.038667
13.252035 -9.862631 0.217584 -0.987923 85.046112 -1.849257 0.241374 -0.694379 6.289243 -0.039116
13.386036 -10.158214 0.091264 -0.774966 85.878281 -1.932618 0.221969 -0.766267 6.290379 -0.039257
13.503036 -10.426372 0.004444 -0.557248 86.609673 -2.006513 0.198395 -0.807791 6.277473 -0.040431
13.636037 -10.735275 -0.044082 -0.407396 87.438766 -2.096058 0.169055 -0.821442 6.265638 -0.040777
13.753037 -11.009004 -0.044429 -0.280726 88.165565 -2.178616 0.143947 -0.796239 6.240221 -0.040779
13.886038 -11.330521 0.012785 -0.137781 88.994324 -2.274382 0.118971 -0.720005 6.215205 -0.041812
14.003038 -11.603474 0.112705 -0.078354 89.708092 -2.358699 0.100461 -0.613562 6.178668 -0.042438
14.136039 -11.921183 0.276802 -0.107833 90.525749 -2.457968 0.084911 -0.452524 6.123522 -0.040980
14.253039 -12.204715 0.420272 -0.205852 91.227188 -2.545232 0.077554 -0.290006 6.076219 -0.043149
14.387040 -12.536698 0.583317 -0.305233 92.030434 -2.647923 0.076624 -0.094332 6.023175 -0.044112
14.503040 -12.830087 0.718701 -0.438416 92.726723 -2.739196 0.081243 0.070584 5.986153 -0.043350
14.637041 -13.162895 0.851108 -0.628149 93.512070 -2.843277 0.088921 0.239087 5.937230 -0.043744
14.753041 -13.465384 0.928721 -0.787814 94.198288 -2.935350 0.096369 0.366807 5.900082 -0.045068
14.887042 -13.822677 0.982968 -0.981631 94.973267 -3.041671 0.105566 0.487120 5.866472 -0.047206
15.004043 -14.146942 0.984990 -1.231645 95.651207 -3.137195 0.112601 0.572157 5.842995 -0.048356
15.137043 -14.514422 0.951622 -1.566240 96.419510 -3.248677 0.117725 0.644687 5.834251 -0.048418
15.254044 -14.857491 0.894085 -1.856745 97.093765 -3.348779 0.120070 0.685257 5.821874 -0.051288
15.387044 -15.269937 0.804652 -2.223682 97.863876 -3.465083 0.121511 0.698806 5.806135 -0.052900
15.504045 -15.627830 0.732549 -2.537685 98.534683 -3.567965 0.120189 0.677597 5.799261 -0.052854
15.637045 -16.037346 0.651147 -2.877048 99.296738 -3.687221 0.115530 0.618134 5.799528 -0.052811
15.754045 -16.396906 0.565457 -3.154206 99.966339 -3.793887 0.109447 0.544101 5.794045 -0.052716
15.888046 -16.817575 0.495821 -3.459421 100.726265 -3.918854 0.101935 0.446705 5.789210 -0.055990
16.005047 -17.204432 0.474116 -3.695937 101.399933 -4.032629 0.093462 0.350851 5.787829 -0.057233
16.139050 -17.657312 0.488600 -3.931513 102.157494 -4.162303 0.082545 0.227753 5.771571 -0.059890
16.256052 -18.072720 0.567617 -4.127739 102.820984 -4.278492 0.073938 0.102850 5.748141 -0.061938
16.389055 -18.540304 0.692587 -4.321899 103.571289 -4.415024 0.066176 -0.048971 5.727551 -0.059832
16.506058 -18.959045 0.836617 -4.484954 104.228294 -4.536542 0.061418 -0.178115 5.702803 -0.062682
16.639061 -19.464865 1.050240 -4.639211 104.977776 -4.676106 0.058828 -0.304916 5.674561 -0.066254
16.756063 -19.917622 1.236841 -4.762753 105.621727 -4.798884 0.057552 -0.391089 5.636588 -0.068026
16.889067 -20.438555 1.460683 -4.909892 106.360596 -4.942801 0.055240 -0.461778 5.599128 -0.066791
17.006069 -20.889105 1.678745 -5.045874 107.001366 -5.070148 0.052937 -0.499081 5.573623 -0.067613
17.140072 -21.402464 1.935966 -5.163927 107.725586 -5.216693 0.051488 -0.516843 5.541480 -0.067249
17.256075 -21.857988 2.145954 -5.221363 108.358086 -5.347792 0.050723 -0.514412 5.508530 -0.068390
17.390078 -22.387671 2.353681 -5.274672 109.071663 -5.501572 0.048239 -0.495138 5.475968 -0.069203
17.507080 -22.861191 2.517751 -5.348147 109.695839 -5.640463 0.046247 -0.462988 5.456411 -0.070280
17.640083 -23.405367 2.699962 -5.435080 110.401176 -5.801491 0.041974 -0.407928 5.427469 -0.071306
17.757086 -23.894455 2.832256 -5.451273 111.018463 -5.945584 0.037997 -0.344853 5.408584 -0.074263
17.890089 -24.475487 2.930582 -5.433908 111.721489 -6.113137 0.032389 -0.265283 5.387459 -0.077308
18.007092 -24.991816 2.988518 -5.490345 112.328316 -6.261024 0.027932 -0.197537 5.379224 -0.078138
18.141094 -25.618704 3.029371 -5.513070 113.027626 -6.434154 0.020727 -0.123270 5.369524 -0.082168
18.257097 -26.178446 3.041537 -5.515796 113.631233 -6.586313 0.014536 -0.057487 5.365787 -0.085559
18.391100 -26.850788 3.059393 -5.538367 114.327095 -6.764884 0.009038 0.023615 5.354842 -0.087957
18.507103 -27.448734 3.094821 -5.648902 114.932335 -6.923935 0.007064 0.098032 5.344904 -0.088394
18.641106 -28.134661 3.145697 -5.811931 115.617744 -7.108588 0.007312 0.182719 5.333199 -0.089892
18.758108 -28.760794 3.204130 -6.002603 116.218758 -7.274320 0.008678 0.256101 5.322175 -0.091740
18.891111 -29.463692 3.285194 -6.230834 116.898598 -7.466049 0.012082 0.337296 5.304998 -0.090625
19.008114 -30.079075 3.366061 -6.441082 117.494179 -7.638211 0.016695 0.402370 5.295774 -0.089135
19.141117 -30.772188 3.445232 -6.679610 118.169426 -7.835761 0.020641 0.457684 5.286651 -0.089370
19.258120 -31.374130 3.533425 -6.911567 118.761734 -8.012709 0.024803 0.480889 5.280970 -0.087114
19.391123 -32.075573 3.641333 -7.273073 119.436729 -8.220166 0.030591 0.471030 5.268564 -0.089047
19.508125 -32.690914 3.735963 -7.646257 120.024460 -8.403950 0.035274 0.430187 5.259828 -0.088876
19.642128 -33.386154 3.832425 -8.013486 120.690918 -8.614531 0.039901 0.351494 5.252064 -0.088218
19.759130 -33.997032 3.940170 -8.341020 121.275871 -8.801964 0.043960 0.262865 5.250445 -0.087805
19.892134 -34.686310 4.076527 -8.718201 121.939827 -9.016992 0.049082 0.154123 5.240144 -0.087236
20.008137 -35.304390 4.195727 -9.101687 122.521820 -9.208803 0.053682 0.062403 5.238504 -0.087428
20.142139 -36.010075 4.341597 -9.572433 123.181168 -9.429415 0.058094 -0.033850 5.216827 -0.088480
20.259142 -36.622681 4.470158 -9.965465 123.759109 -9.626310 0.061262 -0.111564 5.220773 -0.085225
20.376144 -37.216564 4.608091 -10.332921 124.335320 -9.825851 0.063573 -0.179886 5.204739 -0.083880
20.509148 -37.887447 4.795375 -10.700262 124.988518 -10.053893 0.068072 -0.235052 5.198061 -0.083251
20.626150 -38.472031 4.971042 -11.082249 125.560516 -10.257212 0.074532 -0.257074 5.181301 -0.081661
20.759153 -39.125797 5.191717 -11.529819 126.207466 -10.491921 0.083668 -0.258051 5.168499 -0.080382
20.876156 -39.701633 5.381738 -11.930992 126.774986 -10.700568 0.093730 -0.249889 5.171185 -0.080474
21.010159 -40.353394 5.548856 -12.410975 127.418480 -10.939724 0.106925 -0.237495 5.158743 -0.078710
21.126162 -40.923813 5.665305 -12.824193 127.983398 -11.151681 0.119319 -0.217756 5.156250 -0.079560
21.260164 -41.570927 5.774212 -13.274872 128.628082 -11.397543 0.135499 -0.178390 5.143853 -0.078377
21.376167 -42.128929 5.856826 -13.650914 129.184906 -11.613453 0.148050 -0.137070 5.151009 -0.078129
21.510170 -42.777912 5.927971 -14.027096 129.827133 -11.865499 0.162970 -0.102998 5.148452 -0.079889
21.627172 -43.356022 5.978416 -14.393073 130.387360 -12.087977 0.175878 -0.095331 5.153258 -0.081396
21.760176 -44.013931 6.015100 -14.843845 131.022644 -12.344007 0.188801 -0.101977 5.148161 -0.079241
21.876179 -44.572044 6.051751 -15.230581 131.579788 -12.572618 0.199156 -0.103367 5.146521 -0.075717
22.010181 -45.204910 6.064852 -15.644200 132.213013 -12.835412 0.211342 -0.088777 5.158231 -0.077375
22.127184 -45.753460 6.066707 -16.003000 132.769501 -13.068530 0.221780 -0.064703 5.158142 -0.075023
22.260187 -46.363346 6.028906 -16.454857 133.400803 -13.338565 0.233017 -0.031723 5.167575 -0.073310
22.377190 -46.879929 5.978892 -16.770151 133.957275 -13.578982 0.243337 0.002850 5.189032 -0.070525
22.510193 -47.429924 5.924587 -17.018723 134.595078 -13.857932 0.256624 0.052027 5.200377 -0.067453
22.627195 -47.886814 5.878601 -17.160288 135.147263 -14.103006 0.270761 0.098046 5.209872 -0.066085
22.761198 -48.404213 5.805546 -17.307486 135.783676 -14.391642 0.287823 0.141036 5.215743 -0.064697
22.877201 -48.838581 5.740275 -17.417553 136.337677 -14.647864 0.302767 0.164192 5.217617 -0.061735
23.011204 -49.298672 5.670654 -17.495523 136.966705 -14.943640 0.321256 0.182568 5.235958 -0.056679
23.127207 -49.671070 5.620529 -17.501957 137.520309 -15.208319 0.337859 0.203365 5.248200 -0.055043
23.261209 -50.066467 5.556812 -17.488764 138.147705 -15.515263 0.353737 0.232282 5.259065 -0.050289
23.378212 -50.377338 5.516852 -17.390686 138.698700 -15.791612 0.365952 0.247850 5.273232 -0.046894
23.511215 -50.705093 5.470991 -17.219833 139.328491 -16.115078 0.379000 0.234241 5.289437 -0.042895
23.628218 -50.961700 5.436239 -17.070082 139.873444 -16.399771 0.391177 0.194591 5.307276 -0.039046
23.761221 -51.225716 5.408860 -16.858318 140.503784 -16.734015 0.403262 0.133190 5.337963 -0.035725
23.878223 -51.433754 5.379000 -16.647570 141.050888 -17.029243 0.411428 0.079889 5.375530 -0.033433
24.011227 -51.638344 5.360099 -16.386492 141.684998 -17.376715 0.419812 0.021955 5.407968 -0.027930
24.128229 -51.788822 5.352182 -16.127033 142.234009 -17.683680 0.424686 -0.030931 5.429705 -0.026027
24.262232 -51.936180 5.334274 -15.799482 142.866913 -18.045292 0.428073 -0.095933 5.451470 -0.020795
24.378235 -52.037136 5.332918 -15.502297 143.419769 -18.366873 0.430096 -0.146995 5.478313 -0.018025
24.512238 -52.130802 5.333825 -15.115068 144.049881 -18.738817 0.431260 -0.185778 5.520360 -0.016037
24.628241 -52.192986 5.349664 -14.736813 144.605347 -19.070976 0.430200 -0.202414 5.545072 -0.012744
24.762243 -52.238213 5.355611 -14.342472 145.239075 -19.454931 0.427807 -0.208780 5.584004 -0.008562
24.879246 -52.246162 5.334581 -13.983328 145.797974 -19.797829 0.424761 -0.207992 5.617271 -0.004367
25.012249 -52.213413 5.283276 -13.544282 146.436142 -20.193773 0.419930 -0.195650 5.669532 -0.001566
25.129251 -52.180752 5.216659 -13.088902 146.998901 -20.545874 0.416095 -0.170530 5.677619 -0.000831
25.262255 -52.134785 5.144306 -12.592699 147.642883 -20.953348 0.413307 -0.133511 5.694749 0.000962
25.379257 -52.086544 5.071402 -12.183867 148.199448 -21.310827 0.413731 -0.108609 5.709858 0.002553
25.513260 -52.012089 4.943239 -11.698950 148.843597 -21.729776 0.416440 -0.099193 5.749402 0.004927
25.629263 -51.922382 4.813117 -11.209116 149.407501 -22.099485 0.419704 -0.100855 5.768658 0.008288
25.763266 -51.800568 4.675304 -10.734756 150.046951 -22.526285 0.424305 -0.094098 5.789165 0.012303
25.879269 -51.658550 4.544710 -10.287097 150.610046 -22.906336 0.428290 -0.067332 5.816306 0.016478
26.013271 -51.506557 4.392310 -9.762555 151.249664 -23.343727 0.431481 -0.012257 5.839117 0.014237
26.130274 -51.377541 4.247046 -9.381815 151.812256 -23.734510 0.435096 0.049430 5.867085 0.016424
26.263277 -51.215462 4.062438 -9.011754 152.453705 -24.184446 0.440771 0.122242 5.911426 0.019061
26.380280 -51.050697 3.901064 -8.666581 153.020630 -24.585390 0.445759 0.181848 5.956118 0.022730
26.513283 -50.845623 3.721805 -8.272461 153.671844 -25.050093 0.450802 0.237499 5.977464 0.022910
26.630285 -50.668026 3.550385 -7.973174 154.235062 -25.457798 0.454187 0.270562 6.007900 0.025756
26.764288 -50.433033 3.344576 -7.684842 154.887344 -25.936573 0.458214 0.285229 6.057038 0.029831
26.881290 -50.206875 3.177104 -7.468818 155.458664 -26.360079 0.462390 0.272401 6.096111 0.034321
27.014294 -49.923573 3.009114 -7.261662 156.110657 -26.847719 0.468742 0.224173 6.143482 0.036789
27.130297 -49.660221 2.887387 -7.088058 156.684952 -27.282774 0.474602 0.154860 6.171672 0.038938
27.264299 -49.346508 2.784440 -6.918573 157.339844 -27.784233 0.478788 0.061490 6.225301 0.040694
27.381302 -49.054089 2.724722 -6.776489 157.919693 -28.232401 0.480227 -0.014317 6.292172 0.044325
27.514305 -48.699169 2.676095 -6.643591 158.582413 -28.748821 0.481371 -0.074539 6.343298 0.047533
27.631308 -48.371700 2.612306 -6.528281 159.169312 -29.209269 0.482373 -0.102963 6.407240 0.049727
27.764311 -47.978539 2.575146 -6.379680 159.847672 -29.743725 0.482805 -0.116451 6.474005 0.050761
27.881313 -47.627346 2.595499 -6.310358 160.444183 -30.216751 0.483693 -0.120131 6.528790 0.052573
28.015316 -47.225746 2.636926 -6.298048 161.127365 -30.759888 0.484037 -0.120743 6.588487 0.053604
28.131319 -46.857906 2.704547 -6.212631 161.733093 -31.241568 0.484954 -0.119699 6.630806 0.054696
28.265322 -46.427563 2.789304 -6.087690 162.425446 -31.793158 0.487682 -0.118826 6.676887 0.054968
28.382324 -46.030567 2.863931 -5.896585 163.039490 -32.280884 0.491278 -0.117869 6.718429 0.059399
28.515327 -45.558327 2.937613 -5.626070 163.742340 -32.837715 0.496523 -0.109662 6.768548 0.059773
28.632330 -45.139782 2.989726 -5.337830 164.366013 -33.330376 0.501753 -0.088601 6.805646 0.059569
28.765333 -44.669914 3.023526 -4.990653 165.079239 -33.892651 0.508945 -0.046902 6.845735 0.059210
28.882336 -44.257065 3.016304 -4.677629 165.710983 -34.388351 0.514171 -0.001653 6.876618 0.059088
29.015339 -43.771358 2.976287 -4.318439 166.439102 -34.956741 0.518832 0.048394 6.907299 0.061654
29.132341 -43.342785 2.905838 -4.044681 167.073898 -35.451656 0.520973 0.086084 6.959833 0.063866
29.265345 -42.823029 2.792444 -3.690440 167.816345 -36.024220 0.525163 0.122723 7.020588 0.066213
29.382347 -42.372414 2.661265 -3.373882 168.464081 -36.521122 0.529442 0.147733 7.052794 0.065416
29.516350 -41.845314 2.479220 -2.947607 169.217834 -37.097557 0.534059 0.161636 7.102054 0.066991
29.632353 -41.377171 2.295671 -2.593252 169.881607 -37.603642 0.538500 0.153914 7.154439 0.067627
29.766356 -40.843750 2.084476 -2.154784 170.643661 -38.180836 0.543453 0.122428 7.212631 0.067542
29.883358 -40.372902 1.869271 -1.734648 171.321594 -38.690945 0.547371 0.080602 7.277564 0.070027
30.016361 -39.804192 1.644707 -1.263443 172.099426 -39.272915 0.552142 0.025002 7.322704 0.075210
30.133364 -39.278191 1.472123 -0.875860 172.787735 -39.786911 0.556408 -0.026980 7.356101 0.078391
30.266367 -38.642769 1.318133 -0.423512 173.583023 -40.377651 0.560924 -0.085820 7.415602 0.082921
30.383369 -38.069176 1.211623 -0.004345 174.283203 -40.893841 0.565280 -0.130805 7.446561 0.085764
30.516373 -37.396610 1.116046 0.454357 175.086792 -41.479649 0.571078 -0.170104 7.496692 0.088203
30.633375 -36.794518 1.062278 0.833908 175.793976 -41.989517 0.574088 -0.193612 7.530696 0.091316
30.767378 -36.067097 1.055127 1.208691 176.616531 -42.577614 0.575743 -0.211205 7.555186 0.094960
30.883381 -35.417118 1.087440 1.498165 177.339218 -43.090008 0.574700 -0.217645 7.582095 0.097500
31.017384 -34.665188 1.173953 1.762079 178.165176 -43.672859 0.573177 -0.210018 7.610992 0.099518
31.134386 -33.990524 1.295518 1.970484 178.895752 -44.183002 0.570740 -0.190118 7.612397 0.099665
31.267389 -33.225632 1.488765 2.144279 179.728928 -44.757515 0.567394 -0.161788 7.606029 0.100220
31.384392 -32.527439 1.694914 2.287638 180.464432 -45.258724 0.563883 -0.142009 7.606507 0.106328
31.517395 -31.709696 1.957153 2.488710 181.302872 -45.823231 0.560052 -0.123429 7.597626 0.106652
31.634398 -30.985235 2.201983 2.673927 182.041794 -46.316765 0.556212 -0.096459 7.592311 0.107889
31.751400 -30.239389 2.444447 2.832056 182.781296 -46.807507 0.552055 -0.045515 7.585773 0.111713
31.884403 -29.366621 2.702942 2.980388 183.624786 -47.361015 0.545889 0.039255 7.583356 0.113882
32.001404 -28.598051 2.913943 3.063437 184.368896 -47.842464 0.541285 0.119525 7.569860 0.113711
32.134392 -27.714785 3.128786 3.088735 185.223358 -48.388641 0.534802 0.192380 7.568036 0.115914
32.251381 -26.949017 3.285432 3.100632 185.965439 -48.855808 0.527733 0.231150 7.549086 0.114625
32.384369 -26.068884 3.421577 3.150575 186.825150 -49.386349 0.520758 0.254745 7.532094 0.114087
32.501358 -25.291653 3.496195 3.175916 187.576752 -49.844051 0.517479 0.266939 7.517402 0.115788
32.635345 -24.401958 3.540557 3.189350 188.433151 -50.358158 0.516084 0.276629 7.506435 0.116950
32.751335 -23.613523 3.555946 3.260419 189.188721 -50.802094 0.517504 0.281548 7.479427 0.117259
32.885323 -22.716070 3.521264 3.312250 190.049637 -51.298809 0.520992 0.281640 7.471216 0.117928
33.002312 -21.930973 3.453987 3.284488 190.809738 -51.728004 0.522583 0.276098 7.454505 0.117743
33.135300 -21.029325 3.340210 3.260629 191.676651 -52.207169 0.524436 0.258506 7.438775 0.118456
33.252289 -20.243439 3.217152 3.270435 192.441315 -52.621071 0.524772 0.226737 7.428379 0.116130
33.385277 -19.368889 3.057616 3.336872 193.320023 -53.085705 0.522011 0.166198 7.413211 0.111275
33.503269 -18.624184 2.909361 3.407667 194.089798 -53.485676 0.518230 0.096403 7.410004 0.109597
33.636257 -17.778999 2.763197 3.556257 194.972244 -53.934498 0.511357 0.012584 7.375846 0.109572
33.753246 -17.039703 2.665622 3.740681 195.744858 -54.317253 0.504394 -0.049103 7.365876 0.108561
33.887234 -16.217882 2.586524 3.913348 196.624573 -54.744854 0.496302 -0.094548 7.345391 0.106452
34.003223 -15.495046 2.559478 4.124784 197.399170 -55.112339 0.488281 -0.115143 7.312142 0.106332
34.137211 -14.688447 2.557692 4.330636 198.279358 -55.518585 0.479878 -0.129888 7.270885 0.103798
34.254200 -13.994768 2.575206 4.474715 199.052490 -55.868786 0.472174 -0.145864 7.246400 0.100807
34.387188 -13.229695 2.639597 4.690282 199.931732 -56.254475 0.464326 -0.170073 7.203779 0.097173
34.504177 -12.570886 2.729806 4.932987 200.705795 -56.583755 0.458315 -0.190165 7.180728 0.095268
34.637165 -11.839576 2.873142 5.203550 201.590576 -56.950363 0.452617 -0.204973 7.129950 0.092768
34.754154 -11.227656 3.012803 5.371458 202.353622 -57.258488 0.447534 -0.214114 7.072348 0.088301
34.887142 -10.558902 3.167555 5.527830 203.233017 -57.604691 0.441200 -0.231750 7.034382 0.084607
35.004131 -10.003903 3.292880 5.652294 203.992706 -57.896168 0.437294 -0.256991 6.998539 0.081163
35.138119 -9.373001 3.426323 5.832004 204.868484 -58.222645 0.433475 -0.289037 6.959637 0.080294
35.254108 -8.836033 3.522909 5.946540 205.632446 -58.498489 0.430519 -0.308894 6.922595 0.077400
35.388096 -8.240213 3.620198 6.014524 206.499634 -58.803699 0.427260 -0.314118 6.902250 0.078062
35.505085 -7.732367 3.699619 6.026680 207.261551 -59.065922 0.424695 -0.303264 6.877288 0.075347
35.638073 -7.179864 3.786903 5.923181 208.132889 -59.358238 0.421625 -0.271629 6.850382 0.070723
35.755062 -6.725566 3.849747 5.844639 208.888000 -59.602890 0.417305 -0.222519 6.835157 0.067416
35.888050 -6.208576 3.883083 5.823806 209.759796 -59.875900 0.412512 -0.140217 6.802739 0.067126
36.005039 -5.780676 3.900326 5.775784 210.513779 -60.105358 0.406961 -0.056636 6.790853 0.064806
36.138027 -5.303612 3.875727 5.658010 211.385468 -60.364464 0.398909 0.033344 6.782610 0.062373
36.255016 -4.883152 3.817483 5.572631 212.140213 -60.582062 0.391587 0.095639 6.761802 0.063767
36.389004 -4.428238 3.721014 5.425053 213.012573 -60.826752 0.382364 0.151500 6.756508 0.058670
36.504993 -4.052009 3.637385 5.285577 213.773346 -61.033939 0.372926 0.196437 6.732836 0.056548
36.638981 -3.628594 3.515532 5.188113 214.638260 -61.259399 0.363767 0.248834 6.712563 0.057002
36.754971 -3.253419 3.403821 5.097894 215.399185 -61.451923 0.357461 0.293083 6.704570 0.057614
36.888958 -2.842283 3.288925 4.908059 216.264114 -61.664501 0.351991 0.334985 6.684782 0.054349
37.005947 -2.511081 3.208229 4.652194 217.022293 -61.845798 0.348673 0.362996 6.647294 0.051075
37.138935 -2.148114 3.119953 4.465175 217.888351 -62.043415 0.345529 0.386944 6.612838 0.046694
37.255924 -1.846340 3.045290 4.366363 218.635834 -62.207581 0.344191 0.402046 6.581995 0.046603
37.388912 -1.511367 2.978977 4.219680 219.497681 -62.391201 0.344974 0.409615 6.568537 0.043385
37.505901 -1.229798 2.947556 4.124157 220.243637 -62.544601 0.346682 0.401920 6.558090 0.042525
37.638889 -0.899248 2.908483 4.074180 221.103912 -62.716343 0.347904 0.368865 6.541883 0.043479
37.755878 -0.626724 2.879715 4.055625 221.853485 -62.861534 0.348147 0.315628 6.514039 0.039462
37.889866 -0.340049 2.846985 3.919956 222.704056 -63.020741 0.346982 0.232787 6.498315 0.038240
38.005856 -0.086116 2.803223 3.789944 223.451355 -63.154652 0.345433 0.153272 6.484894 0.038919
38.139843 0.199072 2.760682 3.588842 224.300262 -63.304512 0.340550 0.074772 6.463439 0.038840
38.256832 0.445637 2.716955 3.448126 225.044495 -63.430336 0.334489 0.023831 6.438582 0.037834
38.389820 0.725041 2.634523 3.303996 225.887482 -63.566574 0.326360 -0.021890 6.409672 0.038003
38.506809 0.981181 2.545541 3.220900 226.626862 -63.679848 0.318215 -0.068030 6.380765 0.038531
38.639797 1.260353 2.431983 3.134429 227.472198 -63.803589 0.309190 -0.141698 6.369827 0.037621
38.756786 1.513167 2.311647 3.088353 228.202652 -63.905590 0.302433 -0.223413 6.350587 0.038929
38.889774 1.808603 2.146062 3.035117 229.044571 -64.019241 0.295576 -0.326581 6.330954 0.039326
39.006763 2.073549 1.976448 3.003039 229.777603 -64.115700 0.291459 -0.414667 6.310298 0.039293
39.140751 2.363694 1.775260 2.967087 230.607315 -64.221146 0.288876 -0.501956 6.274214 0.037316
39.256741 2.611789 1.590623 2.975174 231.334778 -64.309517 0.287017 -0.558943 6.252890 0.036779
39.390728 2.890167 1.375975 3.007603 232.159348 -64.404152 0.288697 -0.591779 6.232682 0.035415
39.507717 3.115117 1.184061 2.992842 232.884033 -64.483543 0.292075 -0.591117 6.230013 0.032633
39.640705 3.364413 0.993888 2.967562 233.706818 -64.568863 0.294589 -0.565260 6.210703 0.033610
39.757694 3.586974 0.852589 2.939199 234.429504 -64.640839 0.296942 -0.530596 6.207067 0.032835
39.890682 3.840398 0.718327 2.923736 235.255981 -64.719429 0.298309 -0.479522 6.188473 0.033430
40.007671 4.061165 0.616261 2.971971 235.970291 -64.781815 0.299387 -0.418484 6.178326 0.032663
40.141659 4.312873 0.539501 3.044502 236.794693 -64.848358 0.300515 -0.314388 6.165363 0.032841
40.257648 4.524278 0.506492 3.129434 237.512955 -64.900970 0.301337 -0.189085 6.145699 0.031014
40.391636 4.753596 0.500482 3.268188 238.327499 -64.957069 0.300721 -0.009205 6.130422 0.029767
40.507626 4.960568 0.506756 3.391474 239.042725 -65.002701 0.297763 0.169268 6.119987 0.030998
40.641613 5.185143 0.511559 3.584204 239.853912 -65.049469 0.292853 0.375779 6.104446 0.027931
40.758602 5.375989 0.532404 3.730321 240.566895 -65.087265 0.288565 0.536376 6.099850 0.028911
40.891590 5.590574 0.580687 3.794542 241.375977 -65.125366 0.282938 0.672362 6.086652 0.028299
41.008579 5.781121 0.624232 3.848646 242.086670 -65.154877 0.275439 0.740580 6.076279 0.028863
41.125568 5.984194 0.649298 3.923983 242.795868 -65.180840 0.266896 0.765698 6.056005 0.029643
41.258556 6.206261 0.648749 3.994749 243.600372 -65.205910 0.256214 0.757731 6.047850 0.028401
41.375546 6.397471 0.611918 4.046779 244.308014 -65.223892 0.245358 0.731971 6.051614 0.027767
41.508533 6.591250 0.549704 4.010130 245.118713 -65.239334 0.235889 0.685998 6.050561 0.021974
41.625523 6.732656 0.484060 3.946137 245.821304 -65.248642 0.230334 0.626193 6.059173 0.021656
41.758511 6.897862 0.396810 3.870177 246.633118 -65.254257 0.224970 0.525801 6.057859 0.021749
41.875500 7.035478 0.317147 3.727015 247.335953 -65.255989 0.220760 0.411187 6.060657 0.021163
42.009487 7.193614 0.227433 3.518926 248.148804 -65.254204 0.219580 0.257985 6.071731 0.020929
42.125477 7.331296 0.159165 3.306087 248.859573 -65.249771 0.219852 0.114624 6.073286 0.020061
42.259464 7.471700 0.072140 3.013402 249.668030 -65.241409 0.221518 -0.052431 6.078983 0.017956
42.376453 7.583776 -0.007731 2.749942 250.379868 -65.230499 0.222518 -0.202226 6.088999 0.016924
42.509441 7.694316 -0.077086 2.439565 251.189178 -65.214684 0.222973 -0.368910 6.089879 0.013033
42.626431 7.785972 -0.135387 2.197718 251.901474 -65.196724 0.221782 -0.503100 6.087873 0.014774
42.759418 7.884280 -0.162924 1.903028 252.716217 -65.172699 0.219059 -0.629989 6.082427 0.013014
42.876408 7.962465 -0.180757 1.652589 253.421387 -65.148102 0.213609 -0.715121 6.082234 0.011634
43.010399 8.030524 -0.197923 1.446235 254.028381 -65.123878 0.207165 -0.770706 6.068642 0.010849
43.126389 8.117655 -0.229889 1.120978 254.937592 -65.082161 0.191296 -0.821106 6.063253 0.009811
43.260376 8.189332 -0.268612 0.828865 255.748215 -65.040451 0.176471 -0.822176 6.053361 0.008463
43.376366 8.247895 -0.298572 0.549778 256.454773 -65.001656 0.165087 -0.781129 6.047866 0.008404
43.510353 8.322517 -0.329181 0.270587 257.257385 -64.954239 0.152738 -0.689310 6.040031 0.009957
43.626343 8.390418 -0.318734 0.091914 257.962128 -64.911568 0.144607 -0.576699 6.027917 0.009696
43.760330 8.466793 -0.294219 -0.038207 258.760956 -64.860924 0.139824 -0.419998 6.018750 0.010378
43.877319 8.543198 -0.257263 -0.106486 259.462799 -64.815079 0.139613 -0.256325 6.004766 0.012027
44.010307 8.644859 -0.202894 -0.162822 260.259094 -64.761711 0.141408 -0.043275 5.998291 0.014192
44.127296 8.734139 -0.137102 -0.203277 260.958771 -64.713058 0.146085 0.157271 5.988953 0.013085
44.260284 8.826365 -0.074092 -0.194871 261.759186 -64.654350 0.154304 0.372597 5.987761 0.011508
44.377274 8.908628 -0.028441 -0.136808 262.450958 -64.602158 0.160574 0.522612 5.974239 0.012989
44.511261 9.004616 0.002634 -0.060171 263.248352 -64.540253 0.166220 0.634958 5.968004 0.011490
44.627251 9.087574 0.007588 0.051865 263.943542 -64.483803 0.170309 0.680257 5.956892 0.012767
44.761238 9.183818 0.016895 0.244449 264.731506 -64.416534 0.174724 0.682301 5.939372 0.012221
44.877228 9.268634 0.037135 0.445661 265.424042 -64.357475 0.178159 0.652031 5.937574 0.012598
45.011215 9.372321 0.045375 0.698830 266.209473 -64.288063 0.178637 0.592174 5.925827 0.014014
45.128204 9.456848 0.046348 0.894603 266.900238 -64.228020 0.176171 0.525232 5.924876 0.011506
45.261192 9.542387 0.040562 1.148884 267.685059 -64.157501 0.171989 0.445560 5.919405 0.010743
45.378181 9.617534 0.020751 1.353114 268.375275 -64.093590 0.168009 0.382474 5.929180 0.011422
45.511169 9.697568 -0.006577 1.555140 269.166138 -64.016716 0.162562 0.326240 5.933028 0.011097
45.628159 9.773505 -0.039670 1.703587 269.851532 -63.948849 0.156907 0.287589 5.938548 0.012289
45.761147 9.877333 -0.085347 1.921689 270.643494 -63.866024 0.150677 0.240115 5.944233 0.013877
45.878136 9.954452 -0.111140 2.115644 271.335114 -63.792667 0.146263 0.181176 5.946612 0.010520
46.012123 10.035660 -0.120122 2.304548 272.122192 -63.709057 0.143405 0.086175 5.952223 0.010478
46.128113 10.115895 -0.114998 2.414616 272.814728 -63.634823 0.143119 -0.016074 5.954735 0.013777
46.262100 10.220933 -0.054490 2.496178 273.602692 -63.549942 0.146732 -0.134359 5.962764 0.013496
46.379089 10.327867 0.030687 2.588423 274.295868 -63.472668 0.151438 -0.226088 5.959681 0.017510
46.512077 10.472243 0.162711 2.651722 275.089233 -63.382053 0.157761 -0.311239 5.959550 0.019398
46.629066 10.602393 0.288900 2.700536 275.775360 -63.300900 0.161078 -0.374768 5.949710 0.019946
46.762054 10.765405 0.430763 2.740278 276.565582 -63.202629 0.162539 -0.444968 5.938642 0.022914
46.879044 10.924481 0.527540 2.711398 277.248291 -63.116398 0.160896 -0.503506 5.933154 0.023938
47.012032 11.114285 0.624569 2.655293 278.036072 -63.014713 0.157445 -0.558161 5.926011 0.024757
47.129021 11.287832 0.688808 2.610142 278.717407 -62.924679 0.152934 -0.584500 5.920585 0.028249
47.263008 11.503333 0.747671 2.492248 279.503510 -62.819477 0.148181 -0.585937 5.918179 0.028722
47.378998 11.706777 0.771600 2.352727 280.189209 -62.726143 0.143715 -0.563636 5.915148 0.031359
47.512985 11.956753 0.756066 2.187746 280.968384 -62.617676 0.138949 -0.515164 5.918071 0.033721
47.629974 12.184246 0.709517 2.023435 281.653870 -62.520802 0.135563 -0.453215 5.916450 0.036311
47.762962 12.456100 0.634044 1.858389 282.433197 -62.408283 0.131641 -0.361683 5.923151 0.035375
47.879951 12.690165 0.556494 1.719265 283.118988 -62.307884 0.130081 -0.263540 5.927368 0.036450
48.012939 12.979195 0.480744 1.604711 283.900024 -62.189056 0.131057 -0.132634 5.948551 0.038210
48.129929 13.225768 0.426570 1.473688 284.588776 -62.083187 0.131824 -0.000237 5.961282 0.036316
48.262917 13.507885 0.374910 1.365791 285.377380 -61.958775 0.133012 0.166704 5.957975 0.038597
48.379906 13.766899 0.353349 1.308088 286.060272 -61.848755 0.135093 0.313933 5.966380 0.039738
48.513893 14.070011 0.331535 1.264192 286.849487 -61.720440 0.137942 0.463905 5.969551 0.037981
48.629883 14.324159 0.312661 1.267492 287.539124 -61.607059 0.142727 0.561235 5.975953 0.037672
48.763870 14.616097 0.314364 1.352407 288.322510 -61.475060 0.150992 0.627609 5.969815 0.038511
48.880859 14.880509 0.333950 1.480795 289.010742 -61.356518 0.159617 0.654825 5.968010 0.039877
49.013847 15.204425 0.358651 1.618532 289.792480 -61.219887 0.168146 0.659544 5.964333 0.043890
49.130836 15.510194 0.376347 1.772362 290.479980 -61.098267 0.173586 0.641000 5.966186 0.048054
49.263824 15.877864 0.419186 1.949365 291.265717 -60.958080 0.177717 0.584105 5.951016 0.046511
49.380814 16.184145 0.458570 2.074271 291.944519 -60.835793 0.176699 0.497734 5.941374 0.045759
49.513802 16.527605 0.489332 2.211348 292.726318 -60.692993 0.170230 0.360744 5.923839 0.044908
49.630791 16.826056 0.510501 2.322216 293.401611 -60.567410 0.162753 0.222232 5.921132 0.045413
49.764778 17.185898 0.514798 2.398262 294.181427 -60.420677 0.153821 0.060453 5.922152 0.047804
49.880768 17.502396 0.514123 2.420017 294.862610 -60.291275 0.146319 -0.068636 5.921543 0.046111
50.014755 17.855324 0.520111 2.424126 295.636108 -60.142700 0.139737 -0.189499 5.920068 0.046724
50.130745 18.176764 0.521243 2.410537 296.315826 -60.010845 0.135899 -0.271177 5.916321 0.048022
50.264732 18.532667 0.530958 2.407661 297.086914 -59.857006 0.132818 -0.340199 5.911199 0.046528
50.381721 18.844110 0.556645 2.412243 297.763885 -59.719692 0.130486 -0.386944 5.898738 0.046676
50.514709 19.203075 0.603856 2.377852 298.531372 -59.562603 0.131764 -0.427192 5.883270 0.047798
50.631699 19.533558 0.643584 2.321179 299.205170 -59.422466 0.135585 -0.447828 5.881114 0.049205
50.765686 19.913527 0.687977 2.261141 299.974060 -59.257732 0.140986 -0.447077 5.866128 0.048514
50.881676 20.249180 0.734546 2.237401 300.637360 -59.111053 0.147394 -0.424506 5.848124 0.050468
50.999668 20.575336 0.763569 2.228525 301.310760 -58.960331 0.154503 -0.385806 5.845215 0.047842
51.132656 20.947947 0.809036 2.217144 302.074554 -58.787262 0.161405 -0.333430 5.842509 0.049150
51.249645 21.273190 0.851466 2.190098 302.734741 -58.634884 0.164905 -0.287179 5.842606 0.048233
51.383633 21.642723 0.873564 2.223861 303.495941 -58.455181 0.167739 -0.235002 5.830955 0.048512
51.499622 21.965021 0.886066 2.297641 304.153229 -58.296692 0.168039 -0.186512 5.828408 0.049119
51.633610 22.346153 0.915909 2.435229 304.911133 -58.109905 0.166652 -0.118358 5.823792 0.049974
51.749599 22.674839 0.933261 2.609295 305.571747 -57.945442 0.162707 -0.044269 5.819164 0.048793
51.883587 23.050217 0.932063 2.772745 306.322662 -57.757401 0.156286 0.049176 5.822234 0.048573
52.000576 23.380669 0.922460 2.976424 306.982361 -57.589046 0.149156 0.126933 5.817677 0.050314
52.133564 23.764402 0.910205 3.279993 307.729675 -57.393105 0.141680 0.197619 5.805776 0.049209
52.250553 24.100040 0.902538 3.591466 308.384735 -57.217682 0.136245 0.245482 5.788197 0.049623
52.383541 24.488153 0.885842 3.927118 309.132538 -57.014534 0.132200 0.294115 5.781377 0.049968
52.500530 24.824045 0.879833 4.165745 309.778778 -56.837284 0.132276 0.336762 5.775808 0.049646
52.633518 25.211851 0.899911 4.380431 310.522308 -56.629284 0.134553 0.380642 5.753192 0.050226
52.750507 25.542217 0.955117 4.511741 311.168365 -56.444927 0.137494 0.405132 5.735337 0.047538
52.884495 25.908461 1.012396 4.575114 311.900330 -56.232975 0.143941 0.409890 5.722191 0.047914
53.000484 26.233027 1.075152 4.638453 312.540680 -56.043392 0.151364 0.394170 5.696129 0.047889
53.134472 26.597767 1.158945 4.674365 313.265198 -55.825024 0.159853 0.355362 5.682787 0.047481
53.251461 26.910599 1.242982 4.637090 313.900208 -55.631508 0.166110 0.304789 5.669760 0.046303
53.384449 27.271618 1.345805 4.633328 314.620392 -55.408882 0.172973 0.234900 5.664187 0.048177
53.501438 27.600603 1.436074 4.626896 315.251465 -55.209801 0.179178 0.170455 5.653116 0.049846
53.634426 27.978195 1.548069 4.652672 315.971924 -54.977200 0.184998 0.097109 5.649783 0.048590
53.751415 28.305344 1.646859 4.671622 316.595154 -54.772964 0.187306 0.026162 5.650530 0.049601
53.884403 28.688112 1.756608 4.749127 317.313721 -54.533344 0.187433 -0.079886 5.660698 0.049200
54.001392 29.019484 1.828360 4.822327 317.936707 -54.324047 0.184959 -0.197321 5.666581 0.048916
54.135380 29.391989 1.886520 4.933913 318.655823 -54.079941 0.179129 -0.343549 5.671619 0.047515
54.251369 29.704531 1.907537 5.031750 319.283722 -53.864258 0.171696 -0.452083 5.676866 0.044960
54.385357 30.044933 1.903023 5.233770 319.996338 -53.615040 0.162388 -0.521630 5.680600 0.042873
54.502346 30.321323 1.903008 5.455743 320.622314 -53.390167 0.156427 -0.528236 5.689525 0.039015
54.635334 30.619909 1.907979 5.602355 321.334747 -53.132332 0.151432 -0.489111 5.699950 0.038632
54.752323 30.885828 1.905602 5.711548 321.961456 -52.902843 0.147752 -0.438270 5.706935 0.040302
54.885311 31.202633 1.925240 5.817128 322.674500 -52.640190 0.144642 -0.384037 5.716308 0.041311
55.002300 31.487579 1.967948 5.918650 323.301208 -52.406536 0.144199 -0.344519 5.715251 0.041375
55.135288 31.818102 2.039469 6.046834 324.017334 -52.136063 0.147611 -0.300618 5.714214 0.043437
55.252277 32.114174 2.111395 6.137643 324.636871 -51.900032 0.153515 -0.253551 5.712925 0.044264
55.386265 32.452332 2.202911 6.243808 325.352020 -51.624630 0.161528 -0.179191 5.722335 0.044168
55.502254 32.763306 2.305665 6.324640 325.976807 -51.382092 0.169501 -0.092071 5.725506 0.047135
55.636242 33.136803 2.431944 6.362548 326.685333 -51.105465 0.179148 0.031309 5.713857 0.048701
55.753231 33.462845 2.535856 6.316282 327.307251 -50.861076 0.185286 0.153229 5.708271 0.049333
55.886219 33.848858 2.618670 6.297171 328.012238 -50.580795 0.188695 0.287595 5.702462 0.051901
56.003208 34.204525 2.677289 6.351929 328.630981 -50.331196 0.188063 0.387285 5.705886 0.053676
56.136196 34.613029 2.733083 6.433603 329.334503 -50.045258 0.183723 0.468176 5.713752 0.051887
56.253185 34.963146 2.753132 6.541666 329.953094 -49.790737 0.178404 0.512308 5.715021 0.051830
56.386173 35.365433 2.737350 6.693987 330.659760 -49.496063 0.168767 0.537382 5.709969 0.051060
56.503162 35.712204 2.718112 6.869895 331.269989 -49.238121 0.160410 0.540756 5.707456 0.051297
56.637150 36.113613 2.704240 7.018300 331.973358 -48.938377 0.151582 0.523878 5.707028 0.050404
56.753139 36.474930 2.687884 7.147031 332.585968 -48.673893 0.145990 0.487628 5.700966 0.053046
56.887127 36.885765 2.680230 7.310825 333.281616 -48.371174 0.143587 0.417524 5.706043 0.053640
57.003117 37.260933 2.673729 7.498976 333.893097 -48.104206 0.145617 0.328856 5.700100 0.055107
57.137104 37.691849 2.675936 7.743185 334.586578 -47.798031 0.151121 0.208018 5.697843 0.054273
57.254093 38.069237 2.687479 7.924509 335.195160 -47.527237 0.156988 0.100486 5.688838 0.054800
57.387081 38.486073 2.738381 8.074582 335.884552 -47.217953 0.164252 -0.006012 5.677856 0.053344
57.504070 38.849693 2.812898 8.200738 336.488861 -46.943569 0.171090 -0.085357 5.666965 0.052998
57.637058 39.263382 2.900942 8.416758 337.178192 -46.627899 0.180902 -0.174158 5.653478 0.052039
57.754047 39.624393 2.987468 8.600071 337.772980 -46.352669 0.187836 -0.258719 5.641509 0.053516
57.888035 40.038017 3.090045 8.768669 338.457001 -46.031090 0.195860 -0.359145 5.639677 0.053285
58.004025 40.397915 3.173421 8.883877 339.052704 -45.747879 0.203233 -0.435215 5.641171 0.052106
58.138012 40.803761 3.263985 9.012527 339.727875 -45.423626 0.208941 -0.493359 5.619949 0.052827
58.255001 41.162418 3.345832 9.175053 340.320343 -45.136238 0.211930 -0.516796 5.628545 0.052886
58.387989 41.575394 3.445824 9.382113 340.993805 -44.807381 0.212922 -0.512154 5.637166 0.051757
58.504978 41.934353 3.529176 9.599519 341.586060 -44.515949 0.212802 -0.478377 5.645433 0.051129
58.637966 42.332977 3.628415 9.818325 342.259277 -44.182926 0.214075 -0.403577 5.650376 0.049145
58.754955 42.670567 3.702482 10.014844 342.850891 -43.888100 0.214660 -0.312957 5.650133 0.047340
58.887943 43.031193 3.766376 10.202293 343.526550 -43.547230 0.214379 -0.202200 5.643854 0.043423
59.004932 43.317978 3.793042 10.315281 344.110870 -43.249905 0.213182 -0.117084 5.657375 0.040954
59.137920 43.636490 3.792741 10.408660 344.785889 -42.904446 0.211690 -0.036097 5.660010 0.039918
59.254910 43.902409 3.774317 10.455837 345.374939 -42.601166 0.211533 0.029881 5.666428 0.039272
59.388897 44.203568 3.703186 10.506365 346.044067 -42.254150 0.214076 0.110659 5.667009 0.040493
59.504887 44.465210 3.615530 10.549589 346.631287 -41.946968 0.220027 0.183622 5.662580 0.037277
59.638874 44.735954 3.497013 10.608724 347.296692 -41.593018 0.230828 0.251551 5.669580 0.033778
59.755863 44.956234 3.375921 10.639724 347.881744 -41.279293 0.241700 0.287957 5.678751 0.031954
59.888851 45.190910 3.237368 10.626138 348.547913 -40.919621 0.258782 0.304625 5.695519 0.031200
60.005840 45.382767 3.130292 10.515622 349.134338 -40.601742 0.276062 0.307338 5.702921 0.028206
