1.20 1.10 20 64
0.135000 0.013357 0.045573 -0.052780 0.903617 0.000292 -0.130556 -0.302916 6.678383 0.002623
0.252000 0.021381 0.199810 -0.132686 1.679463 0.000671 -0.085750 -0.288067 6.592071 0.000444
0.378000 0.022898 0.454157 -0.227630 2.509414 0.002670 -0.009267 -0.249085 6.488415 -0.000141
0.505000 0.015224 0.737357 -0.391965 3.317863 0.005172 0.082771 -0.198884 6.371257 -0.000811
0.631000 0.009650 0.996425 -0.563992 4.121231 0.007630 0.179884 -0.155694 6.293405 -0.000028
0.756000 0.010066 1.204385 -0.716979 4.903361 0.009713 0.268034 -0.133007 6.234643 0.001162
0.879000 0.014897 1.335010 -0.859420 5.669333 0.012955 0.338345 -0.123556 6.224396 0.000341
1.007000 0.018444 1.382283 -0.996605 6.459739 0.016350 0.389057 -0.103277 6.230405 0.001126
1.131000 0.020570 1.355314 -1.097000 7.240319 0.020141 0.414073 -0.048257 6.256897 -0.000084
1.255000 0.020151 1.240730 -1.185625 8.018687 0.023312 0.412304 0.048392 6.294884 -0.000147
1.380000 0.018211 1.043477 -1.295158 8.808984 0.025363 0.385073 0.174002 6.343366 0.000270
1.504001 0.016181 0.790317 -1.392815 9.598475 0.026684 0.337526 0.298947 6.384829 -0.000224
1.631001 0.011312 0.503312 -1.500464 10.412357 0.027929 0.274293 0.400213 6.426121 -0.001275
1.755001 0.001085 0.227325 -1.576661 11.211142 0.030615 0.207143 0.459697 6.451622 -0.001664
1.880001 -0.008444 -0.020047 -1.672096 12.012629 0.032677 0.143545 0.484116 6.473628 -0.000937
2.003001 -0.015040 -0.216075 -1.779699 12.816020 0.032501 0.090592 0.487165 6.482467 -0.000871
2.127001 -0.024558 -0.343178 -1.874294 13.619733 0.031740 0.052694 0.481186 6.481068 -0.001393
2.260000 -0.027099 -0.393696 -1.879327 14.480520 0.033794 0.035351 0.467441 6.464213 0.000180
2.386000 -0.028509 -0.345846 -1.781642 15.287004 0.038647 0.043370 0.439214 6.442268 -0.000035
2.511000 -0.033025 -0.235325 -1.636493 16.089680 0.044506 0.073942 0.385228 6.405425 0.000413
2.635999 -0.028080 -0.065449 -1.429632 16.887550 0.050260 0.122339 0.300722 6.365523 0.000134
2.760999 -0.036115 0.132233 -1.180971 17.686056 0.055203 0.183516 0.188072 6.321060 -0.002122
2.886999 -0.050895 0.324872 -0.909457 18.473452 0.061593 0.249456 0.057362 6.288668 -0.003060
3.010999 -0.074304 0.484962 -0.659236 19.257994 0.068695 0.312073 -0.083162 6.269608 -0.004011
3.135998 -0.098605 0.606250 -0.439488 20.041599 0.074186 0.364523 -0.223322 6.271673 -0.002954
3.259998 -0.120159 0.667222 -0.204475 20.820639 0.078554 0.402770 -0.348313 6.293674 -0.004089
3.384998 -0.152281 0.678441 0.011641 21.602520 0.082693 0.424039 -0.444419 6.321701 -0.005773
3.508997 -0.188640 0.640753 0.235047 22.396057 0.085570 0.428400 -0.504647 6.366955 -0.005644
3.632997 -0.226615 0.578551 0.453327 23.188881 0.088710 0.415538 -0.534036 6.407928 -0.005474
3.757997 -0.267955 0.479402 0.653473 23.986290 0.091533 0.387133 -0.547165 6.444924 -0.006620
3.881996 -0.323305 0.352686 0.834155 24.794737 0.094219 0.345827 -0.550880 6.480223 -0.009194
4.005996 -0.394038 0.221550 1.001885 25.599819 0.097544 0.299449 -0.536404 6.500169 -0.010749
4.129998 -0.474675 0.093622 1.113348 26.407381 0.101198 0.253585 -0.489303 6.519515 -0.011423
4.254999 -0.559046 -0.009202 1.207619 27.223623 0.104377 0.212639 -0.405549 6.535637 -0.012058
4.380001 -0.641896 -0.070390 1.285104 28.040657 0.109106 0.181350 -0.299313 6.536291 -0.011209
4.505002 -0.727015 -0.086700 1.304731 28.857336 0.113695 0.163962 -0.189040 6.529247 -0.012687
4.630003 -0.817143 -0.064692 1.229762 29.672440 0.118781 0.162423 -0.081450 6.515968 -0.013748
4.755005 -0.915579 -0.010806 1.124976 30.486015 0.124777 0.176414 0.029087 6.500038 -0.013488
4.881006 -1.010582 0.047174 0.968373 31.297998 0.128868 0.202862 0.146109 6.491114 -0.013662
5.004008 -1.112125 0.115159 0.759287 32.102104 0.131843 0.238251 0.259391 6.482834 -0.014362
5.129009 -1.217374 0.197915 0.478185 32.911453 0.135416 0.279737 0.352646 6.473484 -0.014753
5.252011 -1.315168 0.270570 0.243364 33.707359 0.140710 0.321475 0.410116 6.473812 -0.014528
5.376012 -1.424647 0.339581 0.019176 34.510857 0.147773 0.360631 0.431641 6.486697 -0.015593
5.501014 -1.544432 0.402861 -0.194956 35.316010 0.154367 0.392828 0.424095 6.499550 -0.017070
5.636015 -1.686868 0.457005 -0.417846 36.201321 0.161114 0.417066 0.392521 6.517629 -0.018430
5.758017 -1.818892 0.462907 -0.584847 36.998066 0.166358 0.427755 0.349520 6.541020 -0.018278
5.880019 -1.943639 0.412245 -0.749288 37.797668 0.171457 0.427831 0.296450 6.562131 -0.017606
6.003020 -2.064122 0.315074 -0.892893 38.607040 0.176717 0.416212 0.238668 6.596562 -0.015901
6.127022 -2.175751 0.171809 -1.046082 39.427273 0.180142 0.393927 0.185144 6.626704 -0.015090
6.251023 -2.287276 0.007078 -1.172022 40.251835 0.181441 0.362587 0.146082 6.665013 -0.015424
6.376025 -2.397764 -0.156246 -1.282120 41.086548 0.181244 0.328727 0.126014 6.686355 -0.015684
6.501026 -2.508680 -0.300287 -1.391673 41.923626 0.180172 0.295362 0.119286 6.704188 -0.015491
6.626028 -2.616010 -0.425230 -1.457081 42.756279 0.179258 0.266617 0.110324 6.719970 -0.014846
6.761029 -2.739633 -0.516998 -1.536885 43.671062 0.177547 0.246595 0.076765 6.730605 -0.016220
6.886031 -2.855457 -0.548147 -1.529662 44.506413 0.176252 0.239722 0.013352 6.739346 -0.015695
7.010032 -2.963958 -0.501164 -1.492248 45.348965 0.174100 0.243843 -0.079441 6.737033 -0.013954
7.135034 -3.062221 -0.387104 -1.473812 46.190468 0.170610 0.259247 -0.185170 6.725063 -0.012548
7.260035 -3.152869 -0.213693 -1.447905 47.030567 0.166084 0.282632 -0.280199 6.716884 -0.011953
7.385036 -3.231775 0.008837 -1.417771 47.868908 0.159778 0.310643 -0.343500 6.700341 -0.010433
7.511038 -3.304796 0.264736 -1.410156 48.711449 0.151731 0.341440 -0.366726 6.682481 -0.010957
7.634039 -3.381391 0.512972 -1.438999 49.533306 0.143489 0.371246 -0.357986 6.681310 -0.010961
7.759041 -3.459915 0.748105 -1.466652 50.368542 0.134875 0.397002 -0.334569 6.683977 -0.011051
7.887042 -3.544672 0.963688 -1.491051 51.205467 0.125357 0.415364 -0.310276 6.701901 -0.011838
8.010043 -3.620198 1.139061 -1.443192 52.051208 0.113731 0.423462 -0.286288 6.718713 -0.009704
8.133040 -3.689203 1.271767 -1.376497 52.878960 0.100523 0.423237 -0.255173 6.741170 -0.011176
8.259039 -3.766279 1.362231 -1.300133 53.723492 0.086481 0.414525 -0.207406 6.767390 -0.011905
8.384037 -3.859466 1.402016 -1.217974 54.577225 0.069735 0.397458 -0.141237 6.786228 -0.013236
8.508035 -3.961422 1.405086 -1.123430 55.419567 0.051595 0.373813 -0.064005 6.799579 -0.015409
8.633033 -4.070629 1.388244 -1.051734 56.270145 0.032217 0.346234 0.017998 6.813257 -0.015565
8.759031 -4.176245 1.332001 -1.020162 57.122837 0.012707 0.318295 0.099080 6.829910 -0.015140
8.882029 -4.287355 1.251136 -0.956799 57.969624 -0.007404 0.292214 0.177445 6.836443 -0.017343
9.006026 -4.406984 1.166355 -0.837133 58.810627 -0.028383 0.271936 0.253136 6.843067 -0.017166
9.130024 -4.523672 1.081416 -0.691457 59.665962 -0.050982 0.260422 0.322126 6.847373 -0.017527
9.254022 -4.641419 1.014098 -0.513442 60.514717 -0.074140 0.258366 0.368029 6.845884 -0.016671
9.379020 -4.755891 0.965403 -0.357853 61.363583 -0.101382 0.266968 0.373969 6.852289 -0.015979
9.503017 -4.866012 0.952020 -0.179966 62.220146 -0.129895 0.284837 0.331338 6.861684 -0.014583
9.627015 -4.968420 0.981321 -0.071827 63.070473 -0.159563 0.308088 0.249782 6.859100 -0.013559
9.752013 -5.072394 1.040810 -0.012150 63.927704 -0.190671 0.335511 0.149603 6.865301 -0.013977
9.884010 -5.176846 1.123325 0.020866 64.833977 -0.223962 0.365375 0.048452 6.874053 -0.013323
10.009008 -5.265084 1.215713 0.019673 65.686325 -0.254069 0.388745 -0.026453 6.880771 -0.012309
10.133006 -5.358665 1.310996 0.029032 66.546982 -0.285033 0.404934 -0.073101 6.897691 -0.013637
10.257004 -5.452094 1.395431 -0.014937 67.402824 -0.316324 0.412278 -0.087706 6.913687 -0.012301
10.382002 -5.547184 1.474536 -0.088123 68.267662 -0.349461 0.410007 -0.076830 6.928434 -0.013684
10.507000 -5.652585 1.542543 -0.185405 69.132927 -0.383082 0.399536 -0.056034 6.929140 -0.014300
10.630998 -5.743731 1.603108 -0.279447 69.985321 -0.416271 0.380551 -0.041602 6.938263 -0.011721
10.754995 -5.822925 1.641970 -0.379646 70.851929 -0.450440 0.355729 -0.037827 6.939596 -0.010238
10.879993 -5.908920 1.667732 -0.499956 71.717926 -0.486520 0.328753 -0.037945 6.930258 -0.011962
11.000990 -6.001278 1.676176 -0.639782 72.554733 -0.520712 0.301244 -0.033741 6.910195 -0.013702
11.125988 -6.102571 1.674708 -0.823108 73.416397 -0.557447 0.275849 -0.024624 6.889244 -0.012857
11.250986 -6.199626 1.645829 -1.017043 74.275116 -0.595379 0.256196 -0.017080 6.864990 -0.013721
11.385983 -6.320709 1.583709 -1.211971 75.199440 -0.635819 0.242787 -0.016717 6.844262 -0.015287
11.510982 -6.435219 1.488980 -1.420232 76.052902 -0.673615 0.238743 -0.024256 6.826976 -0.013754
11.634979 -6.535691 1.387624 -1.638551 76.897484 -0.710656 0.243820 -0.037817 6.811820 -0.013097
11.758977 -6.629168 1.264155 -1.823197 77.739822 -0.747989 0.257877 -0.057159 6.790198 -0.012312
11.881974 -6.719943 1.116766 -1.991061 78.572632 -0.787772 0.277758 -0.081665 6.771522 -0.012564
12.005972 -6.804628 0.968789 -2.174436 79.411140 -0.829871 0.302202 -0.108504 6.768895 -0.010847
12.130970 -6.888789 0.809197 -2.300708 80.255547 -0.873532 0.327521 -0.131605 6.764337 -0.011264
12.255968 -6.969994 0.638272 -2.429357 81.101265 -0.917938 0.350967 -0.143812 6.784659 -0.010666
12.380966 -7.056674 0.478291 -2.470114 81.943634 -0.961799 0.369831 -0.140499 6.808765 -0.012470
12.505964 -7.153632 0.325025 -2.458661 82.802025 -1.007501 0.383894 -0.120876 6.832656 -0.013874
12.630962 -7.244115 0.214632 -2.476369 83.656219 -1.055059 0.392384 -0.090214 6.855893 -0.012228
12.753960 -7.329615 0.145210 -2.468441 84.493156 -1.103835 0.394628 -0.057563 6.886267 -0.012712
12.877957 -7.408798 0.121972 -2.433946 85.353905 -1.156240 0.390482 -0.027896 6.905534 -0.010669
13.002955 -7.484124 0.141827 -2.369450 86.216660 -1.210318 0.380308 -0.004253 6.919819 -0.010178
13.127954 -7.546627 0.204456 -2.296743 87.073212 -1.265762 0.363881 0.015459 6.920528 -0.008469
13.251951 -7.610660 0.310983 -2.257781 87.936386 -1.324181 0.344005 0.034313 6.921705 -0.008501
13.375949 -7.671589 0.442828 -2.162054 88.791733 -1.381728 0.322732 0.053623 6.906769 -0.007997
13.510946 -7.729824 0.618221 -1.995286 89.720848 -1.445213 0.299715 0.077278 6.891645 -0.008288
13.634944 -7.794114 0.778265 -1.870618 90.572014 -1.504342 0.280769 0.102337 6.872894 -0.009681
13.759942 -7.857512 0.927763 -1.755092 91.420319 -1.563981 0.263337 0.127498 6.850891 -0.008187
13.883940 -7.914843 1.063762 -1.606238 92.272316 -1.625685 0.248788 0.145733 6.824480 -0.008485
14.008938 -7.971189 1.187774 -1.460777 93.120193 -1.688115 0.240498 0.150081 6.788694 -0.008201
14.132936 -8.014684 1.298220 -1.348740 93.957649 -1.752614 0.238524 0.140761 6.764736 -0.006395
14.256933 -8.057809 1.363466 -1.244691 94.792809 -1.817719 0.242456 0.124887 6.750613 -0.006537
14.379930 -8.091978 1.367855 -1.143168 95.619705 -1.881709 0.251247 0.111502 6.733320 -0.004510
14.503929 -8.120099 1.323434 -1.045044 96.445259 -1.947704 0.263815 0.104684 6.736168 -0.004834
14.626926 -8.157920 1.239408 -0.925134 97.277649 -2.015898 0.277501 0.103049 6.737981 -0.006522
14.750924 -8.203529 1.130831 -0.837585 98.111610 -2.085118 0.291236 0.101176 6.753125 -0.006074
14.884921 -8.236101 1.000392 -0.807179 99.014908 -2.162235 0.303309 0.090300 6.773622 -0.003542
15.009919 -8.269224 0.880667 -0.808016 99.853012 -2.233696 0.313269 0.063725 6.789769 -0.005153
15.133917 -8.309431 0.755224 -0.858221 100.699997 -2.307320 0.319938 0.016342 6.805693 -0.005341
15.257915 -8.339134 0.633140 -0.896993 101.535667 -2.381112 0.322776 -0.046740 6.828406 -0.002976
15.381912 -8.358566 0.545429 -0.883265 102.387047 -2.456876 0.323285 -0.113157 6.843803 -0.001971
15.507910 -8.380401 0.496639 -0.886263 103.240837 -2.535791 0.321520 -0.163231 6.870150 -0.003509
15.631907 -8.399041 0.494879 -0.904976 104.096245 -2.616485 0.317756 -0.186104 6.880166 -0.001932
15.755905 -8.404480 0.535619 -0.929701 104.946625 -2.697336 0.311153 -0.188368 6.891669 -0.000377
15.877902 -8.398432 0.620936 -0.986132 105.783478 -2.778285 0.300768 -0.187788 6.891605 0.001663
16.001900 -8.385308 0.746067 -1.021447 106.633667 -2.862258 0.289990 -0.196649 6.885729 0.002714
16.125895 -8.361141 0.900757 -1.028920 107.482513 -2.945823 0.280852 -0.209079 6.870022 0.003976
16.260889 -8.337208 1.092585 -1.024526 108.405220 -3.037534 0.270809 -0.202948 6.863727 0.003762
16.383884 -8.306022 1.285266 -1.042699 109.244576 -3.121252 0.263294 -0.162208 6.851359 0.004246
16.509880 -8.277247 1.477410 -1.092067 110.102455 -3.207430 0.255510 -0.087224 6.832992 0.004019
16.633875 -8.244315 1.654740 -1.129138 110.944260 -3.292432 0.249399 0.003283 6.812412 0.005112
16.758869 -8.206770 1.822620 -1.133372 111.789597 -3.376966 0.243739 0.093560 6.787672 0.005238
16.881865 -8.167596 1.948615 -1.194011 112.619804 -3.461091 0.239696 0.169376 6.784438 0.006096
17.004860 -8.125149 2.027189 -1.236986 113.449448 -3.544483 0.236198 0.223221 6.774275 0.004974
17.127855 -8.089633 2.056162 -1.232026 114.278008 -3.626135 0.234823 0.246992 6.764766 0.005140
17.260851 -8.051192 2.044552 -1.217303 115.172562 -3.714131 0.236350 0.236074 6.759039 0.005651
17.384846 -8.005466 1.972174 -1.161676 116.006805 -3.795620 0.239872 0.200687 6.759470 0.006720
17.509840 -7.951694 1.870853 -1.121888 116.847626 -3.878749 0.244981 0.156311 6.762388 0.007879
17.634834 -7.891018 1.735528 -1.055027 117.682625 -3.961119 0.250922 0.115083 6.772521 0.006721
17.760830 -7.851645 1.586248 -1.006682 118.540604 -4.045632 0.258048 0.075972 6.800186 0.004451
17.875824 -7.820516 1.443517 -0.986659 119.313721 -4.121548 0.265817 0.037923 6.824710 0.005472
18.010818 -7.780575 1.278969 -0.934247 120.240250 -4.209825 0.273054 -0.015750 6.853725 0.003360
18.134813 -7.759066 1.124190 -0.938023 121.087616 -4.290617 0.277733 -0.068372 6.877354 0.003265
18.259808 -7.735234 0.988494 -0.980113 121.938324 -4.371806 0.280183 -0.113066 6.901200 0.003768
18.383802 -7.710113 0.894974 -1.032984 122.799171 -4.453658 0.280637 -0.137201 6.925931 0.003383
18.506798 -7.694845 0.851310 -1.104290 123.640778 -4.533934 0.277425 -0.133555 6.933020 0.001520
18.629793 -7.686540 0.857260 -1.182552 124.491356 -4.615291 0.269426 -0.105623 6.950382 0.001516
18.753788 -7.680553 0.887988 -1.297992 125.356789 -4.699198 0.258656 -0.066718 6.959350 0.001223
18.878782 -7.681962 0.959355 -1.433917 126.216492 -4.783016 0.244761 -0.036516 6.965528 -0.000741
19.002777 -7.697424 1.089184 -1.662663 127.084000 -4.868406 0.228739 -0.029058 6.973441 -0.002896
19.127771 -7.726388 1.254388 -1.874784 127.943405 -4.952353 0.212968 -0.046408 6.957828 -0.003634
19.251766 -7.763532 1.448421 -2.089350 128.808517 -5.036362 0.198534 -0.078003 6.950116 -0.005201
19.375761 -7.806728 1.657575 -2.293612 129.665680 -5.118911 0.186438 -0.106475 6.943335 -0.005960
19.509756 -7.869577 1.907865 -2.477164 130.590195 -5.207739 0.176143 -0.118281 6.923351 -0.008402
19.634750 -7.936414 2.138586 -2.630354 131.443237 -5.289890 0.170334 -0.106728 6.899799 -0.008813
19.757746 -8.001772 2.365135 -2.764884 132.293076 -5.371596 0.166450 -0.078892 6.877731 -0.008667
19.880741 -8.057910 2.572998 -2.860660 133.128723 -5.450283 0.165500 -0.046641 6.872443 -0.008196
20.005735 -8.125912 2.760274 -2.920856 133.989868 -5.530072 0.166544 -0.019436 6.861163 -0.009659
20.130730 -8.205140 2.907193 -2.959198 134.842499 -5.609144 0.168397 -0.002984 6.847744 -0.012657
20.255724 -8.314917 3.012075 -3.000618 135.687439 -5.687334 0.170401 0.008350 6.842897 -0.016965
20.379719 -8.429851 3.072684 -3.026674 136.531479 -5.765749 0.171459 0.026564 6.829430 -0.015732
20.502714 -8.545121 3.105176 -3.052881 137.374542 -5.845874 0.171354 0.060449 6.830866 -0.016257
20.626709 -8.660441 3.108040 -3.049476 138.218018 -5.925513 0.170109 0.107195 6.832527 -0.016302
20.750704 -8.783309 3.079690 -3.026639 139.062851 -6.003785 0.167794 0.152235 6.845087 -0.018422
20.885698 -8.927832 3.026891 -2.999702 139.983109 -6.089606 0.162552 0.181650 6.847506 -0.019995
21.008694 -9.072855 2.964503 -2.956700 140.822113 -6.169247 0.155588 0.185358 6.853272 -0.021479
21.133688 -9.221826 2.912925 -2.880239 141.667938 -6.250341 0.148904 0.172901 6.848271 -0.022521
21.257683 -9.385881 2.880439 -2.784934 142.519775 -6.332594 0.142396 0.151570 6.845414 -0.023399
21.382677 -9.538045 2.859674 -2.609965 143.370773 -6.414442 0.136218 0.123750 6.841511 -0.022491
21.507671 -9.687665 2.859804 -2.417262 144.221451 -6.497505 0.131552 0.088528 6.836030 -0.021759
21.632666 -9.825995 2.883991 -2.214227 145.071182 -6.581216 0.127618 0.047719 6.823993 -0.020272
21.758659 -9.974441 2.934907 -2.044829 145.918564 -6.665431 0.123816 0.007173 6.804541 -0.022588
21.881655 -10.131773 3.018441 -1.903425 146.756760 -6.749667 0.120450 -0.028231 6.785379 -0.024203
22.006649 -10.302490 3.114337 -1.748668 147.592377 -6.833307 0.116369 -0.058505 6.764342 -0.025801
22.131643 -10.482476 3.217790 -1.615686 148.431229 -6.918202 0.111780 -0.084571 6.732581 -0.026188
22.255638 -10.668568 3.318525 -1.475111 149.265961 -7.002191 0.107120 -0.103687 6.695290 -0.027683
22.379633 -10.867090 3.403255 -1.383881 150.088928 -7.086171 0.100952 -0.109993 6.650149 -0.028681
22.503628 -11.074602 3.458110 -1.339916 150.906601 -7.169713 0.093507 -0.098442 6.610797 -0.031108
22.627623 -11.306243 3.478139 -1.316385 151.718552 -7.254233 0.084795 -0.069199 6.561605 -0.034263
22.752617 -11.565043 3.450737 -1.299580 152.524384 -7.340180 0.075316 -0.029000 6.517044 -0.037542
22.875612 -11.830469 3.398185 -1.252810 153.324905 -7.427524 0.066082 0.012362 6.478779 -0.038110
23.011606 -12.129851 3.314936 -1.261360 154.191254 -7.524655 0.058037 0.050066 6.437384 -0.039622
23.136600 -12.420671 3.216358 -1.317422 154.987839 -7.615952 0.053130 0.076156 6.396604 -0.040961
23.260595 -12.734513 3.082940 -1.466219 155.779099 -7.710145 0.050578 0.093621 6.364262 -0.045003
23.385590 -13.080021 2.936095 -1.606762 156.566681 -7.804297 0.050001 0.097290 6.331910 -0.048468
23.509584 -13.445355 2.785591 -1.751859 157.343704 -7.898077 0.052957 0.077084 6.292946 -0.051422
23.634579 -13.831650 2.627146 -1.958670 158.115433 -7.992842 0.057161 0.027651 6.254846 -0.054609
23.757574 -14.244314 2.455475 -2.213788 158.883224 -8.088652 0.062906 -0.043553 6.229485 -0.057563
23.882568 -14.680533 2.291610 -2.449080 159.653656 -8.186306 0.069882 -0.120077 6.199932 -0.061301
24.008562 -15.138785 2.143639 -2.723649 160.420334 -8.286940 0.077957 -0.186787 6.178672 -0.062346
24.132557 -15.600253 2.039825 -3.009407 161.178284 -8.389740 0.086071 -0.238240 6.161485 -0.064385
24.256552 -16.082605 1.972200 -3.324806 161.939163 -8.496150 0.093604 -0.273708 6.134922 -0.066341
24.382545 -16.572441 1.920396 -3.576498 162.695236 -8.604895 0.098916 -0.287213 6.096652 -0.069407
24.506540 -17.087561 1.900309 -3.858276 163.446686 -8.716470 0.100920 -0.271209 6.067017 -0.071289
24.631535 -17.601824 1.890914 -4.136184 164.194382 -8.830488 0.098201 -0.226298 6.039064 -0.071557
24.757528 -18.140028 1.911278 -4.396968 164.938080 -8.946369 0.092296 -0.164019 6.006002 -0.075130
24.882523 -18.689068 1.958397 -4.581517 165.676727 -9.063767 0.084122 -0.098055 5.965956 -0.075349
25.005518 -19.237299 2.035913 -4.746226 166.398636 -9.182280 0.075651 -0.034969 5.936111 -0.078032
25.129513 -19.822598 2.165359 -4.970276 167.126465 -9.305062 0.066938 0.030559 5.884782 -0.081954
25.254507 -20.428070 2.311362 -5.145510 167.848969 -9.428492 0.059419 0.101677 5.844126 -0.084328
25.378502 -21.043098 2.473916 -5.339544 168.559525 -9.554118 0.053889 0.175113 5.805139 -0.086983
25.503496 -21.683519 2.659325 -5.529845 169.270370 -9.684227 0.050611 0.243702 5.761304 -0.087912
25.626492 -22.319118 2.842484 -5.685985 169.963928 -9.815056 0.048689 0.296717 5.722764 -0.090694
25.761486 -23.025955 3.034050 -5.910453 170.713821 -9.960643 0.047735 0.330768 5.685048 -0.090620
25.884481 -23.688704 3.186511 -6.154014 171.401871 -10.099838 0.048275 0.336923 5.640473 -0.092185
26.010475 -24.374672 3.308038 -6.395033 172.089493 -10.242981 0.049296 0.316332 5.599082 -0.094435
26.134470 -25.068394 3.391959 -6.632312 172.772095 -10.388495 0.049550 0.267434 5.571249 -0.095564
26.259464 -25.760126 3.442773 -6.862185 173.444717 -10.535813 0.049842 0.193316 5.542902 -0.094844
26.383459 -26.451668 3.456306 -7.049832 174.118927 -10.687391 0.049497 0.102800 5.514009 -0.094578
26.508453 -27.140835 3.432178 -7.263685 174.782791 -10.842162 0.049597 0.014170 5.486206 -0.096043
26.632448 -27.857615 3.385484 -7.501830 175.447922 -11.002079 0.049114 -0.057186 5.460414 -0.098967
26.755444 -28.572088 3.305828 -7.704140 176.098373 -11.162675 0.048638 -0.101310 5.440363 -0.100397
26.881437 -29.307516 3.205256 -7.939693 176.755692 -11.329380 0.048049 -0.120232 5.412990 -0.100705
27.004433 -30.039352 3.102730 -8.181689 177.404449 -11.498971 0.046952 -0.117800 5.401506 -0.101856
27.127428 -30.764580 3.014664 -8.369442 178.045074 -11.671908 0.046042 -0.098658 5.391286 -0.101605
27.252422 -31.499058 2.958829 -8.549590 178.693375 -11.851124 0.047791 -0.066641 5.373891 -0.101141
27.378416 -32.234917 2.942827 -8.717296 179.337921 -12.034287 0.051295 -0.030675 5.352568 -0.101638
27.502411 -32.962280 2.965191 -8.866986 179.977798 -12.221076 0.056200 -0.002183 5.316608 -0.099639
27.625406 -33.663349 3.004857 -8.965322 180.597809 -12.406491 0.064368 0.010618 5.299482 -0.099137
27.758402 -34.422997 3.103906 -9.142692 181.275757 -12.614202 0.075924 0.008354 5.284919 -0.096657
27.880398 -35.093990 3.231125 -9.288668 181.889252 -12.807163 0.086460 -0.000614 5.263959 -0.093922
28.003393 -35.758198 3.373435 -9.388884 182.504776 -13.005308 0.097956 -0.007273 5.251635 -0.092973
28.128387 -36.419594 3.525483 -9.507723 183.122757 -13.207888 0.108980 -0.007300 5.238264 -0.092478
28.252382 -37.090279 3.671236 -9.653865 183.742844 -13.414862 0.120491 -0.003536 5.221066 -0.091861
28.377377 -37.745899 3.807335 -9.807554 184.360382 -13.623996 0.131174 -0.005480 5.213679 -0.089813
28.501371 -38.381004 3.928668 -10.019755 184.970428 -13.834929 0.141338 -0.022765 5.203977 -0.085589
28.636366 -39.044983 4.028696 -10.291074 185.628067 -14.066360 0.151411 -0.061622 5.200013 -0.082652
28.758362 -39.638470 4.079537 -10.553238 186.230011 -14.281854 0.159904 -0.107126 5.199342 -0.080550
28.882357 -40.229656 4.101728 -10.800853 186.831100 -14.499866 0.167923 -0.148447 5.196457 -0.080452
29.008352 -40.820618 4.103377 -11.059992 187.451080 -14.727982 0.176248 -0.177454 5.203518 -0.077279
29.131348 -41.372433 4.081043 -11.302634 188.050858 -14.952263 0.184082 -0.193016 5.206651 -0.074115
29.255342 -41.903660 4.029885 -11.537984 188.650009 -15.178123 0.191075 -0.201434 5.209535 -0.071743
29.379337 -42.421448 3.960620 -11.796678 189.258865 -15.409739 0.200649 -0.203185 5.211366 -0.067928
29.504332 -42.905273 3.885402 -12.064030 189.861725 -15.641731 0.212499 -0.191656 5.205204 -0.063748
29.628326 -43.370178 3.827795 -12.308381 190.463562 -15.876479 0.227557 -0.160467 5.214043 -0.062578
29.752321 -43.816544 3.779787 -12.551666 191.069565 -16.116072 0.246308 -0.111634 5.209217 -0.057471
29.876316 -44.224316 3.742351 -12.806298 191.669098 -16.355978 0.267278 -0.057093 5.204736 -0.053604
30.000311 -44.603077 3.709326 -13.035565 192.267532 -16.597572 0.291179 -0.007373 5.203834 -0.050143
30.134306 -44.979477 3.660906 -13.230169 192.908112 -16.860104 0.317782 0.037119 5.209595 -0.046048
30.258301 -45.304291 3.600326 -13.377794 193.510086 -17.109377 0.343544 0.073699 5.215410 -0.042335
30.383295 -45.607437 3.557144 -13.512879 194.111557 -17.361164 0.370514 0.105355 5.216568 -0.039890
30.508289 -45.878952 3.525577 -13.640057 194.711990 -17.615810 0.396553 0.127550 5.216143 -0.034603
30.633284 -46.124886 3.486044 -13.759653 195.311737 -17.874033 0.420578 0.135791 5.235830 -0.032174
30.758278 -46.342514 3.441100 -13.847327 195.907730 -18.132860 0.442148 0.132986 5.248176 -0.027719
30.882273 -46.530285 3.392297 -13.906869 196.510178 -18.396622 0.460681 0.128399 5.266345 -0.024186
31.008266 -46.682556 3.340037 -13.922430 197.113693 -18.664251 0.475336 0.132321 5.292186 -0.019888
31.132261 -46.806774 3.288949 -13.868794 197.716812 -18.936378 0.487154 0.150578 5.299238 -0.016445
31.257256 -46.893330 3.223290 -13.804815 198.314285 -19.211123 0.496944 0.182622 5.304517 -0.010235
31.380251 -46.934376 3.166710 -13.736237 198.912003 -19.490110 0.505073 0.221617 5.328174 -0.003811
31.505245 -46.927525 3.110553 -13.613946 199.516098 -19.774641 0.510953 0.254931 5.350485 0.002656
31.626242 -46.878628 3.049656 -13.444209 200.102264 -20.053646 0.514612 0.268397 5.375982 0.007664
31.750237 -46.781086 2.972728 -13.179952 200.700195 -20.341284 0.517087 0.256904 5.400179 0.013768
31.875231 -46.650311 2.875475 -12.893644 201.308853 -20.637791 0.519999 0.224376 5.430546 0.018342
32.000225 -46.475990 2.779078 -12.551692 201.919479 -20.938644 0.523968 0.182756 5.456860 0.024026
32.134243 -46.237617 2.664692 -12.151765 202.580322 -21.269718 0.530310 0.136904 5.488202 0.031692
32.257259 -45.970100 2.545106 -11.710924 203.184021 -21.576210 0.537228 0.095320 5.513860 0.037192
32.380276 -45.658100 2.419376 -11.223674 203.789383 -21.887522 0.542868 0.052814 5.545014 0.043241
32.503292 -45.307289 2.282816 -10.712448 204.396057 -22.204229 0.548597 0.011401 5.577845 0.049473
32.627308 -44.923050 2.150073 -10.130400 205.009323 -22.528809 0.552344 -0.027704 5.606566 0.051839
32.751324 -44.514805 2.015728 -9.483030 205.623856 -22.858377 0.554017 -0.068467 5.637569 0.055889
32.876339 -44.080044 1.874238 -8.767959 206.239410 -23.193592 0.554339 -0.119653 5.661715 0.059047
33.002354 -43.618587 1.697304 -7.970014 206.870819 -23.543329 0.554757 -0.187370 5.698854 0.060886
33.127369 -43.152447 1.512614 -7.116593 207.494141 -23.892565 0.555899 -0.263582 5.733204 0.062771
33.253384 -42.657318 1.312486 -6.267585 208.119080 -24.248156 0.556952 -0.338945 5.767586 0.068240
33.376400 -42.124081 1.105551 -5.408671 208.740082 -24.607428 0.557071 -0.405693 5.798740 0.074114
33.501415 -41.569340 0.898657 -4.577493 209.365753 -24.977797 0.553507 -0.460558 5.828929 0.075186
33.635433 -40.964218 0.672323 -3.671482 210.037857 -25.381704 0.547347 -0.495481 5.870829 0.078463
33.750446 -40.423897 0.463198 -2.948309 210.611008 -25.731873 0.540808 -0.493602 5.907746 0.083253
33.877460 -39.806339 0.223588 -2.192185 211.250946 -26.128387 0.533957 -0.451165 5.939731 0.085613
34.003475 -39.167072 -0.035864 -1.482852 211.886139 -26.529587 0.527016 -0.376514 5.981663 0.089064
34.128490 -38.518837 -0.304713 -0.740818 212.524048 -26.936615 0.518927 -0.287510 6.020423 0.091149
34.254505 -37.860802 -0.571043 -0.040320 213.158646 -27.346317 0.511458 -0.193723 6.056885 0.094825
34.379520 -37.178280 -0.862457 0.590540 213.795105 -27.761768 0.504285 -0.088595 6.092458 0.097840
34.503536 -36.475845 -1.163425 1.222572 214.434586 -28.180580 0.497418 0.033582 6.125265 0.100691
34.628551 -35.761654 -1.463181 1.825200 215.075272 -28.604939 0.491290 0.162687 6.161113 0.103108
34.753567 -35.027241 -1.734908 2.369038 215.716888 -29.035286 0.484469 0.275554 6.190783 0.105359
34.878582 -34.282566 -1.994819 2.926588 216.354706 -29.465523 0.479279 0.355959 6.214071 0.109138
35.001598 -33.515919 -2.218566 3.453532 216.993927 -29.899529 0.475920 0.408042 6.239595 0.111364
35.125614 -32.741489 -2.402324 3.934061 217.632248 -30.338005 0.471780 0.445095 6.249088 0.112859
35.259632 -31.889135 -2.562726 4.441527 218.320587 -30.815716 0.466059 0.475084 6.251493 0.115017
35.383648 -31.090496 -2.681001 4.949615 218.956451 -31.258154 0.459871 0.488480 6.240278 0.116046
35.508663 -30.289389 -2.774880 5.446065 219.589462 -31.700787 0.451990 0.483183 6.223472 0.116095
35.633678 -29.482620 -2.835137 5.861875 220.223801 -32.148026 0.443433 0.462616 6.197325 0.115157
35.758694 -28.686296 -2.837128 6.186203 220.854156 -32.593597 0.432427 0.433883 6.161047 0.111303
35.881710 -27.916121 -2.810919 6.395991 221.474091 -33.035007 0.419883 0.396623 6.118805 0.109157
36.004726 -27.165779 -2.750547 6.573094 222.083511 -33.470070 0.406137 0.341369 6.067866 0.106781
36.128738 -26.424253 -2.666335 6.668737 222.691238 -33.906391 0.390357 0.258644 6.012010 0.104584
36.252754 -25.695501 -2.563202 6.750711 223.292252 -34.339622 0.374431 0.151831 5.942464 0.102355
36.376770 -24.984081 -2.451690 6.836368 223.886841 -34.767498 0.358669 0.037886 5.883036 0.099384
36.500786 -24.289904 -2.339417 6.930655 224.474121 -35.190422 0.342961 -0.062867 5.803584 0.097283
36.634804 -23.565475 -2.227788 7.057727 225.099335 -35.643196 0.325966 -0.146007 5.726593 0.092628
36.759819 -22.928295 -2.160566 7.171653 225.669983 -36.056885 0.310250 -0.207333 5.657282 0.087755
36.883835 -22.326387 -2.127733 7.342278 226.237656 -36.468243 0.295224 -0.271980 5.575044 0.082509
37.008850 -21.773172 -2.123229 7.484631 226.794678 -36.869755 0.281110 -0.350346 5.511179 0.076723
37.133865 -21.243795 -2.160175 7.610860 227.348679 -37.269402 0.266535 -0.438555 5.433549 0.073589
37.257881 -20.736170 -2.221259 7.740088 227.895859 -37.663483 0.250723 -0.518699 5.368100 0.070050
37.382896 -20.262842 -2.304655 7.885132 228.432144 -38.048470 0.234370 -0.573483 5.297467 0.065999
37.507912 -19.820913 -2.412111 7.991327 228.966568 -38.431297 0.218129 -0.596260 5.233389 0.059660
37.632927 -19.409052 -2.521041 8.043137 229.495560 -38.808662 0.201474 -0.586776 5.172648 0.056726
37.758942 -19.025879 -2.610758 7.990252 230.022736 -39.183804 0.185935 -0.547555 5.112954 0.049413
37.883957 -18.685467 -2.687584 7.884753 230.539993 -39.548859 0.170646 -0.483402 5.033574 0.045675
38.008972 -18.376970 -2.736275 7.776718 231.053009 -39.906441 0.156230 -0.401155 4.982045 0.039703
38.132988 -18.120350 -2.733036 7.611280 231.561935 -40.258167 0.143812 -0.307838 4.925125 0.031736
38.257004 -17.912653 -2.689357 7.399498 232.059662 -40.597168 0.132851 -0.207512 4.877247 0.025440
38.381020 -17.745436 -2.570178 7.112917 232.562790 -40.934910 0.124184 -0.093785 4.829582 0.018207
38.507034 -17.617031 -2.372781 6.755413 233.067825 -41.268566 0.117716 0.034846 4.788102 0.013309
38.632050 -17.523447 -2.105541 6.350145 233.566772 -41.593639 0.114080 0.170967 4.746860 0.009053
38.756065 -17.465263 -1.779805 5.918353 234.060867 -41.910378 0.110941 0.303000 4.724560 0.004122
38.882080 -17.447599 -1.389053 5.392701 234.558777 -42.224545 0.105842 0.422618 4.702507 -0.002430
39.007095 -17.469076 -0.935812 4.832260 235.061142 -42.535610 0.099055 0.524406 4.680219 -0.005913
39.133110 -17.525730 -0.464185 4.265364 235.564331 -42.841553 0.089664 0.604586 4.668308 -0.010391
39.257126 -17.606491 0.003893 3.654019 236.061768 -43.136181 0.077165 0.657781 4.659866 -0.012726
39.381142 -17.711851 0.455237 3.017266 236.558075 -43.422680 0.063490 0.679597 4.658620 -0.015690
39.503159 -17.839369 0.887279 2.404209 237.057251 -43.704681 0.048169 0.667778 4.663888 -0.017971
39.628174 -17.993837 1.303173 1.796617 237.568359 -43.988052 0.030834 0.624894 4.686197 -0.020926
39.752190 -18.172754 1.684271 1.187667 238.076401 -44.263855 0.015467 0.559958 4.713227 -0.024509
39.877205 -18.378857 2.033224 0.577945 238.598816 -44.540932 0.000840 0.478308 4.742516 -0.027693
40.012222 -18.639992 2.345845 -0.087262 239.170944 -44.836292 -0.013162 0.375755 4.792490 -0.031759
40.134239 -18.905584 2.575410 -0.677989 239.699631 -45.104069 -0.022698 0.269305 4.839801 -0.035571
40.259254 -19.190639 2.744598 -1.231570 240.240173 -45.372837 -0.027101 0.150523 4.886800 -0.036491
40.384270 -19.494934 2.867209 -1.693256 240.798401 -45.643478 -0.024294 0.023250 4.946902 -0.040284
40.509285 -19.813662 2.953412 -2.062396 241.357498 -45.906910 -0.015890 -0.102754 5.011860 -0.043101
40.634300 -20.150106 3.031528 -2.414250 241.936050 -46.173092 -0.000752 -0.229481 5.084816 -0.044736
40.760315 -20.493935 3.105092 -2.781296 242.524460 -46.439022 0.019192 -0.357325 5.155333 -0.044331
40.883331 -20.831583 3.175039 -3.088072 243.108643 -46.697781 0.041827 -0.481871 5.226242 -0.046960
41.007347 -21.194113 3.240911 -3.359321 243.707474 -46.958435 0.066285 -0.596668 5.298194 -0.050211
41.131363 -21.567686 3.318458 -3.555096 244.311768 -47.217793 0.089844 -0.682754 5.384202 -0.053194
41.255379 -21.961689 3.384563 -3.708515 244.936340 -47.482937 0.110504 -0.728449 5.461276 -0.054129
41.379395 -22.363514 3.454867 -3.840029 245.566147 -47.747387 0.127324 -0.731029 5.541095 -0.056253
41.504410 -22.780155 3.543071 -3.952152 246.206589 -48.012928 0.139212 -0.698666 5.623076 -0.059548
41.627426 -23.214783 3.647877 -4.002156 246.856781 -48.279240 0.145545 -0.639032 5.696993 -0.061237
41.762444 -23.683521 3.773539 -3.978165 247.570694 -48.567108 0.148043 -0.547454 5.779424 -0.060916
41.886459 -24.126781 3.900154 -3.940552 248.245972 -48.837509 0.145583 -0.438660 5.850996 -0.062786
42.001472 -24.531124 4.020640 -3.866617 248.870056 -49.085770 0.139610 -0.324232 5.920793 -0.062927
42.136490 -25.027815 4.168628 -3.773651 249.624161 -49.384613 0.128498 -0.178061 5.992726 -0.065755
42.261505 -25.496773 4.298037 -3.676729 250.320465 -49.658730 0.117517 -0.042071 6.070996 -0.068565
42.386520 -25.980799 4.435817 -3.545202 251.036575 -49.939526 0.106700 0.095831 6.127881 -0.068939
42.511536 -26.456783 4.582534 -3.316406 251.753983 -50.219379 0.096966 0.232162 6.184011 -0.068277
42.626549 -26.880148 4.734310 -3.070870 252.413864 -50.474472 0.089475 0.353912 6.216693 -0.068682
42.751564 -27.341719 4.913788 -2.825306 253.146851 -50.756588 0.083590 0.477204 6.244521 -0.066529
42.877579 -27.802979 5.104962 -2.610456 253.882477 -51.039143 0.080613 0.573659 6.257376 -0.067789
43.002594 -28.286118 5.288589 -2.464792 254.612503 -51.319092 0.082165 0.627716 6.249925 -0.070153
43.128609 -28.789032 5.453719 -2.404347 255.347580 -51.599926 0.086734 0.635729 6.243504 -0.070506
43.261623 -29.343132 5.595505 -2.400491 256.123352 -51.896278 0.094361 0.606691 6.247011 -0.073720
43.384640 -29.866823 5.680650 -2.439353 256.840546 -52.170063 0.104200 0.565544 6.236705 -0.074122
43.506653 -30.407473 5.714951 -2.548143 257.550232 -52.442711 0.113828 0.523704 6.228472 -0.076863
43.631668 -30.978846 5.693225 -2.738754 258.276398 -52.723026 0.122547 0.477673 6.225565 -0.077060
43.754681 -31.548889 5.626801 -3.005474 258.991333 -52.999126 0.129625 0.418661 6.234232 -0.077261
43.877697 -32.121078 5.503391 -3.313818 259.706329 -53.276707 0.135178 0.337645 6.238620 -0.075741
44.011715 -32.759602 5.338608 -3.756311 260.484436 -53.579857 0.138478 0.224846 6.233033 -0.077376
44.135731 -33.356907 5.173694 -4.235760 261.204407 -53.861618 0.138597 0.104989 6.235954 -0.078034
44.260746 -33.965988 4.996218 -4.770003 261.929077 -54.146626 0.137841 -0.022102 6.229420 -0.078696
44.385761 -34.581696 4.828269 -5.355998 262.647278 -54.430328 0.136238 -0.147349 6.225808 -0.080729
44.509777 -35.209999 4.666351 -5.958295 263.370026 -54.718681 0.134895 -0.268002 6.221590 -0.080747
44.634792 -35.835045 4.523295 -6.614329 264.084869 -55.006363 0.133402 -0.378338 6.209281 -0.080582
44.758808 -36.469059 4.398330 -7.344141 264.803467 -55.297722 0.132822 -0.474360 6.198553 -0.081086
44.883823 -37.112137 4.300187 -8.044880 265.519531 -55.588783 0.133130 -0.545005 6.179412 -0.082401
45.009838 -37.750423 4.253294 -8.788499 266.231873 -55.881618 0.135470 -0.580109 6.148187 -0.081395
45.134853 -38.388100 4.258178 -9.554514 266.938385 -56.174797 0.139910 -0.578199 6.108103 -0.080561
45.258869 -39.015507 4.317554 -10.237875 267.641449 -56.467579 0.145993 -0.550126 6.085193 -0.079913
45.382885 -39.639652 4.409610 -10.894854 268.334290 -56.758629 0.153049 -0.510899 6.039032 -0.082112
45.506901 -40.262260 4.525542 -11.511085 269.014832 -57.047066 0.160282 -0.465298 5.987723 -0.081764
45.631916 -40.887215 4.673290 -12.091596 269.699707 -57.341457 0.169171 -0.402195 5.939957 -0.080095
45.756931 -41.510212 4.842882 -12.675189 270.377411 -57.636131 0.177906 -0.307669 5.887049 -0.080371
45.881947 -42.148167 5.021677 -13.306328 271.052338 -57.933746 0.185690 -0.176831 5.826950 -0.079939
46.005962 -42.771236 5.206249 -13.930216 271.708588 -58.227703 0.191450 -0.026199 5.778757 -0.080054
46.130978 -43.400154 5.387717 -14.489121 272.357727 -58.522980 0.196228 0.123601 5.732488 -0.082319
46.254993 -44.037754 5.544820 -15.002544 273.006104 -58.820328 0.199993 0.254109 5.688559 -0.081913
46.378010 -44.662949 5.665121 -15.454865 273.638153 -59.112873 0.202833 0.353821 5.641590 -0.082235
46.503025 -45.292130 5.745790 -15.900259 274.269012 -59.407829 0.205495 0.429076 5.596934 -0.083070
46.636044 -45.975563 5.797996 -16.316933 274.943848 -59.727325 0.207703 0.491634 5.554167 -0.083616
46.762058 -46.616127 5.821499 -16.627483 275.572357 -60.028671 0.208822 0.535506 5.517279 -0.083944
46.887074 -47.239513 5.813940 -16.865049 276.186401 -60.326431 0.209807 0.554985 5.491584 -0.084767
47.003086 -47.831085 5.765625 -17.115349 276.761810 -60.609123 0.211500 0.537744 5.468411 -0.084100
47.127102 -48.447235 5.680894 -17.290155 277.368774 -60.909676 0.215763 0.474544 5.452213 -0.084456
47.262119 -49.112907 5.557502 -17.376375 278.025421 -61.238510 0.224251 0.364653 5.430288 -0.084921
47.386135 -49.718086 5.456247 -17.408611 278.624298 -61.542343 0.234909 0.249868 5.408607 -0.084517
47.509151 -50.303001 5.351767 -17.427031 279.215485 -61.845707 0.248856 0.142742 5.397375 -0.081961
47.634167 -50.857082 5.255284 -17.349669 279.808441 -62.152908 0.264292 0.046860 5.376644 -0.078429
47.757183 -51.386818 5.167906 -17.220001 280.398285 -62.462978 0.281535 -0.043861 5.369249 -0.074892
47.881199 -51.892319 5.112103 -17.104263 280.984619 -62.775272 0.299506 -0.137470 5.351910 -0.071133
48.003212 -52.373356 5.090096 -16.999180 281.558228 -63.085091 0.317080 -0.231386 5.336514 -0.070340
48.128227 -52.864353 5.085888 -16.943550 282.142456 -63.404686 0.335959 -0.317614 5.319137 -0.067169
48.252243 -53.335014 5.081231 -16.894836 282.719025 -63.722485 0.355158 -0.377635 5.307875 -0.066269
48.387260 -53.827431 5.078390 -16.919443 283.344543 -64.071266 0.375240 -0.404485 5.297449 -0.061987
48.511276 -54.266876 5.079465 -16.964119 283.917175 -64.392845 0.391288 -0.398208 5.292401 -0.059540
48.636292 -54.698215 5.101358 -17.022076 284.493256 -64.718620 0.404851 -0.374427 5.294094 -0.059067
48.760307 -55.110336 5.132122 -17.115679 285.062836 -65.044876 0.417550 -0.344931 5.293960 -0.055787
48.883324 -55.510021 5.158896 -17.223450 285.625671 -65.370277 0.428901 -0.314854 5.281432 -0.055236
49.007339 -55.904106 5.156577 -17.300541 286.190247 -65.699074 0.438014 -0.283810 5.260519 -0.053529
49.132355 -56.296928 5.119519 -17.409716 286.757050 -66.032295 0.445430 -0.247913 5.258108 -0.052705
49.258369 -56.673832 5.069602 -17.542362 287.326813 -66.370529 0.452254 -0.200906 5.260276 -0.048836
49.383385 -57.025955 4.989280 -17.683954 287.891815 -66.707985 0.457592 -0.136524 5.262842 -0.045576
49.508400 -57.360832 4.863904 -17.822041 288.454224 -67.048599 0.462707 -0.052011 5.259223 -0.044629
49.633415 -57.675785 4.711447 -17.901094 289.015381 -67.390884 0.467950 0.047151 5.259736 -0.041818
49.757431 -57.960831 4.547418 -17.991457 289.570496 -67.731636 0.475859 0.148033 5.249502 -0.038280
49.882446 -58.228462 4.368539 -18.105810 290.127991 -68.076965 0.486622 0.239296 5.248107 -0.035009
50.007462 -58.484241 4.190011 -18.213451 290.679565 -68.421585 0.499257 0.309419 5.243359 -0.034297
50.133476 -58.716972 4.016098 -18.301826 291.238434 -68.773468 0.514802 0.353087 5.239630 -0.028259
50.255493 -58.901230 3.847743 -18.316250 291.783051 -69.118195 0.530945 0.365542 5.239856 -0.024374
50.379509 -59.054398 3.696967 -18.272024 292.329834 -69.467491 0.548705 0.350398 5.230178 -0.019907
50.504524 -59.178093 3.563826 -18.214588 292.875031 -69.819069 0.566146 0.316158 5.235574 -0.015857
50.628540 -59.274185 3.434542 -18.119095 293.419281 -70.173149 0.582899 0.274626 5.236240 -0.012991
50.752556 -59.351238 3.317203 -17.978214 293.965179 -70.531960 0.598653 0.233868 5.220492 -0.011322
50.888573 -59.410019 3.188348 -17.818441 294.551758 -70.923012 0.611385 0.192583 5.223280 -0.006349
51.012589 -59.425980 3.069761 -17.657393 295.092804 -71.288696 0.620343 0.152927 5.226586 -0.002690
51.137604 -59.417416 2.958010 -17.412067 295.632446 -71.658394 0.625797 0.108393 5.233426 0.000566
51.261620 -59.388981 2.840051 -17.133516 296.165344 -72.028923 0.627416 0.060737 5.230508 0.003517
51.386635 -59.329811 2.714568 -16.821283 296.695099 -72.403786 0.624048 0.015972 5.234364 0.007857
51.510651 -59.242352 2.594471 -16.406227 297.227478 -72.785606 0.617178 -0.019689 5.246700 0.011201
51.634666 -59.127201 2.469133 -15.918821 297.753326 -73.168701 0.608122 -0.044409 5.251243 0.014752
51.757683 -58.983807 2.354243 -15.417887 298.269348 -73.550179 0.598826 -0.063106 5.266771 0.019220
51.879696 -58.815422 2.235930 -14.827018 298.788208 -73.939415 0.588681 -0.082505 5.278946 0.022000
52.003712 -58.610229 2.105568 -14.182471 299.305573 -74.333115 0.580080 -0.103558 5.291458 0.027825
52.137730 -58.360226 1.929866 -13.408712 299.866028 -74.767525 0.572060 -0.124527 5.291249 0.030330
52.260746 -58.108593 1.753281 -12.656678 300.381104 -75.175270 0.565201 -0.140578 5.302277 0.032712
52.384762 -57.844490 1.561635 -11.858244 300.888824 -75.584671 0.559283 -0.156448 5.304123 0.034449
52.508778 -57.569649 1.352243 -11.015426 301.402588 -76.005783 0.552695 -0.177296 5.321245 0.036762
52.633793 -57.274853 1.116641 -10.172528 301.911011 -76.428604 0.546965 -0.202837 5.343604 0.040465
52.755806 -56.952015 0.866649 -9.325044 302.413391 -76.854584 0.542499 -0.228868 5.363287 0.046381
52.880821 -56.590248 0.613845 -8.480809 302.918152 -77.290726 0.538694 -0.249372 5.391750 0.051540
53.004837 -56.189980 0.352537 -7.570554 303.426056 -77.736549 0.532897 -0.256694 5.418829 0.057343
53.128853 -55.770000 0.100034 -6.670495 303.927307 -78.186943 0.524901 -0.243333 5.448724 0.058742
53.262871 -55.297115 -0.172010 -5.707302 304.462708 -78.679451 0.513567 -0.203233 5.487428 0.065549
53.387886 -54.817108 -0.416567 -4.794492 304.967987 -79.154587 0.500088 -0.148901 5.518836 0.069222
53.511902 -54.323376 -0.642501 -3.923052 305.458191 -79.628181 0.485386 -0.094986 5.556951 0.073680
53.634918 -53.790199 -0.862672 -3.091181 305.950653 -80.114525 0.468272 -0.049241 5.596924 0.078856
53.758934 -53.227077 -1.071576 -2.259335 306.438324 -80.605904 0.450882 -0.010789 5.648815 0.084155
53.880951 -52.634369 -1.273854 -1.384396 306.926086 -81.104279 0.431918 0.026053 5.681865 0.088851
54.003967 -52.002491 -1.481256 -0.510909 307.411682 -81.611122 0.410880 0.059558 5.723929 0.094819
54.127983 -51.341660 -1.673910 0.430749 307.897705 -82.124176 0.387688 0.080030 5.758914 0.099633
54.263000 -50.594212 -1.868032 1.500042 308.429749 -82.694534 0.361819 0.079727 5.793192 0.103128
54.386017 -49.880783 -2.027212 2.461798 308.916992 -83.224998 0.338991 0.066611 5.819281 0.107005
54.509033 -49.146645 -2.166583 3.357799 309.397614 -83.757339 0.316777 0.059734 5.837396 0.110348
54.634048 -48.371571 -2.279128 4.163190 309.881561 -84.304977 0.294001 0.076157 5.852756 0.112942
54.758064 -47.601166 -2.360676 4.924501 310.358032 -84.853897 0.272602 0.121607 5.865740 0.112647
54.883080 -46.818367 -2.411558 5.636815 310.835114 -85.411621 0.253519 0.189838 5.874951 0.114324
55.008095 -46.030437 -2.448546 6.286017 311.309082 -85.972740 0.236267 0.263590 5.876714 0.113596
55.133110 -45.252594 -2.468936 6.804014 311.773590 -86.533737 0.221628 0.320873 5.869848 0.110685
55.257126 -44.483513 -2.450739 7.213067 312.236328 -87.102036 0.209087 0.344442 5.857060 0.109364
55.381138 -43.733086 -2.392399 7.547450 312.687439 -87.662178 0.199675 0.327017 5.840610 0.107973
55.504154 -42.979462 -2.313835 7.757942 313.136841 -88.227409 0.190228 0.274919 5.810809 0.106362
55.629169 -42.240219 -2.220221 7.911090 313.582642 -88.790855 0.180830 0.203736 5.783778 0.104899
55.753185 -41.507420 -2.126847 7.947683 314.028198 -89.357788 0.170939 0.129864 5.753524 0.100223
55.888203 -40.762920 -2.034330 7.889123 314.500549 -89.962578 0.160763 0.061561 5.710958 0.095552
56.013218 -40.099556 -1.958166 7.797681 314.937866 -90.522224 0.150817 0.010830 5.658996 0.089522
56.138233 -39.462830 -1.878942 7.707025 315.376587 -91.081505 0.140142 -0.034253 5.626133 0.085716
56.263248 -38.866859 -1.773106 7.605441 315.809570 -91.631248 0.129256 -0.082496 5.577976 0.081239
56.388264 -38.306789 -1.653295 7.420470 316.236267 -92.171745 0.118588 -0.137389 5.532802 0.075615
56.512280 -37.787766 -1.523525 7.188662 316.660492 -92.706520 0.109458 -0.191327 5.485951 0.069193
56.635296 -37.319241 -1.375454 6.931242 317.084076 -93.235001 0.101878 -0.229240 5.445017 0.062327
56.759312 -36.894341 -1.204227 6.560585 317.505524 -93.757751 0.095781 -0.240260 5.395752 0.056429
56.883327 -36.515488 -1.013258 6.106324 317.925812 -94.273483 0.093562 -0.225470 5.341292 0.048779
57.006344 -36.198196 -0.796323 5.578484 318.342407 -94.778481 0.095474 -0.195564 5.307585 0.039541
57.131359 -35.947453 -0.545006 4.951005 318.766144 -95.284966 0.103404 -0.159576 5.270355 0.030318
57.255375 -35.757030 -0.281953 4.279622 319.187866 -95.780357 0.113647 -0.122217 5.231991 0.022963
57.378391 -35.615227 -0.024230 3.592523 319.605133 -96.260300 0.126378 -0.084009 5.201961 0.017288
57.513409 -35.504284 0.248617 2.816544 320.074646 -96.787140 0.143412 -0.044418 5.181193 0.011837
57.638424 -35.436489 0.492109 2.091863 320.510376 -97.265137 0.159451 -0.019788 5.170495 0.009042
57.762440 -35.405231 0.707442 1.392455 320.947754 -97.734398 0.175429 -0.013124 5.175484 0.002888
57.887455 -35.408947 0.890863 0.763937 321.395233 -98.202095 0.192800 -0.021500 5.181670 -0.000840
58.010471 -35.440292 1.043640 0.218377 321.843628 -98.657379 0.208403 -0.034388 5.204719 -0.004355
58.132488 -35.494678 1.162638 -0.297797 322.295654 -99.106255 0.222641 -0.043125 5.233320 -0.008722
58.256504 -35.581520 1.245481 -0.775916 322.759155 -99.556252 0.235415 -0.048436 5.269585 -0.011881
58.379520 -35.691261 1.285889 -1.213265 323.234314 -100.009483 0.246812 -0.059375 5.314911 -0.015460
58.513538 -35.837105 1.292012 -1.648471 323.757843 -100.499580 0.258307 -0.085674 5.377527 -0.019558
58.639553 -35.995525 1.257133 -2.030253 324.256561 -100.955864 0.269072 -0.116752 5.427618 -0.022220
58.762569 -36.176411 1.177079 -2.391671 324.759949 -101.408531 0.281611 -0.133465 5.476692 -0.025413
58.887585 -36.383312 1.053973 -2.706961 325.276489 -101.863876 0.295269 -0.114663 5.533039 -0.029500
59.012600 -36.601788 0.907877 -2.937150 325.798065 -102.316429 0.308633 -0.053943 5.593414 -0.030350
59.137615 -36.830265 0.762965 -3.047857 326.333893 -102.772728 0.321608 0.036202 5.658071 -0.032355
59.261631 -37.061104 0.617007 -3.075615 326.878082 -103.232193 0.335458 0.130162 5.722306 -0.031647
59.385647 -37.283318 0.500835 -3.006869 327.427032 -103.689919 0.350351 0.205780 5.788083 -0.031047
59.508659 -37.504734 0.402245 -2.865930 327.983063 -104.150078 0.366507 0.255183 5.845676 -0.031620
59.633675 -37.722149 0.321616 -2.682154 328.545441 -104.613853 0.381625 0.279363 5.902014 -0.029732
59.758690 -37.928036 0.273670 -2.402552 329.119141 -105.082870 0.397817 0.279090 5.947452 -0.028979
59.882706 -38.125916 0.241422 -2.073366 329.688477 -105.547966 0.414022 0.251526 5.994140 -0.027751
60.007717 -38.322285 0.196214 -1.757304 330.276428 -106.028053 0.428073 0.193162 6.043883 -0.027261
