1.20 1.10 20 64
0.140000 0.014199 -0.063023 -0.062668 0.956776 0.000585 -0.137291 -0.044951 6.632754 0.003008
0.256000 0.025530 -0.170625 -0.180630 1.725964 0.001333 -0.084772 -0.071721 6.528628 -0.000426
0.390000 0.030877 -0.345286 -0.239207 2.592568 0.003131 0.020959 -0.092879 6.420307 0.000084
0.507000 0.037466 -0.527939 -0.348759 3.331009 0.006382 0.138098 -0.105929 6.326093 0.000438
0.640000 0.043619 -0.783792 -0.513923 4.172825 0.010464 0.286928 -0.114613 6.248933 0.001000
0.757000 0.064887 -1.056254 -0.664957 4.895090 0.013706 0.413940 -0.121198 6.217003 0.004001
0.891000 0.115126 -1.423424 -0.821510 5.728049 0.018096 0.543597 -0.137251 6.222220 0.007298
1.007000 0.171829 -1.771527 -0.930913 6.451538 0.021507 0.629817 -0.165847 6.250483 0.009196
1.140000 0.259290 -2.198726 -1.043870 7.293961 0.027017 0.690392 -0.212999 6.315072 0.011272
1.257000 0.337475 -2.578140 -1.166355 8.036834 0.032806 0.705926 -0.254144 6.376481 0.010869
1.391000 0.430323 -2.983602 -1.276061 8.889769 0.038996 0.681592 -0.285220 6.437763 0.011988
1.507999 0.523226 -3.281567 -1.342540 9.645253 0.045336 0.627079 -0.289021 6.469250 0.013524
1.640999 0.629833 -3.553057 -1.380109 10.506221 0.051009 0.534353 -0.266138 6.474262 0.013744
1.757999 0.726723 -3.704421 -1.411122 11.261278 0.056330 0.432900 -0.225980 6.438991 0.013835
1.890999 0.847686 -3.741865 -1.485012 12.114971 0.061806 0.309812 -0.164989 6.399506 0.016722
2.007999 0.960512 -3.645114 -1.482583 12.859522 0.066904 0.208291 -0.104725 6.337886 0.018124
2.140999 1.095872 -3.356130 -1.491743 13.696911 0.072131 0.112943 -0.038731 6.264382 0.017874
2.257999 1.214135 -2.956778 -1.490792 14.430779 0.076531 0.053907 0.011478 6.183502 0.017982
2.390999 1.337397 -2.384212 -1.418017 15.246826 0.082568 0.021132 0.054478 6.100374 0.016125
2.507998 1.446594 -1.817453 -1.321066 15.949101 0.090421 0.024082 0.081983 6.016651 0.016851
2.641998 1.581522 -1.143493 -1.261325 16.748777 0.099443 0.057395 0.106985 5.931701 0.018460
2.757998 1.709445 -0.579795 -1.259780 17.438072 0.107019 0.108591 0.124157 5.865680 0.019175
2.891998 1.859268 -0.001522 -1.264349 18.213963 0.114300 0.178679 0.137372 5.813275 0.020052
3.008998 1.994643 0.414256 -1.276212 18.891850 0.121692 0.241984 0.142666 5.785756 0.020118
3.125998 2.139891 0.717962 -1.255129 19.567410 0.131738 0.300252 0.143472 5.766947 0.022298
3.258998 2.318587 0.934904 -1.137503 20.333941 0.146965 0.354015 0.142197 5.767046 0.023912
3.375998 2.478477 1.015859 -0.974603 21.009785 0.163011 0.386092 0.142797 5.786375 0.023580
3.508997 2.667488 0.954659 -0.789789 21.782986 0.182478 0.401949 0.144350 5.834369 0.024582
3.625997 2.840947 0.771152 -0.577157 22.468266 0.201614 0.395732 0.144396 5.877721 0.026404
3.758997 3.052046 0.451229 -0.272658 23.253490 0.226044 0.366133 0.137980 5.930373 0.026416
3.875997 3.232395 0.068670 0.022143 23.955820 0.247800 0.323909 0.125245 5.972467 0.026168
4.008997 3.421577 -0.435005 0.344018 24.752995 0.273128 0.263737 0.105244 6.014742 0.023857
4.125998 3.585910 -0.908871 0.634005 25.451965 0.298299 0.205690 0.087260 6.039123 0.025226
4.259998 3.770293 -1.452746 0.931581 26.263540 0.329870 0.140871 0.070026 6.072129 0.024734
4.375998 3.922879 -1.879520 1.158702 26.973551 0.359592 0.090838 0.058275 6.078715 0.024586
4.509999 4.094256 -2.250882 1.349177 27.782389 0.393051 0.050322 0.042266 6.092607 0.023925
4.625999 4.251184 -2.463458 1.526353 28.494400 0.423428 0.033308 0.022625 6.089356 0.023784
4.760000 4.416388 -2.542685 1.687074 29.302202 0.458030 0.036557 -0.004442 6.065497 0.022064
4.877001 4.560624 -2.466538 1.818774 30.008842 0.489501 0.057397 -0.027380 6.029021 0.021351
5.010001 4.722082 -2.252955 1.926132 30.807850 0.524254 0.098547 -0.050883 6.000420 0.023081
5.127001 4.877058 -1.945174 2.066556 31.513437 0.555373 0.144008 -0.073685 5.968101 0.023909
5.260002 5.050535 -1.510870 2.172259 32.303017 0.591477 0.198821 -0.106341 5.921489 0.024176
5.377002 5.202374 -1.105137 2.229881 32.987492 0.624614 0.241169 -0.136798 5.902493 0.022187
5.510003 5.368708 -0.632833 2.232825 33.775845 0.663128 0.275560 -0.158899 5.885501 0.020986
5.627003 5.502294 -0.225322 2.222061 34.463951 0.698086 0.290570 -0.153094 5.890190 0.018478
5.761004 5.644174 0.207910 2.234561 35.246181 0.739748 0.290528 -0.119668 5.888649 0.017330
5.878005 5.761019 0.532180 2.217702 35.934505 0.779014 0.276695 -0.084996 5.900753 0.017395
6.011005 5.892347 0.839902 2.151526 36.718613 0.825250 0.245304 -0.062149 5.908787 0.018000
6.128006 6.012208 1.044575 2.088460 37.409588 0.866311 0.206664 -0.063912 5.919397 0.018515
6.261006 6.151102 1.209691 2.019578 38.195553 0.916216 0.153872 -0.075749 5.923033 0.018349
6.378006 6.283165 1.290895 1.970787 38.886463 0.962213 0.105383 -0.076451 5.915739 0.020720
6.511007 6.444434 1.311737 1.885703 39.677963 1.015689 0.053022 -0.053378 5.922760 0.020488
6.628007 6.576434 1.271265 1.725261 40.363373 1.063193 0.015600 -0.017159 5.918923 0.021113
6.761008 6.735795 1.179795 1.526011 41.155174 1.119534 -0.014776 0.029312 5.929314 0.020937
6.879009 6.875480 1.075793 1.376928 41.847603 1.171113 -0.026998 0.064743 5.939228 0.021764
7.012009 7.045242 0.925613 1.221413 42.635754 1.230097 -0.025346 0.094017 5.944273 0.022842
7.128009 7.206281 0.773468 1.107128 43.330101 1.281368 -0.008963 0.105759 5.954049 0.024597
7.262010 7.383476 0.628744 0.946286 44.120426 1.341629 0.022379 0.098705 5.962387 0.024182
7.379011 7.543265 0.540261 0.797097 44.816219 1.396173 0.058938 0.073989 5.969664 0.024263
7.512011 7.735106 0.484570 0.653764 45.607510 1.461719 0.105707 0.031938 5.971454 0.027042
7.629012 7.925304 0.460478 0.636535 46.303616 1.522148 0.145754 -0.005908 5.975260 0.029233
7.762012 8.141338 0.467585 0.682200 47.095444 1.594963 0.185105 -0.038831 5.985230 0.028833
7.879013 8.342223 0.498888 0.742054 47.793488 1.661136 0.211804 -0.054665 6.002241 0.030992
8.012013 8.567777 0.556922 0.831945 48.595253 1.737784 0.228576 -0.058972 6.017224 0.028226
8.130014 8.757408 0.630650 0.955868 49.297436 1.806685 0.230596 -0.052066 6.034521 0.027442
8.263015 8.971251 0.717470 1.118533 50.096897 1.887148 0.219865 -0.032246 6.047390 0.028368
8.379015 9.167026 0.779670 1.322743 50.801910 1.958721 0.199404 -0.000957 6.066577 0.029581
8.513016 9.410815 0.830638 1.563142 51.605453 2.040974 0.166767 0.051864 6.082073 0.032893
8.630016 9.628013 0.858708 1.797752 52.313564 2.115490 0.133008 0.106232 6.088676 0.032145
8.763017 9.890478 0.892835 2.064787 53.118507 2.202892 0.092008 0.159999 6.085639 0.035094
8.880017 10.133221 0.924205 2.266297 53.827053 2.279748 0.058402 0.184025 6.090162 0.036839
9.013018 10.422651 0.977181 2.465841 54.631954 2.367052 0.026143 0.172590 6.091183 0.037467
9.130018 10.681507 1.045319 2.635035 55.340446 2.444618 0.007237 0.129650 6.087589 0.038731
9.263019 10.993701 1.152158 2.811211 56.150482 2.533789 0.000693 0.057398 6.075827 0.039673
9.380019 11.266959 1.267248 2.844219 56.849461 2.612438 0.007978 -0.009298 6.051107 0.041658
9.514020 11.591190 1.402759 2.858715 57.652290 2.705908 0.027059 -0.075784 6.020583 0.041259
9.630020 11.870582 1.510070 2.857777 58.351238 2.789976 0.050646 -0.115118 6.011529 0.042170
9.764021 12.191027 1.613821 2.902691 59.143719 2.888540 0.083762 -0.135017 5.996277 0.041598
9.881021 12.470292 1.690312 2.906407 59.839119 2.976829 0.116295 -0.133221 5.989082 0.042057
10.014022 12.789668 1.750357 2.999973 60.628677 3.080575 0.151178 -0.117519 5.990462 0.041205
10.131022 13.081198 1.772881 3.140779 61.323769 3.174648 0.175579 -0.100849 5.998911 0.043319
10.264023 13.416965 1.800620 3.265100 62.115288 3.283145 0.193510 -0.085265 6.009797 0.044147
10.381023 13.712926 1.808397 3.343496 62.812527 3.379064 0.200303 -0.076132 6.021334 0.044123
10.514024 14.065024 1.806723 3.383361 63.612667 3.491636 0.197289 -0.068068 6.035413 0.045738
10.631024 14.380408 1.798496 3.373044 64.307281 3.590694 0.185463 -0.060198 6.062296 0.048796
10.765025 14.771523 1.793980 3.339951 65.111305 3.707022 0.164191 -0.050581 6.066492 0.052584
10.882026 15.132213 1.802168 3.264879 65.814438 3.809726 0.141270 -0.043424 6.073276 0.055047
11.015026 15.540989 1.818769 3.150243 66.612877 3.927923 0.116682 -0.037588 6.068451 0.054246
11.132027 15.897554 1.841220 3.029756 67.314812 4.034931 0.097490 -0.029814 6.067806 0.053730
11.265027 16.308197 1.872194 2.880533 68.112320 4.158544 0.079718 -0.007150 6.064706 0.054379
11.382028 16.672363 1.900010 2.780233 68.812439 4.270114 0.071179 0.030296 6.057784 0.054876
11.515028 17.090313 1.951860 2.688931 69.611549 4.399504 0.068485 0.087958 6.036673 0.055003
11.632029 17.459541 1.977334 2.705537 70.300728 4.513428 0.070500 0.136437 6.011070 0.056130
11.765029 17.901091 2.010118 2.787842 71.093864 4.647041 0.080768 0.171963 5.993436 0.058446
11.882030 18.288391 2.029707 2.898066 71.777786 4.765114 0.095250 0.175742 5.973573 0.057078
12.016030 18.735510 2.029132 3.031331 72.564598 4.905414 0.115777 0.147195 5.955292 0.058122
12.132030 19.112158 2.018739 3.178614 73.249275 5.030051 0.136107 0.099415 5.943240 0.054353
12.266031 19.523277 1.975530 3.349586 74.025810 5.173347 0.157950 0.032760 5.936718 0.053319
12.382031 19.877071 1.924441 3.496395 74.709015 5.301865 0.173954 -0.020718 5.939882 0.051509
12.516032 20.270327 1.857677 3.673533 75.490189 5.452534 0.187206 -0.055513 5.939836 0.050009
12.633033 20.606695 1.817124 3.770424 76.166351 5.584743 0.194714 -0.054628 5.942431 0.050579
12.766033 21.001417 1.754945 3.846212 76.940254 5.740558 0.198345 -0.025175 5.931701 0.051428
12.884033 21.347763 1.698736 3.934204 77.625587 5.882379 0.196059 0.015297 5.928357 0.050633
13.001034 21.687649 1.654573 4.054265 78.304138 6.026381 0.191591 0.053758 5.929834 0.049178
13.134034 22.068407 1.637095 4.262189 79.074638 6.193420 0.184637 0.084655 5.924720 0.049740
13.251035 22.412727 1.633903 4.501897 79.750816 6.342441 0.179036 0.093760 5.912702 0.050738
13.385036 22.816317 1.663592 4.807363 80.522148 6.516485 0.173598 0.079352 5.893497 0.051210
13.501036 23.167442 1.699865 5.104317 81.192352 6.672207 0.169358 0.044720 5.874235 0.051682
13.635036 23.581701 1.754887 5.348373 81.951965 6.849841 0.168480 -0.013459 5.858019 0.053895
13.751037 23.950006 1.807697 5.571592 82.617531 7.006559 0.171594 -0.069921 5.836949 0.053734
13.885037 24.363888 1.878858 5.846756 83.369537 7.187534 0.178682 -0.126577 5.804223 0.053868
14.001038 24.738598 1.944583 6.026080 84.027626 7.349799 0.187352 -0.158689 5.783744 0.053494
14.135038 25.171249 2.018477 6.144531 84.770958 7.536835 0.199899 -0.173368 5.751801 0.057513
14.252039 25.552197 2.051781 6.196356 85.421829 7.703937 0.212689 -0.171910 5.738436 0.056430
14.385039 25.999094 2.059839 6.288683 86.164055 7.898559 0.229780 -0.166718 5.716732 0.057466
14.502040 26.391939 2.042445 6.317388 86.804070 8.070057 0.245764 -0.165450 5.708401 0.060093
14.635040 26.857084 1.993721 6.295763 87.540672 8.274329 0.261956 -0.164960 5.702558 0.060585
14.752041 27.258345 1.919948 6.282474 88.182503 8.457650 0.272455 -0.154694 5.706393 0.059548
14.885041 27.704750 1.819154 6.247154 88.911354 8.670740 0.281187 -0.116508 5.714118 0.058341
15.002042 28.088531 1.707726 6.143662 89.547699 8.860399 0.286263 -0.057043 5.727026 0.057985
15.136043 28.538198 1.567163 5.958918 90.283424 9.083920 0.289596 0.034169 5.742286 0.058755
15.252043 28.911228 1.445331 5.788369 90.925987 9.283445 0.290763 0.114999 5.757611 0.055551
15.386044 29.322853 1.319102 5.569597 91.656876 9.515136 0.292321 0.191812 5.772606 0.054581
15.503044 29.685734 1.237883 5.376383 92.299095 9.723928 0.292915 0.234801 5.776129 0.054735
15.636045 30.096779 1.171811 5.169757 93.028664 9.967380 0.292906 0.256569 5.787049 0.055167
15.753045 30.458286 1.103906 4.991957 93.670143 10.186244 0.293612 0.256149 5.800128 0.055189
15.886045 30.858459 1.052784 4.800131 94.405861 10.441471 0.296488 0.241989 5.821328 0.050841
16.003046 31.185947 1.036918 4.619520 95.043144 10.666322 0.298889 0.218479 5.827631 0.049094
16.136049 31.536961 1.040999 4.405202 95.778122 10.932047 0.301151 0.172811 5.840604 0.044726
16.253052 31.828094 1.091211 4.206230 96.414482 11.165998 0.303413 0.114854 5.846717 0.044395
16.387054 32.162895 1.152059 4.038630 97.148216 11.439920 0.306831 0.027159 5.845820 0.044588
16.503057 32.441723 1.204003 3.902694 97.787384 11.683269 0.309830 -0.051745 5.847367 0.040887
16.637060 32.727322 1.270523 3.784232 98.512917 11.965234 0.313551 -0.127018 5.853249 0.036241
16.754063 32.954472 1.307926 3.672206 99.150848 12.216576 0.316739 -0.172349 5.864960 0.033269
16.887066 33.204342 1.336292 3.521298 99.875938 12.507147 0.320261 -0.205136 5.878295 0.033596
17.004068 33.427261 1.366782 3.354106 100.512627 12.767132 0.322535 -0.222563 5.880068 0.033025
17.137072 33.680355 1.396614 3.190166 101.235954 13.067822 0.326133 -0.226341 5.897722 0.033223
17.254074 33.896629 1.395244 3.099289 101.877251 13.337871 0.329774 -0.203894 5.899604 0.031915
17.387077 34.141205 1.347826 3.015374 102.600563 13.644121 0.330509 -0.143073 5.915655 0.032226
17.504080 34.354259 1.274893 2.939122 103.231720 13.913495 0.330226 -0.069701 5.917719 0.032475
17.638083 34.602493 1.181300 2.862478 103.959717 14.229019 0.327733 0.013802 5.922570 0.032221
17.754086 34.808292 1.073464 2.873436 104.594765 14.508145 0.325565 0.063390 5.932659 0.029515
17.888088 35.022320 0.903209 2.937512 105.315262 14.829349 0.323587 0.083758 5.941583 0.026483
18.004091 35.201336 0.735308 2.943407 105.949562 15.114865 0.324727 0.074694 5.950658 0.025808
18.138094 35.375549 0.534748 2.979486 106.669212 15.445975 0.324901 0.049034 5.963552 0.021338
18.255096 35.499844 0.339998 3.029605 107.301636 15.742176 0.325652 0.026984 5.975297 0.017247
18.388100 35.605038 0.127974 3.089947 108.026657 16.086512 0.328801 0.013047 5.995687 0.012618
18.505102 35.680363 -0.035218 3.067891 108.654655 16.388483 0.334291 0.012994 6.011587 0.010358
18.638105 35.745281 -0.203092 3.014134 109.379753 16.741533 0.341280 0.020368 6.024802 0.006561
18.755108 35.764088 -0.316379 2.936458 110.008453 17.051006 0.347887 0.026005 6.047713 0.000906
18.888111 35.773598 -0.409560 2.832269 110.735374 17.412397 0.356442 0.025094 6.069033 0.000004
19.005114 35.761925 -0.462701 2.737431 111.370277 17.731157 0.364063 0.021024 6.074415 -0.003061
19.139116 35.717464 -0.512693 2.631410 112.091148 18.098028 0.370301 0.020661 6.089042 -0.008042
19.255119 35.661205 -0.521649 2.511707 112.725449 18.424171 0.374724 0.030337 6.103199 -0.009399
19.389122 35.552902 -0.504079 2.278847 113.447647 18.797668 0.378525 0.050325 6.120025 -0.017346
19.506124 35.426540 -0.473916 2.019179 114.082787 19.130066 0.380228 0.067386 6.132196 -0.021307
19.639128 35.250130 -0.439616 1.785200 114.810478 19.516090 0.381197 0.074565 6.156346 -0.024143
19.756130 35.077904 -0.383854 1.587286 115.441422 19.854456 0.381599 0.066181 6.182220 -0.027201
19.890133 34.854370 -0.310160 1.353462 116.170952 20.251181 0.381336 0.045861 6.204958 -0.031340
20.006136 34.625332 -0.248826 1.148784 116.802589 20.598131 0.381422 0.028644 6.220324 -0.035989
20.139139 34.323750 -0.179305 0.879886 117.534325 21.003281 0.379879 0.018939 6.251518 -0.040977
20.257141 34.050110 -0.127084 0.663340 118.169647 21.356833 0.377404 0.023517 6.278965 -0.041412
20.390144 33.725731 -0.065556 0.443439 118.905365 21.768749 0.372085 0.038235 6.307932 -0.043081
20.506147 33.422359 0.002058 0.289010 119.549751 22.131668 0.367880 0.052437 6.326938 -0.046766
20.640150 33.058437 0.075884 0.039812 120.284126 22.545210 0.365765 0.063932 6.344308 -0.047525
20.757153 32.728664 0.142988 -0.164958 120.930962 22.910219 0.364482 0.070383 6.354590 -0.049940
20.890156 32.335861 0.200162 -0.414067 121.667580 23.326670 0.365483 0.077934 6.367404 -0.052417
21.007158 31.970848 0.198626 -0.638601 122.316193 23.695629 0.368451 0.085282 6.386102 -0.054543
21.141161 31.545803 0.148516 -0.872773 123.060089 24.120914 0.373045 0.083522 6.401632 -0.055650
21.257164 31.169786 0.066457 -1.044595 123.706650 24.489893 0.378982 0.058875 6.431534 -0.057435
21.390167 30.717737 -0.058052 -1.212851 124.457756 24.918007 0.383999 -0.006696 6.467130 -0.060109
21.507170 30.302248 -0.196959 -1.297636 125.116585 25.293320 0.388591 -0.091222 6.495661 -0.063681
21.641172 29.802439 -0.365289 -1.418973 125.869186 25.722481 0.393866 -0.198375 6.530193 -0.067392
21.757175 29.352957 -0.525394 -1.573023 126.534790 26.101501 0.397335 -0.285456 6.559507 -0.066981
21.891178 28.845604 -0.690366 -1.768338 127.295715 26.534054 0.400894 -0.362078 6.596109 -0.067253
22.008181 28.381901 -0.833299 -1.914145 127.968216 26.916435 0.405261 -0.403069 6.619413 -0.070539
22.141184 27.839733 -0.971250 -2.082531 128.736267 27.352318 0.410076 -0.415242 6.657257 -0.072175
22.258186 27.347736 -1.097357 -2.287444 129.416016 27.734888 0.413533 -0.395595 6.671972 -0.073854
22.392189 26.785696 -1.223709 -2.443299 130.197052 28.174582 0.416535 -0.344973 6.699884 -0.072997
22.508192 26.299767 -1.300735 -2.515360 130.876251 28.555271 0.419436 -0.281137 6.719981 -0.073389
22.642195 25.738173 -1.338722 -2.498827 131.663589 28.994104 0.424680 -0.184831 6.732566 -0.072985
22.758198 25.241426 -1.338478 -2.459500 132.348145 29.371572 0.428718 -0.080318 6.744462 -0.075261
22.892200 24.657822 -1.291226 -2.395424 133.141861 29.805241 0.432676 0.057526 6.753723 -0.075457
23.008204 24.151133 -1.221622 -2.295339 133.837204 30.181932 0.436811 0.177011 6.759089 -0.074558
23.142206 23.583813 -1.111252 -2.144736 134.630051 30.607599 0.439889 0.290066 6.765853 -0.074130
23.259209 23.081762 -0.993566 -2.063487 135.328842 30.977625 0.438924 0.360648 6.753323 -0.074249
23.392212 22.517700 -0.824210 -1.922017 136.125732 31.392567 0.434387 0.412304 6.758497 -0.073841
23.509214 22.015581 -0.664717 -1.793417 136.829849 31.752384 0.430211 0.444928 6.756261 -0.075032
23.626217 21.522827 -0.500454 -1.692606 137.534424 32.109234 0.428605 0.471198 6.744013 -0.073063
23.759220 20.969675 -0.300376 -1.583946 138.335556 32.510563 0.427410 0.493847 6.734130 -0.073821
23.876223 20.470310 -0.130267 -1.512590 139.041809 32.858936 0.426866 0.499444 6.731159 -0.074941
24.009226 19.904152 0.069161 -1.457585 139.852859 33.253811 0.429078 0.480507 6.731542 -0.072870
24.126228 19.413313 0.230326 -1.427589 140.563492 33.594975 0.431356 0.433145 6.739086 -0.074633
24.259232 18.843039 0.387305 -1.412127 141.375183 33.976227 0.434838 0.337543 6.742091 -0.074997
24.376234 18.344103 0.503912 -1.398753 142.085800 34.304020 0.438045 0.222254 6.753028 -0.074812
24.510237 17.766481 0.613262 -1.361338 142.911163 34.678341 0.443038 0.061571 6.772932 -0.076293
24.626240 17.247448 0.711185 -1.312680 143.635788 35.002033 0.445733 -0.079063 6.786414 -0.077904
24.760242 16.653664 0.801461 -1.331194 144.463333 35.363945 0.448509 -0.216498 6.798542 -0.077626
24.877245 16.138760 0.865073 -1.384446 145.196304 35.677929 0.451422 -0.298429 6.831150 -0.075910
25.010248 15.551820 0.923858 -1.444289 146.036652 36.030083 0.454377 -0.350282 6.866907 -0.078904
25.127251 15.023002 0.952045 -1.410572 146.781357 36.337971 0.457198 -0.372370 6.897229 -0.078884
25.260254 14.422576 0.992860 -1.377944 147.633118 36.685440 0.460734 -0.386483 6.926750 -0.078371
25.377256 13.897500 1.048456 -1.358150 148.386765 36.984962 0.465833 -0.392056 6.946084 -0.078061
25.510260 13.294723 1.107475 -1.326158 149.257401 37.323891 0.472267 -0.378330 6.988704 -0.078537
25.627262 12.784760 1.184476 -1.243826 150.016068 37.614136 0.477672 -0.344369 7.007417 -0.075964
25.760265 12.207428 1.337671 -1.253610 150.897400 37.941116 0.482848 -0.289254 7.021205 -0.074533
25.877268 11.730476 1.496703 -1.231178 151.664017 38.220394 0.484923 -0.244777 7.041384 -0.071383
26.011271 11.169768 1.733076 -1.196606 152.553757 38.537853 0.485441 -0.208460 7.058993 -0.073953
26.128273 10.671240 1.982212 -1.242118 153.334778 38.808086 0.486612 -0.184650 7.065129 -0.073751
26.261276 10.107354 2.288961 -1.335609 154.227432 39.109051 0.489342 -0.152913 7.095248 -0.072542
26.378279 9.628425 2.582664 -1.385236 155.018997 39.369499 0.490447 -0.116284 7.139167 -0.070245
26.511282 9.090538 2.952510 -1.425067 155.930420 39.662251 0.489315 -0.068590 7.148732 -0.070139
26.628284 8.616776 3.280961 -1.494824 156.730255 39.910789 0.486063 -0.031057 7.167840 -0.068648
26.761288 8.097831 3.643500 -1.623650 157.645096 40.185368 0.480246 0.003455 7.188347 -0.065798
26.878290 7.661608 3.962566 -1.766217 158.447205 40.419407 0.474035 0.026094 7.213149 -0.062571
27.011293 7.171532 4.330774 -1.965539 159.379562 40.683647 0.466577 0.048986 7.246769 -0.061039
27.128296 6.749880 4.660538 -2.121274 160.196716 40.906933 0.459609 0.071350 7.199094 -0.060535
27.262299 6.273974 5.093646 -2.305926 161.107361 41.149899 0.450545 0.106983 7.002373 -0.060725
27.378302 5.857894 5.519824 -2.465827 161.889420 41.353817 0.442143 0.153829 6.838722 -0.059183
27.512304 5.390718 6.023559 -2.653448 162.756592 41.574318 0.434954 0.222505 6.651049 -0.058233
27.629307 4.977049 6.424794 -2.814363 163.502151 41.759411 0.431161 0.286229 6.510591 -0.058752
27.762310 4.508899 6.885264 -2.971355 164.338837 41.962025 0.429412 0.348522 6.357923 -0.058624
27.879313 4.107203 7.284497 -3.152810 165.048584 42.127506 0.430445 0.382305 6.231376 -0.056316
28.012316 3.627990 7.682344 -3.413382 165.852844 42.310463 0.433156 0.392319 6.104096 -0.058664
28.129318 3.221124 7.976381 -3.544625 166.537033 42.462723 0.438688 0.372889 5.992920 -0.058824
28.263321 2.757398 8.226714 -3.646710 167.313019 42.629974 0.448737 0.317061 5.874512 -0.060471
28.379324 2.364383 8.353679 -3.627491 167.974304 42.770149 0.459353 0.245507 5.793377 -0.058962
28.513327 1.928804 8.393353 -3.527904 168.727921 42.926552 0.473695 0.144955 5.711937 -0.059382
28.629330 1.553961 8.347893 -3.368863 169.378632 43.057499 0.487298 0.057676 5.647097 -0.059958
28.763332 1.126231 8.200829 -3.153517 170.111023 43.199955 0.503749 -0.029722 5.583587 -0.060370
28.880335 0.745268 7.981563 -2.951982 170.749298 43.321148 0.517081 -0.092367 5.532428 -0.061350
29.013338 0.319530 7.651428 -2.700997 171.468445 43.455406 0.529089 -0.150442 5.477926 -0.059184
29.130341 -0.039350 7.308512 -2.473174 172.096710 43.569447 0.535596 -0.193244 5.447058 -0.056647
29.263344 -0.434849 6.882712 -2.172442 172.807785 43.698208 0.540937 -0.227134 5.421381 -0.056716
29.380346 -0.780525 6.482145 -1.903908 173.429214 43.808697 0.543211 -0.237632 5.377395 -0.056172
29.513350 -1.170993 6.005445 -1.552438 174.135529 43.930786 0.541342 -0.224197 5.326784 -0.054522
29.630352 -1.504353 5.584478 -1.269915 174.742722 44.031441 0.538407 -0.201060 5.289445 -0.054620
29.764355 -1.893657 5.119309 -0.966758 175.439957 44.144451 0.533779 -0.179742 5.256114 -0.054837
29.880358 -2.236763 4.719357 -0.695580 176.045105 44.239594 0.529237 -0.173640 5.222052 -0.052312
30.014360 -2.596010 4.307315 -0.455167 176.732025 44.343513 0.525213 -0.173159 5.269964 -0.047450
30.131363 -2.895942 3.943419 -0.311712 177.353455 44.428383 0.522184 -0.162514 5.422333 -0.044986
30.265366 -3.213021 3.539359 -0.159995 178.081802 44.518051 0.519158 -0.131264 5.583349 -0.041785
30.382368 -3.476757 3.185005 -0.027097 178.746002 44.592983 0.518881 -0.092466 5.715769 -0.038357
30.515371 -3.758699 2.790571 0.079371 179.520157 44.674324 0.523489 -0.048603 5.869919 -0.036263
30.632374 -3.992786 2.471572 0.133042 180.206512 44.741783 0.529710 -0.013455 5.993645 -0.034115
30.766376 -4.240517 2.162905 0.113426 181.016663 44.815258 0.539156 0.029794 6.123128 -0.031869
30.882380 -4.447433 1.947409 0.075658 181.732620 44.874168 0.547798 0.070814 6.238759 -0.029520
31.016382 -4.669125 1.769527 -0.034641 182.575516 44.935917 0.560076 0.112740 6.357852 -0.026640
31.132385 -4.846261 1.693786 -0.140020 183.324478 44.984955 0.570573 0.135743 6.447717 -0.025950
31.266388 -5.042293 1.706612 -0.300055 184.188889 45.035366 0.580950 0.144062 6.548718 -0.023850
31.382391 -5.178722 1.802655 -0.427258 184.960983 45.074921 0.588056 0.141385 6.645718 -0.016795
31.516394 -5.301980 2.009770 -0.520041 185.851059 45.114880 0.595040 0.131945 6.736479 -0.015435
31.633396 -5.401848 2.274900 -0.591738 186.645508 45.144012 0.598201 0.117602 6.828892 -0.013724
31.766399 -5.486066 2.663324 -0.700671 187.560547 45.170277 0.596841 0.090937 6.918127 -0.008463
31.883402 -5.531549 3.074949 -0.811179 188.376434 45.188492 0.589270 0.057443 7.008755 -0.005389
32.016403 -5.580943 3.619572 -0.965053 189.322815 45.205704 0.575853 0.011924 7.100383 -0.004804
32.133392 -5.619488 4.151561 -1.139313 190.151199 45.216228 0.559234 -0.030403 7.171391 -0.003365
32.266380 -5.659316 4.824357 -1.326650 191.118118 45.225540 0.534013 -0.079016 7.248043 -0.002359
32.384369 -5.690051 5.441028 -1.477159 191.966263 45.231644 0.510235 -0.118506 7.210583 -0.002045
32.517357 -5.715698 6.203604 -1.668995 192.914337 45.236374 0.485849 -0.155352 7.061097 -0.001357
32.634346 -5.734638 6.908656 -1.844260 193.731461 45.239754 0.466560 -0.171387 6.929183 0.000528
32.767334 -5.751598 7.721728 -1.941820 194.639084 45.244492 0.448981 -0.161964 6.751304 0.000485
32.884323 -5.764733 8.383684 -2.041034 195.420120 45.246063 0.437413 -0.125329 6.621291 0.001302
33.017311 -5.789689 9.054491 -2.178724 196.288895 45.247097 0.425519 -0.058398 6.470418 -0.001195
33.134300 -5.802854 9.552106 -2.227090 197.038071 45.247719 0.420040 0.005972 6.352358 -0.001835
33.251289 -5.817444 9.939592 -2.209517 197.773056 45.246368 0.417691 0.054809 6.232967 -0.003579
33.384277 -5.848379 10.229628 -2.055524 198.592194 45.244354 0.418337 0.079810 6.107974 -0.010067
33.501266 -5.889906 10.340335 -1.887342 199.300400 45.239399 0.422674 0.078787 6.013682 -0.012149
33.634254 -5.933449 10.315633 -1.621062 200.092987 45.232574 0.429203 0.073187 5.922310 -0.012400
33.751244 -5.962335 10.166579 -1.325519 200.786057 45.227077 0.435466 0.082165 5.847851 -0.010657
33.884232 -5.991294 9.857275 -1.060088 201.559158 45.218880 0.442540 0.111865 5.789401 -0.009170
34.001221 -6.006758 9.493315 -0.799746 202.226059 45.211395 0.448444 0.144265 5.727622 -0.007325
34.135208 -6.023332 8.962893 -0.548537 202.990585 45.202839 0.455328 0.174240 5.689850 -0.006954
34.252197 -6.038485 8.415349 -0.386507 203.653229 45.192688 0.460288 0.187256 5.653681 -0.006569
34.385185 -6.062688 7.750566 -0.180620 204.402725 45.183140 0.464458 0.184805 5.626301 -0.008142
34.501175 -6.083933 7.151349 0.028158 205.060104 45.176186 0.467564 0.163843 5.613361 -0.007519
34.635162 -6.109198 6.485952 0.244728 205.805054 45.167389 0.470539 0.114919 5.598236 -0.005768
34.752151 -6.127684 5.926878 0.366385 206.458115 45.158703 0.471263 0.052943 5.573140 -0.005160
34.885139 -6.155053 5.325670 0.455554 207.198349 45.147228 0.470086 -0.024751 5.561551 -0.004435
35.002129 -6.176703 4.831508 0.521920 207.858170 45.134682 0.469023 -0.078886 5.716598 -0.004364
35.135117 -6.192387 4.297244 0.631871 208.639450 45.116901 0.466390 -0.111862 5.912108 -0.002091
35.252106 -6.198448 3.877813 0.697873 209.342987 45.098572 0.463483 -0.115974 6.078165 -0.001547
35.386093 -6.191681 3.488421 0.713060 210.164993 45.073185 0.460274 -0.107675 6.252689 0.002949
35.502083 -6.177857 3.243992 0.660457 210.906311 45.046268 0.458022 -0.102428 6.397164 0.003307
35.636070 -6.170330 3.093736 0.485407 211.768616 45.011303 0.456453 -0.104490 6.548361 0.001155
35.753059 -6.169992 3.074559 0.335647 212.544098 44.978909 0.454192 -0.111384 6.684148 0.000846
35.886047 -6.153041 3.157309 0.221592 213.441452 44.939575 0.451805 -0.119653 6.801936 0.003715
36.003036 -6.141115 3.358367 0.100235 214.244125 44.901928 0.448540 -0.128064 6.904800 0.003320
36.136024 -6.125596 3.689965 -0.082646 215.176727 44.854702 0.441906 -0.141751 7.015504 0.004009
36.253014 -6.093023 4.051895 -0.217529 215.993607 44.810719 0.434061 -0.156585 7.079138 0.007043
36.386002 -6.068815 4.550970 -0.379891 216.947266 44.757278 0.420581 -0.166856 7.167733 0.004092
36.502991 -6.053898 5.061118 -0.516670 217.779877 44.708858 0.405461 -0.160985 7.207739 0.004335
36.636978 -6.029608 5.677118 -0.606778 218.747513 44.652710 0.384645 -0.133939 7.254308 0.005879
36.752968 -5.992479 6.221607 -0.665516 219.595245 44.601028 0.364626 -0.098297 7.267761 0.007428
36.886955 -5.961729 6.820116 -0.767109 220.561462 44.540218 0.340264 -0.052710 7.275752 0.004633
37.002945 -5.956497 7.316288 -0.925954 221.408325 44.485199 0.317330 -0.013497 7.238614 0.003668
37.136932 -5.956015 7.779657 -1.002970 222.368256 44.423016 0.289786 0.031246 7.224380 -0.000274
37.253922 -5.959063 8.080166 -1.006252 223.209976 44.367691 0.266432 0.068347 7.199634 0.000269
37.386909 -5.973083 8.301011 -1.048576 224.164322 44.302910 0.243425 0.107227 7.182616 -0.001623
37.503899 -5.992218 8.392664 -1.064397 225.001923 44.244434 0.226543 0.137963 7.168812 -0.003155
37.636887 -6.005703 8.343769 -1.017790 225.957932 44.175400 0.210305 0.171572 7.144332 -0.002585
37.753876 -6.024690 8.181227 -0.958580 226.783279 44.114109 0.199438 0.197519 7.126834 -0.004565
37.887863 -6.064786 7.860960 -0.993245 227.735016 44.041374 0.190559 0.219221 7.123665 -0.003896
38.003853 -6.091012 7.470310 -1.031684 228.559204 43.978851 0.186972 0.226669 7.127057 -0.002908
38.137840 -6.128007 6.939745 -1.140521 229.511444 43.901714 0.185453 0.224995 7.127558 -0.003103
38.253830 -6.164609 6.416918 -1.208025 230.343079 43.833603 0.186484 0.219384 7.134065 -0.004141
38.387817 -6.203615 5.762753 -1.282372 231.288269 43.756649 0.189693 0.212036 7.137470 -0.003811
38.504807 -6.229325 5.171546 -1.300033 232.122025 43.689274 0.193843 0.195691 7.155902 -0.003823
38.637794 -6.269597 4.515961 -1.312515 233.073074 43.612129 0.200417 0.156094 7.188987 -0.004095
38.754787 -6.293024 3.966955 -1.299078 233.912827 43.544136 0.207403 0.101425 7.206593 -0.003113
38.887775 -6.315639 3.391723 -1.283848 234.877151 43.464432 0.215432 0.026437 7.226334 -0.002606
39.004765 -6.328255 2.958908 -1.260032 235.713242 43.393528 0.222399 -0.033292 7.235676 -0.002329
39.138752 -6.357744 2.568419 -1.226371 236.679153 43.310333 0.228936 -0.083857 7.235271 -0.004763
39.254742 -6.388083 2.327303 -1.145018 237.523193 43.236542 0.232524 -0.111512 7.243001 -0.005212
39.388729 -6.426445 2.164580 -1.029116 238.482468 43.152748 0.236421 -0.135553 7.231938 -0.006444
39.504719 -6.475372 2.102198 -0.964368 239.324646 43.078667 0.237819 -0.162055 7.220296 -0.008073
39.638706 -6.533229 2.138455 -0.873497 240.277618 42.994293 0.234417 -0.207199 7.177392 -0.007456
39.755695 -6.580937 2.244664 -0.784090 241.112442 42.918598 0.228583 -0.257738 7.155338 -0.007831
39.888683 -6.633791 2.418376 -0.650985 242.055786 42.831329 0.217152 -0.308942 7.103143 -0.007333
40.005672 -6.675781 2.583299 -0.463271 242.880142 42.755737 0.204232 -0.331864 7.055599 -0.007839
40.138660 -6.724362 2.771472 -0.241758 243.816010 42.669659 0.187877 -0.319733 6.980555 -0.007333
40.255650 -6.772614 2.904480 -0.024307 244.617554 42.595470 0.172498 -0.278940 6.910660 -0.009104
40.388638 -6.833619 2.997447 0.258345 245.533951 42.508175 0.154156 -0.212759 6.838337 -0.009851
40.505627 -6.876808 3.001272 0.504310 246.325836 42.432426 0.139322 -0.149622 6.766852 -0.008535
40.639614 -6.934092 2.898954 0.899892 247.218201 42.346004 0.128437 -0.079753 6.715880 -0.011225
40.755604 -6.991715 2.745034 1.225310 247.998550 42.269382 0.125024 -0.023211 6.691837 -0.009471
40.889591 -7.046770 2.519125 1.495805 248.882645 42.182484 0.127571 0.034191 6.669878 -0.007996
41.006580 -7.095490 2.261882 1.699601 249.657349 42.105587 0.133708 0.078133 6.641762 -0.008472
41.139568 -7.148556 1.898754 1.889590 250.533966 42.016857 0.147128 0.120407 6.617641 -0.008521
41.256557 -7.197815 1.528751 2.013715 251.302856 41.938099 0.164445 0.151736 6.599010 -0.007616
41.390545 -7.251087 1.060226 2.096286 252.182709 41.847355 0.188163 0.178836 6.604581 -0.007307
41.506535 -7.315840 0.642846 2.099119 252.944885 41.768578 0.212506 0.195073 6.604407 -0.012356
41.639523 -7.414426 0.169816 2.063229 253.825989 41.676838 0.242087 0.206658 6.613433 -0.012776
41.756512 -7.494744 -0.205259 2.006458 254.589935 41.597408 0.266040 0.214638 6.624092 -0.011521
41.890499 -7.588255 -0.590017 1.844845 255.473373 41.504539 0.290119 0.223385 6.634676 -0.012855
42.007488 -7.662893 -0.875028 1.657374 256.245758 41.422565 0.308840 0.229341 6.646257 -0.010927
42.140476 -7.744874 -1.127892 1.399843 257.125183 41.328205 0.324779 0.229484 6.652209 -0.012945
42.257465 -7.822334 -1.305097 1.123356 257.898621 41.244263 0.334153 0.220420 6.651078 -0.012637
42.390453 -7.918575 -1.448857 0.794893 258.784851 41.147995 0.337685 0.200823 6.652234 -0.013740
42.507442 -8.014935 -1.503314 0.512605 259.551910 41.064205 0.335926 0.177046 6.655105 -0.017006
42.640430 -8.128081 -1.506540 0.227996 260.431488 40.968319 0.328837 0.147875 6.649260 -0.015607
42.757420 -8.226188 -1.436162 -0.034153 261.203827 40.883106 0.319036 0.124172 6.638814 -0.015440
42.890408 -8.339935 -1.309750 -0.321208 262.087219 40.785820 0.304565 0.098084 6.628748 -0.014950
43.007397 -8.430610 -1.176188 -0.549393 262.850098 40.702351 0.290521 0.069175 6.608692 -0.014388
43.141384 -8.533356 -1.004339 -0.789482 263.727783 40.606968 0.273704 0.016985 6.570519 -0.014370
43.257374 -8.620420 -0.848796 -1.010790 264.490753 40.522804 0.261291 -0.047816 6.552499 -0.012785
43.391361 -8.712177 -0.669651 -1.248016 265.355713 40.427353 0.251413 -0.132015 6.533779 -0.012000
43.507351 -8.773761 -0.526446 -1.426522 266.114594 40.343384 0.245798 -0.197368 6.520507 -0.007894
43.641338 -8.835235 -0.357302 -1.568084 266.976471 40.247746 0.244383 -0.244671 6.517002 -0.007892
43.758327 -8.886644 -0.242667 -1.614006 267.733185 40.162670 0.248160 -0.263074 6.503043 -0.006779
43.891315 -8.930568 -0.154100 -1.673954 268.591217 40.063824 0.256254 -0.272166 6.487652 -0.004811
44.008305 -8.951264 -0.117847 -1.689844 269.345459 39.976719 0.266351 -0.284395 6.492688 -0.002662
44.125294 -8.968287 -0.124894 -1.679147 270.099640 39.888111 0.279224 -0.301243 6.493525 -0.002450
44.258282 -8.982585 -0.197043 -1.577986 270.958191 39.787212 0.295078 -0.317398 6.510550 -0.000885
44.375271 -8.982647 -0.309766 -1.419570 271.715088 39.696472 0.306962 -0.317563 6.521393 0.000665
44.508259 -8.983244 -0.483471 -1.193372 272.584442 39.590137 0.319111 -0.295153 6.542643 0.000227
44.625248 -8.980344 -0.653363 -0.955891 273.339600 39.498539 0.328805 -0.259609 6.565529 0.001324
44.759235 -8.973388 -0.829472 -0.631356 274.213898 39.388783 0.339520 -0.202752 6.585816 0.001985
44.875225 -8.963033 -0.955544 -0.326349 274.979584 39.290371 0.346973 -0.138260 6.606999 0.002843
45.009212 -8.946309 -1.077231 0.002891 275.852661 39.175652 0.352684 -0.045625 6.626947 0.003603
45.125202 -8.934216 -1.153027 0.272779 276.622162 39.071911 0.355150 0.047645 6.649467 0.002408
45.259190 -8.922729 -1.195912 0.590954 277.500458 38.953262 0.356619 0.157739 6.674114 0.002355
45.376179 -8.912764 -1.193156 0.833283 278.275665 38.849159 0.358025 0.243422 6.693640 0.001706
45.509167 -8.905683 -1.140942 1.043703 279.159332 38.730972 0.358940 0.320496 6.712424 0.002039
45.626156 -8.887101 -1.062949 1.179025 279.938904 38.626133 0.357566 0.362009 6.725066 0.005280
45.759144 -8.860509 -0.927821 1.376463 280.826691 38.508083 0.355867 0.376154 6.738998 0.002752
45.876133 -8.856703 -0.768853 1.541648 281.608643 38.403122 0.354318 0.357815 6.742517 0.000864
46.009121 -8.846911 -0.553234 1.650270 282.504883 38.281643 0.353639 0.308056 6.756285 0.001905
46.126110 -8.819751 -0.323918 1.627039 283.288391 38.174847 0.355523 0.250527 6.761808 0.004886
46.260098 -8.782878 0.006296 1.537665 284.179840 38.051888 0.359832 0.179427 6.769841 0.004892
46.376087 -8.743095 0.332490 1.451008 284.965118 37.945450 0.364000 0.118024 6.776345 0.006998
46.510075 -8.696053 0.721866 1.263806 285.859131 37.824440 0.368754 0.051197 6.787336 0.007006
46.627064 -8.653688 1.053574 1.068569 286.646576 37.718636 0.371948 0.001573 6.792904 0.005566
46.760052 -8.604033 1.409563 0.838744 287.548462 37.598045 0.373946 -0.036835 6.787588 0.007343
46.877041 -8.567925 1.677706 0.547007 288.328674 37.491802 0.374493 -0.050640 6.789838 0.007299
47.011032 -8.531132 1.935018 0.241334 289.223541 37.371078 0.374564 -0.051664 6.788659 0.005526
47.127022 -8.497522 2.114907 -0.059110 290.011108 37.263985 0.372928 -0.050370 6.796356 0.006860
47.260010 -8.465160 2.261688 -0.411670 290.914154 37.138443 0.371425 -0.058863 6.811868 0.006199
47.377003 -8.425784 2.313453 -0.703064 291.697449 37.029804 0.369201 -0.076053 6.822444 0.008555
47.510990 -8.371548 2.286700 -0.975798 292.603790 36.904953 0.367192 -0.104243 6.837703 0.008768
47.626980 -8.318139 2.194107 -1.198760 293.397430 36.795380 0.364903 -0.130232 6.859485 0.009852
47.761967 -8.255338 2.023343 -1.439551 294.309387 36.667820 0.360919 -0.157920 6.884837 0.009196
47.878956 -8.196970 1.819275 -1.623175 295.108612 36.556007 0.358411 -0.172390 6.909757 0.011147
48.011944 -8.124944 1.564812 -1.790350 296.021576 36.429642 0.355220 -0.168836 6.942947 0.009237
48.128933 -8.072802 1.326659 -1.910109 296.827515 36.317715 0.352354 -0.145003 6.963244 0.007293
48.261921 -8.008946 1.055592 -1.954014 297.746002 36.190834 0.349805 -0.103331 6.976278 0.009586
48.378910 -7.943908 0.827328 -1.916557 298.562225 36.077660 0.349282 -0.065619 6.987828 0.009993
48.512897 -7.876653 0.562557 -1.817930 299.483734 35.949493 0.350232 -0.033665 7.001166 0.007126
48.628887 -7.844344 0.346102 -1.669811 300.287933 35.837677 0.354063 -0.014214 6.999956 0.003683
48.762875 -7.817206 0.149733 -1.390961 301.217407 35.711365 0.363950 0.004896 6.999311 0.002210
48.878864 -7.789266 0.018531 -1.110225 302.029510 35.600986 0.376197 0.020340 7.008625 0.004437
49.012852 -7.747741 -0.082863 -0.783575 302.952820 35.474014 0.392210 0.030496 7.009869 0.005949
49.129841 -7.689735 -0.128218 -0.464545 303.764923 35.361629 0.407340 0.026593 7.002458 0.010364
49.262829 -7.624393 -0.098784 -0.121607 304.693268 35.231506 0.424114 0.006461 6.989905 0.007243
49.379818 -7.578543 -0.038308 0.145151 305.495026 35.118217 0.434844 -0.017968 6.974522 0.005817
49.512806 -7.541568 0.058621 0.441952 306.412140 34.988697 0.441458 -0.038751 6.955573 0.004425
49.629795 -7.514921 0.159893 0.683957 307.224731 34.874023 0.444200 -0.036643 6.950216 0.004076
49.762783 -7.476832 0.263297 0.883957 308.138672 34.742828 0.442533 0.001075 6.938554 0.005436
49.879772 -7.458248 0.343383 0.992216 308.935242 34.627926 0.438020 0.063783 6.932894 0.002371
50.013760 -7.445767 0.407936 1.073534 309.853333 34.493420 0.429744 0.157012 6.916989 0.002155
50.130749 -7.431995 0.428374 1.123407 310.653564 34.376225 0.419742 0.235927 6.908423 0.000670
50.263737 -7.436368 0.408202 1.179059 311.561920 34.244045 0.404958 0.297789 6.895804 -0.001063
50.379726 -7.446959 0.361266 1.194718 312.360168 34.128113 0.389998 0.315945 6.889954 -0.001731
50.513714 -7.464962 0.275907 1.149943 313.265869 33.996456 0.376556 0.290294 6.875162 -0.001245
50.630703 -7.480028 0.154098 1.026498 314.061676 33.880848 0.367854 0.228631 6.870510 -0.001974
50.763691 -7.498130 -0.018566 0.894913 314.965607 33.751469 0.363242 0.121237 6.866241 -0.002760
50.880680 -7.515584 -0.206635 0.785464 315.760651 33.639446 0.367132 0.005029 6.859131 -0.004316
51.013668 -7.556263 -0.448201 0.648093 316.671509 33.510540 0.379084 -0.132634 6.867062 -0.005792
51.130657 -7.590839 -0.641928 0.548006 317.460388 33.396679 0.393870 -0.238037 6.872148 -0.006131
51.263645 -7.644046 -0.862238 0.446395 318.372955 33.264751 0.414829 -0.325921 6.885258 -0.007020
51.380634 -7.693813 -1.054298 0.395451 319.164459 33.150955 0.436413 -0.368456 6.899181 -0.006771
51.514622 -7.744537 -1.254560 0.351168 320.080719 33.018555 0.463079 -0.380764 6.916604 -0.006406
51.630611 -7.789523 -1.389603 0.318390 320.881836 32.902084 0.485401 -0.366218 6.924088 -0.007578
51.764599 -7.846581 -1.514996 0.283737 321.794891 32.767159 0.504848 -0.330017 6.949328 -0.008054
51.881588 -7.898089 -1.604096 0.257583 322.600464 32.646744 0.516166 -0.284235 6.969484 -0.008340
52.014576 -7.953456 -1.673996 0.303916 323.519196 32.509727 0.521591 -0.217792 6.994009 -0.006942
52.131565 -8.001178 -1.694191 0.421102 324.329346 32.390572 0.520199 -0.143996 7.003381 -0.006481
52.265553 -8.054278 -1.669935 0.601606 325.258942 32.253723 0.510545 -0.046191 7.022825 -0.006269
52.381542 -8.097709 -1.613481 0.740211 326.072418 32.131790 0.496481 0.040528 7.037813 -0.006023
52.514530 -8.145122 -1.485398 0.837482 326.998901 31.991299 0.476424 0.124736 7.052752 -0.005604
52.631519 -8.184674 -1.300269 0.898157 327.814789 31.867310 0.455151 0.180297 7.058418 -0.006420
52.765507 -8.244816 -1.028599 0.927994 328.742737 31.724535 0.429549 0.227233 7.062641 -0.008412
52.881496 -8.302785 -0.754450 0.911769 329.559235 31.597820 0.409639 0.259259 7.062729 -0.008697
53.015484 -8.370054 -0.390769 0.947812 330.486359 31.453543 0.391936 0.289026 7.045063 -0.008494
53.132473 -8.426937 -0.037391 0.895374 331.299500 31.326033 0.380247 0.307781 7.025856 -0.008942
53.265461 -8.484455 0.371313 0.826992 332.220795 31.178547 0.373627 0.315840 7.011660 -0.006411
53.382450 -8.525524 0.719274 0.763174 333.030029 31.047737 0.375428 0.309915 6.996183 -0.005468
53.499439 -8.558105 1.054967 0.712031 333.836823 30.916817 0.383735 0.291523 6.984019 -0.004460
53.632427 -8.589081 1.408932 0.712018 334.760101 30.765432 0.398880 0.255971 6.982649 -0.003793
53.749416 -8.605710 1.680848 0.725208 335.559296 30.632055 0.415829 0.214863 6.980646 -0.001956
53.882404 -8.607439 1.945755 0.813295 336.474609 30.477392 0.435708 0.157937 6.980690 0.000822
53.999393 -8.604709 2.111754 0.940356 337.280670 30.338228 0.451631 0.104459 6.997362 -0.001002
54.133381 -8.597619 2.209795 1.116960 338.207031 30.178040 0.466097 0.040334 7.032103 -0.000116
54.249371 -8.602250 2.214303 1.285218 339.019562 30.037436 0.475423 -0.011208 7.059330 -0.001680
54.383358 -8.608790 2.136317 1.555246 339.948242 29.877365 0.480935 -0.060578 7.104853 -0.003204
54.499348 -8.627627 2.034845 1.766387 340.769592 29.735889 0.480789 -0.090548 7.135601 -0.003248
54.633335 -8.642246 1.882917 1.927438 341.708282 29.571959 0.474526 -0.108804 7.184216 -0.002250
54.749325 -8.641131 1.723018 2.076414 342.539520 29.426004 0.463968 -0.117362 7.228943 -0.000032
54.883312 -8.628908 1.551755 2.250789 343.489685 29.257284 0.446077 -0.134208 7.273252 0.001865
55.000301 -8.607455 1.418316 2.405303 344.330902 29.108101 0.427182 -0.166525 7.316491 0.003155
55.133289 -8.571879 1.300734 2.551162 345.292664 28.936951 0.405739 -0.225049 7.363717 0.005460
55.250278 -8.536434 1.225621 2.638208 346.143097 28.785070 0.388228 -0.282849 7.395338 0.004665
55.383266 -8.502465 1.198851 2.678971 347.122467 28.610479 0.370831 -0.336937 7.442020 0.004392
55.500256 -8.457718 1.244061 2.667147 347.973083 28.457968 0.361134 -0.359810 7.460460 0.008149
55.634243 -8.398591 1.357607 2.534958 348.957947 28.281279 0.355569 -0.358758 7.471028 0.008028
55.750233 -8.350965 1.500469 2.333624 349.818695 28.126133 0.352999 -0.339536 7.473215 0.008514
55.884220 -8.281137 1.688370 2.191267 350.797760 27.951292 0.351235 -0.300297 7.473069 0.009911
56.000210 -8.217762 1.894029 2.085924 351.657959 27.798174 0.349947 -0.253273 7.460964 0.010842
56.134197 -8.159880 2.161569 1.950484 352.634735 27.625149 0.348350 -0.185060 7.455061 0.007122
56.251186 -8.113726 2.379977 1.824134 353.493073 27.475018 0.344420 -0.118214 7.444272 0.007339
56.384174 -8.059265 2.617404 1.734062 354.468750 27.305717 0.337434 -0.034697 7.446773 0.006971
56.501163 -8.017194 2.816210 1.641330 355.326721 27.157425 0.328608 0.043424 7.438381 0.006885
56.634151 -7.973283 3.038671 1.508131 356.308868 26.987801 0.314737 0.138929 7.432383 0.007986
56.751141 -7.919447 3.218481 1.371687 357.157654 26.842571 0.301795 0.218511 7.413894 0.009018
56.884129 -7.848651 3.405140 1.230444 358.136353 26.675989 0.286601 0.295282 7.395069 0.010474
57.001118 -7.776219 3.543192 1.152352 358.988464 26.530401 0.274573 0.339040 7.382271 0.012426
57.135105 -7.689098 3.664955 1.079897 359.954712 26.366982 0.259449 0.359367 7.359015 0.013736
57.251095 -7.605176 3.750205 0.992058 360.801758 26.224031 0.245048 0.352562 7.331490 0.013391
57.385082 -7.508690 3.846824 0.869137 361.760223 26.063128 0.229337 0.325677 7.291810 0.014564
57.502071 -7.414303 3.909640 0.769205 362.599213 25.923483 0.217630 0.297409 7.250895 0.015873
57.635059 -7.291209 3.930421 0.723598 363.555817 25.764357 0.207340 0.272483 7.223572 0.018586
57.752048 -7.164717 3.911166 0.701045 364.380707 25.628710 0.199090 0.259650 7.192817 0.019842
57.885036 -7.005427 3.829439 0.664314 365.331146 25.476583 0.192558 0.239851 7.171336 0.023203
58.002026 -6.852540 3.714014 0.615643 366.151093 25.346798 0.190110 0.205509 7.147165 0.023812
58.135014 -6.658439 3.541311 0.612994 367.093933 25.198374 0.188441 0.139033 7.113712 0.025312
58.252003 -6.475042 3.381634 0.695168 367.914948 25.070045 0.188399 0.068060 7.096288 0.027524
58.385990 -6.266109 3.177094 0.795021 368.844940 24.924755 0.188323 -0.011341 7.067498 0.027284
58.501980 -6.069541 2.995162 0.886609 369.661072 24.797861 0.190025 -0.073442 7.053343 0.029476
58.635967 -5.846418 2.795428 0.925249 370.586334 24.654465 0.192788 -0.135934 7.030597 0.029996
58.752956 -5.650951 2.631348 1.011999 371.398102 24.531000 0.194004 -0.184240 7.007797 0.027530
58.885944 -5.435505 2.444705 1.101460 372.323944 24.393152 0.191726 -0.229473 6.972303 0.026531
59.002934 -5.248157 2.281827 1.169754 373.122681 24.275190 0.187723 -0.255250 6.948631 0.028150
59.136921 -5.032040 2.100230 1.277675 374.042236 24.140244 0.180383 -0.263514 6.929213 0.026871
59.252911 -4.850944 1.942618 1.342940 374.835846 24.024214 0.173040 -0.251780 6.902416 0.026497
59.385899 -4.627438 1.749461 1.446050 375.749237 23.892252 0.164308 -0.222062 6.870482 0.029289
59.502888 -4.434170 1.600810 1.580030 376.543579 23.780556 0.157854 -0.188488 6.846017 0.027881
59.636875 -4.219953 1.442904 1.762035 377.442932 23.659164 0.151140 -0.149743 6.807219 0.027618
59.752865 -4.027782 1.331248 1.942316 378.231079 23.554790 0.146104 -0.115256 6.788531 0.027971
59.886852 -3.811843 1.252323 2.080868 379.124603 23.439398 0.142576 -0.076336 6.760624 0.028226
60.003841 -3.620779 1.222771 2.053815 379.907867 23.339741 0.141487 -0.047908 6.733891 0.029334
