1.20 1.10 20 64
0.136000 0.010531 0.097307 -0.099185 0.941238 0.000568 -0.113165 0.173868 6.711818 0.001882
0.254000 0.010010 0.360766 -0.214649 1.728907 0.001510 -0.029282 0.214444 6.641492 -0.000934
0.383000 0.011192 0.783959 -0.309774 2.584080 0.003702 0.110142 0.255965 6.525697 0.000661
0.501000 0.014282 1.212528 -0.437318 3.339162 0.006209 0.258041 0.279589 6.406764 0.001162
0.632000 0.025073 1.671711 -0.590883 4.170373 0.009148 0.427555 0.280844 6.311614 0.003201
0.762000 0.049212 2.085028 -0.698061 4.987312 0.012208 0.582040 0.254699 6.271884 0.004207
0.880000 0.082771 2.405807 -0.782074 5.728260 0.016240 0.697774 0.216901 6.288123 0.005421
1.010001 0.118353 2.678582 -0.879085 6.549439 0.021054 0.789651 0.174177 6.348555 0.005162
1.128000 0.149850 2.864837 -0.952178 7.303780 0.025615 0.835612 0.142012 6.428888 0.004449
1.258000 0.181687 2.975060 -1.004927 8.146904 0.030046 0.841718 0.114582 6.532629 0.004617
1.387000 0.217157 2.976096 -1.082555 8.998360 0.033796 0.800101 0.091339 6.655642 0.005575
1.501000 0.252704 2.888455 -1.129829 9.769889 0.036628 0.729085 0.072359 6.747552 0.005460
1.631000 0.286821 2.716002 -1.202708 10.647106 0.038972 0.620222 0.054263 6.830587 0.004920
1.760000 0.312363 2.490289 -1.247054 11.533180 0.041416 0.493190 0.040841 6.895753 0.003450
1.878000 0.334674 2.242383 -1.297077 12.356085 0.043298 0.374032 0.029771 6.931618 0.004912
2.007999 0.371978 1.957036 -1.392270 13.252472 0.043537 0.256211 0.013626 6.961507 0.005699
2.127000 0.407411 1.714799 -1.483743 14.082539 0.041663 0.167259 -0.007602 6.984052 0.005337
2.257000 0.445916 1.474793 -1.554974 14.992188 0.039861 0.101821 -0.035060 7.009298 0.005767
2.386001 0.490153 1.310824 -1.455711 15.904577 0.040765 0.078281 -0.061478 7.024673 0.004578
2.503001 0.526367 1.240071 -1.307433 16.726736 0.042463 0.094475 -0.083453 7.027520 0.004451
2.631001 0.573579 1.238955 -1.074075 17.626179 0.043515 0.149630 -0.110176 7.023543 0.007506
2.759002 0.627767 1.327623 -0.769026 18.517229 0.043110 0.235344 -0.146807 7.005085 0.005446
2.885002 0.667318 1.486535 -0.445881 19.405603 0.042538 0.340474 -0.200271 6.991059 0.004177
3.001002 0.701490 1.673324 -0.132919 20.215328 0.043666 0.442722 -0.264114 6.973780 0.003596
3.129002 0.734847 1.905234 0.177473 21.107183 0.045232 0.548562 -0.341639 6.964371 0.003710
3.258003 0.772547 2.149826 0.470113 22.000341 0.045764 0.636634 -0.407625 6.993564 0.004459
3.387003 0.812857 2.391337 0.762772 22.905283 0.046058 0.698885 -0.439594 7.033302 0.002672
3.502003 0.842240 2.601117 1.011604 23.724701 0.045980 0.727053 -0.427776 7.089482 0.002459
3.630003 0.877309 2.809761 1.314351 24.631115 0.044382 0.725156 -0.374709 7.170094 0.002600
3.757003 0.908232 3.005236 1.618336 25.547295 0.042824 0.689968 -0.295000 7.244794 0.002418
3.884003 0.940286 3.169973 1.906354 26.471376 0.041064 0.623545 -0.205788 7.295830 0.001989
4.010004 0.968049 3.302960 2.190289 27.401600 0.038966 0.533791 -0.117499 7.339316 0.000885
4.128005 0.983353 3.399837 2.466068 28.261328 0.038049 0.440235 -0.039728 7.351306 -0.000222
4.258006 0.996556 3.471499 2.739486 29.217857 0.037806 0.335297 0.040942 7.353876 -0.000350
4.387007 1.006034 3.516541 2.970732 30.166433 0.036240 0.239756 0.115772 7.349084 -0.000639
4.505008 1.020087 3.547935 3.152341 31.031969 0.035840 0.168618 0.180072 7.325587 0.001106
4.635009 1.040392 3.570814 3.276434 31.981676 0.034714 0.116356 0.245376 7.293560 0.001465
4.752010 1.056208 3.580381 3.271875 32.832489 0.033647 0.096274 0.295650 7.259504 0.002922
4.880011 1.073554 3.583070 3.255284 33.765976 0.033661 0.105065 0.333922 7.215962 0.002738
5.009012 1.092202 3.568382 3.156960 34.693016 0.032570 0.142067 0.348026 7.166823 0.003527
5.127013 1.104904 3.542906 2.990344 35.528889 0.031225 0.195706 0.342250 7.127691 0.004417
5.256014 1.123477 3.513942 2.725334 36.445278 0.030904 0.269569 0.329961 7.084296 0.005019
5.386015 1.151353 3.463202 2.454661 37.364578 0.033106 0.349459 0.328038 7.062759 0.006654
5.504016 1.173770 3.403034 2.239269 38.197041 0.036665 0.419228 0.340750 7.050914 0.005045
5.632018 1.191863 3.321041 2.014295 39.100597 0.040736 0.485212 0.357403 7.062967 0.002831
5.761019 1.196815 3.209541 1.791637 40.020630 0.044986 0.534078 0.356838 7.089582 0.002227
5.879020 1.206345 3.081662 1.604137 40.859451 0.049310 0.559659 0.330418 7.125553 0.003180
6.009021 1.231636 2.896576 1.425718 41.782253 0.054416 0.563921 0.278441 7.174594 0.005353
6.126022 1.264821 2.686652 1.279498 42.631962 0.060430 0.546692 0.220040 7.225208 0.006666
6.255023 1.317217 2.423249 1.135097 43.567844 0.068218 0.505546 0.149753 7.277715 0.008764
6.384024 1.384933 2.150572 0.998966 44.509380 0.075724 0.444650 0.067447 7.316783 0.010032
6.501025 1.453225 1.918835 0.905480 45.360863 0.082043 0.380618 -0.022055 7.353779 0.012221
6.627027 1.532945 1.706625 0.730627 46.296146 0.087803 0.309409 -0.134911 7.365209 0.012139
6.756028 1.625481 1.544330 0.557786 47.239063 0.094828 0.241393 -0.255251 7.368964 0.013066
6.885029 1.724413 1.427905 0.427190 48.189171 0.104118 0.184350 -0.371763 7.359318 0.014054
7.003030 1.813311 1.383172 0.300865 49.055485 0.113181 0.149511 -0.464518 7.329728 0.013574
7.133031 1.920867 1.396140 0.287472 50.006630 0.124864 0.132188 -0.537229 7.305814 0.015258
7.251032 2.024474 1.475109 0.280906 50.865116 0.136008 0.134425 -0.566346 7.254254 0.015690
7.380033 2.146052 1.618085 0.242441 51.797180 0.148641 0.155469 -0.555909 7.201154 0.018475
7.509034 2.283512 1.796878 0.182420 52.722855 0.162012 0.190861 -0.511680 7.158714 0.019870
7.626035 2.424867 1.979509 0.126646 53.557129 0.174284 0.231055 -0.455540 7.114602 0.022523
7.752037 2.586830 2.181749 0.037454 54.456947 0.187337 0.278664 -0.385770 7.063598 0.022455
7.882038 2.753289 2.357999 -0.080574 55.365265 0.202223 0.326227 -0.305191 7.030842 0.023908
8.012038 2.926753 2.490503 -0.199626 56.277565 0.218825 0.366962 -0.211909 7.014391 0.024351
8.130038 3.084210 2.574023 -0.283528 57.105335 0.235718 0.394060 -0.121515 7.020694 0.023899
8.260038 3.272483 2.602118 -0.296066 58.018337 0.255039 0.407393 -0.025358 7.028913 0.026756
8.378038 3.458822 2.585078 -0.278888 58.855949 0.273528 0.405823 0.055429 7.053649 0.026363
8.508039 3.658233 2.520096 -0.242626 59.767529 0.295401 0.389389 0.135422 7.077602 0.025593
8.634037 3.837465 2.413534 -0.182324 60.660591 0.317261 0.361273 0.208422 7.097713 0.023532
8.761036 4.010109 2.274304 -0.100991 61.569641 0.340907 0.322205 0.275974 7.108713 0.022091
8.877035 4.154590 2.141438 -0.005748 62.386784 0.363575 0.282156 0.328142 7.108077 0.020901
9.005034 4.318215 1.991813 0.078064 63.296635 0.390756 0.237571 0.375234 7.109528 0.022518
9.133034 4.480170 1.833378 0.191810 64.205284 0.419856 0.197120 0.411088 7.097025 0.021431
9.261033 4.636178 1.697379 0.385259 65.120255 0.451453 0.166060 0.435620 7.091927 0.020333
9.380033 4.780091 1.604984 0.622328 65.955574 0.481849 0.150062 0.444347 7.076266 0.020577
9.510034 4.937552 1.544973 0.928963 66.873909 0.518502 0.146394 0.436659 7.063141 0.019736
9.626033 5.076178 1.525058 1.161070 67.698715 0.551359 0.156489 0.416991 7.047149 0.019413
9.754032 5.227624 1.547473 1.445756 68.592033 0.587651 0.179951 0.386881 7.035172 0.019258
9.883032 5.378309 1.634340 1.704212 69.498245 0.626599 0.212477 0.351303 7.025699 0.018853
10.012032 5.534120 1.762646 1.893265 70.401962 0.667633 0.248730 0.306512 7.008874 0.019624
10.128031 5.673228 1.899785 2.037782 71.220703 0.706138 0.280974 0.249638 7.003277 0.019864
10.257030 5.827041 2.070952 2.163317 72.122398 0.751550 0.311398 0.164072 6.999337 0.020724
10.387031 5.984111 2.250127 2.271770 73.024101 0.801390 0.331411 0.058725 7.004030 0.021025
10.505031 6.122666 2.407639 2.340371 73.850288 0.848903 0.338248 -0.044009 7.018213 0.019924
10.634030 6.268341 2.552825 2.340515 74.761940 0.903189 0.331756 -0.149757 7.031509 0.019844
10.752030 6.391063 2.668094 2.337523 75.584091 0.955138 0.314425 -0.232238 7.042917 0.016976
10.880030 6.512167 2.776194 2.305300 76.490273 1.014834 0.285800 -0.308639 7.041429 0.016660
11.007029 6.638001 2.862013 2.231744 77.383537 1.076726 0.248561 -0.375678 7.055728 0.018766
11.135028 6.771962 2.917135 2.147936 78.277184 1.141025 0.206650 -0.442483 7.054493 0.018947
11.252028 6.885122 2.954193 2.032531 79.100113 1.201380 0.167824 -0.506750 7.046770 0.017059
11.381027 6.998584 2.974937 1.871478 80.003937 1.271966 0.127684 -0.574102 7.016027 0.015630
11.511027 7.106288 2.989290 1.668880 80.911209 1.344317 0.094696 -0.617403 6.989635 0.016682
11.629027 7.211361 2.980891 1.477602 81.731766 1.411009 0.073831 -0.615101 6.965805 0.016781
11.759027 7.307299 2.955233 1.290292 82.632309 1.486462 0.062117 -0.555007 6.936178 0.012842
11.877028 7.386055 2.909603 1.095688 83.446053 1.555965 0.062248 -0.455782 6.905850 0.014328
12.007028 7.485251 2.870962 0.858960 84.337822 1.634965 0.073978 -0.319619 6.873701 0.015295
12.136027 7.592100 2.829443 0.668135 85.218048 1.715737 0.097028 -0.176487 6.836394 0.015355
12.254027 7.691151 2.773114 0.506406 86.019936 1.790216 0.123631 -0.045210 6.814361 0.016189
12.383027 7.806783 2.706781 0.330172 86.893822 1.873221 0.155596 0.096613 6.796389 0.017734
12.512027 7.936497 2.645531 0.198551 87.765785 1.957860 0.186302 0.227214 6.786872 0.018056
12.630027 8.054335 2.576801 0.120664 88.563011 2.037343 0.210749 0.323444 6.798986 0.017785
12.759027 8.182832 2.516469 0.040566 89.444031 2.126667 0.231588 0.392541 6.823060 0.016813
12.877027 8.293438 2.477685 0.033123 90.246468 2.209887 0.242143 0.426002 6.845941 0.015724
13.006026 8.414064 2.471127 0.034544 91.126328 2.303070 0.244071 0.442843 6.869170 0.017453
13.133025 8.546510 2.498305 0.037364 91.988052 2.394243 0.236557 0.448305 6.882925 0.018641
13.259024 8.676233 2.554296 0.041768 92.851799 2.485976 0.220037 0.442206 6.899005 0.019044
13.376023 8.804770 2.635140 0.073563 93.654831 2.571501 0.198517 0.420962 6.901514 0.019126
13.503022 8.948720 2.720972 0.129060 94.525719 2.665555 0.168911 0.380660 6.890664 0.019769
13.632022 9.105144 2.822899 0.222038 95.407410 2.761493 0.136036 0.327923 6.864781 0.020013
13.762022 9.255756 2.917542 0.282385 96.292191 2.859167 0.102914 0.270234 6.833103 0.019213
13.880022 9.398658 2.976731 0.387775 97.096970 2.950467 0.075221 0.218339 6.794744 0.020325
14.010022 9.550665 3.018696 0.501588 97.965103 3.050491 0.051388 0.167459 6.761138 0.019128
14.128022 9.675616 3.021509 0.560858 98.755440 3.142362 0.037318 0.127232 6.729543 0.017896
14.255021 9.812634 2.987332 0.612138 99.601929 3.241502 0.029470 0.087234 6.700801 0.019248
14.383020 9.959385 2.936260 0.695496 100.451584 3.341997 0.029886 0.040568 6.670600 0.019601
14.510019 10.109885 2.877830 0.776552 101.290504 3.442448 0.039872 -0.020075 6.636872 0.020419
14.626019 10.253860 2.822902 0.811917 102.053230 3.533875 0.055027 -0.086269 6.606809 0.021171
14.752016 10.411764 2.744591 0.858485 102.884590 3.635381 0.076362 -0.157513 6.587293 0.021215
14.879015 10.580737 2.630029 0.933781 103.712746 3.739827 0.099810 -0.215698 6.562599 0.023478
15.008014 10.759473 2.486376 1.024619 104.546341 3.845595 0.122085 -0.258934 6.566265 0.023448
15.134012 10.930163 2.331353 1.134297 105.373917 3.951576 0.138786 -0.294056 6.570799 0.022356
15.261011 11.091104 2.187664 1.220749 106.195595 4.057992 0.148682 -0.326157 6.581442 0.021855
15.377010 11.246456 2.069235 1.279838 106.953537 4.157375 0.150439 -0.347747 6.596465 0.023188
15.507010 11.415197 1.951656 1.331557 107.803917 4.271708 0.145268 -0.353745 6.601308 0.021990
15.637011 11.571761 1.858120 1.344616 108.655762 4.387761 0.132079 -0.335751 6.619584 0.020700
15.755011 11.716707 1.791644 1.336544 109.430420 4.493519 0.115025 -0.305671 6.631155 0.022552
15.884010 11.883775 1.755320 1.396841 110.277596 4.610219 0.093853 -0.275024 6.630289 0.021974
16.002010 12.035506 1.765572 1.489705 111.052048 4.717672 0.074312 -0.262167 6.625131 0.021124
16.132002 12.199157 1.823803 1.574011 111.904114 4.836857 0.054142 -0.267126 6.608104 0.022435
16.261993 12.377831 1.917066 1.684999 112.753174 4.957853 0.038249 -0.273810 6.586815 0.024296
16.380985 12.552046 2.030450 1.771649 113.527489 5.069684 0.025567 -0.250356 6.564907 0.025681
16.510977 12.747122 2.195190 1.893888 114.369354 5.191246 0.015910 -0.162039 6.525143 0.025305
16.625971 12.919045 2.357268 1.977845 115.115929 5.300191 0.015219 -0.026360 6.486576 0.026046
16.756962 13.115589 2.546608 2.059467 115.946426 5.422902 0.019869 0.155817 6.436525 0.026434
16.885954 13.320837 2.743948 2.138003 116.764877 5.545693 0.029878 0.316027 6.396541 0.028771
17.003946 13.514199 2.906461 2.185025 117.508522 5.658734 0.041011 0.411957 6.357309 0.028015
17.133938 13.726912 3.052038 2.220553 118.322029 5.784264 0.053498 0.460325 6.313009 0.028201
17.251930 13.923107 3.148363 2.292463 119.055878 5.899706 0.063312 0.471599 6.285025 0.028224
17.380922 14.142256 3.217638 2.404234 119.859329 6.028972 0.070535 0.465313 6.245655 0.029020
17.511913 14.367635 3.219566 2.475638 120.659889 6.159900 0.074228 0.434728 6.239483 0.030364
17.629906 14.572268 3.168303 2.558656 121.386002 6.281115 0.073769 0.374018 6.239469 0.027955
17.758898 14.786289 3.066771 2.681013 122.179237 6.416958 0.069637 0.270294 6.240609 0.027753
17.876890 14.981861 2.957974 2.782284 122.905457 6.542248 0.064622 0.158492 6.252301 0.029189
18.005882 15.208644 2.807760 2.926951 123.699997 6.681172 0.058138 0.046323 6.253011 0.030909
18.135874 15.450670 2.672192 3.062371 124.501549 6.822854 0.051941 -0.035631 6.265962 0.031636
18.253866 15.684240 2.565869 3.197621 125.229286 6.952870 0.047958 -0.079625 6.262680 0.033364
18.382858 15.933335 2.489857 3.305332 126.024307 7.097139 0.044877 -0.101670 6.268126 0.032633
18.500851 16.159313 2.447516 3.364644 126.751976 7.230961 0.045030 -0.105907 6.271807 0.033855
18.629843 16.415552 2.434595 3.461958 127.548340 7.380426 0.047083 -0.101146 6.281996 0.034016
18.758835 16.656385 2.450045 3.503620 128.344421 7.531918 0.051675 -0.097225 6.280220 0.032687
18.875828 16.879820 2.490574 3.512998 129.066284 7.669467 0.057884 -0.100377 6.279364 0.033358
19.002821 17.136028 2.572559 3.502557 129.855988 7.821722 0.067053 -0.113620 6.285138 0.035445
19.129814 17.387915 2.699242 3.486483 130.633102 7.973005 0.077146 -0.129388 6.280065 0.034805
19.256807 17.641508 2.864964 3.452443 131.415375 8.127152 0.084831 -0.140487 6.276713 0.035711
19.385799 17.908941 3.054449 3.402357 132.215134 8.285259 0.090532 -0.144410 6.269110 0.036330
19.503792 18.156092 3.211003 3.371612 132.933578 8.429370 0.092741 -0.146647 6.259767 0.037179
19.633783 18.429388 3.398508 3.312708 133.731094 8.590249 0.091098 -0.156793 6.256991 0.036795
19.751776 18.669493 3.560489 3.196111 134.454269 8.737315 0.085715 -0.175860 6.249080 0.036647
19.880768 18.932819 3.719279 3.101534 135.243286 8.899197 0.076943 -0.203625 6.239888 0.036284
20.010759 19.209646 3.846291 3.009600 136.036621 9.063799 0.065932 -0.224044 6.227614 0.038894
20.127752 19.461031 3.925297 2.962415 136.755676 9.214836 0.054809 -0.221392 6.222921 0.037389
20.257744 19.728468 3.982587 2.956078 137.547318 9.383004 0.043403 -0.183317 6.226689 0.034761
20.385736 19.985628 3.982189 2.956045 138.319778 9.549573 0.033091 -0.112552 6.219596 0.036562
20.500731 20.232042 3.948263 2.952544 139.018387 9.701355 0.024120 -0.033235 6.216535 0.038496
20.631721 20.523647 3.884494 3.002689 139.814590 9.878506 0.018050 0.053053 6.229218 0.038304
20.760714 20.819954 3.809121 3.126553 140.604111 10.056914 0.015613 0.120167 6.227028 0.038467
20.876707 21.077011 3.731550 3.256354 141.302994 10.215994 0.016418 0.164958 6.234786 0.036566
21.006699 21.346949 3.645854 3.430882 142.092117 10.398599 0.020893 0.209804 6.226797 0.034173
21.135691 21.631929 3.562425 3.628140 142.879593 10.583534 0.029005 0.259985 6.219091 0.037605
21.252684 21.895763 3.512129 3.801078 143.581802 10.748882 0.039300 0.309192 6.214776 0.038937
21.379677 22.195354 3.476237 4.045523 144.355011 10.934168 0.053201 0.354718 6.210789 0.038586
21.507669 22.488569 3.447816 4.320873 145.127075 11.123110 0.068226 0.371777 6.205997 0.037317
21.625662 22.756458 3.435956 4.571457 145.831924 11.297714 0.080109 0.350814 6.201971 0.037904
21.755653 23.054043 3.434135 4.846329 146.614319 11.493212 0.090295 0.288638 6.204104 0.037872
21.885645 23.357941 3.445467 5.124257 147.395691 11.689626 0.098267 0.199299 6.189574 0.038774
22.003637 23.634930 3.478568 5.388257 148.102142 11.870082 0.103472 0.108013 6.171581 0.038962
22.132629 23.956635 3.535847 5.695148 148.871384 12.069058 0.106520 0.004835 6.149993 0.042220
22.258623 24.287998 3.609850 6.041427 149.626846 12.266132 0.108154 -0.097310 6.142585 0.043140
22.385616 24.639088 3.696095 6.379508 150.381256 12.463822 0.108836 -0.194244 6.138232 0.046120
22.502609 24.968813 3.786752 6.676506 151.074539 12.647942 0.108174 -0.268844 6.126798 0.045643
22.632601 25.335072 3.901872 6.949214 151.836929 12.852735 0.105840 -0.321024 6.110428 0.047296
22.750593 25.667719 4.016482 7.211004 152.531570 13.042435 0.103647 -0.335385 6.096862 0.045906
22.879585 26.030399 4.144247 7.462848 153.294647 13.253219 0.103112 -0.317646 6.077288 0.046247
23.006578 26.401806 4.263987 7.698507 154.036224 13.461031 0.104241 -0.276530 6.053650 0.049319
23.134571 26.781679 4.367353 7.921819 154.774338 13.671097 0.108458 -0.223374 6.035116 0.050973
23.252563 27.140266 4.437642 8.055389 155.457550 13.868947 0.113630 -0.169353 6.026246 0.052880
23.382555 27.557774 4.480770 8.178860 156.207733 14.089299 0.121152 -0.109698 6.007761 0.055544
23.500547 27.942333 4.496674 8.298546 156.885956 14.291770 0.128215 -0.058433 5.993139 0.054812
23.629539 28.367430 4.485504 8.420085 157.631638 14.516108 0.135661 -0.009347 5.983543 0.056631
23.757534 28.805151 4.463928 8.542623 158.358459 14.738325 0.143996 0.026690 5.990691 0.060231
23.884527 29.254232 4.437691 8.596707 159.085281 14.962320 0.153469 0.048798 5.984527 0.062165
24.001520 29.679760 4.403661 8.613779 159.752060 15.171034 0.163139 0.057942 5.968101 0.063821
24.131512 30.159063 4.346368 8.549480 160.490814 15.404693 0.173626 0.057541 5.956697 0.064956
24.261503 30.638874 4.289451 8.522853 161.227020 15.642812 0.183666 0.049091 5.952009 0.064637
24.379496 31.074537 4.237046 8.492532 161.893982 15.861088 0.192241 0.037741 5.946359 0.065585
24.509489 31.553421 4.175300 8.429420 162.627121 16.104998 0.199544 0.025342 5.947140 0.063889
24.627481 31.979225 4.118109 8.381408 163.292221 16.329361 0.205356 0.018411 5.951944 0.063131
24.758474 32.450550 4.057645 8.338804 164.029449 16.582541 0.211150 0.015833 5.950134 0.062902
24.876467 32.869549 4.007174 8.277340 164.692352 16.812965 0.215651 0.015643 5.952327 0.063467
25.006458 33.333145 3.981202 8.199304 165.423660 17.068171 0.219840 0.015175 5.961500 0.062957
25.136450 33.786293 3.978079 8.095943 166.154449 17.326067 0.223647 0.015988 5.955911 0.061494
25.254442 34.200665 3.971663 8.088507 166.815582 17.562958 0.226013 0.022841 5.947792 0.061431
25.382435 34.641888 3.966255 8.067683 167.530762 17.821136 0.227533 0.042382 5.934002 0.060061
25.511429 35.094131 3.950476 8.031353 168.249634 18.083494 0.228356 0.078632 5.928174 0.062431
25.627422 35.488022 3.925657 8.004058 168.894196 18.321815 0.228534 0.126703 5.915816 0.058492
25.756414 35.921295 3.890678 8.037897 169.606918 18.589645 0.227977 0.191406 5.890931 0.058664
25.883408 36.357151 3.834000 8.133288 170.310135 18.858507 0.228174 0.252633 5.874818 0.058171
26.001400 36.743374 3.784543 8.111101 170.950684 19.105719 0.228976 0.287512 5.858828 0.056441
26.129393 37.153336 3.739377 8.114293 171.647156 19.378828 0.231326 0.286651 5.840709 0.054430
26.257385 37.564068 3.691728 8.178855 172.345139 19.657919 0.236887 0.246375 5.815703 0.054917
26.385378 37.966087 3.657902 8.238735 173.033752 19.937031 0.246167 0.185800 5.797579 0.053520
26.501371 38.336086 3.619016 8.343706 173.654388 20.192099 0.255235 0.131857 5.774723 0.054554
26.630363 38.732544 3.572459 8.412091 174.335846 20.476007 0.266068 0.087349 5.762638 0.053077
26.759356 39.132286 3.499796 8.424603 175.018600 20.765165 0.277873 0.058415 5.739133 0.054056
26.876348 39.494591 3.424769 8.402869 175.634445 21.029196 0.288113 0.037597 5.716273 0.053472
27.001343 39.884815 3.319199 8.414744 176.292725 21.317423 0.298741 0.009962 5.695435 0.054513
27.128336 40.282562 3.194350 8.459434 176.945999 21.611206 0.308605 -0.032234 5.681001 0.053842
27.258327 40.692829 3.058052 8.510933 177.616196 21.919168 0.318988 -0.095412 5.668071 0.054737
27.386320 41.099613 2.904390 8.585035 178.273132 22.226854 0.328958 -0.172012 5.664939 0.055771
27.500315 41.458820 2.759521 8.627886 178.855820 22.503523 0.337645 -0.246528 5.653995 0.053690
27.629307 41.848534 2.592688 8.657045 179.512680 22.820822 0.345527 -0.330881 5.650891 0.051594
27.758299 42.224937 2.427575 8.677058 180.171982 23.145464 0.353062 -0.410729 5.654228 0.048921
27.876291 42.550667 2.295116 8.655386 180.763168 23.441969 0.357186 -0.469907 5.650540 0.048779
28.006283 42.908398 2.176581 8.592749 181.422653 23.779341 0.357986 -0.506550 5.654802 0.047544
28.134275 43.247803 2.085053 8.537047 182.062958 24.115120 0.356115 -0.498851 5.652166 0.045945
28.252268 43.551590 2.036928 8.463439 182.645630 24.428068 0.354825 -0.450761 5.651495 0.045129
28.381262 43.872665 2.009897 8.362261 183.288925 24.781181 0.353152 -0.359435 5.642538 0.042431
28.510254 44.179085 1.999961 8.221398 183.922638 25.137217 0.349893 -0.240939 5.632001 0.041101
28.627247 44.442844 2.000604 8.126711 184.494629 25.464867 0.347644 -0.120655 5.637594 0.039445
28.756239 44.726475 2.044045 7.963078 185.117752 25.828732 0.347085 0.011214 5.638252 0.039403
28.885231 45.007545 2.108743 7.766561 185.741898 26.201138 0.345812 0.130430 5.626714 0.039337
29.003223 45.265465 2.163095 7.617905 186.308640 26.545965 0.345220 0.216454 5.619403 0.038976
29.132215 45.543377 2.209457 7.446579 186.924591 26.927874 0.344526 0.280678 5.620620 0.037383
29.261208 45.800735 2.247056 7.225967 187.536407 27.316238 0.345798 0.314659 5.618320 0.035917
29.379200 46.044067 2.266837 7.032446 188.093002 27.676994 0.346300 0.322028 5.622689 0.037799
29.509192 46.320107 2.265279 6.771007 188.702591 28.080477 0.346107 0.308360 5.624701 0.039546
29.625185 46.578751 2.238847 6.510029 189.248566 28.449125 0.345208 0.284928 5.632140 0.041021
29.754177 46.875134 2.179132 6.189274 189.847610 28.861210 0.341581 0.259946 5.641159 0.041886
29.883169 47.180271 2.096132 5.888062 190.438354 29.278023 0.335476 0.245245 5.652884 0.043118
30.001162 47.471642 2.004811 5.627784 190.980225 29.669409 0.327006 0.243301 5.670186 0.045440
30.129154 47.813381 1.903968 5.346840 191.570068 30.104412 0.315161 0.251660 5.692500 0.048021
30.258146 48.173008 1.785934 5.067326 192.152985 30.544437 0.300128 0.264714 5.716255 0.051154
30.375139 48.522812 1.664800 4.808921 192.687958 30.956762 0.283375 0.275140 5.732167 0.053430
30.505131 48.922325 1.536369 4.510332 193.270676 31.413242 0.264905 0.276740 5.741792 0.057014
30.633123 49.349762 1.428071 4.252728 193.845810 31.872179 0.246301 0.264866 5.751713 0.060901
30.751116 49.767677 1.360291 4.093865 194.372833 32.300362 0.231000 0.244683 5.757751 0.063572
30.879108 50.254913 1.318716 3.986892 194.940979 32.769386 0.216447 0.215508 5.755375 0.068712
31.007101 50.772629 1.320790 3.884483 195.505341 33.242886 0.204307 0.173637 5.754072 0.071925
31.125093 51.261200 1.351426 3.839160 196.021957 33.684052 0.195518 0.111883 5.756690 0.073388
31.254086 51.818394 1.404189 3.852302 196.582260 34.169941 0.186263 0.014426 5.746079 0.076088
31.383078 52.390793 1.480432 3.940754 197.137482 34.660431 0.180164 -0.104062 5.739186 0.078649
31.501070 52.935707 1.596117 4.095535 197.642242 35.111687 0.177442 -0.213759 5.737274 0.080114
31.630062 53.550091 1.766571 4.358700 198.195160 35.611893 0.175487 -0.319705 5.737662 0.082633
31.760054 54.170181 1.964514 4.662580 198.746078 36.113998 0.173475 -0.405304 5.731823 0.082093
31.878046 54.733303 2.155148 4.998616 199.239029 36.568443 0.172166 -0.464580 5.731411 0.082362
32.009037 55.370075 2.373852 5.439565 199.787460 37.079544 0.169587 -0.508226 5.720200 0.082438
32.127048 55.950726 2.555472 5.888572 200.278900 37.541470 0.164876 -0.527404 5.714984 0.082724
32.256062 56.575676 2.743474 6.494292 200.814667 38.047752 0.157668 -0.528286 5.712604 0.078623
32.385075 57.192204 2.909491 7.161501 201.350159 38.553837 0.149189 -0.507491 5.703654 0.080714
32.503086 57.776207 3.054093 7.799270 201.843094 39.019814 0.141579 -0.464505 5.697201 0.080674
32.633099 58.405849 3.201188 8.550317 202.376556 39.523960 0.133591 -0.390280 5.685549 0.080007
32.752110 58.986408 3.323321 9.289733 202.867996 39.987881 0.127747 -0.299902 5.668613 0.078613
32.882122 59.628086 3.422474 10.164317 203.403564 40.492767 0.123784 -0.187863 5.657186 0.080212
33.001133 60.217297 3.484964 10.947702 203.894897 40.951328 0.123353 -0.077769 5.644374 0.079067
33.130146 60.842819 3.528255 11.827203 204.427094 41.445591 0.128090 0.045190 5.621080 0.077927
33.260159 61.470993 3.555780 12.701981 204.964859 41.938156 0.139738 0.163118 5.599954 0.076528
33.378170 62.031075 3.547458 13.500828 205.453552 42.379997 0.155802 0.249333 5.573458 0.075071
33.508183 62.632099 3.501600 14.397995 205.991730 42.861351 0.178461 0.308948 5.540213 0.072597
33.626194 63.154129 3.451382 15.176009 206.480377 43.292797 0.201914 0.335537 5.508873 0.068580
33.756207 63.710831 3.384547 16.040739 207.017639 43.763691 0.231820 0.354936 5.482198 0.066983
33.875217 64.182297 3.327357 16.771313 207.505234 44.186195 0.259094 0.381080 5.455259 0.061171
34.004230 64.684586 3.266246 17.598091 208.044739 44.649570 0.288265 0.425513 5.417268 0.059336
34.134243 65.149948 3.196633 18.388296 208.575745 45.100880 0.315506 0.475325 5.393857 0.054546
34.252254 65.542885 3.127930 19.115244 209.065414 45.512093 0.339652 0.511356 5.362398 0.050742
34.383266 65.946365 3.066072 19.868227 209.599411 45.956192 0.365861 0.522460 5.331696 0.047417
34.501278 66.297935 2.998872 20.499817 210.083954 46.354553 0.388096 0.495189 5.307537 0.045704
34.630291 66.667679 2.924182 21.173941 210.613220 46.784523 0.410486 0.421330 5.271937 0.044103
34.760303 66.986977 2.875713 21.773798 211.145477 47.212906 0.431124 0.311588 5.242755 0.034695
34.878315 67.239166 2.848920 22.291004 211.629913 47.601658 0.448746 0.197584 5.208894 0.031714
35.008327 67.476662 2.817423 22.771557 212.152588 48.019184 0.467045 0.075765 5.168140 0.026867
35.135342 67.665215 2.793169 23.160955 212.668655 48.429165 0.485368 -0.039062 5.135701 0.019480
35.251354 67.794159 2.772298 23.418545 213.130814 48.794502 0.501822 -0.139239 5.109692 0.016267
35.381367 67.901215 2.750772 23.632540 213.649567 49.205185 0.520266 -0.247072 5.077120 0.010680
35.510380 67.967476 2.738250 23.690435 214.165192 49.613277 0.538976 -0.341116 5.047102 0.006211
35.629391 67.994621 2.708892 23.596666 214.630707 49.981960 0.557409 -0.406720 5.020946 0.003630
35.758404 67.997574 2.655651 23.397516 215.134659 50.384743 0.579153 -0.452742 4.987022 0.000338
35.876415 67.968063 2.576144 23.147861 215.591995 50.753311 0.600419 -0.473352 4.971699 -0.003425
36.006428 67.916298 2.476452 22.702288 216.092484 51.159676 0.622186 -0.474756 4.945277 -0.005560
36.135441 67.827400 2.346750 22.146290 216.584137 51.564587 0.642693 -0.456429 4.927715 -0.010064
36.254452 67.723824 2.195828 21.559837 217.033310 51.940292 0.660312 -0.425463 4.914338 -0.012716
36.383465 67.584648 2.010865 20.791815 217.514648 52.351036 0.675850 -0.385365 4.905794 -0.017419
36.501476 67.415337 1.806887 19.928724 217.952072 52.730236 0.685741 -0.348062 4.902738 -0.023728
36.631489 67.182106 1.533599 18.883905 218.428421 53.153500 0.691587 -0.303915 4.898918 -0.030038
36.761501 66.895729 1.226698 17.717312 218.897980 53.584263 0.692385 -0.245308 4.902926 -0.037848
36.879513 66.594368 0.913286 16.537170 219.318283 53.982723 0.688266 -0.168477 4.910117 -0.043886
37.007526 66.226814 0.552785 15.077380 219.770844 54.426331 0.679981 -0.060244 4.911631 -0.049431
37.126537 65.851692 0.222405 13.571528 220.177902 54.839874 0.667801 0.049743 4.920151 -0.057053
37.255550 65.398399 -0.155323 11.756068 220.619263 55.304203 0.651059 0.164789 4.928413 -0.063577
37.384563 64.914116 -0.532949 9.836535 221.044098 55.771687 0.630992 0.257553 4.942431 -0.070587
37.511578 64.395599 -0.911505 7.781683 221.456680 56.246502 0.607673 0.324157 4.967437 -0.077463
37.629589 63.888184 -1.269511 5.762045 221.831863 56.698685 0.584663 0.367708 4.984959 -0.083419
37.759602 63.288471 -1.666217 3.468036 222.235107 57.209370 0.557736 0.401391 5.021766 -0.091761
37.876614 62.711922 -2.025851 1.326845 222.592239 57.684498 0.531905 0.422641 5.050026 -0.098208
38.003628 62.062584 -2.415812 -0.981226 222.965393 58.202972 0.502065 0.430564 5.083156 -0.105943
38.132641 61.361614 -2.842212 -3.388227 223.337158 58.746983 0.468755 0.413024 5.125282 -0.113037
38.259655 60.639751 -3.285374 -5.717701 223.692337 59.295517 0.434690 0.365835 5.160687 -0.118262
38.375668 59.954887 -3.692590 -7.784445 224.006012 59.807877 0.403102 0.301749 5.193937 -0.123402
38.504681 59.193752 -4.140204 -10.019148 224.344299 60.388916 0.367430 0.221092 5.224183 -0.122939
38.633694 58.440998 -4.531592 -12.105792 224.673874 60.984669 0.331159 0.142981 5.248093 -0.121578
38.751705 57.778812 -4.811046 -13.778788 224.960526 61.529095 0.300084 0.080058 5.262234 -0.117917
38.880718 57.077106 -5.024157 -15.363940 225.265930 62.136047 0.270257 0.018448 5.269048 -0.111198
39.009731 56.404785 -5.106260 -16.594324 225.560989 62.749054 0.244728 -0.037562 5.269887 -0.100753
39.125744 55.846245 -5.025068 -17.425026 225.821030 63.306751 0.227248 -0.084767 5.251530 -0.089458
39.253757 55.298302 -4.789107 -17.983757 226.099014 63.916931 0.212592 -0.129162 5.228634 -0.074436
39.380772 54.848473 -4.391888 -18.047813 226.368698 64.520081 0.201264 -0.160049 5.183555 -0.054739
39.508785 54.493954 -3.837044 -17.702230 226.634201 65.119057 0.192970 -0.174176 5.141105 -0.038064
39.626797 54.268513 -3.217087 -17.004366 226.877899 65.670578 0.186005 -0.174790 5.085339 -0.018905
39.756809 54.141819 -2.433332 -15.875541 227.145630 66.270401 0.177306 -0.170496 5.024618 -0.002119
39.886822 54.145119 -1.573742 -14.424576 227.414490 66.860497 0.167000 -0.167083 4.960784 0.015747
40.004833 54.273251 -0.761206 -12.869125 227.660782 67.388748 0.156910 -0.166409 4.921777 0.028969
40.133846 54.541759 0.109277 -10.937247 227.934952 67.957077 0.145071 -0.162941 4.879471 0.042655
40.251858 54.896191 0.860962 -8.998022 228.191116 68.471123 0.130692 -0.156691 4.859741 0.054826
40.381870 55.393970 1.630470 -6.723478 228.481247 69.031464 0.112109 -0.149009 4.851581 0.064129
40.510883 55.993332 2.293484 -4.304649 228.776840 69.583412 0.093382 -0.143814 4.857308 0.073661
40.628895 56.636478 2.783038 -1.988086 229.055527 70.085876 0.076297 -0.141061 4.880331 0.083898
40.757908 57.432945 3.171066 0.591436 229.371582 70.639458 0.060919 -0.139288 4.920038 0.092810
40.875919 58.220867 3.386292 2.917698 229.665100 71.138527 0.051885 -0.139290 4.970402 0.102107
41.005932 59.179695 3.491972 5.510310 230.002563 71.695137 0.048877 -0.140029 5.041822 0.112683
41.135944 60.205673 3.462708 8.013607 230.353027 72.254616 0.053936 -0.138257 5.116600 0.121835
41.253956 61.183666 3.343403 10.129987 230.682938 72.765991 0.067723 -0.127758 5.186308 0.128994
41.383968 62.300907 3.127804 12.268962 231.057800 73.334579 0.091275 -0.103607 5.271963 0.136510
41.501980 63.346249 2.879052 13.989407 231.406891 73.856087 0.119207 -0.073779 5.350401 0.143978
41.631992 64.522972 2.584588 15.601115 231.802460 74.435745 0.155723 -0.039681 5.431429 0.150017
41.751003 65.615738 2.316576 16.793999 232.173828 74.970757 0.192683 -0.010081 5.500989 0.154499
41.881016 66.823494 2.047760 17.861040 232.587296 75.559906 0.235167 0.023680 5.560516 0.157047
42.011028 68.017685 1.839589 18.665588 233.006042 76.153557 0.276167 0.065334 5.606925 0.156884
42.129040 69.090683 1.731495 19.144037 233.391129 76.694633 0.309679 0.111072 5.638886 0.156643
42.258053 70.250687 1.715107 19.369776 233.816437 77.286674 0.340045 0.164370 5.655907 0.155467
42.376064 71.297028 1.786228 19.416895 234.206833 77.828735 0.359854 0.207350 5.663785 0.153672
42.506077 72.407120 1.969807 19.341759 234.637039 78.425194 0.370157 0.238630 5.649301 0.146223
42.636089 73.466148 2.251096 19.223976 235.065277 79.018791 0.369143 0.249180 5.615415 0.139081
42.754101 74.371376 2.562185 19.073893 235.451462 79.554688 0.357797 0.244423 5.583308 0.131916
42.881115 75.290634 2.939340 18.877979 235.868164 80.131340 0.336618 0.232344 5.543160 0.123007
43.009129 76.141670 3.352484 18.647655 236.279129 80.698219 0.310587 0.222740 5.491921 0.114578
43.136143 76.918846 3.785042 18.427532 236.689377 81.263382 0.282853 0.219554 5.433622 0.104027
43.253155 77.577728 4.162140 18.296946 237.060883 81.774536 0.260289 0.219247 5.379939 0.096563
43.383167 78.243149 4.502291 18.225613 237.467438 82.332085 0.242419 0.214188 5.332351 0.086457
43.512180 78.834358 4.767040 18.154156 237.872009 82.882469 0.232479 0.196022 5.276934 0.076880
43.630192 79.318550 4.918929 18.138248 238.240265 83.380951 0.232188 0.163619 5.236768 0.068385
43.759205 79.782249 4.974993 18.106253 238.642227 83.920387 0.243515 0.111445 5.194313 0.058076
43.876217 80.138550 4.931111 18.119690 239.007019 84.404198 0.264512 0.053650 5.162285 0.048539
44.005230 80.473061 4.781754 18.220957 239.408981 84.932434 0.296557 -0.014983 5.134896 0.039955
44.135242 80.746162 4.533534 18.404005 239.814224 85.460136 0.335910 -0.081335 5.111292 0.031952
44.253254 80.949745 4.235521 18.626080 240.181885 85.936462 0.376426 -0.135239 5.093602 0.025163
44.382267 81.130211 3.845350 18.812662 240.585709 86.453758 0.423279 -0.184377 5.079327 0.019933
44.512280 81.253937 3.403832 19.004837 240.993057 86.971710 0.469748 -0.222540 5.063372 0.011001
44.629292 81.301941 2.988340 19.145813 241.361038 87.435417 0.509796 -0.246579 5.059064 0.002623
44.757305 81.305389 2.521987 19.272383 241.763412 87.940842 0.549711 -0.259145 5.037084 -0.003463
44.885319 81.251259 2.065091 19.400377 242.164932 88.444603 0.584208 -0.258472 5.024008 -0.011547
45.012333 81.149017 1.619168 19.526894 242.562500 88.943375 0.612941 -0.250687 5.022824 -0.016674
45.128345 81.010826 1.237669 19.574282 242.925446 89.398178 0.631999 -0.244303 5.006493 -0.024960
45.257359 80.800575 0.842199 19.562340 243.330414 89.907379 0.646669 -0.242104 5.004246 -0.031104
45.385372 80.548096 0.508325 19.472773 243.726685 90.409164 0.656400 -0.244144 4.988094 -0.037066
45.512386 80.253426 0.219204 19.320244 244.113602 90.903542 0.663107 -0.245306 4.977284 -0.042413
45.630398 79.933617 0.018189 19.059010 244.471939 91.366920 0.668335 -0.241070 4.954152 -0.050231
45.759411 79.535591 -0.128587 18.588192 244.857681 91.874413 0.672376 -0.226839 4.929710 -0.056344
45.876423 79.132317 -0.198197 18.072611 245.202057 92.335304 0.676266 -0.198526 4.910309 -0.063515
46.005436 78.639282 -0.222097 17.307230 245.575684 92.844856 0.681197 -0.140238 4.889925 -0.070012
46.135448 78.089256 -0.217116 16.400955 245.944229 93.360443 0.686486 -0.047028 4.866765 -0.076265
46.252460 77.565178 -0.200051 15.435869 246.268829 93.827202 0.692060 0.057725 4.856584 -0.080744
46.381474 76.943779 -0.189113 14.140593 246.619293 94.345833 0.697553 0.171858 4.846587 -0.087147
46.510487 76.276138 -0.216095 12.702753 246.958435 94.869751 0.700962 0.259388 4.831909 -0.093434
46.628498 75.630714 -0.284429 11.272642 247.259735 95.354179 0.700522 0.306578 4.836302 -0.097442
46.758511 74.882294 -0.419479 9.533022 247.584076 95.898872 0.695332 0.329875 4.838757 -0.104171
46.887524 74.113152 -0.634524 7.697908 247.887848 96.440186 0.683518 0.339205 4.855274 -0.109534
47.005535 73.383148 -0.916846 5.929868 248.155472 96.948608 0.665983 0.345286 4.879801 -0.113348
47.135548 72.556503 -1.333058 3.832564 248.435333 97.520035 0.637584 0.349770 4.904414 -0.118695
47.253559 71.795967 -1.807772 1.839841 248.675858 98.049232 0.602620 0.346139 4.940718 -0.122099
47.382572 70.954193 -2.402235 -0.468502 248.927002 98.643303 0.555185 0.324925 4.978936 -0.125507
47.510586 70.126770 -3.058072 -2.871142 249.158875 99.240089 0.500445 0.282078 5.017905 -0.130214
47.626598 69.395592 -3.679824 -5.108404 249.353760 99.785591 0.444736 0.227993 5.051386 -0.130844
47.756611 68.610374 -4.372934 -7.627571 249.558304 100.412086 0.376884 0.157049 5.085554 -0.128138
47.886623 67.874382 -4.983106 -9.996219 249.747513 101.047958 0.310059 0.078965 5.119818 -0.121262
48.004635 67.276733 -5.402980 -11.941514 249.906967 101.632141 0.255075 0.000271 5.138413 -0.108692
48.134647 66.727005 -5.648206 -13.747917 250.071609 102.280914 0.205652 -0.098036 5.152775 -0.088624
48.252659 66.341309 -5.616181 -15.074841 250.214874 102.872513 0.172737 -0.191763 5.158045 -0.067830
48.381672 66.048645 -5.262712 -16.074764 250.368057 103.518753 0.148800 -0.285356 5.138180 -0.040947
48.511684 65.903755 -4.571117 -16.572762 250.522369 104.166992 0.133929 -0.355376 5.111332 -0.014207
48.629696 65.905273 -3.687291 -16.594389 250.664810 104.751083 0.125221 -0.391135 5.083774 0.009306
48.759708 66.042114 -2.504915 -16.236185 250.826935 105.392860 0.116466 -0.398903 5.026778 0.029817
48.878719 66.283112 -1.322908 -15.503245 250.976837 105.964340 0.107085 -0.378829 4.987052 0.045521
49.008732 66.664192 0.017685 -14.284599 251.147430 106.586731 0.092533 -0.331716 4.948823 0.057518
49.126743 67.101929 1.232111 -12.876999 251.308746 107.146324 0.072648 -0.271771 4.925291 0.066242
49.256756 67.677811 2.490869 -11.098562 251.493576 107.758957 0.042824 -0.194520 4.924170 0.073068
49.386768 68.355553 3.605164 -9.016542 251.685745 108.370216 0.006244 -0.107462 4.934620 0.078976
49.504780 69.032494 4.435177 -6.900611 251.866776 108.920082 -0.029694 -0.020437 4.957028 0.079243
49.634792 69.848801 5.136557 -4.353873 252.079559 109.536972 -0.069836 0.079738 4.994269 0.080226
49.753803 70.625717 5.543256 -1.930116 252.282806 110.099144 -0.102702 0.160186 5.044151 0.080692
49.883816 71.483040 5.734664 0.783676 252.515991 110.717331 -0.129656 0.219863 5.108803 0.077479
50.002827 72.246353 5.654695 3.285016 252.739365 111.288048 -0.139668 0.242548 5.180869 0.072550
50.132839 73.036301 5.312043 6.005708 252.997375 111.922661 -0.131440 0.235722 5.268033 0.070211
50.251850 73.692383 4.792987 8.314209 253.241577 112.500710 -0.104818 0.208703 5.350524 0.065160
50.382862 74.341339 4.047384 10.692404 253.523590 113.149101 -0.055616 0.163229 5.432546 0.059730
50.511875 74.903893 3.206569 12.791168 253.813461 113.793922 0.011355 0.109814 5.514594 0.056545
50.629887 75.353081 2.384107 14.453652 254.090149 114.388168 0.087498 0.063088 5.583735 0.052723
50.758900 75.763229 1.484882 16.023787 254.405762 115.047134 0.184764 0.029442 5.647881 0.044406
50.876911 76.067238 0.716784 17.177849 254.697021 115.643700 0.280476 0.025642 5.695529 0.039748
51.006924 76.334282 -0.034690 18.091911 255.028549 116.310135 0.389199 0.053689 5.744592 0.031907
51.136936 76.536255 -0.642295 18.656286 255.367004 116.979477 0.494475 0.102224 5.791463 0.023491
51.254948 76.666382 -1.063205 18.849361 255.679703 117.590424 0.580954 0.141102 5.837426 0.016717
51.384960 76.746704 -1.362392 18.679295 256.030029 118.268272 0.659984 0.153240 5.889441 0.006882
51.502972 76.764946 -1.473995 18.240034 256.350677 118.888161 0.713858 0.129210 5.929734 -0.001809
51.632984 76.729294 -1.436165 17.514240 256.705811 119.574829 0.754115 0.076207 5.963423 -0.010334
51.761997 76.637070 -1.238680 16.545805 257.062714 120.265251 0.773173 0.017917 5.990644 -0.018547
51.880009 76.506523 -0.937937 15.502759 257.385010 120.889725 0.772431 -0.027926 6.011577 -0.025696
52.008022 76.313446 -0.497565 14.186916 257.738831 121.579903 0.754386 -0.071978 6.014682 -0.030783
52.136036 76.083626 -0.003241 12.717025 258.086853 122.265732 0.721043 -0.116749 5.997037 -0.033871
52.253048 75.842827 0.474448 11.318340 258.396729 122.887566 0.681490 -0.158556 5.983043 -0.036944
52.381062 75.524651 1.001262 9.652960 258.736084 123.579292 0.632173 -0.200431 5.966416 -0.042037
52.510075 75.161972 1.464944 7.927014 259.066254 124.266167 0.582923 -0.228727 5.945108 -0.046688
52.637089 74.745201 1.846196 6.160016 259.387573 124.954811 0.537251 -0.236158 5.930618 -0.052392
52.754101 74.317543 2.100353 4.461909 259.673584 125.586243 0.499674 -0.222183 5.922815 -0.056827
52.884113 73.804863 2.233282 2.437640 259.980499 126.286110 0.466467 -0.183015 5.919496 -0.059090
53.002125 73.307320 2.227484 0.579496 260.252319 126.930748 0.444562 -0.131942 5.936387 -0.064983
53.131138 72.730675 2.074381 -1.448684 260.541077 127.647758 0.428937 -0.072259 5.956925 -0.068783
53.261150 72.141617 1.765145 -3.527220 260.819031 128.372757 0.419991 -0.022697 5.983784 -0.069972
53.380161 71.606956 1.359127 -5.392290 261.061249 129.038925 0.414340 0.007261 6.026384 -0.072524
53.510174 71.037437 0.790790 -7.342170 261.317078 129.783905 0.409062 0.022067 6.082212 -0.071305
53.628185 70.540375 0.190541 -9.020581 261.540161 130.469742 0.404119 0.018125 6.136367 -0.069924
53.758198 70.034195 -0.517776 -10.713550 261.780518 131.241806 0.397513 -0.003599 6.202322 -0.066832
53.877209 69.620399 -1.160072 -12.025247 261.991119 131.946350 0.388489 -0.031307 6.256060 -0.061063
54.007221 69.230553 -1.827229 -13.219216 262.218140 132.731339 0.376308 -0.055076 6.308754 -0.053192
54.136234 68.900604 -2.409263 -14.100281 262.441071 133.517166 0.362628 -0.056142 6.347653 -0.045406
54.252247 68.657646 -2.798289 -14.594165 262.641205 134.227982 0.349466 -0.034659 6.379136 -0.036225
54.381260 68.445549 -3.054043 -14.754517 262.867218 135.027420 0.335211 0.007668 6.395017 -0.025246
54.512272 68.290962 -3.077576 -14.478002 263.096069 135.826965 0.321026 0.061199 6.396803 -0.013882
54.629284 68.212166 -2.907459 -13.902639 263.306824 136.550903 0.310767 0.115747 6.386113 -0.003299
54.757298 68.190727 -2.536986 -12.936124 263.539124 137.325333 0.304124 0.179531 6.346999 0.008831
54.888309 68.243484 -1.983609 -11.602382 263.786469 138.115387 0.301921 0.245512 6.291082 0.018119
55.006321 68.344994 -1.378452 -10.104424 264.015503 138.824356 0.302800 0.297730 6.236535 0.023401
55.137333 68.500397 -0.655706 -8.268248 264.273346 139.589066 0.306863 0.334903 6.182425 0.025499
55.254345 68.659531 -0.002479 -6.476297 264.512421 140.268509 0.312760 0.343396 6.138393 0.025880
55.382359 68.869194 0.685303 -4.405825 264.781677 141.003220 0.320671 0.323251 6.094866 0.025627
55.512371 69.092392 1.290936 -2.276898 265.064087 141.740860 0.332486 0.274943 6.061380 0.023822
55.630383 69.298080 1.741230 -0.380965 265.326904 142.404129 0.345785 0.213563 6.038512 0.021310
55.760395 69.509575 2.082213 1.641490 265.622833 143.131073 0.362692 0.133427 6.035118 0.017541
55.887409 69.693275 2.239880 3.572235 265.915924 143.839920 0.382050 0.048510 6.038509 0.012207
56.005421 69.826553 2.206565 5.296685 266.191162 144.498001 0.400224 -0.029107 6.049770 0.007926
56.134434 69.923759 1.984239 7.087251 266.498291 145.223923 0.420034 -0.102055 6.074541 0.001680
56.252445 69.967056 1.646730 8.627118 266.775055 145.880356 0.435544 -0.150415 6.102397 -0.003862
56.382458 69.944939 1.144526 10.172820 267.083649 146.613922 0.449602 -0.186108 6.139160 -0.010483
56.511471 69.866096 0.530086 11.443260 267.391937 147.354004 0.460292 -0.210419 6.188299 -0.015074
56.629482 69.747749 -0.085508 12.297173 267.668457 148.026459 0.465123 -0.226383 6.234257 -0.020903
56.758495 69.562859 -0.791886 12.861852 267.971863 148.774948 0.463096 -0.234055 6.283772 -0.028682
56.886509 69.310394 -1.490262 13.066659 268.272308 149.531342 0.453258 -0.231213 6.330358 -0.037417
57.002522 69.043495 -2.086547 12.945677 268.534943 150.212708 0.437669 -0.229223 6.364832 -0.043341
57.132534 68.695831 -2.694284 12.420342 268.823517 150.990646 0.412133 -0.240414 6.395768 -0.053926
57.260548 68.306900 -3.195175 11.488567 269.099182 151.762924 0.378365 -0.267236 6.414840 -0.064617
57.388561 67.873749 -3.575668 10.127721 269.364594 152.540619 0.335140 -0.293641 6.420352 -0.074463
57.505573 67.451958 -3.804044 8.563721 269.598358 153.261276 0.288530 -0.299697 6.420169 -0.079585
57.634586 66.979187 -3.912724 6.481612 269.840424 154.044998 0.230706 -0.277799 6.399941 -0.085261
57.763599 66.494812 -3.886037 4.109153 270.070068 154.835861 0.164999 -0.232709 6.370669 -0.087108
57.880611 66.065277 -3.748602 1.692047 270.267670 155.558792 0.099577 -0.181083 6.335633 -0.086500
58.009624 65.610611 -3.488204 -1.066670 270.470154 156.339645 0.026841 -0.119697 6.276840 -0.083280
58.127636 65.228180 -3.138576 -3.596972 270.646362 157.055588 -0.039764 -0.055881 6.219543 -0.073371
58.256649 64.872726 -2.611812 -6.236168 270.829712 157.838303 -0.109108 0.024446 6.153948 -0.057227
58.385662 64.606781 -1.941105 -8.551006 271.003326 158.601471 -0.167647 0.110002 6.083920 -0.042244
58.502674 64.453217 -1.189344 -10.361965 271.160553 159.295975 -0.210079 0.183611 6.000583 -0.021764
58.629688 64.410057 -0.262052 -11.922981 271.331848 160.030472 -0.238858 0.243994 5.900023 0.001953
58.759701 64.506882 0.767907 -12.957805 271.510071 160.762558 -0.249047 0.277732 5.802247 0.022944
58.877712 64.724075 1.754304 -13.432093 271.682098 161.419357 -0.241629 0.289423 5.716016 0.042305
59.007725 65.110603 2.853909 -13.557382 271.886749 162.126556 -0.214098 0.293974 5.620616 0.059380
59.136738 65.632744 3.895140 -13.171426 272.106293 162.811417 -0.168544 0.302915 5.545506 0.072598
59.254749 66.213303 4.756268 -12.484186 272.325073 163.423843 -0.111461 0.317705 5.490887 0.080287
59.380764 66.908318 5.556837 -11.347051 272.579987 164.070160 -0.035709 0.334443 5.457015 0.083093
59.508778 67.685669 6.189151 -9.822812 272.860077 164.708984 0.050895 0.341392 5.449463 0.086435
59.627789 68.455444 6.588034 -8.077610 273.139038 165.289154 0.139391 0.328291 5.464662 0.084447
59.758801 69.336685 6.802734 -5.830442 273.472137 165.925156 0.242651 0.282037 5.495885 0.080201
59.886814 70.209595 6.781063 -3.359905 273.821075 166.540558 0.342678 0.203778 5.552600 0.076903
60.004826 70.991417 6.549092 -0.894181 274.163635 167.105316 0.431347 0.114298 5.624455 0.070735
