1.20 1.10 20 64
0.138000 -0.002893 0.137048 -0.138373 1.006390 0.000545 -0.131807 0.361938 6.716495 -0.000809
0.255000 -0.025661 0.500773 -0.326774 1.783167 0.001397 -0.066308 0.398818 6.672509 -0.005476
0.389000 -0.066636 1.139935 -0.480990 2.664670 0.003925 0.057604 0.408403 6.590552 -0.005132
0.505000 -0.107834 1.843650 -0.650058 3.428807 0.007336 0.191735 0.404585 6.493696 -0.006584
0.639000 -0.169240 2.714956 -0.876599 4.283391 0.011632 0.351283 0.401547 6.377472 -0.007806
0.756000 -0.229161 3.480883 -1.094188 5.025341 0.015580 0.480778 0.400700 6.325386 -0.006757
0.889000 -0.284666 4.308510 -1.339592 5.864441 0.020343 0.600905 0.390755 6.303403 -0.004686
1.006000 -0.334965 4.976089 -1.532453 6.600908 0.023609 0.673396 0.362414 6.257011 -0.004987
1.139000 -0.385805 5.686903 -1.731390 7.425244 0.027775 0.714902 0.297313 6.085416 -0.004167
1.256000 -0.431825 6.223757 -1.921363 8.121541 0.031986 0.714083 0.209672 5.950886 -0.004466
1.389000 -0.486678 6.728970 -2.096698 8.908284 0.036398 0.673356 0.077612 5.820773 -0.005023
1.506000 -0.533300 7.054127 -2.220487 9.575386 0.041061 0.608823 -0.049444 5.703498 -0.005562
1.639999 -0.599973 7.254371 -2.305864 10.329782 0.045547 0.509074 -0.185935 5.579332 -0.007453
1.755999 -0.650902 7.251890 -2.365563 10.974277 0.050184 0.405755 -0.279475 5.467923 -0.006098
1.889999 -0.710483 7.045254 -2.482212 11.692403 0.053441 0.283228 -0.353989 5.356011 -0.006841
2.006999 -0.772429 6.649129 -2.519491 12.326967 0.055905 0.180911 -0.402421 5.465607 -0.008038
2.139999 -0.851268 5.986313 -2.541861 13.063163 0.057702 0.082262 -0.450952 5.583651 -0.010568
2.256999 -0.929069 5.258242 -2.546351 13.724448 0.058660 0.019658 -0.488463 5.696805 -0.011657
2.389999 -1.038009 4.343386 -2.444524 14.491334 0.061197 -0.017645 -0.515386 5.812989 -0.016461
2.506999 -1.141156 3.499613 -2.311129 15.179648 0.064351 -0.013765 -0.518188 5.922884 -0.016638
2.639998 -1.260376 2.548873 -2.220824 15.981777 0.066396 0.029029 -0.496945 6.032741 -0.014872
2.756998 -1.353928 1.793692 -2.202631 16.686714 0.066372 0.096756 -0.460166 6.107927 -0.014400
2.889998 -1.464110 1.053479 -2.196307 17.511175 0.063355 0.199796 -0.395817 6.184637 -0.014597
3.006998 -1.569563 0.534377 -2.222582 18.238884 0.061031 0.300556 -0.317365 6.243196 -0.016351
3.140998 -1.685783 0.100200 -2.239572 19.074284 0.058840 0.415792 -0.202416 6.309803 -0.015425
3.256998 -1.789698 -0.133943 -2.167313 19.816629 0.059116 0.508191 -0.083625 6.370809 -0.015055
3.390998 -1.912412 -0.230753 -2.045421 20.670496 0.060374 0.593287 0.062262 6.458630 -0.015526
3.507998 -2.016440 -0.181556 -1.938227 21.431286 0.060492 0.644060 0.192900 6.534110 -0.015278
3.640997 -2.126454 0.003050 -1.764923 22.307663 0.060026 0.666442 0.337258 6.631596 -0.012454
3.757997 -2.209301 0.290492 -1.558366 23.088020 0.058230 0.654564 0.455359 6.692914 -0.013355
3.890997 -2.307546 0.717251 -1.281858 23.989836 0.055044 0.605965 0.571930 6.755726 -0.013569
4.007997 -2.405025 1.155573 -1.056604 24.775740 0.050983 0.537580 0.646098 6.789133 -0.016332
4.140997 -2.518787 1.710428 -0.788899 25.687586 0.046832 0.435926 0.684755 6.814200 -0.016226
4.257998 -2.624095 2.204883 -0.573978 26.484659 0.043131 0.336156 0.666107 6.808854 -0.016885
4.391999 -2.750957 2.749547 -0.389854 27.387484 0.038766 0.220999 0.584955 6.776501 -0.016638
4.507999 -2.855684 3.190601 -0.276336 28.171537 0.032151 0.129142 0.475897 6.747531 -0.015899
4.642000 -2.963518 3.591686 -0.092218 29.070923 0.023217 0.043299 0.332846 6.687027 -0.015426
4.759000 -3.072353 3.849993 0.044666 29.851425 0.013694 -0.008349 0.214254 6.655051 -0.018502
4.892001 -3.211812 4.044405 0.158465 30.733755 0.002115 -0.036067 0.100026 6.621965 -0.021643
5.009001 -3.348502 4.118351 0.194566 31.507122 -0.011735 -0.031323 0.018968 6.603257 -0.020426
5.142002 -3.501588 4.114523 0.269017 32.383156 -0.028131 0.002363 -0.056206 6.572938 -0.021415
5.259002 -3.641270 4.020295 0.299562 33.149891 -0.043853 0.054684 -0.112815 6.543745 -0.020750
5.376003 -3.784849 3.847348 0.324925 33.913246 -0.061029 0.120068 -0.164025 6.520865 -0.022038
5.509003 -3.954890 3.562136 0.321795 34.779057 -0.082306 0.199588 -0.216621 6.510418 -0.022515
5.626004 -4.116759 3.261379 0.316281 35.541687 -0.101341 0.267657 -0.257412 6.531131 -0.025824
5.759004 -4.319837 2.872814 0.340089 36.418274 -0.123905 0.337551 -0.299839 6.555451 -0.027883
5.876005 -4.504934 2.503401 0.313185 37.180923 -0.142790 0.385199 -0.336857 6.595748 -0.027619
6.010005 -4.717128 2.067514 0.265214 38.068489 -0.165818 0.419589 -0.382728 6.648299 -0.027317
6.126006 -4.900113 1.686170 0.218483 38.850571 -0.188468 0.429016 -0.420903 6.713120 -0.026510
6.260006 -5.105308 1.284410 0.149384 39.748661 -0.213735 0.415299 -0.449910 6.782683 -0.025855
6.376007 -5.271282 0.987566 0.098324 40.545582 -0.236599 0.384670 -0.453738 6.828842 -0.023951
6.510007 -5.454602 0.727695 0.012195 41.456764 -0.263836 0.333668 -0.430793 6.865445 -0.024463
6.627008 -5.616732 0.574160 -0.135729 42.260586 -0.288398 0.279763 -0.389277 6.870638 -0.023025
6.760008 -5.792581 0.503555 -0.299968 43.174168 -0.317199 0.216436 -0.320299 6.871610 -0.023529
6.877009 -5.949914 0.554643 -0.436399 43.977428 -0.342407 0.165039 -0.240284 6.862797 -0.023214
7.010009 -6.117572 0.727439 -0.635451 44.893543 -0.372690 0.116832 -0.127509 6.822564 -0.020237
7.127010 -6.254175 0.957709 -0.832135 45.682205 -0.401627 0.089507 -0.017407 6.786387 -0.019817
7.260010 -6.424018 1.326675 -1.099450 46.587719 -0.435994 0.076621 0.110736 6.739337 -0.019973
7.377011 -6.565417 1.711178 -1.347327 47.371922 -0.466965 0.082742 0.209752 6.685883 -0.019544
7.511012 -6.711253 2.177196 -1.592719 48.254070 -0.501647 0.106087 0.292770 6.601534 -0.016253
7.627012 -6.821306 2.572410 -1.690377 49.021126 -0.531349 0.136317 0.331652 6.534965 -0.015277
7.761013 -6.960887 2.984719 -1.744141 49.884712 -0.564179 0.177557 0.335712 6.469660 -0.018448
7.878013 -7.086083 3.295220 -1.752741 50.638317 -0.593506 0.216728 0.310223 6.425482 -0.018964
8.011014 -7.250039 3.559134 -1.746488 51.494743 -0.629709 0.256301 0.261475 6.382115 -0.023116
8.128015 -7.400228 3.692764 -1.738581 52.232910 -0.661892 0.283780 0.215428 6.363336 -0.022873
8.261015 -7.568332 3.720358 -1.731852 53.084873 -0.699860 0.304832 0.171696 6.366939 -0.021733
8.378016 -7.712557 3.624813 -1.685056 53.823914 -0.734944 0.312458 0.149264 6.385351 -0.021663
8.511016 -7.858964 3.386019 -1.671331 54.681046 -0.777338 0.308148 0.141504 6.421232 -0.017981
8.628016 -7.980961 3.068704 -1.641442 55.433163 -0.815327 0.294303 0.143454 6.448104 -0.018101
8.762017 -8.108859 2.610869 -1.579209 56.293003 -0.859219 0.266880 0.142294 6.487873 -0.016335
8.878017 -8.214317 2.141143 -1.545732 57.053841 -0.899982 0.237000 0.129697 6.524718 -0.014915
9.012018 -8.324166 1.581395 -1.510922 57.924122 -0.948795 0.198338 0.101013 6.577205 -0.014575
9.129019 -8.422360 1.098589 -1.471229 58.695354 -0.993714 0.165942 0.069867 6.617360 -0.015165
9.262019 -8.524983 0.612805 -1.455909 59.577385 -1.048251 0.138659 0.038360 6.662131 -0.014795
9.379020 -8.619642 0.277438 -1.525674 60.356064 -1.097907 0.124786 0.018373 6.673596 -0.013953
9.512020 -8.721225 0.013635 -1.594230 61.248516 -1.155926 0.121768 0.000601 6.675136 -0.013380
9.629021 -8.810262 -0.113402 -1.634982 62.021767 -1.207446 0.130244 -0.016418 6.682002 -0.012920
9.762021 -8.908759 -0.135036 -1.643443 62.913322 -1.266764 0.153482 -0.040234 6.648013 -0.013458
9.879022 -9.000680 -0.043277 -1.713837 63.681454 -1.318889 0.183590 -0.059986 6.624562 -0.013882
10.013022 -9.105725 0.153440 -1.711894 64.563866 -1.378346 0.223270 -0.075911 6.583916 -0.013273
10.129023 -9.181936 0.382016 -1.652653 65.330429 -1.430834 0.256543 -0.085980 6.554589 -0.010634
10.263023 -9.265023 0.699937 -1.645404 66.196480 -1.492282 0.286978 -0.102829 6.507276 -0.009969
10.380024 -9.335090 0.985025 -1.665437 66.954353 -1.548429 0.305782 -0.126311 6.485367 -0.010008
10.513024 -9.403659 1.300744 -1.752726 67.812347 -1.614156 0.313781 -0.154171 6.461431 -0.008674
10.630025 -9.453391 1.543448 -1.833609 68.565598 -1.673927 0.309524 -0.166701 6.459571 -0.006126
10.763025 -9.496522 1.764537 -1.945199 69.427696 -1.744173 0.292701 -0.160247 6.453800 -0.004888
10.880026 -9.526712 1.899439 -2.072464 70.173431 -1.807432 0.268556 -0.142882 6.448209 -0.002975
11.013026 -9.566413 1.979326 -2.288648 71.033867 -1.883195 0.236584 -0.120884 6.442436 -0.004007
11.130027 -9.607678 1.980372 -2.505122 71.784821 -1.949664 0.207127 -0.102762 6.447320 -0.005448
11.264028 -9.653576 1.917046 -2.765774 72.639763 -2.026580 0.174541 -0.077738 6.453311 -0.005120
11.380028 -9.701565 1.804713 -2.977035 73.392799 -2.094517 0.150778 -0.048526 6.468956 -0.007021
11.514029 -9.762029 1.641844 -3.192509 74.250160 -2.173008 0.131866 -0.013093 6.480002 -0.007279
11.631029 -9.803976 1.455916 -3.249758 75.006050 -2.242868 0.122237 0.010273 6.493781 -0.005274
11.764030 -9.840442 1.230660 -3.267594 75.866264 -2.325008 0.123275 0.021055 6.501064 -0.003773
11.881030 -9.873771 1.029414 -3.240270 76.624550 -2.398714 0.135592 0.019208 6.518541 -0.006236
12.014030 -9.919693 0.827656 -3.186789 77.489731 -2.482671 0.159851 0.013523 6.542454 -0.005519
12.131031 -9.972878 0.702943 -3.118126 78.251846 -2.557755 0.188924 0.012369 6.544930 -0.008815
12.264031 -10.045012 0.591712 -3.002520 79.125450 -2.646469 0.225721 0.017698 6.561116 -0.009200
12.381032 -10.115018 0.553216 -2.865653 79.890175 -2.725283 0.256723 0.025285 6.578104 -0.011041
12.515033 -10.202106 0.575348 -2.611531 80.760941 -2.815040 0.286810 0.033322 6.584528 -0.012174
12.631033 -10.283453 0.664942 -2.421298 81.527824 -2.896131 0.306589 0.039493 6.594976 -0.012014
12.765034 -10.357821 0.801339 -2.244236 82.400841 -2.988717 0.319081 0.047071 6.606379 -0.009098
12.882034 -10.419249 0.931010 -2.076739 83.169792 -3.071281 0.318521 0.052981 6.611846 -0.009494
13.015035 -10.493904 1.095312 -1.862662 84.044876 -3.167112 0.307257 0.051899 6.624611 -0.011593
13.132035 -10.564100 1.264436 -1.604165 84.815598 -3.252705 0.288050 0.038952 6.633421 -0.011191
13.265036 -10.637394 1.460317 -1.301284 85.691833 -3.351873 0.261001 0.014969 6.626093 -0.010680
13.382036 -10.701100 1.635884 -1.039091 86.461777 -3.440297 0.233928 -0.001521 6.628402 -0.011657
13.515037 -10.778720 1.822507 -0.707162 87.342682 -3.541060 0.201933 -0.001681 6.610919 -0.010014
13.632037 -10.842553 1.976413 -0.507783 88.102737 -3.631929 0.177617 0.012636 6.591115 -0.011043
13.766038 -10.912899 2.122830 -0.235354 88.977867 -3.738045 0.156722 0.030106 6.568939 -0.010129
13.882038 -10.978358 2.224092 -0.026108 89.739761 -3.831106 0.145941 0.034021 6.553667 -0.010273
14.016039 -11.044790 2.317200 0.155057 90.603477 -3.937466 0.141987 0.025436 6.534210 -0.010174
14.132039 -11.097849 2.366171 0.223363 91.360352 -4.031336 0.145975 0.016800 6.510506 -0.007987
14.266040 -11.170598 2.375733 0.236299 92.218887 -4.139180 0.159407 0.018649 6.502492 -0.010436
14.383040 -11.238884 2.347448 0.220241 92.973785 -4.234617 0.178162 0.034609 6.505176 -0.011131
14.516041 -11.324395 2.283612 0.121137 93.833305 -4.342710 0.203383 0.064384 6.517571 -0.010613
14.633041 -11.395599 2.204317 0.017236 94.590927 -4.435951 0.225540 0.090851 6.528337 -0.009639
14.766042 -11.477916 2.083058 -0.126297 95.460854 -4.542646 0.249257 0.106070 6.552532 -0.010471
14.883042 -11.557599 1.963941 -0.298188 96.223679 -4.636627 0.267490 0.096758 6.580836 -0.011129
15.017043 -11.652590 1.800540 -0.573717 97.093941 -4.744139 0.282713 0.062943 6.603001 -0.010975
15.133043 -11.725555 1.650378 -0.841346 97.862785 -4.840268 0.290879 0.027053 6.635063 -0.010709
15.267044 -11.826415 1.484868 -1.186111 98.740730 -4.950576 0.294514 -0.000970 6.663033 -0.012911
15.383044 -11.921537 1.355847 -1.513981 99.515083 -5.048343 0.293204 -0.007719 6.679995 -0.012939
15.517045 -12.019496 1.250229 -1.881472 100.398170 -5.159004 0.285669 -0.002501 6.699105 -0.011252
15.634046 -12.095009 1.188322 -2.181044 101.177582 -5.255394 0.274934 0.002062 6.720821 -0.009402
15.751046 -12.160187 1.139235 -2.450153 101.965179 -5.351972 0.260963 -0.000195 6.730819 -0.007873
15.885047 -12.239531 1.132760 -2.748764 102.853722 -5.462294 0.246167 -0.012227 6.733079 -0.011070
16.002047 -12.322071 1.176747 -2.988476 103.635490 -5.560075 0.233200 -0.029382 6.734328 -0.011880
16.135050 -12.425837 1.260533 -3.249752 104.523384 -5.669512 0.218869 -0.053009 6.716444 -0.013035
16.252052 -12.525667 1.390550 -3.486295 105.301697 -5.765696 0.209292 -0.074174 6.693498 -0.014018
16.385056 -12.625125 1.555475 -3.693594 106.188858 -5.877755 0.203200 -0.096015 6.661047 -0.011161
16.502058 -12.714400 1.701845 -3.856613 106.952774 -5.974205 0.202431 -0.113624 6.623901 -0.012940
16.635061 -12.832840 1.867570 -3.989115 107.831490 -6.084353 0.205973 -0.134679 6.593030 -0.015617
16.752064 -12.946790 1.970164 -4.088150 108.594986 -6.181523 0.212264 -0.151499 6.567623 -0.016978
16.886066 -13.069355 2.048711 -4.171932 109.460609 -6.291581 0.221554 -0.159063 6.551881 -0.014381
17.002069 -13.162235 2.102464 -4.230219 110.220482 -6.388016 0.231535 -0.148011 6.545202 -0.014766
17.136072 -13.262689 2.125845 -4.240353 111.083771 -6.497107 0.246103 -0.116921 6.545903 -0.012694
17.253075 -13.344658 2.094424 -4.216198 111.842728 -6.594134 0.258933 -0.084457 6.536511 -0.012624
17.386078 -13.435134 2.003122 -4.145993 112.704170 -6.708131 0.270197 -0.056000 6.528708 -0.011508
17.503080 -13.505186 1.877960 -4.075584 113.461617 -6.810802 0.278421 -0.042434 6.540077 -0.010508
17.636084 -13.571211 1.721993 -3.998875 114.324089 -6.928930 0.283293 -0.033621 6.550910 -0.008104
17.753086 -13.624559 1.561153 -3.854476 115.082848 -7.033920 0.284472 -0.022507 6.547399 -0.008599
17.886089 -13.686398 1.343462 -3.665720 115.952583 -7.155591 0.282629 0.001454 6.560378 -0.009633
18.003092 -13.743775 1.147043 -3.541589 116.714165 -7.263301 0.279376 0.033959 6.581066 -0.008754
18.137094 -13.816347 0.935017 -3.315830 117.583496 -7.385928 0.272897 0.083053 6.615032 -0.010419
18.253098 -13.886379 0.755720 -3.076529 118.350258 -7.494888 0.266690 0.133995 6.626796 -0.011045
18.387100 -13.975618 0.596896 -2.797857 119.224228 -7.619780 0.261137 0.192443 6.640563 -0.011714
18.504103 -14.043668 0.508170 -2.612857 119.994202 -7.730870 0.259216 0.232771 6.651987 -0.009082
18.637106 -14.107091 0.468991 -2.413442 120.869957 -7.859253 0.261384 0.253250 6.657317 -0.008700
18.754108 -14.172891 0.487937 -2.251952 121.641029 -7.974545 0.266742 0.246041 6.665637 -0.009964
18.887112 -14.237675 0.575258 -2.068009 122.524025 -8.108561 0.276071 0.217187 6.666846 -0.008333
19.004114 -14.288557 0.703421 -1.911909 123.288094 -8.226171 0.287710 0.184764 6.666931 -0.007827
19.137117 -14.345017 0.865929 -1.757065 124.170563 -8.362547 0.300618 0.146016 6.660374 -0.007690
19.254120 -14.381460 1.030684 -1.657195 124.933540 -8.481813 0.311723 0.112304 6.654477 -0.004378
19.388123 -14.422696 1.222602 -1.601338 125.813286 -8.621037 0.323189 0.074612 6.646297 -0.005933
19.504126 -14.457055 1.374835 -1.594371 126.581306 -8.742294 0.329881 0.044635 6.646967 -0.005012
19.638128 -14.487893 1.507645 -1.554982 127.454483 -8.880368 0.333135 0.010043 6.643864 -0.003560
19.754131 -14.508904 1.604089 -1.514580 128.223221 -9.002688 0.331991 -0.031601 6.656804 -0.003209
19.888134 -14.532631 1.663729 -1.488712 129.098999 -9.141088 0.325926 -0.102594 6.673493 -0.003308
20.005136 -14.563852 1.668180 -1.500125 129.870667 -9.262937 0.318746 -0.180580 6.685039 -0.003931
20.138140 -14.601067 1.631973 -1.569562 130.750336 -9.401738 0.307235 -0.261931 6.701610 -0.003848
20.255142 -14.616745 1.577191 -1.626692 131.526428 -9.524574 0.296138 -0.304162 6.722329 -0.000903
20.388145 -14.620597 1.497164 -1.691579 132.417084 -9.666922 0.282930 -0.308068 6.739407 0.000088
20.505148 -14.624627 1.436038 -1.750930 133.190033 -9.790154 0.274242 -0.281087 6.749758 -0.000479
20.639151 -14.621069 1.369524 -1.920607 134.083344 -9.934374 0.270628 -0.233440 6.755915 0.002501
20.755154 -14.608356 1.328115 -2.072757 134.863541 -10.061742 0.271082 -0.190334 6.756772 0.002520
20.889156 -14.599593 1.298005 -2.265805 135.749847 -10.207640 0.277857 -0.146935 6.750660 0.001690
21.005159 -14.597952 1.257156 -2.442885 136.529739 -10.335369 0.288534 -0.113069 6.754483 0.001370
21.139162 -14.590293 1.198847 -2.662254 137.415314 -10.480756 0.305975 -0.072576 6.743850 0.001723
21.256165 -14.583879 1.145751 -2.835185 138.194611 -10.609424 0.325342 -0.028400 6.752189 0.000871
21.389168 -14.587245 1.102063 -3.017005 139.087662 -10.758680 0.345709 0.033326 6.759985 -0.000429
21.506170 -14.596866 1.071018 -3.158363 139.861389 -10.888935 0.362629 0.088987 6.772591 -0.001155
21.639174 -14.617559 1.067235 -3.332941 140.757553 -11.040327 0.380332 0.142125 6.792355 -0.002974
21.756176 -14.627807 1.081434 -3.521099 141.534760 -11.173384 0.392813 0.172281 6.804667 0.000148
21.889179 -14.619389 1.124507 -3.739548 142.435135 -11.327549 0.401929 0.191818 6.823126 0.002638
22.006182 -14.621714 1.181022 -3.940338 143.222565 -11.462381 0.406747 0.201652 6.830348 -0.000420
22.140184 -14.635912 1.256921 -4.174940 144.118546 -11.616095 0.407200 0.206699 6.842206 -0.001999
22.256187 -14.664095 1.299246 -4.433577 144.906631 -11.753364 0.403460 0.201267 6.839295 -0.002826
22.390190 -14.676137 1.331856 -4.661334 145.804260 -11.910295 0.395749 0.177396 6.859104 0.000844
22.507193 -14.668350 1.352621 -4.777563 146.594940 -12.049280 0.388042 0.140538 6.866039 0.001578
22.640196 -14.658256 1.379528 -4.807137 147.493195 -12.208115 0.380834 0.089130 6.859444 0.001787
22.757198 -14.656132 1.389115 -4.798568 148.284180 -12.350184 0.374575 0.047210 6.874961 0.000253
22.890202 -14.655716 1.400132 -4.741250 149.191513 -12.514134 0.369122 0.016246 6.877090 0.000477
23.007204 -14.647140 1.401651 -4.621861 149.977188 -12.656035 0.367720 0.008602 6.886881 0.001583
23.140207 -14.626058 1.388259 -4.415487 150.885559 -12.820595 0.370118 0.015986 6.894577 0.002389
23.257210 -14.607729 1.352040 -4.221455 151.678436 -12.965892 0.373895 0.023704 6.889655 0.002219
23.391212 -14.578826 1.296443 -3.902978 152.580200 -13.133461 0.380226 0.018909 6.900759 0.003342
23.507215 -14.551972 1.220517 -3.574922 153.373749 -13.282637 0.390543 -0.000957 6.900660 0.002301
23.641218 -14.516985 1.114717 -3.134640 154.275665 -13.451421 0.406893 -0.031973 6.897560 0.003793
23.758221 -14.484121 1.008053 -2.708196 155.068680 -13.599987 0.421323 -0.054058 6.897026 0.002916
23.891224 -14.467689 0.866934 -2.194707 155.978088 -13.772590 0.437896 -0.064800 6.915678 0.001043
24.008226 -14.450693 0.741844 -1.785943 156.767502 -13.923896 0.452595 -0.063663 6.939331 0.002661
24.141230 -14.427771 0.573316 -1.364885 157.681305 -14.099633 0.466799 -0.058780 6.952246 0.001744
24.258232 -14.417719 0.408009 -1.034476 158.474487 -14.253776 0.476168 -0.056875 6.973300 0.000576
24.391235 -14.414097 0.210699 -0.653619 159.394165 -14.433661 0.483234 -0.059343 7.007201 0.000585
24.508238 -14.406314 0.049121 -0.320165 160.193344 -14.589834 0.486393 -0.065514 7.034000 0.001003
24.642241 -14.405964 -0.087217 0.054526 161.120148 -14.771378 0.485328 -0.077138 7.057895 -0.000496
24.758244 -14.408093 -0.177212 0.288270 161.932251 -14.931992 0.482265 -0.090032 7.086722 0.000308
24.892246 -14.395189 -0.244951 0.493760 162.860413 -15.115427 0.476746 -0.104465 7.132900 0.002874
25.009249 -14.381892 -0.274047 0.629618 163.680939 -15.277886 0.470917 -0.114380 7.156785 0.001567
25.142252 -14.367892 -0.276744 0.829336 164.617905 -15.461555 0.464997 -0.121946 7.189203 0.002382
25.259254 -14.353126 -0.215806 0.975061 165.445358 -15.622252 0.461454 -0.126239 7.212532 0.002160
25.376257 -14.338309 -0.100237 1.068220 166.274338 -15.785206 0.460176 -0.127941 7.231642 0.002514
25.509260 -14.312119 0.063653 1.159443 167.219635 -15.972038 0.461585 -0.123559 7.252932 0.003976
25.626263 -14.269683 0.252261 1.269179 168.052841 -16.136408 0.465018 -0.111299 7.258145 0.006015
25.759266 -14.222899 0.533724 1.273003 169.000244 -16.324923 0.470787 -0.088172 7.265333 0.006532
25.876268 -14.164170 0.787569 1.267406 169.835678 -16.489088 0.475754 -0.063158 7.283852 0.008574
26.009272 -14.107473 1.110452 1.237499 170.795822 -16.676617 0.480419 -0.031997 7.313697 0.007157
26.126274 -14.067531 1.415317 1.130800 171.629730 -16.840714 0.485506 -0.000062 7.333549 0.006157
26.259277 -14.027905 1.767989 0.903896 172.596893 -17.031355 0.493975 0.050196 7.372555 0.006564
26.376280 -13.981636 2.071089 0.682814 173.446594 -17.198145 0.499717 0.109012 7.415420 0.008751
26.510283 -13.930354 2.408241 0.427961 174.417282 -17.387060 0.503566 0.184452 7.449829 0.007333
26.627285 -13.897794 2.679295 0.146686 175.275269 -17.554136 0.503477 0.241971 7.488584 0.007375
26.760288 -13.853074 2.964292 -0.225609 176.255737 -17.746027 0.499447 0.277387 7.524818 0.009794
26.877291 -13.799397 3.206815 -0.608616 177.122803 -17.916004 0.494300 0.274853 7.571207 0.012204
27.010294 -13.727770 3.487642 -1.056929 178.122864 -18.110903 0.487490 0.239196 7.628657 0.013669
27.127296 -13.658183 3.726897 -1.421485 178.993927 -18.281076 0.480081 0.192163 7.669948 0.014066
27.260300 -13.578202 4.022049 -1.850864 180.006500 -18.478901 0.468026 0.133776 7.723063 0.014240
27.377302 -13.506689 4.292289 -2.195305 180.888123 -18.651510 0.454958 0.088455 7.760042 0.015033
27.511305 -13.424249 4.605402 -2.590258 181.910522 -18.851744 0.439995 0.047903 7.796469 0.014673
27.627308 -13.353743 4.846456 -2.905935 182.808151 -19.027250 0.427078 0.023253 7.833699 0.014779
27.761311 -13.279633 5.133101 -3.248410 183.834412 -19.227381 0.411219 0.001906 7.877947 0.012361
27.877314 -13.227587 5.411986 -3.585748 184.740860 -19.405043 0.395979 -0.018791 7.902298 0.012402
28.011316 -13.189722 5.714897 -4.010911 185.773529 -19.606953 0.378011 -0.051405 7.921079 0.009590
28.128319 -13.162848 5.987737 -4.260505 186.684265 -19.783669 0.362452 -0.087732 7.934625 0.006807
28.261322 -13.128401 6.285004 -4.499590 187.721008 -19.983866 0.345470 -0.130637 7.939029 0.006230
28.378325 -13.091044 6.531660 -4.627724 188.633530 -20.158831 0.330941 -0.162557 7.940780 0.008337
28.511328 -13.042853 6.789187 -4.704239 189.670197 -20.356651 0.314515 -0.186015 7.939507 0.006280
28.628330 -13.013713 6.995349 -4.705376 190.581100 -20.530180 0.300185 -0.192895 7.910870 0.002937
28.761333 -13.003867 7.202823 -4.673588 191.621490 -20.728060 0.284731 -0.183844 7.891403 -0.000506
28.878336 -13.004069 7.329813 -4.608114 192.526138 -20.898930 0.270964 -0.161717 7.854084 -0.001874
29.012339 -13.003861 7.419286 -4.505635 193.548309 -21.091105 0.254680 -0.124282 7.797707 -0.001134
29.128342 -13.000020 7.451803 -4.403512 194.442490 -21.258974 0.239031 -0.085667 7.759580 -0.001587
29.262344 -12.993937 7.435267 -4.197906 195.454590 -21.445257 0.222816 -0.041349 7.720120 -0.003679
29.379347 -12.996560 7.364554 -3.980065 196.338852 -21.606977 0.209918 -0.005158 7.657329 -0.005009
29.512350 -13.007276 7.217207 -3.656115 197.337082 -21.788960 0.196191 0.030180 7.607509 -0.007278
29.629353 -13.031137 7.031068 -3.377062 198.210846 -21.949192 0.185465 0.052702 7.581164 -0.010308
29.762356 -13.107956 6.775245 -3.093152 199.207199 -22.130846 0.176243 0.063175 7.536641 -0.018141
29.879358 -13.203996 6.493078 -2.835576 200.065140 -22.286287 0.170134 0.057075 7.501366 -0.017660
30.012362 -13.315984 6.145149 -2.561581 201.050797 -22.465223 0.166566 0.037925 7.454074 -0.018542
30.129364 -13.426919 5.835634 -2.401660 201.906342 -22.623049 0.167358 0.021487 7.428581 -0.018915
30.263367 -13.560427 5.491291 -2.239646 202.873993 -22.802004 0.171153 0.016855 7.379789 -0.020652
30.379370 -13.685869 5.180975 -2.076561 203.721786 -22.957380 0.176311 0.030485 7.358074 -0.021925
30.513372 -13.850630 4.827038 -1.897726 204.682495 -23.130299 0.182534 0.061848 7.323120 -0.023865
30.630375 -14.012070 4.517938 -1.754474 205.523666 -23.281580 0.185246 0.094479 7.295097 -0.026280
30.763378 -14.218350 4.201940 -1.609905 206.475815 -23.455065 0.187089 0.128033 7.265484 -0.030389
30.880381 -14.423847 3.930327 -1.508750 207.309433 -23.608906 0.186570 0.151809 7.231570 -0.032137
31.013384 -14.679928 3.642385 -1.429604 208.258743 -23.785765 0.185303 0.172697 7.192917 -0.034326
31.130386 -14.916738 3.423317 -1.340270 209.076843 -23.938942 0.184568 0.183223 7.161428 -0.037597
31.263390 -15.214934 3.201180 -1.273350 210.016724 -24.114740 0.184424 0.178217 7.117855 -0.040306
31.380392 -15.476600 3.040915 -1.198349 210.832352 -24.268082 0.184471 0.150240 7.073876 -0.038926
31.514395 -15.773479 2.883755 -1.093808 211.752808 -24.442202 0.184762 0.087244 7.024462 -0.039739
31.631397 -16.037823 2.759660 -1.028466 212.557343 -24.596525 0.185172 0.008584 6.989002 -0.040231
31.764400 -16.327452 2.627665 -1.016444 213.466705 -24.772928 0.185983 -0.095055 6.946084 -0.035982
31.881403 -16.567459 2.512510 -1.028028 214.261414 -24.928690 0.185490 -0.186260 6.897476 -0.037016
32.014404 -16.866751 2.385273 -1.080758 215.158295 -25.105629 0.185431 -0.275580 6.855640 -0.039749
32.131393 -17.138933 2.274752 -1.189644 215.941391 -25.261959 0.184892 -0.331201 6.804095 -0.039522
32.264381 -17.447994 2.156538 -1.304194 216.825562 -25.440758 0.184384 -0.359778 6.762559 -0.039824
32.381371 -17.730640 2.034697 -1.394693 217.598587 -25.599031 0.184321 -0.352100 6.730081 -0.042768
32.514359 -18.058050 1.874933 -1.533244 218.478088 -25.782295 0.184935 -0.308669 6.686785 -0.043138
32.631348 -18.335739 1.726191 -1.654018 219.241486 -25.943462 0.186233 -0.246557 6.655595 -0.040146
32.765335 -18.647074 1.560778 -1.739399 220.103745 -26.126625 0.189247 -0.158583 6.612549 -0.039818
32.881325 -18.912228 1.408106 -1.834430 220.858047 -26.289968 0.193887 -0.075809 6.583904 -0.037903
33.015312 -19.207256 1.232255 -2.013891 221.710968 -26.476923 0.199562 0.013241 6.550581 -0.037938
33.132301 -19.459068 1.061174 -2.134258 222.457169 -26.642010 0.205989 0.081386 6.519642 -0.037520
33.266289 -19.751150 0.870013 -2.265983 223.308395 -26.833412 0.215058 0.145765 6.505280 -0.037436
33.383278 -20.013592 0.702312 -2.326836 224.048477 -27.002758 0.223900 0.189300 6.485604 -0.039572
33.516266 -20.305723 0.524360 -2.359020 224.887024 -27.198513 0.235419 0.221004 6.469746 -0.037495
33.633255 -20.546007 0.398204 -2.300172 225.622879 -27.372520 0.244689 0.231495 6.457195 -0.034711
33.766243 -20.810019 0.287292 -2.198915 226.464340 -27.573471 0.254965 0.229881 6.455154 -0.034634
33.883232 -21.039814 0.213582 -2.150394 227.190918 -27.750027 0.263063 0.228009 6.442561 -0.033933
34.017220 -21.292624 0.171758 -2.080931 228.027573 -27.955135 0.270119 0.234414 6.422466 -0.031827
34.133209 -21.505821 0.149962 -2.058415 228.755264 -28.135475 0.273839 0.243782 6.395329 -0.030717
34.267197 -21.733967 0.130170 -2.093055 229.578842 -28.344700 0.273832 0.246276 6.386094 -0.029882
34.384186 -21.934278 0.131243 -2.083093 230.302185 -28.529173 0.269730 0.236569 6.373922 -0.030371
34.517174 -22.157181 0.153867 -2.030199 231.121811 -28.739714 0.261793 0.218890 6.353297 -0.029174
34.634163 -22.347944 0.196272 -1.993585 231.839401 -28.926487 0.253747 0.204398 6.327113 -0.027705
34.767151 -22.554539 0.248267 -1.988691 232.650040 -29.140688 0.242575 0.184489 6.286910 -0.028123
34.884140 -22.738789 0.277515 -1.957188 233.359329 -29.330601 0.233346 0.150369 6.265494 -0.027876
35.001129 -22.923872 0.297166 -1.929127 234.065277 -29.522968 0.226623 0.091080 6.240591 -0.027714
35.134117 -23.125908 0.314967 -1.843409 234.862885 -29.743719 0.223722 -0.002625 6.211099 -0.025782
35.251106 -23.305138 0.307659 -1.818949 235.560745 -29.940226 0.225849 -0.092996 6.183038 -0.027476
35.384094 -23.506386 0.291876 -1.806513 236.349518 -30.168119 0.232049 -0.186338 6.167126 -0.025002
35.501083 -23.678371 0.286171 -1.803949 237.040939 -30.373013 0.241312 -0.252722 6.162751 -0.025235
35.634071 -23.879946 0.280863 -1.851826 237.830460 -30.611898 0.255612 -0.310404 6.150042 -0.027575
35.751060 -24.052502 0.254585 -1.831133 238.512238 -30.822136 0.268077 -0.344889 6.151423 -0.025543
35.885048 -24.236069 0.185858 -1.720322 239.299103 -31.067348 0.285458 -0.362689 6.151777 -0.023919
36.001038 -24.401957 0.112662 -1.631782 239.984772 -31.285215 0.299635 -0.353472 6.146490 -0.024837
36.135025 -24.586220 0.003931 -1.579619 240.764130 -31.537071 0.313563 -0.314042 6.169146 -0.022753
36.252014 -24.724134 -0.103853 -1.535164 241.450760 -31.761705 0.323750 -0.261498 6.183141 -0.019956
36.385002 -24.887568 -0.248316 -1.456210 242.232071 -32.021343 0.331305 -0.197612 6.196988 -0.021818
36.501991 -25.027546 -0.360438 -1.349812 242.919907 -32.253403 0.333547 -0.150176 6.209834 -0.020121
36.634979 -25.173698 -0.489291 -1.169809 243.709320 -32.520786 0.332128 -0.112671 6.230602 -0.017007
36.751968 -25.282101 -0.594851 -0.981115 244.393112 -32.756092 0.328697 -0.094428 6.238852 -0.014243
36.884956 -25.392395 -0.686663 -0.834976 245.183273 -33.031826 0.322460 -0.085883 6.250106 -0.014249
37.001945 -25.490942 -0.704803 -0.793804 245.867432 -33.274364 0.315837 -0.084556 6.259952 -0.014005
37.135933 -25.599033 -0.679854 -0.673406 246.658600 -33.556164 0.309179 -0.080281 6.274772 -0.013543
37.251923 -25.679165 -0.626231 -0.515459 247.349670 -33.804005 0.305673 -0.063628 6.274800 -0.009951
37.385910 -25.755907 -0.515991 -0.392800 248.133667 -34.089294 0.304717 -0.020342 6.273132 -0.010169
37.502899 -25.823437 -0.376650 -0.303233 248.822983 -34.343155 0.307149 0.039756 6.275410 -0.010212
37.635891 -25.874247 -0.211451 -0.167455 249.604782 -34.635086 0.310948 0.123543 6.276238 -0.004445
37.752880 -25.913033 -0.050871 -0.067210 250.292404 -34.894207 0.315323 0.198022 6.281739 -0.006867
37.885868 -25.960560 0.124092 -0.098403 251.073547 -35.193016 0.321481 0.270509 6.296517 -0.006390
38.002857 -25.993446 0.251592 -0.164403 251.761002 -35.458611 0.327966 0.318502 6.299792 -0.004500
38.135845 -26.024630 0.394771 -0.327363 252.546463 -35.768410 0.335039 0.356327 6.300041 -0.003998
38.252834 -26.052645 0.490218 -0.472493 253.233063 -36.040260 0.340943 0.376247 6.314525 -0.003598
38.386822 -26.076550 0.547156 -0.609279 254.013550 -36.350834 0.346531 0.380859 6.317520 -0.001504
38.502811 -26.078051 0.548779 -0.715830 254.701645 -36.624313 0.348321 0.363105 6.333230 -0.000193
38.636799 -26.081718 0.522532 -0.842480 255.484375 -36.937359 0.348502 0.316771 6.343313 0.001183
38.752789 -26.071009 0.452163 -0.906475 256.173676 -37.215202 0.347519 0.261883 6.358944 0.002181
38.886776 -26.047461 0.326780 -0.923544 256.958221 -37.533150 0.345833 0.199864 6.367899 0.004474
39.003765 -26.011681 0.176657 -0.921274 257.648224 -37.817074 0.344580 0.152833 6.380159 0.005842
39.136753 -25.974154 -0.013512 -0.948187 258.437653 -38.146973 0.343152 0.102593 6.390792 0.004477
39.253742 -25.940155 -0.203627 -0.918799 259.121460 -38.435764 0.340613 0.054206 6.405024 0.005465
39.386730 -25.892260 -0.451903 -0.848885 259.913147 -38.771301 0.340357 -0.008750 6.425003 0.006998
39.503719 -25.850319 -0.680751 -0.821610 260.599762 -39.065041 0.341862 -0.062735 6.444031 0.006819
39.637707 -25.793022 -0.924771 -0.766582 261.393585 -39.408230 0.342789 -0.117345 6.465386 0.009188
39.753696 -25.729799 -1.106012 -0.700590 262.088165 -39.711166 0.344121 -0.159938 6.485640 0.009953
39.886684 -25.642773 -1.269154 -0.554725 262.877991 -40.059128 0.346204 -0.209985 6.494517 0.013095
40.003674 -25.558758 -1.369448 -0.342218 263.573517 -40.366581 0.349876 -0.259273 6.502488 0.013872
40.137661 -25.450821 -1.413407 -0.085091 264.364746 -40.717972 0.357101 -0.319050 6.509597 0.015381
40.254650 -25.355053 -1.394751 0.169218 265.060791 -41.028214 0.365913 -0.369435 6.516330 0.015765
40.387638 -25.244318 -1.315839 0.529841 265.856934 -41.385620 0.375678 -0.416688 6.506038 0.015671
40.504627 -25.129898 -1.214921 0.860361 266.544403 -41.696064 0.381617 -0.441164 6.500315 0.020016
40.637615 -24.991507 -1.086478 1.336169 267.338074 -42.054928 0.387557 -0.441001 6.501154 0.018588
40.754604 -24.865046 -0.951019 1.728467 268.025024 -42.366970 0.392117 -0.411175 6.506984 0.021001
40.888592 -24.713923 -0.778741 2.065772 268.817810 -42.729328 0.395814 -0.342437 6.506553 0.020585
41.004581 -24.577953 -0.634662 2.326617 269.509430 -43.047413 0.394901 -0.256567 6.504860 0.021002
41.138569 -24.414766 -0.500480 2.648744 270.293732 -43.409740 0.391031 -0.136734 6.487254 0.021070
41.254559 -24.275457 -0.430290 2.941759 270.981781 -43.729122 0.385914 -0.020260 6.480569 0.020929
41.388546 -24.115141 -0.403263 3.268552 271.762787 -44.093380 0.377408 0.109059 6.478236 0.020947
41.505535 -23.994705 -0.423253 3.493614 272.449707 -44.413921 0.371305 0.204303 6.476189 0.015922
41.638523 -23.876497 -0.497413 3.722358 273.229919 -44.779213 0.365600 0.279516 6.475674 0.015886
41.755512 -23.767187 -0.614015 3.901982 273.916046 -45.100822 0.362197 0.318055 6.473146 0.016729
41.888500 -23.650434 -0.799005 4.003838 274.700714 -45.470131 0.359387 0.342017 6.470611 0.015379
42.005489 -23.543926 -1.004293 4.029714 275.379333 -45.790314 0.361052 0.353796 6.469902 0.016174
42.138477 -23.430901 -1.279866 4.003176 276.162903 -46.161713 0.364430 0.358039 6.468225 0.013735
42.255466 -23.333086 -1.564350 3.910860 276.845886 -46.487011 0.369583 0.350187 6.468119 0.014134
42.389454 -23.232368 -1.910868 3.814222 277.622681 -46.857235 0.376731 0.326919 6.471844 0.012911
42.505444 -23.159597 -2.196134 3.699554 278.306274 -47.183617 0.384537 0.296170 6.478067 0.008870
42.639431 -23.081808 -2.509395 3.588096 279.083557 -47.554661 0.393960 0.250836 6.473228 0.009659
42.756420 -23.017651 -2.740708 3.452672 279.766602 -47.881680 0.401868 0.198415 6.469894 0.008414
42.889408 -22.952703 -2.966390 3.262578 280.541779 -48.253963 0.408876 0.119597 6.465103 0.007456
43.006397 -22.898870 -3.139463 3.083434 281.223267 -48.581169 0.412171 0.035133 6.461195 0.005560
43.139385 -22.855055 -3.296751 2.846009 282.002502 -48.955425 0.412219 -0.066190 6.441652 0.002672
43.256374 -22.826649 -3.388714 2.625002 282.674927 -49.279560 0.412021 -0.143661 6.429237 0.001739
43.389362 -22.803772 -3.429896 2.373988 283.449951 -49.653294 0.411449 -0.209437 6.414362 0.001251
43.506351 -22.772987 -3.416141 2.178990 284.119110 -49.977009 0.408104 -0.244577 6.400743 0.003737
43.640339 -22.742678 -3.315144 2.005339 284.888672 -50.352650 0.403719 -0.264934 6.380860 0.002170
43.756329 -22.724337 -3.185601 1.948922 285.557343 -50.680309 0.399393 -0.269057 6.351037 0.002607
43.890316 -22.703043 -3.002270 1.861818 286.312531 -51.052898 0.392275 -0.260228 6.317398 0.002427
44.007305 -22.678871 -2.819179 1.792844 286.973389 -51.380203 0.384833 -0.241378 6.292893 0.002865
44.140293 -22.658819 -2.595844 1.733560 287.720215 -51.751740 0.377093 -0.208736 6.255365 0.001781
44.257282 -22.643085 -2.410789 1.713153 288.373444 -52.078465 0.370366 -0.169678 6.236845 0.002607
44.390270 -22.618847 -2.245777 1.756872 289.110565 -52.450966 0.359608 -0.109139 6.195538 0.003707
44.507259 -22.606339 -2.153086 1.838556 289.754120 -52.779827 0.349832 -0.039178 6.163171 0.002319
44.640247 -22.589817 -2.108944 1.998505 290.486664 -53.154137 0.340084 0.052570 6.122869 0.003076
44.757236 -22.583700 -2.093688 2.182219 291.120697 -53.482029 0.334339 0.126605 6.088760 0.001017
44.891224 -22.589401 -2.115437 2.444834 291.837036 -53.854721 0.328862 0.184068 6.058253 0.000826
45.007214 -22.595589 -2.186588 2.697285 292.463623 -54.183025 0.325190 0.204740 6.037342 0.000363
45.141201 -22.620317 -2.331537 2.985955 293.171051 -54.557709 0.321888 0.200285 6.005613 -0.002087
45.258190 -22.651566 -2.503008 3.277059 293.790314 -54.886654 0.321323 0.180830 5.987352 -0.003279
45.391178 -22.697042 -2.733815 3.592995 294.491394 -55.259754 0.323789 0.148105 5.954284 -0.004553
45.508167 -22.746325 -2.958417 3.830012 295.105103 -55.587120 0.327374 0.112425 5.939520 -0.006521
45.625156 -22.800955 -3.207650 4.014031 295.716614 -55.915176 0.330535 0.071347 5.919710 -0.005664
45.758144 -22.869055 -3.487759 4.295891 296.409363 -56.287453 0.334422 0.018488 5.908923 -0.007729
45.875134 -22.953209 -3.708236 4.519910 297.016113 -56.616859 0.337044 -0.034526 5.894963 -0.011425
46.008121 -23.068813 -3.926817 4.685530 297.702942 -56.993507 0.338959 -0.101309 5.883254 -0.015081
46.125111 -23.169485 -4.068931 4.731176 298.303986 -57.326027 0.340231 -0.159627 5.865579 -0.014431
46.258099 -23.296534 -4.145706 4.721134 298.988892 -57.708447 0.340392 -0.213503 5.848672 -0.017557
46.375088 -23.406780 -4.138351 4.696648 299.579346 -58.038174 0.338560 -0.241072 5.820242 -0.017486
46.509075 -23.544403 -4.044336 4.567836 300.257538 -58.418861 0.333097 -0.248486 5.792205 -0.020175
46.625065 -23.685690 -3.909164 4.415102 300.847107 -58.748802 0.324432 -0.233955 5.765056 -0.024514
46.759052 -23.851181 -3.694055 4.216448 301.514679 -59.122063 0.310090 -0.191786 5.735305 -0.023753
46.875042 -24.012142 -3.472159 3.944513 302.096893 -59.450802 0.294835 -0.129899 5.700702 -0.026679
47.009029 -24.209385 -3.185321 3.634147 302.754578 -59.821281 0.276241 -0.035089 5.661475 -0.028798
47.126019 -24.388681 -2.920746 3.295387 303.328888 -60.146179 0.258624 0.059679 5.628734 -0.030331
47.259007 -24.607227 -2.607927 2.867686 303.976990 -60.515656 0.239416 0.165220 5.593855 -0.031940
47.375996 -24.796906 -2.346977 2.443888 304.543610 -60.839355 0.222426 0.245878 5.567314 -0.031122
47.508984 -25.021338 -2.083984 1.978273 305.189423 -61.209312 0.204279 0.313736 5.544902 -0.032129
47.625973 -25.224421 -1.886564 1.545501 305.745880 -61.529118 0.190261 0.342471 5.529904 -0.032700
47.758961 -25.478851 -1.692240 0.995392 306.386292 -61.898636 0.174864 0.333012 5.510550 -0.037206
47.875950 -25.719038 -1.565036 0.527969 306.943359 -62.220669 0.164794 0.289930 5.495643 -0.036869
48.009937 -26.010910 -1.437458 0.070818 307.577545 -62.585815 0.156320 0.216946 5.508112 -0.042314
48.125927 -26.298662 -1.342799 -0.308059 308.136444 -62.907524 0.150101 0.148130 5.514093 -0.046108
48.259914 -26.644217 -1.256942 -0.667350 308.771362 -63.273018 0.145956 0.076538 5.505944 -0.046056
48.375904 -26.954678 -1.192246 -0.895864 309.329926 -63.594543 0.144823 0.021524 5.511542 -0.046977
48.509892 -27.329880 -1.151997 -1.083186 309.965057 -63.961697 0.146459 -0.030518 5.517346 -0.051502
48.626881 -27.691402 -1.134901 -1.187271 310.524048 -64.285881 0.150275 -0.061231 5.525839 -0.055620
48.759869 -28.125792 -1.112640 -1.238070 311.166199 -64.655334 0.158387 -0.072655 5.533916 -0.058389
48.876858 -28.509602 -1.091039 -1.242587 311.723328 -64.975540 0.167398 -0.067356 5.546813 -0.058251
49.009846 -28.962540 -1.055878 -1.216828 312.368469 -65.347435 0.177468 -0.064582 5.567734 -0.059144
49.126835 -29.342779 -1.016289 -1.156312 312.928955 -65.670776 0.185386 -0.082212 5.584165 -0.056266
49.260822 -29.792166 -0.924992 -1.104885 313.578064 -66.047340 0.190640 -0.129445 5.612326 -0.060905
49.376812 -30.208834 -0.822132 -1.083763 314.146912 -66.378128 0.191034 -0.182609 5.633407 -0.063753
49.510799 -30.708101 -0.673374 -1.040348 314.796143 -66.754501 0.186473 -0.240172 5.653653 -0.066751
49.627789 -31.159737 -0.517372 -1.016685 315.370422 -67.086670 0.180705 -0.282283 5.680797 -0.067114
49.760777 -31.667643 -0.318207 -1.067938 316.026031 -67.466133 0.172239 -0.318693 5.708623 -0.066161
49.877766 -32.126755 -0.113515 -1.174982 316.605438 -67.800919 0.165457 -0.334781 5.723730 -0.069238
50.010754 -32.664341 0.127563 -1.358608 317.269775 -68.186058 0.158130 -0.322457 5.733955 -0.069516
50.127743 -33.129154 0.327361 -1.555688 317.845734 -68.519478 0.151111 -0.279651 5.743225 -0.071166
50.260731 -33.686272 0.544043 -1.805368 318.513489 -68.904282 0.141364 -0.200755 5.759660 -0.072648
50.377720 -34.173679 0.722356 -2.052719 319.092194 -69.237526 0.132408 -0.121111 5.755595 -0.072836
50.511707 -34.732906 0.890471 -2.402888 319.759918 -69.622726 0.125049 -0.030928 5.752630 -0.070279
50.628700 -35.216442 0.986059 -2.775161 320.348877 -69.961311 0.120601 0.042217 5.758079 -0.069941
50.762688 -35.760948 1.061500 -3.177975 321.014526 -70.341125 0.117415 0.120354 5.768108 -0.071100
50.879677 -36.232944 1.091668 -3.512143 321.602234 -70.673752 0.118721 0.190195 5.775606 -0.070564
51.012665 -36.776730 1.090912 -3.895794 322.271515 -71.052673 0.124602 0.271947 5.787339 -0.069886
51.129654 -37.242611 1.091233 -4.263321 322.860382 -71.388321 0.132176 0.336777 5.796070 -0.068453
51.262642 -37.772430 1.081450 -4.701856 323.531342 -71.770927 0.144184 0.379647 5.813967 -0.068076
51.379631 -38.227089 1.055436 -5.028653 324.123474 -72.106949 0.157303 0.373069 5.822955 -0.065101
51.512619 -38.722908 1.046367 -5.360935 324.803467 -72.492485 0.175748 0.316269 5.839270 -0.062848
51.629608 -39.148010 1.072957 -5.637659 325.398163 -72.829567 0.193654 0.247020 5.845090 -0.063934
51.763596 -39.631832 1.112683 -5.954513 326.074066 -73.214828 0.212491 0.179947 5.854380 -0.061295
51.879585 -40.038559 1.147665 -6.239898 326.668732 -73.555000 0.226629 0.143309 5.859845 -0.059588
52.013573 -40.479076 1.200681 -6.450165 327.346313 -73.941154 0.238740 0.117096 5.867320 -0.055992
52.129562 -40.847237 1.261454 -6.566957 327.943695 -74.279617 0.246032 0.093336 5.863124 -0.053534
52.263550 -41.249615 1.332869 -6.648419 328.621033 -74.663353 0.248602 0.060613 5.841137 -0.051590
52.380539 -41.584427 1.390979 -6.713696 329.214478 -75.001007 0.247157 0.032646 5.832272 -0.049627
52.513527 -41.954975 1.470742 -6.852141 329.893677 -75.388123 0.242311 0.007857 5.837050 -0.046838
52.630516 -42.269039 1.558493 -6.978759 330.480560 -75.723076 0.235623 -0.008117 5.822358 -0.047263
52.763504 -42.636154 1.667307 -7.170456 331.157013 -76.110062 0.226438 -0.024455 5.808057 -0.046669
52.880493 -42.946815 1.749029 -7.381634 331.745392 -76.448181 0.219394 -0.040137 5.791157 -0.044686
53.014481 -43.290607 1.851897 -7.574888 332.411499 -76.831093 0.213316 -0.066004 5.763364 -0.044334
53.130470 -43.592079 1.936663 -7.784251 332.993744 -77.167801 0.209343 -0.103083 5.739926 -0.043516
53.264458 -43.922073 2.017004 -7.964094 333.651733 -77.550850 0.208977 -0.162711 5.714460 -0.040838
53.380447 -44.192066 2.075982 -8.104295 334.227570 -77.887482 0.213791 -0.217687 5.686461 -0.038491
53.514435 -44.478020 2.127949 -8.228518 334.879272 -78.269325 0.225339 -0.259738 5.669405 -0.035714
53.631424 -44.708721 2.164217 -8.293431 335.449860 -78.605019 0.238629 -0.269301 5.654355 -0.032823
53.764412 -44.943882 2.188746 -8.330902 336.096588 -78.987160 0.256484 -0.260555 5.640225 -0.028890
53.881401 -45.133766 2.190953 -8.305552 336.662750 -79.324677 0.273180 -0.253370 5.631781 -0.026662
54.014389 -45.338009 2.148753 -8.248324 337.307159 -79.714844 0.291736 -0.254036 5.615996 -0.026502
54.131378 -45.498859 2.077940 -8.168633 337.864136 -80.054909 0.305272 -0.252234 5.627830 -0.024543
54.265366 -45.686012 1.942206 -8.045918 338.505920 -80.450645 0.317683 -0.228284 5.630113 -0.024298
54.381355 -45.839516 1.792646 -7.842295 339.066437 -80.797173 0.325009 -0.180433 5.632256 -0.024644
54.515343 -46.018864 1.617754 -7.623930 339.701508 -81.193100 0.328930 -0.100352 5.625356 -0.024070
54.631332 -46.167721 1.453703 -7.488790 340.257996 -81.545097 0.328223 -0.017163 5.631381 -0.022472
54.765320 -46.314991 1.260405 -7.301496 340.888885 -81.949333 0.322273 0.080052 5.633406 -0.018873
54.882309 -46.428398 1.123356 -7.097622 341.441620 -82.308945 0.313612 0.158386 5.637969 -0.016430
55.015297 -46.540470 0.989853 -6.796747 342.068176 -82.721298 0.301538 0.227330 5.642298 -0.014087
55.132286 -46.620182 0.903439 -6.509634 342.617310 -83.087997 0.291732 0.261253 5.642751 -0.011757
55.249275 -46.697338 0.830207 -6.203138 343.163422 -83.458603 0.283139 0.265682 5.639862 -0.013006
55.382263 -46.794624 0.778150 -5.804280 343.786530 -83.886810 0.275533 0.237475 5.644960 -0.013034
55.499252 -46.857426 0.777700 -5.463899 344.322937 -84.261940 0.272640 0.194775 5.640596 -0.008408
55.632240 -46.917038 0.807463 -5.146112 344.937653 -84.700439 0.273865 0.142373 5.633481 -0.008452
55.749229 -46.976845 0.830953 -4.894233 345.465820 -85.084358 0.276517 0.107292 5.630264 -0.008859
55.882217 -47.034988 0.835366 -4.476383 346.073669 -85.532082 0.280069 0.084670 5.632666 -0.008796
55.999207 -47.083893 0.838996 -4.043506 346.600555 -85.927231 0.284739 0.077295 5.627929 -0.007267
56.133194 -47.147240 0.830537 -3.543272 347.195984 -86.382339 0.291539 0.074445 5.638625 -0.010928
56.249184 -47.210014 0.773884 -3.093449 347.716949 -86.787384 0.295737 0.070811 5.643140 -0.011037
56.383171 -47.291561 0.659808 -2.567710 348.307678 -87.253029 0.297556 0.060554 5.664689 -0.012515
56.499161 -47.374264 0.545727 -2.102888 348.824188 -87.668739 0.296844 0.044096 5.671872 -0.013750
56.633148 -47.494667 0.400700 -1.591076 349.407562 -88.147903 0.293030 0.018187 5.680812 -0.017535
56.750137 -47.608871 0.258520 -1.127852 349.917816 -88.575867 0.288487 -0.005449 5.703060 -0.018275
56.883125 -47.753483 0.084119 -0.630621 350.499390 -89.073753 0.280832 -0.024893 5.719478 -0.019713
57.000114 -47.883095 -0.071981 -0.192613 350.999420 -89.511627 0.272601 -0.031562 5.739042 -0.019529
57.133102 -48.045795 -0.248791 0.286953 351.574188 -90.024681 0.259663 -0.029558 5.758657 -0.020604
57.250092 -48.195179 -0.382218 0.643255 352.072906 -90.479652 0.245942 -0.024004 5.778479 -0.023018
57.384079 -48.383640 -0.478288 1.002821 352.636108 -91.004234 0.229913 -0.018681 5.794985 -0.025344
57.500069 -48.559940 -0.534743 1.319054 353.128845 -91.471283 0.217660 -0.018986 5.804183 -0.025557
57.634056 -48.766476 -0.575958 1.675666 353.684479 -92.009041 0.206544 -0.030020 5.821054 -0.025832
57.751045 -48.952686 -0.567714 1.915488 354.170624 -92.487358 0.195873 -0.051180 5.833658 -0.027982
57.884033 -49.182388 -0.530492 2.075471 354.720642 -93.035469 0.186036 -0.084118 5.842147 -0.029987
58.001022 -49.399204 -0.469091 2.109895 355.201843 -93.521797 0.179367 -0.113528 5.853781 -0.033486
58.134010 -49.666946 -0.358457 2.091446 355.745148 -94.080345 0.172700 -0.140254 5.864423 -0.037487
58.250999 -49.926945 -0.219767 2.060285 356.219757 -94.576347 0.167976 -0.157022 5.871700 -0.039491
58.383987 -50.256237 -0.028576 1.952719 356.758911 -95.149872 0.162671 -0.168842 5.876834 -0.044523
58.500977 -50.571663 0.161289 1.821676 357.227173 -95.654808 0.159082 -0.169140 5.892463 -0.048528
58.634964 -50.974735 0.387660 1.527283 357.756317 -96.233032 0.155773 -0.150364 5.894904 -0.054087
58.750954 -51.370907 0.588852 1.243890 358.220764 -96.744568 0.151217 -0.113993 5.907361 -0.061323
58.884941 -51.875645 0.797773 0.801894 358.747284 -97.327782 0.142581 -0.056406 5.910680 -0.069329
59.001930 -52.367355 0.957738 0.321005 359.208527 -97.843498 0.133488 -0.002218 5.917900 -0.074382
59.134918 -52.980911 1.121807 -0.265807 359.731506 -98.432571 0.120958 0.053158 5.924797 -0.082805
59.251907 -53.565723 1.243404 -0.866573 360.189331 -98.952888 0.110422 0.093613 5.923648 -0.087340
59.384895 -54.270096 1.337611 -1.571299 360.712524 -99.550529 0.100188 0.131172 5.925995 -0.092157
59.501884 -54.926647 1.409553 -2.198591 361.164551 -100.068367 0.095045 0.157028 5.923643 -0.099065
59.634872 -55.741501 1.465187 -2.910326 361.688385 -100.665939 0.092890 0.180668 5.931771 -0.106993
59.751862 -56.489796 1.513922 -3.558955 362.142487 -101.183708 0.095831 0.198059 5.941710 -0.112495
59.884850 -57.391026 1.578156 -4.335911 362.667725 -101.781525 0.105809 0.215700 5.936352 -0.116111
60.001839 -58.212055 1.649333 -5.136366 363.125549 -102.302765 0.120166 0.223838 5.924948 -0.120137
