1.20 1.10 20 64
0.129000 0.012898 -0.058849 -0.044150 0.958693 -0.000977 -0.141322 0.069845 6.655532 0.002854
0.258000 0.019814 -0.173183 -0.146712 1.791272 -0.002897 -0.094235 -0.043960 6.574407 -0.001306
0.392000 0.017124 -0.356032 -0.215924 2.665529 -0.004739 -0.002010 -0.145632 6.489788 -0.001068
0.509000 0.013205 -0.541388 -0.350805 3.420616 -0.004382 0.102060 -0.216915 6.427472 -0.001941
0.641000 -0.005353 -0.782320 -0.540499 4.271812 -0.003918 0.233516 -0.290395 6.377690 -0.002902
0.758000 -0.016142 -1.032797 -0.703392 5.016975 -0.004173 0.348496 -0.354470 6.368693 -0.001250
0.891000 -0.011617 -1.352563 -0.859059 5.864172 -0.004090 0.465157 -0.415316 6.378331 0.000988
1.009000 0.001383 -1.646310 -0.959510 6.612980 -0.005061 0.545042 -0.442229 6.419287 0.002442
1.142000 0.032277 -1.983395 -1.050402 7.471889 -0.004660 0.602331 -0.427167 6.488991 0.003811
1.258000 0.057488 -2.269240 -1.149990 8.235348 -0.003090 0.620172 -0.378300 6.554760 0.002782
1.375999 0.080227 -2.519092 -1.241658 9.006361 -0.001301 0.607760 -0.311157 6.615662 0.002629
1.509999 0.114848 -2.719733 -1.309397 9.897565 0.001723 0.559781 -0.228812 6.672985 0.004074
1.625999 0.141258 -2.824893 -1.348002 10.680119 0.002686 0.493854 -0.155517 6.694042 0.003875
1.758999 0.167396 -2.840634 -1.400183 11.563115 0.003299 0.398671 -0.067539 6.684400 0.002390
1.875999 0.195106 -2.742658 -1.500533 12.351130 0.002501 0.305377 0.017781 6.669881 0.004258
2.009000 0.228828 -2.502843 -1.550899 13.228351 0.001231 0.206304 0.112457 6.623648 0.005072
2.125999 0.258297 -2.153256 -1.598483 14.000430 -0.000490 0.132604 0.182597 6.581931 0.003640
2.258999 0.284395 -1.622690 -1.651400 14.877714 -0.002966 0.073123 0.237322 6.514428 0.002769
2.376999 0.290199 -1.074199 -1.638549 15.630774 -0.004750 0.047605 0.263574 6.475525 0.000284
2.508999 0.291094 -0.377555 -1.594863 16.494081 -0.004703 0.051808 0.278173 6.410789 -0.000432
2.625999 0.293381 0.242051 -1.582364 17.233753 -0.005432 0.080327 0.282221 6.358274 0.001538
2.759999 0.304787 0.927725 -1.610239 18.080706 -0.007648 0.137238 0.279658 6.292147 0.001729
2.875999 0.315864 1.469350 -1.650297 18.814205 -0.011686 0.198035 0.270944 6.253734 0.002132
3.009999 0.325667 1.985748 -1.704740 19.643768 -0.016866 0.270483 0.255354 6.231216 0.000944
3.126998 0.337185 2.321420 -1.727675 20.372257 -0.019319 0.330291 0.243375 6.223434 0.002239
3.259998 0.357565 2.572740 -1.647935 21.201233 -0.018978 0.388084 0.242727 6.247516 0.002286
3.376998 0.370929 2.684179 -1.506102 21.934599 -0.016778 0.426534 0.255716 6.283211 0.000656
3.510998 0.381893 2.659053 -1.339269 22.775240 -0.013973 0.452872 0.278369 6.349122 -0.000230
3.626998 0.390922 2.508926 -1.131661 23.522346 -0.010268 0.458987 0.288194 6.411262 0.000613
3.759998 0.409140 2.223530 -0.834014 24.388437 -0.004532 0.445596 0.268898 6.501316 -0.000646
3.876998 0.412124 1.877378 -0.550872 25.153814 -0.000965 0.419974 0.222012 6.569388 -0.001924
4.010998 0.397116 1.406357 -0.254397 26.034636 0.002155 0.376933 0.143049 6.659238 -0.004532
4.126998 0.378868 0.951965 0.010194 26.818230 0.006983 0.332402 0.061487 6.724746 -0.003740
4.260999 0.342651 0.427346 0.278017 27.718775 0.013429 0.280999 -0.042351 6.802842 -0.004925
4.377999 0.301950 -0.009288 0.443627 28.517776 0.019828 0.238412 -0.146489 6.850317 -0.006021
4.511000 0.246512 -0.420029 0.552883 29.433985 0.025146 0.200574 -0.271517 6.917252 -0.006654
4.628000 0.203012 -0.688223 0.677879 30.246351 0.029257 0.180783 -0.372229 6.964159 -0.006750
4.761001 0.139179 -0.846774 0.777655 31.182810 0.033700 0.176478 -0.456682 7.000676 -0.009627
4.878001 0.083552 -0.831795 0.851647 31.995979 0.037737 0.187805 -0.500096 7.016164 -0.007975
5.011002 0.021675 -0.648155 0.902300 32.937771 0.038692 0.217131 -0.523673 7.030246 -0.006512
5.128002 -0.021139 -0.337043 0.993214 33.754303 0.039125 0.250554 -0.526559 7.043803 -0.006309
5.262003 -0.079442 0.168832 1.075145 34.698788 0.039693 0.295824 -0.506634 7.049287 -0.007047
5.378003 -0.135358 0.703072 1.120444 35.523144 0.040293 0.332940 -0.461807 7.049034 -0.008986
5.512004 -0.206997 1.388456 1.098693 36.460716 0.040446 0.364502 -0.381671 7.051226 -0.010045
5.629004 -0.281538 2.046407 1.069037 37.287514 0.040734 0.380269 -0.293239 7.082997 -0.012229
5.762005 -0.374428 2.827346 1.062603 38.230679 0.041628 0.383380 -0.184129 7.098531 -0.013151
5.879005 -0.464767 3.500831 1.031382 39.062359 0.043866 0.373003 -0.083170 7.122987 -0.013310
6.012006 -0.571620 4.243426 0.958740 40.017876 0.046239 0.345855 0.033369 7.140713 -0.012686
6.129006 -0.659052 4.838626 0.893626 40.848167 0.047685 0.310810 0.129518 7.165523 -0.012304
6.263007 -0.761066 5.457423 0.810741 41.817005 0.051243 0.257690 0.228125 7.182409 -0.012070
6.380007 -0.843780 5.919732 0.747230 42.658085 0.055053 0.207675 0.300613 7.190044 -0.011167
6.514008 -0.929650 6.330605 0.655880 43.615128 0.058345 0.150453 0.371335 7.194113 -0.010907
6.630008 -1.013895 6.571265 0.505422 44.456810 0.060704 0.104636 0.422834 7.188430 -0.008205
6.764009 -1.100081 6.727481 0.319080 45.412800 0.063403 0.062713 0.463558 7.187800 -0.008837
6.881010 -1.177337 6.771979 0.165928 46.253292 0.067487 0.037039 0.475729 7.181116 -0.008862
7.014010 -1.260588 6.711770 0.004552 47.206348 0.070993 0.020720 0.459305 7.156949 -0.009562
7.131011 -1.324772 6.565292 -0.116912 48.044205 0.072037 0.020151 0.418297 7.161157 -0.007237
7.264011 -1.413062 6.355020 -0.289072 48.994530 0.072880 0.032534 0.348831 7.140152 -0.008263
7.381011 -1.489810 6.156861 -0.451955 49.829544 0.073345 0.055389 0.277043 7.136301 -0.008637
7.514012 -1.573722 5.921036 -0.643545 50.783573 0.076043 0.089726 0.196104 7.114230 -0.007999
7.631012 -1.634882 5.715105 -0.708914 51.607895 0.079552 0.122644 0.135079 7.102694 -0.008860
7.764013 -1.721625 5.497663 -0.734156 52.559860 0.085138 0.159401 0.073624 7.099076 -0.011843
7.881013 -1.799829 5.327496 -0.761673 53.390076 0.090459 0.187734 0.020483 7.092552 -0.011098
8.015014 -1.911449 5.161822 -0.794943 54.332687 0.095153 0.210678 -0.048790 7.085714 -0.016038
8.132014 -2.021845 5.053315 -0.806397 55.161499 0.098940 0.220669 -0.114058 7.080868 -0.017418
8.265015 -2.152398 4.957417 -0.827837 56.103146 0.103044 0.219747 -0.181766 7.077516 -0.016802
8.382015 -2.267258 4.879231 -0.813523 56.931133 0.105466 0.207493 -0.231614 7.077074 -0.017021
8.515016 -2.382065 4.788743 -0.808615 57.879238 0.106987 0.180420 -0.279511 7.074752 -0.014556
8.632016 -2.492439 4.711346 -0.816707 58.699196 0.108711 0.147912 -0.314591 7.066534 -0.016503
8.765017 -2.614877 4.637596 -0.842011 59.645176 0.111630 0.102490 -0.343203 7.053134 -0.015149
8.882017 -2.721043 4.580128 -0.886930 60.462524 0.112425 0.061189 -0.350130 7.039304 -0.014977
9.016018 -2.840526 4.533778 -0.948348 61.403618 0.111272 0.015417 -0.336381 7.017479 -0.015581
9.132018 -2.949468 4.513728 -0.989652 62.223743 0.109275 -0.019143 -0.312595 6.999777 -0.016475
9.266019 -3.064974 4.517786 -1.026489 63.152077 0.105417 -0.047275 -0.283426 6.966700 -0.015233
9.383019 -3.175055 4.542782 -1.146856 63.964905 0.101567 -0.061691 -0.258481 6.929334 -0.015058
9.516020 -3.307048 4.573136 -1.269834 64.882645 0.097134 -0.067228 -0.225185 6.881901 -0.017975
9.633020 -3.436856 4.591671 -1.367193 65.685379 0.092848 -0.063561 -0.185784 6.843519 -0.018359
9.767020 -3.590549 4.598379 -1.410186 66.590576 0.087594 -0.050054 -0.128421 6.778519 -0.020786
9.883020 -3.737938 4.594812 -1.466186 67.380119 0.081422 -0.031630 -0.068362 6.725180 -0.021450
10.016021 -3.912638 4.566482 -1.440119 68.270500 0.075076 -0.008228 0.007697 6.677932 -0.024004
10.133021 -4.064198 4.515971 -1.350402 69.048676 0.068834 0.010530 0.078578 6.633591 -0.024159
10.267022 -4.251561 4.457214 -1.292978 69.933990 0.059365 0.027041 0.159255 6.592070 -0.025338
10.383022 -4.426679 4.380329 -1.288655 70.702599 0.048584 0.036088 0.224550 6.557078 -0.026727
10.517023 -4.631933 4.273337 -1.341885 71.571213 0.035568 0.038692 0.290079 6.515376 -0.027667
10.634024 -4.819946 4.155502 -1.426767 72.331612 0.022036 0.032950 0.345972 6.493758 -0.026853
10.767024 -5.020925 4.005443 -1.553726 73.193817 0.005435 0.018563 0.413965 6.474398 -0.024161
10.884025 -5.192093 3.871310 -1.711051 73.950150 -0.011135 -0.000125 0.474591 6.461252 -0.023775
11.017025 -5.401555 3.716660 -1.925905 74.808197 -0.031939 -0.022242 0.524951 6.449795 -0.026762
11.134026 -5.605925 3.585474 -2.131624 75.561935 -0.051400 -0.041767 0.529783 6.441635 -0.029630
11.251026 -5.816298 3.471678 -2.354437 76.315094 -0.072589 -0.060486 0.486229 6.439096 -0.030358
11.384027 -6.064940 3.367866 -2.589281 77.169868 -0.096863 -0.076038 0.385880 6.423407 -0.031305
11.501027 -6.291846 3.324593 -2.770846 77.919098 -0.119123 -0.084461 0.272943 6.395105 -0.033116
11.634027 -6.557906 3.301605 -2.859441 78.773193 -0.146339 -0.089404 0.140690 6.361271 -0.034219
11.751028 -6.788760 3.320096 -2.874271 79.508545 -0.171694 -0.087922 0.030802 6.327987 -0.033784
11.884028 -7.054667 3.381714 -2.859270 80.353905 -0.202443 -0.080642 -0.093673 6.294655 -0.035560
12.002028 -7.289525 3.456154 -2.839416 81.081360 -0.230013 -0.071518 -0.203394 6.261986 -0.035535
12.135029 -7.577379 3.570397 -2.811424 81.915642 -0.264050 -0.057705 -0.324855 6.209957 -0.039666
12.251029 -7.854296 3.661736 -2.792016 82.638069 -0.296009 -0.046467 -0.415986 6.166099 -0.041796
12.385030 -8.186238 3.772913 -2.758211 83.454254 -0.334126 -0.037435 -0.492691 6.125560 -0.045758
12.503030 -8.506582 3.872530 -2.698031 84.167931 -0.369128 -0.033742 -0.537982 6.093134 -0.048616
12.635031 -8.890164 4.009989 -2.690733 84.974213 -0.411984 -0.033344 -0.569905 6.056738 -0.050354
12.752031 -9.225213 4.121265 -2.716028 85.680122 -0.451156 -0.035880 -0.581624 6.031066 -0.049749
12.886032 -9.624150 4.237154 -2.725712 86.483658 -0.498208 -0.044456 -0.572598 5.989800 -0.053807
13.002032 -10.000991 4.337470 -2.725088 87.176384 -0.540709 -0.053219 -0.543942 5.975299 -0.058969
13.135033 -10.461472 4.463224 -2.676673 87.973358 -0.591029 -0.063435 -0.489096 5.946266 -0.060866
13.252033 -10.870307 4.563682 -2.605790 88.659256 -0.636964 -0.071020 -0.424706 5.912748 -0.062891
13.386034 -11.355484 4.686026 -2.514863 89.446320 -0.691227 -0.078646 -0.325954 5.873576 -0.065896
13.502034 -11.800223 4.783011 -2.413055 90.129272 -0.739415 -0.085619 -0.213887 5.836321 -0.068247
13.636035 -12.316037 4.891536 -2.392379 90.900146 -0.798851 -0.090268 -0.059170 5.799971 -0.068295
13.753036 -12.783612 4.976484 -2.382323 91.573959 -0.854998 -0.091288 0.089484 5.769129 -0.071427
13.886036 -13.342561 5.066585 -2.369964 92.335564 -0.921700 -0.089810 0.256121 5.736763 -0.074603
14.003036 -13.850281 5.146858 -2.428118 93.007813 -0.983185 -0.087653 0.392285 5.710126 -0.076533
14.136037 -14.441308 5.237917 -2.588705 93.761032 -1.056221 -0.083678 0.523201 5.675331 -0.076144
14.253037 -14.975272 5.285810 -2.794262 94.414032 -1.122220 -0.079350 0.614570 5.648239 -0.078349
14.386038 -15.603748 5.317748 -3.043930 95.164627 -1.200487 -0.072635 0.688642 5.624164 -0.080276
14.504039 -16.166645 5.339853 -3.316648 95.817863 -1.270961 -0.067695 0.727881 5.608794 -0.080592
14.637039 -16.816650 5.360099 -3.667248 96.557487 -1.351718 -0.064441 0.745130 5.582177 -0.082010
14.753039 -17.408180 5.363750 -3.976386 97.205322 -1.423829 -0.063530 0.736066 5.565566 -0.085228
14.887040 -18.108791 5.373507 -4.362953 97.939423 -1.507855 -0.062338 0.692975 5.546375 -0.088230
15.004041 -18.748199 5.373827 -4.780706 98.581863 -1.584686 -0.061385 0.624467 5.521513 -0.090904
15.137041 -19.490240 5.394326 -5.283214 99.309792 -1.676022 -0.059356 0.519062 5.517967 -0.093631
15.254042 -20.176636 5.428621 -5.704778 99.948868 -1.759068 -0.056882 0.409888 5.502464 -0.097695
15.387042 -20.989653 5.492133 -6.232730 100.672348 -1.855711 -0.051288 0.271056 5.479615 -0.100260
15.504043 -21.712591 5.587984 -6.689648 101.305634 -1.942632 -0.044470 0.134089 5.451032 -0.102232
15.637043 -22.558884 5.720836 -7.199735 102.026649 -2.045488 -0.037222 -0.038392 5.421756 -0.103833
15.754044 -23.303514 5.826423 -7.643680 102.647331 -2.137338 -0.031090 -0.196852 5.403604 -0.105321
15.887044 -24.190434 5.971944 -8.184568 103.361320 -2.247753 -0.022316 -0.378265 5.385937 -0.109999
16.004045 -24.987265 6.126544 -8.642636 103.982712 -2.347351 -0.015207 -0.528365 5.372409 -0.112340
16.138048 -25.918415 6.308880 -9.134368 104.686165 -2.463805 -0.008526 -0.684422 5.355343 -0.116233
16.254051 -26.764162 6.497928 -9.578880 105.301987 -2.570101 -0.002984 -0.807498 5.326978 -0.119723
16.388054 -27.735903 6.708045 -10.108216 105.997429 -2.697015 0.002228 -0.923895 5.300940 -0.118282
16.505056 -28.606182 6.887417 -10.593513 106.605286 -2.811567 0.005632 -0.994560 5.278377 -0.122226
16.638060 -29.640142 7.090643 -11.103465 107.293488 -2.943745 0.010068 -1.020491 5.259550 -0.129255
16.755062 -30.571661 7.238975 -11.547384 107.895439 -3.063702 0.014492 -0.985312 5.237711 -0.130948
16.888065 -31.634087 7.395163 -12.072369 108.581375 -3.204892 0.019077 -0.883217 5.207680 -0.128496
17.005068 -32.552071 7.529642 -12.556096 109.171356 -3.329736 0.023490 -0.755283 5.193106 -0.129604
17.138071 -33.619747 7.681634 -13.123791 109.849991 -3.476849 0.031288 -0.576215 5.172225 -0.130355
17.255074 -34.547207 7.790796 -13.598013 110.434181 -3.607609 0.040173 -0.392599 5.150847 -0.129765
17.388077 -35.619961 7.876999 -14.164299 111.104256 -3.765079 0.051400 -0.140031 5.123600 -0.127704
17.506079 -36.552795 7.931744 -14.712100 111.686340 -3.907791 0.063824 0.114168 5.121869 -0.128015
17.638083 -37.617191 8.001413 -15.352921 112.346443 -4.074848 0.079648 0.416773 5.117581 -0.127549
17.755085 -38.542603 8.041616 -15.853625 112.924576 -4.225485 0.095815 0.664415 5.097649 -0.127938
17.889088 -39.588085 8.045182 -16.385851 113.578751 -4.400902 0.115206 0.891717 5.091620 -0.126810
18.005091 -40.506241 8.033227 -16.931030 114.153900 -4.558721 0.133834 1.028690 5.101064 -0.125811
18.139093 -41.560200 8.002029 -17.499949 114.807442 -4.741371 0.154740 1.104510 5.103001 -0.127578
18.256096 -42.488247 7.959802 -17.978621 115.381866 -4.904999 0.174412 1.101424 5.108334 -0.129247
18.389099 -43.542255 7.916687 -18.544310 116.034729 -5.095159 0.198744 1.027205 5.112300 -0.126823
18.506102 -44.462242 7.890635 -19.127279 116.606216 -5.266028 0.221560 0.913250 5.086314 -0.123418
18.639105 -45.496384 7.859108 -19.790115 117.258041 -5.466248 0.248384 0.751054 5.087159 -0.122420
18.756107 -46.392277 7.821257 -20.378538 117.820869 -5.643561 0.271479 0.602412 5.083373 -0.121303
18.889109 -47.404964 7.770848 -21.051329 118.474075 -5.854363 0.298260 0.439169 5.080261 -0.118310
19.006111 -48.236393 7.706428 -21.577442 119.027527 -6.038133 0.320441 0.313740 5.070783 -0.113368
19.140114 -49.174828 7.583248 -22.119585 119.671295 -6.255604 0.342942 0.175572 5.075165 -0.112612
19.256117 -49.962704 7.460598 -22.569584 120.231468 -6.448815 0.362014 0.049648 5.057433 -0.106798
19.390120 -50.839214 7.281077 -23.128887 120.865326 -6.672762 0.384178 -0.108737 5.048070 -0.104476
19.507122 -51.583908 7.092886 -23.595438 121.421295 -6.872966 0.403229 -0.262955 5.048405 -0.102274
19.640125 -52.392059 6.845582 -24.000050 122.052628 -7.103067 0.426485 -0.449545 5.047006 -0.098442
19.757128 -53.071609 6.637457 -24.299330 122.606529 -7.308505 0.448728 -0.614191 5.051674 -0.094254
19.890131 -53.798412 6.407764 -24.597420 123.234703 -7.545098 0.475775 -0.783014 5.028576 -0.089840
20.007133 -54.410000 6.189764 -24.848234 123.782890 -7.756830 0.500612 -0.893095 5.023862 -0.084440
20.140137 -55.065151 5.948215 -25.073664 124.407158 -8.003710 0.529354 -0.949567 5.002915 -0.080824
20.257139 -55.602722 5.754450 -25.209967 124.949051 -8.222854 0.555413 -0.933876 4.990152 -0.075555
20.391142 -56.161697 5.561261 -25.233118 125.559990 -8.477450 0.585367 -0.861723 4.978316 -0.071425
20.507145 -56.616119 5.428092 -25.158611 126.095444 -8.704654 0.612720 -0.773126 4.971828 -0.066361
20.641148 -57.091061 5.310614 -25.099983 126.701736 -8.968266 0.645306 -0.657000 4.965506 -0.060750
20.758150 -57.482830 5.234601 -24.991983 127.232292 -9.205270 0.673665 -0.536966 4.960241 -0.058608
20.891153 -57.900452 5.143697 -24.830078 127.831619 -9.479975 0.704976 -0.373263 4.956070 -0.054032
21.008156 -58.229877 5.031894 -24.626780 128.356323 -9.726554 0.730252 -0.209133 4.955397 -0.049317
21.141159 -58.566715 4.879689 -24.322023 128.954880 -10.014791 0.755070 -0.019769 4.957275 -0.045332
21.258162 -58.828175 4.733392 -23.999868 129.469986 -10.270382 0.774583 0.133749 4.953633 -0.042229
21.391165 -59.091827 4.544598 -23.513483 130.060562 -10.574116 0.791688 0.290445 4.956519 -0.038233
21.508167 -59.292027 4.342180 -22.974234 130.568619 -10.843540 0.804031 0.413423 4.956109 -0.034824
21.642170 -59.493023 4.090719 -22.286337 131.150558 -11.162783 0.813221 0.532609 4.952630 -0.031192
21.758173 -59.636139 3.857687 -21.661711 131.654633 -11.448772 0.816379 0.610690 4.954472 -0.025185
21.876175 -59.737568 3.634589 -20.961288 132.154739 -11.742543 0.816521 0.659744 4.955636 -0.019419
22.009178 -59.815876 3.355525 -20.068268 132.718414 -12.085899 0.815213 0.684106 4.959483 -0.014985
22.126181 -59.849827 3.097149 -19.200480 133.209885 -12.396207 0.812093 0.686407 4.972861 -0.010305
22.259184 -59.857018 2.762642 -18.173697 133.762741 -12.760170 0.806932 0.672566 4.981843 -0.006036
22.376186 -59.828529 2.451479 -17.131086 134.245331 -13.088624 0.801698 0.643545 4.995069 0.000294
22.509190 -59.736233 2.099838 -15.775628 134.789383 -13.472744 0.795463 0.585847 5.019135 0.008296
22.626192 -59.621609 1.787125 -14.453874 135.263397 -13.820576 0.790706 0.514534 5.026550 0.012443
22.759195 -59.465042 1.403306 -12.852296 135.794769 -14.229056 0.783698 0.414104 5.049231 0.017041
22.876198 -59.299477 1.052974 -11.358206 136.256393 -14.599659 0.774268 0.314419 5.067962 0.022199
23.009201 -59.066841 0.633667 -9.536564 136.779312 -15.037397 0.760606 0.195263 5.104804 0.031274
23.126204 -58.822121 0.260934 -7.855377 137.226639 -15.427786 0.744650 0.092420 5.126809 0.036484
23.259207 -58.508808 -0.195792 -5.853564 137.734573 -15.892685 0.717656 -0.021341 5.148166 0.043683
23.376209 -58.202057 -0.599884 -3.989085 138.169724 -16.311728 0.687449 -0.117412 5.173761 0.050070
23.510212 -57.831043 -1.083042 -1.782797 138.654739 -16.803785 0.648014 -0.230095 5.206909 0.054771
23.626215 -57.484947 -1.525828 0.172415 139.073029 -17.248623 0.611468 -0.336955 5.226630 0.060279
23.761217 -57.069233 -2.031072 2.430933 139.542114 -17.772245 0.565728 -0.461880 5.262119 0.064047
23.878220 -56.705875 -2.473702 4.388890 139.943512 -18.242580 0.522827 -0.561429 5.301417 0.066884
24.012222 -56.267067 -2.948544 6.589648 140.393982 -18.796690 0.474467 -0.646598 5.347952 0.072598
24.128225 -55.880291 -3.336057 8.405239 140.775864 -19.288799 0.432944 -0.687425 5.384331 0.072873
24.261229 -55.442989 -3.742393 10.334761 141.202637 -19.867270 0.385917 -0.695219 5.419031 0.073293
24.378231 -55.055725 -4.042975 11.905261 141.567520 -20.387617 0.347175 -0.671758 5.441293 0.073780
24.512234 -54.615772 -4.302504 13.521823 141.974716 -20.994940 0.307750 -0.613209 5.466053 0.071664
24.628237 -54.242901 -4.412160 14.742867 142.321625 -21.532736 0.276968 -0.537796 5.471994 0.066993
24.762239 -53.839573 -4.430484 15.797200 142.704041 -22.151920 0.246659 -0.428093 5.470953 0.060728
24.878242 -53.495594 -4.356579 16.424818 143.031174 -22.701956 0.224630 -0.314703 5.470860 0.056322
25.012245 -53.121979 -4.165457 16.809177 143.396088 -23.336740 0.202865 -0.173893 5.459668 0.048640
25.129248 -52.833679 -3.929901 16.935711 143.705795 -23.887882 0.185821 -0.046067 5.438256 0.041689
25.262251 -52.538353 -3.564018 16.798168 144.053391 -24.520166 0.168123 0.096120 5.413482 0.034240
25.379253 -52.319530 -3.169170 16.436182 144.352524 -25.076639 0.152796 0.206639 5.387097 0.025876
25.512257 -52.133030 -2.681141 15.753584 144.688919 -25.712273 0.134154 0.305384 5.350258 0.015676
25.629259 -52.017200 -2.226220 14.992225 144.976395 -26.259556 0.116893 0.367124 5.314579 0.008893
25.762262 -51.952042 -1.655694 13.793117 145.304459 -26.888233 0.095439 0.417552 5.274107 -0.001609
25.879265 -51.957966 -1.178879 12.576473 145.586105 -27.428038 0.075175 0.456283 5.229868 -0.009484
26.012268 -52.058506 -0.619128 10.949802 145.910629 -28.045536 0.052037 0.498625 5.192115 -0.022118
26.129271 -52.232662 -0.139293 9.320597 146.193787 -28.581676 0.033818 0.530401 5.172603 -0.030913
26.263273 -52.506763 0.353292 7.320600 146.517014 -29.187180 0.017614 0.543655 5.151287 -0.038369
26.380276 -52.807484 0.734282 5.475235 146.805756 -29.715834 0.006409 0.524233 5.145177 -0.045338
26.513279 -53.232910 1.111487 3.303966 147.140442 -30.312315 0.000552 0.464309 5.144655 -0.057337
26.630281 -53.695457 1.374955 1.327668 147.439865 -30.835085 0.002637 0.388900 5.154436 -0.065661
26.763285 -54.284340 1.594499 -0.982272 147.787003 -31.428919 0.014110 0.296841 5.185315 -0.072551
26.880287 -54.852570 1.732159 -3.013551 148.101120 -31.950493 0.033931 0.219252 5.221539 -0.077696
27.013290 -55.552662 1.837358 -5.292023 148.471649 -32.547836 0.068041 0.131256 5.267716 -0.085014
27.130293 -56.206715 1.897511 -7.165312 148.801361 -33.065987 0.105538 0.046169 5.317219 -0.092183
27.264296 -57.011696 1.936071 -9.194438 149.193451 -33.665302 0.153456 -0.060857 5.367278 -0.098975
27.380299 -57.741409 1.954196 -10.816375 149.546036 -34.190311 0.197409 -0.146662 5.433312 -0.101486
27.514301 -58.583057 1.955195 -12.492438 149.958588 -34.789803 0.249648 -0.213941 5.501807 -0.103324
27.631304 -59.325748 1.905157 -13.790195 150.331161 -35.319622 0.295714 -0.242634 5.566564 -0.104084
27.764307 -60.173443 1.860938 -15.028008 150.767136 -35.925526 0.345382 -0.256410 5.647324 -0.106788
27.881310 -60.922199 1.861746 -15.956282 151.160309 -36.462475 0.385748 -0.270887 5.715673 -0.107640
28.014313 -61.782482 1.873183 -16.847082 151.621140 -37.081120 0.425124 -0.300276 5.785698 -0.107924
28.131315 -62.516605 1.910537 -17.371910 152.028900 -37.618790 0.453705 -0.331137 5.838297 -0.107254
28.265318 -63.345646 1.967012 -17.750845 152.507050 -38.242058 0.480104 -0.359440 5.881919 -0.106303
28.381321 -64.029312 2.035434 -17.828424 152.927689 -38.783489 0.496771 -0.371400 5.928756 -0.100111
28.515324 -64.779579 2.132125 -17.680134 153.419342 -39.410473 0.509053 -0.367012 5.961896 -0.097649
28.631327 -65.407822 2.230254 -17.353495 153.853394 -39.957951 0.513521 -0.342700 5.973669 -0.094468
28.765329 -66.092896 2.346538 -16.838558 154.347977 -40.578804 0.513797 -0.289364 5.965750 -0.090895
28.881332 -66.663055 2.439485 -16.276264 154.782852 -41.123310 0.509521 -0.220998 5.944693 -0.086710
29.015335 -67.270210 2.538614 -15.524959 155.275635 -41.739826 0.500409 -0.134936 5.924656 -0.082044
29.132338 -67.765930 2.611772 -14.803699 155.706909 -42.281193 0.489394 -0.063562 5.910475 -0.075948
29.265341 -68.282318 2.690441 -13.905411 156.196838 -42.894081 0.476830 0.009508 5.888607 -0.071317
29.382343 -68.703262 2.736422 -13.073748 156.624252 -43.430847 0.466755 0.073465 5.853096 -0.066600
29.515347 -69.153236 2.756687 -12.023440 157.108368 -44.044949 0.455843 0.155962 5.817697 -0.063283
29.632349 -69.522820 2.730586 -11.103251 157.524658 -44.580742 0.448037 0.232018 5.788288 -0.061106
29.766352 -69.942337 2.652969 -10.071258 157.990479 -45.189499 0.440887 0.305966 5.744226 -0.062228
29.882355 -70.305840 2.515695 -9.137487 158.393723 -45.725132 0.435847 0.347394 5.722424 -0.058130
30.016357 -70.684143 2.329650 -8.113283 158.844009 -46.334412 0.431448 0.364492 5.674352 -0.053222
30.132360 -70.994049 2.136487 -7.251912 159.230484 -46.872215 0.428492 0.359901 5.652125 -0.050071
30.266363 -71.325912 1.897384 -6.281189 159.659912 -47.486347 0.424887 0.335802 5.621305 -0.046461
30.383366 -71.601288 1.655541 -5.412518 160.033966 -48.033562 0.421223 0.293274 5.613351 -0.043056
30.516369 -71.891052 1.353194 -4.487119 160.446640 -48.649323 0.415121 0.213919 5.616092 -0.040034
30.634371 -72.146698 1.063438 -3.699938 160.805725 -49.198910 0.405787 0.113206 5.607965 -0.039362
30.766373 -72.426018 0.739803 -2.874168 161.206879 -49.833099 0.390536 -0.023198 5.598644 -0.037647
30.883375 -72.664124 0.457783 -2.214816 161.545319 -50.387691 0.372798 -0.140104 5.604165 -0.034955
31.016378 -72.924217 0.154778 -1.536620 161.926956 -51.034851 0.348950 -0.248001 5.610650 -0.032743
31.133381 -73.140060 -0.070788 -0.967912 162.252640 -51.605431 0.326661 -0.305426 5.620409 -0.032025
31.267384 -73.381660 -0.261126 -0.401579 162.615784 -52.259132 0.299951 -0.327734 5.623083 -0.030701
31.383387 -73.562721 -0.374067 0.066303 162.928299 -52.839153 0.275930 -0.316711 5.635146 -0.022941
31.517389 -73.734810 -0.441543 0.593647 163.276169 -53.503273 0.249953 -0.284535 5.643314 -0.020809
31.634392 -73.864326 -0.443886 1.008757 163.574768 -54.092354 0.229035 -0.245181 5.648169 -0.017478
31.767395 -73.966896 -0.386385 1.376147 163.905746 -54.767181 0.208952 -0.189545 5.656945 -0.010150
31.884398 -74.019958 -0.296218 1.602795 164.191162 -55.365406 0.192888 -0.127480 5.667932 -0.007263
32.017399 -74.068085 -0.158662 1.735953 164.510315 -56.049633 0.178785 -0.045448 5.683078 -0.005627
32.134388 -74.097038 -0.017166 1.713430 164.786804 -56.655487 0.168699 0.029285 5.697327 -0.002826
32.251377 -74.110497 0.144360 1.630097 165.060074 -57.263626 0.160596 0.099964 5.702588 -0.001279
32.384365 -74.116623 0.326968 1.484142 165.369385 -57.956612 0.155744 0.169523 5.706992 -0.000850
32.501354 -74.110023 0.472483 1.263905 165.638992 -58.568169 0.156018 0.224744 5.716561 0.001842
32.634342 -74.087616 0.621360 0.932048 165.945267 -59.271641 0.160638 0.283222 5.736968 0.004295
32.751331 -74.056252 0.735345 0.643980 166.210815 -59.882385 0.168357 0.328556 5.747170 0.006203
32.885319 -74.004120 0.825137 0.231669 166.516708 -60.591492 0.180627 0.364287 5.779075 0.008637
33.002308 -73.949760 0.865938 -0.239108 166.784485 -61.214500 0.190660 0.371676 5.807740 0.010075
33.135296 -73.864250 0.862319 -0.792767 167.091904 -61.931629 0.202674 0.345337 5.830807 0.013370
33.251286 -73.779678 0.827826 -1.271422 167.358231 -62.555614 0.212480 0.291504 5.863492 0.014111
33.385273 -73.681145 0.747202 -1.757697 167.664581 -63.274742 0.220980 0.198410 5.894422 0.013655
33.502262 -73.583885 0.652380 -2.159901 167.933792 -63.912720 0.227675 0.099795 5.933887 0.016329
33.636250 -73.438820 0.543963 -2.535065 168.243088 -64.649223 0.232932 -0.011785 5.981827 0.022215
33.752239 -73.279366 0.464843 -2.788549 168.515488 -65.297661 0.235715 -0.092470 6.032217 0.025758
33.885227 -73.079178 0.392103 -3.080034 168.825562 -66.041107 0.237733 -0.156831 6.073696 0.028253
34.003216 -72.874245 0.363421 -3.237418 169.099701 -66.698914 0.238277 -0.195878 6.103197 0.032574
34.136204 -72.611870 0.350369 -3.387113 169.412872 -67.451042 0.237898 -0.235183 6.138585 0.036017
34.252193 -72.358910 0.350971 -3.491127 169.687866 -68.117096 0.236572 -0.272313 6.175541 0.037477
34.386181 -72.060112 0.384070 -3.476243 170.004395 -68.878365 0.233804 -0.313237 6.213201 0.039588
34.503170 -71.781830 0.439886 -3.343809 170.285629 -69.551483 0.230360 -0.343352 6.246769 0.041862
34.636158 -71.455330 0.534058 -3.129269 170.606491 -70.320061 0.226713 -0.367657 6.277424 0.043026
34.753147 -71.160225 0.627557 -2.914012 170.889633 -70.999901 0.222562 -0.381454 6.301357 0.043068
34.886135 -70.829498 0.718113 -2.626255 171.212296 -71.776138 0.217218 -0.385336 6.330081 0.042834
35.003124 -70.539703 0.787324 -2.325672 171.497391 -72.461662 0.214184 -0.368294 6.353274 0.042596
35.137112 -70.196716 0.856630 -1.888285 171.825851 -73.249542 0.212845 -0.312162 6.383374 0.044521
35.253101 -69.895973 0.899061 -1.494198 172.115128 -73.939339 0.214000 -0.230326 6.400971 0.043567
35.387089 -69.549538 0.934349 -1.031493 172.444839 -74.726555 0.218745 -0.112646 6.425389 0.045569
35.504078 -69.250908 0.955489 -0.639384 172.735306 -75.421310 0.227240 -0.002023 6.443203 0.043145
35.637066 -68.935219 0.964524 -0.275775 173.067429 -76.213364 0.241039 0.118655 6.467708 0.038394
35.754055 -68.675674 0.945472 0.077390 173.362320 -76.912148 0.255774 0.218484 6.490162 0.036880
35.887043 -68.387840 0.878410 0.541798 173.701447 -77.707481 0.277563 0.320890 6.509868 0.035945
36.004032 -68.160820 0.801953 0.922534 174.002762 -78.407547 0.299661 0.390570 6.517720 0.032125
36.137020 -67.926941 0.668815 1.256276 174.348709 -79.205330 0.328304 0.433480 6.548395 0.029553
36.254009 -67.715576 0.519597 1.517112 174.657837 -79.908379 0.357091 0.435118 6.572747 0.031097
36.386997 -67.513229 0.324348 1.721134 175.016541 -80.715004 0.392746 0.404086 6.598879 0.023620
36.503986 -67.366783 0.161558 1.840701 175.331039 -81.413506 0.424456 0.360696 6.610446 0.020704
36.637974 -67.207924 -0.046009 1.969471 175.701874 -82.218834 0.464447 0.302378 6.623702 0.021046
36.753963 -67.073250 -0.227343 2.016843 176.029724 -82.921959 0.501994 0.244343 6.637222 0.020575
36.887951 -66.933167 -0.412396 1.906611 176.406693 -83.720535 0.545360 0.171968 6.641837 0.016865
37.003941 -66.835861 -0.541001 1.657631 176.740707 -84.422821 0.583135 0.106133 6.646157 0.014011
37.137928 -66.743500 -0.678722 1.415377 177.125885 -85.219299 0.623939 0.036513 6.655655 0.010491
37.254917 -66.669189 -0.786329 1.203259 177.468033 -85.919350 0.658487 -0.019138 6.659090 0.011103
37.387905 -66.596672 -0.887017 0.903779 177.858063 -86.714172 0.694433 -0.077795 6.656116 0.007292
37.504894 -66.544167 -0.957514 0.641121 178.202637 -87.413780 0.720244 -0.124263 6.665065 0.006978
37.637882 -66.470161 -1.044368 0.388143 178.596924 -88.214653 0.740595 -0.162886 6.660557 0.010423
37.754871 -66.406113 -1.122453 0.194410 178.937225 -88.908531 0.749724 -0.176515 6.661244 0.008093
37.888859 -66.337158 -1.224951 -0.113244 179.327789 -89.711563 0.749809 -0.170859 6.667174 0.008483
38.005848 -66.265335 -1.339839 -0.363949 179.666580 -90.413582 0.742107 -0.159565 6.659098 0.010695
38.138836 -66.167892 -1.479886 -0.645145 180.044510 -91.214516 0.722831 -0.159480 6.649943 0.012501
38.254826 -66.075790 -1.618028 -0.803481 180.371735 -91.920013 0.698324 -0.177446 6.641854 0.014339
38.388813 -65.954376 -1.809189 -0.879822 180.735977 -92.721817 0.663311 -0.210849 6.605931 0.017628
38.505802 -65.823097 -1.994521 -0.836316 181.049728 -93.426529 0.626534 -0.238532 6.581046 0.020186
38.638790 -65.669281 -2.214232 -0.668341 181.398544 -94.233780 0.579692 -0.253079 6.548578 0.022971
38.755779 -65.515060 -2.415311 -0.385008 181.689667 -94.933075 0.536319 -0.247356 6.515218 0.026613
38.888767 -65.322769 -2.650998 0.090022 182.009155 -95.735413 0.483327 -0.223592 6.473359 0.029445
39.005756 -65.140900 -2.862448 0.630475 182.276245 -96.442215 0.434221 -0.192863 6.442040 0.031590
39.138744 -64.946777 -3.090010 1.380574 182.565460 -97.251915 0.373792 -0.151587 6.396859 0.029446
39.255733 -64.791924 -3.273788 2.186466 182.801956 -97.953583 0.316849 -0.111874 6.372865 0.030679
39.389725 -64.620354 -3.462716 3.244181 183.059586 -98.763863 0.247909 -0.063444 6.328619 0.029753
39.505714 -64.494667 -3.600471 4.193466 183.270355 -99.470818 0.184062 -0.015199 6.286692 0.026351
39.639702 -64.378700 -3.684027 5.340040 183.493393 -100.271873 0.104646 0.051715 6.226739 0.024910
39.756691 -64.295387 -3.677152 6.374564 183.675446 -100.974625 0.030941 0.126637 6.188379 0.020327
39.889679 -64.238754 -3.556822 7.552665 183.866714 -101.769630 -0.056026 0.225862 6.120740 0.014914
40.006668 -64.227333 -3.349330 8.584305 184.024338 -102.463867 -0.132544 0.310475 6.056850 0.007403
40.139656 -64.268700 -2.961681 9.614648 184.192642 -103.246536 -0.214362 0.383231 5.986205 -0.003079
40.256645 -64.365593 -2.480620 10.347200 184.334152 -103.928001 -0.279944 0.413441 5.920100 -0.013506
40.389633 -64.556999 -1.760778 10.922840 184.490265 -104.700264 -0.345069 0.407290 5.845431 -0.028663
40.506622 -64.799683 -1.017888 11.119338 184.624176 -105.359917 -0.391521 0.375982 5.770779 -0.040746
40.640610 -65.195396 -0.042252 11.030229 184.782196 -106.111412 -0.428223 0.323833 5.699768 -0.059581
40.756599 -65.646530 0.903742 10.585944 184.926041 -106.758553 -0.443678 0.272584 5.638870 -0.070818
40.890587 -66.280365 2.059894 9.575191 185.101334 -107.481636 -0.441004 0.211197 5.567914 -0.083713
41.006577 -66.936905 3.073654 8.363313 185.270020 -108.105713 -0.422677 0.151804 5.499434 -0.092625
41.140564 -67.775505 4.138220 6.687704 185.482559 -108.799454 -0.381603 0.075262 5.434398 -0.098986
41.258556 -68.606285 4.968846 4.925138 185.693695 -109.408226 -0.326755 -0.001567 5.398097 -0.103005
41.375546 -69.471031 5.624739 2.979765 185.921188 -109.991409 -0.257843 -0.078904 5.396118 -0.102629
41.509533 -70.520393 6.166600 0.483637 186.214523 -110.652817 -0.156816 -0.165753 5.401868 -0.103394
41.625523 -71.453339 6.434677 -1.809262 186.493927 -111.215614 -0.054165 -0.237226 5.429426 -0.101019
41.758511 -72.496452 6.510985 -4.499414 186.845306 -111.850716 0.075760 -0.311721 5.485642 -0.093881
41.875500 -73.385155 6.376700 -6.954531 187.179901 -112.400230 0.196210 -0.368444 5.507135 -0.087962
42.008488 -74.339874 6.004275 -9.761809 187.591690 -113.019310 0.338207 -0.415941 5.579450 -0.082199
42.125477 -75.104034 5.516764 -12.139773 187.970322 -113.548157 0.457259 -0.438789 5.625490 -0.076825
42.259464 -75.914742 4.771790 -14.821417 188.430435 -114.150681 0.585455 -0.441366 5.680998 -0.071365
42.375458 -76.547920 4.004888 -17.051727 188.849686 -114.670555 0.685268 -0.426280 5.730780 -0.066208
42.509449 -77.195724 3.058826 -19.450935 189.342239 -115.256088 0.781145 -0.394102 5.771227 -0.063746
42.626438 -77.688148 2.201840 -21.398785 189.787964 -115.766998 0.848906 -0.355309 5.815115 -0.056847
42.759426 -78.172668 1.296938 -23.489998 190.305481 -116.343079 0.908792 -0.299452 5.832232 -0.051434
42.876415 -78.529251 0.589812 -25.178024 190.768585 -116.845512 0.946467 -0.235813 5.851354 -0.046849
43.009403 -78.856865 -0.051177 -26.866081 191.301987 -117.410980 0.974892 -0.144916 5.837471 -0.038554
43.126392 -79.084023 -0.443848 -28.094387 191.774292 -117.902275 0.989350 -0.049994 5.814496 -0.031361
43.259380 -79.277130 -0.662219 -29.260189 192.316681 -118.457466 0.999143 0.066575 5.764519 -0.022125
43.376369 -79.376556 -0.635997 -30.059072 192.783661 -118.930473 1.004435 0.169617 5.704250 -0.012232
43.509357 -79.420456 -0.353660 -30.690489 193.315689 -119.466942 1.008167 0.287206 5.591320 -0.002242
43.626347 -79.406273 0.096336 -31.026117 193.772766 -119.926544 1.011764 0.388738 5.502677 0.005582
43.760334 -79.330078 0.751466 -31.143345 194.282440 -120.439362 1.016274 0.494687 5.380252 0.014512
43.876324 -79.193092 1.410245 -31.131971 194.717697 -120.882065 1.019835 0.569899 5.257689 0.024394
44.010311 -78.971107 2.199737 -30.889158 195.198669 -121.378029 1.024377 0.622330 5.145808 0.030923
44.127300 -78.730934 2.874071 -30.544771 195.610199 -121.810219 1.028252 0.636800 5.068839 0.035103
44.260288 -78.400871 3.560190 -29.930901 196.064972 -122.298134 1.032311 0.616750 4.983395 0.040738
44.377277 -78.067230 4.060323 -29.169119 196.452667 -122.727074 1.034708 0.570182 4.918331 0.043598
44.510265 -77.646599 4.456956 -28.067501 196.882721 -123.221100 1.034350 0.484594 4.870689 0.044725
44.627254 -77.246582 4.648111 -26.884825 197.243820 -123.653526 1.029490 0.387321 4.851128 0.047284
44.760242 -76.763367 4.700241 -25.317015 197.644836 -124.151489 1.019512 0.255860 4.679433 0.045164
44.877232 -76.341843 4.612854 -23.728922 197.974121 -124.568375 1.005189 0.131811 4.518469 0.043197
45.011219 -75.843430 4.333649 -21.567818 198.333725 -125.036667 0.979693 -0.018016 4.327973 0.042305
45.127209 -75.419868 3.923092 -19.470793 198.628998 -125.435623 0.947459 -0.151471 4.177010 0.039677
45.261196 -74.953987 3.268034 -16.821707 198.943161 -125.879196 0.897129 -0.298809 4.010725 0.039504
45.378189 -74.547424 2.539094 -14.237779 199.201538 -126.264740 0.838248 -0.418567 3.873769 0.042117
45.511177 -74.112732 1.570433 -11.111428 199.466232 -126.690948 0.755279 -0.532941 3.789935 0.044891
45.628166 -73.734184 0.561652 -8.155615 199.681808 -127.081642 0.665568 -0.610949 3.834335 0.051946
45.761154 -73.324211 -0.734529 -4.511956 199.906708 -127.547203 0.547494 -0.669665 3.874379 0.055955
45.878143 -73.021545 -1.937339 -1.205885 200.079102 -127.964729 0.433710 -0.694620 3.910132 0.059321
46.012131 -72.714363 -3.374901 2.706710 200.250031 -128.462555 0.293764 -0.697939 3.941769 0.066640
46.128120 -72.479301 -4.584548 6.054421 200.372849 -128.904312 0.170141 -0.677795 3.962989 0.072856
46.262108 -72.258110 -5.824569 9.812963 200.485672 -129.424774 0.031420 -0.618166 3.986169 0.073362
46.378098 -72.108276 -6.700875 12.934157 200.562592 -129.886002 -0.079784 -0.521151 4.010345 0.071171
46.512085 -72.003227 -7.362146 16.024401 200.628418 -130.416672 -0.186238 -0.356707 4.031921 0.057635
46.629074 -71.989143 -7.590502 18.250935 200.673584 -130.886932 -0.257383 -0.181204 4.046650 0.034790
46.762062 -72.077682 -7.401903 20.184658 200.717545 -131.425659 -0.309862 0.014703 4.075710 0.009524
46.879051 -72.245644 -6.851694 21.325317 200.751862 -131.903152 -0.332608 0.156007 4.102009 -0.012211
47.012039 -72.535828 -5.843511 22.186960 200.794434 -132.446915 -0.333415 0.267790 4.097416 -0.036447
47.129028 -72.897514 -4.658960 22.420980 200.837814 -132.922791 -0.314545 0.334822 4.067837 -0.059954
47.262016 -73.459457 -3.082133 22.258690 200.897964 -133.460434 -0.277545 0.393935 4.008450 -0.084495
47.379005 -74.076324 -1.631321 21.778286 200.963959 -133.920792 -0.235788 0.439892 3.951880 -0.101749
47.511993 -74.907631 -0.004239 20.918032 201.057510 -134.434021 -0.179393 0.486934 3.903392 -0.118285
47.628983 -75.760796 1.350535 19.874767 201.157562 -134.877136 -0.123143 0.517310 3.869210 -0.130224
47.762970 -76.847313 2.740613 18.293201 201.293213 -135.371887 -0.051441 0.535776 3.851632 -0.137314
47.878960 -77.872917 3.760765 16.597624 201.433884 -135.801041 0.020707 0.540155 3.874471 -0.137702
48.012947 -79.095612 4.662823 14.312187 201.621384 -136.284668 0.113503 0.535735 3.918403 -0.138224
48.129936 -80.226860 5.202797 11.942024 201.808426 -136.707092 0.202671 0.524116 3.972066 -0.137967
48.262924 -81.521759 5.495177 8.998701 202.048584 -137.183960 0.310535 0.498379 4.053978 -0.129982
48.379913 -82.626900 5.462540 6.200665 202.282761 -137.602448 0.409530 0.458481 4.140918 -0.120373
48.512901 -83.842285 5.092360 2.779013 202.574677 -138.083298 0.525356 0.383561 4.240375 -0.114189
48.629890 -84.846245 4.502406 -0.301506 202.845978 -138.505157 0.623675 0.288849 4.320897 -0.108252
48.763878 -85.896385 3.610092 -3.795139 203.173477 -138.987869 0.727571 0.150546 4.426717 -0.104099
48.879868 -86.735817 2.671669 -6.859026 203.474686 -139.416290 0.807307 0.010080 4.508413 -0.097187
49.013855 -87.572990 1.496601 -10.303152 203.827271 -139.907639 0.881075 -0.153342 4.574988 -0.090513
49.129845 -88.198410 0.427897 -13.228535 204.143921 -140.344177 0.929895 -0.289157 4.630187 -0.083035
49.263832 -88.802643 -0.712720 -16.467396 204.505646 -140.845062 0.967524 -0.423902 4.655263 -0.078625
49.380821 -89.248871 -1.600330 -19.138304 204.823105 -141.288818 0.985279 -0.522463 4.664301 -0.072260
49.513809 -89.669022 -2.381203 -21.840509 205.181320 -141.795624 0.992007 -0.609190 4.666519 -0.064046
49.630798 -89.967789 -2.815577 -23.900242 205.492111 -142.244156 0.990383 -0.658875 4.658868 -0.054770
49.763786 -90.225075 -2.995340 -25.868526 205.837814 -142.760757 0.981443 -0.680329 4.626934 -0.040710
49.880775 -90.384178 -2.862095 -27.232613 206.126862 -143.209518 0.967763 -0.667909 4.577240 -0.029516
50.014767 -90.499947 -2.392075 -28.422937 206.445770 -143.727600 0.946064 -0.621689 4.509582 -0.016092
50.130756 -90.541420 -1.741308 -29.096016 206.709869 -144.179825 0.919983 -0.557696 4.447004 -0.005411
50.264744 -90.522636 -0.803362 -29.445944 206.990540 -144.692703 0.880759 -0.463104 4.357613 0.006230
50.380733 -90.454231 0.132661 -29.454870 207.217834 -145.142242 0.836592 -0.367653 4.271847 0.011615
50.514721 -90.336922 1.247459 -29.203369 207.453156 -145.651566 0.778359 -0.255283 4.183701 0.017609
50.631710 -90.183800 2.189575 -28.693478 207.638672 -146.099548 0.719536 -0.161739 4.120621 0.022715
50.764698 -89.962776 3.143277 -27.676380 207.824951 -146.610474 0.643924 -0.063524 4.068988 0.022282
50.881687 -89.730865 3.815963 -26.469610 207.967148 -147.062836 0.570291 0.019876 4.045749 0.023693
51.014675 -89.421364 4.338259 -24.734856 208.105057 -147.587036 0.477900 0.116168 4.049984 0.023445
51.131664 -89.138268 4.572167 -22.866884 208.201752 -148.045319 0.391439 0.201511 3.988207 0.017984
51.264652 -88.827484 4.590214 -20.300425 208.287811 -148.559082 0.285945 0.296671 3.819309 0.010610
51.381641 -88.578789 4.381168 -17.751768 208.342743 -148.988876 0.191607 0.372938 3.680178 0.006522
51.515629 -88.313286 3.893435 -14.449926 208.384079 -149.474411 0.080526 0.454968 3.654284 0.001960
51.631618 -88.110199 3.225976 -11.277219 208.400635 -149.907959 -0.017326 0.525630 3.746710 -0.000740
51.765606 -87.930939 2.229091 -7.423829 208.401138 -150.414017 -0.125598 0.611208 3.848550 -0.000314
51.882595 -87.832787 1.188055 -3.887357 208.389130 -150.871185 -0.211983 0.693078 3.947988 -0.002076
51.999584 -87.809685 0.059437 -0.258963 208.370956 -151.339050 -0.283508 0.771425 4.040093 -0.002956
52.132572 -87.894913 -1.217584 3.793587 208.351395 -151.883377 -0.336283 0.830057 4.136686 -0.008847
52.265560 -88.120071 -2.345218 7.476607 208.340088 -152.441467 -0.348062 0.824336 4.236191 -0.018614
52.382549 -88.429283 -3.128217 10.284359 208.340836 -152.943420 -0.317475 0.751294 4.325610 -0.032285
52.499538 -88.834724 -3.645899 12.622002 208.355621 -153.455399 -0.247142 0.621714 4.411636 -0.046456
52.632526 -89.393188 -3.871414 14.709842 208.392365 -154.051163 -0.123814 0.431461 4.481106 -0.060716
52.749516 -89.931755 -3.761543 15.957767 208.437256 -154.570679 0.010324 0.248014 4.502749 -0.073681
52.882504 -90.588676 -3.345228 16.756338 208.499054 -155.170380 0.181861 0.029446 4.492785 -0.081517
52.999493 -91.171028 -2.760336 16.947409 208.559174 -155.690689 0.333439 -0.163947 4.464515 -0.087727
53.132484 -91.840775 -1.920860 16.588329 208.629852 -156.278717 0.492234 -0.375772 4.447577 -0.091503
53.249474 -92.451347 -1.085289 15.835508 208.692963 -156.795822 0.607239 -0.540828 4.460541 -0.095049
53.383461 -93.159782 -0.092776 14.663332 208.764175 -157.387711 0.701250 -0.689385 4.502720 -0.093606
53.500450 -93.793098 0.781557 13.403220 208.828079 -157.914673 0.747589 -0.782788 4.561175 -0.093219
53.633438 -94.529388 1.720583 11.779881 208.901642 -158.522537 0.758290 -0.851857 4.634323 -0.090251
53.750427 -95.166954 2.457463 10.180402 208.968002 -159.065430 0.733430 -0.888362 4.699258 -0.083678
53.883415 -95.863792 3.134183 8.234505 209.046478 -159.689972 0.673495 -0.902414 4.758137 -0.074568
54.000404 -96.438034 3.528219 6.411132 209.118546 -160.244949 0.601621 -0.888280 4.801955 -0.066161
54.133392 -97.038658 3.711550 4.175715 209.206848 -160.886108 0.509734 -0.835926 4.847671 -0.055707
54.250381 -97.516747 3.618460 2.157587 209.286575 -161.444290 0.434106 -0.760110 4.872424 -0.049186
54.383373 -98.009499 3.221279 -0.166634 209.382721 -162.092072 0.363356 -0.640324 4.898622 -0.044257
54.501362 -98.400917 2.661663 -2.247260 209.467987 -162.658875 0.323480 -0.511606 4.900346 -0.040272
54.634350 -98.796341 1.818293 -4.663056 209.561081 -163.304489 0.308506 -0.343067 4.908985 -0.039210
54.750340 -99.098183 0.937285 -6.637064 209.638107 -163.874100 0.325018 -0.177884 4.910914 -0.038387
54.884327 -99.407913 -0.126605 -8.629314 209.716568 -164.523972 0.375179 0.020140 4.932051 -0.038781
55.001316 -99.661385 -1.060056 -10.070987 209.777802 -165.098862 0.443112 0.197726 4.951963 -0.040005
55.134304 -99.937973 -2.043667 -11.361731 209.835266 -165.756119 0.541097 0.395632 4.971082 -0.040391
55.251293 -100.187561 -2.799474 -12.142770 209.872940 -166.338745 0.635603 0.563442 5.002279 -0.042966
55.384281 -100.484238 -3.474245 -12.624373 209.901093 -167.013580 0.738334 0.739886 5.067069 -0.040732
55.501270 -100.725700 -3.836426 -12.710817 209.909988 -167.605087 0.812118 0.866650 5.125182 -0.034886
55.635258 -100.975151 -3.997905 -12.473692 209.901550 -168.298187 0.864907 0.962055 5.211477 -0.026780
55.751247 -101.156738 -3.915232 -11.981383 209.876877 -168.913406 0.871394 0.991956 5.299739 -0.018668
55.885235 -101.315521 -3.558908 -11.029238 209.830460 -169.624283 0.826502 0.967712 5.391270 -0.008389
56.002224 -101.394569 -3.009129 -9.951030 209.773239 -170.257111 0.736816 0.908801 5.452895 0.000857
56.135212 -101.432823 -2.152298 -8.531355 209.691086 -170.981232 0.579852 0.813876 5.490353 0.004881
56.252201 -101.420074 -1.250431 -7.153553 209.605118 -171.617477 0.398169 0.712507 5.479362 0.009245
56.385189 -101.360573 -0.122447 -5.506642 209.494797 -172.333984 0.158427 0.573724 5.429981 0.010580
56.502178 -101.279678 0.882348 -4.068169 209.389664 -172.953827 -0.063733 0.426496 5.335826 0.010740
56.635166 -101.154579 1.940027 -2.494363 209.267761 -173.643753 -0.305447 0.233707 5.219102 0.013022
56.752155 -100.995262 2.716743 -1.239398 209.165070 -174.238815 -0.486000 0.050791 5.125112 0.017519
56.885143 -100.761024 3.361673 -0.011111 209.059357 -174.910095 -0.633605 -0.154643 5.036888 0.025720
57.002132 -100.498680 3.671778 0.847910 208.982513 -175.485718 -0.694868 -0.315931 4.988132 0.035407
57.136120 -100.147163 3.743006 1.502183 208.918137 -176.147430 -0.683848 -0.470204 4.945659 0.045300
57.253109 -99.804932 3.575516 1.649532 208.885651 -176.721542 -0.599715 -0.578255 4.892775 0.051454
57.386097 -99.424614 3.188851 1.381597 208.874557 -177.364990 -0.425586 -0.676103 4.794981 0.053247
57.503086 -99.094917 2.661108 0.916597 208.888458 -177.917511 -0.213525 -0.743370 4.674979 0.052707
57.636074 -98.742798 1.877880 0.218556 208.923752 -178.526855 0.072687 -0.795688 4.532445 0.048771
57.753063 -98.452103 1.093636 -0.545106 208.969910 -179.047333 0.339120 -0.813637 4.418972 0.044420
57.886051 -98.152817 0.120285 -1.475335 209.035355 -179.628067 0.638969 -0.796270 4.321292 0.038148
58.003040 -97.915787 -0.743875 -2.292554 209.096725 -180.122803 0.877389 -0.750584 4.289504 0.033133
58.137028 -97.660652 -1.724985 -3.192894 209.168869 -180.694199 1.108868 -0.673709 4.317445 0.028758
58.253017 -97.449165 -2.522921 -3.895725 209.230148 -181.196213 1.261293 -0.597299 4.396066 0.027197
58.387005 -97.207733 -3.365755 -4.627064 209.295273 -181.791687 1.370522 -0.502813 4.536969 0.027005
58.502995 -96.984016 -3.999600 -5.213839 209.346390 -182.328934 1.404611 -0.408479 4.668726 0.028343
58.636982 -96.714294 -4.569052 -5.842794 209.395798 -182.959793 1.371182 -0.272384 4.824533 0.031108
58.754974 -96.460449 -4.890937 -6.248760 209.432571 -183.535126 1.280617 -0.112761 4.924535 0.033649
58.887962 -96.154335 -4.999254 -6.492821 209.463715 -184.195267 1.116430 0.105291 4.990064 0.039963
59.004951 -95.860771 -4.837532 -6.492702 209.480408 -184.779114 0.933587 0.305871 4.990320 0.046297
59.137939 -95.487564 -4.332712 -6.140987 209.485275 -185.444992 0.699278 0.502319 4.949933 0.055743
59.254929 -95.137642 -3.643226 -5.546834 209.474213 -186.015274 0.492213 0.621365 4.893579 0.061100
59.387917 -94.684990 -2.617507 -4.503819 209.443939 -186.664658 0.266362 0.699175 4.821467 0.068623
59.504906 -94.265755 -1.582180 -3.308600 209.403641 -187.219086 0.094630 0.729492 4.773962 0.070102
59.638893 -93.756447 -0.328058 -1.660779 209.344147 -187.851715 -0.067785 0.736455 4.720284 0.070104
59.754883 -93.287781 0.750558 -0.101345 209.282089 -188.399368 -0.174076 0.721772 4.705950 0.067891
59.888870 -92.752075 1.883136 1.626686 209.203644 -189.019699 -0.251330 0.682522 4.699579 0.062592
60.004860 -92.291512 2.750239 2.936755 209.128311 -189.565842 -0.282768 0.629389 4.722822 0.059776
