1.20 1.10 20 64
0.135000 0.014630 0.077729 -0.096779 0.973338 0.001722 -0.142573 -0.083176 6.711325 0.003116
0.262000 0.032489 0.335993 -0.228664 1.821384 0.004065 -0.098043 0.001733 6.648611 0.003094
0.377000 0.057513 0.698483 -0.314420 2.581491 0.006850 -0.028013 0.082340 6.575723 0.004230
0.504000 0.090301 1.183425 -0.411967 3.410110 0.010012 0.069927 0.161843 6.486508 0.005521
0.630000 0.140443 1.692542 -0.520637 4.222154 0.012841 0.174765 0.213870 6.420283 0.008835
0.755000 0.208102 2.211734 -0.584153 5.027004 0.015921 0.274664 0.229960 6.368374 0.010773
0.881000 0.287597 2.698696 -0.639948 5.822447 0.019964 0.358132 0.215313 6.362199 0.011203
1.005000 0.367019 3.134197 -0.688785 6.617698 0.023902 0.419647 0.185928 6.368234 0.011980
1.129000 0.448625 3.505574 -0.716375 7.402626 0.027673 0.454881 0.155475 6.392388 0.011240
1.254000 0.541643 3.794189 -0.725229 8.211299 0.031091 0.460717 0.125600 6.437327 0.013524
1.378000 0.641196 3.974975 -0.752902 9.013323 0.033547 0.437912 0.091426 6.490113 0.014453
1.504000 0.744183 4.047973 -0.785961 9.827958 0.035554 0.389118 0.048874 6.535325 0.014951
1.629001 0.850383 4.024693 -0.824139 10.655659 0.038019 0.319444 0.004103 6.590426 0.014592
1.754001 0.956507 3.911343 -0.850897 11.483380 0.041615 0.238283 -0.030625 6.640229 0.015336
1.880001 1.074010 3.716146 -0.911154 12.316347 0.044388 0.153996 -0.047724 6.678880 0.018245
2.005001 1.207325 3.452878 -0.984169 13.160295 0.045244 0.073962 -0.047282 6.708908 0.019783
2.131001 1.345566 3.152797 -1.061620 14.001196 0.046450 0.006102 -0.034973 6.743911 0.020572
2.256001 1.495544 2.839398 -1.055144 14.845865 0.050866 -0.041998 -0.017066 6.768314 0.021099
2.381000 1.649846 2.551668 -0.946988 15.701153 0.058826 -0.063792 0.001929 6.803040 0.020898
2.504000 1.803198 2.303968 -0.788579 16.539515 0.067568 -0.058268 0.016057 6.824908 0.021345
2.628999 1.976221 2.123075 -0.528278 17.393995 0.077268 -0.026316 0.020133 6.840736 0.022538
2.754999 2.145108 2.015330 -0.231936 18.255095 0.086561 0.028509 0.010491 6.832448 0.021144
2.877999 2.309975 1.981949 0.082077 19.094965 0.097976 0.096917 -0.009603 6.829796 0.021707
3.002999 2.480901 2.015001 0.398406 19.947752 0.111696 0.172344 -0.032103 6.820640 0.021987
3.127998 2.654829 2.113424 0.674322 20.800550 0.125135 0.243862 -0.047259 6.825939 0.023741
3.252998 2.837416 2.252628 0.966194 21.647516 0.138981 0.303931 -0.050054 6.838607 0.023362
3.377998 3.017542 2.434839 1.253444 22.509785 0.154080 0.346881 -0.043649 6.854148 0.023073
3.501997 3.200800 2.638190 1.545998 23.362305 0.168733 0.367387 -0.036912 6.889069 0.024427
3.626997 3.387238 2.880562 1.852800 24.218735 0.184374 0.364265 -0.037424 6.920391 0.024738
3.750997 3.578008 3.136178 2.134074 25.085598 0.201015 0.336282 -0.047410 6.943322 0.025184
3.875997 3.765294 3.403086 2.396807 25.955227 0.218157 0.285431 -0.059409 6.967618 0.023028
4.011996 3.956951 3.688503 2.678860 26.895790 0.238771 0.212813 -0.060143 6.961751 0.022084
4.125998 4.115160 3.910853 2.884097 27.688820 0.258444 0.144857 -0.041957 6.950936 0.022087
4.250999 4.288200 4.135519 3.069494 28.563030 0.280424 0.068219 -0.003701 6.929376 0.022115
4.384001 4.474324 4.343910 3.205303 29.488468 0.305727 -0.007713 0.042790 6.888080 0.023204
4.509002 4.641909 4.496308 3.250977 30.339283 0.329557 -0.064239 0.077004 6.846103 0.022836
4.634004 4.804644 4.605856 3.206326 31.190792 0.354871 -0.102486 0.099139 6.795323 0.022614
4.760005 4.964342 4.678451 3.142491 32.036621 0.383084 -0.119429 0.113778 6.750251 0.023279
4.884007 5.127012 4.705698 3.015264 32.876312 0.410571 -0.114713 0.122227 6.700835 0.024393
5.009008 5.280113 4.709817 2.805253 33.709446 0.438682 -0.090273 0.116307 6.651433 0.023551
5.134009 5.434254 4.701963 2.530475 34.536366 0.468938 -0.048369 0.085951 6.600656 0.024811
5.259011 5.596354 4.673223 2.303987 35.350304 0.501942 0.003206 0.034144 6.552741 0.024806
5.384012 5.753237 4.630107 2.081277 36.171940 0.538446 0.060673 -0.023363 6.511537 0.023501
5.509014 5.893221 4.581946 1.867366 36.983475 0.575725 0.116408 -0.067275 6.493326 0.020789
5.634015 6.023937 4.520691 1.662154 37.792683 0.614887 0.164382 -0.092772 6.475607 0.019898
5.758017 6.152418 4.434208 1.501028 38.594219 0.654566 0.200407 -0.106219 6.470448 0.020581
5.883018 6.289529 4.310810 1.365274 39.395420 0.695685 0.221283 -0.114229 6.471614 0.020082
6.008019 6.434991 4.160694 1.256078 40.203636 0.739824 0.224637 -0.117047 6.476956 0.022568
6.132021 6.592464 3.989448 1.157000 41.013477 0.784957 0.210438 -0.110888 6.493034 0.024121
6.256022 6.756661 3.810302 1.082251 41.818970 0.830475 0.180780 -0.095003 6.513278 0.023759
6.381024 6.931082 3.638938 1.033114 42.632755 0.877477 0.141202 -0.073281 6.524859 0.024356
6.506025 7.111072 3.484633 0.977233 43.446373 0.926278 0.096760 -0.051410 6.519901 0.025578
6.631027 7.293878 3.340022 0.959581 44.259651 0.976016 0.051775 -0.033683 6.510923 0.026297
6.752028 7.475902 3.224242 0.973236 45.045074 1.025064 0.014551 -0.019869 6.498709 0.026224
6.887030 7.684029 3.132980 1.071064 45.912064 1.081381 -0.014694 -0.003514 6.475266 0.027086
7.012032 7.894715 3.103688 1.195214 46.717678 1.135143 -0.029040 0.017424 6.445664 0.028649
7.126033 8.096651 3.126019 1.292297 47.455009 1.184629 -0.028679 0.042094 6.410232 0.030808
7.251034 8.330250 3.190645 1.379998 48.249821 1.239299 -0.015059 0.069903 6.349586 0.033584
7.387036 8.613194 3.288738 1.462785 49.100834 1.299724 0.011665 0.093348 6.294357 0.037582
7.511037 8.892042 3.398724 1.486216 49.881523 1.356122 0.044183 0.106096 6.240326 0.037961
7.636039 9.170390 3.491114 1.484902 50.655891 1.413814 0.080031 0.112673 6.191406 0.040090
7.761040 9.459191 3.543641 1.481553 51.424591 1.472899 0.114829 0.116839 6.147448 0.042009
7.886042 9.759791 3.550539 1.510922 52.188572 1.534212 0.144557 0.118640 6.119468 0.041872
8.011043 10.075970 3.482441 1.621036 52.949707 1.596935 0.164874 0.115925 6.104861 0.043821
8.136041 10.399544 3.370063 1.746319 53.710560 1.661578 0.176027 0.106850 6.111909 0.043698
8.263038 10.724360 3.205965 1.889084 54.472923 1.728543 0.177805 0.093927 6.129213 0.043690
8.385035 11.037485 3.006826 2.038180 55.230648 1.795921 0.170102 0.080820 6.142552 0.042889
8.508032 11.340350 2.795885 2.206684 55.984409 1.864448 0.153819 0.069358 6.157929 0.040906
8.634030 11.645680 2.604742 2.379423 56.752399 1.935738 0.131659 0.056339 6.177556 0.042283
8.759028 11.967259 2.424039 2.535119 57.521774 2.008194 0.107129 0.034944 6.185491 0.044431
8.884027 12.295578 2.268362 2.696405 58.297619 2.082407 0.082001 -0.001465 6.187427 0.044387
9.010025 12.628746 2.167315 2.902209 59.067215 2.158452 0.062263 -0.051842 6.185511 0.046306
9.135023 12.980700 2.124117 3.156574 59.840950 2.237625 0.050497 -0.108729 6.160942 0.047995
9.257020 13.329845 2.132925 3.426056 60.586555 2.316760 0.046830 -0.157559 6.136122 0.050007
9.382018 13.701887 2.181610 3.651045 61.347290 2.398023 0.052327 -0.191928 6.111872 0.051312
9.507016 14.077860 2.273134 3.887531 62.103889 2.480148 0.064984 -0.208220 6.073084 0.052429
9.633015 14.470724 2.394323 4.057493 62.854946 2.564338 0.082264 -0.208986 6.023166 0.054917
9.757012 14.868276 2.512289 4.188522 63.600117 2.650377 0.102920 -0.197399 5.986225 0.055135
9.883011 15.280918 2.608430 4.327290 64.339706 2.738683 0.124882 -0.175752 5.944059 0.057504
10.008009 15.707898 2.685364 4.446780 65.079704 2.831943 0.144814 -0.147210 5.905864 0.058571
10.133007 16.139624 2.722134 4.580219 65.809280 2.927495 0.159237 -0.119020 5.873213 0.060220
10.257005 16.575649 2.705369 4.667572 66.529541 3.024968 0.167640 -0.097008 5.852200 0.061162
10.379002 17.015495 2.630770 4.720770 67.235695 3.123350 0.169458 -0.081979 5.839365 0.062402
10.502000 17.465303 2.506930 4.760384 67.945793 3.225137 0.165600 -0.067714 5.828810 0.063896
10.633997 17.960514 2.340607 4.815819 68.705742 3.338206 0.155410 -0.044904 5.815622 0.065512
10.756994 18.430832 2.146183 4.893936 69.406021 3.446561 0.142178 -0.013583 5.804078 0.067246
10.877994 18.902065 1.942857 4.973468 70.110878 3.557708 0.127897 0.025181 5.798782 0.066063
11.010990 19.402761 1.726181 5.042120 70.864914 3.681676 0.112674 0.067915 5.782550 0.065359
11.133987 19.870895 1.553403 5.072869 71.565880 3.800505 0.101686 0.103699 5.776014 0.067387
11.255984 20.343237 1.410568 5.110740 72.259460 3.921853 0.095759 0.133943 5.765650 0.066567
11.378982 20.804150 1.310084 5.157576 72.956696 4.048661 0.095815 0.162629 5.757068 0.064424
11.502979 21.266008 1.246013 5.147071 73.651566 4.178255 0.101276 0.195708 5.740477 0.066526
11.636979 21.782187 1.247477 5.118283 74.405067 4.324173 0.113392 0.243619 5.717550 0.067474
11.759976 22.260935 1.291632 5.111553 75.098381 4.463016 0.129355 0.297857 5.692302 0.067633
11.881974 22.736746 1.355727 5.093996 75.783073 4.603407 0.146152 0.350547 5.671328 0.067264
12.003971 23.209459 1.457849 5.045026 76.453148 4.744711 0.163487 0.385739 5.648538 0.068481
12.125969 23.680540 1.578697 5.031117 77.125069 4.890207 0.178469 0.391661 5.626592 0.066833
12.258965 24.185766 1.701460 4.982340 77.854431 5.052674 0.189906 0.359804 5.612083 0.065904
12.381963 24.641460 1.814909 4.980340 78.526749 5.207400 0.194483 0.300412 5.602454 0.063688
12.505960 25.086349 1.925372 4.998795 79.202904 5.367609 0.194475 0.220894 5.601212 0.062461
12.628958 25.528700 2.038196 4.985443 79.867226 5.527945 0.190671 0.130632 5.602270 0.063519
12.750955 25.976303 2.151109 4.995196 80.536964 5.692367 0.183356 0.030607 5.604232 0.063734
12.883951 26.466681 2.269304 5.015203 81.259911 5.872859 0.174063 -0.087812 5.601764 0.064192
13.006948 26.920135 2.356280 5.050412 81.926880 6.043689 0.164740 -0.203303 5.596960 0.063816
13.129947 27.378170 2.428691 5.089928 82.587685 6.215879 0.155425 -0.316095 5.596362 0.064959
13.252945 27.831564 2.478732 5.090126 83.258484 6.393300 0.147195 -0.418312 5.595230 0.063405
13.384941 28.313570 2.507873 5.143470 83.971039 6.586730 0.140580 -0.504126 5.593668 0.063577
13.508939 28.758617 2.517159 5.221907 84.634087 6.770686 0.136983 -0.558104 5.592051 0.061841
13.631936 29.179707 2.495025 5.299627 85.295609 6.957825 0.137566 -0.583180 5.587789 0.058309
13.754934 29.602003 2.454533 5.394485 85.961830 7.149515 0.140876 -0.575164 5.594525 0.059364
13.876932 30.019461 2.415865 5.512950 86.616425 7.340997 0.145722 -0.532701 5.587743 0.058143
14.010929 30.468685 2.382926 5.645489 87.334488 7.553845 0.154726 -0.450452 5.590608 0.058343
14.132928 30.874252 2.370216 5.760693 87.987419 7.750153 0.164143 -0.352409 5.586057 0.056361
14.254925 31.264101 2.352435 5.906149 88.638206 7.949988 0.175691 -0.241428 5.576524 0.054503
14.378923 31.655575 2.318543 6.112855 89.297127 8.156742 0.188330 -0.121487 5.565477 0.053401
14.502921 32.034683 2.284527 6.294279 89.949966 8.363899 0.198708 0.000945 5.572627 0.051305
14.625918 32.392941 2.253059 6.514245 90.602203 8.574040 0.206875 0.122995 5.570048 0.048382
14.759915 32.767342 2.234198 6.720264 91.317276 8.807948 0.213067 0.246709 5.574985 0.047623
14.882913 33.104355 2.229710 6.896240 91.967743 9.024804 0.215845 0.340284 5.571509 0.045399
15.004910 33.419254 2.238052 7.073892 92.611290 9.243078 0.216599 0.407236 5.573638 0.043163
15.127908 33.719395 2.237831 7.214140 93.260353 9.464496 0.213799 0.444681 5.575542 0.041358
15.251905 34.016068 2.232941 7.385928 93.913208 9.691074 0.208251 0.454676 5.575403 0.040246
15.385902 34.326591 2.232674 7.630080 94.617485 9.939222 0.202669 0.442325 5.571033 0.038099
15.508901 34.588909 2.236489 7.829811 95.263878 10.168699 0.196931 0.418834 5.574468 0.035531
15.629897 34.839073 2.240063 8.041149 95.897751 10.397196 0.192625 0.388068 5.566146 0.034819
15.752894 35.084866 2.234190 8.211122 96.540642 10.633095 0.188910 0.348316 5.567609 0.034102
15.885891 35.338863 2.240618 8.353739 97.234627 10.890793 0.185774 0.295657 5.567396 0.031987
16.007889 35.555271 2.251494 8.458348 97.876190 11.131668 0.187426 0.242993 5.572681 0.029279
16.130884 35.752178 2.273065 8.519588 98.512367 11.373508 0.191840 0.195171 5.583351 0.026192
16.252880 35.928032 2.317895 8.539050 99.148613 11.618394 0.199317 0.155096 5.591875 0.025101
16.375875 36.090176 2.374751 8.506383 99.789864 11.868522 0.208961 0.117062 5.599322 0.021766
16.509871 36.238239 2.452004 8.427505 100.482231 12.141256 0.220607 0.066922 5.597463 0.018946
16.632866 36.358547 2.543459 8.361413 101.126717 12.399229 0.232645 0.006075 5.596169 0.016150
16.754862 36.453556 2.654927 8.252897 101.759834 12.656127 0.243095 -0.063459 5.602755 0.013514
16.876858 36.533566 2.757267 8.098660 102.387772 12.914063 0.252128 -0.132605 5.615927 0.012034
17.008854 36.595936 2.855917 7.962990 103.078354 13.201660 0.259702 -0.199784 5.628670 0.007755
17.130850 36.629368 2.947397 7.866379 103.712570 13.470295 0.264625 -0.250531 5.655452 0.004485
17.252846 36.645981 3.013882 7.776537 104.348579 13.741440 0.267283 -0.293597 5.671025 0.002112
17.386841 36.656052 3.061623 7.723712 105.043030 14.040937 0.266973 -0.337109 5.699273 0.001464
17.509836 36.654591 3.084255 7.667622 105.687042 14.321290 0.264903 -0.378903 5.717633 -0.000373
17.632832 36.632919 3.096092 7.621419 106.338058 14.607896 0.261491 -0.423385 5.753387 -0.004599
17.755827 36.583454 3.099499 7.536947 106.987640 14.895715 0.259749 -0.464287 5.791726 -0.006987
17.877823 36.525902 3.083606 7.486514 107.634621 15.185987 0.258113 -0.488944 5.825261 -0.008598
18.010818 36.439804 3.048797 7.405529 108.343323 15.506949 0.257417 -0.479118 5.868184 -0.011729
18.133814 36.344193 2.997323 7.272945 109.003098 15.805802 0.258125 -0.423690 5.902360 -0.013369
18.256809 36.237759 2.945133 7.100529 109.666237 16.108137 0.261700 -0.325522 5.940445 -0.014804
18.379805 36.118767 2.898790 6.931207 110.327637 16.410234 0.267134 -0.199616 5.970211 -0.016403
18.502800 35.980236 2.866437 6.710397 111.002937 16.719694 0.271076 -0.060188 6.006643 -0.018115
18.636795 35.815434 2.836791 6.437562 111.732262 17.054573 0.274939 0.087682 6.056502 -0.021525
18.759790 35.648243 2.790277 6.179679 112.411690 17.366936 0.278549 0.216830 6.098955 -0.022870
18.883787 35.450462 2.770504 5.816412 113.108200 17.686541 0.280726 0.333800 6.147822 -0.026847
19.007782 35.229225 2.765141 5.452891 113.803139 18.006346 0.282202 0.425341 6.178945 -0.029990
19.131777 34.994545 2.774914 5.121531 114.501350 18.328932 0.283284 0.483142 6.218541 -0.031887
19.253773 34.756592 2.793263 4.834228 115.186127 18.646412 0.283884 0.507188 6.254187 -0.033520
19.377768 34.493206 2.834671 4.582494 115.898598 18.977242 0.284584 0.509484 6.303115 -0.036505
19.503761 34.208214 2.888798 4.352344 116.616211 19.310490 0.286013 0.499472 6.350687 -0.038909
19.628756 33.915951 2.938450 4.148340 117.337952 19.647020 0.286727 0.474864 6.389491 -0.039355
19.753750 33.622128 2.993928 3.983213 118.070053 19.989624 0.286004 0.422178 6.430057 -0.040007
19.878744 33.323708 3.056380 3.872606 118.794090 20.330021 0.285689 0.335021 6.464646 -0.042304
20.004740 33.002632 3.124041 3.814597 119.540550 20.680737 0.284558 0.219413 6.513403 -0.045023
20.125736 32.671108 3.198092 3.767127 120.256363 21.017597 0.283072 0.106227 6.554375 -0.049512
20.259731 32.283878 3.282124 3.755394 121.053558 21.393238 0.281151 -0.003568 6.589553 -0.050995
20.381727 31.926575 3.376187 3.722974 121.783699 21.734678 0.279957 -0.087978 6.618114 -0.050913
20.503723 31.567570 3.472490 3.735079 122.517357 22.076836 0.278587 -0.168267 6.649476 -0.052385
20.625719 31.195759 3.548069 3.792974 123.254730 22.420410 0.278448 -0.251460 6.684534 -0.054086
20.759714 30.775324 3.612779 3.870474 124.069794 22.799898 0.277337 -0.342466 6.729240 -0.055989
20.883709 30.371311 3.658388 3.957310 124.823334 23.148476 0.275493 -0.412448 6.770860 -0.058976
21.005705 29.956701 3.682775 4.069076 125.582878 23.497047 0.274060 -0.458428 6.804461 -0.060920
21.128700 29.521471 3.705699 4.208059 126.345123 23.846445 0.273067 -0.478136 6.826822 -0.063785
21.252695 29.083841 3.723034 4.357395 127.117737 24.198709 0.272368 -0.476227 6.860638 -0.062423
21.375690 28.653913 3.737176 4.521971 127.888481 24.546801 0.273533 -0.459291 6.885170 -0.062539
21.510685 28.196712 3.753414 4.704053 128.739456 24.926636 0.276529 -0.425705 6.918359 -0.059361
21.634680 27.782667 3.773934 4.860630 129.518631 25.272072 0.280298 -0.376033 6.941777 -0.060622
21.758675 27.362406 3.806658 4.983377 130.308502 25.618992 0.284654 -0.297979 6.969172 -0.060323
21.881670 26.938787 3.847333 5.119512 131.101639 25.965897 0.289910 -0.186493 6.990561 -0.061144
22.004665 26.521568 3.892689 5.229961 131.898087 26.311499 0.296095 -0.047097 7.011152 -0.058667
22.128660 26.120607 3.938978 5.358031 132.690674 26.653940 0.303167 0.100898 7.022989 -0.057688
22.251656 25.727390 3.971845 5.438591 133.485703 26.994658 0.309560 0.234623 7.036059 -0.057011
22.387651 25.306890 3.983084 5.466713 134.354492 27.364803 0.314827 0.343649 7.052979 -0.053855
22.511646 24.926401 3.968749 5.482939 135.167175 27.708483 0.318570 0.403658 7.063800 -0.053390
22.636641 24.545380 3.919017 5.498893 135.982941 28.050398 0.320148 0.430893 7.087722 -0.052896
22.759636 24.186043 3.845132 5.498548 136.796494 28.387964 0.320186 0.438097 7.118395 -0.049482
22.883631 23.838516 3.750699 5.443153 137.615067 28.724609 0.319456 0.437296 7.149947 -0.047356
23.008625 23.503393 3.646785 5.342265 138.445084 29.062859 0.317920 0.432503 7.188337 -0.045164
23.134619 23.180506 3.517186 5.128667 139.280167 29.399235 0.315986 0.419189 7.219580 -0.042726
23.258614 22.861155 3.386248 4.876119 140.121017 29.735998 0.313491 0.388098 7.263076 -0.042324
23.383608 22.544233 3.258896 4.620582 140.967941 30.072290 0.311173 0.334026 7.305898 -0.041893
23.508602 22.222742 3.147516 4.286575 141.821045 30.407803 0.308782 0.262885 7.350390 -0.043237
23.632597 21.891821 3.040558 3.905596 142.674927 30.739834 0.306955 0.188913 7.411880 -0.043541
23.756592 21.559399 2.963781 3.506269 143.535431 31.070549 0.306351 0.124054 7.448342 -0.044088
23.881586 21.221199 2.920396 3.063138 144.409042 31.401360 0.306276 0.069350 7.493717 -0.043193
24.005581 20.891466 2.936328 2.598440 145.281662 31.725878 0.306206 0.016339 7.515904 -0.042926
24.127577 20.561926 3.002987 2.093053 146.144775 32.041336 0.305279 -0.046724 7.542493 -0.043419
24.260572 20.212408 3.112784 1.639896 147.089890 32.382065 0.303510 -0.133508 7.561987 -0.042945
24.382568 19.892557 3.250357 1.257234 147.959854 32.690807 0.299332 -0.225749 7.571460 -0.042240
24.505564 19.586559 3.408849 0.917901 148.839523 32.997791 0.294138 -0.320985 7.572814 -0.040222
24.627560 19.283886 3.582963 0.649179 149.713440 33.298107 0.286652 -0.407176 7.573454 -0.040773
24.751554 18.991482 3.772601 0.455275 150.602554 33.599709 0.276656 -0.479539 7.576990 -0.038122
24.885550 18.700497 3.987953 0.321862 151.566010 33.921318 0.265195 -0.538690 7.583212 -0.035724
25.008545 18.437685 4.210253 0.192290 152.451355 34.211460 0.252880 -0.576134 7.568179 -0.035823
25.131540 18.180624 4.429497 0.168373 153.336060 34.498974 0.240627 -0.596478 7.558523 -0.036036
25.255535 17.934841 4.640273 0.223057 154.220551 34.782928 0.230380 -0.593384 7.550215 -0.036165
25.381531 17.683537 4.856193 0.352415 155.134048 35.072258 0.221243 -0.554762 7.539740 -0.035100
25.506525 17.451326 5.050586 0.563217 156.033417 35.352596 0.213697 -0.473978 7.528053 -0.035322
25.630520 17.222340 5.220446 0.721855 156.925827 35.626965 0.208848 -0.353691 7.530004 -0.033408
25.756514 17.003790 5.382965 0.887583 157.834625 35.900902 0.207392 -0.202650 7.527694 -0.031902
25.882507 16.796671 5.529247 1.085402 158.743164 36.171238 0.208746 -0.039536 7.523076 -0.030474
26.006502 16.615374 5.647223 1.317999 159.636993 36.434406 0.212383 0.118207 7.503875 -0.027540
26.132496 16.447037 5.749290 1.601554 160.544250 36.698635 0.218211 0.267354 7.499951 -0.026262
26.257490 16.304283 5.826301 1.952546 161.445099 36.957661 0.225026 0.401957 7.496668 -0.023710
26.382484 16.185072 5.872703 2.321310 162.345871 37.211845 0.231542 0.520455 7.478750 -0.020823
26.508478 16.078817 5.890713 2.665195 163.245819 37.461864 0.235294 0.616087 7.465080 -0.019074
26.632473 15.992461 5.867539 3.031262 164.144958 37.708107 0.235121 0.678401 7.457214 -0.015635
26.758467 15.917344 5.804418 3.352266 165.044952 37.950581 0.230965 0.699508 7.451278 -0.014046
26.883461 15.862613 5.703340 3.637300 165.952576 38.190788 0.220587 0.679559 7.453473 -0.010238
27.009455 15.826868 5.578735 3.921012 166.855240 38.425999 0.204575 0.628028 7.467899 -0.007829
27.135448 15.807155 5.431850 4.219590 167.767410 38.661697 0.185834 0.555553 7.478342 -0.005003
27.260443 15.800615 5.290438 4.505156 168.672897 38.893208 0.165878 0.470785 7.477226 -0.003648
27.383438 15.811994 5.150591 4.748157 169.571396 39.120358 0.144443 0.374217 7.470156 0.000358
27.506433 15.840300 5.001901 5.018430 170.462860 39.344002 0.125023 0.263521 7.473290 0.001170
27.629429 15.889737 4.888550 5.195091 171.355240 39.565372 0.109826 0.137516 7.478532 0.006563
27.752424 15.961331 4.802572 5.305202 172.247604 39.784798 0.097954 0.000334 7.462971 0.010732
27.885420 16.062834 4.729107 5.420679 173.209351 40.019283 0.091711 -0.150310 7.432627 0.013226
28.009415 16.171329 4.668637 5.482850 174.096497 40.233696 0.090426 -0.283097 7.409416 0.014717
28.132410 16.278120 4.626545 5.479186 174.986694 40.447941 0.094579 -0.404056 7.369940 0.015651
28.255405 16.399673 4.596703 5.443091 175.858719 40.657669 0.101571 -0.507471 7.333535 0.018925
28.380400 16.543438 4.572647 5.318300 176.747009 40.870224 0.111015 -0.592619 7.291358 0.023062
28.505394 16.701988 4.544023 5.144691 177.638092 41.082035 0.120792 -0.648006 7.249342 0.024385
28.631388 16.867552 4.500805 4.930264 178.517517 41.290810 0.129285 -0.662688 7.218153 0.026218
28.755383 17.037823 4.458131 4.707500 179.392899 41.499390 0.135070 -0.633996 7.187012 0.026115
28.881376 17.223980 4.420068 4.502080 180.265060 41.708374 0.137939 -0.568444 7.165204 0.029990
29.006371 17.425350 4.388669 4.261317 181.141815 41.919079 0.135478 -0.477442 7.149254 0.031274
29.131365 17.633617 4.344236 3.989424 182.008759 42.129589 0.126597 -0.373522 7.128620 0.032669
29.257359 17.848660 4.285728 3.686081 182.873138 42.340206 0.113894 -0.262481 7.104987 0.033880
29.383352 18.077944 4.226030 3.371047 183.741302 42.552456 0.098328 -0.147749 7.084014 0.036387
29.508347 18.325666 4.177783 3.085031 184.605515 42.763973 0.081837 -0.035266 7.050986 0.037117
29.633341 18.580276 4.131089 2.842406 185.458923 42.973621 0.066925 0.070377 7.017968 0.039725
29.759335 18.863829 4.099288 2.608626 186.315155 43.184952 0.054141 0.169548 6.988423 0.042903
29.884329 19.151196 4.091745 2.394639 187.154556 43.393654 0.046395 0.258392 6.963417 0.043085
30.008324 19.456272 4.088608 2.234884 187.995819 43.604012 0.042069 0.335773 6.919668 0.045234
30.133318 19.779894 4.084067 2.144315 188.830963 43.813358 0.041436 0.395284 6.868351 0.046895
30.258312 20.123985 4.089228 2.114559 189.652298 44.021355 0.046590 0.436178 6.811140 0.048980
30.383307 20.498182 4.117614 2.154813 190.473434 44.229412 0.055868 0.465117 6.751167 0.053334
30.507301 20.892199 4.132427 2.240735 191.287338 44.436749 0.067050 0.489535 6.701252 0.053865
30.632296 21.297045 4.123920 2.408196 192.087662 44.643635 0.079894 0.508691 6.647795 0.056558
30.755291 21.722134 4.087614 2.599665 192.881500 44.851742 0.092262 0.509341 6.598847 0.059100
30.877287 22.159618 4.018493 2.821722 193.656250 45.056934 0.101252 0.474320 6.552532 0.061194
31.003281 22.627991 3.917224 3.144742 194.449829 45.270367 0.107222 0.391461 6.503236 0.061891
31.127275 23.094383 3.790457 3.479161 195.219650 45.478912 0.109714 0.273384 6.469804 0.064273
31.250271 23.594341 3.651946 3.809223 195.991028 45.690365 0.109982 0.139456 6.434736 0.068647
31.375265 24.123075 3.510267 4.179433 196.763504 45.905506 0.107939 0.013429 6.397542 0.072350
31.500259 24.673815 3.372867 4.578253 197.530197 46.122604 0.103420 -0.091078 6.358493 0.075074
31.627253 25.257765 3.221643 4.989024 198.302872 46.346638 0.097096 -0.177449 6.316552 0.078930
31.752247 25.850153 3.065712 5.355135 199.058105 46.568661 0.090971 -0.251319 6.283827 0.080273
31.877241 26.452797 2.926757 5.725007 199.802338 46.791607 0.086902 -0.320537 6.252452 0.083772
32.001236 27.078367 2.806623 6.063147 200.547653 47.017075 0.086718 -0.386308 6.212133 0.086775
32.125252 27.720999 2.700215 6.380347 201.281296 47.242477 0.090363 -0.442130 6.174841 0.088943
32.251266 28.386456 2.612651 6.658570 202.020767 47.473022 0.097670 -0.482677 6.129705 0.091145
32.378281 29.057175 2.567733 6.882871 202.754135 47.705597 0.107548 -0.501947 6.088688 0.093106
32.504295 29.751940 2.573588 7.096955 203.480972 47.942169 0.119690 -0.497027 6.049901 0.094334
32.630310 30.449884 2.619976 7.292369 204.206894 48.182461 0.131232 -0.465521 5.995864 0.096487
32.757324 31.162994 2.699825 7.491913 204.919937 48.423683 0.141434 -0.405062 5.957548 0.097835
32.883339 31.864294 2.784692 7.655657 205.626434 48.667641 0.149235 -0.313991 5.913661 0.095397
33.009354 32.567245 2.886967 7.841661 206.331284 48.917038 0.156404 -0.195428 5.867151 0.095394
33.136368 33.275089 2.991375 8.008456 207.024033 49.167393 0.161249 -0.061587 5.828837 0.097761
33.251381 33.939129 3.073847 8.176354 207.651398 49.398575 0.162801 0.063756 5.799175 0.101223
33.377396 34.675869 3.172076 8.339796 208.333298 49.653774 0.162295 0.194780 5.765016 0.099630
33.503410 35.409546 3.260180 8.492281 209.014633 49.913551 0.158970 0.312580 5.726943 0.099795
33.628426 36.144512 3.336071 8.664116 209.679657 50.172958 0.154945 0.407612 5.700135 0.102401
33.753441 36.892487 3.394853 8.777750 210.339401 50.435013 0.151722 0.476347 5.662022 0.103626
33.879456 37.643871 3.435268 8.859146 210.993011 50.698708 0.150048 0.517501 5.623484 0.105542
34.003471 38.398308 3.450715 8.932941 211.639938 50.965149 0.149876 0.531762 5.576126 0.104728
34.129486 39.156925 3.452173 8.978894 212.279404 51.234287 0.150473 0.517812 5.534192 0.105946
34.254501 39.922005 3.432896 8.990887 212.917038 51.508114 0.153658 0.470130 5.494589 0.106557
34.380516 40.702202 3.388235 8.975177 213.547653 51.786812 0.159257 0.386387 5.451402 0.109512
34.503532 41.470402 3.316734 8.989720 214.156601 52.062912 0.168153 0.276834 5.426987 0.108845
34.629547 42.255753 3.239261 9.019309 214.771057 52.346279 0.178522 0.152637 5.402128 0.109764
34.753563 43.037422 3.143741 9.084671 215.379532 52.633884 0.190242 0.028411 5.368780 0.108491
34.878578 43.829575 3.035906 9.224658 215.982300 52.925327 0.204417 -0.089523 5.348937 0.110354
35.004593 44.641476 2.937612 9.407072 216.584763 53.223225 0.219554 -0.199285 5.328972 0.110549
35.130608 45.450474 2.825210 9.590747 217.183899 53.523743 0.234132 -0.293905 5.310308 0.110436
35.256622 46.261017 2.701755 9.870422 217.777374 53.828770 0.248459 -0.366099 5.285328 0.110232
35.382637 47.055450 2.579683 10.198235 218.360428 54.135960 0.261367 -0.410824 5.262794 0.108690
35.508652 47.857567 2.453071 10.539603 218.947708 54.451771 0.273311 -0.427477 5.241584 0.107844
35.635666 48.642174 2.346000 10.842503 219.524597 54.769012 0.283821 -0.413204 5.213581 0.106897
35.760681 49.407246 2.260055 11.099885 220.095978 55.089912 0.292530 -0.366349 5.191622 0.103442
35.885696 50.149204 2.195195 11.331740 220.652954 55.408997 0.300649 -0.293764 5.163109 0.102479
36.010712 50.886024 2.155692 11.516685 221.208847 55.734169 0.309035 -0.209417 5.140408 0.101417
36.135727 51.616035 2.136839 11.693965 221.764008 56.064919 0.318405 -0.128964 5.119094 0.100250
36.260742 52.333549 2.135217 11.866560 222.308289 56.396744 0.329301 -0.060638 5.086009 0.098074
36.375755 52.977352 2.146871 12.027337 222.804016 56.705120 0.340691 -0.005427 5.066916 0.096215
36.502769 53.679653 2.175968 12.226342 223.345963 57.049114 0.355095 0.048885 5.051805 0.095222
36.628784 54.353550 2.199968 12.426094 223.875198 57.391060 0.370020 0.091971 5.033262 0.092113
36.753799 55.003063 2.207151 12.623057 224.403473 57.739433 0.385182 0.121434 5.019111 0.087285
36.878815 55.621105 2.200301 12.863090 224.922653 58.090103 0.401667 0.139612 5.010087 0.083260
37.004829 56.221455 2.200236 13.023025 225.443268 58.447800 0.418947 0.154899 5.012255 0.081763
37.126846 56.799328 2.184927 13.138666 225.943695 58.798031 0.434566 0.170224 5.004292 0.082240
37.251862 57.389011 2.165965 13.214830 226.453506 59.161011 0.448287 0.183632 5.005764 0.081455
37.375877 57.969795 2.135012 13.249726 226.955765 59.525070 0.459968 0.191841 5.002283 0.081167
37.507889 58.571182 2.078182 13.224873 227.486755 59.917889 0.470120 0.197132 5.002609 0.079234
37.631905 59.137962 2.014604 13.149793 227.982315 60.290958 0.478151 0.204559 4.995747 0.080293
37.755920 59.688995 1.931476 12.965800 228.474487 60.667732 0.483636 0.215013 4.999799 0.077702
37.877934 60.231441 1.814918 12.775903 228.957489 61.046513 0.485763 0.221241 4.988193 0.077383
38.001949 60.755749 1.686341 12.558993 229.436508 61.429989 0.485463 0.214636 4.991150 0.073288
38.125965 61.250637 1.535035 12.325281 229.911041 61.818295 0.483508 0.190594 4.980952 0.069547
38.259979 61.762600 1.353522 12.047098 230.425491 62.250114 0.479686 0.146570 4.973943 0.065894
38.382996 62.209644 1.201230 11.730825 230.889679 62.648487 0.475915 0.094666 4.971626 0.064160
38.506012 62.642109 1.053851 11.401745 231.349106 63.051392 0.473879 0.032603 4.968608 0.061590
38.630028 63.068260 0.905711 11.074712 231.804031 63.458168 0.473260 -0.041558 4.959522 0.060558
38.753044 63.476917 0.764990 10.701525 232.257813 63.872597 0.471839 -0.128655 4.952983 0.057104
38.879059 63.860691 0.659655 10.272653 232.710464 64.294533 0.469676 -0.221845 4.948310 0.053039
39.003075 64.228119 0.576623 9.836775 233.157669 64.721550 0.468293 -0.304415 4.946292 0.050627
39.130089 64.585793 0.502389 9.369136 233.602539 65.157249 0.465482 -0.360014 4.938594 0.049814
39.255104 64.922913 0.433409 8.854521 234.040253 65.599251 0.461761 -0.380071 4.935946 0.046474
39.383118 65.245827 0.369674 8.320050 234.472107 66.047127 0.455892 -0.370602 4.941961 0.043984
39.510132 65.562790 0.324972 7.790875 234.905624 66.508133 0.446522 -0.343436 4.946465 0.043135
39.636147 65.866005 0.293704 7.269404 235.327286 66.967789 0.434126 -0.306175 4.952207 0.041957
39.762161 66.151970 0.280345 6.712514 235.743912 67.432755 0.419324 -0.255533 4.956157 0.038854
39.876175 66.393570 0.277545 6.199542 236.118774 67.862610 0.402036 -0.192892 4.960842 0.035448
40.003189 66.634804 0.265579 5.598348 236.524216 68.339401 0.379333 -0.108649 4.972361 0.032482
40.129204 66.855255 0.247906 5.007402 236.927551 68.825722 0.352893 -0.020568 4.979984 0.029554
40.256218 67.063812 0.198410 4.437191 237.321533 69.313789 0.325743 0.053337 4.978430 0.028773
40.381233 67.253006 0.131101 3.908348 237.707748 69.807938 0.299280 0.106809 4.977968 0.024783
40.507248 67.418205 0.045648 3.431278 238.084335 70.304703 0.274052 0.145544 4.993942 0.021777
40.632263 67.567902 -0.040132 2.923408 238.455399 70.808296 0.251980 0.183274 5.011200 0.019004
40.757278 67.705788 -0.135681 2.396480 238.820587 71.317932 0.233453 0.229006 5.023083 0.018783
40.881294 67.829819 -0.230076 1.877654 239.179245 71.833923 0.217478 0.281918 5.033054 0.014914
41.004311 67.928230 -0.323035 1.380064 239.525558 72.348175 0.205087 0.331254 5.051926 0.012696
41.128326 68.005379 -0.410881 0.927907 239.870911 72.873444 0.194514 0.365566 5.079809 0.008949
41.251343 68.067390 -0.507673 0.492949 240.210159 73.400909 0.186331 0.374495 5.111848 0.006877
41.386360 68.113968 -0.600865 0.024971 240.575226 73.983444 0.179452 0.351480 5.144154 0.003504
41.510376 68.128082 -0.677909 -0.377231 240.909134 74.529907 0.173947 0.304709 5.176009 -0.000247
41.633392 68.120056 -0.739817 -0.682755 241.237595 75.083031 0.169302 0.245700 5.195766 -0.001964
41.758408 68.100670 -0.809694 -0.907500 241.563553 75.647728 0.165631 0.188411 5.227773 -0.004440
41.882423 68.057198 -0.872072 -1.107057 241.884033 76.214424 0.161549 0.141986 5.266149 -0.007473
42.008438 68.000031 -0.928803 -1.248970 242.203430 76.793129 0.157354 0.105589 5.301614 -0.009380
42.131454 67.921486 -0.987212 -1.365969 242.515854 77.374443 0.153440 0.073587 5.334678 -0.013328
42.257469 67.817780 -1.047565 -1.434045 242.829330 77.972168 0.151453 0.039584 5.372416 -0.015504
42.382484 67.709274 -1.095323 -1.386423 243.136139 78.572609 0.150894 0.001366 5.411373 -0.015087
42.508499 67.598473 -1.122582 -1.233332 243.442673 79.184975 0.151247 -0.043865 5.452812 -0.014147
42.633514 67.496864 -1.122299 -1.023934 243.742752 79.799583 0.153504 -0.097278 5.486148 -0.013379
42.759529 67.399071 -1.081961 -0.809874 244.043976 80.424934 0.157194 -0.160252 5.523550 -0.013041
42.884544 67.298866 -1.002597 -0.541169 244.337509 81.047119 0.162557 -0.227949 5.560386 -0.014218
43.008560 67.181786 -0.883030 -0.269217 244.630981 81.679581 0.170529 -0.296466 5.588396 -0.015929
43.133575 67.069962 -0.729825 0.005840 244.921814 82.317673 0.179873 -0.361718 5.621832 -0.015135
43.259590 66.962738 -0.553416 0.330761 245.211365 82.960327 0.192077 -0.421531 5.648961 -0.013330
43.385605 66.869850 -0.352795 0.675922 245.503769 83.612701 0.206289 -0.475328 5.687659 -0.012814
43.511620 66.777794 -0.157898 1.037733 245.797348 84.268951 0.220154 -0.520056 5.720687 -0.012233
43.635635 66.709297 0.045483 1.390856 246.089340 84.924049 0.232950 -0.550096 5.750431 -0.007894
43.761650 66.672462 0.242142 1.749538 246.382065 85.583740 0.244514 -0.556287 5.788809 -0.003504
43.887665 66.676552 0.429143 2.106774 246.679443 86.252922 0.255241 -0.525736 5.829101 0.002389
44.001678 66.713631 0.602405 2.386524 246.949539 86.862518 0.262948 -0.458364 5.862355 0.007035
44.127693 66.788582 0.811516 2.694116 247.249481 87.540504 0.269064 -0.339408 5.899899 0.012076
44.253708 66.893532 1.018020 2.975857 247.552048 88.222870 0.273114 -0.182834 5.944940 0.016136
44.379723 67.028603 1.233308 3.247492 247.857712 88.910217 0.274236 -0.001248 5.988758 0.019314
44.505737 67.195923 1.443513 3.526084 248.166565 89.602104 0.272805 0.191711 6.028609 0.023806
44.631752 67.388626 1.650330 3.736830 248.478745 90.298508 0.268317 0.380860 6.076898 0.026883
44.756767 67.598366 1.836904 3.884704 248.795410 90.998703 0.260859 0.545665 6.117826 0.029340
44.881783 67.820694 2.006171 4.056644 249.113007 91.698364 0.252225 0.663810 6.168954 0.031568
45.007797 68.055511 2.167627 4.181262 249.436707 92.401848 0.243245 0.723196 6.213737 0.032010
45.132813 68.291641 2.318885 4.282983 249.768066 93.114922 0.234874 0.724141 6.261996 0.032570
45.258827 68.535545 2.451305 4.404294 250.101517 93.826607 0.227283 0.677543 6.308001 0.034126
45.383842 68.785484 2.559435 4.521320 250.443848 94.547882 0.221409 0.598660 6.351399 0.033892
45.509857 69.027298 2.635780 4.649571 250.788513 95.264885 0.217831 0.504477 6.375734 0.031922
45.634872 69.266182 2.691689 4.801678 251.144180 95.988655 0.217536 0.405118 6.413638 0.031894
45.760887 69.488640 2.715399 4.934272 251.504303 96.707443 0.220853 0.305351 6.441519 0.028799
45.884899 69.679459 2.703360 5.029577 251.869293 97.419090 0.228031 0.201655 6.458788 0.025320
46.007915 69.858398 2.656637 5.114766 252.241226 98.129997 0.238395 0.092356 6.479236 0.023651
46.131931 70.009254 2.589887 5.270812 252.616776 98.833847 0.252824 -0.013524 6.491073 0.018758
46.256947 70.139587 2.497289 5.496816 253.006546 99.553543 0.274186 -0.105003 6.500706 0.015589
46.381962 70.254860 2.358491 5.782011 253.398163 100.266586 0.300302 -0.170044 6.515773 0.013870
46.507977 70.352478 2.190989 6.074578 253.794693 100.979179 0.331122 -0.213354 6.533142 0.010138
46.632992 70.429779 2.004156 6.402791 254.196564 101.691391 0.363502 -0.245446 6.540745 0.008940
46.758007 70.491638 1.808045 6.751963 254.605118 102.407745 0.395669 -0.275625 6.552792 0.005400
46.884022 70.534012 1.613144 7.096527 255.018463 103.124657 0.425833 -0.308424 6.576223 0.003094
47.011036 70.547676 1.407770 7.337789 255.438477 103.847343 0.454273 -0.347554 6.587102 0.000412
47.137051 70.539467 1.202675 7.567940 255.853043 104.558914 0.479769 -0.393668 6.592145 -0.003859
47.262066 70.502213 0.997607 7.785338 256.269226 105.270912 0.502006 -0.443187 6.602439 -0.007130
47.387081 70.449120 0.826670 7.977015 256.691162 105.989174 0.519786 -0.485201 6.616495 -0.008708
47.512096 70.371773 0.675655 8.083384 257.111450 106.703323 0.534597 -0.505571 6.633103 -0.012334
47.627110 70.285889 0.550995 8.145589 257.493561 107.356438 0.544845 -0.497719 6.639739 -0.013887
47.752125 70.171127 0.437678 8.139436 257.915192 108.080025 0.553118 -0.455759 6.646451 -0.016974
47.878139 70.035507 0.350939 7.999885 258.332245 108.798973 0.558738 -0.380506 6.653013 -0.019971
48.003155 69.882431 0.288252 7.704073 258.751068 109.525558 0.561903 -0.278357 6.662960 -0.021528
48.129169 69.711990 0.251421 7.290075 259.164215 110.247688 0.564377 -0.164098 6.649334 -0.024520
48.254185 69.514656 0.207465 6.762983 259.576721 110.976997 0.568121 -0.049881 6.649455 -0.029111
48.379200 69.295296 0.161753 6.099777 259.983154 111.702026 0.573370 0.055585 6.649211 -0.031273
48.505215 69.053101 0.089014 5.288813 260.388153 112.435028 0.578754 0.155391 6.642403 -0.034124
48.630230 68.798843 -0.001298 4.405455 260.783844 113.164597 0.582618 0.250909 6.639360 -0.036381
48.755245 68.538528 -0.099748 3.450586 261.175842 113.896545 0.585306 0.339770 6.644393 -0.036962
48.880260 68.276489 -0.226208 2.427025 261.563934 114.631119 0.586736 0.413726 6.649663 -0.037896
49.005276 67.995186 -0.391239 1.396686 261.945862 115.369148 0.585527 0.464431 6.649828 -0.040868
49.130291 67.705353 -0.600063 0.336933 262.322174 116.110893 0.581428 0.488450 6.655617 -0.043203
49.256306 67.403023 -0.834734 -0.726478 262.693298 116.855888 0.574207 0.487264 6.662889 -0.044403
49.381321 67.099762 -1.095215 -1.816746 263.058411 117.604576 0.563004 0.465680 6.665968 -0.044888
49.506336 66.800514 -1.387684 -2.947515 263.418945 118.356384 0.546916 0.429202 6.671867 -0.045769
49.631351 66.496696 -1.697015 -4.046648 263.775604 119.118080 0.525685 0.381265 6.673977 -0.045841
49.756367 66.203331 -2.006352 -5.095438 264.120056 119.877167 0.502966 0.324470 6.663808 -0.045479
49.881382 65.917336 -2.295391 -6.115172 264.453094 120.633194 0.479814 0.260597 6.659851 -0.045628
50.006397 65.618759 -2.564080 -7.104526 264.782379 121.404709 0.455240 0.191285 6.652175 -0.048533
50.129414 65.320091 -2.785382 -8.026192 265.094208 122.159485 0.430093 0.121020 6.633222 -0.048013
50.252426 65.032082 -2.975744 -8.898570 265.397827 122.922752 0.402773 0.043691 6.617668 -0.046011
50.377441 64.755966 -3.109718 -9.620607 265.690826 123.686905 0.374213 -0.048528 6.586039 -0.043473
50.503456 64.479362 -3.189154 -10.245037 265.976990 124.462708 0.344276 -0.160094 6.543452 -0.042218
50.627472 64.217926 -3.224055 -10.739692 266.246735 125.224335 0.313571 -0.276388 6.497002 -0.039649
50.762489 63.940216 -3.196718 -11.106945 266.527374 126.050301 0.277568 -0.386239 6.434133 -0.038243
50.887505 63.680984 -3.114867 -11.313426 266.773438 126.804955 0.241782 -0.454405 6.376697 -0.038306
51.011520 63.440613 -2.988763 -11.443582 267.010620 127.560951 0.204218 -0.489421 6.308440 -0.032679
51.134537 63.217937 -2.800452 -11.392892 267.233704 128.299072 0.167412 -0.498253 6.238289 -0.029330
51.256550 63.017609 -2.560076 -11.184412 267.444061 129.018738 0.132031 -0.488274 6.167188 -0.025966
51.381565 62.842686 -2.260920 -10.845218 267.656219 129.759598 0.096151 -0.458865 6.075450 -0.018909
51.506580 62.718945 -1.908033 -10.291312 267.859222 130.479080 0.063974 -0.410328 5.991706 -0.010251
51.632595 62.656406 -1.499846 -9.498229 268.061554 131.199539 0.037919 -0.342837 5.902375 -0.001914
51.756611 62.660519 -1.040019 -8.497602 268.261719 131.904129 0.021315 -0.260287 5.828037 0.008194
51.882626 62.740990 -0.542697 -7.276198 268.464722 132.598602 0.014864 -0.162081 5.754860 0.017797
52.007641 62.905071 -0.032441 -5.855145 268.672638 133.282333 0.018925 -0.049051 5.691099 0.028349
52.131657 63.153343 0.463121 -4.264291 268.887024 133.956345 0.034913 0.070314 5.628368 0.036433
52.255669 63.455479 0.918010 -2.592167 269.109619 134.614243 0.060166 0.180025 5.586868 0.042348
52.381683 63.814240 1.322219 -0.838865 269.345520 135.269104 0.094680 0.266733 5.556991 0.047370
52.506699 64.220947 1.663056 0.947512 269.596344 135.921310 0.136083 0.327459 5.540672 0.050269
52.632713 64.661484 1.907933 2.679421 269.856689 136.563309 0.181996 0.370333 5.549097 0.056003
52.757729 65.137657 2.067752 4.330876 270.131744 137.207657 0.232775 0.407840 5.565375 0.060019
52.881744 65.642075 2.125731 5.832174 270.413361 137.834198 0.283638 0.442040 5.600625 0.065193
53.004757 66.176193 2.100479 7.260782 270.707245 138.466568 0.333819 0.466497 5.641557 0.069220
53.129772 66.731407 1.995039 8.547199 271.014496 139.105698 0.379056 0.469460 5.694223 0.071893
53.254787 67.275566 1.825703 9.653494 271.329681 139.742126 0.416067 0.443793 5.754129 0.072409
53.377804 67.834549 1.603762 10.571013 271.654297 140.382797 0.444423 0.391475 5.818406 0.075789
53.511822 68.442001 1.312440 11.327502 272.011627 141.075226 0.465350 0.315683 5.886409 0.077712
53.635838 69.020386 1.022896 11.796306 272.354736 141.731674 0.475798 0.236080 5.953256 0.079502
53.760853 69.602547 0.724342 12.043020 272.702972 142.394165 0.478063 0.152637 6.008834 0.081267
53.885868 70.178024 0.445922 12.099174 273.052307 143.062744 0.474038 0.060964 6.050180 0.079527
54.010883 70.748924 0.192330 11.974164 273.401062 143.737000 0.462285 -0.047071 6.086798 0.079587
54.134899 71.310356 -0.002546 11.715996 273.744354 144.411179 0.444219 -0.173566 6.108979 0.078762
54.259914 71.872177 -0.122260 11.337473 274.085052 145.096024 0.420412 -0.309009 6.127269 0.077308
54.383926 72.414619 -0.153823 10.810135 274.417816 145.779770 0.393012 -0.429138 6.134357 0.075680
54.505939 72.944473 -0.103346 10.111569 274.738953 146.455856 0.364172 -0.513137 6.134389 0.075303
54.628956 73.471588 0.039642 9.208831 275.055481 147.139465 0.331907 -0.556018 6.118239 0.075254
54.754971 73.997993 0.264905 8.095688 275.371918 147.841339 0.296378 -0.563241 6.101966 0.072117
54.880985 74.497513 0.554964 6.919738 275.676514 148.538589 0.259439 -0.542876 6.073397 0.070570
55.006001 74.993858 0.891567 5.667809 275.973053 149.242416 0.220632 -0.496780 6.051892 0.070693
55.132015 75.473625 1.245981 4.416134 276.258331 149.941711 0.180392 -0.422548 6.032209 0.070525
55.258030 75.936867 1.590569 3.123181 276.539734 150.646103 0.139559 -0.323794 6.013169 0.067251
55.383045 76.382835 1.934085 1.862709 276.815521 151.350403 0.098566 -0.217582 5.993914 0.067434
55.508060 76.821320 2.240285 0.678110 277.082214 152.049500 0.059339 -0.123955 5.980768 0.068100
55.634075 77.261169 2.495957 -0.437235 277.344604 152.748062 0.022796 -0.048354 5.960874 0.066049
55.759090 77.692543 2.686640 -1.429703 277.602325 153.446686 -0.010171 0.018564 5.956853 0.067293
55.884106 78.119217 2.791772 -2.320595 277.858368 154.150787 -0.036747 0.091267 5.935700 0.063751
56.010120 78.528931 2.806081 -3.029542 278.112183 154.853516 -0.053726 0.174547 5.924922 0.060780
56.135136 78.931732 2.733476 -3.484786 278.360474 155.551117 -0.061628 0.261322 5.922137 0.057927
56.260151 79.324783 2.596112 -3.647791 278.604401 156.243958 -0.058924 0.341400 5.923084 0.054436
56.385166 79.713547 2.398889 -3.535380 278.850067 156.948685 -0.045463 0.409203 5.923145 0.053023
56.508183 80.097717 2.157065 -3.230097 279.090179 157.636993 -0.021937 0.460094 5.927262 0.052867
56.632195 80.490540 1.863285 -2.693707 279.331451 158.332016 0.011036 0.494639 5.937049 0.052523
56.757210 80.888618 1.539398 -1.902016 279.574005 159.034058 0.050657 0.511219 5.941114 0.052182
56.882225 81.292152 1.208204 -0.983276 279.817413 159.730148 0.096345 0.509407 5.949856 0.054272
57.006241 81.701591 0.883638 0.122391 280.063171 160.431808 0.147018 0.491314 5.947802 0.054594
57.130257 82.091003 0.595482 1.307941 280.306030 161.122681 0.201696 0.458676 5.954916 0.052074
57.254272 82.461960 0.352183 2.636221 280.553741 161.825424 0.260185 0.406595 5.963893 0.050885
57.378288 82.827431 0.150523 4.031108 280.801575 162.521957 0.317112 0.327773 5.966071 0.051186
57.504303 83.197212 -0.008783 5.510678 281.053284 163.223923 0.374011 0.213161 5.966012 0.051763
57.629318 83.559509 -0.118772 6.977904 281.307739 163.925278 0.428922 0.066398 5.969843 0.050159
57.753334 83.911125 -0.168724 8.413638 281.564209 164.619751 0.479003 -0.095703 5.970169 0.048621
57.888351 84.270035 -0.164484 9.932569 281.851105 165.379684 0.530674 -0.264020 5.971643 0.044661
58.013367 84.574280 -0.107732 11.301708 282.118958 166.075562 0.575467 -0.389033 5.961867 0.040465
58.137383 84.854744 -0.004123 12.559005 282.388489 166.763489 0.616021 -0.477954 5.955656 0.038423
58.262398 85.108574 0.139411 13.657529 282.663849 167.454529 0.653633 -0.538680 5.951839 0.033436
58.384415 85.329437 0.308507 14.544455 282.937683 168.126556 0.686059 -0.578647 5.945374 0.029087
58.509430 85.521927 0.499458 15.273097 283.220856 168.806305 0.714583 -0.601965 5.933242 0.025030
58.634445 85.688499 0.690204 15.800345 283.510193 169.494171 0.740309 -0.599428 5.917687 0.020102
58.758457 85.823433 0.866851 16.108253 283.797699 170.167755 0.762888 -0.559075 5.898420 0.016579
58.884472 85.928246 1.009802 16.242260 284.091675 170.848572 0.781799 -0.475459 5.877665 0.011998
59.010487 85.995712 1.127589 16.195114 284.383270 171.521927 0.795171 -0.359129 5.865422 0.007873
59.135502 86.041794 1.223542 15.990089 284.674469 172.198669 0.801483 -0.227921 5.839198 0.006039
59.258514 86.065880 1.289179 15.665964 284.955566 172.857803 0.799495 -0.104482 5.821331 0.003269
59.383530 86.075432 1.320385 15.162398 285.238342 173.526184 0.788984 0.004865 5.799784 0.002653
59.506546 86.069580 1.326398 14.518529 285.511261 174.184113 0.771204 0.093888 5.785037 -0.000267
59.631561 86.037575 1.298350 13.700131 285.781311 174.846909 0.745572 0.167451 5.762848 -0.002485
59.757576 85.990814 1.240244 12.715640 286.047485 175.520218 0.710388 0.230890 5.731845 -0.002844
59.882591 85.938698 1.153751 11.644256 286.304321 176.193329 0.669734 0.287830 5.707820 -0.005311
60.008606 85.879478 1.030156 10.470378 286.550232 176.861923 0.623624 0.339471 5.689534 -0.005186
