1.20 1.10 20 64
0.138000 0.013121 0.052382 -0.099915 0.920398 0.000632 -0.127583 -0.003770 6.688265 0.002589
0.255000 0.020899 0.228640 -0.256561 1.691931 0.001355 -0.075328 0.040742 6.622848 -0.000145
0.388000 0.030781 0.557815 -0.386235 2.572877 0.002882 0.021892 0.083309 6.539842 0.001705
0.506000 0.046487 0.935557 -0.544077 3.332907 0.005445 0.126439 0.118650 6.470238 0.001772
0.639000 0.055565 1.424771 -0.758806 4.187826 0.007335 0.252656 0.161356 6.396491 0.001381
0.756000 0.064004 1.864535 -0.952145 4.933437 0.008833 0.357728 0.203266 6.360191 0.002639
0.889000 0.090549 2.339464 -1.155466 5.777742 0.010710 0.457171 0.250095 6.342019 0.004963
1.006000 0.118139 2.725616 -1.308456 6.519202 0.012497 0.517936 0.281249 6.337741 0.005712
1.139000 0.168241 3.101275 -1.464587 7.365207 0.014903 0.552334 0.294831 6.377940 0.008160
1.256000 0.210788 3.347342 -1.618612 8.114490 0.017587 0.549883 0.285528 6.418825 0.007256
1.389000 0.259840 3.527256 -1.764794 8.977534 0.021502 0.511539 0.251308 6.461157 0.007422
1.506000 0.306301 3.603479 -1.869529 9.736504 0.026171 0.451187 0.203249 6.499866 0.007606
1.638999 0.350158 3.570817 -1.941602 10.603511 0.030554 0.360622 0.128545 6.531704 0.006294
1.755999 0.392621 3.433203 -1.993250 11.368654 0.034927 0.267365 0.052641 6.551641 0.006544
1.889999 0.436125 3.171394 -2.109272 12.241741 0.037735 0.158519 -0.030468 6.572761 0.006219
2.006999 0.466500 2.859831 -2.149358 13.011905 0.039083 0.071367 -0.087245 6.589406 0.005148
2.139999 0.492383 2.467117 -2.147409 13.889373 0.039390 -0.006676 -0.131595 6.608019 0.002797
2.256999 0.503908 2.119612 -2.122466 14.663556 0.039386 -0.049287 -0.155880 6.620264 0.001362
2.389999 0.491452 1.766374 -1.989834 15.543728 0.041469 -0.064720 -0.168416 6.615653 -0.003434
2.506999 0.472033 1.505312 -1.845116 16.317213 0.045171 -0.044639 -0.161294 6.602800 -0.004104
2.640998 0.441123 1.276600 -1.729356 17.194372 0.047951 0.010622 -0.123822 6.586014 -0.003859
2.756998 0.414775 1.131222 -1.649235 17.962723 0.049256 0.082585 -0.065167 6.552493 -0.004660
2.890998 0.382732 1.020145 -1.560248 18.837395 0.048517 0.176426 0.023579 6.510173 -0.004019
3.006998 0.350603 0.947595 -1.518435 19.597038 0.048862 0.257866 0.103983 6.483932 -0.006171
3.140998 0.313160 0.881180 -1.444098 20.458992 0.050872 0.341164 0.180793 6.478628 -0.005355
3.256998 0.276385 0.848870 -1.305373 21.217737 0.056566 0.399869 0.216610 6.492953 -0.006230
3.390998 0.222790 0.836651 -1.122292 22.083187 0.066026 0.444960 0.207694 6.520668 -0.007711
3.507998 0.170821 0.839163 -0.989677 22.848652 0.074501 0.461317 0.156046 6.556936 -0.008219
3.640997 0.114959 0.841150 -0.816011 23.724501 0.084800 0.452220 0.060424 6.605751 -0.006341
3.757997 0.072616 0.861172 -0.616517 24.500271 0.093670 0.422149 -0.033798 6.644856 -0.008082
3.890997 0.013216 0.892146 -0.359216 25.386328 0.103299 0.367806 -0.138127 6.674015 -0.008777
4.007997 -0.055577 0.934368 -0.163839 26.168032 0.112183 0.306750 -0.218599 6.689425 -0.012001
4.140997 -0.139352 1.004019 0.058387 27.063824 0.124293 0.230222 -0.299997 6.685670 -0.012324
4.257998 -0.222906 1.076686 0.229857 27.839262 0.135645 0.164403 -0.355731 6.681358 -0.013680
4.390998 -0.332069 1.178327 0.353771 28.731012 0.149391 0.096329 -0.394578 6.636925 -0.013450
4.507999 -0.425662 1.284993 0.391951 29.505264 0.159210 0.050179 -0.399331 6.604051 -0.013761
4.642000 -0.525326 1.382995 0.464237 30.378403 0.169892 0.018293 -0.372644 6.537466 -0.013526
4.759000 -0.632959 1.458069 0.486036 31.140337 0.178489 0.010227 -0.325669 6.491549 -0.017401
4.892001 -0.773628 1.539291 0.454672 31.999178 0.188199 0.023663 -0.250740 6.435174 -0.020813
5.009001 -0.913622 1.591560 0.377276 32.750008 0.193575 0.053863 -0.170978 6.407350 -0.020347
5.142002 -1.072600 1.641024 0.322893 33.598152 0.199473 0.102003 -0.069666 6.350199 -0.021098
5.259002 -1.217325 1.650790 0.245520 34.339088 0.203860 0.153376 0.017089 6.322492 -0.021075
5.392003 -1.387328 1.618241 0.146209 35.178375 0.207896 0.212722 0.102386 6.303034 -0.022092
5.509003 -1.541061 1.549732 0.042225 35.915390 0.210104 0.258603 0.159230 6.299142 -0.023083
5.626004 -1.706183 1.457925 -0.051517 36.653126 0.212657 0.294740 0.201655 6.312245 -0.025800
5.759004 -1.910676 1.321320 -0.120077 37.500267 0.215930 0.322072 0.237304 6.329475 -0.027706
5.876004 -2.096631 1.172633 -0.216338 38.236111 0.219643 0.331615 0.262071 6.353422 -0.027728
6.009005 -2.312862 0.984766 -0.347283 39.089943 0.223749 0.324636 0.286580 6.383210 -0.027980
6.126005 -2.500461 0.805504 -0.452386 39.838421 0.225317 0.303986 0.306683 6.408919 -0.026958
6.260006 -2.708804 0.610730 -0.559690 40.692650 0.228227 0.265859 0.330559 6.428295 -0.026284
6.376006 -2.876064 0.464257 -0.623613 41.445114 0.231387 0.223776 0.351979 6.431478 -0.024424
6.510007 -3.064004 0.335927 -0.711440 42.300781 0.234056 0.172780 0.374175 6.430421 -0.025530
6.627007 -3.235243 0.259930 -0.846368 43.052307 0.235798 0.130365 0.388813 6.412608 -0.024851
6.760008 -3.428435 0.229101 -0.978462 43.903461 0.237730 0.090775 0.391753 6.387806 -0.026437
6.877008 -3.604111 0.255182 -1.050388 44.648891 0.240293 0.067273 0.375449 6.355873 -0.025972
7.010009 -3.799278 0.325164 -1.147008 45.496811 0.242329 0.054701 0.325942 6.308707 -0.024862
7.127009 -3.960560 0.403656 -1.263508 46.226311 0.241488 0.058917 0.256358 6.272683 -0.023667
7.261010 -4.155908 0.531189 -1.426644 47.063572 0.239278 0.077097 0.156858 6.232010 -0.024379
7.377010 -4.326238 0.667596 -1.597524 47.790112 0.236730 0.104019 0.065967 6.197498 -0.025378
7.511011 -4.516078 0.824754 -1.789265 48.610893 0.234409 0.141951 -0.032391 6.155411 -0.023613
7.627011 -4.677569 0.938544 -1.861998 49.328014 0.232772 0.176359 -0.115865 6.117248 -0.023851
7.761012 -4.875262 1.035237 -1.891199 50.139160 0.231299 0.212341 -0.211619 6.089561 -0.026300
7.878013 -5.048571 1.086975 -1.898103 50.850998 0.229198 0.239431 -0.298279 6.079074 -0.025419
8.011013 -5.257485 1.104563 -1.892415 51.658051 0.225281 0.259684 -0.396440 6.065786 -0.028830
8.128014 -5.447846 1.086261 -1.884080 52.367542 0.219946 0.266023 -0.478288 6.063711 -0.028878
8.261014 -5.664712 1.010748 -1.888495 53.180801 0.213458 0.261428 -0.557770 6.070408 -0.027923
8.378015 -5.854901 0.890688 -1.846802 53.885662 0.205792 0.247641 -0.605765 6.080306 -0.028654
8.511015 -6.055554 0.706016 -1.815282 54.700424 0.194828 0.221621 -0.627657 6.085916 -0.024992
8.628016 -6.225132 0.506372 -1.774608 55.406658 0.184361 0.193472 -0.613422 6.090512 -0.025446
8.762016 -6.412140 0.256247 -1.702054 56.223030 0.171218 0.156465 -0.558164 6.094061 -0.023372
8.878016 -6.565850 0.029028 -1.647290 56.936199 0.157434 0.125470 -0.476690 6.095842 -0.021713
9.012017 -6.727736 -0.197488 -1.570641 57.746693 0.138975 0.094769 -0.348292 6.098368 -0.021659
9.129018 -6.876123 -0.357606 -1.483386 58.460274 0.121010 0.075458 -0.210262 6.100996 -0.022582
9.262018 -7.038206 -0.471184 -1.403844 59.270981 0.098077 0.067345 -0.040799 6.094473 -0.022969
9.379019 -7.187107 -0.496832 -1.412872 59.982834 0.076521 0.072208 0.101986 6.080419 -0.021839
9.512019 -7.351099 -0.456234 -1.409100 60.789360 0.050733 0.089229 0.238345 6.057252 -0.021888
9.629020 -7.496176 -0.375846 -1.389164 61.497280 0.026439 0.111896 0.328541 6.049958 -0.020943
9.762020 -7.655592 -0.240533 -1.328924 62.305447 -0.002296 0.144441 0.400074 6.018346 -0.021270
9.879021 -7.801038 -0.081932 -1.339901 63.008663 -0.029446 0.175738 0.442389 6.010583 -0.022017
10.013021 -7.965931 0.118093 -1.281064 63.806736 -0.060635 0.209316 0.477154 6.005518 -0.021250
10.129022 -8.097515 0.303334 -1.183580 64.508301 -0.089225 0.232329 0.496157 5.998529 -0.018693
10.263022 -8.242201 0.528501 -1.147661 65.304283 -0.124179 0.246694 0.500128 5.984509 -0.018008
10.380023 -8.368112 0.704915 -1.151044 66.004135 -0.157931 0.249127 0.486028 5.991391 -0.018486
10.513023 -8.499766 0.882201 -1.223109 66.805672 -0.198777 0.238818 0.451706 5.989965 -0.016941
10.630024 -8.606071 0.997332 -1.288114 67.500610 -0.236478 0.219963 0.409867 6.008985 -0.015097
10.763024 -8.718063 1.079502 -1.385994 68.305275 -0.281811 0.189190 0.347364 6.016179 -0.014329
10.880025 -8.808011 1.106620 -1.507014 69.002365 -0.323458 0.156431 0.275676 6.020904 -0.012134
11.014025 -8.914584 1.087617 -1.720984 69.806465 -0.374763 0.119694 0.172606 6.010630 -0.013100
11.130025 -9.008282 1.028340 -1.933296 70.501961 -0.419731 0.091126 0.074103 6.006245 -0.013358
11.264026 -9.102677 0.914469 -2.197591 71.304794 -0.473052 0.064279 -0.032904 5.999307 -0.011436
11.381026 -9.179134 0.789420 -2.384907 72.005051 -0.519581 0.050258 -0.111244 5.998770 -0.011197
11.514027 -9.270450 0.642841 -2.594543 72.800308 -0.574662 0.045494 -0.183247 5.995266 -0.011069
11.631027 -9.340002 0.495208 -2.663495 73.499886 -0.625204 0.049323 -0.238621 5.992724 -0.009675
11.764028 -9.411390 0.345527 -2.703158 74.295120 -0.685923 0.066374 -0.297350 5.999280 -0.008164
11.881028 -9.469259 0.226605 -2.700712 74.995514 -0.741276 0.090531 -0.341205 6.009126 -0.009557
12.014029 -9.540520 0.106244 -2.665607 75.792725 -0.805291 0.125242 -0.372466 6.013177 -0.008584
12.131029 -9.609308 0.027084 -2.591079 76.494377 -0.862985 0.159044 -0.378100 6.019042 -0.010450
12.265030 -9.696275 -0.050144 -2.494247 77.299057 -0.932379 0.194501 -0.360558 6.031737 -0.010759
12.381030 -9.776034 -0.084343 -2.393286 78.003143 -0.994815 0.219799 -0.328690 6.044328 -0.012064
12.515031 -9.872230 -0.086578 -2.197229 78.805145 -1.066915 0.239533 -0.275184 6.061877 -0.013044
12.631031 -9.960847 -0.036978 -2.064281 79.506363 -1.132244 0.247390 -0.215164 6.075867 -0.013045
12.765032 -10.043449 0.036684 -1.935254 80.318977 -1.208720 0.245943 -0.132621 6.100468 -0.009584
12.881032 -10.109386 0.108910 -1.807377 81.030441 -1.277139 0.234196 -0.060950 6.110539 -0.009799
13.015033 -10.185642 0.208811 -1.632558 81.840752 -1.357613 0.213426 0.005415 6.129330 -0.011067
13.132033 -10.255058 0.326955 -1.402833 82.555023 -1.429695 0.189847 0.039226 6.137055 -0.010289
13.265034 -10.322895 0.481967 -1.133551 83.373039 -1.513743 0.161626 0.049793 6.138331 -0.008621
13.382034 -10.373179 0.639308 -0.905316 84.081032 -1.587907 0.138650 0.040084 6.139350 -0.008386
13.515035 -10.427918 0.830666 -0.604908 84.893295 -1.672992 0.115268 0.019318 6.142170 -0.006100
13.632035 -10.470121 1.017682 -0.431326 85.607635 -1.752327 0.101223 0.003108 6.143358 -0.007106
13.767035 -10.511312 1.236417 -0.176259 86.431305 -1.846789 0.094218 -0.002228 6.138212 -0.005246
13.883036 -10.548101 1.423274 0.029189 87.138847 -1.929031 0.095693 0.007261 6.138571 -0.005429
14.017036 -10.577825 1.642978 0.214699 87.956238 -2.024929 0.104085 0.032149 6.140603 -0.004919
14.134037 -10.595262 1.820811 0.293585 88.669029 -2.109294 0.116621 0.059021 6.129033 -0.002689
14.267037 -10.623507 1.974849 0.321067 89.478210 -2.206494 0.134828 0.095231 6.129341 -0.003986
14.384038 -10.645275 2.068190 0.337649 90.190941 -2.292979 0.153234 0.134776 6.142898 -0.003973
14.517038 -10.669448 2.134637 0.297394 91.003700 -2.391325 0.173603 0.188082 6.166161 -0.002493
14.634039 -10.682116 2.152948 0.253598 91.722382 -2.476095 0.187785 0.231612 6.197557 -0.001211
14.767039 -10.693504 2.119942 0.181102 92.543579 -2.572453 0.198349 0.264259 6.235529 -0.001150
14.884040 -10.704518 2.055292 0.076530 93.269997 -2.658261 0.202834 0.270782 6.265051 -0.000785
15.001040 -10.713852 1.947537 -0.087518 93.999741 -2.744663 0.202242 0.260398 6.291736 -0.000461
15.134041 -10.710424 1.788381 -0.324246 94.840767 -2.845237 0.195197 0.237700 6.344173 0.000994
15.251041 -10.715141 1.633880 -0.561082 95.574005 -2.933453 0.186116 0.212809 6.380807 0.000113
15.385042 -10.727069 1.451729 -0.888182 96.424278 -3.036510 0.174895 0.179281 6.404112 -0.000402
15.501042 -10.731884 1.325782 -1.206371 97.169891 -3.127147 0.165317 0.142278 6.433492 0.001624
15.635043 -10.714760 1.219772 -1.544465 98.021492 -3.230048 0.154794 0.091209 6.461384 0.003784
15.752044 -10.682742 1.150686 -1.786276 98.773064 -3.319837 0.147533 0.043565 6.471887 0.007358
15.885044 -10.630337 1.100057 -2.036763 99.629555 -3.422999 0.143366 -0.009188 6.491013 0.006459
16.002045 -10.595750 1.106973 -2.230336 100.383957 -3.515284 0.144397 -0.053394 6.503401 0.005607
16.135048 -10.558237 1.162824 -2.407403 101.242958 -3.618762 0.147737 -0.103570 6.505897 0.005825
16.252050 -10.527143 1.272324 -2.569870 101.998596 -3.708404 0.154303 -0.151611 6.499323 0.004816
16.386053 -10.483422 1.444543 -2.722933 102.856117 -3.811215 0.164995 -0.208121 6.486791 0.007412
16.502056 -10.436049 1.620914 -2.827410 103.608910 -3.901706 0.176248 -0.253262 6.473460 0.006473
16.635059 -10.393455 1.841953 -2.922289 104.469925 -4.003321 0.189978 -0.288437 6.464457 0.004791
16.752062 -10.364193 2.015254 -2.963778 105.214104 -4.090988 0.200130 -0.302323 6.464352 0.004377
16.885065 -10.332393 2.183084 -3.028322 106.074295 -4.192231 0.209240 -0.301355 6.466666 0.005700
17.002068 -10.285697 2.324321 -3.059151 106.826164 -4.279991 0.214045 -0.293428 6.471461 0.007543
17.136070 -10.228587 2.473080 -3.077344 107.681999 -4.378053 0.218462 -0.281820 6.477799 0.008048
17.252073 -10.168599 2.569131 -3.045717 108.434853 -4.464352 0.221464 -0.267789 6.469150 0.008348
17.386076 -10.096616 2.620091 -2.981308 109.296059 -4.564812 0.221664 -0.241927 6.471851 0.009926
17.503078 -10.022412 2.615002 -2.900845 110.041519 -4.654246 0.218777 -0.203629 6.477727 0.011001
17.636082 -9.922141 2.574005 -2.814019 110.898567 -4.756757 0.214062 -0.141776 6.498018 0.013939
17.753084 -9.817653 2.503036 -2.693212 111.654610 -4.847691 0.208354 -0.076347 6.511471 0.014280
17.886087 -9.697834 2.368110 -2.470237 112.522041 -4.951739 0.201625 0.003618 6.529790 0.015071
18.003090 -9.591742 2.223633 -2.309822 113.276237 -5.042741 0.196977 0.075700 6.564313 0.015666
18.136093 -9.464128 2.043940 -2.108206 114.153030 -5.147660 0.193268 0.160542 6.606932 0.015025
18.253096 -9.359350 1.882054 -1.850879 114.916809 -5.238301 0.191711 0.231981 6.637860 0.014656
18.387098 -9.241896 1.698262 -1.544008 115.803619 -5.342811 0.194237 0.295854 6.681517 0.013734
18.503101 -9.138278 1.575955 -1.307367 116.581657 -5.434022 0.199780 0.324732 6.707639 0.015381
18.637104 -9.009279 1.477570 -1.089576 117.469276 -5.538559 0.210727 0.327308 6.732979 0.016619
18.753107 -8.899302 1.422049 -0.876978 118.253708 -5.630394 0.222667 0.315449 6.765688 0.015427
18.887110 -8.768171 1.405676 -0.693561 119.148712 -5.736339 0.237115 0.294054 6.781398 0.017629
19.004112 -8.648238 1.427014 -0.530001 119.938347 -5.829620 0.250427 0.263611 6.805316 0.016968
19.137115 -8.510960 1.464111 -0.368896 120.839226 -5.934635 0.263507 0.206612 6.829330 0.017673
19.254118 -8.382667 1.513276 -0.261977 121.641243 -6.027765 0.270292 0.139052 6.852526 0.019647
19.387121 -8.233133 1.596960 -0.182258 122.548561 -6.133379 0.273135 0.067692 6.880857 0.018627
19.504124 -8.111887 1.676071 -0.187465 123.343048 -6.225133 0.270353 0.025187 6.904050 0.019061
19.638126 -7.976300 1.769413 -0.196953 124.264282 -6.329174 0.261973 -0.000887 6.928809 0.017732
19.754129 -7.855293 1.860175 -0.175081 125.071671 -6.418768 0.249483 -0.015444 6.953093 0.018278
19.888132 -7.715268 1.976663 -0.153872 125.993141 -6.519648 0.231627 -0.033534 6.978495 0.017867
20.004135 -7.605933 2.074060 -0.187396 126.806259 -6.607108 0.215328 -0.046989 6.994166 0.015474
20.138138 -7.493558 2.175718 -0.259735 127.733284 -6.705174 0.196912 -0.050764 7.016534 0.014782
20.255140 -7.388562 2.280123 -0.341838 128.550064 -6.789935 0.180440 -0.046105 7.020752 0.017299
20.388144 -7.254452 2.407392 -0.429746 129.478622 -6.885235 0.163573 -0.044539 7.017586 0.017612
20.505146 -7.136818 2.536237 -0.499212 130.294296 -6.967592 0.151841 -0.054782 6.997142 0.018418
20.638149 -7.002901 2.686676 -0.630580 131.226044 -7.060288 0.146095 -0.076534 6.984988 0.018127
20.755152 -6.876133 2.825586 -0.806773 132.032166 -7.140157 0.147017 -0.096843 6.977565 0.020847
20.888155 -6.730202 2.991151 -1.023612 132.962860 -7.231299 0.153016 -0.116942 6.978526 0.020563
21.005157 -6.611563 3.117625 -1.221236 133.776627 -7.308327 0.164506 -0.133784 6.989362 0.018610
21.139160 -6.475669 3.245121 -1.458800 134.702774 -7.393864 0.180855 -0.154412 6.990557 0.019481
21.256163 -6.352207 3.333253 -1.624571 135.517792 -7.467897 0.198200 -0.168923 7.002136 0.020259
21.389166 -6.218116 3.438866 -1.829799 136.446747 -7.552513 0.216134 -0.173419 7.025671 0.018132
21.506168 -6.107578 3.533512 -1.976782 137.265808 -7.626484 0.227681 -0.164157 7.031062 0.016902
21.639172 -5.995736 3.638814 -2.160610 138.199249 -7.708841 0.236309 -0.143778 7.053409 0.014842
21.756174 -5.907067 3.747111 -2.341236 139.022903 -7.780025 0.238563 -0.122992 7.072963 0.016379
21.889177 -5.788800 3.873726 -2.537232 139.968384 -7.861728 0.233383 -0.096019 7.091182 0.016944
22.006180 -5.686812 3.988970 -2.736472 140.788574 -7.931019 0.223378 -0.071323 7.107036 0.016496
22.140182 -5.589057 4.127259 -2.927246 141.738647 -8.008527 0.208211 -0.043749 7.120029 0.013457
22.257185 -5.517568 4.233166 -3.139156 142.569580 -8.076188 0.191184 -0.027682 7.124499 0.012371
22.390188 -5.436565 4.318378 -3.366116 143.514450 -8.152576 0.169523 -0.023605 7.132574 0.013098
22.506191 -5.345125 4.390154 -3.466392 144.346802 -8.218645 0.149791 -0.028379 7.133091 0.015928
22.640194 -5.232376 4.471002 -3.466616 145.291245 -8.291787 0.130703 -0.032761 7.118296 0.014133
22.757196 -5.137448 4.532783 -3.407775 146.119812 -8.356979 0.117063 -0.022988 7.097017 0.012353
22.890200 -5.037138 4.582073 -3.296278 147.059784 -8.430989 0.103256 0.015033 7.083340 0.011271
23.007202 -4.942603 4.601885 -3.170700 147.884338 -8.494287 0.095818 0.070250 7.060688 0.013033
23.140205 -4.822191 4.591104 -2.969848 148.825745 -8.564861 0.090650 0.145705 7.035573 0.013730
23.257208 -4.719067 4.538509 -2.802178 149.637726 -8.624088 0.088571 0.201497 7.005768 0.014497
23.391211 -4.603005 4.441199 -2.601210 150.571793 -8.692421 0.088054 0.239901 6.976495 0.011876
23.507214 -4.515470 4.325600 -2.348506 151.384109 -8.751918 0.090379 0.251981 6.946127 0.009298
23.641216 -4.428467 4.148070 -2.053466 152.303635 -8.817320 0.098395 0.250037 6.925895 0.008187
23.757219 -4.357321 3.971993 -1.794871 153.110306 -8.874603 0.107080 0.239667 6.904153 0.007087
23.891222 -4.290131 3.750302 -1.507287 154.025650 -8.938288 0.116300 0.212442 6.898060 0.005761
24.007225 -4.242470 3.562831 -1.251592 154.831284 -8.993460 0.125550 0.169328 6.905465 0.004069
24.141228 -4.195709 3.345474 -1.006256 155.755417 -9.055993 0.135227 0.101683 6.917623 0.003150
24.258230 -4.171678 3.165870 -0.847955 156.555725 -9.108847 0.140903 0.042260 6.911048 0.001843
24.391233 -4.159683 2.987469 -0.681820 157.479507 -9.169809 0.144254 -0.013759 6.909968 -0.000708
24.508236 -4.156358 2.866498 -0.545969 158.279892 -9.221929 0.145262 -0.046592 6.916198 -0.000958
24.641239 -4.162134 2.795604 -0.336249 159.203552 -9.278379 0.143307 -0.072238 6.894528 -0.002947
24.758242 -4.180974 2.787925 -0.220569 160.001480 -9.326331 0.139057 -0.086604 6.888541 -0.003915
24.892244 -4.205322 2.811600 -0.175953 160.922699 -9.380702 0.132109 -0.096802 6.890386 -0.003758
25.008247 -4.229981 2.843254 -0.175841 161.726807 -9.426217 0.122453 -0.103048 6.880819 -0.004184
25.142250 -4.279792 2.876782 -0.150578 162.638458 -9.475692 0.109985 -0.111093 6.853884 -0.007511
25.259253 -4.337270 2.919295 -0.110082 163.438187 -9.516501 0.098731 -0.118782 6.836972 -0.009796
25.392256 -4.423538 2.986027 -0.103513 164.343231 -9.562886 0.088089 -0.124344 6.799202 -0.012999
25.509258 -4.508272 3.037827 -0.137116 165.136688 -9.603859 0.081634 -0.123383 6.780383 -0.012656
25.626261 -4.587516 3.073330 -0.095145 165.927063 -9.642456 0.077391 -0.118982 6.748159 -0.011481
25.759264 -4.687231 3.120461 -0.097599 166.820908 -9.685886 0.074257 -0.118154 6.716334 -0.013309
25.876266 -4.776873 3.141227 -0.126216 167.603088 -9.723498 0.073118 -0.126020 6.680389 -0.012090
26.009270 -4.883117 3.128064 -0.162620 168.488312 -9.765560 0.074249 -0.141233 6.648241 -0.015249
26.126272 -4.998950 3.103363 -0.211991 169.263382 -9.801442 0.076901 -0.151594 6.622073 -0.017698
26.259275 -5.151599 3.040474 -0.382194 170.147644 -9.842977 0.084042 -0.145528 6.592750 -0.019033
26.376278 -5.281880 2.946269 -0.523289 170.917450 -9.878091 0.091260 -0.118121 6.588657 -0.019015
26.510281 -5.444902 2.801183 -0.701663 171.791824 -9.915222 0.098330 -0.062601 6.573366 -0.020849
26.626284 -5.611577 2.633759 -0.873407 172.560059 -9.947309 0.104739 0.000763 6.569186 -0.024869
26.760286 -5.813183 2.410741 -1.128591 173.432999 -9.984923 0.111182 0.078820 6.572429 -0.024949
26.876289 -5.991928 2.203760 -1.383704 174.201050 -10.019185 0.116411 0.142772 6.570234 -0.025340
27.010292 -6.188616 1.972791 -1.724838 175.074799 -10.058518 0.122795 0.198749 6.579729 -0.024443
27.127295 -6.365423 1.791538 -1.984194 175.844147 -10.093811 0.127477 0.225065 6.585424 -0.025232
27.260298 -6.579826 1.626692 -2.305571 176.719269 -10.135632 0.131877 0.224458 6.589232 -0.027624
27.377300 -6.777251 1.519228 -2.575520 177.489990 -10.172974 0.132052 0.200484 6.603722 -0.027787
27.511303 -6.998779 1.458749 -2.870789 178.373703 -10.216789 0.129945 0.160414 6.601614 -0.028053
27.627306 -7.189824 1.430182 -3.115166 179.144562 -10.257006 0.127206 0.128362 6.595250 -0.027428
27.761309 -7.403348 1.426053 -3.334969 180.020584 -10.302166 0.123382 0.102616 6.592760 -0.027983
27.877312 -7.594576 1.484294 -3.509593 180.790009 -10.344334 0.120004 0.085545 6.581265 -0.028593
28.011314 -7.831138 1.591926 -3.796183 181.663239 -10.394816 0.116059 0.062843 6.571747 -0.031265
28.128317 -8.047115 1.716811 -4.015481 182.429520 -10.439859 0.113133 0.036331 6.551417 -0.031663
28.261320 -8.299722 1.877171 -4.197692 183.296860 -10.493132 0.112246 0.004138 6.518105 -0.032647
28.378323 -8.515895 2.033685 -4.296128 184.055313 -10.541243 0.113386 -0.017613 6.485364 -0.030772
28.511326 -8.746744 2.209800 -4.376526 184.913284 -10.597000 0.116823 -0.028567 6.454279 -0.030036
28.628328 -8.948954 2.350929 -4.378362 185.664780 -10.647168 0.120595 -0.033209 6.429027 -0.030474
28.761332 -9.184892 2.508517 -4.292892 186.522156 -10.705572 0.126720 -0.044860 6.402162 -0.032504
28.878334 -9.392678 2.614990 -4.181417 187.268494 -10.758368 0.132630 -0.074131 6.392754 -0.031620
29.011337 -9.624303 2.671155 -4.043001 188.115173 -10.818693 0.138328 -0.133224 6.376165 -0.029967
29.128340 -9.813741 2.689207 -3.920659 188.858627 -10.874520 0.140931 -0.199987 6.370597 -0.028759
29.262342 -10.015902 2.675452 -3.722964 189.704895 -10.937976 0.142546 -0.272350 6.392164 -0.026525
29.379345 -10.181117 2.628995 -3.507187 190.450836 -10.993477 0.144357 -0.315228 6.390431 -0.026410
29.512348 -10.368589 2.541555 -3.198089 191.305893 -11.059184 0.144401 -0.330708 6.409771 -0.025645
29.629351 -10.527545 2.439811 -2.924326 192.047562 -11.118382 0.143950 -0.317252 6.418947 -0.026335
29.762354 -10.722430 2.304161 -2.655228 192.900528 -11.187809 0.142710 -0.278485 6.442408 -0.028024
29.879356 -10.916840 2.167527 -2.426132 193.652649 -11.249741 0.141376 -0.224553 6.462502 -0.030869
30.012360 -11.124247 2.004136 -2.164344 194.516541 -11.322550 0.140157 -0.139512 6.468307 -0.028012
30.129362 -11.293104 1.887179 -2.015490 195.264236 -11.389578 0.141510 -0.046792 6.475214 -0.025965
30.262365 -11.476896 1.787209 -1.928657 196.128891 -11.471189 0.145925 0.071584 6.487654 -0.023384
30.379368 -11.624496 1.727819 -1.839408 196.879257 -11.542696 0.152081 0.170120 6.506225 -0.022194
30.513371 -11.788841 1.678851 -1.747553 197.748352 -11.625801 0.161792 0.262902 6.527827 -0.021971
30.630373 -11.929432 1.651258 -1.691189 198.510239 -11.697878 0.170273 0.321682 6.543842 -0.020864
30.763376 -12.082325 1.669750 -1.655330 199.377289 -11.781695 0.178776 0.364700 6.558028 -0.019814
30.880379 -12.221420 1.718282 -1.659124 200.142014 -11.858130 0.185229 0.384376 6.578477 -0.020875
31.013382 -12.381310 1.807545 -1.683513 201.020401 -11.948833 0.191469 0.389894 6.596887 -0.020371
31.130384 -12.516181 1.915823 -1.716934 201.782242 -12.029219 0.196208 0.377495 6.605648 -0.020750
31.264387 -12.677160 2.072726 -1.761212 202.663132 -12.122862 0.200012 0.338309 6.612525 -0.020132
31.381390 -12.812485 2.235510 -1.836184 203.432358 -12.206646 0.201473 0.279214 6.613049 -0.018382
31.514393 -12.941132 2.432935 -1.878346 204.313110 -12.302203 0.200590 0.189959 6.612302 -0.015865
31.631395 -13.046470 2.602173 -1.918473 205.082809 -12.388315 0.197581 0.108631 6.615808 -0.014508
31.765398 -13.148367 2.793197 -2.021365 205.956757 -12.489516 0.192462 0.028414 6.616873 -0.010991
31.881401 -13.209481 2.940571 -2.106391 206.726212 -12.580152 0.184998 -0.020789 6.626440 -0.006945
32.015404 -13.280993 3.100160 -2.255723 207.600754 -12.684650 0.174928 -0.058544 6.620794 -0.010083
32.131393 -13.358686 3.218033 -2.411602 208.370789 -12.777302 0.165350 -0.083356 6.634965 -0.009441
32.265381 -13.442074 3.345081 -2.614714 209.246140 -12.884925 0.155115 -0.107582 6.631472 -0.009563
32.382370 -13.521419 3.428882 -2.773871 210.016876 -12.979583 0.147812 -0.125003 6.638327 -0.011085
32.515358 -13.620185 3.492237 -3.017192 210.899933 -13.089590 0.143687 -0.142529 6.641958 -0.010355
32.632347 -13.702414 3.534201 -3.243633 211.664841 -13.185791 0.143480 -0.160693 6.649798 -0.009017
32.765335 -13.788873 3.572897 -3.469838 212.549683 -13.295524 0.148586 -0.191712 6.658016 -0.010191
32.882324 -13.863701 3.590140 -3.646749 213.317001 -13.391007 0.157169 -0.224371 6.668734 -0.009154
33.016312 -13.946144 3.602113 -3.895663 214.204544 -13.503459 0.167466 -0.258504 6.679681 -0.007874
33.132301 -14.018589 3.590538 -4.094611 214.980972 -13.601191 0.177227 -0.276527 6.692445 -0.008505
33.266289 -14.103238 3.568285 -4.259770 215.864166 -13.714169 0.189169 -0.284162 6.696736 -0.009828
33.383278 -14.186249 3.539859 -4.354896 216.641052 -13.815208 0.198582 -0.282122 6.696088 -0.012479
33.516266 -14.293344 3.481871 -4.425072 217.531738 -13.932531 0.207535 -0.270017 6.709316 -0.012699
33.633255 -14.380384 3.433712 -4.432741 218.303879 -14.035615 0.212598 -0.249263 6.716636 -0.013068
33.766243 -14.467525 3.405395 -4.324344 219.196991 -14.155042 0.214638 -0.212961 6.733457 -0.012393
33.883232 -14.546150 3.390292 -4.247736 219.979263 -14.261264 0.213965 -0.175657 6.750354 -0.013172
34.016220 -14.633633 3.406348 -4.129470 220.868607 -14.384074 0.210313 -0.127781 6.740688 -0.011498
34.133209 -14.710930 3.446214 -4.033837 221.644119 -14.491517 0.205639 -0.080258 6.750522 -0.013024
34.267197 -14.809700 3.495836 -4.005047 222.538330 -14.619392 0.199298 -0.015898 6.734136 -0.013847
34.383186 -14.916226 3.552135 -3.971904 223.317581 -14.731674 0.191766 0.044793 6.724072 -0.017073
34.517174 -15.051669 3.631247 -3.854101 224.202881 -14.858068 0.183095 0.110629 6.720721 -0.019152
34.633163 -15.187641 3.712221 -3.741830 224.980438 -14.969739 0.176481 0.157063 6.709371 -0.021781
34.767151 -15.356401 3.804610 -3.658871 225.861511 -15.097824 0.171252 0.194432 6.681649 -0.023839
34.884140 -15.534932 3.849359 -3.625449 226.633087 -15.211743 0.167636 0.216228 6.663687 -0.028297
35.001129 -15.736054 3.865989 -3.602537 227.402573 -15.326755 0.166648 0.232929 6.644777 -0.031184
35.134117 -15.977453 3.848474 -3.543142 228.274231 -15.458399 0.169681 0.251078 6.624422 -0.033211
35.251106 -16.200548 3.796429 -3.489470 229.038818 -15.575577 0.174462 0.269329 6.603120 -0.034388
35.384094 -16.475731 3.707733 -3.461851 229.905121 -15.711252 0.182671 0.287898 6.587140 -0.035897
35.501083 -16.716896 3.618094 -3.431220 230.665848 -15.834241 0.191222 0.297725 6.589650 -0.037212
35.634071 -17.002390 3.490349 -3.488137 231.537201 -15.978003 0.202032 0.298850 6.588446 -0.036851
35.751060 -17.270222 3.366618 -3.560908 232.290695 -16.106014 0.210275 0.296545 6.591328 -0.040312
35.884048 -17.582153 3.205855 -3.543397 233.160980 -16.256491 0.218670 0.294418 6.589341 -0.039766
36.001038 -17.862139 3.062833 -3.512798 233.913559 -16.388519 0.223959 0.288558 6.585257 -0.043415
36.135025 -18.206194 2.909973 -3.548559 234.781586 -16.546322 0.226956 0.263142 6.585049 -0.044493
36.251015 -18.496521 2.783575 -3.592746 235.539078 -16.686193 0.227207 0.216553 6.586646 -0.041905
36.385002 -18.827301 2.641588 -3.650848 236.399933 -16.847660 0.225402 0.136597 6.583011 -0.045061
36.501991 -19.138681 2.540154 -3.674851 237.155533 -16.991964 0.222683 0.049883 6.565587 -0.046726
36.634979 -19.495405 2.452809 -3.660746 238.011093 -17.156847 0.218331 -0.054672 6.540014 -0.045941
36.751968 -19.797985 2.385031 -3.600677 238.761353 -17.303514 0.214598 -0.143124 6.526834 -0.046171
36.884956 -20.147444 2.333152 -3.570450 239.617752 -17.474810 0.211507 -0.227634 6.511184 -0.045910
37.001945 -20.466412 2.334236 -3.636136 240.355347 -17.625507 0.209358 -0.278886 6.474272 -0.049963
37.134933 -20.850967 2.371272 -3.694554 241.202255 -17.801641 0.209650 -0.311451 6.439528 -0.050767
37.252922 -21.198660 2.416483 -3.684996 241.938004 -17.955469 0.212486 -0.322827 6.408713 -0.051730
37.385910 -21.590879 2.474308 -3.689056 242.768677 -18.133368 0.217840 -0.326958 6.370769 -0.051120
37.502899 -21.953596 2.528317 -3.761305 243.494339 -18.293106 0.224085 -0.332091 6.336125 -0.054803
37.635887 -22.367296 2.568850 -3.807462 244.313370 -18.477837 0.230654 -0.346103 6.292566 -0.052691
37.752876 -22.716503 2.568904 -3.806536 245.029022 -18.643032 0.235202 -0.366610 6.267302 -0.053311
37.885864 -23.125887 2.540333 -3.917845 245.838379 -18.833973 0.238088 -0.389200 6.243429 -0.052189
38.002853 -23.483267 2.461712 -4.060147 246.547775 -19.005007 0.239723 -0.394967 6.229167 -0.051859
38.135841 -23.889187 2.342155 -4.276436 247.356934 -19.206707 0.241754 -0.368656 6.219538 -0.051606
38.252831 -24.246988 2.214264 -4.488564 248.060913 -19.387400 0.242961 -0.313164 6.207835 -0.052725
38.386818 -24.648066 2.030625 -4.662343 248.859146 -19.594839 0.244037 -0.221886 6.195508 -0.051772
38.502808 -24.985062 1.848527 -4.781728 249.559708 -19.779665 0.244566 -0.124118 6.188988 -0.048106
38.636795 -25.361502 1.640711 -4.896113 250.354156 -19.991547 0.244163 -0.001153 6.177365 -0.048690
38.752785 -25.676558 1.472291 -4.980359 251.051086 -20.181417 0.245587 0.113069 6.174461 -0.045442
38.886772 -26.018108 1.299346 -4.989221 251.841690 -20.400158 0.248701 0.236576 6.162396 -0.043776
39.002762 -26.305470 1.171870 -4.996051 252.534073 -20.596573 0.253890 0.324791 6.147992 -0.041363
39.136749 -26.628067 1.058023 -5.017879 253.318008 -20.823648 0.262575 0.387851 6.126234 -0.043347
39.253738 -26.913181 0.988831 -5.031157 254.004715 -21.026985 0.271111 0.410376 6.114604 -0.041809
39.386726 -27.232763 0.936656 -4.942548 254.781784 -21.261374 0.280270 0.408211 6.092444 -0.042470
39.503716 -27.520008 0.909901 -4.884582 255.461456 -21.470474 0.288765 0.389637 6.069173 -0.043378
39.636703 -27.852715 0.904089 -4.797895 256.236450 -21.713650 0.296703 0.353165 6.053926 -0.043128
39.753693 -28.134518 0.911176 -4.699246 256.904663 -21.927380 0.300359 0.311156 6.044571 -0.042850
39.887680 -28.461176 0.939678 -4.572924 257.673218 -22.179422 0.300032 0.259966 6.029101 -0.042521
40.003670 -28.740541 0.969015 -4.368944 258.341644 -22.402624 0.296497 0.224529 6.018525 -0.041518
40.137657 -29.052158 1.021570 -4.126791 259.098999 -22.658829 0.291518 0.203671 6.005106 -0.040644
40.253647 -29.325605 1.080412 -3.925328 259.762665 -22.887711 0.286529 0.202083 5.997308 -0.041764
40.387634 -29.639399 1.151732 -3.638111 260.514221 -23.151693 0.279231 0.208955 5.982297 -0.042406
40.504623 -29.910578 1.223909 -3.381334 261.172180 -23.387665 0.271397 0.209227 5.975404 -0.039261
40.637611 -30.196171 1.272277 -3.024136 261.917236 -23.658190 0.263030 0.185207 5.949973 -0.038743
40.754604 -30.449802 1.297309 -2.678160 262.569611 -23.899586 0.258075 0.132314 5.943987 -0.037956
40.887592 -30.731707 1.331694 -2.390105 263.314484 -24.180069 0.255276 0.035700 5.935738 -0.037080
41.004581 -30.969635 1.348723 -2.209218 263.962494 -24.428795 0.253614 -0.066349 5.926163 -0.036323
41.138569 -31.231676 1.342261 -1.994270 264.696136 -24.716106 0.252543 -0.179213 5.921472 -0.034367
41.254559 -31.461853 1.301671 -1.777833 265.339447 -24.972651 0.253994 -0.265903 5.917870 -0.034453
41.388546 -31.713972 1.221595 -1.511850 266.069763 -25.268961 0.256642 -0.349840 5.928812 -0.032690
41.505535 -31.937654 1.132037 -1.340564 266.712097 -25.532566 0.259982 -0.415358 5.938580 -0.034990
41.638523 -32.209366 1.015593 -1.197698 267.441620 -25.836700 0.265896 -0.473746 5.948524 -0.035767
41.755512 -32.437489 0.896769 -1.048403 268.083862 -26.108404 0.270438 -0.499906 5.970578 -0.033747
41.888500 -32.692234 0.768916 -0.960246 268.815033 -26.421738 0.274703 -0.493985 5.988375 -0.034131
42.005493 -32.909634 0.666840 -0.970161 269.463257 -26.703754 0.278042 -0.462385 5.995760 -0.031055
42.138481 -33.146095 0.564696 -1.027220 270.194702 -27.026154 0.281127 -0.412733 6.020989 -0.031313
42.255470 -33.356495 0.486694 -1.151628 270.833160 -27.311487 0.282539 -0.367307 6.036606 -0.031074
42.388458 -33.602760 0.409295 -1.319752 271.572144 -27.644936 0.281940 -0.308787 6.058311 -0.032234
42.505447 -33.826805 0.380158 -1.486808 272.217590 -27.939600 0.279378 -0.245307 6.065933 -0.034650
42.639435 -34.094707 0.383898 -1.684801 272.950928 -28.277340 0.272276 -0.152346 6.072224 -0.034450
42.756424 -34.332020 0.429409 -1.879995 273.595337 -28.576818 0.264150 -0.056900 6.074336 -0.035747
42.889412 -34.603771 0.514334 -2.148427 274.325104 -28.920601 0.250604 0.058017 6.062885 -0.036278
43.006401 -34.845638 0.603547 -2.389393 274.964600 -29.224543 0.236846 0.153807 6.044512 -0.036250
43.139389 -35.135860 0.701928 -2.698803 275.687958 -29.570459 0.217697 0.252393 6.017564 -0.037662
43.257381 -35.400249 0.774554 -2.982684 276.320526 -29.876183 0.201480 0.325397 5.993491 -0.038613
43.389370 -35.706131 0.847914 -3.357283 277.039764 -30.229126 0.186750 0.389195 5.969621 -0.038829
43.506359 -35.962387 0.895567 -3.656109 277.658112 -30.536633 0.176186 0.420089 5.941409 -0.037521
43.639347 -36.257591 0.962796 -3.933550 278.366608 -30.894978 0.168250 0.427747 5.917034 -0.038319
43.756336 -36.515392 1.008465 -4.131609 278.976288 -31.207218 0.165406 0.417971 5.900655 -0.038264
43.890324 -36.802410 1.052793 -4.325575 279.676666 -31.571798 0.167134 0.403064 5.886597 -0.035918
44.006313 -37.039639 1.083034 -4.474215 280.284790 -31.893728 0.170890 0.396337 5.875805 -0.034623
44.140301 -37.308548 1.122259 -4.658346 280.973511 -32.262875 0.177955 0.390534 5.873104 -0.035023
44.257290 -37.549603 1.133483 -4.779412 281.577362 -32.589489 0.185857 0.376421 5.865131 -0.035557
44.390278 -37.824223 1.132783 -4.859876 282.261536 -32.964687 0.193312 0.343477 5.863963 -0.035406
44.507267 -38.064049 1.116058 -4.899290 282.861023 -33.298534 0.197453 0.305455 5.866955 -0.036441
44.640255 -38.340588 1.084342 -4.894842 283.547119 -33.684582 0.200343 0.261189 5.877941 -0.035723
44.757244 -38.579678 1.085959 -4.869130 284.140106 -34.021580 0.201348 0.222544 5.877375 -0.036645
44.890232 -38.863747 1.131505 -4.833265 284.823059 -34.416199 0.201545 0.162605 5.895043 -0.037277
45.007221 -39.104988 1.191289 -4.761916 285.414063 -34.760769 0.198439 0.083858 5.898366 -0.035911
45.141209 -39.378338 1.283461 -4.683815 286.094025 -35.164566 0.190851 -0.043676 5.904022 -0.037326
45.257198 -39.629009 1.376889 -4.575757 286.687897 -35.520325 0.182115 -0.175032 5.921771 -0.037904
45.391186 -39.914162 1.501836 -4.445282 287.363190 -35.927757 0.170516 -0.331603 5.941671 -0.037119
45.508175 -40.163872 1.627447 -4.347468 287.959412 -36.287788 0.158475 -0.460077 5.955815 -0.037681
45.641163 -40.448219 1.784578 -4.259108 288.637085 -36.700768 0.143583 -0.583229 5.973778 -0.037505
45.758152 -40.694576 1.926479 -4.123858 289.234161 -37.065510 0.130118 -0.656015 5.984004 -0.038307
45.875141 -40.951828 2.081883 -3.965495 289.829987 -37.432957 0.117609 -0.686962 5.980242 -0.040937
46.008129 -41.259163 2.264812 -3.822010 290.505371 -37.853638 0.105820 -0.670295 5.983124 -0.040795
46.125118 -41.527531 2.416914 -3.777498 291.098572 -38.225620 0.097385 -0.621891 5.984519 -0.039252
46.258106 -41.822033 2.606740 -3.811945 291.772156 -38.651283 0.092208 -0.549527 5.996466 -0.038010
46.375095 -42.080452 2.778655 -3.860947 292.366089 -39.026272 0.089683 -0.478884 6.008959 -0.037405
46.508083 -42.364330 2.976917 -3.987316 293.047455 -39.456364 0.088798 -0.384516 6.020297 -0.035819
46.625072 -42.613056 3.136858 -4.121790 293.638336 -39.828758 0.087886 -0.278557 6.022673 -0.036295
46.759060 -42.901943 3.295563 -4.282961 294.321991 -40.257881 0.086404 -0.124297 6.024080 -0.034974
46.875050 -43.145672 3.395268 -4.474346 294.917877 -40.633724 0.083862 0.026811 6.023372 -0.035560
47.009037 -43.431782 3.480866 -4.763401 295.594971 -41.061749 0.081705 0.188101 6.019389 -0.035692
47.125027 -43.683849 3.530212 -5.033768 296.190643 -41.437511 0.079940 0.299583 6.018956 -0.033798
47.259014 -43.971035 3.571948 -5.418019 296.866150 -41.866219 0.079216 0.378982 6.015618 -0.035175
47.376003 -44.220600 3.589755 -5.802441 297.459839 -42.244526 0.078886 0.414591 6.016149 -0.032450
47.508991 -44.494301 3.581295 -6.261576 298.135590 -42.674534 0.079852 0.434835 6.019701 -0.031715
47.625980 -44.735813 3.549552 -6.699737 298.728394 -43.052887 0.080958 0.450960 6.011330 -0.031095
47.758968 -45.006161 3.502900 -7.182900 299.406799 -43.486034 0.081533 0.474218 6.002252 -0.032688
47.875957 -45.252274 3.457805 -7.648268 299.992767 -43.861176 0.082920 0.494201 5.994587 -0.032878
48.009945 -45.524757 3.424994 -8.139310 300.670624 -44.292507 0.086019 0.506442 5.994631 -0.032217
48.125935 -45.773289 3.411826 -8.593600 301.261200 -44.668953 0.088813 0.500568 5.981396 -0.034143
48.259922 -46.066525 3.412682 -9.078828 301.931213 -45.094986 0.092738 0.468461 5.962452 -0.034023
48.376911 -46.315388 3.444544 -9.442281 302.518707 -45.468582 0.097963 0.415204 5.941629 -0.033891
48.509899 -46.594986 3.483828 -9.819869 303.184082 -45.891735 0.105506 0.332207 5.919201 -0.033731
48.626888 -46.856987 3.510865 -10.142542 303.767059 -46.262775 0.114778 0.249366 5.898445 -0.037652
48.760876 -47.160854 3.555527 -10.454486 304.432861 -46.685570 0.127507 0.155866 5.870650 -0.036732
48.877865 -47.427299 3.622396 -10.714408 305.013153 -47.051300 0.142208 0.073598 5.857251 -0.036680
49.010853 -47.729412 3.726510 -11.017436 305.676025 -47.468777 0.160436 -0.030787 5.835890 -0.035934
49.127842 -47.972847 3.826204 -11.259702 306.248688 -47.829041 0.177266 -0.138261 5.829977 -0.031970
49.260830 -48.222607 3.980669 -11.506452 306.907074 -48.245564 0.197897 -0.275068 5.802866 -0.030457
49.377819 -48.445564 4.135257 -11.752981 307.478577 -48.609409 0.213825 -0.389319 5.784908 -0.031076
49.511806 -48.709488 4.308578 -12.016754 308.127686 -49.022747 0.229731 -0.491087 5.790191 -0.032885
49.627796 -48.943981 4.476140 -12.208545 308.699646 -49.386051 0.244035 -0.544512 5.791155 -0.032848
49.761784 -49.190262 4.647503 -12.472079 309.349457 -49.799622 0.259782 -0.562395 5.795397 -0.027995
49.878773 -49.397705 4.793729 -12.734689 309.921356 -50.163830 0.273805 -0.544944 5.792220 -0.027946
50.011761 -49.636837 4.937821 -13.062042 310.569580 -50.577221 0.290282 -0.498454 5.782308 -0.027001
50.128750 -49.830452 5.025936 -13.373441 311.139618 -50.941822 0.304012 -0.440163 5.783167 -0.024091
50.261738 -50.050735 5.088516 -13.683203 311.793488 -51.358471 0.316375 -0.356730 5.794474 -0.025248
50.378727 -50.240520 5.109148 -13.907416 312.361298 -51.719498 0.323593 -0.270117 5.801805 -0.026201
50.511715 -50.454876 5.099039 -14.211920 313.017151 -52.136124 0.331561 -0.158596 5.799958 -0.023604
50.628704 -50.620396 5.045159 -14.469992 313.590942 -52.499596 0.338264 -0.059171 5.811519 -0.020149
50.762691 -50.785851 4.921015 -14.726933 314.246063 -52.911926 0.343597 0.041979 5.828915 -0.019985
50.878681 -50.928600 4.789302 -14.889674 314.825134 -53.273403 0.348668 0.118888 5.835066 -0.018064
51.012669 -51.076748 4.576048 -15.019979 315.484589 -53.684673 0.356430 0.195237 5.846813 -0.017976
51.129658 -51.196014 4.381290 -15.101548 316.065125 -54.048336 0.365048 0.258767 5.857180 -0.016022
51.262646 -51.319942 4.159258 -15.130312 316.724976 -54.462971 0.375292 0.328211 5.865970 -0.015107
51.379635 -51.412411 3.949953 -15.080054 317.307220 -54.827110 0.386166 0.383361 5.872065 -0.013408
51.512623 -51.498558 3.731077 -14.940732 317.974976 -55.244461 0.400869 0.429555 5.883781 -0.011334
51.629612 -51.557331 3.584715 -14.757666 318.553040 -55.606010 0.415464 0.444261 5.871317 -0.009977
51.762600 -51.608841 3.444980 -14.444597 319.218536 -56.025387 0.432988 0.420068 5.866020 -0.007489
51.879589 -51.628399 3.350391 -14.188249 319.792572 -56.389893 0.448399 0.358371 5.863440 -0.004285
52.013577 -51.622681 3.273812 -13.782323 320.454742 -56.812527 0.463811 0.241843 5.865574 0.000430
52.129566 -51.589001 3.232905 -13.343822 321.033508 -57.181458 0.474912 0.115414 5.869022 0.002419
52.263554 -51.530613 3.216214 -12.773710 321.690125 -57.601772 0.483727 -0.034521 5.853638 0.004293
52.380543 -51.459431 3.205187 -12.248340 322.264587 -57.972893 0.487848 -0.147395 5.842147 0.006740
52.513531 -51.365791 3.200841 -11.703553 322.914948 -58.397713 0.489576 -0.239341 5.839509 0.009803
52.630520 -51.269070 3.208316 -11.250139 323.485260 -58.773476 0.488026 -0.283700 5.828924 0.010892
52.763508 -51.161968 3.235272 -10.727393 324.129974 -59.203609 0.481972 -0.298695 5.827260 0.009835
52.880497 -51.064789 3.233176 -10.350422 324.699402 -59.588959 0.475624 -0.284403 5.827104 0.012304
53.013485 -50.943283 3.225905 -9.907113 325.339325 -60.026920 0.467408 -0.237265 5.833609 0.012479
53.130474 -50.834713 3.214709 -9.514229 325.895081 -60.412373 0.460198 -0.171804 5.832282 0.013718
53.264462 -50.699623 3.180332 -9.066478 326.534485 -60.863239 0.452189 -0.079717 5.846065 0.014289
53.380451 -50.562046 3.131284 -8.625186 327.092590 -61.262333 0.447811 -0.006992 5.875228 0.018776
53.514439 -50.386875 3.059177 -8.143790 327.726837 -61.720715 0.446718 0.047262 5.895490 0.020934
53.631428 -50.213768 2.987110 -7.682954 328.283905 -62.128162 0.448168 0.063475 5.905480 0.023167
53.764416 -49.991928 2.892176 -7.157982 328.916260 -62.597324 0.451252 0.058338 5.927661 0.026582
53.881405 -49.781261 2.802340 -6.655035 329.471069 -63.014385 0.454996 0.051117 5.940719 0.028310
54.014393 -49.525536 2.673445 -6.067396 330.099091 -63.496738 0.458923 0.057393 5.965632 0.030118
54.131382 -49.292706 2.526919 -5.535995 330.650116 -63.928329 0.460705 0.080711 5.999613 0.032343
54.264370 -49.024994 2.317044 -4.937959 331.281219 -64.430267 0.460596 0.118149 6.029352 0.031303
54.381359 -48.792870 2.096996 -4.376867 331.827667 -64.870872 0.457950 0.145042 6.067467 0.031698
54.515347 -48.531490 1.827074 -3.683017 332.460846 -65.385902 0.451721 0.153985 6.104490 0.030901
54.631336 -48.304684 1.589739 -3.182977 333.012360 -65.843040 0.442847 0.137455 6.137982 0.031787
54.765324 -48.039932 1.311244 -2.646296 333.640503 -66.370735 0.428639 0.094492 6.189406 0.034550
54.881313 -47.789013 1.086522 -2.194283 334.192657 -66.842758 0.411806 0.043197 6.223494 0.036692
55.015301 -47.489258 0.871585 -1.665722 334.821289 -67.387169 0.389788 -0.023601 6.275533 0.038099
55.132290 -47.219017 0.714589 -1.184802 335.376221 -67.872787 0.369909 -0.078744 6.322102 0.039970
55.265278 -46.897175 0.573490 -0.668049 336.007721 -68.432587 0.347879 -0.124823 6.362003 0.041982
55.382267 -46.620605 0.488067 -0.228317 336.565216 -68.931213 0.328687 -0.139749 6.415653 0.040755
55.499256 -46.338299 0.458189 0.177464 337.123230 -69.435181 0.310596 -0.130526 6.432531 0.042280
55.632244 -45.995579 0.491667 0.543109 337.760986 -70.017410 0.293128 -0.103409 6.448386 0.044372
55.749233 -45.705803 0.559647 0.717466 338.312073 -70.526451 0.279663 -0.078984 6.476718 0.042714
55.882221 -45.370373 0.660893 0.855695 338.949219 -71.119888 0.264844 -0.056985 6.509462 0.044446
55.999210 -45.078403 0.770788 1.000232 339.501343 -71.635246 0.251988 -0.040448 6.511604 0.043704
56.132198 -44.746346 0.934616 1.089468 340.138885 -72.234039 0.237801 -0.017655 6.539570 0.041333
56.249187 -44.482914 1.080258 1.125340 340.691833 -72.754044 0.227773 0.003975 6.545784 0.039698
56.383175 -44.202412 1.232364 1.112320 341.331543 -73.355186 0.215739 0.021670 6.555523 0.034676
56.499165 -43.985855 1.375439 1.061044 341.890808 -73.881012 0.206255 0.027098 6.560065 0.031178
56.633152 -43.775330 1.560789 0.869311 342.525970 -74.479126 0.197206 0.029056 6.559285 0.025824
56.749142 -43.616886 1.730045 0.673380 343.084839 -75.005196 0.190767 0.036989 6.563806 0.023919
56.883129 -43.462231 1.918946 0.379763 343.721802 -75.603386 0.185761 0.056199 6.572626 0.019862
57.000118 -43.349911 2.072030 0.077832 344.281830 -76.130409 0.181828 0.071601 6.574287 0.017384
57.133106 -43.244095 2.237915 -0.306192 344.919952 -76.728737 0.177411 0.070968 6.579929 0.013749
57.250095 -43.173607 2.362756 -0.706782 345.483246 -77.254578 0.170661 0.050678 6.587557 0.012147
57.383083 -43.125687 2.516766 -1.266181 346.129944 -77.856560 0.161371 0.015403 6.596165 0.006562
57.500072 -43.111855 2.653786 -1.772545 346.693054 -78.375946 0.153837 -0.010726 6.606077 0.004024
57.634060 -43.118671 2.778702 -2.324980 347.346588 -78.973763 0.147413 -0.027877 6.617398 0.001493
57.751049 -43.136078 2.875178 -2.830164 347.920135 -79.494255 0.141057 -0.031939 6.623095 0.000831
57.884037 -43.180332 2.962955 -3.474683 348.576599 -80.082275 0.133855 -0.031624 6.626546 -0.002006
58.000027 -43.234901 3.010232 -4.108120 349.158142 -80.595932 0.129665 -0.031081 6.635374 -0.003981
58.134014 -43.312386 3.035264 -4.814578 349.822540 -81.176697 0.125446 -0.032626 6.636371 -0.006167
58.251003 -43.397736 3.051430 -5.373269 350.409454 -81.686050 0.124109 -0.037088 6.646743 -0.009208
58.384991 -43.515240 3.071537 -5.947784 351.084473 -82.267685 0.124216 -0.042172 6.647028 -0.012938
58.500980 -43.632706 3.075773 -6.378209 351.671265 -82.769005 0.126245 -0.043332 6.662644 -0.015065
58.633968 -43.786026 3.084332 -6.855829 352.353912 -83.346169 0.133337 -0.037450 6.677372 -0.017730
58.750957 -43.933537 3.079070 -7.237151 352.954041 -83.847900 0.141607 -0.026482 6.693710 -0.020146
58.884945 -44.118294 3.081007 -7.611172 353.641785 -84.414421 0.150967 -0.011765 6.705555 -0.022538
59.000935 -44.303898 3.076000 -7.921841 354.250854 -84.910530 0.159154 0.000432 6.720433 -0.026199
59.134922 -44.527634 3.068300 -8.236389 354.947052 -85.472694 0.169109 0.014165 6.735339 -0.027827
59.251911 -44.735474 3.073214 -8.457250 355.562744 -85.965683 0.178812 0.024370 6.742725 -0.029213
59.384899 -44.972416 3.073983 -8.651009 356.265564 -86.522781 0.191076 0.029157 6.739877 -0.028911
59.501888 -45.183323 3.086066 -8.765534 356.885284 -87.008293 0.203180 0.019273 6.722755 -0.032689
59.634876 -45.449512 3.108688 -8.803939 357.594116 -87.554390 0.217033 -0.008679 6.729915 -0.036065
59.751865 -45.691750 3.126141 -8.782063 358.220490 -88.031837 0.227266 -0.043257 6.736200 -0.036289
59.884853 -45.972755 3.161336 -8.750091 358.940887 -88.574127 0.239059 -0.079782 6.723000 -0.037124
60.001842 -46.222664 3.207103 -8.772316 359.565155 -89.039780 0.248633 -0.098740 6.705353 -0.038969
