1.20 1.10 20 64
0.127000 0.009926 -0.122243 -0.037600 0.920701 -0.001645 -0.133375 0.169908 6.601647 0.002345
0.257000 0.007026 -0.439445 -0.104164 1.756399 -0.006104 -0.059577 0.109392 6.482183 -0.002214
0.391000 -0.006189 -0.920244 -0.098274 2.609879 -0.013195 0.074312 0.037868 6.371228 -0.001826
0.507000 -0.013129 -1.432344 -0.131350 3.349375 -0.019449 0.224456 -0.032131 6.293256 -0.002334
0.641000 -0.029968 -2.092624 -0.218255 4.179824 -0.028345 0.413069 -0.115537 6.213478 -0.002820
0.757000 -0.038437 -2.731213 -0.291251 4.904440 -0.037312 0.578745 -0.192316 6.190223 -0.001355
0.891000 -0.031638 -3.497411 -0.358410 5.727701 -0.048196 0.747849 -0.281167 6.197358 0.001155
1.008000 -0.019162 -4.193427 -0.394856 6.474369 -0.060121 0.868258 -0.356437 6.243040 0.001881
1.141000 0.006625 -4.933443 -0.421988 7.298442 -0.074268 0.953468 -0.418528 6.329458 0.003369
1.258000 0.025939 -5.564721 -0.444567 8.043378 -0.087448 0.984567 -0.447035 6.395217 0.002075
1.391000 0.041699 -6.188471 -0.437294 8.899534 -0.104208 0.966672 -0.450037 6.465584 0.002567
1.508000 0.054462 -6.610510 -0.400741 9.657321 -0.119342 0.908328 -0.438748 6.483883 0.001891
1.641999 0.053533 -6.929624 -0.309912 10.517391 -0.137497 0.801313 -0.427089 6.450096 0.000921
1.757999 0.050141 -7.032521 -0.237416 11.267248 -0.153841 0.680987 -0.421392 6.377756 -0.000047
1.891999 0.043259 -6.916093 -0.205534 12.106786 -0.174632 0.531527 -0.408111 6.259408 0.000557
2.008999 0.034689 -6.618787 -0.115621 12.830271 -0.193313 0.404457 -0.373523 6.132607 0.000314
2.141999 0.015895 -6.037039 -0.048699 13.633408 -0.215598 0.281026 -0.297251 5.970984 -0.002306
2.258999 -0.012185 -5.355905 -0.020286 14.323338 -0.236509 0.200778 -0.200150 5.846742 -0.004269
2.375999 -0.062185 -4.553325 0.060633 14.997726 -0.257130 0.151500 -0.086546 5.711274 -0.007486
2.508999 -0.124110 -3.576639 0.110372 15.746426 -0.280310 0.137512 0.051764 5.579329 -0.008407
2.625998 -0.179801 -2.737964 0.080434 16.391504 -0.302316 0.157416 0.170867 5.476797 -0.007431
2.758998 -0.235315 -1.868907 -0.047307 17.112862 -0.329209 0.210694 0.298901 5.393807 -0.007955
2.875998 -0.284004 -1.223906 -0.199003 17.738979 -0.356400 0.274480 0.396028 5.331269 -0.007164
3.009998 -0.345448 -0.664324 -0.391750 18.455326 -0.389290 0.356424 0.484644 5.303253 -0.009189
3.126998 -0.394826 -0.385114 -0.539157 19.069096 -0.416796 0.426433 0.533993 5.293586 -0.007253
3.259998 -0.445157 -0.294244 -0.584502 19.778971 -0.446063 0.498133 0.557277 5.312311 -0.005559
3.376998 -0.487134 -0.408951 -0.563156 20.402456 -0.470246 0.546029 0.544434 5.348605 -0.006686
3.510998 -0.540238 -0.761478 -0.523601 21.118069 -0.498789 0.579338 0.490379 5.410121 -0.007053
3.628997 -0.586685 -1.254836 -0.429924 21.754999 -0.524458 0.586115 0.414972 5.474374 -0.006048
3.760997 -0.636019 -1.971973 -0.283213 22.487734 -0.552886 0.565722 0.310135 5.539365 -0.007304
3.877997 -0.695182 -2.721942 -0.105625 23.138775 -0.579097 0.527471 0.216692 5.586138 -0.008056
4.010997 -0.780397 -3.645578 0.092747 23.884422 -0.610439 0.464571 0.114712 5.626880 -0.011414
4.127998 -0.865849 -4.465907 0.295950 24.543739 -0.637415 0.399040 0.029515 5.645483 -0.011066
4.260998 -0.981855 -5.346116 0.513005 25.300451 -0.668138 0.321135 -0.066867 5.650899 -0.013921
4.377999 -1.097996 -5.991644 0.648953 25.954420 -0.694389 0.258081 -0.147123 5.636799 -0.015415
4.510999 -1.244725 -6.510571 0.746747 26.707922 -0.727660 0.201778 -0.231218 5.621147 -0.017708
4.628000 -1.376716 -6.727433 0.854193 27.363585 -0.757171 0.174336 -0.287856 5.601834 -0.018939
4.762001 -1.547660 -6.668705 0.923121 28.104197 -0.790782 0.171490 -0.333694 5.546823 -0.023384
4.878001 -1.701973 -6.361042 0.967526 28.743303 -0.820222 0.191115 -0.359678 5.485980 -0.022708
5.012002 -1.882641 -5.770551 0.988677 29.471764 -0.857784 0.234259 -0.380366 5.404990 -0.021296
5.129002 -2.029794 -5.103258 1.054978 30.098877 -0.891458 0.279932 -0.388643 5.341194 -0.021010
5.262002 -2.198009 -4.259209 1.105156 30.802052 -0.930125 0.333344 -0.381839 5.262077 -0.020808
5.379003 -2.343904 -3.520681 1.154596 31.414103 -0.963578 0.372539 -0.357681 5.224531 -0.021420
5.512003 -2.509578 -2.741944 1.198935 32.105209 -1.002849 0.399075 -0.312369 5.191554 -0.022033
5.629004 -2.662065 -2.137346 1.233479 32.711391 -1.037340 0.405143 -0.262764 5.188945 -0.023404
5.762004 -2.843096 -1.575292 1.302957 33.405411 -1.076741 0.390857 -0.197660 5.185771 -0.024576
5.879005 -3.006223 -1.229135 1.345609 34.006111 -1.109815 0.362747 -0.133715 5.190798 -0.024294
6.012005 -3.201419 -1.002311 1.375393 34.701008 -1.147940 0.311676 -0.051072 5.196714 -0.025668
6.129006 -3.377608 -0.953684 1.388839 35.309059 -1.183341 0.255125 0.022667 5.210493 -0.025817
6.263007 -3.579308 -1.050977 1.416177 36.001045 -1.222809 0.182195 0.099301 5.210270 -0.025857
6.379007 -3.748685 -1.248049 1.433020 36.609924 -1.257053 0.117759 0.159153 5.214367 -0.024995
6.513008 -3.941596 -1.576762 1.415156 37.302708 -1.296775 0.052326 0.223564 5.218612 -0.026707
6.630008 -4.120910 -1.926535 1.339013 37.912766 -1.332091 0.008209 0.280985 5.225173 -0.027226
6.763009 -4.322603 -2.340010 1.251582 38.607487 -1.371733 -0.020491 0.342400 5.238134 -0.027950
6.880009 -4.508311 -2.675504 1.183543 39.220390 -1.406141 -0.024184 0.381445 5.252992 -0.028214
7.013009 -4.714928 -3.013361 1.042176 39.924366 -1.447177 -0.005101 0.396242 5.271145 -0.027075
7.130009 -4.898455 -3.243095 0.889793 40.540359 -1.485827 0.031864 0.378001 5.277205 -0.029439
7.264010 -5.123831 -3.382218 0.651451 41.240860 -1.530494 0.090578 0.327331 5.279179 -0.031021
7.380010 -5.319758 -3.398846 0.408388 41.851768 -1.570076 0.150946 0.262484 5.278535 -0.031916
7.514011 -5.541451 -3.316694 0.123184 42.558048 -1.615412 0.221551 0.179249 5.283493 -0.028639
7.631011 -5.719705 -3.179898 -0.050455 43.175064 -1.653881 0.275759 0.112958 5.287743 -0.027176
7.764011 -5.931787 -2.956623 -0.224132 43.877949 -1.696280 0.321480 0.061822 5.302730 -0.028967
7.881012 -6.117680 -2.715993 -0.358859 44.498409 -1.733835 0.344911 0.045082 5.321885 -0.028583
8.014012 -6.343206 -2.415849 -0.487610 45.207062 -1.779158 0.346111 0.048334 5.350425 -0.031533
8.131013 -6.555273 -2.140685 -0.594488 45.833599 -1.820432 0.326203 0.050409 5.373870 -0.032737
8.264013 -6.798108 -1.826860 -0.721162 46.554119 -1.868240 0.282372 0.026935 5.402129 -0.031992
8.381014 -7.012174 -1.568410 -0.774320 47.185448 -1.911360 0.229948 -0.024109 5.416714 -0.031945
8.515015 -7.246640 -1.292651 -0.832966 47.904312 -1.962037 0.161223 -0.103694 5.416646 -0.030051
8.631015 -7.452693 -1.078851 -0.873356 48.530987 -2.006610 0.099619 -0.173363 5.414917 -0.031185
8.765016 -7.672385 -0.854623 -0.906276 49.254864 -2.057631 0.032617 -0.239117 5.412022 -0.026945
8.881016 -7.845158 -0.676804 -0.959362 49.886627 -2.104056 -0.015002 -0.284820 5.409923 -0.024449
9.015017 -8.022641 -0.474319 -1.024399 50.604153 -2.159880 -0.053195 -0.329222 5.413313 -0.023221
9.132017 -8.177231 -0.302376 -1.082496 51.235897 -2.210245 -0.068807 -0.363211 5.417876 -0.023091
9.265018 -8.346281 -0.110031 -1.130067 51.954098 -2.269535 -0.063146 -0.385109 5.421100 -0.023482
9.382018 -8.498590 0.057350 -1.216945 52.586067 -2.322772 -0.038922 -0.378403 5.419403 -0.022503
9.516019 -8.669621 0.225735 -1.295560 53.309444 -2.384433 0.004670 -0.341191 5.417148 -0.022516
9.632019 -8.816698 0.330177 -1.339188 53.936810 -2.438799 0.051474 -0.294195 5.437195 -0.021667
9.766020 -8.981511 0.403970 -1.351744 54.663780 -2.502314 0.110612 -0.238878 5.453152 -0.022510
9.882020 -9.138881 0.438546 -1.409467 55.301468 -2.560542 0.162121 -0.194189 5.485521 -0.023851
10.016020 -9.326765 0.430843 -1.396502 56.036102 -2.627622 0.213257 -0.143813 5.525036 -0.024564
10.132020 -9.481393 0.395682 -1.340395 56.677639 -2.687093 0.246108 -0.096092 5.577496 -0.022842
10.266021 -9.660146 0.359245 -1.307645 57.420444 -2.757981 0.266827 -0.038805 5.637155 -0.022559
10.383020 -9.812724 0.316814 -1.290088 58.086693 -2.823359 0.270054 0.012769 5.698859 -0.022081
10.516021 -9.973029 0.270936 -1.312400 58.839916 -2.897572 0.256853 0.074993 5.763353 -0.021205
10.633021 -10.108383 0.237840 -1.329884 59.514534 -2.965365 0.231711 0.142290 5.820099 -0.019452
10.766022 -10.253033 0.229986 -1.370839 60.294685 -3.045539 0.191322 0.235986 5.875547 -0.018526
10.883021 -10.371485 0.255880 -1.453790 60.975307 -3.117005 0.150553 0.324362 5.917072 -0.016402
11.016022 -10.503007 0.337106 -1.574333 61.766182 -3.201947 0.106414 0.412004 5.950486 -0.016568
11.133022 -10.618946 0.443073 -1.692766 62.460602 -3.276821 0.073354 0.462653 5.981057 -0.017328
11.266023 -10.746310 0.614012 -1.847562 63.252396 -3.363093 0.045794 0.484859 5.991872 -0.016261
11.384024 -10.857547 0.793562 -1.973054 63.950157 -3.439252 0.033385 0.477235 6.003050 -0.016920
11.517024 -10.984258 1.033433 -2.101753 64.743629 -3.526998 0.032918 0.446601 6.003263 -0.015962
11.633024 -11.076563 1.238125 -2.096196 65.441368 -3.605194 0.041400 0.401492 5.999225 -0.012450
11.767025 -11.160656 1.466611 -2.068177 66.233627 -3.696565 0.062824 0.327134 5.994066 -0.009783
11.884026 -11.228912 1.645355 -2.019083 66.930641 -3.778471 0.089676 0.239362 6.001653 -0.010938
12.001026 -11.299864 1.799165 -1.976838 67.629402 -3.860287 0.119512 0.139508 6.020752 -0.010045
12.134027 -11.385103 1.955267 -1.930112 68.424492 -3.954712 0.154891 0.028236 6.022592 -0.012144
12.251027 -11.469931 2.040209 -1.888411 69.125435 -4.040451 0.183203 -0.047092 6.046017 -0.012500
12.384027 -11.569971 2.112093 -1.829823 69.932076 -4.140947 0.208545 -0.102952 6.080011 -0.013796
12.501028 -11.661123 2.152458 -1.718195 70.633698 -4.228640 0.222682 -0.134938 6.105944 -0.014229
12.634028 -11.771407 2.195650 -1.644302 71.448387 -4.332500 0.229274 -0.173239 6.146876 -0.013877
12.751029 -11.850253 2.204891 -1.619883 72.158478 -4.422789 0.227706 -0.214078 6.183363 -0.011315
12.885029 -11.938145 2.169026 -1.578544 72.983368 -4.528945 0.215890 -0.264957 6.224022 -0.011867
13.001029 -12.017108 2.120078 -1.527001 73.708328 -4.623394 0.200204 -0.302640 6.269714 -0.013167
13.135030 -12.110260 2.083575 -1.397074 74.537445 -4.731848 0.178241 -0.336852 6.300902 -0.012434
13.252030 -12.186374 2.051762 -1.250265 75.269379 -4.829057 0.160329 -0.358819 6.319307 -0.011905
13.385031 -12.263306 2.047220 -1.070262 76.103401 -4.941752 0.144740 -0.373953 6.340395 -0.011618
13.502031 -12.330897 2.057449 -0.860404 76.839142 -5.040912 0.134764 -0.371845 6.346269 -0.010660
13.636032 -12.400219 2.091179 -0.710587 77.682159 -5.158745 0.131328 -0.347666 6.358977 -0.009272
13.753033 -12.447187 2.131528 -0.566273 78.419174 -5.264027 0.135554 -0.310398 6.366160 -0.006925
13.885033 -12.501347 2.207329 -0.399235 79.258369 -5.384308 0.147701 -0.260666 6.380161 -0.007678
14.002033 -12.537245 2.310169 -0.319303 79.997787 -5.491171 0.162788 -0.217424 6.386777 -0.006580
14.135034 -12.569386 2.453270 -0.300195 80.837837 -5.613982 0.183478 -0.165985 6.381235 -0.003509
14.252034 -12.600166 2.577365 -0.330929 81.577393 -5.723456 0.203514 -0.113498 6.396923 -0.004131
14.386035 -12.624913 2.717955 -0.386062 82.420090 -5.848756 0.226141 -0.038732 6.412832 -0.003048
14.503036 -12.638699 2.833004 -0.479355 83.163666 -5.958364 0.242859 0.039246 6.432014 -0.000150
14.636036 -12.639033 2.953062 -0.624650 84.012062 -6.081552 0.255707 0.135736 6.456292 0.001816
14.753036 -12.634752 3.032693 -0.768472 84.760704 -6.190207 0.260630 0.220545 6.474721 0.001227
14.886037 -12.635660 3.100280 -0.937682 85.615448 -6.314886 0.259562 0.308628 6.508494 0.001440
15.003037 -12.636345 3.126342 -1.144683 86.370735 -6.424765 0.253355 0.366744 6.532225 0.001268
15.136038 -12.626451 3.125751 -1.373875 87.238747 -6.550817 0.242113 0.397775 6.556156 0.002460
15.253038 -12.631336 3.098374 -1.549052 87.992599 -6.660130 0.230145 0.388629 6.573722 -0.000400
15.386039 -12.647013 3.039736 -1.741331 88.864372 -6.786413 0.216715 0.346290 6.578915 -0.000739
15.503039 -12.653315 2.975645 -1.893695 89.627159 -6.895442 0.204851 0.299174 6.591426 0.000944
15.637039 -12.651355 2.881850 -2.059046 90.508965 -7.020654 0.192729 0.246104 6.602175 0.002365
15.753039 -12.641193 2.766252 -2.172250 91.261650 -7.126894 0.185290 0.202188 6.619517 0.003315
15.887040 -12.635051 2.625636 -2.295886 92.133369 -7.251317 0.183090 0.144206 6.623622 0.000196
16.004040 -12.642771 2.502308 -2.393333 92.901230 -7.360858 0.184338 0.090406 6.634628 -0.000693
16.137043 -12.659001 2.351934 -2.501595 93.775497 -7.483204 0.188573 0.036490 6.635534 -0.001734
16.254045 -12.682291 2.249578 -2.620368 94.544281 -7.590793 0.195566 0.004515 6.636988 -0.002766
16.387049 -12.692814 2.136399 -2.713366 95.424706 -7.715717 0.207050 -0.023222 6.638513 0.000413
16.504051 -12.702708 2.047498 -2.801955 96.186600 -7.823146 0.219127 -0.051808 6.632785 -0.001221
16.637054 -12.728048 1.961092 -2.870805 97.066925 -7.946148 0.233858 -0.099212 6.635266 -0.003714
16.754057 -12.761822 1.867797 -2.933008 97.836136 -8.054304 0.245474 -0.141201 6.640936 -0.005363
16.888060 -12.794726 1.761213 -2.997092 98.711548 -8.176930 0.255928 -0.173384 6.647914 -0.002761
17.004063 -12.809655 1.691988 -3.054703 99.482407 -8.284961 0.262281 -0.179098 6.659439 -0.003190
17.138065 -12.821228 1.627875 -3.092683 100.360725 -8.407606 0.267707 -0.164114 6.676771 -0.000665
17.255068 -12.824039 1.569438 -3.086004 101.134743 -8.516763 0.270383 -0.140807 6.686615 -0.000793
17.388071 -12.818439 1.495062 -3.049770 102.015594 -8.643435 0.268799 -0.112194 6.694477 0.001131
17.505074 -12.808472 1.436992 -3.024472 102.791588 -8.756094 0.265150 -0.088186 6.710433 0.001715
17.638077 -12.789011 1.414274 -2.997809 103.675331 -8.885344 0.258195 -0.064604 6.719763 0.003383
17.755079 -12.765651 1.417540 -2.900016 104.453598 -8.999797 0.251822 -0.048079 6.727027 0.003195
17.888083 -12.737309 1.417138 -2.716643 105.346947 -9.130596 0.244095 -0.038532 6.746132 0.002969
18.005085 -12.704329 1.416570 -2.612768 106.128593 -9.245868 0.239292 -0.042597 6.757359 0.004938
18.139088 -12.676687 1.439029 -2.416084 107.019814 -9.375902 0.233277 -0.061585 6.777014 0.002535
18.255091 -12.662000 1.465074 -2.207373 107.804199 -9.489777 0.229069 -0.088190 6.778774 0.000880
18.389093 -12.658916 1.521545 -1.966066 108.696854 -9.619445 0.226338 -0.120716 6.782014 -0.000315
18.506096 -12.648823 1.600273 -1.835357 109.482254 -9.734193 0.226531 -0.144153 6.782453 0.002207
18.640099 -12.625052 1.699350 -1.699346 110.374336 -9.865918 0.229051 -0.161022 6.779610 0.002472
18.757101 -12.616092 1.785071 -1.594140 111.165764 -9.984508 0.232536 -0.165307 6.783081 0.001104
18.889105 -12.595932 1.882724 -1.480256 112.057426 -10.119055 0.237350 -0.154912 6.780626 0.002137
19.006107 -12.577223 1.961059 -1.381899 112.834969 -10.237036 0.243152 -0.131487 6.785239 0.002427
19.139111 -12.556830 2.010456 -1.291082 113.733948 -10.373169 0.248067 -0.092253 6.784689 0.002180
19.256113 -12.528783 2.038428 -1.240180 114.512344 -10.492193 0.251492 -0.054003 6.790431 0.004872
19.390116 -12.502203 2.046238 -1.233592 115.411713 -10.630817 0.254936 -0.010794 6.797959 0.002861
19.506119 -12.482040 2.033409 -1.261378 116.199188 -10.751186 0.256233 0.027885 6.816372 0.003081
19.640121 -12.456428 1.988453 -1.256696 117.096848 -10.887846 0.256541 0.084020 6.832834 0.003430
19.757124 -12.433008 1.951318 -1.245745 117.889328 -11.008736 0.255756 0.151781 6.859879 0.003421
19.890127 -12.408845 1.894072 -1.245422 118.793228 -11.144789 0.253284 0.248412 6.884439 0.002903
20.007130 -12.401302 1.834547 -1.267080 119.590805 -11.264291 0.251398 0.337274 6.903583 0.001646
20.149132 -12.397047 1.773873 -1.330586 120.500587 -11.399942 0.247558 0.417163 6.923463 0.001503
20.257133 -12.377449 1.738438 -1.391379 121.304024 -11.520897 0.243570 0.450252 6.952739 0.004386
20.391136 -12.344096 1.728180 -1.454737 122.226456 -11.660613 0.238386 0.435554 6.973007 0.004872
20.508139 -12.313575 1.767437 -1.499305 123.034622 -11.782302 0.236110 0.383479 6.989747 0.004730
20.642141 -12.269556 1.865426 -1.635535 123.962120 -11.923059 0.237034 0.301679 7.008922 0.007808
20.758144 -12.224291 2.011034 -1.781235 124.772751 -12.046940 0.239246 0.228319 7.008559 0.007522
20.894146 -12.173409 2.223629 -1.944827 125.695412 -12.187910 0.243253 0.154468 7.021514 0.008333
21.009146 -12.127984 2.415383 -2.084056 126.508827 -12.310228 0.247726 0.094997 7.038780 0.008003
21.142149 -12.073051 2.649620 -2.223420 127.435608 -12.447774 0.251853 0.025432 7.044302 0.008240
21.260151 -12.026111 2.872079 -2.329991 128.259033 -12.570241 0.254739 -0.040760 7.061304 0.007197
21.376154 -11.991603 3.106477 -2.438359 129.068985 -12.691709 0.254023 -0.103186 7.058189 0.005452
21.509155 -11.963691 3.367129 -2.503249 129.997742 -12.830359 0.250022 -0.165471 7.066575 0.003374
21.626158 -11.951267 3.601241 -2.571075 130.816589 -12.952065 0.243410 -0.213132 7.079571 0.001695
21.759159 -11.939034 3.855057 -2.732677 131.755905 -13.091581 0.232177 -0.275186 7.086067 0.003991
21.876160 -11.918576 4.056836 -2.894609 132.568710 -13.212671 0.218408 -0.344363 7.080450 0.005456
22.009163 -11.909523 4.252016 -3.093009 133.507339 -13.352044 0.201002 -0.439887 7.078467 0.002032
22.126165 -11.918287 4.388608 -3.267201 134.318665 -13.471642 0.185833 -0.515167 7.068014 -0.000216
22.259169 -11.942446 4.480909 -3.505104 135.254242 -13.611606 0.167660 -0.568666 7.054348 -0.001089
22.376171 -11.962800 4.514641 -3.676466 136.071259 -13.733986 0.153688 -0.570739 7.063844 -0.000336
22.510174 -11.967593 4.515055 -3.769962 136.998657 -13.871936 0.141344 -0.518455 7.043041 -0.000421
22.626177 -11.975142 4.492440 -3.773275 137.812042 -13.993273 0.136153 -0.431924 7.021423 -0.001431
22.760180 -12.003913 4.426840 -3.794562 138.734726 -14.133601 0.135032 -0.298787 7.013365 -0.004833
22.877182 -12.044399 4.350048 -3.812110 139.545303 -14.258368 0.137319 -0.168540 7.003167 -0.005753
23.010185 -12.086092 4.242674 -3.778245 140.465759 -14.399757 0.144056 -0.018003 7.005325 -0.005492
23.127188 -12.119818 4.136286 -3.709764 141.275620 -14.524121 0.152551 0.104017 7.003983 -0.006445
23.260191 -12.166549 3.993764 -3.654480 142.202240 -14.666981 0.161628 0.232521 6.995069 -0.006464
23.377193 -12.208428 3.874357 -3.556556 143.004257 -14.792089 0.167868 0.327161 6.997991 -0.007716
23.511196 -12.260046 3.732753 -3.403871 143.929672 -14.937709 0.175008 0.407977 6.986221 -0.008974
23.627199 -12.304814 3.615732 -3.225212 144.730194 -15.063625 0.180936 0.436786 6.985717 -0.008376
23.761202 -12.359995 3.503063 -2.995675 145.654022 -15.208901 0.183869 0.415629 6.979007 -0.010032
23.877203 -12.428064 3.422987 -2.780684 146.460617 -15.336150 0.183016 0.363840 6.981086 -0.012895
24.011206 -12.509616 3.373104 -2.564375 147.377518 -15.482622 0.180341 0.300346 6.979237 -0.012087
24.128208 -12.585042 3.346267 -2.412960 148.183960 -15.612212 0.175188 0.270788 6.983537 -0.013891
24.261211 -12.682281 3.324995 -2.263828 149.098938 -15.759593 0.166504 0.276049 6.957526 -0.014722
24.378214 -12.781241 3.325586 -2.123800 149.901413 -15.889473 0.157115 0.300506 6.945121 -0.015975
24.513216 -12.905038 3.347585 -1.957988 150.819016 -16.037777 0.145449 0.325583 6.928844 -0.018492
24.630217 -13.030533 3.401150 -1.814913 151.630295 -16.168303 0.134567 0.328814 6.892354 -0.020211
24.765217 -13.189351 3.474122 -1.735382 152.553635 -16.317577 0.122687 0.305318 6.868213 -0.020960
24.878220 -13.321746 3.523623 -1.711401 153.304779 -16.439188 0.114198 0.265535 6.843416 -0.020713
25.011223 -13.484368 3.559276 -1.701904 154.207657 -16.585135 0.104942 0.193702 6.811313 -0.023885
25.129223 -13.654943 3.563792 -1.659296 155.005692 -16.713629 0.098873 0.111115 6.780254 -0.025870
25.271223 -13.868868 3.557049 -1.629933 155.899445 -16.857174 0.096160 0.000416 6.738226 -0.029823
25.380224 -14.067280 3.525492 -1.622706 156.654999 -16.979918 0.097145 -0.104561 6.698004 -0.031959
25.512224 -14.310941 3.431628 -1.628425 157.544525 -17.126427 0.101825 -0.235005 6.665463 -0.031858
25.629227 -14.511683 3.310035 -1.575042 158.298386 -17.250736 0.107675 -0.335311 6.627480 -0.030602
25.762230 -14.754276 3.159978 -1.565274 159.164948 -17.396135 0.115313 -0.420246 6.592426 -0.032308
25.879232 -14.955975 2.991024 -1.542355 159.923569 -17.524857 0.122394 -0.452266 6.570470 -0.028825
26.005234 -15.136017 2.829563 -1.527834 160.576431 -17.637011 0.128739 -0.448785 6.552799 -0.031967
26.126232 -15.407559 2.601382 -1.473046 161.504776 -17.795155 0.137291 -0.409941 6.533686 -0.034110
26.267231 -15.690667 2.377751 -1.526054 162.424896 -17.955042 0.146361 -0.359917 6.526119 -0.034903
26.382233 -15.913384 2.194442 -1.548253 163.163467 -18.084446 0.152392 -0.325191 6.521231 -0.032651
26.508232 -16.158699 2.003624 -1.587542 163.966629 -18.225492 0.156041 -0.293896 6.519612 -0.034607
26.665232 -16.345421 1.872757 -1.645800 164.556427 -18.330011 0.158348 -0.270742 6.507598 -0.035913
26.765232 -16.714270 1.660512 -1.891159 165.629807 -18.523012 0.159670 -0.213224 6.482207 -0.038897
26.880236 -16.967131 1.535697 -2.126247 166.349838 -18.655636 0.160590 -0.156053 6.477828 -0.037653
27.014238 -17.262854 1.415204 -2.392609 167.202026 -18.815996 0.162514 -0.071996 6.462879 -0.038066
27.130241 -17.511499 1.343247 -2.662284 167.937714 -18.956326 0.166225 0.006076 6.451090 -0.036202
27.263245 -17.799810 1.315835 -2.937450 168.784576 -19.120892 0.172155 0.089305 6.428446 -0.037073
27.381245 -18.054287 1.322535 -3.187907 169.520798 -19.267750 0.177687 0.149415 6.409723 -0.037067
27.504246 -18.338911 1.372922 -3.458050 170.317398 -19.428576 0.181847 0.198423 6.390283 -0.038532
27.638247 -18.620975 1.448545 -3.715249 171.104767 -19.591116 0.184898 0.232364 6.367314 -0.037617
27.751249 -18.876711 1.514308 -3.942885 171.831650 -19.745024 0.186846 0.250297 6.339133 -0.037133
27.884253 -19.154009 1.554474 -4.156194 172.661148 -19.924463 0.188845 0.251097 6.327788 -0.034862
28.001255 -19.399380 1.600870 -4.323684 173.382889 -20.084301 0.189345 0.232197 6.312540 -0.036529
28.131256 -19.677385 1.675472 -4.540789 174.176727 -20.264271 0.188867 0.189833 6.309479 -0.037511
28.268259 -19.973616 1.734841 -4.795873 174.993774 -20.452847 0.187179 0.130956 6.303230 -0.036832
28.381262 -20.228409 1.783232 -4.929724 175.711258 -20.620344 0.186151 0.078703 6.292070 -0.036657
28.514265 -20.513950 1.814076 -5.030270 176.529434 -20.815063 0.186742 0.035934 6.268040 -0.036568
28.632267 -20.744190 1.820293 -5.031191 177.235947 -20.985523 0.188464 0.020812 6.262042 -0.034032
28.765270 -21.002626 1.796985 -4.939260 178.056381 -21.186234 0.191484 0.024870 6.255915 -0.033643
28.881271 -21.223972 1.764442 -4.758738 178.760559 -21.360695 0.194482 0.037571 6.255144 -0.034303
29.015274 -21.474848 1.714733 -4.500342 179.566437 -21.563990 0.199697 0.054501 6.245073 -0.033466
29.131277 -21.683903 1.644577 -4.208418 180.274521 -21.744858 0.204737 0.076852 6.246455 -0.032233
29.265280 -21.906061 1.557736 -3.826600 181.078568 -21.953453 0.210297 0.115318 6.243043 -0.029594
29.386282 -22.082367 1.479596 -3.463902 181.785416 -22.139479 0.213797 0.156427 6.255605 -0.026446
29.515285 -22.262247 1.398036 -3.015255 182.596466 -22.353136 0.217763 0.195505 6.255547 -0.024628
29.632288 -22.411615 1.332485 -2.618686 183.297485 -22.540430 0.220997 0.208985 6.255949 -0.023916
29.765291 -22.583809 1.267632 -2.129687 184.106750 -22.760109 0.223617 0.196136 6.259666 -0.023083
29.882294 -22.733252 1.211419 -1.732751 184.806305 -22.954523 0.225278 0.166015 6.258117 -0.024774
30.015297 -22.921255 1.155877 -1.305000 185.613281 -23.182213 0.226361 0.115352 6.253903 -0.026908
30.132299 -23.090408 1.092926 -0.946920 186.311600 -23.381798 0.226315 0.059272 6.259365 -0.024765
30.266302 -23.262960 1.039326 -0.598665 187.116211 -23.615414 0.226259 -0.023103 6.248738 -0.022131
30.382305 -23.405354 1.009807 -0.381896 187.816681 -23.823994 0.226905 -0.110451 6.244709 -0.021169
30.516306 -23.548555 0.993480 -0.149371 188.610718 -24.064589 0.228232 -0.221759 6.238740 -0.019150
30.632309 -23.665352 0.975441 0.018813 189.308640 -24.277666 0.231035 -0.319159 6.237468 -0.016796
30.766312 -23.794153 0.934371 0.157031 190.102982 -24.520813 0.235416 -0.410358 6.249325 -0.017887
30.883314 -23.912304 0.884282 0.227291 190.801117 -24.736170 0.238844 -0.457860 6.241738 -0.017301
31.016317 -24.042662 0.830946 0.225298 191.598785 -24.985794 0.243374 -0.462733 6.237077 -0.017067
31.133320 -24.160217 0.767731 0.171872 192.294373 -25.207756 0.246867 -0.423432 6.240761 -0.016935
31.267323 -24.291328 0.687559 0.051400 193.084610 -25.464083 0.251992 -0.337945 6.251639 -0.016668
31.383326 -24.405415 0.623839 -0.047132 193.779755 -25.692278 0.257820 -0.238872 6.254670 -0.017257
31.517328 -24.542372 0.571319 -0.210584 194.569733 -25.953835 0.265003 -0.117998 6.261485 -0.017996
31.634331 -24.642227 0.540286 -0.321144 195.271042 -26.188292 0.271348 -0.017940 6.265586 -0.013171
31.767334 -24.739332 0.518080 -0.408878 196.055557 -26.453413 0.278653 0.070558 6.282080 -0.012551
31.884336 -24.818111 0.520381 -0.480949 196.751221 -26.692085 0.285150 0.124070 6.291934 -0.010970
32.002338 -24.872923 0.539846 -0.568533 197.447189 -26.934393 0.291663 0.155776 6.303493 -0.006298
32.134327 -24.915655 0.577070 -0.677895 198.238770 -27.213966 0.296095 0.174513 6.314099 -0.005601
32.251316 -24.959007 0.619957 -0.782720 198.934662 -27.462362 0.298271 0.186565 6.320766 -0.006612
32.384308 -25.013151 0.680610 -0.949978 199.726456 -27.748173 0.297390 0.207564 6.335308 -0.007016
32.501297 -25.059563 0.745800 -1.062949 200.423370 -28.001614 0.293880 0.236091 6.341293 -0.006605
32.639294 -25.123089 0.814865 -1.135398 201.227844 -28.295021 0.288190 0.274189 6.342204 -0.009062
32.751286 -25.175730 0.868756 -1.203089 201.912521 -28.547218 0.282968 0.298505 6.345798 -0.008449
32.884274 -25.231009 0.921203 -1.253921 202.709793 -28.844101 0.276592 0.307851 6.346810 -0.006833
33.001263 -25.277868 0.966079 -1.234365 203.399567 -29.101725 0.271399 0.296935 6.347355 -0.006638
33.135250 -25.329571 0.991806 -1.205944 204.195587 -29.401951 0.266026 0.265966 6.351705 -0.006828
33.252243 -25.378656 0.998641 -1.230108 204.902374 -29.670086 0.259358 0.220492 6.358930 -0.006749
33.387234 -25.424696 0.975513 -1.216441 205.692184 -29.971470 0.252554 0.143678 6.356336 -0.007404
33.502228 -25.469730 0.939272 -1.169365 206.373901 -30.233780 0.247497 0.056393 6.346588 -0.006667
33.634220 -25.532137 0.871053 -1.036165 207.136154 -30.529152 0.241905 -0.052335 6.336690 -0.009861
33.754219 -25.596750 0.768543 -0.887883 207.849136 -30.809381 0.238432 -0.140280 6.326513 -0.008878
33.889210 -25.663513 0.636586 -0.687720 208.635971 -31.123018 0.235702 -0.203812 6.316022 -0.008639
34.002205 -25.712687 0.530303 -0.452687 209.315918 -31.395691 0.234583 -0.227034 6.317033 -0.008126
34.135193 -25.777637 0.403515 -0.247527 210.100342 -31.714037 0.234670 -0.229066 6.314396 -0.009706
34.252190 -25.835974 0.304478 -0.052268 210.776993 -31.991951 0.235429 -0.221502 6.291247 -0.008817
34.386185 -25.907310 0.190710 0.128334 211.561508 -32.316341 0.236574 -0.210922 6.285344 -0.010412
34.502178 -25.978376 0.078404 0.216072 212.232742 -32.598331 0.237340 -0.202556 6.268907 -0.011493
34.637180 -26.088917 -0.032355 0.302439 213.000641 -32.922169 0.237153 -0.191810 6.259187 -0.015325
34.752171 -26.201096 -0.114630 0.422583 213.674362 -33.206463 0.236144 -0.182217 6.245303 -0.017484
34.886158 -26.343691 -0.193324 0.557198 214.443359 -33.534088 0.234186 -0.173397 6.228466 -0.019292
35.003147 -26.476425 -0.240621 0.617188 215.106445 -33.819279 0.232158 -0.169645 6.211016 -0.020551
35.136135 -26.656759 -0.304739 0.621192 215.862213 -34.148518 0.227211 -0.165451 6.190819 -0.025305
35.253124 -26.839060 -0.367235 0.588287 216.523911 -34.440033 0.222512 -0.149283 6.172929 -0.027936
35.386116 -27.061747 -0.438663 0.550578 217.278366 -34.775581 0.218003 -0.102856 6.153882 -0.030042
35.503105 -27.267443 -0.496219 0.511296 217.928696 -35.067696 0.214061 -0.038997 6.136345 -0.032177
35.636093 -27.532124 -0.552119 0.425458 218.675537 -35.407570 0.210175 0.051021 6.114564 -0.035083
35.753082 -27.766342 -0.571807 0.343497 219.324203 -35.708099 0.207167 0.126870 6.109468 -0.036427
35.887070 -28.053658 -0.570905 0.179738 220.058792 -36.052979 0.204904 0.200785 6.098010 -0.038980
36.004059 -28.332199 -0.544053 -0.011534 220.702209 -36.360077 0.202547 0.247189 6.085583 -0.042233
36.137047 -28.661020 -0.501878 -0.138586 221.430038 -36.711464 0.199240 0.274806 6.067120 -0.043003
36.254036 -28.960430 -0.458813 -0.214357 222.066895 -37.022404 0.194567 0.273882 6.051504 -0.046919
36.387028 -29.335054 -0.385075 -0.323813 222.786758 -37.379623 0.187036 0.247393 6.038572 -0.050820
36.504017 -29.672094 -0.323003 -0.407710 223.417877 -37.696522 0.177931 0.211294 6.034150 -0.049922
36.635017 -30.046864 -0.261220 -0.481530 224.117355 -38.051186 0.165190 0.166505 6.031595 -0.052363
36.760021 -30.447304 -0.194049 -0.524291 224.792999 -38.397797 0.151331 0.127156 6.023356 -0.057536
36.891026 -30.889200 -0.082420 -0.549420 225.497375 -38.762619 0.135503 0.098422 6.001935 -0.059956
37.021015 -31.285965 0.017072 -0.533306 226.113464 -39.083992 0.121591 0.087079 5.984554 -0.059582
37.138004 -31.753813 0.148048 -0.505608 226.799835 -39.447903 0.107483 0.087329 5.968082 -0.064597
37.253994 -32.202862 0.286920 -0.563249 227.414276 -39.777069 0.095509 0.085953 5.944823 -0.069343
37.387981 -32.755001 0.486927 -0.701079 228.107956 -40.152313 0.082744 0.070425 5.918821 -0.073771
37.504971 -33.266479 0.665187 -0.782436 228.715652 -40.481384 0.073221 0.043678 5.899305 -0.078382
37.637962 -33.877232 0.864567 -0.859719 229.402359 -40.856121 0.063668 0.009954 5.867848 -0.081007
37.754951 -34.443340 1.044589 -1.000812 230.001480 -41.188419 0.055631 -0.016680 5.846336 -0.086639
37.887939 -35.131683 1.254649 -1.193490 230.677597 -41.568474 0.047201 -0.049661 5.821621 -0.092435
38.005932 -35.765953 1.415201 -1.363843 231.277237 -41.909931 0.038149 -0.089671 5.783858 -0.093100
38.138920 -36.511967 1.581432 -1.602480 231.942474 -42.292309 0.026296 -0.142327 5.758428 -0.099832
38.255917 -37.191174 1.698666 -1.926071 232.518555 -42.628109 0.014666 -0.182547 5.742797 -0.102311
38.389912 -38.003784 1.789216 -2.355150 233.179810 -43.018715 0.000767 -0.210262 5.721863 -0.105655
38.506905 -38.750092 1.872142 -2.833357 233.756653 -43.366875 -0.011781 -0.222759 5.700612 -0.109888
38.639900 -39.630329 1.948269 -3.392410 234.404083 -43.760246 -0.024944 -0.235747 5.687760 -0.114566
38.756897 -40.429848 2.000039 -3.884124 234.970093 -44.106861 -0.035608 -0.251127 5.664180 -0.117347
38.889889 -41.345451 2.046809 -4.450097 235.604904 -44.497707 -0.048605 -0.267061 5.635647 -0.120470
39.006878 -42.180088 2.109747 -5.000792 236.163620 -44.845211 -0.058439 -0.272263 5.614333 -0.121327
39.139870 -43.133686 2.185169 -5.614014 236.793167 -45.241238 -0.067370 -0.264633 5.578986 -0.123076
39.256859 -43.978481 2.257490 -6.152075 237.341431 -45.590115 -0.073101 -0.247260 5.533942 -0.123300
39.389851 -44.950085 2.354194 -6.815250 237.962143 -45.990635 -0.076386 -0.216799 5.494057 -0.123052
39.506847 -45.807339 2.441425 -7.438010 238.492996 -46.337173 -0.076725 -0.179048 5.448943 -0.125428
39.640835 -46.793652 2.545207 -8.104968 239.099258 -46.738262 -0.076640 -0.117670 5.407482 -0.124427
39.756824 -47.659420 2.641862 -8.676539 239.623169 -47.087662 -0.074247 -0.049086 5.367182 -0.125713
39.890812 -48.646675 2.746183 -9.370936 240.211655 -47.485645 -0.069791 0.040196 5.324891 -0.124388
40.007801 -49.502846 2.859030 -9.954549 240.724045 -47.835590 -0.065421 0.121330 5.296212 -0.122242
40.140793 -50.460423 3.011883 -10.617568 241.301544 -48.234932 -0.059201 0.208472 5.270370 -0.120810
40.257782 -51.290730 3.165607 -11.154549 241.806168 -48.587315 -0.052802 0.277028 5.259543 -0.118485
40.390770 -52.218670 3.378948 -11.689207 242.377823 -48.987152 -0.042822 0.344103 5.241090 -0.117046
40.507763 -53.015579 3.606494 -12.170165 242.878006 -49.337891 -0.029700 0.393015 5.208685 -0.112982
40.627754 -53.804787 3.859288 -12.642058 243.375870 -49.687107 -0.013553 0.425384 5.192492 -0.112720
40.757744 -54.690445 4.169737 -13.138756 243.939575 -50.082848 0.007063 0.435189 5.168681 -0.110059
40.890732 -55.532848 4.493899 -13.619575 244.504852 -50.479733 0.028204 0.408194 5.145477 -0.102943
41.007721 -56.244484 4.750554 -13.990914 244.997681 -50.823933 0.050055 0.357008 5.129252 -0.100894
41.141708 -57.023296 5.039221 -14.464654 245.557220 -51.213783 0.077939 0.280844 5.124630 -0.092629
41.258705 -57.671455 5.276899 -14.987207 246.048325 -51.555363 0.102865 0.210055 5.108028 -0.087329
41.391697 -58.374016 5.513922 -15.599251 246.605545 -51.941856 0.131298 0.136119 5.095364 -0.082342
41.507687 -58.970173 5.682632 -16.129229 247.096664 -52.279915 0.158592 0.078323 5.094087 -0.079880
41.625675 -59.541718 5.795844 -16.657288 247.588699 -52.616581 0.188447 0.027337 5.094995 -0.076102
41.758663 -60.165321 5.865008 -17.246773 248.148758 -52.996910 0.222543 -0.025778 5.083945 -0.072029
41.875652 -60.698132 5.857490 -17.791967 248.642517 -53.328526 0.253694 -0.070022 5.080204 -0.070659
42.019650 -61.324322 5.768001 -18.450890 249.239136 -53.726845 0.293636 -0.122404 5.091883 -0.067983
42.128651 -61.785721 5.657375 -18.966476 249.710068 -54.039223 0.326181 -0.164907 5.095625 -0.062724
42.258644 -62.307556 5.475413 -19.613909 250.266815 -54.406467 0.364108 -0.214299 5.085794 -0.060245
42.375633 -62.744919 5.270158 -20.215137 250.764694 -54.733551 0.398917 -0.257460 5.093623 -0.055323
42.508621 -63.204857 4.999181 -20.902428 251.336243 -55.107689 0.438186 -0.304710 5.100770 -0.049179
42.625618 -63.566666 4.733929 -21.500628 251.834381 -55.433887 0.470740 -0.338410 5.083543 -0.043508
42.758606 -63.931721 4.409521 -22.145382 252.400848 -55.804703 0.506469 -0.362261 5.099117 -0.040750
42.875595 -64.231895 4.119000 -22.642990 252.899979 -56.131584 0.536568 -0.362049 5.093700 -0.040292
43.009583 -64.561401 3.795578 -23.068224 253.464554 -56.504253 0.568098 -0.335236 5.085532 -0.038396
43.125572 -64.821747 3.542407 -23.336971 253.960068 -56.832432 0.595450 -0.295472 5.072806 -0.036240
43.259560 -65.087448 3.306768 -23.523756 254.520035 -57.208012 0.624000 -0.245102 5.063909 -0.032055
43.376549 -65.295631 3.139489 -23.552017 255.010498 -57.539757 0.647550 -0.207378 5.057389 -0.029306
43.509544 -65.498619 2.992598 -23.392698 255.566040 -57.921646 0.668902 -0.172551 5.009022 -0.025951
43.626537 -65.636406 2.904166 -23.091892 256.041656 -58.254139 0.684938 -0.143811 4.998025 -0.021036
43.750526 -65.749794 2.826164 -22.708158 256.521637 -58.595661 0.700825 -0.108448 4.989920 -0.018021
43.876522 -65.834747 2.759644 -22.176697 257.056732 -58.985168 0.716965 -0.055059 4.969659 -0.011893
44.010517 -65.872681 2.718050 -21.484047 257.584747 -59.379879 0.730521 0.012781 4.951074 -0.008220
44.127506 -65.879822 2.728771 -20.731457 258.043579 -59.732445 0.741929 0.082041 4.941302 -0.005043
44.261501 -65.860550 2.728006 -19.708361 258.559723 -60.139488 0.753372 0.166343 4.945211 -0.002699
44.411491 -65.810875 2.715948 -18.690620 259.007996 -60.503979 0.761285 0.236952 4.933734 0.002671
44.510487 -65.701759 2.666138 -17.408154 259.509735 -60.927616 0.765771 0.304820 4.936118 0.008713
44.627476 -65.573380 2.594644 -16.191906 259.945007 -61.308582 0.766069 0.347686 4.951640 0.012123
44.760464 -65.391586 2.446680 -14.692653 260.434021 -61.751289 0.763283 0.379348 4.967736 0.017885
44.877453 -65.204208 2.261003 -13.284328 260.858185 -62.150730 0.757187 0.393891 4.985210 0.020513
45.010448 -64.962540 1.981498 -11.553142 261.339813 -62.623775 0.743701 0.399910 5.017053 0.024204
45.127438 -64.738998 1.683838 -9.975095 261.744934 -63.037563 0.727668 0.396653 5.050474 0.027762
45.260433 -64.455864 1.287399 -8.051142 262.213257 -63.535549 0.704217 0.379191 5.071015 0.031535
45.378426 -64.201866 0.926248 -6.389658 262.603607 -63.971024 0.681939 0.347022 5.094880 0.035214
45.511417 -63.872837 0.453836 -4.296077 263.064209 -64.507378 0.649808 0.278960 5.140392 0.041236
45.627415 -63.584110 0.032067 -2.535822 263.432678 -64.958588 0.619137 0.201281 5.169549 0.043826
45.761402 -63.247395 -0.506491 -0.396615 263.857147 -65.503540 0.578486 0.092311 5.214876 0.047126
45.878395 -62.949715 -0.998112 1.490772 264.222534 -65.995125 0.541220 -0.003860 5.254507 0.049424
46.011383 -62.607353 -1.569535 3.605446 264.630432 -66.567955 0.497202 -0.104752 5.310594 0.052561
46.128372 -62.305115 -2.070258 5.423526 264.980499 -67.084526 0.456862 -0.179386 5.352409 0.054173
46.264366 -61.958858 -2.634172 7.452565 265.369263 -67.685104 0.409401 -0.252239 5.401653 0.057322
46.399364 -61.704327 -3.046343 9.033211 265.665894 -68.164467 0.373623 -0.298241 5.432904 0.053571
46.514359 -61.396606 -3.557238 11.088683 266.071991 -68.856262 0.324980 -0.341818 5.478759 0.050065
46.638351 -61.142406 -3.916677 12.662251 266.415924 -69.476707 0.285947 -0.355518 5.518609 0.045743
46.783356 -60.991745 -4.082301 13.471836 266.616669 -69.851959 0.264378 -0.354267 5.532039 0.047715
46.879349 -60.690281 -4.267424 14.615695 267.019562 -70.648903 0.228363 -0.336283 5.560512 0.039291
47.012337 -60.456661 -4.242961 15.170783 267.339966 -71.316872 0.204136 -0.313944 5.575491 0.035057
47.129326 -60.261250 -4.086742 15.391190 267.614990 -71.908501 0.186664 -0.289401 5.576149 0.029407
47.262314 -60.066219 -3.759020 15.273143 267.919983 -72.584236 0.168988 -0.254350 5.570841 0.020011
47.379307 -59.935955 -3.370894 14.857975 268.184113 -73.179054 0.153715 -0.218538 5.558336 0.012855
47.512295 -59.828011 -2.823476 14.033954 268.480804 -73.859879 0.134452 -0.178933 5.528115 0.003641
47.629284 -59.784805 -2.276244 12.996351 268.734436 -74.453285 0.117197 -0.149123 5.507735 -0.002423
47.784279 -59.796116 -1.687490 11.785119 268.988007 -75.043610 0.099771 -0.123021 5.482827 -0.010955
47.880280 -59.863091 -1.000633 10.146505 269.275574 -75.710747 0.078971 -0.090250 5.452619 -0.015851
48.002277 -59.985550 -0.362335 8.442482 269.537262 -76.315491 0.061966 -0.050040 5.438125 -0.023398
48.134274 -60.174541 0.307965 6.359478 269.827209 -76.976509 0.045795 0.009440 5.418929 -0.026164
48.251274 -60.377705 0.828322 4.461374 270.084198 -77.549805 0.036420 0.071362 5.417919 -0.029101
48.384262 -60.658192 1.347288 2.143260 270.390198 -78.213799 0.032222 0.144349 5.419537 -0.030966
48.500252 -60.933811 1.713100 0.114742 270.660065 -78.782227 0.034607 0.193189 5.432326 -0.035540
48.634239 -61.280014 2.023791 -2.216169 270.979462 -79.432167 0.047643 0.226057 5.457882 -0.034071
48.750229 -61.592331 2.211860 -4.209335 271.271698 -80.002426 0.067794 0.239623 5.494030 -0.036492
48.884224 -61.969780 2.322736 -6.405261 271.617950 -80.655640 0.100074 0.256422 5.537350 -0.039073
49.001213 -62.287868 2.332759 -8.134729 271.928894 -81.220673 0.136058 0.284890 5.576715 -0.035574
49.134201 -62.625000 2.265581 -9.884096 272.297974 -81.869202 0.185906 0.332977 5.637164 -0.033952
49.252197 -62.909874 2.111495 -11.252089 272.645111 -82.460922 0.237407 0.373854 5.693291 -0.033493
49.384186 -63.198387 1.866088 -12.426922 273.026428 -83.093269 0.297605 0.395507 5.747866 -0.033352
49.501175 -63.437103 1.609596 -13.211736 273.383514 -83.667969 0.354993 0.388213 5.809483 -0.032142
49.636166 -63.672855 1.287025 -13.818817 273.804016 -84.329910 0.419591 0.351601 5.887113 -0.026370
49.752163 -63.843636 0.993093 -14.141513 274.186157 -84.922607 0.471662 0.302343 5.958803 -0.022371
49.886158 -63.977821 0.676989 -14.240052 274.622833 -85.591118 0.521393 0.235850 6.037794 -0.014020
50.002155 -64.057938 0.449185 -14.138391 275.012726 -86.185631 0.554637 0.171574 6.104069 -0.010656
50.135147 -64.114334 0.231441 -13.792681 275.457458 -86.863541 0.575645 0.094510 6.168693 -0.006089
50.252136 -64.139114 0.087012 -13.275215 275.852203 -87.464279 0.579594 0.023843 6.219615 -0.002475
50.385124 -64.134689 -0.019323 -12.477407 276.308685 -88.159752 0.569941 -0.061708 6.281557 0.002901
50.502113 -64.089157 -0.072471 -11.642140 276.711243 -88.777603 0.549554 -0.138689 6.320301 0.009901
50.635101 -63.997978 -0.077675 -10.537537 277.172607 -89.491188 0.515585 -0.226139 6.352963 0.014466
50.752090 -63.882172 -0.037360 -9.454921 277.569855 -90.112793 0.479834 -0.298095 6.361891 0.021517
50.886078 -63.692764 0.048553 -8.039773 278.026642 -90.834862 0.434140 -0.377670 6.385724 0.026195
51.002068 -63.500046 0.148649 -6.653924 278.423676 -91.468193 0.392054 -0.440051 6.386554 0.031169
51.136055 -63.237309 0.288899 -4.958063 278.871307 -92.190910 0.344659 -0.496880 6.391146 0.035464
51.252045 -62.972820 0.417275 -3.422751 279.261108 -92.829185 0.309006 -0.520194 6.388796 0.041494
51.387032 -62.618702 0.532101 -1.664804 279.702667 -93.562775 0.275592 -0.504704 6.387327 0.046723
51.503033 -62.275738 0.597491 -0.105305 280.081543 -94.198982 0.253162 -0.456608 6.385430 0.050405
51.638023 -61.847488 0.615694 1.704723 280.516083 -94.935524 0.238142 -0.378002 6.381266 0.053399
51.753014 -61.466965 0.573638 3.231767 280.887604 -95.576241 0.232183 -0.308812 6.388945 0.056074
51.887001 -60.999737 0.483767 4.921745 281.310974 -96.321068 0.231239 -0.237679 6.399163 0.059568
52.002991 -60.589119 0.358897 6.291556 281.674316 -96.969421 0.234513 -0.182907 6.412241 0.061427
52.135979 -60.098885 0.144805 7.792533 282.091034 -97.722374 0.242896 -0.116172 6.429736 0.065087
52.252968 -59.656395 -0.081182 8.963512 282.449066 -98.378357 0.252246 -0.053463 6.455154 0.067683
52.386955 -59.129959 -0.350527 10.145123 282.861969 -99.141273 0.263379 0.021197 6.487918 0.068586
52.503944 -58.675949 -0.593195 11.017376 283.220001 -99.813347 0.269572 0.083193 6.524325 0.067661
52.636932 -58.171211 -0.868510 11.775131 283.625092 -100.583763 0.272626 0.150507 6.557854 0.066676
52.754925 -57.726780 -1.092400 12.312480 283.984772 -101.271309 0.270757 0.214130 6.588097 0.066998
52.886917 -57.242752 -1.287955 12.741160 284.389008 -102.043175 0.265101 0.293695 6.607230 0.063742
53.003906 -56.838493 -1.398549 12.919333 284.748962 -102.728065 0.257209 0.367554 6.613110 0.059703
53.136894 -56.399509 -1.444906 12.836871 285.161560 -103.512688 0.246297 0.442556 6.615483 0.054958
53.256889 -56.043083 -1.395728 12.488620 285.519409 -104.190659 0.237635 0.489317 6.599374 0.049991
53.387878 -55.667622 -1.212560 11.780985 285.934723 -104.968224 0.228525 0.515420 6.564299 0.043791
53.503868 -55.389748 -0.953857 10.900432 286.298645 -105.641785 0.222161 0.512871 6.535555 0.035690
53.639862 -55.119694 -0.584790 9.639732 286.717468 -106.408165 0.220401 0.483271 6.503717 0.031172
53.754852 -54.924927 -0.208797 8.425610 287.082977 -107.063629 0.223378 0.439284 6.451091 0.025863
53.887844 -54.744976 0.258343 6.825852 287.504822 -107.806602 0.231019 0.376693 6.405904 0.021768
54.003841 -54.626766 0.676192 5.312427 287.878448 -108.453285 0.241182 0.315352 6.369532 0.018163
54.137829 -54.516186 1.115483 3.561109 288.307465 -109.181152 0.258484 0.237637 6.334440 0.018057
54.254818 -54.432766 1.457791 2.040335 288.689209 -109.814514 0.278127 0.156419 6.313211 0.017316
54.387806 -54.352047 1.771294 0.381704 289.132690 -110.534180 0.303785 0.045268 6.306039 0.016381
54.504795 -54.278255 1.970006 -0.962761 289.520233 -111.153267 0.327584 -0.058869 6.288780 0.018473
54.637787 -54.177246 2.103509 -2.344943 289.972717 -111.864647 0.355235 -0.169938 6.295971 0.021033
54.754776 -54.077988 2.110008 -3.384888 290.368591 -112.479362 0.378834 -0.245817 6.306400 0.020450
54.887768 -53.943546 1.988317 -4.389499 290.833130 -113.187973 0.403980 -0.305481 6.337782 0.022603
55.004757 -53.818420 1.764614 -5.089257 291.244598 -113.807472 0.425324 -0.338939 6.369997 0.022577
55.139748 -53.657642 1.392071 -5.624370 291.720093 -114.512100 0.448151 -0.364087 6.406572 0.023016
55.255741 -53.513687 0.989246 -5.949390 292.144257 -115.132927 0.465199 -0.380381 6.439768 0.023263
55.388729 -53.329216 0.464031 -6.176288 292.630493 -115.842545 0.480518 -0.397525 6.487149 0.025607
55.506721 -53.138100 -0.044572 -6.148242 293.065491 -116.475388 0.490392 -0.411364 6.521776 0.029857
55.639709 -52.895874 -0.614188 -5.860819 293.557831 -117.193878 0.496055 -0.422421 6.565335 0.034079
55.756702 -52.660282 -1.107528 -5.354432 293.993591 -117.830238 0.496970 -0.422409 6.607317 0.037880
55.889694 -52.370045 -1.637007 -4.552724 294.490417 -118.558830 0.496256 -0.405958 6.646491 0.043190
56.006683 -52.101494 -2.064430 -3.656339 294.927856 -119.203773 0.493492 -0.374542 6.667902 0.045009
56.140671 -51.795799 -2.483851 -2.426568 295.428131 -119.947479 0.486775 -0.320303 6.702040 0.047431
56.256660 -51.519901 -2.753080 -1.225231 295.858948 -120.594208 0.479768 -0.257773 6.699138 0.051695
56.391651 -51.188290 -2.964268 0.248812 296.352051 -121.344215 0.468896 -0.167935 6.696858 0.053284
56.507645 -50.897701 -3.072342 1.597222 296.780487 -122.007034 0.456047 -0.073101 6.678734 0.054206
56.640636 -50.569130 -3.118105 3.246547 297.253723 -122.748444 0.436918 0.042669 6.648772 0.055802
56.757633 -50.273720 -3.075348 4.779958 297.670715 -123.410446 0.415948 0.146133 6.612965 0.056549
56.890625 -49.963428 -2.943056 6.502758 298.129059 -124.148163 0.389359 0.246814 6.553940 0.050817
57.007614 -49.712563 -2.786170 7.974645 298.528320 -124.798729 0.363120 0.316223 6.496622 0.046857
57.124603 -49.485649 -2.590626 9.383837 298.919617 -125.444786 0.334737 0.360296 6.426157 0.041339
57.259594 -49.265293 -2.304638 10.882313 299.360779 -126.184387 0.301792 0.383918 6.348806 0.033514
57.374584 -49.121624 -2.014236 11.974029 299.728516 -126.809715 0.274105 0.382774 6.282755 0.025423
57.508572 -48.991043 -1.648305 13.032759 300.147919 -127.531502 0.244051 0.365774 6.193141 0.016903
57.624561 -48.924274 -1.310077 13.766308 300.502686 -128.150894 0.220575 0.340767 6.119445 0.010019
57.758549 -48.891838 -0.918056 14.423534 300.903198 -128.858078 0.197086 0.303385 6.027055 0.003487
57.874542 -48.924854 -0.580850 14.765674 301.247345 -129.468582 0.177922 0.265301 5.963714 -0.008380
58.008530 -49.040142 -0.201479 14.803756 301.633698 -130.155655 0.156320 0.217578 5.905931 -0.020532
58.124519 -49.218128 0.153063 14.529356 301.971436 -130.753906 0.138042 0.177432 5.851150 -0.029302
58.259514 -49.499962 0.554816 13.910300 302.356445 -131.432861 0.119508 0.137953 5.805991 -0.039892
58.377510 -49.818874 0.878921 13.142411 302.692780 -132.020645 0.105721 0.115407 5.778229 -0.049315
58.508499 -50.249840 1.213652 11.967171 303.075134 -132.677246 0.091419 0.106307 5.744613 -0.057583
58.625488 -50.698051 1.472897 10.670377 303.419495 -133.253479 0.082853 0.108895 5.733359 -0.064611
58.758476 -51.275265 1.728691 8.907633 303.817505 -133.903976 0.078580 0.110458 5.738859 -0.073248
58.875465 -51.853016 1.914543 7.139112 304.178375 -134.477570 0.077824 0.096038 5.744065 -0.079190
59.009453 -52.571754 2.086047 4.993183 304.595886 -135.120453 0.080575 0.049734 5.775065 -0.086326
59.125443 -53.248047 2.198521 2.954391 304.969269 -135.678864 0.086535 -0.016005 5.801410 -0.092172
59.258430 -54.065952 2.291615 0.474247 305.412262 -136.322357 0.099699 -0.115280 5.849395 -0.095443
59.375420 -54.819077 2.344827 -1.823888 305.810211 -136.882660 0.117965 -0.207852 5.891991 -0.099132
59.509407 -55.706268 2.366924 -4.438563 306.280975 -137.521805 0.144231 -0.309379 5.945137 -0.103668
59.626396 -56.496334 2.342518 -6.719483 306.701813 -138.071213 0.170115 -0.377594 5.982157 -0.105287
59.759384 -57.405281 2.268091 -9.249531 307.198669 -138.698761 0.205562 -0.422843 6.040423 -0.105401
59.876377 -58.195152 2.168591 -11.327517 307.647919 -139.249374 0.240968 -0.430593 6.095681 -0.106215
60.009365 -59.082577 2.018452 -13.525127 308.171448 -139.872971 0.286192 -0.414290 6.135942 -0.105234
