715789.47
0.131000 0.659882
0.265000 1.406743
0.381000 2.053289
0.515000 2.699101
0.632000 3.270194
0.765000 3.887199
0.882000 4.476521
1.015000 5.188637
1.132000 5.773078
1.266000 6.509766
1.382000 7.069856
1.516000 7.718088
1.631999 8.173099
1.765999 8.659495
1.882999 8.973210
2.015999 9.267094
2.133999 9.432065
2.265999 9.575641
2.382999 9.648303
2.516999 9.710876
2.632999 9.783193
2.766999 9.860525
2.882998 9.925605
3.016998 10.105775
3.133998 10.229508
3.266998 10.428438
3.383998 10.618613
3.500998 10.837140
3.633998 11.090314
3.750998 11.331823
3.883997 11.582432
4.000998 11.781324
4.133998 11.954374
4.250998 12.103507
4.384999 12.205825
4.500999 12.299623
4.635000 12.362398
4.752001 12.367659
4.885001 12.400177
5.002002 12.426908
5.135002 12.433651
5.252003 12.456218
5.385003 12.476535
5.502004 12.493816
5.636004 12.520156
5.752005 12.513754
5.886005 12.518342
6.002006 12.484947
6.136006 12.468370
6.253007 12.435615
6.386007 12.349296
6.503008 12.313426
6.636008 12.238455
6.753009 12.202625
6.887010 12.171606
7.003010 12.156603
7.137011 12.187646
7.253011 12.223473
7.387012 12.261895
7.504012 12.310176
7.637012 12.372682
7.754013 12.460012
7.887013 12.580010
8.004014 12.646877
8.137014 12.715017
8.254015 12.755787
8.388016 12.798939
8.507016 12.796675
8.638017 12.775414
8.755017 12.771474
8.888018 12.701577
9.005018 12.659845
9.138019 12.622310
9.255019 12.570181
9.388020 12.478706
9.505020 12.437105
9.644021 12.411953
9.755021 12.389444
9.889022 12.372611
10.006022 12.383760
10.139023 12.405986
10.256023 12.413033
10.389024 12.454337
10.506024 12.504474
10.639025 12.553774
10.756025 12.595619
10.890026 12.607304
11.007026 12.614656
11.141026 12.639730
11.258027 12.633319
11.391027 12.643254
11.508028 12.659681
11.641028 12.657505
11.758029 12.608018
11.891029 12.591044
12.008030 12.604324
12.141030 12.591091
12.258031 12.602359
12.392032 12.597434
12.509032 12.597228
12.642033 12.587884
12.759033 12.605068
12.892034 12.582319
13.009034 12.576764
13.126035 12.574921
13.259035 12.560031
13.376036 12.537298
13.509036 12.504689
13.626037 12.483832
13.759037 12.479588
13.876038 12.479710
14.010038 12.482276
14.126039 12.448381
14.277040 12.446138
14.377040 12.465263
14.510040 12.478645
14.627041 12.513975
14.760041 12.549084
14.877042 12.552229
15.010042 12.575632
15.127043 12.608591
15.261044 12.620331
15.377044 12.614200
15.511045 12.614313
15.628045 12.617202
15.761045 12.602522
15.878046 12.594478
16.011047 12.595480
16.128050 12.604874
16.261053 12.583751
16.378056 12.572291
16.512058 12.562726
16.628061 12.564477
16.762064 12.563949
16.879066 12.550390
17.012070 12.554403
17.129072 12.588948
17.262075 12.582547
17.383078 12.568112
17.512081 12.562121
17.629084 12.555430
17.763086 12.522752
17.879089 12.547444
18.013092 12.562393
18.130095 12.600091
18.263098 12.581445
18.380100 12.584894
18.513103 12.580931
18.630106 12.593131
18.763109 12.627573
18.880112 12.621565
19.014114 12.635578
19.130117 12.625912
19.264120 12.631955
19.381123 12.650186
19.514126 12.678708
19.631128 12.665299
19.764132 12.670490
19.881134 12.659351
20.014137 12.651779
20.131140 12.630213
20.265142 12.617417
20.381145 12.615916
20.515148 12.581986
20.631151 12.557305
20.765154 12.534701
20.882156 12.527576
21.015160 12.530366
21.132162 12.502734
21.265165 12.521448
21.382168 12.545183
21.516171 12.575582
21.632174 12.595783
21.766176 12.624320
21.882179 12.631857
22.016182 12.644314
22.133184 12.652310
22.266188 12.615239
22.383188 12.623948
22.516191 12.599771
22.633194 12.586854
22.766197 12.622128
22.883200 12.610644
23.017202 12.626948
23.133205 12.641082
23.267208 12.630948
23.384211 12.625678
23.517214 12.588622
23.634216 12.564744
23.751219 12.537706
23.884222 12.557024
24.001225 12.582581
24.134228 12.617960
24.251230 12.611844
24.384233 12.607689
24.501236 12.581875
24.635239 12.579442
24.751242 12.587111
24.885244 12.600840
25.001247 12.598118
25.135250 12.578949
25.252253 12.573512
25.385256 12.570778
25.502258 12.560609
25.635262 12.554334
25.752264 12.571467
25.886267 12.530503
26.002270 12.527499
26.136272 12.538258
26.252275 12.513939
26.386278 12.531273
26.503281 12.541342
26.636284 12.558313
26.753286 12.561049
26.886290 12.548253
27.003292 12.544180
27.137295 12.536622
27.253298 12.531974
27.387300 12.526519
27.503304 12.514046
27.637306 12.510602
27.754309 12.517817
27.887312 12.529004
28.004314 12.503557
28.137318 12.478207
28.254320 12.462191
28.387323 12.459348
28.505325 12.492667
28.639328 12.490358
28.755331 12.502294
28.889334 12.500077
29.006336 12.507253
29.139339 12.534355
29.256342 12.560155
29.389345 12.544465
29.506348 12.522279
29.639351 12.531543
29.756353 12.524421
29.890356 12.532898
30.006359 12.502032
