0.00
0.133000 0.018864
0.251000 0.017668
0.384000 0.024082
0.501000 0.027891
0.634000 0.035007
0.751000 0.038202
0.884000 0.040937
1.001000 0.038960
1.134000 0.041879
1.251000 0.041095
1.385000 0.045682
1.501000 0.044776
1.634999 0.042759
1.751999 0.033227
1.884999 0.049940
2.001999 0.050567
2.134999 0.059693
2.251999 0.066264
2.385999 0.053706
2.501999 0.057771
2.635999 0.063953
2.751999 0.084975
2.885998 0.100210
3.002998 0.096117
3.135998 0.076949
3.252998 0.057784
3.386998 0.050522
3.502998 0.053880
3.635998 0.057870
3.752998 0.054979
3.886997 0.041997
4.002997 0.042967
4.136998 0.029850
4.252998 0.028248
4.386999 0.019541
4.504000 0.031440
4.637000 0.041516
4.754001 0.038383
4.887001 0.041122
5.004002 0.065596
5.139002 0.057250
5.254003 0.062284
5.388003 0.061222
5.504004 0.073615
5.638004 0.067354
5.755005 0.065429
5.888005 0.050226
6.005005 0.053233
6.139006 0.064688
6.255006 0.056284
6.389007 0.042196
6.505007 0.051456
6.639008 0.036227
6.755008 0.027849
6.889009 0.018026
7.006009 0.029194
7.139009 0.044107
7.256009 0.046069
7.390010 0.037312
7.507010 0.020098
7.640010 0.003937
7.756011 0.013979
7.890011 0.029330
8.006012 0.012501
8.140013 0.011521
8.257013 0.017936
8.390014 0.009585
8.507014 0.014290
8.640015 0.016717
8.757015 0.019769
8.890016 0.014734
9.007016 0.018523
9.141017 0.012939
9.257017 0.011369
9.391018 0.013352
9.507018 0.009373
9.641019 0.006997
9.758019 0.006692
9.891020 0.007356
10.008020 0.022270
10.141021 0.021723
10.258021 0.015068
10.392022 0.003652
10.508022 0.004144
10.642023 0.005435
10.759024 0.005495
10.892024 0.013166
11.009025 0.018219
11.142025 0.009103
11.259026 0.014639
11.376026 0.011349
11.509027 0.014268
11.626027 0.015260
11.759027 0.028348
11.876028 0.029697
12.009028 0.022453
12.126029 0.026661
12.260030 0.041173
12.376030 0.042913
12.510031 0.038727
12.626031 0.044294
12.760032 0.037651
12.877032 0.039892
13.010033 0.053213
13.128033 0.039813
13.261033 0.043914
13.377033 0.063090
13.511034 0.048983
13.627034 0.075433
13.761035 0.090729
13.878036 0.097681
14.012035 0.086056
14.129036 0.081522
14.262036 0.084065
14.379037 0.084026
14.512037 0.071957
14.629038 0.049822
14.763039 0.041754
14.879039 0.043027
15.013040 0.045883
15.129040 0.041738
15.263041 0.025422
15.380041 0.026402
15.501041 0.015249
15.634042 0.014778
15.751042 0.011634
15.885041 0.016737
16.002041 0.016719
16.135044 0.015091
16.251043 0.013200
16.400045 0.014179
16.517048 0.007134
16.631050 0.012104
16.764053 0.007623
16.881056 0.016625
17.014057 0.023303
17.131060 0.034874
17.264063 0.030350
17.381065 0.020396
17.515066 0.003917
17.631069 0.010547
17.751070 0.003627
17.882072 0.023061
18.015076 0.011614
18.132078 0.023673
18.265081 0.028275
18.382084 0.027268
18.516087 0.028849
18.632090 0.019873
18.766090 0.026738
18.882093 0.014169
19.016096 0.016721
19.133099 0.029976
19.266102 0.020574
19.383104 0.006024
19.517107 0.010707
19.633110 0.009713
19.767113 0.018808
19.884115 0.033703
20.017118 0.021842
20.134121 0.027799
20.267124 0.023322
20.384127 0.022453
20.501129 0.023020
20.634132 0.020901
20.751135 0.013059
20.884138 0.004724
21.001141 0.018596
21.134144 0.028878
21.251146 0.027642
21.384150 0.016707
21.501152 0.019205
21.635155 0.016526
21.751158 0.019158
21.885160 0.020382
22.002163 0.024497
22.135166 0.029363
22.252169 0.010959
22.385172 0.015353
22.502174 0.010803
22.635178 0.009981
22.752180 0.003966
22.885183 0.006178
23.002186 0.007681
23.136189 0.007910
23.253191 0.011606
23.386194 0.026645
23.503197 0.041359
23.636200 0.034323
23.753202 0.039873
23.887205 0.044288
24.003208 0.049298
24.137211 0.046577
24.253214 0.054637
24.387217 0.064280
24.503220 0.064552
24.637222 0.050362
24.754225 0.056806
24.887228 0.058180
25.004229 0.056510
25.137232 0.041448
25.254234 0.022675
25.388237 0.036663
25.504240 0.037416
25.638243 0.027129
25.754246 0.038068
25.888248 0.035510
26.005251 0.028954
26.138254 0.034797
26.255257 0.035169
26.389259 0.018800
26.505262 0.009843
26.638266 0.012131
26.755268 0.022013
26.889271 0.023614
27.005274 0.023713
27.139277 0.025706
27.256279 0.033369
27.389282 0.026601
27.506285 0.031133
27.639288 0.038397
27.756290 0.028032
27.889294 0.041536
28.006296 0.050360
28.140299 0.047454
28.256302 0.062099
28.390305 0.059131
28.507307 0.061277
28.640310 0.061871
28.757313 0.062933
28.890316 0.060593
29.007318 0.051111
29.141321 0.053576
29.257324 0.035983
29.391327 0.030430
29.507330 0.025807
29.641333 0.040533
29.758335 0.036829
29.891338 0.034196
30.008341 0.033748
