1.20 1.10 20 64
0.135000 -0.006804 0.051339 -0.110795 0.911390 -0.001544 -0.109223 0.695545 6.694898 -0.001920
0.262000 -0.041839 0.243710 -0.249688 1.750071 -0.005069 -0.001771 0.706298 6.618813 -0.005319
0.377000 -0.078234 0.527319 -0.328678 2.506330 -0.008728 0.146573 0.673384 6.542494 -0.005667
0.504000 -0.124916 0.929121 -0.438733 3.336304 -0.014186 0.346656 0.595237 6.440423 -0.006267
0.631000 -0.174577 1.356579 -0.526144 4.147547 -0.021734 0.555259 0.486339 6.350997 -0.006288
0.756000 -0.223232 1.783034 -0.580006 4.938191 -0.030688 0.747603 0.362244 6.316193 -0.006022
0.882000 -0.268083 2.192134 -0.621305 5.727562 -0.039392 0.908896 0.234604 6.284287 -0.006168
1.007000 -0.315680 2.611181 -0.643280 6.508540 -0.048939 1.028586 0.112420 6.144747 -0.006122
1.132000 -0.363812 3.039485 -0.618818 7.262464 -0.059065 1.096953 0.002722 6.041497 -0.007662
1.256000 -0.416365 3.451156 -0.567287 8.012256 -0.070787 1.110367 -0.096461 5.970526 -0.007989
1.380000 -0.470605 3.814136 -0.516519 8.748103 -0.083838 1.067302 -0.185077 5.906686 -0.008425
1.505001 -0.529594 4.120551 -0.450531 9.476070 -0.098233 0.974357 -0.267881 5.842714 -0.009671
1.627001 -0.599639 4.357792 -0.374823 10.188042 -0.113328 0.842390 -0.350161 5.752244 -0.011823
1.761001 -0.687848 4.517849 -0.275211 10.949362 -0.130007 0.670881 -0.446054 5.626839 -0.013473
1.884001 -0.770275 4.554329 -0.207476 11.627769 -0.147003 0.506216 -0.536567 5.511348 -0.012046
2.007001 -0.849764 4.475905 -0.162052 12.302097 -0.167579 0.345589 -0.620868 5.403218 -0.011814
2.131001 -0.932975 4.242333 -0.135520 12.972643 -0.189250 0.204952 -0.682236 5.494740 -0.011544
2.255001 -1.012065 3.836749 -0.015875 13.659626 -0.210602 0.095062 -0.712256 5.582091 -0.012693
2.378000 -1.094976 3.305827 0.197763 14.359145 -0.231085 0.028604 -0.706797 5.685130 -0.013705
2.501000 -1.178725 2.672070 0.472262 15.071585 -0.252513 0.012936 -0.665799 5.792907 -0.012902
2.635999 -1.268593 1.933033 0.815713 15.855228 -0.277491 0.052140 -0.581750 5.892701 -0.014520
2.758999 -1.373165 1.242488 1.099430 16.584892 -0.302921 0.134141 -0.472190 5.964104 -0.017190
2.882998 -1.488456 0.576657 1.374410 17.322212 -0.328245 0.250993 -0.340967 6.020814 -0.017816
3.008998 -1.618257 -0.053336 1.625560 18.083540 -0.353897 0.391736 -0.195686 6.061576 -0.018061
3.133998 -1.746878 -0.600222 1.814495 18.850769 -0.381503 0.538187 -0.045432 6.115924 -0.016807
3.257998 -1.868371 -1.061987 1.982926 19.613293 -0.410234 0.673110 0.109680 6.180703 -0.017247
3.381997 -1.993436 -1.432307 2.114789 20.385279 -0.439747 0.785504 0.273361 6.269741 -0.017523
3.506997 -2.120113 -1.706869 2.259994 21.175247 -0.471898 0.867060 0.438251 6.368098 -0.017140
3.631997 -2.253278 -1.862710 2.410577 21.979342 -0.505040 0.909474 0.582546 6.488604 -0.018122
3.756997 -2.383852 -1.901464 2.520332 22.791248 -0.538819 0.906465 0.684890 6.597479 -0.017838
3.880996 -2.519341 -1.812321 2.616409 23.622557 -0.574152 0.858679 0.739283 6.697610 -0.018920
4.005996 -2.662708 -1.589841 2.701197 24.463797 -0.609855 0.773131 0.752363 6.760168 -0.019708
4.131998 -2.804170 -1.232439 2.748758 25.309958 -0.645485 0.657776 0.735989 6.784016 -0.018774
4.256999 -2.938829 -0.737223 2.755643 26.164011 -0.681406 0.523109 0.693680 6.778049 -0.018768
4.382000 -3.059906 -0.126434 2.709483 27.008465 -0.715975 0.385135 0.622418 6.741936 -0.015989
4.507002 -3.175918 0.557576 2.585254 27.846689 -0.750882 0.257445 0.521986 6.686467 -0.016211
4.632003 -3.291164 1.275951 2.369207 28.676662 -0.785057 0.152811 0.403652 6.619232 -0.016218
4.756005 -3.410068 1.987403 2.127856 29.492582 -0.818130 0.079852 0.284896 6.559646 -0.015162
4.881006 -3.524185 2.637939 1.843253 30.301302 -0.853378 0.041337 0.173020 6.503227 -0.013534
5.006008 -3.643189 3.230428 1.470868 31.116856 -0.889807 0.039130 0.061045 6.463947 -0.013071
5.131009 -3.756256 3.737617 1.052590 31.920229 -0.924909 0.071678 -0.059952 6.416039 -0.011634
5.255011 -3.860090 4.126482 0.727736 32.712292 -0.958649 0.131348 -0.193042 6.379602 -0.012084
5.380012 -3.982985 4.398069 0.430130 33.499496 -0.991769 0.210657 -0.330997 6.339174 -0.014943
5.501014 -4.106987 4.540125 0.152119 34.269283 -1.025172 0.297789 -0.458152 6.300952 -0.014849
5.626015 -4.236943 4.562698 -0.105293 35.048862 -1.059865 0.385744 -0.570034 6.287869 -0.015465
5.751017 -4.367732 4.432468 -0.326448 35.834724 -1.096813 0.464793 -0.663230 6.304598 -0.014933
5.876018 -4.495527 4.156070 -0.548684 36.631016 -1.134671 0.527458 -0.737540 6.348074 -0.015952
6.001019 -4.619526 3.748950 -0.743449 37.428352 -1.172638 0.564569 -0.785021 6.416229 -0.014302
6.127021 -4.732472 3.221358 -0.945201 38.234577 -1.212315 0.573302 -0.791005 6.490069 -0.013623
6.252022 -4.843351 2.604589 -1.138959 39.051956 -1.254008 0.552242 -0.739170 6.588336 -0.013847
6.376024 -4.948756 1.940886 -1.333888 39.879959 -1.298051 0.506682 -0.626823 6.664673 -0.013814
6.511025 -5.061260 1.213995 -1.564572 40.783344 -1.346801 0.433926 -0.456170 6.732917 -0.013328
6.626027 -5.151073 0.616045 -1.726854 41.552792 -1.388502 0.359777 -0.295624 6.776314 -0.013188
6.761028 -5.256168 -0.023874 -1.898510 42.475998 -1.438179 0.268965 -0.107445 6.811875 -0.013335
6.884030 -5.351044 -0.485607 -1.960525 43.314034 -1.482560 0.193499 0.050525 6.831349 -0.012927
7.007031 -5.440485 -0.780706 -1.976063 44.153156 -1.527612 0.131812 0.194212 6.828467 -0.012326
7.130033 -5.525942 -0.889864 -2.002241 44.991779 -1.573781 0.091834 0.321047 6.819464 -0.011208
7.255034 -5.606494 -0.809377 -2.024893 45.841072 -1.621724 0.075238 0.431257 6.792715 -0.010381
7.380036 -5.676016 -0.554362 -2.027490 46.678024 -1.670475 0.083433 0.522116 6.739554 -0.009561
7.505037 -5.742805 -0.141954 -2.023437 47.513863 -1.721030 0.114538 0.594419 6.666400 -0.009888
7.630039 -5.815379 0.353773 -2.014312 48.346752 -1.771554 0.161736 0.643426 6.591805 -0.010901
7.755040 -5.894217 0.878797 -2.011440 49.164063 -1.822354 0.216624 0.664594 6.520898 -0.011337
7.881042 -5.975223 1.403352 -1.959491 49.978615 -1.873594 0.270961 0.661222 6.453229 -0.011459
8.007043 -6.045828 1.865230 -1.823511 50.785950 -1.925235 0.315633 0.640702 6.399460 -0.009941
8.133041 -6.114503 2.239668 -1.674446 51.581882 -1.977547 0.346934 0.605750 6.376081 -0.011489
8.259040 -6.192539 2.517106 -1.498324 52.382450 -2.030904 0.362177 0.548919 6.360548 -0.013171
8.383038 -6.292081 2.664527 -1.324508 53.173950 -2.085831 0.358578 0.463277 6.342513 -0.015401
8.509036 -6.406811 2.689395 -1.120790 53.964252 -2.141356 0.335856 0.350486 6.334076 -0.018608
8.633034 -6.534784 2.604728 -0.931798 54.753166 -2.198058 0.296731 0.221469 6.324147 -0.019207
8.759032 -6.665238 2.388333 -0.784091 55.541176 -2.255388 0.246412 0.085896 6.317484 -0.020022
8.883030 -6.811865 2.055223 -0.618960 56.327717 -2.313768 0.189117 -0.053349 6.310745 -0.022834
9.007028 -6.966038 1.651008 -0.404844 57.107067 -2.372479 0.132663 -0.195745 6.298080 -0.022593
9.132026 -7.123102 1.190072 -0.187667 57.891010 -2.433362 0.083652 -0.341555 6.285528 -0.023398
9.256023 -7.285907 0.714264 0.033733 58.667137 -2.494062 0.046542 -0.482992 6.272721 -0.023484
9.382022 -7.453081 0.251694 0.224589 59.448231 -2.558522 0.026777 -0.615225 6.267297 -0.023511
9.507020 -7.629990 -0.147816 0.414633 60.234299 -2.625211 0.026648 -0.729754 6.256891 -0.024057
9.633018 -7.806578 -0.447554 0.524400 61.011562 -2.693214 0.044877 -0.814891 6.227499 -0.023571
9.759017 -7.993207 -0.671632 0.582643 61.797626 -2.763747 0.079851 -0.860167 6.203487 -0.025615
9.885015 -8.176458 -0.807284 0.612198 62.567467 -2.833580 0.126444 -0.856027 6.174242 -0.026270
10.011014 -8.359609 -0.851177 0.594169 63.345936 -2.904230 0.178587 -0.802660 6.141111 -0.025349
10.126013 -8.527913 -0.830399 0.571583 64.047424 -2.968512 0.223890 -0.718693 6.116178 -0.026040
10.253012 -8.714892 -0.757930 0.477345 64.812859 -3.039714 0.267570 -0.598122 6.093428 -0.026433
10.379010 -8.900837 -0.646731 0.368548 65.576698 -3.112194 0.299994 -0.453223 6.087204 -0.026994
10.505009 -9.097503 -0.512738 0.232181 66.338470 -3.185380 0.317625 -0.283075 6.064569 -0.027687
10.630007 -9.290483 -0.359202 0.088382 67.092194 -3.258069 0.317990 -0.087088 6.055892 -0.027380
10.756004 -9.484580 -0.210313 -0.028077 67.857407 -3.331391 0.300072 0.129527 6.051202 -0.026395
10.882002 -9.686079 -0.069144 -0.169705 68.609459 -3.405073 0.268446 0.334578 6.043482 -0.029495
11.007000 -9.907285 0.064714 -0.328101 69.360237 -3.479234 0.224066 0.501853 6.027657 -0.031479
11.130998 -10.139276 0.200498 -0.522186 70.108170 -3.554516 0.172479 0.618263 6.003466 -0.031389
11.256995 -10.364241 0.319274 -0.732144 70.852966 -3.631408 0.119635 0.693693 5.980601 -0.032014
11.381993 -10.608169 0.428091 -0.945301 71.594856 -3.707748 0.071205 0.750067 5.952430 -0.035394
11.506991 -10.869701 0.512050 -1.180789 72.338326 -3.786188 0.030263 0.801711 5.922927 -0.035243
11.631989 -11.123019 0.598369 -1.414347 73.071655 -3.863949 0.000920 0.845563 5.883149 -0.034322
11.756988 -11.372051 0.673674 -1.607895 73.799957 -3.942268 -0.013042 0.867888 5.840549 -0.034983
11.879985 -11.628061 0.719578 -1.766411 74.511009 -4.021221 -0.012080 0.852828 5.800507 -0.035552
12.002982 -11.884043 0.748403 -1.934639 75.217552 -4.101124 0.002294 0.789173 5.766962 -0.036231
12.136981 -12.171710 0.764744 -2.080329 75.976677 -4.189275 0.028596 0.660540 5.726973 -0.038522
12.257979 -12.449914 0.747483 -2.208771 76.673790 -4.272396 0.059168 0.492810 5.698510 -0.039406
12.380978 -12.744631 0.705876 -2.319305 77.362411 -4.356600 0.090323 0.297213 5.676740 -0.043094
12.502975 -13.057717 0.638627 -2.413136 78.048645 -4.442124 0.118987 0.093589 5.663534 -0.045986
12.625972 -13.382596 0.564934 -2.539564 78.738678 -4.530337 0.142530 -0.101875 5.652823 -0.045531
12.759970 -13.747416 0.469730 -2.677802 79.489761 -4.629261 0.159373 -0.294441 5.655140 -0.049419
12.882967 -14.088535 0.384416 -2.804934 80.178978 -4.723201 0.165352 -0.448023 5.657260 -0.047978
13.004964 -14.424699 0.296805 -2.911228 80.863251 -4.818344 0.161606 -0.574822 5.666296 -0.047972
13.127962 -14.758084 0.214829 -3.020503 81.548462 -4.915672 0.148505 -0.669895 5.675625 -0.047503
13.259960 -15.131142 0.149881 -3.177602 82.295975 -5.024996 0.125911 -0.734270 5.683892 -0.048897
13.382957 -15.478086 0.112262 -3.297393 82.981865 -5.126318 0.100220 -0.758767 5.682567 -0.049494
13.504955 -15.829230 0.115298 -3.383196 83.673058 -5.230305 0.071762 -0.757654 5.681540 -0.050028
13.627954 -16.195084 0.149317 -3.459488 84.363670 -5.336341 0.045079 -0.739117 5.676721 -0.052302
13.751951 -16.572805 0.225544 -3.515334 85.056953 -5.444727 0.021701 -0.708266 5.647990 -0.052475
13.875949 -16.940617 0.349794 -3.525975 85.741043 -5.554273 0.002913 -0.665565 5.620197 -0.052529
14.010946 -17.349815 0.555101 -3.511576 86.492485 -5.677223 -0.008730 -0.598382 5.582422 -0.053226
14.134944 -17.725878 0.792457 -3.529464 87.172501 -5.791996 -0.011263 -0.510694 5.545773 -0.053144
14.257942 -18.108763 1.041561 -3.560320 87.842453 -5.908007 -0.006418 -0.393463 5.515446 -0.054943
14.381940 -18.492615 1.281116 -3.552385 88.513168 -6.026094 0.004417 -0.246009 5.475013 -0.054415
14.505938 -18.878765 1.497871 -3.541753 89.173744 -6.145793 0.018803 -0.081888 5.445297 -0.055431
14.630936 -19.284636 1.690528 -3.501512 89.841316 -6.270158 0.033924 0.084848 5.425419 -0.058033
14.755934 -19.708488 1.868967 -3.494732 90.511742 -6.398378 0.048513 0.234932 5.411243 -0.058948
14.880932 -20.122374 2.020429 -3.531600 91.170074 -6.527912 0.058570 0.356672 5.409559 -0.057308
15.005930 -20.550505 2.146914 -3.625731 91.838646 -6.661587 0.065170 0.456676 5.411735 -0.059077
15.131928 -20.984652 2.240407 -3.795757 92.501663 -6.797919 0.066550 0.539053 5.416533 -0.059688
15.257927 -21.417900 2.294111 -3.981783 93.170616 -6.939178 0.062179 0.606142 5.432703 -0.058072
15.382925 -21.837950 2.328109 -4.126925 93.835938 -7.081439 0.053981 0.650223 5.445837 -0.058260
15.507923 -22.272455 2.344827 -4.277586 94.507271 -7.228851 0.042971 0.663454 5.464712 -0.060002
15.633922 -22.711763 2.359976 -4.413630 95.181320 -7.378790 0.031200 0.645086 5.488003 -0.059960
15.757919 -23.135906 2.366433 -4.512388 95.845680 -7.528345 0.019486 0.605619 5.494717 -0.058882
15.882917 -23.566837 2.377090 -4.617766 96.515862 -7.682635 0.008237 0.557017 5.507920 -0.059890
16.007915 -24.005878 2.414677 -4.691843 97.187347 -7.840553 0.001608 0.505486 5.523847 -0.061316
16.133909 -24.446821 2.479482 -4.778390 97.858757 -8.001273 0.001342 0.447440 5.522039 -0.061548
16.257904 -24.896423 2.571621 -4.870541 98.529686 -8.164495 0.005033 0.375275 5.526851 -0.062317
16.381899 -25.340921 2.692338 -4.987563 99.195564 -8.329740 0.013766 0.286407 5.533005 -0.061290
16.506893 -25.790834 2.829435 -5.130510 99.865662 -8.499027 0.025159 0.182529 5.527859 -0.061518
16.631887 -26.238346 2.980580 -5.283207 100.534439 -8.670811 0.038686 0.068994 5.521436 -0.060837
16.756882 -26.679026 3.146873 -5.408731 101.196930 -8.842050 0.052104 -0.052964 5.510239 -0.060995
16.881876 -27.122101 3.314433 -5.605143 101.868042 -9.018442 0.064743 -0.187704 5.504188 -0.058719
17.005871 -27.545511 3.455842 -5.807598 102.527832 -9.194293 0.074249 -0.326770 5.508318 -0.058074
17.129866 -27.976992 3.568655 -5.975285 103.187782 -9.371222 0.081634 -0.459127 5.512211 -0.059024
17.253860 -28.406746 3.667935 -6.161911 103.846779 -9.549454 0.088244 -0.567302 5.504137 -0.058537
17.378855 -28.823395 3.730489 -6.335177 104.506065 -9.730314 0.093253 -0.638916 5.519270 -0.055889
17.502850 -29.229696 3.786088 -6.485034 105.171143 -9.915235 0.095762 -0.670970 5.525926 -0.054657
17.627844 -29.614891 3.825055 -6.635121 105.831406 -10.101167 0.096930 -0.666611 5.535541 -0.052868
17.751839 -30.007668 3.862075 -6.796981 106.497467 -10.291638 0.097014 -0.631071 5.548037 -0.053571
17.876833 -30.400093 3.888702 -7.027655 107.164268 -10.485334 0.098831 -0.569877 5.560875 -0.052190
18.002827 -30.784176 3.909113 -7.211187 107.838638 -10.681909 0.101149 -0.489974 5.578470 -0.051869
18.127821 -31.176941 3.911314 -7.408518 108.507614 -10.879596 0.105498 -0.403717 5.581913 -0.052917
18.252815 -31.562042 3.897020 -7.627034 109.176712 -11.081409 0.111750 -0.318938 5.590534 -0.051352
18.377810 -31.931728 3.882283 -7.857812 109.840576 -11.284739 0.121035 -0.237240 5.604040 -0.049616
18.502804 -32.300034 3.872310 -8.071145 110.515488 -11.495115 0.133041 -0.150524 5.615718 -0.048526
18.627798 -32.656456 3.879851 -8.258685 111.186119 -11.707159 0.144903 -0.055452 5.634281 -0.047072
18.752792 -32.997478 3.885272 -8.440211 111.851540 -11.921149 0.157954 0.045047 5.637158 -0.045870
18.877787 -33.334373 3.876465 -8.617652 112.527664 -12.141675 0.171622 0.145976 5.647201 -0.045199
19.002781 -33.671345 3.900893 -8.848786 113.198051 -12.365474 0.185129 0.238160 5.658014 -0.045198
19.126776 -34.004322 3.932330 -9.085623 113.863358 -12.591039 0.197817 0.322620 5.670885 -0.044536
19.251770 -34.326088 3.970287 -9.295110 114.527931 -12.819739 0.210582 0.404532 5.670190 -0.042134
19.375765 -34.623470 4.009008 -9.447649 115.192436 -13.051487 0.223165 0.482002 5.679617 -0.040219
19.508760 -34.940674 4.049857 -9.552426 115.911293 -13.305477 0.236374 0.550867 5.689752 -0.040805
19.630756 -35.229561 4.079959 -9.631416 116.565132 -13.540043 0.248580 0.590973 5.698353 -0.039927
19.756750 -35.512909 4.095715 -9.686052 117.235138 -13.783247 0.259631 0.607939 5.704983 -0.038099
19.881746 -35.780777 4.114149 -9.700948 117.911751 -14.031409 0.269322 0.603176 5.732174 -0.035415
20.004742 -36.021336 4.126565 -9.654931 118.573494 -14.276175 0.278179 0.574980 5.742579 -0.033907
20.127737 -36.246876 4.127333 -9.561390 119.235329 -14.525480 0.286157 0.516742 5.754509 -0.032544
20.252731 -36.477673 4.107165 -9.439995 119.902519 -14.781239 0.293574 0.424927 5.769252 -0.035099
20.376726 -36.705269 4.058651 -9.285658 120.576370 -15.042582 0.300355 0.307202 5.786645 -0.032136
20.501720 -36.908707 4.004724 -9.144663 121.248871 -15.308598 0.307610 0.180797 5.791512 -0.029010
20.626715 -37.091125 3.939683 -8.955960 121.921227 -15.578321 0.315404 0.057308 5.803151 -0.026040
20.751709 -37.246040 3.845644 -8.718033 122.590096 -15.848542 0.324646 -0.060178 5.829156 -0.022347
20.875704 -37.386662 3.718828 -8.452049 123.265221 -16.124109 0.333547 -0.173882 5.837235 -0.021153
21.000698 -37.518452 3.564723 -8.176752 123.939735 -16.405392 0.342505 -0.277173 5.856832 -0.019238
21.125692 -37.631683 3.391182 -7.891721 124.615440 -16.692314 0.353053 -0.361536 5.883924 -0.017703
21.250687 -37.733845 3.210625 -7.562310 125.293076 -16.983755 0.365548 -0.425823 5.911335 -0.016667
21.375681 -37.811043 3.039763 -7.193038 125.966621 -17.277386 0.379973 -0.477766 5.933425 -0.011962
21.511675 -37.864983 2.856616 -6.733518 126.707390 -17.605663 0.397941 -0.529887 5.976395 -0.007887
21.625669 -37.872581 2.709202 -6.363810 127.330330 -17.886551 0.413558 -0.567499 6.007536 -0.001705
21.750664 -37.854645 2.560929 -5.944757 128.021576 -18.202110 0.429811 -0.591815 6.045770 -0.000354
21.885658 -37.821651 2.424785 -5.498680 128.759720 -18.543751 0.444791 -0.584534 6.084451 0.003288
22.010653 -37.773785 2.320233 -5.068885 129.450958 -18.866978 0.456145 -0.540400 6.118666 0.005412
22.135647 -37.703957 2.231322 -4.670242 130.149734 -19.198082 0.465114 -0.459125 6.152637 0.008917
22.250641 -37.616943 2.162912 -4.298578 130.785278 -19.501356 0.471441 -0.359159 6.195535 0.011621
22.386635 -37.491714 2.097650 -3.846735 131.547073 -19.868778 0.477109 -0.221807 6.240363 0.015037
22.509630 -37.347832 2.043761 -3.468620 132.245743 -20.209156 0.479466 -0.098491 6.289176 0.020834
22.631626 -37.182106 1.996093 -3.077425 132.931046 -20.544991 0.479779 0.006380 6.323293 0.022729
22.756620 -36.996983 1.941326 -2.635247 133.642471 -20.897070 0.477868 0.096976 6.372464 0.025405
22.881615 -36.778152 1.890314 -2.150330 134.357880 -21.255907 0.474367 0.177780 6.429848 0.030584
23.005610 -36.528069 1.843777 -1.673072 135.073334 -21.617464 0.470127 0.256321 6.489301 0.034384
23.129604 -36.242268 1.806775 -1.225254 135.799683 -21.987894 0.465014 0.334461 6.545691 0.041039
23.255598 -35.912006 1.771510 -0.846433 136.536346 -22.366100 0.460213 0.405657 6.590260 0.047257
23.380592 -35.557137 1.746804 -0.507041 137.266052 -22.742077 0.455265 0.460680 6.640224 0.049608
23.505587 -35.172554 1.743386 -0.128773 138.013153 -23.126904 0.450509 0.495962 6.685548 0.052636
23.628582 -34.777527 1.751179 0.177027 138.746399 -23.506468 0.447005 0.506632 6.727812 0.055289
23.753576 -34.364365 1.753432 0.421066 139.495819 -23.897284 0.443452 0.490859 6.784332 0.057776
23.879570 -33.932800 1.760991 0.665833 140.250412 -24.292658 0.441965 0.449031 6.834175 0.060699
24.003565 -33.478519 1.771823 0.851957 141.009109 -24.692022 0.441933 0.387349 6.875714 0.063729
24.127560 -33.005112 1.802045 0.980700 141.764969 -25.093153 0.442203 0.314384 6.915572 0.067173
24.252554 -32.516438 1.857612 1.011202 142.530045 -25.502752 0.441766 0.233818 6.961054 0.068643
24.377548 -32.005257 1.916698 1.057880 143.300171 -25.914778 0.440404 0.144871 7.004389 0.073218
24.502542 -31.483492 1.979919 1.064768 144.068832 -26.326994 0.438307 0.046629 7.051196 0.074662
24.635538 -30.893944 2.039714 1.003603 144.903900 -26.776842 0.435825 -0.064944 7.094846 0.079481
24.758533 -30.341415 2.093104 0.908552 145.674530 -27.192722 0.431960 -0.157936 7.132340 0.078935
24.881529 -29.778238 2.167674 0.816583 146.442444 -27.607201 0.426427 -0.227385 7.163338 0.083251
25.003525 -29.182516 2.247750 0.726775 147.219437 -28.026777 0.420612 -0.269744 7.189819 0.085799
25.125521 -28.588045 2.350354 0.553163 147.991898 -28.445078 0.414396 -0.289914 7.203414 0.086013
25.258516 -27.936592 2.481681 0.384133 148.834732 -28.900690 0.407092 -0.298372 7.204947 0.086431
25.383512 -27.317633 2.605146 0.281814 149.627609 -29.327475 0.401856 -0.301594 7.202942 0.086816
25.507507 -26.707575 2.743348 0.183462 150.414703 -29.751001 0.397936 -0.302667 7.205103 0.087079
25.631502 -26.087721 2.870266 0.160185 151.201904 -30.174374 0.394609 -0.300155 7.205496 0.086010
25.755497 -25.477400 2.976542 0.057066 151.996094 -30.600483 0.392460 -0.288945 7.213354 0.086097
25.880491 -24.871857 3.061716 -0.080286 152.778595 -31.019077 0.392658 -0.261299 7.221506 0.087014
26.004486 -24.262403 3.133052 -0.201137 153.567963 -31.440094 0.393884 -0.209218 7.210897 0.086936
26.129480 -23.638136 3.167415 -0.273609 154.365067 -31.861055 0.395736 -0.131878 7.209073 0.089002
26.253475 -23.007330 3.175389 -0.309562 155.163589 -32.277840 0.398395 -0.040092 7.205601 0.089105
26.378469 -22.365278 3.154773 -0.268947 155.964874 -32.691559 0.401307 0.047209 7.215392 0.089445
26.510466 -21.675953 3.098551 -0.195801 156.806564 -33.123116 0.403760 0.113904 7.220012 0.091583
26.634460 -21.022905 3.021294 -0.067667 157.611359 -33.532055 0.403809 0.144323 7.220529 0.089657
26.758455 -20.374624 2.913014 0.163941 158.411438 -33.933475 0.400544 0.145621 7.218788 0.089117
26.882450 -19.740839 2.790101 0.412845 159.213669 -34.331512 0.394398 0.130957 7.218437 0.086406
27.007444 -19.109297 2.672986 0.728821 160.023560 -34.728172 0.383483 0.115920 7.214896 0.085525
27.132439 -18.486528 2.561640 1.120299 160.833878 -35.120361 0.368110 0.111220 7.194378 0.083656
27.258432 -17.876387 2.472275 1.588123 161.644760 -35.505901 0.350766 0.118251 7.173807 0.081820
27.382427 -17.284821 2.406949 2.127536 162.454956 -35.884373 0.332586 0.129724 7.141034 0.077393
27.507421 -16.715038 2.359858 2.700691 163.263565 -36.256599 0.312690 0.135083 7.106993 0.076067
27.631416 -16.168301 2.319448 3.335740 164.064377 -36.619286 0.295615 0.125896 7.077257 0.072233
27.757410 -15.632814 2.308119 3.942337 164.869522 -36.979374 0.281488 0.098941 7.039030 0.070701
27.883406 -15.093424 2.314619 4.518985 165.684799 -37.337578 0.270203 0.055823 6.991062 0.071686
28.009399 -14.570333 2.322721 5.085416 166.483322 -37.682610 0.264592 0.002873 6.939378 0.069079
28.134394 -14.068917 2.317235 5.627592 167.277313 -38.021950 0.263837 -0.054197 6.889681 0.065493
28.260387 -13.594831 2.298275 6.105491 168.080399 -38.359730 0.268152 -0.109934 6.839258 0.061008
28.385382 -13.144476 2.251654 6.553259 168.867233 -38.684811 0.273876 -0.154975 6.790974 0.059739
28.510376 -12.714397 2.182339 6.900096 169.649796 -39.002964 0.281803 -0.183468 6.732057 0.057798
28.636370 -12.300509 2.081987 7.171994 170.428162 -39.315037 0.290820 -0.193784 6.687870 0.054729
28.750364 -11.943350 1.955772 7.326399 171.141251 -39.596375 0.298815 -0.192078 6.650643 0.051422
28.875359 -11.578364 1.799475 7.443659 171.914459 -39.895329 0.306371 -0.186771 6.617176 0.048752
29.000353 -11.235831 1.631492 7.498993 172.685974 -40.186771 0.311760 -0.180790 6.584070 0.046158
29.136347 -10.882886 1.451271 7.474175 173.517960 -40.494911 0.314484 -0.164582 6.567868 0.044871
29.261341 -10.567532 1.276476 7.360295 174.288605 -40.773037 0.313130 -0.127936 6.549174 0.043779
29.386335 -10.264428 1.099560 7.170757 175.059525 -41.044868 0.309123 -0.064538 6.533622 0.042107
29.500330 -9.999874 0.953292 6.919337 175.769150 -41.290455 0.304364 0.013525 6.531079 0.040258
29.625324 -9.716238 0.828133 6.570296 176.541412 -41.553543 0.297914 0.112324 6.521714 0.039483
29.750319 -9.449398 0.750010 6.202208 177.307632 -41.809242 0.291821 0.218619 6.508982 0.037996
29.876312 -9.185278 0.722329 5.739989 178.086243 -42.064224 0.286560 0.326534 6.497418 0.037438
30.008308 -8.916300 0.765641 5.178576 178.908691 -42.327091 0.283784 0.421954 6.489025 0.035247
30.133303 -8.672559 0.857506 4.598520 179.682022 -42.568859 0.282141 0.471812 6.474721 0.034887
30.258297 -8.442517 0.984440 3.989978 180.454865 -42.805676 0.281643 0.472098 6.461068 0.032947
30.384291 -8.221679 1.150907 3.408910 181.226669 -43.035690 0.283343 0.431111 6.431777 0.031664
30.508286 -8.012337 1.363793 2.869197 181.997467 -43.261276 0.286733 0.366777 6.417412 0.030895
30.633280 -7.817274 1.586090 2.321516 182.766678 -43.482090 0.288936 0.289694 6.393145 0.027835
30.758274 -7.643787 1.801574 1.801424 183.534836 -43.698368 0.289995 0.197613 6.376169 0.025927
30.882269 -7.483655 1.988546 1.315778 184.296310 -43.906231 0.289674 0.086586 6.357609 0.023733
31.004265 -7.337862 2.127278 0.854664 185.044785 -44.105946 0.286232 -0.036204 6.342931 0.023617
31.125261 -7.203732 2.215541 0.495376 185.787262 -44.298138 0.279872 -0.157186 6.333087 0.019793
31.260256 -7.071819 2.248231 0.168906 186.616028 -44.508537 0.270376 -0.277807 6.333468 0.018116
31.385250 -6.943863 2.228156 -0.113283 187.383942 -44.698914 0.260409 -0.371088 6.328839 0.019166
31.510244 -6.811999 2.169392 -0.322259 188.152771 -44.885109 0.249742 -0.442085 6.329598 0.020052
31.636238 -6.676365 2.069842 -0.478499 188.923447 -45.066788 0.238651 -0.482064 6.336269 0.019974
31.761232 -6.533242 1.910852 -0.574533 189.695953 -45.243088 0.228078 -0.482932 6.342409 0.021529
31.885227 -6.386410 1.702469 -0.662928 190.470413 -45.416946 0.219530 -0.448119 6.352880 0.020409
32.010223 -6.239263 1.475319 -0.688091 191.247208 -45.586117 0.214643 -0.393216 6.365969 0.021536
32.136238 -6.089857 1.247798 -0.673844 192.026123 -45.752560 0.213701 -0.333641 6.374540 0.021755
32.261253 -5.935618 1.015801 -0.613896 192.806961 -45.914913 0.216551 -0.274819 6.380618 0.021333
32.375267 -5.793871 0.804327 -0.502349 193.519867 -46.059887 0.222071 -0.221372 6.383572 0.021802
32.500282 -5.644402 0.586131 -0.361763 194.309219 -46.217697 0.229854 -0.164529 6.390018 0.020291
32.625298 -5.497065 0.400217 -0.155028 195.087967 -46.368450 0.239203 -0.115916 6.403428 0.019495
32.750313 -5.364618 0.254536 0.079197 195.881058 -46.518269 0.247972 -0.074673 6.403803 0.018232
32.875328 -5.230164 0.161030 0.372581 196.661865 -46.661999 0.256090 -0.033371 6.400560 0.018848
33.008343 -5.101911 0.086458 0.716001 197.506287 -46.813976 0.262994 0.024029 6.403685 0.014528
33.132359 -5.001408 0.059938 1.071108 198.288437 -46.950130 0.268208 0.091434 6.400599 0.012880
33.258373 -4.906354 0.072684 1.432506 199.078018 -47.083218 0.272533 0.166892 6.408499 0.013524
33.383389 -4.801835 0.112014 1.788273 199.875381 -47.214375 0.274246 0.245695 6.412903 0.015551
33.509403 -4.701447 0.210756 2.081773 200.666702 -47.342278 0.274175 0.327588 6.415606 0.012485
33.635418 -4.622463 0.340530 2.310455 201.464737 -47.468193 0.270858 0.413779 6.407755 0.010172
33.761433 -4.549121 0.498721 2.492056 202.262939 -47.591106 0.266039 0.491311 6.408319 0.010210
33.886448 -4.478907 0.669355 2.590003 203.055008 -47.710945 0.260114 0.536954 6.406896 0.008633
34.011463 -4.421683 0.847071 2.611052 203.846924 -47.829136 0.253409 0.532103 6.403064 0.008206
34.125477 -4.380464 1.007552 2.582908 204.568756 -47.934727 0.245665 0.480846 6.397101 0.005353
34.250492 -4.349178 1.172136 2.485657 205.365952 -48.048691 0.234715 0.386661 6.387773 0.004290
34.383507 -4.323165 1.317104 2.275906 206.206604 -48.166687 0.223579 0.272674 6.382557 0.003863
34.506523 -4.300969 1.410754 2.034840 206.983765 -48.271336 0.213698 0.176890 6.372795 0.004044
34.631538 -4.286936 1.458351 1.767452 207.772583 -48.373760 0.205529 0.097572 6.360626 0.001649
34.756554 -4.281341 1.472695 1.446319 208.561142 -48.475407 0.198457 0.030841 6.358260 0.001686
34.881569 -4.285796 1.438600 1.120463 209.349747 -48.574745 0.193414 -0.034382 6.354719 0.000575
35.007584 -4.288830 1.357318 0.807461 210.144806 -48.671272 0.191691 -0.103547 6.359444 0.000859
35.132599 -4.292903 1.250970 0.490920 210.934113 -48.765202 0.192410 -0.171475 6.359427 -0.000376
35.257614 -4.302314 1.099894 0.154312 211.723969 -48.858631 0.194515 -0.234380 6.366154 -0.000850
35.383629 -4.307247 0.916645 -0.092496 212.515427 -48.949001 0.197785 -0.294021 6.375302 0.000036
35.508644 -4.317696 0.717507 -0.293873 213.314682 -49.037159 0.202168 -0.356988 6.383758 -0.001245
35.634659 -4.334381 0.503644 -0.497616 214.115021 -49.124470 0.207615 -0.421977 6.395291 -0.002598
35.760674 -4.357943 0.305825 -0.728248 214.910706 -49.208862 0.212641 -0.477182 6.407300 -0.004035
35.885689 -4.397147 0.131119 -0.992666 215.714386 -49.292343 0.216322 -0.509665 6.417603 -0.006114
36.010704 -4.442120 -0.021422 -1.249403 216.512955 -49.373802 0.220159 -0.513933 6.424809 -0.006474
36.136719 -4.493463 -0.137105 -1.510921 217.312576 -49.454151 0.222924 -0.493263 6.431195 -0.007470
36.250732 -4.546501 -0.210605 -1.709938 218.043243 -49.526794 0.225146 -0.455138 6.448836 -0.007521
36.375748 -4.600651 -0.244847 -1.901851 218.845825 -49.604515 0.228129 -0.389871 6.455064 -0.007626
36.500763 -4.656102 -0.229762 -2.032529 219.656097 -49.681061 0.230899 -0.296442 6.462436 -0.007802
36.626778 -4.709661 -0.171482 -2.078430 220.460358 -49.755646 0.232706 -0.179268 6.461881 -0.006893
36.753792 -4.765941 -0.087250 -2.064528 221.271622 -49.831665 0.232691 -0.044878 6.469612 -0.007016
36.878807 -4.830129 0.008342 -1.972732 222.090393 -49.906448 0.229948 0.098330 6.474875 -0.009583
37.003822 -4.907466 0.108051 -1.776047 222.896790 -49.976723 0.225684 0.241726 6.474429 -0.012577
37.128838 -5.002762 0.226138 -1.601385 223.703415 -50.045902 0.219379 0.382342 6.477423 -0.013447
37.254852 -5.094869 0.345986 -1.382401 224.516678 -50.115391 0.209631 0.512363 6.476328 -0.012490
37.380867 -5.178380 0.486533 -1.119487 225.329971 -50.184464 0.197748 0.618008 6.478473 -0.011828
37.505882 -5.253897 0.630575 -0.824463 226.137222 -50.253269 0.186493 0.688722 6.483639 -0.010562
37.631897 -5.329958 0.757118 -0.533253 226.944733 -50.322124 0.175805 0.719536 6.486943 -0.010956
37.756912 -5.396742 0.887113 -0.265218 227.758743 -50.391872 0.166546 0.707919 6.478597 -0.009003
37.882927 -5.461272 0.997400 -0.091281 228.571533 -50.462391 0.158780 0.651571 6.471042 -0.009449
38.008942 -5.519174 1.063298 0.113886 229.383118 -50.531853 0.151769 0.550666 6.458306 -0.008323
38.132957 -5.567703 1.099424 0.307310 230.174042 -50.598972 0.146852 0.414247 6.453798 -0.007974
38.257973 -5.625611 1.088523 0.486402 230.976944 -50.666317 0.143952 0.248920 6.443845 -0.008501
38.381989 -5.684135 1.027225 0.661793 231.779984 -50.731571 0.143107 0.071753 6.444422 -0.008414
38.507004 -5.748543 0.946750 0.801273 232.582352 -50.797085 0.144601 -0.104754 6.439815 -0.009452
38.632019 -5.809258 0.848261 0.895012 233.378006 -50.861332 0.149168 -0.269993 6.432118 -0.008784
38.757034 -5.868975 0.735783 0.956299 234.185669 -50.927799 0.157329 -0.418136 6.434132 -0.007737
38.883049 -5.931207 0.617333 0.969690 234.987534 -50.994102 0.165918 -0.532619 6.438027 -0.008783
39.008064 -5.998474 0.520523 0.892314 235.796066 -51.061447 0.173226 -0.602148 6.439265 -0.008853
39.135078 -6.066086 0.438287 0.794568 236.604568 -51.127796 0.180330 -0.622252 6.436666 -0.009157
39.259094 -6.123104 0.366963 0.675158 237.406540 -51.193989 0.185302 -0.604269 6.435527 -0.007486
39.384109 -6.174972 0.303800 0.475555 238.208206 -51.258873 0.188394 -0.567553 6.433355 -0.006511
39.509125 -6.219874 0.256505 0.245363 239.009857 -51.323429 0.189726 -0.527566 6.430387 -0.005484
39.634140 -6.259083 0.237842 0.068440 239.810852 -51.387466 0.188750 -0.488771 6.426888 -0.005608
39.760155 -6.297142 0.245768 -0.113503 240.610855 -51.451759 0.185364 -0.446325 6.418887 -0.004989
39.886169 -6.335975 0.278238 -0.334610 241.416275 -51.516567 0.182252 -0.391151 6.410397 -0.005337
40.001183 -6.374056 0.329981 -0.511958 242.150391 -51.573982 0.178054 -0.324180 6.393736 -0.004916
40.127197 -6.417068 0.396424 -0.716985 242.952744 -51.635876 0.172155 -0.229678 6.381964 -0.005815
40.254211 -6.462074 0.469045 -0.933979 243.759903 -51.699139 0.166171 -0.113588 6.369501 -0.005842
40.379227 -6.499187 0.536861 -1.150654 244.558670 -51.762531 0.162626 0.014919 6.350056 -0.003906
40.504242 -6.535684 0.600552 -1.323081 245.348572 -51.823521 0.163106 0.145813 6.331821 -0.005413
40.630257 -6.571876 0.647310 -1.440727 246.136765 -51.882801 0.165441 0.270378 6.319748 -0.004670
40.756271 -6.601528 0.695965 -1.561664 246.930161 -51.941349 0.171846 0.382285 6.310792 -0.003166
40.883286 -6.619204 0.737517 -1.720708 247.728561 -51.999863 0.181193 0.478212 6.298880 -0.000222
41.009300 -6.621960 0.773486 -1.854451 248.525253 -52.057217 0.192378 0.557783 6.281574 -0.000752
41.134315 -6.627384 0.791114 -1.944960 249.301254 -52.111778 0.204394 0.620023 6.269234 -0.001126
41.259331 -6.641399 0.787970 -1.990613 250.088959 -52.168488 0.215953 0.664311 6.268012 -0.002573
41.384346 -6.660038 0.741260 -2.013688 250.870438 -52.226154 0.225614 0.681480 6.266919 -0.002829
41.510361 -6.680018 0.667383 -2.059381 251.658066 -52.285461 0.233817 0.664700 6.267378 -0.002785
41.635376 -6.707265 0.576834 -2.107729 252.439590 -52.344509 0.239628 0.614710 6.269815 -0.005029
41.760391 -6.743182 0.469177 -2.098816 253.221130 -52.403667 0.242993 0.540355 6.272336 -0.004300
41.886406 -6.765635 0.333835 -2.016538 254.009521 -52.461987 0.246115 0.450487 6.277302 -0.002467
42.011421 -6.791420 0.186045 -1.915522 254.792786 -52.521099 0.247644 0.348715 6.289599 -0.003640
42.136436 -6.812729 0.029018 -1.767190 255.577637 -52.581501 0.247331 0.228310 6.305224 -0.003466
42.261452 -6.840341 -0.134245 -1.617213 256.364349 -52.642639 0.246027 0.082708 6.317985 -0.005282
42.385468 -6.878865 -0.299200 -1.449450 257.146454 -52.703850 0.245006 -0.085603 6.335137 -0.005907
42.508484 -6.911181 -0.442735 -1.238772 257.924622 -52.764851 0.245232 -0.265374 6.351108 -0.004016
42.631500 -6.934111 -0.567847 -0.951937 258.704803 -52.826477 0.246311 -0.440929 6.372913 -0.001995
42.754517 -6.945394 -0.648169 -0.619881 259.487030 -52.886375 0.248959 -0.593228 6.378760 -0.000888
42.878532 -6.945704 -0.683957 -0.273038 260.276154 -52.946777 0.253326 -0.707223 6.387634 0.000468
43.002548 -6.937977 -0.675627 0.075937 261.066559 -53.007442 0.258608 -0.772132 6.394667 0.000249
43.126564 -6.943640 -0.627710 0.388044 261.850891 -53.068176 0.266050 -0.789590 6.397350 -0.000950
43.260582 -6.951552 -0.539979 0.691222 262.712433 -53.134514 0.274641 -0.766688 6.404024 -0.001126
43.384594 -6.967340 -0.439563 0.960608 263.504547 -53.195450 0.282268 -0.720439 6.407625 -0.001926
43.508610 -6.983521 -0.342440 1.224422 264.290466 -53.256485 0.289403 -0.658213 6.411554 -0.002777
43.632626 -7.008553 -0.263560 1.466691 265.083313 -53.320313 0.294167 -0.578799 6.417357 -0.003623
43.756641 -7.029006 -0.203689 1.661011 265.883240 -53.385784 0.296147 -0.477558 6.422134 -0.002012
43.881657 -7.037499 -0.170685 1.822335 266.684448 -53.450005 0.295318 -0.353987 6.437105 -0.000655
44.006672 -7.034247 -0.186226 1.968274 267.480774 -53.513844 0.293843 -0.214318 6.448074 0.001643
44.130688 -7.021413 -0.235879 2.060516 268.278839 -53.576881 0.290145 -0.067790 6.464886 0.002532
44.254704 -7.003461 -0.299756 2.101385 269.085480 -53.639194 0.284721 0.076397 6.479198 0.002936
44.378719 -6.983797 -0.378209 2.100006 269.887665 -53.700367 0.279402 0.210647 6.494233 0.003124
44.502735 -6.964797 -0.458356 2.032774 270.692291 -53.761074 0.274608 0.336537 6.516809 0.001792
44.626751 -6.944838 -0.544522 1.951402 271.499512 -53.821709 0.272298 0.457450 6.534662 0.003187
44.760769 -6.917336 -0.635817 1.767383 272.374451 -53.887184 0.273142 0.581105 6.555340 0.003081
44.885784 -6.891747 -0.712224 1.502334 273.185333 -53.947777 0.277050 0.679576 6.562806 0.003160
45.008797 -6.866733 -0.774512 1.240526 274.005096 -54.007240 0.283536 0.748992 6.581818 0.003446
45.132813 -6.837251 -0.813388 0.941690 274.813263 -54.067650 0.292284 0.778875 6.592924 0.003486
45.254826 -6.805713 -0.821628 0.594357 275.622894 -54.127697 0.303835 0.771777 6.608342 0.004316
45.376835 -6.763921 -0.791458 0.274394 276.428131 -54.186699 0.317121 0.737535 6.623446 0.006304
45.508842 -6.706766 -0.729270 -0.084890 277.301636 -54.249920 0.332065 0.679339 6.638643 0.006924
45.632858 -6.646764 -0.645644 -0.401173 278.117188 -54.308697 0.345933 0.606022 6.656960 0.008262
45.755875 -6.580148 -0.531249 -0.699286 278.928284 -54.368973 0.358153 0.508889 6.678359 0.009506
45.877888 -6.512430 -0.400620 -1.026473 279.748505 -54.430828 0.367477 0.382413 6.693795 0.008938
46.011906 -6.437423 -0.237005 -1.417390 280.644440 -54.500469 0.372760 0.214036 6.716794 0.010841
46.135918 -6.350517 -0.063513 -1.754473 281.476715 -54.565659 0.373113 0.041760 6.743656 0.012368
46.260933 -6.262199 0.123395 -2.040472 282.311737 -54.631641 0.371226 -0.131082 6.765743 0.012597
46.385948 -6.161944 0.315242 -2.261795 283.163330 -54.698036 0.368127 -0.292821 6.792601 0.015120
46.510963 -6.052242 0.511458 -2.465702 284.011749 -54.763500 0.365209 -0.433051 6.821488 0.016165
46.636978 -5.935425 0.713131 -2.659242 284.870758 -54.829235 0.363192 -0.556872 6.846871 0.016955
46.762993 -5.798968 0.928243 -2.788216 285.725464 -54.893917 0.360756 -0.669761 6.866925 0.020283
46.877007 -5.662521 1.144165 -2.845723 286.514282 -54.952480 0.357803 -0.765049 6.888148 0.021616
47.003021 -5.504261 1.385587 -2.871672 287.375122 -55.014721 0.354490 -0.847781 6.911269 0.022511
47.128036 -5.343919 1.619769 -2.910386 288.245026 -55.076698 0.351332 -0.891194 6.928515 0.022822
47.254051 -5.180135 1.829615 -2.827580 289.117798 -55.136887 0.350300 -0.882854 6.952776 0.022873
47.380066 -5.006547 2.029366 -2.633580 289.993195 -55.196148 0.350044 -0.825475 6.972683 0.023526
47.506081 -4.820988 2.236171 -2.403310 290.864899 -55.254780 0.350941 -0.730648 7.005061 0.024481
47.633095 -4.620044 2.419901 -2.149647 291.754364 -55.313972 0.353053 -0.604240 7.029474 0.027168
47.758110 -4.396244 2.572331 -1.818518 292.640076 -55.370464 0.354430 -0.451937 7.055193 0.029759
47.885124 -4.156248 2.703386 -1.441064 293.528534 -55.425648 0.354785 -0.275113 7.072467 0.031296
48.011139 -3.906046 2.817669 -1.086849 294.418854 -55.479233 0.354078 -0.078505 7.085808 0.033393
48.136154 -3.647060 2.918808 -0.765267 295.311340 -55.531155 0.351637 0.129303 7.101902 0.033464
48.262169 -3.390928 2.991227 -0.454750 296.205536 -55.582218 0.349631 0.335626 7.116093 0.033952
48.377182 -3.166068 3.018275 -0.167555 297.016113 -55.626266 0.349121 0.506666 7.125525 0.031852
48.503197 -2.916713 3.003349 0.075195 297.914368 -55.673786 0.349947 0.659764 7.150586 0.032740
48.629211 -2.669235 2.939832 0.284311 298.815491 -55.718517 0.350602 0.760113 7.170733 0.032967
48.754227 -2.419863 2.854623 0.483225 299.719635 -55.760830 0.350954 0.804874 7.199489 0.033277
48.879242 -2.170218 2.760295 0.661643 300.620605 -55.802795 0.352489 0.803901 7.229503 0.034352
49.004257 -1.922565 2.655323 0.826581 301.525604 -55.844021 0.354930 0.774662 7.260567 0.032018
49.127274 -1.693933 2.541297 1.001127 302.419647 -55.881218 0.357783 0.732724 7.286565 0.030980
49.262291 -1.456804 2.415565 1.139398 303.404816 -55.919701 0.360544 0.679897 7.314499 0.030061
49.385307 -1.246760 2.317749 1.237683 304.298706 -55.952003 0.362259 0.623222 7.342886 0.028689
49.507324 -1.042751 2.230322 1.274293 305.203217 -55.982449 0.362111 0.548000 7.368494 0.028531
49.630341 -0.850509 2.162078 1.243975 306.110840 -56.012501 0.359807 0.447552 7.390080 0.026855
49.755356 -0.675530 2.125942 1.173714 307.035736 -56.039482 0.355653 0.322289 7.408611 0.023634
49.880371 -0.514046 2.118650 1.056313 307.962830 -56.062614 0.352346 0.185380 7.424845 0.022182
50.003387 -0.365106 2.137095 0.876463 308.870728 -56.083221 0.350227 0.049901 7.459344 0.021366
50.136406 -0.226749 2.209851 0.616504 309.871002 -56.104301 0.347488 -0.102472 7.469564 0.018481
50.261421 -0.102000 2.321717 0.340807 310.805969 -56.121380 0.345041 -0.256198 7.487864 0.019244
50.386436 0.026227 2.469569 0.084154 311.742706 -56.135513 0.340510 -0.421334 7.494942 0.019892
50.511452 0.148749 2.662085 -0.145441 312.672150 -56.147022 0.335371 -0.578564 7.496947 0.018278
50.636467 0.255558 2.899028 -0.400657 313.609558 -56.155979 0.329076 -0.702971 7.501556 0.016686
50.761482 0.354855 3.148594 -0.625863 314.554626 -56.162903 0.321111 -0.773753 7.497970 0.014861
50.887497 0.437417 3.408850 -0.809927 315.497925 -56.168171 0.311739 -0.789465 7.479682 0.011980
51.010513 0.493334 3.647582 -1.003288 316.417816 -56.171848 0.299556 -0.767052 7.480155 0.009323
51.134529 0.543727 3.857356 -1.191208 317.335999 -56.175232 0.286128 -0.724030 7.455220 0.006989
51.259544 0.575361 4.060398 -1.307010 318.274963 -56.176273 0.271294 -0.666036 7.444246 0.004139
51.385559 0.589349 4.228680 -1.400128 319.204376 -56.175934 0.256358 -0.591690 7.420380 0.001629
51.511574 0.589753 4.356211 -1.503645 320.138306 -56.174438 0.240913 -0.494198 7.408311 -0.000245
51.636589 0.577126 4.446216 -1.506199 321.069427 -56.169865 0.226830 -0.373404 7.384133 -0.002009
51.762604 0.547725 4.490197 -1.479285 321.997040 -56.163326 0.215793 -0.234943 7.353862 -0.005400
51.877617 0.513214 4.500639 -1.433452 322.834442 -56.158085 0.210121 -0.102093 7.338961 -0.006181
52.002632 0.467537 4.472470 -1.323919 323.757446 -56.152775 0.207673 0.043950 7.323005 -0.007663
52.127647 0.430205 4.405789 -1.172064 324.671844 -56.147423 0.209826 0.178420 7.309829 -0.006430
52.263664 0.378787 4.286424 -0.967447 325.657623 -56.142239 0.216806 0.303504 7.300889 -0.010366
52.385674 0.316059 4.152046 -0.785387 326.555969 -56.139198 0.224469 0.396291 7.306469 -0.011862
52.509689 0.235777 3.999343 -0.560482 327.461487 -56.136147 0.232844 0.470852 7.300127 -0.014728
52.632706 0.141151 3.846820 -0.319294 328.359375 -56.133057 0.238745 0.528322 7.295702 -0.016074
52.755722 0.039209 3.684670 -0.088214 329.256989 -56.129848 0.243332 0.566953 7.302626 -0.017528
52.879738 -0.063632 3.529280 0.117824 330.154144 -56.127640 0.246313 0.581496 7.288315 -0.015243
53.002750 -0.157799 3.392358 0.283825 331.057892 -56.126064 0.246744 0.569433 7.290493 -0.014823
53.127766 -0.254883 3.279785 0.446472 331.953857 -56.123241 0.243716 0.535723 7.281913 -0.015093
53.262783 -0.377016 3.198510 0.536636 332.949646 -56.121346 0.236537 0.486957 7.261884 -0.017981
53.385799 -0.500704 3.154392 0.554082 333.841888 -56.120434 0.226830 0.444144 7.250400 -0.016874
53.508816 -0.626627 3.135088 0.549312 334.724854 -56.120514 0.213795 0.404201 7.229774 -0.018558
53.630829 -0.756671 3.130996 0.516279 335.611938 -56.121956 0.199836 0.357032 7.199916 -0.018011
53.763847 -0.895468 3.147792 0.401976 336.559326 -56.124290 0.185485 0.284390 7.158989 -0.017344
53.885864 -1.027388 3.156577 0.253225 337.437714 -56.127083 0.175175 0.189582 7.129393 -0.017667
54.008881 -1.167093 3.138228 0.112643 338.311188 -56.128826 0.166691 0.075060 7.083212 -0.018908
54.132896 -1.308300 3.076588 -0.045814 339.187103 -56.131878 0.160243 -0.045498 7.052932 -0.019142
54.254910 -1.450560 2.993504 -0.112036 340.052368 -56.133869 0.155804 -0.157571 7.022432 -0.019930
54.387928 -1.616326 2.866647 -0.119915 340.976898 -56.136223 0.154021 -0.262382 6.989481 -0.022594
54.510944 -1.770788 2.720317 -0.126887 341.834747 -56.137764 0.155194 -0.343135 6.967209 -0.020967
54.632957 -1.921953 2.547624 -0.165956 342.683716 -56.139378 0.157736 -0.401425 6.947777 -0.020904
54.755974 -2.068079 2.363451 -0.278720 343.537262 -56.142254 0.162182 -0.431931 6.933928 -0.020649
54.878986 -2.228502 2.174094 -0.383842 344.389862 -56.145767 0.169177 -0.433317 6.925626 -0.023189
55.012001 -2.402639 1.976953 -0.483080 345.316650 -56.150352 0.179528 -0.413367 6.911603 -0.021779
55.138016 -2.564637 1.805334 -0.548090 346.173340 -56.154789 0.189327 -0.390642 6.903562 -0.022558
55.263031 -2.733001 1.654161 -0.647934 347.043121 -56.161896 0.199249 -0.373373 6.903927 -0.023652
55.388046 -2.909451 1.540885 -0.773598 347.905548 -56.171268 0.208063 -0.359902 6.895197 -0.023837
55.514061 -3.084399 1.472272 -0.883054 348.767303 -56.182117 0.215586 -0.338246 6.891422 -0.023266
55.639076 -3.243114 1.442265 -1.034046 349.628326 -56.195595 0.220266 -0.297444 6.886362 -0.021166
55.764091 -3.398232 1.434271 -1.163729 350.487793 -56.210987 0.221517 -0.234670 6.873300 -0.019749
55.889107 -3.539057 1.435477 -1.343905 351.345917 -56.228283 0.218930 -0.157332 6.859844 -0.019296
56.014122 -3.685448 1.435268 -1.539417 352.201141 -56.247421 0.213900 -0.076622 6.836078 -0.018569
56.139137 -3.825117 1.435637 -1.702816 353.054169 -56.267208 0.205734 -0.000400 6.818710 -0.019221
56.264153 -3.959553 1.437191 -1.786098 353.904968 -56.286625 0.194448 0.070737 6.801562 -0.019043
56.389168 -4.094032 1.442253 -1.792163 354.753815 -56.305992 0.182331 0.138263 6.784462 -0.018009
56.513184 -4.212898 1.447167 -1.780948 355.592407 -56.326923 0.169956 0.198631 6.755701 -0.015917
56.635201 -4.318475 1.439309 -1.758119 356.421844 -56.349190 0.160111 0.244712 6.736632 -0.015232
56.760216 -4.420910 1.421592 -1.665753 357.261871 -56.371918 0.151029 0.270930 6.712185 -0.014114
56.883232 -4.509879 1.390924 -1.590133 358.083984 -56.397724 0.143943 0.275158 6.674309 -0.011787
57.009247 -4.590044 1.349489 -1.523001 358.915253 -56.426170 0.140098 0.262041 6.640408 -0.011225
57.134262 -4.672586 1.296455 -1.462626 359.743225 -56.455917 0.140489 0.238510 6.617986 -0.012858
57.259277 -4.777352 1.243604 -1.455355 360.568481 -56.487289 0.145616 0.211231 6.600678 -0.015540
57.384293 -4.888082 1.180493 -1.447549 361.391174 -56.520008 0.151949 0.184964 6.575500 -0.015260
57.509308 -4.989827 1.110814 -1.431986 362.211884 -56.552917 0.160655 0.160751 6.568704 -0.014079
57.632324 -5.080632 1.031855 -1.409315 363.025116 -56.584995 0.171462 0.137621 6.558756 -0.012764
57.755341 -5.161483 0.966756 -1.392217 363.824249 -56.616989 0.181257 0.113229 6.555295 -0.011024
57.879356 -5.240946 0.900738 -1.362751 364.636169 -56.650558 0.189576 0.085478 6.555030 -0.011670
58.003372 -5.322518 0.839237 -1.273692 365.454285 -56.684399 0.197874 0.055550 6.546171 -0.011336
58.128387 -5.400873 0.797094 -1.113421 366.272400 -56.717278 0.203088 0.025708 6.553672 -0.010971
58.253403 -5.472683 0.775174 -0.948111 367.083954 -56.750980 0.205891 -0.000415 6.547817 -0.010578
58.389420 -5.555970 0.773345 -0.781969 367.973602 -56.788570 0.205744 -0.021739 6.551630 -0.010219
58.503433 -5.620040 0.791982 -0.646733 368.726929 -56.822269 0.202604 -0.032017 6.559964 -0.010061
58.628448 -5.690449 0.837303 -0.505334 369.539948 -56.860001 0.196639 -0.034984 6.564345 -0.009710
58.753464 -5.765642 0.894863 -0.398476 370.359039 -56.897942 0.189376 -0.031261 6.554894 -0.010863
58.879478 -5.852023 0.958914 -0.349929 371.183350 -56.937195 0.181717 -0.024188 6.545518 -0.012457
59.004494 -5.954596 1.023160 -0.347924 372.005280 -56.976387 0.173789 -0.020395 6.521373 -0.015446
59.129509 -6.066786 1.079654 -0.359604 372.811646 -57.015755 0.165509 -0.029564 6.508925 -0.015851
59.254524 -6.180762 1.149305 -0.337341 373.622681 -57.054287 0.156872 -0.059351 6.483347 -0.016663
59.378540 -6.299796 1.210181 -0.302710 374.430786 -57.094769 0.149842 -0.108002 6.463282 -0.016366
59.503555 -6.413270 1.274000 -0.267036 375.235657 -57.136311 0.145669 -0.159195 6.437256 -0.015043
59.639572 -6.537201 1.328065 -0.223746 376.101257 -57.182354 0.144818 -0.191221 6.409520 -0.016949
59.763588 -6.660100 1.357179 -0.190479 376.899261 -57.227310 0.146168 -0.183099 6.381958 -0.017187
59.886600 -6.772863 1.367674 -0.146486 377.675201 -57.270977 0.152141 -0.143108 6.359604 -0.016189
60.008617 -6.889440 1.349506 -0.114016 378.455200 -57.317356 0.161709 -0.089133 6.344595 -0.016871
