1.20 1.10 20 64
0.134000 0.011941 -0.108218 -0.059174 0.898626 -0.000291 -0.119963 0.075402 6.610985 0.002290
0.259000 0.019965 -0.343004 -0.147029 1.710876 -0.000975 -0.044363 0.029990 6.510171 0.001138
0.383000 0.023851 -0.677872 -0.260887 2.517315 -0.000471 0.075548 -0.019463 6.413321 -0.000212
0.508000 0.021204 -1.096363 -0.423164 3.312883 -0.000196 0.223046 -0.066057 6.334180 -0.000281
0.632000 0.025268 -1.590590 -0.572761 4.094615 -0.000706 0.380359 -0.106201 6.286424 0.000596
0.756000 0.038657 -2.128870 -0.699594 4.872350 -0.001823 0.532707 -0.141845 6.268723 0.002580
0.880000 0.060177 -2.701950 -0.821327 5.644704 -0.002200 0.664373 -0.177589 6.289472 0.001876
1.003000 0.084149 -3.289394 -0.938463 6.428233 -0.002197 0.767337 -0.218532 6.346553 0.002920
1.126000 0.106259 -3.853085 -1.020085 7.213783 -0.001984 0.832612 -0.265514 6.416681 0.002324
1.251000 0.128730 -4.399533 -1.096383 8.021401 -0.002913 0.854213 -0.314499 6.494217 0.002187
1.376000 0.154619 -4.890465 -1.190585 8.837505 -0.005241 0.830124 -0.354254 6.549866 0.002442
1.502000 0.174841 -5.285816 -1.272113 9.665461 -0.008235 0.763842 -0.374788 6.580011 0.001508
1.628000 0.190431 -5.542560 -1.336516 10.487068 -0.011351 0.665829 -0.373103 6.565054 0.000699
1.753000 0.195567 -5.627679 -1.385563 11.310341 -0.014156 0.548272 -0.356278 6.509271 -0.000935
1.878000 0.200273 -5.520527 -1.454946 12.118563 -0.018586 0.427076 -0.333675 6.431823 0.000004
2.004000 0.204627 -5.209147 -1.553692 12.922008 -0.025863 0.313388 -0.306766 6.337365 -0.000480
2.129000 0.205016 -4.719576 -1.648453 13.706744 -0.033656 0.217466 -0.268150 6.239497 -0.000688
2.255000 0.209758 -4.072948 -1.618022 14.484324 -0.040275 0.148231 -0.207370 6.129576 0.002225
2.380000 0.211806 -3.313829 -1.491981 15.242814 -0.044977 0.112755 -0.124104 6.018602 0.000898
2.505000 0.210646 -2.517420 -1.282857 15.987571 -0.049669 0.110054 -0.027141 5.912246 0.002130
2.629999 0.219754 -1.742425 -0.963314 16.720108 -0.054681 0.136066 0.070466 5.817471 0.002140
2.754999 0.217835 -1.051967 -0.619413 17.442293 -0.061597 0.185229 0.160021 5.754394 -0.000706
2.879999 0.208210 -0.487589 -0.248908 18.158216 -0.067530 0.250818 0.240403 5.714128 -0.001851
3.004999 0.188223 -0.078871 0.113981 18.871187 -0.071865 0.324241 0.313385 5.698004 -0.003896
3.130999 0.162242 0.163898 0.432880 19.583656 -0.076965 0.397494 0.378010 5.704719 -0.002679
3.255998 0.135219 0.226700 0.787079 20.298401 -0.082682 0.463751 0.427141 5.729780 -0.005219
3.380998 0.095014 0.120107 1.121753 21.017187 -0.089570 0.515069 0.452143 5.773993 -0.006744
3.504998 0.050697 -0.150885 1.458716 21.743166 -0.099092 0.547556 0.449472 5.836355 -0.006652
3.627997 -0.002628 -0.549363 1.782191 22.465508 -0.109028 0.557772 0.425335 5.898006 -0.007290
3.760997 -0.069692 -1.119832 2.100903 23.255802 -0.120900 0.543258 0.388527 5.972390 -0.009006
3.885996 -0.146874 -1.743222 2.379821 24.006496 -0.132889 0.508286 0.352993 6.030275 -0.010466
4.009996 -0.242620 -2.406177 2.632744 24.757780 -0.144509 0.458124 0.315604 6.078147 -0.013035
4.134997 -0.352587 -3.078693 2.826665 25.519766 -0.155679 0.398238 0.266931 6.108740 -0.014530
4.260999 -0.471444 -3.695278 2.982485 26.285152 -0.167539 0.335581 0.200879 6.129320 -0.016197
4.386000 -0.590038 -4.207026 3.088825 27.058165 -0.178740 0.277406 0.120377 6.138291 -0.015140
4.511002 -0.710505 -4.566182 3.100774 27.825314 -0.190146 0.232840 0.038265 6.137624 -0.017832
4.635003 -0.837315 -4.742958 3.001087 28.585299 -0.201353 0.207632 -0.036117 6.123283 -0.020411
4.760005 -0.975318 -4.730116 2.830748 29.343628 -0.211844 0.203210 -0.103086 6.110064 -0.022122
4.885006 -1.114842 -4.543924 2.591656 30.104824 -0.224192 0.218862 -0.168704 6.075591 -0.022886
5.009007 -1.268862 -4.179939 2.245798 30.861652 -0.237526 0.251807 -0.234575 6.041428 -0.026121
5.133009 -1.429575 -3.674267 1.808295 31.607449 -0.249856 0.297091 -0.294619 5.997051 -0.026272
5.257010 -1.586284 -3.091501 1.417205 32.347729 -0.260153 0.347386 -0.340564 5.952969 -0.025411
5.381012 -1.758765 -2.468727 1.006371 33.082569 -0.269505 0.396372 -0.366910 5.914707 -0.027979
5.504014 -1.946127 -1.856642 0.614753 33.808167 -0.279953 0.437736 -0.372894 5.892950 -0.029340
5.628015 -2.148873 -1.284381 0.230268 34.531998 -0.291308 0.467731 -0.359741 5.881418 -0.030376
5.762017 -2.371238 -0.754444 -0.156689 35.320908 -0.305484 0.484861 -0.324683 5.894895 -0.029297
5.885018 -2.573474 -0.384064 -0.496003 36.046677 -0.319501 0.485308 -0.278103 5.907044 -0.029241
6.007020 -2.773180 -0.142198 -0.782988 36.774944 -0.334406 0.469737 -0.227999 5.932745 -0.028322
6.131021 -2.965838 -0.041690 -1.058410 37.511993 -0.351168 0.438460 -0.186561 5.956076 -0.026580
6.259023 -3.161938 -0.075482 -1.305180 38.270496 -0.370058 0.393513 -0.161920 5.986354 -0.025974
6.385024 -3.352970 -0.236765 -1.533528 39.032139 -0.391706 0.341416 -0.154659 6.006752 -0.026474
6.508026 -3.535967 -0.501411 -1.729136 39.771935 -0.414153 0.288734 -0.156583 6.026723 -0.025866
6.630027 -3.717221 -0.861448 -1.868556 40.507996 -0.436826 0.239909 -0.156391 6.043335 -0.025922
6.753029 -3.902940 -1.285090 -2.002625 41.251892 -0.461455 0.201428 -0.143288 6.056071 -0.027054
6.876030 -4.092210 -1.737530 -2.017113 41.990959 -0.486224 0.177091 -0.109837 6.067362 -0.026690
7.009032 -4.292645 -2.196087 -1.964531 42.803921 -0.515515 0.168737 -0.048753 6.071750 -0.025130
7.132034 -4.474636 -2.565579 -1.908732 43.550957 -0.544454 0.180113 0.021874 6.078373 -0.024351
7.257035 -4.652254 -2.865242 -1.833382 44.304356 -0.575622 0.208200 0.096334 6.082828 -0.023516
7.380037 -4.823982 -3.072978 -1.731900 45.057468 -0.609357 0.251238 0.167420 6.076527 -0.023158
7.505038 -4.990390 -3.179705 -1.638157 45.814934 -0.645866 0.305640 0.235347 6.062400 -0.022355
7.630040 -5.156878 -3.208542 -1.531910 46.571167 -0.683187 0.364813 0.300744 6.054958 -0.021857
7.752041 -5.313948 -3.178006 -1.413268 47.308395 -0.721440 0.420616 0.358706 6.049272 -0.021756
7.877043 -5.475770 -3.087843 -1.267844 48.057751 -0.762584 0.469367 0.403371 6.056057 -0.020951
8.002044 -5.628924 -2.962356 -1.064265 48.820232 -0.807384 0.504846 0.424173 6.067518 -0.018928
8.127042 -5.778489 -2.800875 -0.850798 49.578594 -0.853970 0.524603 0.416636 6.087623 -0.019831
8.252040 -5.930947 -2.612569 -0.632937 50.333607 -0.902013 0.527712 0.385678 6.109450 -0.020562
8.376038 -6.094800 -2.408299 -0.405992 51.096119 -0.952904 0.513594 0.340992 6.117674 -0.021415
8.501036 -6.268614 -2.192705 -0.178464 51.853226 -1.005558 0.483340 0.292024 6.121511 -0.023283
8.636033 -6.464035 -1.939476 0.020268 52.683350 -1.065477 0.436214 0.235210 6.118294 -0.024140
8.761031 -6.639829 -1.732528 0.153603 53.445309 -1.121542 0.385056 0.174830 6.105215 -0.024591
8.886029 -6.823317 -1.552433 0.302440 54.205502 -1.178679 0.332120 0.102331 6.094134 -0.025343
9.011027 -7.011960 -1.391418 0.508109 54.963253 -1.238107 0.283911 0.023547 6.069736 -0.025048
9.136025 -7.194845 -1.256996 0.713351 55.717697 -1.299467 0.245287 -0.048308 6.046242 -0.025046
9.262024 -7.378534 -1.161550 0.906619 56.468678 -1.363003 0.219470 -0.102825 6.017830 -0.025581
9.386022 -7.565364 -1.109540 1.081736 57.210396 -1.430246 0.209870 -0.141724 5.998511 -0.026393
9.511020 -7.758671 -1.085138 1.249608 57.956062 -1.500799 0.215048 -0.177692 5.988107 -0.026877
9.636018 -7.952029 -1.095501 1.342910 58.699482 -1.573436 0.233524 -0.220591 5.966203 -0.026472
9.760015 -8.150478 -1.162048 1.389560 59.441185 -1.647508 0.263690 -0.270180 5.961572 -0.027330
9.885014 -8.346670 -1.274536 1.394704 60.177059 -1.721949 0.301807 -0.318205 5.967442 -0.027398
10.007012 -8.535975 -1.422883 1.360353 60.908344 -1.795310 0.342030 -0.358229 5.978527 -0.027477
10.130010 -8.731425 -1.598562 1.321579 61.635540 -1.869646 0.380004 -0.388482 5.998363 -0.028620
10.252007 -8.927577 -1.808606 1.222394 62.371590 -1.946407 0.413350 -0.408592 6.032080 -0.027575
10.386004 -9.145086 -2.057888 1.096086 63.177883 -2.032609 0.441647 -0.413178 6.063705 -0.029971
10.509002 -9.350876 -2.286376 0.961188 63.921177 -2.113803 0.458184 -0.393881 6.091167 -0.029509
10.630999 -9.542441 -2.495119 0.815345 64.662369 -2.195942 0.462547 -0.347454 6.127479 -0.027051
10.755997 -9.723358 -2.692370 0.669675 65.425163 -2.281744 0.456460 -0.273295 6.149878 -0.025923
10.880995 -9.904887 -2.840615 0.514253 66.184349 -2.369450 0.440730 -0.181275 6.172980 -0.026492
11.001992 -10.090178 -2.933092 0.322761 66.933502 -2.455902 0.416580 -0.084768 6.183847 -0.028515
11.125990 -10.273389 -2.954668 0.107532 67.695259 -2.546223 0.387167 0.008574 6.186193 -0.026115
11.250988 -10.453588 -2.912744 -0.115350 68.462265 -2.638762 0.356539 0.090998 6.177174 -0.027550
11.375986 -10.645638 -2.809264 -0.308250 69.221664 -2.731662 0.327807 0.159962 6.160273 -0.029160
11.511984 -10.849098 -2.642467 -0.541708 70.051056 -2.834314 0.301521 0.222178 6.130684 -0.025897
11.636982 -11.021338 -2.438647 -0.759586 70.809532 -2.929513 0.285545 0.267486 6.104955 -0.024313
11.760980 -11.182732 -2.221064 -0.907438 71.563980 -3.026480 0.278776 0.301581 6.071229 -0.022718
11.886978 -11.332971 -2.006569 -1.034276 72.313988 -3.127044 0.279233 0.326519 6.042068 -0.020845
12.001977 -11.454934 -1.806435 -1.146237 73.000984 -3.221128 0.284959 0.344090 6.017987 -0.018045
12.125975 -11.583339 -1.622479 -1.162387 73.744751 -3.324825 0.296487 0.357779 6.002088 -0.017590
12.251973 -11.709148 -1.480202 -1.175702 74.493126 -3.431957 0.311933 0.362155 5.998818 -0.017102
12.376971 -11.834242 -1.387312 -1.125520 75.235512 -3.539140 0.327199 0.354131 5.999360 -0.017567
12.501969 -11.963861 -1.349463 -1.032550 75.978119 -3.648604 0.342320 0.334822 6.007999 -0.017432
12.626967 -12.082979 -1.342659 -0.984762 76.715401 -3.760481 0.355899 0.305823 6.019003 -0.016056
12.751966 -12.197554 -1.374707 -0.934825 77.460381 -3.876550 0.365826 0.261704 6.042853 -0.016022
12.875963 -12.303112 -1.440384 -0.878805 78.207794 -3.996230 0.371877 0.193959 6.063307 -0.013940
13.011961 -12.409434 -1.560699 -0.796507 79.017776 -4.128848 0.372521 0.093957 6.093185 -0.013137
13.136959 -12.499180 -1.695733 -0.721473 79.770531 -4.255282 0.367377 -0.007579 6.114131 -0.012636
13.261957 -12.590700 -1.846096 -0.665091 80.525978 -4.384029 0.357413 -0.096957 6.143105 -0.012772
13.386955 -12.678480 -2.001908 -0.542750 81.284508 -4.514102 0.344318 -0.164528 6.167657 -0.010809
13.510953 -12.755875 -2.134336 -0.398025 82.040215 -4.644555 0.329726 -0.214634 6.198556 -0.010001
13.634951 -12.835651 -2.248085 -0.285285 82.804642 -4.777087 0.315260 -0.255663 6.213882 -0.010696
13.759949 -12.902630 -2.315835 -0.194572 83.564537 -4.910561 0.301389 -0.286868 6.228954 -0.007424
13.883946 -12.953588 -2.316343 -0.083447 84.331596 -5.047313 0.289041 -0.303949 6.238308 -0.005823
14.007944 -12.999610 -2.245260 0.021580 85.092712 -5.184164 0.281405 -0.306736 6.236578 -0.005719
14.131942 -13.035059 -2.097469 0.074204 85.853149 -5.323397 0.279380 -0.302445 6.233536 -0.005068
14.257940 -13.072629 -1.898248 0.083349 86.618759 -5.464837 0.282766 -0.296768 6.224897 -0.005259
14.383939 -13.102985 -1.673138 0.062252 87.388817 -5.607545 0.290089 -0.286920 6.206527 -0.003999
14.508937 -13.130856 -1.425783 0.035163 88.151016 -5.751062 0.299159 -0.264592 6.205490 -0.004476
14.633935 -13.159523 -1.158031 0.030728 88.918144 -5.897386 0.306722 -0.224165 6.197220 -0.004166
14.758933 -13.191165 -0.892357 -0.013788 89.678146 -6.043024 0.313148 -0.169124 6.186267 -0.003833
14.881930 -13.209475 -0.647205 -0.106995 90.424866 -6.187826 0.315878 -0.107914 6.179634 -0.002316
15.004928 -13.233531 -0.428242 -0.222721 91.164581 -6.331876 0.315873 -0.048005 6.173943 -0.004322
15.129926 -13.267760 -0.253692 -0.400542 91.927849 -6.482466 0.311653 0.005635 6.171836 -0.004908
15.255924 -13.294507 -0.145739 -0.559677 92.684769 -6.633043 0.303803 0.045487 6.173935 -0.002423
15.380922 -13.312929 -0.093974 -0.666634 93.441170 -6.784214 0.294106 0.071043 6.167425 -0.002324
15.505920 -13.338956 -0.102889 -0.775228 94.202751 -6.939890 0.282896 0.088663 6.170529 -0.004220
15.630919 -13.363008 -0.165999 -0.892669 94.958237 -7.096419 0.271393 0.107401 6.176164 -0.002663
15.756917 -13.378608 -0.281711 -1.006659 95.720810 -7.254818 0.260599 0.131656 6.184143 -0.002337
15.882915 -13.387536 -0.439568 -1.142855 96.477318 -7.414180 0.250629 0.155739 6.186699 -0.001039
16.007914 -13.391527 -0.629975 -1.219479 97.240135 -7.576715 0.243760 0.171985 6.190951 0.000290
16.132908 -13.387235 -0.836386 -1.255949 97.996910 -7.737980 0.242165 0.180661 6.190142 0.000627
16.258902 -13.386635 -1.039933 -1.272701 98.760559 -7.901417 0.244383 0.192382 6.202935 0.000491
16.383896 -13.377598 -1.219602 -1.289471 99.513565 -8.063930 0.251793 0.216513 6.217839 0.001266
16.508890 -13.374142 -1.374320 -1.321042 100.274055 -8.228289 0.262137 0.250995 6.226800 0.000099
16.633884 -13.369238 -1.484304 -1.333231 101.041214 -8.395251 0.276242 0.281382 6.232677 0.000537
16.758879 -13.365281 -1.530186 -1.293616 101.803032 -8.560218 0.291440 0.291473 6.237647 0.000796
16.881874 -13.359230 -1.525106 -1.266496 102.552757 -8.723315 0.306467 0.273390 6.242045 0.001378
17.003870 -13.343741 -1.482332 -1.231943 103.297943 -8.884967 0.317980 0.227656 6.255804 0.001899
17.128864 -13.329219 -1.402378 -1.128967 104.062981 -9.049704 0.326045 0.157207 6.261279 0.002442
17.252859 -13.312418 -1.267945 -1.001394 104.821968 -9.213668 0.330883 0.074683 6.263993 0.002732
17.375854 -13.289536 -1.124685 -0.842578 105.569153 -9.374618 0.331343 -0.003471 6.266545 0.004953
17.500849 -13.253173 -0.949596 -0.649425 106.341415 -9.541107 0.326549 -0.067389 6.271527 0.005115
17.626842 -13.210821 -0.765957 -0.431340 107.107498 -9.706215 0.318001 -0.108745 6.266643 0.005570
17.751837 -13.181163 -0.568772 -0.218849 107.873589 -9.870879 0.305674 -0.131501 6.272225 0.003271
17.885832 -13.157228 -0.373680 -0.022666 108.701294 -10.049167 0.290793 -0.141604 6.271583 0.004112
18.008827 -13.132203 -0.216980 0.184894 109.456238 -10.209667 0.274993 -0.143391 6.275455 0.003151
18.132822 -13.125382 -0.101245 0.351991 110.215874 -10.372289 0.259026 -0.148260 6.263776 0.001051
18.258816 -13.119486 -0.019864 0.489298 110.981087 -10.536809 0.244433 -0.171729 6.258835 0.001000
18.382811 -13.114269 0.027129 0.559212 111.745781 -10.701558 0.233274 -0.222391 6.254323 0.000938
18.508804 -13.120269 0.035130 0.602742 112.509254 -10.867007 0.225019 -0.288905 6.247372 -0.002055
18.631800 -13.127741 0.005999 0.630454 113.266457 -11.030643 0.217793 -0.343001 6.248241 -0.000956
18.753796 -13.136806 -0.072921 0.610688 114.005104 -11.190989 0.214088 -0.359310 6.247743 -0.001114
18.877790 -13.146605 -0.204360 0.541766 114.769043 -11.357477 0.212965 -0.328321 6.257626 -0.002225
19.010786 -13.170467 -0.361432 0.338301 115.583069 -11.536111 0.213536 -0.248259 6.270077 -0.004382
19.136780 -13.202156 -0.525544 0.135695 116.348625 -11.704133 0.216379 -0.142426 6.271657 -0.004684
19.250774 -13.236070 -0.692117 -0.051026 117.053566 -11.858675 0.221551 -0.033130 6.277621 -0.005250
19.376768 -13.268532 -0.886584 -0.257180 117.820595 -12.026304 0.228894 0.079670 6.286850 -0.005552
19.501762 -13.306617 -1.067292 -0.440291 118.595184 -12.195377 0.237674 0.167366 6.294693 -0.006217
19.626757 -13.344900 -1.238782 -0.617095 119.364532 -12.363068 0.247268 0.217358 6.303489 -0.005559
19.751751 -13.367149 -1.386414 -0.788903 120.135078 -12.530417 0.255270 0.232592 6.312499 -0.003017
19.876745 -13.374703 -1.500418 -0.941233 120.907562 -12.696540 0.261422 0.221803 6.326923 -0.000775
20.010740 -13.383554 -1.574284 -1.070844 121.737213 -12.873555 0.266232 0.189042 6.332647 -0.002071
20.134735 -13.396646 -1.592938 -1.167150 122.504776 -13.037876 0.267947 0.143406 6.327674 -0.002656
20.259729 -13.420771 -1.564187 -1.232176 123.278053 -13.202885 0.266732 0.089364 6.324070 -0.003979
20.385723 -13.437933 -1.499199 -1.265006 124.050758 -13.367350 0.262529 0.037584 6.315324 -0.001661
20.510717 -13.444659 -1.384301 -1.331551 124.827011 -13.535053 0.256990 -0.003349 6.293685 0.000365
20.625711 -13.439705 -1.251358 -1.341963 125.533760 -13.687982 0.250519 -0.028583 6.283663 0.001066
20.751705 -13.430500 -1.100015 -1.326383 126.301544 -13.852049 0.242915 -0.045722 6.277249 0.001570
20.876699 -13.417609 -0.939845 -1.309563 127.073799 -14.016216 0.233290 -0.056021 6.259330 0.001989
21.002693 -13.410454 -0.785211 -1.286039 127.838409 -14.179774 0.223153 -0.060536 6.251736 0.001095
21.127687 -13.401278 -0.638825 -1.238503 128.601624 -14.343990 0.215215 -0.056374 6.237435 0.001333
21.251682 -13.398554 -0.503374 -1.147053 129.362564 -14.506837 0.210236 -0.038043 6.217887 -0.000068
21.377676 -13.385011 -0.379997 -1.007891 130.121521 -14.668821 0.208717 -0.000247 6.199792 0.002729
21.502670 -13.361619 -0.281365 -0.821240 130.885254 -14.831903 0.211471 0.058934 6.193560 0.003907
21.627665 -13.314538 -0.214238 -0.622548 131.636017 -14.993178 0.217109 0.131373 6.192368 0.008373
21.753658 -13.257611 -0.188890 -0.420717 132.397934 -15.156331 0.224284 0.207069 6.180514 0.006797
21.879652 -13.203402 -0.198513 -0.245318 133.159439 -15.319296 0.232121 0.268413 6.178432 0.008026
22.005646 -13.148302 -0.242430 -0.041673 133.920700 -15.481341 0.240118 0.302710 6.175810 0.007423
22.131639 -13.090685 -0.323498 0.149956 134.687866 -15.644874 0.248578 0.303624 6.177683 0.008455
22.254635 -13.022270 -0.427454 0.365350 135.431595 -15.802328 0.256376 0.272235 6.183041 0.009961
22.378630 -12.945082 -0.556208 0.566794 136.182358 -15.960776 0.263411 0.209711 6.193728 0.011027
22.504623 -12.857086 -0.718412 0.707612 136.941086 -16.119610 0.267972 0.116824 6.206835 0.014258
22.629618 -12.758629 -0.898939 0.841285 137.707794 -16.279425 0.271117 -0.001984 6.220427 0.013295
22.755611 -12.666283 -1.086706 0.979395 138.475906 -16.439411 0.272237 -0.131656 6.234200 0.013595
22.881605 -12.562112 -1.259911 1.134128 139.246048 -16.600098 0.271748 -0.250211 6.252767 0.015900
23.006599 -12.447461 -1.405251 1.260274 140.013229 -16.759298 0.270671 -0.337159 6.275974 0.016341
23.132593 -12.322589 -1.500988 1.356883 140.782532 -16.918566 0.269804 -0.385333 6.291691 0.018388
23.257587 -12.188935 -1.561016 1.391877 141.559921 -17.077948 0.269126 -0.398030 6.304004 0.019457
23.382582 -12.058384 -1.581021 1.385753 142.333206 -17.234760 0.268800 -0.382997 6.315146 0.017738
23.507576 -11.931973 -1.546864 1.393541 143.101761 -17.388216 0.268854 -0.347491 6.319974 0.017252
23.632570 -11.812409 -1.465735 1.325470 143.877304 -17.541752 0.269960 -0.295972 6.321446 0.014841
23.757565 -11.709756 -1.363134 1.216246 144.652893 -17.694429 0.271536 -0.233372 6.326087 0.013630
23.882559 -11.610950 -1.234611 1.087774 145.435028 -17.847279 0.274812 -0.163568 6.323135 0.013336
24.008553 -11.519822 -1.103335 0.917411 146.210800 -17.997490 0.278207 -0.091582 6.318858 0.011808
24.133547 -11.425635 -0.956227 0.724015 146.992889 -18.149475 0.281157 -0.021888 6.321989 0.012048
24.256542 -11.345428 -0.806373 0.471652 147.756836 -18.298433 0.282993 0.037165 6.332089 0.009994
24.380537 -11.266027 -0.679867 0.285301 148.521881 -18.446812 0.283163 0.083963 6.336666 0.012304
24.503532 -11.187166 -0.570702 0.103837 149.293442 -18.595881 0.281727 0.123794 6.336176 0.010449
24.627527 -11.104089 -0.499129 -0.075636 150.065674 -18.744686 0.278885 0.165694 6.346510 0.012678
24.752522 -11.023014 -0.476879 -0.249369 150.845413 -18.894030 0.274131 0.214630 6.355741 0.010040
24.877516 -10.945560 -0.479649 -0.379698 151.619980 -19.040546 0.266799 0.264253 6.357113 0.011597
25.002510 -10.853024 -0.517517 -0.452960 152.402283 -19.186914 0.259417 0.305112 6.373017 0.013561
25.127504 -10.757307 -0.566281 -0.561253 153.185822 -19.333162 0.252286 0.331184 6.380627 0.012190
25.252499 -10.664892 -0.614855 -0.638221 153.977081 -19.479561 0.246082 0.343719 6.392915 0.012276
25.377493 -10.569032 -0.667466 -0.664556 154.763657 -19.623175 0.243391 0.342618 6.397749 0.013479
25.502487 -10.477732 -0.711529 -0.713314 155.551208 -19.766865 0.244266 0.321025 6.406494 0.012783
25.626482 -10.370371 -0.757712 -0.694751 156.333527 -19.909346 0.246897 0.269190 6.418790 0.015510
25.760477 -10.255358 -0.801623 -0.729946 157.180542 -20.063629 0.252035 0.175716 6.433829 0.014967
25.885471 -10.140586 -0.840386 -0.798985 157.972931 -20.207134 0.258752 0.064684 6.447807 0.016141
26.009466 -10.020609 -0.865433 -0.860771 158.760025 -20.349735 0.265712 -0.048605 6.454646 0.017219
26.135460 -9.888409 -0.888381 -0.878967 159.561874 -20.492241 0.272616 -0.148766 6.472033 0.020009
26.261454 -9.745376 -0.888487 -0.888984 160.359589 -20.631678 0.278840 -0.222786 6.484135 0.021102
26.375448 -9.598932 -0.865290 -0.861306 161.088837 -20.758324 0.284790 -0.265528 6.497241 0.023295
26.501442 -9.417373 -0.821516 -0.816895 161.896194 -20.898703 0.291129 -0.287463 6.512549 0.026044
26.626438 -9.230875 -0.755307 -0.792614 162.705292 -21.039816 0.297152 -0.288530 6.524390 0.026061
26.750433 -9.044916 -0.680945 -0.713874 163.496887 -21.176756 0.300242 -0.277565 6.536304 0.027114
26.875427 -8.852684 -0.596235 -0.636481 164.303635 -21.315010 0.301954 -0.262386 6.550965 0.026990
27.000422 -8.651758 -0.483018 -0.544673 165.118027 -21.453882 0.299602 -0.247630 6.560126 0.028781
27.126415 -8.437233 -0.343815 -0.452162 165.933334 -21.592564 0.294021 -0.233676 6.566153 0.030582
27.250410 -8.219367 -0.183251 -0.310552 166.737183 -21.726217 0.286949 -0.218760 6.574973 0.031530
27.385405 -7.979885 0.018304 -0.146630 167.606750 -21.868059 0.279883 -0.199520 6.579180 0.031170
27.510399 -7.755940 0.225015 0.013569 168.424850 -21.999996 0.272125 -0.176757 6.576472 0.032455
27.625393 -7.540207 0.394913 0.213624 169.171997 -22.117859 0.265475 -0.148986 6.581260 0.032067
27.760387 -7.289934 0.593635 0.454179 170.044586 -22.253500 0.260142 -0.103608 6.593909 0.032531
27.883383 -7.050329 0.782158 0.641341 170.854050 -22.377449 0.255686 -0.047627 6.610456 0.034190
28.008377 -6.797050 0.948148 0.864346 171.664902 -22.499504 0.252881 0.018645 6.614936 0.035198
28.133371 -6.532014 1.078180 1.095960 172.490585 -22.623035 0.252965 0.090188 6.632401 0.036097
28.259365 -6.278897 1.173359 1.293174 173.312500 -22.742741 0.256586 0.159931 6.653496 0.033895
28.384359 -6.024208 1.232863 1.484602 174.144562 -22.861025 0.261846 0.225365 6.679567 0.034996
28.510353 -5.771150 1.273030 1.611560 174.980209 -22.976778 0.268195 0.282708 6.703551 0.035213
28.635347 -5.517717 1.289000 1.687221 175.813248 -23.089413 0.275744 0.327023 6.736266 0.034399
28.758343 -5.277886 1.280093 1.698563 176.636185 -23.198103 0.281878 0.354799 6.758845 0.033455
28.882338 -5.048958 1.252847 1.706124 177.470047 -23.304781 0.286130 0.367184 6.794459 0.031086
29.008331 -4.827540 1.222800 1.703404 178.315781 -23.409431 0.287821 0.368504 6.830127 0.030613
29.133326 -4.607476 1.211441 1.665700 179.165787 -23.512028 0.286089 0.362615 6.862816 0.030297
29.258320 -4.392402 1.206377 1.578754 180.020050 -23.610846 0.280371 0.348049 6.893952 0.029440
29.382315 -4.183300 1.207486 1.469670 180.878067 -23.705172 0.271082 0.319172 6.914031 0.029283
29.507309 -3.981533 1.227052 1.317687 181.739426 -23.796186 0.260975 0.273793 6.940161 0.028431
29.632303 -3.776438 1.270735 1.152004 182.603943 -23.884398 0.248616 0.216571 6.959829 0.028379
29.758297 -3.578723 1.338140 0.986007 183.477386 -23.969666 0.237126 0.152870 6.970461 0.027676
29.884291 -3.383354 1.433253 0.768724 184.346191 -24.051626 0.226656 0.082155 6.984615 0.028558
30.010284 -3.188296 1.563738 0.532296 185.223892 -24.130890 0.218344 -0.006310 6.999435 0.027116
30.132280 -3.002066 1.709259 0.322243 186.082336 -24.204809 0.212692 -0.115175 7.006393 0.027466
30.256275 -2.811871 1.869324 0.127823 186.948944 -24.277222 0.207479 -0.240069 7.016814 0.027231
30.382269 -2.618207 2.048651 -0.040864 187.823578 -24.346382 0.204668 -0.362530 7.015518 0.027795
30.507263 -2.426552 2.274518 -0.201184 188.705292 -24.414484 0.205532 -0.463827 7.019938 0.027380
30.633257 -2.235699 2.503527 -0.335249 189.580093 -24.478853 0.207069 -0.533441 7.012608 0.026603
30.758251 -2.058356 2.730950 -0.450966 190.460556 -24.540562 0.208734 -0.571748 7.000425 0.024792
30.883245 -1.888046 2.940936 -0.541751 191.333878 -24.597305 0.210910 -0.579860 7.002228 0.023218
31.006241 -1.730312 3.129043 -0.649072 192.193344 -24.650007 0.211118 -0.558884 7.002592 0.023169
31.130236 -1.577336 3.293342 -0.700149 193.060226 -24.699175 0.209176 -0.508976 7.006528 0.019881
31.256229 -1.446003 3.433972 -0.733053 193.941589 -24.746679 0.205487 -0.431530 7.005145 0.018417
31.381224 -1.310039 3.543413 -0.796925 194.816483 -24.791407 0.200471 -0.335148 7.007467 0.019566
31.507217 -1.170374 3.649098 -0.840905 195.698486 -24.834181 0.194366 -0.229217 7.008598 0.019671
31.632212 -1.027776 3.739695 -0.875892 196.574509 -24.873550 0.186227 -0.126397 7.017961 0.020306
31.756207 -0.886261 3.796500 -0.898028 197.443970 -24.908718 0.175641 -0.032377 7.017656 0.020841
31.881201 -0.743462 3.809400 -0.943759 198.320587 -24.942188 0.163007 0.055204 7.017002 0.020198
32.006195 -0.609037 3.795745 -0.971238 199.189972 -24.972031 0.150241 0.138002 7.013877 0.019022
32.131210 -0.476289 3.768864 -1.012150 200.065720 -25.000595 0.137752 0.215769 7.007154 0.018361
32.256226 -0.340497 3.717148 -1.054512 200.946854 -25.026541 0.126070 0.283106 6.989849 0.019323
32.379238 -0.207747 3.638543 -1.092634 201.804779 -25.049488 0.115374 0.334871 6.970278 0.018819
32.502254 -0.090291 3.536331 -1.160702 202.659821 -25.071135 0.105816 0.373495 6.941467 0.016322
32.626270 0.025276 3.414015 -1.199469 203.518524 -25.089531 0.098400 0.400316 6.917071 0.016298
32.760288 0.130952 3.267934 -1.219571 204.442474 -25.106529 0.092241 0.415088 6.878521 0.012990
32.881302 0.226613 3.131310 -1.167970 205.272568 -25.119131 0.089209 0.418540 6.852042 0.013330
33.007317 0.314771 2.973500 -1.090027 206.127594 -25.130177 0.089029 0.423304 6.832454 0.010212
33.128330 0.381319 2.818331 -0.984372 206.959213 -25.138109 0.092605 0.441677 6.804564 0.007787
33.252346 0.435159 2.668545 -0.841933 207.801773 -25.143082 0.100921 0.474014 6.787886 0.006711
33.375362 0.497626 2.526820 -0.694594 208.635605 -25.146721 0.110935 0.500309 6.768604 0.009477
33.509380 0.566822 2.407632 -0.552499 209.540283 -25.150406 0.123434 0.490453 6.742215 0.007030
33.632397 0.606043 2.315599 -0.456890 210.368073 -25.151838 0.134384 0.429787 6.715732 0.004543
33.756413 0.640186 2.240505 -0.365314 211.199707 -25.150566 0.143613 0.325653 6.701134 0.004565
33.880428 0.673147 2.181597 -0.333307 212.022736 -25.148685 0.150620 0.200417 6.679687 0.003162
34.003445 0.690756 2.135025 -0.331494 212.849060 -25.146484 0.156356 0.071932 6.647841 0.001974
34.125458 0.696296 2.083651 -0.347675 213.658661 -25.143171 0.158165 -0.046909 6.627783 -0.000087
34.260475 0.684082 2.028409 -0.390154 214.550949 -25.137354 0.154228 -0.169765 6.597530 -0.002283
34.383492 0.663100 1.965266 -0.475412 215.360367 -25.131546 0.147326 -0.278180 6.570942 -0.002938
34.506508 0.636989 1.886045 -0.574128 216.160721 -25.123848 0.137821 -0.385724 6.554405 -0.003254
34.628521 0.603388 1.788499 -0.676612 216.965851 -25.114519 0.128330 -0.493117 6.544676 -0.005396
34.752537 0.560519 1.684374 -0.797423 217.770126 -25.105206 0.119574 -0.592080 6.532141 -0.005783
34.886555 0.504855 1.566095 -0.921058 218.644943 -25.094032 0.112115 -0.677161 6.525753 -0.006890
35.009571 0.453546 1.459748 -0.996611 219.453323 -25.082657 0.108236 -0.722563 6.516714 -0.006703
35.134586 0.395306 1.372936 -1.052558 220.260498 -25.071074 0.107721 -0.730244 6.501412 -0.008745
35.257599 0.330145 1.283718 -1.110400 221.060043 -25.060066 0.109486 -0.701467 6.500653 -0.009826
35.380615 0.263628 1.200156 -1.087430 221.865494 -25.046648 0.113720 -0.639522 6.496923 -0.009774
35.503632 0.193851 1.126838 -1.026736 222.664047 -25.031820 0.119594 -0.548494 6.487319 -0.010189
35.627647 0.121017 1.058171 -0.982975 223.468994 -25.016645 0.126879 -0.430072 6.495761 -0.010965
35.751663 0.040638 1.009499 -0.980399 224.274200 -25.000450 0.133454 -0.291896 6.497317 -0.012376
35.885681 -0.062654 0.978342 -1.033821 225.144409 -24.982466 0.138300 -0.134390 6.494813 -0.013765
36.009697 -0.162413 0.969522 -1.091356 225.949509 -24.965633 0.140614 0.003124 6.492075 -0.014415
36.134712 -0.273624 0.980073 -1.190054 226.760956 -24.949013 0.139738 0.125606 6.493544 -0.015969
36.259727 -0.389283 0.993334 -1.286275 227.565918 -24.932116 0.136510 0.235214 6.489117 -0.015956
36.382740 -0.507529 1.008060 -1.371289 228.370270 -24.914543 0.131244 0.343828 6.488007 -0.016642
36.505756 -0.623502 1.030308 -1.441577 229.167801 -24.897129 0.123979 0.456936 6.479714 -0.015967
36.628773 -0.738881 1.062367 -1.453056 229.964310 -24.881409 0.115582 0.569539 6.475691 -0.016747
36.751789 -0.858741 1.077952 -1.429190 230.760223 -24.867277 0.106770 0.663690 6.470976 -0.018007
36.876801 -0.993860 1.077921 -1.370384 231.561584 -24.853724 0.098469 0.720827 6.456826 -0.019785
37.000816 -1.141473 1.063472 -1.254066 232.367783 -24.838964 0.091536 0.730001 6.442874 -0.021890
37.126831 -1.295464 1.045921 -1.190319 233.171753 -24.825562 0.085134 0.695209 6.427438 -0.021432
37.251846 -1.443836 1.017366 -1.086437 233.979813 -24.813267 0.079954 0.630750 6.404785 -0.020833
37.376862 -1.588990 0.988226 -0.940144 234.779343 -24.802118 0.076028 0.552122 6.390765 -0.020653
37.500877 -1.731599 0.956879 -0.809691 235.570313 -24.792740 0.075272 0.465917 6.368713 -0.020679
37.631889 -1.887817 0.907878 -0.678083 236.403244 -24.783478 0.076898 0.362250 6.351567 -0.020469
37.753895 -2.026198 0.865209 -0.600417 237.176315 -24.776676 0.081568 0.247485 6.326756 -0.020012
37.878910 -2.169099 0.801523 -0.591178 237.965454 -24.771446 0.087250 0.111189 6.302769 -0.019410
38.003925 -2.297812 0.711385 -0.517015 238.751709 -24.766033 0.092687 -0.033385 6.277884 -0.017313
38.127941 -2.424454 0.619416 -0.452056 239.529327 -24.761715 0.098853 -0.167370 6.263710 -0.018914
38.251957 -2.553143 0.496615 -0.404831 240.304550 -24.757290 0.104162 -0.278770 6.248490 -0.018190
38.376972 -2.681052 0.382192 -0.357918 241.078308 -24.752983 0.110204 -0.367195 6.233748 -0.017930
38.501987 -2.813132 0.281244 -0.345214 241.862823 -24.750055 0.116962 -0.441418 6.219435 -0.017284
38.628002 -2.939590 0.200365 -0.368551 242.639511 -24.748262 0.125412 -0.505133 6.207214 -0.017575
38.751019 -3.062203 0.141675 -0.396804 243.408524 -24.748690 0.135665 -0.555789 6.200262 -0.017838
38.877033 -3.187955 0.108715 -0.461303 244.183014 -24.750343 0.144889 -0.588152 6.194160 -0.017814
39.002048 -3.320540 0.133998 -0.554464 244.962677 -24.753464 0.153664 -0.599988 6.185333 -0.018335
39.127064 -3.447697 0.184582 -0.633005 245.728775 -24.757700 0.162175 -0.592266 6.176698 -0.017539
39.251080 -3.572027 0.258062 -0.709683 246.500504 -24.762184 0.167718 -0.561786 6.170005 -0.018968
39.384090 -3.704446 0.345323 -0.815728 247.314178 -24.765999 0.171711 -0.497130 6.162704 -0.017659
39.509106 -3.827780 0.441136 -0.872787 248.089813 -24.771469 0.173710 -0.404352 6.153241 -0.016513
39.635120 -3.945353 0.560751 -0.896709 248.858200 -24.778570 0.173868 -0.296270 6.140611 -0.016601
39.760136 -4.065670 0.690392 -0.930930 249.631943 -24.786657 0.173835 -0.189331 6.138352 -0.017926
39.886150 -4.195145 0.824086 -1.011627 250.405594 -24.794939 0.173632 -0.090432 6.143660 -0.018232
40.001163 -4.319891 0.939577 -1.098740 251.105560 -24.802610 0.171497 -0.001280 6.140103 -0.019788
40.126179 -4.460864 1.048334 -1.218925 251.873428 -24.812519 0.168404 0.104175 6.145627 -0.019657
40.252193 -4.610208 1.136224 -1.319672 252.647934 -24.824177 0.165259 0.216443 6.148652 -0.020116
40.377209 -4.751864 1.186172 -1.375250 253.422363 -24.836842 0.163306 0.322756 6.144685 -0.020244
40.503223 -4.900931 1.202024 -1.384285 254.196762 -24.849308 0.162863 0.411953 6.148953 -0.020768
40.629238 -5.049052 1.192663 -1.375160 254.972549 -24.862999 0.163841 0.478292 6.164475 -0.020281
40.754253 -5.199030 1.174177 -1.442362 255.743408 -24.878235 0.167538 0.518875 6.170081 -0.020379
40.880268 -5.340297 1.130462 -1.509462 256.521027 -24.895197 0.173128 0.531018 6.170892 -0.018903
41.005283 -5.481345 1.076517 -1.582142 257.292023 -24.912918 0.179154 0.514786 6.170155 -0.019763
41.131298 -5.631027 1.008129 -1.630356 258.069550 -24.932053 0.186437 0.477047 6.176282 -0.022056
41.258312 -5.787650 0.915759 -1.639208 258.848450 -24.953480 0.193699 0.428647 6.189829 -0.021050
41.382328 -5.936288 0.809963 -1.666702 259.622131 -24.977278 0.201588 0.375606 6.198437 -0.020605
41.507343 -6.082547 0.710705 -1.736637 260.397064 -25.003607 0.208987 0.315772 6.205003 -0.020470
41.631355 -6.236942 0.609888 -1.782063 261.166351 -25.031614 0.214939 0.245013 6.207863 -0.021866
41.756371 -6.390132 0.517638 -1.778879 261.942291 -25.061026 0.219904 0.161614 6.214810 -0.020469
41.882385 -6.535537 0.422599 -1.728924 262.719360 -25.091961 0.224086 0.070619 6.223803 -0.021332
42.007401 -6.687163 0.332702 -1.661280 263.496979 -25.125698 0.225968 -0.021908 6.229876 -0.020956
42.132416 -6.836179 0.245176 -1.557054 264.281372 -25.160982 0.226423 -0.111730 6.232599 -0.020883
42.256428 -6.993601 0.154797 -1.471191 265.046570 -25.196575 0.226135 -0.190374 6.222851 -0.023028
42.378445 -7.154976 0.051576 -1.372066 265.810883 -25.233877 0.225522 -0.250551 6.222818 -0.022360
42.512459 -7.323787 -0.057834 -1.164706 266.637604 -25.275261 0.224152 -0.283641 6.223729 -0.021780
42.635475 -7.465208 -0.143070 -0.944003 267.402222 -25.315519 0.221852 -0.283284 6.224741 -0.018371
42.757488 -7.589899 -0.209958 -0.701024 268.165802 -25.356480 0.219844 -0.267848 6.214907 -0.015892
42.881500 -7.705348 -0.248232 -0.472661 268.934784 -25.400826 0.218074 -0.260730 6.208848 -0.015742
43.004517 -7.826484 -0.268183 -0.233323 269.690063 -25.445740 0.218309 -0.277692 6.198189 -0.018412
43.127529 -7.960126 -0.273504 -0.026082 270.450195 -25.492041 0.219756 -0.314253 6.188171 -0.018750
43.251545 -8.099743 -0.268431 0.179673 271.215729 -25.540678 0.222253 -0.351097 6.181532 -0.021088
43.386562 -8.261533 -0.262706 0.446780 272.053772 -25.595993 0.227072 -0.369572 6.170512 -0.020250
43.509579 -8.412640 -0.256442 0.666479 272.804047 -25.649172 0.231986 -0.362571 6.162280 -0.022409
43.631596 -8.570373 -0.271460 0.858142 273.559479 -25.705276 0.235427 -0.339563 6.155814 -0.021810
43.754612 -8.720991 -0.279257 1.005560 274.314178 -25.762274 0.237968 -0.305063 6.154326 -0.020981
43.877628 -8.866676 -0.304578 1.148580 275.069122 -25.820427 0.240382 -0.256416 6.156880 -0.020118
44.012646 -9.012456 -0.336085 1.249986 275.891296 -25.886221 0.243489 -0.180973 6.152206 -0.019540
44.137661 -9.148222 -0.352133 1.274899 276.657837 -25.949100 0.244990 -0.089895 6.151359 -0.018918
44.261677 -9.286646 -0.359303 1.308739 277.423798 -26.014063 0.247076 0.012804 6.145645 -0.020051
44.386692 -9.428740 -0.363144 1.271038 278.189056 -26.080612 0.248667 0.114936 6.144313 -0.019901
44.501705 -9.565108 -0.367356 1.247409 278.886139 -26.143259 0.249816 0.198529 6.138914 -0.021002
44.627720 -9.714602 -0.367597 1.181087 279.656097 -26.214649 0.251793 0.275511 6.137326 -0.020836
44.752735 -9.871303 -0.366812 1.022164 280.425659 -26.288784 0.254256 0.336592 6.131442 -0.021764
44.877750 -10.030719 -0.375327 0.866607 281.188263 -26.363638 0.256712 0.384209 6.130933 -0.022631
45.002766 -10.193510 -0.384136 0.698897 281.950134 -26.441383 0.259047 0.418613 6.123455 -0.022308
45.127781 -10.358878 -0.390639 0.469563 282.710876 -26.522272 0.262850 0.433703 6.117922 -0.023983
45.252796 -10.525621 -0.399408 0.235742 283.471039 -26.604725 0.266018 0.420420 6.117337 -0.022999
45.378811 -10.686193 -0.427395 0.043067 284.237122 -26.689510 0.269386 0.372083 6.115550 -0.022445
45.504826 -10.849909 -0.478679 -0.151071 285.001984 -26.776297 0.271778 0.291187 6.104167 -0.022642
45.630840 -11.007893 -0.557983 -0.287715 285.765106 -26.866077 0.273724 0.190758 6.094830 -0.021596
45.756855 -11.159883 -0.640570 -0.428631 286.526825 -26.959881 0.274291 0.091214 6.088248 -0.020876
45.881870 -11.316709 -0.743195 -0.614150 287.281097 -27.056704 0.273447 0.012278 6.078777 -0.022857
46.006886 -11.470629 -0.854949 -0.811008 288.027802 -27.156099 0.270331 -0.038694 6.073920 -0.021312
46.131901 -11.620474 -0.961736 -0.972345 288.785889 -27.260696 0.266383 -0.068089 6.072851 -0.021519
46.257915 -11.768384 -1.062132 -1.110613 289.543518 -27.367659 0.264247 -0.086307 6.071584 -0.020699
46.383930 -11.904231 -1.170388 -1.197548 290.294220 -27.475492 0.263279 -0.098484 6.063844 -0.018424
46.508945 -12.026426 -1.272574 -1.283830 291.043732 -27.585123 0.265443 -0.101824 6.058954 -0.016693
46.633961 -12.146268 -1.366712 -1.348802 291.798340 -27.699129 0.269003 -0.093071 6.052729 -0.016029
46.759975 -12.249447 -1.438396 -1.353126 292.551270 -27.815638 0.272525 -0.077912 6.044331 -0.013955
46.885990 -12.346236 -1.473901 -1.313442 293.297760 -27.934011 0.275198 -0.066811 6.047561 -0.011910
47.012005 -12.434882 -1.505383 -1.285834 294.049377 -28.055355 0.277772 -0.064899 6.041695 -0.012629
47.137020 -12.519314 -1.521729 -1.229410 294.800842 -28.178242 0.279395 -0.068314 6.044909 -0.011331
47.261036 -12.607679 -1.530893 -1.096383 295.540100 -28.301477 0.281390 -0.071380 6.047220 -0.011364
47.384048 -12.686708 -1.495821 -0.915316 296.273285 -28.427029 0.282135 -0.075637 6.047412 -0.009982
47.509064 -12.763762 -1.426440 -0.743920 297.012268 -28.557287 0.281384 -0.088205 6.053535 -0.010263
47.633080 -12.828047 -1.333106 -0.520258 297.757660 -28.690720 0.279201 -0.114487 6.060558 -0.006716
47.759094 -12.883446 -1.223269 -0.242097 298.503357 -28.825907 0.274893 -0.151753 6.063925 -0.006688
47.884109 -12.935033 -1.099373 0.031988 299.254761 -28.964672 0.268265 -0.192730 6.063069 -0.006721
48.007126 -12.981169 -0.966389 0.287181 299.987335 -29.102404 0.259530 -0.229319 6.057512 -0.005846
48.132141 -13.032560 -0.825471 0.522932 300.724548 -29.243067 0.248616 -0.256914 6.047363 -0.007365
48.257156 -13.089725 -0.700201 0.751501 301.466553 -29.386314 0.237812 -0.267651 6.045449 -0.008540
48.384171 -13.158446 -0.592842 0.959906 302.219635 -29.534306 0.227788 -0.250463 6.043817 -0.010058
48.509186 -13.237965 -0.521596 1.092555 302.966187 -29.683146 0.219134 -0.198535 6.037240 -0.011629
48.635201 -13.322057 -0.485051 1.207187 303.711304 -29.832460 0.210216 -0.116088 6.025981 -0.012075
48.760216 -13.409116 -0.464994 1.330875 304.449707 -29.983038 0.201649 -0.017711 6.028724 -0.011594
48.886230 -13.495465 -0.480653 1.426635 305.192871 -30.138277 0.195291 0.082861 6.024897 -0.012387
49.012245 -13.597400 -0.526405 1.535539 305.929901 -30.293507 0.190424 0.175213 6.027090 -0.015112
49.137260 -13.711552 -0.602113 1.646352 306.667114 -30.449932 0.187504 0.254493 6.031029 -0.016466
49.262276 -13.839999 -0.693587 1.701309 307.409851 -30.610277 0.186144 0.312058 6.029596 -0.017944
49.386292 -13.973449 -0.782915 1.717124 308.134644 -30.768061 0.186268 0.333130 6.031471 -0.019451
49.511307 -14.112135 -0.887061 1.663741 308.871735 -30.930784 0.186595 0.309533 6.041751 -0.020397
49.637321 -14.262006 -0.989001 1.573477 309.614960 -31.097389 0.185651 0.244416 6.047573 -0.021897
49.763336 -14.413825 -1.079162 1.459142 310.358643 -31.264547 0.184945 0.157003 6.048395 -0.020545
49.877350 -14.553709 -1.151643 1.298539 311.031281 -31.416437 0.185583 0.078474 6.048954 -0.022429
50.013367 -14.727636 -1.211610 1.063527 311.833435 -31.599781 0.187337 0.004137 6.053252 -0.023763
50.127380 -14.886970 -1.228360 0.836779 312.505493 -31.754721 0.187909 -0.034953 6.046787 -0.025517
50.252396 -15.053138 -1.219406 0.561382 313.241394 -31.925848 0.186765 -0.053060 6.043018 -0.023135
50.388412 -15.222341 -1.176012 0.285923 314.040527 -32.112347 0.182963 -0.048486 6.025716 -0.021838
50.502426 -15.357768 -1.109048 0.068067 314.707947 -32.269653 0.178676 -0.033110 6.011569 -0.021747
50.627441 -15.505812 -1.018531 -0.172842 315.437408 -32.443188 0.172256 -0.013507 5.991287 -0.020864
50.753456 -15.656260 -0.907991 -0.388115 316.176239 -32.621166 0.163768 0.002192 5.975103 -0.021396
50.880470 -15.818203 -0.776542 -0.556840 316.906433 -32.799797 0.154217 0.011071 5.958620 -0.023213
51.004486 -15.996412 -0.644637 -0.760567 317.628326 -32.979099 0.143325 0.013573 5.942913 -0.024505
51.129501 -16.169670 -0.503056 -0.947298 318.341827 -33.158241 0.132640 0.010249 5.926565 -0.025566
51.254517 -16.355835 -0.347319 -1.068151 319.058655 -33.339527 0.121804 0.001557 5.904311 -0.027137
51.378532 -16.552319 -0.198371 -1.190353 319.772766 -33.522793 0.110953 -0.010924 5.888315 -0.027896
51.503548 -16.751324 -0.049998 -1.305155 320.478821 -33.706001 0.099866 -0.025804 5.875282 -0.029011
51.628563 -16.954134 0.095549 -1.333992 321.188721 -33.890926 0.089706 -0.043353 5.861929 -0.028625
51.753578 -17.171162 0.223616 -1.338841 321.901062 -34.077431 0.081489 -0.063817 5.834680 -0.030481
51.878593 -17.391586 0.345760 -1.320964 322.600006 -34.262981 0.076423 -0.083553 5.827512 -0.031980
52.003609 -17.628210 0.445772 -1.255627 323.307800 -34.452759 0.073113 -0.095197 5.809654 -0.032793
52.128624 -17.862061 0.519230 -1.168892 324.007996 -34.642612 0.072546 -0.090782 5.797985 -0.033094
52.253639 -18.111814 0.563650 -1.071617 324.705902 -34.834351 0.074028 -0.069638 5.786553 -0.035916
52.379654 -18.380142 0.594678 -0.991400 325.402863 -35.029205 0.076056 -0.039028 5.788113 -0.038980
52.504669 -18.668810 0.607891 -0.883277 326.103973 -35.227844 0.078678 -0.009286 5.782268 -0.041666
52.629684 -18.979361 0.606949 -0.768692 326.798981 -35.426907 0.079777 0.011748 5.784663 -0.044188
52.754700 -19.306038 0.584387 -0.689337 327.494476 -35.628143 0.079953 0.023418 5.796571 -0.046611
52.879715 -19.641014 0.556161 -0.647597 328.189636 -35.832123 0.079204 0.029542 5.795481 -0.046563
53.005730 -19.993074 0.541296 -0.663146 328.891327 -36.040241 0.077139 0.034876 5.819508 -0.049360
53.130745 -20.356421 0.549305 -0.693772 329.588837 -36.248440 0.074115 0.041713 5.827606 -0.051647
53.255760 -20.746216 0.606118 -0.814209 330.286407 -36.459854 0.070135 0.048810 5.834251 -0.056750
53.380775 -21.155191 0.695133 -0.991508 330.984344 -36.673534 0.063739 0.052233 5.842090 -0.056430
53.505791 -21.576355 0.823294 -1.174777 331.682251 -36.889774 0.055421 0.047683 5.847057 -0.058440
53.631805 -22.013073 0.985230 -1.409353 332.384827 -37.110966 0.046831 0.032923 5.846310 -0.059812
53.756821 -22.451408 1.182072 -1.705772 333.081116 -37.332443 0.038243 0.009106 5.844120 -0.060284
53.881836 -22.894753 1.391419 -2.010571 333.776947 -37.555984 0.030865 -0.021212 5.851558 -0.061188
54.007851 -23.352308 1.599617 -2.280879 334.472778 -37.780487 0.023845 -0.052984 5.846113 -0.063622
54.133865 -23.823278 1.798290 -2.563893 335.172424 -38.009922 0.017882 -0.077613 5.843853 -0.065032
54.259880 -24.312946 2.006055 -2.751224 335.876984 -38.241684 0.012765 -0.082351 5.837183 -0.066984
54.384895 -24.817301 2.200186 -2.885003 336.569305 -38.471058 0.009361 -0.059127 5.828896 -0.071158
54.510910 -25.338781 2.389371 -3.018349 337.259949 -38.701332 0.007113 -0.013873 5.820012 -0.072028
54.635925 -25.872812 2.566238 -3.192439 337.954376 -38.934875 0.004599 0.034606 5.808328 -0.073040
54.761940 -26.411142 2.727874 -3.430397 338.640900 -39.168568 0.001797 0.065069 5.797164 -0.074373
54.886955 -26.983212 2.873442 -3.689785 339.331482 -39.405472 0.000024 0.070011 5.790717 -0.079461
55.012970 -27.581364 2.993016 -3.927984 340.019257 -39.643925 -0.000759 0.054558 5.770563 -0.081818
55.127983 -28.135815 3.070227 -4.130577 340.639984 -39.860130 -0.001655 0.029876 5.762129 -0.084828
55.253998 -28.762142 3.133499 -4.346955 341.323914 -40.101425 -0.002109 -0.006123 5.752549 -0.085695
55.379013 -29.413738 3.177997 -4.614360 342.005341 -40.345753 -0.002155 -0.049471 5.738932 -0.089432
55.505028 -30.075266 3.218560 -4.873532 342.678284 -40.590145 -0.001472 -0.091976 5.722189 -0.091577
55.631042 -30.744106 3.257245 -5.191067 343.353790 -40.839043 -0.000704 -0.121050 5.709309 -0.089346
55.756058 -31.423864 3.285575 -5.497713 344.026917 -41.089542 0.000176 -0.125779 5.696063 -0.092571
55.881073 -32.096947 3.305653 -5.838983 344.692352 -41.340599 0.000852 -0.103412 5.683231 -0.091286
56.006088 -32.785213 3.297325 -6.232635 345.354340 -41.593224 0.003060 -0.056865 5.657684 -0.094343
56.132103 -33.486858 3.270894 -6.617896 346.012695 -41.848011 0.006313 0.006328 5.640570 -0.095095
56.257118 -34.198547 3.234788 -6.945192 346.673584 -42.105442 0.009896 0.071971 5.622348 -0.095281
56.383133 -34.910625 3.209412 -7.241621 347.326935 -42.362133 0.015132 0.119696 5.603495 -0.097415
56.509148 -35.624275 3.201799 -7.549025 347.981689 -42.622704 0.020351 0.137216 5.584478 -0.096386
56.634163 -36.331650 3.210957 -7.900002 348.632507 -42.886768 0.027308 0.127964 5.568442 -0.095107
56.760178 -37.026192 3.233892 -8.226488 349.275482 -43.150898 0.034541 0.107000 5.555367 -0.094002
56.885193 -37.720627 3.275414 -8.575963 349.918488 -43.421078 0.040970 0.083834 5.522085 -0.092175
57.008205 -38.388512 3.345062 -8.971989 350.542114 -43.688633 0.048766 0.056975 5.513981 -0.091360
57.134220 -39.065861 3.438233 -9.379559 351.173157 -43.962433 0.057905 0.020024 5.498190 -0.091706
57.258236 -39.766056 3.563458 -9.852139 351.801086 -44.238701 0.070203 -0.022963 5.483948 -0.095141
57.381248 -40.472565 3.707926 -10.311213 352.415375 -44.512157 0.082984 -0.059754 5.457017 -0.096562
57.505264 -41.174469 3.868021 -10.770843 353.030731 -44.789268 0.095996 -0.083785 5.433395 -0.094216
57.631279 -41.879784 4.033196 -11.214054 353.648346 -45.069199 0.111110 -0.096136 5.416529 -0.093791
57.757294 -42.576382 4.210048 -11.647732 354.267639 -45.352070 0.126285 -0.101076 5.396151 -0.090130
57.882309 -43.260967 4.382286 -12.047239 354.883575 -45.637371 0.140484 -0.097441 5.379922 -0.091326
58.006325 -43.935463 4.535032 -12.404292 355.486664 -45.919228 0.155856 -0.078085 5.359938 -0.091036
58.131340 -44.607845 4.680533 -12.675213 356.092987 -46.203518 0.171251 -0.037940 5.358637 -0.089856
58.256355 -45.274628 4.810607 -12.907218 356.697723 -46.489513 0.186460 0.018840 5.344426 -0.089814
58.380371 -45.934582 4.907195 -13.127491 357.294464 -46.774433 0.200929 0.080444 5.326472 -0.090175
58.505386 -46.586151 4.964436 -13.353735 357.893188 -47.063446 0.214862 0.134982 5.309366 -0.087542
58.629402 -47.218220 4.985954 -13.548607 358.484131 -47.353088 0.228672 0.172592 5.307967 -0.086170
58.764420 -47.893482 4.975227 -13.745230 359.121552 -47.668274 0.243793 0.190512 5.300562 -0.085395
58.878433 -48.462948 4.941372 -13.958097 359.662048 -47.938351 0.258003 0.188017 5.300320 -0.083605
59.014450 -49.136356 4.863402 -14.219842 360.305328 -48.261818 0.275829 0.167407 5.291058 -0.083702
59.139465 -49.752979 4.752068 -14.462008 360.894226 -48.560814 0.293199 0.133905 5.280279 -0.083077
59.263481 -50.345730 4.647938 -14.609589 361.477264 -48.858593 0.310677 0.087360 5.282515 -0.081287
59.387497 -50.925091 4.534868 -14.689692 362.063568 -49.161076 0.329272 0.029550 5.273708 -0.078144
59.513512 -51.475677 4.431707 -14.752309 362.647400 -49.466049 0.349390 -0.029458 5.266812 -0.074296
59.638527 -52.001648 4.335209 -14.780677 363.229309 -49.772366 0.371740 -0.074462 5.252542 -0.072290
59.763542 -52.510159 4.232025 -14.797792 363.807220 -50.082088 0.394548 -0.095295 5.239865 -0.069905
59.887558 -52.991493 4.129528 -14.759932 364.382385 -50.394489 0.418632 -0.097344 5.236041 -0.065349
60.013573 -53.443562 4.015638 -14.699510 364.954407 -50.710125 0.444723 -0.098264 5.221126 -0.062377
