1.20 1.10 20 64
0.139000 0.016032 0.006043 -0.045438 0.976210 -0.000579 -0.144102 -0.107337 6.663215 0.003304
0.255000 0.030240 0.071783 -0.114820 1.737849 -0.002219 -0.109174 -0.124630 6.590747 0.000501
0.389000 0.044385 0.206850 -0.102398 2.608604 -0.004062 -0.033480 -0.144811 6.512394 0.001412
0.505000 0.061852 0.373310 -0.132549 3.365534 -0.005033 0.053522 -0.155158 6.436532 0.002366
0.639000 0.083185 0.582302 -0.180701 4.216568 -0.006925 0.163080 -0.151660 6.369876 0.003510
0.756000 0.119510 0.753136 -0.225133 4.958994 -0.009582 0.257867 -0.134273 6.335400 0.007093
0.889000 0.189363 0.915707 -0.248090 5.800519 -0.012735 0.352871 -0.101346 6.325780 0.010373
1.006000 0.264104 1.027574 -0.237238 6.540790 -0.016306 0.416445 -0.063630 6.329854 0.012306
1.139000 0.374191 1.100943 -0.203927 7.392858 -0.019346 0.459142 -0.012981 6.379751 0.014775
1.256000 0.470057 1.113815 -0.206816 8.135722 -0.021027 0.468748 0.034329 6.423731 0.014370
1.389000 0.584024 1.083673 -0.179595 9.000164 -0.023719 0.448754 0.086720 6.476768 0.015043
1.506000 0.694348 1.034475 -0.128244 9.760788 -0.025594 0.407259 0.125082 6.517030 0.016476
1.639999 0.823579 0.935451 -0.047369 10.630095 -0.030417 0.338884 0.156341 6.551081 0.017108
1.755999 0.944798 0.822153 0.011804 11.397280 -0.035087 0.264293 0.173871 6.567190 0.017990
1.889999 1.090940 0.686880 0.006124 12.271634 -0.042046 0.174388 0.185826 6.580936 0.020241
2.005999 1.224045 0.569376 0.041059 13.041068 -0.048812 0.101261 0.192307 6.570118 0.020862
2.139999 1.382749 0.483146 0.058422 13.913134 -0.057605 0.034817 0.195667 6.547976 0.021224
2.256999 1.523355 0.450299 0.053466 14.677428 -0.066057 -0.002409 0.193053 6.522647 0.021313
2.389999 1.674068 0.466821 0.090908 15.542432 -0.075177 -0.016209 0.179256 6.489460 0.019428
2.506999 1.811419 0.526471 0.139957 16.299232 -0.081253 -0.000002 0.157038 6.454941 0.020259
2.639998 1.976424 0.632626 0.126949 17.161068 -0.088964 0.046100 0.126784 6.411514 0.022843
2.756998 2.129922 0.743196 0.053483 17.901897 -0.095806 0.106363 0.106182 6.368393 0.023082
2.890998 2.310321 0.880194 -0.041610 18.752306 -0.105372 0.186747 0.097372 6.331932 0.024099
3.006998 2.470310 0.986795 -0.139326 19.492136 -0.112891 0.257553 0.101114 6.319263 0.023818
3.140998 2.660372 1.072090 -0.209519 20.331774 -0.118404 0.331247 0.107147 6.311642 0.025896
3.256998 2.840918 1.128299 -0.183808 21.070862 -0.119456 0.385543 0.103003 6.322045 0.027735
3.390998 3.051656 1.160004 -0.088230 21.913849 -0.117436 0.430540 0.079210 6.355627 0.027609
3.507998 3.238569 1.142613 0.007736 22.660452 -0.115129 0.451269 0.039841 6.398068 0.027561
3.640997 3.459031 1.065693 0.175510 23.515787 -0.110144 0.451229 -0.023658 6.453656 0.030473
3.757997 3.662055 0.974800 0.398813 24.275057 -0.104398 0.432208 -0.092507 6.516961 0.028727
3.890997 3.883706 0.828879 0.684114 25.152187 -0.098405 0.392302 -0.181447 6.567866 0.027952
4.007997 4.061103 0.689415 0.912010 25.917007 -0.092325 0.345045 -0.262088 6.612513 0.024532
4.140997 4.259595 0.525875 1.192565 26.806171 -0.081886 0.284038 -0.351694 6.652296 0.024488
4.257998 4.424804 0.397602 1.423924 27.586613 -0.071502 0.231335 -0.416365 6.680325 0.024490
4.391999 4.603411 0.277011 1.620893 28.476038 -0.058619 0.176408 -0.458236 6.696367 0.023720
4.507999 4.747515 0.217236 1.729584 29.260845 -0.048655 0.139036 -0.454599 6.717344 0.022404
4.642000 4.920112 0.209042 1.898071 30.154598 -0.035124 0.114442 -0.400457 6.725378 0.022100
4.759000 5.050756 0.269577 1.999510 30.940441 -0.021196 0.110106 -0.319934 6.707584 0.018160
4.892001 5.189117 0.412419 2.102441 31.831005 -0.002342 0.124958 -0.215877 6.692428 0.016730
5.009001 5.303949 0.576081 2.170155 32.613770 0.014432 0.153976 -0.133957 6.690526 0.017921
5.126002 5.424001 0.801357 2.297325 33.395313 0.032501 0.191908 -0.070707 6.671618 0.017113
5.259002 5.549484 1.100648 2.406935 34.281128 0.054812 0.241296 -0.018860 6.652118 0.016880
5.376003 5.656970 1.364541 2.491323 35.058918 0.076309 0.284004 0.019611 6.655034 0.015176
5.509003 5.769300 1.651099 2.521956 35.943287 0.101895 0.324398 0.068920 6.653788 0.013581
5.626004 5.853741 1.888270 2.524699 36.722317 0.126200 0.349437 0.124097 6.668612 0.011001
5.759004 5.935535 2.130713 2.539905 37.616016 0.156417 0.365095 0.200099 6.678240 0.008937
5.876005 5.991340 2.289078 2.527845 38.391426 0.185730 0.367755 0.270254 6.705602 0.008092
6.010005 6.045325 2.422039 2.477172 39.291294 0.222000 0.356649 0.344868 6.740275 0.006679
6.126006 6.087065 2.493945 2.429539 40.082722 0.255549 0.336065 0.395880 6.789569 0.006490
6.260006 6.128241 2.538399 2.354664 40.988235 0.297996 0.301836 0.430682 6.835777 0.005669
6.376007 6.167394 2.557107 2.291345 41.789440 0.337826 0.268072 0.437497 6.872723 0.006451
6.510007 6.213528 2.550534 2.191308 42.705894 0.384612 0.229001 0.416906 6.917114 0.005277
6.627008 6.239195 2.520638 2.016657 43.516438 0.427604 0.198514 0.378126 6.944885 0.005749
6.760008 6.269636 2.485364 1.788648 44.448895 0.479046 0.172275 0.322814 6.987297 0.004137
6.877009 6.284500 2.473043 1.604041 45.260887 0.526466 0.159799 0.277929 7.027094 0.003313
7.010009 6.301184 2.473990 1.396827 46.202782 0.582135 0.156106 0.235405 7.056440 0.003484
7.127010 6.321242 2.487670 1.235219 47.021523 0.629779 0.164004 0.199568 7.078166 0.003810
7.261011 6.324936 2.565487 1.016145 47.970097 0.686804 0.183154 0.142517 7.103414 0.001954
7.377011 6.322907 2.701072 0.820355 48.800350 0.737808 0.208056 0.070927 7.110160 0.000702
7.511012 6.313415 2.914391 0.598048 49.744251 0.799043 0.240639 -0.030276 7.124278 0.001034
7.628012 6.316219 3.136636 0.521286 50.576324 0.855376 0.268916 -0.124952 7.133522 0.000857
7.761013 6.307290 3.426394 0.491473 51.524517 0.923564 0.296866 -0.229764 7.156220 -0.001558
7.878013 6.294842 3.702048 0.470513 52.361210 0.985231 0.315859 -0.318414 7.187663 -0.001558
8.011013 6.261918 4.025449 0.473409 53.315926 1.055545 0.327621 -0.415322 7.208954 -0.005841
8.128014 6.222060 4.315982 0.514843 54.159313 1.118579 0.328970 -0.489668 7.235868 -0.007174
8.261014 6.169995 4.619028 0.569697 55.120407 1.190945 0.320520 -0.544580 7.259563 -0.007397
8.378015 6.128963 4.840348 0.682792 55.968678 1.254461 0.303596 -0.553540 7.280044 -0.007023
8.512015 6.090833 5.028553 0.813744 56.943771 1.326860 0.275651 -0.516044 7.306627 -0.006277
8.628016 6.052130 5.130798 0.965223 57.790909 1.390154 0.246170 -0.454387 7.332010 -0.007633
8.762016 6.018532 5.186732 1.154221 58.771908 1.465307 0.206713 -0.370947 7.347009 -0.005271
8.878016 6.003653 5.178466 1.293246 59.630844 1.530567 0.171019 -0.301074 7.365471 -0.003172
9.012017 6.000061 5.133446 1.455997 60.609951 1.604071 0.130461 -0.226434 7.396202 -0.002370
9.129018 5.991473 5.070257 1.605319 61.474602 1.668983 0.099466 -0.156882 7.411196 -0.003954
9.262018 5.991530 4.996253 1.782139 62.458355 1.741660 0.074948 -0.063989 7.422895 -0.001854
9.379019 5.990144 4.938094 1.834545 63.324162 1.805390 0.063180 0.029204 7.411897 -0.000668
9.512019 5.994758 4.873240 1.883038 64.306465 1.878727 0.059370 0.139877 7.406564 -0.000888
9.629020 5.995523 4.824483 1.918665 65.171051 1.943417 0.063863 0.235196 7.404519 -0.000078
9.762020 5.997741 4.786258 2.006122 66.160767 2.018165 0.077798 0.341492 7.406086 -0.000867
9.879021 5.995564 4.779603 2.035853 67.024452 2.082919 0.096756 0.430129 7.399900 -0.000509
10.013021 5.991711 4.799589 2.140572 68.006218 2.158242 0.120835 0.513639 7.407586 -0.002666
10.129022 5.993594 4.836746 2.280491 68.869408 2.224874 0.139902 0.554234 7.396627 -0.001214
10.263022 5.996228 4.943359 2.385634 69.849052 2.299548 0.156219 0.548128 7.375403 -0.000373
10.380023 5.992869 5.067327 2.432207 70.708405 2.363378 0.164022 0.499797 7.359451 -0.000959
10.513023 5.998366 5.236414 2.425164 71.682594 2.435642 0.162935 0.414642 7.335074 0.000769
10.630024 6.011178 5.395335 2.370633 72.538803 2.498590 0.151469 0.329031 7.344668 0.004046
10.763024 6.049296 5.581457 2.286753 73.510620 2.569477 0.128627 0.228748 7.313487 0.007420
10.880025 6.098979 5.744438 2.165818 74.361771 2.630644 0.101188 0.138951 7.278397 0.010187
11.013025 6.158763 5.905710 1.982127 75.331490 2.699984 0.067415 0.037111 7.236996 0.010603
11.130026 6.205571 6.011139 1.800687 76.166443 2.760758 0.037147 -0.044080 7.201505 0.009496
11.263026 6.269846 6.090280 1.573156 77.125275 2.830931 0.002663 -0.121769 7.155893 0.012033
11.380027 6.332949 6.109537 1.396356 77.957245 2.894044 -0.022435 -0.173796 7.118704 0.012471
11.514028 6.412062 6.093781 1.203933 78.897057 2.965809 -0.044859 -0.220055 7.068033 0.013850
11.631028 6.497010 6.016952 1.132578 79.718369 3.028064 -0.059820 -0.256752 7.022380 0.014003
11.764029 6.610033 5.894221 1.112697 80.645912 3.097752 -0.066476 -0.299848 6.971995 0.016871
11.881029 6.722036 5.756586 1.139989 81.456741 3.159561 -0.063865 -0.338389 6.930583 0.016446
12.014030 6.859653 5.564602 1.169036 82.379417 3.232249 -0.052903 -0.374432 6.888460 0.018960
12.131030 6.969959 5.383484 1.199886 83.172966 3.295074 -0.037140 -0.388651 6.843103 0.015538
12.264030 7.088027 5.145264 1.222692 84.083420 3.367027 -0.015785 -0.378306 6.801711 0.015535
12.381031 7.190977 4.934698 1.237616 84.868057 3.429436 0.002579 -0.349035 6.773061 0.015140
12.515032 7.303764 4.693159 1.276614 85.770439 3.502326 0.021521 -0.303028 6.746853 0.014852
12.631032 7.410995 4.520730 1.256219 86.555611 3.565313 0.036097 -0.260200 6.724691 0.018047
12.765033 7.560207 4.328724 1.214994 87.445595 3.638630 0.048205 -0.208037 6.704251 0.020583
12.882033 7.696315 4.177445 1.206901 88.225815 3.703954 0.052855 -0.151738 6.686653 0.020889
13.015034 7.856893 4.036152 1.240320 89.111679 3.779250 0.053566 -0.068098 6.683942 0.020263
13.132034 8.012882 3.960436 1.345053 89.889626 3.847106 0.050696 0.022493 6.667212 0.023296
13.265035 8.207894 3.907844 1.525261 90.771751 3.924530 0.044901 0.135141 6.649588 0.024953
13.382035 8.398900 3.916878 1.732171 91.544701 3.992850 0.039376 0.231074 6.621293 0.026235
13.515036 8.635696 3.958235 2.025047 92.425629 4.073384 0.030044 0.323060 6.584502 0.030656
13.632036 8.864639 4.023894 2.221979 93.191063 4.142034 0.022359 0.378042 6.555599 0.033224
13.765037 9.142353 4.113794 2.484455 94.055801 4.218607 0.014361 0.406256 6.505315 0.034173
13.882037 9.394433 4.202896 2.745011 94.811020 4.286633 0.007914 0.404057 6.465477 0.035968
14.016038 9.707865 4.299144 2.991275 95.662979 4.365445 0.001956 0.383145 6.409687 0.038939
14.132038 10.002773 4.368269 3.151131 96.405907 4.435092 -0.000928 0.359602 6.355609 0.043171
14.266039 10.348029 4.388690 3.284182 97.243568 4.514679 -0.000968 0.331925 6.308311 0.044664
14.383039 10.670622 4.358461 3.423244 97.975601 4.585550 0.002109 0.303645 6.271725 0.046408
14.516040 11.052292 4.284355 3.525017 98.803009 4.667805 0.007600 0.261631 6.233256 0.050768
14.633040 11.406130 4.184379 3.594155 99.526970 4.743551 0.013264 0.215572 6.211119 0.052358
14.766041 11.816055 4.022097 3.687169 100.353058 4.832859 0.019504 0.154332 6.195951 0.052497
14.883041 12.178666 3.863865 3.733551 101.066948 4.911934 0.026347 0.094923 6.191220 0.054542
15.017042 12.603527 3.649927 3.711057 101.892097 5.004509 0.035222 0.018900 6.199056 0.056743
15.133042 12.991017 3.457400 3.659167 102.613602 5.087095 0.044006 -0.050899 6.210968 0.058022
15.267043 13.422941 3.246382 3.602004 103.434319 5.183543 0.054081 -0.127395 6.214242 0.056385
15.383043 13.799837 3.077766 3.540596 104.156509 5.270451 0.063511 -0.189597 6.219430 0.057356
15.517044 14.246197 2.937991 3.490596 104.977409 5.372550 0.072926 -0.260758 6.224388 0.059137
15.634045 14.644320 2.850632 3.455768 105.699471 5.465720 0.079236 -0.330683 6.220628 0.061093
15.767045 15.109698 2.761860 3.440609 106.519348 5.575229 0.084225 -0.417351 6.218891 0.061689
15.884046 15.517441 2.730608 3.432236 107.240898 5.673087 0.087783 -0.487013 6.227143 0.060219
16.001045 15.921417 2.748955 3.433628 107.962440 5.773108 0.088701 -0.535734 6.224522 0.060415
16.134048 16.372866 2.809366 3.427587 108.780334 5.890079 0.086747 -0.556191 6.210339 0.059245
16.251051 16.766457 2.922425 3.423185 109.498268 5.995232 0.082428 -0.545198 6.195610 0.059366
16.384054 17.229534 3.069713 3.439681 110.312950 6.115966 0.075052 -0.505945 6.191240 0.062444
16.501057 17.641516 3.209837 3.448060 111.027122 6.225620 0.067964 -0.449593 6.164941 0.061423
16.634060 18.096155 3.386666 3.517910 111.840767 6.355612 0.059432 -0.358414 6.140028 0.057997
16.751062 18.479033 3.520013 3.605186 112.542419 6.470286 0.051647 -0.257213 6.119775 0.056683
16.885065 18.931433 3.654320 3.704573 113.348427 6.606449 0.043205 -0.123010 6.088137 0.059616
17.001068 19.346170 3.759870 3.778536 114.047783 6.729234 0.036772 -0.000290 6.057406 0.060844
17.135071 19.833870 3.851702 3.898474 114.838554 6.872027 0.034658 0.136550 6.029181 0.063273
17.252073 20.271786 3.893514 4.058169 115.529434 7.000104 0.036979 0.252520 5.995028 0.063194
17.385077 20.778784 3.881030 4.265648 116.311142 7.146552 0.040861 0.379511 5.973713 0.065644
17.503078 21.246952 3.830301 4.458899 117.001938 7.279132 0.046864 0.486072 5.953519 0.068532
17.636082 21.794434 3.763146 4.681515 117.776810 7.431899 0.054595 0.590785 5.926729 0.069705
17.753084 22.276440 3.678291 4.950281 118.455605 7.569081 0.062625 0.658027 5.914568 0.068893
17.886087 22.826696 3.538762 5.287266 119.229240 7.729840 0.072302 0.693993 5.895375 0.068212
18.003090 23.297720 3.402042 5.523855 119.898018 7.870875 0.083010 0.684411 5.890392 0.068251
18.136093 23.823915 3.245640 5.812095 120.667549 8.039317 0.092900 0.630903 5.874030 0.066055
18.253096 24.267441 3.105748 6.077246 121.338028 8.191107 0.099974 0.558849 5.879041 0.063376
18.387098 24.753996 2.975291 6.377001 122.100090 8.368332 0.107382 0.464092 5.878785 0.062614
18.503101 25.186930 2.897299 6.566949 122.768761 8.527419 0.114328 0.377513 5.868954 0.063301
18.637104 25.679890 2.848481 6.750939 123.526871 8.711432 0.120341 0.273976 5.866235 0.063328
18.754107 26.098740 2.854072 6.869440 124.192894 8.876704 0.124081 0.173294 5.864243 0.061575
18.887110 26.589605 2.910048 7.006328 124.948540 9.067279 0.128336 0.046186 5.859493 0.063240
19.004112 27.020126 2.997352 7.128325 125.611473 9.237286 0.131747 -0.069987 5.841642 0.062794
19.137115 27.504679 3.111593 7.267755 126.366951 9.435981 0.134688 -0.196119 5.825035 0.061556
19.254118 27.933512 3.242888 7.379922 127.018135 9.610157 0.138009 -0.293283 5.803179 0.063990
19.387121 28.415047 3.416954 7.415845 127.766380 9.813098 0.141914 -0.392487 5.776217 0.061924
19.504124 28.833313 3.574775 7.394186 128.416504 9.993192 0.145228 -0.471723 5.757660 0.062088
19.638126 29.313414 3.737134 7.434348 129.151764 10.202766 0.149160 -0.556949 5.743413 0.063381
19.755129 29.745375 3.884614 7.476788 129.797272 10.390515 0.153911 -0.626455 5.742187 0.063771
19.888132 30.235243 4.036683 7.524491 130.529053 10.607936 0.160732 -0.690091 5.735218 0.063548
20.005135 30.649170 4.154488 7.516725 131.170471 10.802464 0.168486 -0.718806 5.725640 0.061542
20.138138 31.114025 4.266615 7.478394 131.897064 11.027009 0.177063 -0.703829 5.709754 0.061622
20.255140 31.531712 4.334402 7.467122 132.534790 11.226770 0.184441 -0.644426 5.712662 0.063057
20.388144 32.023746 4.396427 7.491858 133.263077 11.458874 0.191125 -0.536178 5.702474 0.063901
20.505146 32.452950 4.448824 7.575907 133.892288 11.662958 0.197176 -0.425070 5.703602 0.063347
20.639149 32.954079 4.489499 7.637561 134.618591 11.899988 0.205738 -0.290386 5.699556 0.066301
20.755152 33.398102 4.520363 7.711521 135.251434 12.109015 0.212710 -0.167950 5.695422 0.065121
20.889154 33.896935 4.537018 7.775514 135.969803 12.348964 0.220653 -0.022179 5.688934 0.064116
21.006157 34.325367 4.506682 7.837695 136.600098 12.564048 0.227312 0.107127 5.693864 0.064114
21.139160 34.820465 4.434340 7.947425 137.314972 12.813296 0.233760 0.244956 5.690019 0.064292
21.256163 35.256428 4.342438 8.075156 137.943665 13.035371 0.239322 0.353736 5.703973 0.063637
21.389166 35.742741 4.232246 8.227618 138.659164 13.291386 0.242179 0.463552 5.718494 0.060649
21.506168 36.153370 4.133547 8.415648 139.288101 13.519795 0.243437 0.546977 5.723505 0.058221
21.639172 36.606968 4.037006 8.602504 140.007599 13.785171 0.243572 0.619794 5.724816 0.056433
21.756174 36.994709 3.967410 8.720119 140.630310 14.017756 0.242453 0.657437 5.733837 0.057878
21.889177 37.450230 3.924376 8.830509 141.348297 14.289488 0.241419 0.670525 5.717022 0.058347
22.006180 37.838970 3.903349 8.954313 141.971893 14.530076 0.242510 0.656509 5.708715 0.056367
22.140182 38.276806 3.906921 9.085411 142.677567 14.806467 0.245099 0.608378 5.692650 0.056390
22.257185 38.648708 3.900767 9.145671 143.296494 15.050499 0.247264 0.533115 5.679158 0.054646
22.390188 39.071259 3.890148 9.267895 143.996155 15.332080 0.250570 0.414048 5.667920 0.054597
22.507191 39.448910 3.880729 9.443645 144.609177 15.582307 0.254816 0.294639 5.650596 0.053502
22.640194 39.881042 3.870057 9.729656 145.302521 15.869789 0.261894 0.164639 5.633948 0.054777
22.757196 40.252689 3.852248 9.965279 145.910706 16.124376 0.267181 0.065248 5.631647 0.052900
22.890200 40.676178 3.825340 10.218420 146.604599 16.419111 0.272433 -0.034517 5.615134 0.053860
23.007202 41.046452 3.781315 10.463519 147.201462 16.677246 0.277029 -0.119278 5.607232 0.052451
23.141205 41.475571 3.709466 10.736273 147.887573 16.979939 0.280912 -0.226390 5.588362 0.054014
23.257208 41.846939 3.630491 10.869626 148.482956 17.248333 0.282034 -0.327640 5.575278 0.054837
23.391211 42.268112 3.546117 10.992871 149.155350 17.556967 0.280461 -0.438207 5.557324 0.054504
23.507214 42.635128 3.472220 11.072540 149.743759 17.831324 0.279205 -0.514093 5.542969 0.053085
23.641216 43.039391 3.384255 11.122972 150.409470 18.147055 0.279957 -0.561983 5.536083 0.051596
23.758219 43.380062 3.324053 11.114756 150.992523 18.428461 0.280816 -0.571043 5.537699 0.049183
23.891222 43.741882 3.277632 11.036358 151.653442 18.753979 0.282239 -0.555216 5.544334 0.047725
24.008224 44.052792 3.264606 10.930565 152.232422 19.044834 0.285429 -0.524049 5.535418 0.047218
24.141228 44.399441 3.267658 10.763716 152.892548 19.383387 0.289011 -0.464078 5.537077 0.045460
24.258230 44.688293 3.286558 10.554811 153.461792 19.679934 0.292068 -0.384919 5.534977 0.044824
24.391233 45.013222 3.332731 10.309822 154.116364 20.026491 0.295232 -0.265012 5.528153 0.043934
24.508236 45.285671 3.389446 10.107055 154.685303 20.334478 0.297705 -0.148686 5.521865 0.041372
24.642239 45.584393 3.487679 9.857897 155.328079 20.690001 0.298765 -0.021126 5.523926 0.040300
24.758242 45.832653 3.574346 9.587307 155.891144 21.006741 0.299627 0.077716 5.522088 0.038977
24.892244 46.113255 3.651567 9.269605 156.528778 21.373062 0.299469 0.171115 5.533494 0.040615
25.009247 46.355431 3.713460 9.008011 157.088394 21.700586 0.298323 0.233861 5.550748 0.035585
25.142250 46.606758 3.757560 8.811905 157.722900 22.080469 0.294781 0.279440 5.567816 0.034081
25.259253 46.824852 3.795995 8.666246 158.280609 22.421219 0.290833 0.295868 5.596259 0.033867
25.392256 47.065754 3.835827 8.538801 158.917114 22.813774 0.285484 0.292234 5.638854 0.032419
25.509258 47.264954 3.839403 8.461486 159.478287 23.164133 0.279152 0.276679 5.665688 0.029563
25.626261 47.467766 3.835328 8.465262 160.039764 23.519556 0.271677 0.257781 5.697234 0.030128
25.759264 47.693806 3.850918 8.415374 160.680786 23.928112 0.262286 0.240995 5.726451 0.029099
25.876266 47.895638 3.850361 8.406620 161.244766 24.291746 0.252660 0.233062 5.742595 0.029549
26.009270 48.104736 3.872220 8.403353 161.889816 24.712965 0.240815 0.226518 5.759437 0.025625
26.126272 48.261410 3.903082 8.349510 162.449203 25.081215 0.231545 0.214359 5.781513 0.023887
26.259275 48.438557 3.925754 8.292933 163.095413 25.510708 0.223177 0.188370 5.793735 0.023675
26.376278 48.596802 3.935400 8.289445 163.658920 25.890198 0.216344 0.161714 5.814878 0.023910
26.510281 48.776226 3.951205 8.322297 164.298309 26.327089 0.209944 0.139326 5.833982 0.021547
26.626284 48.911777 3.956807 8.347431 164.861526 26.714457 0.205617 0.127294 5.848791 0.020313
26.760286 49.067657 3.945739 8.349024 165.502808 27.156723 0.201592 0.106791 5.863790 0.020557
26.877289 49.208572 3.938615 8.348398 166.066132 27.548815 0.199942 0.067720 5.872402 0.021759
27.010292 49.370251 3.937111 8.340883 166.706909 27.997887 0.200768 0.000181 5.890519 0.021127
27.127295 49.505280 3.951000 8.360703 167.271362 28.394442 0.201925 -0.060437 5.899987 0.019452
27.260298 49.652699 3.987424 8.359751 167.917892 28.851131 0.200970 -0.105102 5.918871 0.018027
27.377300 49.768547 4.038046 8.343646 168.478836 29.248318 0.198168 -0.117637 5.931010 0.018176
27.510303 49.898102 4.108347 8.317827 169.128082 29.708992 0.195092 -0.120070 5.949294 0.016671
27.627306 49.998070 4.143559 8.315545 169.697098 30.112524 0.192228 -0.132079 5.964029 0.014971
27.761309 50.107494 4.207871 8.332943 170.344788 30.572865 0.187566 -0.165878 5.982172 0.013125
27.878311 50.190220 4.305924 8.299960 170.916748 30.978052 0.183022 -0.203613 5.999667 0.011430
28.011314 50.256290 4.433349 8.205606 171.567245 31.439142 0.177380 -0.237170 5.993347 0.009037
28.128317 50.310017 4.571691 8.226554 172.138046 31.844685 0.174278 -0.250539 5.982290 0.006727
28.261320 50.356407 4.730176 8.302403 172.787369 32.305073 0.173342 -0.252715 5.981212 0.003158
28.378323 50.394585 4.860317 8.476247 173.357971 32.710377 0.174513 -0.251437 5.985875 0.003423
28.511326 50.438190 4.993978 8.780952 174.012024 33.174564 0.179080 -0.247751 5.993607 0.000436
28.628328 50.470840 5.118072 9.144604 174.580490 33.576626 0.186131 -0.234368 6.011956 -0.001018
28.761332 50.496418 5.271334 9.645542 175.240860 34.040794 0.198694 -0.196468 6.035065 -0.003913
28.879333 50.508881 5.388367 10.128101 175.819901 34.446323 0.210940 -0.142655 6.044945 -0.005663
29.012337 50.529694 5.503436 10.733343 176.480270 34.907104 0.224604 -0.065420 6.062215 -0.003670
29.128340 50.565067 5.589835 11.258353 177.063705 35.311092 0.234305 0.009286 6.067881 -0.000526
29.262342 50.627796 5.681733 11.934851 177.729645 35.770573 0.246318 0.096073 6.092035 0.000013
29.379345 50.692242 5.765889 12.577477 178.317795 36.173901 0.256840 0.167792 6.097187 0.000295
29.512348 50.772980 5.865863 13.365302 178.988205 36.630375 0.266421 0.232978 6.104504 0.001037
29.629351 50.848206 5.943270 14.056729 179.581680 37.028957 0.272714 0.265901 6.111157 -0.000673
29.762354 50.931404 6.034595 14.835888 180.262833 37.482422 0.278246 0.270928 6.101554 0.000121
29.879356 51.011215 6.089392 15.505954 180.852310 37.872223 0.281900 0.250066 6.085497 0.004613
30.012360 51.138882 6.133754 16.236418 181.533249 38.319382 0.285223 0.205554 6.077295 0.007713
30.129362 51.254631 6.160016 16.793297 182.130325 38.706707 0.287256 0.157615 6.085764 0.009916
30.263365 51.407906 6.178126 17.396826 182.810730 39.143753 0.288877 0.103659 6.076263 0.011989
30.379368 51.548561 6.176725 17.915562 183.411270 39.526299 0.291881 0.063502 6.087012 0.013374
30.513371 51.706436 6.157690 18.463514 184.096008 39.959587 0.298257 0.028766 6.093641 0.012955
30.630373 51.843124 6.132427 18.890078 184.698822 40.338829 0.304166 0.006674 6.087630 0.014419
30.763376 52.012531 6.106006 19.299452 185.384369 40.766743 0.311460 -0.007972 6.067992 0.016439
30.880379 52.152363 6.080852 19.603901 185.987518 41.140060 0.318393 -0.008076 6.055754 0.016351
31.013382 52.306431 6.055844 19.874922 186.672989 41.560276 0.327384 0.007389 6.033103 0.016412
31.130384 52.443871 6.031656 20.084288 187.273819 41.926697 0.335747 0.027709 6.004085 0.016864
31.263388 52.594734 6.027231 20.278463 187.961288 42.342793 0.347061 0.044049 5.986725 0.017072
31.380390 52.733383 6.026624 20.431709 188.554703 42.699898 0.357052 0.043903 5.958842 0.019842
31.514393 52.910374 6.026157 20.643164 189.238007 43.108597 0.368864 0.027888 5.934118 0.020471
31.630396 53.071095 6.036647 20.818775 189.834167 43.461464 0.378708 0.006964 5.915121 0.021813
31.764399 53.258583 6.036084 20.977791 190.510895 43.858337 0.389095 -0.014393 5.886959 0.022539
31.881401 53.430122 6.024720 21.083488 191.104706 44.204304 0.396355 -0.023834 5.864742 0.024508
32.014404 53.626171 6.008672 21.158211 191.776627 44.593822 0.404555 -0.019927 5.827419 0.024707
32.131393 53.793148 5.995295 21.157112 192.365738 44.933498 0.410651 -0.007430 5.795464 0.026080
32.264381 53.981731 5.970141 21.147026 193.035797 45.320320 0.415627 0.003670 5.762957 0.024841
32.381371 54.138943 5.938097 21.166958 193.612793 45.653645 0.420497 -0.001820 5.738587 0.023235
32.514359 54.320950 5.883512 21.180384 194.276596 46.035046 0.427495 -0.031345 5.695736 0.023009
32.631348 54.480663 5.814418 21.193512 194.848892 46.362125 0.433716 -0.070025 5.671059 0.023494
32.765335 54.669720 5.713993 21.253376 195.505356 46.738949 0.442333 -0.112408 5.637244 0.024488
32.881325 54.831020 5.599076 21.276377 196.075409 47.066467 0.451412 -0.132984 5.608116 0.024762
33.015312 55.017784 5.446843 21.198505 196.720520 47.437782 0.462070 -0.129993 5.590865 0.026477
33.131302 55.200802 5.276502 21.127733 197.285599 47.763836 0.472533 -0.109106 5.572092 0.028958
33.265289 55.405903 5.065388 21.017294 197.925537 48.134914 0.485244 -0.080214 5.556045 0.028219
33.382278 55.571091 4.877505 20.913286 198.485443 48.461781 0.496223 -0.062888 5.530496 0.024913
33.515266 55.749977 4.657294 20.776489 199.125031 48.835739 0.508507 -0.056470 5.519504 0.024625
33.632256 55.909389 4.476863 20.660072 199.675659 49.160583 0.519000 -0.057522 5.500524 0.026750
33.765244 56.098442 4.278335 20.522072 200.308426 49.537628 0.531384 -0.060704 5.502212 0.024455
33.882233 56.242596 4.125058 20.322227 200.856064 49.865280 0.542078 -0.068318 5.496394 0.023639
34.015221 56.407116 3.970719 20.096504 201.484711 50.245827 0.553911 -0.090694 5.479034 0.023646
34.132210 56.536713 3.844988 19.848423 202.030746 50.580143 0.563878 -0.122148 5.465234 0.020704
34.266197 56.661732 3.706716 19.465719 202.647766 50.960949 0.572620 -0.155650 5.443835 0.018313
34.383186 56.749664 3.605082 19.150759 203.186737 51.298981 0.578555 -0.163373 5.430979 0.014067
34.516174 56.831135 3.510443 18.800653 203.795822 51.686108 0.583120 -0.131944 5.425265 0.011366
34.633163 56.877621 3.447855 18.466888 204.329254 52.028534 0.585412 -0.072386 5.413996 0.009257
34.766151 56.903591 3.386806 17.983557 204.932587 52.420326 0.585103 0.012076 5.405234 0.004316
34.883141 56.890450 3.327592 17.507980 205.460114 52.767765 0.582764 0.082972 5.389498 0.000762
35.001129 56.849094 3.248862 16.999043 205.988800 53.120914 0.579425 0.144021 5.381536 -0.003439
35.134117 56.782829 3.133276 16.409184 206.580139 53.523426 0.574256 0.203305 5.377166 -0.005580
35.251106 56.698021 3.004418 15.818795 207.096252 53.881683 0.568913 0.250682 5.365174 -0.010136
35.384094 56.569107 2.830614 15.065781 207.683868 54.296299 0.561026 0.292953 5.365315 -0.012226
35.501083 56.430515 2.665369 14.351506 208.190430 54.658760 0.553524 0.308529 5.371597 -0.016831
35.634071 56.234650 2.457502 13.377181 208.772675 55.082462 0.543408 0.295990 5.378534 -0.022146
35.751060 56.039539 2.254739 12.511546 209.273087 55.455429 0.532316 0.264564 5.380792 -0.025758
35.885048 55.798168 1.978269 11.543634 209.845947 55.893082 0.519429 0.216424 5.383499 -0.027852
36.001038 55.554237 1.725744 10.614005 210.342880 56.281826 0.506540 0.168911 5.398159 -0.033271
36.135025 55.245922 1.403032 9.447797 210.905457 56.730518 0.490659 0.108961 5.419871 -0.037756
36.252014 54.969219 1.088960 8.394317 211.397049 57.132664 0.476143 0.053962 5.434507 -0.039057
36.385002 54.608978 0.712278 7.106227 211.953079 57.598381 0.458227 -0.001459 5.466224 -0.048197
36.501991 54.253468 0.393755 5.920413 212.438843 58.015911 0.440351 -0.036981 5.483643 -0.052848
36.634979 53.822502 0.023077 4.595703 212.989258 58.504272 0.420158 -0.062166 5.500513 -0.056230
36.751968 53.435707 -0.283051 3.448509 213.463348 58.935211 0.403482 -0.074217 5.538579 -0.059851
36.884956 52.956257 -0.609625 2.066427 214.007187 59.443550 0.384795 -0.078719 5.570062 -0.067163
37.001945 52.503857 -0.840554 0.787860 214.475128 59.892563 0.368658 -0.075078 5.603748 -0.071761
37.135933 51.945736 -1.080505 -0.602045 215.009903 60.423183 0.349307 -0.070935 5.642844 -0.078185
37.251923 51.437756 -1.268628 -1.750397 215.472900 60.896732 0.332690 -0.082348 5.671602 -0.079718
37.385910 50.837769 -1.434848 -3.054744 215.995438 61.445332 0.314780 -0.126139 5.711994 -0.085327
37.502899 50.286137 -1.532730 -4.128794 216.451736 61.937080 0.298516 -0.187409 5.748054 -0.087556
37.635887 49.658012 -1.612012 -5.208975 216.967346 62.505581 0.277808 -0.260371 5.785784 -0.085637
37.752876 49.093918 -1.648646 -6.070560 217.417572 63.013981 0.258218 -0.306694 5.815469 -0.089114
37.885864 48.439770 -1.656826 -7.052227 217.925644 63.600891 0.234534 -0.327286 5.851497 -0.089488
38.002853 47.871914 -1.648360 -7.829705 218.368652 64.124939 0.213310 -0.317486 5.872889 -0.087365
38.135841 47.230068 -1.588422 -8.614028 218.875122 64.730064 0.187273 -0.275942 5.897891 -0.086167
38.252831 46.678894 -1.500937 -9.110971 219.311111 65.259087 0.164330 -0.213539 5.916628 -0.083220
38.386818 46.064095 -1.374352 -9.481869 219.810852 65.874092 0.139689 -0.115286 5.913116 -0.078934
38.502808 45.560528 -1.225731 -9.617947 220.243362 66.414459 0.119136 -0.020045 5.914370 -0.074289
38.636795 45.014980 -1.003729 -9.580364 220.731628 67.030319 0.099307 0.077898 5.905732 -0.067875
38.752785 44.581676 -0.773310 -9.356685 221.159836 67.572426 0.086238 0.145299 5.901766 -0.061478
38.886772 44.143345 -0.476702 -8.908756 221.645416 68.187363 0.076981 0.206083 5.880875 -0.053284
39.003761 43.811024 -0.193726 -8.370575 222.073700 68.725960 0.073726 0.255413 5.880603 -0.046454
39.136749 43.476429 0.151621 -7.622047 222.562408 69.335548 0.074056 0.307886 5.873021 -0.041582
39.253738 43.227215 0.458607 -6.799336 222.995499 69.869347 0.076650 0.338539 5.873980 -0.034988
39.386726 43.008831 0.795422 -5.720836 223.494461 70.478210 0.082893 0.338010 5.868460 -0.026853
39.503716 42.862419 1.059432 -4.758130 223.930176 71.001602 0.090344 0.301501 5.873147 -0.022539
39.637703 42.743858 1.349779 -3.544395 224.439301 71.601906 0.096860 0.225517 5.882065 -0.015416
39.753693 42.686417 1.586040 -2.437701 224.890106 72.122528 0.101732 0.141064 5.892657 -0.010921
39.887680 42.664131 1.825012 -1.118306 225.410675 72.710663 0.106617 0.037786 5.920945 -0.005389
40.004669 42.681389 1.996937 0.107938 225.875183 73.226692 0.111656 -0.048249 5.944499 -0.002310
40.137657 42.733341 2.160578 1.491575 226.411896 73.810623 0.120305 -0.125803 5.977179 0.001984
40.254646 42.796227 2.277758 2.690908 226.891144 74.322891 0.130231 -0.167696 6.007656 0.002895
40.387634 42.881390 2.379321 4.006004 227.446274 74.902321 0.144033 -0.187281 6.048036 0.005227
40.504623 42.975208 2.423004 5.072342 227.942978 75.410591 0.157279 -0.190479 6.091571 0.008229
40.637611 43.085873 2.419000 6.245441 228.523315 75.991241 0.178527 -0.189822 6.153085 0.007643
40.754601 43.181023 2.394063 7.134127 229.036057 76.492699 0.201355 -0.185896 6.201525 0.009779
40.887589 43.291172 2.355309 7.955499 229.639313 77.070206 0.231143 -0.169126 6.257983 0.010566
41.004578 43.384995 2.305391 8.537029 230.175095 77.573959 0.257711 -0.138460 6.309359 0.010608
41.138565 43.487789 2.215453 9.039791 230.794250 78.145485 0.289471 -0.088495 6.355008 0.009799
41.254555 43.561039 2.109864 9.346810 231.348251 78.646591 0.319933 -0.037467 6.408334 0.007909
41.388542 43.619102 1.964277 9.526536 231.989594 79.215752 0.354101 0.024854 6.479061 0.005888
41.505531 43.633499 1.831917 9.531541 232.562927 79.718010 0.385404 0.084265 6.540101 -0.001068
41.638519 43.603432 1.687103 9.404994 233.224609 80.290565 0.419557 0.153946 6.608539 -0.005383
41.755508 43.552902 1.576635 9.202228 233.815720 80.796227 0.446564 0.206403 6.676576 -0.007980
41.888496 43.460030 1.476637 8.794460 234.502258 81.376877 0.471579 0.236702 6.734075 -0.012776
42.005486 43.358051 1.411383 8.323643 235.104111 81.880257 0.490508 0.225023 6.789467 -0.015262
42.139473 43.204659 1.364083 7.687448 235.808701 82.462654 0.505115 0.166784 6.844296 -0.021238
42.255463 43.038101 1.332826 7.042363 236.430588 82.971436 0.512822 0.087754 6.884790 -0.024216
42.389450 42.806107 1.318496 6.252068 237.144043 83.551033 0.515927 -0.012078 6.932134 -0.029969
42.505440 42.557968 1.337898 5.510992 237.777649 84.061943 0.514916 -0.091315 6.974857 -0.037254
42.639427 42.244869 1.374572 4.668517 238.503494 84.643974 0.510285 -0.157640 7.007104 -0.040037
42.756416 41.942947 1.443594 3.892018 239.146286 85.156075 0.504098 -0.190818 7.036142 -0.043071
42.889404 41.568954 1.526043 3.010989 239.881470 85.739723 0.494825 -0.199895 7.073161 -0.047281
43.006393 41.216770 1.587952 2.255782 240.531601 86.254677 0.485680 -0.183463 7.106084 -0.051802
43.139381 40.781567 1.642632 1.434899 241.273514 86.840981 0.475487 -0.137306 7.111240 -0.056676
43.256371 40.369308 1.677955 0.719759 241.928696 87.356140 0.469509 -0.075385 7.134756 -0.059589
43.389359 39.871670 1.708498 -0.050154 242.683228 87.946358 0.467360 0.009389 7.158210 -0.063255
43.506348 39.423969 1.718974 -0.656754 243.345871 88.461723 0.467928 0.080848 7.185927 -0.065278
43.640335 38.886204 1.747349 -1.227440 244.103104 89.047653 0.474049 0.141047 7.208793 -0.070628
43.756325 38.383686 1.757876 -1.595664 244.773422 89.563286 0.483626 0.166322 7.236569 -0.074126
43.890312 37.797314 1.772075 -1.968072 245.540390 90.148247 0.497359 0.164406 7.265228 -0.076540
44.007301 37.273006 1.782947 -2.216908 246.218796 90.662750 0.510615 0.144606 7.286267 -0.077692
44.140289 36.661118 1.791767 -2.421640 246.993912 91.246658 0.526394 0.114004 7.307757 -0.081164
44.257278 36.116623 1.783309 -2.495932 247.677841 91.760033 0.537939 0.085919 7.315386 -0.080848
44.390266 35.493568 1.760106 -2.458215 248.465485 92.345909 0.545250 0.051742 7.334289 -0.081559
44.507256 34.943394 1.731890 -2.348431 249.150940 92.851425 0.546837 0.019608 7.343487 -0.083705
44.640244 34.305717 1.702980 -2.127589 249.944855 93.434570 0.543368 -0.014726 7.353722 -0.083272
44.757233 33.751423 1.704577 -1.893001 250.634262 93.935585 0.537938 -0.031106 7.347833 -0.084135
44.891220 33.115360 1.723644 -1.581518 251.432495 94.511482 0.526946 -0.026140 7.339920 -0.083204
45.007210 32.566429 1.729859 -1.295680 252.129395 95.010712 0.512848 -0.007177 7.319527 -0.083349
45.141197 31.927515 1.717445 -0.956955 252.920776 95.574043 0.493155 0.006516 7.291927 -0.085644
45.258186 31.361828 1.693149 -0.649969 253.615005 96.065987 0.475186 -0.010249 7.255275 -0.085098
45.391174 30.725647 1.652675 -0.330930 254.401993 96.622688 0.456995 -0.070912 7.237427 -0.084232
45.508163 30.165648 1.598209 -0.107481 255.092575 97.108658 0.443545 -0.147659 7.205344 -0.083502
45.625153 29.625505 1.512353 0.060281 255.781387 97.591393 0.431448 -0.223257 7.177643 -0.078327
45.758141 29.025972 1.389694 0.262995 256.561920 98.137283 0.421921 -0.282950 7.143428 -0.079696
45.875130 28.485594 1.268908 0.392846 257.246674 98.612732 0.416981 -0.303122 7.110920 -0.081018
46.008118 27.879742 1.103257 0.419282 258.023895 99.147720 0.416366 -0.291303 7.079670 -0.078829
46.125107 27.370279 0.949388 0.302123 258.706024 99.614006 0.420259 -0.255452 7.049970 -0.074390
46.258095 26.803041 0.800976 0.064252 259.485870 100.142487 0.427392 -0.190331 7.016681 -0.072470
46.375084 26.331991 0.686243 -0.181536 260.158630 100.597939 0.434232 -0.118249 6.990987 -0.068476
46.509071 25.803541 0.563372 -0.585220 260.934174 101.119942 0.440648 -0.027826 6.960034 -0.067033
46.625061 25.354616 0.450470 -1.004315 261.609161 101.572952 0.443170 0.046496 6.935143 -0.066390
46.759048 24.867851 0.324581 -1.507872 262.374359 102.083778 0.441289 0.116946 6.900280 -0.062136
46.876038 24.450056 0.211064 -2.054148 263.046631 102.526939 0.435411 0.166331 6.866155 -0.060464
47.009026 23.994392 0.100817 -2.668271 263.807953 103.026810 0.425394 0.214357 6.834155 -0.058217
47.126015 23.618673 0.030193 -3.248403 264.476074 103.462029 0.413377 0.255095 6.793636 -0.054702
47.259003 23.204838 -0.022848 -3.947894 265.239136 103.953476 0.398342 0.301725 6.756468 -0.052227
47.375992 22.881884 -0.057915 -4.543176 265.896759 104.374016 0.383841 0.337181 6.711183 -0.046285
47.508980 22.541256 -0.086216 -5.165652 266.652069 104.854561 0.368234 0.359355 6.658988 -0.042722
47.625969 22.269625 -0.098024 -5.683145 267.302246 105.264870 0.354824 0.350693 6.610667 -0.038995
47.758957 21.982538 -0.095699 -6.244679 268.050385 105.732643 0.338965 0.304539 6.566817 -0.036506
47.875946 21.752802 -0.083377 -6.679390 268.700378 106.135818 0.327261 0.243026 6.519765 -0.031501
48.009933 21.519766 -0.037773 -7.053995 269.434540 106.589272 0.316050 0.171909 6.463450 -0.029989
48.125923 21.325649 0.007583 -7.298143 270.076599 106.982552 0.306997 0.123502 6.415005 -0.028479
48.259911 21.133795 0.062903 -7.399659 270.802307 107.424362 0.297057 0.084773 6.369186 -0.022681
48.376900 20.991402 0.115785 -7.349295 271.437256 107.807961 0.289246 0.052839 6.318272 -0.019447
48.509888 20.845003 0.142149 -7.190332 272.154816 108.237656 0.282973 0.003522 6.265079 -0.018597
48.626877 20.717886 0.130519 -6.975940 272.783081 108.608932 0.280240 -0.054435 6.216093 -0.018994
48.759865 20.583012 0.108186 -6.616844 273.498077 109.030136 0.280179 -0.129345 6.174698 -0.017211
48.876854 20.486712 0.075398 -6.240530 274.115082 109.390938 0.281853 -0.191560 6.153160 -0.012762
49.010841 20.403915 0.018195 -5.774595 274.826965 109.802727 0.283738 -0.253315 6.131548 -0.008948
49.126831 20.367186 -0.051651 -5.288717 275.443481 110.155647 0.284210 -0.296169 6.116151 -0.003595
49.260818 20.339445 -0.121904 -4.757786 276.156006 110.558159 0.283370 -0.332109 6.099424 -0.004398
49.376808 20.306391 -0.199041 -4.306211 276.777985 110.906509 0.280005 -0.349268 6.090913 -0.005716
49.510796 20.268387 -0.272189 -3.748055 277.485840 111.300110 0.273156 -0.351460 6.087439 -0.004639
49.627785 20.237555 -0.322553 -3.273053 278.110229 111.644234 0.266005 -0.341057 6.095655 -0.003459
49.760773 20.223810 -0.370167 -2.815063 278.822327 112.031342 0.256511 -0.321195 6.095903 -0.000041
49.877762 20.210312 -0.389970 -2.490194 279.450836 112.369682 0.248139 -0.298354 6.097966 -0.001360
50.010750 20.197981 -0.382945 -2.176033 280.172424 112.752464 0.239179 -0.261592 6.093484 -0.000284
50.127739 20.197067 -0.351907 -1.934405 280.798737 113.081993 0.231226 -0.215204 6.104237 -0.000667
50.260727 20.187006 -0.287201 -1.656342 281.523773 113.460945 0.220753 -0.142985 6.105303 -0.000917
50.377716 20.180727 -0.196568 -1.440961 282.153046 113.786949 0.210858 -0.069161 6.110683 -0.000687
50.511703 20.177225 -0.059454 -1.254285 282.881317 114.160683 0.202455 0.020440 6.109239 0.001200
50.627693 20.183031 0.062715 -1.180224 283.518890 114.485344 0.196233 0.096394 6.118500 0.001291
50.761681 20.192728 0.215082 -1.113372 284.244629 114.854485 0.190513 0.177010 6.129959 0.001048
50.878670 20.206928 0.341998 -1.073990 284.883698 115.179321 0.188890 0.242041 6.125349 0.000915
51.011658 20.213236 0.477361 -1.065543 285.611969 115.546776 0.189473 0.306585 6.135834 0.001110
51.128647 20.228157 0.613766 -1.072814 286.255249 115.866699 0.190160 0.350653 6.142296 0.001850
51.261635 20.242018 0.762846 -1.089108 286.994141 116.231087 0.190839 0.380144 6.150967 0.002190
51.378624 20.260098 0.868215 -1.076693 287.636078 116.545715 0.192095 0.384918 6.170874 0.003917
51.511612 20.294167 0.979711 -1.076841 288.381714 116.908607 0.194348 0.369167 6.200957 0.005029
51.628601 20.331593 1.077463 -1.094971 289.029999 117.221458 0.196189 0.342076 6.211547 0.005054
51.762589 20.373013 1.172812 -1.129958 289.784027 117.580124 0.195830 0.298672 6.242407 0.005595
51.878578 20.415079 1.230348 -1.161715 290.446777 117.891701 0.193570 0.249514 6.272238 0.006221
52.012566 20.471308 1.276281 -1.136038 291.205322 118.246178 0.188414 0.182088 6.312818 0.007698
52.129555 20.524458 1.311473 -1.058328 291.876678 118.559486 0.182206 0.119556 6.343148 0.007199
52.262543 20.583742 1.348829 -0.956507 292.643890 118.915184 0.171605 0.058130 6.364716 0.007819
52.379532 20.641214 1.378022 -0.876577 293.323181 119.226593 0.161395 0.018153 6.397001 0.007521
52.513519 20.706306 1.426087 -0.837135 294.111542 119.585472 0.149061 -0.018093 6.428072 0.008548
52.630508 20.759911 1.493692 -0.817229 294.792389 119.893265 0.137555 -0.052966 6.454384 0.007165
52.763496 20.807831 1.589497 -0.829744 295.583649 120.247139 0.124489 -0.107853 6.479287 0.006138
52.880486 20.846579 1.669752 -0.876185 296.271393 120.552185 0.115497 -0.166788 6.491150 0.006101
53.014473 20.891813 1.778931 -0.880855 297.068390 120.905006 0.108069 -0.238112 6.508501 0.005630
53.130463 20.927399 1.888496 -0.946447 297.766113 121.211380 0.103043 -0.293534 6.514181 0.005001
53.264450 20.968473 2.011811 -1.003629 298.561066 121.556107 0.100440 -0.340424 6.514615 0.006064
53.381439 21.007269 2.110874 -1.042880 299.261322 121.857323 0.102232 -0.360764 6.512762 0.006020
53.514427 21.052307 2.226564 -1.046308 300.058350 122.198402 0.108758 -0.353754 6.522765 0.006185
53.631416 21.094185 2.329615 -0.998405 300.760376 122.497887 0.116671 -0.320841 6.526377 0.006073
53.764404 21.151850 2.450869 -0.911945 301.559143 122.835320 0.127758 -0.265343 6.513825 0.007772
53.881393 21.211040 2.560788 -0.755071 302.262390 123.129913 0.137457 -0.218746 6.520507 0.008938
54.014381 21.277069 2.660986 -0.503269 303.070435 123.464806 0.146037 -0.184571 6.530889 0.005793
54.131371 21.329473 2.712198 -0.244137 303.771790 123.754768 0.150022 -0.170074 6.551794 0.005080
54.264359 21.368711 2.728965 0.099243 304.585327 124.089844 0.152584 -0.151932 6.577364 0.002395
54.381348 21.391710 2.715559 0.477358 305.298126 124.383316 0.152611 -0.119070 6.597243 -0.000579
54.515335 21.392399 2.714001 0.854538 306.110413 124.717613 0.150075 -0.058603 6.607954 -0.002586
54.631325 21.392660 2.708961 1.132137 306.827606 125.009544 0.145385 0.005970 6.627259 -0.002092
54.765312 21.405281 2.699635 1.473125 307.646606 125.339348 0.136525 0.081844 6.645851 -0.000158
54.882301 21.419235 2.710325 1.782502 308.369568 125.627296 0.126486 0.149214 6.655031 0.000105
55.015289 21.435177 2.729762 2.126775 309.193359 125.953506 0.114084 0.229866 6.661879 0.000522
55.132278 21.458145 2.760142 2.397785 309.919525 126.238960 0.104130 0.302649 6.678039 0.002684
55.249268 21.484100 2.784686 2.641932 310.647491 126.523392 0.095508 0.369173 6.681421 0.001441
55.382256 21.506859 2.827500 2.858269 311.476654 126.846443 0.087454 0.423199 6.695838 0.002220
55.499245 21.546926 2.895460 2.999127 312.206604 127.128914 0.084260 0.441886 6.689966 0.006392
55.632233 21.597364 2.983094 3.052998 313.042206 127.450272 0.084829 0.425439 6.682083 0.006585
55.749222 21.635679 3.058249 3.001063 313.765625 127.726280 0.086675 0.382171 6.667818 0.007428
55.882210 21.703665 3.127185 3.005644 314.599762 128.045700 0.090561 0.311236 6.663247 0.009239
55.999199 21.777065 3.195688 3.024391 315.321259 128.320892 0.096558 0.243060 6.658071 0.012731
56.133186 21.858946 3.278528 3.023440 316.155853 128.637772 0.104655 0.163714 6.659726 0.009693
56.249176 21.927805 3.316141 3.005528 316.883972 128.914200 0.110783 0.092666 6.655052 0.010053
56.383163 22.010826 3.332960 2.999387 317.710876 129.228638 0.115766 0.008589 6.652706 0.011203
56.500153 22.090624 3.332637 2.977302 318.437378 129.504318 0.118619 -0.063211 6.631973 0.012854
56.633141 22.183929 3.315919 2.907144 319.261902 129.816971 0.118311 -0.131778 6.629002 0.013938
56.750130 22.286568 3.275300 2.799599 319.987335 130.091537 0.116155 -0.176242 6.630805 0.016250
56.883118 22.416769 3.206597 2.653066 320.811890 130.402313 0.112048 -0.212430 6.617475 0.019276
57.000107 22.555149 3.121558 2.558613 321.537231 130.673874 0.107545 -0.235857 6.619457 0.022890
57.134094 22.725712 3.009918 2.459154 322.368256 130.985443 0.099320 -0.252502 6.629588 0.024897
57.250084 22.889141 2.918760 2.329873 323.088593 131.254883 0.090236 -0.255153 6.630620 0.025752
57.384071 23.086798 2.852257 2.154971 323.921112 131.565933 0.078540 -0.249165 6.634094 0.027626
57.501060 23.270380 2.812267 2.009013 324.647430 131.837677 0.069330 -0.247089 6.623402 0.029198
57.634048 23.495226 2.765898 1.898555 325.472809 132.145691 0.060693 -0.259792 6.622866 0.032103
57.751038 23.710800 2.736663 1.812179 326.198242 132.417343 0.053045 -0.283012 6.617215 0.033348
57.884026 23.968901 2.707400 1.698719 327.020752 132.728668 0.047739 -0.309844 6.606226 0.036614
58.001015 24.209393 2.694890 1.580477 327.742981 133.003006 0.046829 -0.320951 6.602910 0.037055
58.134003 24.499468 2.704432 1.502892 328.568207 133.316772 0.048703 -0.309181 6.583330 0.038320
58.250992 24.764933 2.743314 1.531787 329.281219 133.588516 0.052670 -0.273557 6.576599 0.040525
58.383980 25.078720 2.804463 1.596510 330.102905 133.901382 0.057757 -0.199957 6.556711 0.041519
58.500969 25.368172 2.878750 1.675469 330.813354 134.171921 0.063741 -0.110696 6.550926 0.044048
58.634956 25.711552 2.986536 1.719551 331.631836 134.484039 0.071126 0.007792 6.526860 0.046082
58.750946 26.022343 3.094093 1.826402 332.343201 134.757797 0.075840 0.104996 6.504261 0.045203
58.884933 26.381620 3.208645 1.963364 333.147369 135.070358 0.076675 0.189507 6.476812 0.045719
59.001923 26.710844 3.292859 2.091800 333.852631 135.345703 0.074604 0.237869 6.461291 0.049117
59.134911 27.100096 3.363287 2.287387 334.650757 135.658752 0.068127 0.275545 6.435679 0.049598
59.251900 27.449484 3.391479 2.451570 335.349609 135.933945 0.060409 0.306680 6.407803 0.050868
59.384888 27.874771 3.366685 2.688248 336.140656 136.247787 0.051138 0.347208 6.381922 0.055596
59.501877 28.262239 3.318351 2.957688 336.832062 136.525391 0.043940 0.383802 6.357796 0.055906
59.634865 28.720888 3.222917 3.318077 337.618896 136.847305 0.036328 0.416465 6.331701 0.058208
59.751854 29.136087 3.126021 3.654860 338.296722 137.127762 0.031360 0.426585 6.320389 0.060504
59.885841 29.632130 3.019204 3.993528 339.076630 137.453506 0.029425 0.406480 6.296666 0.064038
60.001831 30.084873 2.941059 4.152898 339.754608 137.739075 0.031939 0.355904 6.278045 0.067927
