1.20 1.10 20 64
0.137000 0.013431 0.255538 -0.075565 0.970332 0.000116 -0.135718 -0.479244 6.744166 0.002647
0.256000 0.023191 0.861375 -0.169528 1.768300 0.000480 -0.106386 -0.320108 6.672305 0.001468
0.378000 0.032476 1.748278 -0.258242 2.581796 0.001101 -0.061865 -0.154138 6.557294 0.001044
0.509000 0.039462 2.850424 -0.380244 3.423512 0.000438 -0.010279 0.022616 6.414651 0.002314
0.627000 0.055835 3.906534 -0.511101 4.173225 0.000137 0.032682 0.178030 6.309233 0.004753
0.759000 0.084721 5.067274 -0.599518 4.997563 0.000193 0.068874 0.334003 6.196648 0.004723
0.877000 0.123541 6.031638 -0.642985 5.728603 0.001429 0.087466 0.447547 6.113314 0.006345
1.008001 0.171307 6.935551 -0.682819 6.517531 0.003407 0.092062 0.542394 6.040898 0.008183
1.127000 0.229529 7.613950 -0.684562 7.232791 0.005732 0.082627 0.609249 5.989406 0.008713
1.257000 0.302619 8.145041 -0.670812 8.008159 0.007583 0.058176 0.670078 5.947386 0.011124
1.387000 0.389525 8.440270 -0.711152 8.779625 0.009127 0.020754 0.719306 5.925399 0.012844
1.504000 0.474710 8.497508 -0.729607 9.478239 0.009928 -0.019622 0.747274 5.918303 0.013273
1.633000 0.568990 8.365040 -0.753599 10.236145 0.010834 -0.065610 0.750559 5.927281 0.013720
1.751999 0.655754 8.072680 -0.747703 10.942591 0.012285 -0.105647 0.722169 5.946084 0.012409
1.879999 0.750836 7.609403 -0.754317 11.712519 0.014371 -0.139775 0.653791 5.986803 0.013964
2.008999 0.855741 7.046154 -0.802688 12.482741 0.015191 -0.161022 0.545751 6.039424 0.016161
2.135999 0.971351 6.432550 -0.854937 13.259581 0.014395 -0.169432 0.403707 6.091391 0.016607
2.252000 1.078516 5.858461 -0.897178 13.963319 0.014612 -0.164978 0.259103 6.140552 0.016974
2.380000 1.205122 5.261272 -0.850022 14.754160 0.017362 -0.144734 0.094336 6.204558 0.016363
2.508000 1.340755 4.747190 -0.729844 15.552421 0.021651 -0.110325 -0.062841 6.256264 0.016869
2.636000 1.485447 4.327969 -0.531980 16.355480 0.027371 -0.065589 -0.204480 6.290086 0.018934
2.753000 1.626958 4.049126 -0.261683 17.099606 0.032351 -0.018197 -0.317074 6.314581 0.018176
2.879000 1.770758 3.867905 0.027893 17.896614 0.037694 0.032173 -0.410545 6.334818 0.016726
3.007001 1.914970 3.794927 0.355092 18.702194 0.045278 0.077438 -0.471604 6.352408 0.016927
3.136001 2.059468 3.825392 0.689380 19.522383 0.054058 0.112491 -0.505464 6.362595 0.018207
3.253001 2.202411 3.929481 0.973682 20.266809 0.061621 0.131728 -0.522908 6.360942 0.019270
3.382002 2.362011 4.099885 1.284354 21.088247 0.070156 0.136612 -0.536640 6.373610 0.017920
3.511002 2.511169 4.325270 1.586457 21.910368 0.079018 0.124590 -0.543162 6.374072 0.016694
3.629003 2.654482 4.562609 1.876497 22.663422 0.086037 0.100012 -0.537326 6.387625 0.018703
3.759003 2.818789 4.856667 2.193655 23.492836 0.094621 0.063192 -0.515273 6.378809 0.018985
3.877004 2.969254 5.125056 2.432157 24.251585 0.103041 0.022112 -0.482687 6.370393 0.019983
4.005004 3.123591 5.398441 2.635902 25.058617 0.112360 -0.025436 -0.436683 6.341998 0.016828
4.133005 3.263851 5.644425 2.830049 25.868492 0.122959 -0.070737 -0.378546 6.316008 0.017112
4.251006 3.388257 5.832030 2.953224 26.612196 0.133846 -0.104709 -0.315111 6.292165 0.016231
4.381007 3.523141 5.997127 3.029998 27.428104 0.145056 -0.131751 -0.231776 6.262873 0.016799
4.510008 3.664397 6.112648 3.082253 28.232763 0.158187 -0.145845 -0.128645 6.223694 0.019353
4.629009 3.798692 6.179385 3.081263 28.964535 0.170187 -0.145919 -0.009605 6.185289 0.019353
4.757010 3.938705 6.200531 2.964824 29.759062 0.183966 -0.132972 0.149947 6.139725 0.021010
4.887012 4.084756 6.163797 2.842825 30.554190 0.200453 -0.108261 0.326273 6.102554 0.021592
5.004013 4.221889 6.073864 2.706837 31.266415 0.216035 -0.079007 0.470732 6.080474 0.022219
5.132014 4.364799 5.928039 2.498013 32.048946 0.233266 -0.042054 0.589061 6.059648 0.021437
5.262015 4.510805 5.754339 2.234061 32.829300 0.252434 -0.004713 0.651524 6.049362 0.024085
5.379016 4.650122 5.569326 1.998875 33.541901 0.272383 0.026442 0.667053 6.038716 0.024373
5.509017 4.796344 5.346960 1.767119 34.321259 0.296421 0.053968 0.654083 6.050236 0.021704
5.627018 4.926651 5.132582 1.566781 35.036224 0.319744 0.072273 0.621086 6.073197 0.020971
5.756019 5.055460 4.899757 1.355550 35.821182 0.346507 0.082529 0.556298 6.101213 0.019617
5.885020 5.185009 4.683736 1.159110 36.610226 0.375794 0.084906 0.450778 6.134384 0.019319
6.002021 5.309028 4.492582 1.022364 37.329365 0.403531 0.079485 0.321129 6.162197 0.021258
6.130023 5.450527 4.293737 0.898223 38.126270 0.436215 0.066512 0.155034 6.197628 0.020654
6.259024 5.609889 4.127788 0.786541 38.921097 0.471286 0.047862 -0.010694 6.228544 0.023680
6.376025 5.773860 4.022427 0.689546 39.650948 0.503254 0.029222 -0.143959 6.257867 0.026129
6.505026 5.966204 3.965822 0.604329 40.459255 0.539674 0.010427 -0.261653 6.285024 0.027750
6.634027 6.164847 3.986522 0.506793 41.270805 0.578041 -0.002428 -0.343616 6.306076 0.028108
6.751028 6.349926 4.059072 0.433002 42.013725 0.615386 -0.009024 -0.387643 6.305346 0.027713
6.880029 6.547581 4.163750 0.415273 42.820129 0.657629 -0.010523 -0.409327 6.300945 0.026784
7.009030 6.747248 4.291406 0.452000 43.636761 0.702711 -0.004512 -0.413454 6.286904 0.026643
7.127031 6.936242 4.414011 0.582663 44.370396 0.745791 0.005486 -0.407521 6.277766 0.027554
7.257032 7.157057 4.560589 0.768777 45.183392 0.794974 0.018322 -0.389453 6.257687 0.027508
7.386034 7.385666 4.701193 0.939829 45.993645 0.844378 0.033036 -0.358028 6.237049 0.030136
7.504035 7.600422 4.811996 1.072437 46.720211 0.889384 0.045825 -0.319981 6.212033 0.031607
7.634036 7.861907 4.898982 1.216321 47.525246 0.940156 0.057679 -0.272138 6.197250 0.035068
7.752037 8.114025 4.945888 1.313049 48.254288 0.987354 0.066208 -0.226685 6.185596 0.036310
7.881038 8.381856 4.945872 1.378173 49.056328 1.041164 0.072753 -0.172230 6.182104 0.034930
8.008039 8.650482 4.886077 1.437247 49.833527 1.095053 0.075020 -0.114243 6.182885 0.036229
8.137038 8.923852 4.772591 1.526104 50.629932 1.151798 0.073946 -0.051949 6.194204 0.036171
8.255037 9.182932 4.615466 1.672162 51.359779 1.205400 0.069104 0.005556 6.212119 0.036483
8.385037 9.476304 4.420872 1.851668 52.166950 1.266316 0.062655 0.070354 6.240007 0.037443
8.502037 9.745474 4.227669 2.015553 52.902699 1.323501 0.056694 0.130795 6.261410 0.038635
8.632037 10.022899 4.015433 2.202418 53.709305 1.386643 0.051625 0.199735 6.273879 0.034686
8.761037 10.288609 3.805337 2.386104 54.517113 1.450934 0.047361 0.269306 6.287916 0.033318
8.879037 10.523374 3.637725 2.594930 55.257328 1.512267 0.045345 0.330479 6.298499 0.032935
9.007036 10.782879 3.489852 2.758773 56.068233 1.580613 0.046525 0.390349 6.312056 0.035103
9.134035 11.045582 3.371195 2.917186 56.866901 1.649853 0.049982 0.432388 6.313470 0.034270
9.251035 11.278771 3.299134 3.087848 57.595966 1.714742 0.056567 0.448917 6.309990 0.033590
9.378034 11.542204 3.250283 3.296017 58.393177 1.786695 0.067337 0.441831 6.297634 0.035238
9.505033 11.816059 3.228644 3.517416 59.188110 1.860309 0.080315 0.412818 6.278066 0.035763
9.632031 12.097236 3.219314 3.703248 59.981060 1.935125 0.093557 0.363006 6.268492 0.037661
9.761031 12.386229 3.219071 3.899695 60.784981 2.011094 0.106446 0.284016 6.251858 0.037033
9.878031 12.650176 3.236063 4.071811 61.512516 2.082480 0.115624 0.181626 6.245976 0.038446
10.006030 12.950983 3.258397 4.190351 62.312550 2.163630 0.122353 0.038274 6.225774 0.040272
10.135030 13.250752 3.266687 4.279792 63.104740 2.246047 0.125617 -0.114378 6.216306 0.040567
10.252029 13.527389 3.269421 4.347556 63.827335 2.323778 0.126022 -0.239420 6.208567 0.041160
10.380029 13.835534 3.269363 4.406566 64.617218 2.413412 0.123241 -0.343072 6.210266 0.041263
10.509028 14.143886 3.256610 4.469732 65.412697 2.506439 0.117315 -0.408210 6.208379 0.041304
10.636027 14.448280 3.225939 4.485864 66.195602 2.600240 0.110906 -0.439909 6.212346 0.043092
10.754027 14.733015 3.186035 4.491020 66.922943 2.689344 0.105549 -0.451954 6.211001 0.041454
10.883027 15.034394 3.135372 4.475680 67.717545 2.788785 0.102223 -0.456221 6.204698 0.041100
11.012027 15.347286 3.086946 4.488149 68.510674 2.893085 0.100090 -0.452979 6.200209 0.042453
11.129026 15.643550 3.029908 4.502193 69.235687 2.991829 0.101240 -0.435178 6.200959 0.043773
11.259027 15.960139 2.974075 4.491201 70.028717 3.101592 0.106462 -0.388612 6.207047 0.042042
11.376026 16.239908 2.927515 4.451758 70.747536 3.204605 0.113209 -0.318565 6.209879 0.041804
11.506026 16.545904 2.899348 4.364284 71.546448 3.322126 0.123256 -0.215093 6.212056 0.042563
11.635026 16.864256 2.874100 4.287066 72.344910 3.442237 0.135562 -0.092948 6.210549 0.043098
11.753026 17.140114 2.860795 4.226562 73.063103 3.553978 0.147700 0.022636 6.213661 0.041062
11.883025 17.428841 2.834695 4.159018 73.854607 3.680026 0.160056 0.144165 6.216597 0.040024
12.009024 17.728186 2.824918 4.088134 74.639999 3.808941 0.170512 0.241336 6.221036 0.041154
12.126023 18.000574 2.822582 4.041720 75.351669 3.929148 0.179788 0.297589 6.217718 0.040970
12.255023 18.306646 2.808498 4.028300 76.142639 4.064846 0.187124 0.324078 6.225782 0.041717
12.383022 18.618759 2.783201 3.987677 76.934494 4.202851 0.191400 0.323830 6.233935 0.043139
12.512022 18.936758 2.772613 3.960695 77.720573 4.342105 0.192515 0.311034 6.238300 0.042827
12.629022 19.226761 2.754809 3.961163 78.439354 4.472102 0.190633 0.295663 6.244869 0.043053
12.758021 19.544138 2.730534 3.936923 79.231995 4.618548 0.187499 0.278015 6.251194 0.042019
12.887021 19.847134 2.704553 3.973756 80.024376 4.769000 0.182778 0.260447 6.254118 0.039901
13.004021 20.115759 2.693177 4.009098 80.742775 4.908480 0.179234 0.241560 6.252263 0.040063
13.130019 20.411076 2.690275 4.014009 81.515732 5.060170 0.177681 0.210167 6.251279 0.041156
13.256018 20.699760 2.687897 4.006010 82.287895 5.213695 0.178103 0.163201 6.244342 0.040870
13.384017 21.007118 2.686167 4.013156 83.077339 5.372498 0.181356 0.102449 6.237278 0.041669
13.501017 21.287588 2.664436 4.038761 83.791901 5.518475 0.186564 0.048388 6.231403 0.041751
13.630016 21.606325 2.640642 4.073531 84.578720 5.681233 0.194568 0.000042 6.225381 0.042265
13.759016 21.915247 2.610523 4.100940 85.364639 5.846809 0.204706 -0.036197 6.226203 0.041613
13.876016 22.197037 2.568690 4.168182 86.076195 6.000457 0.215246 -0.063683 6.223962 0.041917
14.006015 22.503504 2.519442 4.252086 86.860390 6.172874 0.227891 -0.092695 6.226314 0.039911
14.133014 22.789165 2.449100 4.326478 87.637947 6.347457 0.240736 -0.120103 6.226150 0.037347
14.261013 23.069021 2.374602 4.421198 88.409531 6.524000 0.252101 -0.144453 6.237491 0.038574
14.377012 23.330042 2.309691 4.529822 89.114540 6.687214 0.260040 -0.163757 6.240547 0.038382
14.502010 23.609402 2.258428 4.672406 89.879997 6.867232 0.267533 -0.177915 6.242743 0.037468
14.631010 23.897959 2.235251 4.800662 90.658028 7.051471 0.273271 -0.176819 6.251101 0.038672
14.760010 24.181623 2.218790 4.911836 91.442551 7.239965 0.278104 -0.153014 6.256389 0.036859
14.877009 24.435453 2.198867 5.015687 92.153748 7.414247 0.281545 -0.114972 6.257307 0.036642
15.006009 24.710264 2.182923 5.142769 92.937508 7.608733 0.284933 -0.067600 6.265613 0.036273
15.134008 24.970707 2.181725 5.291449 93.715317 7.804188 0.286828 -0.027382 6.266806 0.033683
15.262008 25.216003 2.202994 5.418651 94.492516 8.002118 0.288610 -0.000941 6.267384 0.032323
15.377007 25.443281 2.240444 5.471118 95.197021 8.183368 0.289193 0.011979 6.270908 0.034117
15.503005 25.685440 2.298473 5.509578 95.954559 8.381623 0.290935 0.015444 6.258637 0.032742
15.632005 25.924953 2.360763 5.517693 96.734810 8.587952 0.293572 0.006580 6.254011 0.031955
15.761004 26.163754 2.397184 5.484794 97.513336 8.795070 0.296102 -0.014363 6.240518 0.033028
15.878004 26.392866 2.411700 5.509734 98.222809 8.986896 0.299792 -0.039966 6.221234 0.033685
16.006002 26.640894 2.409557 5.567346 98.984436 9.194145 0.305439 -0.066818 6.215839 0.033234
16.133995 26.888494 2.383130 5.612289 99.751236 9.404493 0.311383 -0.085461 6.203480 0.033890
16.250988 27.121317 2.325575 5.671146 100.455589 9.600890 0.317251 -0.092258 6.192750 0.034570
16.378981 27.373411 2.225639 5.686482 101.217690 9.816904 0.323057 -0.090703 6.185884 0.033981
16.504974 27.613846 2.107460 5.713866 101.960609 10.029963 0.327428 -0.083009 6.182912 0.033430
16.631968 27.853655 1.957255 5.741508 102.714783 10.249483 0.333798 -0.067338 6.184256 0.032680
16.758961 28.086315 1.797340 5.751146 103.468887 10.471885 0.340194 -0.037701 6.191707 0.031003
16.875954 28.294239 1.650167 5.736823 104.169640 10.681206 0.346374 0.005596 6.200660 0.031512
17.005945 28.517786 1.486172 5.673342 104.936050 10.913817 0.353242 0.063382 6.213367 0.029420
17.134937 28.725836 1.339949 5.572243 105.702133 11.148347 0.359670 0.114436 6.212448 0.027782
17.251930 28.909538 1.235357 5.500895 106.395638 11.364338 0.366083 0.138863 6.203959 0.026812
17.380922 29.103474 1.164902 5.404175 107.164268 11.608207 0.372699 0.137737 6.203053 0.025217
17.509914 29.284075 1.116728 5.262280 107.919991 11.852390 0.379815 0.118876 6.207394 0.024899
17.635908 29.441992 1.092150 5.123121 108.663406 12.097533 0.386384 0.096191 6.214138 0.020651
17.751902 29.571100 1.090922 5.001557 109.346535 12.327415 0.392135 0.079703 6.213616 0.018947
17.877895 29.704470 1.115420 4.885966 110.088074 12.579613 0.399050 0.065372 6.215237 0.018241
18.006887 29.839035 1.141070 4.824568 110.846649 12.841477 0.404659 0.048089 6.226611 0.018933
18.133881 29.971054 1.198853 4.738180 111.599510 13.103934 0.409119 0.020308 6.226948 0.018730
18.259874 30.101101 1.259848 4.676764 112.338989 13.365154 0.411995 -0.019855 6.223083 0.016861
18.375868 30.197954 1.322628 4.591366 113.019554 13.607920 0.413114 -0.062710 6.231041 0.013644
18.501862 30.293444 1.371985 4.494581 113.758080 13.874670 0.413784 -0.098477 6.232514 0.013449
18.629854 30.380255 1.396999 4.396770 114.501869 14.148046 0.412119 -0.104551 6.243172 0.010933
18.758846 30.447231 1.389312 4.255407 115.257027 14.428185 0.409290 -0.070271 6.246412 0.009020
18.876839 30.503075 1.356205 4.107987 115.947433 14.686539 0.406254 -0.010800 6.247964 0.009122
19.005831 30.561522 1.300685 3.941809 116.701645 14.972576 0.403343 0.067658 6.254416 0.007964
19.134823 30.603813 1.228754 3.771659 117.454788 15.260723 0.399869 0.140813 6.251041 0.004397
19.261816 30.634785 1.143868 3.598457 118.195580 15.547502 0.394872 0.194129 6.256500 0.004793
19.375811 30.660908 1.040172 3.428517 118.865707 15.809417 0.390390 0.218934 6.257631 0.003998
19.503803 30.685373 0.897953 3.238313 119.611069 16.104120 0.386086 0.218352 6.265038 0.002485
19.632795 30.688000 0.760467 2.936752 120.362740 16.402796 0.382866 0.193216 6.270088 -0.001000
19.750788 30.672348 0.628020 2.664118 121.042984 16.676558 0.382352 0.158158 6.262585 -0.002854
19.878780 30.648773 0.479267 2.393654 121.790871 16.981236 0.384791 0.112425 6.261057 -0.002745
20.006773 30.627724 0.330649 2.147860 122.531364 17.286797 0.390402 0.059124 6.259027 -0.003167
20.132767 30.597328 0.198982 1.945820 123.254051 17.588373 0.398779 -0.000285 6.267322 -0.004913
20.260759 30.559858 0.064615 1.766773 123.993484 17.900307 0.410604 -0.063255 6.270943 -0.005045
20.377752 30.528698 -0.063895 1.642958 124.674042 18.191637 0.422624 -0.116687 6.275331 -0.004031
20.504745 30.501328 -0.195157 1.511312 125.405853 18.508747 0.434695 -0.169547 6.284709 -0.003770
20.632738 30.481197 -0.317215 1.416398 126.136543 18.830366 0.446994 -0.223845 6.287104 -0.002691
20.761730 30.458618 -0.434663 1.362660 126.877769 19.159941 0.457005 -0.281861 6.293419 -0.003335
20.878723 30.429989 -0.528481 1.322962 127.549889 19.461630 0.463792 -0.324670 6.297968 -0.004750
21.006716 30.389418 -0.635731 1.300918 128.290283 19.798616 0.467464 -0.343261 6.308265 -0.004444
21.135708 30.363573 -0.723743 1.259303 129.024292 20.135920 0.468449 -0.323245 6.314378 -0.003459
21.252701 30.352537 -0.786940 1.220618 129.694778 20.446445 0.466849 -0.278440 6.317038 -0.000887
21.380693 30.340668 -0.859253 1.222858 130.427490 20.790319 0.462674 -0.213071 6.326896 -0.001850
21.505688 30.330162 -0.936087 1.202900 131.147781 21.134464 0.455694 -0.144540 6.337032 -0.001278
21.634680 30.321495 -1.008707 1.148478 131.879395 21.487091 0.445136 -0.079057 6.353202 -0.001916
21.751673 30.307606 -1.075240 1.067067 132.554459 21.814449 0.433930 -0.031943 6.363399 -0.002414
21.881664 30.295858 -1.145986 1.003631 133.292007 22.175697 0.422887 0.000487 6.364874 -0.002305
22.011658 30.279547 -1.194170 0.920327 134.033539 22.543512 0.413371 0.018149 6.368359 -0.000771
22.128651 30.284157 -1.226559 0.880107 134.698807 22.877287 0.407453 0.033579 6.362957 0.001272
22.256643 30.301748 -1.252566 0.812220 135.425858 23.243940 0.404252 0.061507 6.362992 0.004098
22.386635 30.352129 -1.276596 0.717650 136.162842 23.619041 0.403478 0.101486 6.357474 0.006953
22.504627 30.399950 -1.293126 0.607621 136.829681 23.961506 0.404308 0.140632 6.347663 0.006360
22.633619 30.457197 -1.299001 0.456913 137.562485 24.340816 0.405805 0.180032 6.343935 0.007083
22.750612 30.510933 -1.306074 0.336724 138.213455 24.682047 0.407489 0.211476 6.331824 0.007600
22.879604 30.589224 -1.324937 0.199217 138.934616 25.063515 0.409703 0.247007 6.320128 0.011766
23.008596 30.688757 -1.352920 0.107711 139.652634 25.448755 0.411251 0.289240 6.312653 0.014272
23.126589 30.797098 -1.398057 0.017839 140.307007 25.804007 0.411475 0.334460 6.306530 0.015998
23.255581 30.936344 -1.481868 -0.107201 141.019592 26.195341 0.408665 0.383713 6.297019 0.020386
23.381575 31.091202 -1.597669 -0.185706 141.712372 26.580641 0.402915 0.414026 6.284124 0.021618
23.509567 31.263897 -1.761107 -0.192446 142.418137 26.977510 0.394185 0.408965 6.274633 0.024542
23.627560 31.447773 -1.923145 -0.152631 143.055893 27.339636 0.384130 0.368660 6.263698 0.030077
23.756552 31.680292 -2.109038 -0.101770 143.756241 27.742071 0.371920 0.295003 6.255465 0.032332
23.886543 31.936731 -2.287945 -0.052802 144.458298 28.150272 0.358932 0.202223 6.236984 0.036657
24.003536 32.186977 -2.444188 -0.045022 145.085831 28.520128 0.347816 0.108119 6.213471 0.038684
24.132528 32.477245 -2.599644 -0.078233 145.773163 28.929808 0.336547 -0.010142 6.192910 0.039678
24.260521 32.775620 -2.725547 -0.046615 146.454422 29.343763 0.327509 -0.138097 6.167419 0.040620
24.377514 33.053734 -2.812162 -0.060745 147.061935 29.717854 0.322666 -0.249155 6.138853 0.042343
24.506506 33.360825 -2.897287 -0.121427 147.732269 30.135395 0.318723 -0.353912 6.109815 0.041033
24.635498 33.674313 -2.961487 -0.191713 148.396896 30.555056 0.318528 -0.429948 6.082229 0.042277
24.750492 33.965416 -3.002182 -0.270792 148.989471 30.934816 0.320362 -0.474076 6.055148 0.043505
24.877485 34.297245 -3.012689 -0.354848 149.633682 31.351591 0.322967 -0.498193 6.032669 0.045699
25.006477 34.644073 -2.988816 -0.483439 150.283478 31.776381 0.325696 -0.496792 6.009977 0.045603
25.135469 34.998074 -2.942497 -0.582734 150.923126 32.200531 0.325615 -0.471257 5.983206 0.049081
25.252462 35.333050 -2.894525 -0.639233 151.502777 32.590668 0.323276 -0.434333 5.964771 0.049057
25.380455 35.699806 -2.835295 -0.750168 152.137085 33.023003 0.316215 -0.386294 5.943794 0.050018
25.509447 36.076241 -2.774034 -0.880593 152.767059 33.458225 0.305588 -0.335235 5.929053 0.048763
25.626440 36.404163 -2.702996 -0.998463 153.334915 33.854977 0.291484 -0.285125 5.915065 0.048233
25.756432 36.781185 -2.626259 -1.074775 153.960922 34.299191 0.273425 -0.219995 5.899948 0.051727
25.875425 37.148518 -2.546005 -1.144677 154.530838 34.707813 0.255989 -0.152106 5.887579 0.053938
26.004417 37.546547 -2.419747 -1.257138 155.140411 35.149830 0.236641 -0.072126 5.876438 0.054358
26.132410 37.955048 -2.275309 -1.293823 155.745361 35.594875 0.218115 0.013321 5.859862 0.056798
26.259403 38.380840 -2.108281 -1.321247 156.346115 36.040962 0.201640 0.099758 5.836632 0.058254
26.377396 38.786114 -1.934329 -1.310307 156.891693 36.449520 0.188004 0.178700 5.816363 0.062580
26.507387 39.260929 -1.744604 -1.237728 157.493607 36.903725 0.174885 0.265081 5.792605 0.063694
26.625380 39.696926 -1.580986 -1.235699 158.036392 37.317654 0.164286 0.343080 5.775622 0.065424
26.754372 40.191750 -1.420036 -1.239753 158.626007 37.770737 0.154490 0.433062 5.755082 0.067542
26.884363 40.702042 -1.275991 -1.217301 159.215820 38.228752 0.145778 0.526723 5.737075 0.069503
27.001356 41.185986 -1.165948 -1.157596 159.746994 38.646847 0.139307 0.600908 5.720544 0.073769
27.131348 41.734520 -1.062572 -1.060975 160.322739 39.106697 0.133387 0.648973 5.710495 0.076219
27.259340 42.302299 -0.983017 -0.881892 160.890961 39.565720 0.128153 0.647356 5.706874 0.078832
27.376333 42.845615 -0.930112 -0.684848 161.408752 39.986748 0.123566 0.604638 5.702411 0.082590
27.505325 43.457184 -0.881015 -0.460223 161.977997 40.452499 0.118601 0.526359 5.703916 0.084044
27.633318 44.090019 -0.837984 -0.144672 162.545288 40.920822 0.112519 0.430946 5.697412 0.087727
27.750311 44.674053 -0.810512 0.167796 163.053452 41.343517 0.106981 0.339453 5.696523 0.089437
27.878304 45.340931 -0.768602 0.567942 163.616394 41.815037 0.098421 0.235001 5.690474 0.091771
28.007296 46.016361 -0.708188 1.015220 164.172974 42.284363 0.087154 0.131879 5.683156 0.094263
28.135288 46.718369 -0.622479 1.552882 164.730057 42.759628 0.075832 0.028148 5.672615 0.097291
28.250282 47.353088 -0.515195 2.055611 165.219528 43.181580 0.067404 -0.069515 5.662650 0.098224
28.379274 48.077648 -0.357233 2.694304 165.770218 43.660686 0.058367 -0.196498 5.651398 0.099543
28.509268 48.816521 -0.186654 3.376384 166.312134 44.137257 0.049977 -0.338593 5.632501 0.101368
28.626261 49.506184 -0.003725 4.029083 166.812790 44.581253 0.044573 -0.472462 5.613208 0.101895
28.754253 50.257813 0.223734 4.680304 167.347229 45.058929 0.039885 -0.603154 5.590599 0.102229
28.883245 51.027477 0.454740 5.335170 167.881516 45.540359 0.036029 -0.709141 5.561978 0.103863
29.000240 51.726784 0.651457 5.928718 168.362549 45.976772 0.034706 -0.777575 5.542657 0.103005
29.129232 52.485485 0.847885 6.540008 168.889450 46.458378 0.036083 -0.819511 5.525585 0.099691
29.258224 53.219650 1.032041 7.124508 169.413864 46.940849 0.040416 -0.818703 5.519773 0.097911
29.377218 53.892208 1.189136 7.625834 169.894958 47.386295 0.046179 -0.774512 5.505035 0.096129
29.506210 54.613979 1.340939 8.104564 170.418121 47.873280 0.054773 -0.675817 5.495647 0.094008
29.625202 55.245686 1.459962 8.490184 170.891342 48.315193 0.063077 -0.548626 5.484367 0.089942
29.756193 55.914837 1.567798 8.865313 171.414886 48.807003 0.073003 -0.380528 5.484423 0.086442
29.886185 56.541241 1.672733 9.206261 171.933044 49.296528 0.083013 -0.209074 5.486696 0.081174
30.003178 57.086502 1.770121 9.506135 172.398270 49.738342 0.092409 -0.069792 5.480277 0.079857
30.131170 57.661354 1.877738 9.780161 172.907120 50.221951 0.101580 0.062832 5.488471 0.075763
30.259163 58.210629 1.977225 10.006605 173.419022 50.711533 0.110337 0.185238 5.494525 0.072055
30.376156 58.676983 2.057855 10.162925 173.883591 51.156029 0.119531 0.295696 5.495510 0.067175
30.505148 59.152046 2.145991 10.275672 174.392548 51.641991 0.131647 0.418895 5.500024 0.063227
30.633141 59.605537 2.251851 10.380972 174.903229 52.126842 0.144227 0.532787 5.496046 0.059197
30.751133 59.988815 2.354505 10.478646 175.374161 52.572231 0.157757 0.618704 5.490431 0.054694
30.881124 60.384705 2.472253 10.562692 175.893448 53.061005 0.175094 0.691745 5.481654 0.051412
31.011116 60.743999 2.600231 10.659485 176.413223 53.548847 0.195424 0.751020 5.483604 0.045055
31.129108 61.037323 2.713367 10.758439 176.885757 53.990257 0.214390 0.796263 5.474286 0.041434
31.258101 61.320393 2.822071 10.892150 177.407623 54.474899 0.235461 0.826950 5.479677 0.034393
31.376093 61.542217 2.907497 11.062604 177.877563 54.910294 0.256194 0.819847 5.472052 0.029625
31.505085 61.747208 3.011759 11.292480 178.397583 55.387707 0.280618 0.756864 5.469470 0.023708
31.633078 61.921936 3.098721 11.550884 178.918381 55.863861 0.304420 0.636697 5.475059 0.018840
31.751070 62.039768 3.153921 11.824553 179.392334 56.295033 0.325596 0.495180 5.475399 0.013326
31.879063 62.138447 3.186960 12.153374 179.914566 56.769730 0.349741 0.327166 5.467554 0.009202
32.008057 62.201073 3.183130 12.453151 180.432404 57.240013 0.372832 0.163884 5.466087 0.004631
32.134071 62.234608 3.128262 12.785501 180.941299 57.703686 0.394185 0.010539 5.464303 -0.001427
32.251083 62.217369 3.055383 13.089015 181.414932 58.134514 0.413260 -0.130961 5.480745 -0.007078
32.378098 62.167664 2.940685 13.352723 181.931046 58.603325 0.433609 -0.289604 5.498225 -0.008880
32.506111 62.089821 2.811527 13.559352 182.453247 59.077324 0.453613 -0.453474 5.518832 -0.013358
32.632126 61.980171 2.676371 13.730044 182.972534 59.550228 0.472579 -0.612413 5.544274 -0.018134
32.760139 61.833218 2.533737 13.834279 183.493561 60.026463 0.489700 -0.752163 5.566134 -0.022966
32.877151 61.671242 2.397814 13.859016 183.975586 60.467720 0.503490 -0.850218 5.598406 -0.027086
33.006165 61.447674 2.246405 13.819796 184.514236 60.960903 0.518493 -0.910177 5.632361 -0.033135
33.136177 61.179726 2.110104 13.681066 185.051559 61.453770 0.532317 -0.911878 5.668874 -0.038452
33.252190 60.896683 2.002615 13.480483 185.541840 61.902935 0.544558 -0.870688 5.694274 -0.042421
33.379204 60.562176 1.894465 13.201389 186.071289 62.390163 0.556759 -0.794952 5.722459 -0.047548
33.508217 60.178570 1.799886 12.835629 186.614532 62.892811 0.565659 -0.694264 5.749067 -0.053047
33.625229 59.797848 1.734828 12.441631 187.107712 63.351879 0.571440 -0.582782 5.763935 -0.056059
33.752243 59.342117 1.684038 11.936887 187.646332 63.859203 0.574531 -0.432284 5.794197 -0.063994
33.880257 58.842690 1.647310 11.351686 188.179764 64.366920 0.573396 -0.254300 5.802897 -0.067448
34.010269 58.298752 1.601062 10.674744 188.724075 64.892380 0.569151 -0.056976 5.829476 -0.073370
34.128281 57.755711 1.531325 9.969217 189.217484 65.373642 0.564096 0.117885 5.850742 -0.080343
34.259293 57.111893 1.437913 9.157137 189.763458 65.914253 0.558060 0.296150 5.880236 -0.085243
34.377304 56.498360 1.320866 8.346715 190.254578 66.407837 0.552329 0.437055 5.915147 -0.088591
34.508316 55.796940 1.143018 7.392085 190.800232 66.962944 0.544865 0.571136 5.957608 -0.092678
34.626328 55.128067 0.965434 6.437075 191.291504 67.469185 0.536601 0.665684 5.992796 -0.099620
34.755341 54.340847 0.739995 5.307630 191.827637 68.029762 0.525586 0.738359 6.029388 -0.107303
34.885353 53.507221 0.480793 4.109320 192.368057 68.602577 0.513955 0.780757 6.075906 -0.112149
35.003365 52.718662 0.214515 2.945336 192.862930 69.134003 0.502943 0.794374 6.119497 -0.117578
35.133377 51.827942 -0.096745 1.603744 193.399612 69.717194 0.491294 0.781292 6.163809 -0.122397
35.259392 50.920025 -0.427567 0.234923 193.927979 70.298851 0.478543 0.734407 6.205985 -0.128451
35.375404 50.067005 -0.744697 -1.044740 194.405853 70.832191 0.464435 0.659301 6.238727 -0.133608
35.505417 49.074997 -1.123161 -2.558722 194.945190 71.441902 0.449402 0.538381 6.275857 -0.138085
35.633430 48.068310 -1.520916 -4.112259 195.477982 72.054352 0.433534 0.388459 6.308115 -0.143048
35.751442 47.141968 -1.886736 -5.499053 195.958344 72.616692 0.419992 0.234161 6.328503 -0.145816
35.880455 46.106384 -2.270526 -6.971688 196.486176 73.241081 0.405663 0.050571 6.344005 -0.147594
36.009468 45.059147 -2.612387 -8.373599 197.011749 73.868309 0.391952 -0.136066 6.341003 -0.149900
36.127480 44.107262 -2.889435 -9.528841 197.487015 74.444778 0.381686 -0.292302 6.325405 -0.147595
36.256493 43.078175 -3.109496 -10.646072 198.000565 75.076202 0.373974 -0.430005 6.290589 -0.147015
36.385506 42.058750 -3.249208 -11.623543 198.512146 75.709801 0.367914 -0.520362 6.241003 -0.142225
36.502518 41.169102 -3.310673 -12.315442 198.966751 76.277390 0.363305 -0.561021 6.193136 -0.135850
36.630531 40.228992 -3.300116 -12.858754 199.456314 76.894791 0.358086 -0.576294 6.125742 -0.129522
36.761543 39.320084 -3.203098 -13.220463 199.945770 77.514542 0.351233 -0.577402 6.039179 -0.122059
36.878555 38.546741 -3.040333 -13.464962 200.379669 78.064285 0.344111 -0.573352 5.956065 -0.114058
37.007568 37.740341 -2.778597 -13.625148 200.850632 78.661682 0.333148 -0.560338 5.858835 -0.107108
37.136581 36.985958 -2.470201 -13.715289 201.314133 79.249336 0.320116 -0.528232 5.759040 -0.098718
37.254593 36.348644 -2.143851 -13.688387 201.730515 79.778427 0.306572 -0.476077 5.663193 -0.090416
37.384605 35.706882 -1.750712 -13.594056 202.182617 80.349762 0.288088 -0.393380 5.561625 -0.080998
37.500618 35.193974 -1.387172 -13.414936 202.584198 80.854546 0.269645 -0.304726 5.476462 -0.072774
37.628632 34.701344 -0.989780 -13.108137 203.016617 81.396729 0.248581 -0.202449 5.380004 -0.062302
37.755646 34.286976 -0.613962 -12.702197 203.437363 81.920006 0.227692 -0.106282 5.292455 -0.052430
37.885658 33.924179 -0.258775 -12.144094 203.871658 82.453423 0.207350 -0.012569 5.215366 -0.043761
38.006668 33.656647 0.008433 -11.540807 204.261414 82.924614 0.190719 0.073157 5.158369 -0.036011
38.134682 33.412663 0.232289 -10.786433 204.692917 83.439247 0.174977 0.181895 5.102948 -0.029326
38.252693 33.243992 0.379018 -9.984295 205.080368 83.896309 0.163629 0.292935 5.054482 -0.023154
38.382706 33.111248 0.500896 -9.085975 205.508453 84.391602 0.153234 0.418181 5.021531 -0.015016
38.500717 33.046349 0.580825 -8.185424 205.899155 84.834999 0.146192 0.513842 4.999183 -0.008590
38.630730 33.033222 0.657449 -7.067526 206.333527 85.318039 0.139902 0.582872 4.997252 -0.000036
38.760742 33.087082 0.725023 -5.875730 206.770142 85.792534 0.137213 0.606746 5.002286 0.008870
38.877754 33.182926 0.771598 -4.751453 207.171463 86.219452 0.137214 0.592836 5.016145 0.014879
39.003769 33.345005 0.841123 -3.508819 207.614258 86.679695 0.139351 0.547621 5.033946 0.023191
39.133781 33.563427 0.925363 -2.288288 208.072586 87.143372 0.143036 0.478939 5.074080 0.030409
39.250793 33.816853 1.004998 -1.133947 208.500198 87.566490 0.146542 0.405345 5.114292 0.037323
39.376808 34.143356 1.117072 0.113947 208.966202 88.017654 0.150380 0.319994 5.172598 0.044109
39.503822 34.504478 1.245337 1.338906 209.441986 88.468750 0.154164 0.229128 5.224704 0.048503
39.632835 34.911762 1.393970 2.556730 209.938889 88.930679 0.157447 0.124310 5.284424 0.053588
39.761848 35.353222 1.578282 3.690070 210.446198 89.392609 0.160358 0.007339 5.343149 0.057504
39.878860 35.792236 1.768739 4.649407 210.915512 89.812378 0.162943 -0.102817 5.408980 0.062861
40.007874 36.313416 1.994710 5.625292 211.444473 90.274841 0.165724 -0.215592 5.475548 0.068500
40.133888 36.860165 2.224726 6.491292 211.976486 90.730858 0.167660 -0.304066 5.547258 0.072456
40.259903 37.425758 2.472151 7.178566 212.515030 91.183426 0.167280 -0.366965 5.609396 0.075707
40.376915 37.976860 2.710297 7.710158 213.023941 91.604317 0.166263 -0.409281 5.667281 0.080244
40.505928 38.610687 2.945925 8.203193 213.594818 92.069183 0.165078 -0.449333 5.737401 0.084375
40.635941 39.268032 3.154113 8.537191 214.174316 92.537308 0.163390 -0.487375 5.804373 0.087819
40.752953 39.872780 3.317027 8.708128 214.707626 92.963791 0.162720 -0.516032 5.857391 0.089312
40.881966 40.557095 3.472868 8.818051 215.308319 93.439415 0.161872 -0.532890 5.918467 0.091905
41.009979 41.233772 3.609454 8.846341 215.903931 93.905563 0.161847 -0.528413 5.978628 0.093182
41.135994 41.914146 3.736394 8.778363 216.508255 94.372650 0.164906 -0.505174 6.036050 0.094254
41.253006 42.531029 3.841449 8.634274 217.066772 94.800232 0.169936 -0.467370 6.079660 0.093739
41.383018 43.205822 3.940776 8.367062 217.698380 95.280884 0.176161 -0.399477 6.127674 0.092975
41.501030 43.806335 3.999737 8.077152 218.278885 95.718658 0.182353 -0.306565 6.181290 0.091379
41.628044 44.442974 4.038601 7.758161 218.910507 96.191208 0.190624 -0.174054 6.234727 0.090814
41.758057 45.100117 4.044582 7.477513 219.563431 96.676048 0.201704 -0.017975 6.271998 0.089743
41.876068 45.683243 4.037750 7.301959 220.159744 97.118004 0.213209 0.121939 6.298869 0.087005
42.006081 46.318951 4.031141 7.159813 220.821548 97.605247 0.226639 0.260509 6.338886 0.086589
42.136093 46.950001 4.028584 7.003328 221.488480 98.091606 0.241229 0.380637 6.358709 0.086173
42.252106 47.517845 4.025344 6.919066 222.086472 98.524872 0.254809 0.476233 6.368720 0.086200
42.379120 48.137951 4.039466 6.902166 222.748047 99.002625 0.268834 0.571427 6.379026 0.083352
42.507133 48.734413 4.062700 6.988529 223.406723 99.475662 0.282267 0.649293 6.393976 0.080869
42.637146 49.330723 4.088751 7.202897 224.083847 99.957787 0.293351 0.697522 6.395907 0.077382
42.753159 49.853558 4.106356 7.481368 224.690414 100.385925 0.301606 0.700868 6.403997 0.074507
42.880173 50.420364 4.138495 7.820580 225.361816 100.855728 0.309533 0.655276 6.395156 0.072296
43.009186 50.968586 4.180060 8.246604 226.033661 101.321922 0.316371 0.563321 6.375476 0.068382
43.127197 51.460934 4.227122 8.763659 226.655975 101.751053 0.322650 0.451228 6.335451 0.065498
43.256210 51.993507 4.255135 9.455956 227.328201 102.213127 0.331659 0.317745 6.316479 0.064958
43.387222 52.519321 4.273003 10.214566 228.004944 102.674400 0.341405 0.183569 6.284781 0.062092
43.504234 52.986637 4.265780 10.981339 228.611847 103.086113 0.350665 0.070743 6.256994 0.059702
43.630249 53.476074 4.230108 11.826780 229.263596 103.526680 0.360834 -0.042099 6.231191 0.057922
43.759262 53.955914 4.165936 12.745138 229.928467 103.973495 0.373938 -0.149438 6.195080 0.053488
43.876274 54.375332 4.085749 13.613899 230.528259 104.374397 0.386661 -0.243676 6.146284 0.051172
44.005287 54.811481 3.971341 14.603763 231.185883 104.812943 0.400689 -0.348270 6.112638 0.048154
44.133301 55.229408 3.847019 15.578789 231.838455 105.249161 0.415781 -0.448504 6.065961 0.047218
44.259315 55.618660 3.713179 16.419945 232.467682 105.668129 0.431563 -0.527363 6.028863 0.045076
44.376328 55.954910 3.588364 17.140022 233.052383 106.056831 0.446984 -0.571551 5.978736 0.040302
44.505341 56.270725 3.459082 17.844547 233.697571 106.485184 0.466506 -0.578515 5.940275 0.034145
44.635353 56.543339 3.338116 18.416428 234.332825 106.907753 0.488564 -0.542533 5.893616 0.030805
44.753365 56.756088 3.246073 18.842749 234.910141 107.292511 0.510502 -0.481430 5.865987 0.025657
44.883377 56.944981 3.143575 19.243229 235.542862 107.714409 0.537333 -0.398098 5.840615 0.021386
45.001389 57.078262 3.053827 19.452248 236.114944 108.096107 0.561769 -0.322059 5.817245 0.015696
45.131401 57.174026 2.931495 19.532082 236.742081 108.516113 0.587954 -0.249641 5.796979 0.011069
45.260414 57.234135 2.811645 19.464680 237.361313 108.932457 0.614279 -0.193161 5.776578 0.006568
45.378426 57.255196 2.677265 19.307352 237.924637 109.314247 0.637919 -0.148284 5.755927 0.002822
45.508438 57.242748 2.514341 19.010115 238.541565 109.736275 0.662259 -0.091867 5.741766 -0.002512
45.636452 57.186798 2.339648 18.503756 239.149918 110.158066 0.683570 -0.016814 5.738864 -0.007022
45.753464 57.097118 2.183775 17.965837 239.694351 110.539452 0.701000 0.067642 5.726350 -0.012946
45.882477 56.937054 2.010482 17.223392 240.296921 110.967186 0.717723 0.171719 5.730283 -0.020724
46.010490 56.721180 1.847835 16.396864 240.892914 111.396034 0.729743 0.269857 5.741189 -0.028250
46.128502 56.487087 1.692097 15.540917 241.441544 111.795059 0.739042 0.344842 5.755265 -0.032754
46.257515 56.178608 1.519934 14.435866 242.041092 112.235947 0.747255 0.406977 5.775026 -0.041241
46.385529 55.811764 1.330409 13.223379 242.639084 112.681503 0.752908 0.447510 5.788887 -0.049357
46.501541 55.436146 1.154186 12.098307 243.171539 113.083595 0.755426 0.463804 5.809509 -0.055820
46.628555 54.981449 0.949543 10.774705 243.764359 113.535774 0.757435 0.457291 5.835640 -0.062288
46.755569 54.473175 0.728095 9.376245 244.351715 113.991501 0.758728 0.423569 5.869158 -0.070527
46.885582 53.902096 0.483132 7.910116 244.952637 114.465782 0.759387 0.367007 5.908279 -0.078286
47.002594 53.342236 0.240107 6.547715 245.488739 114.896042 0.759770 0.306600 5.937748 -0.086396
47.129608 52.676392 -0.060407 5.031870 246.074799 115.374756 0.759396 0.235042 5.977039 -0.094574
47.258621 51.948833 -0.376603 3.454922 246.672058 115.868279 0.759225 0.158182 6.024460 -0.102347
47.387634 51.169498 -0.707957 1.826740 247.269913 116.369598 0.758732 0.077664 6.066304 -0.111383
47.503647 50.412720 -1.018604 0.318721 247.812592 116.830917 0.756348 0.003936 6.104355 -0.119129
47.632660 49.551147 -1.375985 -1.316376 248.406815 117.343201 0.751576 -0.072078 6.146703 -0.124499
47.760674 48.635521 -1.747213 -2.870085 249.006210 117.868011 0.745842 -0.138058 6.194427 -0.132183
47.886688 47.708126 -2.120086 -4.271553 249.586349 118.385910 0.740288 -0.191407 6.237185 -0.137853
48.003700 46.812569 -2.477634 -5.514545 250.128220 118.878357 0.735006 -0.234760 6.271122 -0.143221
48.132713 45.793133 -2.875514 -6.812560 250.724640 119.430099 0.729298 -0.277586 6.312686 -0.148473
48.261726 44.730072 -3.261268 -8.010118 251.322464 119.994080 0.722392 -0.313597 6.326576 -0.152725
48.378738 43.748173 -3.585425 -8.970099 251.857635 120.507996 0.713782 -0.335207 6.345608 -0.156557
48.508751 42.630867 -3.897060 -9.880694 252.444489 121.080093 0.701933 -0.342162 6.354471 -0.161141
48.636765 41.488304 -4.174552 -10.728759 253.022293 121.651337 0.688704 -0.328650 6.342280 -0.164711
48.754776 40.418221 -4.397381 -11.350612 253.549118 122.180687 0.675871 -0.299763 6.312215 -0.165325
48.882790 39.233456 -4.600808 -11.851551 254.117279 122.759865 0.662742 -0.254035 6.269934 -0.165857
49.012802 38.041359 -4.721863 -12.180888 254.677719 123.336594 0.648199 -0.200253 6.210571 -0.165013
49.127815 36.966888 -4.778875 -12.420434 255.172836 123.852882 0.634482 -0.149004 6.135152 -0.163071
49.256828 35.800804 -4.792212 -12.569758 255.708420 124.418472 0.617304 -0.086977 6.041774 -0.158131
49.383842 34.662598 -4.767729 -12.591216 256.232208 124.976326 0.597371 -0.013675 5.926659 -0.152247
49.501854 33.646023 -4.716517 -12.549613 256.704102 125.483009 0.575721 0.064530 5.821308 -0.148473
49.629868 32.591209 -4.647187 -12.475186 257.198700 126.018486 0.549184 0.153378 5.685219 -0.141622
49.758881 31.542610 -4.565436 -12.385126 257.691589 126.555176 0.519697 0.231739 5.547410 -0.138220
49.876892 30.630592 -4.515744 -12.340993 258.122528 127.027771 0.493137 0.273558 5.408174 -0.134017
50.005905 29.655039 -4.503572 -12.330196 258.587494 127.540703 0.465180 0.279544 5.263860 -0.128265
50.135918 28.740688 -4.547899 -12.377819 259.034698 128.037689 0.438606 0.249325 5.115854 -0.121323
50.261932 27.897539 -4.637614 -12.422903 259.460785 128.514771 0.411530 0.203797 4.980288 -0.113330
50.378944 27.169523 -4.740797 -12.413885 259.842041 128.943863 0.387497 0.164259 4.854005 -0.103926
50.508957 26.431828 -4.883383 -12.397826 260.251190 129.403519 0.363146 0.130816 4.715079 -0.095524
50.637970 25.752449 -5.048882 -12.319633 260.648438 129.850342 0.340744 0.100660 4.576897 -0.086881
50.754982 25.184004 -5.213736 -12.172568 261.002258 130.247375 0.322254 0.065440 4.457354 -0.078095
50.882996 24.627361 -5.377354 -11.967196 261.374786 130.662918 0.303968 0.016340 4.350292 -0.069085
51.009010 24.141272 -5.486080 -11.712026 261.739624 131.066620 0.287469 -0.034738 4.245996 -0.059297
51.129021 23.743103 -5.527616 -11.444067 262.079742 131.437408 0.273364 -0.071492 4.158280 -0.049594
51.258034 23.383741 -5.484092 -11.063817 262.442474 131.824005 0.259379 -0.090994 4.078406 -0.038295
51.387047 23.105644 -5.323152 -10.545196 262.799622 132.197098 0.245545 -0.092928 4.007295 -0.025663
51.504059 22.919350 -5.066145 -10.033591 263.124359 132.529190 0.234982 -0.084530 3.948341 -0.018079
51.633072 22.787411 -4.656283 -9.413631 263.482513 132.885010 0.225617 -0.066302 3.894000 -0.006686
51.763084 22.717365 -4.119992 -8.667377 263.844849 133.232468 0.215355 -0.037043 3.842427 0.001435
51.877098 22.714344 -3.552350 -7.928532 264.167023 133.531067 0.205822 -0.004452 3.807404 0.010777
52.004112 22.784422 -2.875260 -7.016056 264.522644 133.851471 0.192059 0.029242 3.793818 0.020740
52.130127 22.928516 -2.137355 -6.030316 264.885071 134.166550 0.176453 0.047904 3.776245 0.028940
52.259140 23.129269 -1.354743 -4.995539 265.255249 134.476807 0.157548 0.043210 3.770047 0.033900
52.388153 23.388815 -0.569929 -3.886264 265.634521 134.782425 0.135996 0.018935 3.782034 0.039950
52.505165 23.668095 0.128784 -2.803197 265.984985 135.054108 0.114830 -0.008868 3.796377 0.042813
52.634178 24.008053 0.859350 -1.605922 266.379059 135.348236 0.090081 -0.034773 3.824445 0.045565
52.763191 24.401182 1.523862 -0.431573 266.781494 135.639740 0.065345 -0.050058 3.870565 0.051846
52.880203 24.791630 2.086155 0.682616 267.154785 135.900909 0.045942 -0.055889 3.914503 0.054482
53.008217 25.254251 2.636127 1.874112 267.573120 136.185074 0.030307 -0.055863 3.980498 0.058658
53.137230 25.751234 3.109960 2.954888 268.006378 136.469589 0.018654 -0.048815 4.049638 0.061152
53.255241 26.232853 3.482067 3.902631 268.413116 136.729935 0.013121 -0.034771 4.127138 0.065705
53.385254 26.805956 3.822806 4.901418 268.873322 137.017761 0.013828 -0.011841 4.214858 0.070820
53.503265 27.357056 4.072946 5.742111 269.306030 137.282730 0.021300 0.012727 4.299334 0.073553
53.631279 27.965286 4.286869 6.530558 269.782471 137.565643 0.036799 0.040110 4.402249 0.076166
53.759293 28.602886 4.449215 7.222696 270.276215 137.853638 0.056757 0.066517 4.514227 0.082144
53.887306 29.271917 4.561979 7.815699 270.784485 138.145203 0.081995 0.085645 4.626541 0.085953
54.003319 29.885504 4.638370 8.236928 271.261780 138.414200 0.106276 0.087879 4.722138 0.087376
54.132332 30.571869 4.707078 8.558090 271.798859 138.711594 0.133457 0.064125 4.842019 0.091231
54.260345 31.259174 4.764413 8.773761 272.349304 139.014679 0.158762 0.010787 4.956693 0.092299
54.377357 31.884502 4.813295 8.858420 272.864716 139.296463 0.178084 -0.055176 5.066206 0.093662
54.506371 32.579536 4.871348 8.820954 273.448029 139.611877 0.194847 -0.127919 5.195888 0.096046
54.634384 33.294815 4.942890 8.681650 274.045715 139.931000 0.206599 -0.182615 5.304514 0.100869
54.763397 34.015602 5.043700 8.454429 274.651947 140.252701 0.212265 -0.208976 5.400764 0.101622
54.880409 34.688599 5.165012 8.203179 275.216431 140.551193 0.211857 -0.210403 5.496062 0.104877
55.008423 35.422577 5.360559 7.857556 275.845459 140.881470 0.206347 -0.195779 5.586700 0.103598
55.137436 36.163990 5.588432 7.479557 276.490204 141.217896 0.195804 -0.170532 5.669758 0.107409
55.253448 36.849037 5.812375 7.146282 277.082214 141.525665 0.182585 -0.142218 5.723814 0.107626
55.382462 37.614849 6.059007 6.798976 277.737213 141.863861 0.165846 -0.104006 5.778102 0.110579
55.511475 38.404591 6.307075 6.430406 278.401794 142.206802 0.148838 -0.057426 5.813418 0.113025
55.627487 39.133659 6.511384 6.133993 279.008209 142.519638 0.135267 -0.009044 5.841531 0.114545
55.756500 39.942165 6.704309 5.910831 279.672485 142.864182 0.123092 0.050510 5.849930 0.114356
55.885513 40.779114 6.844550 5.797722 280.343262 143.211960 0.113512 0.115930 5.857526 0.116940
56.012527 41.637405 6.946970 5.891737 281.007751 143.559464 0.107376 0.181858 5.857499 0.115195
56.129539 42.431194 7.005124 6.155043 281.609406 143.875595 0.105255 0.236608 5.856452 0.114078
56.257553 43.338421 7.026990 6.612037 282.276886 144.228348 0.105881 0.287145 5.851073 0.116496
56.385567 44.275265 6.990793 7.180505 282.936920 144.579849 0.108781 0.325162 5.836299 0.118879
56.503578 45.157059 6.914428 7.765644 283.538422 144.900848 0.111230 0.350447 5.823176 0.122410
56.632591 46.144394 6.785014 8.498347 284.199768 145.254547 0.114230 0.365565 5.811909 0.120879
56.761604 47.130936 6.633060 9.373254 284.858490 145.608368 0.118333 0.361801 5.780910 0.119551
56.879616 48.048187 6.471604 10.269889 285.456116 145.932541 0.121031 0.338083 5.749491 0.120232
57.008629 49.053474 6.293598 11.368934 286.105499 146.287292 0.123454 0.291611 5.725278 0.119754
57.137642 50.051647 6.104513 12.528193 286.751373 146.640961 0.125500 0.228941 5.690595 0.116861
57.255653 50.959152 5.960073 13.651076 287.338013 146.963226 0.125765 0.160929 5.653863 0.116673
57.385666 51.959641 5.828923 14.947932 287.978363 147.317566 0.125908 0.071604 5.611102 0.117465
57.502678 52.862858 5.736531 16.115179 288.553711 147.636902 0.125607 -0.023143 5.554765 0.115503
57.631691 53.841522 5.664618 17.408520 289.171448 147.982498 0.124740 -0.133484 5.517031 0.116559
57.756706 54.792801 5.623215 18.636082 289.773682 148.321182 0.124956 -0.235196 5.460666 0.112809
57.885719 55.729469 5.613271 19.846029 290.378418 148.662994 0.127353 -0.319737 5.403805 0.110449
58.003731 56.585972 5.638375 20.959396 290.933258 148.979980 0.130815 -0.378669 5.345866 0.108655
58.132744 57.495651 5.709103 22.148357 291.522644 149.319305 0.136855 -0.428355 5.295103 0.106888
58.262756 58.403049 5.849565 23.300613 292.113708 149.662186 0.145852 -0.469091 5.233378 0.106015
58.379768 59.202774 6.011674 24.234913 292.641113 149.967987 0.156014 -0.493247 5.194374 0.104759
58.509781 60.068939 6.207967 25.177912 293.221466 150.304810 0.170024 -0.494385 5.136268 0.100895
58.627792 60.834782 6.383251 25.950586 293.741180 150.608795 0.183708 -0.462236 5.081109 0.100825
58.756805 61.653477 6.564960 26.656662 294.304108 150.938995 0.199436 -0.390203 5.039831 0.099966
58.886818 62.461445 6.732998 27.269089 294.870331 151.272491 0.217562 -0.292474 4.999834 0.095962
59.004829 63.154922 6.875798 27.761177 295.376770 151.571457 0.236244 -0.206654 4.972468 0.090909
59.134842 63.852596 7.018566 28.231316 295.927185 151.896561 0.260518 -0.136515 4.952088 0.083342
59.263855 64.490044 7.133654 28.655602 296.474152 152.220093 0.286518 -0.095228 4.916651 0.076663
59.382866 65.035477 7.199548 29.005802 296.976563 152.518097 0.312104 -0.066097 4.899298 0.071231
59.512878 65.588425 7.211455 29.373167 297.523468 152.843521 0.342244 -0.016652 4.891960 0.065892
59.628891 66.044350 7.169952 29.609461 298.010986 153.134048 0.369874 0.056806 4.890409 0.062539
59.755905 66.500214 7.070986 29.831894 298.544983 153.452393 0.400022 0.162931 4.902624 0.054969
59.885918 66.905724 6.919712 30.080549 299.092773 153.778641 0.432508 0.277046 4.903518 0.045853
60.003929 67.224197 6.748274 30.321634 299.590759 154.075821 0.462246 0.365107 4.921920 0.040669
