1.20 1.10 20 64
0.140000 0.006748 0.179118 -0.122226 1.028675 0.000586 -0.136641 -0.006919 6.736733 0.001366
0.257000 0.002610 0.628214 -0.269464 1.813267 0.000826 -0.083397 0.121615 6.675880 -0.002609
0.390000 -0.005355 1.382669 -0.382751 2.692894 0.000756 0.019150 0.270473 6.570704 -0.001051
0.507000 -0.007869 2.190938 -0.468338 3.455541 0.000278 0.129889 0.389847 6.480553 -0.000258
0.640000 -0.014015 3.189369 -0.562025 4.316067 -0.002117 0.262801 0.500782 6.380701 -0.000318
0.757000 -0.015056 4.055796 -0.628736 5.052636 -0.005489 0.370285 0.568161 6.330552 0.000817
0.890000 0.005169 4.993660 -0.665831 5.897587 -0.009611 0.471771 0.606228 6.293219 0.003370
1.007000 0.034252 5.735824 -0.644247 6.633044 -0.013743 0.532026 0.602441 6.282974 0.004881
1.141000 0.091242 6.450525 -0.611691 7.471437 -0.018776 0.564413 0.562306 6.319892 0.007635
1.257000 0.143341 6.936891 -0.623475 8.212836 -0.023602 0.560319 0.505288 6.354228 0.007785
1.391000 0.203315 7.307380 -0.612042 9.061207 -0.029392 0.521540 0.422278 6.406664 0.007755
1.508000 0.265126 7.470823 -0.576789 9.814036 -0.034177 0.461876 0.329557 6.451708 0.008233
1.640999 0.336032 7.432049 -0.505370 10.675327 -0.042097 0.373009 0.196728 6.497779 0.008408
1.757999 0.409045 7.196222 -0.430751 11.438023 -0.049766 0.281523 0.062091 6.542623 0.010163
1.890999 0.504163 6.716114 -0.401305 12.311999 -0.061054 0.174428 -0.088731 6.596338 0.013015
2.007999 0.595444 6.122787 -0.324812 13.087507 -0.072553 0.088564 -0.200741 6.657016 0.013462
2.140999 0.705346 5.324224 -0.251061 13.983946 -0.086695 0.010188 -0.296429 6.719222 0.013835
2.257999 0.804769 4.569403 -0.201582 14.766917 -0.099684 -0.032750 -0.354984 6.776151 0.014418
2.391999 0.909774 3.689563 -0.087542 15.678573 -0.114735 -0.047250 -0.399925 6.829713 0.012374
2.507999 1.005838 2.963640 0.040223 16.481035 -0.126664 -0.024776 -0.420252 6.879845 0.013626
2.641999 1.126260 2.236168 0.118487 17.399260 -0.141221 0.036441 -0.422736 6.918062 0.016793
2.758998 1.245605 1.710638 0.128284 18.210064 -0.154717 0.117162 -0.412163 6.936708 0.018056
2.891998 1.383522 1.260512 0.118405 19.132555 -0.171846 0.224550 -0.392203 6.939319 0.018341
3.008998 1.503641 0.982847 0.085514 19.943420 -0.186184 0.320943 -0.365070 6.924360 0.017676
3.141998 1.643894 0.779675 0.069169 20.864697 -0.199747 0.421102 -0.310896 6.932687 0.018899
3.258998 1.775093 0.710101 0.128560 21.677210 -0.208767 0.493647 -0.236023 6.955504 0.019781
3.375998 1.905323 0.727780 0.253539 22.493013 -0.216066 0.545504 -0.143920 6.987551 0.019204
3.508998 2.046994 0.818432 0.401122 23.425938 -0.223461 0.573589 -0.043073 7.037322 0.017862
3.625998 2.171985 0.946713 0.581901 24.252504 -0.228190 0.568883 0.022271 7.087735 0.019222
3.758997 2.330755 1.171632 0.861982 25.206049 -0.232468 0.531726 0.065417 7.139207 0.019529
3.875997 2.464595 1.400684 1.139053 26.036259 -0.236434 0.476547 0.086057 7.169266 0.018635
4.008997 2.603069 1.708045 1.440620 26.999720 -0.241070 0.392104 0.107083 7.206803 0.015361
4.125998 2.721019 2.002829 1.704083 27.836901 -0.242573 0.309705 0.129878 7.223297 0.016431
4.259998 2.851026 2.367387 1.967283 28.804350 -0.242749 0.214752 0.164284 7.215115 0.016146
4.375998 2.957500 2.689451 2.117678 29.646828 -0.241582 0.138298 0.204129 7.192142 0.015016
4.509999 3.066804 3.059499 2.201303 30.602219 -0.242172 0.068262 0.264167 7.174359 0.014469
4.627000 3.174180 3.361905 2.305166 31.438963 -0.241995 0.027344 0.327155 7.138539 0.014685
4.760000 3.282110 3.672933 2.376232 32.384380 -0.241183 0.007629 0.394448 7.081244 0.012378
4.877001 3.372723 3.918778 2.427098 33.209084 -0.239669 0.012861 0.430775 7.028055 0.012729
5.010001 3.472434 4.147388 2.426362 34.142151 -0.240706 0.043657 0.428037 6.997795 0.014128
5.127002 3.572837 4.309278 2.469781 34.958900 -0.240653 0.085382 0.382873 6.967070 0.015288
5.260002 3.692484 4.445984 2.498332 35.888794 -0.238867 0.147807 0.291032 6.921335 0.016138
5.377003 3.800963 4.503592 2.544845 36.690144 -0.235759 0.206713 0.191819 6.898450 0.015695
5.511003 3.925503 4.500283 2.573010 37.612892 -0.231348 0.271055 0.076431 6.885958 0.015669
5.627004 4.025806 4.458419 2.587961 38.419868 -0.226285 0.318973 -0.010429 6.909028 0.013331
5.761004 4.131595 4.370911 2.634284 39.340111 -0.218393 0.361481 -0.087317 6.929715 0.012498
5.878005 4.218421 4.247484 2.657398 40.153145 -0.208205 0.385675 -0.143298 6.971088 0.012662
6.011005 4.317060 4.077644 2.653464 41.083595 -0.194590 0.394433 -0.209048 7.016302 0.013648
6.128006 4.411181 3.911166 2.655751 41.908318 -0.181451 0.385165 -0.275269 7.073865 0.014386
6.261006 4.518704 3.721452 2.653614 42.853928 -0.162476 0.356443 -0.350211 7.138240 0.013988
6.378007 4.620905 3.571818 2.667552 43.692234 -0.143384 0.320029 -0.397921 7.188344 0.015840
6.511007 4.745601 3.423182 2.651780 44.658962 -0.119894 0.269766 -0.413982 7.230765 0.015460
6.628008 4.844240 3.320043 2.551964 45.499065 -0.097543 0.223410 -0.393330 7.248941 0.016960
6.761008 4.964168 3.253681 2.402040 46.471809 -0.069589 0.173142 -0.341415 7.273107 0.015945
6.878009 5.063487 3.260339 2.278299 47.322983 -0.042229 0.137469 -0.284676 7.281111 0.015923
7.012010 5.181569 3.332653 2.130163 48.290508 -0.010005 0.108961 -0.218544 7.276579 0.016486
7.128010 5.291830 3.438612 2.002593 49.141121 0.017644 0.097339 -0.165140 7.262915 0.017863
7.262011 5.403266 3.634011 1.809727 50.105099 0.051010 0.098316 -0.115372 7.244182 0.016639
7.379011 5.499977 3.864445 1.626004 50.949394 0.081625 0.111970 -0.084055 7.204709 0.016342
7.512012 5.611688 4.163150 1.420280 51.903278 0.119858 0.137935 -0.060306 7.160121 0.017396
7.629012 5.722352 4.424903 1.343785 52.736404 0.155976 0.165776 -0.042213 7.111284 0.016766
7.762012 5.836240 4.714455 1.310382 53.685940 0.201410 0.198805 -0.012352 7.078211 0.014913
7.879013 5.938043 4.932875 1.296717 54.503666 0.242288 0.225389 0.029307 7.045297 0.016159
8.014013 6.040808 5.134943 1.295095 55.451397 0.290037 0.248441 0.099132 7.018759 0.011526
8.130013 6.120082 5.260573 1.338298 56.271343 0.332893 0.259794 0.173449 7.013302 0.010416
8.264014 6.205082 5.318526 1.402341 57.202843 0.382979 0.262931 0.261039 7.016846 0.010625
8.380014 6.287777 5.281202 1.522032 58.023434 0.427601 0.256062 0.326873 7.031291 0.011424
8.514015 6.397362 5.145054 1.657155 58.958637 0.479262 0.238166 0.374749 7.054669 0.013316
8.631016 6.487453 4.952233 1.794731 59.784122 0.526693 0.215161 0.388204 7.073049 0.012058
8.764016 6.603998 4.675224 1.961390 60.724243 0.583305 0.182111 0.376209 7.088181 0.014290
8.881017 6.714033 4.385883 2.079918 61.553986 0.633381 0.150720 0.351607 7.108670 0.015944
9.014017 6.852561 4.038117 2.209867 62.505814 0.690620 0.115045 0.317272 7.126632 0.016764
9.131018 6.972387 3.745918 2.330091 63.332195 0.740964 0.088493 0.283855 7.136445 0.016640
9.264018 7.124622 3.445997 2.467866 64.287743 0.799474 0.068239 0.235700 7.150525 0.018593
9.381019 7.256787 3.235063 2.482743 65.122276 0.851506 0.061137 0.179704 7.138626 0.019996
9.515019 7.413148 3.054296 2.482747 66.067986 0.913063 0.063575 0.098281 7.121643 0.019620
9.631020 7.546869 2.950699 2.466372 66.899849 0.969283 0.074427 0.014963 7.120408 0.020350
9.765020 7.699851 2.899819 2.485831 67.842903 1.035753 0.096668 -0.082766 7.096045 0.019773
9.882021 7.830588 2.917482 2.461570 68.669205 1.094995 0.123322 -0.161777 7.068337 0.019851
10.015021 7.977091 2.994501 2.511736 69.604828 1.165442 0.155998 -0.233195 7.047707 0.018106
10.132022 8.111551 3.099144 2.610189 70.424957 1.229248 0.181948 -0.273684 7.021057 0.019422
10.265022 8.262247 3.285117 2.674362 71.360016 1.302979 0.206122 -0.290444 6.982287 0.019410
10.382023 8.386994 3.467912 2.688563 72.165283 1.366743 0.220142 -0.281350 6.953734 0.018735
10.515023 8.539631 3.691223 2.656862 73.091156 1.441923 0.226380 -0.253990 6.917661 0.020139
10.632024 8.679932 3.878321 2.582699 73.889381 1.507658 0.221820 -0.227204 6.903356 0.023137
10.766025 8.869284 4.077791 2.479614 74.808754 1.584486 0.206467 -0.201061 6.875217 0.027146
10.882025 9.052379 4.230131 2.352519 75.609062 1.651811 0.185341 -0.179360 6.851479 0.029441
11.016026 9.259676 4.357924 2.177945 76.514534 1.728608 0.158389 -0.147131 6.819693 0.029073
11.133026 9.439629 4.419030 2.010022 77.308029 1.798126 0.132832 -0.110975 6.800492 0.028352
11.266026 9.649270 4.433794 1.806244 78.207619 1.878152 0.103805 -0.071712 6.785630 0.029399
11.383027 9.834045 4.393137 1.658477 78.997749 1.951093 0.082405 -0.049815 6.783348 0.029238
11.516027 10.046075 4.309192 1.510453 79.900246 2.035752 0.063002 -0.041291 6.759352 0.029329
11.633028 10.241138 4.176208 1.486560 80.679810 2.109838 0.050443 -0.040285 6.745562 0.030207
11.766028 10.482772 3.994678 1.521086 81.579292 2.196315 0.045201 -0.036761 6.738333 0.032445
11.883029 10.698032 3.813544 1.591387 82.356613 2.272587 0.049134 -0.030952 6.723620 0.031141
12.017030 10.948743 3.580263 1.673431 83.252724 2.363831 0.061887 -0.026140 6.716971 0.032721
12.133030 11.153038 3.375025 1.764562 84.033325 2.444580 0.079858 -0.026357 6.698120 0.028652
12.267031 11.367915 3.134521 1.868911 84.917824 2.536777 0.103798 -0.031031 6.684990 0.027634
12.384031 11.552330 2.936915 1.960060 85.695633 2.619372 0.125203 -0.036786 6.679980 0.026453
12.517032 11.751652 2.738501 2.083362 86.577881 2.715373 0.148264 -0.040131 6.668741 0.025533
12.634032 11.928138 2.617712 2.133335 87.353333 2.800182 0.166701 -0.032360 6.668719 0.026785
12.751033 12.116449 2.516105 2.153453 88.127586 2.887515 0.181621 -0.005280 6.652900 0.027991
12.884033 12.333364 2.424886 2.200257 89.005379 2.988583 0.190000 0.054576 6.635264 0.027882
13.001034 12.519125 2.382306 2.281705 89.776825 3.079589 0.192635 0.127583 6.640799 0.026048
13.134034 12.722045 2.392308 2.462800 90.653419 3.184700 0.189837 0.218362 6.635576 0.026100
13.251035 12.911738 2.432534 2.686159 91.423363 3.278478 0.183809 0.291621 6.623985 0.027220
13.384035 13.137427 2.521916 2.987173 92.302467 3.388235 0.172870 0.356969 6.605339 0.027204
13.501036 13.330733 2.614907 3.286845 93.060860 3.486280 0.159840 0.391597 6.583335 0.027297
13.634036 13.563843 2.735771 3.548719 93.934593 3.598482 0.144848 0.400475 6.564805 0.029106
13.751037 13.772407 2.842250 3.790736 94.694870 3.695741 0.132792 0.377830 6.543705 0.029304
13.885037 14.005583 2.967064 4.097306 95.556145 3.807857 0.120838 0.318166 6.522971 0.029033
14.001038 14.219592 3.070031 4.304460 96.310905 3.908706 0.112682 0.239570 6.497643 0.028883
14.135038 14.464640 3.176417 4.445238 97.164261 4.025017 0.107425 0.127542 6.464058 0.032104
14.252039 14.673884 3.232404 4.503927 97.912331 4.128819 0.107373 0.016105 6.448897 0.030533
14.385039 14.914658 3.265484 4.600431 98.760033 4.248564 0.113271 -0.111640 6.430002 0.030307
14.502040 15.130180 3.272431 4.634409 99.504303 4.355985 0.122963 -0.208891 6.424030 0.033090
14.635040 15.383820 3.254289 4.621269 100.355156 4.483544 0.136177 -0.280959 6.418336 0.032872
14.752041 15.597644 3.208636 4.614556 101.091331 4.597445 0.147646 -0.297854 6.423120 0.031703
14.885041 15.833877 3.140790 4.588467 101.942467 4.731650 0.161202 -0.267333 6.435823 0.030715
15.002042 16.034235 3.056944 4.488528 102.687325 4.850831 0.171837 -0.214773 6.454515 0.030437
15.136043 16.266397 2.950564 4.306893 103.536339 4.988736 0.181871 -0.157439 6.474467 0.031075
15.252043 16.451757 2.855621 4.142836 104.284912 5.112518 0.187997 -0.131921 6.490806 0.028039
15.386044 16.652782 2.759061 3.948542 105.137787 5.255737 0.192522 -0.141970 6.509457 0.027957
15.503044 16.836588 2.701796 3.794753 105.889114 5.384646 0.192936 -0.177708 6.525581 0.029345
15.636045 17.052217 2.657158 3.634624 106.746040 5.535228 0.189581 -0.226770 6.550565 0.030421
15.753045 17.252550 2.613717 3.528905 107.501480 5.670460 0.184268 -0.257198 6.565912 0.031518
15.886045 17.476717 2.593346 3.418836 108.368103 5.826446 0.176430 -0.261476 6.574043 0.028956
16.003046 17.665499 2.606694 3.338063 109.117905 5.962734 0.167247 -0.236833 6.564953 0.029164
16.136049 17.874979 2.637175 3.242625 109.981400 6.124043 0.155515 -0.184676 6.551167 0.027430
16.253052 18.049046 2.702560 3.169548 110.727592 6.265460 0.146358 -0.130933 6.546557 0.027100
16.387054 18.266041 2.777387 3.105725 111.588600 6.428110 0.138221 -0.071832 6.534354 0.030409
16.503057 18.460453 2.841511 3.055258 112.337730 6.572425 0.134572 -0.028141 6.510468 0.029437
16.637060 18.664532 2.926299 3.076379 113.186401 6.739543 0.134558 0.015071 6.498887 0.025964
16.754063 18.834818 2.980396 3.131989 113.932037 6.887485 0.138097 0.054329 6.491548 0.024912
16.887066 19.037792 3.028544 3.205484 114.777565 7.058178 0.145351 0.107152 6.481322 0.027142
17.004068 19.236116 3.070275 3.245041 115.519730 7.210712 0.154992 0.158937 6.475528 0.029062
17.137072 19.472876 3.113162 3.320717 116.362831 7.386135 0.171141 0.213446 6.478705 0.030692
17.254074 19.682615 3.132031 3.428464 117.103806 7.542121 0.186902 0.249368 6.473800 0.030601
17.387077 19.930450 3.132436 3.561173 117.953522 7.721401 0.203483 0.277392 6.487983 0.031661
17.504080 20.150414 3.129003 3.660764 118.696671 7.878130 0.217394 0.298654 6.492399 0.032628
17.638083 20.416122 3.146247 3.781278 119.541840 8.057894 0.229556 0.325154 6.502012 0.034135
17.754086 20.646955 3.160260 3.967658 120.287125 8.217576 0.236039 0.345637 6.519329 0.031999
17.888088 20.901415 3.155901 4.217323 121.136276 8.401598 0.237703 0.353233 6.551056 0.031601
18.005091 21.132372 3.161965 4.394958 121.886223 8.566169 0.235958 0.340221 6.572133 0.033494
18.138094 21.389292 3.191972 4.657228 122.741592 8.757088 0.229115 0.306105 6.603055 0.032079
18.255096 21.606813 3.223136 4.929289 123.496536 8.927270 0.221185 0.264042 6.623652 0.029248
18.388100 21.843863 3.290422 5.245002 124.358070 9.123176 0.211755 0.202126 6.652737 0.029711
18.505102 22.063202 3.384226 5.453897 125.118629 9.296624 0.205451 0.130891 6.674665 0.031524
18.638105 22.326651 3.522579 5.676706 125.990631 9.495927 0.199795 0.029951 6.676627 0.032899
18.755108 22.547365 3.671139 5.853648 126.746086 9.668367 0.196088 -0.064340 6.682411 0.031977
18.888111 22.820236 3.861078 6.055748 127.618591 9.868536 0.194075 -0.163745 6.684123 0.034106
19.005114 23.064850 4.032942 6.227908 128.378967 10.044052 0.194491 -0.232942 6.662942 0.034767
19.139116 23.341816 4.196487 6.429901 129.239532 10.245018 0.195343 -0.293420 6.632701 0.034147
19.255119 23.594589 4.327402 6.592838 129.993958 10.422467 0.196560 -0.337949 6.621319 0.036522
19.389122 23.866135 4.445063 6.681230 130.849197 10.623762 0.198415 -0.384069 6.599134 0.033851
19.506124 24.098225 4.510456 6.705722 131.599228 10.803020 0.199713 -0.418149 6.586441 0.033757
19.639128 24.364723 4.525135 6.820896 132.456635 11.011192 0.202046 -0.443584 6.581178 0.034041
19.756130 24.603291 4.512339 6.937641 133.198410 11.193323 0.204741 -0.451087 6.585842 0.034371
19.889133 24.873976 4.459200 7.061011 134.054535 11.407230 0.207989 -0.442534 6.581482 0.033541
20.006136 25.088924 4.385781 7.123034 134.794769 11.594651 0.211166 -0.418764 6.584628 0.031117
20.139139 25.319674 4.287158 7.147818 135.649582 11.813806 0.213978 -0.368110 6.588084 0.029703
20.256142 25.525560 4.192976 7.171734 136.397217 12.007081 0.216231 -0.301957 6.604695 0.030870
20.390144 25.770308 4.106000 7.219208 137.247116 12.229315 0.217819 -0.206219 6.608468 0.031638
20.506147 25.985779 4.073820 7.300478 137.994797 12.427544 0.220969 -0.110892 6.611023 0.030995
20.640150 26.236870 4.067182 7.315238 138.845154 12.653304 0.227898 0.001398 6.622732 0.034982
20.757153 26.465849 4.111588 7.305693 139.593582 12.852407 0.235429 0.098490 6.622273 0.033949
20.890156 26.723614 4.205005 7.300870 140.443802 13.080466 0.245817 0.201602 6.610138 0.033953
21.007158 26.946077 4.286250 7.306265 141.188843 13.284284 0.255787 0.283312 6.596547 0.033483
21.140162 27.203554 4.392083 7.347696 142.039368 13.520913 0.266781 0.365481 6.580742 0.033197
21.257164 27.427023 4.494538 7.414029 142.775116 13.727217 0.275584 0.426708 6.589938 0.032972
21.390167 27.677902 4.636258 7.498990 143.624588 13.966742 0.281680 0.481711 6.582573 0.030525
21.507170 27.885036 4.765458 7.636552 144.365005 14.177737 0.284258 0.508570 6.581082 0.028633
21.641172 28.107857 4.927993 7.753427 145.205353 14.419409 0.284173 0.507509 6.576322 0.027287
21.757175 28.303400 5.072227 7.800483 145.944733 14.633577 0.280773 0.478526 6.578514 0.029451
21.891178 28.540932 5.245028 7.826756 146.784866 14.878496 0.274585 0.420263 6.575161 0.031613
22.008181 28.748198 5.380955 7.871777 147.522675 15.095994 0.269545 0.353172 6.573231 0.030363
22.141184 28.981928 5.522988 7.909022 148.360367 15.344661 0.263663 0.265275 6.572977 0.030047
22.258186 29.172684 5.600439 7.881459 149.097412 15.563007 0.258039 0.183942 6.567212 0.028621
22.391190 29.389898 5.643700 7.916416 149.939789 15.815925 0.252439 0.097610 6.564418 0.027760
22.508192 29.585587 5.651679 8.014892 150.668823 16.036444 0.249302 0.037738 6.567083 0.027227
22.642195 29.820152 5.630394 8.212597 151.510162 16.292477 0.249554 -0.012097 6.557067 0.028764
22.758198 30.018459 5.582380 8.380877 152.239334 16.513943 0.251336 -0.046943 6.575625 0.027055
22.892200 30.244436 5.505639 8.581402 153.082336 16.770941 0.255411 -0.093380 6.571460 0.027852
23.008204 30.451487 5.410397 8.794639 153.817169 16.997051 0.261604 -0.147452 6.577854 0.027952
23.142206 30.698515 5.281328 9.052502 154.652817 17.256435 0.269807 -0.219025 6.582229 0.029823
23.259209 30.915977 5.156384 9.201258 155.387405 17.486336 0.276196 -0.277174 6.577595 0.031540
23.392212 31.170624 5.027044 9.378654 156.222244 17.748545 0.281633 -0.323616 6.584677 0.031886
23.509214 31.394552 4.921655 9.535793 156.957458 17.979847 0.286611 -0.347044 6.590322 0.030887
23.626217 31.616629 4.823055 9.665170 157.692902 18.212687 0.293968 -0.364288 6.596806 0.031318
23.759220 31.866812 4.743696 9.786041 158.529480 18.479498 0.302202 -0.389504 6.606450 0.030326
23.876223 32.070847 4.706778 9.851306 159.265182 18.716299 0.307923 -0.417909 6.610918 0.029354
24.009226 32.308479 4.717633 9.906286 160.107819 18.989965 0.314401 -0.444086 6.606596 0.030873
24.126228 32.514172 4.761604 9.932256 160.835876 19.229044 0.317689 -0.445192 6.605492 0.029293
24.259232 32.739937 4.848991 9.923002 161.675125 19.506414 0.318355 -0.408198 6.592530 0.029273
24.376234 32.934105 4.962994 9.921673 162.405930 19.749058 0.316979 -0.341830 6.575865 0.028990
24.510237 33.152180 5.127278 9.949538 163.232864 20.026817 0.314126 -0.238523 6.542174 0.027761
24.626240 33.343842 5.309033 9.972790 163.955872 20.272715 0.309522 -0.136699 6.519062 0.028004
24.760242 33.551998 5.522189 9.961239 164.773911 20.552988 0.303741 -0.022679 6.486867 0.027469
24.877245 33.740162 5.691046 9.942912 165.489777 20.801458 0.298891 0.070522 6.469164 0.029439
25.010248 33.963951 5.862372 9.915944 166.300995 21.085728 0.293517 0.167067 6.457662 0.027481
25.127251 34.147701 5.986828 9.954758 167.011948 21.338144 0.289599 0.242854 6.441260 0.027157
25.260254 34.355408 6.117722 9.993890 167.823807 21.629747 0.288204 0.314970 6.424352 0.027334
25.377256 34.542496 6.210348 10.055881 168.523605 21.881784 0.290188 0.363168 6.407759 0.027304
25.511259 34.770653 6.252624 10.147340 169.336029 22.176134 0.294153 0.405516 6.397904 0.027901
25.628262 34.980804 6.252647 10.303264 170.032166 22.431431 0.299661 0.433245 6.394973 0.029677
25.761265 35.228455 6.242868 10.416851 170.836121 22.726912 0.308264 0.451947 6.386316 0.029805
25.878267 35.452278 6.187586 10.544383 171.535645 22.986908 0.315733 0.447778 6.376055 0.030928
26.012270 35.689751 6.120291 10.686442 172.329224 23.285055 0.324515 0.412531 6.378361 0.028056
26.128273 35.880573 6.057933 10.743874 173.028061 23.549074 0.333270 0.357691 6.387399 0.027952
26.262276 36.100067 5.957264 10.817558 173.822617 23.851315 0.343984 0.278830 6.395319 0.028187
26.379278 36.302982 5.844370 10.913071 174.522247 24.120508 0.351196 0.202710 6.410861 0.029280
26.512281 36.538460 5.718488 11.037133 175.316467 24.430574 0.357167 0.113248 6.414033 0.028260
26.629284 36.728321 5.604474 11.121518 176.015259 24.705122 0.360641 0.035511 6.417418 0.027639
26.762287 36.949150 5.461010 11.177857 176.815094 25.019815 0.361400 -0.047140 6.414858 0.028682
26.879290 37.150013 5.347581 11.203833 177.506302 25.294542 0.360790 -0.109465 6.416112 0.031162
27.013292 37.390553 5.239445 11.204015 178.304138 25.614132 0.360547 -0.170005 6.413572 0.031640
27.129295 37.598534 5.177089 11.198752 178.999969 25.894573 0.359707 -0.211285 6.409112 0.031155
27.263298 37.831135 5.147128 11.135887 179.789001 26.215296 0.356557 -0.240359 6.402101 0.030572
27.380301 38.030045 5.156956 11.044896 180.482010 26.498035 0.351604 -0.247143 6.390541 0.032451
27.513304 38.260937 5.193502 10.905481 181.267776 26.820189 0.346150 -0.237303 6.380332 0.032305
27.630306 38.457489 5.205545 10.769042 181.957291 27.103960 0.341417 -0.221921 6.362262 0.031626
27.763309 38.689850 5.245362 10.600218 182.743057 27.430138 0.336042 -0.205153 6.338210 0.031869
27.880312 38.884693 5.315258 10.381844 183.420853 27.712082 0.331926 -0.193297 6.326864 0.032024
28.013315 39.089558 5.399607 10.047159 184.199722 28.038366 0.327810 -0.182082 6.289340 0.030574
28.130318 39.273746 5.481730 9.832859 184.869675 28.322002 0.326502 -0.175612 6.259558 0.030630
28.264320 39.484566 5.557373 9.616269 185.640106 28.649992 0.328006 -0.174097 6.236070 0.029019
28.380323 39.678020 5.593122 9.503921 186.308655 28.937914 0.330948 -0.175406 6.216419 0.031250
28.514326 39.912987 5.590644 9.451446 187.065231 29.267147 0.337037 -0.170824 6.199732 0.030879
28.630329 40.127365 5.568819 9.484369 187.729553 29.558861 0.343768 -0.152930 6.202863 0.031025
28.764332 40.373363 5.521441 9.579950 188.484146 29.892956 0.354001 -0.111348 6.206605 0.031113
28.881334 40.591923 5.438508 9.723016 189.146164 30.189156 0.362614 -0.057353 6.198504 0.029555
29.014338 40.849113 5.314639 9.956072 189.897507 30.528912 0.370977 0.016628 6.199693 0.032142
29.131340 41.097477 5.195326 10.189877 190.557297 30.830067 0.376171 0.083287 6.199377 0.035106
29.264343 41.389984 5.057256 10.546253 191.313095 31.179031 0.381795 0.150257 6.217563 0.034282
29.381346 41.646061 4.938575 10.880258 191.965851 31.483517 0.385571 0.193997 6.202240 0.034585
29.514349 41.941017 4.810139 11.304077 192.717789 31.837545 0.386030 0.225304 6.208670 0.034271
29.631351 42.196831 4.695125 11.651857 193.374664 32.148075 0.384342 0.234895 6.207177 0.032550
29.765354 42.473873 4.584667 12.035489 194.119949 32.503090 0.380751 0.226122 6.202570 0.031085
29.882357 42.709877 4.483407 12.364650 194.772751 32.817257 0.376190 0.205473 6.185026 0.033562
30.015360 42.998833 4.380692 12.689840 195.511337 33.176319 0.371343 0.178044 6.168911 0.035432
30.132362 43.251343 4.309002 12.895889 196.159576 33.492985 0.367575 0.157231 6.163193 0.036141
30.265366 43.549152 4.252582 13.092886 196.894058 33.854847 0.364214 0.133000 6.153392 0.037324
30.382368 43.803272 4.211678 13.243592 197.537903 34.175911 0.363946 0.098951 6.145855 0.035750
30.515371 44.074337 4.167839 13.362688 198.273224 34.547665 0.367292 0.037188 6.149822 0.033352
30.632374 44.294292 4.137560 13.405341 198.907898 34.872555 0.370721 -0.026637 6.148742 0.032771
30.765377 44.543709 4.124107 13.371935 199.638306 35.250603 0.375776 -0.086259 6.131775 0.031825
30.882380 44.742012 4.117575 13.291881 200.274277 35.582703 0.379479 -0.108370 6.131094 0.030456
31.016382 44.954266 4.114754 13.124160 200.996368 35.961685 0.383514 -0.096099 6.120754 0.029111
31.132385 45.128487 4.111850 12.963559 201.628723 36.296871 0.386175 -0.063479 6.107544 0.026209
31.266388 45.303711 4.128048 12.737306 202.343857 36.680016 0.388841 -0.022198 6.097024 0.024351
31.382391 45.457813 4.141042 12.536876 202.969849 37.019291 0.389980 0.001021 6.077570 0.026557
31.516394 45.635014 4.149680 12.368016 203.678757 37.406956 0.391113 -0.000014 6.074327 0.023906
31.633396 45.782768 4.157356 12.233663 204.301422 37.748795 0.391722 -0.023969 6.071619 0.023107
31.766399 45.948658 4.150409 12.044936 205.013336 38.141724 0.392057 -0.062705 6.067007 0.023639
31.883402 46.087463 4.131211 11.853806 205.629654 38.484562 0.391298 -0.091219 6.084569 0.021991
32.016403 46.229027 4.103508 11.604935 206.341019 38.883186 0.391576 -0.110628 6.088484 0.019894
32.133392 46.334930 4.079280 11.327423 206.956207 39.230591 0.391900 -0.119175 6.096191 0.018882
32.266380 46.442352 4.050889 11.004681 207.665192 39.636032 0.391342 -0.124782 6.093745 0.016077
32.383369 46.512451 4.020207 10.759893 208.282135 39.993702 0.392530 -0.124469 6.101011 0.011639
32.517357 46.575760 3.974693 10.474381 208.984207 40.402851 0.396504 -0.114182 6.116561 0.009307
32.633347 46.619850 3.925109 10.229513 209.602585 40.764778 0.401121 -0.097570 6.126706 0.008187
32.767334 46.659924 3.867474 10.030738 210.303665 41.180180 0.408028 -0.075944 6.130753 0.006827
32.884323 46.675053 3.794210 9.849097 210.919891 41.548241 0.414946 -0.055076 6.142220 0.003707
33.001312 46.672688 3.708890 9.591584 211.537003 41.920277 0.420151 -0.025392 6.174895 0.001635
33.134300 46.666840 3.594584 9.348173 212.240067 42.347992 0.425621 0.029540 6.199583 0.000538
33.251289 46.643887 3.491858 9.176737 212.859772 42.728203 0.428920 0.095584 6.224841 -0.003150
33.384277 46.591366 3.377929 9.065799 213.564896 43.165165 0.431032 0.171285 6.253295 -0.008801
33.501266 46.521469 3.275649 8.978078 214.188950 43.552746 0.432616 0.212647 6.291971 -0.010881
33.634254 46.431263 3.184287 8.927395 214.904404 44.000515 0.433574 0.208939 6.306871 -0.010783
33.751244 46.353020 3.129891 8.917984 215.525162 44.392765 0.434469 0.164180 6.348429 -0.012320
33.885231 46.237049 3.096781 8.840034 216.245972 44.849365 0.436767 0.093264 6.381644 -0.014953
34.001221 46.133438 3.103369 8.804342 216.876740 45.251396 0.439441 0.045301 6.398484 -0.015095
34.135208 46.000458 3.125404 8.697263 217.594452 45.712051 0.444471 0.025491 6.417675 -0.017428
34.251198 45.866055 3.148920 8.534091 218.228546 46.119045 0.448899 0.032275 6.456882 -0.020861
34.385185 45.685825 3.200243 8.381644 218.950790 46.587204 0.454203 0.045788 6.485043 -0.024772
34.502174 45.510704 3.260232 8.290852 219.588562 47.003395 0.458931 0.048855 6.526592 -0.026656
34.635162 45.284142 3.350317 8.165224 220.317062 47.480263 0.464458 0.039050 6.558797 -0.030090
34.752151 45.057636 3.433790 7.988484 220.960190 47.902172 0.467744 0.021462 6.584363 -0.034817
34.885139 44.758018 3.515313 7.755335 221.701248 48.388294 0.469786 -0.005250 6.630548 -0.038832
35.002129 44.470909 3.572659 7.548473 222.347061 48.812057 0.471242 -0.029038 6.669849 -0.042713
35.135117 44.123466 3.630224 7.366306 223.095688 49.304317 0.471380 -0.046365 6.698762 -0.044725
35.252106 43.797348 3.665353 7.181081 223.751572 49.737156 0.470217 -0.044838 6.733106 -0.048868
35.386093 43.405457 3.698676 6.942897 224.502380 50.231712 0.467672 -0.026919 6.775791 -0.049322
35.502083 43.044140 3.727677 6.719059 225.167160 50.667656 0.465428 -0.009424 6.809477 -0.051907
35.636070 42.610245 3.765257 6.384893 225.927429 51.164257 0.462419 -0.002849 6.843648 -0.056570
35.753059 42.207249 3.787275 6.150839 226.600357 51.603333 0.458933 -0.012412 6.879989 -0.059202
35.886047 41.748314 3.781242 6.016669 227.368118 52.104160 0.456965 -0.034202 6.896617 -0.059197
36.003036 41.331966 3.774326 5.916327 228.045761 52.545456 0.455224 -0.055372 6.920568 -0.061169
36.136024 40.847504 3.731333 5.794989 228.821030 53.047184 0.453959 -0.077181 6.956152 -0.062880
36.253014 40.439064 3.663779 5.737342 229.506073 53.489830 0.454722 -0.094390 6.980880 -0.060028
36.386002 39.951580 3.559954 5.651424 230.295517 53.997971 0.456961 -0.112225 7.026962 -0.064191
36.502991 39.509720 3.470633 5.572467 230.989349 54.442974 0.459093 -0.125089 7.061385 -0.065954
36.636978 39.007286 3.342312 5.545333 231.781479 54.952751 0.463888 -0.133778 7.102590 -0.064746
36.752968 38.572346 3.223329 5.497993 232.484650 55.402618 0.470977 -0.134022 7.157159 -0.063349
36.886955 38.067657 3.108951 5.328919 233.291672 55.916481 0.480708 -0.126129 7.218034 -0.065979
37.003944 37.596989 3.042510 5.065851 234.008606 56.369427 0.489714 -0.115151 7.266058 -0.068258
37.136932 37.039070 2.986318 4.846241 234.829605 56.887886 0.498626 -0.102802 7.323773 -0.073500
37.253922 36.537254 2.964668 4.680105 235.558289 57.345375 0.505827 -0.093339 7.368048 -0.072995
37.386909 35.947735 2.998233 4.429891 236.400177 57.869415 0.511912 -0.081011 7.425086 -0.077204
37.503899 35.421837 3.087376 4.221974 237.134811 58.323120 0.514411 -0.065448 7.451720 -0.077910
37.636887 34.823528 3.229275 4.021300 237.989029 58.846172 0.512247 -0.040474 7.493532 -0.075566
37.753876 34.301006 3.386494 3.850863 238.733109 59.298187 0.505928 -0.015234 7.509366 -0.077506
37.887863 33.683647 3.589348 3.510248 239.597778 59.820236 0.494611 0.014449 7.554985 -0.077751
38.003853 33.147316 3.764094 3.186505 240.357025 60.275627 0.483327 0.040670 7.576604 -0.076197
38.137840 32.542419 3.975138 2.760638 241.226624 60.789295 0.465910 0.075001 7.594752 -0.075314
38.254829 32.010876 4.151104 2.427713 241.994461 61.239872 0.448003 0.113147 7.615080 -0.075543
38.387817 31.417925 4.306571 2.063551 242.869873 61.749496 0.428011 0.167229 7.614213 -0.073092
38.504807 30.911316 4.417180 1.766346 243.641205 62.196918 0.410404 0.221600 7.620811 -0.072137
38.637794 30.326456 4.521214 1.423255 244.520828 62.702579 0.393211 0.286059 7.629306 -0.071779
38.754784 29.827835 4.579221 1.160446 245.297623 63.144367 0.382223 0.340378 7.641001 -0.070607
38.887772 29.266600 4.608234 0.885821 246.191406 63.646286 0.374554 0.392403 7.650650 -0.069672
39.004761 28.787790 4.599290 0.653545 246.976074 64.079651 0.372840 0.419486 7.665436 -0.068448
39.138748 28.230436 4.559387 0.382248 247.871979 64.567970 0.375084 0.418109 7.680609 -0.071616
39.254738 27.730764 4.493714 0.201007 248.663849 64.994255 0.378709 0.384770 7.693575 -0.072729
39.388725 27.164347 4.394812 0.032249 249.567520 65.476921 0.387173 0.315182 7.711983 -0.072775
39.504715 26.652287 4.295116 -0.132937 250.366837 65.898407 0.396816 0.233056 7.732856 -0.075766
39.638702 26.062223 4.200875 -0.265176 251.280029 66.373276 0.404863 0.118832 7.751672 -0.075407
39.755692 25.555891 4.144621 -0.356975 252.087616 66.786499 0.409806 -0.000174 7.760149 -0.073903
39.888680 24.993921 4.110195 -0.391463 253.009766 67.250488 0.411439 -0.150930 7.766127 -0.072722
40.005669 24.506855 4.098537 -0.343212 253.823761 67.656151 0.409137 -0.283001 7.773571 -0.073123
40.138657 23.953602 4.126043 -0.257031 254.758820 68.116493 0.403526 -0.414598 7.773372 -0.072473
40.255646 23.476196 4.181782 -0.138901 255.569687 68.511208 0.395149 -0.503481 7.774851 -0.073450
40.389633 22.927155 4.275599 0.033858 256.509155 68.961182 0.380709 -0.576823 7.769096 -0.072800
40.505623 22.459930 4.370646 0.200051 257.330811 69.349426 0.363308 -0.614330 7.763619 -0.070994
40.639610 21.933197 4.479671 0.442188 258.266266 69.785263 0.343253 -0.619945 7.758133 -0.072162
40.755600 21.474600 4.596983 0.638472 259.090759 70.163101 0.326145 -0.587554 7.740450 -0.069048
40.889587 20.971243 4.761444 0.795187 260.026764 70.584236 0.307496 -0.512767 7.709441 -0.066363
41.006577 20.544260 4.918172 0.945926 260.849945 70.949348 0.292011 -0.424218 7.687775 -0.064321
41.139565 20.086002 5.079377 1.181262 261.782745 71.356598 0.278168 -0.308545 7.625669 -0.062467
41.256554 19.690609 5.193013 1.408880 262.600800 71.707718 0.270442 -0.196851 7.596323 -0.061748
41.389542 19.246593 5.283123 1.687968 263.536285 72.102287 0.264928 -0.061278 7.559676 -0.060524
41.506531 18.853539 5.325487 1.866705 264.343231 72.437576 0.266509 0.055833 7.509819 -0.062430
41.640518 18.393604 5.324808 2.045575 265.271973 72.816612 0.273158 0.180992 7.469866 -0.061920
41.756508 18.004013 5.285442 2.181668 266.081635 73.141647 0.281450 0.279667 7.446253 -0.059169
41.890495 17.560167 5.194220 2.249896 267.000275 73.504349 0.291958 0.383646 7.409879 -0.058333
42.006485 17.184324 5.067029 2.253463 267.806885 73.817200 0.303320 0.467060 7.390604 -0.055732
42.140472 16.763443 4.873219 2.204490 268.723938 74.166458 0.314255 0.538858 7.366052 -0.055634
42.257462 16.392687 4.647012 2.085535 269.530731 74.468170 0.321942 0.565735 7.358575 -0.053011
42.390450 15.969944 4.344735 1.915678 270.449371 74.806213 0.327161 0.547222 7.360259 -0.053283
42.507439 15.585893 4.064487 1.727141 271.258789 75.100029 0.329015 0.497590 7.358448 -0.056207
42.640427 15.150347 3.723937 1.516654 272.187195 75.432106 0.327586 0.424868 7.355597 -0.054161
42.757416 14.780502 3.454618 1.281690 272.992218 75.714821 0.324523 0.361224 7.358218 -0.051837
42.890404 14.363062 3.153823 0.969910 273.924530 76.037781 0.317712 0.288308 7.364944 -0.050709
43.008396 14.010822 2.899845 0.676998 274.746704 76.318886 0.309692 0.219597 7.363867 -0.049839
43.125385 13.668819 2.669337 0.380463 275.556061 76.592430 0.300394 0.147723 7.365776 -0.049691
43.258373 13.281247 2.443970 -0.020129 276.492371 76.903755 0.291062 0.067713 7.362852 -0.047024
43.375362 12.953137 2.294423 -0.400090 277.310822 77.171547 0.285398 0.006836 7.357273 -0.045165
43.509350 12.602338 2.170511 -0.835983 278.240692 77.470573 0.281379 -0.055893 7.333316 -0.041980
43.625340 12.311923 2.137917 -1.177532 279.057404 77.728226 0.282318 -0.117124 7.302752 -0.040426
43.759327 11.993170 2.144666 -1.465669 279.983673 78.014900 0.287842 -0.202492 7.277028 -0.038877
43.876316 11.731407 2.193940 -1.745937 280.797485 78.261238 0.295152 -0.285016 7.257321 -0.035992
44.009304 11.463302 2.286377 -2.008934 281.721313 78.535393 0.306086 -0.366185 7.238675 -0.032821
44.126293 11.237856 2.386317 -2.224622 282.532501 78.771530 0.316824 -0.412249 7.210169 -0.032110
44.259281 10.993744 2.492708 -2.397760 283.458710 79.037560 0.328248 -0.434955 7.178030 -0.029697
44.376270 10.801669 2.560083 -2.468233 284.258423 79.261734 0.334454 -0.438918 7.149382 -0.027611
44.509258 10.586817 2.600928 -2.485126 285.180786 79.514412 0.337793 -0.435062 7.130306 -0.027839
44.626247 10.407928 2.601985 -2.437341 285.978058 79.730721 0.337887 -0.422642 7.115780 -0.026609
44.760235 10.209382 2.590559 -2.337452 286.898041 79.973839 0.337156 -0.387962 7.102218 -0.025621
44.876225 10.043900 2.564150 -2.213368 287.701996 80.181190 0.334663 -0.334977 7.090226 -0.024999
45.010212 9.861789 2.495728 -2.060372 288.615417 80.411690 0.329109 -0.254295 7.072805 -0.024196
45.126202 9.695641 2.407200 -1.924385 289.418884 80.608597 0.322920 -0.174703 7.072279 -0.026270
45.260189 9.501263 2.276590 -1.723510 290.332886 80.829285 0.316972 -0.082868 7.066587 -0.026329
45.377178 9.330526 2.139617 -1.552640 291.137573 81.021721 0.313398 -0.002256 7.077408 -0.026675
45.510166 9.129029 1.965321 -1.369573 292.060883 81.239212 0.311914 0.088855 7.082440 -0.026614
45.627155 8.967627 1.791374 -1.221570 292.862244 81.424927 0.311599 0.161495 7.095341 -0.022920
45.760143 8.787028 1.587335 -0.966885 293.789490 81.637901 0.314727 0.228710 7.100401 -0.025260
45.877132 8.614163 1.422110 -0.722920 294.593628 81.818741 0.319898 0.268664 7.108184 -0.027238
46.011120 8.419844 1.242633 -0.469822 295.524902 82.023064 0.329838 0.300025 7.118167 -0.025418
46.127110 8.270094 1.121707 -0.320885 296.339447 82.197922 0.342010 0.324571 7.125198 -0.021764
46.261097 8.109050 1.060148 -0.177898 297.266998 82.392365 0.357701 0.356138 7.130208 -0.021098
46.378086 7.981587 1.061556 -0.031657 298.084045 82.562126 0.371190 0.383682 7.135321 -0.018044
46.511074 7.843332 1.115919 0.068736 299.014893 82.751770 0.384703 0.404473 7.145245 -0.017976
46.628063 7.723309 1.185536 0.139604 299.834717 82.916718 0.393107 0.406899 7.153417 -0.019144
46.761051 7.593346 1.289142 0.227488 300.767761 83.101685 0.398063 0.389510 7.152088 -0.016786
46.878040 7.476688 1.391356 0.222047 301.589539 83.259590 0.398224 0.356526 7.151182 -0.016858
47.011028 7.343644 1.528245 0.234768 302.531403 83.438568 0.395207 0.295964 7.158515 -0.017267
47.128017 7.236187 1.664783 0.211072 303.348236 83.589989 0.388651 0.221257 7.160276 -0.015766
47.261005 7.107515 1.833869 0.153983 304.293427 83.759346 0.379310 0.111284 7.170631 -0.016486
47.377995 7.005689 1.966572 0.088325 305.119263 83.903992 0.369640 0.005022 7.167131 -0.013954
47.511982 6.897773 2.093735 0.048551 306.058807 84.065781 0.358694 -0.107920 7.170530 -0.013819
47.628971 6.805153 2.184221 0.000467 306.885620 84.204979 0.349093 -0.185505 7.168689 -0.012993
47.761959 6.701271 2.263904 -0.080866 307.827362 84.359131 0.338349 -0.243722 7.178540 -0.013305
47.878948 6.608807 2.307267 -0.158263 308.656403 84.491440 0.331143 -0.274398 7.177770 -0.011887
48.011936 6.509054 2.349411 -0.194549 309.600311 84.640549 0.325212 -0.295220 7.190264 -0.013198
48.128925 6.410884 2.372917 -0.220860 310.431580 84.768867 0.321391 -0.301704 7.188388 -0.016153
48.261913 6.300073 2.389558 -0.155114 311.383850 84.913925 0.318250 -0.288832 7.187147 -0.013586
48.378902 6.214135 2.398376 -0.026117 312.207977 85.036682 0.317501 -0.259441 7.183493 -0.013408
48.511890 6.105943 2.373436 0.133114 313.159943 85.175903 0.320343 -0.219226 7.176230 -0.015683
48.628880 5.992583 2.324749 0.272612 313.990234 85.293221 0.326112 -0.198385 7.159810 -0.018473
48.762867 5.860605 2.272294 0.475867 314.932617 85.425644 0.337374 -0.204201 7.149117 -0.019342
48.878857 5.749438 2.219990 0.651771 315.760986 85.540291 0.350279 -0.227982 7.145045 -0.016774
49.012844 5.644496 2.151299 0.820479 316.702698 85.667046 0.366374 -0.253305 7.146770 -0.013327
49.129833 5.582477 2.078149 1.010384 317.532684 85.775795 0.379753 -0.258379 7.151854 -0.008244
49.262821 5.519759 2.021802 1.180351 318.475677 85.895622 0.392868 -0.241970 7.145364 -0.009646
49.379810 5.459431 1.972688 1.281096 319.305115 85.998444 0.399852 -0.215039 7.141006 -0.010121
49.512798 5.384313 1.917998 1.374295 320.255005 86.114281 0.402135 -0.175817 7.140924 -0.009925
49.629787 5.324051 1.867086 1.423761 321.078796 86.213112 0.400977 -0.132529 7.157944 -0.008024
49.762775 5.274125 1.791362 1.396175 322.033051 86.324051 0.395289 -0.065706 7.177894 -0.005181
49.879765 5.224982 1.728923 1.299380 322.862091 86.418388 0.388503 0.006401 7.197726 -0.006700
50.013752 5.168602 1.668178 1.144717 323.821381 86.523514 0.379424 0.095604 7.202939 -0.005545
50.129742 5.131076 1.623521 0.995422 324.660706 86.613548 0.370527 0.166265 7.220579 -0.005619
50.263729 5.080722 1.584556 0.837513 325.615845 86.714943 0.358525 0.230155 7.221850 -0.005821
50.380718 5.039184 1.573410 0.676920 326.457214 86.803299 0.347586 0.274563 7.231091 -0.005330
50.513706 4.994150 1.587948 0.453853 327.420837 86.902763 0.339190 0.321339 7.226570 -0.003377
50.630695 4.963541 1.600922 0.199767 328.255035 86.987801 0.334466 0.362546 7.228307 -0.002920
50.763683 4.936399 1.629179 -0.068634 329.217957 87.086655 0.332179 0.404775 7.222975 -0.002612
50.880672 4.920444 1.649044 -0.277661 330.050476 87.172836 0.335411 0.425937 7.211227 -0.002663
51.013660 4.892314 1.662872 -0.512130 331.011200 87.270592 0.342377 0.424117 7.201670 -0.002860
51.130650 4.873815 1.692037 -0.677166 331.848785 87.352798 0.349558 0.401496 7.185361 -0.002453
51.264637 4.846611 1.717330 -0.828376 332.798645 87.445206 0.358336 0.360330 7.168895 -0.002827
51.380627 4.827852 1.711255 -0.902987 333.632385 87.526451 0.367119 0.314724 7.156144 -0.000983
51.514614 4.826056 1.682008 -0.957212 334.578796 87.618057 0.377344 0.251894 7.144733 0.000715
51.630604 4.835166 1.646534 -0.984155 335.409241 87.698006 0.385141 0.186715 7.123701 0.000911
51.764591 4.848510 1.566648 -0.994237 336.351837 87.786118 0.389725 0.106049 7.117285 0.002395
51.881580 4.870531 1.451340 -0.972374 337.180939 87.862053 0.390689 0.033472 7.122123 0.003094
52.014568 4.907998 1.276574 -0.846214 338.131195 87.948936 0.388517 -0.051290 7.123933 0.004954
52.131557 4.942514 1.102349 -0.659399 338.954468 88.025177 0.384912 -0.128280 7.127538 0.004112
52.265545 4.978243 0.884787 -0.409752 339.906128 88.112885 0.378154 -0.217206 7.132158 0.004389
52.381535 5.013065 0.686334 -0.187682 340.738556 88.188156 0.372799 -0.286065 7.148659 0.004147
52.515522 5.048915 0.479964 0.008101 341.686127 88.273621 0.368991 -0.347729 7.155099 0.004658
52.631512 5.078609 0.331525 0.143923 342.519653 88.348915 0.367952 -0.391369 7.156169 0.003417
52.765499 5.096601 0.195875 0.230423 343.467255 88.433815 0.369626 -0.436833 7.153013 0.001929
52.881489 5.108626 0.101352 0.274581 344.301239 88.507118 0.374555 -0.469429 7.157179 0.001553
53.015476 5.122508 0.044254 0.359843 345.248901 88.590263 0.384309 -0.479842 7.148034 0.001763
53.132465 5.134715 0.035315 0.364230 346.082062 88.663071 0.395865 -0.451831 7.144855 0.001670
53.265453 5.154521 0.059495 0.358488 347.028961 88.744530 0.411574 -0.380881 7.149574 0.003257
53.382442 5.175015 0.105314 0.331576 347.863373 88.815674 0.427932 -0.301542 7.154979 0.003182
53.499432 5.196696 0.176593 0.309162 348.697601 88.886879 0.445371 -0.224316 7.161712 0.003093
53.632420 5.218279 0.275822 0.305669 349.648041 88.968697 0.463923 -0.149264 7.183321 0.002717
53.749409 5.244495 0.383379 0.313401 350.485657 89.039597 0.477091 -0.093397 7.191182 0.003772
53.882397 5.272765 0.519930 0.372439 351.448395 89.119278 0.485965 -0.033968 7.225334 0.004225
53.999386 5.291791 0.625993 0.459841 352.285156 89.186104 0.487341 0.019105 7.246468 0.001761
54.132374 5.308302 0.728195 0.581727 353.256317 89.264420 0.480581 0.085750 7.293602 0.001085
54.249363 5.301828 0.799030 0.711307 354.110077 89.332657 0.469289 0.147424 7.344327 -0.001572
54.383350 5.281444 0.864042 0.912354 355.087524 89.412422 0.452468 0.214014 7.394040 -0.004248
54.499340 5.238822 0.943299 1.062848 355.952393 89.484222 0.434411 0.260973 7.432673 -0.006600
54.633327 5.186280 1.061216 1.138042 356.941345 89.564804 0.410978 0.293922 7.479846 -0.007339
54.750317 5.145258 1.190880 1.201190 357.815155 89.635841 0.389624 0.306207 7.507188 -0.006259
54.883305 5.104215 1.393782 1.272331 358.812653 89.715614 0.365023 0.312034 7.536451 -0.005186
55.000294 5.070872 1.624656 1.361151 359.693695 89.786362 0.344132 0.321675 7.561712 -0.005632
55.133282 5.026073 1.945990 1.443454 360.705566 89.866280 0.325335 0.343817 7.587756 -0.005959
55.250271 4.981211 2.258924 1.467019 361.584656 89.936073 0.313643 0.363622 7.606483 -0.007968
55.383259 4.907832 2.675977 1.431077 362.602753 90.018044 0.304307 0.363929 7.631429 -0.009420
55.500248 4.854429 3.088277 1.378432 363.493439 90.087753 0.299869 0.329532 7.640675 -0.006385
55.634235 4.795575 3.590882 1.213595 364.507233 90.166466 0.299230 0.254300 7.646150 -0.006677
55.750225 4.732164 4.049738 0.983571 365.400146 90.234123 0.300441 0.172966 7.659984 -0.007037
55.884212 4.667307 4.563112 0.846878 366.415833 90.310631 0.300988 0.081092 7.657099 -0.007378
56.001202 4.618421 5.018685 0.764158 367.307739 90.378113 0.300909 0.003171 7.638563 -0.005479
56.134190 4.546190 5.539748 0.651396 368.321350 90.455017 0.300552 -0.084116 7.641543 -0.009482
56.251179 4.477783 5.959970 0.563171 369.211670 90.522148 0.297824 -0.153341 7.627001 -0.010004
56.384167 4.392023 6.424560 0.537848 370.212006 90.597679 0.293780 -0.206725 7.449042 -0.011821
56.501156 4.309808 6.845873 0.512171 371.065369 90.661613 0.291118 -0.226285 7.222913 -0.011808
56.634144 4.204171 7.325396 0.469195 372.012299 90.731705 0.288233 -0.232413 6.995027 -0.013083
56.751133 4.118350 7.707177 0.426835 372.807129 90.788887 0.285888 -0.244165 6.791432 -0.012852
56.884121 4.015139 8.081602 0.371126 373.697998 90.851570 0.282760 -0.274183 6.578170 -0.012968
57.001110 3.929322 8.333817 0.369039 374.452637 90.901772 0.280385 -0.302934 6.395065 -0.012872
57.135098 3.824203 8.518554 0.390758 375.289825 90.956375 0.273925 -0.317339 6.294200 -0.013493
57.252087 3.725653 8.546986 0.360963 376.027466 91.003380 0.262798 -0.305777 6.338246 -0.014255
57.385075 3.603549 8.448011 0.304090 376.872559 91.055527 0.245171 -0.270472 6.385903 -0.013953
57.502064 3.504992 8.220761 0.284776 377.621307 91.102348 0.227654 -0.228760 6.429555 -0.014279
57.635052 3.392266 7.805089 0.309869 378.480225 91.153900 0.207214 -0.174837 6.495975 -0.014367
57.752041 3.299954 7.336913 0.320862 379.243225 91.200203 0.186976 -0.121946 6.553251 -0.013769
57.885029 3.198529 6.698152 0.306990 380.125397 91.255638 0.165721 -0.053831 6.626626 -0.010969
58.002018 3.118329 6.092469 0.266165 380.896088 91.303421 0.151365 0.010083 6.680620 -0.011549
58.136005 3.032697 5.376676 0.252577 381.794434 91.357872 0.139906 0.084734 6.747542 -0.011417
58.251995 2.966075 4.785432 0.309824 382.586304 91.404373 0.136045 0.145678 6.802629 -0.010183
58.385983 2.881169 4.172460 0.376114 383.493561 91.454842 0.138511 0.206454 6.862145 -0.011685
58.502972 2.811000 3.720175 0.419868 384.298462 91.497620 0.148611 0.251952 6.907220 -0.010168
58.635960 2.726956 3.320116 0.378515 385.218658 91.544746 0.167249 0.292759 6.944937 -0.009594
58.752949 2.652961 3.074996 0.393952 386.032043 91.586227 0.186526 0.312973 6.968889 -0.012055
58.885937 2.559291 2.900956 0.401590 386.957947 91.633354 0.206908 0.309031 6.975113 -0.013740
59.002926 2.475548 2.824829 0.393879 387.773651 91.673630 0.222456 0.279799 6.980347 -0.012101
59.135914 2.378765 2.817595 0.405848 388.707947 91.717995 0.234163 0.225078 6.983200 -0.013653
59.252903 2.289462 2.859207 0.387592 389.516785 91.754684 0.238585 0.169908 6.977200 -0.013546
59.386890 2.202063 2.927867 0.390419 390.449890 91.796471 0.235997 0.104940 6.961508 -0.010660
59.502880 2.123686 3.017739 0.435011 391.262634 91.833557 0.228127 0.048734 6.949164 -0.012443
59.636868 2.028598 3.120318 0.511311 392.184540 91.877708 0.211738 -0.011951 6.930919 -0.012879
59.752857 1.950308 3.213906 0.593766 392.993835 91.916382 0.192301 -0.056649 6.923211 -0.012391
59.886845 1.862236 3.326042 0.634694 393.912079 91.959694 0.167364 -0.091553 6.898284 -0.011128
60.003834 1.789104 3.414715 0.533215 394.716614 91.996040 0.145538 -0.109729 6.872373 -0.009105
