1.20 1.10 20 64
0.142000 0.019841 -0.047081 -0.044845 1.028505 -0.000587 -0.127691 -0.061105 6.631258 0.003659
0.258000 0.034680 -0.106405 -0.113011 1.797204 -0.002218 -0.055655 -0.085314 6.522064 0.000090
0.392000 0.040940 -0.203413 -0.110099 2.655503 -0.004542 0.079670 -0.106097 6.399197 -0.000138
0.509000 0.045654 -0.317618 -0.174239 3.396935 -0.005776 0.227781 -0.113510 6.288904 -0.000203
0.642000 0.041499 -0.504282 -0.288480 4.225791 -0.008714 0.408581 -0.109228 6.191382 -0.000607
0.759000 0.048450 -0.739543 -0.389677 4.946648 -0.012407 0.562971 -0.096652 6.145850 0.001673
0.892000 0.073430 -1.089827 -0.487213 5.763204 -0.016759 0.716310 -0.071822 6.143853 0.003657
1.009000 0.102218 -1.458519 -0.553452 6.484009 -0.021203 0.818712 -0.037983 6.180098 0.004771
1.126000 0.145010 -1.884967 -0.615384 7.212102 -0.024842 0.883402 0.007144 6.255745 0.006551
1.259000 0.191066 -2.423190 -0.714615 8.051019 -0.028558 0.906474 0.063981 6.349723 0.005421
1.376000 0.233133 -2.915020 -0.792506 8.798954 -0.032462 0.882743 0.104309 6.421530 0.005658
1.509000 0.283465 -3.445236 -0.864664 9.658347 -0.036298 0.809662 0.125135 6.483451 0.005515
1.625999 0.321243 -3.872212 -0.903519 10.418293 -0.041901 0.714127 0.118471 6.498350 0.005677
1.758999 0.360920 -4.266266 -0.930284 11.287071 -0.049894 0.579639 0.089616 6.468766 0.003888
1.875999 0.394905 -4.481747 -0.992354 12.035295 -0.058534 0.456292 0.054028 6.435117 0.005106
2.009999 0.436218 -4.552084 -0.988050 12.892234 -0.070325 0.325839 0.006663 6.362492 0.005826
2.125999 0.468405 -4.419935 -0.989270 13.631626 -0.082152 0.234543 -0.035986 6.292679 0.004542
2.259999 0.496344 -4.056053 -0.992573 14.461145 -0.097136 0.168150 -0.076954 6.193682 0.003433
2.376999 0.504033 -3.589793 -0.923898 15.179876 -0.110686 0.146298 -0.095612 6.110814 0.001076
2.509999 0.510021 -2.950856 -0.811232 15.984018 -0.124479 0.165040 -0.091551 6.002896 0.001238
2.626998 0.520853 -2.360397 -0.743629 16.680729 -0.137414 0.211906 -0.072492 5.927117 0.003150
2.759998 0.541239 -1.726129 -0.720316 17.461899 -0.153293 0.292065 -0.050288 5.839593 0.002999
2.876998 0.561580 -1.247774 -0.722733 18.141941 -0.169827 0.372904 -0.042135 5.798080 0.003390
3.009998 0.584245 -0.833361 -0.729996 18.916470 -0.189884 0.465267 -0.047401 5.775502 0.002800
3.126998 0.608476 -0.619741 -0.702658 19.586039 -0.205345 0.536546 -0.057009 5.775035 0.004211
3.259998 0.647074 -0.533401 -0.573800 20.361612 -0.220703 0.601812 -0.064420 5.802778 0.005851
3.376998 0.677646 -0.590190 -0.398051 21.043274 -0.232617 0.640005 -0.065414 5.845699 0.004386
3.510998 0.706768 -0.826405 -0.202671 21.825821 -0.246458 0.658690 -0.065094 5.912183 0.003891
3.626997 0.731051 -1.169665 0.021280 22.521236 -0.257568 0.652179 -0.069245 5.966090 0.004702
3.760997 0.760558 -1.676737 0.327533 23.319246 -0.268235 0.618470 -0.080779 6.026596 0.003756
3.877997 0.771303 -2.214354 0.618075 24.026497 -0.279147 0.571645 -0.092785 6.055721 0.002263
4.010997 0.761885 -2.884700 0.913754 24.834263 -0.293009 0.504133 -0.100044 6.085917 -0.001511
4.127998 0.742011 -3.493082 1.175619 25.546648 -0.303423 0.440150 -0.096319 6.091571 -0.001316
4.260998 0.699693 -4.156593 1.418547 26.357035 -0.314410 0.371559 -0.081448 6.091087 -0.004585
4.377999 0.645166 -4.676127 1.541392 27.068050 -0.323208 0.320189 -0.065243 6.069564 -0.007052
4.512000 0.568858 -5.128234 1.572808 27.880007 -0.335187 0.281447 -0.047735 6.052704 -0.009522
4.628000 0.499912 -5.380804 1.596259 28.586700 -0.346024 0.270516 -0.032309 6.034394 -0.011309
4.762001 0.400087 -5.475662 1.567138 29.386005 -0.359156 0.285183 -0.006185 5.987538 -0.014757
4.879001 0.306180 -5.394853 1.526124 30.083443 -0.370184 0.319183 0.030199 5.939119 -0.015576
5.012002 0.196978 -5.165622 1.440374 30.870152 -0.384859 0.377560 0.086805 5.897796 -0.013826
5.129002 0.108897 -4.840462 1.413872 31.558208 -0.398323 0.437273 0.141916 5.868482 -0.013937
5.262002 -0.001082 -4.381103 1.334316 32.336407 -0.414412 0.506422 0.197837 5.838034 -0.014686
5.379003 -0.102590 -3.951370 1.245054 33.018551 -0.429049 0.558933 0.233035 5.832853 -0.016931
5.512003 -0.225175 -3.462121 1.112417 33.800037 -0.447398 0.600746 0.255946 5.834893 -0.017572
5.629004 -0.339254 -3.050367 0.995674 34.478088 -0.463404 0.618053 0.263938 5.857412 -0.018995
5.762004 -0.478466 -2.610225 0.900972 35.264290 -0.481634 0.615709 0.262166 5.876845 -0.020000
5.879005 -0.607509 -2.296628 0.805943 35.947243 -0.496409 0.595744 0.249518 5.900303 -0.019735
6.013006 -0.755009 -2.012217 0.675788 36.738461 -0.513679 0.552668 0.216522 5.911567 -0.019522
6.129006 -0.881181 -1.846598 0.582769 37.430870 -0.529712 0.501297 0.171994 5.923268 -0.018687
6.263007 -1.022864 -1.749938 0.494888 38.218590 -0.546853 0.431563 0.110585 5.922992 -0.018741
6.380007 -1.137841 -1.736650 0.447331 38.910778 -0.561007 0.367959 0.057266 5.914725 -0.016514
6.513008 -1.259666 -1.809209 0.393132 39.696781 -0.577618 0.300117 0.003571 5.910430 -0.017198
6.630008 -1.375235 -1.949189 0.288319 40.387539 -0.593134 0.251133 -0.037021 5.896288 -0.017502
6.763009 -1.503962 -2.170106 0.171454 41.171150 -0.611172 0.213141 -0.078020 5.891440 -0.018040
6.880009 -1.620481 -2.402624 0.113496 41.860622 -0.627096 0.198527 -0.109803 5.896218 -0.017423
7.013010 -1.747775 -2.710140 0.073290 42.650482 -0.647535 0.202264 -0.141223 5.899361 -0.015828
7.130010 -1.851111 -2.999725 0.073717 43.334671 -0.667748 0.225096 -0.166934 5.901489 -0.015838
7.264011 -1.983587 -3.306161 0.065368 44.125694 -0.692240 0.268312 -0.201960 5.908560 -0.017086
7.381011 -2.103597 -3.528373 0.042716 44.822998 -0.714412 0.318358 -0.241123 5.916733 -0.018425
7.515012 -2.238622 -3.724032 0.004077 45.610264 -0.737982 0.381236 -0.291618 5.926705 -0.015888
7.632012 -2.341636 -3.857737 0.064208 46.303833 -0.757451 0.435692 -0.331736 5.934392 -0.013882
7.765013 -2.465299 -3.958964 0.168587 47.099621 -0.778433 0.490378 -0.358847 5.950622 -0.015297
7.882013 -2.573530 -4.002401 0.250664 47.790798 -0.797568 0.527784 -0.356371 5.968646 -0.015102
8.015014 -2.702361 -4.003710 0.366162 48.585964 -0.821120 0.552890 -0.319238 5.990132 -0.016585
8.132014 -2.821839 -3.964546 0.483375 49.287437 -0.843316 0.556794 -0.260224 6.003663 -0.017390
8.265015 -2.960932 -3.881406 0.592992 50.092113 -0.869578 0.541254 -0.171028 6.013150 -0.016708
8.382015 -3.076276 -3.793231 0.731006 50.795547 -0.893617 0.511077 -0.084747 6.015843 -0.015190
8.515016 -3.194289 -3.692828 0.848774 51.594307 -0.922878 0.462973 0.012974 6.004248 -0.013855
8.632016 -3.301927 -3.601183 0.954397 52.294857 -0.948764 0.412966 0.088808 5.982794 -0.015063
8.766017 -3.415424 -3.482221 1.062795 53.087776 -0.978715 0.351945 0.153870 5.952152 -0.013303
8.883018 -3.511204 -3.375381 1.101316 53.781940 -1.007380 0.300243 0.187534 5.924682 -0.013642
9.016018 -3.613484 -3.238359 1.107903 54.566284 -1.042803 0.248293 0.207098 5.889285 -0.013670
9.133018 -3.708182 -3.105897 1.107314 55.252487 -1.076119 0.214438 0.221572 5.858617 -0.013463
9.266019 -3.808675 -2.942970 1.084654 56.028160 -1.116238 0.195217 0.247802 5.826242 -0.015366
9.383019 -3.902538 -2.797388 0.947144 56.706146 -1.153179 0.195450 0.277986 5.788583 -0.015433
9.516020 -4.010925 -2.654349 0.780584 57.477844 -1.195570 0.212239 0.308743 5.757662 -0.015611
9.633020 -4.107690 -2.566658 0.629013 58.144215 -1.232579 0.238828 0.323060 5.747805 -0.015586
9.766021 -4.223482 -2.513811 0.505752 58.912880 -1.276022 0.281661 0.325725 5.745842 -0.016906
9.883021 -4.334530 -2.509797 0.359987 59.583797 -1.315172 0.326449 0.320667 5.744383 -0.018148
10.017022 -4.472050 -2.559649 0.284000 60.347054 -1.359410 0.377842 0.309023 5.754353 -0.019059
10.133022 -4.592236 -2.652697 0.283918 61.020226 -1.399386 0.417965 0.289430 5.774177 -0.017863
10.267023 -4.729889 -2.769294 0.253306 61.788792 -1.446697 0.453603 0.251764 5.801713 -0.017885
10.384024 -4.854436 -2.897745 0.206507 62.468540 -1.490874 0.473451 0.203526 5.833798 -0.018975
10.517024 -4.989309 -3.054682 0.110208 63.244942 -1.542166 0.480699 0.134560 5.863365 -0.018525
10.634025 -5.107205 -3.196959 -0.005642 63.931507 -1.588985 0.473311 0.064126 5.895256 -0.017689
10.751025 -5.212765 -3.331887 -0.127584 64.621323 -1.637247 0.454600 -0.013093 5.917713 -0.015681
10.884026 -5.323226 -3.462618 -0.290496 65.408051 -1.694919 0.421693 -0.108805 5.936539 -0.014958
11.001026 -5.420433 -3.550791 -0.467978 66.100395 -1.747147 0.388785 -0.199037 5.938666 -0.017282
11.134027 -5.540994 -3.618308 -0.689848 66.888000 -1.806660 0.350308 -0.308278 5.936330 -0.017930
11.251027 -5.649354 -3.638089 -0.888528 67.580330 -1.860207 0.318591 -0.402917 5.931871 -0.018773
11.384027 -5.777983 -3.617772 -1.073115 68.372063 -1.921742 0.290793 -0.496724 5.921503 -0.018415
11.501028 -5.896389 -3.538836 -1.202731 69.055832 -1.976362 0.275117 -0.550583 5.909992 -0.018786
11.634028 -6.024780 -3.416053 -1.212086 69.843552 -2.041440 0.265788 -0.570990 5.890647 -0.015023
11.751029 -6.124573 -3.263995 -1.138581 70.529434 -2.099350 0.269371 -0.550850 5.878349 -0.012917
11.885030 -6.232705 -3.060256 -1.004897 71.307083 -2.166305 0.285572 -0.491187 5.862886 -0.014227
12.002030 -6.328650 -2.879135 -0.870490 71.989853 -2.225378 0.307470 -0.414595 5.857156 -0.012337
12.135031 -6.445794 -2.673058 -0.676915 72.764557 -2.294046 0.340002 -0.307781 5.844055 -0.015056
12.252031 -6.567572 -2.527253 -0.516877 73.445358 -2.356848 0.369329 -0.202700 5.841551 -0.016621
12.385032 -6.714747 -2.399763 -0.310757 74.219345 -2.429744 0.398950 -0.074122 5.850603 -0.019171
12.502032 -6.860626 -2.327360 -0.059395 74.901367 -2.494832 0.418964 0.042763 5.859731 -0.020688
12.635033 -7.042382 -2.277520 0.158547 75.684128 -2.571120 0.432866 0.173964 5.877798 -0.023377
12.752033 -7.199962 -2.288430 0.284571 76.363853 -2.637890 0.437855 0.272710 5.895278 -0.023178
12.886034 -7.387316 -2.362856 0.427551 77.151299 -2.716686 0.431155 0.354714 5.914341 -0.023891
13.002034 -7.554764 -2.465605 0.563538 77.841522 -2.785748 0.418439 0.389522 5.935435 -0.025097
13.136035 -7.760583 -2.603001 0.765780 78.628967 -2.866797 0.398068 0.392658 5.960608 -0.026417
13.252035 -7.941015 -2.747352 0.987586 79.323120 -2.940377 0.379517 0.376964 5.971599 -0.024868
13.386036 -8.138663 -2.905647 1.252252 80.113205 -3.025308 0.357672 0.357827 5.978735 -0.024311
13.503036 -8.318714 -3.043288 1.512498 80.808701 -3.099794 0.340838 0.349508 5.976259 -0.024997
13.636037 -8.521527 -3.174834 1.674656 81.598915 -3.189621 0.328610 0.346785 5.983845 -0.025666
13.753037 -8.701950 -3.261548 1.807193 82.293839 -3.272281 0.326389 0.339764 5.979134 -0.025533
13.886038 -8.909719 -3.308622 1.955858 83.088928 -3.367820 0.334023 0.312574 5.974378 -0.025145
14.003038 -9.075933 -3.306552 1.995604 83.776970 -3.451854 0.346037 0.270106 5.973469 -0.025833
14.136039 -9.259844 -3.257479 1.931475 84.570854 -3.550312 0.365101 0.205517 5.969391 -0.023412
14.253039 -9.419546 -3.204388 1.794908 85.263878 -3.637130 0.385090 0.145314 5.969312 -0.025218
14.387040 -9.593106 -3.121557 1.665789 86.051941 -3.736495 0.410310 0.078600 5.974092 -0.023724
14.504041 -9.733347 -3.036361 1.502417 86.745827 -3.824091 0.433242 0.024438 5.981618 -0.021468
14.637041 -9.880919 -2.932475 1.273706 87.536507 -3.923254 0.454359 -0.031833 5.998863 -0.020915
14.754042 -10.011079 -2.845216 1.073341 88.234215 -4.009556 0.466384 -0.076150 6.017885 -0.020820
14.887042 -10.163597 -2.747991 0.847646 89.030060 -4.109175 0.473722 -0.122126 6.036151 -0.021696
15.004043 -10.294210 -2.678940 0.574125 89.732468 -4.198225 0.473539 -0.160165 6.059904 -0.021580
15.137043 -10.435245 -2.612650 0.185519 90.539871 -4.301937 0.465837 -0.201130 6.083274 -0.020752
15.254044 -10.570224 -2.567544 -0.156614 91.240410 -4.393189 0.455162 -0.230071 6.093570 -0.022938
15.387044 -10.730042 -2.522352 -0.559683 92.049973 -4.500313 0.441343 -0.250551 6.098732 -0.022707
15.504045 -10.859280 -2.474302 -0.898618 92.757919 -4.594152 0.428087 -0.256926 6.107624 -0.020295
15.638045 -10.989093 -2.429121 -1.240124 93.564384 -4.701803 0.414925 -0.259669 6.125021 -0.017319
15.754045 -11.082267 -2.415147 -1.479293 94.275131 -4.797635 0.406578 -0.268160 6.133004 -0.013302
15.888046 -11.177343 -2.399759 -1.728021 95.083565 -4.908921 0.401611 -0.289713 6.137755 -0.013680
16.005047 -11.258912 -2.377234 -1.913182 95.796219 -5.008393 0.400372 -0.314025 6.154320 -0.012651
16.138050 -11.352985 -2.349277 -2.100757 96.608704 -5.120561 0.402346 -0.332495 6.171214 -0.013406
16.255053 -11.432345 -2.297578 -2.226862 97.324348 -5.220348 0.407885 -0.326925 6.182931 -0.011577
16.388056 -11.501327 -2.243232 -2.315298 98.139366 -5.338125 0.419247 -0.288592 6.199798 -0.007765
16.505058 -11.554407 -2.192109 -2.357699 98.858482 -5.442682 0.432205 -0.231813 6.217928 -0.007951
16.639061 -11.626134 -2.119596 -2.337771 99.685478 -5.563750 0.448817 -0.154234 6.248578 -0.008981
16.755064 -11.692472 -2.068601 -2.292591 100.403549 -5.670828 0.463248 -0.088674 6.266245 -0.010055
16.888067 -11.754170 -2.011667 -2.219701 101.235703 -5.795358 0.477885 -0.018205 6.292909 -0.005789
17.005070 -11.791832 -1.936932 -2.177530 101.965401 -5.905713 0.487788 0.042054 6.317900 -0.005680
17.139072 -11.821011 -1.827935 -2.088206 102.798431 -6.032599 0.498168 0.114926 6.346143 -0.002474
17.255075 -11.836602 -1.732391 -1.955421 103.534073 -6.145821 0.505155 0.179907 6.372456 -0.000934
17.389078 -11.833952 -1.628474 -1.772812 104.373360 -6.278727 0.507168 0.245854 6.399076 0.001977
17.506081 -11.814831 -1.531964 -1.624905 105.113487 -6.398855 0.505522 0.289151 6.417811 0.004365
17.639084 -11.771712 -1.393568 -1.458677 105.957909 -6.537633 0.498720 0.323653 6.444727 0.007451
17.756086 -11.722051 -1.273508 -1.223645 106.702866 -6.661333 0.491447 0.345952 6.462928 0.008583
17.889090 -11.660621 -1.157747 -0.890840 107.558563 -6.805265 0.482827 0.366568 6.485093 0.008735
18.006092 -11.599225 -1.057918 -0.653267 108.307884 -6.933926 0.477853 0.376088 6.507137 0.010219
18.139095 -11.529385 -0.940603 -0.353661 109.163361 -7.078914 0.471589 0.371528 6.534452 0.009988
18.256098 -11.472874 -0.853710 -0.080371 109.918098 -7.205683 0.467000 0.354051 6.546058 0.008819
18.390100 -11.413996 -0.762137 0.236588 110.778130 -7.351271 0.463996 0.323292 6.563085 0.009199
18.506104 -11.350775 -0.682766 0.429654 111.536049 -7.479849 0.464908 0.289254 6.571738 0.010422
18.640106 -11.264973 -0.612178 0.618949 112.398643 -7.627362 0.467427 0.237749 6.581866 0.011401
18.757109 -11.202990 -0.562437 0.732754 113.158943 -7.757958 0.470819 0.177467 6.598133 0.008929
18.890112 -11.118164 -0.524337 0.838997 114.024734 -7.907666 0.477555 0.092166 6.612480 0.011789
19.007114 -11.037749 -0.522900 0.917295 114.787430 -8.040819 0.485366 0.008849 6.623949 0.012610
19.140118 -10.944541 -0.578559 1.007846 115.656364 -8.192029 0.493657 -0.090784 6.639908 0.012263
19.257120 -10.849591 -0.643004 1.054057 116.423019 -8.325934 0.501763 -0.179805 6.662001 0.014721
19.390123 -10.754580 -0.737623 0.997822 117.302895 -8.481775 0.511423 -0.281306 6.676517 0.011630
19.507126 -10.672224 -0.836456 0.880754 118.067284 -8.616879 0.519190 -0.359658 6.702243 0.011453
19.641129 -10.575979 -0.979557 0.794117 118.954346 -8.772444 0.528241 -0.427721 6.731584 0.013060
19.757132 -10.485786 -1.094989 0.713660 119.732346 -8.908475 0.535883 -0.460723 6.762053 0.013365
19.891134 -10.384286 -1.221741 0.603968 120.621155 -9.062149 0.543617 -0.469541 6.793835 0.012144
20.007137 -10.312449 -1.326703 0.452499 121.405624 -9.196911 0.549659 -0.457046 6.810562 0.009818
20.141140 -10.242983 -1.424421 0.221944 122.300613 -9.350019 0.553587 -0.424540 6.834782 0.007987
20.258142 -10.176459 -1.490849 0.020912 123.090660 -9.485208 0.553728 -0.379602 6.860528 0.010013
20.391146 -10.089218 -1.528861 -0.182205 123.991341 -9.638531 0.549429 -0.305027 6.878384 0.011223
20.508148 -10.015257 -1.512139 -0.305856 124.785362 -9.772323 0.544339 -0.213748 6.882409 0.010012
20.641151 -9.934530 -1.454412 -0.524261 125.695183 -9.926419 0.539103 -0.084239 6.889668 0.010438
20.758154 -9.864344 -1.360114 -0.720726 126.482605 -10.060420 0.534142 0.036335 6.885461 0.009784
20.891157 -9.788725 -1.231497 -0.926679 127.392258 -10.215027 0.529797 0.160916 6.882187 0.009430
21.008160 -9.728385 -1.138054 -1.082546 128.179947 -10.346633 0.528226 0.243997 6.886045 0.008776
21.142162 -9.656654 -1.041035 -1.238682 129.090408 -10.496898 0.527713 0.312683 6.886420 0.009419
21.258165 -9.592376 -0.965616 -1.337395 129.885681 -10.629318 0.528493 0.358666 6.893397 0.009434
21.392168 -9.524558 -0.882410 -1.400134 130.790588 -10.780722 0.527262 0.396208 6.898719 0.008342
21.508171 -9.475169 -0.825143 -1.381502 131.586975 -10.913552 0.526682 0.407041 6.905416 0.006431
21.642174 -9.434824 -0.766089 -1.373549 132.493591 -11.063906 0.526333 0.383258 6.913949 0.004316
21.759176 -9.397507 -0.733604 -1.413467 133.292160 -11.195972 0.524842 0.335635 6.923698 0.006491
21.876179 -9.347047 -0.701998 -1.460285 134.091949 -11.327820 0.523003 0.280770 6.929182 0.008078
22.009182 -9.296534 -0.693151 -1.470495 135.009430 -11.477896 0.522886 0.230048 6.943051 0.005673
22.126184 -9.261841 -0.694533 -1.469265 135.805389 -11.607341 0.523490 0.200950 6.960153 0.004779
22.259188 -9.232946 -0.738745 -1.525986 136.726089 -11.758495 0.523982 0.169385 6.963903 0.003814
22.376190 -9.205444 -0.799082 -1.510141 137.524521 -11.888204 0.525129 0.127381 6.979321 0.004966
22.509193 -9.164731 -0.867448 -1.412734 138.449203 -12.037081 0.527847 0.051101 6.999596 0.005382
22.626196 -9.126425 -0.919562 -1.242317 139.251419 -12.166277 0.532760 -0.033260 7.009070 0.007077
22.759199 -9.089514 -0.973762 -1.016737 140.180344 -12.317860 0.539218 -0.138981 7.033904 0.004623
22.876202 -9.064404 -1.004862 -0.799383 140.993790 -12.451526 0.545262 -0.228764 7.050556 0.004479
23.010204 -9.029782 -1.030300 -0.507283 141.920990 -12.603963 0.552954 -0.324550 7.077296 0.005766
23.126207 -8.992362 -1.032652 -0.216684 142.739517 -12.737913 0.558961 -0.398118 7.099394 0.006101
23.260210 -8.949732 -1.010779 0.051141 143.672318 -12.891100 0.561329 -0.459036 7.113102 0.006862
23.377213 -8.903326 -0.951611 0.304788 144.494308 -13.027800 0.559580 -0.478726 7.130869 0.007853
23.510216 -8.855475 -0.851157 0.599725 145.430649 -13.185807 0.555647 -0.455344 7.141817 0.006279
23.627218 -8.806530 -0.742051 0.836516 146.254410 -13.324938 0.553149 -0.400914 7.137270 0.007960
23.760221 -8.745137 -0.581479 1.084079 147.197128 -13.483854 0.548793 -0.315899 7.135163 0.006857
23.877224 -8.705123 -0.425064 1.262658 148.013702 -13.621832 0.543342 -0.234677 7.142449 0.005899
24.011227 -8.651907 -0.214550 1.431034 148.958481 -13.781033 0.538017 -0.135934 7.150847 0.007506
24.127230 -8.603822 -0.020301 1.539194 149.783737 -13.919744 0.532729 -0.045337 7.154073 0.006023
24.261232 -8.559551 0.195586 1.608357 150.722961 -14.079458 0.526643 0.062348 7.167678 0.005625
24.377235 -8.522095 0.389921 1.643353 151.549194 -14.220616 0.521743 0.155000 7.160748 0.005598
24.511238 -8.482001 0.601165 1.681725 152.488129 -14.380661 0.517179 0.249501 7.164420 0.004577
24.628241 -8.452694 0.787224 1.695540 153.314117 -14.520867 0.512690 0.315559 7.159030 0.003989
24.761244 -8.428834 0.965275 1.630346 154.252548 -14.680014 0.509007 0.370196 7.155384 0.003165
24.879246 -8.399511 1.072292 1.529535 155.085815 -14.819803 0.507577 0.402688 7.169025 0.005810
25.012249 -8.363264 1.147635 1.400962 156.035156 -14.978142 0.506777 0.426350 7.194824 0.003148
25.129251 -8.345703 1.158058 1.358837 156.866745 -15.114337 0.507118 0.431962 7.208592 0.002827
25.262255 -8.325320 1.141009 1.309706 157.814926 -15.267034 0.509438 0.410010 7.230086 0.003024
25.379257 -8.305600 1.104372 1.263921 158.651413 -15.402555 0.513437 0.358060 7.257048 0.003313
25.513260 -8.281382 1.007666 1.213552 159.606873 -15.556613 0.518491 0.267893 7.291715 0.003485
25.629263 -8.244720 0.909309 1.235556 160.451416 -15.690899 0.522390 0.181786 7.319506 0.005830
25.763266 -8.196695 0.821216 1.182552 161.415253 -15.845412 0.525053 0.101322 7.357065 0.006399
25.880268 -8.139780 0.739906 1.165361 162.267654 -15.980726 0.525376 0.056222 7.388731 0.008276
26.013271 -8.094361 0.682618 1.152913 163.241013 -16.134129 0.523594 0.024651 7.426472 0.004905
26.130274 -8.071715 0.664728 1.071759 164.101028 -16.269871 0.521658 -0.002523 7.449390 0.003319
26.263277 -8.048825 0.665017 0.950116 165.089233 -16.425070 0.520360 -0.051134 7.474080 0.003840
26.380280 -8.018997 0.691979 0.870487 165.948578 -16.558451 0.517735 -0.114175 7.508284 0.005230
26.514282 -7.985810 0.769837 0.800304 166.945938 -16.710285 0.512521 -0.207984 7.543130 0.003117
26.630285 -7.974068 0.861610 0.719867 167.812027 -16.841387 0.506126 -0.294146 7.558565 0.002506
26.764288 -7.949139 0.993148 0.578275 168.815414 -16.993921 0.496999 -0.377482 7.583352 0.004298
26.880291 -7.918356 1.151597 0.430248 169.694122 -17.126102 0.488545 -0.418593 7.602032 0.005640
27.014294 -7.874149 1.379909 0.229996 170.696030 -17.275673 0.478963 -0.424540 7.630041 0.007349
27.131296 -7.832240 1.625240 0.065600 171.579056 -17.407793 0.469448 -0.403072 7.631460 0.006951
27.264299 -7.787744 1.953792 -0.136492 172.583084 -17.557550 0.454842 -0.363710 7.642345 0.005699
27.381302 -7.750317 2.279973 -0.319004 173.468521 -17.689661 0.439450 -0.321253 7.658656 0.007412
27.514305 -7.704192 2.670599 -0.552353 174.476501 -17.840097 0.421173 -0.260026 7.672205 0.007665
27.631308 -7.665150 2.985248 -0.764918 175.364487 -17.972551 0.405178 -0.195434 7.675466 0.007903
27.764311 -7.616965 3.365189 -0.997513 176.382568 -18.123766 0.387084 -0.122746 7.682786 0.007704
27.881313 -7.580704 3.721038 -1.258402 177.264648 -18.255604 0.372882 -0.074507 7.687092 0.007493
28.014317 -7.559516 4.113909 -1.624583 178.281525 -18.406506 0.357864 -0.034641 7.658589 0.006001
28.131319 -7.539870 4.442035 -1.844285 179.164673 -18.536526 0.347473 0.003057 7.611425 0.005077
28.265322 -7.517533 4.759433 -2.045713 180.162750 -18.684174 0.339619 0.070274 7.563496 0.004242
28.382324 -7.488520 4.974881 -2.153195 181.034805 -18.811954 0.334835 0.150341 7.516735 0.006137
28.515327 -7.446711 5.140996 -2.234357 182.020645 -18.955566 0.332167 0.244717 7.475511 0.005935
28.632330 -7.408913 5.221163 -2.234424 182.884003 -19.080463 0.330956 0.311082 7.439575 0.004286
28.765333 -7.375719 5.226905 -2.183494 183.861893 -19.222330 0.332023 0.358667 7.424690 0.003413
28.882336 -7.347314 5.137954 -2.077730 184.720825 -19.346119 0.334349 0.377448 7.409952 0.002452
29.015339 -7.308599 4.943193 -1.890418 185.702835 -19.486197 0.336713 0.375622 7.398892 0.003274
29.132341 -7.264467 4.709190 -1.694738 186.552368 -19.606539 0.337757 0.351834 7.396391 0.005173
29.265345 -7.201700 4.385501 -1.402872 187.534912 -19.742683 0.339167 0.300158 7.407368 0.005136
29.382347 -7.152377 4.059083 -1.129180 188.393417 -19.859962 0.339857 0.241830 7.409167 0.004418
29.516350 -7.102815 3.658841 -0.750431 189.370132 -19.992153 0.337369 0.176020 7.411848 0.003011
29.633352 -7.066038 3.286184 -0.421766 190.230835 -20.109009 0.333287 0.127174 7.432170 0.001060
29.766356 -7.052924 2.870970 -0.068292 191.211182 -20.241810 0.328098 0.081431 7.439056 -0.003011
29.883358 -7.062875 2.500736 0.253761 192.074753 -20.357433 0.321454 0.044227 7.448241 -0.002556
30.016361 -7.063572 2.124798 0.578220 193.055313 -20.487274 0.313637 0.000110 7.429983 -0.000727
30.133364 -7.064179 1.851611 0.805459 193.917007 -20.602030 0.308136 -0.041004 7.427624 -0.001096
30.266367 -7.059975 1.611308 1.049083 194.902451 -20.733356 0.303334 -0.087897 7.412113 0.000159
30.383369 -7.059169 1.451180 1.270118 195.754257 -20.845308 0.301670 -0.126816 7.400109 -0.000547
30.517372 -7.062561 1.307533 1.483954 196.736862 -20.971331 0.302292 -0.167350 7.387547 -0.001089
30.633375 -7.079352 1.213424 1.624508 197.591522 -21.079218 0.303008 -0.195918 7.348872 -0.003065
30.767378 -7.105697 1.147755 1.704825 198.558517 -21.200607 0.304210 -0.216256 7.309024 -0.004895
30.883381 -7.146687 1.093035 1.712505 199.404709 -21.307253 0.303916 -0.221077 7.279219 -0.005601
31.017384 -7.202030 1.041480 1.648380 200.362503 -21.428532 0.303875 -0.213101 7.243624 -0.007295
31.134386 -7.262831 0.993184 1.591938 201.201019 -21.533875 0.304110 -0.197157 7.205819 -0.009944
31.267389 -7.354140 0.939119 1.475031 202.148926 -21.651072 0.304345 -0.172075 7.166525 -0.012584
31.384392 -7.429239 0.879920 1.370210 202.978790 -21.753242 0.304446 -0.146656 7.128902 -0.008844
31.501394 -7.500329 0.805815 1.306602 203.804428 -21.854145 0.304606 -0.121057 7.100725 -0.011286
31.634398 -7.584357 0.708001 1.240955 204.739426 -21.969345 0.304880 -0.095798 7.071381 -0.010932
31.751400 -7.644067 0.609959 1.148097 205.559418 -22.071388 0.306510 -0.078878 7.055346 -0.007341
31.884403 -7.695514 0.478142 1.014932 206.496063 -22.188469 0.308238 -0.063777 7.031921 -0.007320
32.001404 -7.751289 0.355167 0.870561 207.304276 -22.289852 0.310984 -0.052165 7.016064 -0.009312
32.134392 -7.823155 0.208155 0.642649 208.235779 -22.407810 0.314393 -0.039707 7.003380 -0.008797
32.251381 -7.886411 0.086873 0.458950 209.040649 -22.510206 0.317957 -0.031350 6.986733 -0.009869
32.385368 -7.967865 -0.054679 0.290599 209.967972 -22.626757 0.323994 -0.023405 6.966180 -0.011613
32.501358 -8.038961 -0.177347 0.133522 210.775635 -22.728592 0.331750 -0.011974 6.952187 -0.010889
32.635345 -8.114116 -0.311778 -0.035041 211.691666 -22.845282 0.342032 0.016618 6.936754 -0.009524
32.752335 -8.175939 -0.409973 -0.100532 212.495728 -22.946377 0.352036 0.059512 6.920379 -0.008791
32.885323 -8.241137 -0.516721 -0.197726 213.408249 -23.062263 0.364403 0.123197 6.916335 -0.008701
33.002312 -8.299153 -0.600782 -0.339529 214.210419 -23.164339 0.373636 0.178784 6.909265 -0.008095
33.135300 -8.345127 -0.697931 -0.460195 215.128723 -23.280577 0.382642 0.229055 6.905548 -0.005430
33.252289 -8.379997 -0.774465 -0.524960 215.924225 -23.381090 0.388644 0.256820 6.915149 -0.005117
33.385277 -8.421906 -0.852741 -0.507945 216.843246 -23.496620 0.392361 0.276120 6.915774 -0.006173
33.502266 -8.462624 -0.916185 -0.468744 217.639313 -23.598202 0.393755 0.284228 6.919203 -0.005978
33.636253 -8.495636 -0.959450 -0.360208 218.559464 -23.716532 0.392384 0.277354 6.928899 -0.001756
33.752243 -8.506009 -0.968435 -0.226143 219.364761 -23.819107 0.389503 0.244615 6.947819 -0.000496
33.886230 -8.512491 -0.954717 -0.130998 220.281189 -23.937208 0.385767 0.166511 6.954819 0.000476
34.003220 -8.500565 -0.903136 -0.012004 221.087799 -24.040344 0.381926 0.064534 6.948891 0.003214
34.136208 -8.469947 -0.825377 0.077080 222.005356 -24.156534 0.378374 -0.074284 6.956609 0.005164
34.253197 -8.432895 -0.746311 0.109300 222.813080 -24.260578 0.375885 -0.192942 6.964602 0.004737
34.386185 -8.391022 -0.621804 0.203534 223.732178 -24.376396 0.374254 -0.295894 6.963334 0.005897
34.503174 -8.345477 -0.483385 0.338220 224.541870 -24.476444 0.373813 -0.338076 6.973261 0.007048
34.636162 -8.293216 -0.291350 0.471742 225.468719 -24.590462 0.374859 -0.326238 6.969713 0.007011
34.753151 -8.247286 -0.115824 0.519438 226.271622 -24.688986 0.375816 -0.277159 6.973879 0.006063
34.887138 -8.205717 0.072798 0.535911 227.200241 -24.803320 0.377577 -0.199840 6.984995 0.005100
35.003128 -8.176697 0.226429 0.527247 228.012558 -24.903107 0.381048 -0.129474 7.001084 0.003842
35.137115 -8.140844 0.395620 0.554543 228.937622 -25.016716 0.386569 -0.051492 7.012594 0.004820
35.253105 -8.110711 0.530266 0.546044 229.752487 -25.115473 0.392287 0.011331 7.016249 0.004197
35.387093 -8.073481 0.676732 0.486771 230.679550 -25.228241 0.398409 0.064383 7.023595 0.005999
35.504082 -8.043896 0.800868 0.383996 231.496063 -25.328798 0.403688 0.086174 7.038435 0.004673
35.637070 -8.025068 0.940383 0.163605 232.433884 -25.446381 0.408237 0.088452 7.064023 0.001224
35.754059 -8.022293 1.047663 -0.001789 233.249451 -25.548599 0.409306 0.088935 7.098417 0.000281
35.887047 -8.017501 1.143556 -0.116605 234.195145 -25.665844 0.410485 0.104272 7.120000 0.000730
36.004036 -8.026230 1.228647 -0.219713 235.016281 -25.768282 0.409037 0.127187 7.142592 -0.001365
36.138023 -8.045965 1.299995 -0.378722 235.969070 -25.888065 0.405744 0.145410 7.180400 -0.001849
36.254013 -8.043844 1.348944 -0.486273 236.804153 -25.992817 0.402258 0.143488 7.204456 0.001035
36.388000 -8.063869 1.397875 -0.626443 237.757813 -26.112486 0.397696 0.122662 7.241378 -0.003409
36.503990 -8.095871 1.465134 -0.743946 238.599945 -26.218407 0.393205 0.094276 7.263629 -0.005079
36.637978 -8.131217 1.540771 -0.806659 239.561462 -26.336893 0.389386 0.050460 7.301171 -0.003428
36.754967 -8.151581 1.624784 -0.855088 240.411255 -26.442690 0.388389 -0.001210 7.335012 -0.001249
36.887955 -8.176918 1.764585 -0.981332 241.382278 -26.564276 0.389346 -0.072417 7.375449 -0.004012
37.004944 -8.218469 1.941540 -1.168381 242.240540 -26.672384 0.391932 -0.132270 7.402241 -0.005199
37.137932 -8.279500 2.174793 -1.275329 243.220245 -26.794205 0.395195 -0.179265 7.435609 -0.008399
37.254921 -8.337416 2.404984 -1.298517 244.085815 -26.901558 0.398508 -0.193471 7.462865 -0.007969
37.387909 -8.409959 2.714382 -1.352717 245.080750 -27.025585 0.401980 -0.180230 7.493128 -0.010292
37.504898 -8.481135 3.025713 -1.376501 245.952957 -27.134415 0.402882 -0.150687 7.521897 -0.010962
37.638885 -8.550719 3.385030 -1.329316 246.947632 -27.260042 0.398761 -0.108881 7.554660 -0.008575
37.754875 -8.617176 3.704893 -1.268317 247.825409 -27.371923 0.390229 -0.076323 7.567055 -0.011213
37.888863 -8.710059 4.058747 -1.308058 248.826981 -27.500587 0.374834 -0.051363 7.608558 -0.012521
38.005852 -8.792004 4.345974 -1.356465 249.712509 -27.613661 0.357213 -0.036491 7.644165 -0.011209
38.138840 -8.885977 4.668993 -1.438584 250.730057 -27.747692 0.330152 -0.013800 7.660756 -0.011873
38.255829 -8.973055 4.928962 -1.460882 251.612717 -27.863901 0.302952 0.020464 7.683659 -0.013036
38.388817 -9.073156 5.175968 -1.468008 252.633575 -27.998425 0.270400 0.072029 7.677303 -0.011928
38.505806 -9.145351 5.359955 -1.447982 253.515854 -28.113455 0.241824 0.111671 7.660842 -0.010834
38.638794 -9.233241 5.546703 -1.425830 254.533722 -28.245758 0.211507 0.136929 7.659121 -0.010496
38.755783 -9.296826 5.677386 -1.372459 255.415024 -28.361095 0.189247 0.142099 7.658161 -0.010032
38.889771 -9.363772 5.794853 -1.294781 256.431000 -28.495651 0.170125 0.145902 7.631137 -0.009199
39.005760 -9.416666 5.864935 -1.223447 257.314453 -28.615635 0.159035 0.159321 7.609885 -0.009167
39.139748 -9.489701 5.916794 -1.168809 258.313782 -28.752672 0.152052 0.184434 7.568747 -0.010973
39.256737 -9.558778 5.931079 -1.095536 259.188843 -28.873489 0.149022 0.201533 7.535108 -0.012044
39.389725 -9.645734 5.914315 -1.009180 260.176727 -29.010338 0.151368 0.199270 7.475360 -0.013530
39.506714 -9.749228 5.871758 -0.997168 261.040649 -29.131163 0.156541 0.176436 7.443902 -0.016896
39.639702 -9.879468 5.815689 -0.993777 262.022675 -29.269255 0.161911 0.137303 7.382084 -0.016950
39.756691 -9.993376 5.763237 -1.012244 262.866608 -29.390736 0.166912 0.104838 7.333743 -0.017436
39.889679 -10.128617 5.690999 -1.022030 263.835236 -29.532700 0.170119 0.073092 7.288037 -0.017490
40.006668 -10.253644 5.609400 -0.969597 264.676941 -29.656092 0.170861 0.045780 7.255749 -0.020668
40.140656 -10.417538 5.507467 -0.903425 265.628082 -29.795523 0.170174 0.006438 7.209244 -0.022852
40.256645 -10.581401 5.404102 -0.819068 266.459900 -29.918087 0.166605 -0.039185 7.172828 -0.026429
40.390633 -10.786858 5.262839 -0.701411 267.401001 -30.058287 0.158787 -0.100876 7.142096 -0.029271
40.507622 -10.968227 5.118940 -0.588474 268.225494 -30.181967 0.148496 -0.161124 7.113458 -0.028859
40.640610 -11.195355 4.920890 -0.416842 269.160095 -30.322393 0.134893 -0.233750 7.092091 -0.033292
40.757599 -11.411386 4.753902 -0.288363 269.980255 -30.446760 0.123287 -0.296034 7.089614 -0.033083
40.890587 -11.666798 4.591695 -0.244101 270.918915 -30.589069 0.109549 -0.350738 7.077929 -0.033754
41.007576 -11.888232 4.462838 -0.194635 271.729431 -30.712881 0.095648 -0.369701 7.061329 -0.033577
41.140564 -12.140855 4.312869 -0.107811 272.661896 -30.857046 0.080288 -0.352573 7.030039 -0.035054
41.257553 -12.377062 4.179025 -0.039393 273.472900 -30.983091 0.066979 -0.313049 7.002654 -0.036588
41.391541 -12.656826 4.020816 -0.015394 274.391571 -31.126041 0.052978 -0.259320 6.979430 -0.037516
41.507530 -12.933742 3.885507 -0.051855 275.196381 -31.250954 0.043933 -0.213912 6.939780 -0.044108
41.641518 -13.288710 3.736235 -0.143435 276.105347 -31.392971 0.037267 -0.161834 6.893570 -0.047044
41.758507 -13.612935 3.612108 -0.251522 276.899506 -31.517797 0.033817 -0.109731 6.853132 -0.047452
41.891495 -14.005817 3.477265 -0.470319 277.795135 -31.661034 0.031277 -0.042645 6.798965 -0.050883
42.008484 -14.362922 3.363803 -0.714801 278.577332 -31.787815 0.032974 0.019234 6.758706 -0.051914
42.125473 -14.730628 3.255554 -0.990336 279.354828 -31.915462 0.035152 0.081548 6.713058 -0.053387
42.258461 -15.174760 3.115585 -1.356827 280.230591 -32.061852 0.039068 0.152792 6.648102 -0.057096
42.376450 -15.588532 2.978332 -1.683236 281.000488 -32.193211 0.041301 0.211690 6.599615 -0.058474
42.509438 -16.081585 2.821236 -2.056804 281.860138 -32.342968 0.041293 0.262668 6.537020 -0.064645
42.626427 -16.528460 2.670428 -2.345897 282.610443 -32.476192 0.038238 0.286502 6.502800 -0.063693
42.759415 -17.054558 2.525627 -2.705631 283.463379 -32.630650 0.032932 0.294963 6.450416 -0.065924
42.876404 -17.523996 2.408050 -3.017473 284.197083 -32.765774 0.025678 0.297030 6.421007 -0.069588
43.010391 -18.078405 2.282868 -3.374405 285.037292 -32.923313 0.014835 0.301881 6.352074 -0.071957
43.126381 -18.571234 2.181000 -3.668815 285.764252 -33.061901 0.003003 0.306941 6.304313 -0.072233
43.260368 -19.134399 2.083888 -4.021910 286.582001 -33.221909 -0.010424 0.308170 6.231723 -0.071244
43.376358 -19.627192 2.026231 -4.325462 287.293457 -33.364231 -0.021320 0.304398 6.177840 -0.071318
43.510345 -20.188662 1.986384 -4.635812 288.092957 -33.529648 -0.032507 0.292401 6.111739 -0.072088
43.627335 -20.682350 2.008093 -4.851986 288.788574 -33.677120 -0.038017 0.269220 6.055041 -0.072419
43.761326 -21.251917 2.063555 -4.980102 289.571991 -33.847424 -0.039930 0.221763 6.006359 -0.074440
43.877316 -21.750156 2.156561 -5.091925 290.254791 -34.000488 -0.038074 0.166178 5.963358 -0.072964
44.010303 -22.317490 2.314209 -5.163395 291.029449 -34.179424 -0.031707 0.101472 5.912762 -0.073875
44.127293 -22.821791 2.485779 -5.225484 291.693817 -34.336296 -0.022917 0.051926 5.869976 -0.076575
44.261280 -23.420427 2.709096 -5.269429 292.454407 -34.520065 -0.011122 -0.009055 5.818865 -0.078811
44.378269 -23.953346 2.914670 -5.269997 293.112030 -34.683929 -0.002600 -0.081562 5.772281 -0.079629
44.511257 -24.577490 3.149069 -5.280260 293.852753 -34.872608 0.004562 -0.193574 5.725812 -0.083403
44.627247 -25.141336 3.347486 -5.268793 294.499451 -35.039955 0.007827 -0.304351 5.692759 -0.084622
44.761234 -25.803228 3.590869 -5.265940 295.227509 -35.233189 0.009699 -0.420916 5.646195 -0.087484
44.878223 -26.402687 3.813516 -5.263487 295.862427 -35.406651 0.008216 -0.498302 5.611779 -0.089946
45.011211 -27.096148 4.045352 -5.307031 296.578705 -35.606995 0.001608 -0.550120 5.578658 -0.091069
45.128201 -27.734264 4.228676 -5.410567 297.204041 -35.787960 -0.008050 -0.559913 5.556261 -0.095803
45.261189 -28.497839 4.402904 -5.552945 297.916595 -35.997547 -0.021048 -0.529704 5.530787 -0.099048
45.378178 -29.182676 4.521694 -5.732129 298.530609 -36.180557 -0.033544 -0.473753 5.520825 -0.102008
45.511166 -30.002478 4.626629 -6.006843 299.236908 -36.393913 -0.047686 -0.387045 5.497120 -0.104741
45.628155 -30.730808 4.685395 -6.272009 299.850250 -36.583157 -0.060494 -0.299816 5.476977 -0.105107
45.762142 -31.574141 4.730883 -6.541744 300.544403 -36.799629 -0.071844 -0.185792 5.455235 -0.109378
45.878132 -32.352207 4.768715 -6.805320 301.151245 -36.993198 -0.078449 -0.070424 5.437392 -0.114300
46.012119 -33.258957 4.799390 -7.185448 301.837280 -37.217464 -0.079925 0.076217 5.416216 -0.115540
46.128109 -34.062325 4.834280 -7.622453 302.436707 -37.417637 -0.075467 0.204604 5.393531 -0.115659
46.262096 -35.003609 4.917428 -8.166978 303.119415 -37.650772 -0.064816 0.334056 5.377699 -0.117305
46.379086 -35.816891 5.019892 -8.635737 303.708588 -37.853302 -0.052871 0.416667 5.360769 -0.115538
46.512074 -36.766155 5.159206 -9.259472 304.385468 -38.089489 -0.037557 0.468103 5.337175 -0.116308
46.629063 -37.590103 5.280288 -9.829726 304.967468 -38.294495 -0.025278 0.467848 5.306672 -0.117239
46.762051 -38.543056 5.418331 -10.488740 305.634552 -38.532482 -0.012514 0.415050 5.271897 -0.115537
46.879040 -39.380650 5.530897 -11.147004 306.207184 -38.741730 -0.002154 0.332739 5.248217 -0.116472
47.013027 -40.355572 5.666198 -11.886385 306.864685 -38.984776 0.009102 0.214634 5.220370 -0.118300
47.130016 -41.207047 5.796018 -12.554045 307.434723 -39.199368 0.017356 0.112963 5.196062 -0.117517
47.263004 -42.192581 5.947888 -13.367060 308.078949 -39.447132 0.027032 0.019884 5.184039 -0.117725
47.379997 -43.040363 6.069699 -14.078263 308.641754 -39.667007 0.034343 -0.027565 5.157085 -0.113816
47.512985 -43.988903 6.195980 -14.846948 309.277557 -39.918377 0.043024 -0.038320 5.133977 -0.113689
47.629974 -44.819271 6.296986 -15.530402 309.834137 -40.141598 0.051428 -0.017680 5.117467 -0.112604
47.762962 -45.773449 6.398609 -16.313673 310.467834 -40.400005 0.062050 0.016818 5.098717 -0.112522
47.879951 -46.600273 6.476539 -16.975262 311.018066 -40.626900 0.074315 0.036533 5.075813 -0.110830
48.012939 -47.529205 6.579730 -17.629078 311.640045 -40.885868 0.091423 0.036805 5.059641 -0.111672
48.129929 -48.336250 6.650907 -18.162561 312.179504 -41.113224 0.108109 0.023242 5.042030 -0.113504
48.263916 -49.260998 6.727193 -18.668650 312.800690 -41.377430 0.129571 0.007280 5.033606 -0.112391
48.379906 -50.054157 6.792464 -19.030706 313.341064 -41.609978 0.150809 0.002754 5.022442 -0.110731
48.513893 -50.931477 6.825543 -19.417494 313.952148 -41.875763 0.177998 0.009261 5.007935 -0.108403
48.629883 -51.691605 6.818410 -19.753807 314.487549 -42.111610 0.205306 0.017606 4.999836 -0.107259
48.763870 -52.541557 6.797400 -20.077450 315.096344 -42.379993 0.239629 0.017847 4.999909 -0.106177
48.880859 -53.266308 6.763603 -20.382261 315.631256 -42.617149 0.271733 0.002808 5.002017 -0.100299
49.013847 -54.059055 6.709071 -20.800671 316.243073 -42.891350 0.309661 -0.031671 5.010340 -0.094512
49.130836 -54.701202 6.659943 -21.193678 316.773651 -43.130447 0.343339 -0.067746 5.019803 -0.086828
49.263824 -55.415070 6.609869 -21.720976 317.383881 -43.409920 0.381660 -0.108243 5.004731 -0.083902
49.380814 -56.013485 6.543684 -22.196976 317.910492 -43.655121 0.411937 -0.139661 5.009460 -0.081219
49.513802 -56.687874 6.453786 -22.760778 318.519135 -43.940441 0.443935 -0.175395 5.024934 -0.078182
49.630791 -57.253159 6.362671 -23.266464 319.051331 -44.191868 0.471106 -0.204666 5.030509 -0.074060
49.764778 -57.850521 6.228940 -23.871643 319.654663 -44.481236 0.500594 -0.224822 5.035071 -0.067379
49.880768 -58.345753 6.086497 -24.416487 320.184784 -44.738419 0.525180 -0.218946 5.030957 -0.063285
50.014755 -58.867310 5.902267 -25.028408 320.786682 -45.033672 0.552973 -0.181605 5.051441 -0.056750
50.131744 -59.288925 5.734610 -25.493652 321.318085 -45.295513 0.576851 -0.131665 5.074078 -0.055044
50.264732 -59.732437 5.533067 -25.917635 321.922913 -45.595238 0.601844 -0.073597 5.073205 -0.051406
50.381721 -60.101997 5.361050 -26.228010 322.453552 -45.860321 0.621837 -0.029593 5.073213 -0.050111
50.514709 -60.492970 5.166208 -26.566277 323.060028 -46.165470 0.645407 0.015406 5.062663 -0.044657
50.631699 -60.782784 4.979550 -26.791826 323.582214 -46.430950 0.665223 0.055774 5.050147 -0.038008
50.764687 -61.063736 4.751909 -26.882975 324.182770 -46.739288 0.686874 0.102742 5.030426 -0.034110
50.881676 -61.259476 4.533010 -26.880114 324.704376 -47.009361 0.706551 0.135441 5.020639 -0.026670
51.015663 -61.420013 4.258274 -26.778202 325.295288 -47.319847 0.730576 0.153741 5.015428 -0.019173
51.131653 -61.519924 4.024457 -26.547087 325.810455 -47.597401 0.752816 0.152971 4.991422 -0.016383
51.265640 -61.594646 3.751039 -26.132164 326.390656 -47.917347 0.777541 0.139758 4.982061 -0.010749
51.382629 -61.611599 3.504601 -25.650188 326.899200 -48.202042 0.799042 0.121822 4.978852 -0.003560
51.515617 -61.571911 3.236930 -24.990713 327.473938 -48.530807 0.822589 0.094342 4.973034 0.003005
51.632607 -61.489960 3.008187 -24.304270 327.974304 -48.825211 0.841315 0.064207 4.954229 0.008291
51.749596 -61.366081 2.784162 -23.495111 328.470154 -49.124340 0.857036 0.032122 4.945697 0.015088
51.882584 -61.173553 2.524005 -22.454756 329.030060 -49.471588 0.871318 0.000892 4.961577 0.021274
51.999573 -60.957848 2.283306 -21.367115 329.520966 -49.783016 0.879539 -0.017369 4.973565 0.028526
52.132561 -60.668556 1.996602 -19.925322 330.081177 -50.146843 0.883216 -0.027247 4.991614 0.032620
52.249550 -60.382984 1.736890 -18.519735 330.567047 -50.472004 0.880872 -0.026769 5.000154 0.037927
52.382538 -60.021297 1.410818 -16.819304 331.113434 -50.851330 0.873500 -0.017739 5.002729 0.043318
52.499527 -59.677063 1.104436 -15.276618 331.584808 -51.191128 0.862129 -0.005671 5.012316 0.049177
52.633514 -59.248394 0.727248 -13.409387 332.123352 -51.593502 0.843152 0.005709 5.025371 0.053905
52.750504 -58.852730 0.366621 -11.715792 332.587646 -51.955128 0.822061 0.008761 5.040239 0.059151
52.883492 -58.365505 -0.091322 -9.763586 333.110321 -52.378044 0.796306 0.005539 5.069468 0.066540
53.000481 -57.905640 -0.510966 -7.921217 333.566010 -52.760075 0.772926 0.001449 5.088606 0.072358
53.133469 -57.352589 -0.998923 -5.825088 334.076294 -53.206268 0.744961 -0.005437 5.104893 0.078986
53.250458 -56.830833 -1.446815 -3.905339 334.518707 -53.610458 0.720607 -0.019408 5.134041 0.087263
53.383446 -56.193398 -1.984348 -1.676672 335.015839 -54.082710 0.695663 -0.049429 5.165388 0.095584
53.500435 -55.596367 -2.463767 0.322695 335.447296 -54.509357 0.676237 -0.080280 5.200482 0.104060
53.633423 -54.875462 -3.020741 2.672036 335.934296 -55.011307 0.655793 -0.100165 5.232297 0.111310
53.750412 -54.209038 -3.500031 4.738174 336.351563 -55.461887 0.638429 -0.090126 5.262674 0.120114
53.884399 -53.413334 -4.028999 7.113660 336.817413 -55.988094 0.617054 -0.048905 5.299048 0.128487
54.000389 -52.692020 -4.491511 9.188725 337.218719 -56.463306 0.595808 -0.001406 5.327648 0.131544
54.134377 -51.866226 -5.014713 11.456395 337.666321 -57.015121 0.568179 0.047991 5.352540 0.132931
54.250366 -51.154663 -5.456023 13.345210 338.051117 -57.510502 0.541243 0.079874 5.366680 0.131630
54.384354 -50.361725 -5.911545 15.377816 338.478607 -58.082909 0.508685 0.103273 5.371366 0.129523
54.501343 -49.685867 -6.219264 16.944796 338.845825 -58.593063 0.478681 0.109647 5.368353 0.123665
54.634331 -48.932003 -6.457049 18.359015 339.250580 -59.179813 0.442725 0.094458 5.347188 0.116712
54.751320 -48.275723 -6.552818 19.305988 339.596100 -59.698959 0.409650 0.059124 5.314348 0.111292
54.884308 -47.544949 -6.499474 20.015560 339.978729 -60.295094 0.369710 0.004287 5.262056 0.102204
55.001297 -46.944836 -6.304394 20.316170 340.299377 -60.809235 0.334833 -0.038617 5.194444 0.091238
55.135284 -46.297741 -5.913055 20.289289 340.657593 -61.399220 0.295472 -0.068213 5.122938 0.078044
55.251274 -45.795483 -5.458882 19.933043 340.961273 -61.909428 0.260660 -0.074138 5.041894 0.063955
55.385262 -45.309982 -4.823360 19.162169 341.296967 -62.482231 0.220189 -0.063991 4.957214 0.048631
55.501251 -44.947056 -4.183284 18.221615 341.584290 -62.978199 0.184504 -0.044125 4.863184 0.038305
55.635239 -44.640499 -3.405826 16.839071 341.904419 -63.531147 0.143869 -0.010953 4.768168 0.021801
55.752228 -44.465061 -2.698220 15.362040 342.181274 -64.008850 0.108012 0.022010 4.682843 0.010677
55.885216 -44.358604 -1.928046 13.547894 342.494324 -64.539238 0.066795 0.053183 4.598853 -0.000203
56.002205 -44.359245 -1.272468 11.832512 342.769043 -64.997543 0.031373 0.067857 4.548339 -0.011449
56.135193 -44.484280 -0.554443 9.727067 343.084869 -65.515587 -0.006962 0.070738 4.512772 -0.026377
56.252182 -44.695145 -0.011846 7.799561 343.361023 -65.957947 -0.036991 0.066338 4.485088 -0.037785
56.385170 -45.043831 0.540552 5.484375 343.685455 -66.463005 -0.066492 0.055078 4.478404 -0.048419
56.502159 -45.435596 0.958743 3.403245 343.974854 -66.899872 -0.084884 0.036780 4.478409 -0.058057
56.636147 -45.987396 1.376761 0.969411 344.312317 -67.392570 -0.096710 0.004412 4.503106 -0.070041
56.752136 -46.546310 1.684886 -1.203238 344.618591 -67.824783 -0.097951 -0.029296 4.545916 -0.078965
56.886124 -47.269199 1.982497 -3.654622 344.978363 -68.316338 -0.087751 -0.064515 4.599634 -0.088048
57.003113 -47.968227 2.197650 -5.705155 345.304199 -68.749939 -0.068197 -0.086839 4.659174 -0.096759
57.136101 -48.838844 2.402187 -7.886829 345.687897 -69.243950 -0.038323 -0.100422 4.736032 -0.105404
57.253090 -49.666573 2.571052 -9.713184 346.038208 -69.680679 -0.006585 -0.100488 4.815537 -0.115632
57.387077 -50.686619 2.780715 -11.620443 346.454132 -70.183151 0.034378 -0.087129 4.910019 -0.125799
57.503067 -51.615318 2.957690 -13.075146 346.827484 -70.619514 0.072885 -0.068111 4.979957 -0.130324
57.636055 -52.717743 3.138905 -14.464860 347.272522 -71.126518 0.118677 -0.049429 5.077098 -0.135448
57.753044 -53.689491 3.297937 -15.422991 347.669403 -71.568214 0.154184 -0.044722 5.148602 -0.139571
57.887032 -54.826157 3.466753 -16.289236 348.141907 -72.080269 0.190114 -0.052359 5.236270 -0.141029
58.003021 -55.817265 3.609795 -16.886332 348.565430 -72.529541 0.217102 -0.060833 5.305516 -0.142931
58.137009 -56.942497 3.777121 -17.328854 349.058411 -73.043335 0.241354 -0.059731 5.389728 -0.145259
58.253998 -57.936214 3.944060 -17.510496 349.501770 -73.497986 0.257770 -0.046468 5.452065 -0.146976
58.386986 -59.064682 4.135725 -17.537819 350.012970 -74.017731 0.270154 -0.021930 5.505027 -0.147371
58.503975 -60.043407 4.315628 -17.476030 350.469452 -74.475937 0.277360 0.001611 5.542542 -0.146826
58.636963 -61.161709 4.513761 -17.398365 350.997467 -75.000793 0.283092 0.030777 5.569619 -0.145167
58.753952 -62.117813 4.677034 -17.224804 351.460175 -75.453606 0.285183 0.059288 5.586393 -0.145731
58.886940 -63.208641 4.830391 -16.980282 351.998444 -75.973877 0.283245 0.093985 5.585561 -0.144187
59.003929 -64.130417 4.922169 -16.769516 352.465668 -76.421799 0.282210 0.117725 5.570815 -0.140036
59.137917 -65.172180 4.965793 -16.497925 353.005463 -76.935097 0.283175 0.128113 5.548517 -0.138318
59.253906 -66.064095 4.941098 -16.324310 353.475281 -77.379471 0.287812 0.121144 5.515762 -0.133985
59.387894 -67.040894 4.833428 -16.161570 354.008698 -77.879601 0.298392 0.106246 5.471534 -0.127171
59.504883 -67.878349 4.685346 -16.031176 354.474823 -78.313126 0.312470 0.098508 5.422294 -0.125669
59.637871 -68.806778 4.448711 -15.892949 355.001984 -78.799438 0.332531 0.102229 5.363444 -0.120971
59.754860 -69.585747 4.208292 -15.814859 355.461670 -79.222969 0.353654 0.111798 5.325503 -0.114735
59.888847 -70.435158 3.909822 -15.842945 355.982178 -79.702759 0.380776 0.117683 5.248199 -0.107088
60.005836 -71.138321 3.636559 -16.054510 356.429077 -80.118065 0.405749 0.111189 5.197332 -0.100453
