1.20 1.10 20 64
0.134000 0.011230 0.079174 -0.067183 0.955387 0.001141 -0.134063 -0.540999 6.650544 0.001851
0.259000 0.006598 0.317995 -0.159364 1.773110 0.003058 -0.096862 -0.472113 6.553375 -0.001325
0.385000 -0.014949 0.678218 -0.269942 2.591073 0.006081 -0.037379 -0.371616 6.440714 -0.003801
0.509000 -0.049240 1.091651 -0.416842 3.387245 0.008316 0.032634 -0.249598 6.320778 -0.003883
0.635000 -0.083394 1.505680 -0.567477 4.170316 0.009642 0.104250 -0.118718 6.222780 -0.003905
0.759000 -0.115950 1.893121 -0.704059 4.936086 0.010930 0.167290 0.008150 6.143092 -0.003080
0.884000 -0.151771 2.217741 -0.834891 5.706120 0.012593 0.215707 0.124496 6.087063 -0.005244
1.009000 -0.193807 2.460791 -0.970759 6.464274 0.014393 0.245274 0.223070 6.052658 -0.004998
1.134000 -0.237555 2.619076 -1.063275 7.212877 0.016234 0.253333 0.304645 6.026978 -0.006180
1.257000 -0.281336 2.672225 -1.148313 7.959776 0.018096 0.239041 0.374289 6.023598 -0.005534
1.380000 -0.327031 2.618852 -1.245603 8.700705 0.018836 0.205813 0.437036 6.025152 -0.005945
1.504001 -0.375601 2.469755 -1.346288 9.448170 0.018516 0.157165 0.494448 6.028910 -0.006572
1.629001 -0.431763 2.250460 -1.433560 10.195923 0.018390 0.099078 0.539088 6.027888 -0.008443
1.755001 -0.499257 1.983579 -1.507651 10.955909 0.019067 0.038708 0.559902 6.034168 -0.009846
1.880001 -0.568187 1.701817 -1.619410 11.716602 0.019090 -0.015314 0.549471 6.038526 -0.008703
2.005001 -0.639383 1.441354 -1.753193 12.465554 0.017018 -0.056596 0.510694 6.036602 -0.009286
2.131001 -0.716675 1.209309 -1.863197 13.225454 0.015153 -0.084031 0.448047 6.029343 -0.010530
2.256001 -0.794522 1.030048 -1.876794 13.984674 0.014829 -0.091461 0.366140 6.019937 -0.011113
2.381001 -0.870002 0.933330 -1.797249 14.736017 0.016108 -0.078463 0.267857 6.002911 -0.010180
2.506000 -0.943757 0.902669 -1.647711 15.484361 0.018129 -0.047315 0.159501 5.976334 -0.010175
2.631000 -1.009424 0.937205 -1.412465 16.228657 0.019764 -0.002394 0.053894 5.936900 -0.010118
2.756000 -1.087677 1.018282 -1.147266 16.961313 0.020005 0.049140 -0.037226 5.891857 -0.012869
2.881000 -1.174864 1.120247 -0.856189 17.695099 0.020952 0.101111 -0.112976 5.856667 -0.013765
3.005999 -1.264685 1.226553 -0.574103 18.424965 0.022629 0.146783 -0.178478 5.825554 -0.013676
3.129999 -1.353965 1.328872 -0.324436 19.151348 0.023145 0.180609 -0.240979 5.800099 -0.012843
3.253999 -1.448547 1.398498 -0.074902 19.869080 0.022684 0.198930 -0.301295 5.783122 -0.015337
3.377998 -1.561188 1.451292 0.137738 20.580460 0.021329 0.200400 -0.355967 5.787952 -0.018320
3.501998 -1.683308 1.485501 0.334756 21.305180 0.018485 0.185194 -0.401798 5.807880 -0.016882
3.625997 -1.800197 1.510079 0.510802 22.025379 0.015869 0.156592 -0.435987 5.809819 -0.017129
3.750997 -1.925578 1.512389 0.642027 22.745909 0.012663 0.115818 -0.459043 5.808570 -0.018700
3.876997 -2.075626 1.511414 0.748555 23.477596 0.009361 0.066031 -0.471317 5.804547 -0.022986
4.001997 -2.244100 1.514042 0.845536 24.202724 0.006459 0.015767 -0.472825 5.796828 -0.024126
4.136998 -2.439041 1.527638 0.893593 24.984238 0.003553 -0.032164 -0.463192 5.782465 -0.026056
4.260000 -2.628966 1.574465 0.912976 25.700563 0.000159 -0.065962 -0.442573 5.769595 -0.027018
4.383001 -2.817593 1.663766 0.917736 26.408279 -0.002061 -0.086176 -0.405473 5.744099 -0.027211
4.508003 -3.020349 1.787372 0.839115 27.118887 -0.005143 -0.091489 -0.343774 5.720537 -0.029047
4.631004 -3.234495 1.934402 0.694259 27.825808 -0.008491 -0.082768 -0.253477 5.689727 -0.030225
4.755006 -3.456882 2.096981 0.539617 28.529413 -0.011671 -0.061890 -0.140258 5.661372 -0.030889
4.880007 -3.683160 2.248389 0.333160 29.235289 -0.017321 -0.031453 -0.018330 5.637614 -0.030130
5.005009 -3.926128 2.399420 0.042069 29.932787 -0.023926 0.003054 0.092307 5.617913 -0.032984
5.131010 -4.180012 2.553802 -0.288167 30.639593 -0.030725 0.038433 0.184341 5.603213 -0.033289
5.253012 -4.427568 2.685691 -0.544235 31.327915 -0.036768 0.068685 0.255774 5.593454 -0.034741
5.378013 -4.698598 2.804884 -0.785025 32.021339 -0.042944 0.092187 0.320196 5.592101 -0.037216
5.503015 -4.990788 2.904034 -1.030376 32.720886 -0.050459 0.105807 0.387641 5.600668 -0.039895
5.627016 -5.296324 2.977396 -1.275342 33.416279 -0.058693 0.108211 0.458833 5.614046 -0.041811
5.751018 -5.618355 3.011363 -1.499596 34.119640 -0.068471 0.099574 0.527541 5.635403 -0.043096
5.877019 -5.943058 2.997539 -1.703860 34.825275 -0.079721 0.080471 0.582766 5.655019 -0.044628
6.011021 -6.291627 2.954345 -1.909940 35.590347 -0.092132 0.049405 0.620834 5.677685 -0.043552
6.134022 -6.597825 2.903349 -2.100622 36.284660 -0.105331 0.015661 0.633995 5.701462 -0.042330
6.256024 -6.914153 2.857268 -2.285380 36.987633 -0.120651 -0.019304 0.621163 5.725731 -0.043687
6.379025 -7.239851 2.838812 -2.499037 37.692566 -0.138253 -0.049526 0.568142 5.736596 -0.044967
6.504027 -7.576957 2.851520 -2.706585 38.409382 -0.157189 -0.073224 0.458482 5.737777 -0.047054
6.629028 -7.928600 2.889525 -2.846784 39.126240 -0.177881 -0.087938 0.294858 5.734567 -0.048835
6.754030 -8.294032 2.967195 -2.966366 39.835827 -0.200837 -0.091282 0.104221 5.720447 -0.051244
6.878031 -8.665476 3.082608 -2.987316 40.549629 -0.225517 -0.085019 -0.079886 5.710130 -0.051528
7.003033 -9.034751 3.242720 -2.968970 41.261047 -0.252510 -0.071749 -0.229858 5.684821 -0.051009
7.127034 -9.395114 3.422744 -2.962568 41.957809 -0.282741 -0.052309 -0.338721 5.657471 -0.050162
7.251036 -9.762668 3.623782 -2.933830 42.662582 -0.316276 -0.030205 -0.417713 5.636483 -0.051445
7.376037 -10.123545 3.822106 -2.912337 43.364330 -0.352113 -0.008924 -0.470798 5.613032 -0.050666
7.511039 -10.518789 4.025960 -2.937996 44.119335 -0.394527 0.011870 -0.499267 5.594973 -0.051487
7.636040 -10.897849 4.180175 -2.992289 44.811157 -0.436291 0.025686 -0.499242 5.585618 -0.052472
7.758042 -11.276549 4.299757 -3.060337 45.496780 -0.480155 0.032636 -0.481445 5.587356 -0.053652
7.883043 -11.666789 4.390139 -3.118558 46.193882 -0.527085 0.031574 -0.454746 5.591456 -0.054301
8.007045 -12.055194 4.438518 -3.125672 46.886261 -0.577111 0.023151 -0.424522 5.603479 -0.054854
8.129042 -12.453028 4.463886 -3.150687 47.569576 -0.629035 0.010095 -0.388355 5.624659 -0.058103
8.254040 -12.877160 4.477228 -3.193946 48.266491 -0.684464 -0.006432 -0.338653 5.645028 -0.061075
8.378037 -13.333218 4.477986 -3.254905 48.970074 -0.743755 -0.024728 -0.271671 5.655195 -0.063715
8.504036 -13.820195 4.479631 -3.324941 49.674694 -0.805917 -0.043514 -0.189568 5.662824 -0.068765
8.629034 -14.332998 4.505184 -3.452524 50.385509 -0.871823 -0.060348 -0.099177 5.667999 -0.069538
8.754032 -14.847554 4.530021 -3.601809 51.090294 -0.939483 -0.072880 -0.012511 5.661409 -0.071702
8.880031 -15.393952 4.561625 -3.759987 51.800095 -1.010619 -0.080076 0.060205 5.660622 -0.075480
9.005029 -15.946354 4.617472 -3.872535 52.497898 -1.082417 -0.079840 0.110406 5.652931 -0.077154
9.129026 -16.505678 4.699606 -3.983634 53.193550 -1.156714 -0.072299 0.141658 5.635609 -0.078503
9.254025 -17.076611 4.794263 -4.085871 53.897362 -1.235356 -0.060188 0.163538 5.612792 -0.078682
9.378022 -17.641760 4.894208 -4.213812 54.587486 -1.317424 -0.044403 0.185762 5.601194 -0.078395
9.503020 -18.218185 5.001566 -4.343916 55.280571 -1.403992 -0.027561 0.212879 5.580094 -0.078010
9.629019 -18.803905 5.124326 -4.552345 55.976742 -1.494869 -0.011155 0.242094 5.565393 -0.078904
9.755017 -19.400097 5.235875 -4.827300 56.664829 -1.588616 0.003686 0.269495 5.549257 -0.079474
9.881016 -20.003836 5.340432 -5.136173 57.356766 -1.686453 0.015790 0.295874 5.545738 -0.079535
10.006014 -20.604498 5.435846 -5.462212 58.042828 -1.785959 0.021720 0.323622 5.549088 -0.079691
10.131012 -21.212288 5.516360 -5.787595 58.729195 -1.888577 0.023334 0.350381 5.554582 -0.081427
10.255010 -21.824360 5.587349 -6.162868 59.415310 -1.994160 0.021147 0.364465 5.556078 -0.079856
10.380008 -22.449030 5.659764 -6.540736 60.102695 -2.103429 0.016773 0.350490 5.573052 -0.083294
10.505006 -23.097914 5.731867 -6.950369 60.790245 -2.215419 0.013081 0.296470 5.574101 -0.085195
10.630004 -23.750181 5.815268 -7.359025 61.477077 -2.330066 0.009206 0.202643 5.570570 -0.085834
10.755002 -24.401775 5.891365 -7.745476 62.163345 -2.447564 0.005415 0.083392 5.571493 -0.086296
10.875999 -25.042572 5.970272 -8.116306 62.821568 -2.563959 0.003748 -0.031914 5.569717 -0.088491
11.000998 -25.732460 6.049534 -8.488699 63.511375 -2.688214 0.002317 -0.130168 5.556006 -0.091382
11.135995 -26.485970 6.151028 -8.896931 64.247398 -2.826329 0.004217 -0.196039 5.542006 -0.091332
11.259993 -27.182043 6.239246 -9.270604 64.920547 -2.956676 0.009459 -0.225861 5.525292 -0.093546
11.383990 -27.904411 6.310036 -9.611324 65.591019 -3.089182 0.017785 -0.241785 5.499561 -0.096666
11.505988 -28.615850 6.363133 -9.967236 66.247566 -3.222416 0.027617 -0.256372 5.481076 -0.094951
11.630986 -29.334332 6.429663 -10.331250 66.912079 -3.359720 0.039953 -0.272163 5.464845 -0.095515
11.754984 -30.055376 6.488811 -10.672232 67.578911 -3.501870 0.055508 -0.282516 5.445496 -0.095486
11.879982 -30.778940 6.526988 -10.999246 68.241333 -3.649847 0.070917 -0.277526 5.420942 -0.095770
12.004980 -31.499743 6.567882 -11.332407 68.901039 -3.802094 0.085868 -0.249545 5.413612 -0.094721
12.130979 -32.215317 6.587574 -11.604254 69.557831 -3.957838 0.100243 -0.196753 5.390204 -0.095861
12.254976 -32.927341 6.583084 -11.915133 70.206947 -4.117049 0.113617 -0.128422 5.391753 -0.095455
12.378974 -33.649403 6.561852 -12.178013 70.855606 -4.279290 0.124910 -0.058803 5.392817 -0.097877
12.502972 -34.374588 6.528587 -12.415174 71.503021 -4.445123 0.135203 -0.000950 5.389974 -0.097844
12.626969 -35.097523 6.509816 -12.722202 72.147858 -4.615778 0.145542 0.044674 5.374261 -0.095845
12.750967 -35.824783 6.493721 -13.056336 72.796097 -4.792988 0.155949 0.088503 5.378670 -0.096321
12.875965 -36.534721 6.481887 -13.403652 73.437614 -4.973338 0.166869 0.137825 5.368436 -0.093924
13.011963 -37.294128 6.456260 -13.750318 74.138718 -5.176253 0.179347 0.190541 5.366114 -0.091835
13.134960 -37.968288 6.426299 -14.039858 74.776772 -5.365480 0.191692 0.219022 5.361627 -0.089767
13.259958 -38.646915 6.388612 -14.367387 75.418144 -5.560429 0.205185 0.217201 5.364193 -0.089776
13.383956 -39.307625 6.347787 -14.633516 76.054428 -5.757228 0.220153 0.190404 5.370392 -0.088965
13.508954 -39.958992 6.321219 -14.868844 76.694748 -5.959124 0.236905 0.154024 5.372493 -0.086566
13.633952 -40.599022 6.278568 -15.087956 77.327759 -6.163222 0.255097 0.120815 5.355894 -0.085705
13.759950 -41.234425 6.236181 -15.294931 77.968582 -6.374975 0.273496 0.089144 5.360566 -0.083014
13.881947 -41.829807 6.206244 -15.465515 78.593056 -6.587011 0.291601 0.049609 5.368395 -0.081062
14.004945 -42.409668 6.189008 -15.656131 79.216972 -6.803025 0.310807 -0.006841 5.369053 -0.078327
14.126942 -42.967812 6.188126 -15.881700 79.835030 -7.022609 0.330338 -0.079531 5.381405 -0.075618
14.259941 -43.564209 6.177476 -16.142771 80.508804 -7.267076 0.351834 -0.165207 5.392735 -0.074102
14.383939 -44.099693 6.147810 -16.371510 81.136208 -7.499024 0.371503 -0.234666 5.397120 -0.070735
14.505936 -44.606083 6.113884 -16.573153 81.751923 -7.732328 0.390431 -0.278451 5.401879 -0.068694
14.628933 -45.102077 6.068979 -16.703934 82.372429 -7.972496 0.408383 -0.288540 5.412949 -0.068215
14.750930 -45.581409 6.029635 -16.832975 82.982689 -8.212764 0.424922 -0.262158 5.425611 -0.065642
14.886928 -46.080929 5.994540 -16.964209 83.668388 -8.488821 0.440360 -0.196125 5.441958 -0.060283
15.010925 -46.517696 5.956714 -17.077787 84.298752 -8.747200 0.452751 -0.114435 5.457735 -0.058320
15.135923 -46.932476 5.903005 -17.241072 84.928558 -9.011446 0.462715 -0.026688 5.468231 -0.053792
15.260921 -47.307446 5.844350 -17.344208 85.553490 -9.278131 0.471182 0.056890 5.483907 -0.048922
15.386920 -47.656479 5.793467 -17.373449 86.188599 -9.553726 0.479734 0.133416 5.500043 -0.047071
15.510918 -47.982811 5.728285 -17.372663 86.817627 -9.833201 0.487766 0.197426 5.511626 -0.044374
15.636916 -48.275093 5.648674 -17.352060 87.446671 -10.118040 0.495682 0.245324 5.534856 -0.038330
15.750915 -48.509243 5.560237 -17.280964 88.020180 -10.382239 0.502050 0.272785 5.539848 -0.035598
15.876913 -48.734138 5.440265 -17.128675 88.652542 -10.679977 0.506684 0.285946 5.549756 -0.031807
16.001911 -48.926193 5.300458 -16.889160 89.278069 -10.981072 0.512515 0.282164 5.554713 -0.028433
16.125906 -49.088238 5.148773 -16.585026 89.902122 -11.286968 0.520051 0.260222 5.563390 -0.025702
16.250900 -49.229710 4.979441 -16.214231 90.525635 -11.598418 0.526924 0.218381 5.583960 -0.022983
16.375895 -49.338409 4.801724 -15.802775 91.148483 -11.916553 0.534619 0.162060 5.599741 -0.018483
16.500889 -49.421650 4.613863 -15.338609 91.769547 -12.241596 0.542000 0.103825 5.613305 -0.015282
16.625883 -49.470253 4.435946 -14.824817 92.384567 -12.570319 0.549535 0.054472 5.635683 -0.011055
16.750877 -49.485023 4.273938 -14.205671 93.005302 -12.907753 0.555794 0.011799 5.663919 -0.006706
16.886871 -49.460716 4.104616 -13.530312 93.680908 -13.282544 0.561474 -0.037783 5.694529 -0.000771
17.011866 -49.398529 3.946313 -12.860298 94.303169 -13.634592 0.563545 -0.092262 5.736855 0.002715
17.135860 -49.312504 3.794085 -12.123078 94.926498 -13.992330 0.564378 -0.148396 5.760519 0.007291
17.258856 -49.195694 3.662864 -11.403332 95.539673 -14.350639 0.564694 -0.192548 5.786978 0.012025
17.383850 -49.046989 3.533896 -10.627426 96.164032 -14.720575 0.563830 -0.219604 5.815213 0.016097
17.504847 -48.872280 3.439571 -9.869402 96.767509 -15.084551 0.560544 -0.231396 5.829813 0.020331
17.629841 -48.659576 3.360519 -9.069990 97.384758 -15.463358 0.555179 -0.237167 5.844065 0.023262
17.753836 -48.441036 3.293843 -8.281854 98.005638 -15.851282 0.547984 -0.242394 5.867057 0.025673
17.878830 -48.203003 3.220417 -7.545746 98.626770 -16.245602 0.541986 -0.245498 5.902335 0.029041
18.004824 -47.940613 3.143528 -6.811761 99.248680 -16.646341 0.535097 -0.239887 5.929895 0.031849
18.129818 -47.667400 3.043328 -6.136519 99.869072 -17.054241 0.527362 -0.219487 5.952276 0.034949
18.254812 -47.363483 2.921538 -5.494138 100.494370 -17.473270 0.520597 -0.184510 5.987744 0.039727
18.379807 -47.035980 2.794526 -4.899842 101.115715 -17.896053 0.515019 -0.142519 6.026939 0.042995
18.505800 -46.688877 2.669294 -4.351235 101.736481 -18.326778 0.509164 -0.102632 6.064555 0.045829
18.630795 -46.316807 2.543218 -3.817353 102.363800 -18.769518 0.501626 -0.071132 6.113843 0.049611
18.755789 -45.929398 2.390609 -3.331551 102.982574 -19.213057 0.493830 -0.050440 6.162710 0.052780
18.880783 -45.519474 2.215504 -2.884309 103.614120 -19.672287 0.485166 -0.035923 6.217153 0.054884
19.005777 -45.110470 2.055801 -2.549980 104.237488 -20.132605 0.476019 -0.019735 6.271857 0.055723
19.129772 -44.687851 1.891228 -2.216757 104.868690 -20.603687 0.466458 0.007401 6.320014 0.058498
19.253767 -44.251293 1.723475 -1.890588 105.491920 -21.074717 0.457700 0.048572 6.373940 0.062628
19.378761 -43.778053 1.554134 -1.563410 106.128181 -21.560436 0.449761 0.101443 6.429075 0.065690
19.502756 -43.290405 1.400633 -1.227158 106.769043 -22.053272 0.443078 0.159294 6.491708 0.067559
19.628750 -42.787312 1.250320 -0.904253 107.413620 -22.552004 0.437527 0.221720 6.539453 0.070343
19.753744 -42.255547 1.114403 -0.591391 108.062439 -23.056156 0.431392 0.293065 6.598826 0.075266
19.877739 -41.693493 1.005361 -0.276478 108.716461 -23.565563 0.424448 0.374314 6.655115 0.079353
20.002733 -41.114239 0.926226 0.048570 109.374832 -24.079973 0.417032 0.454495 6.706846 0.080822
20.127728 -40.527515 0.875693 0.370813 110.030838 -24.595577 0.408636 0.515293 6.745998 0.082212
20.252722 -39.939438 0.861488 0.670519 110.695633 -25.118658 0.399396 0.545337 6.784514 0.080207
20.375717 -39.354176 0.869609 0.935913 111.358185 -25.640434 0.389052 0.542686 6.810421 0.082624
20.510712 -38.710175 0.922737 1.138383 112.073792 -26.208008 0.377887 0.505922 6.820779 0.084260
20.634706 -38.105591 0.994787 1.302831 112.742355 -26.738871 0.366832 0.436998 6.833510 0.083353
20.759701 -37.512375 1.069469 1.447099 113.408249 -27.265314 0.356890 0.328556 6.849930 0.082656
20.883696 -36.916878 1.149811 1.555276 114.081093 -27.796204 0.345851 0.177873 6.858384 0.082560
21.008690 -36.332306 1.229499 1.629041 114.754745 -28.327637 0.334552 -0.002540 6.869441 0.080873
21.132685 -35.761292 1.308804 1.690838 115.423950 -28.854807 0.324833 -0.189761 6.867457 0.079268
21.258678 -35.205124 1.389537 1.748354 116.098999 -29.384703 0.315922 -0.365560 6.865573 0.076657
21.383673 -34.643959 1.466261 1.846676 116.774826 -29.912853 0.308756 -0.514988 6.859173 0.077615
21.508667 -34.092365 1.527314 1.962685 117.450943 -30.439919 0.303937 -0.633093 6.855518 0.076282
21.633661 -33.535557 1.565815 2.058306 118.127151 -30.965567 0.301055 -0.718237 6.851551 0.077785
21.758656 -32.989388 1.586097 2.135020 118.804787 -31.488308 0.299477 -0.766199 6.848121 0.075018
21.883650 -32.456196 1.594896 2.180073 119.483696 -32.009396 0.298349 -0.769589 6.843722 0.073964
22.010643 -31.925852 1.585523 2.267028 120.174706 -32.535400 0.297003 -0.723474 6.832964 0.071482
22.136637 -31.407440 1.557932 2.364332 120.860764 -33.054565 0.296677 -0.633978 6.825372 0.071731
22.251631 -30.937035 1.523750 2.486114 121.488609 -33.525066 0.296678 -0.527546 6.819737 0.070121
22.377625 -30.426970 1.469219 2.609520 122.177773 -34.037323 0.296331 -0.401657 6.814790 0.069505
22.501619 -29.924356 1.396611 2.691231 122.857826 -34.538235 0.294412 -0.282303 6.809669 0.071339
22.626614 -29.420214 1.313708 2.787176 123.550278 -35.043655 0.290861 -0.171206 6.799412 0.068428
22.752607 -28.934139 1.222236 2.921558 124.244156 -35.545246 0.285649 -0.066227 6.792571 0.066801
22.877602 -28.452467 1.146109 3.085407 124.933586 -36.039425 0.280029 0.041293 6.782562 0.067153
23.002596 -27.968895 1.092581 3.254420 125.625847 -36.529926 0.274588 0.160483 6.783228 0.066600
23.128590 -27.485216 1.075038 3.412789 126.319153 -37.016567 0.269673 0.290975 6.768254 0.067343
23.253584 -27.002409 1.080121 3.507014 127.018433 -37.501575 0.266576 0.423804 6.744792 0.066896
23.378578 -26.542189 1.117842 3.556840 127.707764 -37.973495 0.264768 0.543113 6.730146 0.063385
23.503572 -26.092161 1.188847 3.633481 128.410049 -38.446396 0.265026 0.642419 6.708294 0.060909
23.629566 -25.667475 1.296858 3.648780 129.107697 -38.909985 0.266625 0.713430 6.692522 0.057170
23.754560 -25.271646 1.414153 3.637808 129.806717 -39.368343 0.268862 0.751751 6.683347 0.053927
23.879555 -24.894253 1.543765 3.651306 130.512863 -39.824810 0.272596 0.750102 6.665897 0.051443
24.004549 -24.545296 1.678521 3.628594 131.214935 -40.271759 0.276591 0.705737 6.654143 0.047513
24.130543 -24.211626 1.829952 3.574112 131.918472 -40.715099 0.279578 0.623516 6.647241 0.045865
24.255537 -23.899246 1.998031 3.460609 132.629837 -41.158386 0.281037 0.513244 6.655526 0.041869
24.380531 -23.605457 2.147898 3.396146 133.338257 -41.593071 0.280175 0.388208 6.643280 0.041421
24.505526 -23.332006 2.279634 3.325389 134.048096 -42.023098 0.276228 0.255555 6.638048 0.037619
24.630520 -23.072414 2.372903 3.229393 134.754745 -42.446655 0.270444 0.121566 6.646181 0.037577
24.755514 -22.825289 2.425841 3.120757 135.469772 -42.869438 0.261732 -0.011102 6.646360 0.033468
24.879509 -22.591646 2.464125 3.006545 136.187332 -43.287647 0.250715 -0.137220 6.642350 0.033540
25.004503 -22.353996 2.477120 2.907111 136.908218 -43.702019 0.239948 -0.252310 6.661624 0.033437
25.128498 -22.135195 2.483946 2.740770 137.626831 -44.110165 0.230024 -0.352317 6.665429 0.030063
25.253492 -21.933981 2.497200 2.571096 138.347763 -44.513927 0.221522 -0.437769 6.665864 0.028224
25.378487 -21.738924 2.506975 2.432543 139.083298 -44.920059 0.216017 -0.514312 6.669898 0.027213
25.503481 -21.566429 2.531351 2.272258 139.809494 -45.316841 0.213845 -0.586423 6.675671 0.024068
25.628475 -21.391529 2.556166 2.164207 140.549576 -45.717049 0.212870 -0.656955 6.681528 0.024117
25.754469 -21.236507 2.583089 1.984051 141.286362 -46.110977 0.213899 -0.711402 6.691045 0.021922
25.880463 -21.088985 2.611287 1.739398 142.032303 -46.505230 0.216998 -0.729031 6.703432 0.021935
26.006456 -20.946951 2.650556 1.476873 142.786926 -46.900715 0.220192 -0.694605 6.714512 0.020851
26.129452 -20.808062 2.682879 1.262333 143.521225 -47.279728 0.223235 -0.613519 6.720658 0.022043
26.254446 -20.661716 2.720696 1.067015 144.270370 -47.660275 0.226374 -0.498182 6.725149 0.021753
26.381439 -20.509790 2.765673 0.901838 145.028366 -48.040306 0.230196 -0.363503 6.734024 0.022161
26.505434 -20.352390 2.811090 0.777554 145.783401 -48.414650 0.233710 -0.219575 6.750259 0.023174
26.657431 -20.242102 2.849641 0.687975 146.322601 -48.680012 0.235893 -0.112368 6.754277 0.022012
26.756433 -20.065973 2.928165 0.502955 147.279190 -49.145927 0.233087 0.080356 6.788371 0.020240
26.890436 -19.919231 2.992813 0.439125 148.093948 -49.536839 0.225981 0.235673 6.797846 0.019142
27.006439 -19.799109 3.061584 0.365160 148.814392 -49.878223 0.220098 0.354362 6.822499 0.017984
27.140442 -19.672295 3.160533 0.286047 149.636765 -50.263870 0.211294 0.460104 6.827013 0.016862
27.257444 -19.560444 3.264585 0.221597 150.361481 -50.600143 0.202057 0.525777 6.833828 0.017316
27.390448 -19.435261 3.402225 0.144662 151.188034 -50.981251 0.189602 0.574071 6.847595 0.016882
27.507450 -19.330212 3.535628 0.154700 151.916611 -51.312500 0.178299 0.598730 6.836888 0.015089
27.640453 -19.219383 3.710986 0.190996 152.752197 -51.685970 0.168488 0.611062 6.820550 0.013626
27.757456 -19.131603 3.870161 0.228950 153.474625 -52.004639 0.163181 0.609784 6.796266 0.011292
27.890459 -19.050539 4.045300 0.327218 154.307770 -52.367813 0.159315 0.595584 6.774464 0.008258
28.007462 -18.988997 4.180901 0.436214 155.033752 -52.680977 0.156231 0.571509 6.744886 0.009358
28.141464 -18.921139 4.269725 0.632733 155.857361 -53.031528 0.154550 0.525036 6.725212 0.005860
28.257467 -18.878307 4.305507 0.865367 156.581787 -53.336838 0.155410 0.458063 6.715164 0.003594
28.391470 -18.835272 4.334699 1.043711 157.405411 -53.680748 0.158304 0.344223 6.713086 0.004037
28.508472 -18.798355 4.333116 1.151402 158.130753 -53.980778 0.160551 0.214173 6.705303 0.003030
28.641476 -18.763159 4.275055 1.268986 158.955078 -54.319824 0.161312 0.044319 6.694078 0.002819
28.758478 -18.744610 4.175544 1.370848 159.679092 -54.615711 0.162553 -0.114580 6.680733 0.002175
28.875481 -18.728338 4.026677 1.468011 160.403427 -54.910015 0.162713 -0.279299 6.682633 0.001161
29.008484 -18.736887 3.813619 1.543939 161.228882 -55.242134 0.161706 -0.465395 6.692699 -0.004643
29.125486 -18.787182 3.600385 1.565681 161.956390 -55.532337 0.160959 -0.613410 6.697534 -0.009085
29.258490 -18.865492 3.335151 1.613303 162.792206 -55.862034 0.157153 -0.734675 6.713919 -0.010757
29.375492 -18.943007 3.105935 1.609467 163.518387 -56.145622 0.152907 -0.780738 6.722776 -0.012978
29.508495 -19.047728 2.851922 1.528054 164.358566 -56.471695 0.147703 -0.767566 6.731130 -0.013091
29.625498 -19.142731 2.645951 1.431445 165.087997 -56.752991 0.144297 -0.717869 6.742803 -0.013951
29.759501 -19.276924 2.431424 1.258839 165.931824 -57.075436 0.140981 -0.643107 6.746756 -0.016857
29.875504 -19.414873 2.260008 1.061100 166.670059 -57.355373 0.138392 -0.572519 6.750035 -0.021343
30.009506 -19.600464 2.105907 0.813368 167.510696 -57.670792 0.137022 -0.481442 6.749153 -0.025323
30.126509 -19.793526 2.009678 0.607344 168.250488 -57.945759 0.136279 -0.381042 6.742817 -0.028807
30.259512 -20.023266 1.953007 0.362835 169.091522 -58.256527 0.137515 -0.238892 6.739363 -0.030557
30.376514 -20.239761 1.942295 0.105958 169.831009 -58.528763 0.137685 -0.094090 6.733375 -0.033077
30.509518 -20.500334 1.954206 -0.171168 170.671539 -58.836315 0.137262 0.075410 6.721704 -0.033516
30.626520 -20.744797 1.970355 -0.425042 171.409958 -59.104492 0.134486 0.214710 6.708023 -0.035565
30.759523 -21.044004 1.992957 -0.726121 172.253769 -59.409893 0.130096 0.349833 6.687805 -0.038195
30.876526 -21.316540 2.017681 -1.042114 172.982574 -59.673290 0.125985 0.444875 6.677215 -0.040420
31.009529 -21.646879 2.054767 -1.376607 173.823196 -59.975433 0.119902 0.536152 6.654433 -0.042200
31.126532 -21.945307 2.110159 -1.646998 174.554459 -60.238373 0.113591 0.604769 6.631250 -0.044554
31.260534 -22.304489 2.174392 -1.901061 175.382706 -60.536312 0.107770 0.669585 6.615198 -0.046855
31.376537 -22.626860 2.219966 -2.089758 176.108536 -60.798954 0.103070 0.705116 6.581386 -0.046747
31.510540 -22.989969 2.247436 -2.299420 176.929855 -61.098186 0.096588 0.706660 6.565615 -0.046795
31.627542 -23.314442 2.258600 -2.484339 177.650574 -61.362179 0.091145 0.669163 6.553607 -0.048460
31.760546 -23.702230 2.234739 -2.660627 178.474121 -61.665115 0.085760 0.591923 6.541693 -0.050232
31.877548 -24.046766 2.180855 -2.767371 179.184540 -61.928703 0.080619 0.512572 6.520373 -0.051064
32.010551 -24.450262 2.076968 -2.856336 180.001648 -62.234806 0.074349 0.422563 6.506588 -0.053858
32.127541 -24.809587 1.956692 -2.903017 180.707199 -62.500420 0.069953 0.347413 6.494605 -0.054287
32.260529 -25.229475 1.820442 -2.881046 181.519562 -62.807205 0.067547 0.250784 6.469189 -0.055810
32.377518 -25.604668 1.721212 -2.837898 182.226212 -63.077820 0.069028 0.144727 6.462546 -0.056659
32.511505 -26.033987 1.628417 -2.747150 183.027420 -63.385990 0.072460 -0.008502 6.443345 -0.056818
32.627495 -26.417585 1.566688 -2.695139 183.728607 -63.660797 0.076756 -0.166590 6.430948 -0.058701
32.761482 -26.872322 1.514678 -2.610121 184.523468 -63.975174 0.082024 -0.356373 6.419339 -0.060938
32.878475 -27.278452 1.485288 -2.556328 185.219925 -64.252480 0.087374 -0.515214 6.399088 -0.061269
33.011463 -27.748005 1.479667 -2.515408 186.009979 -64.567902 0.092334 -0.672319 6.386209 -0.062477
33.128452 -28.163343 1.490673 -2.510136 186.702423 -64.847786 0.095052 -0.782426 6.376963 -0.061185
33.261440 -28.632603 1.514348 -2.473855 187.493515 -65.168152 0.094668 -0.868949 6.362848 -0.062431
33.397438 -29.074989 1.565092 -2.427251 188.208786 -65.461853 0.092744 -0.902218 6.324186 -0.065519
33.501434 -29.509768 1.628641 -2.383917 188.878479 -65.740349 0.088466 -0.887061 6.293653 -0.066442
33.632423 -30.019258 1.700282 -2.424095 189.652985 -66.067429 0.082254 -0.814135 6.255658 -0.065976
33.766411 -30.515045 1.782048 -2.558457 190.414810 -66.394135 0.075734 -0.696632 6.218419 -0.065379
33.882401 -30.948250 1.860407 -2.685932 191.080276 -66.683205 0.069594 -0.571103 6.191040 -0.062987
34.016392 -31.424799 1.954777 -2.832467 191.833679 -67.011406 0.062974 -0.412969 6.165996 -0.061313
34.133381 -31.844883 2.037808 -3.005510 192.493347 -67.301231 0.057724 -0.262609 6.152248 -0.061997
34.266369 -32.325447 2.117239 -3.204311 193.239944 -67.629982 0.052285 -0.080863 6.120506 -0.062386
34.383358 -32.732929 2.183291 -3.364710 193.893295 -67.919624 0.048681 0.080309 6.101596 -0.059746
34.500347 -33.148823 2.238676 -3.599024 194.543289 -68.211456 0.047932 0.233706 6.083441 -0.061110
34.633339 -33.634151 2.305943 -3.847697 195.285156 -68.546303 0.051074 0.391836 6.069509 -0.062393
34.750328 -34.053276 2.376251 -4.068299 195.924561 -68.837563 0.056437 0.515071 6.048410 -0.061674
34.883316 -34.549313 2.473061 -4.371287 196.659805 -69.176781 0.066572 0.644516 6.033577 -0.061998
35.000305 -34.972878 2.555538 -4.688687 197.294418 -69.470993 0.077770 0.743644 6.025094 -0.061538
35.133293 -35.460117 2.645375 -5.038226 198.024841 -69.811806 0.091965 0.829262 6.004562 -0.061182
35.250286 -35.883022 2.716018 -5.389591 198.660385 -70.110695 0.104624 0.865307 5.996695 -0.060564
35.384274 -36.380470 2.791656 -5.851001 199.380249 -70.452400 0.116748 0.851368 5.991126 -0.063011
35.501263 -36.820641 2.844702 -6.248867 200.012833 -70.753922 0.126858 0.792384 5.989506 -0.061854
35.634251 -37.324924 2.924766 -6.620928 200.731659 -71.097549 0.136072 0.684231 5.990551 -0.064562
35.751240 -37.781914 2.989208 -6.957453 201.362961 -71.401146 0.141325 0.564342 5.982617 -0.066675
35.884228 -38.297359 3.068520 -7.279596 202.084000 -71.749466 0.145344 0.412513 5.971179 -0.064486
36.001217 -38.731319 3.131163 -7.482555 202.705307 -72.052811 0.147184 0.277789 5.949749 -0.062901
36.134205 -39.232628 3.176820 -7.684108 203.414352 -72.402321 0.149460 0.128521 5.938934 -0.064444
36.251194 -39.682411 3.197810 -7.820357 204.035889 -72.710953 0.152900 0.004261 5.924695 -0.066320
36.384182 -40.195518 3.224821 -7.939354 204.746994 -73.063423 0.160243 -0.131031 5.920483 -0.065975
36.501171 -40.628048 3.243055 -8.018768 205.362335 -73.369949 0.168974 -0.245531 5.928497 -0.064239
36.635159 -41.111156 3.257547 -8.089683 206.072510 -73.725952 0.182235 -0.376268 5.932667 -0.061152
36.751148 -41.495441 3.269705 -8.128559 206.692581 -74.038651 0.196256 -0.484620 5.932991 -0.056273
36.885136 -41.919899 3.303695 -8.219213 207.395309 -74.396111 0.212510 -0.593064 5.923618 -0.055046
37.001125 -42.291595 3.321312 -8.324181 208.011322 -74.711838 0.226796 -0.667558 5.908983 -0.055722
37.135113 -42.706123 3.342288 -8.404918 208.710434 -75.070282 0.241867 -0.720631 5.904102 -0.053353
37.252102 -43.055042 3.344931 -8.505551 209.324585 -75.386894 0.256357 -0.733197 5.903169 -0.048579
37.385090 -43.411823 3.330691 -8.658093 210.020828 -75.748306 0.272774 -0.705119 5.897354 -0.043641
37.502079 -43.713371 3.311309 -8.840575 210.631790 -76.066574 0.288263 -0.644769 5.883511 -0.042482
37.635067 -44.029583 3.260385 -9.084974 211.328201 -76.432915 0.306589 -0.544101 5.868753 -0.037070
37.752056 -44.273781 3.187906 -9.271933 211.929825 -76.750496 0.321559 -0.440524 5.864143 -0.035072
37.886044 -44.541950 3.081070 -9.467780 212.625061 -77.118652 0.336162 -0.314287 5.874560 -0.032418
38.002033 -44.758545 2.986838 -9.649776 213.231369 -77.441452 0.348087 -0.206804 5.868272 -0.029572
38.136021 -44.973530 2.855437 -9.863811 213.919113 -77.809685 0.364248 -0.092969 5.862181 -0.024160
38.252010 -45.128838 2.702293 -10.073042 214.523636 -78.133789 0.379808 -0.000189 5.862046 -0.019994
38.386002 -45.284805 2.511015 -10.219376 215.211716 -78.501564 0.398696 0.105682 5.873648 -0.018922
38.502991 -45.402363 2.317774 -10.298457 215.817719 -78.825348 0.418413 0.207812 5.877479 -0.015829
38.635979 -45.511482 2.084665 -10.343249 216.511063 -79.198654 0.443823 0.337880 5.878507 -0.011176
38.752968 -45.571720 1.905231 -10.358100 217.110275 -79.525482 0.467357 0.450304 5.880556 -0.008143
38.885956 -45.613071 1.702214 -10.317672 217.801895 -79.904755 0.496879 0.553361 5.894762 -0.003648
39.002945 -45.612358 1.530998 -10.186962 218.401810 -80.234207 0.525037 0.599738 5.907390 0.001792
39.135933 -45.565109 1.369600 -9.956375 219.096466 -80.617332 0.560283 0.599130 5.927047 0.007623
39.252922 -45.500225 1.255864 -9.711513 219.702011 -80.954727 0.591026 0.563908 5.926976 0.009471
39.386909 -45.391464 1.135378 -9.392506 220.389328 -81.343102 0.624143 0.505235 5.947768 0.017095
39.504902 -45.253551 1.022164 -9.050773 221.000458 -81.692329 0.651474 0.445782 5.976697 0.021094
39.637890 -45.045746 0.892387 -8.489358 221.693161 -82.088928 0.677766 0.367807 6.017983 0.028697
39.754879 -44.826626 0.773507 -7.889177 222.305634 -82.440552 0.697491 0.286287 6.048306 0.033636
39.887867 -44.535271 0.616128 -7.105366 223.004089 -82.844543 0.713800 0.185684 6.075303 0.039837
40.004856 -44.242241 0.456865 -6.380025 223.619156 -83.204666 0.724537 0.103365 6.103737 0.044284
40.137844 -43.864685 0.268209 -5.571583 224.326263 -83.623268 0.733823 0.028879 6.151842 0.051514
40.254833 -43.503170 0.116419 -4.842419 224.941376 -83.990372 0.738575 -0.019377 6.190554 0.055103
40.387821 -43.060574 -0.071130 -4.016289 225.655289 -84.421654 0.742531 -0.070058 6.252326 0.060468
40.504810 -42.638271 -0.241371 -3.300366 226.276245 -84.801865 0.745883 -0.121014 6.296400 0.066084
40.638798 -42.106670 -0.418933 -2.386239 226.998734 -85.247246 0.750179 -0.194678 6.358404 0.072458
40.754787 -41.606110 -0.563883 -1.632563 227.633072 -85.641754 0.753144 -0.267269 6.401749 0.077776
40.888775 -40.989857 -0.726000 -0.692412 228.357559 -86.097374 0.758992 -0.346505 6.462183 0.085478
41.005764 -40.405079 -0.874036 0.135448 228.998032 -86.504128 0.767594 -0.400472 6.498569 0.091188
41.138752 -39.690094 -1.038723 1.111272 229.730484 -86.971275 0.780284 -0.433582 6.552411 0.098745
41.255741 -39.026928 -1.183700 1.987761 230.377396 -87.387444 0.792367 -0.434215 6.590420 0.104147
41.388729 -38.213459 -1.355480 3.039053 231.121170 -87.870071 0.806680 -0.405510 6.636314 0.111353
41.505718 -37.462933 -1.513085 3.974006 231.773193 -88.297195 0.816848 -0.359815 6.679418 0.118952
41.639706 -36.564278 -1.720687 5.003941 232.515396 -88.790314 0.826037 -0.292857 6.716769 0.124399
41.756695 -35.740555 -1.931072 5.881467 233.170654 -89.228577 0.833045 -0.229420 6.754412 0.128034
41.889683 -34.790199 -2.196280 6.822070 233.918213 -89.732864 0.840576 -0.163886 6.799777 0.131341
42.005672 -33.935993 -2.440311 7.643830 234.579422 -90.179344 0.847084 -0.117449 6.835696 0.133754
42.139660 -32.946682 -2.701373 8.462061 235.333130 -90.691124 0.851719 -0.072397 6.861626 0.136597
42.256649 -32.045719 -2.919105 9.095317 235.996368 -91.145592 0.853786 -0.029024 6.877634 0.140604
42.389637 -30.983627 -3.144367 9.694060 236.750732 -91.663895 0.852929 0.032197 6.877415 0.145086
42.506626 -30.022985 -3.293875 10.139196 237.412811 -92.119987 0.848026 0.091388 6.865772 0.147674
42.639614 -28.907669 -3.416760 10.592907 238.168060 -92.641853 0.838770 0.149929 6.836910 0.149128
42.756603 -27.931925 -3.481773 10.872921 238.817795 -93.093277 0.830058 0.184336 6.809086 0.148850
42.889591 -26.802900 -3.516165 11.063899 239.563995 -93.611839 0.818306 0.209645 6.761696 0.147070
43.006580 -25.835217 -3.495266 11.154781 240.205460 -94.057213 0.807218 0.229394 6.705839 0.146763
43.140568 -24.705139 -3.408206 11.161069 240.937164 -94.568413 0.795315 0.259476 6.620724 0.147290
43.256557 -23.726437 -3.306760 11.065148 241.567474 -95.009041 0.785435 0.292076 6.541324 0.143278
43.374546 -22.755627 -3.196280 10.925354 242.190323 -95.444023 0.774117 0.325072 6.460502 0.144015
43.507534 -21.651602 -3.089238 10.844106 242.889542 -95.927162 0.759312 0.350910 6.342259 0.144010
43.640522 -20.564457 -2.992612 10.772048 243.578171 -96.400116 0.741535 0.349297 6.234338 0.140323
43.757511 -19.632175 -2.924846 10.694080 244.174438 -96.808403 0.725894 0.316120 6.135444 0.137322
43.890499 -18.583452 -2.928615 10.593003 244.843491 -97.262405 0.706757 0.243795 6.034621 0.135939
44.007488 -17.689531 -2.993357 10.542868 245.423645 -97.652100 0.690669 0.162287 5.932191 0.130769
44.124477 -16.815239 -3.106249 10.461343 245.994507 -98.035248 0.675483 0.079399 5.836708 0.128526
44.257465 -15.846500 -3.299247 10.440104 246.630295 -98.460785 0.659284 -0.004039 5.687148 0.126504
44.374454 -15.021946 -3.534756 10.482019 247.177704 -98.824989 0.646908 -0.065161 5.575956 0.121153
44.507446 -14.117356 -3.884040 10.593433 247.790604 -99.233665 0.635240 -0.121635 5.434230 0.117802
44.624435 -13.355985 -4.254016 10.772579 248.307083 -99.578743 0.627605 -0.158560 5.302535 0.115271
44.757423 -12.528710 -4.756816 11.023049 248.889053 -99.965958 0.616835 -0.184985 5.153852 0.107625
44.874413 -11.856190 -5.245674 11.228371 249.384308 -100.294914 0.602561 -0.194556 5.033404 0.099108
45.008400 -11.165976 -5.810562 11.445219 249.931808 -100.657120 0.582978 -0.194050 4.867527 0.089970
45.124390 -10.609859 -6.322022 11.685938 250.400101 -100.965309 0.565077 -0.188589 4.737131 0.085212
45.258377 -10.050688 -6.899190 11.987938 250.916077 -101.304703 0.543013 -0.182671 4.578172 0.073298
45.375366 -9.613936 -7.375886 12.161689 251.356308 -101.592743 0.521654 -0.183483 4.441779 0.064974
45.509354 -9.188714 -7.854775 12.241144 251.844437 -101.910049 0.497921 -0.194093 4.275027 0.052460
45.625347 -8.872752 -8.183249 12.242571 252.258041 -102.176613 0.478176 -0.207251 4.155616 0.042168
45.759335 -8.577637 -8.435278 12.137511 252.716019 -102.467995 0.454506 -0.213780 4.029626 0.030872
45.875324 -8.374096 -8.509653 11.965582 253.109894 -102.714180 0.430479 -0.200135 3.926156 0.022113
46.009312 -8.194683 -8.433252 11.649375 253.547836 -102.984360 0.401395 -0.156931 3.823049 0.013750
46.126301 -8.080090 -8.220344 11.293479 253.925598 -103.212883 0.374977 -0.097935 3.734287 0.005690
46.259293 -8.012593 -7.803391 10.710711 254.351486 -103.465004 0.343343 -0.015039 3.661476 -0.006405
46.376286 -8.005893 -7.306204 10.109352 254.719528 -103.676147 0.312210 0.060894 3.602471 -0.015130
46.508274 -8.056403 -6.631299 9.270455 255.131104 -103.904884 0.272174 0.138244 3.545304 -0.024530
46.625263 -8.153195 -5.949367 8.391596 255.493729 -104.100250 0.233623 0.187299 3.501191 -0.031570
46.759254 -8.318092 -5.095415 7.309532 255.904495 -104.313507 0.185401 0.208661 3.464314 -0.037957
46.876244 -8.502048 -4.307111 6.252096 256.264618 -104.493553 0.142699 0.192989 3.428276 -0.041497
47.009235 -8.749648 -3.393334 4.996275 256.679993 -104.691742 0.094069 0.137623 3.398065 -0.044500
47.126225 -9.004642 -2.613919 3.902677 257.037964 -104.853813 0.053270 0.067543 3.380556 -0.047341
47.259212 -9.335101 -1.762246 2.635995 257.448517 -105.029579 0.008712 -0.020846 3.388989 -0.051651
47.376202 -9.663236 -1.036412 1.509697 257.816071 -105.179321 -0.027106 -0.088997 3.398741 -0.054276
47.510189 -10.068114 -0.235624 0.186114 258.242676 -105.345345 -0.061595 -0.134431 3.431138 -0.055673
47.626179 -10.442249 0.427504 -1.043055 258.620453 -105.486801 -0.084909 -0.135083 3.460845 -0.054433
47.760170 -10.891772 1.110331 -2.371276 259.060944 -105.643959 -0.104339 -0.090792 3.513801 -0.057501
47.876163 -11.309847 1.657055 -3.447040 259.449677 -105.777023 -0.114527 -0.023211 3.568493 -0.061616
48.010151 -11.842105 2.231395 -4.565532 259.909363 -105.927483 -0.118887 0.068805 3.642096 -0.066376
48.127140 -12.330715 2.686815 -5.394899 260.317261 -106.056320 -0.115883 0.140505 3.722517 -0.069095
48.260128 -12.919110 3.161162 -6.156349 260.797729 -106.204460 -0.106850 0.191309 3.822637 -0.072871
48.377121 -13.438405 3.534919 -6.666317 261.232452 -106.334702 -0.093555 0.198262 3.919977 -0.073418
48.512115 -14.044899 3.925725 -7.120978 261.744995 -106.484123 -0.072720 0.167767 4.037096 -0.076434
48.629112 -14.575643 4.258793 -7.413022 262.206757 -106.615349 -0.051748 0.123353 4.146076 -0.077014
48.761112 -15.191890 4.627681 -7.594126 262.750732 -106.765083 -0.025889 0.073101 4.257613 -0.079306
48.877106 -15.746682 4.929517 -7.608538 263.234985 -106.894791 -0.003787 0.041075 4.366114 -0.083823
49.011101 -16.385038 5.285733 -7.481116 263.809753 -107.045372 0.020208 0.020148 4.485454 -0.085076
49.127094 -16.923449 5.575501 -7.231986 264.321167 -107.175835 0.038820 0.012085 4.599943 -0.085027
49.261093 -17.543839 5.881513 -6.871609 264.927887 -107.328690 0.056289 0.006775 4.722588 -0.087030
49.379089 -18.101734 6.131789 -6.494700 265.475891 -107.466408 0.066636 0.000485 4.836744 -0.088385
49.512077 -18.716440 6.376273 -5.978884 266.104370 -107.622665 0.072121 -0.007598 4.956993 -0.089200
49.628067 -19.269566 6.567311 -5.487073 266.675049 -107.763557 0.071997 -0.008239 5.072873 -0.091213
49.761055 -19.919285 6.747570 -4.970687 267.338318 -107.927429 0.068977 0.006850 5.186406 -0.095151
49.878048 -20.494047 6.862905 -4.524656 267.929718 -108.071396 0.066405 0.031949 5.291270 -0.093895
50.012035 -21.156866 6.957975 -4.039691 268.627808 -108.240913 0.064233 0.058518 5.410106 -0.093176
50.129025 -21.728771 7.023449 -3.563562 269.249847 -108.390175 0.063459 0.063008 5.507145 -0.093297
50.261013 -22.372272 7.084911 -3.016394 269.969238 -108.563362 0.064857 0.038623 5.603626 -0.091997
50.379002 -22.923931 7.140892 -2.583875 270.612061 -108.716789 0.068790 -0.002278 5.682518 -0.088582
50.511990 -23.551619 7.186103 -2.159221 271.358093 -108.892517 0.076330 -0.055569 5.745388 -0.086436
50.628979 -24.079971 7.219907 -1.929223 272.010132 -109.048080 0.084397 -0.095221 5.796668 -0.083466
50.761967 -24.686123 7.249486 -1.800353 272.764313 -109.228218 0.095486 -0.125644 5.853782 -0.081797
50.878956 -25.230844 7.259226 -1.816534 273.432739 -109.387909 0.107783 -0.138545 5.887662 -0.079877
51.011944 -25.869574 7.257724 -2.045119 274.197388 -109.570923 0.122913 -0.144489 5.923260 -0.079482
51.128933 -26.435038 7.236618 -2.362965 274.879700 -109.733894 0.135740 -0.150604 5.960881 -0.076197
51.261921 -27.079138 7.203009 -2.854918 275.653961 -109.919617 0.149330 -0.164073 6.001237 -0.076220
51.379910 -27.659159 7.159783 -3.338360 276.339417 -110.084534 0.160943 -0.177593 6.047824 -0.077324
51.512897 -28.315413 7.096646 -3.984137 277.123596 -110.273605 0.173036 -0.183332 6.080911 -0.074943
51.628887 -28.892359 7.032791 -4.670211 277.815704 -110.443108 0.180356 -0.174145 6.098689 -0.072858
51.762875 -29.564955 6.919873 -5.559138 278.610199 -110.640137 0.183616 -0.149411 6.116099 -0.072885
51.879864 -30.141918 6.807883 -6.405134 279.300842 -110.812744 0.182027 -0.121507 6.146642 -0.070899
52.012852 -30.801781 6.702549 -7.437670 280.099762 -111.013374 0.177503 -0.084288 6.154355 -0.069641
52.130840 -31.359045 6.600016 -8.353918 280.798431 -111.189804 0.170352 -0.048272 6.160224 -0.066537
52.262829 -31.973850 6.480605 -9.387809 281.592743 -111.392990 0.162453 -0.008646 6.162685 -0.063529
52.379818 -32.488411 6.402962 -10.272454 282.283905 -111.571167 0.156871 0.014846 6.146156 -0.062134
52.514812 -33.075951 6.349927 -11.299214 283.078674 -111.777580 0.151706 0.020926 6.118784 -0.061479
52.629803 -33.572178 6.338267 -12.136453 283.763580 -111.957718 0.149073 0.014488 6.098386 -0.060519
52.763794 -34.139980 6.373724 -13.020371 284.556000 -112.168686 0.151539 0.015744 6.052841 -0.060030
52.876793 -34.610416 6.417318 -13.745534 285.224304 -112.349182 0.156185 0.040891 6.004859 -0.058274
53.009781 -35.124546 6.503755 -14.487275 285.974823 -112.554070 0.164278 0.096587 5.974189 -0.059416
53.126770 -35.584126 6.607060 -15.028951 286.646667 -112.740570 0.173793 0.156825 5.949857 -0.059173
53.259762 -36.086399 6.747474 -15.577727 287.405975 -112.954979 0.187701 0.218478 5.913517 -0.057229
53.376755 -36.517845 6.879470 -16.009472 288.067780 -113.145798 0.201049 0.263403 5.872974 -0.055846
53.509743 -37.005329 7.018291 -16.533276 288.820099 -113.367332 0.217770 0.311484 5.846132 -0.054843
53.626732 -37.422680 7.125482 -16.892408 289.467834 -113.560432 0.232274 0.352819 5.813732 -0.058217
53.759720 -37.900421 7.234886 -17.154419 290.212830 -113.784737 0.247777 0.389893 5.797163 -0.057966
53.876709 -38.306709 7.319301 -17.349064 290.853577 -113.982590 0.258983 0.398859 5.773233 -0.056792
54.010700 -38.776028 7.411597 -17.581747 291.590302 -114.214127 0.271985 0.373327 5.750630 -0.058954
54.127689 -39.186207 7.475020 -17.747646 292.229889 -114.418259 0.282891 0.320500 5.730920 -0.057138
54.260681 -39.640362 7.540462 -17.838236 292.955048 -114.651993 0.293763 0.229504 5.727730 -0.058692
54.377670 -40.029873 7.597517 -17.877762 293.591583 -114.859108 0.303291 0.125671 5.716301 -0.057663
54.510658 -40.476902 7.632305 -17.904078 294.311401 -115.097054 0.313526 -0.011443 5.686929 -0.059529
54.627647 -40.877113 7.634508 -17.884336 294.940338 -115.309792 0.320761 -0.133544 5.666348 -0.061277
54.761639 -41.339371 7.599725 -17.749523 295.657867 -115.556160 0.329568 -0.253911 5.656925 -0.063356
54.877628 -41.734299 7.562130 -17.662821 296.276489 -115.772995 0.339031 -0.330249 5.645478 -0.059826
55.010616 -42.183479 7.496301 -17.572954 296.989349 -116.027237 0.349672 -0.388757 5.641895 -0.060674
55.127605 -42.585129 7.393648 -17.545597 297.610168 -116.252342 0.358627 -0.423248 5.644828 -0.060147
55.261597 -43.035244 7.269819 -17.537468 298.313568 -116.513580 0.368771 -0.452100 5.643386 -0.058575
55.377590 -43.424072 7.148725 -17.533770 298.929962 -116.747070 0.377714 -0.467965 5.633684 -0.058772
55.511578 -43.872795 7.019575 -17.481327 299.634552 -117.019165 0.388986 -0.467431 5.638790 -0.059700
55.629574 -44.260212 6.903306 -17.411776 300.244141 -117.258354 0.400011 -0.443097 5.645971 -0.060638
55.761570 -44.722382 6.761496 -17.328382 300.953766 -117.538963 0.414353 -0.382847 5.657685 -0.061651
55.878563 -45.108150 6.631583 -17.232401 301.557983 -117.780533 0.427412 -0.306683 5.660262 -0.060376
56.011551 -45.540565 6.487864 -17.185846 302.255219 -118.062820 0.444833 -0.198191 5.658687 -0.055745
56.128540 -45.910149 6.369788 -17.209723 302.874054 -118.316757 0.460342 -0.092909 5.669898 -0.054271
56.261528 -46.327053 6.248443 -17.248901 303.570221 -118.606720 0.476289 0.025542 5.673008 -0.054067
56.378517 -46.682747 6.181573 -17.289824 304.176208 -118.862389 0.488496 0.120072 5.669481 -0.052709
56.512505 -47.100838 6.131022 -17.329781 304.874146 -119.161224 0.499255 0.210925 5.665380 -0.054099
56.628494 -47.459732 6.116818 -17.355997 305.481720 -119.426102 0.505362 0.271283 5.666174 -0.052610
56.762482 -47.868576 6.095212 -17.421717 306.171021 -119.730499 0.509504 0.320511 5.659756 -0.052523
56.878475 -48.236404 6.054469 -17.550798 306.774841 -120.001610 0.510854 0.349990 5.653577 -0.052645
57.013470 -48.647228 5.995427 -17.640608 307.465057 -120.315392 0.511122 0.368692 5.661469 -0.052797
57.130459 -49.004417 5.911066 -17.675997 308.065247 -120.592743 0.513308 0.370688 5.643761 -0.052978
57.263451 -49.413368 5.786797 -17.633137 308.748810 -120.914352 0.516929 0.357448 5.635191 -0.053817
57.380440 -49.759842 5.683084 -17.530966 309.338318 -121.197418 0.519746 0.338097 5.631427 -0.053740
57.513428 -50.151909 5.553163 -17.448460 310.016357 -121.528229 0.522608 0.313218 5.628981 -0.051696
57.630417 -50.468735 5.415692 -17.337820 310.601288 -121.818520 0.526057 0.289335 5.627795 -0.048908
57.764404 -50.801960 5.238357 -17.076279 311.275146 -122.156761 0.528959 0.252552 5.620704 -0.044666
57.880394 -51.061646 5.057915 -16.757746 311.859924 -122.456223 0.531286 0.207457 5.617966 -0.043042
58.014381 -51.327892 4.840803 -16.303946 312.521118 -122.801262 0.533264 0.142235 5.605663 -0.038457
58.131374 -51.537224 4.656240 -15.877895 313.099213 -123.108841 0.533479 0.077718 5.588571 -0.035048
58.264362 -51.735424 4.447868 -15.357228 313.752258 -123.464348 0.533249 0.001762 5.589302 -0.029726
58.381359 -51.891258 4.271490 -14.868649 314.328125 -123.785294 0.532091 -0.065652 5.584561 -0.028819
58.514347 -52.061939 4.075106 -14.291869 314.967834 -124.150612 0.533080 -0.140537 5.579304 -0.026268
58.631336 -52.180813 3.893199 -13.792853 315.530640 -124.478775 0.534806 -0.205497 5.564734 -0.021629
58.748325 -52.283081 3.697211 -13.241974 316.090729 -124.811264 0.538944 -0.268676 5.568747 -0.019841
58.881317 -52.370934 3.468184 -12.642987 316.724579 -125.196449 0.544678 -0.338184 5.578267 -0.014211
58.998314 -52.425846 3.251721 -12.118824 317.284058 -125.543442 0.550911 -0.396130 5.582697 -0.010733
59.131302 -52.459057 3.014453 -11.481683 317.908081 -125.937599 0.555891 -0.451105 5.595817 -0.006804
59.248299 -52.456348 2.826502 -10.874635 318.458557 -126.292320 0.557837 -0.482887 5.605049 -0.003838
59.381287 -52.433620 2.645189 -10.128485 319.086670 -126.707542 0.558581 -0.489117 5.625980 0.001116
59.498280 -52.384762 2.495585 -9.473765 319.631622 -127.078247 0.558937 -0.464390 5.645627 0.005464
59.632267 -52.302979 2.341352 -8.692513 320.248657 -127.507645 0.557589 -0.406183 5.656475 0.007190
59.748257 -52.220943 2.195976 -7.950384 320.789490 -127.891800 0.554332 -0.338448 5.681945 0.009436
59.882244 -52.110786 2.016516 -7.050890 321.406403 -128.339081 0.547641 -0.253686 5.691654 0.011069
59.999233 -52.009232 1.841141 -6.283814 321.938538 -128.733978 0.538138 -0.174681 5.722216 0.011903
