1.20 1.10 20 64
0.134000 0.005861 0.087873 -0.088717 0.906339 0.001478 -0.122419 -0.107821 6.713775 0.000961
0.259000 -0.003843 0.370964 -0.214194 1.739814 0.003953 -0.052289 -0.043607 6.631472 -0.001711
0.387000 -0.023092 0.801785 -0.352680 2.573412 0.007554 0.057126 0.037427 6.512286 -0.002871
0.502000 -0.048490 1.253779 -0.506488 3.321083 0.011099 0.174792 0.112742 6.396091 -0.003164
0.628000 -0.070576 1.736205 -0.688131 4.120239 0.014975 0.305791 0.183576 6.312196 -0.001680
0.755000 -0.084891 2.183364 -0.815136 4.911114 0.018397 0.425388 0.237430 6.259519 -0.000706
0.881000 -0.096583 2.568548 -0.933926 5.706271 0.022580 0.522919 0.274667 6.264912 -0.001704
1.007000 -0.115520 2.868932 -1.047228 6.497035 0.026398 0.590032 0.295144 6.290561 -0.001836
1.133000 -0.137877 3.086896 -1.142728 7.292879 0.029968 0.623092 0.299171 6.337992 -0.003208
1.259000 -0.157255 3.191470 -1.235993 8.089555 0.032537 0.619029 0.288779 6.398656 -0.001525
1.381001 -0.172660 3.179416 -1.349539 8.881893 0.034278 0.580414 0.269070 6.472134 -0.001411
1.504001 -0.191698 3.052689 -1.453715 9.681794 0.035818 0.513513 0.242417 6.525202 -0.001982
1.630001 -0.216378 2.828778 -1.562154 10.501522 0.037277 0.423811 0.206963 6.577827 -0.003546
1.755001 -0.246074 2.522734 -1.646859 11.333654 0.039549 0.322606 0.162415 6.618660 -0.003878
1.880001 -0.273559 2.159696 -1.757540 12.163371 0.040971 0.222992 0.116268 6.652673 -0.002260
2.006001 -0.290772 1.766153 -1.890510 12.996312 0.040305 0.135368 0.078365 6.669976 -0.001183
2.131001 -0.305649 1.366048 -2.014426 13.838343 0.039621 0.067163 0.053316 6.693978 -0.001376
2.256001 -0.312096 0.999849 -2.022988 14.676256 0.042044 0.028254 0.034816 6.708410 -0.000453
2.381000 -0.316852 0.703065 -1.898978 15.509163 0.046733 0.024265 0.011709 6.721794 -0.001034
2.506000 -0.322221 0.467037 -1.703228 16.356112 0.051780 0.054712 -0.022371 6.719186 -0.000479
2.630000 -0.313539 0.325614 -1.397310 17.189215 0.057317 0.114990 -0.065162 6.712556 0.000628
2.754999 -0.310313 0.256525 -1.039980 18.026693 0.062230 0.198572 -0.115923 6.693048 -0.000408
2.879999 -0.307381 0.250774 -0.660792 18.861479 0.068743 0.294735 -0.176295 6.670941 -0.000358
3.006999 -0.307783 0.292020 -0.283125 19.700777 0.076449 0.392428 -0.246453 6.656227 -0.000637
3.131999 -0.304006 0.371815 0.056819 20.539438 0.082920 0.479302 -0.316843 6.660522 0.001205
3.257999 -0.289000 0.464926 0.399642 21.373823 0.088590 0.546585 -0.370443 6.688564 0.001438
3.382998 -0.277442 0.566276 0.715266 22.211975 0.093903 0.588005 -0.394669 6.725112 0.000798
3.506998 -0.264932 0.665952 1.026444 23.056538 0.097573 0.601812 -0.387837 6.779491 0.001520
3.629997 -0.250250 0.779168 1.334167 23.894669 0.101021 0.586668 -0.358424 6.837279 0.002304
3.751997 -0.229191 0.884829 1.623950 24.738684 0.105066 0.544637 -0.316229 6.881430 0.002736
3.875996 -0.211151 0.991934 1.888681 25.587761 0.109071 0.479197 -0.265656 6.918935 0.001213
4.000996 -0.197306 1.108162 2.148382 26.453686 0.113804 0.397494 -0.205100 6.930203 0.001360
4.126997 -0.183556 1.227594 2.339902 27.327291 0.119573 0.309939 -0.131652 6.935550 0.001335
4.252999 -0.169205 1.352304 2.470267 28.201752 0.124909 0.225514 -0.044468 6.943951 0.000887
4.378000 -0.155673 1.492240 2.535984 29.068619 0.131770 0.152723 0.051329 6.926743 0.002350
4.504002 -0.138104 1.651051 2.517976 29.939919 0.139191 0.099573 0.147424 6.901036 0.002061
4.630003 -0.122543 1.815981 2.383320 30.800335 0.147634 0.071869 0.229788 6.871555 0.002780
4.756004 -0.114260 1.981559 2.199491 31.663179 0.157717 0.071362 0.288389 6.831718 0.002568
4.881006 -0.100982 2.110133 1.978180 32.514477 0.167421 0.094448 0.316733 6.792501 0.003455
5.005007 -0.092685 2.210547 1.691634 33.361912 0.177399 0.138539 0.316855 6.768491 0.002778
5.130009 -0.087118 2.299618 1.347391 34.205597 0.189011 0.199610 0.295688 6.736905 0.003088
5.255010 -0.072850 2.349576 1.051943 35.039894 0.203058 0.268693 0.263100 6.724379 0.003518
5.380012 -0.068329 2.371175 0.744172 35.886421 0.219757 0.339690 0.225678 6.723502 0.002338
5.505013 -0.077137 2.362864 0.414192 36.720638 0.236153 0.404055 0.188417 6.734038 -0.000641
5.630014 -0.098066 2.325416 0.092604 37.571423 0.253224 0.456659 0.152097 6.762915 -0.000631
5.755016 -0.115640 2.248332 -0.210011 38.419666 0.270316 0.492289 0.120716 6.805460 -0.000267
5.881017 -0.122744 2.119354 -0.514596 39.274143 0.287954 0.508808 0.098410 6.861902 0.000797
6.005019 -0.123183 1.950551 -0.811678 40.135311 0.307374 0.504588 0.086678 6.915214 0.001728
6.131020 -0.112201 1.755317 -1.109037 41.003448 0.327083 0.479530 0.080987 6.969642 0.004057
6.256021 -0.096546 1.552091 -1.387691 41.877895 0.345866 0.436496 0.072395 7.018178 0.002803
6.381023 -0.079054 1.361745 -1.644263 42.757809 0.364143 0.383370 0.053372 7.059110 0.003581
6.506024 -0.060180 1.198048 -1.924927 43.648224 0.383064 0.324112 0.021781 7.075513 0.003728
6.631026 -0.037313 1.068850 -2.156590 44.534351 0.402711 0.265607 -0.018878 7.096924 0.004013
6.755027 -0.016793 0.982796 -2.342292 45.415508 0.423591 0.216158 -0.063776 7.115152 0.002837
6.880029 -0.005494 0.954471 -2.448864 46.304657 0.445695 0.180373 -0.109567 7.118543 0.001876
7.005030 0.006743 0.999067 -2.459031 47.194439 0.468186 0.159802 -0.153028 7.118088 0.000832
7.131032 0.015303 1.131965 -2.458806 48.089184 0.490461 0.156550 -0.192406 7.093588 0.001075
7.256033 0.025237 1.332751 -2.450168 48.973827 0.512542 0.169199 -0.225546 7.070428 0.000946
7.382034 0.043593 1.588628 -2.390209 49.855091 0.533161 0.195292 -0.248997 7.032852 0.002492
7.507036 0.067028 1.881051 -2.307255 50.731350 0.552532 0.230630 -0.257101 6.994825 0.003228
7.632037 0.081130 2.167548 -2.257282 51.609035 0.572305 0.272156 -0.241834 6.950842 0.001364
7.757039 0.093300 2.417833 -2.215385 52.475815 0.591783 0.312616 -0.199897 6.925021 0.000973
7.879040 0.103796 2.621392 -2.153620 53.319298 0.611250 0.348072 -0.137229 6.912447 0.000990
8.004042 0.117912 2.762757 -2.012968 54.176605 0.631178 0.373658 -0.062305 6.917259 0.001138
8.128039 0.138636 2.835582 -1.845125 55.042118 0.650838 0.388873 0.010529 6.938805 0.000730
8.254038 0.152137 2.834645 -1.658223 55.911522 0.670840 0.391471 0.070237 6.969321 -0.000577
8.379036 0.145569 2.766381 -1.452166 56.784782 0.689656 0.382778 0.112548 7.000603 -0.003525
8.503034 0.126230 2.638920 -1.235746 57.662319 0.707901 0.361053 0.138380 7.034429 -0.004966
8.627031 0.093605 2.480523 -1.021869 58.536381 0.726105 0.329740 0.148866 7.062279 -0.006499
8.761028 0.051347 2.278766 -0.855036 59.485378 0.746211 0.289619 0.143021 7.095829 -0.006896
8.876027 0.008843 2.095942 -0.696048 60.295372 0.763737 0.252962 0.124177 7.112729 -0.008094
9.001025 -0.049397 1.908065 -0.459302 61.185425 0.783124 0.215467 0.093460 7.126586 -0.010106
9.126023 -0.113272 1.739674 -0.185096 62.083298 0.802329 0.185306 0.061688 7.127575 -0.010012
9.251021 -0.188714 1.618506 0.120932 62.974182 0.822375 0.165245 0.038574 7.125721 -0.011206
9.387019 -0.274227 1.545591 0.390978 63.935425 0.840794 0.157724 0.025900 7.119055 -0.012223
9.511017 -0.356642 1.539959 0.657705 64.817680 0.857053 0.164371 0.020058 7.113335 -0.011799
9.635015 -0.439661 1.607089 0.842580 65.705803 0.872968 0.181043 0.011996 7.096090 -0.012085
9.760013 -0.526555 1.729109 0.961326 66.591301 0.888176 0.206243 -0.002414 7.077845 -0.013226
9.886011 -0.616983 1.900743 1.062444 67.481796 0.903472 0.238051 -0.023979 7.060353 -0.012973
10.010009 -0.700915 2.106649 1.081319 68.348885 0.919414 0.269887 -0.051073 7.043830 -0.011898
10.135006 -0.790623 2.327071 1.074072 69.235161 0.936242 0.298189 -0.083154 7.032546 -0.012986
10.258003 -0.887200 2.543042 1.017375 70.099297 0.952675 0.319327 -0.112411 7.023523 -0.013683
10.381001 -0.983140 2.736529 0.933097 70.963615 0.968640 0.330993 -0.129463 7.032053 -0.014103
10.507998 -1.098197 2.911291 0.803730 71.848953 0.984406 0.332866 -0.124073 7.021702 -0.014894
10.630996 -1.210188 3.059296 0.652673 72.720016 1.000706 0.323328 -0.093505 7.028804 -0.014052
10.752993 -1.312797 3.162885 0.511637 73.577499 1.017482 0.303657 -0.045624 7.030684 -0.013016
10.875990 -1.421744 3.226841 0.353714 74.441841 1.033461 0.276640 0.007814 7.026454 -0.015429
11.010987 -1.557310 3.249556 0.162646 75.382080 1.051673 0.240357 0.057382 7.011823 -0.016851
11.133985 -1.692612 3.238540 -0.042211 76.250107 1.068275 0.204687 0.087350 6.993937 -0.016918
11.256982 -1.821813 3.183788 -0.273283 77.109337 1.083135 0.171249 0.101831 6.981491 -0.016881
11.379979 -1.968292 3.095618 -0.508332 77.966331 1.098544 0.143572 0.105653 6.957171 -0.020856
11.502977 -2.125736 2.963530 -0.762148 78.820328 1.113375 0.124122 0.102976 6.934004 -0.019215
11.626975 -2.276202 2.817849 -1.042571 79.677567 1.129122 0.114775 0.094776 6.902928 -0.019277
11.761972 -2.440184 2.641048 -1.333614 80.599045 1.145883 0.119642 0.076584 6.858825 -0.019310
11.875971 -2.579478 2.468685 -1.567595 81.378777 1.157707 0.132994 0.053735 6.828125 -0.019324
12.000969 -2.728211 2.277257 -1.837299 82.236443 1.168884 0.156647 0.026079 6.791668 -0.018340
12.135966 -2.881610 2.068135 -2.066262 83.150749 1.179726 0.188934 0.002586 6.757660 -0.019206
12.250964 -3.014045 1.877584 -2.248334 83.927002 1.188170 0.219423 -0.010362 6.745206 -0.019008
12.384961 -3.174013 1.657084 -2.443046 84.823997 1.197010 0.254139 -0.023632 6.741192 -0.020721
12.506960 -3.331664 1.451605 -2.556969 85.652855 1.204288 0.282827 -0.038706 6.738045 -0.022526
12.629957 -3.487504 1.280115 -2.684512 86.481018 1.209576 0.306195 -0.054042 6.733720 -0.020289
12.752954 -3.639048 1.127562 -2.786480 87.310089 1.212856 0.322359 -0.061885 6.747449 -0.022338
12.875952 -3.795722 1.002619 -2.874557 88.140404 1.213532 0.329928 -0.057938 6.752864 -0.021605
13.010949 -3.957727 0.891056 -2.923323 89.052948 1.211997 0.327822 -0.042822 6.764244 -0.020384
13.133946 -4.095233 0.810659 -2.926845 89.885437 1.208945 0.316702 -0.022197 6.768422 -0.018864
13.254944 -4.231162 0.758367 -2.916107 90.704659 1.203406 0.299811 0.005085 6.772768 -0.019129
13.377941 -4.368149 0.724182 -2.849337 91.531143 1.196704 0.278385 0.040299 6.772391 -0.019393
13.511938 -4.517170 0.723777 -2.721511 92.438721 1.188027 0.253176 0.080825 6.770887 -0.019651
13.635936 -4.664155 0.745665 -2.594012 93.284103 1.178913 0.231342 0.107240 6.756404 -0.020892
13.758933 -4.808829 0.784611 -2.466035 94.113686 1.168189 0.212785 0.112548 6.740843 -0.019791
13.881930 -4.937068 0.844565 -2.286769 94.941772 1.155330 0.197978 0.095431 6.726664 -0.018508
14.004928 -5.065926 0.935357 -2.079656 95.766693 1.141135 0.189973 0.060601 6.694501 -0.018983
14.127925 -5.190784 1.049934 -1.912713 96.588020 1.124769 0.189625 0.015623 6.665440 -0.018228
14.250923 -5.318092 1.159591 -1.755849 97.405136 1.106986 0.197250 -0.031454 6.632524 -0.018761
14.385921 -5.451795 1.237447 -1.562167 98.291451 1.087419 0.212586 -0.076974 6.598609 -0.017581
14.510920 -5.572357 1.265881 -1.387946 99.114510 1.066493 0.230450 -0.109435 6.580733 -0.017992
14.635918 -5.704144 1.244628 -1.181289 99.935631 1.043091 0.248087 -0.131332 6.565758 -0.019940
14.759915 -5.843936 1.183317 -0.990177 100.749176 1.018201 0.265006 -0.141933 6.562098 -0.020046
14.884913 -5.971579 1.086413 -0.874670 101.569725 0.990593 0.278292 -0.137987 6.572578 -0.017226
15.008911 -6.099851 0.949794 -0.793430 102.391060 0.962136 0.287848 -0.114800 6.576800 -0.018310
15.134910 -6.237916 0.773259 -0.795929 103.213699 0.931401 0.291498 -0.073828 6.588533 -0.019126
15.259908 -6.365880 0.557540 -0.827292 104.044937 0.898882 0.289907 -0.025652 6.608264 -0.016332
15.385906 -6.481959 0.328948 -0.830102 104.878014 0.865422 0.284902 0.013490 6.621307 -0.015716
15.511905 -6.596260 0.105049 -0.836483 105.706169 0.828918 0.276263 0.031369 6.640468 -0.016314
15.636903 -6.706593 -0.100337 -0.846007 106.536156 0.790209 0.265396 0.027466 6.651905 -0.014739
15.750901 -6.795246 -0.268561 -0.840594 107.294029 0.753556 0.254862 0.014073 6.659957 -0.012938
15.876900 -6.887411 -0.416979 -0.865594 108.132027 0.711413 0.242414 0.003551 6.658189 -0.012718
16.001898 -6.974821 -0.511604 -0.867575 108.962761 0.666552 0.233425 0.007911 6.651614 -0.012581
16.126892 -7.053302 -0.549329 -0.883923 109.791847 0.620070 0.230780 0.023771 6.636233 -0.010385
16.251886 -7.133546 -0.529715 -0.907461 110.619438 0.571528 0.232075 0.035897 6.628969 -0.011570
16.376881 -7.206253 -0.446916 -0.946889 111.452736 0.521017 0.239456 0.030239 6.620279 -0.009214
16.501875 -7.278440 -0.317064 -1.013217 112.277161 0.468818 0.250562 0.006594 6.595268 -0.010443
16.626869 -7.349489 -0.142573 -1.069938 113.098930 0.413717 0.264110 -0.022080 6.582280 -0.009874
16.751863 -7.417967 0.083874 -1.061508 113.911751 0.358213 0.278394 -0.040853 6.559424 -0.009683
16.875858 -7.484031 0.348474 -1.093584 114.728203 0.300549 0.291889 -0.041485 6.540159 -0.008287
17.000853 -7.534482 0.602022 -1.121055 115.543198 0.241950 0.302194 -0.021609 6.529399 -0.007388
17.135847 -7.591702 0.844679 -1.086289 116.421860 0.178477 0.309371 0.018811 6.521497 -0.006746
17.258842 -7.641724 1.041791 -1.052310 117.214622 0.119806 0.312315 0.061910 6.515524 -0.007206
17.380838 -7.683392 1.185779 -0.992914 118.014175 0.059296 0.312136 0.094221 6.523262 -0.004545
17.503834 -7.705739 1.296749 -0.896626 118.808311 -0.001350 0.308549 0.101975 6.534752 -0.002908
17.625830 -7.714197 1.364227 -0.787881 119.609856 -0.064034 0.301952 0.086276 6.539215 -0.001796
17.758825 -7.733789 1.399099 -0.670914 120.478714 -0.132462 0.291880 0.061991 6.562823 -0.003399
17.881821 -7.754656 1.382592 -0.593118 121.284790 -0.197155 0.282849 0.051135 6.583821 -0.002505
18.004816 -7.765948 1.333184 -0.503648 122.093872 -0.261314 0.273676 0.054890 6.611042 -0.002302
18.126812 -7.787465 1.248733 -0.452658 122.897995 -0.326390 0.266445 0.063839 6.617750 -0.002692
18.250807 -7.799809 1.136983 -0.412143 123.717896 -0.394774 0.261835 0.070736 6.642833 -0.000718
18.375801 -7.798109 1.023093 -0.388252 124.546661 -0.464339 0.260989 0.076761 6.659408 0.000432
18.500795 -7.796052 0.930867 -0.387035 125.369843 -0.535261 0.263171 0.085208 6.669889 -0.000336
18.625790 -7.796270 0.861783 -0.396227 126.201721 -0.607611 0.265600 0.090440 6.687312 0.000648
18.761784 -7.794390 0.791008 -0.448010 127.108246 -0.688497 0.270574 0.077337 6.696638 0.000692
18.875778 -7.791127 0.732550 -0.511611 127.869865 -0.757482 0.275491 0.044493 6.715067 0.000024
19.008774 -7.795721 0.703767 -0.691435 128.760147 -0.839728 0.281364 -0.009788 6.727990 -0.001202
19.133768 -7.807051 0.703001 -0.887847 129.604584 -0.917814 0.286858 -0.057986 6.732517 -0.001494
19.258762 -7.818161 0.720997 -1.074029 130.442871 -0.995960 0.291950 -0.085998 6.736815 -0.000570
19.384756 -7.825393 0.753854 -1.248036 131.281891 -1.074652 0.295605 -0.088328 6.751269 -0.001210
19.508751 -7.835772 0.800817 -1.376492 132.116013 -1.153441 0.297100 -0.070477 6.758846 -0.001607
19.633745 -7.847494 0.852219 -1.474209 132.957748 -1.233336 0.297051 -0.046754 6.767663 -0.001233
19.756741 -7.846332 0.903327 -1.564748 133.793655 -1.313005 0.294360 -0.037097 6.776311 0.001102
19.878736 -7.829104 0.963473 -1.628581 134.618256 -1.390948 0.289468 -0.057060 6.796135 0.003397
20.004730 -7.803755 1.028783 -1.639728 135.464523 -1.470126 0.283131 -0.111861 6.800858 0.003230
20.129725 -7.776471 1.096978 -1.625776 136.310898 -1.550214 0.276037 -0.189371 6.802459 0.003682
20.254719 -7.762737 1.165103 -1.588773 137.157135 -1.630516 0.268839 -0.266404 6.802699 -0.000003
20.378714 -7.748206 1.229570 -1.537367 138.003616 -1.709973 0.261535 -0.319870 6.799706 0.002825
20.505707 -7.717183 1.305177 -1.518745 138.862930 -1.792614 0.254897 -0.334560 6.797369 0.004494
20.630701 -7.674915 1.379076 -1.483001 139.708878 -1.874213 0.249922 -0.306919 6.803034 0.006257
20.756695 -7.631634 1.439544 -1.417659 140.563553 -1.954451 0.247271 -0.242506 6.819822 0.005557
20.882689 -7.583332 1.492998 -1.340813 141.413254 -2.033020 0.245151 -0.150840 6.830787 0.007302
21.006683 -7.532129 1.542276 -1.246749 142.264404 -2.112208 0.243565 -0.039313 6.845506 0.006954
21.131680 -7.481480 1.593871 -1.154338 143.116959 -2.192180 0.243772 0.083637 6.848762 0.005964
21.254675 -7.440112 1.658061 -1.055335 143.955460 -2.270091 0.245673 0.201083 6.844609 0.005449
21.378670 -7.384059 1.731815 -0.928142 144.800308 -2.348066 0.248465 0.295910 6.836695 0.007860
21.503666 -7.316141 1.801268 -0.778086 145.651703 -2.426214 0.251866 0.352798 6.836359 0.009235
21.628660 -7.231248 1.870092 -0.638566 146.496033 -2.503850 0.255150 0.373829 6.840076 0.012333
21.753654 -7.141573 1.938607 -0.529355 147.353394 -2.582337 0.256697 0.377738 6.830773 0.010748
21.879648 -7.057941 1.998302 -0.463684 148.203644 -2.660556 0.255197 0.381132 6.828552 0.011585
22.002644 -6.981647 2.042598 -0.386043 149.047562 -2.736840 0.250951 0.383585 6.832464 0.009665
22.128637 -6.910695 2.070118 -0.348572 149.897766 -2.813851 0.245187 0.370182 6.826243 0.009755
22.251633 -6.832106 2.086941 -0.312639 150.734039 -2.887420 0.238385 0.328876 6.824221 0.010029
22.376627 -6.757244 2.087414 -0.285407 151.590424 -2.962111 0.230974 0.257676 6.824673 0.009586
22.502621 -6.684569 2.064053 -0.313747 152.439758 -3.035734 0.221744 0.167201 6.819692 0.010910
22.636616 -6.614691 2.012317 -0.326905 153.349564 -3.113796 0.211761 0.058965 6.806189 0.007826
22.760611 -6.565957 1.937829 -0.307521 154.196106 -3.185823 0.202252 -0.045349 6.792918 0.006523
22.875605 -6.519787 1.865375 -0.270471 154.967102 -3.251165 0.194038 -0.136723 6.782424 0.006954
23.000599 -6.469403 1.780856 -0.238653 155.818970 -3.322108 0.186328 -0.224934 6.781180 0.006214
23.125593 -6.422598 1.702409 -0.224399 156.655823 -3.391650 0.180465 -0.293605 6.764708 0.006927
23.260588 -6.378883 1.612420 -0.287394 157.571472 -3.467915 0.176975 -0.349052 6.745454 0.005642
23.385582 -6.353337 1.539690 -0.390037 158.404205 -3.536342 0.176115 -0.384788 6.732206 0.003189
23.510576 -6.339987 1.482519 -0.489401 159.242706 -3.603182 0.177700 -0.406664 6.725971 0.001554
23.635571 -6.340037 1.441369 -0.640032 160.080048 -3.668824 0.181288 -0.411241 6.713146 -0.001195
23.760565 -6.363453 1.394124 -0.787802 160.923233 -3.734001 0.185891 -0.396470 6.709433 -0.003958
23.875559 -6.394636 1.354641 -0.909770 161.692062 -3.792551 0.191435 -0.366077 6.701287 -0.004220
24.000553 -6.441525 1.314886 -1.047252 162.526733 -3.855243 0.197329 -0.315089 6.692323 -0.007141
24.125547 -6.497421 1.295299 -1.194914 163.360809 -3.919326 0.202102 -0.244270 6.690428 -0.008110
24.250542 -6.573110 1.296405 -1.389849 164.194336 -3.984075 0.205507 -0.154048 6.686739 -0.011238
24.385536 -6.662428 1.299127 -1.534300 165.093628 -4.054045 0.205869 -0.041621 6.674600 -0.011127
24.508532 -6.759556 1.305822 -1.669213 165.910797 -4.118072 0.202871 0.061555 6.658528 -0.014144
24.631527 -6.861459 1.301322 -1.808390 166.726730 -4.182279 0.196460 0.151866 6.649470 -0.013160
24.757521 -6.979191 1.281066 -1.923471 167.560638 -4.247622 0.186263 0.221184 6.628849 -0.017326
24.883514 -7.110451 1.261453 -1.979201 168.384720 -4.311831 0.173308 0.262705 6.600369 -0.018089
25.008509 -7.245777 1.225511 -1.983497 169.212036 -4.376729 0.159455 0.279498 6.575814 -0.019517
25.133503 -7.400392 1.203491 -2.088664 170.029480 -4.442977 0.145284 0.277277 6.545965 -0.023149
25.258497 -7.577888 1.192578 -2.149377 170.842896 -4.508920 0.132777 0.264217 6.519347 -0.026016
25.381493 -7.764315 1.184520 -2.163962 171.639557 -4.573834 0.124115 0.246243 6.485909 -0.026598
25.506487 -7.973924 1.188925 -2.170176 172.445297 -4.640727 0.119531 0.224659 6.457168 -0.030310
25.631481 -8.185880 1.190396 -2.106531 173.239914 -4.708433 0.118097 0.199761 6.416194 -0.031365
25.756475 -8.418239 1.184160 -2.093242 174.042770 -4.778244 0.119371 0.172171 6.385140 -0.032313
25.881470 -8.650364 1.148455 -2.114630 174.828659 -4.847943 0.123694 0.146568 6.347580 -0.033333
26.003466 -8.894751 1.107576 -2.155650 175.603622 -4.919186 0.129456 0.126735 6.313132 -0.035261
26.127460 -9.144149 1.039725 -2.169440 176.374573 -4.990189 0.135802 0.112048 6.282847 -0.034887
26.252455 -9.403378 0.949885 -2.173591 177.154602 -5.062270 0.142035 0.098212 6.258142 -0.036259
26.376450 -9.656513 0.848758 -2.158427 177.925812 -5.134605 0.148135 0.082531 6.239067 -0.035637
26.509445 -9.924901 0.715841 -2.126714 178.756073 -5.215417 0.153766 0.063894 6.218669 -0.034806
26.635439 -10.187151 0.586331 -2.113488 179.534256 -5.293260 0.157414 0.045515 6.201084 -0.036693
26.757435 -10.446108 0.455852 -2.048723 180.279816 -5.369764 0.158437 0.023691 6.189438 -0.037533
26.882429 -10.731687 0.322592 -2.027875 181.054947 -5.451410 0.158049 -0.010116 6.180561 -0.040324
27.007423 -11.022935 0.209955 -2.001893 181.822510 -5.534629 0.154309 -0.055418 6.176307 -0.041092
27.133417 -11.324548 0.124551 -1.943628 182.594833 -5.620744 0.147427 -0.101405 6.162997 -0.041807
27.259411 -11.624767 0.074780 -1.843269 183.359848 -5.706725 0.139951 -0.131682 6.155105 -0.042096
27.384405 -11.933751 0.067669 -1.745070 184.129059 -5.795325 0.132594 -0.141426 6.139160 -0.043287
27.510399 -12.248588 0.107263 -1.615635 184.889923 -5.885449 0.125169 -0.142049 6.120825 -0.041971
27.635393 -12.558370 0.169170 -1.428418 185.647980 -5.977161 0.118936 -0.152737 6.102076 -0.044071
27.760387 -12.872370 0.279654 -1.272993 186.410431 -6.071499 0.115811 -0.185033 6.089670 -0.043767
27.885382 -13.185184 0.424494 -1.167354 187.163696 -6.166663 0.113013 -0.234250 6.062656 -0.043727
28.000376 -13.472298 0.560976 -1.046045 187.847229 -6.255221 0.111422 -0.279857 6.036062 -0.044470
28.125370 -13.790434 0.696361 -0.936482 188.593765 -6.353781 0.110099 -0.312859 6.018530 -0.045089
28.250364 -14.131325 0.825048 -0.896630 189.343781 -6.454279 0.110626 -0.311711 5.993844 -0.048854
28.377357 -14.480891 0.937499 -0.876412 190.090759 -6.555922 0.111843 -0.268489 5.973772 -0.048129
28.502352 -14.838224 1.025363 -0.926082 190.835510 -6.659658 0.112435 -0.188654 5.962624 -0.050022
28.628345 -15.198250 1.076791 -1.001665 191.578690 -6.765492 0.113360 -0.090406 5.956121 -0.049996
28.754339 -15.564866 1.088564 -1.118026 192.314590 -6.873020 0.112725 0.001365 5.948371 -0.051698
28.880333 -15.943007 1.063370 -1.256210 193.056000 -6.983917 0.110613 0.068689 5.948520 -0.052919
29.003328 -16.323296 1.013302 -1.380228 193.785507 -7.095205 0.107312 0.101545 5.951356 -0.053476
29.126324 -16.699356 0.953375 -1.534899 194.502792 -7.207173 0.102312 0.103575 5.951752 -0.054008
29.251318 -17.095188 0.873280 -1.730796 195.242950 -7.324959 0.095081 0.083896 5.945053 -0.055531
29.377312 -17.494265 0.779074 -1.957600 195.976151 -7.443630 0.086768 0.056927 5.938838 -0.055491
29.502306 -17.896465 0.685069 -2.241018 196.713852 -7.565356 0.080025 0.038116 5.927821 -0.054789
29.628300 -18.290493 0.609201 -2.514944 197.448563 -7.690207 0.074366 0.038207 5.906255 -0.054482
29.754293 -18.684153 0.558026 -2.733729 198.180618 -7.817510 0.071779 0.057012 5.892797 -0.053928
29.880287 -19.068396 0.536297 -2.988140 198.910172 -7.948672 0.071969 0.086736 5.877090 -0.051761
30.004282 -19.435402 0.547768 -3.261178 199.620300 -8.079360 0.075229 0.119894 5.863436 -0.051966
30.129276 -19.808342 0.578947 -3.507576 200.338974 -8.214029 0.082288 0.157034 5.838740 -0.051497
30.255270 -20.180933 0.617617 -3.735632 201.064651 -8.354812 0.090086 0.201556 5.810909 -0.050883
30.380264 -20.543093 0.664163 -3.911190 201.775024 -8.495387 0.098968 0.248869 5.775208 -0.050544
30.506258 -20.904045 0.741936 -4.046520 202.481079 -8.638986 0.109995 0.287193 5.758194 -0.049639
30.631252 -21.257240 0.826854 -4.171784 203.183884 -8.785529 0.120473 0.301815 5.734651 -0.049301
30.756247 -21.618107 0.910674 -4.275576 203.889603 -8.936676 0.130168 0.286806 5.723274 -0.049906
30.881241 -21.970512 0.985810 -4.356746 204.588776 -9.088099 0.138906 0.249504 5.722643 -0.049078
31.006235 -22.315958 1.056325 -4.431337 205.287033 -9.242356 0.145296 0.202961 5.721197 -0.047339
31.131229 -22.653927 1.116644 -4.432534 205.984329 -9.398785 0.148768 0.156420 5.711710 -0.048156
31.256224 -22.998857 1.167186 -4.412553 206.679825 -9.559330 0.150144 0.111246 5.710616 -0.047843
31.381218 -23.331463 1.201481 -4.407940 207.374191 -9.723382 0.150402 0.064170 5.707519 -0.045990
31.506212 -23.645704 1.249250 -4.365712 208.062561 -9.889606 0.149685 0.013210 5.714576 -0.043081
31.629208 -23.937180 1.301417 -4.315809 208.750793 -10.058064 0.147876 -0.042028 5.712710 -0.040407
31.752203 -24.211960 1.339945 -4.236444 209.432831 -10.226851 0.144806 -0.098429 5.712867 -0.037533
31.878197 -24.479254 1.362496 -4.167810 210.130341 -10.403099 0.141455 -0.152867 5.709126 -0.036907
32.003193 -24.740383 1.378526 -4.067053 210.821609 -10.580533 0.140033 -0.196961 5.711058 -0.036334
32.129208 -24.997633 1.401638 -3.979061 211.517624 -10.763271 0.141872 -0.226100 5.711410 -0.035616
32.254223 -25.234766 1.416494 -3.918073 212.202042 -10.946380 0.147514 -0.238178 5.716429 -0.032528
32.378239 -25.458164 1.414966 -3.844604 212.891983 -11.134547 0.156147 -0.237696 5.727102 -0.030557
32.503254 -25.677803 1.403128 -3.757606 213.582809 -11.326064 0.168019 -0.232482 5.740415 -0.031532
32.629269 -25.889320 1.392588 -3.670356 214.274750 -11.520473 0.182773 -0.231102 5.756971 -0.029320
32.754284 -26.110682 1.392936 -3.592172 214.968384 -11.718976 0.197836 -0.239354 5.779116 -0.031862
32.879299 -26.324409 1.407862 -3.471651 215.663467 -11.920341 0.212714 -0.257098 5.795613 -0.029968
33.004314 -26.537207 1.425630 -3.327392 216.365372 -12.127131 0.227648 -0.276883 5.816085 -0.030684
33.129330 -26.757704 1.443340 -3.185029 217.057602 -12.334002 0.242713 -0.285668 5.831511 -0.031305
33.254345 -26.978870 1.473813 -3.025324 217.762421 -12.546138 0.257896 -0.272835 5.848907 -0.030490
33.379360 -27.182505 1.496165 -2.890745 218.463242 -12.760263 0.270962 -0.235834 5.875479 -0.027443
33.505375 -27.373779 1.531164 -2.788866 219.171036 -12.980304 0.281483 -0.179093 5.890241 -0.027764
33.630390 -27.578199 1.563873 -2.740483 219.874130 -13.202167 0.288265 -0.111846 5.904051 -0.029082
33.756405 -27.788628 1.594743 -2.707711 220.583847 -13.429225 0.292455 -0.038611 5.922990 -0.028591
33.882420 -27.987816 1.609655 -2.739870 221.294495 -13.660336 0.294949 0.035164 5.939558 -0.027689
34.008434 -28.190296 1.606846 -2.836856 221.999924 -13.893629 0.296288 0.103094 5.946653 -0.027392
34.134449 -28.391018 1.576836 -2.962175 222.717087 -14.134888 0.296391 0.160120 5.967316 -0.028076
34.260464 -28.593769 1.528265 -3.100260 223.430222 -14.377446 0.293920 0.203688 5.983391 -0.027182
34.384480 -28.788034 1.462754 -3.280789 224.132324 -14.619696 0.292213 0.239167 5.995253 -0.025445
34.509495 -28.975138 1.361040 -3.482424 224.835587 -14.864145 0.290893 0.272960 6.011975 -0.026225
34.635509 -29.157368 1.224892 -3.674373 225.557922 -15.116048 0.292121 0.304958 6.029215 -0.024939
34.761524 -29.333391 1.071041 -3.856080 226.269684 -15.368217 0.296150 0.326439 6.047777 -0.022997
34.885540 -29.501728 0.915683 -4.023581 226.982132 -15.624475 0.302361 0.330774 6.064540 -0.022854
35.007557 -29.647491 0.758296 -4.126415 227.678909 -15.877297 0.312369 0.318705 6.084271 -0.019374
35.132572 -29.784458 0.620186 -4.166157 228.388489 -16.137989 0.326939 0.295849 6.104491 -0.019469
35.257587 -29.917099 0.488786 -4.188918 229.109665 -16.408400 0.343788 0.268359 6.121007 -0.017525
35.383602 -30.031380 0.364708 -4.119516 229.832138 -16.682131 0.361677 0.240881 6.142581 -0.014885
35.508617 -30.129276 0.258048 -3.941469 230.551163 -16.956242 0.378875 0.214092 6.161898 -0.013119
35.633633 -30.209873 0.165582 -3.713147 231.270615 -17.233696 0.394080 0.184864 6.175665 -0.011183
35.759647 -30.279823 0.102621 -3.499050 231.991364 -17.515335 0.407002 0.144000 6.198395 -0.008897
35.884663 -30.347126 0.083564 -3.275585 232.719818 -17.803778 0.415282 0.081573 6.228913 -0.009419
36.009678 -30.404015 0.080328 -3.059954 233.443909 -18.094267 0.419878 -0.001421 6.254431 -0.007060
36.135693 -30.449366 0.111981 -2.817367 234.174942 -18.390638 0.421071 -0.091036 6.266167 -0.005843
36.258709 -30.484018 0.171356 -2.575960 234.882523 -18.681707 0.419027 -0.162894 6.278329 -0.004327
36.383724 -30.504927 0.244699 -2.344637 235.613068 -18.986149 0.416194 -0.209827 6.283902 -0.002270
36.508739 -30.513123 0.332612 -2.088766 236.337952 -19.290808 0.412659 -0.233835 6.293238 -0.000182
36.634754 -30.508133 0.422428 -1.771580 237.067963 -19.600969 0.408927 -0.248435 6.294510 0.001069
36.759769 -30.496342 0.498892 -1.440925 237.790710 -19.913729 0.405797 -0.261572 6.305393 0.001454
36.885784 -30.483547 0.542308 -1.103638 238.513245 -20.230185 0.404833 -0.272383 6.312699 0.000360
37.010799 -30.477917 0.540394 -0.712195 239.241882 -20.551733 0.406880 -0.277148 6.325287 -0.000858
37.136814 -30.484898 0.511373 -0.385925 239.964264 -20.873493 0.410758 -0.274293 6.329455 -0.001218
37.261829 -30.486511 0.439846 -0.086251 240.686249 -21.199297 0.416111 -0.264660 6.337059 -0.000366
37.375843 -30.480553 0.355663 0.187199 241.344040 -21.500174 0.420998 -0.249363 6.353319 0.001216
37.500858 -30.466524 0.231714 0.504087 242.066040 -21.833769 0.427464 -0.227477 6.370756 0.003300
37.634872 -30.446985 0.054609 0.819309 242.846283 -22.199059 0.435334 -0.203418 6.397224 0.001736
37.759888 -30.421209 -0.128539 1.062539 243.569992 -22.542711 0.442681 -0.187485 6.418639 0.005337
37.885902 -30.381819 -0.330705 1.198584 244.299866 -22.894436 0.450199 -0.175379 6.439753 0.005183
38.010918 -30.329220 -0.568173 1.296879 245.025360 -23.248171 0.455650 -0.155593 6.469411 0.008620
38.134933 -30.264927 -0.806282 1.417930 245.740616 -23.600220 0.459756 -0.115202 6.494566 0.009576
38.259949 -30.198790 -1.057645 1.536038 246.475647 -23.965023 0.463313 -0.048508 6.523998 0.010126
38.382965 -30.131588 -1.309871 1.668355 247.195496 -24.324141 0.464701 0.033143 6.552661 0.009826
38.506981 -30.062012 -1.528931 1.772028 247.916565 -24.687691 0.465493 0.117504 6.574105 0.010033
38.629997 -29.984114 -1.711388 1.840767 248.638229 -25.055384 0.466648 0.196587 6.596534 0.011689
38.755013 -29.898775 -1.845949 1.860705 249.371841 -25.434460 0.469189 0.270636 6.612334 0.012821
38.880028 -29.807301 -1.924087 1.874014 250.106064 -25.817511 0.472190 0.340087 6.629991 0.013180
39.005043 -29.712217 -1.920590 1.817866 250.845825 -26.207710 0.473598 0.403741 6.639764 0.012603
39.131058 -29.608498 -1.839856 1.756944 251.584991 -26.599657 0.474441 0.453055 6.640778 0.015332
39.257072 -29.490837 -1.708275 1.704731 252.323273 -26.994421 0.473975 0.477165 6.645698 0.017064
39.383087 -29.364523 -1.534767 1.594745 253.060654 -27.390186 0.471460 0.467420 6.638132 0.017745
39.509102 -29.231171 -1.337788 1.467837 253.790222 -27.783602 0.468161 0.421311 6.627234 0.018901
39.634117 -29.087902 -1.116823 1.375979 254.524307 -28.180494 0.461456 0.343938 6.619310 0.020040
39.760132 -28.943462 -0.891051 1.296884 255.250671 -28.575726 0.451639 0.248494 6.611128 0.020392
39.885147 -28.795706 -0.670652 1.211847 255.980103 -28.975077 0.441381 0.145916 6.596249 0.020269
40.011162 -28.655983 -0.478330 1.147015 256.702240 -29.371725 0.429607 0.041747 6.588929 0.018932
40.136177 -28.518879 -0.334498 1.069950 257.429352 -29.772364 0.415546 -0.068443 6.590303 0.019271
40.261192 -28.385614 -0.240834 1.016978 258.149933 -30.172134 0.400986 -0.184039 6.591077 0.018058
40.376205 -28.266256 -0.208034 0.967496 258.806671 -30.537806 0.388793 -0.286126 6.594367 0.019226
40.502220 -28.133392 -0.225608 0.948898 259.532074 -30.941891 0.378126 -0.376262 6.589545 0.017995
40.627235 -28.006937 -0.299862 0.996071 260.258270 -31.345787 0.369222 -0.426100 6.600250 0.018071
40.754250 -27.876524 -0.409698 1.048780 260.985199 -31.750422 0.364296 -0.434488 6.602668 0.018524
40.880264 -27.740454 -0.547165 1.056611 261.711792 -32.156124 0.363507 -0.415257 6.604357 0.019157
41.006279 -27.587343 -0.701127 1.076843 262.438477 -32.561619 0.366040 -0.384475 6.606146 0.021219
41.132294 -27.441978 -0.862553 1.086709 263.164917 -32.967396 0.370655 -0.349380 6.600645 0.020098
41.258308 -27.296423 -1.009206 1.114532 263.896973 -33.377598 0.377157 -0.308941 6.610874 0.019846
41.384323 -27.156054 -1.157038 1.159976 264.622772 -33.785797 0.383515 -0.262677 6.610464 0.019176
41.510338 -27.018068 -1.281858 1.174666 265.342651 -34.192902 0.390097 -0.213423 6.618977 0.019462
41.636353 -26.892059 -1.368355 1.157365 266.067932 -34.604584 0.394877 -0.162158 6.619723 0.015968
41.762367 -26.787090 -1.413767 1.153379 266.792267 -35.017086 0.396870 -0.107280 6.612096 0.013941
41.876381 -26.695528 -1.419896 1.190753 267.446777 -35.389397 0.396672 -0.050788 6.602509 0.014565
42.001396 -26.601175 -1.403344 1.227108 268.168884 -35.800392 0.393897 0.020829 6.591539 0.011923
42.126411 -26.516476 -1.356006 1.288573 268.878296 -36.205505 0.387194 0.097761 6.587826 0.012295
42.251427 -26.444019 -1.277713 1.388438 269.598236 -36.616680 0.377204 0.176830 6.571505 0.009136
42.376442 -26.391712 -1.183102 1.466729 270.310516 -37.024052 0.365362 0.252106 6.559661 0.007051
42.502457 -26.356482 -1.073831 1.554936 271.026520 -37.435249 0.351929 0.322831 6.544658 0.004970
42.628471 -26.329750 -0.948251 1.736251 271.734955 -37.841537 0.337297 0.385632 6.526427 0.003731
42.754486 -26.295334 -0.798277 1.974148 272.447723 -38.249374 0.321482 0.435681 6.504628 0.005349
42.879501 -26.259247 -0.640967 2.202175 273.152405 -38.651848 0.305970 0.463803 6.484320 0.005465
43.004517 -26.225025 -0.474810 2.403527 273.854645 -39.053181 0.291142 0.463956 6.459819 0.004251
43.128532 -26.218346 -0.316690 2.589931 274.554138 -39.452408 0.278928 0.435770 6.432615 -0.001221
43.253548 -26.233871 -0.177166 2.728455 275.251007 -39.849277 0.269511 0.383662 6.407250 -0.002719
43.378563 -26.268227 -0.052618 2.847940 275.945984 -40.244827 0.263074 0.313629 6.391997 -0.005971
43.503578 -26.319973 0.034899 2.983107 276.640106 -40.639423 0.260565 0.229127 6.382972 -0.007726
43.629593 -26.392397 0.087223 3.077323 277.332642 -41.035038 0.260065 0.130735 6.378352 -0.011685
43.754608 -26.487577 0.090598 3.147789 278.030121 -41.433025 0.259844 0.016895 6.372019 -0.013515
43.880623 -26.587845 0.073812 3.161562 278.722595 -41.826294 0.260086 -0.106794 6.373691 -0.014416
44.004639 -26.693209 0.009910 3.154688 279.416565 -42.218811 0.259802 -0.230905 6.381815 -0.014710
44.127655 -26.800287 -0.069852 3.104503 280.100464 -42.605148 0.260277 -0.338954 6.387378 -0.016257
44.252670 -26.916155 -0.153864 2.976585 280.797699 -42.997272 0.259400 -0.421167 6.405695 -0.016737
44.378685 -27.048464 -0.228777 2.834650 281.502777 -43.392715 0.257988 -0.469464 6.421961 -0.019745
44.504700 -27.194794 -0.297061 2.612683 282.210876 -43.788383 0.255379 -0.484609 6.447085 -0.021066
44.630714 -27.355337 -0.347879 2.404922 282.916290 -44.181454 0.251504 -0.471909 6.469206 -0.022683
44.755730 -27.521927 -0.369820 2.161722 283.630035 -44.577793 0.247337 -0.435543 6.487805 -0.023826
44.881744 -27.705627 -0.367077 1.835127 284.340546 -44.971977 0.242294 -0.379206 6.505284 -0.027021
45.006760 -27.908670 -0.333807 1.530803 285.059235 -45.368492 0.236528 -0.306494 6.524054 -0.029063
45.132774 -28.120905 -0.267857 1.210049 285.774506 -45.762352 0.229707 -0.225685 6.539431 -0.030090
45.258789 -28.352272 -0.161213 0.845364 286.496735 -46.159569 0.223082 -0.142342 6.545987 -0.032957
45.384804 -28.588634 -0.023815 0.515181 287.221527 -46.555740 0.215528 -0.059716 6.561674 -0.032574
45.509819 -28.820608 0.125045 0.228965 287.942413 -46.947792 0.207891 0.022940 6.566941 -0.032137
45.634834 -29.059433 0.281135 -0.055225 288.664490 -47.338783 0.199187 0.106007 6.572690 -0.032904
45.760849 -29.298323 0.443372 -0.291212 289.392944 -47.732529 0.190049 0.182473 6.572788 -0.032858
45.885864 -29.535360 0.626096 -0.563659 290.121643 -48.126827 0.180964 0.238275 6.579089 -0.032521
46.011879 -29.777206 0.801181 -0.876282 290.851044 -48.521271 0.171582 0.262507 6.581710 -0.033157
46.137894 -30.011332 0.973944 -1.219286 291.575592 -48.912357 0.160950 0.255231 6.593088 -0.030886
46.251907 -30.221823 1.130263 -1.514527 292.243378 -49.273411 0.151575 0.230015 6.602596 -0.031455
46.377922 -30.448816 1.295892 -1.820931 292.969940 -49.665405 0.144745 0.195857 6.604217 -0.030494
46.505936 -30.672604 1.447135 -2.095333 293.714813 -50.066219 0.139522 0.167456 6.611569 -0.029297
46.627953 -30.878323 1.575687 -2.366307 294.431824 -50.449894 0.138465 0.159399 6.615979 -0.027742
46.762966 -31.096079 1.694169 -2.665362 295.214905 -50.867180 0.139544 0.182142 6.619836 -0.025693
46.884983 -31.277304 1.792269 -2.895213 295.934448 -51.248905 0.140887 0.230141 6.624449 -0.024706
47.008999 -31.449022 1.888050 -3.076751 296.655396 -51.630291 0.141059 0.284965 6.635622 -0.022510
47.132015 -31.618118 1.959592 -3.300785 297.378448 -52.010998 0.140759 0.319289 6.645818 -0.022525
47.255032 -31.782558 2.016866 -3.483744 298.108704 -52.393753 0.139591 0.312044 6.649507 -0.022377
47.377048 -31.941257 2.047376 -3.574811 298.827942 -52.769238 0.138942 0.260567 6.650405 -0.021244
47.509068 -32.095116 2.092417 -3.594429 299.607147 -53.175770 0.136466 0.167162 6.664712 -0.018926
47.634083 -32.226490 2.142793 -3.614726 300.347321 -53.560600 0.134334 0.056635 6.676340 -0.016323
47.759098 -32.330585 2.201170 -3.584921 301.083160 -53.941513 0.131552 -0.062061 6.685031 -0.012660
47.883114 -32.408451 2.274443 -3.498883 301.826294 -54.324905 0.126994 -0.176640 6.693854 -0.009399
48.008129 -32.461243 2.376041 -3.428685 302.570160 -54.708523 0.121746 -0.268215 6.697350 -0.006405
48.134144 -32.484379 2.502264 -3.391948 303.314972 -55.092228 0.116577 -0.324891 6.705930 -0.001902
48.259159 -32.500294 2.667597 -3.367864 304.067139 -55.478371 0.112721 -0.346680 6.711160 -0.001967
48.385174 -32.506248 2.845570 -3.369927 304.813904 -55.859665 0.111898 -0.342254 6.706966 -0.000678
48.510189 -32.505451 3.038701 -3.409385 305.567230 -56.242615 0.114415 -0.320459 6.707393 0.001378
48.636204 -32.506092 3.228769 -3.504622 306.320618 -56.623234 0.119041 -0.287733 6.692186 0.001018
48.762218 -32.503292 3.426790 -3.614221 307.074249 -57.001049 0.123947 -0.250830 6.687299 0.000432
48.877232 -32.502720 3.620178 -3.705595 307.756287 -57.342316 0.128987 -0.219311 6.686753 0.001379
49.002247 -32.496578 3.826427 -3.823302 308.510040 -57.718922 0.134562 -0.186969 6.680402 0.001074
49.128262 -32.501156 4.012867 -3.915487 309.257172 -58.089256 0.138987 -0.151002 6.661786 -0.000216
49.253277 -32.512711 4.167220 -4.025366 310.010620 -58.459778 0.140812 -0.108037 6.662491 -0.000544
49.379292 -32.528492 4.292374 -4.176715 310.764099 -58.828983 0.139553 -0.065458 6.656105 -0.000211
49.504307 -32.540783 4.390250 -4.349517 311.512238 -59.193180 0.135553 -0.033795 6.658897 0.000452
49.630322 -32.552906 4.438359 -4.575840 312.260132 -59.556770 0.128516 -0.010478 6.647198 0.000057
49.755337 -32.582138 4.444673 -4.823552 313.007599 -59.918850 0.118183 0.019164 6.640405 -0.002537
49.878353 -32.618149 4.425198 -5.059182 313.749481 -60.274273 0.107987 0.066927 6.627155 -0.002288
50.004368 -32.661282 4.382524 -5.337132 314.497223 -60.629734 0.100308 0.128993 6.619017 -0.003713
50.128384 -32.721653 4.324628 -5.626955 315.244781 -60.983925 0.095812 0.190040 6.615418 -0.006765
50.254398 -32.800835 4.261677 -5.930840 315.991699 -61.336441 0.093777 0.239432 6.606275 -0.007649
50.379414 -32.875278 4.189865 -6.236843 316.745117 -61.690090 0.094219 0.278128 6.606085 -0.006775
50.504429 -32.940487 4.119285 -6.475719 317.493530 -62.038414 0.097068 0.308546 6.602324 -0.006770
50.630444 -33.004662 4.065848 -6.693949 318.247772 -62.387844 0.102694 0.328795 6.595942 -0.007280
50.756458 -33.074280 4.016923 -6.883546 318.994720 -62.732845 0.110741 0.331286 6.573632 -0.008949
50.882473 -33.156708 3.979322 -7.020646 319.745941 -63.078777 0.119975 0.312374 6.556271 -0.011575
51.007488 -33.261997 3.964615 -7.116653 320.495575 -63.423000 0.129034 0.272118 6.541352 -0.014467
51.132504 -33.381920 3.955802 -7.267113 321.237335 -63.763184 0.136255 0.214197 6.518444 -0.014270
51.258518 -33.511818 3.971189 -7.384220 321.982544 -64.104240 0.142700 0.142369 6.494406 -0.018710
51.383533 -33.659515 4.007232 -7.449788 322.720062 -64.441177 0.146898 0.065197 6.483795 -0.021122
51.506550 -33.819920 4.048578 -7.532823 323.443909 -64.771828 0.147530 -0.009023 6.455782 -0.022422
51.632565 -33.997623 4.100142 -7.602691 324.176758 -65.105858 0.143552 -0.077738 6.434578 -0.024791
51.757580 -34.184757 4.159969 -7.623383 324.913452 -65.440895 0.136057 -0.137348 6.408834 -0.027345
51.882595 -34.390980 4.213535 -7.612727 325.641327 -65.771072 0.126479 -0.183190 6.380942 -0.029733
52.007610 -34.607624 4.265298 -7.578609 326.365784 -66.100853 0.116567 -0.211756 6.354689 -0.031871
52.132626 -34.833652 4.300689 -7.492278 327.080933 -66.426529 0.105530 -0.223417 6.325341 -0.033320
52.256641 -35.065056 4.321527 -7.381941 327.797913 -66.752785 0.096150 -0.226329 6.281999 -0.034473
52.381657 -35.323765 4.312957 -7.270305 328.509491 -67.077736 0.088584 -0.229196 6.243880 -0.038733
52.504669 -35.596439 4.291320 -7.174143 329.199951 -67.394508 0.084293 -0.233649 6.210221 -0.041194
52.637688 -35.928463 4.248256 -7.058234 329.953125 -67.741646 0.082616 -0.236023 6.172279 -0.046586
52.762703 -36.262478 4.178999 -6.972063 330.651703 -68.063957 0.083252 -0.232033 6.143830 -0.048326
52.887718 -36.614048 4.092410 -6.923426 331.347900 -68.386047 0.087491 -0.223553 6.127398 -0.050168
53.013733 -36.970650 3.998246 -6.900918 332.040100 -68.708069 0.094956 -0.213095 6.099103 -0.050802
53.127747 -37.309921 3.919894 -6.912804 332.675812 -69.003784 0.103605 -0.200321 6.093633 -0.051890
53.253761 -37.687996 3.847372 -6.976240 333.363800 -69.325424 0.113903 -0.178650 6.062846 -0.052475
53.378777 -38.095966 3.803779 -7.115096 334.053162 -69.650284 0.124207 -0.145163 6.034962 -0.056258
53.503792 -38.511353 3.784709 -7.300648 334.733643 -69.973083 0.131827 -0.099286 6.020580 -0.056930
53.628807 -38.942680 3.790020 -7.504105 335.410858 -70.297203 0.137375 -0.042445 5.999678 -0.058583
53.753822 -39.382351 3.824759 -7.761109 336.078735 -70.620071 0.141414 0.020525 5.969705 -0.059323
53.878838 -39.834728 3.874639 -8.097432 336.753754 -70.948997 0.143000 0.081585 5.949914 -0.059406
54.003853 -40.281368 3.932494 -8.420794 337.415161 -71.272926 0.142575 0.128644 5.931555 -0.060662
54.128868 -40.744991 3.987646 -8.726991 338.083527 -71.601593 0.138885 0.160559 5.897580 -0.061367
54.252884 -41.208412 4.029482 -9.027311 338.736023 -71.926109 0.133041 0.186310 5.865237 -0.064259
54.378899 -41.683804 4.075886 -9.225828 339.390961 -72.252655 0.124619 0.219720 5.847192 -0.064927
54.503914 -42.171436 4.122762 -9.375893 340.046417 -72.582672 0.115762 0.263052 5.808786 -0.066412
54.629929 -42.654064 4.168286 -9.510201 340.692352 -72.909752 0.107458 0.301608 5.780846 -0.065388
54.754944 -43.140678 4.216289 -9.681378 341.338715 -73.239426 0.099425 0.316558 5.739605 -0.064729
54.880959 -43.618698 4.274673 -9.905809 341.978882 -73.570778 0.093014 0.300312 5.707081 -0.064409
55.005974 -44.102303 4.328609 -10.101658 342.603699 -73.898148 0.090193 0.264131 5.671456 -0.066864
55.130989 -44.603901 4.387137 -10.293308 343.232544 -74.230957 0.091370 0.224239 5.628565 -0.067466
55.256004 -45.107101 4.438263 -10.425930 343.851288 -74.560905 0.095451 0.190485 5.595105 -0.068770
55.382019 -45.609341 4.478042 -10.572444 344.464569 -74.892776 0.102711 0.157975 5.568270 -0.069282
55.507030 -46.130306 4.517245 -10.745752 345.077301 -75.229630 0.112926 0.117259 5.540837 -0.070440
55.630043 -46.642883 4.563391 -10.909184 345.671509 -75.559624 0.124682 0.068764 5.520681 -0.070378
55.753059 -47.138771 4.613509 -11.131980 346.261749 -75.892227 0.136472 0.021923 5.504628 -0.068551
55.887077 -47.684963 4.661497 -11.362968 346.901337 -76.256645 0.148304 -0.012943 5.484797 -0.067569
56.011093 -48.176342 4.695537 -11.612363 347.490387 -76.595657 0.157025 -0.027049 5.477232 -0.066350
56.134109 -48.665012 4.708122 -11.879253 348.072540 -76.933601 0.165033 -0.034702 5.471791 -0.065457
56.257122 -49.143818 4.702770 -12.126792 348.653564 -77.273834 0.171319 -0.051049 5.476418 -0.064949
56.381138 -49.611801 4.696280 -12.342654 349.239166 -77.618599 0.176271 -0.084195 5.482404 -0.063184
56.506153 -50.071877 4.707073 -12.560947 349.828888 -77.968430 0.179314 -0.130226 5.484096 -0.059486
56.631168 -50.503098 4.723644 -12.819228 350.412323 -78.318565 0.181429 -0.178103 5.486951 -0.056253
56.754185 -50.906994 4.741148 -13.096887 350.994232 -78.671608 0.183551 -0.221851 5.485144 -0.053422
56.880199 -51.302227 4.770520 -13.323912 351.584442 -79.031967 0.184549 -0.262898 5.486294 -0.051400
57.005215 -51.678753 4.804719 -13.602893 352.166870 -79.392830 0.186293 -0.302030 5.483246 -0.048183
57.130230 -52.037762 4.854254 -13.902916 352.748627 -79.756035 0.189376 -0.335139 5.489188 -0.045976
57.255245 -52.388538 4.917012 -14.222345 353.326233 -80.118042 0.194797 -0.350794 5.502365 -0.045872
57.381260 -52.756374 4.996511 -14.565028 353.913666 -80.487206 0.203019 -0.340635 5.509083 -0.047093
57.506275 -53.106216 5.090380 -14.875361 354.495850 -80.854927 0.212090 -0.306849 5.503750 -0.042812
57.629292 -53.421951 5.185515 -15.150887 355.073059 -81.220360 0.222292 -0.261522 5.512994 -0.039931
57.763309 -53.734913 5.289876 -15.424698 355.696625 -81.616203 0.235186 -0.210889 5.505464 -0.036804
57.886326 -53.996666 5.391727 -15.649329 356.267975 -81.980080 0.246937 -0.164451 5.506018 -0.032830
58.009335 -54.245518 5.475478 -15.842217 356.839203 -82.345100 0.259139 -0.113231 5.512994 -0.032173
58.131351 -54.482697 5.548923 -15.955998 357.406067 -82.707100 0.273084 -0.053852 5.516461 -0.031958
58.257366 -54.709000 5.613217 -15.992634 357.989258 -83.077881 0.286542 0.013580 5.533283 -0.030665
58.383381 -54.925816 5.660882 -16.020254 358.582001 -83.455032 0.299970 0.081060 5.524976 -0.029368
58.509396 -55.125088 5.686102 -16.062805 359.164551 -83.826775 0.312328 0.139682 5.529596 -0.024397
58.634411 -55.295826 5.686129 -16.080315 359.752014 -84.202530 0.323651 0.188808 5.539000 -0.021786
58.760426 -55.443123 5.666987 -16.092394 360.339996 -84.579704 0.333663 0.229859 5.551124 -0.019123
58.885441 -55.568218 5.617606 -16.136276 360.923737 -84.954605 0.343143 0.264989 5.555382 -0.015456
59.007454 -55.666351 5.540267 -16.207315 361.495026 -85.322159 0.352944 0.294106 5.578571 -0.011267
59.131470 -55.753815 5.433211 -16.289169 362.076843 -85.695984 0.362342 0.317467 5.577916 -0.010169
59.256485 -55.812340 5.314473 -16.330978 362.664307 -86.074089 0.371383 0.334624 5.594356 -0.005701
59.381500 -55.842953 5.215129 -16.266459 363.253052 -86.453079 0.379079 0.346416 5.606014 -0.004272
59.506516 -55.851807 5.114865 -16.170862 363.841553 -86.834114 0.387878 0.353471 5.607680 -0.000686
59.631531 -55.831467 5.045929 -16.050201 364.424896 -87.212448 0.397934 0.353625 5.605766 0.002475
59.756546 -55.791962 4.993199 -15.933283 365.011719 -87.595009 0.411092 0.343161 5.606002 0.005397
59.881561 -55.732567 4.946122 -15.799605 365.602173 -87.983482 0.425893 0.316946 5.614749 0.007639
60.006577 -55.641651 4.919364 -15.612805 366.189331 -88.370605 0.443523 0.269904 5.630505 0.011286
