1.20 1.10 20 64
0.136000 0.018865 -0.055639 -0.035326 0.954641 -0.001010 -0.131256 -0.119360 6.625645 0.003506
0.256000 0.034808 -0.153214 -0.105075 1.742343 -0.001881 -0.089019 -0.217317 6.520128 0.002046
0.387000 0.050528 -0.309310 -0.212210 2.589458 -0.000389 -0.014503 -0.313120 6.425184 0.001641
0.506000 0.057623 -0.484390 -0.375080 3.349184 0.001512 0.069359 -0.377373 6.355353 0.001171
0.637000 0.073161 -0.737461 -0.555841 4.178762 0.003576 0.168692 -0.417398 6.315575 0.002460
0.756000 0.096676 -1.005100 -0.705950 4.928964 0.006047 0.255207 -0.421189 6.294828 0.003995
0.886000 0.133687 -1.325851 -0.858412 5.748008 0.011221 0.336326 -0.387048 6.306996 0.003805
1.004001 0.165008 -1.628710 -0.999215 6.493774 0.017363 0.392417 -0.327115 6.334340 0.004091
1.134000 0.204208 -1.931015 -1.127037 7.319764 0.025504 0.430103 -0.245124 6.372123 0.004457
1.253000 0.238889 -2.181106 -1.233422 8.080450 0.032995 0.439063 -0.168639 6.406535 0.004524
1.383000 0.277879 -2.406614 -1.360851 8.916477 0.040786 0.420587 -0.085886 6.448779 0.004960
1.512000 0.313428 -2.557926 -1.481888 9.750000 0.048239 0.376831 0.007198 6.471642 0.004184
1.629999 0.343313 -2.606358 -1.610260 10.513836 0.055606 0.319764 0.106960 6.469967 0.003359
1.758999 0.366850 -2.547276 -1.716500 11.346778 0.064754 0.247852 0.220543 6.445889 0.002051
1.875999 0.382314 -2.380136 -1.832838 12.098476 0.072669 0.182896 0.304608 6.409945 0.001097
2.005999 0.396952 -2.076030 -2.009079 12.928010 0.081203 0.118412 0.360529 6.360405 0.001037
2.133999 0.410455 -1.667746 -2.171758 13.744030 0.088101 0.066313 0.382759 6.293952 0.000906
2.260999 0.423004 -1.203320 -2.288163 14.538598 0.096093 0.030357 0.390279 6.228390 0.001644
2.380000 0.433184 -0.721740 -2.253389 15.268192 0.107064 0.014651 0.394472 6.156099 0.001241
2.509000 0.444107 -0.186559 -2.136521 16.055889 0.120435 0.017805 0.394744 6.074388 0.001704
2.626001 0.460153 0.265881 -1.959050 16.766893 0.134546 0.037234 0.387135 5.994165 0.004131
2.756001 0.487760 0.699226 -1.666929 17.534601 0.150532 0.072066 0.369676 5.918609 0.002981
2.885002 0.504601 1.024147 -1.352359 18.293507 0.166206 0.114744 0.341499 5.858278 0.001062
3.002002 0.518002 1.204087 -1.044615 18.976124 0.182212 0.156190 0.299709 5.823660 0.000682
3.131002 0.525889 1.267853 -0.733625 19.725822 0.201020 0.198944 0.228111 5.806870 -0.000538
3.260003 0.524468 1.195520 -0.471697 20.479879 0.219202 0.234779 0.128594 5.800935 -0.000429
3.377003 0.521811 1.010989 -0.230330 21.158863 0.234816 0.257929 0.027768 5.810510 -0.001783
3.506004 0.507335 0.711716 0.012921 21.903940 0.251517 0.270658 -0.082128 5.837727 -0.003518
3.635004 0.489216 0.327572 0.247756 22.665695 0.266840 0.270336 -0.186077 5.881366 -0.002475
3.753005 0.472008 -0.055560 0.439802 23.355495 0.281713 0.260002 -0.271392 5.907238 -0.002276
3.881005 0.449138 -0.499223 0.609046 24.120298 0.298497 0.238430 -0.355549 5.945419 -0.002984
4.011005 0.413094 -0.927234 0.767971 24.889305 0.315178 0.208518 -0.423857 5.974856 -0.005833
4.128006 0.368831 -1.271799 0.904521 25.589624 0.331861 0.179667 -0.467282 5.993791 -0.007133
4.256008 0.314130 -1.575677 0.999908 26.358662 0.351747 0.151809 -0.493058 6.019222 -0.007949
4.383009 0.256132 -1.765326 1.042059 27.124338 0.371070 0.130525 -0.493446 6.039063 -0.007992
4.508010 0.202259 -1.810778 1.052899 27.885180 0.391655 0.118517 -0.464459 6.041250 -0.006390
4.626011 0.160427 -1.718174 1.027029 28.591593 0.411374 0.117988 -0.409055 6.035710 -0.007132
4.755013 0.108735 -1.487205 0.908261 29.369205 0.434529 0.128296 -0.320948 6.025023 -0.007922
4.885014 0.050633 -1.136905 0.778084 30.150677 0.459457 0.147370 -0.216558 6.004275 -0.007762
5.003015 0.003903 -0.754300 0.630946 30.857710 0.481738 0.169230 -0.120953 5.989344 -0.007017
5.132016 -0.053585 -0.298549 0.423433 31.628075 0.505137 0.194907 -0.022531 5.970304 -0.009118
5.261017 -0.110943 0.185290 0.161064 32.396606 0.529282 0.217781 0.067123 5.956815 -0.007531
5.378018 -0.160996 0.612371 -0.060965 33.091713 0.552709 0.233141 0.139719 5.937001 -0.006990
5.507019 -0.225517 1.041898 -0.258176 33.856281 0.580687 0.241796 0.209588 5.928123 -0.009014
5.627020 -0.291556 1.385508 -0.442693 34.567413 0.607406 0.241315 0.262617 5.932146 -0.009904
5.755021 -0.382991 1.676912 -0.651893 35.332661 0.636080 0.229975 0.302985 5.938518 -0.012227
5.883022 -0.481280 1.868320 -0.845975 36.087116 0.664878 0.210959 0.322527 5.949078 -0.012990
6.011024 -0.573984 1.937539 -1.012017 36.849571 0.693506 0.184494 0.320896 5.966678 -0.011081
6.129025 -0.649978 1.899856 -1.142883 37.554775 0.720143 0.156496 0.303111 5.988004 -0.010277
6.258026 -0.721055 1.754350 -1.263896 38.334099 0.750605 0.123456 0.273332 6.008442 -0.008990
6.387027 -0.780603 1.525670 -1.393412 39.104092 0.779327 0.092277 0.245661 6.031232 -0.007063
6.504028 -0.825766 1.267043 -1.488628 39.811039 0.805232 0.068067 0.228976 6.054452 -0.005678
6.633029 -0.868782 0.953435 -1.604548 40.593143 0.833263 0.050599 0.223030 6.076802 -0.004946
6.762030 -0.905676 0.636513 -1.699668 41.377586 0.861490 0.043466 0.223910 6.094264 -0.005177
6.879031 -0.943069 0.356368 -1.738111 42.092049 0.887760 0.047134 0.219935 6.115405 -0.005247
7.008032 -0.989071 0.087111 -1.768484 42.881107 0.916330 0.063223 0.194174 6.129139 -0.006344
7.137033 -1.030623 -0.122728 -1.705993 43.672585 0.946019 0.089402 0.135812 6.147463 -0.004432
7.255034 -1.055464 -0.236589 -1.616525 44.397636 0.972934 0.118179 0.053689 6.149275 -0.003623
7.382036 -1.075293 -0.277606 -1.543249 45.178204 1.000275 0.151042 -0.053543 6.149163 -0.001865
7.509037 -1.084056 -0.245850 -1.504170 45.964592 1.027211 0.180922 -0.161918 6.148927 -0.000208
7.627038 -1.078347 -0.170285 -1.461919 46.683247 1.051379 0.202770 -0.244196 6.142753 0.001617
7.755039 -1.059033 -0.041507 -1.438948 47.468681 1.076204 0.217413 -0.306680 6.134492 0.002948
7.884040 -1.037209 0.111942 -1.440511 48.259663 1.100740 0.222775 -0.338066 6.137495 0.003976
8.001041 -1.009948 0.254925 -1.451278 48.977310 1.122579 0.217772 -0.341585 6.134447 0.004284
8.130041 -0.973287 0.413074 -1.456001 49.768459 1.147553 0.202419 -0.322536 6.137916 0.004964
8.259041 -0.930060 0.548633 -1.378847 50.559902 1.171866 0.176310 -0.286669 6.136833 0.006354
8.386040 -0.875053 0.666963 -1.271257 51.338951 1.194618 0.145361 -0.241300 6.140270 0.006599
8.501039 -0.828734 0.752968 -1.172716 52.044792 1.215409 0.115185 -0.197616 6.139404 0.006473
8.631039 -0.792975 0.823539 -1.061335 52.842476 1.237789 0.082121 -0.149044 6.136831 0.003380
8.760038 -0.767173 0.874427 -0.952907 53.633724 1.259119 0.052102 -0.103385 6.131046 0.002106
8.878038 -0.757276 0.919241 -0.844079 54.356415 1.278814 0.030466 -0.063055 6.124963 0.000463
9.006038 -0.746737 0.974448 -0.797555 55.139793 1.299642 0.016107 -0.017177 6.121208 0.001679
9.134037 -0.738659 1.011759 -0.746540 55.921986 1.320340 0.010698 0.029706 6.110344 0.000403
9.251037 -0.738296 1.052999 -0.655638 56.637043 1.338800 0.014735 0.066313 6.114707 -0.000508
9.380036 -0.735137 1.096547 -0.533644 57.425343 1.358617 0.028802 0.089211 6.111875 0.000265
9.508036 -0.726082 1.159987 -0.375287 58.207733 1.378596 0.050957 0.092274 6.114238 0.000743
9.636035 -0.715422 1.239192 -0.241615 58.996910 1.396239 0.079011 0.089134 6.120098 0.000482
9.753035 -0.703615 1.327755 -0.097212 59.706940 1.410183 0.106697 0.096394 6.125117 0.001174
9.882034 -0.690393 1.450512 0.045331 60.498016 1.424880 0.135104 0.121687 6.138013 0.001150
10.010034 -0.671473 1.599715 0.132182 61.289845 1.438772 0.158546 0.151472 6.140811 0.002098
10.127033 -0.652261 1.720854 0.192859 62.002766 1.450695 0.173449 0.167466 6.151108 0.003217
10.255033 -0.626815 1.849453 0.244278 62.791668 1.464055 0.181078 0.167397 6.173314 0.003631
10.383032 -0.597244 1.964448 0.295818 63.583248 1.479741 0.176571 0.158803 6.192295 0.003804
10.511031 -0.565220 2.055045 0.338276 64.377724 1.495124 0.160700 0.153551 6.217280 0.004282
10.627030 -0.534081 2.111331 0.332963 65.106300 1.509433 0.138252 0.154047 6.240293 0.005850
10.755030 -0.500379 2.149331 0.326386 65.906532 1.525585 0.107553 0.156719 6.261177 0.003731
10.883029 -0.475208 2.169973 0.289269 66.701881 1.541922 0.074895 0.153360 6.265971 0.004192
11.011028 -0.441019 2.180300 0.259952 67.505203 1.560526 0.042250 0.138622 6.285872 0.005198
11.128028 -0.406138 2.160516 0.235940 68.240753 1.578333 0.015762 0.111932 6.292559 0.005585
11.257027 -0.377709 2.146721 0.188761 69.059563 1.597102 -0.006329 0.065512 6.308053 0.003403
11.376026 -0.366234 2.145492 0.138289 69.803680 1.615530 -0.020010 0.011204 6.306849 0.001281
11.501024 -0.360903 2.173976 0.076634 70.597527 1.635781 -0.025555 -0.050767 6.298276 0.002050
11.628023 -0.346546 2.214008 0.012409 71.397217 1.656124 -0.021153 -0.103549 6.296865 0.002011
11.758023 -0.355156 2.273114 -0.053227 72.208679 1.677467 -0.008096 -0.133374 6.285035 -0.002262
11.885022 -0.374409 2.326676 -0.158556 73.006203 1.698312 0.010452 -0.131748 6.278929 -0.001158
12.011021 -0.384489 2.400390 -0.293887 73.802414 1.720474 0.032644 -0.103767 6.268851 0.000042
12.129021 -0.393097 2.464535 -0.417149 74.534355 1.741774 0.055382 -0.069065 6.250104 -0.000671
12.258020 -0.401606 2.508778 -0.547122 75.340256 1.764538 0.077209 -0.040777 6.251468 -0.000054
12.376020 -0.410579 2.537774 -0.708596 76.077988 1.784878 0.092960 -0.034807 6.255680 0.000046
12.505020 -0.416682 2.567672 -0.878531 76.884804 1.806427 0.103688 -0.047266 6.262309 0.000354
12.632019 -0.424612 2.572728 -1.032204 77.680176 1.828122 0.106539 -0.066955 6.272986 -0.000203
12.759018 -0.439457 2.565420 -1.205464 78.478249 1.849907 0.102311 -0.086240 6.294297 -0.001657
12.886017 -0.464992 2.549483 -1.333856 79.285423 1.872808 0.090617 -0.108587 6.316478 -0.003015
13.012015 -0.490730 2.541929 -1.473645 80.075409 1.895166 0.074304 -0.140825 6.323968 -0.002429
13.130015 -0.506858 2.547983 -1.599441 80.822586 1.916043 0.057082 -0.179893 6.337411 -0.002039
13.260015 -0.527920 2.571198 -1.735488 81.646660 1.937873 0.037076 -0.219884 6.341513 -0.000995
13.378016 -0.538883 2.612864 -1.810658 82.394989 1.956447 0.021387 -0.237095 6.346514 -0.000801
13.506015 -0.545617 2.661631 -1.859018 83.213303 1.976382 0.006833 -0.227914 6.341044 0.000502
13.634014 -0.546231 2.729469 -1.891371 84.017708 1.994627 -0.001585 -0.197995 6.332289 -0.000652
13.752014 -0.550477 2.794108 -1.920397 84.764084 2.011312 -0.004691 -0.165282 6.323048 -0.000569
13.881014 -0.549266 2.859154 -1.867412 85.577827 2.029777 -0.002861 -0.132926 6.307885 0.000199
14.010014 -0.551362 2.916555 -1.770156 86.390312 2.047754 0.004410 -0.100892 6.295971 -0.001716
14.127013 -0.567660 2.949151 -1.708483 87.132637 2.062809 0.015076 -0.065132 6.288360 -0.003306
14.256013 -0.584582 2.963826 -1.620680 87.936699 2.078319 0.028580 -0.015989 6.285418 -0.002278
14.386013 -0.594764 2.975938 -1.484495 88.753944 2.093111 0.041989 0.041519 6.288502 -0.002761
14.503013 -0.602782 2.996738 -1.352842 89.489861 2.105946 0.054878 0.098588 6.290365 -0.002063
14.633013 -0.601579 3.032915 -1.234076 90.308136 2.118759 0.066993 0.170518 6.298752 -0.000760
14.751013 -0.605894 3.053782 -1.143516 91.057602 2.129466 0.076615 0.245969 6.301931 -0.001718
14.881013 -0.605487 3.057274 -0.998809 91.876808 2.141828 0.084091 0.333271 6.300343 -0.000856
15.011013 -0.607614 3.049120 -0.835487 92.691010 2.153142 0.087857 0.409797 6.317929 -0.002132
15.128013 -0.617994 3.040951 -0.657651 93.437332 2.162113 0.086880 0.454885 6.325656 -0.003743
15.258013 -0.640681 3.028455 -0.488794 94.254875 2.171236 0.082008 0.465242 6.344848 -0.004510
15.386012 -0.661823 3.017159 -0.361637 95.074677 2.179347 0.072710 0.432701 6.363516 -0.003790
15.503012 -0.688910 3.011162 -0.270982 95.820206 2.186124 0.063042 0.375574 6.376308 -0.005273
15.632011 -0.728122 3.007651 -0.199909 96.637047 2.192434 0.051710 0.298605 6.385778 -0.006420
15.762012 -0.766214 2.989757 -0.168983 97.467888 2.196261 0.039951 0.219125 6.398314 -0.004345
15.880012 -0.790772 2.968722 -0.087242 98.223198 2.198626 0.031095 0.151590 6.403916 -0.004547
16.008011 -0.818127 2.942803 0.036764 99.049316 2.199715 0.024764 0.081319 6.405967 -0.005073
16.126003 -0.842159 2.916625 0.135446 99.799477 2.199544 0.021574 0.023136 6.415318 -0.003433
16.253996 -0.853516 2.885953 0.262545 100.621468 2.199319 0.022073 -0.028386 6.424920 -0.001680
16.378990 -0.856562 2.843859 0.342219 101.431816 2.198168 0.025433 -0.066147 6.436629 -0.000501
16.503984 -0.855049 2.809367 0.432525 102.236702 2.195392 0.030562 -0.101806 6.439384 -0.000278
16.631977 -0.851877 2.775856 0.514951 103.054512 2.191838 0.039699 -0.155636 6.438131 0.000212
16.757971 -0.847445 2.753752 0.572432 103.865486 2.187221 0.049536 -0.235641 6.438571 -0.000060
16.886963 -0.841867 2.743412 0.623240 104.696404 2.181376 0.060402 -0.334039 6.442724 0.001221
17.003956 -0.832089 2.726975 0.619847 105.450485 2.175579 0.068625 -0.416671 6.446185 0.001500
17.129950 -0.822259 2.713009 0.589439 106.268600 2.168903 0.075009 -0.479429 6.439625 0.001440
17.254944 -0.809368 2.710990 0.580970 107.067223 2.163178 0.079193 -0.505982 6.436768 0.001400
17.383936 -0.799487 2.737025 0.572994 107.897118 2.158105 0.080162 -0.499990 6.434978 0.002263
17.511929 -0.780317 2.761991 0.520839 108.721359 2.152901 0.078256 -0.468326 6.441595 0.003689
17.628922 -0.767176 2.771133 0.493327 109.475304 2.149354 0.074655 -0.422811 6.441167 0.001479
17.758913 -0.756020 2.777989 0.505123 110.312469 2.147118 0.069892 -0.359764 6.439759 0.001510
17.875906 -0.743546 2.782112 0.517667 111.072487 2.144616 0.066623 -0.296210 6.440634 0.002070
18.005898 -0.717791 2.765486 0.584216 111.903069 2.142530 0.063975 -0.226377 6.436635 0.004001
18.134890 -0.683206 2.758752 0.640848 112.739853 2.140061 0.063263 -0.154340 6.436237 0.005945
18.252882 -0.636512 2.742662 0.712860 113.493088 2.137714 0.064684 -0.082230 6.438420 0.005698
18.382874 -0.593653 2.731961 0.755519 114.330177 2.135031 0.069199 0.014368 6.443060 0.005890
18.511866 -0.542520 2.714241 0.790859 115.161835 2.132754 0.076500 0.126638 6.453616 0.007298
18.628859 -0.492135 2.691634 0.816835 115.923744 2.131602 0.084182 0.229824 6.456818 0.007105
18.754852 -0.446782 2.642368 0.792444 116.737152 2.130085 0.093549 0.321758 6.459270 0.006984
18.884844 -0.393418 2.574484 0.734815 117.570686 2.126743 0.103425 0.382066 6.466392 0.008800
19.001837 -0.335418 2.508571 0.659041 118.327881 2.123102 0.112380 0.408021 6.475554 0.009083
19.131828 -0.272813 2.443955 0.564837 119.170395 2.117804 0.121731 0.420718 6.484062 0.008538
19.261820 -0.214632 2.393279 0.461108 120.014641 2.113079 0.128153 0.434385 6.497920 0.009178
19.379812 -0.153726 2.341427 0.351503 120.781845 2.107780 0.131693 0.455083 6.506636 0.009758
19.507805 -0.076410 2.269875 0.227499 121.622513 2.101928 0.133763 0.479747 6.524156 0.011149
19.635798 -0.005593 2.234585 0.051892 122.459106 2.094791 0.134156 0.488197 6.542452 0.009935
19.751791 0.054385 2.214770 -0.115182 123.212059 2.088251 0.133493 0.468931 6.551190 0.009948
19.878784 0.123900 2.211729 -0.278889 124.044357 2.080639 0.133580 0.414700 6.554581 0.010649
20.005777 0.207129 2.218145 -0.423651 124.877686 2.073186 0.134131 0.334199 6.566278 0.012326
20.133770 0.291497 2.239544 -0.522830 125.718987 2.065801 0.134316 0.234401 6.579987 0.011788
20.251762 0.370925 2.275669 -0.585415 126.495796 2.058735 0.135560 0.126786 6.586986 0.012783
20.380756 0.473035 2.312154 -0.606099 127.352509 2.051770 0.137896 -0.007581 6.591767 0.015352
20.508749 0.594788 2.352584 -0.610940 128.197128 2.044619 0.140349 -0.145241 6.607063 0.017747
20.626741 0.719669 2.393490 -0.577746 128.977234 2.039874 0.144123 -0.255706 6.609518 0.018496
20.755733 0.859101 2.435146 -0.473261 129.830551 2.034453 0.148626 -0.340254 6.618428 0.018642
20.884726 0.996029 2.464753 -0.357674 130.684921 2.029103 0.153089 -0.382035 6.626523 0.017185
21.001719 1.106915 2.467394 -0.216218 131.454300 2.025054 0.156479 -0.391048 6.636996 0.016508
21.130711 1.247032 2.452188 -0.045936 132.310516 2.021123 0.159486 -0.383230 6.640336 0.018709
21.259703 1.401524 2.424550 0.107741 133.167969 2.015928 0.161845 -0.369527 6.650463 0.021047
21.376696 1.552601 2.379294 0.275248 133.946930 2.012751 0.163574 -0.359726 6.662472 0.022138
21.505688 1.724365 2.298824 0.455990 134.807617 2.012307 0.164873 -0.357962 6.676690 0.022646
21.634682 1.898481 2.197203 0.621128 135.676590 2.013259 0.164266 -0.363312 6.693202 0.022172
21.761675 2.065008 2.079946 0.774845 136.521454 2.013630 0.162687 -0.365605 6.712112 0.022663
21.876669 2.221270 1.971277 0.916555 137.294418 2.014519 0.162663 -0.353917 6.723976 0.022440
22.005661 2.397188 1.861151 1.070222 138.169495 2.017563 0.165083 -0.316034 6.740115 0.024435
22.135653 2.597376 1.774210 1.286250 139.039352 2.022996 0.170368 -0.250591 6.751870 0.026197
22.253645 2.787615 1.718060 1.488833 139.836624 2.028521 0.178091 -0.171539 6.763888 0.028618
22.382637 3.019300 1.677943 1.684102 140.710266 2.034956 0.188629 -0.072471 6.779348 0.031730
22.500629 3.227501 1.671117 1.827866 141.510025 2.042008 0.198953 0.020222 6.781221 0.029649
22.630621 3.452235 1.694292 1.952184 142.392273 2.050488 0.209697 0.116781 6.792624 0.029668
22.759613 3.662817 1.744054 2.069219 143.268845 2.061390 0.219225 0.203795 6.800550 0.026764
22.877605 3.850632 1.809067 2.138033 144.072342 2.072808 0.227361 0.274548 6.814774 0.027277
23.006598 4.058788 1.898602 2.208240 144.959198 2.088313 0.233982 0.340501 6.831163 0.027336
23.136589 4.262167 2.000366 2.255662 145.841171 2.105857 0.237734 0.386649 6.848103 0.026606
23.253582 4.444910 2.095043 2.237324 146.650772 2.124527 0.236992 0.407910 6.873061 0.027977
23.382574 4.645223 2.207574 2.217664 147.538635 2.147008 0.232641 0.412482 6.891972 0.027115
23.500566 4.813474 2.314505 2.214689 148.345856 2.168811 0.225367 0.407289 6.909513 0.024820
23.629559 4.999424 2.447445 2.200545 149.244293 2.193699 0.214237 0.393947 6.917104 0.026166
23.758551 5.189496 2.597755 2.181935 150.138046 2.220793 0.200541 0.362838 6.939082 0.025589
23.876543 5.364084 2.749381 2.140021 150.956299 2.246260 0.187379 0.306824 6.931102 0.027292
24.004536 5.557448 2.913723 2.062760 151.843033 2.276584 0.174348 0.211914 6.925227 0.027087
24.132528 5.741524 3.065421 1.932343 152.727951 2.307682 0.162751 0.094780 6.913119 0.025066
24.261520 5.910029 3.208230 1.833506 153.611832 2.342777 0.154104 -0.020409 6.910947 0.022916
24.377514 6.056442 3.333023 1.737756 154.418442 2.376656 0.150024 -0.106707 6.895459 0.022974
24.505507 6.196283 3.443327 1.603516 155.293533 2.415338 0.149117 -0.175599 6.897937 0.018972
24.633499 6.321264 3.535743 1.481624 156.182388 2.457120 0.153904 -0.223500 6.893175 0.017672
24.759493 6.440830 3.601182 1.395875 157.049408 2.500423 0.163003 -0.253025 6.885880 0.016531
24.876486 6.543313 3.639904 1.312172 157.847473 2.541718 0.173230 -0.266121 6.894353 0.016436
25.004478 6.648831 3.665455 1.178407 158.736404 2.588305 0.185405 -0.263705 6.908645 0.014887
25.132471 6.735252 3.671534 1.040205 159.620667 2.635825 0.196376 -0.247007 6.926803 0.012346
25.258465 6.817462 3.645548 0.983860 160.492889 2.684793 0.204688 -0.225226 6.938338 0.010677
25.376457 6.878596 3.603180 0.895997 161.304718 2.730588 0.208353 -0.206591 6.956626 0.009912
25.505449 6.954361 3.536868 0.826844 162.202332 2.781839 0.208383 -0.188223 6.981258 0.009560
25.634441 7.012553 3.475728 0.814342 163.103119 2.834202 0.203948 -0.164984 7.002173 0.007572
25.760435 7.072172 3.421399 0.871481 163.991577 2.888019 0.195816 -0.129923 7.015809 0.008454
25.876429 7.128169 3.389876 0.924762 164.798157 2.937683 0.186737 -0.088847 7.037801 0.007849
26.005421 7.177639 3.408475 0.906395 165.703827 2.993733 0.175155 -0.040041 7.034798 0.006526
26.134413 7.224064 3.471031 0.995793 166.609390 3.052584 0.164062 0.003892 7.029265 0.006183
26.252405 7.274602 3.567879 1.103026 167.436523 3.107400 0.156277 0.036351 7.022276 0.005875
26.378399 7.327039 3.717524 1.238154 168.324799 3.166586 0.150634 0.062803 6.998459 0.006889
26.506392 7.389247 3.880904 1.435194 169.209427 3.225321 0.145878 0.077042 6.965308 0.005873
26.632385 7.442613 4.038344 1.537293 170.090439 3.283925 0.142497 0.076782 6.940057 0.007403
26.761377 7.506391 4.172994 1.602088 170.973862 3.342565 0.140640 0.067986 6.898987 0.008571
26.879370 7.574946 4.266280 1.668780 171.782150 3.396659 0.139006 0.064444 6.845556 0.009780
27.008364 7.665123 4.310926 1.765972 172.665878 3.458447 0.137069 0.075891 6.794031 0.012457
27.126356 7.755536 4.303507 1.862281 173.456696 3.515583 0.135453 0.096856 6.762277 0.013410
27.255348 7.877216 4.237643 1.984855 174.331482 3.579965 0.134545 0.118807 6.733964 0.016049
27.384340 8.015750 4.102149 2.108742 175.188873 3.642833 0.135042 0.129041 6.699505 0.017906
27.500334 8.145156 3.934396 2.208992 175.962234 3.699916 0.136793 0.125335 6.675874 0.019044
27.627327 8.300923 3.703317 2.359768 176.812241 3.763609 0.138430 0.111086 6.645666 0.020018
27.756319 8.452229 3.425427 2.472051 177.659805 3.828075 0.142324 0.090488 6.637348 0.020090
27.885311 8.616913 3.125469 2.571012 178.512100 3.894168 0.146002 0.067451 6.626081 0.022318
28.003304 8.774521 2.839377 2.633388 179.291870 3.953916 0.149284 0.049530 6.625702 0.023807
28.131296 8.960153 2.526443 2.759707 180.137985 4.021052 0.153898 0.037062 6.634894 0.024977
28.260288 9.157621 2.247186 2.893492 180.991287 4.090818 0.161264 0.031087 6.633429 0.026080
28.378281 9.341825 2.036191 3.062148 181.772064 4.155814 0.168704 0.027725 6.641578 0.027365
28.507273 9.561268 1.839649 3.275981 182.626022 4.228685 0.176740 0.023070 6.644596 0.028685
28.635265 9.779819 1.702240 3.504894 183.473465 4.302509 0.186084 0.019817 6.648218 0.029898
28.753260 9.993724 1.649353 3.639174 184.255035 4.372571 0.194835 0.019614 6.649992 0.031650
28.882254 10.243349 1.643690 3.787520 185.115707 4.451176 0.201722 0.021018 6.642979 0.033303
29.011246 10.492837 1.675496 3.932571 185.961746 4.530406 0.205470 0.017419 6.635473 0.033715
29.126240 10.715728 1.731951 4.006134 186.720901 4.603961 0.205569 0.005092 6.629832 0.032345
29.254232 10.947590 1.816339 4.037672 187.571350 4.688761 0.203291 -0.021632 6.621585 0.031309
29.382225 11.181211 1.912313 4.024765 188.412796 4.776265 0.196425 -0.057881 6.601942 0.032103
29.510218 11.418530 2.007944 3.941379 189.252350 4.865583 0.185847 -0.096593 6.593764 0.032752
29.626211 11.629294 2.081061 3.815673 190.011734 4.948310 0.173898 -0.124730 6.579780 0.031786
29.756203 11.856557 2.128183 3.642310 190.854645 5.043027 0.159052 -0.143521 6.572602 0.031861
29.885195 12.074984 2.156216 3.456809 191.695969 5.140640 0.142750 -0.150695 6.563439 0.029950
30.002188 12.268126 2.167280 3.283892 192.457764 5.231874 0.128360 -0.154318 6.551606 0.029772
30.131180 12.480639 2.163135 3.059244 193.296539 5.335034 0.112867 -0.160533 6.547923 0.029876
30.260172 12.687740 2.127721 2.803223 194.132706 5.442755 0.098708 -0.166445 6.529323 0.029229
30.377165 12.869205 2.064221 2.537876 194.888611 5.543202 0.089629 -0.162374 6.507604 0.028627
30.506157 13.068484 1.974813 2.207416 195.719604 5.657174 0.084870 -0.139565 6.500163 0.029598
30.635149 13.283257 1.881738 1.893893 196.554565 5.774154 0.083830 -0.096249 6.474754 0.030839
30.751143 13.477522 1.795896 1.665322 197.291290 5.879530 0.087388 -0.048109 6.465174 0.030902
30.876137 13.703364 1.704830 1.397101 198.095901 5.996859 0.095089 0.005626 6.448312 0.033808
31.006128 13.938272 1.613385 1.147637 198.917419 6.119585 0.106841 0.050174 6.433120 0.032129
31.136120 14.176498 1.514198 0.956577 199.742905 6.245433 0.120259 0.074798 6.412282 0.033533
31.253113 14.396444 1.421119 0.825581 200.482681 6.360183 0.131064 0.075572 6.387014 0.033293
31.383104 14.650112 1.322586 0.763712 201.300522 6.491138 0.143257 0.060676 6.354725 0.033988
31.501097 14.882501 1.265678 0.774053 202.040054 6.611252 0.154653 0.048443 6.343485 0.034741
31.630089 15.148407 1.209060 0.831870 202.845673 6.744879 0.164234 0.053036 6.326410 0.035832
31.760080 15.415642 1.154502 0.924960 203.655548 6.881402 0.170047 0.083083 6.312365 0.035572
31.878073 15.666542 1.101141 1.032979 204.389404 7.008113 0.173273 0.124654 6.308270 0.037705
32.008064 15.950037 1.044887 1.169983 205.196518 7.151483 0.173069 0.173711 6.304939 0.038658
32.125076 16.217388 0.996497 1.368015 205.921677 7.284211 0.170279 0.214147 6.299789 0.039462
32.254089 16.503567 0.966681 1.629453 206.720581 7.432485 0.166216 0.251228 6.301017 0.038597
32.383102 16.801394 0.958674 1.870005 207.519104 7.583267 0.162653 0.274747 6.302007 0.041736
32.500114 17.088346 1.001352 2.092709 208.249466 7.723080 0.160667 0.273137 6.300795 0.043004
32.629128 17.413893 1.086278 2.367108 209.046875 7.879655 0.159350 0.236099 6.298892 0.043591
32.759140 17.744198 1.205063 2.659418 209.842545 8.039635 0.157492 0.164931 6.285746 0.044163
32.876152 18.065012 1.330766 2.926689 210.568405 8.188447 0.156021 0.084721 6.274336 0.046691
33.006165 18.420427 1.490592 3.174096 211.360199 8.353161 0.155823 -0.001560 6.264113 0.047284
33.135178 18.786169 1.672778 3.417970 212.155960 8.521878 0.156941 -0.077570 6.253206 0.048000
33.253189 19.116962 1.842909 3.581425 212.870773 8.675335 0.159350 -0.134745 6.247420 0.048809
33.382202 19.497620 2.024116 3.716764 213.663727 8.848999 0.162431 -0.185187 6.242197 0.050970
33.500214 19.851431 2.175347 3.806102 214.382538 9.008957 0.164623 -0.213769 6.241685 0.051760
33.630226 20.237806 2.317968 3.863118 215.167404 9.186062 0.166364 -0.221319 6.234337 0.053446
33.760239 20.628616 2.451543 3.945639 215.957245 9.368941 0.166461 -0.210200 6.238200 0.051059
33.877251 20.979467 2.555788 4.001550 216.673004 9.537411 0.163521 -0.197177 6.225498 0.052690
34.007263 21.373072 2.649127 4.080962 217.453064 9.725259 0.158513 -0.192426 6.216483 0.052453
34.125275 21.730289 2.689282 4.132917 218.171356 9.901967 0.152622 -0.197964 6.214531 0.050818
34.254288 22.113262 2.695345 4.205037 218.948181 10.097511 0.145680 -0.202765 6.205816 0.050637
34.384300 22.506145 2.667894 4.280210 219.724258 10.297512 0.140308 -0.190497 6.216712 0.054013
34.502312 22.885969 2.606228 4.369732 220.434540 10.483171 0.135867 -0.156769 6.222675 0.057349
34.631325 23.317902 2.535480 4.450317 221.210403 10.687958 0.131951 -0.100545 6.222162 0.057697
34.758339 23.730896 2.451614 4.504338 221.979401 10.894201 0.128281 -0.041537 6.215944 0.056561
34.886353 24.148270 2.360386 4.552488 222.740540 11.102838 0.125957 0.004320 6.214518 0.058069
35.004364 24.546270 2.265985 4.541902 223.447433 11.299101 0.125181 0.030370 6.215597 0.058749
35.132378 24.975128 2.168665 4.491597 224.212723 11.514573 0.126255 0.045339 6.207785 0.058961
35.250389 25.364946 2.086337 4.434351 224.915756 11.715820 0.127650 0.052247 6.189364 0.056556
35.377403 25.770794 2.009336 4.388421 225.668777 11.936531 0.128415 0.056451 6.169499 0.055600
35.504417 26.163496 1.947354 4.292400 226.418671 12.159466 0.129990 0.059228 6.154653 0.054440
35.633430 26.551132 1.882174 4.145896 227.177963 12.389840 0.130978 0.068244 6.147221 0.051164
35.751442 26.896385 1.831922 4.046177 227.869812 12.605262 0.132533 0.093193 6.141509 0.050195
35.880455 27.261862 1.804571 3.930622 228.630371 12.846613 0.133873 0.143178 6.137144 0.049496
36.010468 27.614307 1.820259 3.780648 229.383728 13.089947 0.134931 0.205633 6.136888 0.047423
36.128479 27.926361 1.850831 3.670641 230.070480 13.316342 0.137063 0.254879 6.124080 0.046534
36.257492 28.272163 1.925664 3.586617 230.818939 13.567914 0.140824 0.286113 6.117500 0.046333
36.375504 28.582674 2.022866 3.527727 231.502670 13.799771 0.143737 0.294411 6.117943 0.046768
36.504517 28.920866 2.142293 3.516899 232.248795 14.056545 0.146127 0.288775 6.112048 0.046667
36.631531 29.256763 2.275282 3.594753 232.980316 14.314368 0.148568 0.268995 6.104672 0.045319
36.760544 29.586676 2.411390 3.729553 233.721130 14.579957 0.150371 0.225582 6.100993 0.043629
36.878555 29.885681 2.542395 3.839067 234.398087 14.825035 0.152703 0.157604 6.101313 0.043700
37.007568 30.210297 2.710813 3.942807 235.136520 15.096450 0.154929 0.054030 6.098109 0.042703
37.125580 30.495708 2.866994 3.986274 235.811508 15.346951 0.156640 -0.054003 6.103250 0.041723
37.254593 30.809183 3.045767 4.078574 236.548599 15.623537 0.158544 -0.164901 6.108325 0.041449
37.384605 31.118376 3.232027 4.162913 237.285141 15.902892 0.159344 -0.250086 6.102871 0.040352
37.501617 31.403564 3.393405 4.278397 237.958252 16.160179 0.160600 -0.298914 6.104892 0.041806
37.631630 31.719830 3.562708 4.448984 238.699097 16.446583 0.162840 -0.323908 6.115354 0.040715
37.760643 32.041656 3.721756 4.665985 239.439362 16.736458 0.165265 -0.330243 6.109627 0.041557
37.879654 32.341030 3.847213 4.924925 240.110565 17.000929 0.167629 -0.327777 6.114639 0.041785
38.008667 32.674755 3.940309 5.253745 240.844482 17.290934 0.169794 -0.318008 6.122042 0.042057
38.136681 33.001839 3.980793 5.638492 241.572479 17.581717 0.171419 -0.296025 6.126317 0.041050
38.253693 33.298340 3.981119 6.063941 242.243210 17.853872 0.174195 -0.260213 6.137071 0.038755
38.381706 33.615341 3.960116 6.466531 242.971222 18.151365 0.176931 -0.205102 6.147021 0.039518
38.511719 33.949806 3.910106 6.885452 243.705078 18.453125 0.178520 -0.136993 6.153599 0.041848
38.627731 34.260864 3.854953 7.259439 244.371063 18.728495 0.179223 -0.070766 6.161645 0.042440
38.756744 34.606209 3.783220 7.658298 245.099060 19.031618 0.180494 0.000116 6.161962 0.043343
38.885757 34.945850 3.694882 8.019319 245.832642 19.339796 0.181870 0.064643 6.173380 0.043164
39.002769 35.262417 3.627626 8.303168 246.498840 19.621241 0.184081 0.110602 6.183702 0.044939
39.130783 35.610424 3.560151 8.502171 247.233765 19.933319 0.187924 0.143629 6.194140 0.045011
39.258797 35.955326 3.483309 8.667059 247.962250 20.245953 0.191855 0.157128 6.194203 0.045611
39.386810 36.298950 3.427875 8.819484 248.684723 20.559828 0.196127 0.155203 6.209290 0.045316
39.501823 36.593815 3.393646 8.921453 249.339355 20.846785 0.200760 0.148531 6.213825 0.043402
39.630836 36.907017 3.374461 9.020852 250.072861 21.171366 0.206596 0.147361 6.219801 0.040577
39.757851 37.204784 3.405238 9.062543 250.799805 21.496460 0.213727 0.162838 6.223178 0.039055
39.885864 37.497734 3.472315 9.064184 251.525558 21.824450 0.221929 0.197929 6.224218 0.039586
40.001877 37.761463 3.557539 9.056927 252.177017 22.120277 0.229802 0.240998 6.218932 0.040451
40.130890 38.064137 3.672418 9.081891 252.911407 22.456598 0.237274 0.289825 6.210800 0.040624
40.260902 38.351727 3.823217 9.037535 253.638306 22.791649 0.240909 0.321544 6.202054 0.038491
40.377914 38.608585 3.992975 8.993496 254.296295 23.097952 0.243014 0.324301 6.203203 0.038636
40.506927 38.894241 4.180218 8.984244 255.020340 23.437923 0.244392 0.296557 6.199517 0.039301
40.636940 39.184864 4.369297 8.932904 255.747040 23.784046 0.243377 0.245941 6.190210 0.040989
40.754951 39.451149 4.530228 8.855359 256.405609 24.100832 0.242402 0.196107 6.196018 0.039662
40.881966 39.739620 4.689712 8.814401 257.112518 24.444437 0.240131 0.148590 6.185823 0.040610
41.008980 40.038269 4.846714 8.807959 257.824341 24.792999 0.236732 0.105998 6.193583 0.040910
41.135994 40.336128 4.993271 8.823676 258.529846 25.140759 0.234161 0.059125 6.193204 0.040464
41.253006 40.608624 5.113100 8.842747 259.173492 25.459583 0.232464 0.004938 6.189345 0.040120
41.379021 40.895363 5.213272 8.837929 259.870544 25.807495 0.230545 -0.066906 6.182313 0.039640
41.508034 41.184963 5.269744 8.803636 260.583130 26.165527 0.228707 -0.151052 6.181389 0.039186
41.626045 41.448452 5.288842 8.776652 261.234589 26.494377 0.228698 -0.235177 6.187025 0.039982
41.756058 41.754330 5.257674 8.792130 261.950714 26.857933 0.231726 -0.334362 6.169277 0.040255
41.886070 42.053242 5.193021 8.862805 262.663239 27.224783 0.237489 -0.435033 6.159266 0.038568
42.004082 42.326687 5.115746 8.952115 263.313751 27.563070 0.244853 -0.519187 6.160935 0.039257
42.135094 42.628117 5.013894 9.006786 264.023834 27.934431 0.255213 -0.593463 6.167159 0.040170
42.252106 42.910172 4.910047 9.059324 264.663086 28.271133 0.266834 -0.638849 6.179869 0.042067
42.380119 43.218231 4.808262 9.132730 265.362183 28.642597 0.280096 -0.658834 6.188753 0.039784
42.509132 43.523262 4.726590 9.264031 266.072266 29.022648 0.295070 -0.634377 6.203331 0.039631
42.637146 43.815449 4.670166 9.448221 266.766815 29.395807 0.308460 -0.556862 6.213872 0.037704
42.754158 44.083466 4.635143 9.630847 267.407867 29.740322 0.319353 -0.439754 6.230616 0.037506
42.881172 44.374115 4.633523 9.834573 268.105438 30.115744 0.329577 -0.278135 6.240315 0.037006
43.009186 44.659775 4.674478 10.044039 268.809875 30.495796 0.336952 -0.098287 6.257891 0.034944
43.136200 44.938148 4.754419 10.323743 269.508453 30.874382 0.341296 0.084757 6.254134 0.034127
43.253212 45.198910 4.844378 10.662041 270.150635 31.225313 0.343379 0.249190 6.254434 0.034949
43.380226 45.480156 4.967237 11.023506 270.852753 31.610233 0.341937 0.416269 6.252015 0.033792
43.510239 45.762062 5.100574 11.417968 271.558929 31.998909 0.337414 0.556404 6.248682 0.032836
43.628250 46.023514 5.220791 11.771704 272.204071 32.355480 0.331827 0.649373 6.242956 0.034151
43.758263 46.311317 5.354295 12.180722 272.912598 32.748829 0.327171 0.715564 6.228525 0.032641
43.876274 46.575611 5.477040 12.584240 273.552582 33.105598 0.323455 0.746778 6.195745 0.033102
44.005287 46.870712 5.605863 13.104409 274.253174 33.499062 0.319529 0.749210 6.175661 0.033309
44.133301 47.173717 5.730591 13.652086 274.934784 33.884689 0.317526 0.713362 6.158950 0.034313
44.260315 47.498871 5.834258 14.139618 275.614014 34.269779 0.318295 0.637966 6.139982 0.038646
44.377327 47.809551 5.910579 14.554912 276.237183 34.624462 0.320306 0.541396 6.119510 0.039542
44.506340 48.139328 5.974988 14.970840 276.926483 35.018234 0.326079 0.414886 6.098167 0.037720
44.636353 48.463795 6.008716 15.318416 277.606415 35.409687 0.334702 0.274580 6.070222 0.039605
44.753365 48.756454 6.017646 15.576930 278.219910 35.765026 0.344505 0.136146 6.053216 0.039164
44.882378 49.082836 5.990391 15.864132 278.893829 36.157333 0.358502 -0.024244 6.040422 0.041535
45.011391 49.418457 5.920216 16.057154 279.565979 36.548626 0.372848 -0.176710 6.019078 0.042100
45.128403 49.717403 5.797636 16.169916 280.178406 36.907154 0.385413 -0.291724 6.011641 0.043712
45.257416 50.051144 5.639336 16.225058 280.842255 37.297386 0.400475 -0.381822 6.018396 0.045156
45.386429 50.390175 5.428535 16.257452 281.515411 37.695938 0.416554 -0.441546 6.012987 0.045944
45.504440 50.698486 5.220828 16.284227 282.119202 38.055775 0.431739 -0.477310 6.000779 0.044522
45.633453 51.024502 4.985607 16.243998 282.782074 38.454556 0.446678 -0.505845 5.992272 0.044354
45.762466 51.342815 4.765015 16.215811 283.442505 38.854858 0.460133 -0.521650 5.981293 0.042498
45.879478 51.619820 4.581626 16.142345 284.044525 39.223057 0.471289 -0.516093 5.984586 0.041972
46.009491 51.915028 4.406690 16.063120 284.701080 39.627285 0.481251 -0.479300 5.975540 0.040363
46.127502 52.185482 4.261861 15.969810 285.300293 39.998726 0.490127 -0.417949 5.971837 0.041124
46.257515 52.473877 4.117729 15.777908 285.963806 40.413151 0.498790 -0.333953 5.970601 0.038633
46.387527 52.733963 3.988299 15.541222 286.614594 40.822720 0.506203 -0.254139 5.954290 0.036067
46.505539 52.960697 3.882376 15.340796 287.206970 41.198917 0.512045 -0.193315 5.947719 0.035056
46.633553 53.200096 3.783282 15.071021 287.849243 41.607201 0.518978 -0.136787 5.941738 0.033978
46.760567 53.412647 3.697825 14.769698 288.483582 42.013157 0.527108 -0.083355 5.925187 0.030766
46.887581 53.614666 3.611963 14.528660 289.113770 42.421234 0.536645 -0.033687 5.905561 0.029005
47.003593 53.789108 3.518492 14.290327 289.691010 42.798664 0.546701 0.003545 5.885046 0.028471
47.129608 53.960949 3.396673 13.980993 290.309113 43.206894 0.557843 0.033553 5.874622 0.024634
47.258621 54.114616 3.262549 13.648621 290.936493 43.622517 0.569578 0.062607 5.880289 0.022977
47.376633 54.230968 3.125119 13.281841 291.513824 44.006786 0.581266 0.098870 5.872857 0.018310
47.504646 54.320736 2.954757 12.808015 292.138184 44.424210 0.594007 0.154665 5.865358 0.015377
47.633659 54.396564 2.760752 12.261532 292.769836 44.850079 0.606510 0.222598 5.851529 0.012285
47.762672 54.437351 2.552445 11.724504 293.387695 45.271103 0.618125 0.289764 5.832672 0.007017
47.879684 54.451168 2.337221 11.211617 293.953339 45.662109 0.629855 0.339990 5.823351 0.003738
48.009697 54.442688 2.061004 10.653815 294.568481 46.093338 0.643791 0.372043 5.823166 0.000864
48.136711 54.407028 1.750272 10.043085 295.176270 46.525452 0.659248 0.372688 5.832058 -0.004926
48.252724 54.342434 1.456369 9.456424 295.721039 46.917648 0.672306 0.345757 5.836897 -0.008092
48.381737 54.237865 1.130750 8.762467 296.328918 47.362591 0.685540 0.294490 5.844597 -0.014813
48.510750 54.098278 0.815649 8.027441 296.935547 47.813667 0.696218 0.237060 5.870639 -0.019227
48.627762 53.932915 0.517209 7.240919 297.489258 48.231709 0.705346 0.190018 5.886320 -0.025799
48.757774 53.714993 0.191648 6.354935 298.091309 48.695625 0.713826 0.144731 5.898835 -0.032492
48.886787 53.449406 -0.135177 5.474245 298.690521 49.166729 0.721519 0.098201 5.917022 -0.038317
49.003799 53.178356 -0.394552 4.677425 299.232910 49.600342 0.725558 0.052304 5.948166 -0.042548
49.131813 52.840607 -0.664418 3.733043 299.825989 50.082520 0.729064 0.003671 5.985056 -0.049223
49.259827 52.466946 -0.926124 2.782330 300.421265 50.577339 0.731302 -0.031760 6.010795 -0.054124
49.377838 52.098717 -1.148123 1.925776 300.958710 51.033897 0.731229 -0.048857 6.035663 -0.059293
49.504852 51.663864 -1.368694 0.948964 301.543579 51.541164 0.729106 -0.060100 6.058983 -0.065346
49.632866 51.197765 -1.572170 -0.079944 302.121216 52.052502 0.725195 -0.078711 6.083982 -0.069854
49.761879 50.687275 -1.762227 -1.139616 302.704620 52.581009 0.719273 -0.110826 6.112995 -0.075764
49.886894 50.150864 -1.958885 -2.175180 303.270782 53.105450 0.714645 -0.145110 6.132429 -0.081747
50.003906 49.624352 -2.152080 -3.120505 303.788757 53.595318 0.711792 -0.167573 6.157230 -0.085864
50.130920 49.018059 -2.391229 -4.163013 304.352203 54.140255 0.710839 -0.177874 6.180906 -0.091656
50.257935 48.386692 -2.645842 -5.171956 304.910370 54.694103 0.708148 -0.177608 6.201652 -0.094224
50.385948 47.724945 -2.903138 -6.109353 305.473724 55.264893 0.703365 -0.172236 6.225779 -0.095715
50.502960 47.124249 -3.147845 -6.898291 305.976410 55.784218 0.698471 -0.163835 6.234731 -0.096865
50.628975 46.449745 -3.423365 -7.677212 306.520355 56.359661 0.690598 -0.150572 6.234546 -0.099884
50.756989 45.757080 -3.724233 -8.342888 307.056915 56.941429 0.680061 -0.138510 6.230566 -0.101503
50.886002 45.039124 -4.046288 -8.950202 307.595032 57.537289 0.666121 -0.133951 6.218608 -0.101848
51.003014 44.389149 -4.329047 -9.435658 308.075836 58.081398 0.650933 -0.135301 6.195866 -0.102306
51.132027 43.676636 -4.638818 -9.918849 308.596008 58.684826 0.630180 -0.131943 6.160620 -0.100456
51.261040 42.968838 -4.941600 -10.347472 309.107300 59.288433 0.605581 -0.115345 6.111743 -0.099488
51.378052 42.333149 -5.190837 -10.639449 309.563690 59.840729 0.579768 -0.093975 6.044392 -0.096341
51.508064 41.662418 -5.419942 -10.924733 310.048920 60.442978 0.550980 -0.077212 5.960279 -0.093391
51.627075 41.074688 -5.578888 -11.147978 310.476685 60.986263 0.525578 -0.073209 5.872338 -0.089883
51.755089 40.438053 -5.695461 -11.354618 310.938721 61.584984 0.497006 -0.072317 5.769221 -0.086813
51.883102 39.841549 -5.744475 -11.503369 311.381622 62.173046 0.467824 -0.056473 5.662328 -0.079491
52.010117 39.310059 -5.737078 -11.591852 311.802124 62.746735 0.436997 -0.014589 5.557119 -0.070854
52.137131 38.827168 -5.670171 -11.603373 312.207672 63.312248 0.404301 0.048493 5.425302 -0.063380
52.254143 38.421749 -5.553167 -11.594876 312.565216 63.820679 0.372682 0.113039 5.310315 -0.058400
52.381157 38.029545 -5.381487 -11.529770 312.945526 64.371338 0.336087 0.179137 5.179443 -0.049412
52.509171 37.687614 -5.162832 -11.373198 313.309357 64.907654 0.296741 0.229489 5.051515 -0.042798
52.637184 37.388561 -4.894629 -11.191317 313.664124 65.438065 0.252268 0.260083 4.937237 -0.036032
52.754196 37.170376 -4.616225 -11.021935 313.979095 65.914040 0.209186 0.269665 4.838946 -0.027145
52.882210 36.986416 -4.243312 -10.710827 314.314209 66.424873 0.160627 0.261823 4.731361 -0.017259
53.010223 36.864075 -3.807078 -10.277112 314.643555 66.929764 0.111075 0.237315 4.636040 -0.009437
53.128235 36.807056 -3.362458 -9.846487 314.937561 67.377563 0.064940 0.204781 4.541376 -0.000443
53.257248 36.808670 -2.813232 -9.230590 315.257477 67.860771 0.015337 0.162500 4.458903 0.009275
53.386261 36.889954 -2.205120 -8.449965 315.574829 68.334419 -0.030578 0.122529 4.390230 0.020994
53.503273 37.030399 -1.606846 -7.593259 315.861755 68.756378 -0.068036 0.095597 4.343817 0.028728
53.631287 37.260426 -0.904847 -6.515011 316.180725 69.213242 -0.102511 0.076436 4.303143 0.037265
53.761299 37.577240 -0.181664 -5.253599 316.503418 69.662193 -0.130656 0.058750 4.279650 0.049065
53.877312 37.948582 0.481788 -4.001425 316.801178 70.064148 -0.148617 0.033297 4.273806 0.057608
54.007324 38.414059 1.200575 -2.537051 317.137451 70.500450 -0.161831 -0.010943 4.276519 0.062403
54.136337 38.941093 1.908065 -1.006951 317.484955 70.931381 -0.167380 -0.066471 4.303174 0.068523
54.254349 39.478027 2.525160 0.473360 317.812927 71.321983 -0.166136 -0.113174 4.336630 0.072718
54.382362 40.114780 3.146528 2.094623 318.184479 71.747437 -0.158772 -0.147182 4.405032 0.077983
54.508377 40.778301 3.686189 3.639916 318.563202 72.162323 -0.143125 -0.160777 4.494045 0.080539
54.634392 41.480587 4.152304 5.130168 318.958649 72.575790 -0.119922 -0.165998 4.581706 0.085381
54.760406 42.201447 4.550262 6.518367 319.367889 72.986603 -0.090337 -0.178504 4.681842 0.086660
54.877419 42.890881 4.855324 7.749798 319.767181 73.372238 -0.057820 -0.205284 4.793196 0.088360
55.006432 43.648571 5.133731 8.987416 320.230530 73.801270 -0.018300 -0.246730 4.910998 0.085468
55.137444 44.390388 5.338096 10.067290 320.715179 74.231949 0.023636 -0.285808 5.043534 0.087695
55.252457 45.039669 5.460234 10.893421 321.165009 74.617561 0.061825 -0.304758 5.152351 0.085475
55.380470 45.725445 5.530490 11.610955 321.681396 75.043694 0.104269 -0.299494 5.281533 0.083649
55.511482 46.392796 5.544147 12.134790 322.225159 75.478973 0.146433 -0.262527 5.412126 0.081981
55.638496 47.004749 5.490706 12.478495 322.775604 75.906319 0.187127 -0.196618 5.539755 0.077818
55.754509 47.518871 5.391769 12.682789 323.292694 76.299454 0.222372 -0.115206 5.639131 0.072678
55.883522 48.038738 5.225070 12.798225 323.883667 76.738625 0.256700 -0.009987 5.747412 0.066500
56.013535 48.507153 5.035764 12.886031 324.492706 77.184723 0.286265 0.099111 5.843668 0.059467
56.131546 48.882374 4.853005 12.951338 325.057190 77.591972 0.309829 0.191092 5.932720 0.051484
56.261559 49.246941 4.666558 13.002040 325.691315 78.042824 0.331708 0.278316 6.021318 0.045859
56.379570 49.538830 4.509738 12.977955 326.277069 78.453575 0.349418 0.334139 6.090863 0.041191
56.508583 49.812126 4.376627 12.835679 326.932495 78.906876 0.364677 0.358810 6.157447 0.036542
56.636597 50.022457 4.295952 12.629343 327.581268 79.349922 0.376573 0.339918 6.208203 0.026971
56.754608 50.162060 4.266782 12.475316 328.189545 79.761162 0.386162 0.294133 6.228188 0.019637
56.883621 50.264347 4.277239 12.320097 328.863647 80.214287 0.395723 0.233006 6.256740 0.012404
57.002632 50.305393 4.328269 12.184214 329.480255 80.625130 0.404118 0.182063 6.291016 0.005787
57.129646 50.302269 4.415514 12.014239 330.155487 81.067886 0.414500 0.132467 6.311686 -0.001581
57.256660 50.253338 4.568539 11.877605 330.828766 81.504761 0.426228 0.078304 6.320326 -0.007959
57.385674 50.167755 4.764430 11.788353 331.513824 81.946861 0.440632 0.015955 6.321215 -0.011119
57.503685 50.067318 4.959355 11.698379 332.142212 82.348450 0.453853 -0.035340 6.318997 -0.015679
57.632698 49.933533 5.164580 11.664779 332.829407 82.785408 0.468326 -0.064893 6.312093 -0.017805
57.761711 49.789951 5.337731 11.615957 333.511261 83.216370 0.482334 -0.058263 6.293828 -0.020937
57.888725 49.623642 5.466309 11.590267 334.186920 83.640335 0.497241 -0.031894 6.273619 -0.023252
58.013741 49.446625 5.542536 11.641255 334.851013 84.056458 0.511548 -0.014839 6.269026 -0.027148
58.130753 49.263828 5.566350 11.774318 335.473083 84.445786 0.524286 -0.023778 6.277899 -0.031120
58.259766 49.042145 5.558585 11.970301 336.160675 84.875748 0.538671 -0.059248 6.292570 -0.032346
58.388779 48.808113 5.492498 12.120861 336.851379 85.305443 0.552739 -0.100436 6.313290 -0.034481
58.505791 48.579632 5.371029 12.234877 337.485626 85.698929 0.564379 -0.123245 6.329647 -0.037094
58.634804 48.306061 5.180414 12.361281 338.180389 86.131584 0.573726 -0.124844 6.356671 -0.039371
58.763817 48.017696 4.944383 12.415229 338.873444 86.561867 0.579759 -0.109504 6.388724 -0.039973
58.880829 47.732151 4.700189 12.415443 339.516266 86.960342 0.583785 -0.093661 6.420948 -0.043675
59.009842 47.393379 4.421649 12.360463 340.218597 87.394630 0.588213 -0.088643 6.469941 -0.047815
59.127853 47.038643 4.182134 12.229205 340.870514 87.796440 0.593696 -0.100677 6.508967 -0.053610
59.256866 46.609184 3.927795 12.008473 341.592987 88.241676 0.597671 -0.127956 6.540501 -0.057143
59.384880 46.167641 3.693827 11.714706 342.301544 88.679520 0.600192 -0.153793 6.573975 -0.059086
59.511894 45.704876 3.479390 11.370897 343.013062 89.121117 0.602702 -0.165278 6.606748 -0.061166
59.627907 45.269768 3.315579 10.978275 343.664978 89.527771 0.603594 -0.158904 6.633533 -0.061376
59.754921 44.780956 3.169220 10.506551 344.380676 89.975906 0.601326 -0.136164 6.664229 -0.064723
59.881935 44.269848 3.040725 10.020699 345.103638 90.431328 0.598449 -0.099465 6.684754 -0.067337
60.010948 43.737549 2.941108 9.543421 345.827576 90.891167 0.593197 -0.048089 6.707036 -0.069541
