1.20 1.10 20 64
0.138000 0.016566 -0.030619 -0.069975 0.960204 -0.000049 -0.136901 -0.120580 6.639874 0.002996
0.254000 0.026133 -0.057525 -0.183447 1.711879 0.000097 -0.109786 -0.136770 6.561180 -0.000194
0.388000 0.034771 -0.092673 -0.290017 2.577386 0.001499 -0.055144 -0.165532 6.470598 0.000388
0.505000 0.041479 -0.116640 -0.428242 3.330248 0.004709 0.005845 -0.191434 6.409696 0.000287
0.638000 0.041094 -0.142096 -0.614921 4.185466 0.008531 0.083003 -0.215391 6.361095 -0.000452
0.755000 0.042672 -0.169965 -0.780929 4.922172 0.011078 0.148939 -0.227743 6.347652 0.000395
0.888000 0.063621 -0.212905 -0.941455 5.771629 0.014374 0.216213 -0.229557 6.340114 0.003700
1.005000 0.090775 -0.239956 -1.027904 6.507352 0.016979 0.260267 -0.219161 6.341325 0.004227
1.138000 0.136713 -0.262825 -1.127797 7.359485 0.020384 0.290480 -0.192081 6.372086 0.006280
1.255000 0.172059 -0.288085 -1.229485 8.106524 0.023657 0.298152 -0.153906 6.391741 0.004958
1.389000 0.212009 -0.282895 -1.306582 8.958787 0.027586 0.287062 -0.094794 6.421571 0.005610
1.505000 0.253890 -0.228878 -1.328694 9.710928 0.031094 0.262227 -0.033782 6.431254 0.005728
1.638999 0.292031 -0.143737 -1.299916 10.567241 0.035161 0.220335 0.038145 6.444245 0.004931
1.755999 0.331859 -0.043614 -1.279308 11.320844 0.039138 0.174057 0.100362 6.437539 0.005643
1.888999 0.374840 0.101663 -1.315049 12.176572 0.041463 0.118330 0.170129 6.431457 0.006242
2.005999 0.412534 0.241681 -1.282462 12.927718 0.043177 0.072582 0.230115 6.410764 0.005784
2.138999 0.452176 0.443573 -1.243505 13.784044 0.044507 0.030211 0.293226 6.378594 0.005379
2.255999 0.486571 0.636265 -1.217269 14.522832 0.045271 0.005365 0.341596 6.361332 0.005161
2.388999 0.511768 0.891307 -1.119582 15.372832 0.047610 -0.007242 0.395112 6.328390 0.002617
2.505999 0.535776 1.123864 -1.040111 16.105270 0.050393 -0.000927 0.443975 6.301352 0.003387
2.639998 0.564331 1.382498 -1.005140 16.946859 0.052382 0.022085 0.498382 6.264390 0.004647
2.755998 0.597843 1.591173 -1.024749 17.678385 0.053031 0.054111 0.529411 6.244225 0.005345
2.889998 0.643058 1.792302 -1.060160 18.506874 0.050949 0.096337 0.526687 6.218069 0.006898
3.005998 0.685249 1.913409 -1.108406 19.233845 0.049202 0.133330 0.482857 6.210746 0.006176
3.139998 0.741139 1.964754 -1.142182 20.059053 0.048988 0.172505 0.389794 6.202042 0.007494
3.256998 0.790452 1.951783 -1.080951 20.785137 0.051846 0.201801 0.281604 6.209958 0.007153
3.389998 0.845621 1.876779 -0.967443 21.612953 0.057328 0.226142 0.147230 6.235943 0.006902
3.506998 0.894331 1.752368 -0.860692 22.344397 0.062941 0.238489 0.033010 6.262954 0.006537
3.639997 0.955360 1.542896 -0.671169 23.186817 0.070462 0.240597 -0.086772 6.308394 0.009408
3.756997 1.021402 1.341911 -0.440548 23.921309 0.077174 0.233530 -0.186369 6.348025 0.008019
3.889997 1.089307 1.080150 -0.111929 24.774914 0.084521 0.217348 -0.307446 6.390147 0.007883
4.006997 1.135451 0.850616 0.173442 25.525351 0.089983 0.197663 -0.419658 6.432683 0.004805
4.140998 1.183604 0.613282 0.506664 26.383732 0.098314 0.172556 -0.541604 6.474241 0.004864
4.256998 1.219936 0.443887 0.772195 27.143600 0.106423 0.152053 -0.626715 6.507237 0.005169
4.390999 1.250666 0.305954 0.996088 28.010733 0.116225 0.131393 -0.680401 6.534847 0.004308
4.507999 1.267898 0.253686 1.125664 28.777044 0.122811 0.119282 -0.680772 6.559311 0.003174
4.641000 1.297960 0.271599 1.293900 29.650043 0.130693 0.113631 -0.626045 6.568828 0.004080
4.758000 1.314223 0.363872 1.400132 30.417891 0.137223 0.116596 -0.537441 6.556761 0.001437
4.891001 1.333900 0.559823 1.509721 31.294933 0.143944 0.127512 -0.410235 6.536801 0.002077
5.008001 1.351338 0.780431 1.585813 32.052425 0.146754 0.142485 -0.297345 6.526153 0.003677
5.141002 1.385315 1.093177 1.729213 32.925793 0.149208 0.162319 -0.178914 6.505659 0.004194
5.258002 1.413616 1.385795 1.829394 33.678837 0.151700 0.181593 -0.089523 6.480940 0.004598
5.392003 1.450433 1.704105 1.948426 34.545761 0.156087 0.201938 0.001252 6.458217 0.004281
5.508003 1.481023 1.945110 2.021765 35.300064 0.159148 0.213203 0.072735 6.441734 0.003842
5.642004 1.504722 2.165483 2.087489 36.156624 0.163910 0.219892 0.150464 6.437997 0.001657
5.759005 1.517792 2.304979 2.145150 36.910465 0.168709 0.220682 0.221329 6.444758 0.000731
5.892005 1.529216 2.388418 2.170379 37.767971 0.176504 0.217948 0.306337 6.453589 0.001807
6.009006 1.531950 2.396533 2.138624 38.523972 0.184128 0.210168 0.376874 6.468029 0.001107
6.142006 1.535326 2.343066 2.069091 39.386005 0.191507 0.196879 0.435236 6.488467 0.000104
6.259007 1.539052 2.253383 2.002237 40.146252 0.199859 0.182044 0.457723 6.503202 0.001604
6.376007 1.552492 2.132314 1.915408 40.908279 0.209243 0.167050 0.455282 6.520596 0.002863
6.509007 1.570324 1.954661 1.777567 41.783829 0.220037 0.151526 0.434987 6.540364 0.001962
6.626008 1.579194 1.776094 1.597419 42.543404 0.230270 0.141056 0.412667 6.553919 0.002681
6.759008 1.595184 1.558230 1.401422 43.422916 0.243418 0.134347 0.383911 6.572629 0.001827
6.876009 1.603366 1.381277 1.260247 44.186314 0.256024 0.134232 0.350540 6.589427 0.001727
7.010010 1.620850 1.182651 1.057315 45.070614 0.270666 0.139749 0.292967 6.612230 0.003446
7.126010 1.638489 1.024114 0.869264 45.845135 0.281749 0.150756 0.223646 6.625423 0.003011
7.260011 1.645008 0.905203 0.614091 46.728134 0.295523 0.168962 0.130800 6.649179 0.002458
7.376011 1.653537 0.862404 0.383034 47.506714 0.308188 0.189832 0.048833 6.660505 0.001826
7.510012 1.669226 0.881725 0.152442 48.393066 0.324200 0.216139 -0.032211 6.670165 0.004345
7.627012 1.698283 0.945105 0.057382 49.173546 0.340450 0.238089 -0.089527 6.674055 0.005267
7.760013 1.720755 1.073887 -0.000965 50.061996 0.362545 0.259017 -0.142541 6.687246 0.002942
7.877013 1.741415 1.229875 0.001874 50.845699 0.383143 0.273519 -0.183378 6.710198 0.003003
8.010014 1.747866 1.437372 0.054019 51.745621 0.405693 0.280680 -0.226706 6.722430 -0.000818
8.127014 1.742182 1.630100 0.114981 52.526463 0.425751 0.279557 -0.261890 6.736059 -0.001482
8.261015 1.735123 1.852452 0.186483 53.429623 0.450372 0.270865 -0.299444 6.750687 -0.001037
8.377015 1.734527 2.024789 0.313019 54.219662 0.471233 0.257309 -0.327655 6.759235 -0.000038
8.511016 1.750169 2.187865 0.457205 55.118870 0.494254 0.236556 -0.349584 6.763268 0.002360
8.628016 1.763383 2.289469 0.612443 55.909698 0.514724 0.215233 -0.354934 6.758694 0.001050
8.761017 1.792324 2.355893 0.791535 56.807983 0.539237 0.188554 -0.342048 6.754142 0.004561
8.878017 1.837083 2.361151 0.911442 57.598270 0.560155 0.166316 -0.315926 6.749166 0.007398
9.011018 1.905276 2.325549 1.032437 58.495609 0.582540 0.142855 -0.275387 6.753034 0.008386
9.128018 1.963503 2.258350 1.119335 59.286091 0.601948 0.126925 -0.234999 6.758607 0.008036
9.261019 2.035841 2.161052 1.218486 60.191830 0.623485 0.117863 -0.184339 6.765779 0.008040
9.378019 2.094400 2.067148 1.246386 60.976429 0.641689 0.119115 -0.133676 6.764436 0.008866
9.511020 2.167871 1.942754 1.258814 61.882351 0.663459 0.129053 -0.063989 6.768146 0.009345
9.628020 2.232502 1.819688 1.259078 62.675648 0.683083 0.144280 0.003797 6.792345 0.010103
9.762021 2.311446 1.675288 1.257860 63.580017 0.706491 0.168622 0.079303 6.808604 0.009616
9.878021 2.367638 1.568330 1.183552 64.378021 0.725821 0.194718 0.138116 6.832440 0.008120
10.012022 2.419450 1.465277 1.164032 65.287514 0.749432 0.224310 0.198968 6.851033 0.006134
10.129023 2.469517 1.401482 1.176528 66.090202 0.771189 0.247008 0.255033 6.872100 0.007777
10.262023 2.521557 1.404812 1.152582 67.005608 0.795990 0.267671 0.325691 6.894468 0.007595
10.379024 2.570836 1.452960 1.115499 67.813461 0.817018 0.280610 0.385894 6.914161 0.008157
10.512024 2.639738 1.558539 1.032137 68.741096 0.842057 0.287333 0.433585 6.933795 0.008955
10.629025 2.700849 1.683002 0.949160 69.546501 0.864471 0.284080 0.441611 6.956916 0.010201
10.762025 2.777282 1.867806 0.819424 70.478714 0.890658 0.270653 0.402958 6.965832 0.010635
10.879025 2.851082 2.060069 0.656094 71.293571 0.913764 0.251517 0.328813 6.968500 0.013016
11.013026 2.940027 2.303303 0.458504 72.220627 0.940392 0.226940 0.214361 6.973545 0.013073
11.130027 3.011857 2.515071 0.260750 73.036659 0.965637 0.202726 0.110802 6.981273 0.011364
11.263027 3.091766 2.763575 0.010864 73.964859 0.995178 0.174404 0.019001 6.976819 0.012139
11.380028 3.155673 2.965589 -0.195689 74.780609 1.022952 0.151833 -0.028114 6.973592 0.010169
11.513028 3.222615 3.177565 -0.424269 75.706093 1.055873 0.129907 -0.055158 6.962008 0.010533
11.630029 3.298925 3.317832 -0.509199 76.518616 1.085893 0.112833 -0.076202 6.934497 0.013119
11.763029 3.404774 3.432623 -0.567753 77.445663 1.119539 0.100246 -0.113029 6.910749 0.015164
11.880030 3.497070 3.480927 -0.574055 78.246483 1.148969 0.095631 -0.153495 6.906378 0.012973
12.014030 3.593473 3.488128 -0.574168 79.170509 1.185462 0.096135 -0.197723 6.893832 0.013041
12.130031 3.663361 3.462775 -0.553107 79.975060 1.217585 0.102386 -0.228188 6.874922 0.009156
12.264031 3.726792 3.371892 -0.503138 80.888138 1.253721 0.112876 -0.256425 6.870899 0.007898
12.380032 3.775225 3.273808 -0.432499 81.690971 1.285815 0.123557 -0.280091 6.863883 0.006168
12.514032 3.822643 3.147585 -0.246649 82.602417 1.323560 0.136184 -0.304691 6.857250 0.004306
12.631033 3.860461 3.057178 -0.139693 83.404167 1.356066 0.147056 -0.318066 6.863607 0.005586
12.764033 3.915806 2.948688 -0.041787 84.316063 1.394737 0.158442 -0.317914 6.861741 0.006676
12.881034 3.964533 2.855942 0.072845 85.118279 1.430206 0.165189 -0.305890 6.861573 0.006445
13.014034 4.017484 2.769431 0.252614 86.037819 1.471561 0.170594 -0.285977 6.876522 0.004672
13.131035 4.066152 2.734479 0.490950 86.834351 1.508679 0.172589 -0.265652 6.873552 0.006240
13.264035 4.131593 2.717509 0.802969 87.754059 1.552124 0.173027 -0.228165 6.869658 0.006837
13.381036 4.201373 2.747396 1.105525 88.550011 1.589377 0.172318 -0.168723 6.869364 0.007669
13.515037 4.286101 2.803511 1.508562 89.468124 1.634373 0.167024 -0.059621 6.855778 0.009748
13.631037 4.369047 2.870975 1.789641 90.268661 1.671833 0.160695 0.061499 6.845402 0.010713
13.765038 4.480761 2.952910 2.137375 91.177231 1.713479 0.151590 0.201761 6.836067 0.013237
13.881038 4.581586 3.043598 2.451240 91.975014 1.750812 0.141606 0.305897 6.823326 0.013546
14.015038 4.714653 3.172229 2.719284 92.879669 1.794420 0.128762 0.389690 6.796923 0.014930
14.132039 4.843739 3.292231 2.877738 93.671043 1.833615 0.117572 0.432923 6.760377 0.018502
14.265039 4.990796 3.403317 2.985661 94.574272 1.879107 0.105900 0.453764 6.742081 0.018856
14.382040 5.130722 3.474042 3.045772 95.352882 1.919325 0.098371 0.454792 6.711202 0.020474
14.515040 5.302747 3.529121 3.041077 96.249245 1.967708 0.092150 0.445355 6.685879 0.023453
14.632041 5.466273 3.555197 2.998682 97.029045 2.013531 0.088435 0.430395 6.669749 0.025471
14.765041 5.655788 3.536371 2.905161 97.912628 2.067384 0.085086 0.398910 6.645839 0.025402
14.883041 5.827150 3.491567 2.790236 98.692978 2.116611 0.083447 0.347834 6.621863 0.026940
15.017042 6.020911 3.397062 2.573278 99.570854 2.174099 0.082879 0.258422 6.606085 0.027326
15.134043 6.204370 3.284247 2.373932 100.342003 2.227027 0.083843 0.157091 6.605104 0.028786
15.267043 6.400853 3.130621 2.146598 101.216965 2.289802 0.086709 0.030055 6.592222 0.026597
15.384044 6.570136 2.980499 1.933037 101.985588 2.346785 0.090953 -0.080406 6.583823 0.027021
15.517044 6.777633 2.811277 1.692674 102.857307 2.415041 0.095322 -0.193997 6.573068 0.029710
15.634045 6.977343 2.654546 1.501589 103.622711 2.478265 0.098219 -0.277626 6.558986 0.032447
15.751045 7.190093 2.475761 1.341130 104.385887 2.543767 0.100176 -0.344012 6.544768 0.033746
15.884046 7.429939 2.290111 1.153461 105.252602 2.619133 0.102382 -0.399882 6.541397 0.031855
16.001045 7.638411 2.153003 1.001839 106.014008 2.686526 0.102873 -0.432346 6.528352 0.032532
16.134048 7.873292 2.009532 0.830126 106.883430 2.767208 0.101850 -0.445804 6.509608 0.031269
16.251051 8.071143 1.927989 0.680408 107.633850 2.838162 0.100888 -0.432119 6.491092 0.031127
16.384054 8.316587 1.849144 0.513630 108.498367 2.919383 0.099819 -0.389463 6.474993 0.034678
16.501057 8.539018 1.798811 0.363047 109.250580 2.992720 0.099285 -0.338991 6.451057 0.034171
16.635059 8.777442 1.778479 0.253459 110.103264 3.079771 0.099474 -0.277812 6.438891 0.031384
16.751062 8.979968 1.764365 0.187525 110.850952 3.157916 0.099846 -0.220644 6.417896 0.030442
16.885065 9.222301 1.763535 0.120544 111.698006 3.248555 0.099859 -0.145950 6.396792 0.033351
17.002068 9.455525 1.785222 0.064563 112.440117 3.330573 0.100336 -0.074421 6.372837 0.034467
17.135071 9.731706 1.820622 0.040732 113.280586 3.425919 0.102756 -0.003506 6.350086 0.036850
17.252073 9.985127 1.851729 0.085863 114.015816 3.511487 0.105490 0.036130 6.315278 0.037211
17.385077 10.281576 1.858191 0.168038 114.854561 3.610184 0.107200 0.058145 6.296066 0.038629
17.502079 10.544998 1.847352 0.233148 115.578636 3.697421 0.108817 0.075208 6.282284 0.039996
17.636082 10.859241 1.847196 0.308874 116.412727 3.799313 0.109781 0.114450 6.265073 0.041039
17.752085 11.138145 1.839814 0.446783 117.138802 3.889386 0.109705 0.168752 6.252458 0.040960
17.886087 11.458804 1.795733 0.655517 117.961739 3.995487 0.107655 0.238133 6.233190 0.041271
18.002090 11.752956 1.725378 0.784057 118.684471 4.091494 0.105587 0.290170 6.232656 0.043661
18.136093 12.074276 1.648953 1.003203 119.505814 4.204193 0.101654 0.331277 6.236418 0.040966
18.253096 12.345054 1.576712 1.235338 120.229073 4.305422 0.098723 0.354991 6.245287 0.038706
18.386099 12.641105 1.519295 1.493805 121.051865 4.423730 0.097040 0.373373 6.247692 0.038673
18.503101 12.914724 1.495501 1.650028 121.775040 4.529195 0.097984 0.379470 6.246521 0.041496
18.636105 13.242869 1.489197 1.819253 122.602699 4.651129 0.102007 0.363976 6.240152 0.042503
18.753107 13.522874 1.500186 1.938981 123.318489 4.757418 0.107254 0.324532 6.234130 0.042134
18.886110 13.859110 1.536714 2.076601 124.143303 4.881476 0.115305 0.252838 6.224068 0.043423
19.003113 14.156107 1.587178 2.197161 124.862228 4.991829 0.123909 0.178358 6.215223 0.043640
19.137115 14.494056 1.626437 2.302854 125.677513 5.120161 0.131491 0.090930 6.203148 0.043606
19.253119 14.803279 1.660223 2.372854 126.393211 5.234822 0.136734 0.013525 6.188238 0.046861
19.387121 15.152429 1.683223 2.416773 127.204712 5.366014 0.140984 -0.075840 6.179884 0.044615
19.504124 15.454295 1.679546 2.418018 127.917122 5.484535 0.142006 -0.151269 6.168594 0.044973
19.637127 15.804223 1.642784 2.451900 128.725296 5.623377 0.140443 -0.223513 6.160558 0.046223
19.754129 16.115341 1.598960 2.482518 129.435562 5.748542 0.136612 -0.270455 6.164532 0.045823
19.887133 16.463066 1.515494 2.511799 130.247849 5.895842 0.129827 -0.309768 6.158876 0.044359
20.004135 16.745617 1.416469 2.484786 130.949844 6.026583 0.123848 -0.337860 6.154766 0.042299
20.137138 17.058235 1.287073 2.408525 131.759735 6.180938 0.116690 -0.364151 6.143519 0.040259
20.254141 17.327913 1.164299 2.346453 132.466370 6.318116 0.110583 -0.374558 6.156812 0.040722
20.388144 17.637280 1.039378 2.288240 133.269531 6.477869 0.104043 -0.363326 6.160474 0.040414
20.504147 17.903828 0.968362 2.283586 133.975128 6.621685 0.101098 -0.332282 6.150149 0.039236
20.638149 18.200903 0.921920 2.216224 134.776062 6.786785 0.103333 -0.280275 6.149176 0.039663
20.754152 18.458515 0.933141 2.126812 135.479874 6.934013 0.108722 -0.227612 6.145538 0.037944
20.888155 18.736292 0.987589 2.021481 136.278351 7.104172 0.119075 -0.165521 6.132760 0.036135
21.005157 18.969318 1.033210 1.942062 136.978317 7.258194 0.131342 -0.109983 6.121663 0.035047
21.138161 19.232323 1.093036 1.891058 137.777527 7.438684 0.146629 -0.045663 6.105120 0.033797
21.255163 19.449566 1.150170 1.871164 138.467941 7.597319 0.160123 0.009050 6.108092 0.032264
21.388166 19.680937 1.226650 1.856697 139.265274 7.782877 0.171550 0.069352 6.110160 0.028341
21.505169 19.857998 1.284024 1.911184 139.954712 7.946065 0.178724 0.121059 6.111258 0.025409
21.639172 20.044672 1.360657 1.965161 140.750961 8.137320 0.182652 0.186986 6.111951 0.022793
21.755175 20.200838 1.424264 1.944008 141.446625 8.306222 0.182159 0.252624 6.121183 0.023818
21.889177 20.381948 1.498417 1.890784 142.238022 8.500798 0.177071 0.327255 6.125738 0.023647
22.006180 20.524330 1.556254 1.836666 142.933563 8.674394 0.171101 0.376828 6.126618 0.020579
22.139183 20.671871 1.617290 1.770579 143.723404 8.874096 0.163230 0.400184 6.132886 0.018901
22.256186 20.793829 1.645784 1.687617 144.419357 9.049907 0.154975 0.392455 6.135538 0.018836
22.389189 20.936672 1.657508 1.622027 145.211441 9.252039 0.146191 0.363067 6.150305 0.019940
22.506191 21.075104 1.655323 1.641692 145.907791 9.432169 0.139980 0.325092 6.147407 0.020003
22.639194 21.230473 1.652843 1.743577 146.704514 9.640294 0.137381 0.263536 6.142275 0.019878
22.756197 21.353918 1.637551 1.804075 147.394379 9.819933 0.137748 0.190068 6.144584 0.017682
22.889200 21.486698 1.615505 1.871160 148.191071 10.028360 0.140821 0.088186 6.142277 0.017989
23.006203 21.612379 1.587035 1.975231 148.885300 10.212292 0.146676 -0.000351 6.137350 0.018658
23.140205 21.762899 1.536553 2.118927 149.673172 10.423553 0.155541 -0.082915 6.132814 0.019425
23.256208 21.892004 1.476644 2.205884 150.365631 10.610880 0.163352 -0.133284 6.133245 0.019144
23.390211 22.041801 1.407536 2.347245 151.153030 10.824441 0.171856 -0.166655 6.134394 0.019695
23.507214 22.176237 1.335941 2.491532 151.844574 11.013304 0.181315 -0.179627 6.122246 0.018844
23.640217 22.333567 1.251178 2.700477 152.635269 11.231571 0.194378 -0.184715 6.121811 0.019988
23.757219 22.467756 1.182111 2.886660 153.319458 11.422246 0.204355 -0.190930 6.124625 0.018628
23.890223 22.609861 1.113009 3.094191 154.110413 11.644679 0.214715 -0.209707 6.136456 0.018545
24.007225 22.740133 1.070966 3.215945 154.795532 11.838422 0.223789 -0.233567 6.138922 0.020058
24.141228 22.893238 1.023416 3.288975 155.586853 12.064583 0.232726 -0.253161 6.145177 0.019145
24.257231 23.019794 0.985353 3.292022 156.277649 12.264069 0.238790 -0.247414 6.149029 0.018739
24.391233 23.161835 0.975121 3.299578 157.062820 12.491213 0.244918 -0.209213 6.146854 0.018686
24.507236 23.281466 0.990750 3.315500 157.752884 12.693830 0.249283 -0.157449 6.149980 0.017407
24.641239 23.410673 1.055773 3.311113 158.536026 12.927409 0.251945 -0.098279 6.145610 0.016324
24.758242 23.514406 1.121722 3.230102 159.223938 13.134620 0.253824 -0.060652 6.137657 0.015413
24.891245 23.636147 1.176100 3.086946 160.004669 13.373542 0.255172 -0.042013 6.137281 0.017758
25.008247 23.744507 1.211009 2.935723 160.690903 13.586662 0.255564 -0.044309 6.144982 0.014551
25.141251 23.845766 1.233168 2.812989 161.477005 13.835080 0.255725 -0.057090 6.158852 0.012596
25.258253 23.917423 1.257332 2.682159 162.158417 14.052676 0.256756 -0.065459 6.169380 0.010590
25.391256 23.989756 1.269746 2.538352 162.947113 14.306040 0.259209 -0.063434 6.192627 0.010214
25.508259 24.043312 1.236074 2.415224 163.637741 14.529081 0.261774 -0.051350 6.214846 0.007960
25.642262 24.106985 1.180471 2.330529 164.424866 14.785497 0.264248 -0.029548 6.232623 0.007509
25.758265 24.153093 1.127220 2.203240 165.119965 15.012617 0.266500 -0.003125 6.261617 0.005891
25.892267 24.202646 1.037685 2.088620 165.911942 15.273127 0.269919 0.038400 6.275587 0.006059
26.009270 24.221539 0.959438 1.984269 166.610397 15.504739 0.271315 0.083382 6.301337 0.001396
26.142273 24.209969 0.870124 1.785239 167.408264 15.769611 0.272522 0.132285 6.334445 -0.002637
26.259275 24.179819 0.779098 1.583282 168.113388 16.004822 0.274859 0.162447 6.367691 -0.004652
26.376278 24.144287 0.690030 1.413409 168.821289 16.243595 0.276070 0.179057 6.394561 -0.005419
26.509281 24.088036 0.590527 1.218924 169.628159 16.518688 0.277852 0.191106 6.419340 -0.009950
26.626284 24.008577 0.496472 1.004818 170.340378 16.761391 0.279135 0.202506 6.442079 -0.011908
26.759287 23.914598 0.403698 0.752184 171.153763 17.038191 0.281721 0.211709 6.471941 -0.012791
26.876289 23.825201 0.334827 0.518381 171.871368 17.283188 0.283643 0.206882 6.488696 -0.012898
27.009293 23.723145 0.281861 0.294202 172.694778 17.566599 0.286471 0.185326 6.502515 -0.013190
27.126295 23.629055 0.251006 0.153494 173.408142 17.812592 0.288125 0.165532 6.507527 -0.015147
27.260298 23.505106 0.240908 0.011381 174.231750 18.097786 0.285675 0.160344 6.502134 -0.016608
27.376301 23.390123 0.249471 -0.076529 174.951172 18.347418 0.280073 0.175352 6.510959 -0.017298
27.510303 23.251560 0.261401 -0.173466 175.768890 18.631432 0.273993 0.200466 6.510730 -0.019149
27.626307 23.122881 0.244431 -0.226824 176.488327 18.881033 0.269116 0.210544 6.508506 -0.018806
27.760309 22.963997 0.234220 -0.288104 177.306870 19.165340 0.262135 0.192039 6.516772 -0.022879
27.877312 22.801357 0.238255 -0.401650 178.027435 19.414860 0.254724 0.148006 6.519878 -0.025558
28.010315 22.583996 0.228929 -0.606365 178.845749 19.698664 0.247453 0.078356 6.506427 -0.029504
28.127317 22.371328 0.229020 -0.688724 179.563339 19.950140 0.243525 0.014577 6.496369 -0.033198
28.260321 22.112965 0.217752 -0.775411 180.384186 20.239622 0.242115 -0.051398 6.492140 -0.035030
28.377323 21.887344 0.199961 -0.810039 181.093857 20.491203 0.244013 -0.106523 6.488368 -0.033866
28.511326 21.616405 0.171613 -0.808842 181.912827 20.783287 0.249669 -0.182290 6.497166 -0.037504
28.627329 21.357508 0.150944 -0.765571 182.628738 21.040625 0.258318 -0.265042 6.503324 -0.040397
28.761332 21.034977 0.132904 -0.703745 183.442459 21.334326 0.272793 -0.365915 6.506739 -0.043943
28.878334 20.731157 0.105684 -0.638013 184.158035 21.593998 0.286850 -0.438576 6.508855 -0.046720
29.011337 20.379778 0.075605 -0.551303 184.972092 21.890772 0.302482 -0.479761 6.518546 -0.046418
29.128340 20.062420 0.047798 -0.512941 185.690704 22.152529 0.313663 -0.473443 6.546273 -0.046716
29.261343 19.705143 0.023647 -0.441257 186.509323 22.453716 0.325485 -0.425442 6.567275 -0.046931
29.378345 19.376097 0.009331 -0.387443 187.231018 22.720089 0.333971 -0.358573 6.585372 -0.050120
29.511349 18.983923 0.007255 -0.300354 188.059586 23.025743 0.339567 -0.266779 6.595714 -0.051518
29.628351 18.633001 0.017907 -0.259416 188.778976 23.289997 0.341056 -0.183972 6.612244 -0.054164
29.762354 18.203794 0.058259 -0.231582 189.611679 23.596302 0.339308 -0.095050 6.625510 -0.057871
29.878357 17.813019 0.086221 -0.207889 190.340820 23.864744 0.333772 -0.029091 6.648980 -0.057332
30.012360 17.378750 0.141284 -0.242051 191.171677 24.169186 0.325081 0.030425 6.651161 -0.056072
30.129362 17.002625 0.202979 -0.333008 191.903290 24.434477 0.316203 0.069716 6.652114 -0.055552
30.262365 16.585674 0.283828 -0.446315 192.734741 24.734644 0.304622 0.100892 6.645187 -0.054250
30.379368 16.216686 0.339370 -0.520120 193.466049 24.998705 0.293644 0.119674 6.644733 -0.054828
30.512371 15.798540 0.380103 -0.630900 194.296890 25.299925 0.282535 0.139846 6.643593 -0.054036
30.629374 15.428013 0.398939 -0.765802 195.026871 25.563843 0.272362 0.166155 6.627120 -0.054678
30.762377 15.001613 0.405722 -0.965299 195.862213 25.862906 0.261690 0.211810 6.618719 -0.056150
30.879379 14.628541 0.384436 -1.144567 196.585724 26.119488 0.253610 0.259381 6.611533 -0.054694
31.012383 14.207950 0.343082 -1.402969 197.420609 26.412249 0.248927 0.309045 6.596383 -0.053491
31.129385 13.841628 0.293383 -1.611834 198.148254 26.665117 0.248672 0.337073 6.576664 -0.055417
31.263388 13.414342 0.226558 -1.854717 198.973618 26.950766 0.251870 0.347297 6.559394 -0.055782
31.379391 13.052527 0.156961 -2.044414 199.698486 27.200121 0.257713 0.337811 6.540691 -0.051669
31.513393 12.664001 0.064035 -2.209341 200.520370 27.481178 0.268581 0.305440 6.529134 -0.049769
31.630396 12.333858 -0.027780 -2.338123 201.242844 27.724766 0.280912 0.257802 6.510845 -0.048704
31.763399 11.988158 -0.145705 -2.494522 202.063553 27.997883 0.296005 0.189923 6.501350 -0.042789
31.880402 11.712102 -0.259700 -2.615535 202.786209 28.235926 0.307262 0.133693 6.498371 -0.041758
32.013405 11.385228 -0.389774 -2.750452 203.613022 28.506338 0.318306 0.091777 6.488429 -0.042664
32.130394 11.102439 -0.502819 -2.899476 204.329254 28.737885 0.324411 0.078227 6.486358 -0.041810
32.265385 10.785986 -0.616493 -3.028441 205.156097 29.002684 0.326760 0.075814 6.473663 -0.040775
32.381374 10.505525 -0.715270 -3.104754 205.882904 29.234154 0.325858 0.069515 6.457964 -0.042172
32.515362 10.195374 -0.818065 -3.201130 206.701599 29.491768 0.322471 0.046675 6.450688 -0.041147
32.631351 9.930953 -0.889049 -3.281999 207.422363 29.715719 0.317654 0.012180 6.449080 -0.038943
32.765339 9.638523 -0.930350 -3.291096 208.239731 29.968950 0.311383 -0.041123 6.425899 -0.037681
32.882328 9.386601 -0.947609 -3.299819 208.957840 30.188610 0.305567 -0.101786 6.417960 -0.037135
33.015316 9.106493 -0.937034 -3.359236 209.774002 30.435701 0.297355 -0.190033 6.406301 -0.036267
33.132305 8.874113 -0.907715 -3.384036 210.491241 30.650303 0.291020 -0.282067 6.392192 -0.034369
33.265293 8.606129 -0.845127 -3.363081 211.311661 30.892733 0.285530 -0.386805 6.380196 -0.034675
33.382282 8.363147 -0.773927 -3.270600 212.020340 31.099730 0.281934 -0.453711 6.360736 -0.036875
33.515270 8.085237 -0.665423 -3.115886 212.838806 31.333998 0.281214 -0.481271 6.346994 -0.035449
33.632259 7.857486 -0.538448 -2.901400 213.553085 31.534376 0.282170 -0.461628 6.337641 -0.032526
33.766247 7.612786 -0.367405 -2.622571 214.365265 31.759348 0.285360 -0.411901 6.338030 -0.031269
33.882236 7.403208 -0.208539 -2.433095 215.079529 31.952459 0.289563 -0.364701 6.316388 -0.030537
34.016224 7.180888 -0.016246 -2.208023 215.889313 32.169106 0.293098 -0.311629 6.297713 -0.028406
34.133213 6.992455 0.135193 -2.039524 216.600616 32.356979 0.296420 -0.251361 6.279449 -0.027158
34.266201 6.788507 0.277418 -1.933512 217.408539 32.564205 0.297629 -0.150327 6.269437 -0.027589
34.383190 6.601225 0.380657 -1.823712 218.118820 32.745190 0.297393 -0.034583 6.261191 -0.028741
34.516178 6.386520 0.459855 -1.673089 218.931732 32.950546 0.296584 0.108564 6.251178 -0.028583
34.633167 6.199033 0.494247 -1.559479 219.634842 33.125423 0.295893 0.223654 6.247004 -0.028126
34.766155 5.981472 0.473869 -1.497363 220.447250 33.324539 0.293660 0.333175 6.236518 -0.029752
34.883144 5.787528 0.390433 -1.441867 221.150864 33.494904 0.292454 0.399848 6.242342 -0.029636
35.017132 5.558507 0.236812 -1.404096 221.965637 33.688793 0.293151 0.430858 6.254255 -0.030067
35.133121 5.364257 0.067426 -1.331473 222.678757 33.855438 0.295791 0.407600 6.262383 -0.028864
35.267109 5.135478 -0.170135 -1.337826 223.491028 34.041630 0.301779 0.328016 6.271026 -0.030879
35.383099 4.938656 -0.386832 -1.382783 224.208130 34.201706 0.308104 0.232696 6.284850 -0.028587
35.517086 4.716362 -0.613185 -1.482605 225.026855 34.379635 0.316848 0.131106 6.310267 -0.029015
35.634075 4.514528 -0.785449 -1.634844 225.750610 34.533039 0.326391 0.069447 6.333042 -0.031643
35.767063 4.285590 -0.963818 -1.721598 226.577850 34.704575 0.336285 0.035003 6.359401 -0.029735
35.884052 4.097942 -1.102440 -1.729571 227.308716 34.853977 0.346154 0.025161 6.383937 -0.028011
36.001041 3.899660 -1.187932 -1.735983 228.042404 35.001034 0.354992 0.022547 6.401770 -0.029869
36.134029 3.674883 -1.246926 -1.792528 228.879898 35.164364 0.363510 0.023550 6.424796 -0.028634
36.251019 3.501952 -1.251967 -1.828442 229.619446 35.306171 0.369894 0.031879 6.445445 -0.024885
36.384007 3.291694 -1.200186 -1.881998 230.468887 35.465157 0.374669 0.054400 6.456121 -0.028464
36.500996 3.104617 -1.079863 -1.927886 231.206360 35.599945 0.375623 0.080146 6.467233 -0.028233
36.634983 2.900230 -0.886035 -1.920843 232.059891 35.754486 0.374629 0.100908 6.480957 -0.025137
36.750973 2.740043 -0.661200 -1.914168 232.806656 35.885689 0.372657 0.098010 6.484379 -0.021527
36.884960 2.568292 -0.336506 -1.980029 233.657120 36.031273 0.368766 0.066343 6.490077 -0.023075
37.001949 2.411344 0.004400 -2.124968 234.405273 36.154961 0.364254 0.019399 6.475915 -0.022476
37.134937 2.234527 0.409579 -2.171234 235.256149 36.293392 0.358080 -0.045812 6.484750 -0.023304
37.251926 2.087788 0.771075 -2.148221 236.005127 36.412453 0.353879 -0.108819 6.479488 -0.020550
37.384914 1.921419 1.179676 -2.143710 236.856812 36.542660 0.351649 -0.184204 6.475471 -0.023070
37.501904 1.769188 1.520850 -2.124161 237.606812 36.653908 0.349808 -0.247280 6.471661 -0.022884
37.634892 1.615576 1.851758 -2.026143 238.465683 36.776798 0.346760 -0.300303 6.475368 -0.019041
37.751881 1.486517 2.085840 -1.937569 239.209991 36.879128 0.344862 -0.316846 6.476400 -0.020245
37.885868 1.328536 2.266094 -1.992242 240.072098 36.992558 0.344181 -0.299161 6.500437 -0.020288
38.001858 1.196390 2.334443 -2.072614 240.827545 37.089474 0.344781 -0.261474 6.517669 -0.018914
38.135845 1.050964 2.340758 -2.200135 241.689926 37.193340 0.345887 -0.208640 6.538236 -0.018355
38.251835 0.925431 2.262871 -2.264590 242.452560 37.283062 0.347894 -0.158000 6.579228 -0.018153
38.385822 0.795118 2.087468 -2.301676 243.324249 37.383526 0.351547 -0.091565 6.610442 -0.015468
38.502811 0.702610 1.881803 -2.308345 244.095306 37.472332 0.355310 -0.023593 6.645028 -0.013700
38.635799 0.592713 1.619660 -2.294349 244.977066 37.571320 0.363349 0.055841 6.689973 -0.013098
38.752789 0.509130 1.365091 -2.205652 245.758865 37.656296 0.373357 0.116284 6.743613 -0.012200
38.885777 0.421722 1.080609 -2.031108 246.661850 37.751446 0.387492 0.168678 6.792120 -0.010879
39.002766 0.357200 0.850825 -1.867860 247.449799 37.829533 0.401419 0.203022 6.845852 -0.009749
39.135754 0.275818 0.642636 -1.706165 248.367096 37.915264 0.418005 0.233494 6.896676 -0.011468
39.252743 0.206805 0.504314 -1.509675 249.173279 37.987026 0.429220 0.246208 6.930227 -0.010172
39.386730 0.136071 0.402072 -1.275548 250.094833 38.066978 0.440782 0.231258 6.973718 -0.009005
39.502720 0.069135 0.366809 -1.125254 250.910507 38.135193 0.448303 0.187248 7.007154 -0.010008
39.636707 -0.002343 0.414160 -0.977655 251.841507 38.209869 0.450087 0.114101 7.036993 -0.008113
39.753696 -0.051303 0.532068 -0.866844 252.662903 38.272739 0.446326 0.051171 7.048510 -0.007420
39.886684 -0.096377 0.747482 -0.713973 253.598434 38.341236 0.436859 0.006122 7.060374 -0.005096
40.003674 -0.131031 1.000516 -0.542240 254.423294 38.400330 0.425177 -0.001745 7.073924 -0.005109
40.136662 -0.163855 1.360271 -0.363503 255.369476 38.466438 0.412421 0.017240 7.074877 -0.004415
40.253651 -0.192999 1.714635 -0.200764 256.188171 38.522778 0.401680 0.040842 7.073244 -0.005399
40.386639 -0.228465 2.148738 -0.002010 257.132874 38.585472 0.389600 0.055519 7.058124 -0.005223
40.503628 -0.247784 2.515754 0.158928 257.956421 38.638332 0.378274 0.046894 7.051425 -0.003338
40.637615 -0.270011 2.881754 0.373086 258.893311 38.696587 0.368954 0.012723 7.066802 -0.005063
40.753605 -0.288147 3.169193 0.525679 259.719147 38.745785 0.364077 -0.029108 7.069548 -0.002438
40.887592 -0.294260 3.451559 0.616843 260.657715 38.798847 0.360708 -0.072137 7.076295 -0.000616
41.004581 -0.291203 3.652773 0.695200 261.485016 38.843971 0.359125 -0.092781 7.086317 0.000726
41.137569 -0.268429 3.795360 0.825081 262.426575 38.893654 0.360352 -0.093092 7.092609 0.001774
41.254559 -0.250836 3.842141 0.950292 263.256775 38.935276 0.364315 -0.082486 7.114753 0.001085
41.387547 -0.228920 3.809556 1.091637 264.211792 38.981293 0.370128 -0.075058 7.147533 0.002252
41.504536 -0.222225 3.717718 1.144364 265.042389 39.020603 0.378911 -0.079657 7.175337 -0.000610
41.637524 -0.224087 3.541495 1.186063 266.006592 39.063713 0.391535 -0.090732 7.224541 -0.000648
41.754513 -0.222258 3.342397 1.217272 266.853363 39.100208 0.403039 -0.093372 7.256261 0.000261
41.888500 -0.224034 3.084045 1.173820 267.820984 39.140400 0.414622 -0.081735 7.298129 0.000720
42.004490 -0.216196 2.825337 1.093138 268.677185 39.174370 0.425637 -0.064855 7.344885 0.002085
42.138477 -0.205463 2.520689 0.969429 269.658112 39.210865 0.433946 -0.052752 7.399024 0.001517
42.254467 -0.197522 2.248671 0.805805 270.526520 39.241665 0.437699 -0.055277 7.448776 0.002601
42.388454 -0.188094 1.949265 0.625363 271.521759 39.275394 0.437226 -0.066991 7.514720 0.002522
42.505444 -0.191511 1.733840 0.460839 272.403870 39.304600 0.433239 -0.071562 7.565113 -0.000807
42.638432 -0.190760 1.539881 0.324582 273.414642 39.338741 0.424883 -0.057778 7.630832 0.000733
42.755421 -0.182652 1.467253 0.199826 274.309509 39.368748 0.415072 -0.030813 7.667094 0.003449
42.888409 -0.165157 1.474466 0.070612 275.341522 39.403008 0.400256 0.001744 7.728965 0.003566
43.005398 -0.142776 1.562381 -0.043497 276.240997 39.433781 0.384855 0.018288 7.776858 0.003705
43.139385 -0.120746 1.760740 -0.175500 277.284576 39.469883 0.365055 0.020372 7.802793 0.002880
43.255375 -0.103914 2.017086 -0.308612 278.198944 39.501297 0.349743 0.014847 7.832605 0.003424
43.389362 -0.085328 2.407092 -0.460885 279.241302 39.538338 0.334871 0.012378 7.850310 0.003964
43.505352 -0.052845 2.823340 -0.581267 280.160034 39.570820 0.321116 0.019592 7.863135 0.006259
43.639339 -0.013786 3.393316 -0.691329 281.205750 39.606388 0.308765 0.040374 7.863611 0.005475
43.756329 0.016479 3.935080 -0.709505 282.125732 39.638420 0.299349 0.069206 7.868856 0.004684
43.889317 0.051958 4.587287 -0.781824 283.179047 39.674313 0.286900 0.111325 7.857378 0.005640
44.006306 0.094272 5.159607 -0.863804 284.088470 39.705231 0.273556 0.150415 7.838159 0.007790
44.139294 0.138172 5.805002 -0.959625 285.137024 39.741024 0.256626 0.191920 7.824770 0.005728
44.256283 0.175223 6.330801 -1.041642 286.043243 39.772575 0.239961 0.221873 7.814212 0.006937
44.389271 0.222039 6.883492 -1.109308 287.087494 39.807034 0.216856 0.248025 7.777462 0.007067
44.506260 0.254095 7.297465 -1.149928 287.995331 39.835377 0.196197 0.258350 7.749749 0.004511
44.640247 0.287992 7.701746 -1.152842 289.023041 39.868423 0.174018 0.244455 7.710607 0.005288
44.756237 0.307726 8.024540 -1.143509 289.921936 39.895477 0.158305 0.202126 7.672247 0.002461
44.890224 0.325442 8.337484 -1.133751 290.938599 39.925152 0.142401 0.122023 7.624248 0.002724
45.007214 0.343210 8.531661 -1.128802 291.827118 39.951080 0.129460 0.033566 7.575944 0.001737
45.140202 0.333835 8.652394 -1.111379 292.830444 39.979839 0.115396 -0.074899 7.522202 -0.003211
45.257191 0.308579 8.675496 -1.078876 293.707184 40.005093 0.104535 -0.170843 7.473815 -0.005025
45.390179 0.273001 8.609579 -1.049035 294.704315 40.035004 0.094277 -0.274110 7.421847 -0.005155
45.507168 0.226576 8.473440 -1.049544 295.561707 40.061188 0.085727 -0.347274 7.376415 -0.007722
45.641155 0.167633 8.230435 -1.014177 296.545654 40.090561 0.074365 -0.395451 7.324776 -0.008095
45.757145 0.108400 7.960196 -0.914624 297.399567 40.118141 0.064883 -0.394526 7.279972 -0.012978
45.891132 0.007775 7.603723 -0.800677 298.362946 40.149517 0.053933 -0.343457 7.223947 -0.015650
46.007122 -0.089519 7.250947 -0.746482 299.204956 40.175777 0.045847 -0.264215 7.181779 -0.015653
46.141109 -0.188741 6.828327 -0.727846 300.156036 40.205570 0.038114 -0.154280 7.134704 -0.014178
46.258099 -0.283251 6.468977 -0.707711 300.987732 40.230721 0.033875 -0.057178 7.092083 -0.014483
46.391087 -0.381083 6.072069 -0.648570 301.927917 40.261841 0.031922 0.037280 7.056750 -0.012994
46.508076 -0.475058 5.752696 -0.594353 302.750854 40.289028 0.031852 0.098195 7.024547 -0.015106
46.625065 -0.565417 5.447593 -0.538344 303.569672 40.317314 0.032254 0.135990 6.989630 -0.014410
46.758053 -0.655585 5.125358 -0.481899 304.494446 40.350159 0.034083 0.153321 6.936201 -0.011428
46.875042 -0.737699 4.866224 -0.492150 305.303497 40.377975 0.036665 0.150473 6.907182 -0.011994
47.008030 -0.842949 4.626847 -0.491356 306.225403 40.409779 0.041744 0.132533 6.870741 -0.015291
47.125019 -0.936542 4.469813 -0.471436 307.019196 40.435738 0.047201 0.109585 6.831640 -0.014284
47.258007 -1.059375 4.344325 -0.493666 307.930573 40.463882 0.055891 0.081689 6.781926 -0.015778
47.374996 -1.160001 4.257310 -0.560642 308.714203 40.488102 0.063413 0.063211 6.742023 -0.013896
47.507984 -1.273050 4.174762 -0.643453 309.612549 40.515324 0.069382 0.055476 6.683589 -0.014232
47.624973 -1.372828 4.104265 -0.756661 310.391113 40.538208 0.072092 0.062145 6.643051 -0.013648
47.758961 -1.510033 4.022209 -0.935447 311.269745 40.561787 0.070879 0.079476 6.586852 -0.017085
47.874950 -1.631834 3.934036 -1.095093 312.037384 40.582584 0.066803 0.094705 6.551551 -0.015237
48.008938 -1.768079 3.851782 -1.219230 312.905457 40.607136 0.058311 0.103166 6.514067 -0.018437
48.125927 -1.914385 3.776214 -1.352322 313.665314 40.627251 0.048774 0.099912 6.481922 -0.022095
48.258915 -2.089903 3.680804 -1.455501 314.529358 40.649479 0.038624 0.085831 6.433429 -0.021561
48.375904 -2.234768 3.598548 -1.496991 315.272614 40.667675 0.030638 0.067797 6.392895 -0.021256
48.508892 -2.410041 3.476331 -1.528458 316.125397 40.686317 0.023227 0.042597 6.349412 -0.023643
48.625881 -2.580132 3.350657 -1.537241 316.859772 40.701469 0.020293 0.017689 6.319762 -0.026070
48.759869 -2.788714 3.199654 -1.517298 317.703735 40.720310 0.023052 -0.013403 6.282480 -0.029053
48.875858 -2.972620 3.061716 -1.481718 318.436432 40.734886 0.029353 -0.039726 6.252855 -0.026517
49.009846 -3.170642 2.904042 -1.433603 319.265991 40.749523 0.039977 -0.065006 6.227442 -0.025890
49.126835 -3.323563 2.764444 -1.357998 319.992615 40.760876 0.050568 -0.083193 6.195241 -0.022450
49.259823 -3.504586 2.627124 -1.331707 320.815125 40.770622 0.064535 -0.104156 6.178795 -0.026293
49.376812 -3.692466 2.502716 -1.344832 321.536865 40.777233 0.076377 -0.127056 6.158381 -0.029780
49.509800 -3.916720 2.375880 -1.351045 322.353973 40.784481 0.086303 -0.155526 6.135768 -0.029200
49.626789 -4.111249 2.276045 -1.359807 323.071198 40.790852 0.092573 -0.172790 6.124736 -0.028667
49.760780 -4.330669 2.173884 -1.425903 323.898193 40.796104 0.096889 -0.169582 6.123040 -0.027420
49.877769 -4.526052 2.094439 -1.530463 324.608795 40.799179 0.098915 -0.142018 6.120071 -0.029714
50.011757 -4.768971 2.003993 -1.666316 325.427032 40.799809 0.098769 -0.087300 6.093836 -0.030784
50.127747 -4.992806 1.925195 -1.791303 326.138885 40.798519 0.095783 -0.031080 6.077272 -0.034795
50.261734 -5.267163 1.847927 -1.940608 326.945770 40.797104 0.088010 0.025863 6.058643 -0.035707
50.377724 -5.523363 1.794846 -2.099280 327.652435 40.794456 0.078647 0.057695 6.027254 -0.038503
50.511711 -5.833926 1.745754 -2.314137 328.452026 40.788685 0.068616 0.066733 6.002864 -0.039363
50.628700 -6.109432 1.692653 -2.508151 329.152740 40.782398 0.060355 0.056387 5.977807 -0.039888
50.761688 -6.426475 1.645314 -2.675326 329.946014 40.774761 0.053077 0.041828 5.957542 -0.041744
50.878677 -6.702527 1.607068 -2.785383 330.640991 40.767738 0.051199 0.041784 5.928530 -0.042267
51.011665 -7.034973 1.556245 -2.907561 331.433929 40.757046 0.053903 0.061955 5.911963 -0.043222
51.128654 -7.320873 1.533247 -3.015609 332.118530 40.744110 0.058265 0.087955 5.894301 -0.043169
51.261642 -7.663316 1.510109 -3.126713 332.906891 40.726170 0.066251 0.109733 5.877622 -0.045279
51.378632 -7.969251 1.486686 -3.159237 333.592834 40.709595 0.075628 0.110054 5.853632 -0.044479
51.512619 -8.306621 1.480179 -3.136525 334.370117 40.688465 0.088251 0.087169 5.839137 -0.044496
51.629608 -8.604915 1.496837 -3.078185 335.052246 40.666885 0.099388 0.054380 5.828017 -0.046786
51.762596 -8.956703 1.518419 -2.990098 335.825073 40.638721 0.109248 0.019026 5.803472 -0.045609
51.879585 -9.266274 1.532056 -2.914112 336.503601 40.611977 0.114329 0.003488 5.805937 -0.047196
52.012573 -9.620979 1.552835 -2.760764 337.275085 40.580582 0.116189 0.012214 5.805498 -0.047316
52.129562 -9.940507 1.579476 -2.582546 337.954010 40.552204 0.114395 0.039146 5.806121 -0.048712
52.262550 -10.315360 1.613503 -2.386642 338.724854 40.517391 0.107590 0.075105 5.794061 -0.050198
52.379539 -10.650483 1.644111 -2.242851 339.401581 40.484089 0.099294 0.095297 5.787388 -0.051561
52.513527 -11.043556 1.693932 -2.168386 340.174622 40.443920 0.087968 0.095011 5.767103 -0.051680
52.629517 -11.395798 1.744017 -2.175040 340.846161 40.406624 0.076542 0.077787 5.738381 -0.053305
52.763504 -11.810170 1.797857 -2.287731 341.606232 40.361290 0.062451 0.051249 5.719951 -0.054286
52.879494 -12.182687 1.827230 -2.444209 342.272308 40.318626 0.050711 0.028929 5.696534 -0.055449
53.013481 -12.611921 1.862898 -2.615016 343.026215 40.268063 0.040310 0.002325 5.671313 -0.056458
53.129471 -13.003873 1.897514 -2.837129 343.686768 40.221016 0.034938 -0.028482 5.650142 -0.057559
53.263458 -13.461016 1.931857 -3.112589 344.435089 40.164841 0.033486 -0.071499 5.633121 -0.058903
53.380447 -13.868157 1.961576 -3.377449 345.090576 40.114101 0.037843 -0.105199 5.604800 -0.059701
53.513435 -14.346686 1.997115 -3.680852 345.837067 40.053959 0.048487 -0.123064 5.578574 -0.062162
53.630424 -14.766405 2.027768 -3.928692 346.479309 40.000519 0.061214 -0.118293 5.542051 -0.061846
53.763412 -15.248529 2.054443 -4.209709 347.216919 39.936451 0.078311 -0.103174 5.508384 -0.061362
53.880402 -15.679227 2.066710 -4.402965 347.851196 39.877392 0.094534 -0.096525 5.481572 -0.063981
54.014389 -16.189243 2.047220 -4.582033 348.580566 39.804131 0.112860 -0.103921 5.465559 -0.067023
54.130379 -16.635914 2.008561 -4.733111 349.216705 39.737827 0.125513 -0.120362 5.463390 -0.067041
54.264366 -17.168770 1.932874 -4.862162 349.938690 39.659138 0.135926 -0.144269 5.462578 -0.070138
54.381355 -17.653639 1.851739 -4.904707 350.573944 39.588589 0.141266 -0.167836 5.465005 -0.073561
54.514343 -18.230864 1.776179 -4.986974 351.295227 39.505623 0.143359 -0.195415 5.455742 -0.075987
54.631332 -18.736914 1.720021 -5.092726 351.928619 39.428463 0.141141 -0.215071 5.455407 -0.075462
54.764320 -19.308613 1.681732 -5.174354 352.653259 39.336189 0.134447 -0.223553 5.445828 -0.073955
54.881310 -19.804153 1.693699 -5.227797 353.279755 39.252224 0.125033 -0.213902 5.449621 -0.074138
55.014297 -20.374836 1.739133 -5.252906 354.001740 39.151699 0.112323 -0.180353 5.434613 -0.073171
55.131287 -20.857157 1.812913 -5.273957 354.630127 39.059891 0.101881 -0.128174 5.421583 -0.071351
55.265274 -21.411751 1.907160 -5.292862 355.341492 38.949894 0.091859 -0.038185 5.408003 -0.073498
55.381264 -21.911531 2.007565 -5.275726 355.965302 38.849174 0.085184 0.066164 5.397656 -0.074422
55.515251 -22.462465 2.172726 -5.294291 356.672302 38.729988 0.082385 0.196352 5.382871 -0.071805
55.631241 -22.940386 2.328784 -5.390491 357.290436 38.620647 0.084168 0.297288 5.357193 -0.070499
55.765228 -23.490351 2.485320 -5.526737 357.988678 38.491402 0.088517 0.372278 5.327915 -0.070556
55.882217 -23.954536 2.587367 -5.537857 358.600891 38.375027 0.094365 0.397953 5.321610 -0.069494
55.999207 -24.412066 2.686631 -5.505576 359.210815 38.254978 0.103921 0.395973 5.309101 -0.067108
56.132195 -24.940941 2.790053 -5.464814 359.902863 38.114185 0.117517 0.379909 5.311207 -0.070906
56.249184 -25.410984 2.839129 -5.421113 360.510864 37.987003 0.129959 0.364737 5.310605 -0.071168
56.382172 -25.953257 2.872564 -5.373881 361.207428 37.837616 0.143199 0.344637 5.322708 -0.071692
56.499161 -26.430107 2.890707 -5.350490 361.810028 37.704338 0.154387 0.315715 5.320816 -0.072036
56.632149 -26.993559 2.903108 -5.375169 362.505676 37.545612 0.165074 0.261279 5.326598 -0.073042
56.749138 -27.472500 2.903658 -5.443294 363.108154 37.403728 0.172835 0.199353 5.347575 -0.071633
56.883125 -28.022671 2.903410 -5.574917 363.805298 37.234650 0.180075 0.122674 5.356847 -0.070596
56.999115 -28.495766 2.902326 -5.685353 364.414551 37.081200 0.185506 0.058709 5.375161 -0.069584
57.133102 -29.033922 2.904500 -5.823155 365.108521 36.901619 0.187110 -0.012541 5.398876 -0.068739
57.250092 -29.507589 2.925646 -6.023824 365.720123 36.739243 0.184664 -0.081070 5.414435 -0.069883
57.383080 -30.055944 2.996061 -6.304166 366.415863 36.550163 0.179145 -0.169631 5.427734 -0.069573
57.500069 -30.531094 3.069688 -6.536192 367.029175 36.381618 0.174189 -0.251676 5.436295 -0.068393
57.633057 -31.059425 3.146712 -6.767665 367.725525 36.184948 0.169851 -0.337242 5.442124 -0.066141
57.750046 -31.514067 3.231651 -6.991250 368.337799 36.008625 0.164567 -0.396602 5.441166 -0.065308
57.883034 -32.025345 3.322091 -7.283422 369.037506 35.804493 0.160795 -0.439545 5.438965 -0.063153
58.000023 -32.461597 3.393864 -7.538408 369.641449 35.625736 0.159427 -0.451115 5.427336 -0.062965
58.134010 -32.956047 3.464316 -7.795185 370.336395 35.415676 0.159661 -0.431149 5.414496 -0.062313
58.250000 -33.383400 3.522722 -7.953303 370.940918 35.229767 0.161051 -0.385401 5.403270 -0.061974
58.383987 -33.870548 3.572021 -8.107771 371.625122 35.013695 0.164067 -0.309467 5.389241 -0.062531
58.499977 -34.284901 3.592859 -8.225873 372.224670 34.820499 0.169334 -0.231044 5.380447 -0.059737
58.633965 -34.753677 3.583908 -8.397155 372.902832 34.596874 0.178282 -0.137065 5.363778 -0.059381
58.750954 -35.164902 3.557544 -8.484251 373.497437 34.397388 0.186563 -0.055011 5.354056 -0.060583
58.883942 -35.630032 3.493932 -8.583258 374.169556 34.166874 0.193608 0.028546 5.340416 -0.060547
59.000931 -36.037655 3.404570 -8.694850 374.758301 33.959869 0.199070 0.082174 5.327584 -0.059921
59.133919 -36.505642 3.278217 -8.774401 375.430450 33.717918 0.204017 0.111369 5.328730 -0.061197
59.250908 -36.911213 3.149708 -8.857047 376.009583 33.504185 0.209373 0.112742 5.318865 -0.060372
59.383896 -37.366821 2.972680 -8.884614 376.677643 33.252949 0.216907 0.103992 5.327234 -0.058763
59.500885 -37.763432 2.820515 -8.857438 377.259308 33.029701 0.224633 0.101609 5.325653 -0.059386
59.634872 -38.213974 2.644693 -8.745049 377.919891 32.772873 0.233174 0.110768 5.327473 -0.059623
59.750862 -38.600517 2.509811 -8.623054 378.499878 32.541859 0.241070 0.126109 5.340360 -0.058003
59.884850 -39.025303 2.389688 -8.480000 379.158051 32.275684 0.250862 0.147078 5.334612 -0.055664
60.001839 -39.388428 2.326292 -8.427036 379.734192 32.035583 0.259606 0.167079 5.337213 -0.053058
