1.20 1.10 20 64
0.141000 -0.003003 0.139262 -0.137346 1.004593 -0.002085 -0.120512 0.808752 6.769690 -0.000791
0.258000 -0.018683 0.513599 -0.334800 1.793589 -0.006382 -0.026921 0.787785 6.713974 -0.003882
0.391000 -0.045271 1.153526 -0.445991 2.677985 -0.012437 0.143416 0.730865 6.603327 -0.002942
0.508000 -0.062090 1.853699 -0.547256 3.443271 -0.018246 0.327365 0.661427 6.505506 -0.003092
0.641000 -0.088961 2.727757 -0.685501 4.306297 -0.025736 0.549139 0.566208 6.399337 -0.003300
0.758000 -0.109121 3.497700 -0.799402 5.051723 -0.033055 0.730405 0.471117 6.364558 -0.001466
0.891000 -0.111946 4.355756 -0.921480 5.897354 -0.042145 0.904507 0.351545 6.326496 0.001161
1.008000 -0.110230 5.119092 -1.000423 6.627677 -0.051896 1.018660 0.242638 6.190927 0.001316
1.142000 -0.093254 5.979157 -1.060765 7.442646 -0.063132 1.095810 0.125184 6.093698 0.003338
1.258000 -0.073214 6.688715 -1.123132 8.151394 -0.072019 1.115042 0.034079 6.040965 0.003745
1.392000 -0.043938 7.423337 -1.138736 8.951363 -0.083828 1.082010 -0.058272 6.002616 0.003575
1.509000 -0.011858 7.991483 -1.116992 9.650934 -0.093718 1.010198 -0.138158 5.965278 0.004028
1.641999 0.019873 8.490425 -1.035604 10.440423 -0.107515 0.890221 -0.235639 5.917412 0.002955
1.758999 0.054201 8.761177 -0.951538 11.128549 -0.119926 0.758638 -0.324880 5.861535 0.003224
1.875999 0.084119 8.854204 -0.928974 11.810525 -0.134069 0.615462 -0.408834 5.809050 0.003217
2.008999 0.112531 8.724143 -0.831538 12.578203 -0.151233 0.456330 -0.487915 5.749644 0.001613
2.125999 0.124611 8.421348 -0.763590 13.246792 -0.166967 0.332405 -0.541832 5.696847 -0.000394
2.258999 0.125363 7.873549 -0.721472 14.006609 -0.186068 0.224094 -0.591600 5.656882 -0.001527
2.375999 0.108446 7.263644 -0.608058 14.659703 -0.202453 0.167183 -0.628898 5.616202 -0.005287
2.508999 0.082475 6.429709 -0.492295 15.411593 -0.220640 0.153948 -0.663452 5.640428 -0.004615
2.625998 0.063293 5.581698 -0.452127 16.076786 -0.238660 0.184625 -0.678293 5.805428 -0.001470
2.758998 0.067638 4.497526 -0.497660 16.865803 -0.262288 0.263639 -0.666085 5.951091 0.002189
2.875998 0.078936 3.523140 -0.591597 17.569687 -0.286169 0.361728 -0.620454 6.063669 0.003539
3.009998 0.090389 2.441360 -0.744988 18.384584 -0.314160 0.493234 -0.521698 6.174215 0.001846
3.126998 0.110936 1.539360 -0.842002 19.113613 -0.338870 0.614810 -0.392031 6.275269 0.003476
3.259998 0.140760 0.611389 -0.817522 19.957228 -0.364467 0.747624 -0.204629 6.398558 0.004300
3.376998 0.160171 -0.084134 -0.740266 20.713951 -0.385518 0.850122 -0.020359 6.518998 0.002911
3.509998 0.179772 -0.720488 -0.656221 21.592106 -0.409177 0.939797 0.186034 6.666696 0.002315
3.626997 0.198711 -1.134575 -0.519760 22.381666 -0.430097 0.987824 0.347081 6.808785 0.004767
3.759997 0.234655 -1.386651 -0.282798 23.305077 -0.454584 1.001978 0.494922 6.955128 0.004734
3.876997 0.264651 -1.420265 -0.012686 24.120571 -0.475629 0.978914 0.589071 7.078458 0.004997
4.009997 0.286141 -1.233538 0.297522 25.077896 -0.499811 0.913540 0.661619 7.188266 0.002853
4.126997 0.301200 -0.866255 0.581765 25.923536 -0.519585 0.827940 0.699651 7.254458 0.002523
4.260998 0.308747 -0.230950 0.901510 26.892305 -0.540889 0.706923 0.724278 7.298738 0.000340
4.376998 0.312231 0.495557 1.152879 27.746059 -0.559105 0.589895 0.735919 7.293609 0.001634
4.510999 0.328343 1.472509 1.368605 28.713623 -0.581523 0.459280 0.735744 7.259327 0.002263
4.628000 0.359149 2.380426 1.571519 29.558996 -0.601553 0.356905 0.712881 7.206613 0.004034
4.761000 0.387575 3.424503 1.769501 30.518164 -0.624555 0.264332 0.645856 7.123847 0.001167
4.878001 0.403604 4.291772 1.889591 31.339130 -0.643913 0.211844 0.548755 7.049979 -0.000368
5.011001 0.403361 5.189452 1.940951 32.278580 -0.669139 0.187379 0.400530 6.986686 -0.000989
5.128002 0.400105 5.850446 2.008131 33.084206 -0.690389 0.194656 0.252327 6.923388 -0.001135
5.261002 0.391361 6.423886 2.047316 34.005177 -0.715064 0.234516 0.066712 6.847698 -0.001461
5.378003 0.376558 6.732245 2.069100 34.801479 -0.737506 0.288386 -0.105890 6.790052 -0.002779
5.512003 0.351778 6.858785 2.061791 35.699516 -0.764190 0.361522 -0.308093 6.739252 -0.002507
5.628004 0.324857 6.790278 2.045220 36.486492 -0.786797 0.429047 -0.477293 6.728945 -0.005868
5.762004 0.273950 6.515075 2.067025 37.381405 -0.812054 0.502987 -0.638317 6.740169 -0.007733
5.879005 0.224716 6.096325 2.047203 38.171276 -0.832766 0.559302 -0.739495 6.768655 -0.006966
6.012005 0.170768 5.459218 1.995429 39.074703 -0.855902 0.605904 -0.808384 6.816402 -0.006072
6.129006 0.119475 4.763482 1.928381 39.877457 -0.877644 0.627660 -0.836747 6.896225 -0.006854
6.262006 0.058599 3.863935 1.867794 40.808060 -0.900845 0.627422 -0.840040 6.988437 -0.007109
6.379007 0.014144 3.037928 1.820121 41.624275 -0.919834 0.606666 -0.816030 7.074299 -0.005795
6.512007 -0.032541 2.061768 1.740552 42.579666 -0.942091 0.561952 -0.749437 7.171098 -0.006433
6.629008 -0.078640 1.236501 1.622122 43.422974 -0.960503 0.510170 -0.654129 7.233765 -0.006064
6.762008 -0.125792 0.384605 1.486778 44.390747 -0.981034 0.444179 -0.508646 7.310219 -0.006867
6.879009 -0.172205 -0.230113 1.389780 45.249535 -0.998381 0.387727 -0.356736 7.364598 -0.007153
7.013010 -0.220770 -0.743205 1.233080 46.232479 -1.018842 0.330828 -0.166266 7.412080 -0.005603
7.130010 -0.261999 -1.008077 1.082347 47.099957 -1.038597 0.294646 0.009264 7.418707 -0.006947
7.263011 -0.328071 -1.049762 0.873357 48.085442 -1.060956 0.273416 0.206863 7.402313 -0.009311
7.380011 -0.394975 -0.873044 0.660981 48.949131 -1.080100 0.274121 0.367515 7.369546 -0.011063
7.513011 -0.470250 -0.467527 0.439280 49.930065 -1.101056 0.293511 0.526371 7.277965 -0.007638
7.630012 -0.517725 -0.004430 0.353826 50.768185 -1.117467 0.320842 0.638818 7.193524 -0.006426
7.763012 -0.585899 0.611681 0.305446 51.723713 -1.133457 0.358840 0.737881 7.089240 -0.009368
7.880013 -0.648006 1.166320 0.300984 52.541515 -1.146862 0.393123 0.793055 7.025566 -0.009487
8.014013 -0.741028 1.775069 0.327755 53.476593 -1.164353 0.425822 0.815958 6.950699 -0.014201
8.130013 -0.838068 2.243639 0.364940 54.287258 -1.179739 0.446590 0.799371 6.913799 -0.015078
8.264014 -0.949666 2.663308 0.410736 55.202785 -1.196828 0.459890 0.743728 6.870074 -0.014930
8.381015 -1.049121 2.906554 0.508467 56.004879 -1.213575 0.461381 0.665347 6.846739 -0.015233
8.514015 -1.142942 3.024402 0.585074 56.914082 -1.232937 0.451936 0.540991 6.834207 -0.011588
8.632015 -1.221388 2.977051 0.688963 57.719887 -1.249984 0.435150 0.398901 6.827447 -0.012232
8.765016 -1.305861 2.750057 0.838411 58.634251 -1.268936 0.406233 0.213557 6.819712 -0.011601
8.882016 -1.377566 2.405177 0.944823 59.425739 -1.286523 0.376017 0.053606 6.825676 -0.010943
9.015017 -1.459149 1.867903 1.055231 60.339821 -1.307971 0.336054 -0.102818 6.829429 -0.011713
9.132017 -1.537957 1.311865 1.140302 61.132622 -1.327611 0.302889 -0.203221 6.837218 -0.012469
9.266018 -1.623037 0.612553 1.206364 62.049301 -1.352522 0.272729 -0.285114 6.849623 -0.012629
9.382018 -1.706166 -0.000228 1.188302 62.850491 -1.374939 0.256995 -0.343579 6.847080 -0.012555
9.516019 -1.801003 -0.670273 1.143735 63.760208 -1.400921 0.251952 -0.414403 6.842711 -0.013095
9.633019 -1.890453 -1.216476 1.093408 64.561401 -1.424582 0.259884 -0.486776 6.855177 -0.013379
9.766020 -1.995427 -1.752178 1.036657 65.472084 -1.451578 0.283932 -0.570981 6.843125 -0.015432
9.883020 -2.104543 -2.111887 0.913110 66.272141 -1.477817 0.317989 -0.628586 6.836823 -0.017703
10.016021 -2.241009 -2.395396 0.831612 67.179260 -1.507571 0.365331 -0.655309 6.816746 -0.018687
10.133021 -2.357072 -2.527683 0.794776 67.975235 -1.534212 0.409549 -0.640306 6.797132 -0.017308
10.266022 -2.497221 -2.525697 0.703856 68.883156 -1.566479 0.458014 -0.590618 6.764344 -0.017931
10.383022 -2.616544 -2.429384 0.599339 69.665199 -1.596313 0.494242 -0.533182 6.731567 -0.018203
10.517023 -2.745955 -2.230886 0.442854 70.563789 -1.631414 0.524126 -0.455665 6.699517 -0.017661
10.633023 -2.858490 -2.013541 0.313615 71.345444 -1.663179 0.535970 -0.372106 6.677808 -0.017171
10.767024 -2.982270 -1.741740 0.158529 72.229759 -1.700717 0.531896 -0.251111 6.635889 -0.016893
10.884025 -3.089527 -1.508995 -0.014579 73.002678 -1.734993 0.512955 -0.125530 6.593963 -0.015906
11.017025 -3.213667 -1.275959 -0.224280 73.874870 -1.776112 0.479316 0.023591 6.541792 -0.016895
11.134026 -3.329907 -1.134812 -0.416183 74.636360 -1.812928 0.441178 0.148396 6.498739 -0.018576
11.267026 -3.468062 -1.050582 -0.644782 75.496346 -1.856420 0.392820 0.279928 6.451177 -0.019011
11.384027 -3.599002 -1.061149 -0.820918 76.247520 -1.895701 0.351204 0.387653 6.414209 -0.021236
11.501027 -3.736686 -1.140923 -0.969237 76.993568 -1.936333 0.314036 0.483508 6.367465 -0.020829
11.634027 -3.880155 -1.342365 -0.989021 77.835175 -1.983448 0.279795 0.563481 6.316165 -0.017133
11.751028 -3.996311 -1.589729 -0.945100 78.570496 -2.027444 0.262356 0.596917 6.284501 -0.016484
11.884028 -4.133246 -1.937730 -0.842788 79.408638 -2.080324 0.260264 0.595051 6.253855 -0.018906
12.001029 -4.260759 -2.277118 -0.728879 80.131348 -2.126498 0.272586 0.571683 6.238216 -0.017631
12.134029 -4.424969 -2.665931 -0.558488 80.963127 -2.182491 0.303504 0.533145 6.210489 -0.021730
12.251030 -4.585451 -3.021996 -0.386027 81.680794 -2.234589 0.340332 0.489598 6.197472 -0.022401
12.385031 -4.782634 -3.408079 -0.149761 82.507935 -2.296908 0.388857 0.418841 6.185742 -0.024919
12.502031 -4.966990 -3.713968 0.139093 83.229301 -2.351926 0.432428 0.336102 6.181984 -0.024715
12.635032 -5.189447 -3.994433 0.427365 84.048752 -2.417675 0.477970 0.226216 6.179920 -0.027289
12.752032 -5.378289 -4.204908 0.644766 84.769669 -2.476863 0.511546 0.126703 6.184009 -0.025273
12.885033 -5.590982 -4.415740 0.905074 85.589561 -2.546627 0.535664 0.020735 6.187234 -0.025457
13.002033 -5.782612 -4.559802 1.159034 86.311089 -2.610183 0.544958 -0.062560 6.193991 -0.026206
13.135034 -6.012957 -4.653137 1.507386 87.137878 -2.685055 0.540656 -0.146324 6.193251 -0.026748
13.252034 -6.206537 -4.675544 1.819183 87.852325 -2.752729 0.526634 -0.212379 6.181723 -0.024886
13.386035 -6.423735 -4.620253 2.157498 88.674652 -2.833673 0.500327 -0.288629 6.155300 -0.024919
13.502035 -6.615487 -4.517079 2.468019 89.382874 -2.904941 0.469857 -0.357506 6.123053 -0.025228
13.636036 -6.833004 -4.333815 2.688010 90.195671 -2.992991 0.430284 -0.432287 6.081946 -0.027032
13.752036 -7.025931 -4.138397 2.862967 90.899200 -3.073719 0.394703 -0.479038 6.028263 -0.026043
13.886037 -7.248576 -3.864314 3.054455 91.691368 -3.167667 0.356781 -0.499215 5.972838 -0.026657
14.002037 -7.433758 -3.593250 3.135530 92.381844 -3.251800 0.326154 -0.490962 5.920648 -0.028441
14.136038 -7.640485 -3.279676 3.119415 93.158295 -3.348103 0.298101 -0.465994 5.852349 -0.027396
14.253038 -7.827962 -3.043850 3.023094 93.833817 -3.433686 0.280348 -0.438628 5.797899 -0.028801
14.386039 -8.039744 -2.832811 2.906285 94.600021 -3.532934 0.269428 -0.399758 5.744316 -0.028472
14.503039 -8.220592 -2.705042 2.746624 95.258438 -3.618652 0.269289 -0.354434 5.711138 -0.028386
14.636040 -8.418618 -2.628626 2.502096 96.014580 -3.716510 0.276738 -0.285377 5.672768 -0.026796
14.753040 -8.593730 -2.641880 2.261673 96.665138 -3.801979 0.287515 -0.212018 5.644991 -0.028371
14.887041 -8.802629 -2.737663 1.984893 97.412834 -3.903775 0.303428 -0.112372 5.621612 -0.029057
15.003041 -8.985723 -2.901087 1.679051 98.063347 -3.994647 0.318230 -0.012872 5.609364 -0.030520
15.137042 -9.189995 -3.171148 1.327004 98.801933 -4.099800 0.333122 0.109249 5.610482 -0.028867
15.254043 -9.377757 -3.474496 1.030291 99.451164 -4.195290 0.343438 0.216517 5.606159 -0.031137
15.387043 -9.593953 -3.863813 0.700446 100.187386 -4.306955 0.351811 0.329846 5.596395 -0.031269
15.504044 -9.774572 -4.210322 0.419943 100.834541 -4.406120 0.354214 0.418111 5.596820 -0.029549
15.637044 -9.971154 -4.600795 0.138316 101.575668 -4.521109 0.351434 0.502088 5.596750 -0.027313
15.754045 -10.127953 -4.926013 -0.042015 102.216301 -4.622204 0.344227 0.553648 5.588020 -0.024841
15.887045 -10.314008 -5.228731 -0.212017 102.953812 -4.742953 0.333926 0.580972 5.569926 -0.027231
16.004045 -10.486050 -5.399440 -0.326206 103.590416 -4.850320 0.322134 0.576752 5.557292 -0.027687
16.138048 -10.695852 -5.489971 -0.454589 104.322830 -4.974204 0.305448 0.548103 5.530020 -0.029573
16.254051 -10.884020 -5.442812 -0.560198 104.952461 -5.082928 0.290832 0.509148 5.494244 -0.029497
16.388054 -11.088930 -5.278527 -0.614170 105.673737 -5.212206 0.275113 0.443890 5.448151 -0.026193
16.504057 -11.271925 -5.044957 -0.641563 106.297020 -5.326189 0.262700 0.358414 5.389796 -0.027923
16.638060 -11.492499 -4.696290 -0.627397 106.997910 -5.456328 0.250132 0.221915 5.335229 -0.028747
16.755062 -11.697576 -4.367076 -0.604549 107.607124 -5.573177 0.239366 0.077708 5.278320 -0.031316
16.888065 -11.929300 -3.973721 -0.562114 108.291946 -5.707621 0.226594 -0.085072 5.225942 -0.028894
17.005068 -12.120025 -3.608477 -0.508584 108.888626 -5.826923 0.214655 -0.202347 5.182364 -0.028942
17.138071 -12.335489 -3.213879 -0.406453 109.566605 -5.963825 0.202253 -0.293787 5.147081 -0.026960
17.255074 -12.523664 -2.923249 -0.295119 110.148834 -6.084541 0.191268 -0.340971 5.112278 -0.028123
17.389076 -12.748100 -2.661899 -0.149119 110.816475 -6.227767 0.176226 -0.371827 5.084185 -0.028443
17.505079 -12.943431 -2.504485 -0.025436 111.395645 -6.355752 0.162745 -0.385754 5.063909 -0.028400
17.639082 -13.161209 -2.378827 0.083413 112.051567 -6.503261 0.146067 -0.390586 5.048845 -0.027660
17.756084 -13.359798 -2.326684 0.238883 112.626259 -6.635457 0.130794 -0.390186 5.037444 -0.029345
17.889088 -13.601451 -2.337650 0.445661 113.277802 -6.786781 0.113104 -0.394184 5.025823 -0.032167
18.006090 -13.819984 -2.393135 0.544318 113.850388 -6.921775 0.100679 -0.406156 5.032078 -0.032945
18.139093 -14.101565 -2.460823 0.708625 114.502548 -7.076436 0.088634 -0.421660 5.043544 -0.037268
18.256096 -14.379905 -2.519996 0.875175 115.077026 -7.214036 0.081187 -0.422953 5.054160 -0.041814
18.389099 -14.738082 -2.544878 1.031202 115.736282 -7.372917 0.077778 -0.399203 5.061313 -0.046805
18.506102 -15.058145 -2.514764 1.071979 116.307053 -7.513189 0.079284 -0.359926 5.071741 -0.047932
18.640104 -15.438521 -2.424702 1.067169 116.967194 -7.677866 0.085583 -0.302266 5.082082 -0.050820
18.756107 -15.793882 -2.294892 1.015885 117.539101 -7.823368 0.093460 -0.242713 5.089039 -0.055294
18.890110 -16.212702 -2.075696 0.918994 118.199478 -7.994123 0.103473 -0.152172 5.096350 -0.055429
19.006113 -16.589670 -1.827451 0.801252 118.776558 -8.145008 0.111991 -0.045779 5.101285 -0.057696
19.140116 -17.034529 -1.520202 0.602595 119.432587 -8.317566 0.117271 0.100948 5.102540 -0.060461
19.257118 -17.433628 -1.218752 0.377155 120.010109 -8.471292 0.118050 0.235684 5.110321 -0.060490
19.390121 -17.910383 -0.859990 0.051388 120.666588 -8.648649 0.114376 0.369991 5.119781 -0.065330
19.507124 -18.353504 -0.547744 -0.291782 121.245674 -8.805851 0.105702 0.458472 5.132205 -0.068037
19.640127 -18.878279 -0.206016 -0.681837 121.909958 -8.986124 0.089841 0.522637 5.137415 -0.069659
19.757130 -19.352884 0.088207 -1.033503 122.486046 -9.143235 0.072062 0.552307 5.154839 -0.073221
19.890133 -19.932028 0.395731 -1.441067 123.153351 -9.325708 0.048847 0.564040 5.172000 -0.077411
20.007135 -20.477961 0.627428 -1.827505 123.737122 -9.486541 0.029297 0.555854 5.177603 -0.081242
20.141138 -21.119589 0.856569 -2.284730 124.400803 -9.669759 0.008402 0.520712 5.172224 -0.083874
20.257141 -21.688601 1.030922 -2.662557 124.984856 -9.831977 -0.007680 0.464390 5.184955 -0.083941
20.391144 -22.344492 1.205227 -3.059640 125.648010 -10.018579 -0.021572 0.377276 5.180006 -0.085943
20.508146 -22.934534 1.348990 -3.386765 126.230888 -10.183296 -0.027189 0.290326 5.176158 -0.087486
20.641150 -23.622568 1.490646 -3.804712 126.892159 -10.373379 -0.025287 0.188392 5.171537 -0.089163
20.758152 -24.238764 1.607962 -4.161596 127.473015 -10.542521 -0.019562 0.096232 5.168454 -0.091531
20.891155 -24.961620 1.731569 -4.565048 128.132172 -10.738126 -0.006840 -0.011529 5.168849 -0.094222
21.008158 -25.619068 1.804742 -4.888631 128.712204 -10.912560 0.008159 -0.103360 5.178420 -0.096570
21.141161 -26.376932 1.858499 -5.232420 129.375870 -11.115218 0.029030 -0.193666 5.179670 -0.097791
21.258163 -27.042711 1.895502 -5.495081 129.950760 -11.293631 0.048808 -0.255692 5.190891 -0.099873
21.392166 -27.831387 1.946068 -5.769194 130.615753 -11.503826 0.068016 -0.315418 5.211930 -0.103035
21.508169 -28.538292 1.988343 -5.981384 131.196381 -11.690828 0.082401 -0.363152 5.220628 -0.105022
21.642172 -29.361187 2.066812 -6.232928 131.857712 -11.907284 0.094391 -0.408039 5.240769 -0.107769
21.759174 -30.087612 2.158537 -6.495291 132.440399 -12.101460 0.100450 -0.428071 5.256792 -0.106327
21.892178 -30.902731 2.296769 -6.811639 133.104996 -12.325219 0.101026 -0.420668 5.278087 -0.104760
22.009180 -31.632359 2.444710 -7.118766 133.690567 -12.524815 0.098245 -0.393225 5.292007 -0.107562
22.126183 -32.368801 2.614080 -7.445179 134.276749 -12.726428 0.092540 -0.357392 5.302264 -0.107920
22.259186 -33.209808 2.805223 -7.872282 134.941833 -12.960704 0.082741 -0.314902 5.301499 -0.107319
22.376188 -33.938126 2.977026 -8.234695 135.526794 -13.170026 0.073285 -0.272136 5.316240 -0.103585
22.509192 -34.734043 3.177916 -8.567762 136.191254 -13.410048 0.063097 -0.204949 5.306536 -0.101960
22.626194 -35.427383 3.363662 -8.804678 136.773483 -13.623032 0.057766 -0.122260 5.289068 -0.100706
22.759197 -36.214333 3.556819 -9.098540 137.435638 -13.870680 0.055241 -0.004164 5.267193 -0.100103
22.876200 -36.890312 3.713408 -9.360183 138.006424 -14.087820 0.056015 0.103639 5.258235 -0.098093
23.010202 -37.647682 3.869437 -9.614742 138.663315 -14.340499 0.062353 0.209044 5.242187 -0.094841
23.126205 -38.291367 3.973446 -9.805907 139.233536 -14.562667 0.071679 0.264761 5.226946 -0.093743
23.260208 -39.005398 4.044829 -10.017014 139.877548 -14.818528 0.084682 0.277658 5.200991 -0.090411
23.376211 -39.613647 4.082678 -10.140715 140.441086 -15.047082 0.098142 0.253346 5.194314 -0.088758
23.510214 -40.287441 4.088995 -10.256037 141.079193 -15.310595 0.118177 0.209677 5.185005 -0.086820
23.627216 -40.861599 4.076014 -10.329642 141.639084 -15.544360 0.139060 0.176032 5.186558 -0.083881
23.760220 -41.499935 4.049624 -10.382807 142.274002 -15.812742 0.162799 0.149082 5.181455 -0.082858
23.877222 -42.062626 4.012706 -10.426044 142.831253 -16.052397 0.183159 0.123682 5.186618 -0.083253
24.010225 -42.686504 3.977531 -10.524897 143.463959 -16.329607 0.206217 0.074993 5.197624 -0.079633
24.127228 -43.222538 3.939626 -10.657303 144.020004 -16.577524 0.224053 0.011294 5.206166 -0.078720
24.261230 -43.825089 3.885318 -10.835603 144.655807 -16.865591 0.241489 -0.068298 5.212729 -0.075928
24.377234 -44.341660 3.845304 -10.992965 145.211105 -17.120464 0.253751 -0.120631 5.226895 -0.074133
24.511236 -44.907902 3.814929 -11.152011 145.842300 -17.413763 0.264731 -0.142141 5.240901 -0.072139
24.627239 -45.398037 3.825050 -11.258254 146.396378 -17.674395 0.271517 -0.128290 5.229127 -0.071199
24.761242 -45.939453 3.853518 -11.442990 147.023834 -17.974642 0.277168 -0.090026 5.228106 -0.067466
24.878244 -46.391884 3.881018 -11.611623 147.573883 -18.242096 0.281276 -0.049908 5.229339 -0.064908
25.011248 -46.884796 3.900762 -11.782354 148.198624 -18.549831 0.285037 -0.005112 5.240209 -0.063320
25.128250 -47.314999 3.897861 -11.859370 148.747375 -18.822418 0.289814 0.032867 5.238524 -0.063572
25.261253 -47.803185 3.911788 -11.918554 149.374588 -19.136948 0.298267 0.074930 5.232660 -0.062094
25.378256 -48.217369 3.916705 -11.993816 149.914032 -19.412632 0.308344 0.108333 5.223768 -0.060853
25.511259 -48.669300 3.893485 -12.037521 150.536926 -19.735537 0.322553 0.141174 5.240422 -0.057070
25.628262 -49.027737 3.867098 -11.997361 151.080170 -20.020205 0.336599 0.165366 5.235942 -0.052959
25.762264 -49.412411 3.846147 -11.988621 151.693680 -20.347614 0.352935 0.190276 5.226777 -0.049012
25.878267 -49.710575 3.803750 -11.920262 152.232025 -20.639088 0.368132 0.207619 5.233232 -0.044401
26.013269 -50.042999 3.738617 -11.795250 152.841293 -20.974871 0.384455 0.212711 5.232115 -0.044099
26.130272 -50.329639 3.668429 -11.704329 153.380356 -21.277861 0.398439 0.195242 5.245246 -0.041621
26.263275 -50.629120 3.570687 -11.652820 153.987549 -21.624193 0.414117 0.150795 5.265267 -0.037674
26.380278 -50.858421 3.480129 -11.537775 154.522339 -21.933588 0.425298 0.100546 5.288394 -0.033665
26.513281 -51.098114 3.359452 -11.400124 155.132980 -22.293335 0.436650 0.045854 5.290414 -0.032411
26.630283 -51.296055 3.220135 -11.334301 155.658798 -22.610273 0.444272 0.007288 5.299051 -0.028164
26.763287 -51.487343 3.045065 -11.248694 156.264938 -22.984312 0.451825 -0.029960 5.320929 -0.023903
26.880289 -51.629299 2.884354 -11.163297 156.792511 -23.317139 0.456471 -0.061232 5.340846 -0.019568
27.014292 -51.750999 2.710567 -11.001524 157.392166 -23.701944 0.460057 -0.098051 5.371599 -0.015163
27.130295 -51.829983 2.563562 -10.786869 157.918457 -24.047110 0.462162 -0.131668 5.387877 -0.012385
27.264297 -51.902149 2.418242 -10.482201 158.516846 -24.447292 0.461076 -0.170507 5.429035 -0.009819
27.381300 -51.940361 2.314797 -10.132695 159.044113 -24.807030 0.457612 -0.201088 5.467422 -0.006382
27.514303 -51.957172 2.210427 -9.702406 159.641815 -25.223646 0.453840 -0.221830 5.487982 -0.002817
27.631306 -51.949417 2.091864 -9.269871 160.166595 -25.597107 0.450557 -0.220873 5.520474 0.000458
27.764309 -51.923820 1.975354 -8.727219 160.767303 -26.033527 0.445712 -0.202865 5.554039 0.000836
27.881311 -51.894142 1.902297 -8.262243 161.285751 -26.419287 0.440877 -0.188557 5.580895 0.002842
28.014315 -51.852283 1.810080 -7.738025 161.883133 -26.873659 0.435163 -0.192318 5.614975 0.004743
28.131317 -51.799530 1.738366 -7.165679 162.400284 -27.273245 0.431004 -0.215513 5.645029 0.005790
28.265320 -51.712833 1.650665 -6.456479 162.996338 -27.742168 0.428022 -0.251712 5.674812 0.009120
28.381323 -51.604008 1.567119 -5.757135 163.516052 -28.158813 0.426901 -0.275329 5.705320 0.015357
28.515326 -51.447685 1.457957 -4.895603 164.106049 -28.640272 0.426328 -0.279899 5.747909 0.018058
28.631329 -51.301266 1.343517 -4.079991 164.625671 -29.071423 0.426064 -0.258352 5.787979 0.019337
28.765331 -51.125515 1.196517 -3.153866 165.215912 -29.569775 0.426720 -0.200416 5.821931 0.021804
28.882334 -50.947689 1.033531 -2.335277 165.735382 -30.014227 0.425974 -0.118578 5.855951 0.025270
29.015337 -50.707401 0.826505 -1.430645 166.326233 -30.527369 0.422633 0.003510 5.905341 0.032788
29.132339 -50.461071 0.631741 -0.673055 166.846771 -30.986660 0.416458 0.123357 5.954329 0.037325
29.265343 -50.140942 0.402750 0.234025 167.447235 -31.520746 0.410197 0.252467 6.022970 0.043573
29.382345 -49.837418 0.201433 1.006302 167.968582 -31.990847 0.403886 0.340837 6.071440 0.046256
29.515348 -49.465595 -0.026462 1.913717 168.572372 -32.542458 0.394865 0.406014 6.120712 0.050013
29.632351 -49.130417 -0.214564 2.627333 169.094788 -33.027630 0.387461 0.433015 6.163551 0.050985
29.766354 -48.738266 -0.400304 3.363156 169.700287 -33.595112 0.380457 0.441247 6.212466 0.051598
29.883356 -48.384842 -0.557030 3.961596 170.230667 -34.096817 0.374628 0.436027 6.259403 0.056234
30.016359 -47.944267 -0.695391 4.523074 170.834061 -34.674458 0.370236 0.417253 6.293559 0.061187
30.133362 -47.528439 -0.780343 4.892351 171.363678 -35.189381 0.368375 0.385713 6.326287 0.064607
30.266365 -47.023449 -0.835279 5.239490 171.966141 -35.780594 0.368051 0.332461 6.359616 0.068186
30.383368 -46.570698 -0.863927 5.516093 172.496490 -36.304432 0.369171 0.275910 6.378615 0.068635
30.516371 -46.039463 -0.881292 5.743278 173.105133 -36.907993 0.373388 0.208331 6.412043 0.070785
30.633373 -45.568913 -0.877858 5.833552 173.632980 -37.433502 0.375654 0.148504 6.427641 0.071686
30.767376 -45.011555 -0.850171 5.817071 174.242767 -38.043800 0.376432 0.073429 6.445016 0.073162
30.883379 -44.515583 -0.818611 5.738041 174.775513 -38.579182 0.374707 0.000247 6.461158 0.074707
31.017382 -43.946419 -0.767171 5.544883 175.379791 -39.191730 0.372452 -0.087810 6.472551 0.075291
31.133385 -43.446793 -0.709499 5.338105 175.911163 -39.732201 0.369758 -0.162961 6.478789 0.072874
31.267387 -42.895329 -0.629561 5.038778 176.515427 -40.346775 0.365842 -0.239666 6.481300 0.071868
31.384390 -42.397926 -0.556524 4.756392 177.047058 -40.887459 0.363061 -0.296840 6.475289 0.076175
31.517393 -41.817955 -0.483572 4.462814 177.650574 -41.500923 0.361820 -0.348219 6.467973 0.075808
31.634396 -41.310902 -0.432587 4.210833 178.179565 -42.040855 0.362360 -0.379302 6.457188 0.075137
31.751398 -40.796066 -0.402122 3.944470 178.707291 -42.581078 0.364448 -0.396344 6.451437 0.077191
31.884401 -40.200207 -0.400719 3.655295 179.307236 -43.194084 0.366552 -0.401801 6.442692 0.076245
32.001404 -39.700226 -0.412070 3.408230 179.834869 -43.731018 0.369616 -0.401551 6.431027 0.072743
32.134392 -39.152508 -0.448281 3.107099 180.434174 -44.340137 0.372420 -0.403985 6.418512 0.071346
32.251381 -38.679646 -0.494087 2.892024 180.961533 -44.873932 0.374125 -0.408233 6.406150 0.069046
32.384369 -38.155819 -0.581584 2.693636 181.565643 -45.481678 0.376342 -0.400324 6.387751 0.066003
32.501358 -37.708321 -0.677698 2.526949 182.092651 -46.010513 0.379611 -0.362699 6.375075 0.065902
32.635345 -37.206375 -0.799119 2.390010 182.691757 -46.608456 0.383312 -0.271327 6.356398 0.065991
32.751335 -36.768642 -0.902133 2.379393 183.219482 -47.130348 0.387858 -0.155749 6.336068 0.064882
32.885323 -36.280720 -1.037658 2.386467 183.817978 -47.720268 0.393036 -0.012276 6.308851 0.063705
33.002312 -35.864388 -1.161613 2.376788 184.344269 -48.235680 0.395674 0.101072 6.289484 0.061539
33.135300 -35.394306 -1.316251 2.470024 184.943100 -48.816975 0.398467 0.203127 6.264338 0.061294
33.252289 -34.989880 -1.450812 2.618607 185.469101 -49.325584 0.400843 0.273128 6.244919 0.060350
33.385277 -34.551231 -1.606864 2.877950 186.070465 -49.903271 0.402613 0.339782 6.207244 0.055862
33.502266 -34.191486 -1.741315 3.146941 186.589127 -50.400105 0.404282 0.389108 6.181616 0.054786
33.635254 -33.780014 -1.866787 3.563963 187.186493 -50.969101 0.404836 0.433281 6.142093 0.056342
33.752243 -33.428082 -1.950803 3.980613 187.703659 -51.457375 0.405562 0.455027 6.126042 0.054533
33.886230 -33.048855 -2.020064 4.410933 188.298843 -52.018681 0.407108 0.456003 6.093779 0.050456
34.002220 -32.728855 -2.035251 4.811969 188.816849 -52.504612 0.407422 0.438088 6.050696 0.048937
34.136208 -32.387413 -2.021384 5.236240 189.403702 -53.050892 0.407027 0.410531 6.006276 0.045755
34.253197 -32.103756 -1.991422 5.536839 189.915955 -53.528099 0.405087 0.395944 5.967319 0.041167
34.386185 -31.813885 -1.921061 5.885524 190.496323 -54.063679 0.401567 0.397707 5.915674 0.037433
34.503174 -31.582136 -1.841258 6.214308 191.005066 -54.529552 0.397368 0.401276 5.878869 0.034178
34.636162 -31.349657 -1.728413 6.551244 191.580185 -55.054073 0.392118 0.373400 5.833200 0.030228
34.753151 -31.165936 -1.629445 6.771463 192.083130 -55.510605 0.385470 0.297225 5.784324 0.025445
34.886139 -30.993240 -1.537657 6.995065 192.656448 -56.028374 0.376410 0.150513 5.747350 0.021384
35.003128 -30.869682 -1.478774 7.150768 193.149933 -56.473022 0.368241 -0.005561 5.709529 0.017988
35.137115 -30.741032 -1.427380 7.329082 193.717316 -56.981461 0.358246 -0.185749 5.668701 0.015823
35.253105 -30.657816 -1.412407 7.383954 194.209610 -57.421989 0.348918 -0.324307 5.629197 0.010076
35.387093 -30.590645 -1.413735 7.363254 194.765289 -57.920410 0.335900 -0.453308 5.601544 0.008509
35.503082 -30.548681 -1.412993 7.292359 195.251343 -58.357670 0.322889 -0.539813 5.577340 0.004954
35.637070 -30.531052 -1.416058 7.099954 195.801392 -58.852722 0.307222 -0.604747 5.556387 -0.001573
35.754059 -30.538210 -1.434835 6.924048 196.283875 -59.286007 0.290997 -0.630965 5.533205 -0.002965
35.887047 -30.562016 -1.484842 6.760021 196.834442 -59.779118 0.273405 -0.629838 5.505079 -0.005424
36.004036 -30.615265 -1.521024 6.543576 197.309052 -60.203674 0.258070 -0.610444 5.478811 -0.010723
36.137024 -30.700912 -1.565807 6.182713 197.855255 -60.692924 0.240102 -0.576473 5.470096 -0.013186
36.254013 -30.778440 -1.596361 5.825292 198.327194 -61.115318 0.225608 -0.539983 5.455038 -0.014513
36.388000 -30.907963 -1.620444 5.373999 198.871445 -61.601723 0.209446 -0.484972 5.444083 -0.021204
36.503990 -31.049749 -1.597147 4.971223 199.345947 -62.024773 0.196011 -0.417516 5.427441 -0.023987
36.637978 -31.229784 -1.542370 4.534014 199.885468 -62.501835 0.182544 -0.309480 5.409440 -0.025417
36.753967 -31.403669 -1.460652 4.152802 200.360031 -62.921284 0.171925 -0.184025 5.414823 -0.028440
36.887955 -31.633278 -1.311888 3.612421 200.899582 -63.397442 0.160492 -0.013283 5.406432 -0.034337
37.004944 -31.875832 -1.107709 3.026660 201.374207 -63.815693 0.150858 0.148570 5.402863 -0.039324
37.137932 -32.183105 -0.827992 2.410733 201.915390 -64.287712 0.139876 0.327416 5.400834 -0.043573
37.254921 -32.475945 -0.554965 1.911015 202.393463 -64.701416 0.130546 0.467000 5.399976 -0.044725
37.387909 -32.839024 -0.204116 1.278839 202.942001 -65.175217 0.119802 0.598331 5.411463 -0.050215
37.504898 -33.186565 0.126156 0.730860 203.418671 -65.585373 0.109891 0.684487 5.424444 -0.054090
37.638885 -33.600090 0.498530 0.148632 203.970810 -66.059357 0.095344 0.750405 5.436888 -0.053504
37.754875 -33.985531 0.824724 -0.357153 204.456360 -66.472458 0.081248 0.775744 5.458119 -0.058886
37.888863 -34.452431 1.173194 -1.050603 205.012405 -66.942810 0.064682 0.765115 5.486928 -0.060713
38.004852 -34.877285 1.447423 -1.674593 205.505768 -67.356850 0.051806 0.719785 5.519036 -0.062221
38.138840 -35.385777 1.752194 -2.426307 206.070038 -67.831337 0.038285 0.629331 5.559444 -0.065355
38.255829 -35.855133 1.992838 -3.032812 206.572449 -68.249359 0.028349 0.521247 5.599282 -0.067666
38.388817 -36.396610 2.231228 -3.658805 207.150879 -68.724236 0.019825 0.376394 5.645676 -0.067993
38.505806 -36.870224 2.418697 -4.146860 207.667496 -69.141289 0.015590 0.239508 5.693445 -0.068450
38.638794 -37.430401 2.620660 -4.637137 208.267441 -69.618973 0.017442 0.081548 5.746166 -0.069641
38.755783 -37.912975 2.772825 -4.964444 208.794403 -70.032799 0.023733 -0.050839 5.796949 -0.070218
38.888771 -38.466908 2.936975 -5.243988 209.412521 -70.511665 0.035963 -0.195155 5.858467 -0.069700
39.005760 -38.941353 3.068199 -5.445401 209.959122 -70.932365 0.050138 -0.312705 5.917110 -0.068844
39.139748 -39.490826 3.224667 -5.678415 210.588623 -71.413002 0.068418 -0.438239 5.979692 -0.070956
39.255737 -39.973236 3.353117 -5.818361 211.149872 -71.837540 0.084036 -0.543361 6.035311 -0.070875
39.389725 -40.514790 3.484658 -5.954552 211.797318 -72.319923 0.103267 -0.652158 6.096514 -0.069635
39.506714 -40.997391 3.586711 -6.116942 212.374374 -72.745323 0.119271 -0.726143 6.145732 -0.070408
39.639702 -41.544949 3.714919 -6.311914 213.037018 -73.229561 0.133083 -0.765332 6.194470 -0.069307
39.756691 -42.019600 3.838487 -6.504209 213.626190 -73.656097 0.142420 -0.749644 6.236485 -0.069068
39.889679 -42.559696 3.992474 -6.712940 214.307877 -74.144875 0.149042 -0.677646 6.277313 -0.067756
40.006668 -43.020245 4.132518 -6.852025 214.904495 -74.566254 0.152226 -0.582436 6.314173 -0.067457
40.139656 -43.549881 4.310564 -7.044538 215.601563 -75.051811 0.156373 -0.453812 6.356659 -0.066456
40.256645 -44.017075 4.468737 -7.234744 216.217194 -75.473717 0.160322 -0.336121 6.391531 -0.067700
40.390633 -44.550144 4.651558 -7.453630 216.922684 -75.950836 0.164628 -0.203937 6.411001 -0.067281
40.506622 -44.995804 4.804879 -7.664928 217.548035 -76.368156 0.166139 -0.091423 6.429433 -0.062992
40.640610 -45.498734 4.952637 -7.852776 218.263443 -76.838303 0.170833 0.031390 6.439285 -0.064224
40.757599 -45.932713 5.083916 -8.076900 218.895676 -77.248085 0.178156 0.136399 6.435733 -0.059280
40.890587 -46.406971 5.231819 -8.499638 219.616577 -77.709450 0.187804 0.252136 6.434602 -0.055655
41.007576 -46.821056 5.353740 -8.939543 220.252701 -78.111694 0.197171 0.348954 6.426573 -0.055072
41.140564 -47.287437 5.464966 -9.451463 220.977173 -78.563652 0.210301 0.448707 6.412861 -0.054582
41.257553 -47.693062 5.522745 -9.918036 221.614746 -78.956467 0.224465 0.525121 6.396835 -0.053698
41.390541 -48.153294 5.552454 -10.476152 222.345367 -79.400795 0.240357 0.596352 6.364134 -0.052236
41.507530 -48.557865 5.533790 -11.025381 222.976974 -79.778641 0.254907 0.639066 6.331097 -0.053688
41.641518 -49.026363 5.463639 -11.676414 223.704666 -80.209778 0.272445 0.658573 6.305918 -0.052148
41.757507 -49.413567 5.371257 -12.253879 224.339310 -80.581581 0.287516 0.644499 6.278911 -0.048729
41.891495 -49.845570 5.232331 -12.978435 225.058472 -80.999153 0.303222 0.593771 6.236505 -0.046337
42.007484 -50.203045 5.085251 -13.674697 225.688995 -81.361488 0.318572 0.523247 6.209653 -0.042799
42.141472 -50.587460 4.897564 -14.495092 226.403381 -81.768723 0.335502 0.419962 6.162779 -0.040125
42.258461 -50.900379 4.708911 -15.249301 227.028900 -82.122559 0.351360 0.312763 6.131464 -0.036474
42.375450 -51.196598 4.505517 -15.931829 227.654007 -82.473206 0.367362 0.192688 6.122280 -0.034267
42.508438 -51.526276 4.293550 -16.687445 228.362000 -82.868378 0.385527 0.043570 6.077987 -0.035669
42.625427 -51.789291 4.115216 -17.257532 228.982712 -83.211838 0.401326 -0.093588 6.055521 -0.030681
42.758415 -52.066647 3.976115 -17.860998 229.685913 -83.598244 0.419916 -0.247645 6.016341 -0.028248
42.875404 -52.287853 3.885667 -18.322374 230.301498 -83.935051 0.436155 -0.371557 5.987759 -0.027599
43.008392 -52.513233 3.827202 -18.764484 231.004089 -84.316757 0.453484 -0.490276 5.950887 -0.023853
43.125381 -52.673706 3.805119 -19.073797 231.610382 -84.644173 0.466469 -0.567426 5.932687 -0.019100
43.258369 -52.832001 3.806050 -19.405119 232.308395 -85.019890 0.483443 -0.623173 5.900032 -0.015802
43.375359 -52.945583 3.839686 -19.646097 232.915009 -85.344658 0.499593 -0.640057 5.871502 -0.012388
43.510349 -53.038357 3.917243 -19.839443 233.606735 -85.713875 0.517917 -0.624438 5.839179 -0.009384
43.626339 -53.105961 4.036318 -19.951233 234.207672 -86.035042 0.536166 -0.587793 5.806458 -0.007809
43.760326 -53.163662 4.176527 -19.950760 234.887268 -86.396637 0.557321 -0.533994 5.774258 -0.006395
43.877316 -53.188866 4.298925 -19.926208 235.480789 -86.713432 0.574321 -0.482075 5.741222 -0.002151
44.010303 -53.179142 4.428175 -19.827785 236.152344 -87.072754 0.591340 -0.411892 5.718399 0.002170
44.127293 -53.148262 4.516708 -19.701839 236.741043 -87.388680 0.605207 -0.328355 5.702580 0.004456
44.260281 -53.080997 4.583520 -19.494968 237.413147 -87.750267 0.620161 -0.200962 5.693708 0.008011
44.377270 -52.999775 4.602622 -19.250298 237.992783 -88.064758 0.630908 -0.070152 5.684768 0.010981
44.510258 -52.879105 4.556964 -18.896568 238.661728 -88.430443 0.642852 0.086548 5.693847 0.013030
44.627247 -52.751106 4.469233 -18.508446 239.246017 -88.750748 0.652202 0.215056 5.696220 0.015367
44.760235 -52.588573 4.346219 -18.064875 239.908630 -89.116920 0.664284 0.345253 5.694239 0.018120
44.877224 -52.420242 4.213290 -17.626087 240.491577 -89.441711 0.674853 0.447144 5.711813 0.021733
45.011211 -52.194649 4.017679 -17.050699 241.154190 -89.813995 0.686337 0.552985 5.717284 0.025493
45.128201 -51.982239 3.799030 -16.522285 241.736755 -90.145477 0.695177 0.636679 5.735117 0.026780
45.261189 -51.719772 3.508016 -15.843408 242.400101 -90.524551 0.704466 0.710159 5.746494 0.030376
45.378178 -51.460526 3.223968 -15.198165 242.985123 -90.860931 0.712067 0.738928 5.786580 0.035422
45.511166 -51.129871 2.880335 -14.425653 243.652542 -91.247162 0.719380 0.713274 5.807265 0.039876
45.628155 -50.808758 2.560316 -13.714654 244.240692 -91.591385 0.723705 0.638456 5.836576 0.045760
45.761143 -50.416405 2.199254 -12.762667 244.915100 -91.990005 0.727769 0.510967 5.850150 0.045788
45.878132 -50.075577 1.888119 -11.883133 245.503662 -92.343109 0.730297 0.384560 5.875158 0.047445
46.012119 -49.649250 1.545530 -10.894931 246.171555 -92.751518 0.732511 0.240967 5.895621 0.055281
46.128109 -49.224865 1.268104 -10.043456 246.759415 -93.115036 0.733253 0.118940 5.917925 0.063250
46.262096 -48.703094 0.995033 -9.061365 247.427261 -93.534378 0.733868 -0.016148 5.944962 0.068872
46.379086 -48.205120 0.780909 -8.134669 248.016815 -93.907890 0.732780 -0.131321 5.974180 0.074886
46.512074 -47.595848 0.573992 -7.089126 248.688980 -94.338753 0.730000 -0.255881 6.023885 0.081663
46.629063 -47.019737 0.397710 -6.115994 249.282288 -94.723267 0.725569 -0.357299 6.058778 0.086650
46.762051 -46.307667 0.206057 -4.921744 249.958252 -95.167801 0.718298 -0.458390 6.095405 0.095692
46.879040 -45.654667 0.032639 -3.932542 250.552170 -95.565826 0.710722 -0.526557 6.122838 0.099039
47.012028 -44.871193 -0.161101 -2.784166 251.233719 -96.027153 0.702614 -0.570023 6.159222 0.105514
47.129017 -44.150917 -0.323968 -1.774829 251.825287 -96.432961 0.695727 -0.574592 6.202371 0.111297
47.263004 -43.290138 -0.504232 -0.670965 252.509857 -96.910210 0.689519 -0.549606 6.243775 0.115240
47.378994 -42.499901 -0.677615 0.236382 253.108429 -97.333290 0.683910 -0.513508 6.279153 0.121803
47.512981 -41.557701 -0.894537 1.255838 253.791443 -97.821205 0.677440 -0.469095 6.336779 0.127793
47.628971 -40.696899 -1.103621 2.079630 254.394333 -98.257050 0.670695 -0.432166 6.376760 0.132751
47.762959 -39.689388 -1.345542 2.892817 255.081177 -98.760269 0.659062 -0.392167 6.419723 0.135281
47.879948 -38.783714 -1.571799 3.535274 255.686722 -99.208076 0.648196 -0.355953 6.448970 0.140168
48.012936 -37.730385 -1.810327 4.233676 256.377808 -99.721153 0.634016 -0.307973 6.484117 0.140563
48.129925 -36.806030 -1.996483 4.773437 256.985992 -100.176575 0.619274 -0.253883 6.498678 0.140255
48.263912 -35.728809 -2.184362 5.342311 257.681610 -100.700661 0.601831 -0.171407 6.500678 0.145327
48.379902 -34.773598 -2.327686 5.813251 258.282928 -101.155586 0.587512 -0.080243 6.498667 0.147872
48.513889 -33.665092 -2.489753 6.303310 258.975739 -101.682335 0.573880 0.043501 6.489076 0.146658
48.629879 -32.709023 -2.619821 6.692011 259.577637 -102.142601 0.563087 0.159764 6.470987 0.144349
48.763866 -31.629578 -2.743336 7.105684 260.259613 -102.663673 0.554863 0.290180 6.435407 0.141960
48.879856 -30.692415 -2.835928 7.403394 260.855957 -103.119759 0.551281 0.398355 6.403542 0.141424
49.013844 -29.631792 -2.924184 7.642216 261.529968 -103.636642 0.548929 0.512171 6.369247 0.140164
49.130833 -28.693676 -2.994756 7.836978 262.118622 -104.089119 0.547846 0.605493 6.324952 0.142081
49.263821 -27.635803 -3.034448 7.999775 262.780640 -104.599922 0.544680 0.700750 6.255754 0.136414
49.380810 -26.749069 -3.050615 8.085585 263.355927 -105.044434 0.538824 0.766630 6.183135 0.130097
49.513798 -25.780119 -3.044780 8.174783 264.007202 -105.545372 0.528393 0.804534 6.096787 0.124725
49.630787 -24.972427 -3.035136 8.229513 264.564789 -105.972939 0.518190 0.792001 6.027389 0.120642
49.764774 -24.067844 -3.043596 8.221684 265.199463 -106.458405 0.503903 0.717073 5.915611 0.116190
49.880764 -23.313574 -3.057209 8.198739 265.745819 -106.874222 0.490534 0.601542 5.828884 0.110683
50.014751 -22.497208 -3.089933 8.146673 266.357269 -107.340942 0.472195 0.425879 5.744147 0.104934
50.131741 -21.811428 -3.135722 8.106454 266.886353 -107.745171 0.453568 0.246485 5.648781 0.098528
50.264729 -21.092579 -3.198831 8.094563 267.478546 -108.195007 0.430454 0.033443 5.543819 0.091344
50.381718 -20.504469 -3.261482 8.074306 267.990723 -108.582230 0.408337 -0.147913 5.436671 0.085113
50.514706 -19.886648 -3.351308 8.032059 268.561310 -109.012375 0.384657 -0.333632 5.323599 0.078806
50.631695 -19.386444 -3.464133 7.925970 269.054657 -109.382957 0.364730 -0.472779 5.228716 0.071614
50.764683 -18.857100 -3.605706 7.835773 269.610779 -109.795624 0.342815 -0.597913 5.117912 0.065638
50.881672 -18.433121 -3.752792 7.791310 270.084473 -110.142456 0.327207 -0.671012 5.022410 0.059381
51.014660 -18.004217 -3.932272 7.736488 270.623993 -110.534149 0.311833 -0.707580 4.936275 0.053077
51.131649 -17.658150 -4.067221 7.638596 271.087494 -110.870346 0.299115 -0.697335 4.862820 0.047310
51.265636 -17.316072 -4.201825 7.474689 271.607605 -111.244545 0.286075 -0.647638 4.783501 0.040746
51.381626 -17.051313 -4.309424 7.358570 272.059998 -111.565041 0.277248 -0.582328 4.707647 0.036475
51.515614 -16.781940 -4.381385 7.220093 272.568573 -111.920708 0.270554 -0.491495 4.635456 0.032175
51.632603 -16.575275 -4.379534 7.060276 273.012390 -112.225815 0.266094 -0.398365 4.581397 0.025642
51.765591 -16.390434 -4.320051 6.800158 273.512421 -112.567451 0.260022 -0.281066 4.531990 0.018396
51.882580 -16.261845 -4.230139 6.494180 273.949310 -112.862297 0.253733 -0.178322 4.483775 0.013415
51.999569 -16.163279 -4.099002 6.213860 274.384674 -113.149643 0.244864 -0.087271 4.438805 0.009743
52.132557 -16.091572 -3.895249 5.898331 274.878448 -113.467316 0.232356 -0.001905 4.392420 0.004245
52.249546 -16.064699 -3.677193 5.591908 275.312103 -113.739609 0.217800 0.064261 4.363740 -0.000645
52.382534 -16.067434 -3.392206 5.191187 275.808472 -114.045677 0.197377 0.140420 4.340527 -0.006268
52.499523 -16.100012 -3.104084 4.764073 276.238434 -114.305412 0.178006 0.206272 4.321950 -0.010058
52.632511 -16.168463 -2.720527 4.198432 276.736237 -114.598442 0.153184 0.271036 4.304330 -0.015254
52.749500 -16.265478 -2.358803 3.625722 277.168304 -114.847145 0.130307 0.307342 4.295211 -0.020736
52.883488 -16.410383 -1.937424 2.868074 277.669006 -115.130325 0.105807 0.322560 4.291818 -0.023629
52.999477 -16.556208 -1.549440 2.216500 278.108673 -115.372063 0.085533 0.315923 4.291137 -0.025972
53.133465 -16.759356 -1.101536 1.387940 278.612457 -115.642570 0.063466 0.294734 4.302238 -0.031025
53.249454 -16.963697 -0.713876 0.675754 279.059143 -115.877480 0.047076 0.272650 4.321380 -0.032703
53.383442 -17.212713 -0.296768 -0.109923 279.572205 -116.140305 0.034337 0.251547 4.345300 -0.034046
53.500431 -17.442093 0.047831 -0.763124 280.028931 -116.368164 0.029164 0.236059 4.374905 -0.035213
53.633419 -17.722996 0.416891 -1.447444 280.559204 -116.625481 0.027882 0.212918 4.419474 -0.037041
53.750408 -17.974016 0.704420 -1.972273 281.024567 -116.846313 0.030315 0.180883 4.450800 -0.037155
53.883396 -18.274508 0.988585 -2.468751 281.570129 -117.100372 0.036577 0.133991 4.519769 -0.038650
54.000385 -18.549574 1.183166 -2.826340 282.049622 -117.321899 0.044636 0.097854 4.574713 -0.041700
54.134373 -18.879589 1.355060 -3.151480 282.613922 -117.577507 0.055400 0.075409 4.656379 -0.043523
54.250362 -19.190887 1.455975 -3.339565 283.115814 -117.801064 0.066020 0.071939 4.728618 -0.046464
54.384350 -19.557981 1.523375 -3.385942 283.697845 -118.054405 0.077986 0.071306 4.809599 -0.049735
54.501339 -19.902094 1.564984 -3.360282 284.219849 -118.277367 0.086848 0.059186 4.885800 -0.051843
54.634327 -20.295300 1.598562 -3.294531 284.824158 -118.533546 0.094940 0.023962 4.975342 -0.052118
54.751316 -20.632828 1.624820 -3.147665 285.366180 -118.760094 0.099327 -0.023411 5.054350 -0.051115
54.884304 -21.014915 1.678729 -2.902473 285.993164 -119.020821 0.099773 -0.084661 5.145174 -0.051188
55.001293 -21.353512 1.739694 -2.606771 286.555084 -119.251640 0.097292 -0.132005 5.228382 -0.051321
55.134281 -21.732626 1.832145 -2.229825 287.209991 -119.518715 0.093342 -0.163971 5.316580 -0.050787
55.251270 -22.066334 1.917229 -1.888973 287.785400 -119.752701 0.089067 -0.167303 5.382756 -0.052930
55.385258 -22.463158 2.033830 -1.469800 288.459381 -120.024643 0.083577 -0.147741 5.456618 -0.053407
55.501247 -22.796019 2.168909 -1.130293 289.055237 -120.264580 0.080439 -0.120299 5.519542 -0.050458
55.635235 -23.168186 2.332797 -0.846290 289.739227 -120.540031 0.078984 -0.088713 5.564165 -0.050399
55.751225 -23.505136 2.460117 -0.669268 290.345245 -120.784554 0.078099 -0.067635 5.599986 -0.050197
55.885212 -23.867682 2.565060 -0.410935 291.040070 -121.062531 0.077694 -0.057983 5.647425 -0.049009
56.002201 -24.176802 2.649803 -0.163986 291.655548 -121.308807 0.079520 -0.067141 5.679342 -0.045856
56.135189 -24.526814 2.728903 0.063761 292.360138 -121.591454 0.085051 -0.098855 5.724638 -0.048495
56.252178 -24.837831 2.748635 0.221010 292.983978 -121.841995 0.091203 -0.139459 5.768098 -0.047835
56.385166 -25.196043 2.730884 0.361372 293.705292 -122.130180 0.099976 -0.185255 5.819392 -0.047821
56.502155 -25.507677 2.715251 0.421375 294.334442 -122.381859 0.109850 -0.210167 5.854393 -0.047234
56.635143 -25.884054 2.701388 0.414085 295.065430 -122.674873 0.123390 -0.210173 5.894441 -0.049235
56.752132 -26.207987 2.691155 0.367608 295.707611 -122.933029 0.137972 -0.182854 5.935102 -0.048416
56.886120 -26.580715 2.677231 0.229292 296.442261 -123.229416 0.155692 -0.128512 5.969145 -0.048203
57.002110 -26.903255 2.663749 0.083233 297.091980 -123.492775 0.171259 -0.070810 6.008604 -0.046297
57.136097 -27.273722 2.650301 -0.157552 297.835052 -123.794250 0.185274 -0.005825 6.043009 -0.045826
57.253086 -27.595053 2.648483 -0.454701 298.491791 -124.062157 0.193176 0.044880 6.078410 -0.046129
57.386074 -27.967241 2.682276 -0.851461 299.242096 -124.369629 0.198290 0.092186 6.112154 -0.046520
57.503063 -28.293911 2.715529 -1.203520 299.905060 -124.641380 0.200783 0.124417 6.129498 -0.045430
57.636051 -28.659994 2.741916 -1.598853 300.666412 -124.955765 0.201902 0.153259 6.158748 -0.043473
57.753040 -28.965508 2.774101 -1.984739 301.328430 -125.229248 0.198375 0.175789 6.182699 -0.042563
57.887028 -29.318495 2.795347 -2.492871 302.095367 -125.545158 0.192543 0.201576 6.196225 -0.041095
58.003017 -29.617086 2.802680 -2.977324 302.760590 -125.819092 0.186844 0.219211 6.206524 -0.040794
58.137005 -29.950830 2.808218 -3.499962 303.529266 -126.138023 0.180347 0.223544 6.217646 -0.040714
58.252995 -30.233774 2.823281 -3.881261 304.195251 -126.416000 0.176597 0.207789 6.223743 -0.038697
58.386982 -30.556768 2.838288 -4.276517 304.963837 -126.739899 0.174209 0.169303 6.228735 -0.039346
58.503971 -30.833181 2.853700 -4.567986 305.636536 -127.024384 0.175908 0.123834 6.250275 -0.038489
58.636959 -31.150534 2.868048 -4.920768 306.401398 -127.349480 0.181980 0.061720 6.253234 -0.038724
58.753948 -31.430086 2.890084 -5.142752 307.075714 -127.636429 0.189353 -0.000907 6.263711 -0.040349
58.886936 -31.750008 2.912456 -5.377289 307.847351 -127.966217 0.197326 -0.072927 6.265750 -0.040589
59.003925 -32.023029 2.916182 -5.586776 308.515350 -128.253586 0.205078 -0.118788 6.272217 -0.039386
59.137913 -32.340492 2.912825 -5.753551 309.287262 -128.587997 0.213060 -0.130749 6.281018 -0.041344
59.253902 -32.618496 2.895718 -5.889920 309.960419 -128.882202 0.220246 -0.098618 6.277042 -0.039957
59.387890 -32.918785 2.843928 -5.950205 310.725464 -129.217911 0.227945 -0.026888 6.278469 -0.038747
59.504879 -33.184410 2.790001 -5.931160 311.397400 -129.514725 0.233809 0.043302 6.279279 -0.039839
59.637867 -33.488953 2.699613 -5.816735 312.162140 -129.852097 0.237988 0.100588 6.286962 -0.040846
59.754856 -33.749611 2.613842 -5.672326 312.835358 -130.151047 0.239546 0.113749 6.300561 -0.039909
59.887844 -34.034111 2.519363 -5.473515 313.600433 -130.492920 0.240397 0.083939 6.299776 -0.037224
60.004833 -34.270695 2.446769 -5.372169 314.271729 -130.796692 0.240446 0.031818 6.300405 -0.034483
