1.20 1.10 20 64
0.128000 0.008315 0.013586 -0.100507 0.867621 -0.000422 -0.112392 0.453281 6.694849 0.002052
0.261000 0.008481 0.110715 -0.279018 1.738480 -0.002028 -0.001188 0.453672 6.605602 -0.002496
0.378000 0.000325 0.247444 -0.342869 2.504479 -0.004260 0.151888 0.441110 6.501626 -0.000646
0.511000 -0.001378 0.437169 -0.436750 3.367119 -0.005482 0.363942 0.410788 6.396800 -0.000625
0.628000 -0.008484 0.606096 -0.548971 4.104047 -0.007492 0.558062 0.368709 6.323244 -0.001102
0.761000 -0.001606 0.766932 -0.657823 4.947536 -0.010977 0.770525 0.300752 6.285247 0.002062
0.878000 0.022928 0.865388 -0.745582 5.677265 -0.014289 0.928501 0.229074 6.296753 0.004644
1.012000 0.062788 0.925556 -0.821253 6.526466 -0.019240 1.064943 0.134884 6.348447 0.006023
1.129000 0.112875 0.964606 -0.891415 7.263600 -0.023234 1.135490 0.049684 6.268807 0.008110
1.262000 0.175779 1.000204 -0.997876 8.091026 -0.027229 1.155188 -0.048582 6.188810 0.008456
1.379000 0.233395 1.022836 -1.068335 8.811374 -0.032209 1.119401 -0.133943 6.135242 0.008742
1.512000 0.302629 1.055146 -1.127271 9.623637 -0.037117 1.023093 -0.234977 6.132158 0.008776
1.628999 0.361552 1.033336 -1.155956 10.347585 -0.044216 0.899641 -0.321961 6.223290 0.009418
1.761999 0.433731 0.941231 -1.165509 11.187084 -0.054275 0.724311 -0.409996 6.292344 0.009284
1.878999 0.503232 0.824503 -1.224348 11.919626 -0.064386 0.559232 -0.457933 6.328520 0.011527
2.011999 0.589429 0.654367 -1.217616 12.769382 -0.077919 0.376376 -0.473816 6.349936 0.012033
2.128999 0.664100 0.522703 -1.207297 13.513216 -0.090774 0.239042 -0.456852 6.364850 0.010801
2.262999 0.743234 0.397844 -1.223309 14.361204 -0.106201 0.126006 -0.416584 6.383439 0.010086
2.378999 0.797477 0.319518 -1.166061 15.109791 -0.119857 0.073810 -0.372179 6.411290 0.007292
2.512999 0.855040 0.272901 -1.065399 15.964459 -0.132165 0.076291 -0.314836 6.432211 0.006879
2.629998 0.910397 0.267884 -1.005166 16.717497 -0.144507 0.127718 -0.260799 6.443120 0.009778
2.762998 0.985513 0.289376 -1.005012 17.573505 -0.159972 0.236148 -0.197382 6.430326 0.009906
2.879998 1.052953 0.330764 -1.040982 18.325035 -0.175569 0.359559 -0.144325 6.419300 0.009841
3.012998 1.123657 0.389867 -1.097869 19.184700 -0.194098 0.515158 -0.085805 6.422707 0.009028
3.129998 1.190819 0.438917 -1.080566 19.930614 -0.208844 0.647395 -0.038320 6.443905 0.010359
3.262998 1.276996 0.503422 -0.956921 20.797661 -0.222758 0.784202 0.012867 6.496849 0.011248
3.379998 1.345463 0.568549 -0.793305 21.555840 -0.232585 0.880080 0.054195 6.564678 0.009832
3.512998 1.419460 0.659313 -0.614025 22.434376 -0.243950 0.954523 0.107071 6.511738 0.009002
3.629997 1.486946 0.788360 -0.408932 23.190632 -0.253224 0.983060 0.162307 6.426048 0.010903
3.763997 1.573643 1.003930 -0.112860 24.038420 -0.263515 0.970057 0.229139 6.333793 0.010653
3.879997 1.652472 1.239568 0.192418 24.773500 -0.272619 0.921813 0.277762 6.239165 0.010064
4.013997 1.726837 1.540121 0.528585 25.596399 -0.282773 0.830680 0.309015 6.178114 0.007564
4.130998 1.782975 1.785622 0.830652 26.325230 -0.289434 0.726642 0.320326 6.266199 0.006184
4.263998 1.829966 2.021959 1.173189 27.170223 -0.295254 0.592976 0.326107 6.334045 0.004500
4.380999 1.858750 2.178056 1.445928 27.907579 -0.298853 0.474825 0.329650 6.374771 0.002547
4.513999 1.878953 2.308870 1.678340 28.765854 -0.304105 0.351455 0.324666 6.426325 0.001518
4.631000 1.896953 2.361546 1.883301 29.520132 -0.308875 0.267109 0.307435 6.465661 0.000311
4.764000 1.886854 2.363579 2.056009 30.382313 -0.314711 0.206457 0.273984 6.494183 -0.004239
4.881001 1.861954 2.322519 2.187093 31.144377 -0.318912 0.188231 0.237956 6.525719 -0.006783
5.015001 1.808700 2.225842 2.253038 32.016453 -0.325874 0.210124 0.187633 6.578072 -0.007550
5.131001 1.759172 2.142920 2.331483 32.788136 -0.331664 0.261615 0.132300 6.606783 -0.008008
5.265002 1.690608 2.056011 2.355939 33.668270 -0.337506 0.350202 0.052543 6.623716 -0.008732
5.382003 1.619565 1.964357 2.344440 34.444534 -0.342538 0.443912 -0.025946 6.645724 -0.011438
5.515003 1.524343 1.844014 2.234012 35.337067 -0.348794 0.554761 -0.119286 6.675442 -0.012468
5.632004 1.428463 1.740711 2.118700 36.114841 -0.353592 0.644863 -0.194741 6.732241 -0.015859
5.765004 1.301643 1.623522 2.012204 37.022038 -0.357355 0.732947 -0.270905 6.804841 -0.017370
5.882005 1.179326 1.507419 1.893586 37.816647 -0.358804 0.788863 -0.319566 6.890617 -0.018088
6.015005 1.033924 1.375844 1.725977 38.747665 -0.360055 0.822793 -0.351834 6.997844 -0.018137
6.132006 0.909792 1.266029 1.587411 39.574116 -0.361434 0.822810 -0.354349 7.108977 -0.018272
6.266006 0.762256 1.164988 1.424026 40.527935 -0.360604 0.788149 -0.332313 7.220351 -0.018951
6.382007 0.636936 1.115627 1.302208 41.378643 -0.358667 0.730895 -0.297151 7.308985 -0.017754
6.516007 0.497054 1.103550 1.141832 42.356537 -0.357295 0.641609 -0.248393 7.381066 -0.019283
6.633008 0.362427 1.135167 0.929317 43.223671 -0.355914 0.549837 -0.203964 7.430231 -0.018963
6.766008 0.208435 1.233312 0.665456 44.214149 -0.354835 0.442093 -0.153045 7.456467 -0.020610
6.883009 0.064500 1.388900 0.456062 45.088272 -0.353094 0.353543 -0.108453 7.478002 -0.020520
7.016009 -0.092824 1.635765 0.245614 46.090107 -0.352491 0.266373 -0.053631 7.479210 -0.018737
7.133010 -0.214293 1.894011 0.098100 46.956734 -0.353732 0.212211 -0.002637 7.465936 -0.017420
7.267011 -0.365721 2.272521 -0.069147 47.955322 -0.356318 0.177089 0.059157 7.441791 -0.018225
7.383011 -0.498645 2.666646 -0.220264 48.823128 -0.359078 0.174109 0.108942 7.396660 -0.018649
7.517012 -0.644105 3.149646 -0.373816 49.803364 -0.360837 0.198042 0.155587 7.355726 -0.016828
7.633012 -0.753283 3.565776 -0.367200 50.659851 -0.361634 0.237744 0.181562 7.301345 -0.016458
7.767013 -0.879291 4.018754 -0.268637 51.627640 -0.360981 0.296543 0.194231 7.261961 -0.017356
7.884013 -0.984388 4.389046 -0.189982 52.475811 -0.360737 0.355720 0.192266 7.247816 -0.016023
8.017014 -1.110455 4.769909 -0.069803 53.438251 -0.363362 0.422156 0.179707 7.229590 -0.018815
8.134014 -1.223128 5.061924 0.062116 54.285091 -0.367687 0.473371 0.163037 7.242740 -0.018899
8.251015 -1.329089 5.295743 0.186508 55.133686 -0.373324 0.513318 0.143183 7.263930 -0.017323
8.384015 -1.438532 5.473790 0.378936 56.102432 -0.381955 0.540589 0.122704 7.306692 -0.015949
8.501016 -1.521269 5.560706 0.534922 56.952923 -0.390786 0.547140 0.110643 7.209557 -0.014141
8.634016 -1.616168 5.631394 0.716704 57.907345 -0.400394 0.535481 0.105984 7.056785 -0.014089
8.751017 -1.688908 5.675502 0.871819 58.717865 -0.407961 0.507207 0.107125 6.934741 -0.013307
8.884017 -1.769076 5.653940 1.013657 59.653893 -0.418846 0.455748 0.108580 7.022894 -0.011544
9.001018 -1.827353 5.560776 1.124656 60.480545 -0.431141 0.395389 0.105748 7.101902 -0.009257
9.135018 -1.895015 5.388223 1.241866 61.431553 -0.447141 0.317428 0.092290 7.181526 -0.010841
9.251019 -1.942176 5.194963 1.350549 62.276211 -0.463189 0.249089 0.062139 7.245874 -0.007653
9.385019 -1.997110 4.955695 1.330610 63.243587 -0.483189 0.178517 -0.000580 7.288920 -0.006645
9.502020 -2.038686 4.727788 1.285576 64.097595 -0.500517 0.126378 -0.076301 7.313163 -0.006419
9.635020 -2.089707 4.467924 1.211666 65.072365 -0.520983 0.083296 -0.161592 7.340511 -0.005346
9.752021 -2.132519 4.255164 1.167467 65.932228 -0.539080 0.064138 -0.212563 7.352686 -0.005917
9.885021 -2.184215 4.056741 1.058435 66.909592 -0.560900 0.066146 -0.226905 7.349103 -0.005318
10.002022 -2.228705 3.924149 1.018425 67.768829 -0.579070 0.085636 -0.207467 7.344514 -0.007543
10.135022 -2.273174 3.818940 1.028011 68.750740 -0.600132 0.123054 -0.166058 7.314309 -0.005594
10.252023 -2.311998 3.801105 0.980569 69.596725 -0.619510 0.164395 -0.128580 7.277567 -0.005810
10.386024 -2.361739 3.836250 0.862633 70.567757 -0.643932 0.216473 -0.085453 7.231826 -0.005434
10.502024 -2.398425 3.906383 0.699399 71.410408 -0.665824 0.258883 -0.046825 7.186263 -0.003885
10.636024 -2.435081 4.015281 0.459517 72.364464 -0.691710 0.296797 -0.002477 7.174797 -0.001319
10.753025 -2.447320 4.127241 0.226981 73.201958 -0.715413 0.318344 0.030486 7.149759 0.002326
10.886025 -2.446336 4.263124 -0.072387 74.158875 -0.744527 0.325660 0.054863 7.135428 0.003676
11.003026 -2.449696 4.367659 -0.360550 74.985191 -0.771208 0.318179 0.064147 7.119162 0.002042
11.136026 -2.464077 4.454136 -0.702751 75.931885 -0.801990 0.293348 0.070957 7.126042 0.000602
11.253027 -2.478936 4.500155 -1.000488 76.766037 -0.830253 0.258654 0.081240 7.136168 0.000708
11.386027 -2.500998 4.503577 -1.301431 77.722115 -0.862521 0.209428 0.094017 7.142418 -0.000094
11.503028 -2.522683 4.482209 -1.518269 78.548447 -0.891181 0.161939 0.094434 7.124017 -0.000298
11.637029 -2.537988 4.393610 -1.638039 79.501595 -0.925316 0.103860 0.070624 7.106900 -0.001268
11.753029 -2.545464 4.287271 -1.658068 80.330643 -0.955635 0.057959 0.030945 7.079649 0.000120
11.887030 -2.548791 4.141487 -1.620871 81.270615 -0.989960 0.016544 -0.019793 7.058520 -0.001459
12.003030 -2.548481 3.986676 -1.544950 82.093781 -1.019708 -0.008091 -0.055292 7.026586 -0.000202
12.137031 -2.565785 3.802081 -1.399846 83.023819 -1.054465 -0.018558 -0.080606 6.975150 -0.005278
12.254031 -2.599837 3.616603 -1.243697 83.835312 -1.086482 -0.013682 -0.093597 6.923984 -0.006642
12.387032 -2.647920 3.407955 -0.994068 84.758545 -1.123677 0.005487 -0.104505 6.871280 -0.009913
12.504032 -2.706054 3.234419 -0.700103 85.551590 -1.155578 0.031180 -0.111184 6.820752 -0.011039
12.637033 -2.782983 3.061679 -0.410592 86.460030 -1.193503 0.068208 -0.109932 6.759138 -0.011634
12.754033 -2.840355 2.900787 -0.195770 87.240677 -1.226049 0.103741 -0.096986 6.718623 -0.009825
12.888034 -2.907205 2.700752 0.069599 88.135902 -1.263941 0.140270 -0.070097 6.666086 -0.011097
13.004034 -2.976655 2.523577 0.308267 88.907219 -1.296860 0.167749 -0.044989 6.645580 -0.013208
13.138035 -3.067935 2.324715 0.633682 89.795128 -1.335029 0.191306 -0.024665 6.618261 -0.013381
13.254035 -3.143218 2.142168 0.949457 90.567505 -1.369078 0.203585 -0.018416 6.603179 -0.012874
13.388036 -3.224572 1.944417 1.316063 91.443665 -1.407512 0.206075 -0.014936 6.590273 -0.012928
13.505036 -3.303666 1.771640 1.648678 92.213379 -1.440356 0.196856 -0.003453 6.580174 -0.013472
13.638037 -3.388088 1.591223 1.920657 93.088326 -1.480760 0.178340 0.028253 6.586784 -0.011629
13.755037 -3.455436 1.451021 2.137908 93.857849 -1.518730 0.156762 0.069088 6.584463 -0.010634
13.888038 -3.538539 1.331267 2.385116 94.738434 -1.562796 0.128687 0.121275 6.578421 -0.011494
14.005038 -3.603556 1.270272 2.515618 95.500099 -1.600792 0.104060 0.161574 6.569771 -0.011599
14.138039 -3.676825 1.256196 2.548981 96.377159 -1.645496 0.079424 0.199766 6.541229 -0.008662
14.255039 -3.742497 1.263599 2.484181 97.132965 -1.684844 0.064005 0.223402 6.517959 -0.009633
14.389040 -3.811119 1.302887 2.402817 98.001915 -1.731260 0.055153 0.241199 6.480540 -0.009091
14.505040 -3.868783 1.371000 2.263636 98.757469 -1.771806 0.055083 0.246715 6.454497 -0.007459
14.639041 -3.927533 1.469892 2.037251 99.612038 -1.815633 0.061907 0.245641 6.419076 -0.006802
14.756042 -3.982443 1.555393 1.838837 100.359772 -1.853394 0.071885 0.236683 6.383734 -0.007538
14.889042 -4.051968 1.653434 1.587613 101.205208 -1.896438 0.088624 0.215262 6.350600 -0.008347
15.006042 -4.116576 1.712970 1.278948 101.945518 -1.934840 0.106121 0.179560 6.326187 -0.008559
15.139043 -4.184280 1.747376 0.869971 102.784554 -1.979893 0.126201 0.117605 6.310321 -0.007688
15.256043 -4.256623 1.738523 0.521620 103.521057 -2.020097 0.142433 0.049854 6.300063 -0.009628
15.389044 -4.348640 1.678769 0.109896 104.362190 -2.066834 0.158914 -0.036050 6.281157 -0.009853
15.506044 -4.420257 1.598880 -0.235171 105.089165 -2.107255 0.168606 -0.114542 6.278329 -0.009240
15.640045 -4.500712 1.460592 -0.603450 105.929443 -2.153993 0.173577 -0.212325 6.280675 -0.008157
15.756045 -4.560740 1.277073 -0.877201 106.663597 -2.194977 0.172647 -0.296733 6.288598 -0.006913
15.890046 -4.628659 1.038020 -1.150113 107.498886 -2.244124 0.166230 -0.377647 6.297462 -0.008736
16.007046 -4.691483 0.818770 -1.342915 108.235268 -2.288875 0.155037 -0.417998 6.309860 -0.008702
16.140049 -4.771089 0.567431 -1.542862 109.073288 -2.339352 0.138807 -0.422524 6.313353 -0.010519
16.257051 -4.847810 0.385501 -1.690298 109.810867 -2.384768 0.124342 -0.396576 6.320086 -0.011212
16.390055 -4.921296 0.201537 -1.808504 110.649887 -2.439380 0.111175 -0.346590 6.325510 -0.008094
16.507057 -4.985338 0.075567 -1.890029 111.387756 -2.487471 0.104377 -0.297160 6.318123 -0.009758
16.641060 -5.072396 -0.006520 -1.918317 112.239021 -2.542699 0.103899 -0.240430 6.314580 -0.011254
16.758062 -5.156818 -0.056948 -1.902755 112.968559 -2.591301 0.108788 -0.196793 6.295773 -0.013043
16.891066 -5.246722 -0.080442 -1.858998 113.808914 -2.648088 0.119012 -0.149047 6.276214 -0.010300
17.008068 -5.308621 -0.056264 -1.805099 114.539467 -2.698334 0.130831 -0.106369 6.250244 -0.009571
17.142071 -5.364513 0.003169 -1.688049 115.366631 -2.755483 0.148159 -0.046290 6.226921 -0.006869
17.258074 -5.406750 0.059435 -1.517038 116.091530 -2.806813 0.164888 0.019660 6.206513 -0.006030
17.376076 -5.437963 0.103148 -1.315144 116.808258 -2.859938 0.179118 0.096094 6.191232 -0.004377
17.509079 -5.463725 0.144939 -1.095628 117.634903 -2.924454 0.193218 0.185725 6.189903 -0.002593
17.626081 -5.474723 0.192301 -0.899470 118.356895 -2.981901 0.200975 0.253066 6.189803 -0.001034
17.759085 -5.485314 0.236045 -0.593573 119.183922 -3.049256 0.205557 0.307407 6.194293 -0.002158
17.876087 -5.495487 0.243006 -0.278313 119.899284 -3.108179 0.205176 0.337491 6.189603 -0.001461
18.009090 -5.501530 0.237170 0.020372 120.720413 -3.176914 0.201107 0.359814 6.202329 -0.000677
18.126093 -5.515521 0.224803 0.324314 121.444328 -3.236716 0.192811 0.375420 6.213411 -0.002741
18.259096 -5.545922 0.188651 0.684403 122.274910 -3.305962 0.181148 0.386738 6.225404 -0.004885
18.376099 -5.589703 0.157362 0.988096 122.995262 -3.366630 0.171148 0.386964 6.234514 -0.006951
18.510101 -5.638546 0.133219 1.251626 123.827545 -3.438255 0.162815 0.374418 6.234932 -0.006443
18.626104 -5.681125 0.112057 1.436633 124.554382 -3.502616 0.158302 0.356442 6.239094 -0.006115
18.760107 -5.746527 0.099122 1.601731 125.381325 -3.577771 0.156409 0.331432 6.244716 -0.009412
18.877110 -5.798375 0.090148 1.704813 126.108398 -3.645509 0.158977 0.299585 6.241961 -0.007280
19.010113 -5.856173 0.078551 1.795470 126.935127 -3.724563 0.166328 0.236397 6.245922 -0.007772
19.127115 -5.912054 0.046232 1.832429 127.661819 -3.794410 0.174946 0.146089 6.239735 -0.009079
19.260118 -5.973558 0.009514 1.841072 128.494415 -3.876147 0.187279 0.006567 6.243912 -0.007720
19.377121 -6.037810 -0.022913 1.773834 129.214920 -3.949203 0.199793 -0.126899 6.247878 -0.010981
19.511124 -6.128107 -0.077444 1.589654 130.048630 -4.033810 0.214725 -0.276796 6.255968 -0.012716
19.627127 -6.215269 -0.139584 1.445720 130.777298 -4.107560 0.227431 -0.391280 6.259652 -0.013331
19.761129 -6.308282 -0.196058 1.301711 131.607239 -4.191247 0.240284 -0.501096 6.280381 -0.012933
19.877132 -6.398371 -0.250455 1.156980 132.339020 -4.266125 0.249611 -0.572452 6.294861 -0.014474
20.011135 -6.517278 -0.330976 0.931287 133.172485 -4.352716 0.257936 -0.615355 6.309208 -0.015486
20.128138 -6.628084 -0.410384 0.699481 133.907928 -4.429708 0.261684 -0.612856 6.325953 -0.016024
20.261141 -6.750752 -0.500891 0.439090 134.746338 -4.519098 0.261115 -0.562913 6.349232 -0.015711
20.378143 -6.849683 -0.554283 0.220946 135.485931 -4.598381 0.256696 -0.484878 6.364139 -0.014825
20.511147 -6.963753 -0.570815 0.014640 136.335007 -4.689884 0.249280 -0.364176 6.374071 -0.015417
20.628149 -7.067114 -0.558417 -0.219254 137.070618 -4.771023 0.243360 -0.246731 6.380997 -0.015447
20.762152 -7.184875 -0.498744 -0.488106 137.920410 -4.866757 0.236388 -0.109404 6.383995 -0.015735
20.878155 -7.294231 -0.420505 -0.734414 138.662659 -4.952229 0.232092 -0.001976 6.388539 -0.017255
21.012157 -7.422961 -0.341099 -1.013763 139.506912 -5.049700 0.230409 0.108392 6.391445 -0.016592
21.128160 -7.529863 -0.270166 -1.236241 140.249329 -5.135584 0.230721 0.199369 6.381554 -0.016326
21.262163 -7.646792 -0.191888 -1.439560 141.091644 -5.235491 0.234294 0.305559 6.377596 -0.015500
21.379166 -7.753628 -0.118795 -1.579603 141.832687 -5.325698 0.237232 0.391445 6.384177 -0.016319
21.512169 -7.884857 -0.043496 -1.627936 142.674942 -5.430026 0.242690 0.465028 6.383896 -0.017915
21.629171 -8.010525 0.024728 -1.662668 143.416275 -5.523416 0.248938 0.496176 6.387796 -0.019563
21.762175 -8.154872 0.087405 -1.744720 144.265533 -5.631371 0.255814 0.492320 6.391857 -0.017530
21.879177 -8.268177 0.146196 -1.804616 145.001633 -5.726731 0.261731 0.460421 6.399203 -0.016839
22.013180 -8.409826 0.188876 -1.805282 145.852310 -5.838466 0.270093 0.400430 6.404674 -0.019098
22.129183 -8.539150 0.212614 -1.783430 146.595490 -5.937109 0.276975 0.339532 6.412024 -0.019748
22.263186 -8.694908 0.190377 -1.796440 147.440720 -6.053334 0.282765 0.270754 6.416239 -0.020170
22.379189 -8.824134 0.139820 -1.738124 148.185837 -6.156082 0.286217 0.216966 6.437137 -0.018159
22.513191 -8.956380 0.064221 -1.578955 149.035278 -6.274307 0.288788 0.156189 6.456298 -0.017523
22.630194 -9.068260 -0.008468 -1.350250 149.783951 -6.379787 0.291669 0.093477 6.469139 -0.015942
22.763197 -9.199170 -0.106971 -1.050250 150.637344 -6.503460 0.294126 0.004621 6.494670 -0.017091
22.880199 -9.313533 -0.194999 -0.760145 151.390869 -6.614720 0.294893 -0.081375 6.520388 -0.016525
23.013203 -9.434250 -0.296426 -0.367995 152.256775 -6.744611 0.296755 -0.180169 6.547752 -0.014802
23.130205 -9.528826 -0.378144 0.011340 153.016525 -6.859656 0.297998 -0.256636 6.580805 -0.013702
23.263208 -9.633649 -0.453742 0.380724 153.883286 -6.993014 0.297953 -0.331774 6.607333 -0.012791
23.380211 -9.718328 -0.477124 0.717023 154.648514 -7.113912 0.296977 -0.384458 6.632159 -0.011855
23.514214 -9.819081 -0.457074 1.096898 155.520462 -7.255764 0.297755 -0.424117 6.651455 -0.014146
23.631216 -9.905128 -0.398247 1.405644 156.289200 -7.382275 0.301399 -0.438721 6.660608 -0.011839
23.764219 -9.990079 -0.272100 1.704908 157.164124 -7.527974 0.305268 -0.433412 6.674665 -0.011741
23.880222 -10.075309 -0.113832 1.927912 157.935410 -7.658266 0.308063 -0.415499 6.693522 -0.012841
24.014225 -10.166919 0.124649 2.116047 158.814224 -7.809131 0.312205 -0.382055 6.714071 -0.011489
24.131227 -10.248631 0.357779 2.199841 159.588654 -7.943776 0.314242 -0.342514 6.718972 -0.013425
24.264231 -10.351909 0.635953 2.215720 160.468048 -8.100090 0.314330 -0.284388 6.713254 -0.013499
24.381233 -10.441310 0.887515 2.205084 161.240906 -8.239182 0.311693 -0.224180 6.712323 -0.012597
24.514236 -10.544134 1.163166 2.174625 162.124969 -8.398904 0.306947 -0.147938 6.695340 -0.013714
24.631239 -10.643059 1.400519 2.164723 162.887482 -8.536961 0.299946 -0.077570 6.672912 -0.015285
24.765242 -10.768958 1.623189 2.054289 163.766144 -8.698351 0.290319 0.010638 6.662348 -0.016228
24.882244 -10.876048 1.760823 1.903064 164.532089 -8.840659 0.281872 0.093050 6.658913 -0.014749
25.015247 -11.002931 1.846501 1.714894 165.402222 -9.004391 0.272463 0.193647 6.656189 -0.018175
25.132250 -11.131681 1.839342 1.614910 166.167557 -9.147861 0.265766 0.282369 6.650216 -0.018468
25.265253 -11.277112 1.765330 1.495813 167.037003 -9.310358 0.260810 0.385802 6.647763 -0.018245
25.382256 -11.403625 1.648005 1.388449 167.801559 -9.455957 0.260189 0.474904 6.657663 -0.018265
25.515259 -11.545504 1.432269 1.272444 168.671738 -9.623831 0.263342 0.570286 6.669679 -0.018254
25.632261 -11.659335 1.204014 1.224866 169.445206 -9.773499 0.269242 0.638690 6.681243 -0.016261
25.765265 -11.783786 0.952019 1.096458 170.317886 -9.945780 0.279591 0.686001 6.692215 -0.016521
25.882267 -11.879649 0.712323 1.015210 171.085892 -10.099386 0.290284 0.694713 6.692951 -0.014222
26.016270 -12.010382 0.464825 0.919435 171.959137 -10.275209 0.303787 0.659706 6.704723 -0.018523
26.133272 -12.146653 0.270275 0.767743 172.729126 -10.432154 0.317072 0.584852 6.721404 -0.020386
26.266275 -12.302495 0.062772 0.586500 173.606201 -10.612376 0.333308 0.440461 6.738110 -0.019703
26.383278 -12.428757 -0.087895 0.481982 174.379669 -10.772305 0.346069 0.267486 6.759233 -0.018436
26.516281 -12.578513 -0.207546 0.392133 175.261307 -10.954849 0.359270 0.035048 6.778326 -0.021676
26.633284 -12.733151 -0.280659 0.304538 176.037735 -11.117443 0.369291 -0.164990 6.782698 -0.023042
26.766287 -12.903791 -0.326599 0.192227 176.920883 -11.306676 0.378214 -0.362698 6.793224 -0.022151
26.883289 -13.051732 -0.325199 0.092682 177.697693 -11.475245 0.384059 -0.491539 6.796647 -0.021822
27.016293 -13.217316 -0.278241 -0.030781 178.587601 -11.670693 0.389336 -0.595017 6.799524 -0.021727
27.133295 -13.367566 -0.197030 -0.115837 179.356964 -11.842852 0.391707 -0.651656 6.795333 -0.023542
27.266298 -13.554834 -0.074646 -0.214169 180.244400 -12.043673 0.388851 -0.690549 6.785648 -0.025552
27.383301 -13.725097 0.047410 -0.292391 181.017975 -12.221786 0.381468 -0.704308 6.784886 -0.024704
27.517303 -13.915111 0.175718 -0.389156 181.895554 -12.427829 0.369597 -0.695444 6.778466 -0.024810
27.633307 -14.083149 0.229885 -0.467166 182.666214 -12.612278 0.357983 -0.661969 6.772600 -0.024273
27.767309 -14.272763 0.269223 -0.531372 183.541748 -12.824734 0.343405 -0.587600 6.775174 -0.025639
27.884312 -14.448277 0.298168 -0.614799 184.310730 -13.015627 0.331187 -0.491734 6.773029 -0.027062
28.017315 -14.665041 0.291189 -0.766993 185.183899 -13.235843 0.319046 -0.356601 6.770611 -0.028552
28.134317 -14.857407 0.267081 -0.815397 185.951218 -13.431766 0.311855 -0.235043 6.767058 -0.028874
28.251320 -15.045154 0.212491 -0.828048 186.717697 -13.630133 0.309060 -0.123909 6.764435 -0.028089
28.384323 -15.244696 0.121380 -0.765479 187.587723 -13.858511 0.311202 -0.016056 6.761705 -0.025052
28.501326 -15.407428 0.021713 -0.683153 188.352509 -14.061434 0.317667 0.070206 6.767878 -0.024126
28.634329 -15.587899 -0.106088 -0.481659 189.228867 -14.297166 0.328916 0.171931 6.780203 -0.022915
28.751331 -15.742213 -0.212466 -0.260181 189.988007 -14.504949 0.342374 0.264936 6.787720 -0.021976
28.884335 -15.905552 -0.347385 0.044359 190.865860 -14.747810 0.359912 0.368327 6.807104 -0.020105
29.001337 -16.033743 -0.469882 0.357343 191.628220 -14.959549 0.375018 0.442901 6.829525 -0.017519
29.134340 -16.160725 -0.591482 0.733650 192.510895 -15.208018 0.389598 0.506635 6.859357 -0.014235
29.251343 -16.255962 -0.673564 1.107207 193.285538 -15.425900 0.401560 0.544389 6.888625 -0.012532
29.385345 -16.353512 -0.731165 1.548494 194.168564 -15.676193 0.411929 0.572369 6.910543 -0.011070
29.502348 -16.430515 -0.747998 1.988696 194.946442 -15.899400 0.415840 0.588131 6.918927 -0.009798
29.635351 -16.509708 -0.738971 2.466809 195.831085 -16.158115 0.415325 0.590319 6.939178 -0.009536
29.752354 -16.577648 -0.693486 2.867836 196.611465 -16.387873 0.409713 0.568632 6.962912 -0.010038
29.885357 -16.656197 -0.618118 3.326294 197.500641 -16.651976 0.397546 0.506220 6.982810 -0.007700
30.002359 -16.698816 -0.512781 3.678272 198.283615 -16.887239 0.383943 0.419014 6.989205 -0.004311
30.135363 -16.723698 -0.346047 3.975888 199.178726 -17.161346 0.366851 0.294172 6.985375 -0.001762
30.252365 -16.722082 -0.159260 4.186815 199.952484 -17.402096 0.351422 0.184538 6.989618 0.001900
30.386368 -16.702490 0.080461 4.401812 200.845963 -17.681850 0.336160 0.069028 6.982908 0.004018
30.502371 -16.673117 0.291754 4.526331 201.625931 -17.926804 0.327583 -0.014686 6.995117 0.004705
30.636374 -16.629553 0.529728 4.588646 202.513962 -18.205389 0.321666 -0.097987 7.000952 0.006651
30.752377 -16.573311 0.750094 4.541024 203.296036 -18.451103 0.320694 -0.170048 7.005030 0.008856
30.886379 -16.501890 0.989849 4.424189 204.185425 -18.732603 0.323076 -0.265063 7.022298 0.010993
31.003382 -16.430019 1.193539 4.244986 204.969223 -18.983130 0.329326 -0.359512 7.040426 0.012507
31.136385 -16.333933 1.411818 4.006154 205.861649 -19.268585 0.340340 -0.469269 7.041917 0.013402
31.253387 -16.248917 1.598979 3.736057 206.646851 -19.518938 0.351893 -0.544816 7.042306 0.014074
31.386391 -16.120338 1.797888 3.416180 207.546722 -19.805824 0.366141 -0.592008 7.054318 0.021675
31.503393 -15.982382 1.953505 3.176638 208.334167 -20.056118 0.378734 -0.597951 7.071166 0.021283
31.637396 -15.817101 2.111169 2.917213 209.231781 -20.342098 0.391635 -0.579146 7.097813 0.023990
31.753399 -15.644676 2.229930 2.663132 210.024460 -20.596037 0.401031 -0.549689 7.124144 0.028874
31.887402 -15.420436 2.335891 2.350943 210.930206 -20.886160 0.406787 -0.503444 7.166500 0.031529
32.004402 -15.220349 2.417708 2.067816 211.731216 -21.141886 0.408909 -0.447354 7.203425 0.031237
32.137390 -14.983401 2.512942 1.716710 212.647476 -21.433750 0.406082 -0.360571 7.246075 0.034133
32.254379 -14.765404 2.602604 1.435120 213.458237 -21.690170 0.398579 -0.266748 7.277948 0.034395
32.387367 -14.504472 2.697237 1.154812 214.390793 -21.981737 0.386562 -0.141427 7.301838 0.036046
32.504356 -14.265090 2.775891 0.926533 215.201340 -22.233749 0.375061 -0.025968 7.325652 0.037649
32.637344 -13.977248 2.864587 0.693264 216.134048 -22.521282 0.359613 0.109946 7.351572 0.040521
32.754333 -13.709717 2.948449 0.596795 216.957291 -22.771048 0.345233 0.224007 7.354598 0.041205
32.888321 -13.391476 3.019107 0.478817 217.901901 -23.055738 0.328883 0.343302 7.377051 0.042922
33.004311 -13.108131 3.068694 0.350859 218.729980 -23.302439 0.314154 0.430134 7.392709 0.044549
33.138298 -12.757866 3.113827 0.286762 219.674484 -23.579597 0.300198 0.504629 7.406137 0.047285
33.254288 -12.438563 3.153151 0.298708 220.507629 -23.820803 0.290012 0.543154 7.417603 0.047822
33.388275 -12.069272 3.197731 0.442877 221.455750 -24.090860 0.280176 0.557357 7.414169 0.046448
33.505264 -11.742773 3.230457 0.605170 222.291061 -24.327234 0.274691 0.548135 7.421478 0.047504
33.638252 -11.354634 3.286488 0.865559 223.240585 -24.593050 0.269886 0.518457 7.411149 0.050666
33.755241 -10.992655 3.358355 1.142885 224.076904 -24.822828 0.267513 0.478731 7.418652 0.052516
33.888229 -10.575225 3.454127 1.406227 225.034637 -25.083590 0.266856 0.418369 7.399383 0.053163
34.005219 -10.194190 3.559782 1.684365 225.861115 -25.304926 0.267276 0.355984 7.358506 0.055988
34.139206 -9.747033 3.676641 1.941920 226.819809 -25.556292 0.268467 0.275212 7.325646 0.055633
34.256195 -9.362806 3.760763 2.107826 227.646423 -25.771692 0.268619 0.201637 7.292389 0.054402
34.390182 -8.939413 3.853501 2.314131 228.584732 -26.009161 0.267864 0.109206 7.270199 0.052492
34.506172 -8.570069 3.923467 2.520892 229.409576 -26.212587 0.266876 0.017658 7.254943 0.052158
34.640160 -8.160335 3.993928 2.725545 230.344116 -26.439093 0.266023 -0.097007 7.220294 0.051936
34.757149 -7.803340 4.033216 2.837833 231.163391 -26.634155 0.263957 -0.195195 7.189845 0.050771
34.890137 -7.420455 4.033076 2.922203 232.093536 -26.852074 0.259967 -0.293653 7.177574 0.048612
35.007126 -7.095060 3.998261 2.983393 232.910751 -27.040091 0.257291 -0.359698 7.159033 0.047367
35.140114 -6.726998 3.927157 3.087307 233.837891 -27.248449 0.254948 -0.411787 7.138699 0.047195
35.257103 -6.414998 3.840705 3.143036 234.652420 -27.426975 0.253955 -0.440159 7.114250 0.044762
35.390091 -6.066474 3.739558 3.156947 235.583908 -27.628424 0.254179 -0.459151 7.110241 0.046143
35.507080 -5.770152 3.657063 3.145586 236.397537 -27.801785 0.255609 -0.469274 7.112338 0.044747
35.641068 -5.448356 3.573169 3.020389 237.323441 -27.994802 0.258650 -0.477238 7.117557 0.040962
35.758057 -5.182293 3.512199 2.923998 238.140076 -28.161007 0.260913 -0.475178 7.125847 0.039773
35.891045 -4.874692 3.440207 2.878471 239.069122 -28.344490 0.263555 -0.452040 7.124919 0.039671
36.008034 -4.624060 3.400144 2.825578 239.887695 -28.502136 0.264306 -0.406692 7.122226 0.037344
36.141022 -4.355806 3.359460 2.709385 240.820557 -28.677589 0.262563 -0.329018 7.151025 0.036058
36.258011 -4.109911 3.327435 2.621247 241.644165 -28.827841 0.259572 -0.247593 7.157915 0.037533
36.390999 -3.863730 3.305361 2.517917 242.589417 -28.995365 0.253303 -0.144669 7.172691 0.030491
36.507988 -3.669135 3.322096 2.438254 243.408966 -29.136124 0.244769 -0.047990 7.165650 0.029882
36.640976 -3.451596 3.354411 2.417001 244.356155 -29.291515 0.233298 0.077440 7.165820 0.028689
36.757965 -3.263490 3.398748 2.433187 245.177185 -29.423086 0.222229 0.190440 7.171290 0.028584
36.891953 -3.064308 3.469049 2.408517 246.125717 -29.570274 0.208750 0.318639 7.157514 0.024609
37.007942 -2.916880 3.569613 2.297333 246.953461 -29.695362 0.196536 0.411310 7.150167 0.022691
37.141930 -2.768641 3.686035 2.250393 247.893494 -29.831230 0.181358 0.486069 7.135191 0.018314
37.257919 -2.647244 3.784370 2.253327 248.719025 -29.946301 0.168832 0.519818 7.111933 0.018391
37.391907 -2.520009 3.905126 2.211178 249.656281 -30.074358 0.157271 0.524332 7.107170 0.015501
37.508896 -2.419398 4.022178 2.189268 250.480576 -30.183783 0.148392 0.506387 7.101039 0.014624
37.641884 -2.298097 4.133311 2.208932 251.415161 -30.305498 0.138795 0.471567 7.074535 0.015984
37.758873 -2.200821 4.218753 2.229090 252.234680 -30.410393 0.131758 0.436260 7.049367 0.013699
37.875862 -2.118776 4.289837 2.118629 253.052582 -30.512756 0.126674 0.397141 7.042004 0.013622
38.008850 -2.025521 4.336553 1.950748 253.980957 -30.624050 0.123811 0.341908 7.022919 0.014218
38.125839 -1.947103 4.371002 1.744797 254.796066 -30.722124 0.121627 0.275707 7.003486 0.014592
38.258827 -1.857916 4.395288 1.538515 255.725647 -30.830431 0.120034 0.176547 6.974174 0.013770
38.375816 -1.781389 4.380407 1.365865 256.527344 -30.920511 0.120302 0.072020 6.946465 0.014076
38.508804 -1.682934 4.345865 1.195258 257.451080 -31.019472 0.122368 -0.059583 6.921484 0.014568
38.625793 -1.605076 4.310572 1.056537 258.249847 -31.101612 0.126298 -0.172642 6.917430 0.013923
38.759781 -1.501582 4.262040 0.917924 259.171783 -31.193090 0.133457 -0.289447 6.908702 0.015297
38.875771 -1.407733 4.213891 0.798890 259.976624 -31.270813 0.141099 -0.371103 6.908328 0.016595
39.009758 -1.290601 4.156054 0.678007 260.890533 -31.358091 0.150348 -0.437381 6.898329 0.016600
39.126747 -1.192821 4.117493 0.582392 261.692932 -31.433270 0.157210 -0.474972 6.885975 0.014933
39.259735 -1.087663 4.080072 0.523680 262.603607 -31.515869 0.160523 -0.500096 6.868493 0.013745
39.376724 -0.997948 4.056435 0.514915 263.402740 -31.585806 0.161201 -0.506978 6.850017 0.014071
39.509712 -0.914174 4.037961 0.452138 264.317352 -31.663467 0.159365 -0.489018 6.846656 0.010983
39.626701 -0.846655 4.047733 0.404486 265.107574 -31.727665 0.153709 -0.440301 6.824688 0.010864
39.759689 -0.771969 4.072092 0.358371 266.018127 -31.800598 0.143661 -0.338096 6.807662 0.008415
39.876678 -0.719440 4.101439 0.332955 266.811523 -31.863556 0.130701 -0.219431 6.796733 0.007989
40.010666 -0.658336 4.138775 0.393240 267.711456 -31.931078 0.114456 -0.073591 6.773341 0.007009
40.127655 -0.610582 4.188355 0.460889 268.500092 -31.988073 0.102203 0.042535 6.748311 0.006397
40.260643 -0.566734 4.243473 0.562013 269.392120 -32.050121 0.090401 0.151105 6.698876 0.003623
40.377632 -0.542119 4.274232 0.705043 270.170990 -32.103386 0.081209 0.224474 6.653098 0.001039
40.510620 -0.507343 4.271127 0.902952 271.049469 -32.161083 0.072640 0.285243 6.591360 0.002217
40.627609 -0.481016 4.207832 1.188426 271.816650 -32.209335 0.069870 0.315300 6.553874 0.000734
40.760597 -0.462576 4.099051 1.511592 272.690247 -32.263203 0.071459 0.322040 6.514558 0.000598
40.877586 -0.444527 3.988281 1.716635 273.442657 -32.307899 0.075643 0.305731 6.487539 0.000819
41.010574 -0.425389 3.814471 1.931803 274.308258 -32.357491 0.081394 0.268953 6.458639 0.000206
41.127563 -0.411690 3.610946 2.095029 275.054749 -32.399471 0.088067 0.227720 6.438938 0.000152
41.261551 -0.391922 3.328359 2.250170 275.914948 -32.446404 0.097671 0.173774 6.420556 0.001953
41.377541 -0.374391 3.037679 2.358625 276.665100 -32.485973 0.105886 0.125973 6.420894 0.000831
41.511528 -0.382065 2.687017 2.419290 277.518860 -32.529175 0.115905 0.077594 6.429256 -0.004425
41.627518 -0.418754 2.382634 2.433216 278.270508 -32.566013 0.124079 0.043302 6.430859 -0.006218
41.761509 -0.464595 2.060741 2.419039 279.126160 -32.605293 0.130535 0.008109 6.448072 -0.005580
41.878498 -0.515684 1.806861 2.314208 279.880035 -32.638348 0.134421 -0.027892 6.451898 -0.007007
42.011486 -0.580363 1.555234 2.143274 280.745239 -32.674622 0.137802 -0.081510 6.471716 -0.007858
42.128475 -0.639913 1.378555 1.952060 281.495544 -32.704586 0.138846 -0.132125 6.474262 -0.009192
42.261463 -0.731668 1.212761 1.655639 282.362793 -32.737663 0.139825 -0.181452 6.477377 -0.011934
42.378452 -0.828600 1.107292 1.366307 283.114380 -32.764229 0.138408 -0.205451 6.487557 -0.013557
42.512440 -0.964331 1.054796 1.022467 283.983704 -32.792542 0.135717 -0.209299 6.491650 -0.018905
42.628429 -1.093527 1.049486 0.746263 284.742676 -32.815338 0.131459 -0.193353 6.489176 -0.017389
42.762417 -1.254291 1.127566 0.392186 285.604095 -32.840309 0.126542 -0.151390 6.478529 -0.019793
42.879406 -1.407371 1.233296 0.080522 286.361664 -32.861202 0.120686 -0.094098 6.477405 -0.022309
43.012394 -1.586857 1.378049 -0.258587 287.220703 -32.883839 0.113316 -0.014087 6.451382 -0.023728
43.129383 -1.754174 1.511887 -0.543570 287.973999 -32.901985 0.105238 0.051724 6.430606 -0.024477
43.262371 -1.951008 1.664994 -0.892403 288.832581 -32.922749 0.096512 0.104300 6.389631 -0.023737
43.379360 -2.124373 1.791971 -1.192388 289.571564 -32.939907 0.089538 0.127186 6.359251 -0.024590
43.512348 -2.327034 1.899464 -1.518689 290.420258 -32.959782 0.080829 0.138687 6.316481 -0.024584
43.629337 -2.503493 1.978295 -1.745221 291.150726 -32.976543 0.075396 0.144603 6.287810 -0.025376
43.763325 -2.708183 2.015994 -1.872650 291.991608 -32.995827 0.072138 0.149495 6.265683 -0.025734
43.879314 -2.875200 2.011855 -1.972502 292.722168 -33.013767 0.070740 0.148080 6.235901 -0.023952
44.013302 -3.055510 1.960886 -2.041955 293.549835 -33.035194 0.069979 0.141783 6.215956 -0.022754
44.130291 -3.221359 1.882054 -2.083627 294.276184 -33.054939 0.071528 0.134005 6.208958 -0.026093
44.263279 -3.426095 1.735332 -2.087094 295.101044 -33.078533 0.075696 0.117355 6.201173 -0.028085
44.380268 -3.611243 1.560613 -2.033888 295.824768 -33.100536 0.079001 0.087733 6.183314 -0.027581
44.513256 -3.828686 1.322725 -1.950048 296.646149 -33.126717 0.082867 0.032573 6.173380 -0.029353
44.630245 -4.018155 1.088948 -1.828324 297.367523 -33.148975 0.086697 -0.022843 6.161882 -0.028680
44.763233 -4.245865 0.846083 -1.641132 298.192139 -33.175472 0.093641 -0.072928 6.157836 -0.030181
44.880222 -4.450295 0.672126 -1.441426 298.905945 -33.200771 0.100039 -0.093649 6.155792 -0.030973
45.013210 -4.688712 0.498800 -1.216315 299.729706 -33.231853 0.106299 -0.096767 6.150821 -0.031340
45.130199 -4.910743 0.384077 -1.049803 300.448669 -33.262455 0.110085 -0.091673 6.149124 -0.033743
45.264187 -5.173388 0.294415 -0.854301 301.265656 -33.297741 0.114021 -0.082957 6.146465 -0.034759
45.380177 -5.408185 0.259443 -0.719969 301.984619 -33.328911 0.116016 -0.073926 6.152638 -0.035609
45.514164 -5.686376 0.272458 -0.611043 302.801605 -33.364746 0.116014 -0.062400 6.149626 -0.036459
45.631153 -5.925142 0.315719 -0.534294 303.519958 -33.397739 0.112668 -0.057654 6.143202 -0.034179
45.764141 -6.196451 0.405015 -0.394548 304.335205 -33.434761 0.106920 -0.064576 6.127485 -0.036591
45.881130 -6.456373 0.527956 -0.273820 305.055878 -33.469883 0.100268 -0.084396 6.106447 -0.039269
46.014118 -6.755541 0.679252 -0.193902 305.859436 -33.512138 0.092694 -0.117060 6.085078 -0.040051
46.131107 -7.020073 0.834314 -0.204548 306.574768 -33.551991 0.086825 -0.149233 6.066164 -0.040009
46.264095 -7.329360 1.051253 -0.257003 307.378510 -33.599602 0.081904 -0.177355 6.044999 -0.040746
46.381084 -7.593032 1.251136 -0.297235 308.077057 -33.640598 0.078390 -0.184146 6.022773 -0.039223
46.515072 -7.906459 1.477811 -0.399737 308.881500 -33.690380 0.075255 -0.161989 6.009679 -0.040565
46.631062 -8.180799 1.640369 -0.517247 309.581818 -33.733646 0.071901 -0.118735 5.987618 -0.041390
46.765049 -8.494403 1.778208 -0.665332 310.375305 -33.783363 0.067745 -0.054447 5.970347 -0.040482
46.882038 -8.779493 1.852309 -0.875595 311.071930 -33.831100 0.064517 -0.002040 5.967612 -0.041572
47.015026 -9.116079 1.903961 -1.094483 311.863892 -33.886681 0.062975 0.040268 5.972742 -0.044517
47.132015 -9.414339 1.926469 -1.316776 312.559814 -33.938087 0.061965 0.058840 5.960040 -0.044281
47.265003 -9.773085 1.924824 -1.597801 313.355652 -34.001301 0.062772 0.062015 5.955389 -0.045291
47.381992 -10.074643 1.888570 -1.852565 314.044373 -34.057053 0.064014 0.056103 5.956980 -0.043849
47.514980 -10.424565 1.813071 -2.115183 314.840118 -34.123165 0.065235 0.048362 5.958520 -0.044954
47.631969 -10.732899 1.728029 -2.355428 315.535004 -34.182865 0.066094 0.051432 5.966824 -0.044946
47.765957 -11.094223 1.623450 -2.632413 316.325531 -34.254910 0.066971 0.071140 5.973250 -0.046656
47.881947 -11.410204 1.531464 -2.863181 317.021881 -34.320587 0.068332 0.101352 5.982025 -0.044340
48.015934 -11.766597 1.456437 -3.059088 317.814484 -34.396809 0.069344 0.137869 5.992339 -0.047358
48.131924 -12.098239 1.402793 -3.227718 318.511902 -34.466125 0.068255 0.162337 5.990253 -0.050410
48.265911 -12.476571 1.371163 -3.335973 319.304382 -34.546818 0.065150 0.179480 5.989849 -0.048464
48.382900 -12.806647 1.379977 -3.399030 320.001526 -34.620438 0.061253 0.192028 5.992629 -0.048946
48.499889 -13.143501 1.397164 -3.443357 320.697815 -34.697041 0.055890 0.211676 5.987372 -0.051926
48.632877 -13.554343 1.442927 -3.455987 321.488800 -34.786755 0.051751 0.244398 5.983364 -0.055154
48.749866 -13.925354 1.526399 -3.408363 322.183899 -34.865990 0.051299 0.273841 5.973964 -0.056788
48.882854 -14.344837 1.656770 -3.322445 322.977905 -34.959641 0.053137 0.291877 5.964228 -0.054115
48.999844 -14.697039 1.792669 -3.253527 323.664124 -35.044239 0.055754 0.280466 5.957817 -0.053008
49.132832 -15.077402 1.971202 -3.159366 324.455597 -35.145420 0.059707 0.232481 5.950038 -0.048005
49.249821 -15.406522 2.165472 -3.115498 325.138733 -35.236809 0.063452 0.163822 5.936676 -0.050620
49.383808 -15.801829 2.396544 -3.110802 325.926117 -35.346294 0.065226 0.062077 5.928194 -0.052701
49.500797 -16.163258 2.591824 -3.127643 326.612305 -35.444389 0.063315 -0.040488 5.918548 -0.054393
49.633785 -16.578512 2.805136 -3.177536 327.391632 -35.558578 0.059654 -0.162224 5.923612 -0.053553
49.750774 -16.934120 2.967921 -3.285183 328.077087 -35.663074 0.055111 -0.266689 5.931295 -0.051104
49.883762 -17.347517 3.128939 -3.473026 328.856567 -35.785332 0.049175 -0.369292 5.928641 -0.053740
50.000751 -17.721786 3.245076 -3.676287 329.540833 -35.896675 0.043756 -0.438599 5.921739 -0.053248
50.133739 -18.148331 3.337345 -3.925196 330.323761 -36.027176 0.036289 -0.487050 5.926866 -0.055457
50.250729 -18.532837 3.387548 -4.126614 331.002411 -36.142056 0.028212 -0.498351 5.936545 -0.055968
50.383717 -18.984203 3.419611 -4.367694 331.786560 -36.277367 0.017305 -0.472471 5.938700 -0.057203
50.500706 -19.384317 3.427755 -4.612621 332.464539 -36.397385 0.010184 -0.416164 5.928712 -0.057154
50.634693 -19.840651 3.400711 -4.938767 333.247253 -36.538815 0.004284 -0.321554 5.942268 -0.056635
50.750683 -20.242126 3.355676 -5.200994 333.932098 -36.663593 0.001086 -0.229975 5.956223 -0.058346
50.884670 -20.694599 3.287395 -5.474676 334.711212 -36.805981 0.002702 -0.129854 5.956982 -0.058722
51.000660 -21.103113 3.218608 -5.714460 335.397369 -36.934124 0.008295 -0.050749 5.969380 -0.059102
51.134647 -21.567240 3.177082 -5.960020 336.177338 -37.085247 0.017868 0.036958 5.974052 -0.059885
51.250637 -21.984764 3.167460 -6.150152 336.863922 -37.221554 0.028359 0.115198 5.984894 -0.060592
51.384624 -22.455370 3.174520 -6.302896 337.643982 -37.378971 0.042643 0.203362 5.982181 -0.059100
51.501614 -22.855234 3.212013 -6.414354 338.329956 -37.520470 0.056224 0.269016 5.991841 -0.058532
51.635605 -23.314596 3.310634 -6.520065 339.120850 -37.687035 0.072468 0.322251 5.986948 -0.060013
51.752594 -23.710407 3.422807 -6.584246 339.799255 -37.834347 0.084074 0.349299 5.983771 -0.058589
51.885582 -24.157139 3.572665 -6.685903 340.582001 -38.009102 0.093659 0.365787 5.983889 -0.057498
52.002571 -24.530643 3.720977 -6.704220 341.264740 -38.164394 0.097614 0.370330 5.989483 -0.054317
52.136559 -24.938934 3.921199 -6.675226 342.041595 -38.342316 0.098083 0.363988 5.986122 -0.053139
52.252548 -25.288433 4.108059 -6.627959 342.722931 -38.500645 0.094621 0.344534 5.971016 -0.052057
52.386536 -25.675945 4.313098 -6.618825 343.494995 -38.685040 0.087623 0.305754 5.969881 -0.050401
52.503525 -26.012411 4.498686 -6.691249 344.174042 -38.850296 0.079956 0.259103 5.974561 -0.048764
52.636513 -26.396412 4.724635 -6.807730 344.945648 -39.040779 0.069468 0.191567 5.973266 -0.049922
52.753502 -26.745459 4.924452 -6.951550 345.624298 -39.211246 0.059865 0.120437 5.985579 -0.050461
52.886490 -27.144348 5.123079 -7.188537 346.402069 -39.409016 0.051959 0.022994 5.987749 -0.049062
53.003479 -27.491270 5.288061 -7.358455 347.074951 -39.580853 0.048860 -0.067620 5.988006 -0.050398
53.136467 -27.905027 5.469188 -7.642065 347.850952 -39.782398 0.049105 -0.168806 5.983025 -0.050511
53.253456 -28.266300 5.609333 -7.894926 348.527161 -39.962029 0.053855 -0.237833 5.975920 -0.050523
53.387444 -28.674501 5.743545 -8.193001 349.295410 -40.167767 0.065875 -0.286162 5.973780 -0.049736
53.503433 -29.036268 5.850526 -8.447621 349.970612 -40.350552 0.082132 -0.306018 5.980317 -0.050259
53.637421 -29.437771 5.959337 -8.712141 350.737183 -40.559624 0.105026 -0.318649 5.967152 -0.048170
53.754410 -29.786074 6.045848 -8.949652 351.410675 -40.745903 0.127827 -0.329498 5.967107 -0.049257
53.887398 -30.178614 6.132133 -9.176520 352.174835 -40.960339 0.154022 -0.339796 5.967219 -0.047784
54.004387 -30.526661 6.176520 -9.351940 352.846344 -41.152817 0.175542 -0.335232 5.974368 -0.050323
54.137375 -30.919342 6.178484 -9.529407 353.611298 -41.374119 0.194682 -0.310306 5.997857 -0.049501
54.254364 -31.280102 6.130862 -9.679213 354.285248 -41.570801 0.207854 -0.272935 6.001210 -0.052011
54.387352 -31.703909 6.030042 -9.793690 355.058075 -41.796925 0.218407 -0.217590 6.012849 -0.054734
54.504341 -32.085682 5.937865 -9.932746 355.725616 -41.994099 0.222970 -0.157462 5.998941 -0.054564
54.638329 -32.529892 5.823042 -10.174532 356.495819 -42.225838 0.223907 -0.067728 6.008425 -0.054984
54.754318 -32.909916 5.718260 -10.362856 357.169220 -42.431152 0.221800 0.025483 6.020659 -0.054426
54.888306 -33.336559 5.624915 -10.538740 357.935455 -42.668911 0.217554 0.133151 6.042182 -0.053384
55.005295 -33.703392 5.558641 -10.650732 358.610718 -42.880356 0.213410 0.212302 6.054575 -0.052483
55.138283 -34.109097 5.512720 -10.776585 359.378784 -43.123241 0.211894 0.282642 6.054309 -0.050355
55.255272 -34.464241 5.480517 -10.877882 360.052856 -43.339264 0.214559 0.331780 6.044925 -0.052501
55.388260 -34.888103 5.466622 -10.980003 360.817230 -43.586899 0.221608 0.380449 6.039113 -0.054653
55.505249 -35.243942 5.493937 -11.061720 361.487915 -43.807232 0.232782 0.413508 6.030376 -0.050629
55.638237 -35.646641 5.547462 -11.223372 362.252899 -44.062958 0.250592 0.430531 6.018768 -0.049681
55.755226 -35.995487 5.592457 -11.420233 362.913391 -44.287640 0.268037 0.422234 6.014056 -0.048817
55.889214 -36.384262 5.624789 -11.555421 363.676331 -44.549343 0.288354 0.387177 6.020054 -0.049046
56.005203 -36.701328 5.649544 -11.633379 364.341339 -44.779659 0.305837 0.338360 6.015700 -0.044183
56.139191 -37.059147 5.669915 -11.708029 365.096985 -45.043262 0.326038 0.262562 6.017368 -0.046782
56.256180 -37.371559 5.650379 -11.776398 365.760193 -45.276211 0.342490 0.183872 6.006331 -0.045824
56.389168 -37.719410 5.594208 -11.816658 366.513000 -45.542587 0.357984 0.085833 6.004115 -0.046002
56.506157 -38.026329 5.531887 -11.846200 367.173340 -45.778934 0.369973 0.001222 5.991494 -0.044724
56.639145 -38.380280 5.434313 -11.908482 367.921814 -46.050762 0.380815 -0.090108 5.985858 -0.044660
56.756134 -38.671768 5.335557 -11.987044 368.579926 -46.292248 0.389825 -0.168012 5.994438 -0.041623
56.889122 -38.991322 5.212484 -12.073573 369.332245 -46.571609 0.400205 -0.262082 5.982511 -0.040656
57.006111 -39.256451 5.091558 -12.126632 369.981415 -46.817009 0.410845 -0.348770 5.986506 -0.038428
57.139099 -39.552845 4.932957 -12.143335 370.731262 -47.103756 0.421020 -0.455961 5.994758 -0.036443
57.256088 -39.798534 4.795322 -12.166209 371.385223 -47.357845 0.427488 -0.542463 5.998979 -0.036241
57.390076 -40.077194 4.664186 -12.192786 372.127350 -47.651005 0.433588 -0.615145 6.001685 -0.035870
57.506065 -40.306225 4.552544 -12.189590 372.779846 -47.911259 0.439781 -0.640073 6.008645 -0.032874
57.640053 -40.542824 4.414245 -12.110036 373.521484 -48.210850 0.448475 -0.614566 6.024575 -0.029521
57.757042 -40.722252 4.304730 -11.988574 374.173431 -48.477455 0.455211 -0.546030 6.018762 -0.027062
57.890030 -40.896515 4.171518 -11.832322 374.914612 -48.782616 0.464344 -0.420359 6.034114 -0.020667
58.007019 -41.015686 4.052087 -11.695313 375.567017 -49.054005 0.474828 -0.279535 6.049148 -0.017851
58.124008 -41.106369 3.941462 -11.504856 376.219604 -49.328480 0.485882 -0.118020 6.052985 -0.014025
58.256996 -41.180710 3.840542 -11.179697 376.961121 -49.644180 0.498663 0.068477 6.061487 -0.011238
58.373985 -41.223572 3.756868 -10.837994 377.611603 -49.926235 0.508417 0.217196 6.064045 -0.008659
58.506973 -41.236698 3.675088 -10.433126 378.356140 -50.253544 0.519067 0.347812 6.075280 -0.003947
58.623962 -41.235104 3.608978 -10.132683 378.999359 -50.541443 0.527948 0.423434 6.080366 -0.000885
58.756950 -41.206966 3.541007 -9.703900 379.743011 -50.878422 0.535983 0.472461 6.098937 0.000966
58.873940 -41.162827 3.476757 -9.301936 380.392853 -51.176342 0.539034 0.493064 6.118321 0.004582
59.007927 -41.089703 3.391487 -8.823243 381.132294 -51.520496 0.540973 0.505313 6.139425 0.007391
59.123917 -41.006149 3.305170 -8.361805 381.782806 -51.827927 0.541344 0.511024 6.155205 0.008852
59.257904 -40.897457 3.182685 -7.844464 382.522064 -52.182636 0.542237 0.506962 6.171102 0.011285
59.374893 -40.774639 3.047352 -7.380334 383.172913 -52.498520 0.544253 0.487063 6.183726 0.016292
59.507881 -40.616116 2.873780 -6.806162 383.911652 -52.861023 0.548369 0.441852 6.201000 0.017175
59.624870 -40.466606 2.697360 -6.236681 384.563568 -53.183128 0.552322 0.384228 6.221579 0.019553
59.757858 -40.258099 2.487595 -5.551920 385.305450 -53.555603 0.558086 0.307419 6.255755 0.025168
59.874847 -40.049271 2.297967 -4.980281 385.960175 -53.887917 0.565010 0.232790 6.286721 0.029758
60.007835 -39.785477 2.085898 -4.440506 386.710724 -54.275524 0.574534 0.137138 6.324821 0.034233
