1.20 1.10 20 64
0.134000 0.004098 0.197065 -0.089421 0.925285 -0.000202 -0.143679 -0.094745 6.771515 0.000934
0.251000 0.002007 0.760542 -0.231399 1.714977 0.000028 -0.103535 0.009832 6.717666 -0.002398
0.384000 -0.020778 1.756011 -0.295576 2.607302 0.001879 -0.018049 0.128941 6.614366 -0.002315
0.501000 -0.044705 2.809574 -0.372712 3.365454 0.004269 0.073812 0.225130 6.477338 -0.003252
0.635000 -0.075696 4.110904 -0.483039 4.223074 0.006575 0.182962 0.330394 6.346854 -0.003487
0.751000 -0.095786 5.225438 -0.585328 4.952356 0.007683 0.268411 0.416653 6.247854 -0.001465
0.885000 -0.104044 6.424954 -0.713269 5.783362 0.008790 0.345958 0.512511 6.170643 0.000906
1.001000 -0.111476 7.355118 -0.786882 6.502775 0.008819 0.389140 0.584042 6.135160 -0.000643
1.135000 -0.108414 8.232053 -0.840403 7.318532 0.009478 0.407967 0.640594 6.138163 0.000924
1.252000 -0.110179 8.813834 -0.917710 8.036903 0.010492 0.397700 0.661350 6.145340 0.001089
1.385000 -0.120743 9.238225 -1.001074 8.856102 0.011657 0.359804 0.655179 6.173332 -0.000014
1.501999 -0.128908 9.408566 -1.050350 9.581558 0.012517 0.307609 0.627652 6.212369 -0.000961
1.634999 -0.143342 9.337965 -1.076931 10.416924 0.011201 0.233257 0.568595 6.250900 -0.001417
1.751999 -0.152556 9.045590 -1.095480 11.151237 0.010053 0.159226 0.487570 6.292249 -0.001092
1.885999 -0.157484 8.477128 -1.185306 11.991684 0.006985 0.074248 0.357157 6.339137 0.001718
2.001999 -0.157234 7.792687 -1.202980 12.737204 0.003808 0.008589 0.217709 6.393217 -0.000145
2.135999 -0.161948 6.891080 -1.246218 13.592449 -0.001701 -0.047515 0.043648 6.455023 -0.000597
2.251999 -0.170904 6.032717 -1.297283 14.351096 -0.006803 -0.075401 -0.107102 6.507802 -0.000375
2.385998 -0.196823 5.054898 -1.311243 15.221464 -0.012115 -0.077727 -0.270656 6.567037 -0.004283
2.501998 -0.230544 4.247336 -1.313615 15.993944 -0.015668 -0.050914 -0.400786 6.622392 -0.004758
2.635998 -0.283060 3.440185 -1.386383 16.885492 -0.021526 0.008715 -0.531604 6.680373 -0.006224
2.752998 -0.327568 2.882167 -1.497109 17.662195 -0.028189 0.081868 -0.620785 6.709767 -0.005574
2.885998 -0.384423 2.423152 -1.618319 18.563013 -0.038454 0.178235 -0.688559 6.728456 -0.006467
3.002998 -0.437817 2.176536 -1.734133 19.350887 -0.047111 0.262010 -0.707827 6.735815 -0.007724
3.135998 -0.500979 2.046992 -1.825961 20.247829 -0.056022 0.345788 -0.679806 6.753169 -0.008060
3.252998 -0.557527 2.067879 -1.841648 21.032364 -0.060869 0.404555 -0.615452 6.770009 -0.008522
3.386997 -0.628260 2.221814 -1.791625 21.941833 -0.063689 0.447832 -0.509573 6.798395 -0.009687
3.502997 -0.691800 2.429357 -1.757235 22.738592 -0.066401 0.460068 -0.410728 6.818279 -0.009848
3.636997 -0.762481 2.713004 -1.682521 23.646919 -0.068932 0.442387 -0.304367 6.837043 -0.008406
3.753997 -0.810045 2.994229 -1.559262 24.447809 -0.071793 0.402409 -0.219334 6.848659 -0.008531
3.886997 -0.865016 3.300482 -1.350038 25.358938 -0.075702 0.334484 -0.121288 6.843577 -0.009073
4.003997 -0.921133 3.541503 -1.152212 26.158199 -0.079440 0.260149 -0.029902 6.824087 -0.011199
4.136997 -0.988602 3.759428 -0.881413 27.069242 -0.082395 0.168719 0.084551 6.780066 -0.011403
4.253998 -1.053626 3.886640 -0.624360 27.861063 -0.083395 0.092127 0.185019 6.757135 -0.012101
4.386998 -1.139961 3.944660 -0.353845 28.756008 -0.084619 0.015984 0.298972 6.715052 -0.013464
4.503999 -1.215137 3.931223 -0.140938 29.539289 -0.088321 -0.034288 0.396426 6.681287 -0.012870
4.638000 -1.291435 3.831224 0.155675 30.425089 -0.093429 -0.064504 0.503509 6.649428 -0.014472
4.754000 -1.389660 3.684786 0.385649 31.201326 -0.099721 -0.065594 0.581599 6.624498 -0.017878
4.888000 -1.521590 3.479917 0.626348 32.079178 -0.107093 -0.039177 0.632349 6.583445 -0.020998
5.005001 -1.652241 3.263213 0.793200 32.848076 -0.116122 0.005879 0.627742 6.566143 -0.020408
5.138001 -1.784959 3.021914 1.038449 33.719788 -0.127487 0.074496 0.567006 6.539757 -0.018880
5.255002 -1.905506 2.812680 1.200264 34.482841 -0.137925 0.143631 0.482957 6.511521 -0.019378
5.388002 -2.045813 2.546681 1.349265 35.353394 -0.149989 0.222404 0.377354 6.492234 -0.019715
5.505003 -2.176005 2.304755 1.405903 36.105732 -0.162456 0.280928 0.293995 6.486565 -0.020944
5.638003 -2.340837 2.022217 1.422109 36.975769 -0.177318 0.331698 0.206981 6.504038 -0.022911
5.756004 -2.493790 1.779688 1.432626 37.731392 -0.190559 0.358382 0.135059 6.525668 -0.023919
5.889004 -2.682390 1.489784 1.387901 38.608574 -0.205243 0.367845 0.045268 6.566202 -0.024558
6.006005 -2.851337 1.248158 1.295704 39.378983 -0.218363 0.356528 -0.041173 6.597672 -0.025300
6.139005 -3.040619 1.001893 1.163756 40.259613 -0.234671 0.322810 -0.152688 6.642012 -0.023833
6.255005 -3.202029 0.830938 1.032338 41.038578 -0.248347 0.278365 -0.256119 6.668297 -0.022936
6.389006 -3.376961 0.705126 0.863733 41.925961 -0.263182 0.218434 -0.373428 6.676437 -0.021822
6.506007 -3.523686 0.666411 0.678594 42.707241 -0.276933 0.164309 -0.462120 6.676461 -0.022354
6.639007 -3.701931 0.698188 0.365052 43.599724 -0.293050 0.108532 -0.539280 6.647662 -0.022015
6.756008 -3.854179 0.793850 0.065849 44.368572 -0.307337 0.069836 -0.579668 6.613859 -0.023272
6.889008 -4.035176 0.974075 -0.246733 45.251846 -0.323645 0.042051 -0.595001 6.566969 -0.022437
7.006009 -4.184179 1.165034 -0.531529 46.009827 -0.339285 0.032933 -0.579113 6.515129 -0.021079
7.140009 -4.351703 1.395535 -0.851575 46.877087 -0.360549 0.041540 -0.526355 6.444823 -0.020340
7.256010 -4.507810 1.615328 -1.152870 47.626694 -0.379757 0.062631 -0.457039 6.378322 -0.021863
7.390010 -4.685993 1.865882 -1.501519 48.470398 -0.402009 0.099691 -0.363704 6.317598 -0.022404
7.506011 -4.841667 2.058522 -1.812033 49.204739 -0.420982 0.138666 -0.279414 6.248636 -0.021343
7.640011 -5.013735 2.202564 -2.043210 50.030582 -0.442235 0.183796 -0.178234 6.183994 -0.021775
7.757012 -5.181583 2.256972 -2.187768 50.751572 -0.460223 0.220023 -0.079007 6.151795 -0.026001
7.890012 -5.378974 2.237567 -2.317817 51.573849 -0.481650 0.255262 0.055533 6.126278 -0.024809
8.007012 -5.562392 2.150528 -2.406212 52.283154 -0.501715 0.276514 0.183817 6.114803 -0.028300
8.141013 -5.783078 1.973218 -2.466905 53.101887 -0.526418 0.288193 0.334727 6.112104 -0.029095
8.257013 -5.973207 1.759524 -2.502727 53.811031 -0.548406 0.287835 0.450020 6.117055 -0.027970
8.391014 -6.192344 1.439298 -2.469819 54.632057 -0.575609 0.276793 0.556046 6.139860 -0.028875
8.507014 -6.372628 1.104062 -2.418796 55.350792 -0.601119 0.259092 0.617413 6.154634 -0.026965
8.641015 -6.586658 0.686794 -2.330617 56.170799 -0.630881 0.232886 0.653690 6.180693 -0.028624
8.757015 -6.768210 0.329758 -2.226425 56.894562 -0.656944 0.206257 0.657947 6.196258 -0.026776
8.891016 -6.967614 -0.046325 -2.104666 57.719257 -0.690334 0.177499 0.633892 6.209445 -0.025570
9.008017 -7.136003 -0.311425 -1.984407 58.445789 -0.722873 0.156509 0.586765 6.223033 -0.025086
9.141017 -7.330022 -0.516807 -1.816926 59.279209 -0.762660 0.141942 0.497634 6.226950 -0.025295
9.258018 -7.490791 -0.600392 -1.637679 60.000343 -0.799445 0.141278 0.392434 6.217731 -0.025061
9.391018 -7.681490 -0.582855 -1.536841 60.830944 -0.843571 0.152799 0.241824 6.192441 -0.024324
9.508018 -7.843792 -0.493193 -1.439950 61.545906 -0.882561 0.170365 0.097746 6.155821 -0.025147
9.626019 -8.014933 -0.351344 -1.327819 62.269943 -0.923579 0.192864 -0.055829 6.136907 -0.024833
9.759020 -8.209104 -0.145475 -1.143521 63.087982 -0.970281 0.222320 -0.224974 6.096436 -0.025458
9.876020 -8.383848 0.053904 -1.014323 63.791943 -1.012323 0.248691 -0.354863 6.070372 -0.026401
10.009021 -8.584835 0.284658 -0.808344 64.601784 -1.061729 0.274630 -0.479719 6.046971 -0.026996
10.126021 -8.754276 0.467132 -0.577809 65.300728 -1.105631 0.289572 -0.560651 6.032319 -0.025104
10.260022 -8.953331 0.667931 -0.369697 66.105919 -1.158946 0.295542 -0.626221 6.014546 -0.027134
10.376022 -9.131909 0.810164 -0.245788 66.807144 -1.208748 0.292493 -0.656668 6.008553 -0.027586
10.510023 -9.332787 0.931449 -0.202341 67.603386 -1.266970 0.278296 -0.656900 5.996631 -0.026721
10.626023 -9.509053 0.987899 -0.190965 68.302528 -1.320526 0.257716 -0.622474 5.993123 -0.025854
10.760024 -9.703098 0.984380 -0.229575 69.096893 -1.383395 0.228097 -0.542462 5.988825 -0.024661
10.877025 -9.874194 0.927892 -0.315864 69.795311 -1.440439 0.198432 -0.443625 5.989251 -0.024667
11.011025 -10.081868 0.816224 -0.516854 70.593758 -1.509183 0.167102 -0.305480 5.975334 -0.028523
11.127026 -10.273247 0.676485 -0.759366 71.284172 -1.569738 0.145224 -0.177565 5.971603 -0.028384
11.260026 -10.492334 0.479437 -1.089147 72.080910 -1.640914 0.126990 -0.029614 5.968408 -0.028450
11.377027 -10.682547 0.291000 -1.369120 72.769905 -1.703555 0.120251 0.086879 5.962072 -0.028757
11.511027 -10.913618 0.088224 -1.718056 73.564407 -1.777964 0.123130 0.206532 5.952701 -0.030170
11.627027 -11.112019 -0.091205 -1.948847 74.256882 -1.844861 0.132178 0.298182 5.940109 -0.028374
11.761027 -11.330438 -0.277968 -2.175285 75.042381 -1.924067 0.151051 0.391370 5.934802 -0.028589
11.878028 -11.522950 -0.417842 -2.364017 75.732841 -1.996326 0.174010 0.456941 5.933740 -0.030866
12.011028 -11.756825 -0.560823 -2.564980 76.516800 -2.080335 0.203831 0.503353 5.924215 -0.030792
12.128029 -11.973348 -0.658945 -2.697803 77.204361 -2.155989 0.230616 0.513186 5.904899 -0.032968
12.261029 -12.235470 -0.770792 -2.839211 77.983261 -2.245665 0.255538 0.492762 5.887290 -0.034382
12.378030 -12.471208 -0.853450 -2.924943 78.666504 -2.326064 0.270034 0.457141 5.871078 -0.036264
12.511030 -12.759089 -0.928429 -2.930273 79.447433 -2.419549 0.276262 0.406257 5.868179 -0.037730
12.628031 -13.019956 -0.951635 -2.947897 80.122353 -2.502887 0.273212 0.358176 5.858308 -0.039645
12.762032 -13.315439 -0.959328 -2.988360 80.900978 -2.601647 0.261266 0.294517 5.855056 -0.038190
12.878032 -13.567054 -0.948390 -2.979010 81.573532 -2.688710 0.242789 0.229064 5.839010 -0.038127
13.012033 -13.865959 -0.907806 -2.920663 82.348412 -2.791878 0.217523 0.134181 5.827404 -0.039964
13.129033 -14.140108 -0.833907 -2.790728 83.022652 -2.883631 0.194736 0.035983 5.807253 -0.040795
13.262033 -14.449050 -0.725696 -2.574647 83.785187 -2.990337 0.171952 -0.085014 5.775891 -0.039813
13.379034 -14.713510 -0.598079 -2.334217 84.451736 -3.085580 0.155349 -0.185894 5.743488 -0.038904
13.512034 -15.016555 -0.439112 -1.988455 85.204536 -3.194512 0.140603 -0.285395 5.698343 -0.039235
13.629035 -15.276789 -0.291786 -1.748848 85.861542 -3.294881 0.134354 -0.356293 5.671788 -0.038695
13.762035 -15.575211 -0.132766 -1.458617 86.609451 -3.414808 0.135073 -0.426005 5.639183 -0.038671
13.879036 -15.841331 -0.002638 -1.177797 87.253365 -3.521158 0.140904 -0.473904 5.617337 -0.040411
14.013037 -16.140377 0.131664 -0.892005 87.993881 -3.646260 0.151646 -0.506251 5.592743 -0.040108
14.129037 -16.400026 0.228581 -0.724118 88.637375 -3.758575 0.163218 -0.504251 5.574550 -0.037687
14.263038 -16.703409 0.276574 -0.600251 89.366203 -3.889352 0.177688 -0.462958 5.562849 -0.040288
14.380038 -16.971685 0.272483 -0.492372 90.005791 -4.007083 0.190209 -0.398990 5.557367 -0.040720
14.513039 -17.284388 0.233688 -0.425643 90.738556 -4.143883 0.200877 -0.301215 5.568636 -0.041174
14.630039 -17.556042 0.174406 -0.401937 91.374367 -4.263286 0.204701 -0.205154 5.579776 -0.040881
14.763040 -17.863544 0.082251 -0.384116 92.104797 -4.401855 0.203674 -0.088438 5.597127 -0.039936
14.880040 -18.139196 -0.006529 -0.401822 92.749062 -4.527492 0.199490 0.008434 5.616290 -0.042097
15.013041 -18.457056 -0.122372 -0.514458 93.488007 -4.674397 0.190872 0.105746 5.627380 -0.041408
15.130041 -18.722281 -0.224821 -0.669359 94.128670 -4.804988 0.181226 0.174534 5.644060 -0.040179
15.263041 -19.039717 -0.324694 -0.871286 94.870956 -4.959126 0.170263 0.240789 5.664765 -0.041917
15.380042 -19.324772 -0.383864 -1.083953 95.519318 -5.096516 0.162725 0.288803 5.663911 -0.041964
15.514043 -19.641897 -0.394274 -1.364588 96.256386 -5.255305 0.155474 0.334643 5.672351 -0.041062
15.630043 -19.915470 -0.362171 -1.591537 96.905281 -5.396181 0.149662 0.365926 5.676451 -0.040214
15.764044 -20.211304 -0.292137 -1.817921 97.641945 -5.557718 0.145390 0.393239 5.669526 -0.038411
15.881044 -20.477570 -0.194378 -2.018485 98.288391 -5.702106 0.145038 0.407089 5.657219 -0.040811
16.014044 -20.791153 -0.044424 -2.254687 99.021683 -5.868005 0.146292 0.405320 5.646592 -0.041410
16.131046 -21.080145 0.100957 -2.456693 99.665268 -6.013608 0.147677 0.383433 5.632710 -0.043297
16.265049 -21.417635 0.304042 -2.719849 100.399323 -6.182022 0.150586 0.333508 5.614507 -0.043499
16.381052 -21.702885 0.470143 -2.905830 101.031906 -6.330663 0.154429 0.273168 5.596678 -0.041617
16.514055 -22.029255 0.639743 -3.104944 101.759544 -6.504522 0.158330 0.186121 5.576629 -0.042490
16.631058 -22.325701 0.769360 -3.249755 102.387543 -6.656403 0.161036 0.101052 5.565466 -0.044723
16.765060 -22.678322 0.860636 -3.410390 103.109840 -6.834444 0.162555 -0.001691 5.545149 -0.046074
16.881063 -22.986649 0.898580 -3.563460 103.739441 -6.991827 0.161385 -0.079116 5.545559 -0.044521
17.015066 -23.324009 0.923067 -3.756315 104.454170 -7.172898 0.156865 -0.143772 5.545155 -0.044267
17.132069 -23.614683 0.923272 -3.916464 105.082825 -7.333706 0.152300 -0.180929 5.546835 -0.042947
17.265072 -23.943539 0.889477 -4.041072 105.795723 -7.519258 0.146535 -0.217530 5.535613 -0.042924
17.382074 -24.228472 0.826794 -4.119465 106.421249 -7.686634 0.139393 -0.257261 5.536128 -0.042340
17.515078 -24.550179 0.739208 -4.224952 107.137032 -7.883685 0.131783 -0.314515 5.546876 -0.041367
17.632080 -24.823336 0.682556 -4.307038 107.756668 -8.057375 0.124978 -0.362789 5.549864 -0.040446
17.765083 -25.140139 0.616095 -4.306881 108.471657 -8.261035 0.118897 -0.400750 5.545231 -0.041722
17.882086 -25.416443 0.548255 -4.241922 109.093285 -8.440942 0.114903 -0.406843 5.522729 -0.040855
18.015089 -25.728907 0.491248 -4.209662 109.798584 -8.648468 0.113149 -0.379481 5.530196 -0.041030
18.132092 -26.012318 0.464915 -4.112380 110.418892 -8.832344 0.112042 -0.330298 5.529498 -0.042258
18.266094 -26.338957 0.455608 -3.947766 111.123062 -9.044234 0.112770 -0.256472 5.530483 -0.043442
18.383097 -26.640411 0.480984 -3.779304 111.742058 -9.232996 0.115270 -0.188519 5.527851 -0.045481
18.516100 -26.980602 0.557953 -3.648474 112.442863 -9.451048 0.120919 -0.113134 5.514108 -0.044577
18.633102 -27.271393 0.653026 -3.542818 113.056633 -9.646384 0.126648 -0.051298 5.499398 -0.043401
18.766106 -27.618357 0.786921 -3.431922 113.757179 -9.873901 0.132253 0.018789 5.491259 -0.044960
18.883108 -27.910246 0.922796 -3.369028 114.361282 -10.074948 0.136608 0.077469 5.487830 -0.043735
19.016111 -28.243746 1.097604 -3.284477 115.057343 -10.311433 0.141428 0.140502 5.491899 -0.043255
19.133114 -28.529266 1.232694 -3.232244 115.659882 -10.518699 0.142348 0.185717 5.491307 -0.042935
19.267117 -28.850176 1.392204 -3.190730 116.354355 -10.762038 0.140562 0.223320 5.488407 -0.041816
19.383120 -29.142071 1.525934 -3.209244 116.958420 -10.978454 0.137223 0.240820 5.485492 -0.044698
19.517122 -29.489790 1.656829 -3.313022 117.644760 -11.227802 0.130609 0.247382 5.492096 -0.046117
19.634125 -29.803564 1.752109 -3.375926 118.247696 -11.449444 0.123224 0.248282 5.489487 -0.047488
19.767128 -30.166176 1.866256 -3.418261 118.932068 -11.704132 0.114212 0.253244 5.492923 -0.048596
19.884130 -30.500456 1.947269 -3.465720 119.533249 -11.931200 0.106801 0.266100 5.496474 -0.050822
20.001133 -30.865582 2.003829 -3.569463 120.133324 -12.162085 0.100532 0.284487 5.501467 -0.055483
20.134136 -31.294718 2.042347 -3.719539 120.814850 -12.427686 0.094635 0.303022 5.495568 -0.055696
20.251139 -31.680304 2.055323 -3.861833 121.412117 -12.664447 0.090166 0.306371 5.496106 -0.055774
20.384142 -32.118225 2.081131 -4.016570 122.090149 -12.937696 0.086071 0.286424 5.495847 -0.057266
20.501144 -32.514198 2.121587 -4.133108 122.685387 -13.180650 0.084782 0.245937 5.495235 -0.058479
20.634148 -32.978893 2.175797 -4.339261 123.364815 -13.462993 0.087008 0.174020 5.485147 -0.059621
20.751150 -33.389011 2.238111 -4.542611 123.951126 -13.711308 0.090249 0.094736 5.489150 -0.061148
20.884153 -33.883228 2.321547 -4.818663 124.626480 -14.002481 0.095206 -0.011953 5.487331 -0.064122
21.001156 -34.331203 2.370318 -5.081684 125.214729 -14.259540 0.100571 -0.107730 5.491294 -0.065225
21.135159 -34.841114 2.414238 -5.378575 125.881561 -14.554731 0.105972 -0.211375 5.479519 -0.065973
21.251162 -35.290936 2.444932 -5.616487 126.466339 -14.817924 0.110435 -0.291767 5.482086 -0.065317
21.385164 -35.811996 2.493602 -5.883816 127.130219 -15.122321 0.111559 -0.371397 5.498323 -0.067404
21.502167 -36.280891 2.541725 -6.056591 127.713455 -15.393680 0.110429 -0.427332 5.498375 -0.069733
21.635170 -36.833214 2.622930 -6.282954 128.376129 -15.706533 0.107265 -0.468721 5.514483 -0.072478
21.752172 -37.324657 2.711086 -6.523575 128.958496 -15.985379 0.101654 -0.477146 5.521547 -0.070654
21.885176 -37.871891 2.859972 -6.806893 129.624771 -16.309265 0.093569 -0.447834 5.533571 -0.068839
22.002178 -38.352684 3.003456 -7.047824 130.201569 -16.592461 0.086316 -0.388278 5.538725 -0.071148
22.136181 -38.914532 3.199784 -7.335586 130.867554 -16.921690 0.078059 -0.280752 5.549313 -0.071137
22.252184 -39.410423 3.368461 -7.637305 131.447113 -17.213207 0.070383 -0.162480 5.542018 -0.071332
22.386187 -39.968311 3.557338 -7.914495 132.104614 -17.546787 0.062256 -0.013450 5.548899 -0.069750
22.502190 -40.442806 3.733301 -8.087425 132.682709 -17.842506 0.056812 0.105811 5.548186 -0.069220
22.636192 -40.983784 3.938706 -8.209755 133.338715 -18.180429 0.054179 0.214110 5.542619 -0.069996
22.753195 -41.470779 4.104583 -8.320043 133.913116 -18.480608 0.054040 0.284166 5.537770 -0.072840
22.886198 -42.034069 4.286023 -8.448215 134.564606 -18.824600 0.054501 0.352342 5.538087 -0.072508
23.003201 -42.523689 4.435059 -8.541127 135.136581 -19.129290 0.057311 0.407773 5.542758 -0.071341
23.136204 -43.076691 4.585886 -8.637827 135.791245 -19.479980 0.060946 0.457370 5.540813 -0.071371
23.253206 -43.557262 4.693986 -8.785469 136.356033 -19.785923 0.063423 0.468393 5.537491 -0.069595
23.386209 -44.111050 4.815033 -8.954477 137.006882 -20.142509 0.066011 0.430055 5.538614 -0.070856
23.504211 -44.597157 4.907659 -9.097048 137.568619 -20.453897 0.069589 0.357346 5.535401 -0.072132
23.637215 -45.154572 4.991431 -9.316680 138.216568 -20.815012 0.076160 0.244840 5.533060 -0.068928
23.753218 -45.634022 5.060846 -9.542356 138.781021 -21.131594 0.081545 0.140987 5.529251 -0.068686
23.887220 -46.181561 5.125159 -9.836642 139.422028 -21.493210 0.086374 0.027850 5.541053 -0.068590
24.003223 -46.660030 5.182532 -10.143506 139.987000 -21.813515 0.091649 -0.059478 5.556435 -0.066189
24.137226 -47.201893 5.235539 -10.561474 140.629028 -22.179296 0.096518 -0.146131 5.558790 -0.066551
24.254229 -47.680626 5.271777 -10.989202 141.193451 -22.502563 0.100115 -0.209585 5.562095 -0.065097
24.387232 -48.214577 5.319973 -11.489937 141.836304 -22.872213 0.103687 -0.267421 5.584170 -0.062719
24.504234 -48.675652 5.362729 -11.919451 142.403397 -23.197851 0.106925 -0.303465 5.596081 -0.063165
24.637238 -49.202026 5.446974 -12.352437 143.053223 -23.570070 0.110278 -0.327945 5.582866 -0.062566
24.754240 -49.652294 5.523577 -12.782056 143.619507 -23.895437 0.113577 -0.338837 5.581435 -0.059350
24.888243 -50.144096 5.607440 -13.312304 144.262512 -24.265911 0.118752 -0.340093 5.580835 -0.056259
25.004246 -50.563519 5.674394 -13.788723 144.828690 -24.592434 0.123858 -0.324011 5.589553 -0.056113
25.138248 -51.046959 5.727523 -14.234547 145.471863 -24.961971 0.131851 -0.277471 5.568810 -0.057219
25.255251 -51.459934 5.780079 -14.623310 146.036072 -25.285078 0.141285 -0.218168 5.546246 -0.054944
25.388254 -51.908134 5.842021 -15.086688 146.674286 -25.651615 0.156012 -0.153125 5.526391 -0.050967
25.505257 -52.286743 5.875432 -15.498160 147.234512 -25.973696 0.171536 -0.119627 5.518524 -0.049328
25.638260 -52.686008 5.908800 -15.894405 147.875534 -26.340885 0.191140 -0.110396 5.498972 -0.045042
25.755262 -53.010567 5.958143 -16.289965 148.427414 -26.658911 0.209322 -0.110378 5.487243 -0.041202
25.889265 -53.340595 6.017050 -16.683090 149.063538 -27.025724 0.231009 -0.094362 5.475113 -0.035926
26.005268 -53.620426 6.065115 -16.970783 149.612228 -27.343061 0.248890 -0.058104 5.461056 -0.037601
26.139271 -53.936607 6.104967 -17.350414 150.244965 -27.711054 0.269812 0.011918 5.455715 -0.033664
26.255274 -54.195362 6.121012 -17.710899 150.796631 -28.031895 0.288599 0.093628 5.451314 -0.032534
26.389277 -54.462715 6.140196 -18.047577 151.424286 -28.396811 0.309351 0.210153 5.459942 -0.029210
26.505280 -54.680016 6.150707 -18.282080 151.975525 -28.718069 0.326188 0.323226 5.454057 -0.028840
26.639282 -54.915619 6.118579 -18.546993 152.600845 -29.085007 0.344389 0.444464 5.454043 -0.024840
26.756285 -55.091991 6.072485 -18.773741 153.150314 -29.409567 0.360550 0.521872 5.453373 -0.021341
26.889288 -55.262360 6.009871 -18.991440 153.773254 -29.779951 0.378951 0.563876 5.451518 -0.016219
27.006290 -55.388210 5.951346 -19.182119 154.321808 -30.107904 0.396294 0.560238 5.466781 -0.016245
27.140293 -55.512703 5.891397 -19.361805 154.954880 -30.489491 0.417629 0.517874 5.483200 -0.012418
27.257296 -55.605320 5.853249 -19.491756 155.499008 -30.820650 0.435213 0.458122 5.500478 -0.011458
27.390299 -55.683796 5.823456 -19.549429 156.128906 -31.206841 0.453223 0.369522 5.518478 -0.007990
27.507301 -55.727348 5.807323 -19.552721 156.679565 -31.546413 0.468126 0.281819 5.532032 -0.005279
27.641304 -55.751556 5.749058 -19.496099 157.305557 -31.934698 0.484508 0.173094 5.547628 -0.002702
27.758307 -55.758240 5.701416 -19.393784 157.856201 -32.278881 0.497248 0.075233 5.563849 -0.002375
27.891310 -55.746708 5.664984 -19.270248 158.482300 -32.675648 0.511045 -0.040590 5.582558 0.001452
28.008312 -55.722950 5.610278 -19.174459 159.033264 -33.028790 0.520751 -0.141546 5.608765 0.002971
28.141315 -55.668209 5.537698 -18.935211 159.661316 -33.434902 0.530796 -0.254505 5.632261 0.005025
28.258318 -55.596886 5.458306 -18.666500 160.212814 -33.795776 0.539639 -0.345455 5.639058 0.007543
28.391321 -55.475304 5.354051 -18.246950 160.844009 -34.213783 0.549585 -0.442042 5.660560 0.013579
28.508324 -55.340057 5.251682 -17.822851 161.390015 -34.580158 0.557969 -0.516475 5.684123 0.014859
28.641327 -55.162548 5.114819 -17.242435 162.022537 -35.008625 0.566964 -0.591475 5.710139 0.016797
28.759329 -54.992348 4.976401 -16.682255 162.574265 -35.387497 0.575290 -0.637522 5.732957 0.019864
28.892332 -54.774544 4.793561 -15.967893 163.202011 -35.823448 0.585683 -0.656520 5.758364 0.021663
29.008335 -54.562408 4.614021 -15.263869 163.755768 -36.211075 0.594447 -0.635234 5.790949 0.024326
29.142338 -54.294731 4.407340 -14.418560 164.386108 -36.657757 0.603256 -0.568047 5.830087 0.028526
29.259340 -54.031063 4.227681 -13.613080 164.944122 -37.054974 0.610922 -0.476164 5.865363 0.030991
29.376343 -53.750427 4.039805 -12.767190 165.502701 -37.456501 0.617778 -0.364598 5.891229 0.034628
29.509346 -53.405304 3.814322 -11.696444 166.138443 -37.920105 0.622846 -0.226551 5.931446 0.037548
29.637348 -53.047642 3.571392 -10.650079 166.755539 -38.377941 0.625338 -0.096125 5.976442 0.040994
29.759350 -52.702061 3.329366 -9.672503 167.340088 -38.817242 0.624815 0.020493 6.007395 0.040465
29.876352 -52.369503 3.059455 -8.704651 167.897369 -39.241245 0.621541 0.126784 6.057821 0.044014
30.009356 -51.940704 2.745373 -7.592090 168.543381 -39.738518 0.615825 0.249302 6.098713 0.051704
30.126358 -51.534710 2.471318 -6.642746 169.102081 -40.176708 0.609821 0.349033 6.137373 0.056447
30.259361 -51.028942 2.156051 -5.527889 169.747726 -40.691792 0.601660 0.450391 6.189277 0.063394
30.376364 -50.558445 1.871871 -4.520816 170.308868 -41.144272 0.595044 0.517868 6.228949 0.067172
30.509367 -49.975475 1.526103 -3.350745 170.960495 -41.674221 0.589152 0.573398 6.297314 0.073624
30.626369 -49.444447 1.210694 -2.338737 171.531631 -42.143082 0.584149 0.602846 6.331151 0.077892
30.760372 -48.803394 0.874872 -1.222007 172.181168 -42.684116 0.579673 0.615712 6.378513 0.083578
30.877375 -48.218029 0.582787 -0.258789 172.753189 -43.168575 0.576282 0.605273 6.434563 0.087397
31.010378 -47.525291 0.266933 0.784051 173.405045 -43.729042 0.574843 0.563822 6.490495 0.092726
31.127380 -46.882790 0.016895 1.689541 173.980240 -44.229130 0.576498 0.503447 6.534595 0.096832
31.260384 -46.127918 -0.235526 2.663440 174.641251 -44.807896 0.580294 0.412334 6.571987 0.100364
31.377386 -45.431332 -0.418367 3.466507 175.215103 -45.314690 0.585576 0.323746 6.619348 0.109024
31.510389 -44.580032 -0.595855 4.369251 175.880051 -45.905476 0.593105 0.210245 6.657444 0.113106
31.627392 -43.819408 -0.718154 5.086891 176.456772 -46.423153 0.599524 0.101151 6.695957 0.117028
31.761395 -42.911633 -0.823182 5.782897 177.122528 -47.027977 0.605968 -0.043699 6.725646 0.121604
31.877398 -42.095512 -0.895918 6.313605 177.699829 -47.555424 0.608182 -0.176364 6.749718 0.124460
32.011398 -41.148716 -0.941381 6.826719 178.367447 -48.167709 0.607101 -0.320576 6.768554 0.123989
32.127388 -40.317062 -0.945639 7.147754 178.950562 -48.705658 0.601771 -0.419697 6.788758 0.125193
32.261375 -39.369343 -0.906806 7.443325 179.614105 -49.319096 0.590069 -0.495671 6.792056 0.124789
32.378365 -38.539043 -0.853242 7.650888 180.197021 -49.857590 0.576825 -0.532992 6.774781 0.123209
32.511353 -37.604885 -0.773489 7.792840 180.857681 -50.469742 0.560098 -0.548362 6.762370 0.121987
32.628342 -36.787991 -0.695777 7.857026 181.436737 -51.007252 0.543458 -0.538535 6.745060 0.122242
32.761330 -35.853798 -0.600900 7.956832 182.098129 -51.618717 0.524075 -0.502375 6.703817 0.121294
32.878319 -35.056732 -0.543571 7.981636 182.666779 -52.144478 0.508205 -0.457460 6.660338 0.117974
33.012306 -34.156837 -0.505229 7.892052 183.320313 -52.747753 0.489361 -0.398415 6.622188 0.116585
33.128296 -33.371284 -0.508699 7.820203 183.889008 -53.269974 0.475355 -0.344912 6.581171 0.117299
33.262283 -32.487728 -0.551675 7.757885 184.532394 -53.857559 0.461827 -0.272614 6.527018 0.115049
33.378273 -31.730501 -0.620716 7.776847 185.095459 -54.368038 0.451964 -0.197787 6.473483 0.110383
33.512260 -30.902569 -0.747290 7.801600 185.730484 -54.943287 0.444498 -0.105643 6.413288 0.107409
33.629250 -30.184410 -0.884655 7.853421 186.283997 -55.442093 0.440354 -0.034228 6.336930 0.108565
33.762238 -29.370535 -1.058301 7.958108 186.909088 -55.999840 0.438770 0.030888 6.273316 0.105716
33.879227 -28.682966 -1.230955 7.991476 187.454117 -56.484703 0.440426 0.079184 6.206077 0.102402
34.012215 -27.906841 -1.431587 8.078526 188.073349 -57.031265 0.444218 0.140455 6.129186 0.100610
34.129204 -27.254820 -1.617624 8.125613 188.605072 -57.495327 0.449553 0.202200 6.050758 0.096646
34.262192 -26.529947 -1.855528 8.136536 189.213058 -58.023701 0.456085 0.274993 5.984469 0.091535
34.379181 -25.929783 -2.055415 8.190841 189.740540 -58.475506 0.461405 0.326186 5.905165 0.087865
34.513168 -25.279856 -2.267680 8.334088 190.336411 -58.979393 0.466028 0.366211 5.840607 0.084192
34.630157 -24.744825 -2.428738 8.463906 190.856750 -59.415283 0.468434 0.390181 5.773020 0.078355
34.763145 -24.180635 -2.588609 8.561333 191.443008 -59.902229 0.467449 0.416298 5.695360 0.070737
34.880135 -23.733788 -2.716329 8.647893 191.953522 -60.323517 0.463422 0.439574 5.625028 0.064688
35.013123 -23.268723 -2.845593 8.757006 192.527832 -60.793896 0.455957 0.460246 5.545531 0.059789
35.130112 -22.888798 -2.939849 8.899498 193.027405 -61.198956 0.447442 0.465654 5.464605 0.055786
35.263100 -22.497011 -3.030607 9.017836 193.593979 -61.653847 0.435802 0.454155 5.389592 0.048529
35.380089 -22.196449 -3.083628 9.075082 194.079666 -62.040710 0.423985 0.426097 5.329246 0.044679
35.513077 -21.885548 -3.108078 9.119491 194.635147 -62.480881 0.409539 0.363786 5.254671 0.038290
35.631069 -21.652040 -3.096624 9.046981 195.114822 -62.858501 0.397087 0.275915 5.194814 0.031121
35.764057 -21.425505 -3.052505 8.935101 195.655731 -63.279797 0.381413 0.132475 5.124488 0.027845
35.880047 -21.240957 -3.013164 8.861394 196.127304 -63.642479 0.369822 -0.015479 5.058029 0.026068
36.014034 -21.074894 -2.946783 8.722230 196.659012 -64.047516 0.356874 -0.184689 4.999982 0.018521
36.131023 -20.957525 -2.886793 8.513563 197.122879 -64.397888 0.347142 -0.311923 4.947476 0.014893
36.264011 -20.834848 -2.833790 8.252098 197.646622 -64.789604 0.338460 -0.425964 4.893452 0.013627
36.381001 -20.761177 -2.795144 7.969262 198.104614 -65.128548 0.331602 -0.497254 4.854559 0.005742
36.513988 -20.714878 -2.731272 7.604501 198.626648 -65.509735 0.323385 -0.552012 4.806155 0.002691
36.631981 -20.694836 -2.681876 7.302188 199.080566 -65.836029 0.317875 -0.578485 4.762897 0.000227
36.763969 -20.687843 -2.623259 6.948792 199.594940 -66.202805 0.312463 -0.592387 4.740935 -0.002617
36.880959 -20.709644 -2.570121 6.574735 200.042709 -66.518532 0.307634 -0.596688 4.712793 -0.007702
37.014950 -20.770422 -2.468260 6.014111 200.559631 -66.879013 0.300761 -0.592862 4.693381 -0.012100
37.130939 -20.850300 -2.378656 5.555706 201.012100 -67.188660 0.292790 -0.572362 4.681972 -0.016289
37.264927 -20.970196 -2.274836 5.041549 201.528366 -67.536850 0.282598 -0.510012 4.678590 -0.018990
37.381916 -21.096664 -2.163524 4.520627 201.983688 -67.840919 0.272786 -0.411959 4.680122 -0.023925
37.514904 -21.268297 -2.004543 3.912439 202.503540 -68.184128 0.260596 -0.252617 4.683899 -0.026900
37.631893 -21.430578 -1.855819 3.395564 202.962570 -68.483833 0.248116 -0.089795 4.687143 -0.027373
37.764881 -21.643667 -1.674356 2.808235 203.491074 -68.824760 0.232473 0.101936 4.697962 -0.032721
37.881870 -21.857723 -1.503620 2.202038 203.951797 -69.118843 0.217804 0.251069 4.722669 -0.035655
38.014858 -22.119772 -1.315695 1.481613 204.488220 -69.455833 0.201573 0.395753 4.740096 -0.037675
38.131847 -22.367226 -1.136979 0.816095 204.955811 -69.749649 0.186878 0.489407 4.767420 -0.040558
38.265835 -22.684839 -0.915280 0.091274 205.499954 -70.087440 0.170807 0.560757 4.789143 -0.043796
38.381824 -22.980507 -0.728207 -0.504306 205.979675 -70.380577 0.158217 0.588543 4.817278 -0.046285
38.515812 -23.326525 -0.518143 -1.114733 206.529984 -70.711243 0.144994 0.589037 4.835412 -0.047732
38.631802 -23.655649 -0.326653 -1.604810 207.018723 -71.001221 0.135538 0.573391 4.869650 -0.049948
38.765789 -24.033314 -0.110612 -2.094985 207.580109 -71.330444 0.127961 0.550709 4.907229 -0.049865
38.882778 -24.377748 0.072156 -2.477480 208.079025 -71.620537 0.122959 0.530479 4.946561 -0.051233
39.015766 -24.785290 0.271216 -2.870665 208.656158 -71.954460 0.119971 0.495636 4.995965 -0.053738
39.132755 -25.162769 0.438341 -3.182777 209.160919 -72.243622 0.118254 0.443571 5.029586 -0.058070
39.265743 -25.612669 0.620867 -3.429555 209.749878 -72.579193 0.115100 0.347519 5.084749 -0.059147
39.382732 -26.016605 0.774181 -3.538048 210.265869 -72.870415 0.111774 0.238951 5.126481 -0.060783
39.516720 -26.511349 0.936647 -3.642057 210.869232 -73.209442 0.107467 0.093662 5.191792 -0.065320
39.633709 -26.955389 1.088270 -3.669742 211.401840 -73.507278 0.101887 -0.034946 5.235279 -0.066289
39.766697 -27.473198 1.259400 -3.640839 212.014252 -73.849251 0.093531 -0.171815 5.306019 -0.069946
39.883686 -27.945522 1.416223 -3.553424 212.559036 -74.153580 0.083377 -0.278890 5.354386 -0.071366
40.016674 -28.487347 1.609692 -3.324910 213.185715 -74.500801 0.071230 -0.381208 5.412678 -0.072635
40.133663 -28.972256 1.809512 -3.099200 213.743103 -74.807663 0.062332 -0.452617 5.454995 -0.073718
40.266651 -29.536863 2.060260 -2.813398 214.383011 -75.157990 0.054080 -0.510322 5.506046 -0.076487
40.383640 -30.049131 2.294915 -2.519428 214.950195 -75.468124 0.047930 -0.540637 5.536528 -0.079135
40.500629 -30.559397 2.536700 -2.212512 215.521301 -75.778954 0.041355 -0.556186 5.570220 -0.077558
40.633617 -31.143471 2.782961 -1.773636 216.175781 -76.132721 0.036285 -0.562679 5.612227 -0.079762
40.750610 -31.675184 3.007067 -1.416377 216.761887 -76.448708 0.034184 -0.559775 5.665002 -0.080648
40.883598 -32.276436 3.288013 -1.164498 217.428284 -76.807251 0.033150 -0.538395 5.706423 -0.080539
41.000587 -32.804741 3.531443 -1.021554 218.013626 -77.121262 0.031433 -0.493640 5.742215 -0.080308
41.133575 -33.420773 3.778857 -0.936421 218.692596 -77.486313 0.029223 -0.401073 5.759720 -0.081664
41.250565 -33.969589 3.963127 -0.943140 219.288040 -77.806183 0.028079 -0.288817 5.791139 -0.081814
41.384552 -34.605701 4.126524 -1.035091 219.968903 -78.172287 0.025597 -0.132797 5.828000 -0.083461
41.500542 -35.192673 4.236858 -1.228090 220.572464 -78.494926 0.024358 0.012773 5.855055 -0.086733
41.634529 -35.903294 4.323684 -1.561380 221.261856 -78.862007 0.023347 0.177052 5.882251 -0.090906
41.751518 -36.540939 4.374568 -1.919940 221.871613 -79.185104 0.021414 0.304732 5.909193 -0.091036
41.884506 -37.290806 4.411259 -2.491663 222.567459 -79.553307 0.017863 0.424786 5.918678 -0.092545
42.001495 -37.961834 4.423594 -3.122866 223.181656 -79.877411 0.016161 0.501650 5.943666 -0.092661
42.135490 -38.736912 4.425335 -3.959324 223.887131 -80.249504 0.013580 0.557796 5.952086 -0.092580
42.251484 -39.428249 4.407583 -4.811756 224.498291 -80.571587 0.011350 0.576404 5.954164 -0.093870
42.384472 -40.251049 4.369674 -5.866271 225.204086 -80.943069 0.008436 0.561205 5.947046 -0.096872
42.501461 -40.995014 4.347391 -6.837395 225.813614 -81.263283 0.006295 0.519037 5.921991 -0.103005
42.635448 -41.875393 4.322227 -7.965481 226.514832 -81.630196 0.003892 0.445708 5.896742 -0.102426
42.752441 -42.664230 4.342266 -9.000540 227.123810 -81.948441 0.004104 0.374652 5.857638 -0.105132
42.885433 -43.576935 4.385969 -10.190397 227.812195 -82.308189 0.004211 0.295608 5.832412 -0.108696
43.002426 -44.390194 4.444826 -11.220467 228.413956 -82.622253 0.005240 0.231579 5.782409 -0.110643
43.135414 -45.327976 4.523384 -12.356109 229.091965 -82.975639 0.006126 0.155001 5.725623 -0.111946
43.252403 -46.157848 4.610885 -13.348519 229.683029 -83.283997 0.008814 0.077398 5.682569 -0.111326
43.385391 -47.099564 4.739188 -14.467851 230.348450 -83.631180 0.014702 -0.028228 5.622639 -0.111327
43.502380 -47.927357 4.871445 -15.400484 230.926926 -83.933823 0.022072 -0.132066 5.552098 -0.112351
43.635368 -48.886917 5.094860 -16.385408 231.581451 -84.278099 0.035181 -0.257403 5.483822 -0.113985
43.752357 -49.728149 5.296267 -17.167330 232.141800 -84.573364 0.049774 -0.361416 5.437238 -0.116689
43.885345 -50.690342 5.540634 -18.045485 232.780060 -84.911003 0.069416 -0.468649 5.350836 -0.113030
44.002335 -51.517044 5.753288 -18.776548 233.329147 -85.203369 0.087834 -0.536831 5.286931 -0.112647
44.136322 -52.457264 5.971893 -19.582104 233.944397 -85.532242 0.109798 -0.572791 5.222172 -0.113374
44.252312 -53.274853 6.125191 -20.247707 234.480408 -85.819473 0.130283 -0.561626 5.181810 -0.110930
44.387302 -54.200840 6.267828 -20.937765 235.084854 -86.145035 0.153311 -0.508273 5.143546 -0.111154
44.504295 -55.016628 6.351762 -21.522635 235.612885 -86.430260 0.173256 -0.438142 5.117455 -0.111725
44.637283 -55.960285 6.402808 -22.160978 236.219193 -86.756813 0.196181 -0.336939 5.090148 -0.112965
44.754276 -56.772114 6.434972 -22.705809 236.737289 -87.035645 0.218065 -0.233518 5.057466 -0.112276
44.887264 -57.695061 6.457016 -23.336319 237.331299 -87.356384 0.245076 -0.091576 5.027252 -0.109374
45.004253 -58.471405 6.438899 -23.875854 237.841934 -87.633125 0.268493 0.037336 4.993867 -0.106347
45.138241 -59.357883 6.371329 -24.516167 238.428513 -87.952423 0.296102 0.172226 4.974925 -0.106556
45.254230 -60.131729 6.270003 -25.052357 238.939590 -88.229507 0.320870 0.255892 4.955687 -0.105915
45.389221 -60.987087 6.107521 -25.637453 239.519455 -88.542686 0.349177 0.309613 4.958763 -0.103059
45.504215 -61.723831 5.935843 -26.106525 240.028488 -88.816963 0.374526 0.327828 4.929784 -0.101092
45.638203 -62.529800 5.710821 -26.596300 240.603104 -89.127754 0.403650 0.334239 4.902138 -0.096962
45.755192 -63.210239 5.493273 -26.923429 241.106796 -89.399940 0.430985 0.338295 4.883528 -0.095749
45.888180 -63.975342 5.226049 -27.227144 241.676361 -89.709557 0.464408 0.344168 4.872875 -0.095223
46.005169 -64.609001 4.972535 -27.478319 242.173447 -89.982353 0.495679 0.346768 4.830490 -0.089289
46.138157 -65.283386 4.680623 -27.794788 242.737854 -90.294197 0.532786 0.343093 4.806600 -0.083021
46.255146 -65.840187 4.453347 -28.046566 243.223450 -90.564430 0.565927 0.335499 4.779489 -0.078746
46.388134 -66.439964 4.219156 -28.249868 243.781784 -90.876289 0.602084 0.324295 4.762053 -0.073146
46.505123 -66.923950 4.029934 -28.419836 244.260300 -91.146538 0.631252 0.311653 4.721404 -0.068967
46.639111 -67.433281 3.818670 -28.488472 244.806198 -91.459084 0.661942 0.280704 4.681647 -0.064811
46.755100 -67.841805 3.648219 -28.423212 245.278992 -91.732903 0.686547 0.225534 4.654669 -0.058114
46.889088 -68.260910 3.449732 -28.346079 245.809723 -92.046074 0.712450 0.120744 4.618921 -0.053909
47.006077 -68.601059 3.280115 -28.205959 246.271255 -92.323135 0.734183 0.002203 4.594255 -0.049675
47.140068 -68.948990 3.103757 -27.965618 246.789841 -92.640862 0.757010 -0.142286 4.553257 -0.046280
47.256058 -69.232117 2.957636 -27.735619 247.239563 -92.923538 0.776428 -0.253692 4.524309 -0.041001
47.389046 -69.492241 2.803465 -27.381205 247.747421 -93.251060 0.795711 -0.350655 4.502435 -0.032849
47.506035 -69.672493 2.665153 -26.960272 248.181595 -93.538322 0.810900 -0.401405 4.471074 -0.028425
47.639023 -69.835869 2.485884 -26.346758 248.675507 -93.875687 0.825455 -0.426679 4.461632 -0.022308
47.756012 -69.941101 2.311062 -25.648285 249.100159 -94.175461 0.834485 -0.427566 4.431883 -0.017954
47.889999 -70.019867 2.087451 -24.740469 249.574890 -94.522606 0.841812 -0.419576 4.417838 -0.011171
48.006989 -70.049004 1.901065 -23.776833 249.985214 -94.834267 0.844019 -0.414333 4.394463 -0.007800
48.139980 -70.052193 1.661975 -22.495630 250.442780 -95.196770 0.840647 -0.411180 4.380172 -0.004560
48.255970 -70.029816 1.439447 -21.190804 250.836746 -95.522987 0.832612 -0.399038 4.366315 0.000078
48.389957 -69.976639 1.179397 -19.504744 251.274628 -95.903503 0.818318 -0.356807 4.362981 0.003826
48.506950 -69.913002 0.916482 -17.845341 251.653824 -96.249985 0.801275 -0.289549 4.352128 0.005567
48.639938 -69.835991 0.581773 -15.802567 252.069962 -96.651550 0.778305 -0.191356 4.347542 0.007582
48.756927 -69.762474 0.278147 -13.863077 252.424103 -97.011124 0.754114 -0.100194 4.350797 0.009442
48.889915 -69.658768 -0.087356 -11.488670 252.821487 -97.438354 0.720583 0.005973 4.355974 0.015264
49.006905 -69.553589 -0.409366 -9.361084 253.153595 -97.819344 0.685782 0.096482 4.360722 0.018552
49.140892 -69.402176 -0.783705 -6.824133 253.523849 -98.272392 0.639439 0.205605 4.369169 0.026415
49.257881 -69.257248 -1.086616 -4.592515 253.832886 -98.680305 0.592439 0.298763 4.378911 0.027905
49.390869 -69.089920 -1.427918 -2.028997 254.168076 -99.158394 0.529103 0.390712 4.397684 0.029942
49.506859 -68.947540 -1.717365 0.247168 254.448853 -99.590996 0.465698 0.449249 4.415458 0.031463
49.640846 -68.784821 -2.024964 2.824238 254.751816 -100.097755 0.388677 0.483145 4.457554 0.033414
49.757835 -68.632988 -2.285705 5.006914 255.002716 -100.557693 0.316877 0.486463 4.495852 0.036126
49.874825 -68.488953 -2.516742 7.087105 255.240234 -101.030563 0.243742 0.473881 4.542091 0.033929
50.007813 -68.333527 -2.727476 9.312972 255.492554 -101.583755 0.160275 0.450137 4.594835 0.033543
50.124802 -68.197380 -2.867709 11.119110 255.699707 -102.083534 0.087911 0.424858 4.644444 0.032693
50.257790 -68.065430 -2.946211 12.974037 255.921219 -102.665779 0.007958 0.379577 4.711923 0.028492
50.374779 -67.961029 -2.931563 14.341876 256.104858 -103.188843 -0.059372 0.313104 4.755030 0.024858
50.507767 -67.855247 -2.804264 15.521416 256.301605 -103.799545 -0.126113 0.199399 4.811601 0.019644
50.624756 -67.783539 -2.605105 16.107235 256.463440 -104.337532 -0.174178 0.081262 4.861921 0.011263
50.757744 -67.732117 -2.246199 16.301409 256.645447 -104.967140 -0.216565 -0.059415 4.911533 0.004527
50.874733 -67.721046 -1.825567 16.066500 256.803009 -105.521896 -0.238828 -0.166387 4.943858 -0.004874
51.007721 -67.785553 -1.226560 15.283422 256.982666 -106.157158 -0.248437 -0.265427 4.975305 -0.015539
51.124710 -67.902168 -0.591075 14.113298 257.144287 -106.717766 -0.243671 -0.330299 4.990761 -0.023479
51.258698 -68.131950 0.205394 12.277385 257.337372 -107.353287 -0.223400 -0.383356 4.994724 -0.035846
51.375687 -68.423035 0.912466 10.341382 257.518768 -107.909416 -0.191842 -0.413573 5.001210 -0.044175
51.508675 -68.849609 1.691779 7.808618 257.739746 -108.536217 -0.143117 -0.429876 4.997045 -0.051566
51.625664 -69.292717 2.336359 5.351526 257.949615 -109.082016 -0.090444 -0.423856 5.000401 -0.056224
51.758656 -69.877968 2.954325 2.333517 258.206635 -109.702103 -0.022376 -0.386988 5.023242 -0.058090
51.875645 -70.426529 3.339359 -0.460078 258.444611 -110.235443 0.043707 -0.331213 5.047654 -0.060208
52.009632 -71.080009 3.600574 -3.658066 258.740234 -110.847786 0.124421 -0.250384 5.094636 -0.058660
52.125622 -71.639183 3.658606 -6.359224 259.015625 -111.374878 0.197271 -0.181918 5.149391 -0.058915
52.259613 -72.272087 3.546738 -9.356872 259.353088 -111.981369 0.281312 -0.111516 5.209786 -0.056564
52.376602 -72.784866 3.293089 -11.851841 259.663025 -112.510353 0.354980 -0.056697 5.271959 -0.053126
52.509590 -73.319931 2.871262 -14.560244 260.031982 -113.112839 0.438827 0.007860 5.344391 -0.048926
52.626579 -73.737862 2.410262 -16.771931 260.370239 -113.644104 0.510053 0.066458 5.407080 -0.046718
52.759567 -74.170609 1.825898 -19.025871 260.766785 -114.249680 0.586235 0.133527 5.466737 -0.044720
52.876556 -74.495857 1.267723 -20.782166 261.125244 -114.784889 0.649341 0.186334 5.527765 -0.040064
53.009544 -74.807915 0.648943 -22.419325 261.545685 -115.400711 0.716481 0.239380 5.590794 -0.035017
53.126534 -75.031448 0.167314 -23.530756 261.914368 -115.936836 0.769145 0.277774 5.620907 -0.029884
53.259521 -75.238617 -0.303373 -24.417412 262.343262 -116.560249 0.822601 0.310841 5.664587 -0.024550
53.376511 -75.373238 -0.603907 -24.813799 262.719818 -117.108292 0.862356 0.322957 5.688702 -0.017768
53.510498 -75.480377 -0.814207 -24.866581 263.145752 -117.733788 0.898856 0.309642 5.687783 -0.011155
53.627487 -75.531754 -0.866418 -24.561546 263.517212 -118.285919 0.922781 0.271865 5.684017 -0.003722
53.760475 -75.537491 -0.792604 -23.832495 263.933533 -118.916595 0.938652 0.202296 5.675943 0.003750
53.877464 -75.501022 -0.618853 -22.838394 264.292450 -119.473717 0.942398 0.127164 5.654896 0.010343
54.010452 -75.406631 -0.337232 -21.381275 264.693359 -120.114586 0.934326 0.038156 5.626828 0.015894
54.127441 -75.284988 -0.057723 -19.800081 265.029694 -120.672745 0.914859 -0.028331 5.610327 0.021757
54.264431 -75.105988 0.256891 -17.688076 265.401794 -121.316422 0.877997 -0.087082 5.577437 0.023625
54.377422 -74.919113 0.489748 -15.559183 265.717316 -121.885910 0.833274 -0.125884 5.559922 0.027605
54.511410 -74.681320 0.690521 -12.883311 266.063477 -122.543068 0.768779 -0.169291 5.530495 0.027983
54.627403 -74.453644 0.795376 -10.424835 266.346619 -123.117096 0.702935 -0.211691 5.508437 0.029852
54.761395 -74.174706 0.812593 -7.378699 266.656281 -123.786789 0.617180 -0.260226 5.502510 0.031663
54.878384 -73.928726 0.737285 -4.534754 266.911133 -124.383057 0.535284 -0.287060 5.493189 0.030281
55.011372 -73.652519 0.551636 -1.179713 267.177795 -125.058060 0.438159 -0.287811 5.500591 0.031244
55.128365 -73.418610 0.287712 1.871510 267.397430 -125.664307 0.351242 -0.265452 5.517975 0.031428
55.261356 -73.179253 -0.117294 5.335511 267.628265 -126.362869 0.255025 -0.228082 5.540971 0.028951
55.378345 -73.016502 -0.542470 8.289968 267.816589 -126.985168 0.174387 -0.191668 5.569706 0.025596
55.511333 -72.859047 -1.059135 11.493334 268.016205 -127.706947 0.090468 -0.137789 5.601577 0.026652
55.628323 -72.755051 -1.506513 13.982195 268.176422 -128.338501 0.028973 -0.072159 5.630031 0.021693
55.761311 -72.691139 -1.981735 16.399122 268.349182 -129.075439 -0.027433 0.027077 5.662414 0.016078
55.878300 -72.662804 -2.340826 18.145426 268.491516 -129.718811 -0.062386 0.115580 5.692242 0.013218
56.012287 -72.662537 -2.616158 19.713900 268.650696 -130.467804 -0.084962 0.199637 5.728788 0.005645
56.128277 -72.698349 -2.687823 20.562164 268.785126 -131.126419 -0.089432 0.248011 5.756764 -0.003730
56.262264 -72.790306 -2.596362 20.979288 268.935608 -131.878418 -0.079736 0.279703 5.772096 -0.012826
56.379257 -72.905655 -2.361964 20.870760 269.067261 -132.541550 -0.061349 0.296165 5.780495 -0.021326
56.512249 -73.077454 -1.926872 20.229557 269.218506 -133.295181 -0.032551 0.310951 5.775923 -0.029281
56.629246 -73.272484 -1.406473 19.198301 269.354095 -133.956345 -0.003937 0.322147 5.761200 -0.036245
56.762234 -73.535164 -0.711387 17.607447 269.513458 -134.702881 0.028082 0.332715 5.726061 -0.040351
56.879223 -73.818085 -0.056857 15.847617 269.657043 -135.355591 0.053588 0.335775 5.698145 -0.045429
57.012211 -74.182739 0.680658 13.494867 269.827972 -136.098648 0.077383 0.320159 5.682731 -0.045762
57.129200 -74.531929 1.280779 11.214248 269.983582 -136.738678 0.093100 0.279632 5.672901 -0.048358
57.264191 -74.992554 1.873510 8.320241 270.171356 -137.474426 0.104286 0.199683 5.668624 -0.050597
57.379181 -75.451233 2.305050 5.586895 270.343231 -138.115341 0.110001 0.114990 5.672024 -0.055359
57.513168 -76.017448 2.670148 2.395849 270.549072 -138.842163 0.116915 0.019228 5.681535 -0.056963
57.630157 -76.544655 2.838969 -0.379727 270.738495 -139.480896 0.127558 -0.056284 5.708112 -0.059869
57.763149 -77.158951 2.880718 -3.534012 270.963409 -140.208145 0.144439 -0.145597 5.735238 -0.060074
57.880138 -77.714218 2.780504 -6.288360 271.170502 -140.848114 0.166928 -0.237865 5.759360 -0.062398
58.018135 -78.353683 2.523103 -9.342472 271.418396 -141.588043 0.205477 -0.363895 5.803649 -0.066469
58.130127 -78.895653 2.205189 -11.712966 271.636200 -142.220917 0.247855 -0.470980 5.834870 -0.068414
58.263115 -79.528084 1.778958 -14.135061 271.896271 -142.962265 0.308301 -0.574514 5.883652 -0.073051
58.380104 -80.078514 1.395433 -15.883095 272.125031 -143.607803 0.368358 -0.626620 5.920437 -0.076991
58.515099 -80.708351 0.957745 -17.496309 272.394257 -144.358002 0.444569 -0.634605 5.967761 -0.077698
58.630089 -81.244827 0.613502 -18.597401 272.630524 -145.010956 0.514184 -0.593937 5.998335 -0.078512
58.764076 -81.852715 0.271720 -19.450766 272.907043 -145.769272 0.591680 -0.499052 6.039726 -0.078418
58.880066 -82.366844 0.052928 -19.810074 273.151062 -146.434555 0.650538 -0.390150 6.067391 -0.074889
59.014057 -82.931313 -0.107819 -19.844894 273.429718 -147.194397 0.703318 -0.251452 6.097795 -0.072357
59.131050 -83.394859 -0.164182 -19.584112 273.676239 -147.865601 0.735343 -0.126640 6.120359 -0.066807
59.264038 -83.884796 -0.129283 -18.982742 273.956635 -148.631302 0.753332 0.023705 6.133138 -0.061486
59.381027 -84.269188 -0.027789 -18.220375 274.204285 -149.305801 0.752040 0.159111 6.143217 -0.053791
59.514015 -84.655029 0.169522 -17.128286 274.486725 -150.076401 0.732647 0.309207 6.111091 -0.048406
59.634007 -84.958229 0.388422 -15.987639 274.732483 -150.746674 0.700885 0.418999 6.095444 -0.044379
59.763996 -85.251846 0.673573 -14.536222 275.009583 -151.505020 0.652676 0.508942 6.052693 -0.037128
59.880985 -85.463875 0.938688 -13.192784 275.249420 -152.162369 0.605809 0.557690 6.011275 -0.032464
60.014973 -85.654564 1.248687 -11.651728 275.521973 -152.914658 0.550412 0.585240 5.943212 -0.026398
