1.20 1.10 20 64
0.140000 0.010976 -0.080727 -0.068867 0.994449 -0.001344 -0.131472 0.366300 6.639893 0.001977
0.257000 0.013620 -0.223144 -0.194413 1.758711 -0.003611 -0.065064 0.274399 6.554591 -0.001354
0.390000 0.009825 -0.454398 -0.262287 2.629819 -0.005935 0.065542 0.143931 6.462781 -0.000507
0.507000 0.012606 -0.691310 -0.373589 3.374696 -0.005675 0.210758 0.022435 6.396213 -0.001135
0.641000 0.005946 -1.004842 -0.546919 4.226214 -0.005506 0.396311 -0.111446 6.327460 -0.001448
0.757000 0.009615 -1.320764 -0.689490 4.964483 -0.005389 0.557644 -0.211414 6.308742 0.000809
0.891000 0.033471 -1.716870 -0.827820 5.804456 -0.005178 0.722203 -0.295713 6.326368 0.003488
1.008000 0.065333 -2.075887 -0.919215 6.548286 -0.005819 0.837298 -0.339630 6.382950 0.004973
1.141000 0.121808 -2.486027 -0.994267 7.404281 -0.005804 0.923919 -0.356402 6.475793 0.007683
1.258000 0.176373 -2.845886 -1.063647 8.168182 -0.004546 0.956510 -0.349176 6.564259 0.007514
1.391000 0.243033 -3.218947 -1.109405 9.049296 -0.003185 0.943019 -0.329518 6.665300 0.008907
1.508000 0.308772 -3.476469 -1.120418 9.834265 -0.001095 0.889765 -0.311663 6.735119 0.009472
1.641000 0.377727 -3.681932 -1.084249 10.739664 0.000386 0.789395 -0.293681 6.768726 0.009846
1.757999 0.442093 -3.759096 -1.056542 11.524537 0.001943 0.675743 -0.275904 6.761717 0.009947
1.890999 0.522880 -3.705552 -1.082827 12.428028 0.002513 0.530937 -0.245663 6.726442 0.011170
2.007999 0.589280 -3.528400 -1.061985 13.204026 0.002362 0.408456 -0.207781 6.666281 0.011048
2.141999 0.664976 -3.141246 -1.022812 14.092067 0.000891 0.286387 -0.149696 6.602588 0.009527
2.257999 0.722939 -2.657179 -0.991142 14.860149 -0.000819 0.208474 -0.086343 6.540337 0.009125
2.391999 0.769535 -1.961005 -0.883160 15.725143 -0.000567 0.158024 -0.000602 6.478448 0.005701
2.508999 0.807794 -1.267724 -0.797137 16.478992 0.002092 0.153882 0.081760 6.420735 0.005484
2.641999 0.857762 -0.448235 -0.779577 17.327560 0.004472 0.189467 0.171031 6.357265 0.007575
2.758998 0.913768 0.247643 -0.819182 18.067413 0.006032 0.251521 0.234417 6.303710 0.008843
2.891998 0.984909 0.963930 -0.912521 18.902700 0.005799 0.341899 0.283930 6.264933 0.009878
3.008998 1.048144 1.497231 -1.043681 19.641293 0.006479 0.429883 0.312260 6.258284 0.009344
3.125998 1.118136 1.901681 -1.148277 20.367886 0.008469 0.515894 0.333144 6.273117 0.011299
3.258998 1.207188 2.214100 -1.137312 21.205044 0.014400 0.605544 0.351840 6.315675 0.012288
3.375998 1.287042 2.360261 -1.063607 21.948385 0.022564 0.670574 0.357920 6.385573 0.010973
3.508998 1.377175 2.365194 -0.984764 22.811218 0.033899 0.723338 0.341026 6.478043 0.011251
3.625998 1.462065 2.263611 -0.864823 23.555952 0.044994 0.747051 0.298786 6.383185 0.013127
3.759997 1.570570 2.077830 -0.695120 24.404882 0.059610 0.744828 0.218908 6.337348 0.012189
3.875997 1.657945 1.811928 -0.515548 25.154690 0.072920 0.720280 0.127792 6.457261 0.011732
4.009997 1.742584 1.407076 -0.341202 26.023340 0.088688 0.668363 0.010038 6.582138 0.009031
4.125998 1.808109 0.985261 -0.187061 26.800850 0.105434 0.607175 -0.096593 6.686532 0.009240
4.259998 1.866378 0.463361 -0.049087 27.697510 0.127699 0.526901 -0.205824 6.781527 0.007284
4.376999 1.912031 0.009654 0.021271 28.495449 0.150480 0.454325 -0.276997 6.849647 0.007278
4.509999 1.966718 -0.447584 0.027991 29.411388 0.176694 0.379470 -0.316612 6.918233 0.007736
4.627000 2.023972 -0.794821 0.057171 30.224115 0.200894 0.327615 -0.315525 6.970509 0.008783
4.760000 2.082461 -1.075144 0.078412 31.160770 0.229784 0.290641 -0.288184 7.006315 0.006333
4.877001 2.127350 -1.184863 0.076027 31.975264 0.257163 0.281912 -0.261170 7.037444 0.005332
5.011002 2.165922 -1.148344 0.019510 32.920742 0.288005 0.301510 -0.245000 7.070281 0.004528
5.127002 2.191165 -0.941397 0.022728 33.749672 0.315875 0.339458 -0.247637 7.101099 0.003185
5.261003 2.207021 -0.538857 0.017134 34.695602 0.348396 0.402262 -0.257169 7.122752 0.002478
5.377003 2.217172 -0.053138 -0.008077 35.528976 0.378120 0.465205 -0.252094 7.134727 0.001260
5.511003 2.228269 0.607436 -0.065968 36.478642 0.412625 0.535699 -0.211615 7.155614 0.001618
5.627004 2.227368 1.272933 -0.088957 37.317543 0.444567 0.590216 -0.142568 7.192463 -0.001715
5.761004 2.209792 2.093204 -0.057682 38.275673 0.483205 0.638390 -0.041078 7.226595 -0.004107
5.878005 2.182646 2.829326 -0.053603 39.122932 0.519618 0.663551 0.049533 7.266299 -0.004153
6.011005 2.150532 3.676480 -0.050667 40.098824 0.562081 0.668763 0.138263 7.312770 -0.004634
6.128006 2.121024 4.391748 -0.036072 40.943439 0.598723 0.652695 0.199421 7.230903 -0.004673
6.262007 2.080418 5.223953 -0.033134 41.898911 0.643150 0.612187 0.256187 7.078040 -0.004915
6.378007 2.051462 5.939884 -0.017153 42.716515 0.683201 0.562257 0.295546 6.941311 -0.004637
6.512008 2.014583 6.689274 -0.007855 43.626961 0.728905 0.494786 0.327136 6.793300 -0.006237
6.628008 1.971696 7.251474 -0.052127 44.410835 0.769525 0.432711 0.341536 6.653270 -0.004190
6.762009 1.929219 7.771813 -0.074478 45.284286 0.815426 0.366456 0.343184 6.524330 -0.006268
6.879009 1.880961 8.107874 -0.059413 46.037670 0.857120 0.316643 0.332733 6.401405 -0.008062
7.012010 1.820607 8.315989 -0.044212 46.877277 0.903685 0.272322 0.305739 6.273028 -0.009347
7.129010 1.765121 8.329761 -0.051677 47.603241 0.942503 0.249556 0.265529 6.175024 -0.008435
7.262011 1.680779 8.200755 -0.115460 48.421307 0.987213 0.242926 0.199165 6.067604 -0.008653
7.379011 1.605875 7.988992 -0.204939 49.119324 1.026467 0.255110 0.128012 6.011603 -0.009086
7.512012 1.521031 7.584552 -0.331071 49.933060 1.074706 0.283714 0.039493 6.143031 -0.008515
7.629012 1.455393 7.094703 -0.340138 50.657219 1.119773 0.317244 -0.035278 6.246234 -0.010063
7.763013 1.366061 6.424823 -0.315494 51.496243 1.174272 0.361337 -0.109734 6.376467 -0.012913
7.879013 1.276445 5.772460 -0.289328 52.247803 1.223554 0.402862 -0.161286 6.482064 -0.014645
8.013014 1.147180 4.990752 -0.255773 53.117794 1.278270 0.445768 -0.199975 6.611385 -0.019092
8.130014 1.017035 4.298188 -0.243350 53.897392 1.326864 0.477763 -0.216846 6.721231 -0.019910
8.264015 0.865756 3.531539 -0.260046 54.806168 1.383654 0.505442 -0.223037 6.855677 -0.019921
8.381016 0.730639 2.909211 -0.243620 55.614124 1.432370 0.519168 -0.226151 6.962947 -0.019955
8.514016 0.584617 2.288730 -0.301975 56.549545 1.487069 0.521648 -0.234032 7.103026 -0.018363
8.631017 0.454096 1.846276 -0.376162 57.385937 1.536263 0.513174 -0.243625 7.200320 -0.018996
8.764017 0.302147 1.492371 -0.482699 58.358967 1.593494 0.490097 -0.250378 7.316909 -0.019023
8.881018 0.167831 1.329493 -0.615591 59.219448 1.643113 0.460386 -0.246843 7.392695 -0.019088
9.015018 0.018114 1.349308 -0.773448 60.206955 1.697975 0.417591 -0.229123 7.468101 -0.020462
9.131019 -0.127997 1.536964 -0.905805 61.082134 1.745232 0.376115 -0.201301 7.502504 -0.021674
9.265019 -0.294254 1.944999 -1.104360 62.080582 1.796997 0.330792 -0.158407 7.520309 -0.023209
9.382020 -0.458463 2.452511 -1.373660 62.958012 1.842211 0.294268 -0.115970 7.498504 -0.023257
9.515020 -0.644685 3.140699 -1.679328 63.949577 1.893000 0.256905 -0.070813 7.445535 -0.023049
9.632021 -0.819923 3.797312 -1.924820 64.816719 1.936767 0.229908 -0.036223 7.400663 -0.024044
9.765021 -1.030788 4.553679 -2.147690 65.794968 1.986091 0.209205 0.004001 7.332199 -0.026208
9.882022 -1.234303 5.206538 -2.406447 66.647141 2.027815 0.201286 0.048441 7.266579 -0.027541
10.015022 -1.476939 5.877891 -2.586044 67.613052 2.075782 0.201086 0.108491 7.185625 -0.029956
10.132023 -1.681656 6.373773 -2.643248 68.448082 2.116359 0.205991 0.156357 7.111600 -0.029960
10.266024 -1.923855 6.835530 -2.707082 69.387177 2.159887 0.214599 0.187755 7.033492 -0.030844
10.382024 -2.133952 7.110893 -2.749243 70.205711 2.195374 0.224323 0.189982 6.982370 -0.030526
10.516025 -2.368364 7.268951 -2.810772 71.129829 2.234166 0.234778 0.170902 6.932597 -0.031570
10.633025 -2.580161 7.259265 -2.837898 71.938210 2.266062 0.241574 0.145098 6.904238 -0.030931
10.766026 -2.812581 7.087711 -2.851910 72.854568 2.299857 0.244737 0.116497 6.887876 -0.030051
10.883026 -3.010482 6.799088 -2.897197 73.658539 2.327441 0.242303 0.101107 6.868942 -0.028183
11.016026 -3.238632 6.335506 -2.979124 74.572166 2.355644 0.236648 0.104598 6.874968 -0.028710
11.133027 -3.450595 5.809325 -3.062388 75.377274 2.378835 0.228602 0.127208 6.891865 -0.031394
11.266027 -3.694823 5.121804 -3.165566 76.302345 2.403117 0.216891 0.162699 6.917744 -0.030772
11.383028 -3.917207 4.463429 -3.237352 77.114166 2.423086 0.206506 0.185980 6.960224 -0.033446
11.516028 -4.175339 3.703828 -3.299347 78.042107 2.443568 0.195569 0.194303 6.995552 -0.033381
11.633029 -4.387764 3.048231 -3.247155 78.855698 2.459434 0.186209 0.189024 7.024653 -0.031830
11.767030 -4.623563 2.365009 -3.168873 79.799248 2.473946 0.180670 0.175754 7.058181 -0.030108
11.883030 -4.831672 1.863186 -3.080994 80.627480 2.483981 0.181716 0.158084 7.093704 -0.032510
12.017030 -5.075400 1.441250 -2.965306 81.573517 2.493542 0.188364 0.125813 7.120562 -0.032113
12.134030 -5.303403 1.236320 -2.851455 82.406418 2.498986 0.199794 0.085443 7.114725 -0.034861
12.267031 -5.569874 1.155447 -2.711110 83.351532 2.500677 0.215618 0.030285 7.095455 -0.034846
12.384031 -5.808040 1.233769 -2.575986 84.180267 2.499480 0.229134 -0.022998 7.060667 -0.036342
12.501032 -6.052307 1.431974 -2.376935 85.003365 2.496383 0.240222 -0.080990 7.015165 -0.036827
12.634032 -6.331952 1.793021 -2.196283 85.930771 2.488410 0.248125 -0.152606 6.940211 -0.036233
12.751033 -6.555571 2.159893 -2.069653 86.738434 2.478993 0.249670 -0.216113 6.875246 -0.033177
12.884033 -6.802422 2.571884 -1.919144 87.645485 2.464656 0.242475 -0.279261 6.782713 -0.033839
13.001034 -7.029042 2.915456 -1.775490 88.435097 2.448599 0.231008 -0.320935 6.729989 -0.035710
13.134034 -7.289263 3.276564 -1.539755 89.330688 2.427731 0.212602 -0.349376 6.652535 -0.034553
13.251035 -7.505329 3.530840 -1.327591 90.105118 2.406450 0.195337 -0.355281 6.599325 -0.033757
13.385036 -7.750906 3.736666 -1.097172 90.976448 2.378868 0.175813 -0.338340 6.530576 -0.035362
13.501036 -7.970626 3.828965 -0.863748 91.736618 2.353722 0.159261 -0.304166 6.476977 -0.034427
13.635036 -8.214520 3.836103 -0.688212 92.593094 2.318950 0.145233 -0.250903 6.424980 -0.034208
13.752037 -8.427728 3.749797 -0.501006 93.342026 2.285015 0.138324 -0.196849 6.396077 -0.033421
13.885037 -8.676733 3.558686 -0.311555 94.189163 2.243842 0.136333 -0.127357 6.365647 -0.033939
14.002038 -8.892082 3.333659 -0.187388 94.931000 2.205522 0.139838 -0.056182 6.337899 -0.034023
14.135038 -9.139589 3.018601 -0.149379 95.776596 2.157670 0.149492 0.033623 6.307928 -0.033121
14.252039 -9.371957 2.690899 -0.183127 96.506004 2.113528 0.162766 0.109674 6.296284 -0.035222
14.385039 -9.646799 2.272516 -0.237637 97.346413 2.059138 0.182848 0.185858 6.281941 -0.036212
14.502040 -9.891690 1.902882 -0.334968 98.073563 2.010002 0.200971 0.242568 6.284521 -0.036710
14.636041 -10.173630 1.488643 -0.480336 98.913689 1.952226 0.220347 0.304157 6.286139 -0.035720
14.752041 -10.423651 1.140781 -0.633785 99.647293 1.899652 0.235489 0.356367 6.284409 -0.037272
14.886042 -10.714786 0.793975 -0.826381 100.480705 1.837178 0.250320 0.404390 6.282318 -0.037543
15.002042 -10.972514 0.532815 -1.072019 101.213875 1.780156 0.260871 0.423388 6.288411 -0.038787
15.136043 -11.261774 0.301249 -1.359010 102.048653 1.712520 0.269787 0.404729 6.304078 -0.038714
15.253043 -11.536024 0.158947 -1.586715 102.783760 1.650753 0.275286 0.348006 6.308384 -0.041949
15.386044 -11.862195 0.073083 -1.862513 103.617630 1.578546 0.280300 0.243189 6.282294 -0.043057
15.503044 -12.145816 0.070226 -2.108454 104.348801 1.513963 0.281574 0.129146 6.270046 -0.042373
15.636045 -12.470397 0.130552 -2.367208 105.184189 1.438230 0.279400 -0.003769 6.252130 -0.041470
15.753045 -12.744380 0.201622 -2.544104 105.904884 1.371083 0.274857 -0.106161 6.233783 -0.040278
15.887046 -13.065418 0.318938 -2.728932 106.732964 1.289260 0.269249 -0.203971 6.193914 -0.042977
16.003046 -13.357537 0.441918 -2.866872 107.451416 1.214988 0.261615 -0.273575 6.158016 -0.043686
16.137049 -13.698223 0.574685 -3.015864 108.263268 1.129179 0.250081 -0.335507 6.120931 -0.044738
16.253052 -14.007171 0.704120 -3.164292 108.972496 1.051230 0.239188 -0.369771 6.081865 -0.045867
16.387054 -14.344213 0.814545 -3.266196 109.773712 0.958702 0.228146 -0.380525 6.050865 -0.042825
16.504057 -14.642651 0.875039 -3.334799 110.474174 0.875282 0.220897 -0.368794 6.015402 -0.044752
16.637060 -14.994388 0.902686 -3.367105 111.266129 0.778581 0.215529 -0.342842 5.982040 -0.046221
16.754063 -15.312598 0.855024 -3.376507 111.958008 0.689899 0.212443 -0.314532 5.950279 -0.048053
16.887066 -15.669337 0.743273 -3.364309 112.746674 0.585318 0.210565 -0.268233 5.927902 -0.044518
17.004068 -15.956690 0.624700 -3.321230 113.426903 0.492789 0.210791 -0.203702 5.912420 -0.043998
17.137072 -16.277197 0.451995 -3.216462 114.210999 0.383568 0.215462 -0.094091 5.903367 -0.041280
17.254074 -16.549665 0.266879 -3.095743 114.893280 0.284444 0.222630 0.022294 5.887957 -0.041104
17.388077 -16.855141 0.024604 -2.929595 115.666977 0.166103 0.231355 0.151448 5.883917 -0.039386
17.504080 -17.112621 -0.199140 -2.782349 116.346832 0.057744 0.241089 0.240259 5.889264 -0.038027
17.638083 -17.390160 -0.427353 -2.624570 117.120171 -0.069297 0.250682 0.301062 5.895008 -0.035117
17.755085 -17.629444 -0.605514 -2.419066 117.800034 -0.184824 0.258375 0.323605 5.894599 -0.035571
17.888088 -17.901737 -0.785263 -2.164200 118.571777 -0.320518 0.265663 0.329981 5.893106 -0.036335
18.005091 -18.137274 -0.904979 -1.981154 119.250786 -0.444227 0.270825 0.332912 5.902950 -0.034411
18.138094 -18.416626 -0.987527 -1.710314 120.029945 -0.588637 0.272139 0.343447 5.920222 -0.036542
18.255096 -18.669888 -1.022482 -1.476052 120.704124 -0.716355 0.270222 0.359069 5.918606 -0.037751
18.388100 -18.974173 -1.002479 -1.232235 121.482536 -0.867062 0.265134 0.375512 5.910046 -0.038954
18.505102 -19.234741 -0.936063 -1.090464 122.159935 -1.002067 0.258888 0.375947 5.899073 -0.037498
18.639105 -19.525261 -0.823117 -0.974014 122.927177 -1.159080 0.250710 0.345586 5.880017 -0.038202
18.756107 -19.785473 -0.700524 -0.878926 123.599617 -1.300877 0.242452 0.284877 5.867888 -0.038517
18.889111 -20.068056 -0.537815 -0.799805 124.360207 -1.465883 0.233062 0.180252 5.844420 -0.036355
19.006113 -20.310198 -0.382177 -0.754373 125.025970 -1.614492 0.225946 0.068326 5.824817 -0.035939
19.139116 -20.581074 -0.230767 -0.752863 125.779526 -1.785802 0.217116 -0.063774 5.802563 -0.035412
19.256119 -20.805260 -0.113278 -0.790658 126.439598 -1.939669 0.209913 -0.174162 5.785238 -0.032137
19.389122 -21.061764 -0.012795 -0.896792 127.192375 -2.119916 0.203110 -0.291147 5.775310 -0.034019
19.506124 -21.280798 0.036881 -1.034506 127.842918 -2.277608 0.197704 -0.387016 5.769042 -0.032704
19.639128 -21.523264 0.043876 -1.169007 128.593277 -2.461602 0.193036 -0.488575 5.761006 -0.030917
19.756130 -21.724928 0.027071 -1.276532 129.242172 -2.623395 0.190275 -0.558497 5.765148 -0.030301
19.890133 -21.954769 -0.034137 -1.404433 129.991745 -2.812151 0.188240 -0.603877 5.773353 -0.030194
20.006136 -22.158886 -0.127527 -1.544437 130.646088 -2.979306 0.188866 -0.608835 5.774154 -0.029403
20.140139 -22.388472 -0.254762 -1.734185 131.390106 -3.171953 0.189738 -0.581569 5.776764 -0.029294
20.257141 -22.570282 -0.367186 -1.879665 132.045013 -3.344062 0.191112 -0.533637 5.791575 -0.025799
20.390144 -22.759068 -0.484230 -2.024022 132.794937 -3.545188 0.192572 -0.448343 5.797734 -0.023863
20.507147 -22.915861 -0.556422 -2.127656 133.443848 -3.721488 0.194895 -0.343297 5.797507 -0.023405
20.640150 -23.087429 -0.609795 -2.320432 134.187042 -3.927253 0.200137 -0.192144 5.800134 -0.021449
20.757153 -23.223789 -0.613194 -2.482725 134.840622 -4.111314 0.204264 -0.046153 5.804535 -0.020115
20.891155 -23.377430 -0.574560 -2.676556 135.588135 -4.325609 0.209428 0.118652 5.801683 -0.019787
21.007158 -23.507505 -0.531820 -2.826667 136.235428 -4.512838 0.213297 0.254336 5.811185 -0.018807
21.141161 -23.642159 -0.466847 -2.998160 136.982651 -4.731488 0.217432 0.400856 5.807665 -0.017281
21.257164 -23.756056 -0.391806 -3.114709 137.634018 -4.925257 0.220296 0.510696 5.808275 -0.017300
21.391167 -23.889776 -0.277397 -3.219398 138.374542 -5.149267 0.218307 0.592830 5.820697 -0.017674
21.508169 -24.010832 -0.165705 -3.272067 139.025482 -5.349115 0.215098 0.613243 5.823774 -0.017993
21.641172 -24.152704 -0.010174 -3.333850 139.765671 -5.578920 0.209995 0.580640 5.828116 -0.018825
21.758175 -24.265900 0.135628 -3.431714 140.416443 -5.783591 0.203906 0.521027 5.834270 -0.015342
21.891178 -24.371328 0.311115 -3.545119 141.163055 -6.019705 0.194972 0.440790 5.844732 -0.012732
22.008181 -24.466957 0.460120 -3.646493 141.809097 -6.225618 0.187859 0.371237 5.844473 -0.014456
22.141184 -24.579056 0.621941 -3.754973 142.554962 -6.465443 0.179692 0.292282 5.851724 -0.014635
22.258186 -24.682611 0.720268 -3.913441 143.199692 -6.676046 0.172809 0.224157 5.846048 -0.014343
22.392189 -24.775574 0.807447 -4.054143 143.945572 -6.921014 0.166363 0.147385 5.867544 -0.009719
22.508192 -24.831463 0.862513 -4.107828 144.597855 -7.136925 0.163477 0.086188 5.881012 -0.007857
22.642195 -24.887114 0.913121 -4.075867 145.339859 -7.384532 0.163672 0.026947 5.883216 -0.006597
22.759197 -24.932953 0.929812 -4.024967 145.992981 -7.606234 0.164276 -0.016380 5.901836 -0.005962
22.892200 -24.970297 0.932793 -3.930929 146.737732 -7.861063 0.165721 -0.061621 5.924833 -0.003851
23.009203 -24.986889 0.915552 -3.797371 147.394791 -8.086402 0.168819 -0.103867 5.943406 -0.001654
23.142206 -24.984581 0.873531 -3.593326 148.143692 -8.344132 0.172421 -0.158334 5.963930 0.000575
23.259209 -24.976034 0.814184 -3.443323 148.804214 -8.572831 0.174206 -0.210427 5.981483 0.001735
23.376211 -24.953686 0.755580 -3.241967 149.466171 -8.804641 0.175087 -0.263684 5.999871 0.003527
23.509214 -24.915640 0.682543 -2.983898 150.219955 -9.071393 0.177984 -0.324389 6.019192 0.004598
23.626217 -24.866871 0.622898 -2.714556 150.890442 -9.309319 0.182737 -0.379482 6.036248 0.007672
23.760220 -24.799557 0.577039 -2.386933 151.648407 -9.578918 0.187492 -0.441749 6.057683 0.008017
23.876223 -24.747992 0.557598 -2.098050 152.311523 -9.816149 0.191108 -0.490654 6.080028 0.007195
24.009226 -24.676104 0.579840 -1.821125 153.079865 -10.093281 0.196910 -0.528930 6.107498 0.010106
24.126228 -24.605310 0.619400 -1.642732 153.753281 -10.337236 0.201459 -0.536275 6.133915 0.009633
24.260231 -24.526779 0.681540 -1.487234 154.520981 -10.615989 0.205315 -0.507344 6.145567 0.009829
24.377234 -24.458864 0.763872 -1.359803 155.197601 -10.862278 0.207518 -0.448431 6.159426 0.010628
24.510237 -24.375214 0.883853 -1.216329 155.968353 -11.142734 0.208777 -0.350511 6.173570 0.010685
24.627239 -24.305548 1.031056 -1.087786 156.646927 -11.388741 0.207917 -0.246468 6.169129 0.010071
24.760242 -24.229187 1.212399 -1.041395 157.425186 -11.671509 0.205381 -0.116899 6.182022 0.010119
24.877245 -24.156872 1.360705 -1.047824 158.100464 -11.916565 0.201874 0.000444 6.200789 0.011266
25.010248 -24.072186 1.503779 -1.091568 158.882370 -12.199528 0.195985 0.140626 6.205357 0.010009
25.127251 -24.009649 1.583161 -1.090398 159.560028 -12.442726 0.191198 0.264015 6.205001 0.009411
25.260254 -23.943756 1.662819 -1.086421 160.343491 -12.722102 0.187113 0.401578 6.207936 0.008083
25.377256 -23.895807 1.702547 -1.116063 161.027176 -12.967033 0.184935 0.508581 6.211884 0.006727
25.511259 -23.838085 1.689002 -1.137964 161.805740 -13.245930 0.184074 0.604179 6.222606 0.007863
25.627262 -23.770765 1.642302 -1.096102 162.492142 -13.490499 0.184827 0.658157 6.229869 0.009843
25.762264 -23.697971 1.576313 -1.110638 163.279449 -13.771447 0.187145 0.681354 6.242417 0.009226
25.879267 -23.618614 1.470699 -1.099942 163.968094 -14.017488 0.190475 0.669957 6.257116 0.011744
26.012270 -23.541136 1.334308 -1.091926 164.752930 -14.297335 0.195345 0.627515 6.275678 0.009478
26.129272 -23.488411 1.208907 -1.132596 165.446259 -14.544633 0.200780 0.566975 6.301768 0.007549
26.262276 -23.432919 1.049953 -1.234616 166.244110 -14.829098 0.209928 0.465964 6.337674 0.008199
26.379278 -23.373909 0.921634 -1.280482 166.939240 -15.075477 0.217280 0.345897 6.372947 0.009419
26.512281 -23.306160 0.788345 -1.344364 167.746872 -15.360111 0.225559 0.174025 6.399124 0.007310
26.629284 -23.264706 0.680529 -1.466824 168.447571 -15.607803 0.231809 0.015695 6.414766 0.006767
26.763287 -23.208937 0.584529 -1.630298 169.259659 -15.896686 0.237923 -0.147610 6.444567 0.007699
26.880289 -23.155289 0.527380 -1.796776 169.970932 -16.150085 0.241284 -0.255365 6.462964 0.009400
27.013292 -23.080294 0.508652 -1.972301 170.782745 -16.438271 0.243496 -0.337547 6.485906 0.010378
27.129295 -23.013975 0.530423 -2.096480 171.498093 -16.692602 0.243398 -0.384534 6.492227 0.009719
27.263298 -22.948133 0.605442 -2.240862 172.312256 -16.981712 0.238862 -0.422683 6.497030 0.008380
27.380301 -22.891430 0.711921 -2.338569 173.029709 -17.237267 0.230971 -0.451308 6.514937 0.008943
27.513304 -22.826473 0.858507 -2.458518 173.850830 -17.530664 0.220908 -0.487585 6.506227 0.008464
27.630306 -22.769001 0.966676 -2.540847 174.561249 -17.785118 0.211395 -0.526971 6.509211 0.009628
27.763309 -22.705385 1.108640 -2.636679 175.381714 -18.079233 0.198936 -0.575830 6.503215 0.006993
27.880312 -22.664721 1.251468 -2.770273 176.091125 -18.334942 0.187857 -0.604103 6.500861 0.005923
28.014315 -22.637363 1.397775 -2.998077 176.908875 -18.630405 0.176854 -0.597643 6.480676 0.003780
28.130318 -22.625034 1.518728 -3.096509 177.621155 -18.886969 0.169939 -0.551389 6.463065 0.001394
28.264320 -22.618084 1.628395 -3.197424 178.428146 -19.177555 0.167039 -0.464870 6.439448 0.000173
28.380323 -22.603418 1.694754 -3.233970 179.136047 -19.432421 0.168249 -0.372860 6.425246 0.003244
28.514326 -22.581135 1.727420 -3.225354 179.939026 -19.721781 0.173697 -0.254234 6.418859 0.001669
28.631329 -22.575363 1.717668 -3.159573 180.645004 -19.976500 0.180804 -0.129538 6.411144 -0.000393
28.764332 -22.587870 1.668760 -3.072737 181.452271 -20.268581 0.192071 0.042793 6.406072 -0.002632
28.881334 -22.605732 1.574686 -2.977341 182.151474 -20.521370 0.202542 0.208559 6.409608 -0.003791
29.014338 -22.624241 1.428535 -2.859891 182.959381 -20.813774 0.213403 0.392689 6.412459 -0.001929
29.131340 -22.632240 1.283439 -2.760428 183.659363 -21.067774 0.220412 0.524962 6.423963 -0.001052
29.265343 -22.635366 1.109331 -2.572131 184.471680 -21.359592 0.227878 0.632967 6.448631 -0.000416
29.381346 -22.639133 0.952617 -2.383033 185.181778 -21.614971 0.232781 0.688048 6.453581 -0.001206
29.515348 -22.650951 0.773625 -2.102011 185.989883 -21.906029 0.234851 0.711506 6.457112 -0.002197
29.632351 -22.668346 0.618203 -1.874022 186.701172 -22.163803 0.234379 0.701365 6.469691 -0.003635
29.765354 -22.717228 0.470664 -1.638679 187.517273 -22.459415 0.232558 0.656218 6.475723 -0.009404
29.882357 -22.782726 0.345718 -1.422011 188.224609 -22.715618 0.229270 0.589103 6.487939 -0.009050
30.015360 -22.850368 0.246660 -1.206538 189.034653 -23.010923 0.225101 0.484125 6.475912 -0.008414
30.132362 -22.909922 0.208008 -1.099633 189.745102 -23.273718 0.222801 0.373671 6.472995 -0.008827
30.265366 -22.978958 0.219205 -0.988323 190.557388 -23.576563 0.221286 0.238587 6.466477 -0.008667
30.382368 -23.039927 0.254294 -0.875282 191.260284 -23.837782 0.221479 0.123775 6.459459 -0.009878
30.515371 -23.120726 0.314309 -0.753663 192.072556 -24.137604 0.222904 0.000024 6.462559 -0.010331
30.632374 -23.197765 0.375413 -0.662532 192.780487 -24.399029 0.222683 -0.101706 6.442732 -0.011613
30.766376 -23.298096 0.475600 -0.614291 193.582428 -24.696976 0.222589 -0.214774 6.423747 -0.014681
30.883379 -23.401983 0.565462 -0.588434 194.285995 -24.959932 0.221299 -0.311779 6.413967 -0.015098
31.016382 -23.527531 0.675717 -0.598043 195.082886 -25.260151 0.220273 -0.409233 6.395263 -0.016672
31.133385 -23.652859 0.775456 -0.585687 195.781158 -25.524565 0.220280 -0.472066 6.372376 -0.020227
31.266388 -23.822714 0.888686 -0.580334 196.572296 -25.823690 0.220202 -0.509893 6.348164 -0.023430
31.383390 -23.977667 0.974488 -0.563357 197.265152 -26.086639 0.220025 -0.517779 6.322401 -0.021790
31.516394 -24.149284 1.040785 -0.511357 198.055511 -26.387518 0.219522 -0.510110 6.309668 -0.022307
31.633396 -24.301775 1.062460 -0.472086 198.737961 -26.649010 0.218500 -0.496976 6.297423 -0.023676
31.766399 -24.471138 1.045791 -0.466287 199.525528 -26.952627 0.217110 -0.474069 6.297956 -0.020376
31.883402 -24.611406 0.993394 -0.469371 200.212006 -27.218687 0.213931 -0.440591 6.284607 -0.022720
32.017403 -24.803068 0.907193 -0.492990 200.990326 -27.521421 0.210049 -0.377527 6.277483 -0.026366
32.133392 -24.988150 0.810889 -0.567069 201.673935 -27.788910 0.205641 -0.295419 6.273011 -0.027632
32.267380 -25.209164 0.699848 -0.631007 202.450256 -28.094194 0.200523 -0.173289 6.268887 -0.029395
32.384369 -25.421988 0.586813 -0.679405 203.132477 -28.363396 0.196446 -0.050538 6.269579 -0.033553
32.517357 -25.677437 0.446484 -0.777329 203.906784 -28.671312 0.192840 0.086712 6.262747 -0.034916
32.634346 -25.902353 0.325807 -0.868726 204.586929 -28.943098 0.190289 0.186727 6.257706 -0.033088
32.751335 -26.131554 0.223471 -0.918227 205.266144 -29.213823 0.188986 0.257937 6.245740 -0.034680
32.884323 -26.395716 0.115650 -1.012257 206.036377 -29.522997 0.188235 0.308183 6.240282 -0.034291
33.001312 -26.634079 0.038943 -1.164663 206.712448 -29.795662 0.186672 0.340479 6.224763 -0.035652
33.134300 -26.909384 -0.048389 -1.308463 207.484207 -30.107361 0.185168 0.380862 6.199380 -0.036586
33.251289 -27.158295 -0.109678 -1.438832 208.149033 -30.378178 0.184411 0.419874 6.180226 -0.037891
33.384277 -27.463997 -0.172054 -1.549756 208.912354 -30.691969 0.183028 0.451564 6.150524 -0.041489
33.501266 -27.742540 -0.217364 -1.635441 209.575470 -30.967636 0.181809 0.446990 6.131716 -0.041970
33.635254 -28.056728 -0.238033 -1.659538 210.325394 -31.282167 0.179003 0.394082 6.104481 -0.040628
33.751244 -28.334295 -0.229190 -1.641405 210.982529 -31.559513 0.175772 0.315667 6.094051 -0.041271
33.885231 -28.663279 -0.197557 -1.672348 211.726257 -31.876736 0.171972 0.216621 6.071687 -0.043436
34.002220 -28.958002 -0.138481 -1.678529 212.376541 -32.156143 0.168496 0.137630 6.037769 -0.044563
34.135208 -29.308208 -0.061985 -1.743762 213.111389 -32.474823 0.164096 0.058570 6.007051 -0.047137
34.252197 -29.633688 -0.001597 -1.863864 213.751648 -32.758038 0.159090 -0.011537 5.974690 -0.050726
34.385185 -30.034145 0.073149 -1.968355 214.480377 -33.081409 0.151209 -0.099489 5.935312 -0.053726
34.502174 -30.395817 0.140423 -2.021931 215.107254 -33.361141 0.144190 -0.175332 5.908326 -0.055637
34.635162 -30.830791 0.222261 -2.115773 215.825653 -33.684761 0.136891 -0.243875 5.862030 -0.057525
34.752151 -31.229673 0.285938 -2.243077 216.447205 -33.967903 0.130407 -0.276691 5.819347 -0.061693
34.886139 -31.712217 0.336333 -2.385334 217.148514 -34.290039 0.123996 -0.286567 5.788971 -0.065162
35.002129 -32.158680 0.369463 -2.513952 217.760849 -34.574848 0.120528 -0.283146 5.755914 -0.067639
35.136116 -32.683327 0.404679 -2.619700 218.451553 -34.899517 0.118627 -0.277244 5.723672 -0.069567
35.253105 -33.175415 0.412969 -2.769535 219.054001 -35.187111 0.118502 -0.271914 5.690255 -0.075608
35.386093 -33.756359 0.421118 -2.973187 219.732849 -35.517666 0.119273 -0.261110 5.669171 -0.075662
35.503082 -34.275852 0.449709 -3.162998 220.326202 -35.811665 0.121394 -0.244049 5.653923 -0.077552
35.636070 -34.892433 0.494825 -3.434369 221.001907 -36.151649 0.124078 -0.214717 5.638275 -0.083190
35.753059 -35.444412 0.527572 -3.601419 221.583237 -36.449154 0.124903 -0.178654 5.626256 -0.083686
35.886047 -36.087311 0.551020 -3.704020 222.251343 -36.794968 0.125477 -0.118726 5.605095 -0.084892
36.003036 -36.670341 0.584851 -3.802263 222.825958 -37.096989 0.124984 -0.047847 5.586840 -0.088851
36.136024 -37.359600 0.629470 -3.968800 223.485992 -37.449455 0.121461 0.051321 5.581607 -0.089213
36.253014 -37.951946 0.684181 -4.126861 224.060135 -37.759056 0.116557 0.142734 5.571590 -0.088439
36.387001 -38.647823 0.749946 -4.293633 224.709686 -38.113377 0.109577 0.238675 5.556308 -0.092650
36.502991 -39.272175 0.841051 -4.415447 225.277451 -38.426899 0.103363 0.307822 5.534064 -0.093262
36.636978 -39.983776 0.958356 -4.497995 225.919724 -38.783772 0.096408 0.363021 5.517150 -0.092517
36.753967 -40.610653 1.075910 -4.553845 226.480881 -39.100388 0.091492 0.386983 5.500988 -0.092775
36.886955 -41.332298 1.242739 -4.716208 227.115372 -39.462704 0.086745 0.385066 5.483084 -0.095647
37.003944 -41.993340 1.438832 -4.957722 227.669312 -39.782597 0.083590 0.360694 5.454114 -0.098335
37.136932 -42.763607 1.679157 -5.191588 228.300659 -40.148048 0.082931 0.312927 5.433018 -0.100317
37.253922 -43.435493 1.883373 -5.377699 228.843674 -40.464199 0.084633 0.256765 5.404991 -0.099387
37.387909 -44.218189 2.122317 -5.667380 229.465149 -40.831791 0.088563 0.174579 5.376916 -0.101663
37.503899 -44.917892 2.326192 -5.950654 230.003525 -41.154686 0.093792 0.089701 5.356436 -0.103584
37.637886 -45.697124 2.517118 -6.246701 230.610153 -41.523743 0.098999 -0.012295 5.332422 -0.099204
37.753876 -46.382488 2.664231 -6.538095 231.141235 -41.849514 0.102741 -0.095649 5.319784 -0.100595
37.887863 -47.161259 2.790042 -6.995276 231.741547 -42.222225 0.106358 -0.174459 5.312316 -0.098701
38.004852 -47.839935 2.845780 -7.434609 232.267670 -42.552269 0.110748 -0.229139 5.302432 -0.098043
38.137840 -48.617306 2.891407 -8.019543 232.861343 -42.932125 0.116660 -0.279107 5.295362 -0.098773
38.254829 -49.308807 2.895320 -8.525741 233.381638 -43.267792 0.123015 -0.314990 5.285820 -0.099208
38.387817 -50.097328 2.856571 -9.047544 233.974411 -43.653320 0.131506 -0.346029 5.272388 -0.098681
38.504807 -50.767666 2.791623 -9.455781 234.485809 -43.987637 0.138301 -0.361492 5.264081 -0.098178
38.638794 -51.543087 2.709793 -9.939553 235.074081 -44.374992 0.147496 -0.363728 5.253712 -0.096408
38.754784 -52.203213 2.619575 -10.305215 235.585434 -44.715176 0.157394 -0.351084 5.245943 -0.096156
38.888771 -52.945713 2.505094 -10.670440 236.163208 -45.103352 0.170766 -0.319171 5.221976 -0.095089
39.004761 -53.584637 2.396999 -10.999563 236.666992 -45.446239 0.185016 -0.274475 5.201981 -0.091992
39.138748 -54.306004 2.267093 -11.397099 237.234726 -45.837311 0.202781 -0.206542 5.174125 -0.092246
39.255737 -54.930119 2.143072 -11.652747 237.729919 -46.183815 0.218584 -0.137912 5.157814 -0.091334
39.388725 -55.621922 2.001014 -11.885284 238.287827 -46.579582 0.238645 -0.061407 5.133655 -0.088396
39.505714 -56.216881 1.872581 -12.108561 238.774246 -46.929722 0.257073 -0.000881 5.118371 -0.086570
39.638702 -56.878117 1.748350 -12.300960 239.326706 -47.334099 0.276174 0.064021 5.106248 -0.083517
39.755692 -57.430676 1.672099 -12.416876 239.800323 -47.687405 0.291184 0.125564 5.086976 -0.082296
39.888680 -58.046474 1.618052 -12.435814 240.340988 -48.099625 0.306439 0.209424 5.070775 -0.078280
40.005669 -58.561386 1.595535 -12.323133 240.808823 -48.462444 0.318646 0.288848 5.053854 -0.076484
40.139656 -59.127274 1.606028 -12.142340 241.335464 -48.878544 0.332843 0.367589 5.035605 -0.073325
40.255646 -59.611240 1.639249 -11.917992 241.793457 -49.248245 0.344976 0.409242 5.027488 -0.072061
40.389633 -60.139462 1.691856 -11.548610 242.308105 -49.672997 0.357056 0.413803 5.011390 -0.069014
40.506622 -60.557873 1.745330 -11.138609 242.756332 -50.050781 0.365107 0.384644 5.007344 -0.061798
40.639610 -61.002277 1.776084 -10.518155 243.260620 -50.484386 0.375509 0.333088 4.994564 -0.060047
40.756599 -61.370834 1.799205 -9.935344 243.699173 -50.870407 0.385343 0.289451 4.994009 -0.055628
40.889587 -61.755642 1.813539 -9.303390 244.195831 -51.318600 0.395862 0.251149 4.994804 -0.050680
41.006577 -62.059265 1.806702 -8.714585 244.620483 -51.712021 0.402699 0.221919 4.986069 -0.046820
41.139565 -62.379517 1.761339 -7.949573 245.105423 -52.172871 0.410753 0.176759 4.993283 -0.044003
41.256554 -62.640778 1.674308 -7.210969 245.523712 -52.581638 0.418232 0.118299 5.007424 -0.041674
41.389542 -62.917702 1.535565 -6.310003 245.994751 -53.054325 0.425687 0.034022 5.020315 -0.038995
41.506531 -63.160980 1.374770 -5.518971 246.405075 -53.476288 0.432773 -0.043518 5.033216 -0.040463
41.640518 -63.435566 1.149074 -4.576928 246.865662 -53.964333 0.440957 -0.119370 5.057561 -0.037313
41.757507 -63.655766 0.920542 -3.719610 247.266998 -54.401905 0.447144 -0.168487 5.084615 -0.034158
41.890495 -63.901955 0.637773 -2.792044 247.718277 -54.908726 0.452218 -0.207483 5.113424 -0.032770
42.007484 -64.102081 0.369412 -2.014258 248.110901 -55.363052 0.456912 -0.236508 5.148715 -0.029900
42.140472 -64.328720 0.050237 -1.156283 248.556152 -55.894154 0.459443 -0.274034 5.185224 -0.030050
42.257462 -64.519257 -0.241868 -0.478822 248.937592 -56.363167 0.460027 -0.311149 5.228575 -0.028047
42.390450 -64.743690 -0.574349 0.323663 249.373550 -56.915688 0.457818 -0.351158 5.268015 -0.027770
42.507439 -64.952332 -0.821663 0.984376 249.746887 -57.403316 0.453970 -0.375603 5.313307 -0.031051
42.640427 -65.195824 -1.077820 1.741403 250.173798 -57.976971 0.445977 -0.387225 5.353749 -0.029862
42.757416 -65.412354 -1.241005 2.325904 250.541443 -58.486977 0.436166 -0.380752 5.387638 -0.030478
42.891403 -65.666740 -1.375839 2.908274 250.953918 -59.076847 0.421346 -0.348658 5.428573 -0.031600
43.007393 -65.896561 -1.458596 3.356344 251.312561 -59.603672 0.405155 -0.293241 5.460930 -0.033817
43.141380 -66.181320 -1.507878 3.756770 251.714981 -60.210693 0.383922 -0.200369 5.485495 -0.037714
43.259373 -66.445358 -1.508428 4.002431 252.066132 -60.756367 0.365879 -0.100933 5.506483 -0.038936
43.376362 -66.720558 -1.461128 4.150476 252.409515 -61.303486 0.350032 0.003045 5.531455 -0.040411
43.509350 -67.034760 -1.363023 4.217875 252.793259 -61.932014 0.331795 0.119869 5.541733 -0.040818
43.626339 -67.323158 -1.219963 4.197623 253.123413 -62.490910 0.317805 0.216615 5.548713 -0.044320
43.759327 -67.674698 -1.036876 4.149805 253.492203 -63.131744 0.304185 0.308420 5.564753 -0.047211
43.876316 -67.998589 -0.860588 3.969680 253.810532 -63.701069 0.292641 0.360965 5.579388 -0.049962
44.009304 -68.384407 -0.653221 3.635214 254.169785 -64.358414 0.280034 0.383746 5.599765 -0.051996
44.126293 -68.740265 -0.470299 3.238458 254.476288 -64.932068 0.271219 0.382117 5.612427 -0.055314
44.260281 -69.177536 -0.271916 2.697375 254.826202 -65.598839 0.262483 0.375461 5.626457 -0.058331
44.376270 -69.575142 -0.132421 2.170633 255.126358 -66.184700 0.253000 0.372327 5.627540 -0.060516
44.510258 -70.055374 -0.019278 1.500255 255.462524 -66.854958 0.242486 0.361993 5.644440 -0.064392
44.626247 -70.489845 0.043523 0.895216 255.757095 -67.447220 0.234516 0.333254 5.656501 -0.065563
44.760235 -71.007370 0.116112 0.148909 256.087341 -68.123344 0.228768 0.270058 5.662431 -0.069390
44.877224 -71.485260 0.175458 -0.519052 256.375244 -68.721344 0.225442 0.189969 5.676867 -0.071524
45.010212 -72.036263 0.217253 -1.303040 256.700928 -69.403763 0.223099 0.081129 5.690052 -0.072315
45.127201 -72.545006 0.235356 -2.039088 256.984833 -70.007530 0.221760 -0.019404 5.710699 -0.076726
45.260189 -73.143806 0.241809 -2.848756 257.310730 -70.701782 0.222975 -0.125487 5.728720 -0.077953
45.377178 -73.669525 0.242741 -3.571154 257.596710 -71.309799 0.226060 -0.201694 5.755759 -0.077896
45.510166 -74.270592 0.247902 -4.404873 257.923492 -72.003235 0.230177 -0.270456 5.770765 -0.078684
45.627155 -74.792274 0.248454 -5.140822 258.208435 -72.610107 0.232352 -0.322318 5.785364 -0.076856
45.761143 -75.390381 0.265864 -5.861549 258.538330 -73.312035 0.234523 -0.378864 5.787024 -0.077599
45.877132 -75.922707 0.308011 -6.443897 258.824799 -73.925911 0.235404 -0.420875 5.789788 -0.078856
46.011120 -76.517387 0.377289 -7.112259 259.148376 -74.625031 0.234930 -0.448574 5.794624 -0.076793
46.128109 -77.011818 0.467220 -7.715193 259.432007 -75.241096 0.233735 -0.448867 5.798658 -0.071677
46.261097 -77.557755 0.630330 -8.350194 259.753693 -75.941986 0.232071 -0.422726 5.797879 -0.069721
46.378086 -78.004822 0.817451 -8.824457 260.038483 -76.557701 0.228612 -0.378669 5.796858 -0.063306
46.511074 -78.477936 1.074065 -9.339825 260.365479 -77.261963 0.221649 -0.301419 5.791996 -0.058002
46.628063 -78.848320 1.308724 -9.701274 260.649719 -77.870461 0.212919 -0.206546 5.788687 -0.052524
46.761051 -79.212555 1.589346 -9.988843 260.979034 -78.571739 0.201102 -0.064784 5.776903 -0.042690
46.878040 -79.490128 1.824698 -10.244297 261.266418 -79.182137 0.191565 0.077236 5.758772 -0.037716
47.012028 -79.759346 2.080896 -10.465426 261.596069 -79.872200 0.184012 0.238476 5.752150 -0.031245
47.128017 -79.943878 2.291009 -10.610811 261.889282 -80.477127 0.180595 0.361608 5.742364 -0.024064
47.262005 -80.103653 2.500847 -10.800341 262.225433 -81.161362 0.183726 0.465570 5.728064 -0.015713
47.378994 -80.177338 2.630561 -10.970065 262.524902 -81.759552 0.191733 0.521038 5.709176 -0.006401
47.511986 -80.192131 2.707261 -11.113515 262.872681 -82.438515 0.208049 0.546103 5.684952 0.002665
47.628975 -80.148865 2.702983 -11.261765 263.178589 -83.021751 0.227585 0.538542 5.673111 0.011032
47.761963 -80.043541 2.618414 -11.466927 263.535919 -83.689468 0.252819 0.497361 5.645426 0.017850
47.878952 -79.901207 2.465232 -11.642344 263.850647 -84.263168 0.279216 0.434109 5.642151 0.027134
48.011940 -79.675919 2.235578 -11.774182 264.220642 -84.921242 0.312341 0.333441 5.630522 0.032539
48.128929 -79.443077 1.987936 -11.865918 264.545410 -85.487686 0.341767 0.232221 5.626850 0.037321
48.261917 -79.114761 1.662945 -11.920109 264.926788 -86.137787 0.377408 0.113110 5.629247 0.047379
48.378906 -78.773872 1.359152 -11.887437 265.264374 -86.702049 0.409510 0.015049 5.617275 0.053440
48.512894 -78.335464 0.976068 -11.802593 265.651337 -87.340195 0.446867 -0.088079 5.615293 0.060552
48.629883 -77.908821 0.612080 -11.667360 265.994385 -87.899513 0.479339 -0.172445 5.606738 0.065764
48.762871 -77.373955 0.203717 -11.447655 266.387939 -88.532463 0.515722 -0.257633 5.603556 0.072625
48.879860 -76.857437 -0.143335 -11.199518 266.735901 -89.088737 0.546323 -0.315385 5.609504 0.079567
49.012848 -76.222260 -0.505840 -10.865452 267.130920 -89.720284 0.578119 -0.351857 5.600805 0.087387
49.129837 -75.597198 -0.791273 -10.493043 267.477966 -90.276039 0.604094 -0.357075 5.600088 0.098101
49.262825 -74.820526 -1.048612 -10.003091 267.870972 -90.914284 0.628755 -0.342688 5.592230 0.104670
49.379814 -74.108940 -1.242636 -9.511422 268.207001 -91.469200 0.644046 -0.328143 5.590168 0.110404
49.512802 -73.247986 -1.420308 -8.793737 268.589935 -92.112595 0.654570 -0.325127 5.588074 0.117316
49.629791 -72.451981 -1.551879 -8.074211 268.919220 -92.678658 0.659402 -0.337997 5.600361 0.125107
49.763779 -71.474113 -1.690385 -7.150450 269.284454 -93.327965 0.658136 -0.358868 5.602393 0.136360
49.880768 -70.569031 -1.803581 -6.230096 269.597015 -93.904610 0.652186 -0.366791 5.606045 0.142262
50.013756 -69.485916 -1.955510 -5.048043 269.939484 -94.567093 0.639038 -0.348328 5.609077 0.151427
50.130745 -68.486176 -2.121032 -3.861512 270.230530 -95.156380 0.620560 -0.302628 5.620437 0.157071
50.263733 -67.328888 -2.358580 -2.319698 270.547546 -95.834274 0.588805 -0.217028 5.630686 0.162034
50.380722 -66.294044 -2.605842 -0.812558 270.813629 -96.437248 0.551906 -0.113000 5.632065 0.165176
50.513710 -65.100784 -2.952319 1.036997 271.101288 -97.135208 0.503061 0.034400 5.637138 0.169514
50.630699 -64.071289 -3.315081 2.714725 271.336731 -97.745316 0.454482 0.174539 5.636917 0.168416
50.763687 -62.921753 -3.768133 4.775280 271.593414 -98.454300 0.391262 0.324850 5.619611 0.164384
50.880676 -61.968975 -4.158746 6.618748 271.803162 -99.075874 0.334362 0.424422 5.597710 0.156045
51.014664 -60.986076 -4.541138 8.678791 272.025787 -99.784637 0.270294 0.488364 5.573067 0.143586
51.131653 -60.215706 -4.742414 10.343894 272.208069 -100.408188 0.216693 0.503952 5.535747 0.126489
51.264641 -59.483505 -4.774958 11.994896 272.404144 -101.113747 0.163032 0.486645 5.483074 0.103971
51.381630 -58.976162 -4.604795 13.251006 272.570831 -101.728951 0.125076 0.450308 5.423218 0.081038
51.514618 -58.565453 -4.145114 14.382318 272.756470 -102.419685 0.092360 0.395609 5.340159 0.053502
51.631607 -58.354473 -3.495922 15.056384 272.919861 -103.016747 0.072201 0.345333 5.249652 0.024952
51.764595 -58.319283 -2.515786 15.386269 273.109039 -103.687439 0.055746 0.293580 5.163348 -0.006942
51.881584 -58.457069 -1.509971 15.277201 273.277740 -104.256889 0.045698 0.252591 5.086149 -0.031876
52.015572 -58.794056 -0.221503 14.815881 273.482269 -104.900665 0.036569 0.198773 5.005964 -0.054900
52.131561 -59.231304 0.968663 14.100958 273.671448 -105.451462 0.031364 0.138257 4.957455 -0.071410
52.265549 -59.881996 2.337341 12.879736 273.901672 -106.067345 0.027722 0.055589 4.927875 -0.086101
52.381538 -60.563683 3.485341 11.470837 274.118744 -106.601189 0.026192 -0.020038 4.922317 -0.094742
52.515526 -61.443188 4.679825 9.468122 274.384094 -107.200996 0.028547 -0.099864 4.943513 -0.098377
52.631516 -62.290710 5.595551 7.399286 274.635529 -107.723557 0.034197 -0.163516 4.970759 -0.099466
52.765503 -63.325302 6.423443 4.711969 274.942902 -108.313881 0.046435 -0.233382 5.035072 -0.096535
52.882492 -64.258926 6.919789 2.113881 275.232605 -108.832085 0.064912 -0.294785 5.103567 -0.090803
52.999481 -65.183945 7.196880 -0.586673 275.542603 -109.348358 0.090326 -0.353198 5.178550 -0.086436
53.132469 -66.204552 7.214385 -3.801022 275.917542 -109.934250 0.127595 -0.406860 5.271054 -0.076363
53.249458 -67.040161 6.973270 -6.614465 276.265991 -110.449638 0.168053 -0.435682 5.352253 -0.070013
53.382446 -67.888176 6.429196 -9.750342 276.687439 -111.041069 0.224287 -0.444299 5.461392 -0.058034
53.499435 -68.519463 5.767993 -12.335844 277.070404 -111.552803 0.280103 -0.433040 5.541374 -0.050573
53.632423 -69.117317 4.840128 -15.110057 277.530975 -112.144104 0.349448 -0.402552 5.625619 -0.040004
53.749413 -69.525658 3.944403 -17.304914 277.946136 -112.661186 0.412696 -0.362232 5.689585 -0.033383
53.883400 -69.864174 2.892661 -19.498299 278.431702 -113.250854 0.485835 -0.301835 5.774042 -0.022646
53.999390 -70.065964 1.976254 -21.176229 278.867371 -113.771576 0.549684 -0.239156 5.823799 -0.017761
54.133377 -70.190483 1.009792 -22.692919 279.370209 -114.366013 0.617907 -0.164276 5.875149 -0.007632
54.249367 -70.229225 0.252529 -23.710690 279.817780 -114.890167 0.672617 -0.099580 5.903858 -0.001334
54.383354 -70.187881 -0.442599 -24.415339 280.333282 -115.487587 0.726818 -0.026770 5.947120 0.009319
54.500343 -70.091591 -0.871538 -24.712778 280.788300 -116.013939 0.765428 0.040614 5.946388 0.017202
54.633331 -69.902924 -1.132653 -24.718573 281.303406 -116.614334 0.797195 0.121990 5.950549 0.030013
54.750320 -69.663078 -1.168663 -24.402699 281.754730 -117.143700 0.812874 0.194389 5.939780 0.041016
54.883308 -69.313202 -0.973684 -23.676815 282.265869 -117.751312 0.817520 0.272567 5.922086 0.053100
55.000298 -68.940300 -0.646986 -22.726851 282.704865 -118.278130 0.810544 0.336775 5.902404 0.061608
55.134285 -68.433128 -0.133241 -21.368372 283.202972 -118.886459 0.792276 0.410139 5.838419 0.071265
55.250275 -67.936043 0.382157 -19.961075 283.628082 -119.417618 0.768184 0.473036 5.795073 0.075291
55.384262 -67.320755 0.994745 -18.100357 284.103210 -120.022789 0.732692 0.533327 5.773505 0.079817
55.500252 -66.715897 1.529968 -16.314302 284.512848 -120.556786 0.698393 0.564293 5.736402 0.088006
55.634239 -65.958679 2.060907 -14.178786 284.966431 -121.165474 0.658605 0.564117 5.693671 0.092301
55.751228 -65.248825 2.386573 -12.154057 285.355377 -121.704025 0.623011 0.532830 5.674522 0.096264
55.884216 -64.385788 2.557292 -9.582916 285.789856 -122.320747 0.584600 0.469367 5.668570 0.099918
56.001205 -63.588234 2.518840 -7.145140 286.163452 -122.868576 0.554191 0.395765 5.666654 0.105376
56.134193 -62.652294 2.239390 -4.259092 286.581909 -123.503906 0.525268 0.295739 5.685279 0.106763
56.251183 -61.828690 1.762045 -1.696094 286.937042 -124.061279 0.504838 0.198113 5.707440 0.111492
56.385170 -60.884907 0.959883 1.324679 287.340759 -124.714149 0.486758 0.076864 5.746045 0.114656
56.501160 -60.073372 0.080765 3.955196 287.685394 -125.294014 0.475227 -0.032451 5.779342 0.119333
56.635147 -59.181870 -1.072438 6.898425 288.068298 -125.963608 0.466102 -0.159339 5.814573 0.121949
56.751137 -58.427761 -2.181532 9.427691 288.397491 -126.561195 0.462988 -0.274138 5.844649 0.122680
56.885124 -57.624046 -3.480713 12.145205 288.762512 -127.250145 0.464278 -0.407374 5.873176 0.123352
57.002113 -56.954147 -4.591801 14.374497 289.074738 -127.862686 0.470279 -0.519989 5.883048 0.123293
57.135101 -56.252331 -5.719336 16.608089 289.421509 -128.565186 0.480097 -0.631311 5.895515 0.116115
57.252090 -55.686081 -6.510015 18.215603 289.718140 -129.187302 0.489863 -0.706949 5.887765 0.105046
57.385078 -55.101532 -7.086729 19.609009 290.049286 -129.901489 0.501441 -0.763848 5.862826 0.091474
57.502068 -54.645470 -7.290097 20.461084 290.330872 -130.523376 0.510172 -0.784450 5.813237 0.079534
57.635056 -54.195969 -7.174815 21.030113 290.642151 -131.225586 0.514126 -0.768424 5.744298 0.061187
57.752045 -53.858486 -6.774059 21.117521 290.909241 -131.836777 0.506958 -0.714899 5.667759 0.045275
57.885033 -53.554443 -6.032703 20.801081 291.206299 -132.522263 0.484777 -0.610371 5.572351 0.028786
58.002022 -53.362247 -5.177047 20.209387 291.461884 -133.114929 0.450915 -0.488462 5.476357 0.013986
58.136013 -53.223427 -4.032732 19.240828 291.747009 -133.774902 0.394681 -0.327689 5.351484 0.003746
58.253002 -53.178940 -2.933923 18.217060 291.994354 -134.342346 0.330133 -0.174005 5.244909 -0.006011
58.385990 -53.213940 -1.648023 16.801338 292.271790 -134.973221 0.243057 0.011297 5.131100 -0.015726
58.502979 -53.316654 -0.543308 15.376701 292.512543 -135.516037 0.159805 0.180519 5.035362 -0.021977
58.635967 -53.521778 0.640432 13.511914 292.783875 -136.120544 0.064330 0.374480 4.943726 -0.029589
58.752956 -53.779282 1.565767 11.719851 293.022980 -136.642014 -0.016923 0.538548 4.874706 -0.036686
58.885944 -54.172298 2.452360 9.427582 293.298920 -137.228897 -0.101229 0.707796 4.817079 -0.042908
59.002934 -54.587463 3.044800 7.283432 293.540955 -137.731567 -0.161857 0.826372 4.805274 -0.048362
59.135921 -55.152962 3.523853 4.658915 293.825867 -138.308838 -0.213567 0.915699 4.806803 -0.057614
59.252911 -55.721115 3.759170 2.247319 294.081451 -138.811905 -0.238446 0.941984 4.836193 -0.065467
59.386898 -56.420071 3.811689 -0.534459 294.382202 -139.384308 -0.241612 0.912115 4.882338 -0.069324
59.502888 -57.080906 3.711887 -2.933033 294.658844 -139.888092 -0.220962 0.842533 4.936768 -0.078989
59.636875 -57.879482 3.454880 -5.521362 294.990265 -140.461334 -0.174618 0.730371 5.012192 -0.087253
59.753864 -58.605026 3.145376 -7.661609 295.296051 -140.968277 -0.116463 0.611948 5.096818 -0.092171
59.886852 -59.443985 2.748618 -9.943456 295.661438 -141.548126 -0.032615 0.458499 5.192529 -0.096092
60.003841 -60.199642 2.393812 -11.852027 295.996124 -142.062164 0.050947 0.308127 5.277017 -0.101856
