1.20 1.10 20 64
0.136000 0.011022 -0.078787 -0.064390 0.942063 -0.000469 -0.122373 0.105098 6.634486 0.001559
0.255000 0.008099 -0.226746 -0.147705 1.725894 -0.000924 -0.059848 0.029630 6.553184 -0.001519
0.386000 0.002420 -0.458527 -0.251724 2.577206 0.000647 0.048323 -0.058821 6.458138 -0.001089
0.503000 -0.009904 -0.714819 -0.400678 3.335435 0.002589 0.167735 -0.139289 6.401514 -0.001911
0.634000 -0.011307 -1.058679 -0.569853 4.163819 0.004609 0.308710 -0.218932 6.357981 0.000523
0.754000 -0.001507 -1.415426 -0.724653 4.931502 0.006422 0.435527 -0.276201 6.342890 0.001499
0.883000 0.022916 -1.815335 -0.897805 5.745580 0.008959 0.551531 -0.313862 6.371938 0.002433
1.001001 0.045520 -2.203844 -1.062903 6.500587 0.012089 0.633772 -0.330646 6.417520 0.002737
1.129000 0.077389 -2.599530 -1.209127 7.327532 0.016153 0.690003 -0.335784 6.491970 0.002896
1.259000 0.107785 -2.973444 -1.328485 8.183054 0.020058 0.706660 -0.329232 6.557004 0.003060
1.387000 0.139466 -3.284343 -1.469226 9.020723 0.023322 0.680818 -0.310333 6.623321 0.003594
1.505000 0.171843 -3.506316 -1.578437 9.804776 0.025848 0.625155 -0.280228 6.656683 0.003683
1.634000 0.204655 -3.635918 -1.715984 10.664065 0.028955 0.537247 -0.234080 6.660467 0.003383
1.762000 0.228712 -3.618954 -1.815748 11.514677 0.033859 0.433341 -0.176522 6.630414 0.002385
1.880000 0.245000 -3.461994 -1.932699 12.293622 0.037548 0.335575 -0.113404 6.581395 0.001257
2.006000 0.264292 -3.144432 -2.085549 13.118464 0.040090 0.239674 -0.036559 6.517783 0.001331
2.135000 0.280296 -2.675622 -2.221942 13.954581 0.040815 0.158183 0.047585 6.452477 0.000681
2.251000 0.297128 -2.169260 -2.301129 14.697320 0.042263 0.105642 0.120065 6.374307 0.002484
2.378000 0.319006 -1.531082 -2.242591 15.507708 0.046314 0.076431 0.186058 6.297663 0.002655
2.506001 0.337671 -0.866845 -2.112750 16.301643 0.051641 0.078042 0.230065 6.216891 0.002469
2.635001 0.360929 -0.215107 -1.904722 17.098505 0.058235 0.106990 0.255346 6.151017 0.004340
2.752001 0.387307 0.330341 -1.639223 17.814596 0.063346 0.154249 0.267146 6.100553 0.003048
2.879001 0.406379 0.827302 -1.345792 18.585617 0.069418 0.219424 0.273616 6.054941 0.001529
3.006001 0.420217 1.201225 -1.034624 19.352793 0.077564 0.291472 0.271933 6.038095 0.000710
3.133002 0.424604 1.443058 -0.756595 20.125021 0.086372 0.361235 0.255137 6.032697 -0.000870
3.260002 0.430948 1.538061 -0.472975 20.892679 0.093736 0.421658 0.220390 6.055280 0.000491
3.386002 0.429000 1.486647 -0.178224 21.657974 0.100999 0.467404 0.175404 6.089587 -0.002367
3.503002 0.414430 1.320461 0.075026 22.373369 0.107771 0.493963 0.135615 6.136007 -0.003779
3.633003 0.390408 1.021389 0.366239 23.170563 0.114280 0.502443 0.103983 6.208059 -0.004252
3.761003 0.360538 0.636338 0.649713 23.969698 0.121806 0.489649 0.081597 6.268416 -0.004479
3.877003 0.330950 0.207133 0.900369 24.707109 0.129036 0.459646 0.060320 6.325573 -0.005423
4.004003 0.286651 -0.298416 1.167305 25.514265 0.136841 0.411587 0.028055 6.373816 -0.006691
4.132004 0.225983 -0.806473 1.422400 26.326284 0.145783 0.354289 -0.013475 6.405034 -0.008206
4.260005 0.154812 -1.294960 1.617286 27.154806 0.156101 0.294243 -0.059928 6.433503 -0.009411
4.377007 0.086901 -1.671612 1.766525 27.902872 0.165422 0.244697 -0.102038 6.455506 -0.009990
4.506008 0.014868 -1.982062 1.894575 28.736231 0.177636 0.201467 -0.144815 6.464851 -0.008478
4.635009 -0.057710 -2.151746 1.933389 29.570208 0.190073 0.177132 -0.176886 6.466559 -0.010815
4.752010 -0.128143 -2.182553 1.869417 30.326033 0.202200 0.174166 -0.190078 6.456598 -0.011592
4.882011 -0.215509 -2.084944 1.771672 31.164494 0.217278 0.191522 -0.185788 6.442869 -0.012231
5.010012 -0.297633 -1.884293 1.620566 31.987560 0.231437 0.225297 -0.171779 6.417127 -0.011714
5.127013 -0.380090 -1.620976 1.412016 32.742561 0.244475 0.266859 -0.161588 6.387075 -0.012719
5.253015 -0.468677 -1.266389 1.117855 33.544804 0.259120 0.316690 -0.161375 6.356237 -0.013336
5.382016 -0.549742 -0.880320 0.859783 34.356075 0.275954 0.365974 -0.167267 6.327886 -0.010937
5.512017 -0.638571 -0.481495 0.636389 35.177277 0.295835 0.408921 -0.170161 6.312839 -0.012112
5.628018 -0.727825 -0.146071 0.438960 35.915569 0.313616 0.437945 -0.161347 6.308659 -0.014643
5.755019 -0.839251 0.173288 0.231406 36.716934 0.332667 0.454684 -0.135003 6.312708 -0.015411
5.885020 -0.952446 0.420134 0.025118 37.532028 0.351924 0.456306 -0.091096 6.326861 -0.014756
6.002021 -1.043682 0.554544 -0.162560 38.273220 0.368940 0.443780 -0.039809 6.342311 -0.012475
6.131022 -1.140000 0.595126 -0.344628 39.092419 0.388269 0.416823 0.022347 6.361891 -0.012085
6.260024 -1.225685 0.522125 -0.531966 39.914589 0.407546 0.378678 0.083819 6.382124 -0.010363
6.377025 -1.293699 0.372466 -0.698367 40.662281 0.424177 0.336440 0.132037 6.402332 -0.010365
6.505026 -1.361500 0.141699 -0.836585 41.482929 0.442118 0.289218 0.166847 6.417935 -0.008412
6.632027 -1.424953 -0.136085 -1.044694 42.305141 0.458627 0.246995 0.176682 6.426148 -0.007777
6.758029 -1.480102 -0.447601 -1.221346 43.109264 0.475248 0.213588 0.162749 6.442284 -0.007520
6.876029 -1.524322 -0.756068 -1.352180 43.869892 0.491574 0.194081 0.138886 6.448700 -0.007214
7.005031 -1.577492 -1.073025 -1.508749 44.702328 0.508760 0.189656 0.114033 6.455254 -0.007306
7.135032 -1.624704 -1.350881 -1.545722 45.542305 0.527147 0.202540 0.096569 6.465670 -0.005606
7.252033 -1.655988 -1.526414 -1.574654 46.298325 0.542959 0.227753 0.083991 6.462106 -0.004303
7.381034 -1.679762 -1.646711 -1.626783 47.137520 0.559779 0.268347 0.067219 6.450062 -0.002567
7.511035 -1.689754 -1.691115 -1.697969 47.969101 0.576461 0.315211 0.045965 6.445066 -0.000923
7.628036 -1.686377 -1.667423 -1.772515 48.728687 0.591318 0.358739 0.024124 6.433965 0.000582
7.758037 -1.677876 -1.595925 -1.889914 49.563702 0.605926 0.404124 0.002179 6.422402 0.000410
7.876038 -1.670681 -1.509094 -2.010224 50.315136 0.619166 0.438267 -0.009721 6.426282 0.000409
8.005039 -1.660794 -1.395649 -2.152071 51.150837 0.633681 0.464987 -0.004952 6.431903 0.000723
8.135039 -1.652884 -1.268915 -2.282582 51.981495 0.648250 0.476299 0.022923 6.445875 0.000877
8.252039 -1.629938 -1.157293 -2.327879 52.742985 0.661418 0.471444 0.061721 6.456461 0.003655
8.383039 -1.597274 -1.031092 -2.332018 53.583927 0.675992 0.452627 0.101749 6.477518 0.003685
8.501040 -1.568109 -0.916841 -2.313179 54.348785 0.689511 0.424840 0.120505 6.482879 0.003732
8.629039 -1.545807 -0.804541 -2.281485 55.178520 0.703021 0.387010 0.113017 6.480906 0.003177
8.755037 -1.531511 -0.700760 -2.222407 55.994743 0.715701 0.344483 0.080391 6.472828 0.001701
8.884037 -1.527140 -0.596363 -2.141624 56.835163 0.728248 0.300392 0.028056 6.459460 0.000229
9.002037 -1.517894 -0.513195 -2.100499 57.589527 0.740051 0.265232 -0.025176 6.438270 0.001442
9.131037 -1.508214 -0.446538 -2.000327 58.418232 0.753630 0.234734 -0.078337 6.414659 0.000763
9.260036 -1.511347 -0.386472 -1.797398 59.250446 0.767140 0.217056 -0.117583 6.390758 -0.000564
9.378036 -1.509865 -0.343450 -1.543386 59.996410 0.778900 0.214604 -0.140833 6.365636 0.001175
9.507036 -1.502452 -0.306274 -1.183876 60.822372 0.792434 0.225029 -0.160281 6.343368 0.001564
9.626037 -1.495274 -0.292151 -0.886914 61.569508 0.802647 0.246262 -0.176487 6.326363 0.000855
9.755036 -1.486561 -0.292054 -0.497859 62.384403 0.813088 0.280138 -0.189922 6.312147 0.000852
9.884036 -1.473992 -0.301071 -0.121332 63.203964 0.824265 0.319228 -0.190901 6.301150 0.001628
10.002036 -1.457307 -0.335010 0.155369 63.940056 0.834975 0.354327 -0.178681 6.290412 0.001921
10.132036 -1.443190 -0.405924 0.432998 64.757431 0.846651 0.390133 -0.156326 6.289474 0.001729
10.261036 -1.428957 -0.507340 0.656711 65.569450 0.859172 0.418825 -0.136144 6.299503 0.002550
10.379036 -1.417132 -0.632752 0.849875 66.313385 0.872977 0.435146 -0.126007 6.312422 0.001882
10.504034 -1.412706 -0.796477 1.004177 67.109779 0.888026 0.441669 -0.125321 6.328278 0.000578
10.633034 -1.407619 -0.993902 1.077222 67.920982 0.903325 0.436981 -0.129996 6.349544 0.001680
10.751034 -1.410743 -1.191800 1.117822 68.671249 0.918352 0.424264 -0.131974 6.365047 -0.001272
10.881034 -1.421385 -1.408270 1.096804 69.498688 0.935575 0.403587 -0.121118 6.369840 -0.000964
11.011034 -1.423315 -1.604550 1.041779 70.326965 0.954239 0.377399 -0.088014 6.374304 0.000309
11.129034 -1.417630 -1.773365 0.994868 71.078461 0.972473 0.352841 -0.034128 6.367358 0.000552
11.258034 -1.420563 -1.915152 0.911292 71.899376 0.992084 0.329283 0.048217 6.361338 -0.001427
11.376034 -1.434885 -2.003633 0.777611 72.648781 1.011524 0.311429 0.137636 6.343875 -0.004458
11.503033 -1.458463 -2.034941 0.573340 73.459236 1.032589 0.299738 0.238561 6.325008 -0.003569
11.630032 -1.475596 -2.021622 0.326636 74.260757 1.053298 0.297462 0.326398 6.306207 -0.004676
11.758031 -1.509958 -1.970842 0.043197 75.059502 1.074655 0.303805 0.390145 6.280124 -0.007429
11.876031 -1.550223 -1.906730 -0.278560 75.798729 1.094183 0.315829 0.421389 6.253698 -0.006861
12.006031 -1.586031 -1.797420 -0.685135 76.610046 1.116562 0.333805 0.422563 6.236851 -0.005543
12.135031 -1.614888 -1.678266 -1.096006 77.418457 1.139532 0.356369 0.391129 6.213654 -0.005120
12.253031 -1.635034 -1.584494 -1.468787 78.150040 1.159148 0.376039 0.340633 6.197524 -0.003911
12.383031 -1.651137 -1.499893 -1.888700 78.954048 1.179736 0.395302 0.271616 6.182120 -0.003076
12.502030 -1.661231 -1.444114 -2.210344 79.682465 1.198111 0.407614 0.207291 6.170079 -0.002958
12.631030 -1.675067 -1.429259 -2.508459 80.478828 1.218934 0.414262 0.141487 6.178045 -0.002313
12.760030 -1.690646 -1.448241 -2.783809 81.282417 1.240072 0.411664 0.077321 6.187666 -0.003392
12.877029 -1.717188 -1.506257 -2.949878 82.006233 1.259405 0.401692 0.015472 6.192651 -0.005602
13.007030 -1.754821 -1.586321 -3.111256 82.804787 1.279837 0.384892 -0.057364 6.192824 -0.005296
13.137030 -1.786343 -1.682045 -3.263862 83.609283 1.298918 0.364535 -0.128986 6.190186 -0.004564
13.255030 -1.816315 -1.783103 -3.360138 84.339668 1.314485 0.344872 -0.182202 6.190911 -0.003959
13.384029 -1.839199 -1.896406 -3.389797 85.138214 1.330593 0.324635 -0.223304 6.194199 -0.002915
13.501029 -1.857096 -2.000880 -3.364949 85.868553 1.344850 0.307278 -0.248747 6.187863 -0.002246
13.629028 -1.863868 -2.096149 -3.301987 86.653114 1.358809 0.292743 -0.270936 6.171269 -0.001667
13.758028 -1.874114 -2.183894 -3.213743 87.447830 1.371969 0.283237 -0.292913 6.155125 -0.000153
13.876028 -1.876938 -2.255899 -3.017127 88.172348 1.383873 0.279994 -0.313042 6.134347 0.001064
14.005028 -1.877158 -2.313638 -2.727196 88.961792 1.396800 0.281556 -0.332346 6.111820 0.001167
14.135028 -1.889858 -2.375523 -2.396263 89.753754 1.409560 0.289109 -0.343396 6.082367 -0.000210
14.253028 -1.899960 -2.425695 -2.064529 90.469048 1.420897 0.298366 -0.341302 6.054989 0.001420
14.381027 -1.902001 -2.472695 -1.656595 91.241341 1.432536 0.308984 -0.323138 6.019858 0.002547
14.509027 -1.901133 -2.507786 -1.233928 92.008728 1.443582 0.320816 -0.291250 5.981744 0.002423
14.627027 -1.894263 -2.522967 -0.891865 92.712799 1.452510 0.331886 -0.258290 5.956716 0.003297
14.757027 -1.891989 -2.545127 -0.522921 93.485481 1.462715 0.343512 -0.225033 5.935781 0.001875
14.876027 -1.887374 -2.590580 -0.202015 94.190414 1.473149 0.351610 -0.194484 5.912727 0.002588
15.006027 -1.880494 -2.661923 0.127509 94.958138 1.483855 0.356866 -0.150618 5.902245 0.002738
15.137028 -1.884998 -2.751164 0.467692 95.730446 1.494028 0.354947 -0.085285 5.888543 0.000117
15.255028 -1.904145 -2.831628 0.734890 96.424644 1.502589 0.348865 -0.005337 5.878174 -0.001478
15.384027 -1.916751 -2.921329 0.936041 97.188362 1.511080 0.337033 0.099994 5.872659 -0.000068
15.502028 -1.924703 -2.997377 1.045899 97.874184 1.519267 0.323747 0.199990 5.855147 -0.001241
15.631027 -1.945180 -3.068603 1.086471 98.628487 1.527599 0.306832 0.301222 5.841592 -0.003602
15.761027 -1.966234 -3.144060 1.051638 99.386269 1.534340 0.288696 0.381036 5.824129 -0.002031
15.879027 -1.974941 -3.198315 1.030234 100.071907 1.540087 0.273970 0.428605 5.802408 -0.001584
16.010027 -1.985565 -3.231063 1.000871 100.830292 1.546062 0.261306 0.456649 5.780922 -0.002388
16.127020 -2.000551 -3.233776 0.919606 101.505371 1.551065 0.252728 0.467256 5.759960 -0.002468
16.255013 -2.007227 -3.213484 0.814188 102.240967 1.556762 0.248018 0.467021 5.736683 -0.000905
16.384005 -2.010660 -3.181850 0.650555 102.984978 1.562703 0.246715 0.453008 5.713191 -0.002169
16.502996 -2.014450 -3.131830 0.499086 103.658195 1.566734 0.247840 0.423755 5.699740 -0.001787
16.632988 -2.016783 -3.060742 0.314455 104.396996 1.570237 0.253146 0.373134 5.670986 -0.001120
16.750980 -2.009879 -2.981694 0.151537 105.064934 1.573137 0.258705 0.314397 5.652877 -0.000691
16.880972 -2.004976 -2.869068 -0.030532 105.799026 1.575258 0.265314 0.238786 5.644847 -0.000445
17.009964 -1.992563 -2.748341 -0.231809 106.532173 1.576468 0.269938 0.154513 5.637413 -0.000120
17.126957 -1.985576 -2.638796 -0.436597 107.185257 1.576384 0.270868 0.072102 5.625608 -0.000139
17.255949 -1.975012 -2.518995 -0.644050 107.910591 1.575910 0.269092 -0.023797 5.622796 0.000460
17.385941 -1.965912 -2.374448 -0.839599 108.641251 1.575886 0.262720 -0.119629 5.617697 -0.000313
17.509935 -1.950404 -2.241177 -1.079168 109.343285 1.575315 0.253029 -0.208297 5.616797 0.002338
17.627928 -1.928908 -2.128843 -1.293844 110.000961 1.575188 0.240208 -0.287647 5.624067 0.001384
17.757919 -1.910061 -2.017131 -1.450947 110.732101 1.576308 0.223473 -0.372438 5.622685 0.001179
17.876911 -1.896382 -1.916747 -1.570876 111.400978 1.576612 0.207743 -0.444031 5.622036 0.001972
18.006903 -1.873158 -1.832221 -1.642480 112.131683 1.576769 0.191851 -0.505428 5.619651 0.004071
18.136894 -1.841560 -1.747158 -1.642992 112.861938 1.577234 0.176409 -0.536472 5.613575 0.004323
18.254887 -1.802298 -1.688450 -1.586277 113.523819 1.577565 0.164767 -0.527826 5.603645 0.005994
18.384878 -1.766977 -1.626017 -1.478268 114.251701 1.576915 0.153739 -0.477003 5.599107 0.004219
18.503870 -1.730884 -1.586863 -1.394400 114.917839 1.575067 0.148194 -0.401408 5.598356 0.006329
18.632862 -1.681924 -1.558577 -1.255665 115.640396 1.573972 0.145228 -0.305144 5.599202 0.007475
18.759855 -1.643959 -1.549157 -1.070575 116.351295 1.573020 0.145335 -0.208025 5.596112 0.005658
18.877848 -1.608102 -1.558908 -0.895928 117.011894 1.570287 0.147603 -0.118158 5.597609 0.006316
19.007839 -1.556994 -1.578064 -0.707050 117.739380 1.566587 0.152590 -0.017016 5.593400 0.008252
19.135832 -1.498338 -1.594913 -0.489163 118.455322 1.561904 0.158515 0.083614 5.592777 0.008968
19.251825 -1.445046 -1.603980 -0.294516 119.104095 1.557064 0.161563 0.169457 5.595724 0.009319
19.377819 -1.378284 -1.609307 -0.113022 119.809074 1.550396 0.162205 0.246586 5.594520 0.010255
19.505812 -1.302804 -1.630559 0.075295 120.525826 1.542743 0.160379 0.302551 5.604076 0.011214
19.633804 -1.229324 -1.624783 0.214863 121.243988 1.533581 0.154349 0.333123 5.617212 0.009705
19.751797 -1.170763 -1.603611 0.269075 121.912407 1.523345 0.145621 0.335801 5.619718 0.009046
19.882788 -1.101376 -1.557913 0.349086 122.642563 1.511932 0.134438 0.306657 5.616058 0.009589
20.000780 -1.032690 -1.499155 0.416379 123.305206 1.501700 0.123856 0.252572 5.614742 0.011177
20.130772 -0.950929 -1.416445 0.482964 124.034698 1.490096 0.112216 0.174749 5.612103 0.011216
20.259764 -0.868914 -1.309395 0.571410 124.758163 1.478609 0.102592 0.098875 5.607256 0.011544
20.377756 -0.786357 -1.214736 0.648689 125.424835 1.467849 0.096057 0.044877 5.599476 0.013525
20.507748 -0.680249 -1.097057 0.723798 126.146278 1.455869 0.090519 0.012324 5.591041 0.015043
20.625740 -0.574624 -0.978886 0.797290 126.806366 1.446421 0.088589 0.006319 5.591803 0.015464
20.754732 -0.461407 -0.853776 0.879987 127.532684 1.436820 0.088751 0.021819 5.586377 0.015591
20.884724 -0.352616 -0.739314 0.947216 128.252930 1.426845 0.090084 0.051738 5.581917 0.013639
21.002716 -0.270748 -0.641851 1.002368 128.911407 1.418800 0.091959 0.082149 5.580669 0.011013
21.131708 -0.177516 -0.563679 1.051936 129.630783 1.410558 0.093681 0.107306 5.573874 0.013511
21.261700 -0.069040 -0.495103 1.058979 130.355743 1.401009 0.095668 0.115506 5.577581 0.015727
21.378693 0.041915 -0.445847 1.082164 131.008926 1.393426 0.097902 0.106708 5.587016 0.017209
21.508684 0.170481 -0.420067 1.113097 131.736313 1.387351 0.100287 0.083329 5.600465 0.017266
21.625677 0.287111 -0.414114 1.122334 132.392059 1.383158 0.100119 0.056243 5.611122 0.018367
21.755671 0.418095 -0.425749 1.110112 133.122635 1.377754 0.098410 0.022268 5.630448 0.018536
21.884663 0.553231 -0.447275 1.074044 133.850372 1.370985 0.096091 -0.017098 5.650971 0.018106
22.002655 0.677777 -0.457505 1.054282 134.518341 1.365548 0.094830 -0.062815 5.668541 0.018207
22.132647 0.828923 -0.452332 1.057278 135.256622 1.360492 0.095470 -0.125049 5.685612 0.022192
22.250639 0.979471 -0.433703 1.112511 135.929077 1.356771 0.097251 -0.183288 5.709230 0.022937
22.381630 1.163332 -0.382363 1.183653 136.679413 1.352323 0.101795 -0.236817 5.738133 0.026721
22.510622 1.365363 -0.306736 1.263194 137.421860 1.348424 0.107561 -0.267178 5.762477 0.027151
22.628614 1.546610 -0.212030 1.305205 138.103180 1.345272 0.113811 -0.276018 5.782389 0.027739
22.755608 1.751811 -0.078438 1.360510 138.844177 1.342528 0.120339 -0.270726 5.792658 0.027914
22.883602 1.955079 0.064815 1.442140 139.586197 1.341094 0.126866 -0.250726 5.800342 0.028307
23.000595 2.144073 0.197530 1.538657 140.265137 1.339804 0.131962 -0.213493 5.805240 0.028703
23.129587 2.357642 0.335474 1.675106 141.008850 1.340575 0.136035 -0.148141 5.816553 0.029509
23.259579 2.581791 0.454912 1.744435 141.766357 1.342266 0.137026 -0.059362 5.833754 0.030317
23.377571 2.796395 0.531994 1.789109 142.455490 1.345409 0.135551 0.028095 5.847454 0.031952
23.507563 3.036409 0.589943 1.860216 143.216232 1.350396 0.131557 0.117056 5.854368 0.031507
23.625555 3.256768 0.619483 1.950256 143.914352 1.355654 0.126190 0.182176 5.875170 0.033093
23.756546 3.519143 0.642268 2.087296 144.679199 1.363351 0.118803 0.230671 5.895720 0.035535
23.886538 3.787245 0.652886 2.166664 145.447571 1.372489 0.113017 0.254005 5.921933 0.036034
24.004530 4.035959 0.660918 2.222192 146.152786 1.382928 0.109381 0.254825 5.935417 0.036584
24.134521 4.310377 0.650819 2.214589 146.919052 1.395261 0.108180 0.237712 5.945426 0.036840
24.252514 4.560708 0.639779 2.203299 147.621109 1.409425 0.109305 0.210060 5.957609 0.036550
24.381506 4.835611 0.630869 2.206222 148.396622 1.427350 0.113804 0.171580 5.975206 0.036825
24.511497 5.103169 0.624252 2.157886 149.167221 1.447886 0.120792 0.128357 5.977275 0.034858
24.629490 5.332007 0.603152 2.091592 149.873596 1.468200 0.129414 0.085154 5.994496 0.033503
24.758482 5.582294 0.569013 2.022949 150.653336 1.493407 0.141540 0.032031 6.007329 0.033808
24.876474 5.800281 0.526964 1.923059 151.356339 1.518075 0.153497 -0.023134 6.018248 0.032000
25.007467 6.040092 0.490906 1.799533 152.139908 1.545646 0.166335 -0.089915 6.036884 0.031644
25.136459 6.267184 0.460963 1.597914 152.926147 1.574458 0.178722 -0.151568 6.064204 0.029613
25.254452 6.469467 0.428533 1.475343 153.642059 1.602349 0.187926 -0.188913 6.076946 0.030622
25.382444 6.689999 0.392450 1.364187 154.426315 1.635535 0.195792 -0.198948 6.092123 0.029183
25.509438 6.904109 0.350723 1.268269 155.195099 1.669931 0.200121 -0.181329 6.117820 0.030958
25.626431 7.101092 0.305705 1.196156 155.911362 1.703581 0.201170 -0.151933 6.137141 0.027669
25.755423 7.305243 0.280868 1.159724 156.709442 1.742845 0.199146 -0.118072 6.153446 0.027997
25.885414 7.517644 0.256296 1.184057 157.503494 1.784663 0.195835 -0.089284 6.175393 0.028760
26.003407 7.709264 0.252832 1.187464 158.232071 1.823885 0.192214 -0.065577 6.189814 0.027286
26.131399 7.898013 0.287926 1.171379 159.024170 1.867712 0.188240 -0.039160 6.202568 0.024999
26.258392 8.078699 0.342557 1.230926 159.811646 1.914609 0.185734 -0.010082 6.215980 0.024856
26.376385 8.246979 0.423023 1.266464 160.544830 1.959221 0.185895 0.020336 6.232963 0.024800
26.505377 8.430277 0.534363 1.341773 161.347382 2.009666 0.187745 0.053153 6.233323 0.025723
26.634369 8.611663 0.656652 1.416794 162.150589 2.061573 0.191620 0.078845 6.241271 0.023962
26.751362 8.767815 0.756187 1.399397 162.886505 2.110407 0.196730 0.090828 6.253537 0.023677
26.881355 8.937601 0.862284 1.348967 163.692062 2.163996 0.203118 0.091669 6.258470 0.022764
27.010347 9.101410 0.950601 1.334810 164.504013 2.220529 0.210191 0.087621 6.264700 0.021752
27.127340 9.256897 1.010258 1.342618 165.228714 2.274466 0.216648 0.086966 6.265038 0.023636
27.258333 9.434951 1.064039 1.374002 166.054230 2.338551 0.224119 0.088266 6.276876 0.024272
27.376326 9.601355 1.092405 1.461467 166.787399 2.398042 0.230587 0.084309 6.292459 0.025277
27.504318 9.793493 1.097179 1.564900 167.591644 2.463610 0.237290 0.066473 6.310504 0.025823
27.632311 9.974982 1.080820 1.630427 168.398499 2.530305 0.242589 0.034212 6.332901 0.024544
27.760303 10.158712 1.039427 1.746248 169.214386 2.600044 0.246497 -0.003535 6.361503 0.024330
27.877296 10.313699 0.984037 1.827913 169.950714 2.664345 0.248598 -0.034727 6.381515 0.022693
28.006289 10.485120 0.922236 1.917337 170.779053 2.738638 0.246967 -0.063242 6.411016 0.022760
28.136280 10.653791 0.869457 2.025449 171.603851 2.814500 0.242452 -0.084854 6.427004 0.022291
28.254272 10.802685 0.840684 2.143932 172.360489 2.887628 0.238140 -0.096957 6.452068 0.021864
28.382265 10.957919 0.840141 2.269964 173.183258 2.969756 0.235006 -0.094244 6.465354 0.020343
28.500257 11.091668 0.878910 2.378689 173.942856 3.047036 0.232066 -0.072512 6.473395 0.020237
28.630249 11.242747 0.936133 2.580483 174.780441 3.135481 0.230565 -0.029842 6.484708 0.018988
28.760241 11.385933 1.028268 2.774963 175.619675 3.226662 0.231998 0.019013 6.497503 0.018232
28.876234 11.509753 1.135853 2.884182 176.369476 3.309869 0.234259 0.057051 6.507079 0.018759
29.004227 11.649799 1.263196 3.023993 177.196945 3.404216 0.238105 0.086787 6.504239 0.018218
29.133219 11.787011 1.381520 3.171000 178.031509 3.500792 0.243455 0.104817 6.518730 0.017825
29.251211 11.897295 1.484626 3.254533 178.796158 3.591635 0.249375 0.112037 6.531223 0.014681
29.379204 12.008619 1.590876 3.342032 179.627045 3.692903 0.256395 0.109331 6.544175 0.015024
29.507196 12.119516 1.693146 3.386270 180.459396 3.797096 0.263149 0.094174 6.558054 0.015122
29.625189 12.226123 1.772851 3.384799 181.227661 3.895114 0.269621 0.068770 6.571816 0.015476
29.755180 12.335586 1.835330 3.327173 182.075333 4.004957 0.274715 0.026888 6.580721 0.015282
29.885172 12.441285 1.871013 3.254945 182.924042 4.117587 0.277475 -0.027974 6.584478 0.013338
30.003164 12.525744 1.894123 3.202670 183.694794 4.222964 0.277780 -0.082840 6.597257 0.013050
30.132158 12.623638 1.909948 3.126518 184.543991 4.342383 0.276252 -0.135542 6.599318 0.013918
30.250151 12.707376 1.909750 3.023387 185.308777 4.452298 0.272523 -0.161107 6.605065 0.013599
30.380142 12.795303 1.875415 2.861121 186.158997 4.578129 0.265308 -0.158286 6.616747 0.012192
30.508135 12.878099 1.811196 2.671952 186.996231 4.705312 0.259007 -0.130390 6.618247 0.011578
30.635128 12.960004 1.728666 2.470543 187.828110 4.834918 0.253691 -0.095047 6.636037 0.013049
30.752121 13.038933 1.654600 2.291169 188.601639 4.957458 0.250511 -0.066245 6.639017 0.011884
30.881113 13.120596 1.563828 2.102522 189.441574 5.092457 0.249958 -0.041645 6.647596 0.011957
31.009106 13.207107 1.477664 1.866619 190.282486 5.229471 0.251737 -0.020520 6.664695 0.012807
31.126099 13.285406 1.413528 1.639004 191.052460 5.357304 0.257067 -0.000924 6.677630 0.012938
31.254091 13.374730 1.347553 1.392330 191.896133 5.498749 0.264464 0.021910 6.680645 0.013183
31.382084 13.462896 1.289378 1.177228 192.746582 5.642541 0.273607 0.045670 6.688898 0.012669
31.511076 13.555983 1.261060 0.998979 193.589828 5.787994 0.285997 0.070510 6.684496 0.012450
31.627069 13.638246 1.271106 0.874311 194.354233 5.920442 0.298971 0.092001 6.687672 0.012980
31.754063 13.728633 1.283381 0.740853 195.190857 6.067014 0.311834 0.110557 6.688649 0.011950
31.881056 13.809433 1.292079 0.632704 196.033615 6.216830 0.323412 0.117834 6.684336 0.011295
32.000050 13.881024 1.290951 0.515074 196.810150 6.357865 0.330926 0.110553 6.692016 0.010254
32.130062 13.954216 1.267856 0.377860 197.666122 6.515038 0.333926 0.089307 6.695262 0.011107
32.260075 14.025651 1.226019 0.342132 198.522202 6.676066 0.331874 0.064354 6.702411 0.008624
32.377087 14.081942 1.172769 0.346103 199.300278 6.823264 0.326694 0.050236 6.716039 0.008539
32.507099 14.161847 1.103850 0.338731 200.151855 6.986129 0.318633 0.048473 6.725769 0.011213
32.625111 14.243287 1.046111 0.348870 200.931961 7.136914 0.309530 0.051221 6.735785 0.012510
32.754124 14.342373 0.989479 0.362862 201.785370 7.304141 0.299190 0.040425 6.744563 0.013698
32.884136 14.450568 0.913353 0.398618 202.645523 7.476446 0.288369 0.003247 6.745254 0.015924
33.002148 14.556744 0.831616 0.418756 203.425598 7.634170 0.278815 -0.047187 6.744539 0.015408
33.130161 14.675546 0.737777 0.469199 204.277725 7.808760 0.271704 -0.099313 6.741458 0.016432
33.259174 14.800721 0.646887 0.519675 205.121994 7.983675 0.268223 -0.132720 6.734860 0.017160
33.376186 14.924713 0.559032 0.540327 205.892746 8.145067 0.268379 -0.146716 6.726249 0.019478
33.506199 15.070518 0.449321 0.567112 206.747192 8.326384 0.272137 -0.151029 6.713944 0.020092
33.636211 15.219378 0.331063 0.569491 207.599899 8.509866 0.277896 -0.145280 6.705429 0.019634
33.753223 15.353111 0.219391 0.571812 208.365692 8.676989 0.285087 -0.125128 6.698504 0.020319
33.882236 15.488928 0.107658 0.575105 209.215729 8.866051 0.292823 -0.083206 6.697416 0.016935
34.010250 15.610850 -0.002310 0.593684 210.044373 9.052889 0.299509 -0.032951 6.683863 0.016927
34.126263 15.723473 -0.101124 0.627941 210.806290 9.226800 0.305264 0.005988 6.678344 0.015864
34.254276 15.822336 -0.215917 0.659573 211.632401 9.417040 0.311550 0.028174 6.672642 0.012499
34.382290 15.911655 -0.317341 0.723950 212.463104 9.612785 0.318899 0.029582 6.667510 0.012162
34.500301 15.994878 -0.397292 0.760370 213.228149 9.794927 0.325969 0.022630 6.663308 0.012606
34.627316 16.101269 -0.470731 0.798209 214.057297 9.993513 0.333100 0.019308 6.654938 0.014546
34.756329 16.192057 -0.512920 0.778347 214.884796 10.193312 0.338381 0.030403 6.648066 0.010679
34.886341 16.265188 -0.538087 0.745010 215.723663 10.398378 0.341035 0.055401 6.640766 0.009134
35.003353 16.328447 -0.553282 0.674453 216.484344 10.586000 0.342913 0.082938 6.637352 0.009565
35.132366 16.394794 -0.565565 0.539787 217.315506 10.792671 0.343716 0.108298 6.638855 0.007927
35.250378 16.445122 -0.567369 0.377525 218.069290 10.980744 0.343646 0.124593 6.638950 0.007587
35.379391 16.486113 -0.556953 0.190459 218.905823 11.191652 0.341340 0.136207 6.633307 0.004659
35.509403 16.513561 -0.528726 -0.021845 219.735016 11.402837 0.336610 0.139251 6.630364 0.002107
35.627415 16.533777 -0.498055 -0.257141 220.492035 11.597188 0.332367 0.128401 6.623105 0.001677
35.756428 16.546026 -0.469110 -0.538069 221.324615 11.813473 0.327305 0.098284 6.615366 0.001064
35.886440 16.543732 -0.458082 -0.804977 222.149445 12.030784 0.324833 0.055463 6.613029 -0.001830
36.000454 16.531971 -0.448974 -1.047566 222.885071 12.224736 0.323783 0.015694 6.615592 -0.002730
36.130466 16.503349 -0.446720 -1.283981 223.710159 12.443978 0.324218 -0.024422 6.619295 -0.004977
36.259480 16.469759 -0.455272 -1.474491 224.542389 12.667601 0.327305 -0.060055 6.634883 -0.004551
36.376492 16.432556 -0.451680 -1.617380 225.291580 12.870170 0.331913 -0.087119 6.635717 -0.006339
36.505505 16.383266 -0.454901 -1.762190 226.112640 13.091785 0.336434 -0.105350 6.649768 -0.007287
36.635517 16.333748 -0.463048 -1.839086 226.947403 13.319078 0.340056 -0.108245 6.658067 -0.006098
36.752529 16.286226 -0.471388 -1.835198 227.704895 13.528439 0.342635 -0.100370 6.661329 -0.007612
36.882542 16.231937 -0.496390 -1.778528 228.532898 13.758413 0.343179 -0.090265 6.661280 -0.007817
37.001553 16.177694 -0.523448 -1.753662 229.296844 13.971327 0.342442 -0.083235 6.663305 -0.008214
37.130566 16.099323 -0.537093 -1.749544 230.131317 14.205257 0.338627 -0.073900 6.666446 -0.012359
37.260578 16.008877 -0.556713 -1.762176 230.959610 14.438463 0.334068 -0.054900 6.674571 -0.012612
37.375591 15.919868 -0.561104 -1.733074 231.697891 14.647980 0.330101 -0.027876 6.675202 -0.013944
37.504604 15.809272 -0.559129 -1.706591 232.525467 14.883171 0.325896 0.010006 6.667609 -0.015251
37.634617 15.690055 -0.546785 -1.641931 233.358810 15.120674 0.324262 0.047288 6.659516 -0.015905
37.752628 15.575034 -0.525462 -1.538238 234.119995 15.339215 0.325342 0.072498 6.652045 -0.017150
37.882641 15.449489 -0.499597 -1.392222 234.943420 15.575933 0.330024 0.082237 6.632720 -0.017170
38.008656 15.321344 -0.489677 -1.186570 235.752151 15.807399 0.335893 0.069899 6.614972 -0.017920
38.126667 15.194737 -0.508974 -0.973390 236.496048 16.019619 0.342155 0.042108 6.609498 -0.019823
38.256680 15.033060 -0.572656 -0.684994 237.321793 16.255093 0.350970 0.005165 6.604706 -0.022261
38.385693 14.842954 -0.657940 -0.358996 238.146103 16.491938 0.360958 -0.020373 6.591600 -0.026848
38.503704 14.658211 -0.752080 -0.125535 238.893997 16.705240 0.370915 -0.021937 6.590563 -0.026826
38.632717 14.463086 -0.865991 0.149762 239.705078 16.935474 0.380219 -0.003059 6.588816 -0.025971
38.750729 14.276092 -0.978434 0.402550 240.453598 17.147959 0.387313 0.017801 6.594350 -0.027322
38.878742 14.067205 -1.112692 0.649265 241.272675 17.379328 0.394060 0.019847 6.598153 -0.028090
39.007755 13.839979 -1.252788 0.872756 242.087372 17.608809 0.398875 -0.011291 6.621527 -0.030475
39.125767 13.634046 -1.363521 1.019254 242.840210 17.819918 0.402990 -0.061095 6.631075 -0.029785
39.255779 13.397851 -1.483187 1.040442 243.671753 18.051231 0.404951 -0.115323 6.642114 -0.031887
39.383793 13.166767 -1.600630 1.059329 244.492096 18.279970 0.404278 -0.145725 6.657460 -0.031147
39.501804 12.948490 -1.677990 1.040175 245.250229 18.489532 0.403316 -0.151098 6.670863 -0.033703
39.630817 12.693874 -1.743273 0.974926 246.087433 18.720238 0.402311 -0.141486 6.684722 -0.034894
39.757832 12.432072 -1.781549 0.893551 246.906662 18.946323 0.401201 -0.122814 6.693392 -0.036566
39.886845 12.159960 -1.768028 0.756293 247.733032 19.172928 0.401386 -0.091608 6.689320 -0.037732
40.002857 11.911883 -1.717485 0.579325 248.481964 19.377325 0.404569 -0.047630 6.692904 -0.038148
40.131870 11.633521 -1.622989 0.362586 249.321304 19.603701 0.410934 0.015217 6.685923 -0.037910
40.251881 11.375294 -1.505650 0.133354 250.090271 19.809774 0.417081 0.073648 6.688873 -0.038526
40.381893 11.089574 -1.330229 -0.204945 250.930771 20.032087 0.421570 0.125577 6.682140 -0.039683
40.509907 10.806443 -1.131042 -0.539577 251.763489 20.251802 0.424883 0.158588 6.672043 -0.038654
40.626919 10.557149 -0.956235 -0.829629 252.518753 20.450024 0.425658 0.173309 6.671034 -0.037102
40.755932 10.286572 -0.786315 -1.195543 253.350708 20.667746 0.423041 0.173681 6.659123 -0.036698
40.884945 10.028143 -0.656474 -1.582637 254.174973 20.882442 0.418586 0.162251 6.654173 -0.035080
41.001957 9.798170 -0.569185 -1.907823 254.928421 21.078516 0.409931 0.149525 6.656675 -0.034386
41.129971 9.551581 -0.496618 -2.233296 255.759979 21.292442 0.397849 0.141210 6.654244 -0.032424
41.258984 9.312523 -0.452071 -2.549277 256.591644 21.503601 0.386109 0.138136 6.652088 -0.032413
41.376995 9.099934 -0.431822 -2.809397 257.346771 21.693451 0.375962 0.128204 6.655037 -0.032036
41.508007 8.858512 -0.442314 -3.091683 258.193359 21.905163 0.363932 0.097512 6.666789 -0.033052
41.636021 8.620530 -0.493872 -3.316311 259.022766 22.110291 0.354350 0.051287 6.680096 -0.033063
41.754032 8.400733 -0.567155 -3.485382 259.788910 22.298328 0.349578 0.012032 6.689868 -0.032016
41.884045 8.166451 -0.668082 -3.599622 260.634125 22.504192 0.349981 -0.009316 6.696654 -0.032282
42.001057 7.947126 -0.763678 -3.595010 261.402893 22.690556 0.354467 -0.007712 6.706164 -0.031845
42.130070 7.714520 -0.847697 -3.529217 262.245056 22.892292 0.365711 0.000391 6.719468 -0.030851
42.260082 7.487263 -0.894374 -3.477533 263.095490 23.092194 0.382321 -0.004634 6.721945 -0.029752
42.378094 7.294333 -0.899687 -3.413340 263.861633 23.269476 0.400784 -0.028254 6.725195 -0.028193
42.507107 7.083801 -0.852993 -3.323685 264.714600 23.464315 0.421951 -0.070261 6.734106 -0.027357
42.637119 6.879226 -0.748095 -3.192985 265.562408 23.655487 0.443266 -0.115508 6.739917 -0.026969
42.755131 6.696581 -0.618183 -3.024186 266.339447 23.827488 0.459863 -0.149470 6.748741 -0.026220
42.882145 6.503259 -0.459202 -2.841780 267.184753 24.009682 0.473148 -0.170357 6.760455 -0.026182
43.010159 6.323762 -0.253951 -2.658677 268.026672 24.187641 0.480875 -0.172381 6.781513 -0.024726
43.126171 6.156731 -0.037483 -2.465729 268.798309 24.347355 0.482809 -0.159419 6.803536 -0.025254
43.254185 5.971351 0.240706 -2.209748 269.653046 24.521538 0.478303 -0.134362 6.824317 -0.024967
43.384197 5.793331 0.533538 -1.927766 270.524872 24.696939 0.468621 -0.106595 6.849125 -0.024125
43.502209 5.633197 0.814121 -1.692878 271.325775 24.853949 0.455510 -0.085940 6.867089 -0.023668
43.633221 5.465542 1.117849 -1.410010 272.204285 25.022823 0.437942 -0.072403 6.890313 -0.023188
43.752232 5.313374 1.382933 -1.166368 273.011108 25.175173 0.420697 -0.065411 6.908685 -0.023435
43.882244 5.139719 1.653979 -0.937077 273.895691 25.339075 0.402630 -0.054749 6.925187 -0.024788
44.012257 4.971610 1.908098 -0.688651 274.782898 25.499897 0.386189 -0.034049 6.945653 -0.023610
44.131268 4.820698 2.126713 -0.377597 275.598114 25.645212 0.373473 -0.010357 6.967142 -0.023395
44.260281 4.673768 2.355905 0.001323 276.484131 25.801735 0.363587 0.006774 6.979016 -0.021730
44.377293 4.553514 2.546673 0.281428 277.289001 25.940714 0.358640 0.002597 6.980216 -0.019209
44.504307 4.427021 2.736458 0.561260 278.164154 26.089081 0.356514 -0.020774 6.993310 -0.020381
44.632320 4.275878 2.890239 0.790497 279.047363 26.235758 0.358475 -0.044658 6.995111 -0.023015
44.759335 4.116411 3.001379 0.967424 279.931580 26.381466 0.362432 -0.046369 7.000947 -0.022897
44.877346 3.960331 3.070985 1.095821 280.741638 26.512218 0.367095 -0.021252 7.022451 -0.024835
45.005360 3.786840 3.100633 1.224652 281.630371 26.653137 0.374487 0.024321 7.036839 -0.024268
45.133373 3.600683 3.077474 1.290804 282.522430 26.788609 0.380882 0.066486 7.054780 -0.027031
45.261387 3.405238 2.994710 1.301777 283.424591 26.921909 0.384013 0.086908 7.077737 -0.026154
45.377399 3.234010 2.896455 1.267741 284.237762 27.040495 0.383809 0.083996 7.095468 -0.025122
45.508411 3.048510 2.734795 1.216063 285.153015 27.170843 0.380498 0.067506 7.124474 -0.023757
45.636425 2.867694 2.556452 1.100798 286.065002 27.297876 0.374023 0.053333 7.147795 -0.024071
45.752438 2.709079 2.402122 0.940385 286.880402 27.410622 0.364393 0.053894 7.165214 -0.022813
45.881451 2.532661 2.246088 0.772803 287.797363 27.534285 0.353103 0.073263 7.178151 -0.023495
46.011463 2.359445 2.111979 0.532961 288.724396 27.655890 0.341898 0.108125 7.203462 -0.021930
46.129475 2.202609 2.025018 0.339107 289.569122 27.763311 0.332004 0.147375 7.223486 -0.022040
46.259487 2.033845 1.979619 0.104788 290.500946 27.878174 0.322970 0.193557 7.222455 -0.021031
46.377499 1.879614 1.980674 -0.164561 291.347473 27.979401 0.317116 0.234200 7.224402 -0.021588
46.506512 1.710271 2.021871 -0.450783 292.272186 28.087662 0.313118 0.268872 7.213128 -0.021593
46.633526 1.546070 2.111582 -0.698600 293.182098 28.191959 0.311883 0.281879 7.207338 -0.020872
46.760540 1.382177 2.259520 -0.985964 294.091339 28.291677 0.313962 0.265939 7.196867 -0.021539
46.877552 1.229422 2.433759 -1.258573 294.934875 28.382111 0.316699 0.228232 7.182000 -0.020843
47.007565 1.073280 2.650039 -1.513396 295.855255 28.478434 0.319507 0.174069 7.170494 -0.018307
47.136578 0.924453 2.864721 -1.745584 296.772949 28.571709 0.321379 0.117127 7.132265 -0.018895
47.253590 0.795312 3.035945 -1.910346 297.608795 28.653997 0.321377 0.062234 7.106374 -0.017855
47.382603 0.664065 3.200290 -2.074248 298.519379 28.738842 0.319004 -0.008440 7.083667 -0.015947
47.511616 0.536967 3.312239 -2.251695 299.420380 28.820383 0.312807 -0.096417 7.060467 -0.016044
47.628628 0.422813 3.368519 -2.442132 300.242371 28.890797 0.304284 -0.188988 7.044638 -0.014367
47.758640 0.313961 3.390551 -2.624649 301.154388 28.965176 0.291868 -0.288951 7.032935 -0.012820
47.876652 0.217089 3.370663 -2.719680 301.980927 29.029459 0.278782 -0.360656 7.019646 -0.014085
48.006664 0.115990 3.288351 -2.758264 302.890900 29.098867 0.264696 -0.409214 7.024752 -0.012735
48.136677 0.031059 3.147511 -2.738084 303.801270 29.167009 0.252267 -0.428742 7.021942 -0.010572
48.251690 -0.031910 2.991145 -2.707564 304.613983 29.226355 0.244355 -0.431611 7.026645 -0.009795
48.377705 -0.089008 2.805901 -2.599822 305.496887 29.289026 0.238251 -0.426281 7.020294 -0.006969
48.505718 -0.129926 2.617965 -2.427887 306.393311 29.351387 0.234447 -0.412897 7.014496 -0.006012
48.635731 -0.157391 2.444128 -2.218760 307.296509 29.412266 0.232526 -0.384462 7.016657 -0.004497
48.752743 -0.185741 2.282178 -2.090708 308.115601 29.466007 0.232634 -0.339925 7.014555 -0.004858
48.881756 -0.208989 2.115933 -1.896322 309.017975 29.524191 0.234875 -0.264982 7.005086 -0.004377
49.012768 -0.226300 1.963246 -1.638407 309.932495 29.581682 0.238750 -0.159558 6.986266 -0.002654
49.130779 -0.228378 1.865842 -1.366275 310.754669 29.630804 0.241970 -0.043025 6.971591 -0.000613
49.260792 -0.227204 1.787375 -1.076529 311.659119 29.682354 0.244979 0.094656 6.961009 0.000140
49.378803 -0.214402 1.740510 -0.781556 312.478607 29.727694 0.246046 0.210674 6.951477 0.001462
49.506817 -0.187941 1.713084 -0.446780 313.365326 29.774961 0.244357 0.310157 6.923260 0.003025
49.636829 -0.150846 1.715834 -0.155726 314.262634 29.821053 0.238946 0.374886 6.899912 0.003903
49.754841 -0.107826 1.743793 0.048655 315.081177 29.861616 0.231400 0.405903 6.877289 0.005784
49.883854 -0.059868 1.792397 0.237767 315.959259 29.904284 0.221439 0.416985 6.858199 0.005399
50.002865 -0.016297 1.831901 0.388787 316.779083 29.943224 0.212985 0.414994 6.832465 0.004688
50.131878 0.025921 1.865794 0.529024 317.651001 29.983736 0.205721 0.407124 6.813338 0.005881
50.261890 0.071682 1.876000 0.584386 318.533844 30.023830 0.200054 0.397306 6.783533 0.005431
50.377903 0.115921 1.864809 0.613331 319.318146 30.059740 0.194824 0.385466 6.758505 0.006073
50.507915 0.164863 1.846668 0.637991 320.194580 30.099207 0.189571 0.361535 6.740991 0.007293
50.635929 0.221262 1.798012 0.649040 321.055023 30.136166 0.187071 0.318312 6.719421 0.007673
50.754940 0.264423 1.732303 0.656409 321.851624 30.169832 0.187013 0.256564 6.692351 0.005415
50.883953 0.308592 1.629769 0.676328 322.718933 30.207319 0.188407 0.168708 6.674620 0.005498
51.002964 0.340196 1.513537 0.652764 323.504974 30.241238 0.190643 0.077262 6.661991 0.004817
51.131977 0.376432 1.383713 0.621317 324.370270 30.278629 0.194033 -0.026336 6.662730 0.005215
51.259991 0.416369 1.239894 0.541321 325.215698 30.315121 0.196931 -0.122357 6.665113 0.006026
51.378002 0.452368 1.098839 0.414470 326.001984 30.347578 0.198246 -0.204516 6.671040 0.005857
51.508015 0.488915 0.951839 0.280198 326.868439 30.383986 0.197284 -0.286684 6.672231 0.005599
51.627026 0.532316 0.828761 0.125244 327.660828 30.419138 0.197870 -0.354184 6.663878 0.007435
51.754040 0.585328 0.714146 -0.062732 328.512085 30.457354 0.199566 -0.412591 6.652581 0.007640
51.884052 0.632757 0.634069 -0.270381 329.362823 30.495180 0.200706 -0.444449 6.652088 0.005987
52.011066 0.678992 0.589908 -0.501902 330.219452 30.534136 0.201629 -0.442094 6.645551 0.006831
52.129078 0.734414 0.558988 -0.705738 330.995728 30.570375 0.200620 -0.411597 6.638058 0.009546
52.259090 0.812083 0.563982 -0.899022 331.856567 30.610662 0.198600 -0.357348 6.621570 0.011476
52.377102 0.886280 0.599824 -1.085789 332.635590 30.647367 0.195723 -0.300077 6.593825 0.011427
52.507114 0.972403 0.654586 -1.276119 333.489777 30.688047 0.191635 -0.236605 6.565415 0.012178
52.637127 1.064360 0.723148 -1.407195 334.340424 30.728636 0.186748 -0.176910 6.537157 0.012403
52.755138 1.145261 0.788920 -1.506829 335.109161 30.765106 0.180014 -0.123483 6.513058 0.011847
52.885151 1.236469 0.832517 -1.641185 335.952515 30.805283 0.171245 -0.062371 6.480450 0.013751
53.003162 1.330286 0.861233 -1.710725 336.714355 30.841396 0.163687 -0.000991 6.453266 0.014109
53.132175 1.434385 0.870187 -1.709322 337.550293 30.881310 0.155399 0.071258 6.428026 0.013594
53.262188 1.537887 0.849011 -1.721735 338.376526 30.920387 0.147454 0.146077 6.399107 0.014668
53.381199 1.634235 0.806565 -1.686587 339.135406 30.957083 0.139620 0.215353 6.375738 0.013783
53.511211 1.747398 0.738026 -1.560587 339.961517 30.998850 0.132106 0.289701 6.351610 0.014922
53.629223 1.849740 0.652781 -1.412036 340.708008 31.037874 0.127244 0.351370 6.323699 0.015426
53.759235 1.967772 0.551871 -1.221787 341.528107 31.079845 0.125827 0.401734 6.308507 0.015076
53.877247 2.076881 0.443932 -0.995046 342.270172 31.117765 0.126139 0.421512 6.287800 0.016752
54.004261 2.205107 0.307627 -0.721297 343.067078 31.159239 0.129788 0.409378 6.277115 0.017422
54.133274 2.329230 0.153145 -0.440134 343.874878 31.201401 0.136692 0.363921 6.264402 0.016522
54.263287 2.447492 0.014297 -0.171225 344.688110 31.242846 0.144853 0.293469 6.260151 0.015141
54.381298 2.554528 -0.105752 0.092383 345.424469 31.280870 0.153463 0.218067 6.242828 0.015720
54.508312 2.660903 -0.223110 0.362223 346.215759 31.322121 0.160258 0.133561 6.234696 0.014441
54.637325 2.761715 -0.335603 0.608013 347.019165 31.364857 0.165867 0.050073 6.242782 0.012739
54.754337 2.852963 -0.418727 0.788347 347.754578 31.403666 0.170065 -0.022980 6.239737 0.014718
54.884350 2.967394 -0.472136 0.928554 348.558502 31.445461 0.173138 -0.098386 6.243281 0.015962
55.002361 3.078813 -0.476370 1.039480 349.294769 31.486269 0.174088 -0.159405 6.252178 0.016900
55.132374 3.200512 -0.424783 1.099443 350.106812 31.531261 0.172435 -0.212207 6.258006 0.015247
55.262386 3.303061 -0.316832 1.101232 350.919220 31.576746 0.167245 -0.242819 6.259988 0.013415
55.380398 3.401772 -0.174485 1.055924 351.656342 31.617823 0.158858 -0.254832 6.252710 0.013892
55.509411 3.502636 0.010263 0.979156 352.467468 31.662682 0.147436 -0.256845 6.245661 0.012683
55.627422 3.589556 0.202240 0.859024 353.195953 31.703375 0.136063 -0.251106 6.229677 0.012416
55.756435 3.681282 0.416524 0.670006 353.997742 31.748531 0.123153 -0.235804 6.222091 0.012714
55.883450 3.769224 0.619981 0.511136 354.786163 31.794857 0.111666 -0.210930 6.213006 0.011651
56.010464 3.853058 0.784018 0.352490 355.572693 31.842155 0.100372 -0.181402 6.199435 0.011740
56.137478 3.933629 0.911963 0.216421 356.357727 31.890450 0.091110 -0.153293 6.187890 0.011417
56.253490 4.010434 1.000351 0.164897 357.073364 31.937229 0.084041 -0.130355 6.182489 0.010922
56.380505 4.086990 1.067719 0.165141 357.856659 31.989952 0.078336 -0.106065 6.180556 0.010709
56.507519 4.167738 1.099894 0.147239 358.640167 32.045002 0.075091 -0.080062 6.185246 0.010185
56.636532 4.249713 1.110105 0.082868 359.436371 32.102116 0.072442 -0.053015 6.188273 0.011767
56.754543 4.333501 1.098313 -0.032159 360.165131 32.155594 0.070978 -0.027312 6.192848 0.012227
56.884556 4.415985 1.070456 -0.125381 360.968628 32.216286 0.071072 0.004719 6.199163 0.011294
57.002567 4.489852 1.028943 -0.202882 361.697479 32.273335 0.072236 0.039181 6.195284 0.011481
57.132580 4.569778 0.969338 -0.257363 362.501373 32.338291 0.073156 0.085718 6.208242 0.011314
57.261593 4.649407 0.896156 -0.331486 363.307068 32.402935 0.074264 0.138429 6.223980 0.009800
57.379604 4.708778 0.836847 -0.407685 364.033203 32.460934 0.074123 0.189826 6.227459 0.008671
57.509617 4.775177 0.791019 -0.457493 364.840637 32.526821 0.073730 0.241713 6.235862 0.009688
57.627628 4.849373 0.761648 -0.531707 365.573975 32.587227 0.072354 0.271846 6.235484 0.012021
57.756641 4.929926 0.741830 -0.557270 366.375458 32.655148 0.069626 0.274838 6.236911 0.011616
57.887653 5.027839 0.728957 -0.635843 367.189392 32.724739 0.065098 0.244310 6.237003 0.013740
58.005665 5.115759 0.719845 -0.736333 367.922241 32.788601 0.061506 0.198484 6.231656 0.013000
58.132679 5.211663 0.721894 -0.823438 368.716644 32.858749 0.058227 0.143003 6.233273 0.013694
58.260693 5.309739 0.739123 -0.838028 369.511658 32.932739 0.054384 0.088587 6.241914 0.014473
58.378704 5.401461 0.783965 -0.783975 370.239197 33.002754 0.051828 0.040978 6.249023 0.013261
58.507717 5.507575 0.864845 -0.712899 371.041656 33.081940 0.048418 -0.006028 6.254709 0.014432
58.637730 5.620162 0.975821 -0.651082 371.850800 33.161999 0.045095 -0.040555 6.260567 0.015449
58.752743 5.721778 1.092622 -0.561799 372.573700 33.235722 0.041563 -0.056442 6.265566 0.015643
58.880756 5.842134 1.248184 -0.441401 373.365875 33.317524 0.034682 -0.058207 6.267425 0.016834
59.008770 5.978403 1.431357 -0.387519 374.163574 33.399113 0.026865 -0.051972 6.262239 0.019305
59.137783 6.117023 1.641694 -0.332628 374.966400 33.482750 0.018133 -0.048736 6.250970 0.018016
59.254795 6.225006 1.857849 -0.345585 375.693695 33.559002 0.011906 -0.057436 6.245331 0.014474
59.384808 6.326166 2.125159 -0.376498 376.499939 33.645382 0.006018 -0.085720 6.233088 0.013907
59.513821 6.431296 2.381484 -0.430293 377.297485 33.731514 -0.000093 -0.131268 6.212499 0.015310
59.630833 6.531691 2.591942 -0.470650 378.018341 33.810631 -0.003945 -0.177476 6.190913 0.015880
59.759846 6.642473 2.789912 -0.536527 378.809418 33.898937 -0.006577 -0.215571 6.156116 0.015504
59.886860 6.765423 2.942932 -0.600532 379.584229 33.986324 -0.009580 -0.225945 6.128496 0.017136
60.003872 6.883111 3.037538 -0.639131 380.301544 34.068676 -0.011159 -0.208018 6.109630 0.017325
