0.000000 -201127.165625 -9098314.725000 1068301.860938
5.000000 -2951037.231250 -7700154.262500 -1138646.315625
10.000000 -6195589.100000 -7470660.781250 1475487.071875
15.000000 -9733619.700000 -4696776.992188 524572.259375
20.000000 -13360186.350000 -3311880.660937 175300.085937
25.000000 -17474309.100000 116582.588281 -167144.341016
30.000000 -21956222.200000 4087361.793750 561629.253125
35.000000 -26766898.400000 8640873.500000 701963.878125
40.000000 -30986509.700000 13189469.450000 818699.635937
45.000000 -34454455.900000 14532575.375000 -11590.178125
50.000000 -36885979.600000 16884360.750000 662708.084375
55.000000 -39335226.600000 15289305.250000 -733202.812500
60.000000 -40956912.800000 14960678.300000 -55373.094531
65.000000 -42670787.400000 11957973.875000 839568.582812
70.000000 -43261697.800000 15020164.075000 531084.109375
75.000000 -44082009.000000 13106268.475000 1394063.525000
80.000000 -44592347.000000 14629923.400000 1084497.031250
85.000000 -44219545.200000 15030891.575000 -765049.757813
90.000000 -45137582.200000 15843565.175000 -1525542.790625
95.000000 -44759398.800000 19997911.300000 833364.012500
100.000000 -44660369.800000 21682411.500000 2048550.331250
105.000000 -44646215.600000 25335257.400000 1551583.150000
110.000000 -44532796.200000 30682755.900000 202686.803125
115.000000 -44274393.600000 36474282.000000 -3955915.781250
120.000000 -44291168.600000 42404788.100000 998274.468750
125.000000 -44174402.200000 48418488.200000 -1774066.368750
130.000000 -43211502.400000 51810545.000000 806393.287500
135.000000 -40962940.200000 55511221.800000 -128928.143750
140.000000 -38652065.800000 58209691.800000 -636957.631250
145.000000 -34849730.600000 60577222.200000 -969388.762500
150.000000 -30947772.000000 63997826.000000 1672326.610937
155.000000 -26506463.800000 63859907.000000 4164642.250000
160.000000 -21536141.500000 66045362.000000 -1490588.158594
165.000000 -17458044.150000 65254463.200000 -2716766.117188
170.000000 -10758517.025000 66725290.000000 1082409.784375
175.000000 -5915164.506250 66295063.800000 -3517864.152344
180.000000 86741.581250 67856701.800000 929374.298438
