378947.37
0.142000 0.414856
0.259000 0.771006
0.392000 1.127006
0.509000 1.425712
0.626000 1.691618
0.759000 2.031234
0.876000 2.312250
1.010000 2.691360
1.126000 3.014341
1.259000 3.426854
1.375999 3.745687
1.509999 4.115957
1.625999 4.373736
1.759999 4.657222
1.876999 4.866236
2.010999 5.108693
2.126999 5.305026
2.259999 5.495212
2.376999 5.641200
2.510999 5.784169
2.626999 5.899136
2.759999 6.008329
2.876998 6.110239
3.010998 6.261486
3.126998 6.406952
3.260998 6.589438
3.376998 6.771960
3.510998 6.986850
3.626998 7.186552
3.760998 7.397837
3.876997 7.572108
4.011997 7.740743
4.127997 7.871987
4.260997 7.999059
4.377997 8.080864
4.511997 8.175097
4.627997 8.227157
4.760998 8.247496
4.877998 8.258151
5.011999 8.280964
5.127999 8.292918
5.262000 8.309377
5.379000 8.347283
5.513000 8.395716
5.629000 8.469263
5.762000 8.520952
5.879000 8.586539
6.013000 8.627127
6.129001 8.684475
6.263001 8.729609
6.381002 8.742341
6.514002 8.754950
6.629002 8.745043
6.763003 8.749932
6.880003 8.749946
7.014003 8.751025
7.130003 8.757865
7.263004 8.771045
7.380004 8.784042
7.514005 8.800669
7.630005 8.820429
7.764006 8.870687
7.880006 8.931622
8.015007 8.979290
8.131006 9.032195
8.264007 9.071552
8.381006 9.104812
8.515005 9.127417
8.631004 9.124063
8.764005 9.123394
8.881004 9.096197
9.015005 9.073311
9.131005 9.047291
9.265006 9.012865
9.382006 8.964753
9.516006 8.921396
9.632006 8.904224
9.765005 8.889736
9.882005 8.882218
10.016004 8.897579
10.132003 8.922934
10.266004 8.941352
10.382004 8.987340
10.516004 9.030311
10.633004 9.076071
10.766005 9.096470
10.883005 9.105488
11.016006 9.121248
11.133006 9.135992
11.267006 9.132979
11.383005 9.134231
11.517006 9.121397
11.634007 9.114542
11.767007 9.090216
11.884007 9.076849
12.017008 9.071865
12.134008 9.055630
12.267009 9.052971
12.384008 9.057416
12.501008 9.052440
12.634008 9.064185
12.751009 9.067373
12.884009 9.078694
13.001010 9.079060
13.135011 9.082399
13.251011 9.069769
13.385012 9.072911
13.502012 9.056194
13.635013 9.051647
13.752013 9.035246
13.886014 9.030921
14.002014 9.035313
14.135015 9.003592
14.253015 9.010119
14.386015 9.014672
14.503016 9.014789
14.638015 9.026410
14.753015 9.039800
14.887015 9.057292
15.004014 9.073743
15.137014 9.105508
15.267015 9.108759
15.390015 9.091186
15.501016 9.120298
15.633015 9.131988
15.767015 9.123534
15.886016 9.120872
16.017017 9.119021
16.134018 9.127961
16.251020 9.117447
16.384024 9.100458
16.501026 9.084855
16.634029 9.062114
16.751032 9.054178
16.884035 9.037416
17.001038 9.041063
17.135040 9.046727
17.251043 9.049877
17.385046 9.035418
17.502048 9.041786
17.635052 9.052858
17.752054 9.043367
17.885057 9.061587
18.002060 9.078290
18.135063 9.108769
18.252066 9.108218
18.386068 9.118198
18.502071 9.116153
18.636074 9.122801
18.752077 9.138998
18.886080 9.139827
19.003082 9.144288
19.136086 9.140344
19.253086 9.136456
19.403090 9.122233
19.503092 9.129841
19.637094 9.142381
19.753098 9.132894
19.887100 9.132755
20.004103 9.129782
20.137106 9.136963
20.254108 9.130995
20.387112 9.117171
20.504114 9.121465
20.637117 9.103453
20.754120 9.087859
20.888123 9.076178
21.004124 9.070021
21.138124 9.063864
21.255127 9.051110
21.392130 9.071658
21.505129 9.080417
21.638130 9.109583
21.755131 9.135714
21.888132 9.152540
22.006134 9.158972
22.138132 9.168595
22.255135 9.178827
22.389137 9.153686
22.505140 9.155832
22.639143 9.136224
22.756145 9.131426
22.889149 9.155445
23.006151 9.150744
23.139154 9.147249
23.256157 9.162659
23.389160 9.157817
23.506163 9.153333
23.640165 9.143739
23.756168 9.135056
23.890171 9.127030
24.006174 9.125800
24.140177 9.148901
24.257179 9.159203
24.390182 9.153005
24.509182 9.157337
24.640182 9.144537
24.757183 9.130545
24.891184 9.112800
25.009184 9.119693
25.141184 9.109050
25.257185 9.097793
25.391186 9.083283
25.512184 9.084614
25.629187 9.089510
25.762190 9.084254
25.879192 9.083718
26.013195 9.060111
26.129198 9.066697
26.262201 9.081183
26.379204 9.084239
26.513206 9.103206
26.629210 9.115245
26.763212 9.111577
26.879213 9.120458
27.014215 9.120088
27.130219 9.130320
27.263222 9.110296
27.380224 9.103897
27.514227 9.112616
27.630230 9.115364
27.764233 9.111340
27.880234 9.119714
28.015236 9.122466
28.131237 9.106848
28.264240 9.080007
28.381243 9.059099
28.515245 9.056407
28.631248 9.070972
28.764252 9.063465
28.881254 9.065898
29.015257 9.063961
29.131260 9.065281
29.265263 9.093749
29.381266 9.116607
29.516266 9.114808
29.632269 9.124509
29.765272 9.131682
29.882275 9.127787
30.016277 9.136166
