757894.74
0.130000 0.760427
0.264000 1.542469
0.381000 2.219093
0.514000 2.899970
0.631000 3.511277
0.764000 4.172904
0.881000 4.809217
1.014000 5.519298
1.131000 6.194617
1.265000 6.912979
1.381000 7.548188
1.515000 8.171130
1.630999 8.677858
1.764999 9.139649
1.881999 9.478278
2.014999 9.744350
2.127999 9.931222
2.264999 10.036489
2.381999 10.095695
2.515999 10.161591
2.631999 10.226022
2.765999 10.301888
2.881999 10.397838
3.015999 10.556772
3.132998 10.686863
3.265998 10.868149
3.382998 11.082868
3.515998 11.311426
3.632998 11.541813
3.765998 11.782753
3.882998 12.007296
4.016998 12.219489
4.132998 12.384992
4.266999 12.529744
4.383999 12.641017
4.517000 12.749229
4.634000 12.810660
4.751001 12.822283
4.884001 12.850848
5.001002 12.886017
5.134002 12.904588
5.251003 12.935450
5.384003 12.930969
5.501004 12.940431
5.635005 12.954170
5.751005 12.940855
5.885005 12.941211
6.002006 12.901570
6.135006 12.876135
6.252007 12.834767
6.385007 12.753287
6.502008 12.705232
6.635008 12.618180
6.752009 12.578306
6.886010 12.555481
7.002010 12.550387
7.136011 12.573835
7.252011 12.628128
7.386012 12.681111
7.503012 12.736309
7.636013 12.789839
7.753013 12.870131
7.886014 12.982533
8.003014 13.032392
8.136014 13.095380
8.253015 13.152785
8.387015 13.177618
8.503016 13.160594
8.637016 13.136227
8.754017 13.120993
8.887017 13.053458
9.004018 13.020233
9.137018 13.008782
9.254019 12.954272
9.387019 12.877380
9.504020 12.819128
9.638021 12.808602
9.754021 12.797577
9.888021 12.812978
10.005022 12.827863
10.138022 12.848670
10.255023 12.855257
10.388023 12.903920
10.505024 12.931880
10.638024 12.962630
10.755025 12.972351
10.889026 12.967866
11.005026 12.975088
11.139027 13.003946
11.256027 12.995928
11.389028 13.010057
11.506028 13.028492
11.639029 13.027838
11.756029 12.987300
11.889030 12.972284
12.006030 12.976526
12.140031 12.965291
12.256031 12.957771
12.390032 12.945451
12.507032 12.934013
12.640033 12.930518
12.757033 12.917095
12.890034 12.891373
13.007034 12.888639
13.140035 12.903120
13.257035 12.894545
13.391036 12.880798
13.507036 12.862342
13.641037 12.840741
13.757037 12.862126
13.891038 12.884848
14.008039 12.904664
14.159039 12.890444
14.258039 12.896272
14.391039 12.899434
14.508039 12.912457
14.642040 12.921437
14.758040 12.943600
14.892041 12.942439
15.010042 12.941325
15.126042 12.961538
15.260043 12.972116
15.376043 12.939328
15.510044 12.927573
15.627045 12.931860
15.760045 12.929328
15.877046 12.930644
16.010046 12.953272
16.127048 12.956723
16.260052 12.960580
16.377054 12.946525
16.511057 12.937448
16.627060 12.946364
16.761063 12.976710
16.878065 12.962193
17.011068 12.965828
17.128071 12.983407
17.252073 12.986017
17.378077 12.953394
17.511080 12.945303
17.628082 12.930813
17.762085 12.907200
17.878088 12.944227
18.012091 12.958543
18.129093 12.984875
18.262096 12.976227
18.379099 12.964637
18.512102 12.953656
18.629105 12.958706
18.762108 12.971629
18.879110 12.964955
19.013113 12.949539
19.129116 12.930258
19.263119 12.912124
19.380121 12.928444
19.513124 12.943201
19.630127 12.944447
19.763130 12.933615
19.880133 12.934542
20.013136 12.938352
20.130138 12.931456
20.264141 12.922067
20.380144 12.943427
20.514147 12.943595
20.631149 12.934686
20.782152 12.914576
20.881153 12.921783
21.014156 12.929947
21.131159 12.890738
21.264162 12.911005
21.381165 12.927981
21.515167 12.953294
21.631170 12.986098
21.765173 13.008823
21.881176 13.014036
22.015179 13.026903
22.132181 13.036114
22.265184 12.997377
22.382187 13.002477
22.515190 12.985779
22.632193 12.958867
22.765196 12.978379
22.882198 12.956717
23.016201 12.986492
23.132204 13.004719
23.266207 12.989804
23.383209 12.974924
23.516212 12.928632
23.633215 12.902258
23.766218 12.876466
23.883221 12.898053
24.016224 12.910581
24.133226 12.934560
24.267229 12.915622
24.383232 12.924937
24.517235 12.911557
24.634237 12.904591
24.767241 12.900263
24.884243 12.926919
25.001245 12.920856
25.134249 12.928891
25.251251 12.915719
25.384254 12.931547
25.501257 12.943801
25.634260 12.935382
25.751263 12.942491
25.885265 12.893451
26.001268 12.908571
26.135271 12.917116
26.252274 12.913721
26.385277 12.915089
26.502279 12.929052
26.635283 12.928841
26.752285 12.913648
26.885288 12.891018
27.002291 12.882768
27.136293 12.869819
27.252296 12.867102
27.386299 12.860460
27.502302 12.855498
27.636305 12.835703
27.753307 12.837489
27.886311 12.853473
28.003313 12.822845
28.136316 12.790887
28.253319 12.764695
28.387321 12.777673
28.503325 12.832159
28.637327 12.826219
28.753330 12.838339
28.887333 12.838927
29.004335 12.850575
29.137339 12.891495
29.254341 12.935163
29.387344 12.919206
29.504347 12.897896
29.637350 12.892503
29.754353 12.878266
29.888355 12.896075
30.004358 12.863295
