463157.89
0.130000 0.428553
0.263000 0.908218
0.380000 1.320171
0.513000 1.724758
0.630000 2.082093
0.764000 2.468306
0.880000 2.842643
1.014000 3.268807
1.130000 3.691555
1.264000 4.154516
1.381000 4.573133
1.514000 4.993683
1.630999 5.338875
1.763999 5.660638
1.880999 5.933651
2.013999 6.181545
2.130999 6.390227
2.264999 6.577700
2.380999 6.723070
2.514998 6.854858
2.631998 6.964349
2.764998 7.072011
2.881998 7.185225
3.014998 7.355117
3.131998 7.489148
3.264998 7.697196
3.381998 7.873395
3.515997 8.113522
3.631997 8.311203
3.765997 8.554041
3.882997 8.734204
4.015997 8.926572
4.132998 9.062380
4.265998 9.198601
4.382998 9.281468
4.515999 9.374672
4.632999 9.423192
4.768000 9.427936
4.884000 9.446095
5.001001 9.469339
5.134001 9.476610
5.251002 9.484246
5.385003 9.527859
5.502003 9.567584
5.635004 9.633774
5.752004 9.664400
5.885005 9.728563
6.002005 9.757687
6.135005 9.819970
6.252006 9.845906
6.386007 9.845810
6.502007 9.838613
6.636008 9.811684
6.752008 9.795754
6.886009 9.771212
7.003009 9.750335
7.136010 9.746687
7.253010 9.756329
7.386011 9.764615
7.503011 9.779673
7.636012 9.815899
7.753012 9.864098
7.887013 9.942793
8.003014 9.986232
8.137014 10.054032
8.254015 10.090858
8.387015 10.139272
8.504016 10.155106
8.637016 10.158995
8.754017 10.161934
8.887017 10.121675
9.004018 10.105929
9.138019 10.085734
9.254019 10.045795
9.388020 9.975619
9.504020 9.942337
9.638021 9.917723
9.755021 9.905243
9.888021 9.898860
10.005022 9.902797
10.138022 9.923478
10.255023 9.931587
10.389024 9.970068
10.505024 10.016022
10.639025 10.064150
10.756025 10.096501
10.889026 10.106109
11.006026 10.111865
11.139027 10.122279
11.256027 10.116104
11.389028 10.114070
11.506028 10.110273
11.640029 10.103441
11.756029 10.069669
11.890030 10.061863
12.007030 10.060920
12.140031 10.053319
12.257031 10.056670
12.390032 10.059468
12.507032 10.059415
12.640033 10.063755
12.757033 10.072816
12.891034 10.077978
13.007034 10.076213
13.141035 10.077676
13.258036 10.064851
13.391036 10.063682
13.508037 10.039861
13.641037 10.023480
13.758038 10.012233
13.891038 10.013304
14.008039 10.006545
14.142039 9.983700
14.258039 9.981204
14.392040 9.989976
14.509041 9.993575
14.642041 10.016855
14.759042 10.044884
14.892042 10.052640
15.009043 10.070030
15.126043 10.096623
15.259044 10.097431
15.376044 10.094767
15.509045 10.106958
15.626045 10.109013
15.759046 10.106456
15.876046 10.097246
16.010046 10.101467
16.126049 10.104250
16.260052 10.084423
16.377054 10.056946
16.510057 10.052542
16.627060 10.040761
16.760063 10.037499
16.877066 10.017137
17.010069 10.028433
17.144072 10.046942
17.261072 10.045071
17.377075 10.038078
17.511078 10.030339
17.628080 10.025020
17.761084 10.009590
17.878086 10.025595
18.011089 10.046309
18.128092 10.071864
18.261095 10.075406
18.378098 10.072418
18.512100 10.073174
18.628103 10.083348
18.762106 10.102259
18.879108 10.107134
19.012112 10.117254
19.129114 10.109822
19.262117 10.110159
19.379120 10.112450
19.512123 10.118676
19.629126 10.104635
19.763128 10.116096
19.879131 10.106652
20.013134 10.106002
20.130136 10.100944
20.263140 10.102710
20.380142 10.098041
20.513145 10.069442
20.630148 10.061348
20.763151 10.048693
20.880154 10.033850
21.014156 10.047008
21.130159 10.020790
21.264162 10.036709
21.380165 10.062158
21.514168 10.093275
21.631170 10.116791
21.764174 10.137415
21.881176 10.151346
22.014179 10.157154
22.131182 10.166761
22.265184 10.136681
22.382187 10.144325
22.516190 10.123163
22.632193 10.116535
22.766195 10.150719
22.882198 10.144198
23.016201 10.136837
23.133204 10.152367
23.266207 10.138913
23.383209 10.132548
23.516212 10.117371
23.633215 10.105620
23.767218 10.094020
23.883221 10.087551
24.017223 10.111169
24.134226 10.121819
24.267229 10.114622
24.384232 10.126313
24.501234 10.114747
24.634237 10.097028
24.751240 10.089706
24.884243 10.095934
25.001245 10.090607
25.134249 10.080289
25.251251 10.072128
25.385254 10.077514
25.501257 10.076874
25.635260 10.080355
25.752262 10.087556
25.885265 10.078402
26.002268 10.076191
26.135271 10.087850
26.252274 10.088372
26.385277 10.111168
26.502279 10.126921
26.636282 10.113110
26.752285 10.118411
26.886288 10.103487
27.003290 10.109208
27.136293 10.085576
27.253296 10.066639
27.386299 10.072708
27.503302 10.073183
27.636305 10.062869
27.753307 10.075681
27.887310 10.077416
28.003313 10.068549
28.137316 10.044727
28.253319 10.029944
28.387321 10.031891
28.504324 10.055561
28.637327 10.048034
28.754330 10.054274
28.887333 10.067667
29.004335 10.071531
29.137339 10.108299
29.254341 10.121781
29.388344 10.114672
29.504347 10.113289
29.638350 10.122351
29.755352 10.117528
29.888355 10.128098
30.005358 10.123260
