1.20 1.10 20 64
0.136000 0.016635 -0.154734 -0.058609 0.998697 0.000109 -0.134647 0.061020 6.594153 0.003118
0.254000 0.027195 -0.470419 -0.157365 1.768404 -0.000426 -0.075647 -0.000369 6.479685 0.000517
0.384000 0.034721 -0.971620 -0.281424 2.602683 0.000193 0.035747 -0.052187 6.380061 0.000600
0.501000 0.042521 -1.528540 -0.467313 3.343071 0.000955 0.165260 -0.091998 6.293649 0.000821
0.630000 0.062167 -2.240851 -0.653327 4.150587 0.001562 0.324600 -0.145214 6.238835 0.003081
0.759000 0.097731 -3.016846 -0.803786 4.952720 0.001453 0.484182 -0.219354 6.206610 0.005111
0.877000 0.144233 -3.759738 -0.934313 5.685815 0.001595 0.615589 -0.305183 6.218186 0.004721
1.005000 0.192453 -4.578767 -1.078577 6.490543 0.001292 0.732928 -0.406042 6.256300 0.005544
1.133000 0.244788 -5.346647 -1.186963 7.289789 0.001006 0.812076 -0.495798 6.318957 0.005465
1.251000 0.294401 -6.013223 -1.268411 8.039558 -0.000385 0.847203 -0.556545 6.377310 0.006457
1.380000 0.356741 -6.651920 -1.395734 8.873044 -0.002979 0.839714 -0.588428 6.432057 0.007157
1.507000 0.419200 -7.140422 -1.479030 9.684765 -0.005767 0.789340 -0.580073 6.446101 0.007164
1.635000 0.482800 -7.440152 -1.558092 10.508543 -0.009072 0.703493 -0.534714 6.422060 0.007690
1.751000 0.533826 -7.500897 -1.597593 11.249905 -0.011937 0.605069 -0.466853 6.361977 0.007008
1.878000 0.585880 -7.317147 -1.632408 12.057619 -0.015835 0.488331 -0.368416 6.265580 0.007224
2.005000 0.642794 -6.881498 -1.662720 12.838951 -0.021758 0.377248 -0.254380 6.156649 0.007540
2.134000 0.696346 -6.185238 -1.673245 13.623285 -0.029992 0.276405 -0.128661 6.027126 0.006527
2.251001 0.751184 -5.384570 -1.627466 14.325577 -0.036811 0.203393 -0.016140 5.902488 0.009810
2.379001 0.816712 -4.384438 -1.423495 15.070678 -0.041900 0.151900 0.093055 5.763845 0.011701
2.507001 0.878762 -3.350320 -1.169920 15.793721 -0.046599 0.130536 0.184046 5.642126 0.010952
2.637002 0.958777 -2.337308 -0.834284 16.519419 -0.051677 0.136605 0.262914 5.542803 0.014595
2.753002 1.037750 -1.517942 -0.477796 17.157780 -0.057648 0.163263 0.327606 5.476916 0.013186
2.882002 1.120715 -0.763042 -0.073850 17.859697 -0.064686 0.209649 0.396231 5.421365 0.012264
3.008002 1.199776 -0.223553 0.343933 18.546444 -0.070204 0.267042 0.460461 5.401660 0.010869
3.136003 1.269794 0.103038 0.716215 19.237440 -0.075362 0.327436 0.518095 5.399646 0.009507
3.262002 1.344004 0.206706 1.098575 19.913771 -0.081880 0.382796 0.559098 5.422473 0.010080
3.387002 1.407461 0.089970 1.485925 20.593733 -0.089176 0.428864 0.573977 5.456497 0.008321
3.502002 1.458222 -0.196905 1.835148 21.229523 -0.096679 0.458680 0.554943 5.502198 0.007653
3.631003 1.512953 -0.700276 2.251136 21.939011 -0.106000 0.473325 0.496672 5.572521 0.007713
3.760003 1.563610 -1.366775 2.645096 22.662504 -0.115579 0.467989 0.409997 5.636057 0.007864
3.878004 1.604718 -2.092100 2.993196 23.331188 -0.124651 0.444541 0.319236 5.690632 0.007121
4.007004 1.637619 -2.948923 3.345964 24.068790 -0.134493 0.402313 0.213885 5.739677 0.006138
4.135005 1.652287 -3.807980 3.658265 24.811682 -0.143347 0.349664 0.094959 5.771562 0.003705
4.252006 1.653399 -4.525843 3.865598 25.482857 -0.151094 0.299377 -0.028759 5.794644 0.002035
4.380007 1.646106 -5.194540 4.031842 26.231678 -0.160054 0.247649 -0.175538 5.808300 -0.000372
4.509008 1.644269 -5.649116 4.096801 26.981356 -0.168062 0.207763 -0.305968 5.812013 0.000535
4.626009 1.636113 -5.845580 4.040097 27.655060 -0.175795 0.187681 -0.387677 5.804323 -0.003731
4.754011 1.614963 -5.819042 3.839650 28.395679 -0.184271 0.185932 -0.429246 5.771303 -0.007697
4.883012 1.574464 -5.554667 3.547986 29.136755 -0.191527 0.203312 -0.426285 5.723974 -0.010180
5.012013 1.531712 -5.105399 3.166125 29.870338 -0.199978 0.233911 -0.395612 5.659090 -0.011262
5.128014 1.479220 -4.573720 2.752163 30.527983 -0.207225 0.267516 -0.356247 5.592304 -0.013366
5.257015 1.410349 -3.902296 2.239343 31.239779 -0.214667 0.305624 -0.310741 5.538716 -0.014809
5.385016 1.342506 -3.206511 1.765734 31.945883 -0.219683 0.338492 -0.267443 5.501667 -0.012844
5.502017 1.271503 -2.581013 1.367099 32.587933 -0.221527 0.358913 -0.229124 5.480823 -0.012926
5.629019 1.187852 -1.945338 0.948356 33.288860 -0.223946 0.369419 -0.185575 5.473572 -0.014331
5.758020 1.092778 -1.399401 0.576487 33.989452 -0.227180 0.365034 -0.139424 5.470777 -0.015291
5.884021 0.992937 -0.978727 0.245359 34.684605 -0.230890 0.348302 -0.095229 5.475797 -0.014437
6.001022 0.912856 -0.728304 -0.036964 35.320667 -0.234997 0.323632 -0.060961 5.488514 -0.012308
6.129024 0.831962 -0.602867 -0.286812 36.029362 -0.239837 0.287617 -0.030912 5.501180 -0.010830
6.259025 0.765427 -0.640745 -0.507267 36.739975 -0.246027 0.244535 -0.005750 5.512329 -0.008141
6.376026 0.717049 -0.801063 -0.685905 37.386166 -0.253857 0.201767 0.017990 5.531846 -0.007937
6.505027 0.672355 -1.100132 -0.808860 38.100788 -0.263948 0.158470 0.047370 5.545440 -0.006854
6.634028 0.624820 -1.485524 -0.913295 38.817154 -0.275645 0.123964 0.080306 5.557961 -0.006124
6.751029 0.582649 -1.900321 -0.950060 39.468594 -0.286761 0.102119 0.113640 5.576985 -0.006290
6.880030 0.537266 -2.392891 -0.899805 40.189293 -0.298817 0.093522 0.155205 5.594593 -0.006496
7.008031 0.483614 -2.862843 -0.802128 40.906624 -0.311324 0.104077 0.199447 5.611438 -0.005876
7.135033 0.432175 -3.280797 -0.544081 41.626389 -0.323962 0.131975 0.241718 5.631705 -0.004046
7.251034 0.385387 -3.565458 -0.278662 42.275040 -0.336425 0.168961 0.270846 5.647655 -0.003591
7.377035 0.344580 -3.770785 0.017194 42.987297 -0.351003 0.218904 0.284874 5.659677 -0.002691
7.504036 0.311338 -3.861801 0.316212 43.707138 -0.366909 0.272447 0.274412 5.674956 -0.001067
7.632038 0.283999 -3.835479 0.599480 44.434231 -0.384499 0.322540 0.237943 5.686883 -0.000775
7.760039 0.258127 -3.710268 0.845285 45.162418 -0.404269 0.365031 0.177614 5.697248 -0.001502
7.886040 0.231247 -3.507311 1.074476 45.881115 -0.424275 0.394293 0.098227 5.712604 -0.002239
8.011042 0.199494 -3.244368 1.286078 46.595772 -0.444139 0.409123 0.006583 5.724427 -0.003839
8.126040 0.166871 -2.957604 1.484855 47.260818 -0.463062 0.406947 -0.080517 5.742227 -0.001613
8.254040 0.144698 -2.619578 1.733568 47.990326 -0.484551 0.387533 -0.163704 5.748616 -0.000854
8.379038 0.124024 -2.276935 1.967219 48.708714 -0.506280 0.354372 -0.218386 5.752992 -0.001352
8.508038 0.095469 -1.912917 2.183309 49.449829 -0.529036 0.309741 -0.237457 5.741121 -0.004497
8.636037 0.047682 -1.571229 2.353847 50.189621 -0.553028 0.257810 -0.220062 5.733052 -0.006901
8.752036 -0.009463 -1.283736 2.504732 50.852985 -0.574224 0.209144 -0.183708 5.712750 -0.008441
8.879035 -0.080150 -0.987051 2.589843 51.576557 -0.597953 0.160064 -0.137525 5.691613 -0.009580
9.007034 -0.149925 -0.749430 2.603179 52.296959 -0.621148 0.118857 -0.098269 5.660755 -0.010125
9.135034 -0.229110 -0.569641 2.593310 53.025200 -0.644718 0.089374 -0.069502 5.642058 -0.011314
9.252033 -0.304034 -0.457744 2.600585 53.683617 -0.666797 0.076811 -0.046276 5.623316 -0.011087
9.381033 -0.383357 -0.391693 2.616698 54.401974 -0.691707 0.081047 -0.015712 5.611733 -0.010890
9.509032 -0.463089 -0.389357 2.634054 55.124722 -0.716529 0.101218 0.020050 5.604025 -0.010839
9.637032 -0.541083 -0.447688 2.578688 55.835793 -0.743873 0.135493 0.051938 5.602612 -0.010289
9.754031 -0.614029 -0.535399 2.550496 56.491306 -0.769709 0.175863 0.073224 5.612376 -0.010198
9.883031 -0.687946 -0.659171 2.434575 57.215118 -0.797805 0.223825 0.093305 5.616950 -0.009270
10.011030 -0.762068 -0.824851 2.258496 57.940422 -0.825395 0.270997 0.119204 5.632496 -0.010686
10.128030 -0.828542 -1.001456 2.102970 58.600311 -0.850377 0.309123 0.147213 5.652689 -0.010496
10.257030 -0.899161 -1.205436 1.902937 59.326012 -0.876454 0.341124 0.170652 5.686641 -0.009811
10.385029 -0.967095 -1.427861 1.702504 60.055943 -0.902114 0.359535 0.172791 5.720724 -0.010058
10.502028 -1.031041 -1.637269 1.492395 60.726997 -0.925623 0.363886 0.155483 5.751399 -0.010456
10.630028 -1.094787 -1.865423 1.264527 61.471828 -0.951876 0.355285 0.125049 5.794176 -0.010312
10.758027 -1.165282 -2.066464 1.038739 62.209179 -0.978324 0.336152 0.092734 5.817516 -0.010601
10.886026 -1.225687 -2.219283 0.804079 62.954830 -1.004489 0.309195 0.057957 5.836621 -0.008540
11.003026 -1.272755 -2.319816 0.609580 63.638180 -1.027545 0.280313 0.018716 5.843305 -0.006965
11.131025 -1.324190 -2.374090 0.413759 64.385872 -1.053015 0.248807 -0.033439 5.841261 -0.008970
11.256023 -1.386465 -2.351093 0.240614 65.120758 -1.078765 0.220715 -0.088565 5.827269 -0.010670
11.383022 -1.456092 -2.242304 0.051325 65.853371 -1.103658 0.198917 -0.137877 5.809790 -0.010515
11.511022 -1.513597 -2.071512 -0.129475 66.594719 -1.130004 0.186472 -0.173233 5.784173 -0.008892
11.628021 -1.570932 -1.880559 -0.284534 67.269478 -1.152671 0.183924 -0.190968 5.759227 -0.009948
11.756021 -1.646471 -1.664917 -0.420402 68.010406 -1.177453 0.190196 -0.198048 5.736391 -0.011524
11.885020 -1.713287 -1.438290 -0.555808 68.742844 -1.202283 0.203719 -0.198553 5.717343 -0.008959
12.002020 -1.765171 -1.228431 -0.663696 69.410255 -1.223971 0.222588 -0.196200 5.702288 -0.007576
12.131020 -1.816244 -1.037632 -0.749002 70.143890 -1.248539 0.247046 -0.188423 5.685374 -0.006765
12.260019 -1.858433 -0.904350 -0.833560 70.876335 -1.275245 0.271080 -0.169000 5.682895 -0.005074
12.377019 -1.883178 -0.815689 -0.903304 71.540878 -1.299817 0.290477 -0.138838 5.684587 -0.003291
12.506019 -1.909706 -0.784970 -0.889602 72.273643 -1.326661 0.305991 -0.094504 5.687900 -0.003336
12.634018 -1.927099 -0.837813 -0.872220 73.002556 -1.353282 0.313158 -0.046384 5.707074 -0.002256
12.751018 -1.948035 -0.939775 -0.798738 73.671272 -1.377576 0.311857 -0.002347 5.726269 -0.003445
12.879017 -1.981893 -1.100507 -0.688811 74.406113 -1.403686 0.303551 0.045386 5.753858 -0.004403
13.005015 -2.011725 -1.280291 -0.598818 75.132401 -1.430555 0.290210 0.094115 5.776909 -0.003578
13.133015 -2.040236 -1.474621 -0.485980 75.873413 -1.458573 0.273797 0.146621 5.801736 -0.003726
13.261014 -2.066638 -1.661309 -0.354853 76.622559 -1.488942 0.256874 0.201271 5.821311 -0.002893
13.379014 -2.091229 -1.825024 -0.224888 77.304527 -1.517025 0.243139 0.248975 5.839571 -0.002938
13.507013 -2.110615 -1.981759 -0.088286 78.052612 -1.548610 0.231095 0.290548 5.853800 -0.002406
13.635013 -2.137366 -2.102582 -0.007104 78.808006 -1.583052 0.224191 0.308309 5.865912 -0.002960
13.752012 -2.168360 -2.182311 0.102671 79.493721 -1.613241 0.224143 0.293276 5.865686 -0.003352
13.881012 -2.193202 -2.216634 0.261061 80.244347 -1.646184 0.231047 0.242028 5.870820 -0.002501
14.006010 -2.224751 -2.212581 0.385781 80.983154 -1.678966 0.244837 0.168061 5.864958 -0.003477
14.133009 -2.257955 -2.177258 0.465432 81.726959 -1.712177 0.261984 0.088598 5.861588 -0.003975
14.260008 -2.282576 -2.110735 0.547317 82.464294 -1.745424 0.279231 0.019689 5.853680 -0.003402
14.386006 -2.310312 -2.009581 0.622489 83.206245 -1.778689 0.295146 -0.033651 5.843241 -0.004571
14.512005 -2.344040 -1.894084 0.617090 83.935524 -1.812550 0.308720 -0.071378 5.837429 -0.004880
14.629004 -2.383303 -1.783377 0.577125 84.617691 -1.844580 0.318085 -0.097737 5.835793 -0.006761
14.757004 -2.428503 -1.696621 0.523804 85.369759 -1.878559 0.324139 -0.121107 5.834487 -0.006205
14.885003 -2.474818 -1.649721 0.487800 86.115921 -1.912961 0.323959 -0.143288 5.837342 -0.006910
15.002003 -2.528726 -1.642815 0.461079 86.798965 -1.945154 0.316651 -0.164842 5.846709 -0.009268
15.130002 -2.607764 -1.668792 0.441838 87.547539 -1.981173 0.303015 -0.188197 5.860808 -0.012022
15.255000 -2.688229 -1.712945 0.351199 88.280266 -2.017519 0.284322 -0.206021 5.874675 -0.010840
15.384000 -2.774101 -1.772488 0.201762 89.037415 -2.053872 0.262510 -0.212753 5.873312 -0.013263
15.500999 -2.864422 -1.829414 0.046006 89.723953 -2.087450 0.242970 -0.201336 5.876361 -0.015559
15.629999 -2.969023 -1.924737 -0.174717 90.474274 -2.125761 0.223787 -0.166260 5.868392 -0.014303
15.757998 -3.061143 -2.027722 -0.370465 91.224060 -2.163808 0.208684 -0.112878 5.860274 -0.013811
15.885998 -3.155156 -2.123990 -0.504027 91.978302 -2.202636 0.201207 -0.058101 5.850232 -0.013677
16.001997 -3.240796 -2.196202 -0.611336 92.655617 -2.239055 0.200024 -0.025343 5.844334 -0.013075
16.127991 -3.327410 -2.264256 -0.695591 93.390480 -2.278654 0.205215 -0.014284 5.835283 -0.011730
16.255983 -3.410661 -2.326324 -0.765413 94.135475 -2.319144 0.214222 -0.020902 5.826117 -0.011362
16.384975 -3.488473 -2.373522 -0.794556 94.885094 -2.361996 0.225089 -0.027473 5.818193 -0.010377
16.501968 -3.555477 -2.414706 -0.788337 95.558113 -2.401022 0.238312 -0.024634 5.807519 -0.009661
16.629961 -3.626477 -2.445353 -0.751008 96.304962 -2.444418 0.253582 -0.013115 5.796548 -0.009983
16.757954 -3.702330 -2.456603 -0.699606 97.046074 -2.488884 0.267664 0.000326 5.802904 -0.009892
16.886946 -3.771369 -2.451113 -0.660045 97.787056 -2.533919 0.279206 0.017038 5.801073 -0.009227
17.003939 -3.839206 -2.440160 -0.614400 98.464371 -2.576500 0.285731 0.040392 5.798113 -0.010068
17.132931 -3.917378 -2.418186 -0.534757 99.210716 -2.624559 0.287953 0.079577 5.800060 -0.009822
17.260923 -4.002049 -2.356151 -0.406656 99.957375 -2.671896 0.283480 0.129387 5.797992 -0.011309
17.377916 -4.075526 -2.286277 -0.327871 100.633957 -2.715561 0.275078 0.175553 5.796989 -0.010060
17.506908 -4.153314 -2.211580 -0.222351 101.380356 -2.763544 0.261284 0.219383 5.797411 -0.010807
17.635900 -4.238252 -2.146801 -0.062768 102.120872 -2.809337 0.245304 0.250360 5.791695 -0.011113
17.752893 -4.322461 -2.081524 0.079613 102.796349 -2.852249 0.229918 0.265738 5.782983 -0.011907
17.880886 -4.411871 -2.027093 0.255310 103.540749 -2.899424 0.214674 0.267857 5.781701 -0.010296
18.009878 -4.491234 -1.964700 0.429102 104.279144 -2.946528 0.201160 0.254851 5.777485 -0.010351
18.134872 -4.565692 -1.909435 0.595937 104.998840 -2.993151 0.190727 0.229243 5.763567 -0.010444
18.260866 -4.652565 -1.843994 0.723074 105.728676 -3.041402 0.183543 0.190965 5.756308 -0.012454
18.376862 -4.738919 -1.796209 0.776291 106.394203 -3.086708 0.182642 0.145447 5.748618 -0.012398
18.505854 -4.829120 -1.753070 0.836985 107.128006 -3.135398 0.185429 0.084946 5.740576 -0.012298
18.631847 -4.938022 -1.725545 0.883548 107.849419 -3.183547 0.191895 0.017729 5.735392 -0.015379
18.757841 -5.050378 -1.720079 0.891449 108.576553 -3.233804 0.201201 -0.054826 5.738300 -0.015842
18.886833 -5.158405 -1.724199 0.862531 109.309723 -3.284897 0.212604 -0.130437 5.743900 -0.014431
19.002827 -5.255710 -1.731778 0.824971 109.974449 -3.332535 0.223099 -0.199374 5.746898 -0.015043
19.130819 -5.371260 -1.740956 0.758629 110.708633 -3.385763 0.231062 -0.271372 5.756948 -0.015523
19.258812 -5.481411 -1.753386 0.664522 111.444000 -3.440597 0.235257 -0.330597 5.765203 -0.015828
19.375805 -5.581738 -1.785396 0.565853 112.117729 -3.491514 0.236199 -0.366278 5.781353 -0.015870
19.504797 -5.695712 -1.797441 0.405265 112.862671 -3.549581 0.233465 -0.381207 5.797615 -0.017252
19.633789 -5.822356 -1.791134 0.162246 113.614639 -3.609787 0.227214 -0.373518 5.802469 -0.017672
19.761782 -5.948988 -1.764103 -0.056844 114.349434 -3.669734 0.219407 -0.349647 5.806430 -0.019083
19.877775 -6.056607 -1.724897 -0.240284 115.026855 -3.725181 0.211729 -0.314792 5.809767 -0.015918
20.005768 -6.175383 -1.666694 -0.415760 115.768471 -3.786703 0.203559 -0.261515 5.816005 -0.017594
20.131762 -6.296466 -1.585931 -0.572322 116.492935 -3.848051 0.197374 -0.191841 5.815400 -0.016931
20.255756 -6.414945 -1.505241 -0.731548 117.216675 -3.909367 0.192303 -0.107759 5.806530 -0.017401
20.381750 -6.530412 -1.403447 -0.883126 117.945755 -3.971890 0.187932 -0.015994 5.810349 -0.015649
20.507744 -6.639119 -1.297889 -1.001740 118.669533 -4.032449 0.186502 0.069807 5.808028 -0.015367
20.636736 -6.755386 -1.193869 -1.075901 119.415337 -4.096141 0.186483 0.143069 5.798694 -0.015423
20.753729 -6.865267 -1.110439 -1.125958 120.090729 -4.155419 0.187309 0.190819 5.792512 -0.017014
20.881721 -7.002971 -1.045661 -1.144047 120.834641 -4.221871 0.188286 0.224196 5.789833 -0.017979
21.010714 -7.124042 -1.001229 -1.148133 121.572029 -4.288825 0.189890 0.243594 5.782662 -0.015853
21.125708 -7.223542 -0.971831 -1.146876 122.234009 -4.350910 0.191575 0.257156 5.780317 -0.014420
21.252701 -7.319311 -0.964878 -1.070446 122.964920 -4.419282 0.193989 0.274222 5.781064 -0.012602
21.377695 -7.409773 -1.002974 -0.986584 123.690697 -4.486585 0.195800 0.294089 5.785424 -0.012007
21.506687 -7.501143 -1.062170 -0.903984 124.428085 -4.555650 0.195934 0.312985 5.787528 -0.012542
21.634680 -7.593766 -1.143137 -0.823136 125.171837 -4.628078 0.194764 0.324003 5.796056 -0.011885
21.751673 -7.675241 -1.219965 -0.726040 125.847282 -4.695618 0.194495 0.322644 5.803940 -0.012246
21.877666 -7.771076 -1.289587 -0.611482 126.575272 -4.768919 0.195086 0.307331 5.812427 -0.011582
22.005659 -7.852053 -1.347981 -0.436740 127.315575 -4.844062 0.197556 0.276091 5.817977 -0.010643
22.133652 -7.926650 -1.388674 -0.242707 128.056976 -4.921242 0.202116 0.228027 5.827635 -0.008615
22.261644 -7.975425 -1.410582 -0.034789 128.793884 -4.999039 0.208721 0.161142 5.836960 -0.005175
22.376638 -8.023643 -1.408487 0.155517 129.467392 -5.070667 0.215912 0.081717 5.840793 -0.007088
22.501633 -8.075433 -1.375537 0.326405 130.187866 -5.148663 0.222974 -0.019726 5.845214 -0.006810
22.626627 -8.133554 -1.324072 0.527627 130.914291 -5.227554 0.229731 -0.131590 5.845489 -0.008135
22.752621 -8.190586 -1.262952 0.728392 131.646362 -5.308526 0.236529 -0.240724 5.845788 -0.006669
22.880613 -8.239457 -1.190291 0.950011 132.390167 -5.390946 0.242390 -0.333208 5.845880 -0.005586
23.007607 -8.283845 -1.117381 1.122455 133.134384 -5.474761 0.246414 -0.397658 5.855168 -0.005663
23.135599 -8.320756 -1.060560 1.252032 133.879822 -5.558965 0.247208 -0.432313 5.863021 -0.004558
23.252592 -8.357171 -1.022119 1.354594 134.556442 -5.635617 0.245648 -0.439313 5.872035 -0.005895
23.379585 -8.404977 -0.996807 1.482154 135.303619 -5.721334 0.241821 -0.424443 5.881182 -0.006009
23.506578 -8.441291 -0.975398 1.601607 136.046570 -5.807741 0.236417 -0.390195 5.897743 -0.003361
23.634571 -8.471041 -0.964207 1.652955 136.792068 -5.894568 0.231163 -0.344488 5.914127 -0.004490
23.750565 -8.492059 -0.950530 1.661909 137.474396 -5.974272 0.227731 -0.298806 5.924914 -0.002494
23.878557 -8.511967 -0.943061 1.577866 138.234283 -6.063338 0.225198 -0.241937 5.933320 -0.002314
24.007549 -8.534967 -0.936044 1.434619 138.989807 -6.151987 0.223103 -0.168395 5.949000 -0.004201
24.133543 -8.564290 -0.919391 1.313148 139.741272 -6.238881 0.222311 -0.066046 5.959183 -0.004847
24.259537 -8.599353 -0.901790 1.116036 140.482101 -6.324327 0.223440 0.060557 5.966373 -0.006742
24.384531 -8.654253 -0.906519 0.877100 141.229706 -6.411174 0.226034 0.193562 5.978247 -0.008671
24.509525 -8.716668 -0.910087 0.632894 141.972778 -6.497278 0.231177 0.305395 5.988914 -0.009216
24.636520 -8.788238 -0.929865 0.346569 142.722610 -6.584520 0.237886 0.384404 5.993740 -0.011180
24.752514 -8.857072 -0.942256 0.081016 143.413788 -6.667160 0.244762 0.429546 6.002682 -0.012022
24.879507 -8.943513 -0.953763 -0.261614 144.171417 -6.759434 0.251934 0.459554 6.013188 -0.013606
25.006500 -9.033159 -0.977315 -0.547120 144.929962 -6.852961 0.257741 0.473991 6.021272 -0.011847
25.130495 -9.118936 -1.012584 -0.788024 145.677383 -6.945227 0.261940 0.469474 6.028452 -0.013042
25.258488 -9.204752 -1.064773 -1.022447 146.438217 -7.040430 0.264860 0.438402 6.043652 -0.011481
25.384481 -9.289376 -1.130828 -1.226084 147.200699 -7.136976 0.266495 0.376073 6.056129 -0.013254
25.510475 -9.377625 -1.193168 -1.336347 147.957870 -7.233475 0.265662 0.285146 6.061797 -0.012151
25.625469 -9.445415 -1.252758 -1.342042 148.644028 -7.320491 0.264367 0.184497 6.070218 -0.009907
25.760464 -9.517399 -1.298538 -1.351663 149.463547 -7.426116 0.262048 0.053071 6.078960 -0.010432
25.885458 -9.591309 -1.318515 -1.322156 150.216995 -7.523777 0.259847 -0.062745 6.079163 -0.010202
26.000452 -9.656947 -1.329453 -1.240818 150.909897 -7.613771 0.259127 -0.154783 6.073663 -0.009593
26.126446 -9.737888 -1.325482 -1.166787 151.668060 -7.714224 0.259977 -0.236617 6.066763 -0.011434
26.252439 -9.815354 -1.316771 -1.032772 152.424942 -7.816409 0.261228 -0.302852 6.058120 -0.009503
26.378433 -9.897589 -1.300778 -0.904744 153.181427 -7.920646 0.263160 -0.358602 6.062021 -0.011177
26.505426 -9.978113 -1.302674 -0.828956 153.937241 -8.026111 0.266316 -0.401468 6.054293 -0.010475
26.631420 -10.056549 -1.303377 -0.779404 154.697510 -8.135494 0.269451 -0.427424 6.043321 -0.011228
26.757414 -10.134950 -1.321418 -0.688151 155.451019 -8.243376 0.272869 -0.433167 6.035696 -0.009864
26.884407 -10.205340 -1.358080 -0.592347 156.203033 -8.350701 0.276067 -0.421326 6.024991 -0.009933
27.010401 -10.268662 -1.404570 -0.497026 156.960175 -8.459782 0.279908 -0.395360 6.022400 -0.007330
27.125395 -10.316023 -1.464534 -0.380830 157.644974 -8.559361 0.284536 -0.359923 6.013106 -0.005992
27.250389 -10.362629 -1.549649 -0.261112 158.388412 -8.669838 0.290971 -0.310931 6.010955 -0.006837
27.385384 -10.420148 -1.664317 -0.109397 159.190918 -8.791155 0.297912 -0.248904 6.012648 -0.007274
27.509378 -10.475530 -1.789663 0.011809 159.928543 -8.903548 0.305178 -0.184135 6.019929 -0.008104
27.636372 -10.532150 -1.919489 0.133038 160.678589 -9.019716 0.311506 -0.105502 6.027928 -0.006823
27.751366 -10.579109 -2.026757 0.229265 161.369736 -9.129023 0.316654 -0.016456 6.033295 -0.006072
27.878359 -10.625069 -2.130553 0.397734 162.127396 -9.249113 0.321375 0.095725 6.045719 -0.005327
28.002354 -10.664138 -2.200826 0.550412 162.867981 -9.366976 0.326957 0.208873 6.051988 -0.005011
28.126348 -10.706692 -2.240519 0.736846 163.609375 -9.485587 0.331822 0.312374 6.054260 -0.004835
28.250343 -10.741376 -2.258728 0.933619 164.350632 -9.604351 0.335425 0.397087 6.052742 -0.003942
28.376337 -10.777288 -2.255728 1.152484 165.098343 -9.725539 0.340535 0.460319 6.066517 -0.003042
28.501331 -10.805967 -2.216405 1.298896 165.852844 -9.848692 0.344903 0.499076 6.070294 -0.003089
28.627325 -10.822226 -2.167104 1.441901 166.607452 -9.973178 0.347739 0.512428 6.069494 -0.001579
28.753319 -10.838849 -2.115763 1.599219 167.361938 -10.099532 0.350495 0.503865 6.072073 -0.001237
28.879313 -10.856045 -2.072374 1.715719 168.116760 -10.226327 0.353595 0.475434 6.075124 -0.002773
29.006306 -10.885391 -2.037576 1.817443 168.871841 -10.353694 0.357633 0.425951 6.076251 -0.003107
29.132299 -10.911771 -2.018593 1.884397 169.626648 -10.481215 0.361061 0.352289 6.075158 -0.003894
29.257294 -10.933748 -2.020777 1.896663 170.381409 -10.609372 0.364908 0.259674 6.079634 -0.002590
29.383287 -10.963295 -2.048168 1.866430 171.136581 -10.739137 0.368597 0.162665 6.082192 -0.004569
29.509281 -11.001143 -2.112736 1.817762 171.886215 -10.868487 0.371796 0.073523 6.087211 -0.006136
29.634275 -11.055053 -2.197523 1.769342 172.642685 -10.999622 0.374786 -0.007032 6.098895 -0.007507
29.759270 -11.103785 -2.299039 1.701447 173.388229 -11.128933 0.377532 -0.082844 6.107055 -0.006915
29.883265 -11.151963 -2.422499 1.611160 174.141663 -11.259833 0.379374 -0.157439 6.126018 -0.007386
30.009258 -11.204226 -2.568347 1.496310 174.897324 -11.390376 0.378932 -0.224619 6.138864 -0.008992
30.134253 -11.265109 -2.725833 1.320366 175.654083 -11.521958 0.379837 -0.279236 6.148931 -0.010353
30.258247 -11.320936 -2.878408 1.128228 176.412399 -11.652959 0.381204 -0.321067 6.161542 -0.008211
30.380243 -11.373762 -2.998959 0.965698 177.147766 -11.781726 0.383763 -0.352478 6.174562 -0.009118
30.506237 -11.426991 -3.094275 0.798982 177.914581 -11.917990 0.387982 -0.376198 6.184761 -0.008362
30.627234 -11.468582 -3.160407 0.632428 178.658249 -12.050995 0.393241 -0.387242 6.198672 -0.007021
30.752228 -11.509295 -3.196117 0.480390 179.421646 -12.188347 0.401088 -0.384079 6.209769 -0.006819
30.879221 -11.543055 -3.208642 0.373661 180.192062 -12.328791 0.408004 -0.368260 6.217803 -0.005240
31.005215 -11.575541 -3.202499 0.292854 180.962357 -12.470960 0.415230 -0.344079 6.215528 -0.004572
31.131208 -11.609575 -3.158995 0.252176 181.730820 -12.614944 0.423248 -0.317950 6.201232 -0.004881
31.257202 -11.638191 -3.088479 0.234425 182.504318 -12.761668 0.429694 -0.295154 6.197551 -0.002892
31.383196 -11.658798 -3.017657 0.222783 183.270645 -12.909997 0.433103 -0.278817 6.196665 -0.002496
31.509190 -11.667802 -2.945980 0.227450 184.037537 -13.059427 0.434432 -0.264344 6.202874 -0.000368
31.636183 -11.670964 -2.881566 0.224592 184.804382 -13.209705 0.434372 -0.244718 6.202085 -0.000156
31.751177 -11.661894 -2.846895 0.240343 185.504227 -13.347399 0.431693 -0.214588 6.204112 0.002819
31.878170 -11.648335 -2.822219 0.355244 186.276794 -13.501172 0.427809 -0.164257 6.202115 0.003461
32.004166 -11.619534 -2.816956 0.478226 187.043335 -13.655423 0.423375 -0.095658 6.207520 0.006693
32.130180 -11.569860 -2.813712 0.547435 187.815430 -13.813103 0.419747 -0.007449 6.205327 0.007713
32.257195 -11.505002 -2.813513 0.645551 188.581696 -13.970120 0.416150 0.098787 6.207520 0.009819
32.383209 -11.429089 -2.817068 0.749125 189.348114 -14.127234 0.412951 0.219791 6.209850 0.012049
32.509224 -11.332373 -2.832330 0.903785 190.121307 -14.286638 0.410049 0.348134 6.219440 0.014729
32.636238 -11.227777 -2.854160 1.030568 190.888092 -14.447203 0.409804 0.471523 6.215502 0.016188
32.751251 -11.118088 -2.871378 1.150801 191.593903 -14.595490 0.412195 0.572349 6.218796 0.017852
32.885269 -10.983925 -2.892169 1.263364 192.408585 -14.770082 0.417736 0.664248 6.215795 0.018993
33.009285 -10.844280 -2.917247 1.372157 193.162247 -14.932213 0.425240 0.715418 6.215920 0.020779
33.133301 -10.695994 -2.945170 1.446591 193.915192 -15.095883 0.433227 0.724311 6.216519 0.021269
33.259315 -10.547439 -2.980404 1.477898 194.679840 -15.263638 0.441491 0.683915 6.210811 0.021517
33.386330 -10.395068 -3.009523 1.524362 195.444916 -15.430999 0.449396 0.595707 6.217296 0.020493
33.500343 -10.257208 -3.032002 1.578088 196.137100 -15.583259 0.454999 0.482642 6.214749 0.022982
33.625359 -10.092238 -3.050862 1.679705 196.895737 -15.750401 0.460351 0.337458 6.214370 0.024025
33.751373 -9.932760 -3.084478 1.790807 197.660080 -15.919727 0.465298 0.183461 6.212513 0.022138
33.876389 -9.778583 -3.113060 1.952800 198.424576 -16.089005 0.470870 0.037224 6.215704 0.023229
34.002403 -9.615643 -3.137838 2.098981 199.189697 -16.259386 0.476610 -0.094426 6.224840 0.024534
34.127419 -9.432279 -3.163936 2.261182 199.949265 -16.429739 0.481557 -0.208809 6.226730 0.028242
34.252434 -9.249928 -3.166800 2.377023 200.702393 -16.599728 0.484816 -0.308436 6.226438 0.025212
34.375450 -9.085488 -3.155354 2.473299 201.455185 -16.769770 0.485600 -0.397101 6.227486 0.023913
34.510468 -8.901803 -3.132896 2.534960 202.275757 -16.955067 0.485683 -0.481794 6.233729 0.024691
34.625481 -8.747397 -3.100699 2.532901 202.968796 -17.112703 0.485873 -0.542274 6.232368 0.023205
34.751495 -8.578231 -3.054621 2.494905 203.733932 -17.289400 0.485734 -0.593535 6.230785 0.023322
34.877510 -8.414565 -3.000850 2.450973 204.498978 -17.465895 0.483751 -0.622539 6.231731 0.022077
35.002525 -8.253550 -2.933957 2.362333 205.263199 -17.642134 0.480039 -0.623666 6.218807 0.021337
35.128540 -8.092358 -2.866895 2.220765 206.020370 -17.816143 0.476219 -0.593251 6.210094 0.021132
35.253555 -7.932687 -2.798622 2.066054 206.783188 -17.988684 0.471797 -0.530142 6.203466 0.021124
35.377571 -7.785218 -2.756127 1.931068 207.533188 -18.156700 0.468364 -0.443951 6.196880 0.019523
35.502586 -7.636620 -2.707775 1.785123 208.288620 -18.326458 0.464401 -0.344487 6.190841 0.019057
35.625603 -7.498159 -2.678778 1.659324 209.025543 -18.490604 0.461002 -0.245991 6.186678 0.018999
35.751617 -7.344782 -2.656128 1.555663 209.792557 -18.660551 0.459886 -0.146839 6.183792 0.020827
35.878632 -7.194827 -2.636892 1.475060 210.559586 -18.830585 0.459376 -0.053379 6.188031 0.019736
36.004646 -7.053679 -2.635197 1.374881 211.320724 -19.000427 0.459261 0.033578 6.189589 0.019113
36.128662 -6.913960 -2.648417 1.348361 212.069916 -19.164692 0.458583 0.114640 6.183684 0.019247
36.252678 -6.778970 -2.674287 1.375165 212.818985 -19.327248 0.457198 0.195316 6.180788 0.019159
36.377693 -6.649572 -2.711982 1.403741 213.568253 -19.489799 0.455504 0.283822 6.184399 0.017620
36.501709 -6.526508 -2.744619 1.424079 214.322968 -19.652664 0.452112 0.382791 6.172198 0.016400
36.626724 -6.421546 -2.780962 1.418792 215.077072 -19.815037 0.446786 0.480293 6.169710 0.014214
36.750740 -6.324544 -2.814484 1.434571 215.824280 -19.975683 0.441617 0.553050 6.157983 0.013478
36.886757 -6.224541 -2.842720 1.423345 216.636215 -20.149483 0.435301 0.584430 6.142441 0.012781
37.010769 -6.132697 -2.868855 1.449488 217.386322 -20.310787 0.430683 0.567419 6.129203 0.012842
37.125782 -6.048604 -2.882205 1.501753 218.074554 -20.458099 0.428011 0.526725 6.113426 0.012485
37.251797 -5.962294 -2.891356 1.604434 218.826218 -20.619061 0.425650 0.474587 6.088984 0.012858
37.377811 -5.878726 -2.888799 1.791181 219.574753 -20.779665 0.423491 0.425717 6.068318 0.012099
37.503826 -5.805672 -2.896666 1.999681 220.314484 -20.939859 0.421403 0.375862 6.048454 0.010985
37.628841 -5.751923 -2.926260 2.256814 221.057510 -21.100504 0.421107 0.307715 6.021599 0.008386
37.754856 -5.721045 -2.968552 2.576844 221.792099 -21.257301 0.421815 0.208591 5.999528 0.004722
37.879871 -5.698505 -3.016233 2.867787 222.529373 -21.415487 0.422637 0.078617 5.977796 0.005109
38.005886 -5.668500 -3.067057 3.142109 223.264221 -21.573402 0.421722 -0.063922 5.954988 0.006137
38.131901 -5.642344 -3.107983 3.437922 223.990662 -21.729467 0.418676 -0.194532 5.935383 0.005310
38.258915 -5.621558 -3.156842 3.715032 224.726395 -21.888350 0.414950 -0.302931 5.916900 0.004514
38.382927 -5.614848 -3.208582 3.953445 225.443146 -22.043133 0.409656 -0.384600 5.910007 0.002828
38.508942 -5.602541 -3.242068 4.119356 226.174820 -22.202677 0.404091 -0.449068 5.887535 0.002261
38.631958 -5.601138 -3.273803 4.165961 226.880630 -22.358044 0.397599 -0.494474 5.865453 0.000311
38.757973 -5.595889 -3.317414 4.243079 227.600800 -22.515327 0.389234 -0.521344 5.839414 0.001109
38.884987 -5.598684 -3.350374 4.289248 228.318359 -22.672127 0.380479 -0.525420 5.821629 -0.001497
39.011002 -5.612929 -3.394540 4.305211 229.033112 -22.828028 0.371335 -0.506247 5.795644 -0.002331
39.136017 -5.639944 -3.425481 4.308332 229.745483 -22.982492 0.362841 -0.465860 5.774864 -0.004742
39.251030 -5.672570 -3.433233 4.253122 230.387451 -23.121120 0.356111 -0.412436 5.749717 -0.005267
39.377045 -5.711701 -3.427130 4.145385 231.093582 -23.273388 0.350585 -0.336421 5.720809 -0.006707
39.501060 -5.751755 -3.409177 4.029785 231.790085 -23.424429 0.346968 -0.248307 5.690303 -0.006780
39.635078 -5.801482 -3.373884 3.868040 232.533066 -23.585312 0.342778 -0.143169 5.660999 -0.008741
39.761093 -5.863699 -3.290763 3.646065 233.228348 -23.736715 0.338409 -0.036951 5.633618 -0.010733
39.876106 -5.920801 -3.202177 3.453565 233.854004 -23.872900 0.335300 0.062099 5.607334 -0.010454
40.002121 -5.978787 -3.086976 3.207551 234.547562 -24.023951 0.331447 0.171993 5.574868 -0.009907
40.128136 -6.038156 -2.974077 2.879121 235.226273 -24.169468 0.327598 0.271802 5.540593 -0.011468
40.254150 -6.101026 -2.870640 2.519299 235.906967 -24.314756 0.321787 0.359014 5.511113 -0.011322
40.380165 -6.165387 -2.767981 2.204472 236.584213 -24.458841 0.312649 0.428219 5.485551 -0.011655
40.506180 -6.236409 -2.684119 1.912004 237.263885 -24.604036 0.300501 0.475010 5.463939 -0.011328
40.632195 -6.314102 -2.619102 1.619930 237.935532 -24.747416 0.286896 0.492147 5.442591 -0.013031
40.756207 -6.405488 -2.578771 1.355850 238.593857 -24.886517 0.270538 0.474220 5.414635 -0.015672
40.882221 -6.509667 -2.569489 1.067266 239.254700 -25.025888 0.252449 0.419936 5.393086 -0.016730
41.003235 -6.623072 -2.584513 0.796825 239.897064 -25.161753 0.234028 0.337717 5.373958 -0.018954
41.127251 -6.735364 -2.630758 0.567576 240.547455 -25.299238 0.216903 0.237894 5.351056 -0.017459
41.261269 -6.871940 -2.690379 0.384196 241.247711 -25.445387 0.201718 0.130809 5.331212 -0.019712
41.386284 -7.008841 -2.748237 0.252016 241.894394 -25.578844 0.190921 0.046900 5.321369 -0.020222
41.512299 -7.149814 -2.776211 0.067408 242.550659 -25.713776 0.184556 -0.016920 5.311791 -0.021006
41.626312 -7.275033 -2.779843 -0.112832 243.148483 -25.836323 0.182458 -0.059935 5.301820 -0.020659
41.752327 -7.424645 -2.749895 -0.282118 243.796524 -25.968515 0.182853 -0.100316 5.284506 -0.023736
41.878342 -7.595040 -2.688785 -0.399045 244.447983 -26.100922 0.186308 -0.145369 5.271426 -0.024686
42.003357 -7.781134 -2.598745 -0.456336 245.098663 -26.234121 0.189142 -0.195296 5.268448 -0.026632
42.129372 -7.977899 -2.500327 -0.500856 245.743179 -26.367451 0.190763 -0.238825 5.260449 -0.028598
42.254387 -8.186985 -2.370682 -0.544154 246.392166 -26.501888 0.190403 -0.260563 5.257686 -0.030333
42.380402 -8.416184 -2.221045 -0.585884 247.034531 -26.635073 0.186723 -0.254450 5.242958 -0.033548
42.503418 -8.658492 -2.039199 -0.589277 247.670288 -26.766085 0.180258 -0.231254 5.229739 -0.033426
42.626434 -8.897768 -1.854972 -0.540608 248.299652 -26.895702 0.171007 -0.208785 5.223988 -0.034893
42.761452 -9.178492 -1.641025 -0.458148 248.984451 -27.038216 0.156095 -0.195189 5.217899 -0.036279
42.884468 -9.448604 -1.445740 -0.356165 249.617615 -27.169388 0.138455 -0.183599 5.212746 -0.038950
43.010483 -9.752406 -1.259352 -0.266626 250.259598 -27.302891 0.117222 -0.157624 5.201155 -0.043857
43.135498 -10.073838 -1.092584 -0.158416 250.895706 -27.435255 0.095395 -0.112180 5.198864 -0.045122
43.258514 -10.395664 -0.926935 -0.022678 251.521698 -27.565010 0.074121 -0.057340 5.199862 -0.046056
43.383530 -10.728328 -0.750949 0.144385 252.153275 -27.696501 0.054100 -0.008339 5.203245 -0.046685
43.507545 -11.069523 -0.561585 0.351032 252.789352 -27.828012 0.036642 0.022384 5.191785 -0.046851
43.630554 -11.400714 -0.353893 0.523691 253.409622 -27.957350 0.022936 0.029682 5.195193 -0.047223
43.756569 -11.763319 -0.121010 0.699762 254.050156 -28.090654 0.013268 0.017823 5.193023 -0.051973
43.882584 -12.167051 0.131890 0.814306 254.690567 -28.224455 0.008606 -0.001929 5.188987 -0.057429
44.008598 -12.598380 0.389463 0.888339 255.330704 -28.358898 0.007895 -0.008460 5.191175 -0.061538
44.134613 -13.057545 0.638883 0.967554 255.975693 -28.494911 0.011397 0.021142 5.188220 -0.063450
44.260628 -13.527794 0.874245 1.014267 256.615845 -28.631311 0.016491 0.095603 5.200942 -0.066635
44.386642 -14.029095 1.087116 0.992800 257.257416 -28.769293 0.020370 0.197997 5.212433 -0.069015
44.511658 -14.530205 1.287947 0.913187 257.890533 -28.905863 0.022110 0.292500 5.231384 -0.070970
44.633675 -15.046265 1.461798 0.806249 258.521362 -29.042286 0.020827 0.346162 5.256286 -0.074074
44.759689 -15.589524 1.626778 0.626226 259.170349 -29.184065 0.018706 0.342528 5.283089 -0.076526
44.885704 -16.153904 1.788733 0.367955 259.816559 -29.325949 0.014578 0.285938 5.301615 -0.078707
45.011719 -16.753845 1.962750 0.081984 260.475800 -29.472031 0.008008 0.193417 5.329142 -0.082591
45.136734 -17.368006 2.125809 -0.271444 261.126862 -29.617611 0.000542 0.090361 5.346032 -0.084745
45.262749 -18.002985 2.279800 -0.651812 261.780396 -29.764656 -0.008738 -0.008368 5.369076 -0.088107
45.386765 -18.664583 2.429619 -1.057927 262.436798 -29.913805 -0.017748 -0.094563 5.399450 -0.090896
45.509781 -19.328901 2.576936 -1.504496 263.079681 -30.061092 -0.025994 -0.165883 5.412187 -0.093927
45.634796 -20.042501 2.722029 -1.978712 263.745209 -30.214991 -0.033401 -0.227395 5.426886 -0.098013
45.759811 -20.774418 2.869697 -2.442853 264.407654 -30.369043 -0.038750 -0.273696 5.444420 -0.100185
45.884827 -21.527266 3.028599 -2.967085 265.070251 -30.526096 -0.041529 -0.296924 5.447342 -0.103277
46.010841 -22.308304 3.187914 -3.501005 265.737915 -30.685843 -0.042209 -0.290180 5.450613 -0.104912
46.136856 -23.091583 3.343243 -3.972090 266.406036 -30.847191 -0.041418 -0.257977 5.457617 -0.104820
46.262871 -23.884737 3.482540 -4.442973 267.068390 -31.009382 -0.039788 -0.215143 5.450918 -0.108227
46.376884 -24.619434 3.580884 -4.853760 267.671143 -31.159212 -0.037491 -0.178243 5.445570 -0.109506
46.501896 -25.432180 3.676163 -5.302752 268.330536 -31.327469 -0.033723 -0.140680 5.444225 -0.109884
46.626911 -26.258511 3.757695 -5.781605 268.993408 -31.499979 -0.029465 -0.095138 5.427739 -0.111084
46.753925 -27.101242 3.828477 -6.318616 269.653473 -31.675728 -0.025102 -0.029528 5.416515 -0.112003
46.878941 -27.943052 3.893664 -6.848807 270.311432 -31.854820 -0.022090 0.062271 5.410154 -0.112346
47.005955 -28.791204 3.967263 -7.347614 270.968079 -32.037571 -0.018890 0.171303 5.409482 -0.112633
47.131969 -29.642748 4.039003 -7.793698 271.624329 -32.222073 -0.015229 0.279169 5.411712 -0.112728
47.256985 -30.483175 4.106191 -8.236779 272.274780 -32.407303 -0.011099 0.360641 5.409174 -0.112311
47.380001 -31.322203 4.174777 -8.702450 272.919312 -32.594070 -0.005452 0.397863 5.408475 -0.114118
47.504013 -32.157501 4.262753 -9.147366 273.560791 -32.784035 -0.000031 0.386149 5.383283 -0.112310
47.628029 -32.990921 4.370584 -9.566065 274.199249 -32.976414 0.004598 0.338726 5.373246 -0.112537
47.753044 -33.817799 4.490145 -9.976964 274.835724 -33.170799 0.008464 0.276978 5.358567 -0.111643
47.877060 -34.656246 4.603555 -10.459450 275.474274 -33.369320 0.012268 0.217528 5.344002 -0.111786
48.003075 -35.495747 4.703085 -10.883381 276.109955 -33.569698 0.018172 0.165163 5.320519 -0.112212
48.127090 -36.326576 4.799583 -11.268577 276.741730 -33.772797 0.026130 0.113408 5.297015 -0.111341
48.252106 -37.142563 4.916641 -11.655521 277.364136 -33.976753 0.035097 0.056026 5.271799 -0.109961
48.377121 -37.951916 5.023529 -12.057600 277.987762 -34.184628 0.045557 -0.011401 5.250423 -0.107363
48.502136 -38.733097 5.122398 -12.386938 278.608032 -34.393974 0.056118 -0.084658 5.226833 -0.104316
48.638153 -39.557789 5.217302 -12.719250 279.278778 -34.624622 0.068780 -0.164075 5.197585 -0.100015
48.762169 -40.295090 5.297081 -13.054008 279.890350 -34.839687 0.081554 -0.230094 5.178243 -0.097363
48.885185 -41.009796 5.370763 -13.382782 280.488495 -35.053768 0.094978 -0.287292 5.155617 -0.097562
49.008202 -41.724251 5.426764 -13.702205 281.083923 -35.270985 0.111408 -0.340934 5.147292 -0.096298
49.132217 -42.437164 5.456361 -14.016625 281.681732 -35.491806 0.131583 -0.393004 5.133020 -0.094831
49.254234 -43.121002 5.461402 -14.365194 282.267548 -35.711693 0.154438 -0.437831 5.126548 -0.092704
49.381248 -43.816521 5.438685 -14.705628 282.871552 -35.941040 0.179546 -0.463938 5.127071 -0.090801
49.506264 -44.504364 5.411985 -15.017503 283.474518 -36.173355 0.206566 -0.457349 5.128090 -0.090808
49.631279 -45.158367 5.360139 -15.296914 284.071655 -36.407101 0.235824 -0.415185 5.134287 -0.086329
49.757294 -45.797298 5.288079 -15.556768 284.667664 -36.644073 0.265955 -0.343847 5.128360 -0.085149
49.883308 -46.421589 5.192012 -15.770191 285.266144 -36.885983 0.295312 -0.250123 5.123864 -0.082888
50.009323 -47.030411 5.073115 -15.998334 285.863983 -37.132172 0.323248 -0.139327 5.134560 -0.079608
50.135338 -47.607727 4.958810 -16.205351 286.461792 -37.382393 0.349404 -0.014080 5.149623 -0.075985
50.260353 -48.152042 4.831001 -16.430737 287.054871 -37.634861 0.373356 0.118754 5.160594 -0.070962
50.385368 -48.675747 4.681310 -16.634169 287.651764 -37.894600 0.394640 0.249499 5.169449 -0.069197
50.510384 -49.165821 4.533514 -16.748373 288.243988 -38.155972 0.413212 0.363517 5.181463 -0.065547
50.635399 -49.620056 4.392281 -16.850510 288.834442 -38.420685 0.431761 0.453546 5.179450 -0.060630
50.759415 -50.041328 4.258885 -16.955572 289.419312 -38.687099 0.450547 0.514268 5.188095 -0.057172
50.882431 -50.441200 4.141338 -17.045794 289.998901 -38.955265 0.469358 0.543351 5.193435 -0.054362
51.008446 -50.806580 4.032904 -17.096281 290.592041 -39.233646 0.489866 0.534884 5.206060 -0.046738
51.134460 -51.118599 3.935981 -17.033484 291.180542 -39.513058 0.509773 0.487828 5.215053 -0.042112
51.260475 -51.396908 3.854511 -16.878788 291.777191 -39.800583 0.531839 0.407596 5.215604 -0.036913
51.386490 -51.632439 3.778602 -16.691912 292.362915 -40.087181 0.554791 0.311702 5.217659 -0.032699
51.512505 -51.836388 3.685519 -16.449781 292.952179 -40.380768 0.578412 0.213167 5.221197 -0.028301
51.636520 -52.014839 3.590359 -16.143759 293.534332 -40.676147 0.602043 0.123822 5.221512 -0.026436
51.762535 -52.163269 3.478870 -15.810942 294.119507 -40.979130 0.622844 0.045674 5.236949 -0.020702
51.887550 -52.270458 3.350746 -15.472233 294.698975 -41.285282 0.642399 -0.018547 5.246488 -0.016673
52.011566 -52.349487 3.212528 -15.035924 295.272888 -41.593979 0.659216 -0.071073 5.260049 -0.013472
52.133583 -52.405140 3.049004 -14.575595 295.835907 -41.903584 0.673493 -0.116500 5.269079 -0.009757
52.256596 -52.422832 2.857351 -14.064491 296.406158 -42.224899 0.683900 -0.161530 5.286964 -0.004382
52.380611 -52.409458 2.644229 -13.442861 296.971558 -42.549377 0.690860 -0.210344 5.310641 -0.000295
52.503628 -52.365234 2.403543 -12.725527 297.536438 -42.879875 0.694773 -0.263272 5.331170 0.003486
52.638645 -52.279648 2.126045 -11.885827 298.151245 -43.247875 0.697450 -0.320321 5.361517 0.008611
52.762661 -52.172386 1.844965 -11.008286 298.719025 -43.596027 0.698468 -0.364542 5.377894 0.013229
52.887676 -52.022377 1.532068 -10.061286 299.294220 -43.957382 0.699402 -0.393462 5.397061 0.018779
53.002689 -51.869377 1.213483 -9.158150 299.811462 -44.291409 0.700778 -0.400518 5.404248 0.020891
53.128704 -51.682007 0.843814 -8.116864 300.380157 -44.669041 0.701814 -0.387390 5.432470 0.024824
53.252720 -51.478268 0.452904 -7.011173 300.942657 -45.051769 0.702841 -0.357837 5.448962 0.027857
53.379734 -51.255363 0.042725 -5.856424 301.511963 -45.449615 0.701761 -0.317504 5.481145 0.031801
53.504749 -51.012585 -0.379272 -4.708725 302.070404 -45.849514 0.700394 -0.269753 5.507109 0.035615
53.627766 -50.744022 -0.796384 -3.578876 302.612610 -46.249149 0.700051 -0.211286 5.528161 0.042775
53.753780 -50.425747 -1.226467 -2.391097 303.173676 -46.675125 0.700059 -0.130789 5.560287 0.048853
53.879795 -50.075741 -1.641169 -1.185347 303.728455 -47.106670 0.698717 -0.029915 5.592906 0.055390
54.005810 -49.701088 -2.025411 0.000603 304.279449 -47.549370 0.696066 0.086101 5.622327 0.057482
54.131824 -49.315006 -2.382327 1.174080 304.826172 -48.003532 0.691709 0.205960 5.655406 0.062483
54.254841 -48.907848 -2.694618 2.296197 305.356049 -48.457737 0.684990 0.314493 5.686997 0.065971
54.378857 -48.480469 -2.977536 3.393454 305.881989 -48.923088 0.677203 0.402785 5.722386 0.069794
54.504871 -48.020382 -3.227096 4.431860 306.417114 -49.410313 0.667083 0.464290 5.757360 0.072178
54.629887 -47.549019 -3.454031 5.385425 306.947906 -49.908394 0.655905 0.490871 5.789117 0.073450
54.754902 -47.075165 -3.659099 6.277802 307.470886 -50.411049 0.642657 0.479229 5.809703 0.073905
54.877918 -46.599609 -3.856584 7.111811 307.980652 -50.913532 0.625747 0.432914 5.823954 0.075342
55.003933 -46.112003 -4.032499 7.936677 308.494080 -51.430374 0.605035 0.360923 5.828350 0.076820
55.128948 -45.627876 -4.187730 8.734935 309.005615 -51.957336 0.581946 0.278415 5.829176 0.073789
55.254963 -45.152939 -4.308974 9.462131 309.510071 -52.490322 0.556570 0.198555 5.819003 0.072109
55.379978 -44.688236 -4.403655 10.053460 310.001984 -53.023785 0.530166 0.121721 5.793397 0.069556
55.505993 -44.230709 -4.469086 10.466426 310.488281 -53.565392 0.500522 0.040897 5.765314 0.066177
55.632008 -43.802036 -4.498441 10.745607 310.961395 -54.105473 0.470035 -0.043810 5.732357 0.060348
55.758022 -43.400509 -4.494376 10.935910 311.428253 -54.650890 0.439963 -0.122929 5.677918 0.055869
55.884033 -43.024532 -4.462581 11.007983 311.885620 -55.196358 0.408665 -0.183604 5.630476 0.049893
56.008049 -42.688602 -4.403517 10.975928 312.328369 -55.737968 0.377691 -0.222716 5.572232 0.042976
56.132065 -42.403000 -4.324001 10.798439 312.756653 -56.275272 0.347043 -0.248771 5.517419 0.034860
56.257080 -42.156967 -4.203911 10.520097 313.177582 -56.814735 0.316762 -0.272886 5.446743 0.029045
56.383095 -41.945553 -4.057046 10.108956 313.588501 -57.351337 0.287286 -0.300736 5.377872 0.022789
56.507111 -41.778034 -3.892928 9.609709 313.989777 -57.884262 0.257538 -0.334123 5.310841 0.015906
56.633125 -41.640545 -3.711395 8.966431 314.385803 -58.417252 0.225883 -0.372579 5.244329 0.011107
56.759140 -41.554352 -3.527102 8.206505 314.773621 -58.945827 0.193871 -0.412373 5.170130 0.001639
56.885155 -41.519054 -3.336717 7.411887 315.151428 -59.465061 0.161324 -0.442436 5.111569 -0.004354
57.011169 -41.541046 -3.119330 6.597405 315.527618 -59.983318 0.128145 -0.450409 5.062053 -0.011416
57.137184 -41.610607 -2.859039 5.781039 315.900391 -60.497097 0.095775 -0.427630 5.021012 -0.018616
57.263199 -41.731174 -2.544367 4.898970 316.273987 -61.010025 0.062295 -0.368201 4.984089 -0.025477
57.378212 -41.883743 -2.224714 4.027511 316.607056 -61.467579 0.033485 -0.280108 4.955331 -0.030647
57.503227 -42.108459 -1.841465 3.037876 316.974945 -61.969597 0.003589 -0.139561 4.930134 -0.038180
57.629242 -42.389812 -1.417178 1.998198 317.343079 -62.468685 -0.025628 0.038932 4.913021 -0.046439
57.753254 -42.714016 -0.956507 0.863484 317.705017 -62.957817 -0.051206 0.229745 4.905038 -0.051145
57.878269 -43.096344 -0.456502 -0.297270 318.072601 -63.447166 -0.072524 0.405346 4.890095 -0.058747
58.004284 -43.549480 0.074607 -1.517952 318.443298 -63.933422 -0.088259 0.537754 4.890374 -0.067745
58.128300 -44.067688 0.620656 -2.745537 318.818176 -64.416695 -0.099478 0.618618 4.895862 -0.074784
58.263317 -44.684803 1.193676 -4.058471 319.229370 -64.935966 -0.107499 0.655037 4.917486 -0.078835
58.378330 -45.241116 1.659826 -5.101485 319.583801 -65.372704 -0.109146 0.653445 4.944203 -0.082459
58.503345 -45.879005 2.148026 -6.183499 319.979797 -65.851097 -0.107612 0.624307 4.981975 -0.084894
58.637363 -46.584244 2.631495 -7.232733 320.413727 -66.364357 -0.103378 0.566371 5.039861 -0.087729
58.762379 -47.271427 3.033285 -8.100165 320.832092 -66.847595 -0.093957 0.490458 5.095116 -0.090625
58.888393 -47.970512 3.395170 -8.766798 321.261627 -67.330963 -0.080795 0.395875 5.164759 -0.092000
59.013409 -48.665512 3.721925 -9.279576 321.698944 -67.812477 -0.064151 0.286750 5.229129 -0.092895
59.136425 -49.345299 3.990257 -9.646564 322.135742 -68.283134 -0.046301 0.172001 5.289537 -0.094428
59.261440 -50.032726 4.217265 -9.896079 322.592773 -68.767624 -0.026800 0.056713 5.356848 -0.093735
59.386456 -50.708221 4.396447 -10.006837 323.062958 -69.259277 -0.006599 -0.047937 5.433124 -0.092102
59.511471 -51.357414 4.519107 -10.023735 323.536926 -69.745667 0.013524 -0.138070 5.506440 -0.090589
59.636486 -52.006020 4.605933 -10.006763 324.028595 -70.242805 0.034932 -0.219069 5.580324 -0.089944
59.762501 -52.632980 4.639496 -9.936541 324.525970 -70.739021 0.055361 -0.293052 5.648497 -0.088413
59.887516 -53.253677 4.628068 -9.838267 325.035736 -71.241760 0.074135 -0.363067 5.706039 -0.086030
60.013531 -53.845718 4.610577 -9.653969 325.554504 -71.746658 0.090062 -0.431400 5.772757 -0.083089
