1.20 1.10 20 64
0.135000 0.006496 0.111969 -0.133623 0.953712 0.000917 -0.119743 0.251148 6.719843 0.000945
0.260000 0.003283 0.423129 -0.325313 1.783635 0.003151 -0.047256 0.328570 6.670431 -0.000193
0.387000 -0.000426 0.905212 -0.544415 2.624641 0.007194 0.065790 0.370227 6.582826 -0.000772
0.503000 -0.011097 1.434215 -0.766516 3.382484 0.011152 0.187654 0.383074 6.500713 -0.000733
0.629000 -0.013395 2.047479 -1.012309 4.194541 0.015653 0.322944 0.378347 6.417316 0.001724
0.755000 -0.002766 2.665646 -1.211208 4.998719 0.020258 0.446036 0.360390 6.365373 0.004145
0.880000 0.018130 3.248173 -1.424130 5.799940 0.026231 0.545467 0.331065 6.357135 0.004229
1.005000 0.033444 3.765901 -1.633411 6.589431 0.033573 0.612464 0.288185 6.380843 0.004573
1.128000 0.049759 4.218296 -1.821410 7.383203 0.041668 0.644894 0.227503 6.421542 0.003645
1.261000 0.069050 4.590591 -2.017708 8.242332 0.050140 0.637191 0.146103 6.490494 0.005276
1.386001 0.093869 4.808311 -2.210965 9.059343 0.056796 0.591323 0.067732 6.570879 0.005699
1.501001 0.114244 4.895962 -2.378400 9.818768 0.062643 0.521290 0.006524 6.627801 0.004820
1.626001 0.129674 4.872056 -2.554956 10.645643 0.068992 0.423239 -0.044422 6.695509 0.003322
1.761001 0.141985 4.719131 -2.700457 11.561349 0.077310 0.301605 -0.092216 6.758526 0.002820
1.886001 0.159451 4.479330 -2.836332 12.403413 0.084417 0.189926 -0.139987 6.814303 0.004649
2.011001 0.184020 4.164549 -2.974554 13.258059 0.089615 0.087361 -0.194621 6.854035 0.004545
2.136001 0.208297 3.794164 -3.069449 14.124149 0.095010 0.002068 -0.249403 6.893326 0.004498
2.262001 0.235885 3.411292 -3.010214 14.987555 0.103393 -0.055251 -0.294460 6.918427 0.002710
2.376001 0.255615 3.081281 -2.827737 15.785115 0.113080 -0.077897 -0.322040 6.944039 0.000934
2.501001 0.270633 2.760805 -2.546269 16.653006 0.123871 -0.069264 -0.333133 6.939626 0.000075
2.626000 0.294879 2.510109 -2.133424 17.519949 0.135691 -0.028439 -0.322557 6.928331 0.000282
2.752000 0.311334 2.319204 -1.648076 18.390867 0.147605 0.038369 -0.291739 6.901687 -0.001512
2.878000 0.319003 2.189399 -1.147929 19.250683 0.161107 0.121587 -0.246239 6.864857 -0.002203
3.003000 0.318000 2.117826 -0.671467 20.113531 0.175324 0.211268 -0.190965 6.837453 -0.003181
3.128000 0.315026 2.096724 -0.242657 20.967428 0.188800 0.294602 -0.127948 6.830365 -0.002086
3.253000 0.321495 2.108015 0.181249 21.820734 0.201563 0.364635 -0.053889 6.829294 -0.001541
3.377999 0.323263 2.158294 0.567620 22.674850 0.214248 0.413685 0.034415 6.838558 -0.002191
3.502999 0.320760 2.241531 0.941988 23.531731 0.224917 0.438964 0.135194 6.866805 -0.002456
3.625998 0.315958 2.361815 1.324299 24.378504 0.235428 0.437452 0.236181 6.895099 -0.001933
3.750998 0.318181 2.496158 1.674636 25.235207 0.245581 0.409293 0.323098 6.918898 -0.001298
3.885998 0.312479 2.654032 2.028219 26.178341 0.255924 0.350780 0.382228 6.943676 -0.004097
4.011998 0.291626 2.806422 2.339641 27.046547 0.266246 0.279655 0.396077 6.942727 -0.005480
4.125999 0.266024 2.940531 2.572886 27.838289 0.276701 0.206404 0.379577 6.941773 -0.005976
4.262001 0.233100 3.104160 2.806878 28.781502 0.288902 0.116407 0.336020 6.929547 -0.005848
4.386002 0.203665 3.253500 2.988043 29.644865 0.301824 0.040668 0.280769 6.887988 -0.004901
4.510004 0.170839 3.398540 3.071883 30.495977 0.314227 -0.020243 0.211330 6.844085 -0.005935
4.635005 0.129071 3.533671 3.022562 31.340178 0.326730 -0.062087 0.125288 6.783209 -0.006306
4.759007 0.080119 3.660405 2.925768 32.184807 0.340176 -0.080538 0.025424 6.733437 -0.005730
4.884008 0.034823 3.757358 2.746233 33.015411 0.351713 -0.074981 -0.076853 6.677891 -0.004278
5.008009 -0.014048 3.835217 2.453150 33.838898 0.362879 -0.048213 -0.170953 6.618949 -0.003849
5.133011 -0.062028 3.911683 2.068006 34.668491 0.374758 -0.003103 -0.248932 6.560429 -0.002698
5.258012 -0.101143 3.958329 1.726846 35.476456 0.387740 0.051946 -0.301148 6.492952 -0.003021
5.382014 -0.155687 3.977686 1.392947 36.284035 0.402379 0.111491 -0.323598 6.442508 -0.004911
5.507015 -0.218335 3.953887 1.049498 37.085327 0.416851 0.168263 -0.314705 6.397631 -0.006379
5.629017 -0.286535 3.889138 0.711912 37.857224 0.431733 0.214851 -0.283628 6.371971 -0.007236
5.754018 -0.355627 3.755972 0.394085 38.659096 0.447260 0.250174 -0.242473 6.362435 -0.004910
5.879020 -0.408009 3.552443 0.079897 39.454189 0.462234 0.267924 -0.205129 6.362496 -0.005213
6.003021 -0.454267 3.290519 -0.208308 40.244068 0.477734 0.265951 -0.174002 6.375469 -0.003186
6.128023 -0.481775 2.974959 -0.498688 41.042416 0.492028 0.244208 -0.143263 6.393505 -0.001033
6.252024 -0.502753 2.632004 -0.776788 41.837498 0.505401 0.206429 -0.109905 6.423528 -0.000925
6.377026 -0.510522 2.288584 -1.047482 42.635670 0.518024 0.159253 -0.078081 6.446456 0.000518
6.502027 -0.510619 1.958267 -1.328742 43.448158 0.531391 0.105987 -0.054786 6.451070 0.001344
6.628028 -0.506429 1.660690 -1.542914 44.255013 0.544334 0.053862 -0.039440 6.455106 0.002017
6.753030 -0.505057 1.417670 -1.712369 45.067089 0.556856 0.010571 -0.016607 6.439385 0.000680
6.878031 -0.498728 1.256175 -1.772866 45.864090 0.569422 -0.018464 0.031798 6.422032 0.002006
7.003033 -0.480871 1.187095 -1.740791 46.670734 0.582127 -0.032737 0.114055 6.385714 0.001969
7.129034 -0.458429 1.215176 -1.694057 47.465317 0.592542 -0.028804 0.214912 6.334954 0.004024
7.254035 -0.426306 1.319602 -1.621330 48.258965 0.602414 -0.008404 0.309512 6.275232 0.005243
7.377037 -0.370398 1.469240 -1.514742 49.026501 0.611081 0.023219 0.374151 6.212922 0.008977
7.501039 -0.293633 1.655073 -1.393139 49.792606 0.618791 0.062936 0.405252 6.155331 0.010497
7.627040 -0.210692 1.837610 -1.268422 50.557972 0.626185 0.106119 0.407189 6.101835 0.011349
7.751041 -0.118316 1.995910 -1.130355 51.317802 0.633405 0.146515 0.385231 6.060739 0.012134
7.883043 -0.013411 2.121205 -0.950834 52.115028 0.641124 0.181111 0.336547 6.025591 0.013249
8.006044 0.094091 2.169987 -0.718985 52.854855 0.647590 0.201041 0.267429 6.008532 0.014208
8.131042 0.208065 2.169016 -0.477023 53.600296 0.653700 0.209399 0.179865 6.014530 0.014526
8.255040 0.325600 2.106347 -0.210823 54.352638 0.659396 0.204947 0.087553 6.022281 0.014502
8.379038 0.431448 1.988611 0.054176 55.099438 0.663599 0.188518 0.008202 6.026994 0.013250
8.504036 0.524536 1.829828 0.318904 55.853630 0.667432 0.161038 -0.049258 6.038298 0.010910
8.627034 0.609480 1.662246 0.558830 56.597435 0.670939 0.127251 -0.085021 6.054412 0.011566
8.752032 0.709905 1.478833 0.771577 57.355225 0.674037 0.091060 -0.111756 6.066281 0.013608
8.877030 0.811830 1.296455 0.984716 58.113537 0.676728 0.056551 -0.142005 6.070186 0.012982
9.002028 0.915671 1.146694 1.235050 58.872375 0.679919 0.029570 -0.180133 6.070976 0.014446
9.127027 1.032795 1.045329 1.500823 59.624420 0.683675 0.013954 -0.218585 6.059579 0.016491
9.261024 1.172165 1.000308 1.782876 60.440990 0.689055 0.010233 -0.251321 6.039220 0.018382
9.385021 1.310835 1.004540 1.980250 61.182911 0.692119 0.019521 -0.274713 6.024510 0.019698
9.509019 1.459060 1.062621 2.202893 61.934032 0.695776 0.038571 -0.303655 5.997032 0.021797
9.634017 1.615632 1.164681 2.344469 62.675163 0.700065 0.064302 -0.341916 5.960702 0.022486
9.758015 1.767052 1.266456 2.403261 63.417648 0.704530 0.093913 -0.377464 5.927317 0.021896
9.882012 1.924907 1.358629 2.435968 64.150558 0.709836 0.122473 -0.388863 5.901887 0.022084
10.007010 2.091392 1.431394 2.417611 64.886383 0.717684 0.145763 -0.366872 5.883155 0.023617
10.131008 2.260559 1.474615 2.391720 65.615257 0.726554 0.161542 -0.322168 5.876887 0.023954
10.256006 2.435354 1.480984 2.298531 66.349419 0.736517 0.169511 -0.270883 5.874762 0.025318
10.382005 2.616489 1.445547 2.164098 67.090271 0.747310 0.168907 -0.218154 5.883563 0.025470
10.508003 2.792437 1.379640 2.022373 67.826500 0.759020 0.161567 -0.155259 5.893391 0.025627
10.633001 2.985101 1.300545 1.853738 68.570297 0.772055 0.146821 -0.071186 5.911573 0.027491
10.757999 3.188012 1.199660 1.679670 69.303635 0.786744 0.127417 0.029109 5.919159 0.029052
10.881997 3.386739 1.095515 1.508887 70.044044 0.801816 0.105997 0.133911 5.927552 0.027719
11.003995 3.573862 0.999271 1.337108 70.767212 0.818507 0.084433 0.226782 5.928861 0.027137
11.128993 3.762770 0.928375 1.131806 71.502007 0.836040 0.064934 0.306562 5.926329 0.028037
11.253991 3.966930 0.871320 0.928788 72.248482 0.854501 0.050471 0.372807 5.921308 0.029018
11.378989 4.162417 0.837184 0.754336 72.981621 0.875413 0.042495 0.423563 5.905815 0.027104
11.502987 4.359460 0.812892 0.576293 73.718590 0.897605 0.040651 0.455656 5.891523 0.029157
11.627985 4.570085 0.825432 0.403297 74.447289 0.921280 0.044951 0.461300 5.871480 0.030992
11.751983 4.793228 0.852743 0.272764 75.179115 0.947097 0.055929 0.436644 5.847511 0.032321
11.875980 5.028727 0.868986 0.193003 75.902145 0.973244 0.070187 0.387739 5.826998 0.034319
12.000978 5.283155 0.889665 0.116035 76.622375 1.001362 0.086918 0.329626 5.804037 0.037272
12.134975 5.572745 0.913208 0.098280 77.403526 1.033397 0.104454 0.275748 5.780086 0.037940
12.259974 5.848341 0.911803 0.092799 78.118835 1.064745 0.118749 0.243121 5.773769 0.039419
12.383971 6.120892 0.898964 0.153775 78.833725 1.098695 0.129373 0.220095 5.773176 0.037678
12.507969 6.391932 0.869299 0.277783 79.554344 1.135405 0.135431 0.191863 5.774889 0.036824
12.631967 6.665751 0.847745 0.379838 80.269592 1.172889 0.137342 0.147164 5.778786 0.039265
12.755964 6.946608 0.820268 0.492092 80.985283 1.210750 0.134971 0.084052 5.783226 0.039233
12.879962 7.244036 0.804521 0.628148 81.701447 1.249559 0.128832 0.007827 5.785707 0.042663
13.004960 7.551438 0.791968 0.792859 82.423653 1.290757 0.119643 -0.074679 5.787206 0.043263
13.129958 7.870816 0.778691 0.975912 83.140488 1.333112 0.108798 -0.159231 5.791253 0.045712
13.254956 8.197466 0.775793 1.142648 83.869026 1.376310 0.098526 -0.248365 5.788745 0.045977
13.379954 8.531901 0.779985 1.327249 84.590424 1.422236 0.089892 -0.337665 5.776707 0.047471
13.503953 8.882219 0.798157 1.539901 85.310493 1.470949 0.083185 -0.418696 5.770972 0.048519
13.626950 9.218382 0.817857 1.746660 86.012085 1.520754 0.080189 -0.477560 5.759117 0.047723
13.759949 9.592474 0.840615 1.958969 86.780296 1.578074 0.080605 -0.510998 5.742359 0.049404
13.882946 9.945022 0.875312 2.158820 87.478218 1.632150 0.083161 -0.516798 5.732871 0.050042
14.005943 10.300772 0.928762 2.354859 88.180367 1.688586 0.088834 -0.508515 5.722713 0.049704
14.128942 10.657264 1.002199 2.499419 88.881233 1.746138 0.096751 -0.491433 5.712499 0.049921
14.250938 11.006139 1.081255 2.608213 89.575104 1.805246 0.106143 -0.461782 5.705047 0.049264
14.384937 11.394397 1.151759 2.722189 90.329819 1.873711 0.117162 -0.404675 5.689783 0.050993
14.507935 11.758701 1.205756 2.814293 91.032616 1.940339 0.126668 -0.322853 5.693916 0.050582
14.629931 12.108392 1.255761 2.902037 91.724335 2.008001 0.132757 -0.218825 5.697338 0.049046
14.753929 12.447741 1.306240 2.934960 92.421265 2.078196 0.135562 -0.098408 5.696713 0.047868
14.876926 12.795538 1.363719 2.913935 93.124290 2.150253 0.133869 0.029049 5.700064 0.049611
15.001924 13.140297 1.416216 2.872716 93.833153 2.226496 0.129285 0.154402 5.704631 0.048001
15.126922 13.481401 1.456968 2.797982 94.542389 2.304640 0.121214 0.268649 5.705955 0.047990
15.251920 13.830064 1.479819 2.714901 95.251442 2.384501 0.110541 0.367196 5.709554 0.050137
15.376918 14.195356 1.501871 2.689261 95.960175 2.467380 0.099088 0.450135 5.706411 0.051655
15.500916 14.559837 1.520116 2.677607 96.662537 2.550596 0.087505 0.518832 5.704536 0.051335
15.625914 14.936488 1.540071 2.679778 97.370049 2.637032 0.077338 0.572157 5.701561 0.053585
15.751912 15.330959 1.554056 2.693613 98.082314 2.726932 0.068939 0.602677 5.695228 0.055396
15.876910 15.723228 1.570937 2.698774 98.781853 2.817904 0.061863 0.603717 5.682397 0.055561
16.001907 16.126476 1.597847 2.757400 99.484718 2.911443 0.058377 0.575357 5.665079 0.056651
16.125902 16.539448 1.628815 2.828053 100.184540 3.007882 0.060250 0.521419 5.637975 0.057282
16.260897 16.986839 1.675980 2.911899 100.937256 3.115077 0.065175 0.437129 5.628749 0.058201
16.384892 17.408381 1.729455 2.972567 101.626228 3.216421 0.073370 0.335161 5.608065 0.058871
16.508886 17.833387 1.776970 3.024633 102.312180 3.320593 0.081995 0.211178 5.583881 0.059925
16.632881 18.263491 1.821790 3.110973 102.994415 3.426487 0.090528 0.073785 5.558152 0.060340
16.757875 18.705809 1.874690 3.281358 103.672943 3.536113 0.097228 -0.064872 5.530172 0.061631
16.881870 19.161137 1.925508 3.420176 104.353798 3.649204 0.102131 -0.197023 5.516394 0.063430
17.006865 19.634544 1.954672 3.576432 105.031815 3.766017 0.104126 -0.319194 5.498803 0.064673
17.131859 20.103559 1.967135 3.792125 105.707756 3.886916 0.104242 -0.431459 5.492256 0.064487
17.255854 20.572433 1.983529 4.021361 106.377213 4.009577 0.102882 -0.528857 5.487242 0.065641
17.380848 21.064716 1.988047 4.300570 107.050835 4.136797 0.101080 -0.601931 5.479302 0.068722
17.504843 21.568283 2.001765 4.594531 107.717316 4.266241 0.098609 -0.635318 5.470215 0.069601
17.627838 22.076391 2.015429 4.894153 108.371010 4.396241 0.096068 -0.622172 5.454699 0.070934
17.752832 22.595852 2.043588 5.163334 109.043533 4.533840 0.093478 -0.565510 5.444348 0.070759
17.876827 23.113510 2.072208 5.402699 109.703178 4.672369 0.092125 -0.483486 5.434456 0.072687
18.009823 23.674978 2.109265 5.686700 110.408073 4.826069 0.091618 -0.386572 5.417612 0.072161
18.133818 24.185347 2.138413 5.904603 111.062668 4.973283 0.092589 -0.294866 5.407540 0.071068
18.258812 24.707603 2.164357 6.080925 111.721092 5.124710 0.093881 -0.194763 5.403516 0.073111
18.383806 25.236156 2.199473 6.232424 112.372574 5.278603 0.097278 -0.080045 5.395543 0.073714
18.507801 25.761604 2.255632 6.335099 113.027901 5.436798 0.102073 0.047255 5.392458 0.072222
18.632795 26.290380 2.340852 6.396667 113.682335 5.598376 0.106582 0.171103 5.391063 0.074177
18.754791 26.810369 2.425248 6.417518 114.319748 5.759482 0.110500 0.273449 5.388034 0.074878
18.875788 27.331648 2.515131 6.418594 114.951035 5.923266 0.114045 0.351162 5.392191 0.074437
19.002781 27.860861 2.649211 6.320919 115.608353 6.096636 0.117463 0.408509 5.393613 0.072658
19.127775 28.377165 2.810168 6.198617 116.259590 6.272460 0.120596 0.445177 5.395720 0.072757
19.251770 28.889648 2.990937 6.082117 116.909416 6.451446 0.124233 0.462633 5.386705 0.072661
19.376764 29.415272 3.180444 6.004076 117.557739 6.634745 0.128052 0.460892 5.392519 0.073640
19.502758 29.939434 3.372752 5.973824 118.205032 6.823146 0.130702 0.442026 5.393191 0.073141
19.627752 30.459457 3.538418 5.977168 118.851273 7.016029 0.131612 0.409098 5.397103 0.072269
19.752747 30.990013 3.669785 5.991570 119.497910 7.212483 0.129871 0.363679 5.410442 0.074644
19.876741 31.539881 3.779833 6.043117 120.144493 7.413821 0.126639 0.305855 5.425201 0.076850
20.000736 32.093094 3.873789 6.155154 120.786224 7.618101 0.123215 0.236596 5.434256 0.076563
20.125731 32.652889 3.950273 6.320405 121.433937 7.827710 0.118825 0.158676 5.453752 0.075852
20.257727 33.224171 4.004773 6.526072 122.117874 8.052837 0.113899 0.075242 5.453235 0.071829
20.382721 33.766079 4.029293 6.750597 122.758911 8.268042 0.109842 0.003646 5.454643 0.074906
20.506716 34.325272 4.045061 6.960712 123.400513 8.484255 0.107961 -0.057683 5.462741 0.077390
20.630711 34.893784 4.047155 7.232626 124.046341 8.705750 0.107732 -0.112240 5.464316 0.075690
20.753706 35.450115 4.024976 7.541202 124.680664 8.929140 0.110355 -0.165092 5.465337 0.075196
20.875702 35.998146 3.986679 7.860008 125.308800 9.154408 0.113909 -0.222096 5.471036 0.075702
21.008698 36.598232 3.928543 8.226377 125.998619 9.404523 0.118706 -0.291550 5.481211 0.074191
21.132692 37.146412 3.866798 8.593922 126.631340 9.636977 0.125272 -0.358773 5.477770 0.073891
21.255688 37.684082 3.815319 8.979352 127.261810 9.872944 0.133803 -0.423262 5.473319 0.072377
21.378683 38.222717 3.770793 9.396412 127.885368 10.110052 0.143914 -0.476521 5.468121 0.073243
21.501678 38.770119 3.737532 9.818053 128.518539 10.353098 0.155378 -0.509776 5.469310 0.073241
21.626675 39.327053 3.714471 10.239402 129.156097 10.600272 0.167781 -0.514662 5.468119 0.074392
21.761669 39.914433 3.710575 10.677227 129.837006 10.868512 0.179953 -0.486511 5.459211 0.072066
21.875664 40.411766 3.732935 11.020338 130.419724 11.101089 0.188825 -0.438042 5.448163 0.070852
22.008659 40.964073 3.770154 11.433726 131.090286 11.373448 0.197282 -0.357173 5.436443 0.067893
22.133654 41.467972 3.810463 11.805762 131.717773 11.631687 0.202643 -0.257339 5.422327 0.065724
22.259647 41.957943 3.848454 12.216689 132.341293 11.893175 0.206284 -0.135772 5.397620 0.064007
22.384642 42.434509 3.880709 12.586720 132.965958 12.159256 0.207893 0.003212 5.377965 0.062545
22.506638 42.888809 3.891774 12.910281 133.567932 12.419502 0.208188 0.145327 5.371586 0.060612
22.629633 43.328472 3.889158 13.227823 134.172363 12.685243 0.207756 0.286717 5.367520 0.057814
22.752628 43.741489 3.867769 13.520483 134.775085 12.953455 0.208015 0.416214 5.358014 0.055207
22.876623 44.153275 3.839644 13.788695 135.379135 13.227220 0.209317 0.519830 5.344020 0.055328
23.009619 44.577629 3.804803 14.000445 136.024399 13.524740 0.214145 0.585210 5.336805 0.052755
23.132614 44.955025 3.772260 14.135009 136.617737 13.803423 0.223197 0.599166 5.326031 0.051051
23.256609 45.311508 3.727146 14.169337 137.208054 14.084847 0.236291 0.578667 5.314306 0.048942
23.380604 45.649212 3.687984 14.189797 137.805176 14.375267 0.253494 0.538987 5.311405 0.045960
23.503599 45.956261 3.667900 14.182525 138.391296 14.664596 0.275317 0.490901 5.315713 0.042593
23.626595 46.235401 3.656042 14.082412 138.976608 14.957171 0.299635 0.432667 5.326833 0.038272
23.760590 46.503437 3.637222 13.928353 139.613968 15.279479 0.328252 0.351029 5.332544 0.034673
23.883585 46.729763 3.610265 13.772078 140.198242 15.579040 0.355358 0.257781 5.342133 0.032609
24.005581 46.931404 3.575098 13.560060 140.777313 15.879457 0.380934 0.152239 5.353829 0.030286
24.128576 47.112171 3.545046 13.299568 141.357254 16.182693 0.403592 0.038530 5.370507 0.026871
24.250572 47.269123 3.511372 13.006994 141.942261 16.492582 0.422090 -0.079323 5.388425 0.023405
24.385567 47.423279 3.445664 12.744304 142.584351 16.837887 0.438825 -0.206148 5.408935 0.019689
24.510563 47.534477 3.369083 12.474186 143.179642 17.161663 0.449518 -0.313179 5.433649 0.016296
24.635557 47.629131 3.263530 12.191256 143.772369 17.486340 0.457085 -0.403317 5.467391 0.013400
24.759552 47.692493 3.153698 11.894193 144.371689 17.817623 0.460892 -0.475232 5.487812 0.010062
24.884546 47.745819 3.022595 11.633121 144.971481 18.154121 0.463268 -0.528337 5.516280 0.008662
25.009541 47.782562 2.881157 11.330997 145.573853 18.494217 0.465459 -0.561679 5.547420 0.006159
25.134535 47.785435 2.759054 10.924326 146.177795 18.837940 0.468204 -0.572546 5.564272 0.001867
25.259529 47.758553 2.641849 10.575074 146.781845 19.187029 0.472688 -0.559003 5.593400 -0.002646
25.382524 47.711712 2.538752 10.195512 147.378571 19.534132 0.479828 -0.521276 5.623539 -0.005358
25.506519 47.645737 2.447898 9.833174 147.981781 19.887648 0.488811 -0.457547 5.647285 -0.007701
25.629515 47.556755 2.356547 9.474090 148.581635 20.241959 0.499415 -0.365971 5.677864 -0.012282
25.755508 47.436821 2.252263 9.014504 149.193207 20.606318 0.512020 -0.242567 5.708155 -0.014574
25.881502 47.301479 2.146752 8.499645 149.812546 20.976545 0.525722 -0.095586 5.734669 -0.016949
26.006496 47.148312 2.022767 8.004432 150.426682 21.348272 0.539330 0.055051 5.753018 -0.019589
26.129492 46.990379 1.879449 7.518815 151.030609 21.718904 0.551861 0.189379 5.767396 -0.021590
26.254486 46.810955 1.713599 7.037009 151.649719 22.103266 0.564048 0.302222 5.796194 -0.022857
26.380480 46.628674 1.521445 6.586257 152.264618 22.489983 0.574506 0.389817 5.823554 -0.023947
26.505474 46.442013 1.292776 6.105978 152.881546 22.880966 0.583680 0.457076 5.857239 -0.026311
26.629469 46.225212 1.043790 5.593125 153.500763 23.276588 0.590384 0.504100 5.894539 -0.030498
26.753464 45.986546 0.771610 5.087205 154.116272 23.674788 0.594986 0.526896 5.929954 -0.034113
26.879457 45.721218 0.479850 4.541415 154.738602 24.081335 0.596184 0.522675 5.960402 -0.037195
27.004452 45.434387 0.183743 3.964446 155.367920 24.496552 0.593594 0.492988 6.000802 -0.040861
27.129446 45.129166 -0.110348 3.414928 155.993515 24.914278 0.587947 0.446026 6.030884 -0.044551
27.254440 44.802521 -0.380164 2.859699 156.615128 25.335787 0.582142 0.393206 6.074878 -0.048863
27.379435 44.438091 -0.626185 2.311954 157.242661 25.767773 0.575893 0.343225 6.109536 -0.053962
27.504429 44.047947 -0.852381 1.756584 157.875458 26.209805 0.568399 0.298175 6.135264 -0.056506
27.628424 43.638042 -1.061549 1.283316 158.498032 26.650900 0.563237 0.249606 6.167699 -0.060363
27.754417 43.206924 -1.225523 0.775555 159.125488 27.101709 0.560105 0.179430 6.194037 -0.063158
27.879412 42.756126 -1.364827 0.284573 159.757629 27.562157 0.557645 0.074578 6.213486 -0.064355
28.004406 42.287251 -1.490635 -0.167374 160.383926 28.024134 0.558060 -0.061638 6.237670 -0.068450
28.127401 41.804523 -1.613547 -0.575711 160.994492 28.481070 0.559426 -0.211430 6.258791 -0.073155
28.250397 41.275070 -1.738840 -0.986163 161.613632 28.951435 0.563516 -0.362432 6.279540 -0.077309
28.384392 40.678795 -1.870360 -1.423851 162.282257 29.466713 0.568663 -0.507258 6.311095 -0.081705
28.508387 40.107227 -1.997171 -1.847723 162.900497 29.948753 0.573131 -0.612407 6.334839 -0.083432
28.631382 39.524010 -2.140074 -2.275217 163.513687 30.431589 0.575543 -0.680409 6.351028 -0.086153
28.754377 38.921989 -2.303317 -2.695733 164.126297 30.918800 0.575027 -0.706389 6.369476 -0.088960
28.879372 38.278599 -2.467837 -3.098085 164.747559 31.417933 0.570349 -0.688766 6.380810 -0.093152
29.004366 37.627747 -2.623097 -3.474735 165.361435 31.917931 0.561378 -0.631045 6.388485 -0.095398
29.129360 36.949112 -2.778718 -3.851044 165.983246 32.429638 0.546880 -0.538242 6.392178 -0.096461
29.255354 36.257366 -2.935518 -4.212243 166.601440 32.945026 0.526746 -0.420012 6.383412 -0.099645
29.378349 35.571926 -3.091072 -4.569546 167.201004 33.449802 0.505584 -0.289390 6.362306 -0.100007
29.501345 34.898594 -3.237229 -4.905983 167.790497 33.951721 0.483774 -0.152518 6.331474 -0.098283
29.626339 34.201149 -3.348727 -5.207247 168.394211 34.469543 0.462510 -0.007167 6.296204 -0.098868
29.754335 33.504951 -3.434923 -5.463117 168.996063 34.989967 0.443624 0.142461 6.240998 -0.096188
29.879330 32.837009 -3.489957 -5.720776 169.586411 35.503654 0.427008 0.289968 6.186373 -0.094017
30.002325 32.199749 -3.513779 -5.962653 170.154282 36.002892 0.414564 0.423257 6.119218 -0.091887
30.127319 31.581324 -3.527425 -6.162086 170.718918 36.501797 0.403554 0.534410 6.046798 -0.087538
30.252314 30.976728 -3.538012 -6.328763 171.279709 37.000610 0.394837 0.614181 5.975197 -0.084528
30.377308 30.391254 -3.519329 -6.463046 171.835159 37.498440 0.389144 0.659848 5.881883 -0.081621
30.502302 29.834164 -3.482784 -6.583190 172.377121 37.986420 0.384763 0.672456 5.801809 -0.077140
30.626297 29.309011 -3.448172 -6.703681 172.906418 38.463413 0.379242 0.655177 5.715906 -0.073975
30.750292 28.803322 -3.424800 -6.817037 173.427032 38.935314 0.372222 0.610044 5.635553 -0.070768
30.875286 28.321369 -3.409877 -6.953281 173.943344 39.407097 0.362077 0.538482 5.561692 -0.067328
31.000280 27.875513 -3.410386 -7.092994 174.447510 39.869633 0.347373 0.444397 5.484411 -0.061537
31.125275 27.451694 -3.418287 -7.180081 174.947296 40.329243 0.328985 0.330662 5.394123 -0.057909
31.250269 27.063154 -3.438365 -7.267392 175.439667 40.781521 0.306785 0.204333 5.317244 -0.051815
31.386263 26.693285 -3.441230 -7.391423 175.967117 41.266132 0.279026 0.061403 5.231131 -0.046040
31.500257 26.422220 -3.418686 -7.471851 176.402664 41.667011 0.253673 -0.057775 5.164444 -0.040487
31.635252 26.146425 -3.360665 -7.532900 176.914917 42.138783 0.222002 -0.197126 5.085954 -0.032889
31.756248 25.952190 -3.289258 -7.518029 177.364243 42.552116 0.193042 -0.317169 5.012772 -0.024783
31.880243 25.794807 -3.186339 -7.474852 177.819977 42.968132 0.165604 -0.430180 4.949668 -0.018980
32.006237 25.681559 -3.032082 -7.339375 178.274689 43.380966 0.142328 -0.524683 4.886085 -0.012875
32.131252 25.607277 -2.821305 -7.169786 178.730148 43.789654 0.123807 -0.592167 4.837739 -0.005693
32.256268 25.585335 -2.565957 -6.942344 179.179276 44.189278 0.110453 -0.630230 4.792552 0.001017
32.381283 25.608915 -2.263894 -6.658713 179.626984 44.583832 0.099723 -0.641712 4.760673 0.007264
32.503300 25.670643 -1.929041 -6.342882 180.063766 44.963799 0.092192 -0.626411 4.737013 0.014868
32.628315 25.778070 -1.541475 -5.937453 180.508118 45.345985 0.086215 -0.578901 4.719469 0.018118
32.753330 25.916483 -1.131242 -5.440875 180.957489 45.726807 0.078696 -0.494852 4.708277 0.023787
32.877346 26.099569 -0.710643 -4.824013 181.405426 46.100780 0.070097 -0.378567 4.700130 0.028800
33.002361 26.313663 -0.303574 -4.135715 181.863434 46.475746 0.060848 -0.235949 4.696506 0.031656
33.127377 26.551523 0.086806 -3.361194 182.320786 46.844551 0.052509 -0.080952 4.704267 0.035119
33.253391 26.832033 0.463824 -2.543211 182.786362 47.213600 0.043909 0.077336 4.725129 0.041197
33.379406 27.167599 0.813350 -1.678285 183.254440 47.577709 0.035077 0.223304 4.754230 0.048701
33.504421 27.539591 1.147385 -0.843621 183.732773 47.942207 0.026165 0.346650 4.787646 0.050336
33.630436 27.926384 1.444882 -0.026475 184.214188 48.302582 0.016511 0.439535 4.829732 0.052642
33.756451 28.349691 1.711008 0.770228 184.707825 48.666183 0.008340 0.503938 4.893448 0.057970
33.881466 28.798519 1.948778 1.486674 185.207397 49.026577 0.003272 0.538829 4.951217 0.060234
34.006481 29.266111 2.158863 2.143364 185.717056 49.385643 0.001667 0.538057 5.012793 0.063907
34.129498 29.750555 2.339133 2.754656 186.231873 49.742970 0.002162 0.495106 5.086309 0.066053
34.254513 30.251831 2.508986 3.277200 186.761261 50.103470 0.004840 0.414407 5.154309 0.067229
34.379528 30.768970 2.651958 3.710776 187.300781 50.464970 0.011242 0.316504 5.228046 0.070692
34.503544 31.298834 2.774532 4.065714 187.845383 50.826778 0.020169 0.225387 5.304845 0.073729
34.628559 31.836342 2.874944 4.362346 188.399673 51.191055 0.032677 0.152342 5.384948 0.074036
34.752575 32.390221 2.978600 4.554965 188.969437 51.560028 0.047526 0.094982 5.461143 0.076530
34.876591 32.946095 3.063715 4.697967 189.544571 51.929329 0.064219 0.044698 5.543248 0.078521
35.000607 33.525375 3.146655 4.828321 190.129242 52.301476 0.082882 -0.009550 5.619912 0.081977
35.125622 34.117405 3.238686 4.925622 190.728470 52.678677 0.101538 -0.076724 5.698974 0.082690
35.250637 34.715931 3.318914 4.972462 191.338333 53.057575 0.118977 -0.157773 5.775076 0.083440
35.375652 35.329315 3.394570 5.047534 191.956635 53.440151 0.134704 -0.242460 5.847864 0.084550
35.509670 35.987122 3.467383 5.137379 192.627991 53.853973 0.148446 -0.316673 5.914316 0.085371
35.632687 36.595993 3.525664 5.183783 193.252869 54.236362 0.158815 -0.355625 5.981637 0.086394
35.756702 37.213245 3.600481 5.189651 193.890106 54.624985 0.166401 -0.366123 6.045109 0.086238
35.880718 37.819111 3.674619 5.142707 194.529968 55.013157 0.171921 -0.356026 6.110795 0.086560
36.003735 38.433159 3.759002 5.111899 195.181686 55.406746 0.176159 -0.332282 6.163655 0.086431
36.125748 39.033981 3.857048 5.055461 195.828323 55.795876 0.178552 -0.299223 6.200613 0.085417
36.260765 39.699684 3.973449 5.028947 196.549667 56.228039 0.181402 -0.255665 6.246510 0.086636
36.383781 40.309875 4.084545 5.055948 197.210526 56.624218 0.185771 -0.212221 6.279543 0.085968
36.508797 40.932064 4.193584 5.133507 197.885773 57.027355 0.191519 -0.160329 6.297800 0.085847
36.632813 41.546391 4.284978 5.304991 198.553391 57.423466 0.198504 -0.092363 6.317380 0.084576
36.757828 42.158840 4.336823 5.550900 199.239075 57.828651 0.206239 -0.002856 6.330110 0.080263
36.883842 42.740074 4.350464 5.870198 199.921677 58.231117 0.215495 0.092808 6.344896 0.075908
37.008858 43.292351 4.332580 6.248410 200.605133 58.635468 0.227107 0.174150 6.358600 0.071669
37.133873 43.823048 4.283849 6.612997 201.290085 59.039474 0.239169 0.230092 6.363336 0.069737
37.258888 44.348293 4.207602 7.047181 201.981613 59.446392 0.251386 0.266635 6.371751 0.067454
37.382904 44.848171 4.120621 7.522739 202.663162 59.846947 0.262847 0.295589 6.373668 0.064230
37.507919 45.325745 4.010710 7.998347 203.350220 60.250172 0.275237 0.322442 6.372378 0.059614
37.632935 45.771534 3.892808 8.472390 204.038147 60.653919 0.287623 0.342249 6.382145 0.057042
37.757950 46.201046 3.790612 8.896786 204.727463 61.057106 0.301357 0.349726 6.386166 0.054482
37.882965 46.600395 3.689147 9.278045 205.416595 61.459911 0.314464 0.346352 6.379261 0.051578
38.006981 46.974670 3.586301 9.737675 206.096924 61.859711 0.326871 0.336745 6.356359 0.046812
38.128994 47.304497 3.508075 10.172379 206.771484 62.255653 0.339409 0.321358 6.357395 0.040030
38.253010 47.595615 3.428673 10.604964 207.444351 62.651699 0.351491 0.291956 6.340042 0.035411
38.378025 47.853554 3.385023 11.042475 208.126266 63.054379 0.364683 0.235657 6.331847 0.030267
38.502041 48.077724 3.381862 11.419832 208.801285 63.453728 0.378907 0.146425 6.315100 0.026969
38.626057 48.271187 3.401599 11.753065 209.474640 63.852329 0.395254 0.028678 6.301807 0.023267
38.758076 48.450871 3.452047 12.093370 210.189041 64.275223 0.414422 -0.110365 6.283512 0.018623
38.880089 48.573914 3.526686 12.319109 210.852890 64.669174 0.430566 -0.234072 6.269445 0.013095
39.004105 48.657276 3.639609 12.472809 211.515335 65.063568 0.445914 -0.340737 6.266294 0.008409
39.126122 48.707245 3.752100 12.624307 212.171677 65.454819 0.461145 -0.424776 6.264284 0.003969
39.261139 48.724556 3.887601 12.710249 212.895462 65.889259 0.475379 -0.488005 6.247336 -0.000183
39.386154 48.703087 4.008860 12.713725 213.564667 66.293068 0.488729 -0.512837 6.257534 -0.005074
39.511169 48.644424 4.126123 12.685281 214.228531 66.695816 0.499883 -0.502331 6.263795 -0.009799
39.635185 48.551666 4.250317 12.619124 214.893463 67.100403 0.509199 -0.462693 6.286223 -0.014503
39.759201 48.428608 4.378335 12.523516 215.565384 67.509644 0.518429 -0.407806 6.300680 -0.017585
39.884216 48.269447 4.509610 12.383530 216.238922 67.920563 0.527093 -0.352471 6.321421 -0.023105
40.008232 48.070393 4.629138 12.178539 216.908600 68.330849 0.533779 -0.301533 6.342535 -0.027776
40.131245 47.842739 4.721931 11.941099 217.575073 68.739342 0.539552 -0.248545 6.362596 -0.031879
40.257259 47.589073 4.780233 11.684482 218.256088 69.155968 0.546018 -0.182308 6.398264 -0.032835
40.382275 47.324440 4.799785 11.454944 218.944290 69.577904 0.553246 -0.100571 6.413605 -0.036090
40.507290 47.034081 4.785261 11.232189 219.623383 69.996620 0.560212 -0.014126 6.452883 -0.038831
40.633305 46.723820 4.741504 10.973048 220.318130 70.425400 0.568552 0.070137 6.492604 -0.040141
40.758320 46.397636 4.671645 10.627903 221.017273 70.855789 0.576952 0.148827 6.527060 -0.041754
40.883335 46.072655 4.587047 10.278208 221.714279 71.285690 0.586594 0.230366 6.566881 -0.041666
41.008350 45.727489 4.498350 9.901211 222.415924 71.718231 0.596457 0.323606 6.605641 -0.045010
41.133366 45.369877 4.411458 9.538803 223.121674 72.152931 0.606190 0.423761 6.645796 -0.047067
41.259380 44.997528 4.298872 9.197968 223.831924 72.589470 0.613623 0.512470 6.686472 -0.049295
41.383396 44.615944 4.176016 8.865805 224.547638 73.027336 0.619304 0.569911 6.730506 -0.049440
41.508411 44.221195 4.065645 8.532769 225.268692 73.467773 0.623283 0.587045 6.783040 -0.052392
41.633427 43.805111 3.968602 8.239811 225.995712 73.911034 0.624913 0.567925 6.828173 -0.055825
41.755432 43.386810 3.895748 8.009901 226.715149 74.350517 0.625248 0.523765 6.877110 -0.056964
41.878448 42.967575 3.836606 7.797198 227.433578 74.789551 0.624133 0.463572 6.923037 -0.058866
42.002464 42.527725 3.795474 7.586141 228.170197 75.238838 0.620112 0.391126 6.982063 -0.060604
42.127480 42.074562 3.772179 7.388167 228.912796 75.691208 0.614041 0.310452 7.033270 -0.063053
42.251495 41.603977 3.773103 7.197023 229.666122 76.150078 0.607359 0.223420 7.072889 -0.064567
42.376511 41.128712 3.808090 7.052461 230.424820 76.610786 0.600969 0.132553 7.116630 -0.065370
42.501526 40.656567 3.872147 7.034081 231.181000 77.070488 0.592973 0.039262 7.154765 -0.066780
42.626541 40.184875 3.982243 7.079104 231.953110 77.541550 0.583479 -0.059435 7.187733 -0.065929
42.751556 39.734867 4.115337 7.150177 232.716080 78.006866 0.573464 -0.162361 7.221752 -0.062739
42.876572 39.292053 4.278845 7.207784 233.494980 78.480576 0.561772 -0.274520 7.247021 -0.061890
43.002586 38.842220 4.450331 7.253019 234.270691 78.952003 0.550785 -0.391504 7.275659 -0.064336
43.127602 38.386063 4.616482 7.248527 235.049286 79.424713 0.540280 -0.505356 7.299412 -0.063169
43.252617 37.925308 4.779613 7.218121 235.831100 79.898125 0.529496 -0.600695 7.323434 -0.064795
43.376633 37.461262 4.919549 7.203635 236.616592 80.372482 0.520388 -0.662048 7.355793 -0.064150
43.511650 36.958195 5.039125 7.155601 237.470413 80.883430 0.510099 -0.680892 7.379959 -0.065585
43.633667 36.498322 5.097442 7.071400 238.245728 81.344467 0.499449 -0.658381 7.400472 -0.064038
43.758682 36.040161 5.130298 6.923382 239.042038 81.817039 0.488537 -0.605625 7.418556 -0.060994
43.884697 35.589767 5.101387 6.753309 239.847168 82.293388 0.476950 -0.530500 7.437726 -0.058482
44.010712 35.158035 5.032906 6.540700 240.654251 82.770157 0.465436 -0.437527 7.440469 -0.056053
44.136726 34.745895 4.935873 6.283185 241.455719 83.243752 0.452569 -0.328696 7.454613 -0.053177
44.261742 34.340668 4.822846 6.037630 242.266174 83.721832 0.440749 -0.203683 7.471753 -0.052814
44.386757 33.959526 4.700058 5.751524 243.073135 84.196045 0.430005 -0.068069 7.494381 -0.049395
44.512772 33.592228 4.571948 5.488077 243.882477 84.670120 0.420013 0.071682 7.507951 -0.046912
44.636787 33.236317 4.441577 5.160294 244.693481 85.143097 0.410936 0.203524 7.513111 -0.044588
44.761803 32.892193 4.303422 4.764033 245.506012 85.614494 0.402510 0.314045 7.518953 -0.042916
44.886818 32.559757 4.157862 4.394185 246.318512 86.086304 0.393956 0.395670 7.520723 -0.041457
45.011833 32.247635 4.020822 4.013768 247.132462 86.556114 0.384799 0.452652 7.516719 -0.038499
45.136848 31.953060 3.896288 3.619640 247.946518 87.024292 0.376354 0.497058 7.506365 -0.035859
45.261864 31.684330 3.793390 3.250596 248.759796 87.492538 0.367971 0.538248 7.504792 -0.032071
45.386879 31.451061 3.695450 2.933732 249.566177 87.955727 0.360361 0.575692 7.493658 -0.028500
45.510895 31.244455 3.603770 2.615693 250.377502 88.421280 0.352372 0.603058 7.479711 -0.024200
45.634911 31.068489 3.516061 2.344808 251.180786 88.880493 0.344688 0.613748 7.454903 -0.020270
45.759926 30.918791 3.442303 2.045454 251.983124 89.337227 0.336247 0.604908 7.437481 -0.018058
45.883942 30.780807 3.357151 1.703174 252.790207 89.795044 0.326771 0.571905 7.416374 -0.015223
46.007957 30.671768 3.277203 1.354061 253.589417 90.247055 0.315487 0.507875 7.395041 -0.010536
46.131973 30.594439 3.207542 1.065822 254.387527 90.696342 0.303523 0.407184 7.376286 -0.007229
46.255989 30.544151 3.141627 0.823073 255.182892 91.144478 0.292899 0.270793 7.350660 -0.003036
46.381004 30.528870 3.064253 0.636946 255.975967 91.591415 0.282626 0.107863 7.331870 0.001091
46.506020 30.550194 2.985975 0.468844 256.773102 92.041199 0.274030 -0.070361 7.317300 0.005907
46.630035 30.600832 2.910391 0.333842 257.568665 92.489067 0.265577 -0.250824 7.288935 0.010880
46.756050 30.695177 2.847401 0.266375 258.360321 92.934761 0.256520 -0.422937 7.256412 0.014841
46.880066 30.824924 2.801088 0.264412 259.149109 93.378990 0.246207 -0.577145 7.232165 0.020087
47.005081 30.983175 2.740308 0.247841 259.933990 93.822090 0.235287 -0.704799 7.196736 0.023731
47.129097 31.170845 2.666452 0.277820 260.708069 94.259888 0.223788 -0.795939 7.152945 0.026834
47.254112 31.382462 2.572163 0.383754 261.477081 94.695656 0.213040 -0.840486 7.110499 0.031071
47.379128 31.638441 2.488683 0.545236 262.247162 95.131714 0.202042 -0.826695 7.057551 0.037629
47.503143 31.933420 2.400756 0.722633 263.012726 95.565521 0.192342 -0.748680 7.023329 0.043098
47.628159 32.274960 2.304546 0.991904 263.773010 95.998245 0.183337 -0.612562 6.980906 0.049135
47.754173 32.657776 2.212654 1.327238 264.528595 96.429451 0.174233 -0.434451 6.942607 0.054402
47.878189 33.081619 2.133808 1.677858 265.278473 96.858894 0.165158 -0.233961 6.889289 0.059210
48.003204 33.546997 2.056969 2.004366 266.022278 97.286545 0.155641 -0.030725 6.846120 0.065768
48.129219 34.050140 1.987161 2.319475 266.765472 97.716286 0.145979 0.155811 6.792084 0.070406
48.255234 34.582699 1.914391 2.648108 267.497009 98.141853 0.137775 0.303106 6.756048 0.073782
48.380249 35.145054 1.837563 2.966892 268.229126 98.569847 0.131217 0.400951 6.714112 0.078281
48.505264 35.723022 1.758037 3.236579 268.948730 98.994179 0.124918 0.450390 6.655319 0.081688
48.630280 36.334808 1.685491 3.511976 269.660126 99.418404 0.116691 0.465090 6.602392 0.086027
48.756294 36.982620 1.634916 3.792814 270.369965 99.845070 0.107085 0.457812 6.545620 0.090386
48.881310 37.653740 1.593123 4.085067 271.066284 100.266617 0.097430 0.434904 6.483642 0.093508
49.006325 38.345192 1.560068 4.412489 271.752686 100.687607 0.087947 0.400246 6.408281 0.097174
49.132339 39.061340 1.530725 4.741187 272.429108 101.108749 0.077882 0.360359 6.349788 0.099270
49.256355 39.800152 1.516521 5.057106 273.096497 101.529350 0.068165 0.321319 6.285041 0.103110
49.379372 40.555676 1.526076 5.349348 273.744385 101.943924 0.059051 0.282178 6.232575 0.108897
49.502388 41.343418 1.536193 5.590401 274.384338 102.358391 0.048779 0.235105 6.178077 0.112273
49.627403 42.169621 1.570300 5.823134 275.025482 102.780067 0.037053 0.177183 6.113751 0.115589
49.752419 43.024002 1.631858 6.066935 275.656799 103.202827 0.026820 0.118909 6.053831 0.120019
49.877434 43.906307 1.722391 6.289643 276.274719 103.622345 0.019905 0.073967 5.998335 0.125239
50.002449 44.819717 1.847693 6.505900 276.889404 104.044937 0.015469 0.042851 5.944029 0.127648
50.127464 45.760986 2.008738 6.743712 277.495544 104.467194 0.012407 0.012707 5.885226 0.133750
50.253479 46.757240 2.178907 7.025502 278.097473 104.892105 0.009134 -0.030674 5.821288 0.138850
50.377495 47.794483 2.363460 7.419759 278.684082 105.313232 0.005798 -0.085556 5.746103 0.144553
50.513512 48.945858 2.573150 7.898283 279.307007 105.765663 0.001931 -0.142028 5.672488 0.146967
50.637527 50.029999 2.764474 8.400777 279.874512 106.182037 -0.003299 -0.179392 5.602227 0.149122
50.762543 51.120327 2.954004 8.987698 280.429047 106.593407 -0.009956 -0.203053 5.542428 0.149286
50.886559 52.221218 3.134316 9.632224 280.980164 107.005951 -0.017851 -0.221344 5.480216 0.147574
51.008575 53.295750 3.278990 10.263815 281.511017 107.406044 -0.025422 -0.238917 5.423799 0.149986
51.133591 54.394012 3.422771 10.998954 282.043182 107.810974 -0.031552 -0.255902 5.370947 0.148091
51.258606 55.506985 3.566364 11.825926 282.577850 108.220024 -0.034961 -0.269683 5.323118 0.146210
51.383621 56.594795 3.697096 12.621346 283.102844 108.622124 -0.036162 -0.277868 5.268850 0.144313
51.508636 57.672459 3.823767 13.457394 283.620544 109.021065 -0.033821 -0.279405 5.208272 0.142863
51.633652 58.742626 3.928823 14.359235 284.132263 109.416740 -0.026120 -0.273010 5.152845 0.139881
51.758667 59.791969 4.023359 15.276408 284.640320 109.808258 -0.011973 -0.258782 5.121185 0.135854
51.883682 60.808819 4.110776 16.212765 285.142273 110.191635 0.008233 -0.239207 5.072424 0.131759
52.009697 61.823402 4.181741 17.210865 285.648621 110.575554 0.034012 -0.215553 5.017265 0.129560
52.134712 62.815994 4.223218 18.243549 286.148163 110.950722 0.065798 -0.185590 4.984485 0.126544
52.257729 63.770279 4.237661 19.239088 286.640930 111.317162 0.100437 -0.140770 4.932768 0.122356
52.380741 64.684433 4.224303 20.195839 287.126984 111.674599 0.137688 -0.072002 4.886187 0.117816
52.503757 65.569046 4.185520 21.116047 287.610992 112.026772 0.176321 0.023373 4.854832 0.113831
52.636776 66.485313 4.096053 22.050396 288.132080 112.402985 0.219945 0.146159 4.815012 0.109416
52.759789 67.298454 3.983459 22.858192 288.612274 112.746147 0.260527 0.258226 4.783308 0.105859
52.881802 68.073845 3.838448 23.594645 289.082703 113.079086 0.300178 0.347453 4.753339 0.102946
53.003819 68.832115 3.678903 24.347216 289.557617 113.414619 0.340283 0.405484 4.713601 0.099830
53.136837 69.617813 3.502418 25.067400 290.067291 113.773804 0.381392 0.430567 4.666920 0.095010
53.258854 70.292374 3.354211 25.649096 290.532349 114.099930 0.417279 0.427044 4.644920 0.089479
53.381870 70.934601 3.204701 26.154814 290.997559 114.426369 0.451392 0.406426 4.604371 0.084150
53.503887 71.521614 3.052604 26.585070 291.455505 114.748825 0.484503 0.374919 4.585553 0.078176
53.636906 72.113358 2.914606 26.944828 291.951569 115.098824 0.519663 0.332025 4.550457 0.072432
53.759922 72.613678 2.791726 27.172882 292.402405 115.418549 0.551910 0.286324 4.513598 0.067101
53.881939 73.069710 2.672793 27.338367 292.851166 115.740646 0.585054 0.232234 4.472999 0.060427
54.005951 73.478920 2.548406 27.399401 293.297150 116.064896 0.616973 0.163372 4.430303 0.054177
54.127968 73.833946 2.429137 27.412134 293.727478 116.384850 0.647304 0.077405 4.368915 0.048391
54.261986 74.175888 2.304067 27.342716 294.190674 116.738297 0.679625 -0.033693 4.331488 0.041931
54.383003 74.444061 2.206902 27.178768 294.601410 117.060349 0.707555 -0.135879 4.307043 0.037660
54.506020 74.686699 2.117094 26.853199 295.012390 117.391518 0.734874 -0.227046 4.279068 0.033842
54.631035 74.899467 2.037803 26.318180 295.419464 117.729370 0.758421 -0.296978 4.258232 0.031533
54.755051 75.079773 1.973178 25.603493 295.822693 118.075279 0.777773 -0.344539 4.242719 0.026658
54.880066 75.222595 1.914297 24.759819 296.217499 118.427582 0.792389 -0.371959 4.227787 0.022605
55.005081 75.340782 1.843044 23.765379 296.602234 118.787552 0.800835 -0.381592 4.210578 0.018936
55.131096 75.435188 1.779443 22.577511 296.979919 119.159164 0.801386 -0.373897 4.205340 0.016980
55.257111 75.502548 1.708940 21.156702 297.348358 119.539642 0.794772 -0.350454 4.203171 0.013953
55.383125 75.551651 1.649099 19.571405 297.706177 119.929993 0.779452 -0.315127 4.203362 0.012641
55.509140 75.587776 1.577738 17.832569 298.053192 120.331406 0.755982 -0.272354 4.214352 0.010484
55.636154 75.608818 1.469671 15.933449 298.388153 120.743713 0.722751 -0.225624 4.218362 0.009280
55.761169 75.623009 1.324296 13.871965 298.710602 121.167976 0.679852 -0.175743 4.237972 0.008386
55.887184 75.617302 1.137879 11.680401 299.018860 121.600204 0.629541 -0.122104 4.252541 0.003432
56.012199 75.593895 0.917628 9.421109 299.314240 122.043655 0.572020 -0.061225 4.272009 0.001522
56.137215 75.561256 0.662547 7.140308 299.597748 122.503288 0.507070 0.009564 4.301460 -0.001180
56.263229 75.518677 0.395378 4.892000 299.865753 122.972061 0.438511 0.088825 4.333175 -0.005186
56.387245 75.456985 0.121142 2.628229 300.121094 123.453110 0.366732 0.173564 4.377256 -0.008731
56.513260 75.380203 -0.173456 0.329479 300.365631 123.945679 0.294552 0.260080 4.417703 -0.011856
56.636276 75.283417 -0.486043 -1.890085 300.596466 124.446442 0.223431 0.344327 4.471697 -0.016983
56.760292 75.165092 -0.799397 -4.024579 300.817139 124.959038 0.153843 0.421024 4.520036 -0.022182
56.886307 75.026886 -1.107918 -6.140229 301.031952 125.485786 0.090142 0.478148 4.571215 -0.025755
57.010323 74.863037 -1.404024 -8.089225 301.237122 126.023300 0.035493 0.498642 4.625721 -0.031205
57.136337 74.650131 -1.668455 -9.903076 301.434540 126.571579 -0.005788 0.471740 4.685234 -0.039884
57.261353 74.390602 -1.887186 -11.487231 301.626404 127.134926 -0.033478 0.401305 4.747694 -0.044467
57.386368 74.118210 -2.053362 -12.761822 301.809387 127.698624 -0.047161 0.306994 4.801724 -0.044912
57.511383 73.840942 -2.159637 -13.694326 301.989563 128.281143 -0.044527 0.205142 4.864457 -0.042664
57.636398 73.571014 -2.182428 -14.242590 302.165222 128.867722 -0.026770 0.108157 4.923356 -0.039183
57.761414 73.318550 -2.109961 -14.362263 302.338776 129.456848 0.003643 0.014925 4.975411 -0.034441
57.886429 73.085289 -1.957662 -14.048672 302.513397 130.056961 0.046437 -0.081346 5.014222 -0.028332
58.011444 72.889328 -1.717753 -13.261006 302.688629 130.666977 0.097648 -0.183725 5.054756 -0.019904
58.136459 72.752861 -1.402038 -12.092484 302.862701 131.277252 0.150373 -0.288973 5.093259 -0.010461
58.261475 72.681732 -1.040841 -10.607268 303.038666 131.891586 0.200145 -0.390723 5.125594 -0.001422
58.386490 72.691620 -0.655300 -8.889140 303.217224 132.504501 0.242171 -0.475835 5.162682 0.008926
58.510506 72.787651 -0.255323 -6.917152 303.402100 133.126602 0.273715 -0.530803 5.213660 0.019508
58.635521 72.965225 0.143239 -4.805779 303.589752 133.749680 0.292337 -0.544711 5.271709 0.029163
58.759537 73.221680 0.527812 -2.636008 303.784943 134.383728 0.298995 -0.518036 5.333183 0.036734
58.881550 73.535385 0.863767 -0.469609 303.981049 135.008301 0.294143 -0.462121 5.388400 0.043481
59.005566 73.901772 1.155972 1.735299 304.186676 135.648712 0.278931 -0.386476 5.447559 0.048361
59.131580 74.324829 1.416178 3.972089 304.400635 136.300415 0.256276 -0.298739 5.513192 0.054105
59.256596 74.785141 1.634249 6.189794 304.622040 136.957458 0.230260 -0.202180 5.571848 0.057248
59.381611 75.285355 1.801441 8.293737 304.855347 137.624451 0.206229 -0.096513 5.632476 0.062008
59.506626 75.805016 1.931833 10.245069 305.094330 138.290909 0.188954 0.017157 5.685031 0.064378
59.631641 76.330704 2.023246 11.980631 305.342438 138.960266 0.181072 0.138333 5.730267 0.065515
59.756657 76.862473 2.078776 13.497015 305.595947 139.626663 0.184247 0.259132 5.763002 0.068271
59.880672 77.396294 2.096093 14.799053 305.858398 140.300476 0.201412 0.365477 5.799708 0.067781
60.005688 77.914223 2.087456 15.821001 306.125671 140.970444 0.230048 0.437570 5.827181 0.067391
