1.20 1.10 20 64
0.139000 0.013823 -0.101839 -0.014421 0.997795 0.001273 -0.151644 -0.758406 6.545328 0.002476
0.256000 0.017972 -0.303192 -0.056891 1.735800 0.002809 -0.136238 -0.777857 6.417141 -0.000751
0.389000 0.008477 -0.645571 -0.085876 2.579331 0.004759 -0.093801 -0.760208 6.294902 -0.002517
0.506000 -0.009928 -1.011932 -0.217836 3.309365 0.007940 -0.041244 -0.708887 6.204380 -0.004409
0.639000 -0.048375 -1.485642 -0.440585 4.127581 0.010156 0.029314 -0.615267 6.121869 -0.006169
0.756000 -0.081260 -1.942911 -0.641614 4.840229 0.011536 0.096056 -0.516207 6.077848 -0.005913
0.889000 -0.109156 -2.479774 -0.844644 5.651455 0.012921 0.168689 -0.394688 6.041166 -0.003972
1.006000 -0.130200 -2.909091 -1.000697 6.350934 0.013969 0.220835 -0.288646 6.020460 -0.003340
1.140000 -0.146160 -3.351164 -1.143768 7.157083 0.015596 0.264101 -0.164207 6.014649 -0.003177
1.256000 -0.173164 -3.672461 -1.272537 7.854698 0.017569 0.284054 -0.053508 6.014746 -0.005200
1.390000 -0.197586 -3.928193 -1.374423 8.660670 0.020452 0.287319 0.084487 6.017439 -0.003667
1.506000 -0.219242 -4.017085 -1.432562 9.363651 0.023805 0.273198 0.211837 5.998983 -0.004174
1.639999 -0.252588 -3.976665 -1.435478 10.158734 0.027179 0.240950 0.360152 5.964973 -0.004056
1.756999 -0.275645 -3.818153 -1.420208 10.853326 0.030843 0.199769 0.476823 5.918008 -0.003896
1.889999 -0.305845 -3.513382 -1.427433 11.636039 0.032894 0.144605 0.575814 5.860544 -0.003794
2.006999 -0.335103 -3.160561 -1.367666 12.316582 0.034005 0.093784 0.621155 5.785264 -0.003357
2.139999 -0.370311 -2.672908 -1.276964 13.084658 0.034155 0.038447 0.625740 5.698610 -0.003742
2.256999 -0.403985 -2.196357 -1.194176 13.739655 0.033735 -0.003314 0.600145 5.610532 -0.004485
2.389999 -0.450176 -1.622541 -1.030764 14.483452 0.034220 -0.042904 0.547014 5.508648 -0.005713
2.506999 -0.487377 -1.139155 -0.885068 15.116096 0.035206 -0.064647 0.488438 5.418162 -0.004949
2.640998 -0.528044 -0.635651 -0.776212 15.835647 0.034934 -0.077739 0.408525 5.338077 -0.004684
2.756998 -0.558924 -0.272630 -0.709799 16.455149 0.034052 -0.077582 0.332901 5.269987 -0.004868
2.890998 -0.583794 0.043333 -0.654811 17.151182 0.031552 -0.070133 0.246229 5.209869 -0.001811
3.007998 -0.605299 0.213152 -0.638236 17.757320 0.029750 -0.060294 0.177165 5.164125 -0.004568
3.140998 -0.629654 0.277800 -0.614399 18.442200 0.029276 -0.045540 0.103161 5.143592 -0.003049
3.257998 -0.653046 0.251471 -0.540473 19.043543 0.031794 -0.030238 0.038923 5.138035 -0.003745
3.390998 -0.681126 0.161153 -0.427356 19.727633 0.037060 -0.013154 -0.042757 5.149746 -0.003644
3.507998 -0.708157 0.038074 -0.343163 20.331041 0.041692 0.000369 -0.119951 5.164296 -0.004266
3.640997 -0.739658 -0.127643 -0.204469 21.024660 0.048200 0.012322 -0.211471 5.192353 -0.001964
3.757997 -0.755241 -0.244258 -0.045804 21.628843 0.054210 0.020389 -0.285874 5.218718 -0.003152
3.890997 -0.779286 -0.344290 0.171151 22.330017 0.060936 0.026916 -0.364924 5.245959 -0.003517
4.007997 -0.811712 -0.380248 0.338762 22.945511 0.065707 0.029040 -0.423413 5.273464 -0.005518
4.141998 -0.842126 -0.352910 0.541006 23.648422 0.072003 0.027822 -0.472803 5.295243 -0.004158
4.258998 -0.871784 -0.265092 0.684755 24.269405 0.078704 0.023802 -0.495702 5.314011 -0.004978
4.391999 -0.911480 -0.084604 0.781673 24.976704 0.086728 0.015318 -0.494703 5.323205 -0.003967
4.508999 -0.936846 0.137593 0.801636 25.599150 0.092678 0.005194 -0.473642 5.317347 -0.003316
4.642000 -0.959070 0.425099 0.844243 26.305702 0.099845 -0.007991 -0.437175 5.308974 -0.003311
4.759000 -0.993473 0.712880 0.830215 26.927153 0.105683 -0.019502 -0.398186 5.310925 -0.005899
4.876001 -1.033481 1.037928 0.771718 27.548367 0.111683 -0.030829 -0.355517 5.308933 -0.007016
5.009001 -1.092235 1.427610 0.660356 28.254517 0.115818 -0.040947 -0.295563 5.310004 -0.006681
5.126002 -1.135073 1.786573 0.581216 28.875563 0.119468 -0.047767 -0.229113 5.303942 -0.005323
5.259002 -1.181975 2.171642 0.469100 29.584797 0.123215 -0.050783 -0.129107 5.287948 -0.005471
5.376003 -1.224953 2.467348 0.354339 30.197563 0.126018 -0.051320 -0.021619 5.279055 -0.006164
5.510004 -1.277654 2.753449 0.192096 30.904322 0.127951 -0.051145 0.127790 5.269679 -0.006308
5.626004 -1.339804 2.972602 0.054530 31.521368 0.130315 -0.049549 0.264974 5.274641 -0.010267
5.760005 -1.433480 3.175544 -0.053962 32.223782 0.133146 -0.044866 0.409335 5.287669 -0.012912
5.876005 -1.517738 3.301262 -0.176064 32.843002 0.136730 -0.037823 0.502714 5.296792 -0.011349
6.010005 -1.614656 3.398112 -0.320476 33.554287 0.140761 -0.027523 0.560927 5.317534 -0.011608
6.127006 -1.701226 3.436909 -0.429088 34.173225 0.142095 -0.017678 0.569910 5.348847 -0.011567
6.260006 -1.800694 3.456074 -0.502805 34.887291 0.144064 -0.006531 0.542824 5.383225 -0.011790
6.377007 -1.874171 3.459255 -0.514077 35.519779 0.145883 0.003133 0.493969 5.420742 -0.010980
6.510007 -1.959274 3.454823 -0.520519 36.249596 0.146730 0.013537 0.412557 5.465578 -0.011560
6.627008 -2.036831 3.443467 -0.575675 36.887062 0.146717 0.020916 0.326170 5.510260 -0.010607
6.760008 -2.122047 3.435621 -0.602519 37.629112 0.146969 0.026933 0.216049 5.558017 -0.011828
6.878009 -2.193194 3.445884 -0.564202 38.282700 0.147887 0.030276 0.125261 5.602553 -0.010783
7.011010 -2.266822 3.465029 -0.521498 39.031433 0.147592 0.032720 0.032375 5.648916 -0.009695
7.127010 -2.320100 3.486558 -0.507170 39.696152 0.144228 0.035187 -0.038930 5.699140 -0.007301
7.261011 -2.387041 3.546986 -0.537593 40.457619 0.139541 0.037686 -0.110309 5.742515 -0.007603
7.378011 -2.446930 3.642608 -0.590624 41.132919 0.134801 0.040211 -0.160245 5.792152 -0.008458
7.511012 -2.506838 3.786886 -0.642659 41.905560 0.129879 0.043402 -0.193075 5.821811 -0.006892
7.628012 -2.555181 3.925224 -0.615022 42.587891 0.125855 0.046143 -0.201715 5.841732 -0.007872
7.761013 -2.628705 4.094167 -0.540925 43.372459 0.121673 0.050730 -0.198096 5.865258 -0.010579
7.878013 -2.690661 4.250916 -0.450295 44.054195 0.117792 0.056402 -0.195876 5.882787 -0.010042
8.011013 -2.781604 4.428415 -0.357555 44.843903 0.112001 0.061785 -0.195194 5.899656 -0.014229
8.128014 -2.866934 4.566263 -0.284858 45.528980 0.107291 0.066822 -0.191933 5.908302 -0.013976
8.262014 -2.961846 4.691190 -0.189475 46.322033 0.101527 0.072759 -0.183561 5.925784 -0.013770
8.378015 -3.052776 4.749021 -0.069907 47.016598 0.095360 0.077407 -0.179231 5.946664 -0.015098
8.512015 -3.133486 4.757405 0.027625 47.808899 0.087086 0.082119 -0.186190 5.969038 -0.010622
8.629016 -3.202553 4.710505 0.124694 48.508297 0.079633 0.086391 -0.200844 5.986466 -0.011339
8.762016 -3.270861 4.599226 0.241365 49.306549 0.071403 0.089456 -0.215801 6.013241 -0.009547
8.879016 -3.328648 4.448790 0.307718 50.018024 0.062793 0.092181 -0.220228 6.041312 -0.008264
9.012016 -3.387784 4.243707 0.353648 50.823582 0.050877 0.093602 -0.212306 6.077440 -0.008805
9.129017 -3.446309 4.041994 0.379295 51.531029 0.039482 0.095309 -0.195560 6.111829 -0.009726
9.262017 -3.506311 3.805413 0.366813 52.353691 0.023850 0.099956 -0.160228 6.159789 -0.008475
9.379018 -3.565118 3.614695 0.259374 53.070641 0.009613 0.105669 -0.113433 6.195293 -0.007511
9.514019 -3.635365 3.400593 0.111818 53.909260 -0.007013 0.113260 -0.039239 6.227130 -0.009319
9.630020 -3.706001 3.218184 -0.017863 54.634285 -0.022296 0.120504 0.029340 6.264224 -0.009299
9.763021 -3.791225 3.026265 -0.133486 55.469635 -0.039895 0.130949 0.099895 6.289300 -0.011395
9.879021 -3.880819 2.892834 -0.297697 56.207230 -0.056372 0.142321 0.145098 6.315921 -0.012393
10.013021 -3.985216 2.771175 -0.408860 57.049335 -0.074176 0.155569 0.180318 6.348153 -0.012625
10.130022 -4.063686 2.691236 -0.444081 57.792725 -0.090067 0.164855 0.202763 6.359155 -0.010558
10.263022 -4.149877 2.649132 -0.538367 58.638714 -0.109228 0.171148 0.224886 6.364259 -0.009878
10.380023 -4.223167 2.624309 -0.639245 59.383785 -0.128708 0.174212 0.238939 6.375130 -0.010007
10.513023 -4.293990 2.616003 -0.805760 60.237377 -0.152443 0.173793 0.241483 6.372717 -0.008386
10.630024 -4.345944 2.608785 -0.942943 60.983559 -0.174837 0.170301 0.233173 6.386332 -0.005653
10.763024 -4.386661 2.595803 -1.093787 61.833450 -0.201317 0.164039 0.221469 6.398930 -0.004010
10.880025 -4.414578 2.584115 -1.237807 62.582897 -0.226393 0.156906 0.217086 6.414422 -0.002237
11.014026 -4.451439 2.570444 -1.448548 63.435734 -0.257816 0.151641 0.213089 6.420234 -0.003340
11.131026 -4.484555 2.551244 -1.645894 64.186676 -0.285585 0.148996 0.199388 6.424134 -0.003464
11.264027 -4.508698 2.511586 -1.871663 65.048035 -0.318027 0.148374 0.162484 6.435290 -0.001778
11.381027 -4.525041 2.465755 -2.014194 65.794388 -0.346075 0.151227 0.117803 6.441873 -0.001659
11.514028 -4.543936 2.409994 -2.152036 66.649651 -0.379674 0.157334 0.064734 6.438958 -0.001410
11.631028 -4.550715 2.327997 -2.154936 67.402229 -0.410226 0.162417 0.019849 6.436427 -0.000553
11.764029 -4.550797 2.220714 -2.113513 68.265114 -0.447591 0.171600 -0.041389 6.449636 0.000600
11.881029 -4.549079 2.106572 -2.039819 69.013390 -0.481087 0.181766 -0.111011 6.461135 -0.001017
12.015030 -4.552205 1.959680 -1.918869 69.879448 -0.520283 0.193890 -0.202700 6.472754 -0.000385
12.131030 -4.565514 1.843752 -1.778721 70.629524 -0.555087 0.204474 -0.270585 6.475719 -0.003024
12.265031 -4.591711 1.686591 -1.588104 71.496262 -0.597517 0.213988 -0.312627 6.477393 -0.003785
12.382031 -4.617953 1.555873 -1.398941 72.254021 -0.634919 0.219380 -0.313017 6.484177 -0.005384
12.515031 -4.657084 1.419194 -1.099379 73.115929 -0.676745 0.222847 -0.282846 6.490248 -0.006679
12.632031 -4.699110 1.327366 -0.872117 73.874252 -0.714798 0.224082 -0.245597 6.489219 -0.006498
12.765032 -4.726947 1.219115 -0.637413 74.736176 -0.757606 0.224076 -0.202629 6.485138 -0.003317
12.882032 -4.747996 1.109087 -0.415401 75.493828 -0.795652 0.221662 -0.166839 6.476399 -0.004180
13.016033 -4.779544 0.978556 -0.140297 76.361496 -0.840641 0.219099 -0.120882 6.484268 -0.005969
13.132033 -4.810106 0.883802 0.159655 77.113167 -0.879919 0.216984 -0.072951 6.489689 -0.004846
13.266034 -4.833358 0.788648 0.512518 77.981400 -0.926185 0.217784 -0.005008 6.487574 -0.003100
13.382034 -4.847599 0.728012 0.800989 78.738930 -0.966784 0.220952 0.060128 6.483265 -0.003012
13.516035 -4.861485 0.675167 1.144488 79.599968 -1.011777 0.226054 0.131279 6.482616 -0.000619
13.632035 -4.867414 0.656017 1.343660 80.357376 -1.054824 0.233741 0.178379 6.486609 -0.001574
13.766036 -4.867512 0.657269 1.597450 81.218117 -1.105904 0.245348 0.207709 6.481819 0.000432
13.883037 -4.869233 0.680687 1.803041 81.975075 -1.151412 0.256188 0.212608 6.479615 0.000435
14.016037 -4.855240 0.736170 1.970707 82.835213 -1.202948 0.268476 0.201177 6.475714 0.001320
14.133038 -4.832508 0.798341 2.020972 83.590935 -1.248577 0.278169 0.180377 6.464577 0.003802
14.266038 -4.810813 0.851108 2.007363 84.454254 -1.301365 0.287821 0.147806 6.446019 0.002627
14.383039 -4.790567 0.873460 1.977098 85.200134 -1.347495 0.294312 0.114947 6.438627 0.002465
14.516039 -4.769271 0.875902 1.865405 86.061569 -1.399872 0.298610 0.079358 6.439794 0.003077
14.633039 -4.743548 0.851382 1.747572 86.814507 -1.442701 0.297846 0.056915 6.445428 0.004771
14.767040 -4.707253 0.780044 1.593676 87.671265 -1.490633 0.292769 0.040555 6.459879 0.005283
14.883040 -4.673235 0.694064 1.417782 88.426216 -1.532954 0.286728 0.030456 6.465232 0.005607
15.017041 -4.628903 0.552637 1.133102 89.285843 -1.580799 0.278545 0.018216 6.479290 0.006863
15.133041 -4.573562 0.403622 0.836173 90.044197 -1.622662 0.271748 0.005235 6.497648 0.008298
15.267042 -4.517926 0.219736 0.457465 90.907814 -1.670271 0.266926 -0.014071 6.505644 0.006981
15.384043 -4.468458 0.057676 0.098843 91.667534 -1.712014 0.266538 -0.038639 6.504190 0.007797
15.517043 -4.396257 -0.103707 -0.310420 92.531288 -1.758232 0.268654 -0.078778 6.506071 0.010369
15.634044 -4.316940 -0.232783 -0.625024 93.292053 -1.797055 0.272943 -0.121267 6.510923 0.013191
15.752044 -4.219327 -0.361224 -0.893610 94.059151 -1.834744 0.280216 -0.160836 6.510040 0.015429
15.885044 -4.109097 -0.477693 -1.176852 94.923462 -1.877594 0.293856 -0.192986 6.503504 0.013159
16.002045 -4.016997 -0.554732 -1.393908 95.683136 -1.915185 0.307259 -0.205204 6.497824 0.013726
16.136047 -3.910939 -0.632978 -1.628475 96.552399 -1.955333 0.322095 -0.201840 6.489777 0.013631
16.252050 -3.818926 -0.660411 -1.829767 97.304008 -1.989435 0.334819 -0.185021 6.483499 0.014305
16.385054 -3.688726 -0.683879 -1.991526 98.171936 -2.029688 0.348359 -0.150703 6.485082 0.018364
16.502056 -3.569490 -0.695826 -2.107156 98.929298 -2.063162 0.358327 -0.112526 6.477133 0.017452
16.636059 -3.440152 -0.696551 -2.175584 99.790848 -2.098927 0.366441 -0.065270 6.485919 0.016738
16.752062 -3.331014 -0.714139 -2.209543 100.549469 -2.130353 0.369719 -0.026443 6.495301 0.015820
16.886065 -3.198730 -0.734053 -2.222948 101.413292 -2.164133 0.369357 0.013529 6.501885 0.019030
17.003067 -3.063857 -0.726142 -2.208855 102.174461 -2.192366 0.365884 0.043605 6.514812 0.019209
17.136070 -2.902359 -0.704480 -2.136524 103.041771 -2.221845 0.361274 0.072993 6.532726 0.022343
17.253073 -2.750437 -0.691302 -2.024728 103.805954 -2.247420 0.356119 0.098415 6.538335 0.023172
17.386076 -2.562602 -0.685446 -1.853701 104.682259 -2.277673 0.348086 0.129421 6.547447 0.025640
17.503078 -2.385710 -0.691475 -1.687721 105.441750 -2.304442 0.341556 0.159013 6.557155 0.027409
17.636082 -2.164123 -0.681016 -1.501610 106.320641 -2.334025 0.334124 0.193057 6.562404 0.030164
17.753084 -1.966354 -0.672416 -1.248073 107.087593 -2.359332 0.328178 0.218239 6.559699 0.029992
17.887087 -1.743775 -0.686286 -0.922746 107.959915 -2.387969 0.323564 0.241428 6.566314 0.028874
18.003090 -1.546495 -0.705826 -0.676429 108.727837 -2.413543 0.322958 0.250490 6.566513 0.029919
18.137093 -1.333388 -0.727216 -0.351702 109.601616 -2.438941 0.323294 0.238714 6.576250 0.027875
18.254095 -1.157246 -0.759230 -0.069833 110.370163 -2.458848 0.325094 0.199238 6.573618 0.026375
18.387098 -0.968372 -0.789348 0.231128 111.245186 -2.480193 0.329739 0.117678 6.584885 0.025254
18.504101 -0.799910 -0.805340 0.417232 112.016266 -2.498041 0.336586 0.025015 6.594083 0.026398
18.637104 -0.604922 -0.814316 0.579988 112.900665 -2.517540 0.347011 -0.090447 6.608362 0.024795
18.754107 -0.446449 -0.812331 0.702588 113.668510 -2.533805 0.357085 -0.179131 6.626502 0.024242
18.888109 -0.254833 -0.799903 0.785091 114.557533 -2.551956 0.369167 -0.253513 6.643496 0.024905
19.004112 -0.089039 -0.780921 0.841832 115.335098 -2.566693 0.380524 -0.282671 6.651751 0.024632
19.138115 0.095058 -0.783800 0.885499 116.220451 -2.581542 0.389918 -0.271686 6.664312 0.024199
19.255117 0.259878 -0.771601 0.877183 117.000664 -2.593604 0.396155 -0.230009 6.672714 0.025169
19.388121 0.436809 -0.754382 0.796698 117.888000 -2.606154 0.399368 -0.157273 6.674316 0.022071
19.505123 0.584555 -0.735049 0.682568 118.670532 -2.614770 0.398326 -0.080890 6.697166 0.021291
19.638126 0.747185 -0.716070 0.580786 119.569664 -2.622947 0.392721 0.012700 6.718386 0.020872
19.755129 0.882185 -0.675640 0.495035 120.351021 -2.628602 0.385243 0.086154 6.746415 0.019518
19.889132 1.025395 -0.620598 0.380387 121.257545 -2.631524 0.373890 0.142400 6.773852 0.017410
20.005135 1.128525 -0.563046 0.264426 122.050667 -2.631628 0.363863 0.155946 6.784711 0.014933
20.139137 1.230296 -0.469010 0.095790 122.954376 -2.629311 0.351593 0.136543 6.799847 0.013153
20.256140 1.327298 -0.352528 -0.031271 123.751610 -2.626177 0.341842 0.105250 6.822722 0.015254
20.389143 1.441846 -0.182628 -0.152152 124.659584 -2.621757 0.331991 0.069626 6.832685 0.014802
20.506145 1.532383 0.010620 -0.237523 125.459702 -2.615723 0.327109 0.040749 6.838973 0.012800
20.639149 1.632336 0.260642 -0.415639 126.375671 -2.608449 0.327808 0.006673 6.837191 0.014274
20.756151 1.722659 0.505643 -0.553874 127.168030 -2.601813 0.331016 -0.022525 6.831234 0.013506
20.889154 1.816109 0.798733 -0.703849 128.082855 -2.593234 0.338353 -0.049350 6.827423 0.011983
21.006157 1.884332 1.022434 -0.809456 128.874420 -2.583442 0.346758 -0.061534 6.824417 0.010703
21.140160 1.965098 1.235531 -0.917339 129.787659 -2.570560 0.357851 -0.063960 6.809616 0.010704
21.256163 2.033101 1.379983 -0.966733 130.585236 -2.558651 0.368065 -0.057003 6.816956 0.009514
21.390165 2.098102 1.504338 -0.984497 131.493149 -2.545004 0.374374 -0.042708 6.832816 0.007862
21.507168 2.145308 1.565396 -0.956847 132.293350 -2.532556 0.376959 -0.028350 6.849344 0.006186
21.640171 2.181366 1.599316 -0.936833 133.206100 -2.516763 0.376588 -0.017039 6.877523 0.003964
21.757174 2.216756 1.592846 -0.955272 134.011749 -2.502589 0.372881 -0.017419 6.895850 0.006261
21.890177 2.272552 1.551397 -0.976338 134.937546 -2.484135 0.364983 -0.034784 6.917361 0.008319
22.007179 2.312798 1.495135 -1.011172 135.741791 -2.466630 0.358254 -0.062488 6.948127 0.005440
22.140182 2.342023 1.414795 -1.057959 136.674591 -2.445378 0.349736 -0.104423 6.977043 0.002939
22.257185 2.348645 1.308040 -1.172762 137.484711 -2.427238 0.342337 -0.137738 6.991680 0.001582
22.391188 2.370186 1.169469 -1.254588 138.423477 -2.405513 0.334439 -0.165605 7.019565 0.004649
22.507191 2.404040 1.050166 -1.257924 139.245438 -2.386206 0.329862 -0.177374 7.031838 0.004968
22.641193 2.448215 0.939856 -1.175761 140.181107 -2.363835 0.328394 -0.176097 7.045662 0.006604
22.757196 2.483150 0.860296 -1.092115 141.007675 -2.345293 0.328311 -0.162258 7.077450 0.005048
22.891199 2.522252 0.810934 -0.969477 141.951462 -2.323585 0.330733 -0.123910 7.107914 0.005771
23.008202 2.568189 0.791534 -0.835254 142.784332 -2.303844 0.335034 -0.068813 7.131945 0.007368
23.141205 2.638649 0.801156 -0.639699 143.734909 -2.280781 0.339614 0.015556 7.156357 0.009463
23.258207 2.706742 0.836925 -0.508791 144.572556 -2.260489 0.341465 0.094953 7.164341 0.010332
23.391211 2.795830 0.925637 -0.289631 145.533524 -2.238104 0.341181 0.181865 7.177529 0.011758
23.508213 2.876310 1.028996 -0.068999 146.365891 -2.219183 0.341183 0.248060 7.174958 0.011094
23.641216 2.981144 1.177517 0.230969 147.326813 -2.194231 0.342025 0.311246 7.166411 0.013682
23.758219 3.080703 1.328655 0.507612 148.157303 -2.170931 0.339401 0.348190 7.162579 0.013366
23.892221 3.183833 1.516303 0.823597 149.117615 -2.144063 0.332191 0.363581 7.168031 0.013075
24.008224 3.284382 1.693901 1.047109 149.956360 -2.120761 0.324370 0.354571 7.173061 0.015129
24.142227 3.405799 1.882490 1.230830 150.910126 -2.093171 0.313210 0.328447 7.180234 0.014523
24.259230 3.507158 2.028218 1.355514 151.748779 -2.068426 0.302012 0.296136 7.164755 0.014247
24.392233 3.620356 2.180304 1.488382 152.700745 -2.038725 0.288486 0.248854 7.160923 0.014961
24.509235 3.725654 2.296412 1.611643 153.537994 -2.010870 0.276724 0.194688 7.156436 0.014618
24.642239 3.839075 2.433832 1.746251 154.489090 -1.976806 0.263278 0.124879 7.157327 0.013986
24.759241 3.936172 2.536275 1.780360 155.326431 -1.946420 0.253474 0.069966 7.165928 0.014777
24.876244 4.042172 2.617249 1.787489 156.164825 -1.914669 0.246129 0.029752 7.178642 0.016143
25.009247 4.164433 2.675809 1.763401 157.120361 -1.876799 0.240312 -0.004555 7.198829 0.014926
25.126249 4.263049 2.691280 1.789006 157.962585 -1.840082 0.238616 -0.039712 7.211350 0.014646
25.259253 4.370872 2.719378 1.819547 158.928635 -1.794553 0.240362 -0.105064 7.220678 0.013585
25.376255 4.453559 2.750292 1.805773 159.766571 -1.755544 0.244909 -0.183483 7.239268 0.012167
25.510258 4.550343 2.764522 1.792450 160.737015 -1.709379 0.251897 -0.287059 7.259310 0.012576
25.626261 4.648779 2.781797 1.831487 161.585876 -1.666474 0.258450 -0.371003 7.269269 0.014246
25.760263 4.756129 2.835002 1.798412 162.552750 -1.616900 0.264952 -0.446434 7.289197 0.014212
25.877266 4.865195 2.876899 1.781088 163.405106 -1.571256 0.268655 -0.490513 7.301112 0.016070
26.010269 4.972197 2.954053 1.744899 164.376236 -1.516539 0.269398 -0.514023 7.322124 0.013545
26.127272 5.045461 3.051870 1.649576 165.233688 -1.467093 0.267854 -0.512180 7.350339 0.010897
26.260275 5.113914 3.177684 1.470976 166.211868 -1.409217 0.264454 -0.482699 7.376309 0.010397
26.377277 5.176442 3.302113 1.315295 167.075653 -1.355622 0.256682 -0.434340 7.406916 0.010426
26.510281 5.235937 3.467225 1.148204 168.067398 -1.290798 0.243809 -0.356268 7.422524 0.007500
26.627283 5.267976 3.611010 0.966209 168.927109 -1.233548 0.228593 -0.279945 7.433655 0.006849
26.761286 5.306571 3.786886 0.727287 169.922134 -1.167234 0.206858 -0.192516 7.444284 0.007649
26.877289 5.344373 3.954860 0.484343 170.791138 -1.108509 0.185864 -0.121924 7.443473 0.008778
27.011292 5.390926 4.166041 0.214993 171.778931 -1.040084 0.161675 -0.038095 7.440618 0.008504
27.127295 5.427559 4.364145 0.007482 172.645996 -0.979210 0.140293 0.052050 7.421446 0.006946
27.261297 5.455335 4.607808 -0.231005 173.629089 -0.909665 0.116116 0.184798 7.405357 0.005718
27.378300 5.480645 4.831051 -0.405046 174.493210 -0.847964 0.095684 0.318531 7.399971 0.005943
27.511303 5.509080 5.084690 -0.594380 175.471893 -0.777152 0.076717 0.467195 7.368463 0.006025
27.628305 5.532627 5.262142 -0.707646 176.329437 -0.713867 0.064275 0.569063 7.332762 0.005302
27.761309 5.554585 5.468801 -0.805654 177.305725 -0.640861 0.053027 0.640128 7.281567 0.002841
27.878311 5.561538 5.655209 -0.921158 178.145859 -0.579317 0.045836 0.660997 7.251659 0.002453
28.011314 5.552989 5.833070 -1.109707 179.109787 -0.508807 0.041246 0.649338 7.182942 0.000672
28.128317 5.543466 5.962720 -1.156991 179.944595 -0.446444 0.040687 0.620365 7.137432 -0.001573
28.262320 5.525250 6.059352 -1.166942 180.886597 -0.377080 0.043033 0.572486 7.077195 -0.003519
28.378323 5.526140 6.096017 -1.107942 181.710266 -0.315913 0.046819 0.517244 7.048636 0.000652
28.512325 5.546754 6.078557 -0.966037 182.641495 -0.246262 0.051900 0.429704 7.009206 -0.000092
28.628328 5.557542 6.023409 -0.791946 183.457733 -0.184775 0.055699 0.331914 6.986540 -0.002043
28.763330 5.558197 5.922464 -0.581376 184.383514 -0.114406 0.059751 0.202915 6.980348 -0.003427
28.879333 5.562633 5.781422 -0.371415 185.197479 -0.051972 0.060719 0.090081 6.975996 -0.002228
29.012337 5.589508 5.588784 -0.114403 186.122025 0.019426 0.056741 -0.030978 6.970633 0.002135
29.129339 5.634838 5.407733 0.108269 186.935654 0.081990 0.048226 -0.131035 6.975809 0.004730
29.263342 5.706577 5.212464 0.432284 187.869614 0.155481 0.035306 -0.251568 6.995108 0.006401
29.379345 5.781569 5.054103 0.737814 188.684753 0.219551 0.022543 -0.362624 6.986954 0.007875
29.513348 5.872355 4.901461 1.125914 189.610458 0.292476 0.005758 -0.489969 6.973789 0.008098
29.629351 5.955007 4.786747 1.444918 190.423935 0.355188 -0.010861 -0.585849 6.973541 0.007913
29.763353 6.029150 4.702806 1.763360 191.347122 0.427225 -0.028722 -0.662330 6.945879 0.004093
29.880356 6.084120 4.641778 2.029267 192.155518 0.491581 -0.043731 -0.696012 6.918884 0.007375
30.013359 6.172564 4.613448 2.273302 193.068832 0.563927 -0.057470 -0.704383 6.862795 0.010613
30.130362 6.258919 4.631974 2.385801 193.867279 0.623889 -0.065223 -0.699111 6.830865 0.012740
30.263365 6.377829 4.688647 2.478082 194.768082 0.690841 -0.069893 -0.685638 6.763133 0.015631
30.380367 6.498160 4.737402 2.559361 195.553391 0.751016 -0.069899 -0.660093 6.707881 0.017514
30.513371 6.643777 4.778522 2.624000 196.444305 0.822109 -0.066697 -0.590115 6.642445 0.019838
30.630373 6.778158 4.793303 2.645934 197.208328 0.884185 -0.065003 -0.482507 6.585902 0.020426
30.764376 6.934935 4.807924 2.641989 198.083511 0.955436 -0.063301 -0.300099 6.527627 0.020906
30.880379 7.078194 4.782844 2.609608 198.841476 1.017502 -0.064002 -0.113868 6.481567 0.023032
31.014381 7.252345 4.719696 2.540633 199.696884 1.087596 -0.065645 0.100741 6.435728 0.024855
31.131384 7.415547 4.645181 2.514126 200.445099 1.150297 -0.067768 0.259488 6.405522 0.024755
31.264387 7.602913 4.536623 2.465253 201.290482 1.223316 -0.071100 0.399702 6.365589 0.026606
31.381390 7.797719 4.437098 2.445596 202.030380 1.288145 -0.074661 0.491832 6.334384 0.030850
31.514393 8.037638 4.306132 2.444659 202.873169 1.362722 -0.078718 0.585127 6.302255 0.032498
31.631395 8.261948 4.191286 2.438734 203.600372 1.427281 -0.081923 0.665369 6.290403 0.035079
31.765398 8.559443 4.069456 2.374516 204.438782 1.502636 -0.083841 0.757426 6.275563 0.042404
31.881401 8.852852 3.982173 2.333015 205.169373 1.569669 -0.085284 0.819474 6.262775 0.044554
32.015404 9.190520 3.931113 2.301791 205.996704 1.647950 -0.085432 0.853481 6.238249 0.045288
32.131393 9.500421 3.930468 2.246416 206.721725 1.718644 -0.084522 0.841433 6.215590 0.048304
32.265381 9.873203 3.995972 2.230540 207.542374 1.801135 -0.081341 0.779685 6.186032 0.050324
32.381371 10.207982 4.089077 2.264304 208.260498 1.875878 -0.077407 0.687171 6.160988 0.049417
32.515358 10.604792 4.224727 2.306330 209.072571 1.961770 -0.072223 0.543538 6.124087 0.051900
32.632347 10.978115 4.368486 2.374052 209.782791 2.038556 -0.067534 0.394836 6.088007 0.056074
32.765335 11.424018 4.549666 2.541796 210.583969 2.128416 -0.062566 0.211610 6.041449 0.057988
32.882324 11.840091 4.705105 2.687415 211.284378 2.208616 -0.059481 0.051345 6.014153 0.063260
33.015312 12.346634 4.872771 2.814171 212.081604 2.302904 -0.059264 -0.128284 5.973797 0.066332
33.132301 12.814977 4.982540 2.980859 212.766968 2.387668 -0.061363 -0.277825 5.938495 0.069105
33.266293 13.374828 5.085862 3.178836 213.560654 2.488409 -0.066152 -0.447974 5.914489 0.071874
33.383282 13.873452 5.143969 3.389618 214.245209 2.576988 -0.072867 -0.588759 5.889999 0.072111
33.517269 14.463667 5.179550 3.664004 215.020584 2.678629 -0.081645 -0.736038 5.873009 0.076443
33.634258 15.019308 5.198605 3.958100 215.699554 2.771017 -0.090040 -0.847273 5.848709 0.080949
33.767246 15.685627 5.207839 4.303100 216.468979 2.879751 -0.098481 -0.936527 5.840395 0.085110
33.884235 16.291576 5.211351 4.555831 217.144409 2.978097 -0.103769 -0.967157 5.832125 0.088809
34.017223 17.013203 5.229205 4.877234 217.909714 3.092277 -0.105314 -0.940425 5.804946 0.093642
34.134212 17.665958 5.242782 5.102186 218.580032 3.195275 -0.104037 -0.871061 5.788079 0.095598
34.251202 18.331978 5.249533 5.261281 219.247223 3.298689 -0.100196 -0.775489 5.762627 0.097021
34.384190 19.100805 5.268466 5.477771 220.001495 3.421457 -0.094421 -0.646887 5.735923 0.097834
34.501179 19.792694 5.296294 5.711844 220.662018 3.533190 -0.088335 -0.517977 5.719406 0.100408
34.634167 20.605103 5.348561 5.980874 221.414932 3.664350 -0.079858 -0.335685 5.689068 0.103812
34.751156 21.316647 5.398843 6.172071 222.063141 3.780779 -0.073490 -0.147910 5.667490 0.103941
34.884144 22.131540 5.454143 6.365815 222.808258 3.918682 -0.068047 0.091822 5.645541 0.103743
35.002136 22.841171 5.502181 6.550978 223.450180 4.040109 -0.063804 0.287693 5.625035 0.104325
35.135124 23.676224 5.573071 6.803468 224.188583 4.184601 -0.059184 0.479389 5.610728 0.107518
35.251118 24.421909 5.649286 6.999753 224.830963 4.313784 -0.055266 0.606787 5.593528 0.108663
35.385105 25.290712 5.770250 7.243025 225.559464 4.462439 -0.052521 0.720638 5.585386 0.113316
35.502094 26.080360 5.920417 7.492923 226.198273 4.594964 -0.050667 0.801124 5.571255 0.115726
35.635082 26.993473 6.109321 7.784681 226.921310 4.749373 -0.048315 0.874678 5.548361 0.115408
35.752071 27.815001 6.271732 8.116658 227.553558 4.889204 -0.047963 0.910500 5.524486 0.116834
35.885059 28.782230 6.428845 8.620568 228.272324 5.053386 -0.047183 0.908372 5.486493 0.119437
36.002052 29.647711 6.555531 9.074433 228.900497 5.201040 -0.046056 0.866509 5.456792 0.122569
36.136040 30.633163 6.665157 9.556076 229.599136 5.369066 -0.044352 0.780459 5.437334 0.123572
36.252029 31.530397 6.733707 10.005450 230.210236 5.519501 -0.041302 0.679004 5.416384 0.128567
36.386017 32.567261 6.778746 10.564991 230.912079 5.696817 -0.036268 0.531338 5.389339 0.125661
36.502007 33.479717 6.816490 11.114201 231.520416 5.853975 -0.029743 0.378025 5.355956 0.126847
36.635994 34.537796 6.825790 11.836304 232.206207 6.037168 -0.018451 0.176284 5.326984 0.129815
36.752983 35.496731 6.806083 12.510836 232.806152 6.201190 -0.005550 -0.009894 5.304039 0.132137
36.885971 36.581715 6.766577 13.205252 233.483902 6.390243 0.012094 -0.214900 5.278132 0.131784
37.002960 37.517746 6.751995 13.739586 234.076920 6.559003 0.030188 -0.371118 5.258660 0.129579
37.135948 38.579250 6.734805 14.430728 234.750656 6.757607 0.053576 -0.513994 5.235476 0.125200
37.252937 39.497860 6.713851 15.084234 235.336258 6.934595 0.076313 -0.604016 5.220172 0.125842
37.385929 40.538727 6.697888 15.770956 235.998566 7.138511 0.103514 -0.677773 5.198280 0.125770
37.502918 41.438702 6.700828 16.364269 236.573273 7.319315 0.128100 -0.721534 5.181912 0.124048
37.636906 42.469261 6.684891 17.052052 237.233490 7.531405 0.154651 -0.752427 5.173212 0.122702
37.752895 43.335838 6.676599 17.641804 237.803024 7.718132 0.176446 -0.760655 5.167312 0.119063
37.886883 44.301495 6.668972 18.179478 238.459625 7.936423 0.200370 -0.744571 5.156503 0.116680
38.003872 45.128109 6.654073 18.622725 239.030533 8.129832 0.221319 -0.707455 5.147859 0.114627
38.136860 46.049309 6.654671 19.042034 239.678818 8.350699 0.244898 -0.638840 5.142889 0.113799
38.253849 46.835037 6.644400 19.428577 240.246689 8.548513 0.266832 -0.558556 5.134490 0.108169
38.386837 47.698215 6.605719 19.887218 240.889542 8.777107 0.292698 -0.441924 5.123123 0.105015
38.503826 48.433575 6.548028 20.304644 241.452499 8.982405 0.316033 -0.319646 5.114788 0.100217
38.636814 49.222740 6.489939 20.753424 242.095322 9.220698 0.344493 -0.152613 5.115624 0.094909
38.753803 49.882870 6.418029 21.143410 242.649780 9.430287 0.370858 0.012117 5.106894 0.090280
38.887791 50.607647 6.304206 21.565208 243.288467 9.675048 0.402292 0.223776 5.103869 0.087293
39.003780 51.217525 6.171848 21.868462 243.841003 9.889466 0.431578 0.405270 5.113479 0.085294
39.137768 51.875648 6.001852 22.132099 244.478104 10.139680 0.467975 0.589103 5.108100 0.079598
39.253757 52.407757 5.836064 22.293224 245.032364 10.361548 0.499059 0.697368 5.100195 0.074967
39.387745 52.964195 5.645861 22.441538 245.661331 10.618589 0.535715 0.748584 5.121598 0.068194
39.504734 53.402641 5.479127 22.499035 246.216217 10.848028 0.567391 0.733809 5.138241 0.062647
39.637722 53.867466 5.305664 22.485979 246.845886 11.113246 0.599706 0.669186 5.131564 0.058946
39.754711 54.235580 5.154060 22.389259 247.398438 11.350451 0.625147 0.588653 5.148665 0.053809
39.887699 54.608433 4.987512 22.215994 248.029282 11.626908 0.649972 0.478891 5.132164 0.047930
40.004688 54.893402 4.835245 22.046728 248.572189 11.871912 0.669489 0.379288 5.138394 0.042622
40.137676 55.184334 4.677191 21.815563 249.197372 12.160436 0.691196 0.266267 5.143878 0.038405
40.254665 55.387482 4.541887 21.573639 249.736908 12.415906 0.709871 0.183924 5.143930 0.030348
40.388653 55.557678 4.382187 21.238811 250.356781 12.717382 0.728769 0.108105 5.145627 0.022293
40.504642 55.657574 4.212551 20.840656 250.895660 12.986391 0.742645 0.055950 5.152502 0.016656
40.638630 55.713341 3.993171 20.392654 251.505692 13.299267 0.758696 -0.000375 5.155408 0.008270
40.755619 55.717838 3.791280 19.906900 252.040741 13.580031 0.773099 -0.052453 5.169135 0.004518
40.888607 55.677559 3.557194 19.156834 252.647644 13.905540 0.789119 -0.115971 5.186965 -0.000699
41.005596 55.599968 3.329576 18.389101 253.179688 14.198417 0.800267 -0.173735 5.199252 -0.007772
41.138584 55.455261 3.030169 17.428616 253.786652 14.542480 0.811967 -0.245899 5.213563 -0.015382
41.255573 55.281693 2.735477 16.556948 254.311127 14.846719 0.821291 -0.314528 5.234473 -0.022383
41.389561 55.027298 2.366949 15.449511 254.915298 15.207418 0.829419 -0.397549 5.264094 -0.029583
41.505550 54.747025 2.034281 14.379756 255.437424 15.528462 0.836562 -0.462101 5.297215 -0.040679
41.639538 54.365475 1.640474 13.077380 256.039856 15.908566 0.842980 -0.512620 5.328990 -0.046698
41.755527 54.006611 1.282031 11.889609 256.563904 16.249582 0.846148 -0.524523 5.349351 -0.051136
41.889515 53.557892 0.863593 10.411031 257.156189 16.647432 0.845122 -0.496679 5.376630 -0.057602
42.006504 53.138775 0.471569 9.026276 257.674103 17.006956 0.842415 -0.441989 5.398875 -0.062592
42.139492 52.620457 0.010484 7.383350 258.260559 17.426579 0.833899 -0.354724 5.432834 -0.070554
42.256481 52.134048 -0.420653 5.862688 258.772675 17.804703 0.822700 -0.267931 5.450003 -0.075707
42.389469 51.535347 -0.933832 4.115105 259.354858 18.250181 0.804753 -0.160353 5.484930 -0.082838
42.506458 50.973610 -1.371768 2.572478 259.855194 18.646963 0.785047 -0.065635 5.518250 -0.092640
42.639446 50.293015 -1.892541 0.794959 260.427551 19.118492 0.757532 0.045252 5.543668 -0.097741
42.756435 49.669827 -2.333841 -0.800405 260.922546 19.540888 0.729988 0.138020 5.570856 -0.103811
42.890423 48.929188 -2.839589 -2.629642 261.479034 20.033220 0.694632 0.237269 5.597563 -0.109959
43.006413 48.257973 -3.294457 -4.216702 261.961700 20.477728 0.660735 0.316749 5.619075 -0.115454
43.140400 47.460930 -3.815292 -5.997835 262.502014 20.995354 0.620280 0.401590 5.630015 -0.121778
43.257389 46.744438 -4.266296 -7.519663 262.969208 21.460712 0.586100 0.467168 5.639054 -0.124313
43.390377 45.918934 -4.751522 -9.168969 263.490417 21.999866 0.550442 0.521345 5.639008 -0.125061
43.507366 45.200905 -5.148473 -10.466926 263.939728 22.481926 0.520517 0.535545 5.626544 -0.123732
43.640354 44.373276 -5.500768 -11.730141 264.439789 23.037758 0.491739 0.503165 5.613613 -0.123154
43.757343 43.644974 -5.747361 -12.618332 264.868805 23.533104 0.469814 0.438085 5.592283 -0.120288
43.890331 42.823376 -5.932927 -13.480232 265.348083 24.105078 0.446092 0.340318 5.551256 -0.114699
44.007320 42.137669 -6.000159 -14.070641 265.752167 24.602736 0.425600 0.258288 5.508393 -0.110877
44.140308 41.370876 -5.969766 -14.573795 266.204865 25.178759 0.401209 0.175131 5.437577 -0.103753
44.257298 40.737434 -5.850186 -14.848243 266.587830 25.680853 0.377464 0.106473 5.369574 -0.094685
44.391285 40.071690 -5.618782 -14.927243 267.010742 26.247366 0.344349 0.010443 5.276610 -0.082918
44.508274 39.533649 -5.351106 -14.832870 267.372009 26.741905 0.310260 -0.100573 5.201659 -0.075299
44.641262 38.985546 -4.962989 -14.524283 267.770050 27.298622 0.264937 -0.249274 5.099028 -0.064120
44.758251 38.550854 -4.540093 -14.143722 268.110016 27.780579 0.221733 -0.379289 5.003553 -0.056949
44.891239 38.126495 -3.983130 -13.543794 268.485504 28.319429 0.167985 -0.493559 4.891426 -0.043729
45.008228 37.826649 -3.453140 -12.889027 268.807617 28.784815 0.117441 -0.549696 4.797799 -0.034169
45.125217 37.588493 -2.901672 -12.134100 269.124115 29.240770 0.065518 -0.560402 4.710252 -0.025297
45.258205 37.397591 -2.263885 -11.104692 269.476776 29.750826 0.007754 -0.523821 4.620226 -0.014550
45.375195 37.312775 -1.693687 -10.077548 269.782776 30.191206 -0.040435 -0.456235 4.564014 -0.002535
45.508183 37.315739 -1.033739 -8.775385 270.130859 30.687956 -0.090522 -0.348491 4.504799 0.009205
45.625172 37.406853 -0.475513 -7.538013 270.432465 31.110538 -0.127896 -0.240319 4.460484 0.021997
45.758160 37.613197 0.157047 -5.867248 270.782501 31.591511 -0.160893 -0.114806 4.421344 0.031325
45.875153 37.856998 0.700241 -4.296174 271.093048 32.003281 -0.179625 -0.018699 4.403426 0.037787
46.009140 38.219982 1.284168 -2.453128 271.454376 32.463112 -0.188503 0.069936 4.396317 0.047103
46.125130 38.629047 1.770470 -0.829061 271.780304 32.862221 -0.184674 0.127966 4.413261 0.057935
46.259117 39.174736 2.308444 1.056655 272.162903 33.311531 -0.167834 0.175003 4.455441 0.066161
46.376106 39.738403 2.752788 2.758067 272.509735 33.705662 -0.143548 0.199847 4.506452 0.076731
46.509094 40.443699 3.218534 4.618293 272.918335 34.150841 -0.108139 0.211328 4.571961 0.082095
46.626083 41.106228 3.570574 6.213795 273.290192 34.542511 -0.072349 0.209752 4.647461 0.085614
46.759071 41.920284 3.902826 7.976233 273.731293 34.991142 -0.027977 0.198520 4.730204 0.093743
46.876060 42.652367 4.120751 9.331131 274.129425 35.378574 0.011948 0.182693 4.831096 0.098005
47.009048 43.511753 4.309937 10.778440 274.606354 35.828300 0.059598 0.154253 4.934912 0.098212
47.126038 44.269588 4.420523 11.855757 275.035858 36.218548 0.100122 0.121599 5.047258 0.103075
47.260025 45.145531 4.510242 12.928880 275.552338 36.670803 0.146442 0.084072 5.173464 0.103206
47.376015 45.907570 4.544997 13.686342 276.020264 37.067280 0.184195 0.071962 5.285079 0.105079
47.510002 46.764343 4.528183 14.412920 276.571228 37.520729 0.223107 0.097606 5.418684 0.104148
47.626991 47.495583 4.482909 14.878319 277.072144 37.921978 0.253378 0.153962 5.526159 0.102989
47.759979 48.294147 4.424470 15.223819 277.657990 38.380806 0.281295 0.231252 5.641663 0.099619
47.876968 48.963890 4.373717 15.405135 278.186707 38.787128 0.303228 0.281693 5.736123 0.097594
48.009956 49.685089 4.332321 15.494776 278.804291 39.257107 0.323816 0.296877 5.832230 0.089481
48.126945 50.251347 4.327119 15.421356 279.349884 39.665352 0.336805 0.270691 5.901758 0.083061
48.259933 50.863338 4.352285 15.244583 279.988525 40.138954 0.348598 0.204395 5.958153 0.079893
48.376923 51.370327 4.393338 15.053609 280.552307 40.553570 0.357398 0.124918 5.993287 0.076205
48.510910 51.895115 4.446473 14.776547 281.199097 41.024734 0.367677 0.020805 6.029889 0.068342
48.626900 52.305145 4.507266 14.503557 281.771942 41.438267 0.377724 -0.070578 6.047369 0.062506
48.760887 52.736519 4.598390 14.220616 282.425537 41.908482 0.392977 -0.161813 6.059685 0.055696
48.876877 53.082073 4.680024 13.959743 283.002991 42.322086 0.409213 -0.221731 6.075568 0.053298
49.010868 53.449726 4.762475 13.664817 283.662354 42.791386 0.429054 -0.267307 6.088415 0.049230
49.127857 53.762012 4.811529 13.470066 284.243439 43.202286 0.446698 -0.289948 6.074781 0.048713
49.260845 54.100941 4.870728 13.244370 284.903809 43.666401 0.465320 -0.301254 6.066411 0.043837
49.377834 54.358021 4.910124 13.047552 285.483612 44.072788 0.479802 -0.301307 6.035116 0.038558
49.510822 54.627132 4.932611 12.892703 286.143738 44.536419 0.494675 -0.293705 6.007284 0.035909
49.627811 54.856506 4.915966 12.806405 286.712524 44.936867 0.508063 -0.282971 5.986588 0.035368
49.761799 55.109756 4.833227 12.689343 287.365967 45.398643 0.521618 -0.262417 5.957740 0.033335
49.877789 55.315235 4.732016 12.601070 287.933594 45.801456 0.533731 -0.231387 5.941885 0.031127
50.011776 55.528450 4.569970 12.502133 288.577850 46.259472 0.546330 -0.177656 5.944250 0.028846
50.127766 55.715397 4.381373 12.435674 289.143494 46.663383 0.555575 -0.119636 5.937300 0.027255
50.261753 55.907944 4.122000 12.376528 289.783203 47.125263 0.562732 -0.052863 5.931435 0.024688
50.378742 56.064709 3.872668 12.294923 290.343628 47.534130 0.566420 -0.002471 5.928604 0.023894
50.511730 56.224617 3.554759 12.136323 290.978271 48.001469 0.570799 0.042228 5.921249 0.022134
50.628719 56.351082 3.242906 11.915174 291.534027 48.416031 0.574286 0.068864 5.922111 0.019824
50.762711 56.476521 2.876897 11.616343 292.169861 48.900383 0.576375 0.086024 5.915231 0.017396
50.879700 56.567913 2.559692 11.332815 292.711639 49.321251 0.578323 0.093930 5.916959 0.013235
51.012688 56.636139 2.211388 10.932572 293.334839 49.812332 0.579930 0.100745 5.923990 0.010657
51.129677 56.687843 1.950929 10.498642 293.877380 50.244907 0.579569 0.110463 5.935225 0.008694
51.263664 56.709084 1.697762 9.931287 294.490631 50.742840 0.577925 0.127683 5.943612 0.002872
51.379654 56.700214 1.497605 9.442560 295.025726 51.187355 0.576662 0.148671 5.947471 0.000097
51.513641 56.675194 1.315979 8.873697 295.629883 51.698826 0.574817 0.178660 5.955916 -0.002030
51.630630 56.637230 1.212731 8.327413 296.157166 52.155170 0.572539 0.207479 5.963672 -0.006565
51.763618 56.556332 1.134476 7.622430 296.754578 52.679863 0.566604 0.231461 5.993017 -0.010182
51.880608 56.459969 1.083854 6.936610 297.277649 53.147163 0.559002 0.234014 5.996975 -0.014611
52.013596 56.323456 1.047673 6.195871 297.871063 53.690674 0.546757 0.207201 6.013231 -0.017801
52.130585 56.181957 1.030366 5.573861 298.379944 54.168411 0.534256 0.164489 6.020562 -0.021018
52.264572 55.986877 1.013394 4.830726 298.962555 54.728157 0.515782 0.105582 6.033181 -0.024983
52.380562 55.803436 0.988660 4.160140 299.468292 55.223347 0.496704 0.061307 6.057735 -0.027009
52.514549 55.578400 0.964689 3.318149 300.039581 55.793564 0.473793 0.026662 6.078156 -0.028388
52.630539 55.366005 0.952253 2.536769 300.538269 56.301910 0.451861 0.008766 6.097021 -0.031600
52.764526 55.092983 0.931292 1.584517 301.102081 56.886848 0.425602 -0.007003 6.119880 -0.034926
52.881516 54.842224 0.891573 0.704678 301.596222 57.406868 0.403669 -0.022170 6.144930 -0.035533
53.014507 54.549534 0.846005 -0.230077 302.154449 58.005337 0.380015 -0.039006 6.163733 -0.037629
53.131496 54.277386 0.794822 -1.065753 302.643585 58.537815 0.360337 -0.049900 6.189827 -0.039842
53.264484 53.952312 0.721774 -1.923640 303.202332 59.153404 0.340811 -0.060288 6.220586 -0.041202
53.381474 53.668392 0.645214 -2.589707 303.685638 59.692265 0.328041 -0.073760 6.247811 -0.041752
53.514462 53.335129 0.550954 -3.240523 304.241180 60.320892 0.319071 -0.100294 6.273415 -0.042891
53.631451 53.039684 0.470183 -3.684515 304.720856 60.870201 0.314865 -0.125300 6.300126 -0.044363
53.765438 52.699841 0.378817 -4.049270 305.274841 61.509567 0.314414 -0.139121 6.321191 -0.043649
53.881428 52.401443 0.302991 -4.210874 305.758881 62.071114 0.316358 -0.132788 6.351110 -0.043671
54.015415 52.053944 0.206658 -4.260349 306.312164 62.712418 0.320038 -0.116413 6.377705 -0.046381
54.131405 51.747189 0.114782 -4.168506 306.800842 63.280113 0.323530 -0.110750 6.418964 -0.046507
54.265392 51.381836 -0.002312 -3.923808 307.359467 63.929283 0.328120 -0.116354 6.455240 -0.048218
54.382381 51.051170 -0.099927 -3.515922 307.851837 64.504440 0.332139 -0.117271 6.480224 -0.051084
54.499371 50.695320 -0.165456 -3.025825 308.345032 65.081772 0.335530 -0.100027 6.496745 -0.053370
54.632359 50.285908 -0.212245 -2.446592 308.909851 65.738670 0.337283 -0.055751 6.527738 -0.053562
54.749348 49.936909 -0.233126 -1.848502 309.409760 66.317444 0.335649 -0.012612 6.542057 -0.050811
54.882336 49.554272 -0.198105 -1.089828 309.982635 66.973831 0.330348 0.020267 6.556989 -0.049175
54.999325 49.223335 -0.129727 -0.329684 310.489227 67.551239 0.324494 0.027634 6.568839 -0.048919
55.133312 48.851894 -0.011574 0.571753 311.072510 68.211075 0.318545 0.020183 6.576353 -0.047589
55.249302 48.530888 0.106494 1.355284 311.584869 68.784691 0.313062 0.012657 6.575710 -0.048864
55.383289 48.157467 0.267259 2.244048 312.171143 69.435791 0.307217 0.012400 6.593408 -0.048971
55.499279 47.850166 0.440586 2.982990 312.690216 70.005959 0.304454 0.018861 6.590150 -0.045069
55.633266 47.512581 0.648812 3.686841 313.283295 70.650665 0.304414 0.025961 6.583929 -0.045837
55.750256 47.204887 0.816302 4.201256 313.807404 71.214668 0.305453 0.024258 6.575925 -0.046478
55.883244 46.870968 0.956839 4.813368 314.403992 71.854156 0.307391 0.009939 6.571899 -0.044785
56.000233 46.582294 1.058365 5.332678 314.929962 72.414001 0.310303 -0.008313 6.562877 -0.043678
56.133221 46.243851 1.132452 5.805207 315.530457 73.048309 0.316194 -0.025125 6.567459 -0.046667
56.250210 45.942905 1.126808 6.118078 316.059326 73.604256 0.321411 -0.031877 6.551201 -0.045983
56.383198 45.592735 1.043864 6.381841 316.665009 74.240280 0.327761 -0.032970 6.559361 -0.047164
56.500187 45.285301 0.929418 6.482717 317.190582 74.790031 0.334400 -0.029546 6.556037 -0.046209
56.634178 44.919662 0.765254 6.450219 317.799164 75.424660 0.343456 -0.015264 6.567269 -0.047592
56.750168 44.601868 0.587198 6.324034 318.331909 75.979065 0.351998 0.014907 6.575744 -0.048449
56.884155 44.229885 0.348155 6.048268 318.939789 76.609657 0.361400 0.073683 6.590835 -0.048384
57.000145 43.909786 0.110246 5.732306 319.476257 77.164185 0.369591 0.134315 6.600649 -0.046799
57.134132 43.537865 -0.176883 5.257220 320.087677 77.796059 0.375800 0.192431 6.616863 -0.048860
57.251122 43.200665 -0.431527 4.689764 320.626770 78.352371 0.377251 0.215706 6.628457 -0.052597
57.384109 42.792706 -0.680622 3.899175 321.241089 78.985321 0.374710 0.205817 6.635806 -0.055477
57.501099 42.426392 -0.879202 3.149365 321.781403 79.543198 0.369968 0.169819 6.635433 -0.055775
57.634087 42.007107 -1.087316 2.252316 322.400665 80.181252 0.362503 0.111346 6.636273 -0.056435
57.751076 41.642086 -1.230436 1.386109 322.936096 80.734116 0.352339 0.059823 6.629524 -0.057831
57.885063 41.209877 -1.365827 0.291364 323.552521 81.372314 0.339224 0.013575 6.614419 -0.059135
58.001053 40.832012 -1.454318 -0.728900 324.088684 81.928474 0.327827 -0.005391 6.593674 -0.060398
58.135040 40.406647 -1.507910 -1.889956 324.694916 82.558693 0.314061 -0.003377 6.561937 -0.060264
58.251030 40.033752 -1.503121 -2.848060 325.225098 83.110977 0.302170 0.009373 6.528755 -0.058900
58.385017 39.608570 -1.458584 -3.887144 325.825043 83.735191 0.289128 0.018492 6.490592 -0.059030
58.502007 39.237934 -1.384746 -4.726028 326.349335 84.281937 0.279830 0.010044 6.459760 -0.057945
58.634995 38.806641 -1.281108 -5.682180 326.941254 84.899254 0.272831 -0.018148 6.412299 -0.058765
58.751984 38.417400 -1.177876 -6.411019 327.462097 85.445152 0.267439 -0.048110 6.373650 -0.060165
58.884972 37.975536 -1.073370 -7.154189 328.043732 86.056831 0.259132 -0.072383 6.327821 -0.060288
59.001961 37.588974 -0.998323 -7.728331 328.547882 86.586281 0.251571 -0.079793 6.283125 -0.059311
59.134949 37.150642 -0.936735 -8.244768 329.126923 87.193657 0.242896 -0.081125 6.248100 -0.058089
59.251938 36.780228 -0.898639 -8.627112 329.625244 87.715134 0.236192 -0.086914 6.196061 -0.055262
59.385925 36.383308 -0.890396 -8.913901 330.195679 88.313835 0.228788 -0.107590 6.148045 -0.050763
59.501915 36.048275 -0.896543 -9.032869 330.689667 88.832603 0.223705 -0.138530 6.108521 -0.049534
59.635902 35.674400 -0.931422 -9.011727 331.247162 89.419350 0.217526 -0.185211 6.068383 -0.046994
59.751892 35.368641 -0.969128 -8.880035 331.735687 89.931969 0.211638 -0.235064 6.039471 -0.044560
59.885880 35.048782 -0.998393 -8.648564 332.287628 90.511063 0.206912 -0.300348 5.995202 -0.039742
60.002869 34.791096 -0.996239 -8.460410 332.771667 91.015228 0.203228 -0.354624 5.961596 -0.035844
