1.20 1.10 20 64
0.127000 0.021386 -0.045785 -0.018839 0.902160 -0.000466 -0.148938 -0.182536 6.617666 0.005434
0.256000 0.054392 -0.151615 -0.080493 1.719831 -0.001541 -0.122866 -0.257282 6.481536 0.003516
0.389000 0.086336 -0.324069 -0.077987 2.573302 -0.001946 -0.062994 -0.332710 6.369844 0.003343
0.506000 0.111770 -0.511040 -0.156365 3.312206 -0.000816 0.008685 -0.383280 6.273891 0.003358
0.640000 0.139252 -0.778801 -0.278330 4.145858 0.000162 0.102119 -0.422960 6.181539 0.003870
0.756000 0.177477 -1.072709 -0.392174 4.865387 0.000112 0.184564 -0.442611 6.135157 0.006363
0.889000 0.241654 -1.460453 -0.487027 5.678758 -0.000121 0.270052 -0.445552 6.102951 0.009043
1.006000 0.309391 -1.829458 -0.543988 6.391550 -0.001261 0.329555 -0.426546 6.084991 0.011178
1.140000 0.405167 -2.271689 -0.573420 7.202037 -0.001764 0.373297 -0.375344 6.101701 0.012677
1.256000 0.486177 -2.662587 -0.622062 7.916905 -0.001497 0.388552 -0.304948 6.118442 0.012002
1.390000 0.582648 -3.064381 -0.653494 8.732258 -0.001759 0.380355 -0.194328 6.139760 0.012900
1.506999 0.674981 -3.345076 -0.653090 9.450991 -0.001678 0.353454 -0.075864 6.141432 0.013897
1.639999 0.779559 -3.580531 -0.617520 10.267653 -0.003645 0.304606 0.078091 6.138907 0.013908
1.756999 0.875117 -3.684667 -0.587653 10.984188 -0.005573 0.249074 0.212038 6.115319 0.014203
1.889999 0.991429 -3.660445 -0.599980 11.795348 -0.009447 0.181338 0.349633 6.084576 0.016575
2.006999 1.098911 -3.511617 -0.550112 12.503915 -0.013489 0.126144 0.446091 6.033169 0.017330
2.139999 1.228735 -3.177265 -0.512193 13.307212 -0.019076 0.074778 0.529101 5.964481 0.017758
2.256999 1.342356 -2.765317 -0.484264 14.000303 -0.024643 0.043897 0.572136 5.895650 0.017478
2.390999 1.460428 -2.197997 -0.401680 14.778069 -0.030063 0.026393 0.584404 5.812613 0.015273
2.506999 1.564845 -1.648410 -0.315073 15.453146 -0.032727 0.028418 0.560525 5.739285 0.015621
2.640998 1.688062 -1.017761 -0.281116 16.211018 -0.035745 0.045725 0.502766 5.666324 0.016820
2.757998 1.800535 -0.497108 -0.307779 16.869923 -0.038594 0.072098 0.434734 5.606549 0.016330
2.891998 1.927349 0.016474 -0.349751 17.611347 -0.042668 0.105528 0.342817 5.553631 0.016925
3.007998 2.038232 0.363589 -0.413795 18.258358 -0.045220 0.132101 0.245857 5.514959 0.016098
3.140998 2.167394 0.614362 -0.466984 18.990294 -0.045588 0.156813 0.116217 5.495668 0.017551
3.257998 2.289243 0.727479 -0.437885 19.632723 -0.042922 0.172267 -0.007939 5.490172 0.018738
3.375998 2.411360 0.752258 -0.360821 20.281065 -0.038073 0.180446 -0.124020 5.498930 0.018108
3.508997 2.555902 0.657667 -0.277088 21.013752 -0.032101 0.179855 -0.228486 5.518334 0.019185
3.625997 2.691568 0.470848 -0.158221 21.665888 -0.025638 0.170203 -0.289995 5.539753 0.020972
3.758997 2.860558 0.188302 0.034089 22.399307 -0.017770 0.151770 -0.331753 5.568881 0.021983
3.875997 3.008547 -0.118212 0.272215 23.052195 -0.010318 0.130739 -0.352951 5.591300 0.021579
4.009997 3.164414 -0.489458 0.555456 23.803633 -0.001259 0.105207 -0.366003 5.623178 0.019325
4.125997 3.301589 -0.799253 0.840407 24.462683 0.008886 0.085393 -0.366826 5.640181 0.020665
4.259998 3.452036 -1.107867 1.162796 25.214933 0.022564 0.069193 -0.355064 5.666857 0.019928
4.375998 3.576484 -1.311424 1.428618 25.878325 0.036205 0.061047 -0.335750 5.675145 0.020884
4.509997 3.727582 -1.439327 1.683231 26.639368 0.051201 0.061744 -0.308115 5.679824 0.021019
4.626998 3.864824 -1.469052 1.919158 27.297178 0.065228 0.071639 -0.283629 5.668271 0.020470
4.759998 4.005610 -1.402162 2.138273 28.049223 0.081353 0.092033 -0.250599 5.641792 0.018669
4.876998 4.126532 -1.259790 2.309635 28.713100 0.096478 0.114607 -0.211137 5.617127 0.016912
5.009999 4.253014 -1.043837 2.469378 29.453337 0.112000 0.142025 -0.150200 5.603098 0.018168
5.126999 4.377515 -0.794943 2.650454 30.107477 0.125907 0.164170 -0.086810 5.582556 0.019669
5.261000 4.526795 -0.482046 2.804825 30.852951 0.142954 0.184765 -0.014247 5.551605 0.020156
5.377000 4.657782 -0.223385 2.895642 31.501596 0.159215 0.194014 0.042010 5.541310 0.018749
5.511001 4.799911 0.042117 2.924134 32.237225 0.177312 0.191853 0.102365 5.524942 0.018170
5.628002 4.914450 0.252074 2.922098 32.883160 0.194479 0.180019 0.157842 5.517245 0.015671
5.761002 5.031451 0.446489 2.924006 33.616608 0.215350 0.157955 0.224559 5.515718 0.014180
5.878003 5.131453 0.562497 2.882025 34.261356 0.235961 0.134352 0.274087 5.508473 0.014703
6.011003 5.238080 0.644326 2.774080 34.993839 0.260370 0.104019 0.307102 5.512885 0.014337
6.128004 5.333582 0.674969 2.664984 35.639072 0.281586 0.077749 0.310513 5.520270 0.015335
6.261004 5.442388 0.685028 2.538851 36.378662 0.308777 0.051143 0.297532 5.524402 0.014326
6.379005 5.547422 0.675446 2.437283 37.024559 0.334322 0.033920 0.284367 5.525964 0.016332
6.511005 5.670218 0.655897 2.274701 37.759872 0.363636 0.023313 0.273534 5.535714 0.015307
6.628006 5.768221 0.630639 2.040637 38.407387 0.390103 0.021824 0.264694 5.537651 0.015880
6.762006 5.884946 0.609639 1.773365 39.143307 0.421654 0.028240 0.244450 5.542651 0.015204
6.879006 5.993430 0.608310 1.590603 39.791725 0.452150 0.041619 0.213235 5.549022 0.017095
7.012007 6.129974 0.612226 1.386847 40.529411 0.487576 0.064682 0.161208 5.556776 0.018856
7.129007 6.258949 0.617573 1.191394 41.179993 0.517241 0.090094 0.103082 5.570095 0.019856
7.262008 6.398716 0.652415 0.943662 41.920906 0.552827 0.120376 0.023671 5.583359 0.019738
7.379008 6.526894 0.712823 0.724257 42.574738 0.585498 0.146253 -0.051337 5.605886 0.019649
7.512008 6.681428 0.807847 0.500514 43.320675 0.625079 0.171513 -0.136003 5.624777 0.022025
7.629009 6.828252 0.894780 0.397484 43.978508 0.662428 0.187014 -0.202531 5.640763 0.022507
7.762009 6.986982 1.001608 0.347168 44.735020 0.708174 0.195987 -0.270278 5.668668 0.020369
7.879010 7.126611 1.098814 0.359462 45.393257 0.749025 0.197193 -0.321459 5.692110 0.021326
8.013010 7.277075 1.212869 0.428024 46.155937 0.797200 0.189517 -0.367851 5.710544 0.018401
8.129010 7.408966 1.318523 0.524879 46.818707 0.840473 0.176438 -0.384234 5.732761 0.019155
8.263011 7.567807 1.438218 0.688099 47.587196 0.892148 0.157757 -0.368500 5.757487 0.021192
8.384011 7.713433 1.513629 0.902148 48.260170 0.938395 0.139998 -0.329702 5.774642 0.021300
8.501011 7.882061 1.557521 1.112833 48.929245 0.985144 0.121802 -0.281267 5.789463 0.025529
8.630011 8.091307 1.571454 1.398523 49.704731 1.040902 0.103238 -0.224789 5.811488 0.027118
8.763011 8.325180 1.559527 1.687674 50.476734 1.099629 0.087882 -0.166335 5.827080 0.030764
8.880012 8.544317 1.515179 1.908783 51.157413 1.150900 0.079310 -0.106245 5.838274 0.033216
9.013012 8.814511 1.441112 2.145214 51.937988 1.209383 0.075134 -0.026694 5.846113 0.034684
9.130013 9.055193 1.363312 2.352790 52.620857 1.261124 0.078009 0.042603 5.855134 0.035527
9.263013 9.342207 1.262655 2.586688 53.398182 1.320127 0.090163 0.112731 5.866685 0.036463
9.380013 9.597295 1.168123 2.692061 54.076771 1.372746 0.105929 0.159555 5.865899 0.038651
9.514014 9.890775 1.045042 2.789474 54.860344 1.436450 0.127013 0.196911 5.869508 0.036824
9.630014 10.141677 0.924656 2.855191 55.546165 1.494601 0.145930 0.217559 5.888008 0.037521
9.765015 10.422871 0.782516 2.957729 56.327473 1.564686 0.167521 0.240380 5.900795 0.035408
9.881015 10.657402 0.660035 2.999038 57.016144 1.628733 0.185502 0.273429 5.917094 0.034518
10.014015 10.915293 0.526025 3.112068 57.801098 1.704469 0.201499 0.330183 5.939003 0.033027
10.131016 11.142858 0.413927 3.247542 58.494019 1.773454 0.208753 0.382567 5.957716 0.034171
10.265016 11.397855 0.329252 3.336703 59.283058 1.852910 0.208643 0.415560 5.967450 0.033666
10.381016 11.616275 0.277623 3.361534 59.996323 1.925086 0.202520 0.402494 5.978307 0.031496
10.514016 11.857205 0.261986 3.316257 60.775620 2.006293 0.191096 0.341159 5.984295 0.031685
10.631017 12.071172 0.285359 3.213583 61.466412 2.079486 0.177926 0.260380 5.993221 0.032674
10.765018 12.334570 0.358819 3.045534 62.276035 2.166963 0.161965 0.152912 5.986711 0.034111
10.882018 12.562597 0.452059 2.857578 62.959866 2.242196 0.149241 0.068212 5.976620 0.035508
11.015018 12.822832 0.576665 2.592502 63.747650 2.330239 0.139568 -0.011449 5.952666 0.033445
11.132019 13.048123 0.680616 2.322313 64.438377 2.410407 0.135588 -0.059670 5.936571 0.034170
11.265019 13.298639 0.791939 2.008336 65.220634 2.503698 0.135559 -0.102351 5.915237 0.032698
11.382020 13.512385 0.864776 1.743149 65.906204 2.587485 0.139583 -0.142845 5.897349 0.031557
11.515020 13.746286 0.921871 1.459288 66.683449 2.684680 0.147988 -0.204790 5.883459 0.031484
11.632021 13.961899 0.921874 1.317090 67.365265 2.772793 0.155096 -0.267887 5.872867 0.033495
11.765021 14.226697 0.886490 1.256377 68.145134 2.876632 0.165596 -0.338112 5.871292 0.036082
11.882022 14.467484 0.827169 1.256989 68.825508 2.969845 0.175899 -0.388488 5.869671 0.034930
12.016023 14.743502 0.714139 1.282047 69.598869 3.079639 0.187488 -0.436818 5.882437 0.037096
12.133023 14.980070 0.597789 1.357226 70.280769 3.178588 0.198202 -0.473680 5.895545 0.034712
12.266024 15.228086 0.428136 1.462534 71.057709 3.292091 0.209182 -0.502430 5.910322 0.032646
12.383024 15.441002 0.272983 1.566267 71.742081 3.394382 0.216068 -0.502431 5.914968 0.030741
12.516025 15.669851 0.094529 1.702064 72.519836 3.513497 0.220950 -0.459061 5.919327 0.030043
12.633025 15.864291 -0.029791 1.795181 73.204315 3.620437 0.223588 -0.379380 5.926367 0.028615
12.766026 16.089804 -0.160576 1.859850 73.982285 3.745417 0.225045 -0.255081 5.923228 0.029249
12.883026 16.283625 -0.264435 1.934122 74.666222 3.858627 0.223795 -0.129955 5.923948 0.028876
13.016026 16.504360 -0.366350 2.043927 75.449203 3.991105 0.222074 0.017252 5.929064 0.028006
13.133027 16.690487 -0.416397 2.199213 76.132835 4.110534 0.220905 0.139466 5.932591 0.027919
13.266027 16.901821 -0.448630 2.422839 76.909988 4.248572 0.222746 0.262121 5.937194 0.028032
13.383028 17.092400 -0.433604 2.635711 77.592911 4.371661 0.227733 0.350522 5.930996 0.029065
13.517029 17.305012 -0.391740 2.938159 78.367134 4.516178 0.234281 0.422703 5.915837 0.028292
13.633029 17.493156 -0.341932 3.132322 79.047630 4.643242 0.241984 0.463114 5.919217 0.028021
13.767030 17.710382 -0.276095 3.351244 79.820328 4.789123 0.252297 0.486476 5.911900 0.029624
13.884030 17.897501 -0.200480 3.559737 80.499641 4.919942 0.261455 0.488318 5.914284 0.027559
14.017031 18.120310 -0.086663 3.732516 81.270996 5.072199 0.270406 0.468668 5.909959 0.028087
14.134031 18.320873 0.021632 3.796279 81.948074 5.209284 0.276767 0.432759 5.897809 0.031198
14.251032 18.517282 0.104126 3.792141 82.623909 5.349205 0.281655 0.383630 5.896733 0.028925
14.384032 18.744900 0.174886 3.769306 83.391350 5.510583 0.284923 0.320369 5.895806 0.029737
14.501033 18.948675 0.215467 3.722298 84.065407 5.656291 0.286635 0.264450 5.894374 0.030220
14.634033 19.192110 0.234438 3.606731 84.836555 5.828856 0.286729 0.198740 5.895910 0.031815
14.751034 19.402945 0.214137 3.484121 85.503052 5.982451 0.284607 0.139131 5.898385 0.032032
14.884034 19.641699 0.163776 3.326595 86.272812 6.162519 0.280292 0.067042 5.900888 0.030942
15.001035 19.851225 0.087838 3.115930 86.945114 6.323131 0.276706 0.006081 5.911375 0.031241
15.135036 20.096468 -0.027512 2.838370 87.710815 6.510250 0.273764 -0.061793 5.934316 0.032709
15.251036 20.302734 -0.153213 2.592723 88.385246 6.679072 0.273072 -0.122316 5.947291 0.030172
15.385036 20.531776 -0.305653 2.313013 89.151756 6.874453 0.276185 -0.198333 5.949691 0.030775
15.502037 20.741804 -0.433149 2.053589 89.825951 7.050290 0.281260 -0.264539 5.961829 0.032244
15.635037 20.994987 -0.572234 1.756441 90.599182 7.256560 0.289267 -0.329781 5.978993 0.033890
15.752038 21.226355 -0.702999 1.527004 91.268562 7.439064 0.298326 -0.371430 5.986075 0.035000
15.885038 21.497076 -0.843201 1.272982 92.042511 7.652916 0.311440 -0.408481 5.995721 0.033864
16.002039 21.723392 -0.937825 1.073056 92.712799 7.841201 0.322694 -0.436377 6.006712 0.033304
16.135042 21.978643 -1.026662 0.838918 93.486839 8.064294 0.333435 -0.457953 6.018123 0.032349
16.252045 22.192812 -1.057431 0.641384 94.157211 8.261667 0.340934 -0.448691 6.028422 0.032271
16.386047 22.450388 -1.073196 0.436392 94.933067 8.491751 0.346611 -0.386968 6.045372 0.034614
16.502050 22.679781 -1.067382 0.263424 95.610123 8.696692 0.349633 -0.290176 6.048014 0.033223
16.636053 22.921455 -1.033819 0.123814 96.379059 8.935009 0.350166 -0.153481 6.057566 0.030816
16.753056 23.121479 -1.004276 0.060631 97.055420 9.147997 0.347461 -0.039550 6.062638 0.029149
16.886059 23.347311 -0.967391 -0.004376 97.823662 9.394317 0.340827 0.063453 6.062307 0.030765
17.003061 23.559509 -0.916102 -0.073463 98.497787 9.615311 0.332085 0.122610 6.063747 0.031251
17.136065 23.798773 -0.846660 -0.128734 99.262726 9.871234 0.322524 0.159464 6.066531 0.031909
17.253067 24.014187 -0.788496 -0.110997 99.934479 10.099572 0.315070 0.170194 6.065699 0.032497
17.386070 24.269173 -0.746205 -0.038807 100.702271 10.363572 0.305912 0.165722 6.059204 0.033900
17.503073 24.501560 -0.727963 0.018905 101.371338 10.596811 0.299028 0.153941 6.053198 0.035389
17.637075 24.778307 -0.696760 0.076971 102.130119 10.866492 0.292713 0.143795 6.051842 0.037663
17.753078 25.030142 -0.671180 0.207928 102.795784 11.106661 0.289212 0.148008 6.047132 0.037391
17.887081 25.317701 -0.677303 0.431838 103.550179 11.384562 0.287895 0.172095 6.044277 0.038297
18.004084 25.578012 -0.712108 0.575181 104.212608 11.631359 0.290307 0.204283 6.039457 0.039339
18.137087 25.868589 -0.760134 0.773711 104.963020 11.917435 0.293873 0.236003 6.035631 0.038144
18.254089 26.115644 -0.818154 0.972857 105.620239 12.173865 0.297509 0.244807 6.025745 0.036723
18.387093 26.386787 -0.888907 1.211430 106.370552 12.472707 0.302399 0.230066 6.025743 0.035894
18.504095 26.630671 -0.942601 1.340853 107.018425 12.734423 0.307506 0.205389 6.021848 0.037448
18.637098 26.929398 -1.007554 1.463605 107.765106 13.039783 0.313178 0.177321 6.018834 0.039671
18.754101 27.182821 -1.065478 1.549116 108.410149 13.307106 0.316631 0.157838 6.018870 0.037530
18.887104 27.488462 -1.125564 1.625658 109.152832 13.618617 0.318861 0.129180 6.006281 0.040886
19.004107 27.763117 -1.167908 1.705510 109.798676 13.893517 0.319973 0.086741 5.995830 0.041389
19.138109 28.079287 -1.233416 1.769815 110.529457 14.209991 0.318490 0.016837 5.982662 0.041913
19.255112 28.371546 -1.281595 1.812492 111.170456 14.490571 0.315300 -0.050629 5.977292 0.045347
19.388115 28.713509 -1.328345 1.813218 111.896111 14.812197 0.310239 -0.119183 5.965552 0.044608
19.505117 29.018932 -1.362051 1.774177 112.531830 15.098496 0.303654 -0.167043 5.954434 0.046135
19.638121 29.382030 -1.398443 1.737927 113.250359 15.428866 0.294005 -0.215405 5.936331 0.048323
19.755123 29.715002 -1.412035 1.723249 113.879486 15.723036 0.284870 -0.255915 5.933310 0.050178
19.888126 30.103117 -1.416596 1.706128 114.596130 16.063959 0.274178 -0.293827 5.918993 0.050512
20.005129 30.435213 -1.414159 1.653482 115.213058 16.362558 0.266120 -0.306088 5.902749 0.049472
20.138132 30.826635 -1.397556 1.558728 115.921753 16.711445 0.258105 -0.287286 5.890248 0.052722
20.255135 31.188643 -1.363484 1.497165 116.537796 17.019230 0.252610 -0.243472 5.882268 0.055958
20.389137 31.625454 -1.293849 1.454865 117.234924 17.371593 0.247220 -0.171331 5.864645 0.058177
20.505140 32.024189 -1.185601 1.479111 117.844124 17.684298 0.244347 -0.094857 5.843010 0.060222
20.639143 32.494308 -1.032882 1.483636 118.532623 18.041441 0.245113 0.004984 5.823815 0.063519
20.756145 32.928169 -0.860624 1.458903 119.135353 18.357094 0.247696 0.094036 5.807254 0.065660
20.890148 33.438503 -0.635655 1.442632 119.822159 18.720892 0.252098 0.184790 5.791346 0.067694
21.007151 33.901699 -0.465090 1.451074 120.417404 19.042072 0.256453 0.237040 5.772466 0.070490
21.140154 34.454914 -0.291354 1.518926 121.089188 19.411045 0.260006 0.259868 5.752047 0.073399
21.257156 34.960602 -0.163587 1.619397 121.676559 19.738180 0.261643 0.252214 5.746612 0.076767
21.391159 35.552448 -0.036887 1.746234 122.347763 20.115543 0.258181 0.226711 5.750032 0.077196
21.507162 36.072945 0.044662 1.929860 122.932030 20.448021 0.251618 0.201555 5.745626 0.078018
21.641165 36.676384 0.117953 2.156231 123.594620 20.828716 0.239774 0.175602 5.744112 0.079691
21.757168 37.220467 0.167105 2.314220 124.176315 21.165817 0.226103 0.149032 5.750488 0.083092
21.891171 37.872002 0.214922 2.503352 124.836891 21.551413 0.207649 0.102326 5.749128 0.087367
22.008173 38.457455 0.242492 2.658851 125.415825 21.892954 0.191639 0.040655 5.740725 0.087636
22.141176 39.137238 0.273970 2.852593 126.076370 22.286493 0.174532 -0.044686 5.740378 0.088320
22.258179 39.734638 0.287435 3.007613 126.647812 22.627369 0.160366 -0.114775 5.730658 0.091198
22.391182 40.443005 0.293682 3.219315 127.300774 23.018961 0.147242 -0.171809 5.719857 0.094978
22.508184 41.094734 0.305668 3.509220 127.873093 23.363894 0.138314 -0.199674 5.704033 0.097773
22.641188 41.853405 0.337319 3.953612 128.524796 23.760036 0.133773 -0.215680 5.680660 0.099830
22.758190 42.510254 0.370565 4.333891 129.085907 24.101870 0.133492 -0.222665 5.654536 0.097435
22.892193 43.262131 0.421900 4.777678 129.730515 24.496191 0.135556 -0.218726 5.624875 0.097989
23.008196 43.929287 0.471030 5.215610 130.288895 24.840687 0.140490 -0.201283 5.595012 0.099426
23.142199 44.697063 0.525440 5.755211 130.918686 25.232323 0.146880 -0.172077 5.563835 0.100082
23.259201 45.371929 0.563512 6.202700 131.467957 25.576694 0.151027 -0.152050 5.525610 0.100448
23.392204 46.139160 0.623642 6.737841 132.087448 25.967110 0.153455 -0.147686 5.489349 0.099877
23.509207 46.808941 0.684491 7.245036 132.628143 26.309359 0.154824 -0.152742 5.450237 0.097709
23.642210 47.551537 0.751711 7.805524 133.237015 26.697563 0.158619 -0.142859 5.416412 0.095390
23.759212 48.189335 0.822729 8.301022 133.768311 27.038357 0.161360 -0.103491 5.385602 0.091802
23.876215 48.799591 0.895073 8.753292 134.295929 27.378780 0.162440 -0.034880 5.353752 0.088436
24.009218 49.478271 0.998528 9.268365 134.891129 27.765219 0.164730 0.060739 5.321026 0.087634
24.126221 50.059196 1.091892 9.690991 135.410141 28.105066 0.166427 0.140092 5.288220 0.082778
24.259224 50.687363 1.197291 10.109657 136.000214 28.493298 0.167565 0.218949 5.254068 0.078568
24.376226 51.205925 1.292597 10.454218 136.507721 28.827282 0.168452 0.277722 5.224550 0.075176
24.509230 51.776024 1.405801 10.846753 137.089188 29.212545 0.171087 0.340328 5.186819 0.070758
24.626232 52.243454 1.522817 11.173299 137.591965 29.549126 0.173932 0.381683 5.161668 0.066371
24.760233 52.737713 1.656115 11.455296 138.159592 29.930668 0.178957 0.401477 5.126811 0.062097
24.876236 53.148067 1.743535 11.632991 138.654617 30.266375 0.186457 0.390570 5.097834 0.060647
25.010237 53.596561 1.817378 11.790065 139.212769 30.648699 0.196638 0.356687 5.076539 0.055571
25.127239 53.947781 1.864527 11.961653 139.700424 30.986164 0.207107 0.319517 5.067953 0.050370
25.260242 54.310986 1.912661 12.101928 140.252289 31.371632 0.220988 0.268281 5.057967 0.044844
25.377245 54.602638 1.948472 12.214501 140.735703 31.711441 0.234857 0.204587 5.046787 0.040871
25.510248 54.901722 1.943682 12.295290 141.287109 32.101280 0.250947 0.094437 5.030365 0.036228
25.627251 55.138924 1.912227 12.377311 141.761368 32.440132 0.264099 -0.027971 5.023085 0.034530
25.761253 55.381451 1.869351 12.372452 142.308060 32.833260 0.277670 -0.183768 5.025257 0.029297
25.877256 55.567680 1.800897 12.339328 142.782761 33.178680 0.288770 -0.308848 5.011614 0.027317
26.011259 55.750130 1.716809 12.249466 143.318558 33.574780 0.299185 -0.420539 5.010902 0.022466
26.128262 55.869598 1.653435 12.056929 143.789490 33.926586 0.306532 -0.478748 5.025653 0.017252
26.261263 55.971237 1.574016 11.743106 144.323257 34.329922 0.315583 -0.496026 5.029206 0.013429
26.378265 56.039417 1.492623 11.438641 144.790222 34.689259 0.321143 -0.473060 5.039432 0.009643
26.511269 56.090569 1.391209 11.044880 145.316864 35.103928 0.325764 -0.419716 5.041409 0.006049
26.628271 56.095898 1.295964 10.582335 145.778152 35.473156 0.328378 -0.366490 5.055421 0.000767
26.761274 56.074078 1.177879 9.954712 146.305283 35.901234 0.329854 -0.312646 5.075893 -0.002128
26.878277 56.035973 1.074198 9.331154 146.759415 36.277840 0.329659 -0.277199 5.098006 -0.004286
27.012280 55.974674 0.965420 8.549990 147.282043 36.720646 0.329589 -0.239518 5.122592 -0.007921
27.129282 55.898472 0.886316 7.855716 147.736435 37.113781 0.328621 -0.196814 5.142423 -0.011357
27.262285 55.781387 0.813199 6.982084 148.250061 37.567890 0.324130 -0.121280 5.166802 -0.014731
27.378288 55.658615 0.769988 6.165413 148.700226 37.974373 0.316272 -0.031162 5.194979 -0.017128
27.512291 55.500652 0.731217 5.178803 149.209381 38.444313 0.305794 0.087744 5.223357 -0.021167
27.629293 55.339027 0.670248 4.275101 149.655823 38.864571 0.295942 0.188535 5.251199 -0.022404
27.762297 55.141228 0.598112 3.229984 150.160995 39.351883 0.282878 0.291031 5.297343 -0.025837
27.879299 54.940861 0.558582 2.234274 150.605377 39.788307 0.270219 0.368049 5.343473 -0.030138
28.012302 54.670372 0.511889 0.961613 151.113205 40.297848 0.254771 0.443440 5.386789 -0.035940
28.129305 54.415665 0.480997 -0.074488 151.549728 40.747093 0.242137 0.492167 5.407849 -0.038575
28.262308 54.100647 0.434504 -1.236540 152.052322 41.273823 0.229976 0.523909 5.450177 -0.041918
28.379311 53.812347 0.386485 -2.153527 152.485291 41.738888 0.221478 0.526734 5.494214 -0.042215
28.513313 53.473541 0.316337 -3.113632 152.984070 42.285816 0.214389 0.505320 5.549637 -0.044918
28.629316 53.157295 0.248672 -3.841503 153.419571 42.772327 0.210863 0.468379 5.600718 -0.047815
28.763319 52.777168 0.180175 -4.543363 153.914459 43.334480 0.210841 0.407850 5.653206 -0.049933
28.880322 52.429352 0.113411 -5.066826 154.349884 43.836922 0.211600 0.340724 5.701667 -0.052848
29.015324 52.033516 0.038971 -5.535843 154.844193 44.417377 0.212586 0.246478 5.755107 -0.051534
29.130325 51.683937 -0.015661 -5.868296 155.281403 44.934505 0.211788 0.148570 5.810412 -0.051771
29.263329 51.300713 -0.053378 -6.092054 155.778717 45.532730 0.211312 0.015707 5.877890 -0.049566
29.380331 50.965363 -0.063371 -6.148045 156.217804 46.066246 0.211535 -0.113275 5.924150 -0.050505
29.513334 50.581226 -0.042448 -6.011108 156.723633 46.683121 0.211009 -0.265628 5.968932 -0.049408
29.630337 50.253952 0.007495 -5.783905 157.163956 47.221294 0.210730 -0.383136 6.009739 -0.049125
29.763340 49.871124 0.113619 -5.379860 157.674698 47.847446 0.210001 -0.488822 6.042509 -0.050906
29.880342 49.535278 0.219723 -4.894635 158.123489 48.397301 0.209079 -0.546189 6.079248 -0.048864
30.014345 49.180485 0.390064 -4.261713 158.636993 49.024376 0.209279 -0.576193 6.102197 -0.045742
30.131348 48.891640 0.567988 -3.672673 159.092941 49.574730 0.211069 -0.580027 6.116692 -0.042750
30.264351 48.589355 0.800109 -2.915844 159.614304 50.200230 0.213980 -0.572406 6.128809 -0.038853
30.381353 48.341232 1.000499 -2.141391 160.075058 50.751694 0.218116 -0.560109 6.148315 -0.038968
30.514357 48.077168 1.210523 -1.213749 160.602234 51.380417 0.225805 -0.535107 6.185103 -0.035982
30.631359 47.859486 1.376435 -0.399092 161.069687 51.934299 0.232579 -0.491431 6.204152 -0.034605
30.764362 47.623333 1.549972 0.501258 161.610306 52.568020 0.241583 -0.403919 6.225694 -0.033741
30.881365 47.421707 1.668607 1.282807 162.088120 53.121090 0.249793 -0.295528 6.260412 -0.033070
31.015368 47.210861 1.776866 2.109098 162.638672 53.748573 0.261883 -0.145394 6.287762 -0.029821
31.132370 47.035469 1.848933 2.809580 163.128525 54.299423 0.275373 -0.008095 6.307612 -0.029528
31.265373 46.833290 1.912523 3.545800 163.689896 54.925167 0.292711 0.142495 6.331482 -0.029972
31.382376 46.670753 1.944148 4.134697 164.189651 55.475018 0.309776 0.259619 6.358222 -0.025445
31.515379 46.518192 1.949045 4.779372 164.762939 56.099945 0.331286 0.375292 6.393622 -0.022561
31.632381 46.397079 1.924654 5.265751 165.273987 56.649132 0.351447 0.458133 6.422810 -0.019106
31.765385 46.279526 1.866897 5.685848 165.863052 57.272091 0.374702 0.533846 6.464397 -0.015476
31.882387 46.197857 1.782852 5.963152 166.392700 57.825794 0.392563 0.586953 6.510253 -0.013031
32.015388 46.098125 1.675747 6.134938 166.997330 58.450817 0.410528 0.635317 6.563089 -0.014444
32.132378 46.003078 1.574327 6.140788 167.531586 58.997307 0.422608 0.666628 6.607483 -0.013763
32.266365 45.895298 1.458730 6.043120 168.155624 59.630505 0.431666 0.677059 6.654383 -0.014338
32.382355 45.792946 1.355586 5.908085 168.704697 60.185478 0.436591 0.647648 6.686663 -0.015239
32.516342 45.671276 1.237909 5.638737 169.335037 60.816902 0.440154 0.564274 6.725775 -0.015297
32.632332 45.566338 1.140218 5.324579 169.895264 61.372768 0.441223 0.454789 6.760741 -0.014458
32.766319 45.449142 1.046316 4.958940 170.535919 62.006565 0.441479 0.311321 6.788582 -0.014106
32.883308 45.344727 0.970562 4.569179 171.103439 62.564850 0.441438 0.179445 6.814897 -0.015562
33.016296 45.221706 0.899822 3.980670 171.752518 63.200710 0.438299 0.024292 6.844741 -0.014555
33.133286 45.124798 0.837841 3.418143 172.326904 63.761021 0.434312 -0.120807 6.865998 -0.012052
33.266273 45.011078 0.777613 2.752074 172.988129 64.403435 0.428733 -0.289636 6.889215 -0.014378
33.383263 44.898743 0.731213 2.187962 173.561646 64.959732 0.422681 -0.423867 6.887888 -0.016907
33.517250 44.759483 0.684814 1.562303 174.226410 65.601501 0.416324 -0.546462 6.899944 -0.017055
33.633240 44.649334 0.661939 1.069907 174.803467 66.156570 0.411244 -0.621556 6.904075 -0.014215
33.767227 44.535076 0.660091 0.564525 175.470749 66.799515 0.407044 -0.676134 6.927356 -0.012973
33.884216 44.439987 0.667884 0.094139 176.055359 67.360138 0.405428 -0.699245 6.923194 -0.012834
34.018208 44.347694 0.696883 -0.380218 176.719299 67.996620 0.404200 -0.693706 6.908943 -0.010229
34.134197 44.275711 0.722407 -0.766844 177.301956 68.556808 0.404241 -0.656536 6.904410 -0.009777
34.267189 44.209232 0.736173 -1.223735 177.964340 69.190567 0.404833 -0.575461 6.891113 -0.008964
34.384182 44.150024 0.746872 -1.553561 178.545227 69.749367 0.405695 -0.470375 6.886145 -0.007924
34.502174 44.095409 0.743826 -1.757998 179.123917 70.309944 0.406680 -0.340039 6.887834 -0.006951
34.634163 44.033424 0.728493 -1.927773 179.780655 70.947693 0.407286 -0.167723 6.880009 -0.007451
34.751152 43.981960 0.692508 -2.067766 180.357361 71.508942 0.406316 -0.012439 6.873397 -0.007719
34.885143 43.906418 0.599000 -2.189119 181.012344 72.146301 0.402258 0.155254 6.875303 -0.010213
35.001133 43.835938 0.482343 -2.239362 181.588455 72.707466 0.396743 0.277867 6.876981 -0.009988
35.134121 43.760002 0.323147 -2.192994 182.247345 73.351135 0.389801 0.384685 6.874299 -0.009393
35.251110 43.701252 0.161716 -2.105893 182.821487 73.914513 0.381932 0.446804 6.875004 -0.008352
35.385098 43.633835 -0.024747 -1.986579 183.473434 74.555389 0.371263 0.488014 6.875703 -0.007434
35.501087 43.583828 -0.176516 -1.834679 184.047363 75.119263 0.361068 0.504443 6.875074 -0.008360
35.635075 43.528397 -0.328035 -1.714756 184.699463 75.760406 0.349462 0.503968 6.877187 -0.007529
35.752064 43.473698 -0.436104 -1.587445 185.273285 76.324738 0.338012 0.485501 6.879388 -0.007179
35.885052 43.428783 -0.536484 -1.308342 185.923538 76.967194 0.326358 0.436181 6.870190 -0.003932
36.002041 43.389820 -0.594693 -1.012005 186.493759 77.532791 0.315585 0.368815 6.859173 -0.005458
36.136028 43.347641 -0.621891 -0.704041 187.145340 78.179153 0.302392 0.273184 6.849149 -0.004041
36.252018 43.333046 -0.616457 -0.419484 187.713089 78.743790 0.292013 0.192109 6.839810 -0.000174
36.387009 43.324581 -0.587779 -0.096059 188.360443 79.389870 0.280171 0.114418 6.814698 -0.001425
36.503002 43.314770 -0.518541 0.217833 188.918411 79.948059 0.269513 0.061657 6.796467 -0.000922
36.635990 43.321697 -0.408525 0.613470 189.553436 80.587944 0.257144 0.002999 6.762873 0.003425
36.751987 43.352192 -0.295815 0.993346 190.108490 81.150169 0.246608 -0.056640 6.740613 0.005420
36.885979 43.403290 -0.148308 1.366564 190.736298 81.787186 0.234808 -0.139122 6.711576 0.007801
37.002968 43.451504 0.022439 1.579397 191.285095 82.345673 0.223800 -0.212869 6.677215 0.007451
37.135960 43.522903 0.240767 1.834970 191.908646 82.983650 0.210892 -0.282503 6.644911 0.009451
37.252949 43.599915 0.431967 2.093961 192.443771 83.535469 0.199821 -0.316549 6.608809 0.013786
37.387939 43.727993 0.650400 2.341376 193.057953 84.170563 0.186887 -0.324365 6.581644 0.018227
37.503929 43.860043 0.842516 2.484093 193.591934 84.723885 0.176227 -0.314208 6.567610 0.020550
37.636917 44.048870 1.034023 2.654018 194.196640 85.351311 0.161546 -0.301009 6.544429 0.028143
37.757908 44.255386 1.173846 2.800902 194.744720 85.921410 0.146205 -0.297584 6.526611 0.029339
37.892899 44.488770 1.294236 2.793477 195.346420 86.546745 0.128200 -0.297655 6.526175 0.031449
38.008896 44.716721 1.361309 2.707184 195.874863 87.097069 0.112090 -0.287222 6.518311 0.036104
38.140888 45.003700 1.421711 2.515070 196.476578 87.720596 0.094335 -0.250101 6.511481 0.039983
38.258881 45.284168 1.450956 2.316925 197.005051 88.269096 0.079557 -0.195446 6.509456 0.044511
38.376873 45.594227 1.458354 2.153037 197.537704 88.822624 0.066841 -0.127669 6.509502 0.047547
38.508862 45.983486 1.461092 1.983954 198.137451 89.447182 0.055404 -0.045956 6.510610 0.054197
38.625851 46.348236 1.474815 1.866820 198.664444 89.997169 0.047532 0.025174 6.511733 0.056235
38.758839 46.802322 1.513952 1.767769 199.269272 90.626480 0.043143 0.106737 6.514665 0.062282
38.875828 47.224846 1.565607 1.754379 199.793976 91.170395 0.042474 0.171976 6.514802 0.065867
39.009815 47.748276 1.639968 1.780630 200.403275 91.795937 0.045473 0.232673 6.519608 0.069067
39.125805 48.214218 1.729651 1.856163 200.936920 92.339897 0.050419 0.268119 6.509761 0.069031
39.258793 48.745720 1.862934 2.012641 201.544983 92.956177 0.056721 0.294391 6.506017 0.069256
39.388786 49.271568 2.015656 2.311447 202.136749 93.552116 0.063506 0.316312 6.508987 0.070091
39.505775 49.752758 2.171200 2.614623 202.676193 94.090660 0.071015 0.336173 6.516282 0.069823
39.638763 50.306450 2.375668 3.041766 203.297302 94.704704 0.077753 0.350063 6.513096 0.070614
39.755753 50.802345 2.568864 3.490590 203.837128 95.233177 0.081469 0.343884 6.512553 0.071905
39.889740 51.381969 2.812763 4.079859 204.465088 95.839798 0.082879 0.309934 6.516747 0.072147
40.005730 51.897575 3.027350 4.735120 205.014771 96.366074 0.082702 0.262924 6.496441 0.072087
40.139717 52.492249 3.280278 5.561625 205.640442 96.960663 0.084366 0.198117 6.483581 0.072566
40.258709 53.020435 3.505320 6.327979 206.191406 97.478943 0.088299 0.139803 6.453236 0.070738
40.389698 53.612934 3.746180 7.315841 206.817856 98.061676 0.093374 0.075175 6.420746 0.068157
40.506687 54.127182 3.931918 8.228065 207.368469 98.568329 0.097990 0.022406 6.376462 0.068025
40.639675 54.710320 4.067237 9.360562 207.994095 99.137840 0.105956 -0.033791 6.346384 0.064366
40.756664 55.205009 4.140798 10.437216 208.545837 99.632324 0.116942 -0.080552 6.326000 0.062237
40.889652 55.770077 4.202647 11.578987 209.173721 100.187935 0.134529 -0.135937 6.290356 0.063646
41.006645 56.263145 4.226426 12.530162 209.727112 100.670967 0.152959 -0.188161 6.262021 0.061737
41.139633 56.815147 4.196557 13.572824 210.361237 101.216949 0.176781 -0.254972 6.221207 0.060862
41.256622 57.268768 4.131127 14.444196 210.910065 101.681808 0.201971 -0.314838 6.188365 0.058961
41.389610 57.768253 4.002831 15.399710 211.545532 102.210320 0.234383 -0.381144 6.156186 0.054954
41.507599 58.167000 3.866419 16.154377 212.101349 102.666557 0.266072 -0.427559 6.135663 0.048796
41.640587 58.564003 3.709831 16.944677 212.733490 103.178543 0.305150 -0.459906 6.105734 0.042944
41.757576 58.887932 3.573671 17.639709 213.289337 103.624283 0.338666 -0.468522 6.074365 0.040947
41.890564 59.232159 3.433511 18.329855 213.920151 104.124565 0.374885 -0.456219 6.037604 0.038763
42.007553 59.507484 3.328386 18.820574 214.474045 104.559265 0.404912 -0.424864 5.997211 0.035943
42.140545 59.791782 3.226207 19.312235 215.101959 105.046791 0.435857 -0.360752 5.960394 0.031670
42.257534 60.005733 3.150738 19.650747 215.652420 105.470161 0.459345 -0.278023 5.924175 0.027237
42.390526 60.212601 3.081899 19.946020 216.281036 105.951454 0.482630 -0.161173 5.901141 0.022462
42.507515 60.359272 3.054614 20.130737 216.824112 106.365021 0.499551 -0.050453 5.866579 0.018694
42.640503 60.492760 3.054896 20.262650 217.446625 106.839386 0.515235 0.077471 5.825297 0.015440
42.757492 60.590580 3.085221 20.298977 217.986176 107.250145 0.528267 0.187125 5.776203 0.013973
42.876488 60.668663 3.129230 20.215673 218.517334 107.654564 0.538572 0.293117 5.745528 0.010144
43.007477 60.736885 3.179568 20.046961 219.127411 108.120087 0.550030 0.408535 5.706707 0.009337
43.141464 60.776600 3.214048 19.735928 219.728287 108.581024 0.559807 0.499583 5.678792 0.006246
43.258453 60.786110 3.230934 19.391022 220.252853 108.985321 0.569108 0.550294 5.655007 0.003523
43.391445 60.776806 3.226636 18.814356 220.845963 109.442558 0.581327 0.569895 5.609864 0.002132
43.508434 60.743347 3.203916 18.218681 221.362442 109.845245 0.592716 0.557658 5.591332 -0.001355
43.625423 60.700199 3.152526 17.539968 221.875931 110.248528 0.604066 0.523841 5.578202 -0.001744
43.761414 60.629692 3.060781 16.739170 222.468674 110.719002 0.620142 0.465246 5.553013 -0.005501
43.875408 60.546513 2.947663 16.032993 222.961044 111.115860 0.635039 0.404442 5.539237 -0.008193
44.008396 60.425011 2.768069 15.086621 223.530670 111.581047 0.652640 0.321962 5.526651 -0.011108
44.125385 60.304493 2.577634 14.160240 224.028137 111.994514 0.668109 0.241904 5.529299 -0.013242
44.258373 60.134224 2.327091 13.062115 224.594193 112.473595 0.685439 0.141662 5.540444 -0.018438
44.375366 59.962936 2.077100 12.082652 225.081055 112.893898 0.697194 0.053385 5.547799 -0.021235
44.509354 59.756199 1.742643 10.905276 225.640106 113.385391 0.703776 -0.047301 5.566181 -0.023042
44.626343 59.559059 1.417677 9.862840 226.125015 113.820671 0.705804 -0.128467 5.572475 -0.025223
44.759331 59.334660 1.023853 8.695556 226.670273 114.324356 0.704346 -0.218418 5.589227 -0.026981
44.876328 59.119633 0.694302 7.657429 227.147537 114.773827 0.700083 -0.295952 5.618702 -0.032045
45.009315 58.850555 0.321153 6.471039 227.685333 115.295326 0.689883 -0.384889 5.649707 -0.035355
45.126305 58.600830 -0.007407 5.398372 228.155670 115.762436 0.676624 -0.457568 5.683296 -0.039604
45.259293 58.275105 -0.383530 4.148381 228.689804 116.308014 0.656209 -0.525351 5.709964 -0.045084
45.376282 57.970146 -0.700822 3.068375 229.147476 116.790512 0.636477 -0.557635 5.747076 -0.048596
45.509270 57.597195 -1.056937 1.779476 229.669098 117.360054 0.611402 -0.553397 5.777236 -0.052767
45.626259 57.256718 -1.352513 0.617823 230.115067 117.862801 0.586604 -0.509203 5.808548 -0.056891
45.760250 56.842407 -1.697103 -0.759781 230.630569 118.463799 0.553745 -0.413635 5.833922 -0.058965
45.876240 56.472092 -1.965200 -1.851133 231.060349 118.981453 0.524850 -0.310243 5.861381 -0.064433
46.010227 56.005821 -2.242437 -3.097038 231.551788 119.589882 0.490576 -0.186052 5.894087 -0.068464
46.126217 55.586185 -2.462411 -4.208308 231.978622 120.133575 0.460340 -0.091037 5.916312 -0.068379
46.260204 55.116730 -2.654509 -5.488718 232.457245 120.759857 0.428672 -0.008784 5.934446 -0.069050
46.377193 54.700897 -2.772553 -6.531600 232.871796 121.318130 0.402099 0.041547 5.948767 -0.067982
46.510185 54.235504 -2.847622 -7.635096 233.337524 121.966370 0.373009 0.088391 5.961977 -0.067743
46.627174 53.838837 -2.862602 -8.492204 233.733475 122.534378 0.348168 0.134098 5.973633 -0.065720
46.760162 53.387524 -2.844617 -9.302234 234.182480 123.197739 0.319134 0.199772 5.981146 -0.061622
46.877151 53.028648 -2.792593 -9.837440 234.565475 123.776169 0.292633 0.258157 5.981220 -0.056794
47.010139 52.625660 -2.701026 -10.339936 235.002136 124.447739 0.262858 0.309639 5.973312 -0.053932
47.127129 52.295139 -2.584806 -10.578535 235.375992 125.037842 0.236891 0.329233 5.967415 -0.048474
47.261116 51.951820 -2.401884 -10.714261 235.795502 125.710197 0.208464 0.325921 5.950038 -0.045141
47.378105 51.671852 -2.200635 -10.695007 236.159714 126.302147 0.184338 0.311869 5.931354 -0.037886
47.511093 51.399403 -1.944465 -10.498549 236.567764 126.974754 0.157239 0.293271 5.902877 -0.031865
47.628082 51.194588 -1.704940 -10.155737 236.922394 127.565552 0.133999 0.280204 5.876103 -0.027329
47.761070 51.001259 -1.423109 -9.648077 237.321243 128.235168 0.107640 0.271349 5.847190 -0.021142
47.878059 50.852482 -1.175707 -9.110059 237.669189 128.821838 0.084718 0.269842 5.817135 -0.019237
48.011047 50.720684 -0.897851 -8.310200 238.064438 129.491440 0.061380 0.271254 5.792445 -0.013055
48.128036 50.632652 -0.646570 -7.449599 238.405273 130.069260 0.042697 0.264074 5.773399 -0.010411
48.261024 50.553547 -0.368892 -6.340806 238.798187 130.733063 0.023944 0.229169 5.745918 -0.007161
48.378014 50.527187 -0.125339 -5.238770 239.140564 131.309875 0.011992 0.166599 5.725555 -0.001258
48.512001 50.536167 0.125752 -3.856973 239.531418 131.961319 0.004561 0.058114 5.705172 0.002003
48.627991 50.562664 0.306325 -2.594258 239.877228 132.530960 0.004406 -0.056882 5.689780 0.003981
48.761978 50.609585 0.473916 -1.099341 240.273056 133.174606 0.011348 -0.194340 5.678421 0.006392
48.878967 50.674290 0.606376 0.220870 240.622742 133.738602 0.025643 -0.303891 5.671651 0.009868
49.011955 50.779491 0.722775 1.664321 241.024292 134.378311 0.047871 -0.412020 5.685099 0.013818
49.128944 50.898613 0.788632 2.878327 241.382477 134.939819 0.071507 -0.488612 5.701793 0.017388
49.261932 51.080627 0.840778 4.196844 241.800156 135.581726 0.102022 -0.550025 5.722807 0.022927
49.378922 51.250072 0.889710 5.179659 242.167892 136.136826 0.128763 -0.566315 5.753357 0.023669
49.511909 51.435280 0.930801 6.156132 242.600220 136.778122 0.158937 -0.526134 5.785543 0.022502
49.628902 51.600891 0.967438 6.907139 242.979736 137.334290 0.183749 -0.438362 5.818695 0.023274
49.762890 51.799934 0.994143 7.578345 243.426498 137.978241 0.211997 -0.290659 5.865784 0.025552
49.878880 51.984154 1.015594 7.970592 243.824875 138.541382 0.234790 -0.146303 5.916818 0.025792
50.012867 52.183277 1.057025 8.226200 244.285782 139.184143 0.259468 0.017067 5.968722 0.024927
50.129856 52.355438 1.091182 8.261092 244.699631 139.750412 0.278181 0.145313 6.014403 0.026842
50.262844 52.547077 1.126274 8.144992 245.177551 140.396881 0.294364 0.269223 6.063160 0.024052
50.379833 52.704887 1.154298 7.910620 245.602997 140.969070 0.302729 0.348146 6.114984 0.023875
50.512821 52.879097 1.194902 7.431399 246.097580 141.627060 0.308635 0.399414 6.160050 0.023051
50.629810 53.034271 1.210405 6.881070 246.534088 142.203751 0.312658 0.409530 6.199732 0.025703
50.762798 53.205318 1.199935 6.049541 247.034790 142.862442 0.315104 0.384794 6.233697 0.025325
50.879787 53.355957 1.188105 5.256129 247.477051 143.445618 0.317396 0.333904 6.267079 0.025310
51.013775 53.515106 1.143529 4.275528 247.983414 144.110901 0.321192 0.246699 6.304112 0.022031
51.129765 53.642696 1.099340 3.332989 248.433090 144.698242 0.326088 0.157283 6.335684 0.022192
51.263752 53.790779 1.050933 2.183293 248.947998 145.367950 0.332807 0.060565 6.362854 0.021561
51.379742 53.908756 0.981778 1.172746 249.402115 145.959854 0.341220 -0.001074 6.382810 0.019185
51.513729 54.035694 0.880568 0.062900 249.919449 146.635742 0.353895 -0.038501 6.412117 0.018705
51.630718 54.149651 0.793212 -0.844315 250.375763 147.233612 0.367394 -0.047233 6.434271 0.018858
51.764706 54.263290 0.695127 -1.817026 250.900208 147.920181 0.383824 -0.038229 6.458810 0.014819
51.880695 54.354042 0.591823 -2.641037 251.356857 148.515945 0.397781 -0.018548 6.476133 0.015733
52.013683 54.456390 0.444221 -3.478923 251.885727 149.207306 0.413249 0.009251 6.509603 0.014484
52.130672 54.550934 0.306051 -4.038002 252.342438 149.810471 0.425708 0.024318 6.530543 0.014250
52.264660 54.655655 0.138326 -4.513372 252.869034 150.511398 0.437859 0.012837 6.551676 0.012996
52.380650 54.742188 -0.025771 -4.801186 253.328094 151.125763 0.445412 -0.028577 6.562221 0.012826
52.514637 54.833874 -0.223387 -5.036233 253.850754 151.827652 0.451498 -0.098445 6.597211 0.011000
52.631626 54.905975 -0.387224 -5.203000 254.311234 152.448914 0.454340 -0.157726 6.615646 0.010074
52.764614 54.968586 -0.532903 -5.288047 254.834824 153.158585 0.453816 -0.199375 6.646043 0.006919
52.881603 55.004845 -0.653274 -5.345781 255.295929 153.786057 0.451206 -0.205731 6.663738 0.005237
53.014591 55.044743 -0.765934 -5.348598 255.824142 154.507523 0.447113 -0.185294 6.680764 0.005195
53.131580 55.073330 -0.826788 -5.246525 256.279602 155.134750 0.442958 -0.160745 6.681935 0.004111
53.264568 55.095222 -0.861573 -5.111362 256.804108 155.860458 0.436473 -0.146344 6.681527 0.001845
53.381557 55.106712 -0.867093 -4.875160 257.256775 156.490021 0.432111 -0.153063 6.689070 0.002617
53.515545 55.126091 -0.855549 -4.580378 257.777100 157.219040 0.429213 -0.171309 6.681792 0.003368
53.631535 55.141640 -0.822778 -4.254694 258.228149 157.856705 0.428696 -0.176209 6.671140 0.003112
53.765522 55.158970 -0.777443 -3.850598 258.738251 158.581802 0.428498 -0.154580 6.663006 0.003996
53.882511 55.178177 -0.737446 -3.438942 259.183807 159.220001 0.429141 -0.110692 6.646444 0.003177
54.015499 55.198280 -0.712698 -2.935775 259.689606 159.944183 0.429102 -0.042544 6.636770 0.002910
54.132488 55.209038 -0.721866 -2.499285 260.133575 160.580078 0.428064 0.029078 6.625720 0.002520
54.266479 55.217190 -0.779085 -2.018650 260.634644 161.304047 0.425503 0.120337 6.613745 0.000222
54.382469 55.211315 -0.874831 -1.602513 261.076691 161.946457 0.422354 0.204303 6.603308 -0.000056
54.499458 55.196167 -0.998949 -1.137694 261.506042 162.580276 0.418410 0.277291 6.594880 -0.003017
54.632446 55.161484 -1.163696 -0.729009 261.994781 163.306595 0.412179 0.336078 6.575766 -0.003315
54.749435 55.132755 -1.330981 -0.476059 262.421539 163.945541 0.405374 0.360695 6.563504 -0.002969
54.882423 55.120613 -1.539848 -0.252767 262.906036 164.677368 0.395234 0.363013 6.540730 0.000191
54.999413 55.127510 -1.704645 -0.130403 263.324951 165.316238 0.384581 0.348602 6.528387 0.002644
55.132404 55.153652 -1.882585 -0.003033 263.796326 166.043808 0.372455 0.313033 6.512416 0.005286
55.249397 55.197372 -2.016485 0.019262 264.207977 166.682892 0.363670 0.261268 6.490692 0.007870
55.383392 55.265778 -2.155211 0.010875 264.673798 167.415054 0.355097 0.174422 6.468783 0.009421
55.499386 55.348774 -2.244478 -0.047299 265.073059 168.049713 0.348373 0.081949 6.453993 0.014798
55.633377 55.491219 -2.280829 -0.204969 265.525909 168.776321 0.344022 -0.031868 6.425074 0.020114
55.751373 55.646179 -2.279895 -0.472462 265.920563 169.413773 0.341656 -0.119747 6.393464 0.022244
55.884365 55.864807 -2.254817 -0.809574 266.370270 170.147827 0.338017 -0.194854 6.365705 0.030642
56.001354 56.100876 -2.215421 -1.025204 266.750122 170.779144 0.333376 -0.233827 6.338795 0.036089
56.134346 56.420452 -2.121624 -1.264123 267.184662 171.506668 0.326688 -0.260887 6.315675 0.042576
56.251335 56.724667 -2.015834 -1.448249 267.557068 172.135696 0.320048 -0.280453 6.288399 0.046567
56.385323 57.128174 -1.901649 -1.622396 267.981354 172.860428 0.308076 -0.303012 6.254678 0.054850
56.501312 57.513313 -1.788716 -1.725901 268.344055 173.487274 0.294837 -0.318637 6.233408 0.059363
56.634300 58.008564 -1.623205 -1.834526 268.758972 174.209427 0.276937 -0.327306 6.200937 0.066758
56.751289 58.482422 -1.455035 -1.853524 269.117004 174.838028 0.258996 -0.326989 6.171431 0.073800
56.885277 59.082222 -1.239368 -1.802725 269.519653 175.550888 0.237948 -0.320590 6.140827 0.081591
57.002266 59.655407 -1.038360 -1.702702 269.870575 176.175827 0.218329 -0.304833 6.113776 0.088937
57.135254 60.365799 -0.796846 -1.487337 270.265747 176.884506 0.196307 -0.261177 6.090696 0.095821
57.252243 61.027367 -0.583656 -1.237750 270.610138 177.506607 0.174659 -0.190828 6.069003 0.101288
57.385231 61.816914 -0.320534 -0.932628 270.999603 178.212479 0.148121 -0.072820 6.053274 0.104703
57.502220 62.531303 -0.057123 -0.590398 271.339661 178.832108 0.124821 0.050212 6.033542 0.107769
57.635208 63.379108 0.233382 -0.069958 271.725037 179.539627 0.099944 0.194040 5.995126 0.111146
57.752197 64.135132 0.471302 0.461557 272.056824 180.149979 0.078847 0.300891 5.983710 0.114448
57.886185 65.029434 0.730812 1.086004 272.436432 180.853760 0.054798 0.390459 5.954500 0.114216
58.003174 65.819160 0.928660 1.625846 272.764740 181.466965 0.036424 0.431550 5.936898 0.116876
58.136162 66.717560 1.126513 2.256090 273.135864 182.163162 0.017679 0.445035 5.923691 0.116799
58.253151 67.510475 1.281462 2.868530 273.461060 182.774063 0.002961 0.441450 5.911988 0.115192
58.386139 68.412392 1.457328 3.634576 273.829865 183.467789 -0.011579 0.432794 5.903834 0.114641
58.503128 69.193535 1.584380 4.332759 274.154663 184.076859 -0.022106 0.421524 5.899006 0.113565
58.636116 70.070068 1.724818 5.154304 274.526093 184.773712 -0.028422 0.392381 5.890032 0.108866
58.753105 70.805275 1.824998 5.804084 274.848877 185.375717 -0.030381 0.343901 5.884406 0.106347
58.886093 71.615768 1.925546 6.569115 275.219269 186.070679 -0.030100 0.259953 5.869868 0.100101
59.003082 72.282455 1.989937 7.183105 275.541565 186.676483 -0.027793 0.171055 5.865616 0.094791
59.137070 73.002495 2.048601 7.843345 275.908478 187.363510 -0.022178 0.056527 5.846985 0.088626
59.253059 73.593193 2.094165 8.400457 276.228119 187.960739 -0.015028 -0.049518 5.833443 0.084358
59.387047 74.244263 2.127398 8.974622 276.598389 188.648163 -0.001842 -0.178261 5.814568 0.081121
59.504036 74.796768 2.132943 9.479161 276.921387 189.245468 0.014071 -0.284337 5.792763 0.077893
59.637024 75.389099 2.132365 10.060832 277.286011 189.921783 0.036379 -0.388455 5.770659 0.072203
59.754013 75.874306 2.117500 10.567448 277.605743 190.514374 0.059089 -0.455761 5.741361 0.067626
59.887001 76.392265 2.099403 11.100308 277.969269 191.184097 0.089827 -0.503789 5.716868 0.063615
60.003990 76.825333 2.084060 11.487315 278.288849 191.769333 0.121328 -0.520648 5.685291 0.061843
