1.20 1.10 20 64
0.140000 0.000174 0.124394 -0.110115 0.995559 -0.000306 -0.134865 0.285857 6.746460 -0.000285
0.257000 -0.019525 0.464553 -0.277646 1.782980 -0.000810 -0.074643 0.282578 6.712719 -0.005245
0.390000 -0.058811 1.055241 -0.402966 2.676794 -0.000647 0.041203 0.270469 6.635865 -0.004989
0.507000 -0.097100 1.690958 -0.539304 3.440744 0.000680 0.164782 0.260579 6.557801 -0.006518
0.640000 -0.154985 2.493020 -0.738032 4.312928 0.001953 0.314857 0.257299 6.473742 -0.007238
0.757000 -0.205223 3.192707 -0.912164 5.061532 0.002760 0.436127 0.262837 6.446121 -0.005457
0.890000 -0.246848 3.973479 -1.103875 5.924952 0.003842 0.551773 0.271159 6.446853 -0.003326
1.007000 -0.276934 4.615341 -1.251353 6.681340 0.004402 0.621552 0.266761 6.480768 -0.002192
1.141000 -0.297416 5.291656 -1.392194 7.541396 0.005799 0.660652 0.233401 6.416342 -0.001003
1.257000 -0.314082 5.842142 -1.523923 8.283347 0.007587 0.660345 0.175729 6.294277 -0.000943
1.391000 -0.330370 6.405046 -1.642813 9.110466 0.009936 0.622705 0.087734 6.171093 -0.000773
1.508000 -0.338606 6.841270 -1.710656 9.824958 0.012618 0.561636 0.004884 6.057454 -0.000606
1.640999 -0.359808 7.216769 -1.731635 10.621185 0.014668 0.468743 -0.082738 5.937430 -0.002429
1.757999 -0.371665 7.416576 -1.734077 11.307402 0.016416 0.372189 -0.149951 5.823365 -0.001563
1.890999 -0.384441 7.480514 -1.794648 12.072923 0.016125 0.257851 -0.215417 5.712322 -0.001121
2.007999 -0.401997 7.377461 -1.791698 12.737615 0.014818 0.164254 -0.263121 5.701751 -0.001964
2.140999 -0.427329 7.060080 -1.768475 13.510619 0.012467 0.073783 -0.304354 5.818931 -0.004119
2.257999 -0.456137 6.627983 -1.744228 14.199064 0.010534 0.018153 -0.326251 5.927193 -0.005113
2.390999 -0.504968 6.021134 -1.612657 14.996074 0.009842 -0.013663 -0.333266 6.037495 -0.008923
2.507999 -0.552730 5.411673 -1.470827 15.710612 0.010567 -0.007771 -0.322427 6.146192 -0.009492
2.641999 -0.615200 4.682443 -1.378065 16.536442 0.008737 0.033581 -0.289941 6.250416 -0.008151
2.758998 -0.660102 4.046131 -1.340719 17.273060 0.004728 0.097410 -0.245165 6.323404 -0.007330
2.891998 -0.710005 3.379936 -1.312577 18.119047 -0.002703 0.188428 -0.182266 6.385612 -0.006619
3.008998 -0.757464 2.861853 -1.324913 18.870823 -0.008786 0.275547 -0.125395 6.452340 -0.007986
3.125998 -0.801030 2.423920 -1.309234 19.629978 -0.014127 0.361113 -0.075118 6.512151 -0.006922
3.258998 -0.847934 2.042216 -1.194925 20.502058 -0.017164 0.448866 -0.029647 6.590568 -0.006337
3.375998 -0.892208 1.819158 -1.057323 21.277983 -0.018601 0.510793 0.005185 6.662456 -0.007094
3.508998 -0.941304 1.687415 -0.913008 22.177383 -0.019965 0.557386 0.052105 6.747470 -0.007100
3.625998 -0.979276 1.670267 -0.747721 22.965923 -0.021274 0.572035 0.108706 6.834703 -0.005004
3.758997 -1.001038 1.794092 -0.490290 23.888180 -0.023468 0.558903 0.194396 6.915979 -0.004642
3.875997 -1.018387 1.997581 -0.214391 24.694468 -0.025507 0.523810 0.278510 6.972962 -0.004130
4.009997 -1.048618 2.334318 0.082722 25.632257 -0.028284 0.459240 0.369881 7.019446 -0.006298
4.125998 -1.072470 2.702219 0.343189 26.455143 -0.029345 0.387909 0.430605 7.043042 -0.005116
4.259998 -1.101837 3.174223 0.609634 27.392511 -0.029601 0.297606 0.465892 7.047051 -0.005838
4.375998 -1.130672 3.610859 0.789506 28.214064 -0.029806 0.217527 0.462985 7.002738 -0.004401
4.509999 -1.149676 4.106788 0.910223 29.142286 -0.032113 0.135218 0.421866 6.955860 -0.003142
4.627000 -1.152897 4.480154 1.031421 29.951378 -0.034660 0.077395 0.357342 6.892310 -0.002177
4.760000 -1.171918 4.825039 1.121927 30.863867 -0.038880 0.032949 0.261607 6.839157 -0.004190
4.877001 -1.197114 5.061777 1.154511 31.660173 -0.042576 0.015000 0.167427 6.783508 -0.005465
5.010001 -1.244491 5.236304 1.110672 32.565403 -0.050444 0.020154 0.058645 6.733620 -0.005164
5.127002 -1.278964 5.311232 1.087835 33.342552 -0.057294 0.043475 -0.032153 6.671866 -0.004352
5.260002 -1.323948 5.279018 1.027635 34.231800 -0.065692 0.089469 -0.134765 6.616744 -0.005067
5.377003 -1.368726 5.145682 0.953382 35.002201 -0.073763 0.139187 -0.225350 6.571068 -0.006065
5.511003 -1.425952 4.872574 0.831506 35.872768 -0.084161 0.197680 -0.327963 6.534354 -0.006257
5.627004 -1.491099 4.550328 0.713355 36.637619 -0.092669 0.245731 -0.409730 6.537379 -0.010500
5.761004 -1.587748 4.099684 0.615058 37.508583 -0.102344 0.291782 -0.481410 6.560566 -0.012951
5.878005 -1.680261 3.636842 0.483618 38.277477 -0.109608 0.321961 -0.521207 6.584073 -0.012475
6.011005 -1.784794 3.070556 0.303300 39.155735 -0.117520 0.340770 -0.543141 6.620201 -0.012020
6.128006 -1.876590 2.551225 0.145192 39.933949 -0.126393 0.342941 -0.545571 6.673715 -0.012295
6.261006 -1.980618 1.977067 -0.015292 40.832783 -0.135686 0.328804 -0.526539 6.729489 -0.012201
6.378006 -2.059474 1.527825 -0.127431 41.616554 -0.143340 0.304827 -0.484285 6.775894 -0.010843
6.511007 -2.147824 1.094995 -0.261183 42.528538 -0.153362 0.267970 -0.400116 6.822487 -0.011914
6.628007 -2.227401 0.812105 -0.435650 43.322483 -0.162427 0.231983 -0.299631 6.854948 -0.010862
6.762008 -2.315425 0.613176 -0.604583 44.242630 -0.172723 0.190771 -0.161909 6.874443 -0.012423
6.878008 -2.396240 0.562143 -0.695638 45.047230 -0.180863 0.159205 -0.031514 6.873226 -0.011397
7.012009 -2.475044 0.620657 -0.797690 45.958836 -0.190682 0.130794 0.121138 6.845690 -0.009297
7.129010 -2.535208 0.755821 -0.903265 46.756714 -0.202144 0.115797 0.252851 6.800690 -0.008569
7.262010 -2.613551 1.004689 -1.042786 47.656666 -0.215667 0.109562 0.389138 6.744395 -0.009391
7.379011 -2.686748 1.288403 -1.175659 48.441643 -0.227604 0.114004 0.486549 6.688452 -0.010982
7.512011 -2.764226 1.642778 -1.304824 49.324196 -0.239698 0.128565 0.563178 6.602633 -0.008660
7.629012 -2.824202 1.937338 -1.329828 50.090366 -0.249316 0.146182 0.599136 6.518739 -0.008293
7.762012 -2.910153 2.237806 -1.298295 50.957287 -0.258415 0.169064 0.607578 6.431963 -0.012128
7.879013 -2.987842 2.442685 -1.217397 51.699577 -0.266315 0.189735 0.589788 6.374421 -0.012416
8.013013 -3.099007 2.582720 -1.100948 52.548943 -0.277266 0.208879 0.542072 6.320147 -0.017073
8.129013 -3.205909 2.609335 -0.991441 53.286312 -0.286522 0.220922 0.478281 6.288201 -0.017047
8.263014 -3.325960 2.520084 -0.872315 54.120800 -0.296120 0.228829 0.386578 6.265167 -0.016483
8.380014 -3.436661 2.333488 -0.710614 54.853577 -0.305984 0.229997 0.296853 6.260967 -0.017778
8.513015 -3.545694 2.013885 -0.562152 55.686199 -0.318095 0.224338 0.194047 6.264518 -0.014043
8.630015 -3.639943 1.647051 -0.412154 56.419464 -0.328656 0.215079 0.105964 6.273284 -0.014556
8.763016 -3.735265 1.162285 -0.224046 57.254726 -0.339748 0.199016 0.006980 6.282640 -0.012434
8.880016 -3.815013 0.695818 -0.085033 57.990788 -0.351110 0.182598 -0.081550 6.297545 -0.011180
9.013017 -3.901537 0.169004 0.057519 58.835354 -0.365755 0.162729 -0.182446 6.310110 -0.012171
9.130017 -3.985768 -0.255528 0.167158 59.568241 -0.379242 0.148990 -0.264114 6.321063 -0.013293
9.264018 -4.083214 -0.664735 0.253025 60.415768 -0.396628 0.142357 -0.345557 6.331394 -0.014680
9.380018 -4.176847 -0.922044 0.219036 61.156372 -0.411702 0.145150 -0.403309 6.329222 -0.013890
9.514019 -4.278947 -1.097021 0.156257 61.996197 -0.428636 0.155939 -0.452846 6.303537 -0.014069
9.630019 -4.370308 -1.158564 0.098191 62.732735 -0.444288 0.171076 -0.479905 6.286907 -0.013207
9.764020 -4.473713 -1.128094 0.053425 63.565517 -0.461275 0.193456 -0.488368 6.237105 -0.014506
9.881021 -4.572831 -1.014928 -0.066691 64.292984 -0.476809 0.216546 -0.477159 6.206389 -0.015016
10.014021 -4.681847 -0.822839 -0.136574 65.115227 -0.493673 0.241901 -0.451342 6.172584 -0.013921
10.131021 -4.760359 -0.614287 -0.141670 65.835480 -0.508754 0.258827 -0.425042 6.145240 -0.010633
10.264022 -4.845704 -0.333245 -0.209339 66.655571 -0.527539 0.268280 -0.392486 6.102408 -0.010253
10.381022 -4.920161 -0.092134 -0.300101 67.361328 -0.546183 0.269315 -0.354922 6.076563 -0.011034
10.515023 -4.994572 0.172251 -0.463410 68.171890 -0.568794 0.260408 -0.288887 6.035393 -0.009516
10.631023 -5.048066 0.365679 -0.593858 68.876053 -0.590322 0.244772 -0.206686 6.013526 -0.006814
10.765024 -5.087089 0.528753 -0.741414 69.673035 -0.615845 0.220260 -0.091267 5.981424 -0.004244
10.881024 -5.111001 0.619882 -0.895080 70.371056 -0.639561 0.194056 0.019527 5.962361 -0.002313
11.015025 -5.141804 0.655890 -1.121005 71.160530 -0.669089 0.165682 0.143930 5.928356 -0.003470
11.132026 -5.170287 0.623023 -1.334592 71.851891 -0.695410 0.143747 0.245936 5.903449 -0.003840
11.265026 -5.183904 0.508445 -1.578206 72.634346 -0.726175 0.123721 0.348416 5.878146 -0.001132
11.382027 -5.186607 0.356658 -1.741626 73.320480 -0.753233 0.113372 0.422462 5.864835 -0.000505
11.515027 -5.188286 0.148791 -1.905180 74.103874 -0.785585 0.109895 0.481897 5.845404 0.000182
11.632028 -5.182271 -0.073275 -1.931838 74.780197 -0.814401 0.113065 0.507700 5.829805 0.001713
11.765028 -5.170984 -0.339407 -1.920232 75.560356 -0.850010 0.125365 0.509724 5.824956 0.002590
11.882029 -5.155957 -0.577705 -1.870991 76.240936 -0.881852 0.142369 0.493963 5.821714 0.001868
12.016029 -5.140554 -0.832537 -1.789123 77.013992 -0.918504 0.165521 0.464103 5.815475 0.002811
12.132030 -5.137378 -1.012463 -1.679566 77.692902 -0.952259 0.188457 0.427959 5.804345 0.000122
12.266030 -5.142269 -1.194286 -1.527354 78.463387 -0.992993 0.212548 0.368224 5.801290 0.000326
12.383031 -5.150828 -1.305465 -1.358423 79.141197 -1.029390 0.229510 0.293744 5.798892 -0.001370
12.516031 -5.171957 -1.374032 -1.079443 79.911781 -1.070607 0.242033 0.188664 5.806008 -0.002522
12.633032 -5.197562 -1.363963 -0.864067 80.590096 -1.108331 0.246162 0.093210 5.806189 -0.002822
12.766032 -5.208019 -1.312414 -0.632566 81.366837 -1.151975 0.242917 -0.000171 5.802510 0.000051
12.883033 -5.216956 -1.252968 -0.418128 82.038307 -1.191130 0.231646 -0.060727 5.788173 -0.001180
13.016033 -5.237314 -1.160180 -0.147762 82.812378 -1.238360 0.213465 -0.114781 5.781333 -0.002986
13.133034 -5.257334 -1.047320 0.138919 83.487198 -1.279606 0.194188 -0.158813 5.771984 -0.001872
13.267035 -5.270060 -0.896969 0.472411 84.251907 -1.327250 0.171566 -0.213389 5.751432 -0.000548
13.383035 -5.275674 -0.740910 0.753959 84.921654 -1.369569 0.153127 -0.266059 5.725952 -0.000755
13.517035 -5.281929 -0.557720 1.088680 85.679039 -1.416917 0.133142 -0.330525 5.691923 0.000811
13.634036 -5.283485 -0.395503 1.287358 86.341957 -1.462159 0.119547 -0.390058 5.671752 -0.000632
13.767036 -5.284441 -0.226157 1.532024 87.092819 -1.515975 0.109379 -0.454112 5.651621 0.000018
13.884037 -5.294086 -0.088886 1.727618 87.750641 -1.563546 0.104587 -0.494467 5.632116 -0.000897
14.001038 -5.294549 0.038064 1.878093 88.406799 -1.611000 0.103518 -0.508144 5.615451 -0.000724
14.134038 -5.292875 0.162301 1.931480 89.150093 -1.666083 0.106796 -0.488718 5.594482 -0.000482
14.251039 -5.303992 0.223999 1.906146 89.801926 -1.715789 0.112613 -0.450231 5.584863 -0.001846
14.384039 -5.318184 0.242103 1.856656 90.540901 -1.773710 0.121466 -0.395716 5.569376 -0.002253
14.501040 -5.334005 0.230679 1.762138 91.190735 -1.824600 0.129389 -0.340932 5.573686 -0.002717
14.634040 -5.350524 0.184227 1.625897 91.935921 -1.880860 0.135525 -0.262942 5.582461 -0.001567
14.751040 -5.361457 0.111517 1.505264 92.582703 -1.929181 0.137637 -0.176109 5.596146 -0.001030
14.885041 -5.377491 0.012376 1.323129 93.331558 -1.985983 0.137411 -0.055057 5.608288 -0.002249
15.001041 -5.393168 -0.093500 1.101084 93.986923 -2.036516 0.135187 0.061939 5.624570 -0.002491
15.135042 -5.401319 -0.220571 0.799862 94.735306 -2.094995 0.130207 0.198520 5.656465 -0.001803
15.252043 -5.413931 -0.322656 0.526598 95.396744 -2.147442 0.125343 0.315586 5.680668 -0.001915
15.385043 -5.434290 -0.410123 0.196570 96.151085 -2.207823 0.120803 0.436556 5.696321 -0.002836
15.502044 -5.442427 -0.435670 -0.100742 96.816338 -2.261552 0.116224 0.524614 5.712196 -0.000880
15.635044 -5.443239 -0.419574 -0.390551 97.574440 -2.321765 0.109854 0.596203 5.719889 0.000784
15.752045 -5.431918 -0.377475 -0.590116 98.241928 -2.373777 0.104289 0.631633 5.724923 0.001845
15.885045 -5.429182 -0.278983 -0.765308 99.006180 -2.434298 0.100020 0.640734 5.719711 -0.000686
16.002045 -5.435172 -0.159339 -0.880978 99.667442 -2.486488 0.096071 0.621392 5.715652 -0.001174
16.135048 -5.455798 -0.002080 -0.982103 100.429192 -2.545066 0.091496 0.565775 5.692326 -0.002690
16.253050 -5.476028 0.172342 -1.073265 101.097572 -2.597138 0.088366 0.485721 5.670710 -0.002797
16.387053 -5.483804 0.356425 -1.118023 101.848503 -2.656998 0.085117 0.362038 5.661548 0.000538
16.504055 -5.492617 0.504566 -1.146887 102.508179 -2.708956 0.082311 0.231176 5.651288 -0.001247
16.637058 -5.512758 0.657304 -1.130812 103.256851 -2.766649 0.079361 0.072482 5.640297 -0.002896
16.754061 -5.538889 0.742282 -1.103807 103.913757 -2.817984 0.076224 -0.059868 5.627542 -0.004568
16.887064 -5.563728 0.803301 -1.056618 104.659653 -2.875912 0.071800 -0.187957 5.622481 -0.002180
17.004066 -5.571599 0.843502 -0.993017 105.315285 -2.926088 0.067609 -0.277064 5.619227 -0.002115
17.137070 -5.572720 0.856553 -0.877795 106.066093 -2.982359 0.065144 -0.356256 5.618881 0.000106
17.254072 -5.566146 0.833157 -0.758159 106.715523 -3.031369 0.064711 -0.409859 5.615230 0.000281
17.387075 -5.561016 0.767662 -0.610175 107.466576 -3.090706 0.064115 -0.456008 5.627229 0.001136
17.504078 -5.545275 0.693003 -0.490043 108.123405 -3.143702 0.065135 -0.480971 5.641314 0.002825
17.638081 -5.517026 0.621161 -0.378149 108.872162 -3.204194 0.066354 -0.492588 5.655504 0.003864
17.754084 -5.492558 0.559747 -0.237376 109.532310 -3.258055 0.067713 -0.493019 5.668948 0.003421
17.888086 -5.470625 0.490741 -0.071289 110.284622 -3.319066 0.069412 -0.488464 5.685437 0.001208
18.005089 -5.452886 0.446697 0.033828 110.949524 -3.372820 0.071884 -0.478938 5.714261 0.002163
18.138092 -5.446873 0.427449 0.215195 111.709137 -3.433147 0.073782 -0.450986 5.741382 -0.000223
18.255095 -5.456024 0.428281 0.380957 112.379860 -3.486456 0.075834 -0.400966 5.759526 -0.002085
18.388098 -5.482936 0.468456 0.537048 113.150574 -3.546779 0.077705 -0.312978 5.770886 -0.003728
18.505100 -5.506092 0.535245 0.607556 113.818550 -3.599831 0.079600 -0.220054 5.783130 -0.002984
18.639103 -5.532579 0.639875 0.657429 114.591537 -3.661721 0.081715 -0.109239 5.789435 -0.003920
18.755106 -5.559977 0.750303 0.678802 115.262054 -3.715083 0.082098 -0.015133 5.802441 -0.003481
18.889109 -5.581061 0.894641 0.662579 116.036911 -3.778566 0.081702 0.096754 5.804460 -0.002867
19.005112 -5.602008 1.030172 0.629033 116.714211 -3.834325 0.080396 0.203118 5.811793 -0.003402
19.139114 -5.629088 1.154213 0.548045 117.485313 -3.897343 0.075712 0.329544 5.826616 -0.003569
19.256117 -5.649773 1.265504 0.446265 118.165260 -3.953047 0.071227 0.432685 5.831501 -0.002732
19.389120 -5.685431 1.385715 0.291620 118.938576 -4.018447 0.066347 0.523100 5.840765 -0.005373
19.506123 -5.723596 1.475737 0.111382 119.620430 -4.075812 0.061719 0.570022 5.852577 -0.005252
19.639126 -5.762307 1.556365 -0.071710 120.402252 -4.140365 0.055941 0.583056 5.853051 -0.004121
19.756128 -5.795770 1.620766 -0.221711 121.080162 -4.196086 0.050942 0.561591 5.870065 -0.005180
19.889132 -5.844818 1.668901 -0.384864 121.865135 -4.259982 0.045961 0.506722 5.884887 -0.006767
20.006134 -5.909617 1.683182 -0.548393 122.545975 -4.315325 0.044104 0.442517 5.893355 -0.008640
20.140137 -5.985882 1.681073 -0.751376 123.333572 -4.379159 0.043207 0.359572 5.893778 -0.008538
20.256140 -6.042776 1.673132 -0.901388 124.023018 -4.435229 0.043850 0.283061 5.922047 -0.007273
20.390142 -6.100513 1.666235 -1.030116 124.808250 -4.500376 0.045714 0.191214 5.928673 -0.007196
20.507145 -6.154715 1.671380 -1.110464 125.500023 -4.557815 0.049396 0.106453 5.935888 -0.007945
20.640148 -6.223975 1.681651 -1.249473 126.287315 -4.624866 0.056887 0.009633 5.943489 -0.008314
20.757151 -6.285249 1.707900 -1.353784 126.981117 -4.684968 0.062659 -0.073993 5.957067 -0.009084
20.890154 -6.367482 1.749918 -1.466003 127.771385 -4.755161 0.069851 -0.170615 5.970934 -0.010771
21.007156 -6.451354 1.769330 -1.535282 128.468475 -4.817155 0.075877 -0.262657 5.986205 -0.011669
21.140160 -6.540241 1.776231 -1.589895 129.267670 -4.888863 0.082074 -0.375957 5.991498 -0.011558
21.257162 -6.620842 1.775498 -1.602682 129.967911 -4.952934 0.086188 -0.471147 6.018868 -0.012513
21.391165 -6.725950 1.783152 -1.587625 130.767059 -5.027814 0.085615 -0.554949 6.044925 -0.014926
21.507168 -6.833341 1.784850 -1.535302 131.471069 -5.095044 0.082664 -0.591925 6.050305 -0.017158
21.641171 -6.972925 1.807500 -1.487750 132.273056 -5.172658 0.076454 -0.584443 6.062185 -0.019300
21.758173 -7.096885 1.835692 -1.482746 132.979813 -5.242799 0.068757 -0.537280 6.075387 -0.017634
21.891176 -7.227022 1.877859 -1.491620 133.785049 -5.322641 0.057578 -0.447852 6.087653 -0.016705
22.008179 -7.355638 1.922054 -1.521066 134.494400 -5.393352 0.048267 -0.348001 6.095144 -0.019783
22.141182 -7.509461 1.979541 -1.566648 135.306442 -5.475095 0.038087 -0.218736 6.092609 -0.020267
22.258184 -7.658752 2.005949 -1.672945 136.009155 -5.548592 0.030535 -0.099131 6.088729 -0.022068
22.391188 -7.821567 2.027215 -1.772011 136.821121 -5.635029 0.023945 0.042124 6.100010 -0.019258
22.508190 -7.946177 2.044219 -1.795284 137.530182 -5.711502 0.021559 0.160865 6.096735 -0.018857
22.641193 -8.089407 2.073970 -1.732448 138.335571 -5.799924 0.023312 0.279917 6.087781 -0.018996
22.758196 -8.226137 2.095446 -1.665813 139.043579 -5.881114 0.026553 0.362459 6.091445 -0.020587
22.892199 -8.381468 2.132256 -1.563577 139.849411 -5.974976 0.032282 0.426386 6.102122 -0.020077
23.009201 -8.509527 2.166087 -1.453429 140.558884 -6.057757 0.038173 0.455207 6.105927 -0.019346
23.142204 -8.648523 2.195268 -1.303411 141.365326 -6.152652 0.043595 0.456828 6.108475 -0.018930
23.259207 -8.770994 2.212632 -1.217069 142.075272 -6.237376 0.046372 0.432820 6.113953 -0.018695
23.392210 -8.912113 2.242007 -1.064777 142.883163 -6.336288 0.047370 0.384722 6.121870 -0.019083
23.509212 -9.042852 2.266216 -0.912988 143.593430 -6.425324 0.048289 0.335401 6.116579 -0.021052
23.626215 -9.171245 2.297893 -0.735913 144.303650 -6.514988 0.049316 0.287910 6.118381 -0.020070
23.759218 -9.321698 2.348339 -0.528760 145.110168 -6.617855 0.047878 0.235624 6.111389 -0.021775
23.876221 -9.471933 2.406323 -0.356376 145.820190 -6.709616 0.044888 0.182235 6.122127 -0.024268
24.009224 -9.644856 2.497824 -0.217521 146.633713 -6.817239 0.042047 0.103736 6.125640 -0.023063
24.126226 -9.798839 2.577523 -0.154633 147.337845 -6.911855 0.038830 0.023371 6.125039 -0.024734
24.259230 -9.987000 2.658901 -0.136648 148.150284 -7.021370 0.034410 -0.071506 6.109647 -0.025401
24.376232 -10.165899 2.731478 -0.127357 148.856949 -7.118001 0.030754 -0.150020 6.092585 -0.026891
24.510235 -10.374125 2.814767 -0.116294 149.659058 -7.227835 0.027226 -0.238034 6.084831 -0.027611
24.626238 -10.570524 2.906464 -0.098589 150.362396 -7.323601 0.024905 -0.321007 6.057423 -0.030061
24.760241 -10.806742 3.006448 -0.175771 151.159607 -7.433388 0.023325 -0.418462 6.046884 -0.030422
24.877243 -11.020909 3.078325 -0.296720 151.860428 -7.530746 0.022913 -0.491905 6.046525 -0.031583
25.010246 -11.278864 3.134727 -0.476090 152.656601 -7.641746 0.022583 -0.538220 6.041015 -0.034504
25.127249 -11.529342 3.148587 -0.598520 153.356247 -7.739071 0.023140 -0.533784 6.034556 -0.037408
25.260252 -11.838284 3.177078 -0.736427 154.157578 -7.851403 0.026144 -0.476252 6.034578 -0.040303
25.377254 -12.115717 3.198577 -0.870495 154.850296 -7.950006 0.030367 -0.389837 6.030871 -0.041324
25.510258 -12.445216 3.195308 -1.041901 155.650177 -8.065176 0.035806 -0.262739 6.028743 -0.042455
25.627260 -12.734660 3.182880 -1.139200 156.347961 -8.166406 0.040276 -0.141818 6.021963 -0.041963
25.761263 -13.077729 3.190504 -1.296728 157.140182 -8.284454 0.044445 -0.009592 6.020048 -0.044885
25.877266 -13.377640 3.193064 -1.409197 157.836014 -8.390475 0.047163 0.089775 6.013186 -0.042615
26.011269 -13.740188 3.199176 -1.541414 158.625351 -8.512730 0.047576 0.175608 6.001862 -0.048364
26.128271 -14.085398 3.207977 -1.707884 159.319229 -8.621831 0.044722 0.228093 6.002223 -0.049999
26.261274 -14.484767 3.204668 -1.927158 160.107056 -8.747279 0.039067 0.271032 5.993259 -0.050379
26.378277 -14.839355 3.199522 -2.071684 160.800156 -8.858942 0.030933 0.303788 6.002387 -0.052669
26.511280 -15.257136 3.201159 -2.209684 161.593277 -8.987157 0.019823 0.343643 5.992826 -0.055009
26.628283 -15.652575 3.193587 -2.362157 162.278625 -9.099959 0.010311 0.381731 5.983578 -0.058616
26.762285 -16.117207 3.187795 -2.562532 163.068634 -9.234432 0.000320 0.426124 5.976749 -0.059192
26.878288 -16.532335 3.194967 -2.732731 163.757111 -9.354748 -0.006257 0.457759 5.970799 -0.060015
27.012291 -17.015005 3.223808 -2.956138 164.537903 -9.494799 -0.008765 0.472542 5.960243 -0.063280
27.128294 -17.464109 3.282259 -3.137002 165.222839 -9.621580 -0.007266 0.455331 5.948896 -0.066650
27.262297 -18.005045 3.374594 -3.367738 165.999222 -9.768735 -0.004205 0.394914 5.934014 -0.070763
27.379299 -18.498375 3.480846 -3.581949 166.679886 -9.901007 -0.001581 0.311475 5.918802 -0.071711
27.512302 -19.071777 3.609754 -3.849084 167.449570 -10.054547 0.001589 0.198088 5.885383 -0.074240
27.629305 -19.592335 3.687721 -4.112035 168.122467 -10.193762 0.004836 0.095325 5.867297 -0.074938
27.762308 -20.201580 3.777222 -4.394535 168.884964 -10.354404 0.006752 -0.017325 5.852167 -0.079266
27.879311 -20.769073 3.881420 -4.670312 169.553299 -10.499379 0.007074 -0.110437 5.842833 -0.083675
28.012314 -21.463219 3.998785 -5.079746 170.315842 -10.669864 0.004610 -0.207267 5.823659 -0.089029
28.129316 -22.090559 4.102648 -5.410560 170.973450 -10.819590 0.000956 -0.279149 5.807690 -0.093404
28.262320 -22.841579 4.213918 -5.789650 171.728745 -10.996713 -0.003967 -0.348263 5.779667 -0.096204
28.379322 -23.505560 4.308117 -6.111127 172.385040 -11.154347 -0.009479 -0.400321 5.763567 -0.095380
28.513325 -24.270292 4.402316 -6.478609 173.127167 -11.336695 -0.017006 -0.452927 5.733808 -0.098209
28.630327 -24.962624 4.473183 -6.752939 173.776672 -11.499369 -0.024945 -0.488217 5.715898 -0.101240
28.763330 -25.778893 4.552238 -7.039409 174.511002 -11.688067 -0.032655 -0.502747 5.688375 -0.104391
28.880333 -26.507988 4.602720 -7.258446 175.153030 -11.857688 -0.039151 -0.485380 5.667888 -0.106788
29.013336 -27.347612 4.645513 -7.450886 175.879440 -12.053594 -0.045502 -0.435102 5.647680 -0.108608
29.130339 -28.084654 4.698371 -7.600676 176.514725 -12.229291 -0.050048 -0.375860 5.624295 -0.108404
29.263342 -28.934284 4.784554 -7.743396 177.239410 -12.432878 -0.052223 -0.304655 5.610778 -0.110041
29.380344 -29.684114 4.875512 -7.872922 177.863312 -12.611315 -0.051086 -0.243076 5.580944 -0.111513
29.513348 -30.567938 5.002434 -7.980808 178.578613 -12.820842 -0.048867 -0.166521 5.545087 -0.114537
29.630350 -31.353239 5.121334 -8.119846 179.198608 -13.007457 -0.045762 -0.088502 5.524967 -0.116181
29.764353 -32.285976 5.264785 -8.322166 179.897781 -13.223461 -0.041016 0.014050 5.485934 -0.123359
29.880356 -33.139812 5.371720 -8.519732 180.508530 -13.416594 -0.036993 0.111866 5.465809 -0.124491
30.014359 -34.108677 5.506176 -8.799021 181.197159 -13.638878 -0.032876 0.222721 5.419501 -0.123822
30.131361 -34.967361 5.633172 -9.127227 181.796616 -13.838511 -0.028980 0.314386 5.390532 -0.123034
30.264364 -35.945290 5.787954 -9.553196 182.471878 -14.069000 -0.025074 0.408059 5.349907 -0.122268
30.381367 -36.802982 5.914548 -9.929326 183.062637 -14.273097 -0.021566 0.479124 5.339347 -0.122133
30.514370 -37.789761 6.038080 -10.419179 183.737534 -14.508500 -0.017748 0.541174 5.333054 -0.121620
30.631372 -38.657093 6.120270 -10.881903 184.319122 -14.713396 -0.015573 0.568837 5.306874 -0.123461
30.764376 -39.669632 6.210353 -11.486388 184.984985 -14.953317 -0.013073 0.557574 5.269027 -0.124302
30.881378 -40.569206 6.262506 -12.053246 185.562622 -15.166253 -0.010383 0.504036 5.255734 -0.125984
31.015381 -41.589298 6.308154 -12.750222 186.214874 -15.411099 -0.004558 0.400779 5.227889 -0.123178
31.131384 -42.486900 6.340177 -13.362020 186.785126 -15.628356 0.004002 0.289848 5.208970 -0.123931
31.265387 -43.509678 6.383868 -14.078994 187.429504 -15.876040 0.017377 0.166425 5.176434 -0.123470
31.382389 -44.390049 6.431748 -14.703052 187.992355 -16.096195 0.032945 0.074524 5.164330 -0.119870
31.515392 -45.361908 6.496800 -15.338440 188.629791 -16.347414 0.055302 -0.008969 5.142473 -0.117893
31.632395 -46.200844 6.553439 -15.878859 189.187561 -16.570473 0.077749 -0.072562 5.130608 -0.114592
31.765398 -47.125069 6.633828 -16.530441 189.824173 -16.828838 0.106876 -0.145498 5.125706 -0.108256
31.882401 -47.891918 6.713195 -17.093985 190.373978 -17.054535 0.133018 -0.212204 5.119405 -0.103796
32.015404 -48.772419 6.803337 -17.767046 191.007492 -17.316954 0.165463 -0.288882 5.113035 -0.105296
32.132393 -49.534840 6.875136 -18.379292 191.559830 -17.548355 0.193910 -0.348290 5.119191 -0.101774
32.266380 -50.385555 6.972731 -19.056219 192.187225 -17.813412 0.224983 -0.400526 5.129739 -0.100521
32.383369 -51.111050 7.055895 -19.670927 192.739807 -18.046949 0.251798 -0.429804 5.130137 -0.094599
32.516357 -51.902973 7.141113 -20.426865 193.368835 -18.314180 0.282436 -0.442307 5.138266 -0.090604
32.633347 -52.579758 7.205574 -21.125235 193.922607 -18.549648 0.308804 -0.434080 5.151122 -0.085272
32.766335 -53.319454 7.264255 -21.844923 194.552856 -18.816425 0.337597 -0.402305 5.141396 -0.082805
32.883324 -53.935406 7.279329 -22.498135 195.105347 -19.051502 0.362260 -0.355128 5.127147 -0.076809
33.016312 -54.614872 7.256747 -23.258335 195.735825 -19.322182 0.387888 -0.280477 5.126036 -0.074242
33.133301 -55.180130 7.197890 -23.858202 196.282379 -19.556931 0.410467 -0.200480 5.124019 -0.072964
33.267288 -55.802017 7.080828 -24.480808 196.911423 -19.829531 0.437656 -0.095059 5.111966 -0.069749
33.383278 -56.313831 6.934717 -24.898920 197.455139 -20.066353 0.462140 0.001712 5.116573 -0.068749
33.517265 -56.870220 6.715677 -25.351446 198.084122 -20.341825 0.493000 0.112430 5.130521 -0.063347
33.633255 -57.321312 6.497498 -25.667759 198.633820 -20.584072 0.520792 0.201890 5.136105 -0.060635
33.751247 -57.740200 6.273488 -25.871048 199.186676 -20.829428 0.549031 0.279081 5.121170 -0.056354
33.885235 -58.154484 6.005251 -26.106548 199.808884 -21.108494 0.581134 0.342001 5.134391 -0.048827
34.001225 -58.479095 5.782377 -26.234644 200.356201 -21.355659 0.609791 0.371984 5.130085 -0.044601
34.135212 -58.782726 5.541545 -26.326851 200.976654 -21.638987 0.641844 0.379725 5.124110 -0.034696
34.252201 -58.995178 5.329597 -26.387156 201.519806 -21.891233 0.670550 0.371455 5.113544 -0.028084
34.385189 -59.181828 5.103458 -26.311684 202.135345 -22.180223 0.700923 0.353383 5.108410 -0.022790
34.502178 -59.294376 4.922797 -26.108860 202.676163 -22.436476 0.725463 0.330828 5.117908 -0.016724
34.635166 -59.355122 4.734178 -25.816912 203.293991 -22.733448 0.751240 0.294429 5.117858 -0.007527
34.752155 -59.348606 4.582270 -25.512287 203.827820 -22.994509 0.770819 0.254676 5.123246 -0.000062
34.885143 -59.275360 4.382638 -25.071941 204.443314 -23.301149 0.790171 0.206125 5.142569 0.008019
35.002132 -59.157600 4.210524 -24.640356 204.977325 -23.570400 0.804871 0.165891 5.161584 0.016290
35.136120 -58.960011 4.025101 -24.021788 205.593704 -23.886868 0.820320 0.116138 5.177047 0.023202
35.252110 -58.739410 3.871968 -23.444267 206.130386 -24.167721 0.831167 0.059653 5.179893 0.029359
35.386097 -58.441360 3.712152 -22.746311 206.739120 -24.493509 0.840168 -0.027121 5.199693 0.036683
35.503086 -58.135109 3.587758 -22.110815 207.273682 -24.786236 0.845755 -0.119841 5.214274 0.043562
35.636074 -57.737999 3.458216 -21.418804 207.879807 -25.126940 0.848177 -0.231382 5.234737 0.048223
35.753063 -57.357178 3.335598 -20.720047 208.411072 -25.433554 0.845428 -0.323878 5.253438 0.053300
35.886051 -56.871883 3.186787 -19.809708 209.014282 -25.788574 0.841218 -0.415068 5.271437 0.059383
36.003040 -56.415359 3.047475 -18.905907 209.542557 -26.107693 0.834601 -0.479697 5.280982 0.062071
36.136028 -55.867008 2.856800 -17.825136 210.145889 -26.482315 0.824471 -0.531823 5.316048 0.065848
36.253017 -55.347870 2.661690 -16.786743 210.668518 -26.813589 0.815808 -0.552494 5.349010 0.073468
36.387005 -54.718807 2.389710 -15.470264 211.271255 -27.205637 0.803483 -0.540805 5.375151 0.075383
36.502995 -54.147675 2.136662 -14.224197 211.794449 -27.556736 0.789608 -0.496237 5.394597 0.080757
36.636982 -53.450180 1.813841 -12.652026 212.388336 -27.965738 0.772532 -0.408893 5.441884 0.088091
36.752972 -52.797916 1.506475 -11.183357 212.908920 -28.334709 0.757388 -0.305461 5.462710 0.093615
36.886959 -52.023552 1.134602 -9.471740 213.497406 -28.765007 0.740167 -0.164422 5.500644 0.097635
37.003948 -51.331757 0.801678 -7.986068 214.012863 -29.153723 0.722824 -0.025734 5.531272 0.102253
37.136936 -50.505600 0.389800 -6.160708 214.597244 -29.606585 0.700485 0.138832 5.582573 0.108628
37.253925 -49.748734 -0.001786 -4.461918 215.110504 -30.014421 0.679873 0.276827 5.617275 0.115010
37.386913 -48.862141 -0.459735 -2.556014 215.691223 -30.489355 0.656418 0.410582 5.657531 0.119491
37.503902 -48.057468 -0.859341 -0.885390 216.199524 -30.918219 0.634903 0.499579 5.700838 0.125566
37.636890 -47.092484 -1.334001 1.068848 216.778061 -31.422003 0.607345 0.568025 5.740936 0.134373
37.753880 -46.223431 -1.760476 2.777146 217.279907 -31.872822 0.581534 0.601916 5.776987 0.137377
37.887867 -45.227898 -2.253925 4.532650 217.846390 -32.396851 0.551056 0.613456 5.821450 0.140442
38.004856 -44.330475 -2.691996 5.971611 218.342407 -32.866802 0.525238 0.598561 5.850934 0.145479
38.137844 -43.284683 -3.160724 7.460152 218.899292 -33.413418 0.495243 0.551671 5.875171 0.148691
38.254833 -42.347393 -3.541052 8.681611 219.384140 -33.901478 0.468815 0.486447 5.881387 0.152244
38.387821 -41.267654 -3.950366 9.944093 219.929077 -34.462479 0.439437 0.392670 5.877070 0.152859
38.504810 -40.294476 -4.262617 10.928697 220.402161 -34.958931 0.414945 0.297261 5.850992 0.155514
38.637798 -39.183868 -4.535571 11.888721 220.935623 -35.529495 0.389546 0.172248 5.811649 0.154096
38.754787 -38.216972 -4.701138 12.571822 221.389282 -36.024479 0.369669 0.047075 5.767627 0.154086
38.887775 -37.103989 -4.804691 13.195831 221.903183 -36.595585 0.348024 -0.110848 5.706710 0.150869
39.004765 -36.141758 -4.822923 13.580806 222.341965 -37.093361 0.329455 -0.244508 5.640136 0.145676
39.138752 -35.090195 -4.744567 13.839086 222.828888 -37.654160 0.308358 -0.369784 5.541653 0.136168
39.254742 -34.217651 -4.597366 13.940873 223.247253 -38.141407 0.287470 -0.451241 5.446637 0.128472
39.388729 -33.277618 -4.349403 13.956553 223.711533 -38.685616 0.262647 -0.520176 5.330962 0.119851
39.505718 -32.517090 -4.069314 13.832404 224.110352 -39.157040 0.239693 -0.566767 5.236301 0.107222
39.638706 -31.711449 -3.672746 13.584360 224.554031 -39.682774 0.209495 -0.594772 5.122540 0.099598
39.755695 -31.059559 -3.278783 13.261274 224.936401 -40.135235 0.180621 -0.583289 5.024734 0.090531
39.888683 -30.391798 -2.788197 12.780062 225.366165 -40.641491 0.145141 -0.526035 4.898518 0.079254
40.005672 -29.880552 -2.351486 12.334160 225.732208 -41.066368 0.114852 -0.454822 4.794843 0.069586
40.138660 -29.357285 -1.834385 11.739358 226.149628 -41.545174 0.083684 -0.373364 4.700555 0.061699
40.255650 -28.972307 -1.387291 11.136786 226.510620 -41.951996 0.060613 -0.311002 4.611541 0.050502
40.389637 -28.619844 -0.897206 10.383739 226.918701 -42.402843 0.038327 -0.241736 4.544945 0.039963
40.506626 -28.374640 -0.512187 9.611256 227.277420 -42.789009 0.021820 -0.172265 4.482374 0.031439
40.639614 -28.171453 -0.140333 8.770865 227.686340 -43.217503 0.010424 -0.081127 4.437156 0.021963
40.755604 -28.056822 0.149735 7.970152 228.048660 -43.587780 0.007064 0.005625 4.421247 0.015025
40.889591 -27.973785 0.454795 6.921998 228.465439 -44.001163 0.009508 0.106399 4.413669 0.008716
41.006580 -27.952761 0.689207 5.940318 228.837967 -44.358532 0.015594 0.196357 4.414335 0.002242
41.139568 -27.977432 0.896168 4.755491 229.271774 -44.762260 0.027565 0.302463 4.428528 -0.004287
41.256557 -28.042250 1.026752 3.696206 229.654526 -45.107857 0.043414 0.397485 4.458765 -0.008963
41.389545 -28.160101 1.125239 2.468446 230.106003 -45.504112 0.065244 0.506368 4.507628 -0.014832
41.506535 -28.308142 1.179456 1.378006 230.511002 -45.847446 0.088041 0.589817 4.556913 -0.021839
41.640522 -28.539253 1.216202 0.162012 230.983521 -46.235546 0.116187 0.653982 4.624929 -0.028929
41.756512 -28.767332 1.240616 -0.836904 231.411407 -46.574615 0.140201 0.672025 4.691540 -0.031500
41.890499 -29.056210 1.267441 -1.961798 231.911423 -46.959923 0.165626 0.646858 4.782261 -0.036124
42.007488 -29.332626 1.289290 -2.901749 232.364136 -47.298279 0.187746 0.589784 4.865752 -0.038312
42.140476 -29.659742 1.314453 -3.886869 232.893585 -47.683292 0.209211 0.490051 4.956952 -0.041223
42.257465 -29.970901 1.321282 -4.696893 233.371964 -48.022491 0.224821 0.372652 5.048500 -0.043922
42.390453 -30.348570 1.316513 -5.485754 233.934326 -48.412270 0.238371 0.207829 5.147058 -0.047443
42.507442 -30.698317 1.319744 -6.047887 234.433441 -48.751328 0.246862 0.050358 5.237779 -0.052490
42.640430 -31.114838 1.319697 -6.496052 235.024155 -49.144836 0.253216 -0.128835 5.336090 -0.051869
42.757420 -31.485373 1.349108 -6.763057 235.547241 -49.487545 0.257907 -0.267971 5.426931 -0.053546
42.891407 -31.913912 1.391945 -6.910244 236.164520 -49.885551 0.260938 -0.403093 5.518243 -0.055325
43.007397 -32.281013 1.432733 -6.884572 236.714264 -50.234707 0.262709 -0.495661 5.597204 -0.055085
43.141384 -32.693081 1.471627 -6.689826 237.350479 -50.633221 0.263204 -0.566141 5.674790 -0.054760
43.257374 -33.048168 1.501930 -6.415290 237.918869 -50.985653 0.265002 -0.590974 5.745049 -0.052949
43.391361 -33.438766 1.536160 -6.010643 238.574524 -51.388935 0.269392 -0.576316 5.816975 -0.051569
43.508350 -33.764305 1.554762 -5.554705 239.159180 -51.745838 0.275184 -0.536075 5.878033 -0.049265
43.625340 -34.076786 1.600097 -4.997344 239.750717 -52.105026 0.283863 -0.485576 5.934606 -0.047893
43.758327 -34.421768 1.631621 -4.260121 240.429657 -52.515800 0.296760 -0.428954 5.990418 -0.047812
43.875317 -34.706223 1.656179 -3.597177 241.032318 -52.880283 0.310811 -0.379469 6.038618 -0.043455
44.008305 -35.004158 1.674222 -2.826072 241.728607 -53.301117 0.328024 -0.314024 6.096056 -0.040148
44.125294 -35.247593 1.686578 -2.175055 242.336975 -53.668468 0.344505 -0.245807 6.146071 -0.039228
44.258282 -35.518066 1.669685 -1.426413 243.045380 -54.096058 0.364748 -0.160460 6.197252 -0.037173
44.375271 -35.735413 1.631992 -0.781302 243.663239 -54.469391 0.379111 -0.089023 6.240634 -0.034191
44.508259 -35.976036 1.556276 -0.108165 244.382309 -54.904938 0.392626 -0.011688 6.298586 -0.033483
44.625248 -36.172840 1.461725 0.429827 245.010529 -55.284737 0.402262 0.056229 6.348999 -0.030254
44.759235 -36.388660 1.357204 1.015538 245.740921 -55.727409 0.411808 0.141313 6.393062 -0.029934
44.875225 -36.570526 1.278078 1.468615 246.382919 -56.118946 0.418135 0.220604 6.445373 -0.027844
45.009212 -36.769783 1.177653 1.878961 247.117142 -56.567802 0.421413 0.312872 6.484869 -0.026547
45.126202 -36.947472 1.090772 2.123793 247.764999 -56.967064 0.420902 0.395700 6.521231 -0.027595
45.259190 -37.150326 0.988180 2.331087 248.511307 -57.427010 0.418512 0.490820 6.557088 -0.026905
45.376179 -37.326065 0.892786 2.400895 249.161011 -57.828037 0.415601 0.564577 6.600343 -0.026962
45.509167 -37.532452 0.781541 2.351923 249.915512 -58.293762 0.411344 0.620937 6.629140 -0.026332
45.626156 -37.699150 0.671427 2.195809 250.570847 -58.700134 0.406017 0.631169 6.658263 -0.022705
45.759144 -37.871189 0.534480 2.002409 251.331329 -59.170712 0.399804 0.594403 6.682923 -0.021545
45.876133 -38.027611 0.423778 1.781565 251.990768 -59.581207 0.394972 0.526072 6.704753 -0.022955
46.010120 -38.194473 0.296134 1.447712 252.752686 -60.058811 0.391567 0.414747 6.716954 -0.020901
46.126110 -38.309570 0.195229 1.043305 253.417908 -60.478050 0.391250 0.297259 6.725828 -0.014633
46.260098 -38.410931 0.136347 0.514852 254.173096 -60.958477 0.394288 0.151032 6.735967 -0.012123
46.377087 -38.472954 0.117299 0.065608 254.838821 -61.382519 0.398030 0.022390 6.751943 -0.007821
46.510075 -38.519943 0.127876 -0.506672 255.596741 -61.867500 0.403315 -0.111363 6.774463 -0.005175
46.627064 -38.539986 0.150238 -1.001005 256.264648 -62.295975 0.406940 -0.209435 6.787785 -0.001442
46.760052 -38.537910 0.191388 -1.517511 257.025269 -62.785446 0.409688 -0.294083 6.805839 0.002784
46.877041 -38.518124 0.235418 -2.008306 257.693359 -63.219685 0.409828 -0.346840 6.812278 0.003643
47.010029 -38.471230 0.309689 -2.507596 258.458893 -63.718624 0.408927 -0.393441 6.823129 0.007897
47.127018 -38.402660 0.398809 -2.880469 259.122009 -64.153137 0.405402 -0.434290 6.844688 0.012798
47.261005 -38.307701 0.530232 -3.299083 259.887939 -64.659851 0.400580 -0.490391 6.858098 0.013980
47.376995 -38.196247 0.644482 -3.602340 260.555969 -65.104774 0.394516 -0.541940 6.858018 0.018929
47.510983 -38.036678 0.770499 -3.840178 261.315094 -65.612053 0.387372 -0.584809 6.869588 0.022256
47.627972 -37.876900 0.874568 -3.983589 261.981842 -66.060501 0.379559 -0.591233 6.869020 0.025132
47.760960 -37.674171 0.986755 -4.059100 262.737946 -66.572845 0.368404 -0.550717 6.864886 0.026913
47.877949 -37.483135 1.067115 -4.070949 263.401276 -67.025627 0.358190 -0.473327 6.864635 0.029903
48.010937 -37.243797 1.155233 -3.964974 264.155884 -67.540504 0.347030 -0.348329 6.870699 0.031494
48.127926 -37.029278 1.222778 -3.810930 264.818604 -67.994583 0.336902 -0.219640 6.864374 0.031339
48.260914 -36.777058 1.283960 -3.524389 265.576691 -68.515366 0.324545 -0.067819 6.859763 0.033614
48.377903 -36.541996 1.327474 -3.183353 266.231232 -68.967491 0.315146 0.054156 6.854666 0.035048
48.511890 -36.262836 1.328685 -2.722431 266.986969 -69.491211 0.306331 0.172121 6.867697 0.033828
48.627880 -36.033901 1.288860 -2.259604 267.645935 -69.950569 0.301111 0.249633 6.865709 0.031949
48.761868 -35.774754 1.229461 -1.620597 268.396179 -70.473022 0.299461 0.311456 6.879435 0.030792
48.878857 -35.544209 1.165208 -1.023156 269.058014 -70.932968 0.301225 0.352147 6.895246 0.032863
49.011845 -35.264042 1.080540 -0.361103 269.811096 -71.458282 0.304535 0.393827 6.911872 0.035774
49.128834 -34.993912 0.998461 0.243622 270.474457 -71.922173 0.307743 0.428160 6.921903 0.040956
49.261822 -34.668236 0.942619 0.890146 271.229004 -72.451653 0.310967 0.455387 6.939347 0.041196
49.378811 -34.390724 0.916173 1.394027 271.894073 -72.918419 0.310841 0.459741 6.949198 0.039441
49.511799 -34.087288 0.915389 1.932415 272.656952 -73.454109 0.306354 0.439094 6.962488 0.038323
49.628788 -33.825607 0.947364 2.356394 273.319061 -73.919395 0.300676 0.403985 6.987975 0.038990
49.762775 -33.516762 1.002244 2.714244 274.085083 -74.459015 0.291727 0.351436 6.999378 0.040161
49.878765 -33.259083 1.082149 2.920869 274.755371 -74.931244 0.282260 0.298585 7.011168 0.036755
50.012753 -32.985435 1.216177 3.040944 275.517151 -75.468056 0.269831 0.231228 7.003981 0.034974
50.128742 -32.754845 1.358901 3.061472 276.187347 -75.939713 0.257418 0.163678 7.001050 0.032981
50.262730 -32.526478 1.547284 3.016849 276.949860 -76.473045 0.240902 0.073938 6.986707 0.029027
50.379719 -32.344101 1.730216 2.889678 277.620148 -76.939255 0.223949 -0.017944 6.969806 0.027243
50.512707 -32.160038 1.947960 2.628645 278.379700 -77.465599 0.206991 -0.129770 6.928428 0.025176
50.629696 -32.012535 2.119379 2.267915 279.046722 -77.925774 0.192619 -0.220305 6.921565 0.022331
50.762684 -31.863987 2.290643 1.797294 279.810730 -78.447701 0.176166 -0.296776 6.899186 0.020389
50.879673 -31.746702 2.406261 1.366662 280.472504 -78.894661 0.165033 -0.334356 6.874195 0.018907
51.013660 -31.647717 2.492536 0.833167 281.236664 -79.408096 0.154763 -0.350905 6.864301 0.014633
51.129650 -31.574970 2.555541 0.348431 281.902924 -79.854858 0.146645 -0.349060 6.848286 0.013415
51.264641 -31.523472 2.603936 -0.233553 282.665649 -80.363106 0.139421 -0.329439 6.836388 0.008729
51.380630 -31.498838 2.611265 -0.722644 283.332062 -80.803215 0.137256 -0.294831 6.816705 0.005907
51.514618 -31.477566 2.607926 -1.252638 284.089386 -81.300385 0.138494 -0.239113 6.815013 0.005189
51.631607 -31.469879 2.619834 -1.706235 284.757263 -81.735069 0.142348 -0.186404 6.809102 0.001891
51.764595 -31.483606 2.622964 -2.189050 285.515686 -82.228035 0.147736 -0.135483 6.799209 0.000400
51.881584 -31.503902 2.614511 -2.613802 286.182861 -82.661057 0.153074 -0.102319 6.797021 -0.001668
52.014572 -31.536835 2.598601 -2.985177 286.942963 -83.151741 0.157916 -0.072424 6.805102 -0.002548
52.131561 -31.574873 2.594472 -3.227688 287.614410 -83.580772 0.161486 -0.046538 6.810306 -0.005050
52.264549 -31.634762 2.593510 -3.413651 288.384705 -84.069702 0.163362 -0.013657 6.804542 -0.007656
52.381538 -31.701036 2.588274 -3.560227 289.057526 -84.495789 0.162670 0.017414 6.810635 -0.009842
52.515526 -31.797205 2.604526 -3.761318 289.824341 -84.979271 0.160458 0.055695 6.820447 -0.012603
52.631516 -31.904579 2.653115 -3.938719 290.500702 -85.403267 0.156450 0.093196 6.825707 -0.017119
52.765503 -32.062675 2.747827 -4.137974 291.271729 -85.883621 0.149319 0.139237 6.833031 -0.021252
52.882492 -32.221184 2.835397 -4.344862 291.951874 -86.305023 0.143264 0.176288 6.838244 -0.023261
53.015480 -32.421257 2.961623 -4.514840 292.726776 -86.779747 0.136795 0.202872 6.829547 -0.027085
53.132469 -32.625801 3.098267 -4.672546 293.409027 -87.195946 0.131273 0.205354 6.828311 -0.031050
53.265457 -32.885639 3.270529 -4.835421 294.184418 -87.667587 0.125026 0.183870 6.815683 -0.034500
53.382446 -33.127155 3.423451 -4.944869 294.866211 -88.079735 0.121277 0.148503 6.802161 -0.035882
53.499435 -33.390018 3.578684 -5.026162 295.547974 -88.489861 0.120297 0.104355 6.795447 -0.040312
53.632423 -33.717033 3.756537 -5.066708 296.329987 -88.955353 0.121851 0.053216 6.780173 -0.043771
53.749413 -34.016815 3.909135 -5.096718 297.005615 -89.355659 0.124370 0.018916 6.757638 -0.046447
53.882401 -34.388287 4.077481 -5.057118 297.784271 -89.815140 0.128894 0.001187 6.743785 -0.050373
53.999390 -34.736511 4.188777 -4.984287 298.457336 -90.212730 0.133084 0.004428 6.729447 -0.055165
54.133377 -35.171043 4.270189 -4.859946 299.235382 -90.669373 0.134998 0.016591 6.735563 -0.059856
54.249367 -35.585854 4.285699 -4.741853 299.914734 -91.066620 0.134981 0.021647 6.724647 -0.065453
54.383354 -36.096439 4.244005 -4.551701 300.687805 -91.515388 0.133669 0.015172 6.717712 -0.071942
54.500343 -36.596966 4.185771 -4.429246 301.368347 -91.906700 0.131477 0.002032 6.704623 -0.077858
54.633331 -37.201210 4.095257 -4.411096 302.139801 -92.350975 0.126948 -0.018748 6.685423 -0.080906
54.750320 -37.746788 3.988791 -4.403638 302.816986 -92.740898 0.121360 -0.046079 6.669262 -0.081652
54.883308 -38.386108 3.861614 -4.410882 303.583954 -93.184441 0.113096 -0.091306 6.658016 -0.084526
55.000298 -38.965324 3.749929 -4.433537 304.258606 -93.573700 0.104910 -0.136768 6.653741 -0.087539
55.133286 -39.638557 3.626147 -4.507701 305.029846 -94.018288 0.096921 -0.176052 6.632411 -0.086376
55.250275 -40.231667 3.515514 -4.627715 305.694733 -94.402138 0.092142 -0.185676 6.609294 -0.089024
55.384262 -40.937016 3.393303 -4.856767 306.459839 -94.843872 0.088135 -0.167486 6.580307 -0.089941
55.500252 -41.551243 3.321129 -5.133484 307.124420 -95.228348 0.087438 -0.135187 6.541979 -0.087338
55.634239 -42.241631 3.266978 -5.578743 307.873535 -95.663429 0.089603 -0.092263 6.497391 -0.086682
55.751228 -42.852753 3.229066 -6.085871 308.526764 -96.045792 0.092947 -0.054699 6.450730 -0.085963
55.884216 -43.528511 3.180048 -6.643326 309.264069 -96.478516 0.097361 -0.013843 6.406247 -0.083035
56.001205 -44.103279 3.158833 -7.114415 309.907074 -96.856529 0.101875 0.020254 6.353423 -0.079337
56.134193 -44.740025 3.161764 -7.658659 310.633026 -97.284355 0.108272 0.057705 6.317828 -0.079739
56.251183 -45.290249 3.164092 -8.150209 311.266998 -97.657616 0.114817 0.090849 6.270238 -0.076646
56.385170 -45.899410 3.174525 -8.694849 311.987854 -98.082016 0.121438 0.129749 6.219533 -0.074788
56.501160 -46.417244 3.218216 -9.153430 312.606842 -98.447273 0.128001 0.162315 6.173095 -0.073368
56.635147 -47.011726 3.306324 -9.742002 313.314667 -98.867073 0.135936 0.193918 6.115046 -0.071722
56.751137 -47.503849 3.416777 -10.280288 313.927521 -99.231094 0.144089 0.212572 6.072600 -0.067397
56.885124 -48.041424 3.578739 -10.884467 314.618164 -99.642075 0.155280 0.221622 6.015525 -0.064665
57.001114 -48.500107 3.738884 -11.382994 315.218048 -100.001869 0.167299 0.218333 5.958015 -0.062376
57.135101 -49.005074 3.930269 -11.900534 315.893921 -100.409088 0.178563 0.200485 5.915299 -0.060954
57.252090 -49.426357 4.111755 -12.345313 316.482574 -100.766312 0.185158 0.170443 5.861837 -0.057364
57.385078 -49.894806 4.348741 -12.855770 317.144623 -101.171066 0.190426 0.119646 5.813804 -0.055684
57.502068 -50.291313 4.563566 -13.285107 317.722656 -101.524879 0.193895 0.065211 5.781520 -0.052575
57.635056 -50.724483 4.779641 -13.704827 318.380341 -101.928726 0.198514 0.004032 5.742951 -0.050945
57.752045 -51.077423 4.953723 -14.005121 318.945160 -102.276993 0.200653 -0.037046 5.699517 -0.048657
57.886032 -51.464409 5.109104 -14.334112 319.592163 -102.676537 0.203312 -0.065946 5.651475 -0.045023
58.002022 -51.776974 5.204961 -14.625079 320.151611 -103.022835 0.208431 -0.081074 5.610807 -0.042177
58.136009 -52.115524 5.275836 -14.888354 320.782898 -103.415352 0.216579 -0.100253 5.573658 -0.041101
58.251999 -52.404705 5.319392 -15.009238 321.333710 -103.760323 0.226588 -0.126671 5.542476 -0.041905
58.385986 -52.729866 5.330002 -15.058520 321.953979 -104.153915 0.240611 -0.167941 5.508164 -0.042626
58.502975 -53.001034 5.315605 -15.073633 322.497131 -104.501503 0.256308 -0.210313 5.503357 -0.040331
58.635963 -53.308922 5.266484 -15.122454 323.110901 -104.898361 0.278161 -0.261035 5.491454 -0.038854
58.752953 -53.570114 5.206513 -15.078297 323.649200 -105.248199 0.298641 -0.304624 5.484428 -0.040293
58.885941 -53.866093 5.113896 -14.978477 324.263550 -105.649696 0.320319 -0.345888 5.473328 -0.039211
59.002930 -54.117794 5.009428 -14.856071 324.794037 -105.999260 0.338350 -0.366228 5.478151 -0.038857
59.135918 -54.398777 4.865205 -14.663445 325.406036 -106.406944 0.358135 -0.365421 5.490510 -0.038800
59.252907 -54.634747 4.721622 -14.474070 325.933990 -106.763161 0.374891 -0.343463 5.492790 -0.037742
59.386894 -54.890778 4.533867 -14.226639 326.543549 -107.177864 0.393571 -0.295530 5.500814 -0.034236
59.503883 -55.100769 4.368213 -13.964401 327.074402 -107.542336 0.408420 -0.232420 5.509774 -0.035011
59.636871 -55.336430 4.183207 -13.609283 327.678375 -107.959572 0.422207 -0.131732 5.523132 -0.033991
59.753860 -55.519722 4.039982 -13.274125 328.209442 -108.330704 0.431450 -0.016379 5.545440 -0.029328
59.886848 -55.706673 3.915263 -12.973379 328.814209 -108.755180 0.441481 0.136705 5.561900 -0.025656
60.003838 -55.866657 3.845586 -12.815529 329.344788 -109.132957 0.448688 0.277004 5.569965 -0.025041
