1.20 1.10 20 64
0.135000 0.016972 -0.053771 -0.052766 0.939102 -0.000640 -0.134293 0.122717 6.614081 0.003969
0.252000 0.034327 -0.148801 -0.185126 1.705860 -0.001643 -0.072169 0.076059 6.505832 0.001206
0.385000 0.048992 -0.313005 -0.271607 2.568231 -0.001803 0.053280 0.016595 6.381589 0.002399
0.502000 0.070212 -0.497488 -0.409936 3.302265 0.000788 0.192699 -0.034065 6.287474 0.002965
0.636000 0.091023 -0.761910 -0.653717 4.137431 0.004656 0.370151 -0.083027 6.190405 0.001974
0.752000 0.113272 -1.046405 -0.860655 4.858760 0.008195 0.523340 -0.113586 6.153409 0.002641
0.886000 0.155840 -1.435954 -1.092912 5.676583 0.012117 0.677271 -0.137188 6.153586 0.005385
1.002000 0.200506 -1.813688 -1.267220 6.398444 0.015519 0.782406 -0.151824 6.185647 0.005869
1.136000 0.269286 -2.280769 -1.437625 7.227016 0.019859 0.856753 -0.159760 6.267602 0.008957
1.255000 0.332466 -2.716837 -1.591745 7.965018 0.024535 0.878488 -0.153956 6.335622 0.007989
1.386000 0.408655 -3.209368 -1.753669 8.814247 0.031207 0.852785 -0.133832 6.419829 0.009357
1.503000 0.482475 -3.598515 -1.867609 9.568729 0.038539 0.789658 -0.116308 6.465106 0.009751
1.637000 0.559246 -3.978059 -1.951905 10.436161 0.046348 0.679425 -0.114039 6.469957 0.009996
1.753000 0.629555 -4.223468 -2.005419 11.190823 0.053891 0.559857 -0.131275 6.434159 0.009650
1.886000 0.707681 -4.366362 -2.104785 12.042272 0.060893 0.415315 -0.160595 6.375825 0.009612
2.003000 0.770838 -4.359009 -2.115624 12.776956 0.066628 0.297007 -0.181724 6.303866 0.009532
2.135999 0.841237 -4.161107 -2.079715 13.614373 0.072026 0.184919 -0.194842 6.211793 0.009157
2.252999 0.892809 -3.825792 -2.011144 14.335958 0.076223 0.118249 -0.197731 6.141391 0.008547
2.386999 0.932654 -3.283619 -1.824265 15.145664 0.082778 0.084696 -0.189911 6.054320 0.005520
2.502999 0.963261 -2.710420 -1.638151 15.848273 0.091021 0.094323 -0.166593 5.973554 0.005509
2.636999 0.997038 -2.012990 -1.485482 16.641392 0.099882 0.144107 -0.114715 5.882871 0.006166
2.753999 1.032559 -1.430636 -1.397861 17.318888 0.107354 0.212724 -0.051220 5.813408 0.005779
2.886999 1.076486 -0.853927 -1.316877 18.086468 0.113443 0.304270 0.030417 5.747111 0.006610
3.003999 1.114480 -0.458204 -1.274375 18.757395 0.118742 0.384894 0.099396 5.727165 0.005022
3.136998 1.161157 -0.175730 -1.205590 19.524258 0.127142 0.466996 0.167373 5.720590 0.006587
3.254998 1.206365 -0.079276 -1.088430 20.189058 0.138428 0.523397 0.213790 5.742749 0.006983
3.386998 1.255924 -0.127992 -0.901230 20.962088 0.155119 0.565482 0.250060 5.789901 0.005835
3.503998 1.292630 -0.320426 -0.762748 21.643015 0.169181 0.579163 0.263503 5.844746 0.005563
3.625998 1.328027 -0.636545 -0.581871 22.324568 0.184366 0.571055 0.257100 5.902008 0.005541
3.753998 1.378743 -1.129920 -0.366104 23.120386 0.204257 0.533172 0.223207 5.967886 0.005982
3.887998 1.416201 -1.727123 -0.119850 23.917076 0.224504 0.474266 0.164807 6.007017 0.005401
4.003998 1.436927 -2.304635 0.062503 24.621464 0.242619 0.409702 0.103433 6.034089 0.002417
4.137999 1.451024 -2.971845 0.271800 25.424868 0.265719 0.331272 0.041659 6.047438 0.003105
4.254999 1.454947 -3.530219 0.428458 26.132671 0.287872 0.264687 0.009574 6.053507 0.000768
4.387999 1.447093 -4.073793 0.538835 26.941936 0.315047 0.200771 0.005098 6.035128 0.000342
4.505000 1.443889 -4.409172 0.559428 27.640909 0.338041 0.163160 0.021958 6.021487 0.000280
4.638000 1.450634 -4.637167 0.597764 28.445732 0.364805 0.146203 0.047069 6.002026 0.000961
4.755001 1.448270 -4.672457 0.591544 29.151121 0.389254 0.156439 0.058222 5.965894 -0.001742
4.889001 1.437504 -4.524198 0.541186 29.934023 0.418411 0.192715 0.047635 5.912325 -0.003121
5.005002 1.423021 -4.257094 0.443022 30.622553 0.443055 0.243474 0.018798 5.871640 -0.003317
5.139002 1.407160 -3.822660 0.365679 31.399858 0.471266 0.310644 -0.023116 5.829393 -0.003546
5.255002 1.384303 -3.376569 0.274714 32.080181 0.496154 0.371532 -0.052438 5.811579 -0.004257
5.389003 1.357644 -2.842989 0.148575 32.851292 0.524890 0.431638 -0.065515 5.801232 -0.004711
5.506003 1.332299 -2.381257 0.022190 33.529434 0.550207 0.469036 -0.062872 5.804350 -0.004880
5.639004 1.293187 -1.875517 -0.107916 34.302097 0.580241 0.490410 -0.061767 5.826423 -0.006914
5.756004 1.249257 -1.466779 -0.175158 34.984119 0.608036 0.489251 -0.077768 5.845356 -0.008160
5.889005 1.183181 -1.080643 -0.291352 35.768204 0.641804 0.466142 -0.121438 5.867711 -0.009116
6.006005 1.123633 -0.818098 -0.405320 36.449184 0.671787 0.428419 -0.173175 5.885309 -0.009977
6.140006 1.048801 -0.615880 -0.523490 37.250736 0.705812 0.368382 -0.231186 5.908200 -0.009256
6.257006 0.983499 -0.529291 -0.618150 37.936131 0.736436 0.306932 -0.262019 5.919743 -0.008477
6.391007 0.923273 -0.509889 -0.695293 38.722881 0.773414 0.233621 -0.261405 5.923275 -0.007541
6.507007 0.872998 -0.563524 -0.759053 39.415195 0.806342 0.172885 -0.224088 5.924027 -0.008806
6.641008 0.805327 -0.703760 -0.881287 40.201740 0.844449 0.116375 -0.145148 5.913399 -0.008489
6.758008 0.751904 -0.872702 -0.962910 40.892960 0.878505 0.082446 -0.055755 5.914826 -0.009454
6.891009 0.681946 -1.083919 -0.996515 41.679253 0.918420 0.066481 0.049824 5.924082 -0.009351
7.008009 0.625256 -1.281475 -1.023435 42.371548 0.953047 0.070253 0.129988 5.929578 -0.007567
7.141010 0.563733 -1.513602 -1.025076 43.165245 0.990174 0.096718 0.189317 5.931417 -0.008445
7.258010 0.495011 -1.676193 -1.042836 43.853146 1.021915 0.135283 0.203724 5.938823 -0.010338
7.391011 0.413434 -1.802535 -1.086537 44.648586 1.058655 0.193980 0.182233 5.946872 -0.011153
7.508011 0.342754 -1.860894 -1.133126 45.337933 1.091514 0.250130 0.147650 5.950383 -0.009553
7.642012 0.279717 -1.890277 -1.079567 46.134529 1.131986 0.312580 0.112203 5.953113 -0.006987
7.758012 0.216301 -1.878765 -0.998967 46.830883 1.169756 0.359380 0.092762 5.966090 -0.010352
7.892013 0.139980 -1.826437 -0.886913 47.625011 1.213147 0.399946 0.077265 5.991396 -0.010020
8.009013 0.057478 -1.760985 -0.777907 48.326271 1.249892 0.418998 0.064183 6.008236 -0.013001
8.142014 -0.050725 -1.678432 -0.652382 49.125744 1.291736 0.420938 0.056476 6.024761 -0.014297
8.259014 -0.146353 -1.604681 -0.564652 49.830662 1.328800 0.405845 0.066088 6.042297 -0.014099
8.376015 -0.243006 -1.541476 -0.441362 50.537430 1.364722 0.376657 0.091097 6.050010 -0.013863
8.509015 -0.342324 -1.482139 -0.358497 51.341427 1.404147 0.329683 0.121312 6.051461 -0.012549
8.626016 -0.424693 -1.446323 -0.293932 52.047848 1.438700 0.282218 0.131976 6.039741 -0.012170
8.759016 -0.514286 -1.416908 -0.204721 52.850124 1.478176 0.224811 0.119869 6.038011 -0.011654
8.876017 -0.590009 -1.410991 -0.160799 53.555050 1.511801 0.177499 0.096508 6.024588 -0.010838
9.009017 -0.674034 -1.397097 -0.135773 54.360130 1.549030 0.130917 0.067207 6.010337 -0.011515
9.126018 -0.757684 -1.378005 -0.126386 55.056683 1.579601 0.102608 0.040075 6.010604 -0.013504
9.260018 -0.853932 -1.330590 -0.132965 55.860466 1.612866 0.089660 -0.003718 5.995247 -0.014370
9.376019 -0.952889 -1.256569 -0.249032 56.560627 1.640550 0.095901 -0.060479 5.979986 -0.015333
9.510019 -1.063547 -1.157943 -0.391008 57.353893 1.671820 0.119129 -0.142548 5.963726 -0.015378
9.627020 -1.162473 -1.078386 -0.497797 58.050877 1.698783 0.150360 -0.215349 5.959286 -0.014714
9.760020 -1.275451 -1.001249 -0.589149 58.842499 1.730257 0.195474 -0.276757 5.958215 -0.015545
9.877021 -1.389550 -0.930085 -0.738073 59.539749 1.756931 0.240498 -0.300490 5.968007 -0.018402
10.010021 -1.532866 -0.865425 -0.843016 60.333740 1.787723 0.290398 -0.294549 5.981600 -0.019616
10.127022 -1.654363 -0.820755 -0.863926 61.034191 1.814782 0.327329 -0.269841 6.000672 -0.017540
10.260022 -1.793531 -0.758718 -0.913326 61.839813 1.844666 0.356173 -0.228277 6.030594 -0.018748
10.377023 -1.912783 -0.714004 -0.968960 62.541145 1.867964 0.368735 -0.181750 6.065011 -0.018013
10.511024 -2.042383 -0.668241 -1.084602 63.355919 1.893362 0.367373 -0.113279 6.098181 -0.017234
10.627024 -2.150069 -0.634932 -1.174607 64.071419 1.913832 0.352423 -0.042443 6.132477 -0.014972
10.761024 -2.258468 -0.604513 -1.298720 64.889069 1.936014 0.322568 0.042054 6.160703 -0.013399
10.878025 -2.348095 -0.578022 -1.430258 65.610703 1.953903 0.287460 0.110252 6.170860 -0.012360
11.011025 -2.443885 -0.534347 -1.593836 66.432007 1.971824 0.246253 0.171306 6.181157 -0.013775
11.128026 -2.530792 -0.501750 -1.763210 67.155785 1.987128 0.211650 0.205526 6.190129 -0.012783
11.261026 -2.629128 -0.454190 -1.956517 67.979286 2.004015 0.177496 0.222230 6.190565 -0.013568
11.378027 -2.716604 -0.413703 -2.116019 68.703300 2.018684 0.155751 0.223041 6.185315 -0.013744
11.511027 -2.822756 -0.354427 -2.278537 69.531204 2.034072 0.143276 0.217601 6.173359 -0.013835
11.628028 -2.900981 -0.315591 -2.288063 70.246407 2.045216 0.141174 0.210964 6.161373 -0.010396
11.762029 -2.973682 -0.280773 -2.241864 71.071167 2.054957 0.152382 0.196683 6.149346 -0.008399
11.878029 -3.031821 -0.265336 -2.165988 71.790405 2.060961 0.173607 0.171783 6.148020 -0.010454
12.012030 -3.105042 -0.274247 -2.050032 72.607979 2.066944 0.204898 0.126103 6.151963 -0.008676
12.129030 -3.176472 -0.280867 -1.916826 73.327339 2.070361 0.236621 0.072772 6.147803 -0.010878
12.262031 -3.267849 -0.332133 -1.732849 74.145668 2.069996 0.273000 0.001357 6.157463 -0.011291
12.379031 -3.348574 -0.389532 -1.544466 74.867363 2.067461 0.300954 -0.066898 6.176075 -0.012698
12.512032 -3.443514 -0.469275 -1.250160 75.690369 2.063606 0.325201 -0.140607 6.194924 -0.011749
12.629032 -3.532786 -0.527766 -1.003165 76.416573 2.058061 0.338727 -0.187908 6.217802 -0.013127
12.762033 -3.618295 -0.609759 -0.767518 77.251854 2.050669 0.344820 -0.205258 6.248710 -0.009757
12.879033 -3.687807 -0.704489 -0.556322 77.978760 2.043245 0.339779 -0.184633 6.279694 -0.010252
13.012033 -3.767262 -0.821304 -0.284667 78.822823 2.032214 0.325806 -0.131247 6.317456 -0.010260
13.129034 -3.843909 -0.895821 0.032139 79.563751 2.021176 0.307967 -0.077097 6.344199 -0.010646
13.263035 -3.922476 -0.954396 0.403201 80.409584 2.005685 0.286326 -0.026963 6.371515 -0.008649
13.379035 -3.982008 -0.958182 0.712644 81.155899 1.990255 0.268582 -0.000450 6.389235 -0.007932
13.513036 -4.052012 -0.913167 1.101424 82.006035 1.972849 0.251273 0.013773 6.395094 -0.007680
13.630036 -4.102832 -0.812836 1.342741 82.754723 1.952447 0.242082 0.021071 6.405706 -0.007562
13.763037 -4.156207 -0.640467 1.645890 83.606628 1.925580 0.239871 0.029954 6.409845 -0.005375
13.880037 -4.199538 -0.439911 1.894546 84.356697 1.900261 0.245490 0.036713 6.415302 -0.006003
14.013038 -4.235857 -0.148106 2.119671 85.216331 1.870175 0.257767 0.038914 6.418897 -0.005151
14.130038 -4.260293 0.138536 2.204736 85.959755 1.842889 0.271818 0.037596 6.410123 -0.002378
14.263039 -4.290158 0.460640 2.219461 86.818375 1.810274 0.290062 0.039724 6.414044 -0.004031
14.380039 -4.311965 0.723895 2.223165 87.568626 1.780555 0.305832 0.047054 6.422619 -0.003700
14.514040 -4.336807 0.983429 2.157520 88.423088 1.746536 0.321472 0.054056 6.437501 -0.002638
14.630040 -4.350254 1.164790 2.070533 89.176781 1.717749 0.329260 0.050803 6.452499 -0.001558
14.764041 -4.362414 1.305669 1.942659 90.035995 1.685674 0.331437 0.036363 6.474065 -0.001024
14.881042 -4.377298 1.370349 1.795687 90.794815 1.656444 0.327806 0.022801 6.498228 -0.002185
15.014042 -4.395305 1.363940 1.545772 91.660294 1.622696 0.317654 0.015132 6.524172 -0.001603
15.131042 -4.399168 1.292370 1.266265 92.425362 1.591862 0.303753 0.014258 6.557110 0.000742
15.264043 -4.412834 1.154822 0.916503 93.306389 1.556294 0.286389 0.012771 6.594413 -0.001858
15.381043 -4.428492 1.004484 0.599805 94.071266 1.525061 0.272866 0.007200 6.604750 -0.000401
15.514044 -4.433152 0.817964 0.212708 94.959007 1.489912 0.259441 -0.003872 6.643641 0.001689
15.631044 -4.418839 0.647423 -0.092586 95.731110 1.459652 0.251173 -0.015894 6.676082 0.004007
15.765045 -4.379045 0.439366 -0.385524 96.626152 1.425007 0.246586 -0.030949 6.693519 0.007575
15.881045 -4.337236 0.281190 -0.628193 97.409515 1.393045 0.249735 -0.043414 6.702905 0.005356
16.015045 -4.295671 0.150657 -0.876414 98.302078 1.355278 0.259003 -0.055098 6.723245 0.005957
16.132048 -4.257103 0.077558 -1.064209 99.088905 1.323409 0.270488 -0.063945 6.736482 0.006392
16.265051 -4.212508 0.084499 -1.286836 99.984810 1.286910 0.287797 -0.073777 6.745132 0.006487
16.382053 -4.155748 0.138676 -1.434295 100.773392 1.252758 0.305235 -0.079474 6.748220 0.009728
16.515057 -4.088070 0.254588 -1.572087 101.669739 1.213903 0.325993 -0.075207 6.746847 0.008531
16.632059 -4.035357 0.403197 -1.647076 102.459503 1.180793 0.342797 -0.060221 6.757675 0.008016
16.765062 -3.976753 0.581298 -1.709744 103.364090 1.141824 0.356917 -0.040004 6.761825 0.007575
16.882065 -3.914861 0.753279 -1.745731 104.148140 1.108236 0.364278 -0.031709 6.766824 0.011102
17.016068 -3.823342 0.991299 -1.771300 105.055000 1.069077 0.367058 -0.035332 6.778953 0.010915
17.132071 -3.735823 1.212234 -1.745804 105.848541 1.035738 0.366677 -0.038588 6.794323 0.013890
17.266073 -3.623499 1.441584 -1.665809 106.751976 0.996731 0.361281 -0.026887 6.797791 0.014636
17.382076 -3.515793 1.614723 -1.555193 107.546761 0.960232 0.350990 -0.002969 6.797794 0.016591
17.516079 -3.374458 1.769167 -1.417340 108.450699 0.915892 0.335316 0.023142 6.812975 0.018925
17.633081 -3.230254 1.887171 -1.297000 109.247276 0.876458 0.318675 0.030855 6.820531 0.022220
17.766085 -3.052886 1.974642 -1.060460 110.153107 0.830995 0.298044 0.020481 6.818839 0.022426
17.883087 -2.893695 1.994681 -0.809611 110.950722 0.790906 0.280140 0.005966 6.832772 0.022441
18.016090 -2.707691 1.972296 -0.569632 111.866791 0.744052 0.262967 -0.000344 6.855759 0.024082
18.133093 -2.548187 1.918679 -0.299566 112.662506 0.705080 0.250468 0.009667 6.880083 0.021597
18.266096 -2.368551 1.806270 0.033951 113.584000 0.660808 0.240958 0.037432 6.890416 0.021850
18.383099 -2.215308 1.690383 0.321393 114.390381 0.622582 0.237573 0.070806 6.902965 0.021596
18.517101 -2.032772 1.553935 0.584203 115.307838 0.579151 0.240726 0.112884 6.910486 0.024353
18.633104 -1.861071 1.435890 0.782054 116.116959 0.540708 0.248963 0.148489 6.929380 0.025064
18.767107 -1.672412 1.313195 1.006357 117.039368 0.497026 0.262524 0.180614 6.949900 0.024990
18.884109 -1.493347 1.217502 1.163651 117.851898 0.458237 0.277377 0.195534 6.953974 0.026277
19.017113 -1.285522 1.127348 1.337795 118.775558 0.414542 0.296691 0.190828 6.951946 0.027084
19.134115 -1.101068 1.033553 1.475561 119.587257 0.377709 0.311433 0.164000 6.939505 0.027213
19.251118 -0.904981 0.953127 1.592729 120.398148 0.341171 0.323375 0.115552 6.933317 0.029581
19.384121 -0.686646 0.874845 1.655553 121.319077 0.299982 0.332246 0.040335 6.933752 0.027675
19.501123 -0.499994 0.812726 1.629436 122.129501 0.265502 0.334735 -0.032159 6.931575 0.028159
19.634127 -0.282059 0.748248 1.608550 123.058052 0.229005 0.332144 -0.105051 6.930581 0.028272
19.751129 -0.092970 0.715535 1.603366 123.861839 0.198692 0.325767 -0.148050 6.933911 0.028296
19.884132 0.120154 0.693563 1.586913 124.789429 0.166092 0.314029 -0.169517 6.927409 0.027014
20.001135 0.290130 0.682631 1.542742 125.598557 0.140327 0.301998 -0.166834 6.914860 0.024411
20.135138 0.475620 0.680546 1.456651 126.516792 0.113330 0.286032 -0.148077 6.899247 0.025589
20.252140 0.648516 0.694362 1.394549 127.322693 0.091485 0.271605 -0.125600 6.885160 0.027551
20.385143 0.854447 0.729452 1.326872 128.235748 0.067583 0.256606 -0.100942 6.852407 0.027234
20.502146 1.034962 0.784239 1.275475 129.035355 0.048577 0.246618 -0.083842 6.824717 0.027108
20.635149 1.242248 0.851532 1.164715 129.939758 0.027693 0.242283 -0.069769 6.784280 0.028884
20.752151 1.435573 0.922650 1.042385 130.731247 0.009943 0.242452 -0.059609 6.756416 0.029519
20.885155 1.650259 1.008554 0.879441 131.633408 -0.009509 0.248433 -0.047475 6.718179 0.027675
21.002157 1.827251 1.049637 0.752617 132.410934 -0.023857 0.258099 -0.036353 6.693557 0.026711
21.135160 2.042078 1.057913 0.605008 133.306061 -0.038266 0.273631 -0.024748 6.669719 0.028176
21.252163 2.231591 1.028264 0.504964 134.085266 -0.048673 0.290174 -0.016352 6.658711 0.028651
21.386166 2.438781 0.971504 0.391188 134.970154 -0.059447 0.305950 -0.005465 6.653656 0.026895
21.502169 2.611906 0.897663 0.335384 135.747650 -0.068003 0.317976 0.010615 6.643806 0.025653
21.636171 2.799778 0.806712 0.264468 136.630920 -0.076141 0.328804 0.041336 6.640422 0.024050
21.752174 2.964265 0.714329 0.172468 137.408310 -0.082149 0.333897 0.078343 6.648129 0.025595
21.886177 3.172266 0.599947 0.070956 138.293152 -0.086058 0.333752 0.123250 6.654230 0.028814
22.003180 3.350573 0.489481 -0.049595 139.071274 -0.087275 0.330112 0.154506 6.647951 0.025660
22.136183 3.538437 0.359979 -0.185302 139.962372 -0.086248 0.321363 0.169756 6.650671 0.023142
22.253185 3.684315 0.221067 -0.365316 140.733231 -0.085264 0.310616 0.160573 6.639424 0.022205
22.386189 3.865680 0.035686 -0.553151 141.622986 -0.082378 0.295804 0.123995 6.640299 0.025484
22.503191 4.040378 -0.128568 -0.648465 142.392395 -0.078628 0.282716 0.073268 6.627807 0.026324
22.637194 4.239498 -0.309012 -0.653724 143.279205 -0.071741 0.270143 0.001716 6.611163 0.026666
22.753197 4.408240 -0.456907 -0.634504 144.052002 -0.066234 0.261107 -0.060204 6.600714 0.024279
22.887199 4.599185 -0.602533 -0.573759 144.929398 -0.058291 0.254069 -0.116000 6.592764 0.025563
23.004202 4.772953 -0.714013 -0.485750 145.699951 -0.049278 0.252820 -0.147304 6.583073 0.026280
23.137205 4.980459 -0.823746 -0.337853 146.574356 -0.036405 0.254751 -0.167498 6.573955 0.027588
23.254208 5.164633 -0.904598 -0.229414 147.342285 -0.023559 0.258817 -0.178313 6.557674 0.027906
23.387211 5.374072 -0.949290 -0.044354 148.219681 -0.007684 0.266235 -0.183052 6.540176 0.027710
23.504213 5.547926 -0.953499 0.166377 148.977478 0.006891 0.276132 -0.174203 6.528593 0.025658
23.637217 5.745578 -0.930126 0.415836 149.850327 0.026572 0.292246 -0.143522 6.506696 0.026570
23.755219 5.921737 -0.882705 0.641006 150.609756 0.045909 0.305041 -0.102664 6.485607 0.025869
23.889221 6.105131 -0.814987 0.908199 151.477051 0.069410 0.315401 -0.050567 6.465467 0.023746
24.005224 6.266218 -0.735040 1.118149 152.232391 0.090726 0.321729 -0.006008 6.452027 0.025119
24.139227 6.449995 -0.651440 1.300080 153.088562 0.117464 0.323848 0.044386 6.431990 0.023218
24.256229 6.603441 -0.597690 1.430761 153.839172 0.143155 0.320643 0.089749 6.408643 0.022264
24.389233 6.770906 -0.548483 1.588916 154.689850 0.174235 0.311370 0.138632 6.394874 0.022622
24.524235 6.922302 -0.517949 1.734130 155.435776 0.204377 0.299810 0.173312 6.369389 0.022963
24.664236 7.085927 -0.467454 1.934717 156.286255 0.241975 0.282982 0.199243 6.341713 0.020502
24.757236 7.225071 -0.437628 2.074080 157.050797 0.278431 0.266214 0.209469 6.312180 0.020074
24.889240 7.376046 -0.444041 2.126768 157.862518 0.320249 0.251249 0.205929 6.294970 0.021040
25.006243 7.525297 -0.484034 2.136150 158.590240 0.360846 0.239322 0.188989 6.277917 0.021923
25.140245 7.679190 -0.553092 2.188757 159.429108 0.411324 0.230423 0.156326 6.268222 0.019535
25.256248 7.805362 -0.620843 2.209045 160.160324 0.458832 0.228292 0.124597 6.256833 0.018107
25.390251 7.938924 -0.694471 2.214841 160.989487 0.515147 0.232809 0.095940 6.246644 0.016279
25.507254 8.054403 -0.779745 2.194526 161.718109 0.565782 0.242181 0.080069 6.241226 0.016700
25.640257 8.189316 -0.892824 2.210428 162.545441 0.626481 0.256616 0.065945 6.233440 0.018113
25.757257 8.310239 -0.977212 2.188534 163.272690 0.681086 0.270980 0.048024 6.231467 0.017322
25.890261 8.444940 -1.073367 2.138059 164.098206 0.745442 0.288555 0.015580 6.220777 0.018705
26.007263 8.560426 -1.151029 2.106836 164.823257 0.804818 0.302419 -0.021309 6.217777 0.015407
26.140266 8.664569 -1.211194 2.004619 165.653931 0.875472 0.315214 -0.063164 6.225403 0.010735
26.257269 8.738368 -1.255378 1.827119 166.373459 0.938471 0.325660 -0.089101 6.230931 0.010041
26.390272 8.822701 -1.297432 1.656109 167.205429 1.013991 0.332900 -0.100197 6.239708 0.009919
26.507275 8.894896 -1.324179 1.519208 167.932709 1.084012 0.334508 -0.097281 6.250919 0.009632
26.641277 8.951532 -1.350955 1.294465 168.761154 1.165978 0.331652 -0.095976 6.265162 0.004726
26.758280 8.993897 -1.365927 1.047938 169.491104 1.238401 0.325720 -0.111744 6.273792 0.005499
26.891283 9.044107 -1.362449 0.753626 170.322464 1.321900 0.315571 -0.154030 6.284900 0.005376
27.008286 9.090549 -1.338040 0.442397 171.055450 1.396694 0.305637 -0.201260 6.304595 0.005805
27.141289 9.137665 -1.256265 0.128288 171.896210 1.483921 0.293738 -0.243444 6.307455 0.004434
27.258291 9.169736 -1.152368 -0.159416 172.623962 1.560086 0.281946 -0.256019 6.308351 0.003373
27.391294 9.189021 -0.990514 -0.461913 173.465118 1.649203 0.265846 -0.242435 6.316604 0.001666
27.508297 9.206882 -0.820534 -0.718402 174.193634 1.726371 0.252764 -0.215396 6.310714 0.001127
27.641300 9.224671 -0.639394 -1.007719 175.034790 1.813961 0.240216 -0.177453 6.307676 0.002183
27.758303 9.243941 -0.492460 -1.211295 175.768936 1.891610 0.231770 -0.142987 6.310278 0.001760
27.897305 9.260530 -0.303417 -1.427482 176.603302 1.978887 0.224660 -0.104071 6.304216 0.001503
28.009306 9.260517 -0.147266 -1.695674 177.336395 2.055634 0.220439 -0.071016 6.291405 -0.001160
28.126308 9.257563 -0.004983 -1.892270 178.067261 2.133640 0.218380 -0.038807 6.271329 0.000064
28.259308 9.253574 0.125956 -2.016053 178.895218 2.220884 0.220355 0.000779 6.253110 0.000575
28.392309 9.253051 0.204057 -2.064543 179.720856 2.308140 0.225316 0.048838 6.238798 0.000710
28.509312 9.271665 0.222720 -1.996029 180.446243 2.386188 0.230842 0.097218 6.231849 0.003895
28.626314 9.295175 0.199834 -1.851606 181.171967 2.465719 0.237051 0.143464 6.247484 0.003764
28.793318 9.319672 0.138673 -1.571537 181.998627 2.557411 0.243884 0.182886 6.258495 0.002496
28.880320 9.341294 0.038315 -1.281339 182.751404 2.641426 0.251256 0.205918 6.264487 0.003705
29.009321 9.369943 -0.104281 -0.943746 183.555176 2.732968 0.257195 0.229107 6.274507 0.003537
29.126324 9.403171 -0.255573 -0.606313 184.285461 2.819242 0.260222 0.260745 6.290963 0.005547
29.259327 9.449033 -0.433645 -0.233572 185.124023 2.918029 0.258734 0.310078 6.308532 0.007099
29.376329 9.501885 -0.582853 0.126657 185.851776 3.006306 0.255778 0.350236 6.325505 0.008890
29.510332 9.565725 -0.738571 0.571625 186.693604 3.110493 0.251200 0.371468 6.332277 0.008612
29.626335 9.617240 -0.845858 1.001557 187.422668 3.201067 0.245546 0.357876 6.332757 0.008834
29.760338 9.673985 -0.930059 1.475137 188.264801 3.306076 0.239068 0.307557 6.334898 0.007599
29.876341 9.708091 -0.954363 1.877674 188.999756 3.399334 0.234518 0.241908 6.328710 0.005164
30.010344 9.728815 -0.951207 2.305327 189.834595 3.507113 0.229947 0.152581 6.327508 0.004851
30.127346 9.765413 -0.900106 2.630838 190.567856 3.602466 0.228554 0.068034 6.313544 0.006747
30.260347 9.817803 -0.787891 2.896865 191.405869 3.709726 0.230506 -0.027835 6.302207 0.007383
30.377350 9.874182 -0.650309 3.076427 192.129684 3.801821 0.234090 -0.105485 6.280696 0.009676
30.510353 9.942758 -0.474567 3.290854 192.963745 3.909868 0.240418 -0.189041 6.268086 0.007782
30.627356 9.997258 -0.319757 3.438566 193.684341 4.005639 0.247400 -0.257538 6.269535 0.008300
30.761358 10.060784 -0.142639 3.512468 194.515854 4.118412 0.253138 -0.326720 6.258024 0.008521
30.877361 10.120258 0.016608 3.494187 195.241211 4.217079 0.255776 -0.364587 6.255861 0.008640
31.011364 10.185244 0.172989 3.414133 196.065781 4.329680 0.255711 -0.365983 6.260854 0.008751
31.127367 10.247286 0.296388 3.290372 196.791534 4.427973 0.253676 -0.330367 6.261836 0.009460
31.261370 10.323742 0.413482 3.121422 197.616592 4.540286 0.250072 -0.267546 6.256841 0.010212
31.378372 10.385759 0.504129 2.936299 198.340942 4.641392 0.245502 -0.214567 6.248169 0.009113
31.511375 10.462321 0.582695 2.698040 199.162933 4.756540 0.239247 -0.171361 6.233582 0.012427
31.628378 10.553061 0.618801 2.548552 199.883926 4.859278 0.232537 -0.147050 6.224505 0.013592
31.761381 10.663089 0.626236 2.394863 200.709595 4.976654 0.224533 -0.126971 6.221824 0.015689
31.878384 10.778135 0.608866 2.252556 201.424240 5.077721 0.219057 -0.112718 6.220682 0.019822
32.012386 10.944975 0.544131 2.090070 202.249695 5.194422 0.212883 -0.099075 6.216160 0.022910
32.128376 11.094163 0.460203 1.912595 202.969147 5.296916 0.209271 -0.087253 6.207724 0.022157
32.262363 11.268589 0.334208 1.667235 203.786041 5.413898 0.206153 -0.067718 6.203503 0.024302
32.378353 11.432199 0.206756 1.463719 204.503677 5.517500 0.204469 -0.041790 6.196086 0.024540
32.512341 11.623170 0.042770 1.293579 205.318329 5.638375 0.205648 -0.004535 6.191223 0.025302
32.629330 11.798818 -0.118696 1.155229 206.034653 5.745823 0.210271 0.031390 6.192183 0.027488
32.762318 12.012833 -0.301733 1.034381 206.848969 5.867853 0.218652 0.075924 6.189906 0.028954
32.879311 12.215703 -0.450273 1.016450 207.564346 5.978057 0.228800 0.122936 6.188419 0.030645
33.012299 12.464981 -0.614159 1.028361 208.384186 6.106196 0.243041 0.189417 6.199036 0.032708
33.129288 12.689983 -0.739238 1.007796 209.094986 6.218858 0.253532 0.253902 6.205089 0.034233
33.262276 12.968867 -0.876479 0.991991 209.916397 6.350976 0.263227 0.324270 6.207080 0.038082
33.379265 13.217272 -0.981327 0.996080 210.633286 6.469056 0.268563 0.371734 6.209698 0.037188
33.513252 13.491075 -1.082195 1.057218 211.447601 6.605790 0.269455 0.401453 6.208910 0.035375
33.629242 13.727792 -1.138652 1.160194 212.164536 6.727338 0.266123 0.402062 6.218776 0.036197
33.763229 14.011604 -1.161025 1.348382 212.979797 6.867201 0.258578 0.371349 6.220340 0.039639
33.880219 14.270822 -1.138755 1.554542 213.697174 6.993204 0.249012 0.318763 6.228631 0.039957
34.013206 14.571246 -1.075730 1.718926 214.512939 7.137542 0.237184 0.238991 6.225600 0.040384
34.130196 14.844199 -0.977569 1.882573 215.228592 7.266243 0.226810 0.160849 6.206650 0.041224
34.263184 15.162260 -0.833888 2.052835 216.044754 7.417655 0.214008 0.069368 6.187869 0.041452
34.380173 15.446700 -0.697118 2.133047 216.748795 7.548663 0.203372 -0.010516 6.165487 0.042458
34.513161 15.765388 -0.517695 2.229215 217.558731 7.703400 0.191849 -0.103597 6.140661 0.041200
34.630150 16.040386 -0.359559 2.355369 218.262039 7.841550 0.182854 -0.183045 6.116549 0.041272
34.764137 16.348658 -0.181403 2.492808 219.057526 8.000103 0.175623 -0.267510 6.091304 0.040598
34.880127 16.622318 -0.045422 2.555446 219.753128 8.141766 0.171301 -0.335147 6.052848 0.039512
35.014114 16.920677 0.061836 2.614931 220.540359 8.306286 0.168997 -0.402129 6.042356 0.038683
35.131104 17.176077 0.121238 2.649706 221.230515 8.453133 0.170448 -0.445910 6.025009 0.038009
35.264091 17.469543 0.156427 2.729115 222.011871 8.623146 0.176430 -0.468194 6.008667 0.039573
35.381081 17.725718 0.150409 2.741081 222.697037 8.775280 0.183968 -0.459520 5.993634 0.037336
35.514069 18.017593 0.113058 2.744180 223.480759 8.951051 0.193239 -0.421228 5.993943 0.039670
35.631058 18.277601 0.074352 2.727586 224.159363 9.104635 0.201940 -0.368029 5.998110 0.038770
35.764046 18.573332 0.021297 2.621140 224.943451 9.284039 0.210758 -0.281672 6.004918 0.037379
35.881035 18.824478 -0.033193 2.527565 225.622528 9.441597 0.214546 -0.181128 6.013032 0.038006
36.015022 19.123686 -0.124400 2.517439 226.405762 9.627472 0.215981 -0.040678 5.998604 0.040015
36.131012 19.379032 -0.208921 2.535122 227.087540 9.792179 0.213225 0.086127 5.989558 0.037786
36.264999 19.662760 -0.322790 2.499970 227.861710 9.980879 0.205169 0.211463 5.991442 0.037441
36.381989 19.930561 -0.435420 2.510361 228.542236 10.149585 0.195549 0.295655 5.990034 0.041349
36.514977 20.223377 -0.570681 2.510167 229.314362 10.344368 0.181720 0.363705 5.982464 0.036348
36.631966 20.464489 -0.656339 2.510330 229.991409 10.517603 0.167910 0.401828 5.968579 0.035706
36.764954 20.743956 -0.740740 2.575596 230.763718 10.720702 0.153203 0.416106 5.955422 0.037992
36.881943 20.996061 -0.786139 2.645986 231.431183 10.898875 0.143478 0.398175 5.952239 0.038081
37.014931 21.290133 -0.778644 2.651172 232.200058 11.106359 0.136513 0.345520 5.936507 0.037632
37.131920 21.530113 -0.702464 2.564906 232.863678 11.287469 0.134867 0.282069 5.924836 0.036116
37.265907 21.807962 -0.559749 2.550532 233.626907 11.500646 0.137822 0.198410 5.905783 0.035825
37.381897 22.052563 -0.393694 2.581905 234.290985 11.689859 0.145165 0.118790 5.891042 0.037957
37.515884 22.334784 -0.157405 2.587444 235.042282 11.906123 0.157430 0.024391 5.869343 0.035370
37.631874 22.573027 0.088006 2.581602 235.701050 12.098756 0.169933 -0.050317 5.862290 0.035448
37.765862 22.858965 0.374167 2.619054 236.447174 12.319970 0.182416 -0.104563 5.845616 0.039165
37.882851 23.115784 0.626677 2.683646 237.101593 12.516589 0.190996 -0.114557 5.834585 0.037106
38.015839 23.395624 0.890660 2.620666 237.850204 12.743730 0.195575 -0.089904 5.840945 0.036659
38.132828 23.646311 1.082764 2.536318 238.497604 12.943107 0.194873 -0.055486 5.839990 0.038761
38.265816 23.943411 1.277310 2.388429 239.246445 13.173769 0.187777 -0.020950 5.845131 0.040188
38.382805 24.209373 1.404050 2.267777 239.893768 13.376618 0.177030 -0.004156 5.847674 0.041401
38.516792 24.535652 1.497689 2.178413 240.640137 13.615662 0.159915 -0.003803 5.850664 0.044468
38.632782 24.849535 1.536968 2.125661 241.290421 13.828409 0.142703 -0.023113 5.845077 0.047879
38.766769 25.217278 1.550310 2.110304 242.028824 14.073895 0.123774 -0.068326 5.855503 0.050169
38.882759 25.565865 1.525096 2.153594 242.678360 14.293477 0.108868 -0.122387 5.863157 0.053712
39.016747 25.982628 1.469398 2.291248 243.417145 14.547402 0.094867 -0.184508 5.879409 0.056660
39.133736 26.375013 1.394217 2.444945 244.067841 14.771756 0.086549 -0.226761 5.882177 0.058361
39.266724 26.829292 1.311286 2.597507 244.806854 15.028414 0.082358 -0.251837 5.883654 0.059239
39.383713 27.235991 1.239823 2.758874 245.456314 15.256763 0.081509 -0.249916 5.883097 0.060425
39.500702 27.654186 1.168697 2.979034 246.104294 15.488110 0.085278 -0.221289 5.878785 0.062456
39.633690 28.136503 1.089667 3.190544 246.840088 15.753730 0.094592 -0.153069 5.883908 0.062020
39.750679 28.572149 1.053763 3.372572 247.486191 15.989804 0.103353 -0.068918 5.874489 0.065221
39.883667 29.092382 1.051925 3.597890 248.225220 16.262445 0.113229 0.028489 5.886383 0.068474
40.000656 29.552835 1.094711 3.796487 248.864502 16.500143 0.120214 0.086341 5.877222 0.069423
40.134644 30.100309 1.175190 4.113783 249.598969 16.779470 0.125725 0.104881 5.857826 0.070468
40.250633 30.585508 1.282943 4.419812 250.238251 17.027119 0.128414 0.087926 5.858005 0.072339
40.384621 31.146318 1.439235 4.782564 250.961761 17.312860 0.128674 0.061331 5.835886 0.072763
40.500610 31.640663 1.605742 5.147932 251.595520 17.566740 0.124397 0.053797 5.830920 0.071979
40.634598 32.210358 1.811378 5.562829 252.312347 17.858778 0.113696 0.068787 5.814744 0.074009
40.751587 32.712132 1.982683 5.966516 252.940323 18.118565 0.101513 0.091496 5.803553 0.072719
40.884575 33.274685 2.194974 6.423698 253.652374 18.416353 0.086715 0.111665 5.802398 0.072675
41.001564 33.775322 2.408677 6.754902 254.276779 18.680805 0.073864 0.117827 5.790729 0.073076
41.135551 34.356335 2.665082 7.108733 254.988739 18.987013 0.058542 0.111983 5.775650 0.075038
41.252541 34.885590 2.873934 7.437646 255.606384 19.256577 0.046278 0.097346 5.748332 0.076907
41.385529 35.500042 3.087288 7.819555 256.309082 19.567152 0.035656 0.071169 5.724393 0.077362
41.502518 36.034313 3.240475 8.151326 256.914703 19.837942 0.028411 0.043745 5.713929 0.078054
41.636505 36.638462 3.391109 8.452643 257.611542 20.154095 0.025579 0.013215 5.702548 0.075436
41.752495 37.149647 3.507120 8.676293 258.217468 20.432114 0.028014 -0.009297 5.694323 0.074331
41.886482 37.743416 3.614753 8.930982 258.904236 20.751068 0.033852 -0.033419 5.688488 0.077249
42.003471 38.269978 3.697795 9.095736 259.505798 21.034252 0.041389 -0.056927 5.678119 0.077233
42.136459 38.877651 3.768632 9.235184 260.187225 21.357922 0.053267 -0.081031 5.670752 0.079178
42.253448 39.417583 3.820200 9.348621 260.785309 21.644369 0.063716 -0.086579 5.663134 0.079414
42.386436 40.034248 3.872141 9.445403 261.467560 21.974104 0.074577 -0.060888 5.649626 0.080254
42.503426 40.567539 3.903819 9.534673 262.055695 22.261780 0.081983 -0.013308 5.642482 0.079873
42.636414 41.184704 3.951274 9.651335 262.731873 22.596617 0.088025 0.050048 5.624247 0.078450
42.753403 41.725769 3.986903 9.814370 263.319214 22.891905 0.090410 0.091643 5.616735 0.079971
42.887390 42.352993 4.051499 10.024497 263.984528 23.229561 0.092226 0.110479 5.605315 0.082551
43.003380 42.907131 4.112999 10.219625 264.567383 23.528540 0.091026 0.104900 5.603819 0.080587
43.137367 43.544785 4.184161 10.479519 265.228821 23.871906 0.087818 0.085056 5.605552 0.081028
43.254356 44.107258 4.238428 10.712871 265.809204 24.177139 0.082913 0.063191 5.600635 0.081334
43.387344 44.747353 4.297007 10.984320 266.466187 24.525206 0.078334 0.035000 5.587220 0.081882
43.504333 45.314953 4.354159 11.218765 267.041992 24.831316 0.076450 0.005833 5.561379 0.081925
43.637321 45.969387 4.420681 11.504035 267.698547 25.183475 0.076307 -0.030812 5.556085 0.084190
43.754311 46.547470 4.509501 11.791553 268.264709 25.488876 0.080501 -0.059314 5.537765 0.083224
43.887299 47.197784 4.610669 12.222096 268.916992 25.842115 0.090464 -0.080765 5.532206 0.078886
44.004288 47.762844 4.716007 12.608371 269.485352 26.150038 0.104119 -0.087866 5.522662 0.079900
44.138275 48.401577 4.844471 13.071482 270.129303 26.500166 0.124173 -0.087878 5.501124 0.077915
44.254265 48.949509 4.969806 13.483794 270.693909 26.806936 0.146979 -0.086391 5.488845 0.074544
44.388252 49.545223 5.107782 14.032986 271.334290 27.155979 0.177147 -0.085213 5.480649 0.070610
44.504242 50.062771 5.213638 14.572996 271.896484 27.462080 0.203492 -0.082571 5.470585 0.070482
44.638229 50.644516 5.326156 15.224013 272.535126 27.808716 0.233481 -0.075153 5.451705 0.066427
44.755219 51.149944 5.407924 15.863220 273.094910 28.113100 0.260254 -0.064596 5.439853 0.066249
44.888206 51.729614 5.504532 16.661564 273.731842 28.456642 0.290206 -0.048788 5.435769 0.064593
45.005196 52.235455 5.592640 17.383476 274.297150 28.759111 0.314852 -0.030910 5.430771 0.063994
45.138184 52.805141 5.651159 18.203182 274.934662 29.099564 0.339622 -0.005268 5.442695 0.063360
45.255177 53.275005 5.675437 18.903347 275.492859 29.395105 0.358088 0.020444 5.445325 0.057957
45.388165 53.792530 5.671359 19.729040 276.137604 29.735241 0.377430 0.048791 5.436024 0.055030
45.506161 54.225536 5.633404 20.430521 276.705750 30.033192 0.394240 0.068100 5.438265 0.052329
45.642155 54.685738 5.566110 21.193398 277.346313 30.368235 0.413162 0.082731 5.438905 0.049072
45.756145 55.054657 5.469939 21.765453 277.905212 30.659542 0.429042 0.092453 5.432198 0.046756
45.889133 55.465191 5.313922 22.448414 278.544586 30.993752 0.447839 0.103071 5.418256 0.045072
46.006123 55.791977 5.164256 22.996391 279.105957 31.286623 0.465311 0.109160 5.408673 0.039861
46.139111 56.124039 4.977255 23.520350 279.744263 31.617569 0.486584 0.103143 5.401677 0.036512
46.256100 56.394489 4.790205 23.844902 280.304504 31.907145 0.507228 0.079739 5.384864 0.036592
46.389088 56.680710 4.577387 24.098160 280.944855 32.235878 0.533572 0.033228 5.361015 0.032807
46.506077 56.903278 4.391634 24.271103 281.496155 32.520229 0.557675 -0.015598 5.338752 0.029592
46.639065 57.124084 4.173050 24.363630 282.129730 32.847424 0.587171 -0.070586 5.312736 0.026337
46.756058 57.285244 3.975607 24.344309 282.680267 33.133381 0.612406 -0.113260 5.298316 0.023418
46.890045 57.426094 3.750729 24.195816 283.304169 33.459438 0.642235 -0.155814 5.287312 0.018262
47.006035 57.509068 3.542206 23.937380 283.852417 33.745853 0.666732 -0.185807 5.283512 0.012074
47.140022 57.562862 3.306703 23.552879 284.473328 34.071609 0.694130 -0.201910 5.265916 0.006970
47.257011 57.566242 3.101434 23.182108 285.017334 34.359753 0.717751 -0.191227 5.257317 0.002089
47.389999 57.535896 2.883507 22.677143 285.634033 34.687862 0.743217 -0.149638 5.249146 -0.003056
47.506989 57.473946 2.703578 22.175453 286.175171 34.977875 0.763349 -0.097920 5.246217 -0.007663
47.639977 57.367908 2.482587 21.564137 286.793701 35.312687 0.784931 -0.041162 5.249490 -0.011662
47.756966 57.238972 2.286230 20.960655 287.327972 35.604900 0.800541 -0.005102 5.248164 -0.018290
47.889954 57.048016 2.060133 20.200666 287.942902 35.946136 0.814385 0.024349 5.252234 -0.024627
48.006943 56.834251 1.877532 19.463285 288.478821 36.246315 0.824177 0.052746 5.248041 -0.030711
48.140930 56.549576 1.669452 18.618330 289.083923 36.593731 0.833844 0.103392 5.247963 -0.037014
48.256920 56.243729 1.493117 17.745256 289.614685 36.903454 0.838568 0.165425 5.252464 -0.045618
48.390907 55.842796 1.290660 16.679014 290.214386 37.260445 0.840056 0.240413 5.240363 -0.050820
48.507896 55.462021 1.100500 15.686182 290.737946 37.579880 0.838650 0.291893 5.245784 -0.056344
48.640884 54.984676 0.846631 14.442282 291.329742 37.949631 0.835703 0.320360 5.251051 -0.063792
48.757874 54.503555 0.582758 13.268223 291.848175 38.280525 0.833576 0.319377 5.255765 -0.073599
48.874863 53.983593 0.299193 12.068487 292.363770 38.617458 0.831146 0.300056 5.265344 -0.078450
49.007851 53.347443 -0.049387 10.663600 292.945770 39.009506 0.831005 0.259210 5.286295 -0.085939
49.124840 52.753540 -0.400629 9.315130 293.455902 39.361969 0.830885 0.202734 5.311140 -0.090995
49.257828 52.045979 -0.859626 7.681220 294.038818 39.775318 0.829510 0.107931 5.347067 -0.096299
49.374817 51.411526 -1.282949 6.219800 294.541534 40.140575 0.826512 0.001575 5.364320 -0.103396
49.508804 50.624557 -1.781411 4.413737 295.118805 40.572227 0.818310 -0.133400 5.391450 -0.113126
49.624794 49.895565 -2.238497 2.766345 295.615417 40.954636 0.806191 -0.239414 5.410469 -0.121069
49.758781 49.013786 -2.785804 0.829923 296.185120 41.407791 0.788439 -0.322261 5.448646 -0.129371
49.874771 48.216087 -3.299776 -0.938544 296.679413 41.812809 0.770053 -0.344681 5.471111 -0.135555
50.008759 47.285580 -3.908368 -3.027871 297.236908 42.283829 0.746065 -0.312019 5.501079 -0.143645
50.125748 46.431641 -4.445080 -4.888556 297.722107 42.708214 0.722655 -0.246746 5.514188 -0.150532
50.258736 45.444031 -5.064847 -7.034591 298.266937 43.200226 0.693354 -0.161045 5.523220 -0.155325
50.375725 44.548077 -5.598941 -8.851427 298.738129 43.643284 0.664605 -0.100111 5.529177 -0.161460
50.508713 43.507832 -6.171723 -10.795688 299.263794 44.156815 0.627084 -0.062511 5.518613 -0.164784
50.625702 42.578815 -6.621936 -12.448321 299.715759 44.615635 0.593630 -0.055234 5.494578 -0.165952
50.758690 41.520573 -7.074334 -14.189093 300.219635 45.147778 0.555654 -0.063175 5.446469 -0.165425
50.875683 40.611233 -7.406721 -15.571088 300.642181 45.612328 0.522054 -0.072005 5.388788 -0.160153
51.009670 39.575630 -7.678201 -16.886169 301.112274 46.153244 0.484397 -0.074198 5.314122 -0.153470
51.125660 38.700592 -7.830548 -17.809151 301.506378 46.625889 0.453290 -0.065068 5.223411 -0.146607
51.259647 37.741493 -7.857260 -18.576519 301.937408 47.160194 0.418711 -0.043554 5.113576 -0.134323
51.375637 36.933254 -7.740353 -18.996996 302.302338 47.625305 0.386681 -0.021687 5.007336 -0.123844
51.509624 36.080750 -7.477856 -19.190954 302.699158 48.148796 0.348808 -0.003919 4.887332 -0.108595
51.626614 35.398369 -7.127281 -19.139061 303.032898 48.602196 0.313001 0.002154 4.762088 -0.094417
51.759602 34.705643 -6.595586 -18.856647 303.396515 49.107952 0.268478 0.006985 4.624356 -0.081670
51.876591 34.168327 -6.039640 -18.409700 303.705444 49.542450 0.224904 0.022976 4.508012 -0.066144
52.009579 33.658215 -5.314249 -17.755957 304.048401 50.027786 0.170266 0.064426 4.384289 -0.051253
52.126568 33.315643 -4.634573 -16.997253 304.337433 50.438133 0.118721 0.114960 4.287708 -0.034433
52.259556 33.041203 -3.804394 -15.908347 304.662079 50.901909 0.056210 0.172320 4.184617 -0.019074
52.376549 32.904507 -3.052777 -14.776560 304.938049 51.293156 0.000183 0.207479 4.088352 -0.004671
52.510536 32.870193 -2.175815 -13.277476 305.253784 51.732197 -0.062772 0.225590 4.003394 0.010671
52.626526 32.949173 -1.393698 -11.845037 305.530151 52.104706 -0.114105 0.223943 3.939581 0.023953
52.760513 33.168369 -0.483089 -10.063139 305.847076 52.517895 -0.167194 0.205720 3.899161 0.038480
52.877502 33.469200 0.356267 -8.342306 306.130890 52.872688 -0.207470 0.176037 3.877435 0.050787
53.010490 33.946541 1.296466 -6.258187 306.463562 53.271324 -0.243650 0.128099 3.874686 0.064734
53.127480 34.474972 2.101134 -4.305537 306.759521 53.610718 -0.263653 0.080072 3.890310 0.075254
53.260468 35.204746 3.009362 -1.927009 307.112671 53.996517 -0.274048 0.026793 3.917872 0.086219
53.377457 35.937748 3.764895 0.113542 307.430634 54.325890 -0.272261 -0.011966 3.970448 0.096127
53.511444 36.902435 4.572514 2.525611 307.813324 54.703083 -0.256218 -0.048884 4.041469 0.108045
53.627434 37.842812 5.203827 4.567669 308.161682 55.030155 -0.230937 -0.078912 4.120321 0.118283
53.761421 39.009747 5.845245 6.854524 308.575256 55.401997 -0.190950 -0.114833 4.225663 0.127774
53.877411 40.108826 6.333470 8.743338 308.957184 55.728065 -0.148823 -0.147237 4.336262 0.137217
54.011398 41.430904 6.804751 10.814908 309.411316 56.098103 -0.094381 -0.179671 4.455015 0.145318
54.128391 42.640255 7.121511 12.499207 309.830688 56.422806 -0.043934 -0.199133 4.586502 0.152557
54.261379 44.036808 7.367970 14.246189 310.328278 56.793880 0.013337 -0.206364 4.722241 0.156146
54.378368 45.259163 7.483679 15.615294 310.784332 57.122402 0.062073 -0.197775 4.859402 0.155974
54.511356 46.644455 7.519413 17.046295 311.328308 57.501316 0.115589 -0.171277 5.008216 0.155302
54.628345 47.817558 7.493154 18.181326 311.816589 57.833469 0.160136 -0.136479 5.142429 0.153842
54.761333 49.138508 7.420670 19.211107 312.400543 58.219048 0.206271 -0.087112 5.275225 0.154389
54.878323 50.255386 7.318410 19.944521 312.922089 58.554310 0.241179 -0.039620 5.384613 0.153666
55.012310 51.514210 7.164361 20.670124 313.540558 58.943439 0.273821 0.018852 5.498030 0.150713
55.128300 52.567894 7.038285 21.210340 314.092957 59.284576 0.297290 0.072106 5.577405 0.145717
55.262287 53.714119 6.901182 21.768787 314.732239 59.672344 0.319721 0.132672 5.642947 0.139357
55.379276 54.674202 6.787867 22.171801 315.303070 60.012112 0.337358 0.181554 5.695343 0.133176
55.512264 55.695457 6.672646 22.556728 315.959106 60.397541 0.356084 0.224707 5.734022 0.125424
55.629253 56.549366 6.601753 22.874269 316.541138 60.734325 0.371736 0.245599 5.756519 0.120531
55.762241 57.478722 6.548303 23.215607 317.211548 61.115910 0.390941 0.245506 5.756893 0.112096
55.879230 58.221340 6.530390 23.470617 317.794434 61.442413 0.407758 0.225931 5.754720 0.103972
56.012218 59.027725 6.516215 23.825914 318.467499 61.814766 0.427863 0.188283 5.723224 0.094988
56.129208 59.682270 6.507057 24.252131 319.052704 62.136818 0.445927 0.150268 5.700556 0.087573
56.263195 60.356155 6.510147 24.755142 319.717804 62.498188 0.466526 0.106969 5.683163 0.075311
56.379185 60.883549 6.510088 25.273191 320.302246 62.811863 0.486721 0.067443 5.655374 0.067565
56.513172 61.425922 6.479080 25.929161 320.962372 63.163052 0.509912 0.014542 5.596414 0.056045
56.630161 61.852673 6.442412 26.549475 321.539429 63.467781 0.531405 -0.043205 5.560490 0.051935
56.763149 62.296799 6.410599 27.231075 322.191132 63.809174 0.556762 -0.120814 5.502254 0.044685
56.880138 62.656467 6.371153 27.864271 322.758545 64.105118 0.580704 -0.194341 5.452510 0.041398
57.013126 63.001930 6.306246 28.574425 323.404236 64.439705 0.610477 -0.275272 5.405508 0.032595
57.130116 63.265057 6.224216 29.182909 323.959686 64.726486 0.636790 -0.333782 5.375186 0.027831
57.264103 63.527637 6.101769 29.856714 324.596313 65.055023 0.667711 -0.375494 5.323834 0.021217
57.380093 63.692478 5.976638 30.322239 325.143127 65.338043 0.692909 -0.378748 5.302928 0.014610
57.514080 63.798317 5.848452 30.686903 325.771027 65.664497 0.720049 -0.337574 5.264815 0.005311
57.630070 63.837067 5.753314 30.919874 326.316071 65.949806 0.743106 -0.267524 5.255261 -0.000248
57.764057 63.822311 5.633650 31.198061 326.934814 66.274124 0.769345 -0.169548 5.242829 -0.009436
57.881046 63.765171 5.530055 31.351242 327.476379 66.560066 0.788994 -0.088928 5.225744 -0.012412
58.014034 63.644722 5.402816 31.426353 328.088470 66.887260 0.809457 -0.020315 5.216594 -0.017913
58.131023 63.498642 5.287287 31.403116 328.624603 67.176224 0.826359 0.020007 5.201800 -0.023543
58.264011 63.286701 5.155185 31.257521 329.230804 67.506409 0.842167 0.055847 5.175971 -0.027468
58.381001 63.063637 5.035493 31.083717 329.759277 67.800056 0.852198 0.089487 5.158840 -0.031762
58.513988 62.776802 4.912437 30.757360 330.360016 68.139664 0.858877 0.135209 5.141491 -0.035004
58.631977 62.497845 4.804819 30.339844 330.881134 68.439957 0.861357 0.179496 5.138626 -0.037633
58.748966 62.195572 4.715665 29.847681 331.399506 68.742989 0.862614 0.225592 5.134353 -0.039900
58.881954 61.826622 4.618640 29.133770 331.991089 69.094528 0.862555 0.278376 5.128335 -0.040858
58.998943 61.494644 4.531996 28.414747 332.498657 69.404015 0.860298 0.319637 5.119322 -0.040877
59.131931 61.093029 4.401494 27.411510 333.080566 69.767464 0.855387 0.351312 5.120768 -0.042938
59.248920 60.735390 4.254171 26.391153 333.584869 70.090111 0.849422 0.355847 5.117136 -0.042108
59.382908 60.318871 4.047564 25.077953 334.153992 70.463768 0.840876 0.332041 5.123671 -0.041311
59.498898 59.958145 3.809333 23.821102 334.651947 70.797752 0.832552 0.292353 5.125976 -0.040623
59.632885 59.568268 3.464350 22.285158 335.213959 71.185143 0.822841 0.237863 5.134647 -0.038387
59.749874 59.221134 3.117034 20.841867 335.703644 71.534805 0.814161 0.188177 5.150074 -0.039989
59.882862 58.829937 2.665493 19.072857 336.255707 71.941147 0.801810 0.131013 5.162066 -0.039974
59.999851 58.484623 2.230835 17.426973 336.737823 72.306763 0.789798 0.079352 5.180456 -0.041955
