1.20 1.10 20 64
0.135000 0.019124 0.049580 -0.014439 0.903390 -0.000420 -0.143003 -0.524273 6.674763 0.004143
0.262000 0.046537 0.229058 -0.027247 1.743755 -0.001497 -0.127725 -0.512772 6.569819 0.004102
0.378000 0.074296 0.477464 -0.028566 2.499763 -0.001602 -0.102634 -0.492328 6.476824 0.004206
0.504000 0.104494 0.794877 -0.067683 3.313181 -0.002519 -0.068549 -0.461245 6.355650 0.004841
0.631000 0.149078 1.098941 -0.100852 4.112939 -0.004181 -0.033400 -0.421090 6.254909 0.006831
0.757000 0.206958 1.375310 -0.115355 4.894529 -0.005932 -0.003052 -0.362850 6.166600 0.009259
0.883000 0.271465 1.585188 -0.120037 5.665337 -0.007348 0.018504 -0.272692 6.087781 0.008383
1.009000 0.341301 1.726848 -0.137409 6.428740 -0.008483 0.030873 -0.147496 6.044021 0.010651
1.136000 0.420904 1.816705 -0.126730 7.187665 -0.008780 0.033025 -0.000376 6.007814 0.010550
1.262000 0.505890 1.834470 -0.113661 7.943781 -0.008547 0.023573 0.148306 5.999352 0.012196
1.376000 0.589151 1.792161 -0.128503 8.633698 -0.009864 0.006743 0.274802 5.998981 0.012933
1.502000 0.684149 1.698410 -0.132488 9.383898 -0.012278 -0.017412 0.403080 6.004818 0.013442
1.628000 0.785083 1.584227 -0.136144 10.146740 -0.014446 -0.044525 0.526300 6.006748 0.013455
1.753001 0.886467 1.476521 -0.119584 10.897543 -0.015485 -0.069721 0.633905 6.009391 0.014744
1.878001 0.996758 1.393947 -0.154515 11.648903 -0.016870 -0.089030 0.713237 6.014691 0.016405
2.003001 1.120003 1.350099 -0.228282 12.400954 -0.019437 -0.100289 0.755455 6.016658 0.017822
2.127000 1.251791 1.349737 -0.301635 13.146555 -0.022291 -0.104968 0.765778 6.010368 0.019248
2.260000 1.406273 1.395132 -0.318117 13.945916 -0.023443 -0.100188 0.755004 6.008359 0.021436
2.385999 1.563976 1.500952 -0.262535 14.702524 -0.022418 -0.086295 0.727441 6.001926 0.022276
2.510999 1.729306 1.650881 -0.149980 15.451303 -0.020160 -0.064671 0.673429 5.978591 0.022824
2.635999 1.906941 1.834035 0.025829 16.191444 -0.017235 -0.039688 0.579745 5.956258 0.024326
2.760999 2.082232 2.030341 0.241865 16.933386 -0.014599 -0.013748 0.438970 5.925522 0.022481
2.884998 2.256397 2.221286 0.479932 17.672520 -0.010415 0.010021 0.259427 5.902434 0.022865
3.008998 2.428519 2.387139 0.703591 18.403631 -0.004436 0.028055 0.060229 5.888246 0.022469
3.132998 2.607435 2.523009 0.904614 19.133018 0.001303 0.037861 -0.139904 5.873146 0.025009
3.253997 2.790524 2.611507 1.127622 19.842222 0.007217 0.040345 -0.319286 5.855616 0.024359
3.376996 2.973547 2.671056 1.354766 20.562021 0.013521 0.035510 -0.475426 5.853304 0.023703
3.501996 3.162027 2.695651 1.595165 21.288498 0.019032 0.024976 -0.602787 5.866215 0.026092
3.635995 3.380812 2.706988 1.863474 22.074255 0.026182 0.009236 -0.708016 5.865020 0.027259
3.756994 3.581953 2.688019 2.094555 22.789778 0.033348 -0.007621 -0.775253 5.864068 0.027370
3.880994 3.780745 2.654144 2.314740 23.516785 0.041385 -0.025467 -0.811056 5.861972 0.024913
4.006994 3.967287 2.620100 2.536975 24.255661 0.051218 -0.040435 -0.804821 5.865633 0.024582
4.131996 4.150545 2.590245 2.706440 24.988544 0.062498 -0.049644 -0.748588 5.864036 0.024867
4.256997 4.334850 2.583711 2.851192 25.716305 0.073521 -0.053047 -0.643697 5.872344 0.025203
4.381999 4.532453 2.615779 2.990049 26.450193 0.086825 -0.049279 -0.500058 5.874278 0.027601
4.507000 4.733016 2.684952 3.071183 27.184067 0.100703 -0.037868 -0.338414 5.870523 0.027118
4.631001 4.932498 2.785080 3.072914 27.917063 0.115755 -0.020623 -0.179964 5.860258 0.027352
4.757003 5.135553 2.909861 3.083378 28.655245 0.132971 0.000465 -0.038327 5.857891 0.028534
4.884004 5.345069 3.028439 3.073094 29.393270 0.150025 0.023026 0.079563 5.861674 0.029631
5.008006 5.548444 3.152669 2.990767 30.125608 0.167285 0.045130 0.172733 5.860786 0.028911
5.133007 5.753479 3.286734 2.854212 30.852104 0.186202 0.065054 0.242481 5.859712 0.030452
5.257009 5.972189 3.411257 2.772281 31.583811 0.207843 0.081035 0.292040 5.854774 0.030847
5.382010 6.181708 3.524560 2.702741 32.315449 0.230989 0.092595 0.327779 5.860454 0.029701
5.507011 6.382539 3.618913 2.623101 33.042152 0.254702 0.098395 0.362033 5.868314 0.028354
5.632013 6.581476 3.693740 2.563623 33.775597 0.280636 0.098545 0.407172 5.877715 0.028144
5.756014 6.786663 3.729851 2.522889 34.510536 0.307263 0.094739 0.464623 5.889595 0.030359
5.881016 7.011435 3.712806 2.486272 35.247440 0.335539 0.087213 0.521314 5.906319 0.031539
6.006017 7.244133 3.654430 2.442274 35.986328 0.366906 0.076290 0.555274 5.921979 0.033776
6.131019 7.495433 3.565818 2.384009 36.727440 0.399379 0.064384 0.548068 5.940816 0.036496
6.255020 7.754233 3.465906 2.339735 37.465729 0.432985 0.053231 0.495190 5.972710 0.037255
6.380022 8.029186 3.372207 2.283426 38.213928 0.467694 0.046699 0.404313 6.006773 0.038682
6.504023 8.306466 3.299016 2.196713 38.959015 0.504263 0.044972 0.292278 6.025621 0.039452
6.629025 8.584585 3.237125 2.139914 39.706997 0.542538 0.047694 0.175019 6.046147 0.040032
6.753026 8.862759 3.197424 2.110518 40.463348 0.583334 0.056826 0.066840 6.068635 0.038694
6.878027 9.145266 3.184390 2.162948 41.221779 0.626243 0.071004 -0.020214 6.084660 0.039573
7.002029 9.438356 3.214119 2.257939 41.975616 0.670789 0.086523 -0.084369 6.091965 0.040570
7.126030 9.735361 3.274449 2.340935 42.729656 0.715538 0.103330 -0.138197 6.089201 0.041658
7.251032 10.043272 3.351781 2.417029 43.488411 0.762127 0.119422 -0.201458 6.082825 0.042724
7.376033 10.364570 3.439294 2.495965 44.247143 0.810041 0.132179 -0.287227 6.079131 0.045142
7.501035 10.697490 3.532219 2.555439 45.005116 0.859703 0.141255 -0.391384 6.072540 0.045381
7.637036 11.050254 3.610732 2.590590 45.822552 0.915642 0.146693 -0.500015 6.064661 0.045989
7.761038 11.381961 3.643569 2.629772 46.578617 0.969385 0.147539 -0.570034 6.059450 0.046173
7.886039 11.713704 3.637576 2.696495 47.333782 1.025362 0.143849 -0.594290 6.054236 0.045812
8.011040 12.062141 3.578126 2.829129 48.088249 1.083751 0.134445 -0.570277 6.053593 0.048396
8.136038 12.420103 3.491798 2.975894 48.843243 1.144683 0.122968 -0.505184 6.062982 0.048271
8.261036 12.775635 3.373587 3.136755 49.593353 1.208012 0.111767 -0.410839 6.077736 0.048556
8.387034 13.128621 3.233953 3.304246 50.355980 1.273998 0.101892 -0.294611 6.074800 0.047289
8.511032 13.464865 3.091535 3.483336 51.112244 1.341787 0.093325 -0.167745 6.073463 0.044607
8.633029 13.783421 2.975177 3.642866 51.844181 1.409679 0.087915 -0.040101 6.076072 0.045198
8.757027 14.120137 2.858325 3.755158 52.599648 1.482395 0.086632 0.089837 6.069733 0.046363
8.882025 14.449677 2.747828 3.869887 53.347744 1.557265 0.089512 0.207160 6.061221 0.044887
9.006022 14.783490 2.668463 4.035351 54.100792 1.635769 0.097486 0.303723 6.052599 0.046172
9.131021 15.125996 2.619890 4.213471 54.845482 1.715597 0.110399 0.372481 6.028842 0.047432
9.255018 15.474477 2.596780 4.398935 55.592793 1.799587 0.125641 0.416212 6.007682 0.048862
9.380016 15.831155 2.593432 4.546032 56.337326 1.883931 0.142444 0.439800 5.987867 0.049540
9.506014 16.191725 2.615536 4.725690 57.078384 1.970375 0.158553 0.447473 5.955388 0.050326
9.631012 16.561758 2.658308 4.851913 57.815102 2.059841 0.171819 0.440455 5.917604 0.052174
9.756010 16.936869 2.687174 4.944242 58.547337 2.151750 0.181678 0.419621 5.893863 0.051863
9.881008 17.317713 2.700129 5.038255 59.276150 2.246131 0.188264 0.387392 5.868769 0.052902
10.005006 17.704388 2.709029 5.105772 60.001167 2.344716 0.189862 0.344036 5.842569 0.053877
10.130004 18.095913 2.694676 5.184834 60.716724 2.446418 0.186259 0.286247 5.818781 0.055043
10.254002 18.494221 2.657171 5.208498 61.435608 2.551986 0.179669 0.208728 5.807008 0.055875
10.379000 18.899517 2.600364 5.230546 62.146919 2.659825 0.171301 0.114835 5.798561 0.056533
10.502997 19.308760 2.528791 5.229745 62.862186 2.772072 0.163791 0.013245 5.789815 0.057378
10.627995 19.726507 2.460280 5.209964 63.569950 2.886878 0.157680 -0.084342 5.780828 0.059177
10.751993 20.162680 2.383569 5.189387 64.281570 3.006525 0.153941 -0.176244 5.770597 0.061865
10.885990 20.630653 2.309012 5.172984 65.043213 3.137795 0.154111 -0.268691 5.765331 0.060666
11.007988 21.050043 2.250514 5.161854 65.729004 3.260401 0.156950 -0.342888 5.752418 0.060449
11.131986 21.482855 2.217644 5.126427 66.435768 3.389744 0.163073 -0.399173 5.743058 0.062359
11.255983 21.926296 2.192247 5.091094 67.134666 3.521155 0.171760 -0.426253 5.728703 0.062463
11.380981 22.360125 2.184188 5.066638 67.837074 3.658733 0.181576 -0.427097 5.719603 0.059537
11.505980 22.789021 2.172627 5.015293 68.537659 3.799581 0.191091 -0.411840 5.712212 0.061386
11.629977 23.230249 2.175797 4.965994 69.230507 3.943187 0.199212 -0.387111 5.701974 0.063748
11.754975 23.686529 2.180609 4.940471 69.926407 4.091786 0.206322 -0.349663 5.685091 0.064101
11.880974 24.143751 2.168429 4.908636 70.619911 4.243588 0.210850 -0.293427 5.677038 0.064182
12.005972 24.617270 2.162961 4.846966 71.316986 4.400365 0.213877 -0.216773 5.665277 0.067372
12.130970 25.096195 2.164731 4.835242 72.005760 4.558958 0.212920 -0.125580 5.639972 0.066764
12.256968 25.575317 2.142461 4.842288 72.690842 4.722425 0.208117 -0.023831 5.631175 0.067526
12.380966 26.048424 2.111861 4.872107 73.373642 4.890728 0.200106 0.085355 5.623138 0.065592
12.506965 26.514555 2.074645 4.937048 74.059937 5.064586 0.191221 0.195588 5.615051 0.063404
12.630962 26.981731 2.045936 4.982788 74.732979 5.239423 0.183919 0.290016 5.604972 0.067187
12.756961 27.464365 2.025670 5.040095 75.409904 5.418916 0.178834 0.356078 5.601484 0.067083
12.880959 27.955881 2.016745 5.090740 76.084930 5.601545 0.176788 0.386518 5.588791 0.068561
13.005957 28.453564 2.017539 5.157660 76.757225 5.787920 0.178922 0.385927 5.575489 0.069342
13.130955 28.952616 2.021538 5.225615 77.421448 5.976214 0.183253 0.363354 5.560757 0.070671
13.255953 29.461393 2.034367 5.266690 78.093620 6.171082 0.190499 0.323442 5.547725 0.070568
13.380951 29.968941 2.042983 5.326938 78.756042 6.369676 0.198997 0.269727 5.523280 0.070997
13.505949 30.482517 2.051105 5.416545 79.409767 6.571407 0.207832 0.205956 5.510236 0.071687
13.629947 30.994749 2.046786 5.502262 80.065361 6.779715 0.216937 0.135639 5.495439 0.070273
13.754945 31.508564 2.020548 5.577066 80.717644 6.992430 0.224753 0.062409 5.483336 0.071796
13.878942 32.033745 1.977406 5.668600 81.362122 7.207206 0.229074 -0.011010 5.474538 0.073926
14.003941 32.570957 1.934045 5.807074 82.008331 7.428161 0.230106 -0.079079 5.460877 0.074752
14.128939 33.110687 1.889859 5.914294 82.646996 7.650145 0.229052 -0.127329 5.445213 0.076256
14.253937 33.663227 1.846368 6.031164 83.292671 7.879570 0.225090 -0.143855 5.432163 0.075147
14.378935 34.210674 1.780574 6.165880 83.928757 8.112633 0.219949 -0.128658 5.412344 0.076451
14.504933 34.769379 1.693073 6.320265 84.561310 8.350147 0.214629 -0.099404 5.403912 0.077203
14.629931 35.320061 1.603894 6.469406 85.196007 8.593822 0.207702 -0.078574 5.388714 0.074450
14.754930 35.851540 1.521445 6.601844 85.822151 8.839644 0.201187 -0.078284 5.373550 0.072696
14.878927 36.374771 1.457478 6.666543 86.440514 9.086884 0.194924 -0.093704 5.366930 0.073575
15.003925 36.886303 1.405134 6.698338 87.055016 9.338543 0.190721 -0.115303 5.349894 0.070728
15.127923 37.383411 1.370454 6.701539 87.670998 9.596548 0.188308 -0.141389 5.339295 0.068486
15.252921 37.870369 1.335730 6.643625 88.284172 9.857936 0.187145 -0.178405 5.328765 0.068268
15.376919 38.351501 1.325251 6.639555 88.889359 10.121652 0.187519 -0.228426 5.321117 0.067210
15.501917 38.824612 1.340608 6.656496 89.491959 10.388939 0.189993 -0.278459 5.315836 0.065150
15.626915 39.288445 1.381054 6.650902 90.096931 10.662170 0.193483 -0.303242 5.305307 0.064712
15.751913 39.754574 1.443502 6.651009 90.703583 10.942226 0.197865 -0.281305 5.302698 0.064534
15.877912 40.216805 1.513981 6.590688 91.302849 11.224755 0.201182 -0.212374 5.298529 0.065051
16.001909 40.676159 1.609709 6.545547 91.899590 11.511024 0.202577 -0.113370 5.292399 0.063922
16.126904 41.129860 1.714077 6.518330 92.493477 11.802021 0.203800 -0.005748 5.289217 0.063194
16.251898 41.572235 1.833595 6.483394 93.084824 12.097445 0.202143 0.095426 5.289489 0.061391
16.375893 42.009548 1.974944 6.443799 93.669426 12.394781 0.199631 0.181535 5.288046 0.061944
16.500887 42.443596 2.106415 6.369105 94.251076 12.695881 0.194498 0.249680 5.275218 0.061006
16.635881 42.916119 2.237108 6.302243 94.886246 13.029514 0.186089 0.304464 5.276952 0.061114
16.759878 43.349957 2.353148 6.324206 95.461639 13.339363 0.177234 0.340635 5.268876 0.060839
16.883873 43.778923 2.468328 6.324651 96.029602 13.650099 0.167809 0.366913 5.259516 0.061471
17.005869 44.214966 2.559278 6.306061 96.594795 13.965059 0.158409 0.380004 5.261896 0.061965
17.128864 44.643410 2.614674 6.330225 97.156998 14.285006 0.150183 0.371105 5.256325 0.060231
17.260860 45.098938 2.652415 6.374104 97.757866 14.632988 0.145069 0.329643 5.261527 0.059368
17.383856 45.525860 2.650809 6.447298 98.315910 14.960851 0.143204 0.263312 5.261621 0.060308
17.505852 45.960499 2.633885 6.570637 98.867729 15.289794 0.143734 0.180193 5.270241 0.061471
17.627848 46.401279 2.594859 6.718818 99.418594 15.622036 0.147088 0.092026 5.273209 0.062455
17.750843 46.833954 2.559421 6.879684 99.972015 15.961093 0.152215 0.009826 5.286693 0.059644
17.884838 47.292889 2.516344 7.006859 100.574394 16.334993 0.161202 -0.060876 5.293977 0.059303
18.007833 47.712566 2.464023 7.156655 101.125694 16.683374 0.170253 -0.106364 5.305750 0.058533
18.129829 48.117939 2.407083 7.285273 101.675774 17.035469 0.180094 -0.140940 5.310422 0.056412
18.252825 48.518047 2.350640 7.411797 102.220665 17.387287 0.190306 -0.176560 5.319371 0.056447
18.386820 48.959705 2.300791 7.557993 102.813576 17.775322 0.202089 -0.226428 5.333278 0.056953
18.509815 49.365883 2.276651 7.686223 103.365234 18.140285 0.211812 -0.282958 5.336310 0.055442
18.635809 49.766743 2.275971 7.807415 103.920097 18.511932 0.217369 -0.342707 5.345315 0.055838
18.760803 50.160595 2.275128 7.902768 104.473816 18.886442 0.219980 -0.395043 5.346416 0.053578
18.885798 50.548916 2.266580 7.981094 105.030045 19.266851 0.220586 -0.427686 5.350763 0.052219
19.010792 50.910217 2.290319 7.967805 105.577171 19.644047 0.218945 -0.427376 5.361175 0.049098
19.134787 51.251385 2.329849 7.946263 106.126160 20.027451 0.216926 -0.388824 5.352480 0.046600
19.259781 51.573784 2.383369 7.927723 106.668144 20.410557 0.215725 -0.318721 5.352107 0.045339
19.383776 51.880173 2.429726 7.904423 107.212204 20.800447 0.216051 -0.230969 5.356012 0.041945
19.508770 52.166836 2.491692 7.906792 107.754913 21.193680 0.218825 -0.139177 5.362564 0.038811
19.633764 52.426388 2.551238 7.904627 108.291870 21.587307 0.225430 -0.048709 5.369698 0.035201
19.758759 52.678020 2.596802 7.906796 108.831635 21.988014 0.234290 0.045015 5.384554 0.035362
19.883753 52.920868 2.636112 7.886362 109.374138 22.396376 0.244968 0.145806 5.395668 0.032889
20.009747 53.149094 2.670951 7.889151 109.915077 22.808800 0.258979 0.251759 5.402012 0.030260
20.133741 53.355072 2.694700 7.906881 110.446915 23.217775 0.273668 0.352227 5.419804 0.027513
20.258736 53.536606 2.714470 7.906130 110.983047 23.634180 0.289286 0.434253 5.436128 0.023881
20.383730 53.703999 2.711030 7.910451 111.517494 24.054621 0.304792 0.481238 5.443190 0.023653
20.508724 53.873356 2.703190 7.867084 112.052193 24.477833 0.320167 0.486426 5.464790 0.024126
20.633718 54.036713 2.679771 7.828879 112.582893 24.902243 0.334026 0.456633 5.491561 0.022300
20.758713 54.187191 2.626596 7.809084 113.117355 25.335653 0.347107 0.404344 5.517340 0.020745
20.882708 54.321445 2.555049 7.770470 113.651772 25.774937 0.356873 0.338490 5.550841 0.018475
21.007702 54.439663 2.467077 7.711672 114.187721 26.219406 0.362809 0.259441 5.585294 0.016280
21.131697 54.539925 2.355011 7.628853 114.721519 26.665472 0.366250 0.165816 5.623554 0.013294
21.255692 54.617409 2.243127 7.545083 115.255127 27.116716 0.367774 0.060270 5.647718 0.009631
21.380686 54.689129 2.135717 7.469776 115.788918 27.573458 0.368278 -0.046968 5.676337 0.010122
21.504681 54.752731 2.033970 7.418930 116.327499 28.038561 0.368502 -0.144302 5.706770 0.008758
21.629675 54.812035 1.942067 7.350662 116.863503 28.504513 0.369163 -0.220271 5.740917 0.008688
21.753670 54.863487 1.859893 7.259222 117.403748 28.979733 0.370081 -0.272127 5.764484 0.005900
21.878664 54.894901 1.805615 7.111592 117.944191 29.459730 0.371249 -0.303007 5.795773 0.004390
22.000660 54.911537 1.773081 6.982531 118.471092 29.933367 0.372315 -0.320977 5.818924 0.001545
22.135654 54.912563 1.755158 6.789531 119.054558 30.462719 0.374765 -0.333959 5.850430 0.000286
22.260649 54.906746 1.749380 6.617129 119.593979 30.958536 0.377534 -0.337103 5.875514 -0.000900
22.375643 54.891880 1.753922 6.457698 120.085548 31.415237 0.380423 -0.324569 5.896197 -0.002095
22.500637 54.867508 1.760017 6.216635 120.628647 31.925644 0.381916 -0.287268 5.928463 -0.001492
22.626631 54.838310 1.762754 5.980952 121.171638 32.441982 0.381707 -0.227971 5.957466 -0.003744
22.751625 54.787056 1.761867 5.772712 121.710121 32.959644 0.378682 -0.158025 5.992225 -0.006775
22.877619 54.731129 1.760657 5.578636 122.253815 33.486031 0.372930 -0.087115 6.017146 -0.006398
23.002613 54.675949 1.757414 5.378294 122.793213 34.013992 0.365233 -0.022929 6.049768 -0.007566
23.127607 54.616631 1.761825 5.168943 123.332764 34.547047 0.355630 0.032446 6.076041 -0.007280
23.252602 54.552780 1.760316 4.931107 123.871674 35.085400 0.345194 0.077980 6.102555 -0.007857
23.377596 54.477646 1.760175 4.676713 124.406166 35.624401 0.333498 0.115351 6.132097 -0.010407
23.502590 54.391773 1.767023 4.458232 124.948593 36.178196 0.321566 0.150589 6.162905 -0.011792
23.627584 54.299088 1.784148 4.209972 125.481743 36.727455 0.310941 0.187751 6.179360 -0.013005
23.752579 54.188183 1.791800 3.937428 126.019592 37.284740 0.300762 0.228392 6.204051 -0.014944
23.876574 54.075390 1.791670 3.714255 126.557083 37.845512 0.293187 0.267823 6.219821 -0.014205
24.002567 53.960686 1.778716 3.495625 127.098320 38.414070 0.288111 0.299736 6.237262 -0.015536
24.127562 53.852711 1.765649 3.288896 127.636627 38.980663 0.285889 0.319150 6.261924 -0.014563
24.252556 53.744305 1.757921 3.056525 128.176666 39.550545 0.286170 0.323838 6.294490 -0.015141
24.385551 53.624855 1.735165 2.904329 128.752655 40.161026 0.287653 0.310317 6.319182 -0.014200
24.509546 53.509804 1.701384 2.826614 129.290253 40.733677 0.289120 0.278076 6.346741 -0.016155
24.632542 53.398289 1.653771 2.781264 129.825958 41.305004 0.290448 0.225960 6.380093 -0.014508
24.755537 53.281254 1.595837 2.759591 130.363968 41.879253 0.290765 0.153849 6.412367 -0.017764
24.876534 53.156555 1.546927 2.791626 130.899063 42.451565 0.288666 0.064821 6.427187 -0.017434
25.010529 53.030468 1.493259 2.889970 131.484070 43.078571 0.285329 -0.046967 6.461539 -0.017495
25.133524 52.901772 1.468132 2.942339 132.027313 43.660732 0.281393 -0.155646 6.481136 -0.019492
25.255520 52.761696 1.465278 3.052338 132.567123 44.240456 0.276361 -0.259358 6.504509 -0.021288
25.377516 52.623104 1.478439 3.209203 133.108887 44.822128 0.271909 -0.351964 6.523568 -0.019728
25.501511 52.474762 1.528698 3.366905 133.657623 45.409527 0.268293 -0.430974 6.540601 -0.021828
25.626505 52.335175 1.593367 3.579607 134.217377 46.006447 0.264487 -0.494394 6.554130 -0.020884
25.751499 52.182072 1.668770 3.709494 134.784775 46.608440 0.261200 -0.536777 6.571884 -0.021614
25.876493 52.037498 1.746400 3.786315 135.345200 47.201260 0.258944 -0.549762 6.588206 -0.020328
26.002487 51.893761 1.831440 3.852449 135.921432 47.808056 0.257443 -0.526698 6.587930 -0.019852
26.127481 51.758896 1.899067 3.952169 136.488541 48.405609 0.257303 -0.466599 6.592607 -0.018147
26.253475 51.631012 1.960085 4.055833 137.055328 49.003704 0.258992 -0.372748 6.591995 -0.017722
26.377470 51.516598 2.012131 4.177198 137.618500 49.596889 0.262836 -0.251470 6.599929 -0.016338
26.503464 51.421719 2.040446 4.288960 138.193832 50.198856 0.268749 -0.106305 6.611500 -0.012914
26.628458 51.330479 2.051115 4.363758 138.771515 50.799797 0.276174 0.050298 6.620223 -0.013355
26.754452 51.241684 2.038564 4.450691 139.350281 51.400593 0.282697 0.202971 6.624568 -0.012845
26.882446 51.142853 1.998005 4.495099 139.940353 52.011486 0.290140 0.338161 6.641841 -0.013918
27.007441 51.051701 1.952702 4.537400 140.513916 52.603611 0.295293 0.440085 6.655911 -0.012341
27.129436 50.963703 1.898961 4.577321 141.085724 53.191757 0.297597 0.510052 6.676838 -0.012270
27.252432 50.883083 1.845567 4.633259 141.654312 53.776951 0.299279 0.549739 6.697137 -0.011108
27.375427 50.804211 1.800813 4.674367 142.234467 54.372757 0.301443 0.561631 6.713023 -0.011732
27.509422 50.715881 1.757235 4.730308 142.863602 55.017506 0.301779 0.548097 6.730179 -0.009692
27.634417 50.642120 1.700324 4.822103 143.447937 55.615612 0.301475 0.520411 6.755937 -0.011385
27.759411 50.567001 1.657131 4.877540 144.040253 56.220058 0.302382 0.486278 6.775131 -0.010443
27.884407 50.498428 1.622655 4.856362 144.640106 56.830257 0.303062 0.446871 6.799843 -0.008926
28.007402 50.436188 1.585582 4.845532 145.227142 57.425926 0.303784 0.397946 6.801279 -0.008791
28.131397 50.366192 1.538212 4.818294 145.821182 58.026356 0.305252 0.332118 6.817649 -0.010085
28.253393 50.273743 1.490763 4.731572 146.407074 58.618427 0.309224 0.251735 6.830678 -0.014501
28.375389 50.170143 1.445452 4.631268 146.994003 59.211521 0.314429 0.161446 6.842529 -0.014384
28.510384 50.046566 1.402196 4.444871 147.644638 59.868298 0.321222 0.053985 6.852103 -0.015080
28.632380 49.928783 1.360860 4.244039 148.233673 60.462429 0.327860 -0.053470 6.858836 -0.017629
28.755375 49.795792 1.309716 4.005752 148.828156 61.061939 0.333838 -0.177312 6.866173 -0.018891
28.877371 49.647408 1.259555 3.754308 149.418320 61.657318 0.338704 -0.313630 6.872795 -0.022006
29.000366 49.487881 1.209316 3.514510 150.008270 62.253983 0.342320 -0.450609 6.875293 -0.022561
29.134361 49.310368 1.166886 3.234554 150.660629 62.914921 0.344397 -0.581093 6.881501 -0.022340
29.257357 49.145077 1.119743 2.947499 151.253052 63.519245 0.343538 -0.664789 6.880177 -0.022794
29.380352 48.976410 1.056011 2.633733 151.844406 64.125076 0.341607 -0.710344 6.885568 -0.022323
29.503347 48.811470 0.980749 2.304049 152.435104 64.732796 0.340074 -0.720303 6.894734 -0.021932
29.626343 48.655361 0.916296 1.979819 153.026031 65.341515 0.338343 -0.697844 6.895971 -0.021141
29.760338 48.490685 0.851798 1.686731 153.668991 66.005684 0.338548 -0.638388 6.901731 -0.019840
29.885332 48.355614 0.801042 1.380564 154.263947 66.621437 0.340082 -0.553756 6.910165 -0.017536
30.010326 48.222778 0.758787 1.047685 154.868362 67.249168 0.344390 -0.445409 6.915006 -0.017358
30.135321 48.098129 0.711244 0.749723 155.467178 67.873466 0.349276 -0.323952 6.922055 -0.016258
30.261314 47.974274 0.657537 0.458873 156.066620 68.498970 0.354621 -0.193174 6.936111 -0.016779
30.386309 47.852066 0.619788 0.208534 156.665695 69.126785 0.361394 -0.052978 6.945247 -0.017236
30.511303 47.732311 0.614733 -0.003879 157.265747 69.756424 0.368831 0.094304 6.964077 -0.016582
30.625298 47.621521 0.621086 -0.209373 157.818390 70.336212 0.374210 0.227393 6.967800 -0.017394
30.750292 47.495365 0.638204 -0.401306 158.413910 70.962173 0.378285 0.354228 6.967663 -0.017118
30.875286 47.372318 0.664740 -0.574777 159.017227 71.600609 0.380848 0.455329 6.971795 -0.016542
31.010281 47.252094 0.698583 -0.726176 159.662537 72.286133 0.380251 0.533219 6.976015 -0.014910
31.133276 47.146133 0.733622 -0.769146 160.249039 72.911995 0.376979 0.584473 6.971139 -0.015653
31.255272 47.044872 0.761533 -0.797099 160.830734 73.532692 0.371648 0.619023 6.973091 -0.013473
31.380266 46.962276 0.793930 -0.865111 161.426559 74.168678 0.365348 0.633285 6.971381 -0.009996
31.506260 46.898190 0.836447 -0.901133 162.026413 74.810524 0.358132 0.621873 6.972745 -0.007414
31.631254 46.854485 0.885822 -0.907043 162.620193 75.448944 0.349976 0.587368 6.974137 -0.004691
31.756248 46.834442 0.918651 -0.858612 163.212463 76.088463 0.340697 0.534116 6.971063 -0.001089
31.881243 46.829388 0.936489 -0.812951 163.799286 76.722984 0.332090 0.460513 6.970357 -0.000673
32.005238 46.836899 0.951397 -0.724405 164.389420 77.364304 0.325246 0.358201 6.972732 0.001807
32.129253 46.858761 0.967995 -0.637079 164.976242 78.000412 0.321646 0.230362 6.977554 0.003732
32.253269 46.899174 0.978640 -0.534210 165.563141 78.636658 0.320458 0.095414 6.984611 0.006400
32.377285 46.957901 0.985864 -0.411781 166.151062 79.273064 0.320971 -0.018165 6.991165 0.008990
32.502300 47.021008 0.997617 -0.292082 166.740372 79.909470 0.322362 -0.093557 6.998386 0.009684
32.627316 47.094837 1.027372 -0.129614 167.340179 80.557571 0.324395 -0.139254 7.015919 0.009550
32.753330 47.166431 1.077399 0.053142 167.937592 81.201172 0.325038 -0.179055 7.032326 0.011226
32.878345 47.258102 1.154791 0.295789 168.541931 81.850174 0.324648 -0.234111 7.042836 0.012437
33.001358 47.344799 1.229022 0.559277 169.134323 82.483337 0.323212 -0.303858 7.053912 0.010387
33.126373 47.430229 1.319374 0.856086 169.738052 83.126358 0.321882 -0.378968 7.060521 0.011382
33.251389 47.529892 1.425249 1.150625 170.343719 83.769447 0.319894 -0.447770 7.069661 0.013897
33.377403 47.654644 1.538087 1.461060 170.952148 84.411545 0.316504 -0.508183 7.080041 0.017689
33.502419 47.788860 1.684860 1.740412 171.568100 85.057045 0.311237 -0.562245 7.084187 0.016890
33.627434 47.919582 1.847521 2.024177 172.181030 85.696175 0.303462 -0.603586 7.084637 0.017507
33.753448 48.061424 2.018024 2.282133 172.801315 86.339203 0.295425 -0.618104 7.094648 0.019580
33.879463 48.211788 2.189277 2.480241 173.425522 86.980576 0.287018 -0.589424 7.106654 0.020017
34.004478 48.366158 2.361997 2.637505 174.048447 87.614296 0.278975 -0.513399 7.113026 0.021763
34.130493 48.520718 2.535217 2.795258 174.678696 88.252007 0.270249 -0.397687 7.116880 0.020635
34.257507 48.677574 2.708947 2.935740 175.311768 88.888062 0.260234 -0.259616 7.122740 0.020581
34.382523 48.841587 2.862854 3.045585 175.947189 89.520317 0.251697 -0.113015 7.111152 0.021444
34.507538 49.007416 2.993198 3.164984 176.573181 90.140121 0.243040 0.031753 7.099124 0.022904
34.631554 49.177696 3.093189 3.320505 177.204361 90.762314 0.235976 0.172489 7.088056 0.022477
34.757568 49.349949 3.186357 3.456634 177.838013 91.380661 0.229683 0.300432 7.075040 0.022575
34.881584 49.516205 3.251974 3.623608 178.472488 91.996414 0.225039 0.407797 7.065419 0.022235
35.004601 49.689552 3.297343 3.853010 179.097916 92.599831 0.223173 0.490845 7.064912 0.023042
35.130615 49.866039 3.337495 4.121846 179.736038 93.210205 0.223400 0.555565 7.064391 0.022033
35.255630 50.040596 3.353152 4.394524 180.382690 93.821861 0.225686 0.601860 7.064684 0.021154
35.380646 50.217316 3.350760 4.749143 181.024048 94.426270 0.228504 0.621800 7.045231 0.020692
35.505661 50.379463 3.334979 5.154374 181.665955 95.028130 0.231514 0.604128 7.031080 0.018704
35.630676 50.535435 3.303388 5.574786 182.309708 95.626503 0.235074 0.544284 7.033010 0.017493
35.754692 50.679585 3.288424 5.973272 182.949829 96.218018 0.238803 0.452042 7.025404 0.015910
35.879707 50.803497 3.294770 6.351684 183.596802 96.812111 0.242293 0.340876 7.028727 0.013877
36.004723 50.919811 3.326004 6.757193 184.246231 97.402718 0.246986 0.222610 7.017442 0.012114
36.129738 51.024174 3.393592 7.137127 184.897888 97.989433 0.251574 0.102068 7.002100 0.009861
36.253754 51.119164 3.492372 7.533435 185.545837 98.566147 0.256459 -0.014019 6.989615 0.010479
36.375771 51.213867 3.615988 7.948790 186.184326 99.129089 0.262865 -0.114673 6.969404 0.009579
36.510788 51.316544 3.784061 8.433270 186.892578 99.746643 0.269823 -0.199515 6.943009 0.009441
36.635803 51.418140 3.958703 8.933558 187.548798 100.311867 0.275511 -0.250852 6.914251 0.009275
36.759819 51.513241 4.122293 9.460392 188.194565 100.861618 0.279512 -0.279701 6.888337 0.007649
36.883835 51.600037 4.261654 10.019595 188.850830 101.414711 0.281758 -0.290341 6.854125 0.005537
37.008850 51.673347 4.383205 10.632520 189.501114 101.959366 0.283935 -0.286143 6.831446 0.002967
37.132866 51.743977 4.488369 11.203719 190.152130 102.498352 0.285170 -0.276278 6.804681 0.003661
37.256882 51.823135 4.565758 11.756639 190.809097 103.036034 0.283918 -0.275457 6.781468 0.005077
37.381893 51.900677 4.620699 12.313522 191.466110 103.567978 0.280813 -0.293324 6.751367 0.004782
37.504906 51.975746 4.647439 12.814527 192.113419 104.085304 0.278015 -0.324036 6.729011 0.004525
37.627922 52.039593 4.646375 13.259110 192.760986 104.597984 0.275300 -0.351298 6.706780 0.004447
37.751934 52.108910 4.634076 13.629202 193.414948 105.109016 0.274082 -0.359720 6.682959 0.005930
37.885948 52.173538 4.592409 13.900187 194.122375 105.654938 0.273759 -0.340268 6.651547 0.006375
38.008965 52.234497 4.519835 14.171643 194.769531 106.151878 0.274676 -0.297312 6.623930 0.005281
38.130978 52.277050 4.434276 14.380749 195.412369 106.640091 0.276599 -0.232730 6.608788 0.002488
38.253990 52.298103 4.322263 14.529624 196.060394 107.127808 0.279527 -0.148946 6.582289 0.000295
38.378006 52.301434 4.210601 14.628885 196.707489 107.611137 0.284599 -0.053773 6.556368 -0.000679
38.501022 52.292706 4.115608 14.700739 197.359421 108.094452 0.292311 0.042249 6.530334 -0.001636
38.635036 52.272625 4.031682 14.746714 198.062592 108.611542 0.303370 0.135916 6.500119 -0.003033
38.758053 52.253315 3.966625 14.784453 198.707321 109.081512 0.314793 0.210123 6.477056 -0.003717
38.882069 52.218605 3.924576 14.745250 199.356232 109.551529 0.324710 0.273620 6.453104 -0.005619
39.005085 52.165436 3.933653 14.629036 199.998627 110.013855 0.332893 0.324914 6.424193 -0.007110
39.128098 52.100727 3.956864 14.530951 200.644623 110.476334 0.340786 0.363406 6.397463 -0.008198
39.251106 52.028316 3.993091 14.390336 201.277496 110.929070 0.345903 0.388490 6.365791 -0.009433
39.385124 51.937191 4.036947 14.160511 201.970596 111.423958 0.350981 0.402134 6.347553 -0.011299
39.508141 51.836700 4.085083 13.947481 202.603912 111.876144 0.352295 0.398420 6.314222 -0.012463
39.631157 51.728127 4.152032 13.754035 203.235382 112.326019 0.350988 0.370823 6.297807 -0.013809
39.754173 51.611340 4.233438 13.560037 203.866852 112.773705 0.349198 0.313196 6.291503 -0.015339
39.877190 51.476376 4.328426 13.344586 204.498016 113.219582 0.347000 0.228552 6.277941 -0.018511
40.011208 51.301003 4.422654 13.081487 205.179947 113.700912 0.343003 0.124158 6.274546 -0.022406
40.134220 51.116325 4.490692 12.830296 205.816101 114.148354 0.338563 0.036509 6.266490 -0.024994
40.255234 50.925030 4.536873 12.591848 206.437134 114.583153 0.335110 -0.024923 6.264694 -0.025216
40.378242 50.731174 4.560420 12.387487 207.062103 115.020683 0.334198 -0.060951 6.244491 -0.026639
40.501259 50.519993 4.568943 12.203689 207.695068 115.465195 0.335078 -0.081145 6.237976 -0.027791
40.633270 50.294319 4.568493 12.005297 208.368317 115.938042 0.338911 -0.101596 6.226897 -0.027204
40.757286 50.086933 4.555065 11.747173 208.994720 116.377090 0.344709 -0.129700 6.217842 -0.026073
40.881302 49.889343 4.527463 11.487656 209.630432 116.823410 0.352582 -0.165479 6.214926 -0.024514
41.006317 49.687733 4.491705 11.218741 210.265488 117.269295 0.362048 -0.199196 6.204509 -0.025466
41.131332 49.494644 4.452172 10.987082 210.894821 117.711571 0.372399 -0.222776 6.203554 -0.024936
41.255348 49.301899 4.373492 10.764411 211.528564 118.157242 0.382174 -0.235851 6.194832 -0.024245
41.379364 49.119038 4.272890 10.534144 212.158249 118.599358 0.391577 -0.242072 6.209236 -0.022276
41.504379 48.942352 4.169651 10.297448 212.792831 119.045914 0.399945 -0.245222 6.204607 -0.022375
41.629395 48.770851 4.060320 10.101843 213.426682 119.492958 0.406242 -0.247628 6.206377 -0.021410
41.754410 48.612835 3.938422 9.966173 214.059464 119.942009 0.412102 -0.251643 6.211997 -0.020199
41.880424 48.459091 3.794032 9.831449 214.692871 120.393501 0.415820 -0.258529 6.227579 -0.020631
42.005440 48.304070 3.624126 9.703269 215.331863 120.851318 0.416073 -0.263201 6.248996 -0.019893
42.131454 48.155247 3.435476 9.580375 215.966980 121.308868 0.414397 -0.252643 6.271914 -0.019005
42.256470 48.004185 3.229690 9.422699 216.608795 121.772697 0.412196 -0.212634 6.292503 -0.020080
42.381485 47.851437 3.026932 9.284595 217.246201 122.235718 0.409971 -0.137463 6.306799 -0.020835
42.507500 47.695881 2.830202 9.188396 217.883179 122.703011 0.406922 -0.030563 6.332769 -0.021071
42.632515 47.549747 2.660564 9.080862 218.520279 123.174713 0.404355 0.097094 6.344403 -0.019870
42.756531 47.415901 2.513850 8.950105 219.157257 123.649879 0.402966 0.228672 6.367458 -0.016892
42.882545 47.297062 2.397113 8.772668 219.794205 124.128334 0.401884 0.340675 6.374597 -0.015602
43.007561 47.163616 2.303379 8.536248 220.430618 124.609772 0.402458 0.409964 6.390763 -0.018292
43.131577 47.027664 2.232090 8.235392 221.065887 125.094887 0.404243 0.427633 6.402224 -0.016827
43.256592 46.889233 2.187606 7.892593 221.701263 125.583672 0.407374 0.406387 6.418818 -0.017839
43.381607 46.753910 2.143622 7.547343 222.336456 126.075905 0.412111 0.369639 6.441376 -0.015961
43.506622 46.617046 2.101937 7.133230 222.972946 126.570793 0.415806 0.331424 6.454566 -0.017667
43.631638 46.478836 2.043175 6.659381 223.609543 127.068726 0.417601 0.287511 6.474091 -0.015992
43.757652 46.353554 1.984075 6.134518 224.245651 127.570107 0.418340 0.227302 6.485972 -0.014107
43.882668 46.236633 1.893362 5.604201 224.885941 128.079453 0.418498 0.149515 6.502545 -0.012253
44.007683 46.141609 1.788203 5.062223 225.515060 128.584625 0.417229 0.067570 6.509035 -0.009841
44.131699 46.064037 1.671898 4.482079 226.147751 129.098007 0.413338 -0.008549 6.523778 -0.007215
44.255714 45.998730 1.548159 3.922658 226.774139 129.611298 0.408580 -0.075348 6.535328 -0.006914
44.380730 45.946983 1.413733 3.321964 227.400009 130.128693 0.402378 -0.138590 6.554174 -0.005048
44.505745 45.908054 1.265711 2.744301 228.030151 130.654556 0.394867 -0.202328 6.572007 -0.001840
44.630760 45.890671 1.105119 2.167093 228.658539 131.184311 0.387948 -0.263669 6.580228 0.000264
44.754776 45.884441 0.927739 1.544967 229.281052 131.713165 0.382169 -0.317709 6.590834 0.001661
44.879791 45.887447 0.731856 0.983267 229.906235 132.251205 0.377637 -0.363516 6.605896 0.002227
45.004807 45.902981 0.538342 0.427787 230.530823 132.793488 0.374955 -0.401741 6.624683 0.003916
45.126823 45.927563 0.361567 -0.111967 231.144241 133.331070 0.375594 -0.429964 6.636998 0.004874
45.261837 45.974682 0.182399 -0.631667 231.814957 133.926697 0.379029 -0.437651 6.652108 0.008123
45.385853 46.039528 0.030352 -1.049017 232.424713 134.473862 0.384702 -0.406039 6.667566 0.010313
45.510868 46.117992 -0.110655 -1.413472 233.037415 135.029297 0.391626 -0.324472 6.671685 0.012181
45.633884 46.215370 -0.237862 -1.653612 233.654282 135.591721 0.400050 -0.195746 6.681646 0.014460
45.755898 46.326550 -0.337641 -1.871069 234.256119 136.143204 0.408628 -0.044115 6.698461 0.015762
45.878914 46.445816 -0.424152 -2.086421 234.862671 136.701630 0.416299 0.110041 6.707655 0.017541
46.003929 46.590046 -0.479834 -2.301302 235.473785 137.266983 0.422195 0.246726 6.721384 0.021518
46.127945 46.750393 -0.503574 -2.436792 236.089890 137.839218 0.426020 0.354187 6.728053 0.022871
46.262962 46.933838 -0.503707 -2.502784 236.749023 138.456497 0.428718 0.431363 6.746126 0.025183
46.384975 47.118271 -0.491282 -2.494907 237.353165 139.026001 0.428764 0.469464 6.752243 0.027232
46.508991 47.315769 -0.464455 -2.475654 237.955978 139.598404 0.427842 0.481585 6.763465 0.028177
46.630005 47.523815 -0.418512 -2.390173 238.552536 140.168808 0.424599 0.473276 6.764443 0.031125
46.752018 47.746460 -0.349795 -2.236979 239.147812 140.740723 0.418469 0.446435 6.766600 0.032602
46.877033 47.986214 -0.255367 -2.014480 239.757111 141.328278 0.409227 0.398741 6.775744 0.033958
47.012051 48.243793 -0.160547 -1.813796 240.413864 141.964661 0.397483 0.325907 6.772828 0.033676
47.127064 48.463772 -0.084046 -1.565433 240.966614 142.503510 0.388270 0.252462 6.770034 0.033522
47.252079 48.701485 -0.010943 -1.199109 241.571426 143.093887 0.379567 0.164260 6.756182 0.033076
47.377094 48.947144 0.082758 -0.755445 242.180771 143.688217 0.372388 0.067972 6.751396 0.034025
47.502110 49.187263 0.168639 -0.309920 242.784836 144.277908 0.369634 -0.034250 6.750853 0.033467
47.627125 49.434307 0.242474 0.200936 243.387451 144.868652 0.370683 -0.136376 6.752806 0.034542
47.762142 49.707722 0.306118 0.788925 244.038147 145.507568 0.375919 -0.233564 6.754295 0.035915
47.887157 49.968597 0.362266 1.298949 244.639938 146.098892 0.384044 -0.305861 6.744332 0.037069
48.013172 50.236652 0.411996 1.773054 245.240341 146.689560 0.394087 -0.365593 6.733646 0.036505
48.137188 50.500546 0.443817 2.211003 245.839539 147.279282 0.407801 -0.416697 6.721212 0.036696
48.262203 50.753334 0.432385 2.628296 246.431992 147.864746 0.425491 -0.453507 6.716679 0.033827
48.388218 51.002342 0.376767 2.975782 247.033371 148.459778 0.446466 -0.466054 6.711678 0.033986
48.502232 51.217194 0.289968 3.237272 247.575912 148.998566 0.466142 -0.452359 6.704083 0.032320
48.628246 51.445950 0.168671 3.512731 248.178436 149.600021 0.487034 -0.415502 6.704945 0.030538
48.752262 51.658943 0.032666 3.759216 248.766724 150.187805 0.505041 -0.365861 6.707034 0.029465
48.877277 51.862198 -0.129935 3.969036 249.359192 150.781464 0.521206 -0.304848 6.711697 0.026348
49.002293 52.034512 -0.319759 4.167495 249.950165 151.377274 0.535422 -0.231745 6.716843 0.022641
49.137310 52.185692 -0.543763 4.309185 250.583130 152.018494 0.547822 -0.141708 6.727802 0.016860
49.263325 52.291656 -0.757515 4.359957 251.178406 152.623535 0.556557 -0.051119 6.742032 0.012823
49.377338 52.357883 -0.955088 4.318326 251.720581 153.177872 0.561973 0.033169 6.747128 0.008357
49.503353 52.394241 -1.169665 4.136094 252.315598 153.786255 0.565896 0.125270 6.753724 0.001850
49.629368 52.388660 -1.365071 3.873879 252.909134 154.396179 0.568453 0.211258 6.754190 -0.003905
49.754383 52.345058 -1.528808 3.533913 253.495255 155.003250 0.573408 0.279003 6.749982 -0.009976
49.879398 52.260944 -1.665639 3.085606 254.079010 155.611710 0.581079 0.319945 6.744592 -0.015863
50.004414 52.126198 -1.770267 2.539710 254.661499 156.221512 0.591567 0.335230 6.741393 -0.024916
50.129429 51.942799 -1.834626 1.932326 255.240738 156.832458 0.604765 0.336782 6.733028 -0.030307
50.254444 51.731281 -1.885409 1.292315 255.816559 157.445114 0.618911 0.339168 6.721606 -0.034369
50.379459 51.492550 -1.911197 0.677635 256.388763 158.059357 0.633267 0.350160 6.713479 -0.037799
50.504475 51.223240 -1.927564 0.036155 256.957245 158.675079 0.647622 0.367460 6.696892 -0.042405
50.629490 50.933807 -1.958078 -0.594650 257.521881 159.292084 0.660924 0.380986 6.686738 -0.044361
50.754505 50.616806 -2.001505 -1.202957 258.082214 159.910782 0.671556 0.377597 6.671780 -0.049457
50.878521 50.271667 -2.065409 -1.805335 258.630341 160.521149 0.677974 0.348752 6.668706 -0.054346
51.003536 49.900318 -2.169469 -2.480359 259.184631 161.143234 0.678873 0.291931 6.661229 -0.056001
51.128551 49.506409 -2.299987 -3.106846 259.734863 161.767273 0.674569 0.211411 6.652376 -0.059685
51.252567 49.086678 -2.460910 -3.704577 260.280670 162.394516 0.664653 0.112825 6.649182 -0.063504
51.388584 48.610493 -2.671016 -4.405421 260.864929 163.074020 0.646231 -0.007271 6.629575 -0.066768
51.512600 48.153282 -2.897035 -5.020006 261.398438 163.705307 0.623218 -0.120735 6.600591 -0.068377
51.637615 47.682350 -3.158657 -5.594103 261.924042 164.338608 0.596238 -0.221367 6.571211 -0.071930
51.762630 47.195404 -3.433232 -6.159173 262.442078 164.972565 0.567436 -0.296674 6.530557 -0.072996
51.886646 46.704918 -3.718583 -6.682950 262.947388 165.601425 0.538045 -0.342682 6.483011 -0.074207
52.008663 46.224308 -4.012234 -7.172881 263.435181 166.218887 0.509708 -0.365511 6.428235 -0.073035
52.133678 45.740788 -4.321728 -7.628099 263.919556 166.845505 0.483493 -0.373265 6.354039 -0.073148
52.255695 45.256676 -4.619943 -8.058908 264.389526 167.463699 0.459089 -0.371588 6.281107 -0.073756
52.378712 44.774010 -4.900238 -8.456446 264.848480 168.079010 0.436477 -0.365327 6.208954 -0.072733
52.504726 44.280048 -5.150116 -8.836768 265.303253 168.699829 0.413165 -0.356484 6.122739 -0.074220
52.630741 43.790577 -5.369851 -9.228722 265.751221 169.327866 0.389441 -0.340810 6.041477 -0.071963
52.754757 43.331436 -5.526103 -9.622404 266.172394 169.931946 0.366560 -0.307575 5.947214 -0.068892
52.877773 42.902985 -5.616332 -10.028186 266.584259 170.535049 0.341914 -0.245787 5.850825 -0.064071
53.002789 42.503437 -5.627763 -10.379733 266.984955 171.137939 0.313735 -0.156740 5.748412 -0.059074
53.128803 42.131870 -5.556815 -10.730514 267.376709 171.738480 0.280993 -0.056188 5.649613 -0.054226
53.253819 41.788464 -5.395209 -11.042665 267.753845 172.326157 0.243582 0.034809 5.541480 -0.049121
53.379833 41.491756 -5.127963 -11.280680 268.119568 172.904861 0.200293 0.105986 5.425982 -0.041737
53.505848 41.233269 -4.767604 -11.442087 268.477661 173.477631 0.153838 0.156414 5.311016 -0.034734
53.630863 41.031155 -4.310152 -11.526491 268.827240 174.039902 0.103744 0.188677 5.214999 -0.025418
53.755878 40.901932 -3.784584 -11.508848 269.163788 174.583191 0.053349 0.207595 5.113620 -0.012648
53.879894 40.843536 -3.198615 -11.317134 269.493225 175.117630 0.003842 0.220729 5.026469 -0.002002
54.004910 40.865116 -2.563607 -10.937748 269.823120 175.649902 -0.045168 0.235687 4.929229 0.010194
54.129925 40.966358 -1.899480 -10.334318 270.144379 176.164490 -0.090283 0.254349 4.864909 0.022537
54.254940 41.157681 -1.189716 -9.449650 270.469238 176.677582 -0.130553 0.272177 4.789470 0.034045
54.380955 41.433819 -0.455207 -8.341299 270.792389 177.177292 -0.163353 0.282097 4.740529 0.045303
54.504967 41.807018 0.282922 -7.061845 271.115448 177.664597 -0.188127 0.281903 4.698000 0.056935
54.629982 42.281879 1.031141 -5.636582 271.448944 178.151520 -0.205977 0.271155 4.672860 0.068613
54.755997 42.849342 1.740707 -4.096552 271.787445 178.626862 -0.214457 0.244878 4.672292 0.077216
54.881012 43.489670 2.407621 -2.412480 272.134491 179.096558 -0.212924 0.192305 4.671382 0.084119
55.006027 44.223671 3.014466 -0.630801 272.494080 179.564468 -0.201572 0.106757 4.693847 0.093417
55.131042 45.031387 3.531211 1.219818 272.861816 180.024765 -0.182093 -0.001056 4.729021 0.101777
55.256058 45.904259 3.941259 3.055095 273.243958 180.481628 -0.154654 -0.108297 4.788708 0.107179
55.378067 46.815853 4.265753 4.838576 273.634125 180.928375 -0.122214 -0.190632 4.846647 0.113855
55.513084 47.868797 4.518605 6.714112 274.074799 181.414124 -0.080926 -0.243172 4.928630 0.122521
55.637100 48.889599 4.647724 8.330691 274.498291 181.862549 -0.038290 -0.262895 5.007279 0.127082
55.760113 49.943436 4.677991 9.796092 274.932220 182.308487 0.006168 -0.267385 5.094808 0.135438
55.884129 51.029362 4.613113 11.098531 275.384399 182.759644 0.053827 -0.266689 5.190054 0.139993
56.007145 52.118771 4.474710 12.239172 275.846710 183.208176 0.102842 -0.264585 5.270913 0.142917
56.131161 53.226181 4.276026 13.273443 276.324524 183.663040 0.151393 -0.258382 5.352927 0.145670
56.255177 54.338810 4.054594 14.217717 276.815155 184.120743 0.198924 -0.240993 5.445618 0.147425
56.379192 55.450497 3.825379 15.032427 277.316772 184.581085 0.243326 -0.205100 5.519686 0.149536
56.505207 56.565540 3.588200 15.685424 277.833191 185.045822 0.285398 -0.148312 5.583345 0.149703
56.631222 57.664993 3.353653 16.226803 278.360779 185.515411 0.323676 -0.077562 5.618338 0.146691
56.756237 58.738522 3.146720 16.643566 278.893829 185.984909 0.355694 -0.007713 5.643806 0.144257
56.882252 59.787903 2.971126 16.878225 279.430511 186.452087 0.383527 0.048023 5.650881 0.142533
57.007267 60.791988 2.844903 17.016891 279.964233 186.914612 0.407890 0.085421 5.650616 0.136519
57.132282 61.734818 2.780675 17.051155 280.499542 187.374588 0.431601 0.111564 5.634573 0.126573
57.258297 62.607761 2.781148 17.020208 281.033722 187.831772 0.454101 0.138429 5.611776 0.119308
57.383312 63.431988 2.815827 16.907318 281.569855 188.289917 0.475131 0.177044 5.586348 0.112821
57.509327 64.206718 2.874082 16.790440 282.097809 188.742020 0.497171 0.230727 5.541972 0.107025
57.634342 64.944290 2.942719 16.604616 282.625702 189.194870 0.519991 0.294835 5.505525 0.102017
57.760357 65.649353 3.011410 16.382797 283.144318 189.641266 0.541875 0.355022 5.456684 0.098137
57.884373 66.312187 3.066753 16.160328 283.657959 190.085251 0.564407 0.394429 5.408612 0.091509
58.009388 66.937332 3.098181 15.981769 284.164490 190.526962 0.586914 0.397874 5.357544 0.086068
58.133404 67.528549 3.102547 15.802165 284.659698 190.963928 0.608451 0.358469 5.299880 0.082854
58.257420 68.082466 3.061238 15.600366 285.146973 191.400818 0.629530 0.280571 5.262776 0.077378
58.383434 68.603523 2.975973 15.367891 285.631470 191.841385 0.648823 0.177419 5.217790 0.072090
58.507450 69.084984 2.843179 15.100071 286.109070 192.282394 0.665734 0.068297 5.187406 0.067365
58.632465 69.527924 2.658137 14.771015 286.578186 192.726013 0.680525 -0.033434 5.149689 0.061141
58.757481 69.929291 2.430445 14.389414 287.039490 193.172226 0.693646 -0.124398 5.124987 0.055676
58.882496 70.286652 2.151511 13.957522 287.493378 193.621399 0.704255 -0.208730 5.100208 0.049488
59.008511 70.593117 1.846311 13.443121 287.939850 194.075577 0.710869 -0.289215 5.089570 0.042085
59.133526 70.854004 1.539953 12.888860 288.376892 194.535858 0.712249 -0.362440 5.073413 0.036223
59.257542 71.072823 1.247915 12.319897 288.805206 195.002701 0.707422 -0.422052 5.070274 0.029597
59.383556 71.256393 0.968159 11.680346 289.229187 195.479843 0.696724 -0.464327 5.063935 0.025026
59.508572 71.403275 0.723734 10.989410 289.640411 195.960876 0.680983 -0.486388 5.064407 0.019455
59.634586 71.509773 0.509173 10.217488 290.043976 196.448685 0.660217 -0.485484 5.065469 0.013791
59.758602 71.584534 0.338709 9.385601 290.438080 196.943878 0.633775 -0.457996 5.059966 0.010008
59.884617 71.634979 0.213872 8.530177 290.822784 197.446701 0.604586 -0.405017 5.068928 0.005444
60.010632 71.660812 0.130214 7.606819 291.202240 197.961304 0.571445 -0.332454 5.074939 0.002656
