1.20 1.10 20 64
0.135000 0.001092 0.111507 -0.092001 0.912961 -0.000013 -0.128620 -0.102318 6.702229 -0.000022
0.252000 -0.014463 0.424326 -0.218061 1.691943 -0.000218 -0.077429 -0.030499 6.621726 -0.002985
0.382000 -0.043209 0.939739 -0.323812 2.545231 -0.000698 0.011176 0.063029 6.512781 -0.005128
0.510000 -0.090130 1.558435 -0.442183 3.379048 -0.002189 0.117440 0.154432 6.424237 -0.006592
0.628000 -0.133280 2.152609 -0.551401 4.125534 -0.004750 0.217776 0.228386 6.355906 -0.005109
0.755000 -0.175350 2.804173 -0.648222 4.933277 -0.009261 0.319134 0.297294 6.285672 -0.005060
0.885000 -0.214313 3.421560 -0.741124 5.742527 -0.014381 0.401992 0.351104 6.269107 -0.005029
1.002000 -0.260497 3.921767 -0.833041 6.475311 -0.019223 0.455818 0.381900 6.264064 -0.006334
1.132000 -0.312109 4.398765 -0.895899 7.291193 -0.025049 0.488003 0.386873 6.288041 -0.006937
1.261000 -0.369991 4.747590 -0.931078 8.104179 -0.032516 0.487898 0.354661 6.315762 -0.007986
1.378000 -0.430700 4.934897 -0.997433 8.845588 -0.041427 0.460859 0.295618 6.355289 -0.008911
1.506000 -0.505621 4.985854 -1.048973 9.662659 -0.052321 0.406981 0.209933 6.400795 -0.010472
1.635000 -0.592349 4.888873 -1.110877 10.498449 -0.064324 0.333164 0.120696 6.448660 -0.011631
1.750999 -0.679511 4.690380 -1.132300 11.248750 -0.074937 0.257469 0.052179 6.486518 -0.013047
1.876000 -0.778335 4.363072 -1.160499 12.062407 -0.087553 0.175377 -0.001623 6.528663 -0.013099
2.004999 -0.877965 3.924159 -1.209584 12.900524 -0.103072 0.100073 -0.034085 6.567012 -0.013552
2.133000 -0.985296 3.425481 -1.252292 13.744022 -0.120606 0.039769 -0.046720 6.608285 -0.014741
2.262000 -1.102030 2.889400 -1.267205 14.600185 -0.137590 0.002252 -0.043802 6.660826 -0.017377
2.380000 -1.217327 2.426515 -1.145394 15.388642 -0.150764 -0.006502 -0.032557 6.702464 -0.017928
2.508000 -1.348010 1.980325 -0.941951 16.248549 -0.165868 0.013054 -0.020811 6.730162 -0.019881
2.635000 -1.477752 1.610386 -0.661382 17.111065 -0.181162 0.060813 -0.022550 6.748258 -0.018566
2.751000 -1.605043 1.359144 -0.349054 17.893700 -0.197277 0.123981 -0.043163 6.745205 -0.021366
2.879001 -1.764792 1.179466 -0.010143 18.749430 -0.216618 0.205879 -0.084071 6.734864 -0.023138
3.006001 -1.934328 1.074219 0.353164 19.603432 -0.235733 0.292147 -0.126699 6.723467 -0.024740
3.134001 -2.114394 1.031896 0.688444 20.469130 -0.256446 0.372924 -0.155156 6.712970 -0.025027
3.251001 -2.270399 1.031386 0.968619 21.247866 -0.278010 0.432447 -0.165975 6.717923 -0.023330
3.378001 -2.444345 1.052005 1.245091 22.108646 -0.303812 0.477993 -0.172895 6.734182 -0.025168
3.505002 -2.622944 1.095017 1.486401 22.965294 -0.331403 0.497171 -0.186938 6.759518 -0.025024
3.631001 -2.795631 1.148287 1.745363 23.818983 -0.361682 0.490038 -0.208354 6.789762 -0.024603
3.759002 -2.970206 1.205754 1.982604 24.689568 -0.394160 0.458243 -0.226459 6.818025 -0.024410
3.887002 -3.140893 1.249590 2.172783 25.556145 -0.428075 0.403599 -0.228905 6.835214 -0.024139
4.002002 -3.302339 1.293788 2.335483 26.349052 -0.459692 0.340231 -0.214087 6.839314 -0.024635
4.130003 -3.486101 1.334103 2.470085 27.216389 -0.494733 0.265948 -0.180483 6.832305 -0.025963
4.257005 -3.680120 1.363263 2.521619 28.089134 -0.531028 0.193339 -0.131580 6.818454 -0.026989
4.385006 -3.877399 1.385005 2.522151 28.952799 -0.569035 0.131435 -0.071685 6.794873 -0.027015
4.511007 -4.064606 1.416760 2.474301 29.812044 -0.607228 0.086271 -0.003618 6.760760 -0.024729
4.627008 -4.236309 1.446005 2.351873 30.586691 -0.643653 0.064512 0.062729 6.731272 -0.025864
4.754010 -4.429883 1.478863 2.134247 31.444410 -0.685237 0.063725 0.140030 6.692728 -0.026324
4.883011 -4.628693 1.504059 1.870452 32.297760 -0.727607 0.086362 0.214689 6.662067 -0.025852
5.010012 -4.822099 1.488551 1.541148 33.147015 -0.773805 0.129219 0.279909 6.629748 -0.024774
5.127013 -5.002017 1.455525 1.186392 33.913792 -0.817460 0.180547 0.324541 6.614526 -0.025813
5.254014 -5.198212 1.407761 0.748258 34.750774 -0.865605 0.244597 0.355387 6.595958 -0.025373
5.382016 -5.392746 1.335203 0.375384 35.593403 -0.913202 0.309814 0.366317 6.596153 -0.026238
5.510017 -5.602070 1.245885 0.032702 36.443676 -0.960998 0.370228 0.353570 6.609340 -0.028094
5.627018 -5.800858 1.152095 -0.235814 37.210197 -1.005980 0.414918 0.316753 6.626493 -0.030310
5.754019 -6.028028 1.034596 -0.507234 38.058945 -1.057869 0.448578 0.244347 6.651709 -0.030359
5.882020 -6.255861 0.895217 -0.739870 38.911564 -1.112075 0.464657 0.145807 6.688407 -0.030284
6.010022 -6.472849 0.732367 -0.951385 39.761646 -1.168186 0.462514 0.037348 6.721122 -0.029216
6.137023 -6.681147 0.545873 -1.130307 40.615509 -1.225991 0.442685 -0.065091 6.752363 -0.027441
6.252024 -6.853253 0.368940 -1.284839 41.391750 -1.281770 0.411072 -0.142745 6.773528 -0.025496
6.379025 -7.039512 0.177724 -1.425591 42.257938 -1.347471 0.363926 -0.208359 6.796347 -0.025128
6.508027 -7.218106 0.013631 -1.519830 43.126045 -1.416220 0.312746 -0.249006 6.805653 -0.024318
6.636028 -7.386214 -0.105982 -1.631439 44.000191 -1.488460 0.262854 -0.262677 6.794036 -0.022021
6.753029 -7.532571 -0.179444 -1.668125 44.791855 -1.555688 0.223923 -0.250901 6.786734 -0.021164
6.882030 -7.686176 -0.211923 -1.642782 45.655724 -1.630692 0.195118 -0.217070 6.765274 -0.021452
7.010031 -7.841280 -0.184058 -1.570285 46.522785 -1.707763 0.184837 -0.178538 6.735332 -0.021054
7.127032 -7.971820 -0.110085 -1.400282 47.305618 -1.779133 0.190582 -0.159320 6.704278 -0.018922
7.255033 -8.111386 0.024093 -1.210590 48.156254 -1.860139 0.212471 -0.169714 6.657617 -0.019387
7.384035 -8.239102 0.189180 -1.027264 49.000584 -1.943490 0.247515 -0.208032 6.606807 -0.017275
7.501036 -8.343087 0.344506 -0.854140 49.774010 -2.022965 0.287239 -0.247968 6.571107 -0.013872
7.629037 -8.436752 0.507945 -0.685440 50.601238 -2.110774 0.332900 -0.272440 6.535574 -0.012238
7.758038 -8.536244 0.627073 -0.578329 51.436420 -2.203167 0.380234 -0.263253 6.504549 -0.013999
7.886039 -8.640679 0.688278 -0.480630 52.263218 -2.297176 0.421691 -0.220261 6.496988 -0.014877
8.001040 -8.739166 0.685570 -0.393005 53.005791 -2.383212 0.452001 -0.156471 6.503013 -0.016297
8.126039 -8.850622 0.621461 -0.273509 53.813988 -2.479102 0.473476 -0.064830 6.518696 -0.015238
8.254038 -8.957967 0.480421 -0.096289 54.643867 -2.580124 0.482366 0.044951 6.540442 -0.013918
8.382037 -9.067180 0.271560 0.093136 55.477470 -2.683743 0.479108 0.154754 6.577489 -0.014919
8.510036 -9.189178 0.001658 0.276939 56.321384 -2.791140 0.465602 0.249084 6.606335 -0.018633
8.636035 -9.328302 -0.304897 0.449789 57.148361 -2.899455 0.443053 0.317547 6.628263 -0.019784
8.753035 -9.466631 -0.599503 0.616560 57.911568 -3.001081 0.416895 0.361497 6.642810 -0.020942
8.882034 -9.628860 -0.904450 0.763579 58.761753 -3.116749 0.386485 0.394866 6.658397 -0.020981
9.011033 -9.784777 -1.198995 0.887819 59.613026 -3.234400 0.358737 0.413888 6.660799 -0.021179
9.128033 -9.930715 -1.427990 1.000059 60.384647 -3.343323 0.339886 0.416767 6.659560 -0.021911
9.255032 -10.093396 -1.615972 1.152064 61.228104 -3.464592 0.330081 0.402644 6.651367 -0.020688
9.383031 -10.251315 -1.732533 1.302891 62.069115 -3.587228 0.333879 0.373708 6.631043 -0.021213
9.510030 -10.409370 -1.787459 1.431472 62.893665 -3.709514 0.349981 0.336344 6.606956 -0.022612
9.635028 -10.567737 -1.791600 1.532086 63.714779 -3.836257 0.377582 0.291116 6.583218 -0.020750
9.752028 -10.711086 -1.752810 1.618053 64.467514 -3.955583 0.409597 0.240816 6.561237 -0.020190
9.880027 -10.863070 -1.669181 1.644729 65.294952 -4.089585 0.447897 0.169697 6.536369 -0.019583
10.007026 -11.013086 -1.584120 1.633796 66.119621 -4.225868 0.486137 0.079105 6.524383 -0.019920
10.135025 -11.157263 -1.513552 1.625114 66.936256 -4.362607 0.520104 -0.032004 6.518873 -0.019911
10.260023 -11.290293 -1.463944 1.587311 67.740311 -4.497094 0.545043 -0.159186 6.522015 -0.018642
10.376022 -11.417486 -1.450852 1.575312 68.486565 -4.623596 0.557907 -0.282384 6.527623 -0.019441
10.505022 -11.559720 -1.484823 1.526416 69.317276 -4.766487 0.560677 -0.406422 6.539417 -0.019317
10.633021 -11.696910 -1.571282 1.438402 70.143257 -4.911980 0.552016 -0.492660 6.558518 -0.019961
10.761021 -11.841738 -1.701483 1.331452 70.976555 -5.062173 0.535073 -0.534037 6.569078 -0.019660
10.878020 -11.961589 -1.839027 1.242947 71.733322 -5.200746 0.513433 -0.541541 6.581773 -0.017505
11.007019 -12.079369 -2.014560 1.174908 72.562447 -5.355043 0.486618 -0.533452 6.593251 -0.015465
11.133018 -12.190663 -2.201343 1.131155 73.385086 -5.511048 0.461271 -0.515756 6.595241 -0.015620
11.258016 -12.303905 -2.378185 1.085487 74.194839 -5.665682 0.438806 -0.480129 6.594970 -0.016392
11.387015 -12.418577 -2.528726 1.051066 75.023506 -5.825659 0.422192 -0.411396 6.592103 -0.014653
11.503015 -12.502425 -2.650834 1.045074 75.773422 -5.973885 0.415446 -0.321926 6.587757 -0.012493
11.631014 -12.600384 -2.750509 1.069549 76.600082 -6.139478 0.417853 -0.208356 6.585837 -0.013063
11.757012 -12.699852 -2.817162 1.096458 77.419243 -6.307103 0.430078 -0.101086 6.582270 -0.012884
11.884011 -12.778366 -2.829753 1.103684 78.237511 -6.476921 0.450754 -0.006275 6.578947 -0.010394
12.012011 -12.837414 -2.797553 1.144844 79.055397 -6.649366 0.481189 0.082529 6.582531 -0.006956
12.129010 -12.875578 -2.750938 1.228449 79.808052 -6.811897 0.512624 0.164673 6.581025 -0.003764
12.258010 -12.899264 -2.687549 1.293695 80.637245 -6.995016 0.546700 0.251974 6.585304 -0.001442
12.386009 -12.900556 -2.593270 1.365039 81.466896 -7.181378 0.576828 0.325331 6.594899 0.000813
12.503009 -12.896881 -2.504459 1.476887 82.213585 -7.352301 0.598589 0.374541 6.612411 0.000998
12.630008 -12.886621 -2.401232 1.560447 83.039635 -7.545619 0.616133 0.414391 6.636388 0.002077
12.758007 -12.878163 -2.288986 1.679919 83.868111 -7.740363 0.623044 0.446651 6.656536 0.001746
12.884006 -12.872067 -2.172645 1.809856 84.685547 -7.935001 0.620003 0.476488 6.678723 0.002325
13.011004 -12.847804 -2.055228 1.902018 85.505211 -8.133060 0.608513 0.501028 6.704057 0.004213
13.127004 -12.828367 -1.946885 1.977683 86.261696 -8.318633 0.591101 0.514223 6.721757 0.003882
13.253002 -12.793736 -1.824661 2.067415 87.091621 -8.524488 0.567765 0.512511 6.737899 0.005524
13.380001 -12.752267 -1.728065 2.162617 87.922409 -8.732475 0.542452 0.490531 6.749303 0.006541
13.507000 -12.701488 -1.637637 2.218464 88.747108 -8.941995 0.518594 0.445255 6.754818 0.006540
13.632998 -12.649605 -1.558957 2.254297 89.572899 -9.152232 0.498960 0.372274 6.766987 0.007450
13.758997 -12.591072 -1.490310 2.346209 90.406548 -9.365180 0.486309 0.268912 6.782631 0.009075
13.882995 -12.525923 -1.418297 2.428118 91.215523 -9.573012 0.481717 0.141543 6.793801 0.009262
14.008993 -12.462481 -1.358632 2.465977 92.051674 -9.788857 0.485444 -0.010023 6.810362 0.008920
14.133991 -12.383767 -1.292523 2.483947 92.877167 -10.003018 0.495720 -0.168785 6.832322 0.012976
14.258989 -12.283209 -1.210678 2.526277 93.705193 -10.218832 0.511135 -0.325153 6.853899 0.014501
14.382987 -12.176594 -1.107669 2.543604 94.528137 -10.435092 0.532094 -0.467959 6.872397 0.016009
14.505984 -12.057268 -0.988690 2.517581 95.340492 -10.650659 0.555248 -0.585965 6.898452 0.017307
14.629982 -11.931293 -0.866097 2.491102 96.175903 -10.872422 0.580500 -0.676335 6.925406 0.017751
14.755980 -11.798056 -0.745526 2.474545 97.021851 -11.096274 0.604127 -0.729873 6.959730 0.018861
14.881979 -11.659266 -0.609787 2.437731 97.872246 -11.323262 0.622663 -0.743909 7.004433 0.019073
15.007977 -11.523057 -0.469310 2.439401 98.728119 -11.551551 0.634162 -0.718067 7.049226 0.018914
15.134976 -11.390033 -0.315275 2.369138 99.589851 -11.780211 0.638070 -0.655258 7.097185 0.019213
15.259974 -11.245670 -0.139214 2.222061 100.456779 -12.010842 0.633469 -0.559770 7.140966 0.019572
15.382972 -11.112809 0.056126 2.078150 101.301529 -12.235134 0.622490 -0.444010 7.181255 0.018435
15.508970 -10.983712 0.263232 1.876793 102.185936 -12.470468 0.603832 -0.311122 7.222908 0.017994
15.634969 -10.849950 0.470405 1.696606 103.061272 -12.702102 0.580400 -0.177368 7.259252 0.019723
15.760967 -10.707776 0.694222 1.585597 103.955338 -12.937741 0.554290 -0.042635 7.297981 0.020654
15.875966 -10.578123 0.912921 1.497227 104.768593 -13.154040 0.529079 0.080022 7.328540 0.019849
16.002964 -10.429472 1.168183 1.416381 105.663185 -13.392049 0.502327 0.217980 7.358320 0.021367
16.128958 -10.271116 1.434746 1.342551 106.562157 -13.629116 0.477856 0.355352 7.389888 0.022152
16.254951 -10.101745 1.723145 1.256758 107.471161 -13.867858 0.454409 0.481311 7.409721 0.024641
16.379946 -9.927979 2.025012 1.217469 108.369110 -14.103934 0.437198 0.582972 7.438639 0.026159
16.503941 -9.733725 2.339278 1.238985 109.255310 -14.334317 0.429239 0.656711 7.452295 0.028521
16.629934 -9.529387 2.679746 1.283989 110.166260 -14.568918 0.426964 0.706322 7.474850 0.029313
16.755928 -9.304580 3.045302 1.308769 111.088562 -14.804255 0.431621 0.729344 7.504743 0.031482
16.878923 -9.085653 3.413029 1.318144 111.985435 -15.031290 0.440176 0.721273 7.531669 0.031282
17.004917 -8.848294 3.814498 1.357176 112.907227 -15.262019 0.450635 0.677069 7.547631 0.032940
17.130911 -8.607449 4.240973 1.445723 113.824425 -15.488328 0.459884 0.598570 7.563759 0.033078
17.255905 -8.359782 4.667134 1.520354 114.743805 -15.712680 0.466487 0.494061 7.577934 0.034121
17.380899 -8.097914 5.078849 1.609143 115.673607 -15.936389 0.467704 0.369999 7.594400 0.034291
17.507895 -7.839765 5.458799 1.746960 116.605972 -16.155535 0.462257 0.229415 7.605613 0.034277
17.632889 -7.574496 5.823874 1.897987 117.532532 -16.369482 0.450731 0.073494 7.610671 0.035142
17.757883 -7.304079 6.138304 2.066734 118.467850 -16.582109 0.432483 -0.093246 7.611912 0.035158
17.883877 -7.020264 6.409610 2.223005 119.404236 -16.791992 0.407019 -0.253159 7.620325 0.037656
18.008871 -6.720756 6.619586 2.404312 120.332413 -16.995380 0.376164 -0.386639 7.585876 0.038096
18.132866 -6.433121 6.785724 2.564016 121.250694 -17.192272 0.342365 -0.482639 7.565510 0.038134
18.256861 -6.150237 6.887431 2.658972 122.159615 -17.383896 0.309857 -0.543064 7.546439 0.039267
18.378857 -5.862720 6.917310 2.762515 123.067245 -17.569971 0.277770 -0.579349 7.522578 0.038230
18.502851 -5.580477 6.871406 2.834196 123.979607 -17.753809 0.248558 -0.601903 7.489841 0.039550
18.628845 -5.289845 6.743192 2.857381 124.895515 -17.936518 0.224652 -0.616619 7.458156 0.040864
18.754839 -4.990706 6.545450 2.844754 125.814705 -18.116295 0.208382 -0.622042 7.413743 0.040896
18.879833 -4.695810 6.313270 2.817276 126.729141 -18.293007 0.199159 -0.611588 7.377318 0.041241
19.004827 -4.402856 6.061433 2.769000 127.633003 -18.464172 0.194754 -0.579360 7.344592 0.042509
19.128822 -4.114120 5.775026 2.687407 128.525467 -18.630020 0.196076 -0.522751 7.303109 0.041314
19.251818 -3.831206 5.462712 2.596910 129.399765 -18.788490 0.201869 -0.442654 7.265925 0.041124
19.376812 -3.555221 5.162930 2.426301 130.299500 -18.949249 0.211774 -0.336190 7.242601 0.039461
19.502806 -3.297481 4.878970 2.216050 131.196609 -19.105280 0.223433 -0.210319 7.216402 0.037122
19.628799 -3.054121 4.615992 2.029027 132.090591 -19.257336 0.236176 -0.073635 7.183747 0.036926
19.754793 -2.802518 4.377491 1.881967 132.975021 -19.403711 0.247738 0.063753 7.164186 0.036759
19.880787 -2.560403 4.174943 1.767313 133.872650 -19.547804 0.256405 0.196890 7.150970 0.033016
20.006781 -2.339519 4.004024 1.687679 134.754623 -19.685234 0.261568 0.316513 7.129973 0.030714
20.132774 -2.117525 3.849813 1.635987 135.641449 -19.819294 0.260968 0.422805 7.108696 0.032249
20.258768 -1.886718 3.721633 1.589046 136.526276 -19.949409 0.254392 0.513912 7.095257 0.032514
20.380764 -1.662665 3.625836 1.601369 137.387665 -20.071924 0.244311 0.588987 7.065726 0.030820
20.503759 -1.448731 3.550747 1.657645 138.247360 -20.191185 0.229335 0.648551 7.050361 0.029002
20.629753 -1.254590 3.488469 1.724159 139.125732 -20.309399 0.210370 0.687546 7.016575 0.024241
20.755747 -1.074517 3.418226 1.822073 139.992966 -20.421644 0.189256 0.696454 6.975889 0.024470
20.880741 -0.889107 3.358293 1.884646 140.861755 -20.532476 0.169250 0.667728 6.938172 0.025123
21.006735 -0.702311 3.303076 1.981735 141.719635 -20.638460 0.152160 0.600735 6.903440 0.025172
21.131729 -0.523604 3.225623 2.110638 142.580475 -20.739513 0.139638 0.498286 6.868451 0.023694
21.254726 -0.362198 3.136484 2.218632 143.417007 -20.833445 0.130466 0.371838 6.830148 0.021867
21.377722 -0.216274 3.027094 2.300987 144.249344 -20.925085 0.125092 0.225887 6.796637 0.019868
21.502716 -0.079652 2.895269 2.362991 145.092331 -21.015610 0.124478 0.065319 6.772115 0.017950
21.626711 0.045449 2.759656 2.436087 145.925507 -21.101437 0.129268 -0.096805 6.743603 0.016152
21.750706 0.168158 2.620507 2.506004 146.748962 -21.182980 0.138820 -0.249536 6.717232 0.017509
21.885700 0.306372 2.468134 2.591182 147.656769 -21.270010 0.153527 -0.392128 6.701586 0.017167
22.009695 0.441756 2.335060 2.640932 148.477020 -21.346231 0.168555 -0.485214 6.695584 0.019852
22.133690 0.576851 2.209101 2.678705 149.302567 -21.419905 0.183434 -0.539578 6.678388 0.017412
22.257685 0.700752 2.106249 2.676478 150.134171 -21.491535 0.196415 -0.557633 6.676946 0.017183
22.381680 0.810996 2.025626 2.691759 150.959366 -21.559305 0.206625 -0.545785 6.674782 0.014077
22.504675 0.907001 1.955517 2.688236 151.777481 -21.624683 0.213097 -0.510934 6.670612 0.013221
22.628670 1.001743 1.895887 2.697170 152.601303 -21.687294 0.215194 -0.455934 6.660201 0.012623
22.753664 1.092257 1.847198 2.677045 153.431000 -21.747753 0.212914 -0.383871 6.655810 0.012294
22.876659 1.183916 1.802153 2.600760 154.247009 -21.804239 0.205773 -0.303317 6.648224 0.014098
23.010654 1.276869 1.754740 2.523124 155.136139 -21.862614 0.193646 -0.213540 6.644960 0.011613
23.135649 1.351690 1.710154 2.477574 155.965363 -21.914717 0.179835 -0.134848 6.650202 0.010462
23.250643 1.424394 1.683129 2.463327 156.722260 -21.960436 0.166083 -0.070408 6.655105 0.011422
23.376637 1.504851 1.676295 2.428469 157.560623 -22.008215 0.151787 -0.009063 6.667916 0.010706
23.500631 1.584075 1.704380 2.379218 158.386292 -22.053024 0.139698 0.038518 6.663942 0.011937
23.626625 1.661754 1.747154 2.264321 159.224533 -22.095245 0.130171 0.075705 6.655189 0.011705
23.751619 1.725392 1.803801 2.124326 160.061981 -22.134087 0.123480 0.112701 6.651449 0.007986
23.877613 1.780567 1.886710 2.020785 160.899048 -22.168934 0.120248 0.165826 6.642227 0.007583
24.003607 1.828300 1.990106 1.871662 161.734619 -22.200905 0.120520 0.242657 6.626609 0.005975
24.129601 1.853691 2.082628 1.731711 162.562408 -22.230642 0.122779 0.330680 6.624001 0.003579
24.252596 1.870682 2.163009 1.606553 163.375259 -22.258301 0.128133 0.403089 6.605471 0.003098
24.385592 1.878967 2.231722 1.455882 164.258469 -22.285810 0.135810 0.440040 6.589073 0.001444
24.509586 1.884938 2.288477 1.312601 165.068130 -22.310516 0.143073 0.426832 6.585925 0.001567
24.634581 1.877387 2.340371 1.126915 165.897308 -22.334856 0.149579 0.375788 6.583806 -0.000633
24.760574 1.867103 2.365328 1.008906 166.727051 -22.357220 0.154813 0.299048 6.585600 -0.000207
24.885569 1.850763 2.376590 0.905105 167.542633 -22.378317 0.157485 0.204784 6.577092 -0.002118
25.010563 1.838023 2.363567 0.815013 168.365280 -22.399256 0.157510 0.093573 6.588713 0.000080
25.134558 1.821283 2.323025 0.752117 169.189468 -22.418901 0.154186 -0.027961 6.598856 -0.002800
25.259552 1.797046 2.272033 0.737251 170.014816 -22.437803 0.147295 -0.146727 6.606179 -0.002565
25.384546 1.780687 2.213245 0.770455 170.842102 -22.455706 0.139258 -0.247014 6.625591 -0.002663
25.509541 1.754252 2.172486 0.742925 171.671005 -22.473782 0.130692 -0.319327 6.635719 -0.003955
25.634535 1.719838 2.154594 0.769451 172.500381 -22.490240 0.122762 -0.363177 6.640784 -0.005969
25.760529 1.683417 2.158997 0.847671 173.336334 -22.505091 0.117325 -0.383833 6.633903 -0.005040
25.884523 1.639743 2.199008 0.918786 174.159241 -22.518888 0.114290 -0.383307 6.638021 -0.006704
26.006519 1.603385 2.250481 1.034119 174.968613 -22.532797 0.111715 -0.358340 6.636220 -0.006695
26.129515 1.555730 2.316063 1.076545 175.777313 -22.546469 0.109488 -0.303308 6.632370 -0.007111
26.254509 1.504920 2.387294 1.072767 176.612671 -22.560209 0.108613 -0.218099 6.628090 -0.007333
26.380503 1.451928 2.467360 1.037761 177.439499 -22.574429 0.107752 -0.118290 6.608816 -0.007068
26.506496 1.403270 2.544313 1.014029 178.271790 -22.587498 0.107045 -0.018573 6.605767 -0.005646
26.632490 1.358043 2.627808 0.989282 179.103485 -22.598684 0.106460 0.074954 6.603421 -0.005829
26.757484 1.320138 2.717855 0.981832 179.935547 -22.608763 0.105826 0.167257 6.605173 -0.005090
26.883478 1.296041 2.797024 0.983712 180.760529 -22.619280 0.105288 0.260204 6.596605 -0.002822
27.008472 1.268027 2.871026 0.945793 181.590073 -22.630764 0.104321 0.343864 6.575714 -0.004721
27.133467 1.234184 2.937439 0.940698 182.403702 -22.641897 0.102223 0.396077 6.550522 -0.005041
27.256462 1.192849 2.983998 0.896390 183.208389 -22.652910 0.100395 0.405788 6.534801 -0.005490
27.378458 1.157385 3.022834 0.858629 184.010574 -22.663818 0.096200 0.378377 6.516421 -0.004529
27.503452 1.121217 3.053687 0.826708 184.817764 -22.675591 0.089449 0.328205 6.507360 -0.004766
27.628447 1.085903 3.064777 0.850449 185.630417 -22.685968 0.081994 0.268595 6.497429 -0.005201
27.753441 1.048554 3.064631 0.872548 186.447662 -22.695635 0.075408 0.204104 6.477236 -0.005392
27.878435 1.013999 3.052527 0.941999 187.256088 -22.704281 0.068517 0.135170 6.457242 -0.003890
28.003429 0.988623 3.001154 1.067689 188.061508 -22.711329 0.061916 0.062807 6.433021 -0.005520
28.129423 0.959884 2.942327 1.171761 188.871323 -22.718073 0.057576 -0.008924 6.423546 -0.004733
28.254417 0.932906 2.881176 1.237793 189.673813 -22.724323 0.054200 -0.074564 6.417810 -0.004092
28.380411 0.906987 2.796305 1.327120 190.474365 -22.730347 0.052737 -0.131952 6.397241 -0.004645
28.505405 0.880346 2.682325 1.428228 191.273590 -22.736197 0.052309 -0.180444 6.393049 -0.004947
28.630400 0.829130 2.558114 1.481407 192.072418 -22.741590 0.054585 -0.221780 6.386476 -0.009317
28.754395 0.764910 2.424990 1.518697 192.869598 -22.746473 0.057939 -0.257504 6.370285 -0.008754
28.880388 0.692733 2.287613 1.500961 193.664474 -22.751083 0.062512 -0.287509 6.353423 -0.010053
29.005383 0.621592 2.156233 1.441513 194.458191 -22.755495 0.068878 -0.307852 6.348105 -0.009439
29.131376 0.540278 2.029485 1.335059 195.257385 -22.759974 0.075896 -0.314115 6.343669 -0.012354
29.255371 0.443406 1.919366 1.223485 196.050323 -22.763304 0.082081 -0.306993 6.342609 -0.014252
29.381365 0.330180 1.838670 1.124058 196.843079 -22.765242 0.087141 -0.293304 6.341001 -0.016424
29.505360 0.212222 1.800544 0.985740 197.635681 -22.766972 0.090876 -0.277519 6.342591 -0.016321
29.628355 0.091596 1.785391 0.832257 198.415436 -22.768635 0.091123 -0.255070 6.339251 -0.017481
29.751350 -0.038042 1.783580 0.661190 199.194809 -22.769268 0.087611 -0.217910 6.331913 -0.017854
29.886345 -0.190464 1.804227 0.432394 200.042786 -22.769669 0.082490 -0.158993 6.326791 -0.019463
30.000340 -0.322120 1.842327 0.227826 200.763153 -22.770924 0.076310 -0.101660 6.315601 -0.019662
30.125334 -0.473782 1.915262 0.052908 201.552231 -22.772377 0.070047 -0.038199 6.312045 -0.020571
30.250328 -0.626657 2.007129 -0.159990 202.347000 -22.774698 0.063972 0.025974 6.305499 -0.019581
30.376322 -0.781411 2.114987 -0.400200 203.134583 -22.777830 0.059481 0.094841 6.298733 -0.021470
30.502316 -0.947266 2.212425 -0.629184 203.927353 -22.781490 0.055747 0.168051 6.282955 -0.022014
30.627310 -1.117355 2.290026 -0.823656 204.717728 -22.786703 0.052058 0.236234 6.264212 -0.023379
30.751305 -1.290637 2.346231 -0.969531 205.492798 -22.791309 0.049508 0.290358 6.238445 -0.024023
30.875299 -1.473828 2.408221 -1.073878 206.264755 -22.797062 0.049097 0.333722 6.220252 -0.025780
31.009295 -1.676804 2.447490 -1.165068 207.096985 -22.804752 0.048978 0.374429 6.204347 -0.027436
31.134289 -1.880449 2.448935 -1.215331 207.871964 -22.813887 0.049544 0.404878 6.197559 -0.028717
31.259283 -2.085085 2.419844 -1.253931 208.646606 -22.823435 0.049816 0.416824 6.198293 -0.028449
31.381279 -2.283492 2.360115 -1.296008 209.403336 -22.833885 0.048351 0.400762 6.208617 -0.027198
31.506273 -2.485990 2.269678 -1.279963 210.180023 -22.844542 0.045460 0.355378 6.216303 -0.029595
31.631268 -2.703194 2.165438 -1.227157 210.957916 -22.857626 0.041857 0.287752 6.229444 -0.031084
31.752264 -2.909667 2.057459 -1.184170 211.711731 -22.871786 0.038232 0.207179 6.234830 -0.030074
31.877258 -3.115487 1.964653 -1.115038 212.491867 -22.887585 0.034460 0.113462 6.245073 -0.028530
32.002254 -3.317891 1.904239 -1.022877 213.273239 -22.904577 0.030246 0.016406 6.254978 -0.029086
32.127270 -3.519914 1.856660 -0.907305 214.048904 -22.920706 0.024896 -0.072618 6.258574 -0.028440
32.252285 -3.723397 1.815704 -0.823565 214.831268 -22.938723 0.019638 -0.146078 6.264720 -0.029134
32.377300 -3.934119 1.809154 -0.732125 215.614822 -22.957651 0.015593 -0.201912 6.271365 -0.029481
32.502316 -4.148003 1.843625 -0.660682 216.404251 -22.978987 0.013103 -0.244331 6.265382 -0.030110
32.627331 -4.355481 1.898804 -0.612023 217.179932 -23.000986 0.011964 -0.274720 6.253981 -0.029040
32.752346 -4.569563 1.970061 -0.563828 217.965561 -23.024387 0.012417 -0.293017 6.230361 -0.029473
32.876362 -4.787616 2.047221 -0.540682 218.735611 -23.049547 0.012487 -0.298575 6.203919 -0.031335
33.001377 -5.001099 2.132692 -0.492775 219.509674 -23.074549 0.012173 -0.296596 6.186175 -0.030715
33.126392 -5.233674 2.217978 -0.475022 220.280792 -23.100735 0.009920 -0.293517 6.159642 -0.033421
33.251408 -5.468467 2.302391 -0.440289 221.048050 -23.127127 0.006275 -0.287612 6.132293 -0.033107
33.376423 -5.720485 2.365421 -0.438667 221.812820 -23.155235 0.002125 -0.269945 6.117892 -0.036822
33.502438 -5.997001 2.408183 -0.443857 222.581528 -23.185335 -0.000878 -0.233543 6.095851 -0.038941
33.625454 -6.274597 2.437144 -0.451241 223.329636 -23.215786 -0.001720 -0.183436 6.081329 -0.039364
33.758472 -6.562473 2.443458 -0.471946 224.130402 -23.250116 -0.002037 -0.123471 6.062400 -0.036708
33.883488 -6.839974 2.458357 -0.538777 224.892258 -23.286140 -0.001520 -0.069658 6.048244 -0.039457
34.007504 -7.140711 2.473009 -0.647264 225.640594 -23.323540 -0.001063 -0.024350 6.036435 -0.042186
34.131519 -7.444675 2.489772 -0.777198 226.381119 -23.361649 0.000045 0.009995 6.028036 -0.041851
34.256535 -7.751633 2.503000 -0.979548 227.133377 -23.403715 0.001322 0.034830 6.025523 -0.042607
34.384548 -8.079498 2.516234 -1.232086 227.901901 -23.450525 0.004230 0.060915 6.006995 -0.043611
34.509563 -8.415951 2.522066 -1.489597 228.656738 -23.499392 0.006770 0.103737 6.002605 -0.045831
34.634579 -8.764494 2.532837 -1.739956 229.403992 -23.549313 0.007826 0.172013 5.985342 -0.048148
34.760593 -9.122507 2.543554 -2.012400 230.148865 -23.601658 0.008897 0.252860 5.969716 -0.048711
34.886608 -9.492539 2.548126 -2.304422 230.898468 -23.655390 0.008956 0.318885 5.962448 -0.050302
35.001621 -9.844071 2.551087 -2.571733 231.587219 -23.706293 0.009796 0.345548 5.954323 -0.052071
35.127636 -10.241227 2.564150 -2.888294 232.328552 -23.764599 0.011634 0.333560 5.943750 -0.054007
35.253651 -10.665524 2.590607 -3.211167 233.073929 -23.826866 0.014734 0.293745 5.929646 -0.058276
35.377666 -11.094705 2.617878 -3.477860 233.811081 -23.891029 0.019753 0.247487 5.918917 -0.058531
35.503681 -11.543565 2.677189 -3.696568 234.553650 -23.957989 0.026992 0.206796 5.914522 -0.062667
35.628696 -12.002226 2.734963 -3.907404 235.288620 -24.028076 0.034468 0.175072 5.903619 -0.063515
35.753712 -12.472727 2.799956 -4.044380 236.022690 -24.100653 0.041550 0.146671 5.901084 -0.065672
35.879726 -12.960368 2.875767 -4.094858 236.756134 -24.175049 0.047471 0.114600 5.893290 -0.068603
36.005741 -13.464353 2.953510 -4.115764 237.494293 -24.253006 0.051914 0.074708 5.889692 -0.070773
36.130756 -13.985873 3.046941 -4.157882 238.231888 -24.334423 0.054597 0.028637 5.890293 -0.072823
36.255772 -14.522970 3.162132 -4.220972 238.963760 -24.418718 0.054667 -0.019540 5.896807 -0.075265
36.380787 -15.066725 3.271475 -4.308984 239.695496 -24.505857 0.053161 -0.069985 5.894340 -0.075410
36.505802 -15.622087 3.390702 -4.388531 240.426590 -24.595871 0.049562 -0.128851 5.891225 -0.077593
36.631817 -16.194021 3.518436 -4.460670 241.162247 -24.690168 0.044927 -0.203156 5.882804 -0.078905
36.757832 -16.771111 3.643874 -4.527040 241.890228 -24.787239 0.041322 -0.289257 5.873528 -0.081098
36.882847 -17.360222 3.764834 -4.585651 242.622833 -24.887999 0.038377 -0.373504 5.866795 -0.080744
37.008862 -17.952606 3.877692 -4.628824 243.353134 -24.992378 0.036621 -0.433992 5.849023 -0.081923
37.134876 -18.549717 3.958364 -4.653942 244.075531 -25.101347 0.036549 -0.454509 5.846532 -0.083320
37.260891 -19.172686 4.000792 -4.678339 244.808975 -25.216478 0.035590 -0.429901 5.844678 -0.087329
37.386906 -19.812077 4.014341 -4.662733 245.530106 -25.332096 0.035692 -0.369458 5.840765 -0.091703
37.500919 -20.419634 4.017997 -4.715440 246.185776 -25.440168 0.037542 -0.296545 5.818583 -0.093068
37.625935 -21.092136 4.001168 -4.804293 246.901367 -25.563374 0.039180 -0.210798 5.798121 -0.092856
37.751949 -21.775471 3.984612 -4.912931 247.619904 -25.692234 0.039974 -0.123463 5.790345 -0.093421
37.877964 -22.458483 3.960044 -5.025558 248.336670 -25.825516 0.041560 -0.032347 5.784050 -0.093155
38.003979 -23.155405 3.923093 -5.178845 249.052155 -25.964544 0.044254 0.066871 5.786833 -0.096087
38.129993 -23.860857 3.894377 -5.372273 249.766968 -26.108631 0.047889 0.168806 5.789303 -0.095122
38.256008 -24.570848 3.874234 -5.668349 250.480072 -26.258068 0.052492 0.260301 5.781095 -0.096346
38.382023 -25.287697 3.834441 -5.963640 251.196793 -26.413729 0.057035 0.330111 5.774124 -0.095711
38.506039 -25.988600 3.797791 -6.217349 251.894531 -26.569489 0.061750 0.371866 5.764895 -0.096811
38.629055 -26.694517 3.753545 -6.461757 252.585007 -26.727608 0.066896 0.389963 5.753736 -0.098035
38.755070 -27.416306 3.701685 -6.699673 253.284988 -26.891003 0.071697 0.387962 5.746867 -0.099698
38.880085 -28.158743 3.676773 -6.968039 253.987274 -27.060541 0.077098 0.367837 5.722086 -0.101912
39.006100 -28.901495 3.670259 -7.262300 254.685867 -27.233444 0.083737 0.330596 5.704235 -0.099882
39.131115 -29.637779 3.678850 -7.579703 255.373901 -27.409510 0.092584 0.279457 5.665202 -0.100006
39.257130 -30.370110 3.697466 -7.886125 256.056854 -27.589798 0.100921 0.220016 5.638568 -0.098705
39.382145 -31.107388 3.735781 -8.247193 256.739349 -27.775583 0.106839 0.161940 5.596917 -0.099650
39.508160 -31.837374 3.792943 -8.624913 257.411469 -27.962778 0.112567 0.115185 5.569194 -0.097658
39.633175 -32.556423 3.843854 -8.993240 258.078705 -28.153419 0.117505 0.081191 5.535449 -0.095715
39.758190 -33.267502 3.884552 -9.380623 258.745880 -28.347979 0.121203 0.051339 5.504146 -0.093382
39.883205 -33.958977 3.914245 -9.770039 259.402435 -28.543652 0.125758 0.011558 5.468898 -0.091568
40.008221 -34.633759 3.946630 -10.112502 260.054291 -28.743195 0.131128 -0.046294 5.443798 -0.090366
40.134235 -35.303455 3.979164 -10.424832 260.706482 -28.949154 0.137806 -0.120473 5.421182 -0.088624
40.260250 -35.957691 4.017489 -10.740932 261.355011 -29.159044 0.147907 -0.200822 5.404379 -0.086813
40.386265 -36.597469 4.056720 -11.005857 261.995453 -29.370415 0.159114 -0.276024 5.388126 -0.086444
40.511280 -37.243118 4.085419 -11.269030 262.637695 -29.586651 0.170758 -0.339048 5.371837 -0.086481
40.636295 -37.880508 4.105323 -11.512367 263.271973 -29.805805 0.184064 -0.384187 5.363856 -0.086342
40.760311 -38.500408 4.109952 -11.737090 263.898438 -30.027090 0.200086 -0.411754 5.354787 -0.083392
40.884327 -39.108429 4.108888 -11.909044 264.522186 -30.250463 0.218601 -0.425456 5.338668 -0.084156
41.009342 -39.715450 4.098213 -12.034501 265.149170 -30.478603 0.238367 -0.426058 5.340267 -0.081794
41.135357 -40.308247 4.095629 -12.174395 265.779846 -30.711481 0.260042 -0.403484 5.329449 -0.079753
41.260372 -40.885670 4.102280 -12.353840 266.402954 -30.946352 0.282163 -0.343500 5.321252 -0.077320
41.386387 -41.449024 4.118271 -12.542940 267.028625 -31.186090 0.304189 -0.237305 5.311983 -0.075728
41.501400 -41.959198 4.137656 -12.709107 267.597961 -31.407028 0.323566 -0.112901 5.312094 -0.075346
41.627415 -42.513260 4.167826 -12.880516 268.220276 -31.652960 0.343719 0.027055 5.309447 -0.074828
41.753429 -43.049606 4.172581 -13.023537 268.840515 -31.902723 0.360589 0.143828 5.304573 -0.071330
41.877445 -43.554211 4.164746 -13.181855 269.443970 -32.150562 0.374633 0.223178 5.304842 -0.069086
42.001461 -44.057575 4.152404 -13.349286 270.055969 -32.406013 0.386266 0.274984 5.303906 -0.068930
42.137478 -44.602558 4.129910 -13.496901 270.715607 -32.685616 0.396767 0.312045 5.309679 -0.068468
42.252491 -45.059048 4.106253 -13.579740 271.282440 -32.927441 0.405342 0.335962 5.312848 -0.067051
42.377506 -45.536602 4.065875 -13.694820 271.891724 -33.191330 0.414355 0.354360 5.311312 -0.065588
42.503521 -46.004913 4.021558 -13.779187 272.504211 -33.460850 0.423220 0.359964 5.309002 -0.063435
42.630535 -46.465904 3.966002 -13.840544 273.114349 -33.733551 0.432262 0.348211 5.302338 -0.062464
42.756550 -46.923183 3.886351 -13.935054 273.722961 -34.009384 0.442776 0.321488 5.307739 -0.061403
42.881565 -47.360462 3.791154 -13.996665 274.331116 -34.288712 0.454980 0.291086 5.315961 -0.058938
43.007580 -47.782417 3.688237 -13.972202 274.939331 -34.570934 0.468223 0.267456 5.323692 -0.058518
43.130596 -48.177643 3.604279 -13.873837 275.532593 -34.848068 0.480668 0.249873 5.318457 -0.057223
43.253609 -48.554108 3.523509 -13.761992 276.123444 -35.127441 0.492921 0.225462 5.309747 -0.053091
43.378624 -48.923939 3.443987 -13.652238 276.721527 -35.414745 0.504230 0.176288 5.304112 -0.052275
43.504639 -49.291046 3.344082 -13.528445 277.315826 -35.704491 0.514892 0.094458 5.280338 -0.052678
43.630653 -49.656052 3.225851 -13.390257 277.912262 -35.998276 0.523179 -0.015010 5.270635 -0.050766
43.754669 -50.010235 3.089561 -13.224386 278.500824 -36.293274 0.529878 -0.133963 5.267092 -0.050219
43.880684 -50.350163 2.922755 -13.032466 279.091156 -36.593311 0.536648 -0.247463 5.250196 -0.047156
44.006699 -50.671497 2.726937 -12.821979 279.673309 -36.895290 0.541953 -0.342569 5.245173 -0.045599
44.129715 -50.969379 2.498682 -12.606659 280.247253 -37.199120 0.544846 -0.415362 5.232881 -0.041783
44.252731 -51.240749 2.277117 -12.391114 280.813507 -37.503510 0.546287 -0.465779 5.223396 -0.037475
44.386745 -51.504715 2.012015 -12.108002 281.426575 -37.839218 0.547173 -0.496250 5.208995 -0.033324
44.511761 -51.730988 1.760746 -11.801605 281.993530 -38.156059 0.548020 -0.498622 5.188833 -0.031683
44.626774 -51.923138 1.543196 -11.488947 282.506592 -38.448479 0.547705 -0.476633 5.175253 -0.030293
44.760792 -52.132946 1.304294 -11.056099 283.109711 -38.798927 0.548075 -0.419881 5.155235 -0.026920
44.887806 -52.303143 1.093832 -10.634604 283.667755 -39.130302 0.547308 -0.337991 5.145165 -0.024142
45.002819 -52.442570 0.913668 -10.172090 284.173096 -39.436573 0.547223 -0.240588 5.135244 -0.020459
45.128834 -52.578163 0.731104 -9.657426 284.726318 -39.779198 0.548467 -0.110971 5.119805 -0.018282
45.255848 -52.699192 0.548940 -9.178198 285.273895 -40.127621 0.550714 0.031223 5.105756 -0.016415
45.381863 -52.807831 0.359906 -8.610689 285.813293 -40.477913 0.552560 0.168211 5.105130 -0.014144
45.505878 -52.893230 0.175816 -8.030733 286.339447 -40.829357 0.552559 0.280731 5.102447 -0.010708
45.629894 -52.959171 0.001019 -7.455250 286.861633 -41.187206 0.551327 0.359494 5.109192 -0.007593
45.751907 -52.996742 -0.152601 -6.838807 287.373322 -41.545086 0.548385 0.402509 5.122471 -0.003418
45.876923 -53.011497 -0.304993 -6.172044 287.895294 -41.917805 0.543891 0.416259 5.133431 -0.000564
46.002937 -53.008266 -0.461406 -5.482955 288.412842 -42.297039 0.535532 0.404420 5.137620 0.003107
46.126953 -52.979076 -0.626889 -4.741226 288.921875 -42.680145 0.524040 0.370663 5.139280 0.006821
46.252968 -52.919792 -0.788736 -4.004384 289.438568 -43.080685 0.508018 0.318388 5.154347 0.010459
46.377983 -52.843586 -0.960597 -3.315269 289.942230 -43.483109 0.487714 0.258627 5.159995 0.013519
46.503998 -52.740398 -1.133737 -2.678087 290.440460 -43.893867 0.463359 0.202729 5.171474 0.017890
46.630013 -52.613331 -1.295252 -1.978115 290.941833 -44.320671 0.435764 0.160433 5.194440 0.021207
46.756027 -52.469532 -1.448454 -1.248680 291.431976 -44.748779 0.409128 0.137272 5.214609 0.024089
46.881042 -52.300209 -1.609887 -0.495538 291.922913 -45.188412 0.381837 0.127127 5.241094 0.028354
47.005058 -52.106380 -1.764353 0.208883 292.402954 -45.629078 0.357082 0.119180 5.267173 0.030928
47.131073 -51.893730 -1.902423 0.901645 292.882904 -46.081757 0.332717 0.102284 5.284107 0.035387
47.256088 -51.651218 -2.012892 1.600278 293.362518 -46.545731 0.307596 0.070767 5.304975 0.037530
47.381104 -51.392155 -2.085904 2.285216 293.834290 -47.014828 0.282598 0.028714 5.334243 0.040675
47.507118 -51.123264 -2.148061 2.874629 294.306091 -47.495857 0.258766 -0.018438 5.358225 0.040213
47.631130 -50.849548 -2.195724 3.418125 294.766846 -47.976601 0.236588 -0.065938 5.379628 0.040922
47.754147 -50.579823 -2.227817 3.957059 295.220032 -48.460701 0.216287 -0.114975 5.399962 0.041644
47.877163 -50.300308 -2.207307 4.468909 295.669037 -48.952686 0.196064 -0.165776 5.423309 0.043025
48.010174 -49.991199 -2.148698 4.918821 296.150879 -49.492912 0.174981 -0.222852 5.456909 0.043483
48.133190 -49.695824 -2.069514 5.299176 296.594513 -49.999302 0.155171 -0.275991 5.487239 0.044472
48.256207 -49.398529 -1.956428 5.613760 297.036194 -50.512299 0.134143 -0.330522 5.512928 0.043882
48.383221 -49.098690 -1.805641 5.808385 297.486267 -51.043671 0.111504 -0.388723 5.537643 0.041851
48.509235 -48.799870 -1.626722 5.873070 297.933960 -51.580345 0.087095 -0.445098 5.555139 0.041195
48.635250 -48.519451 -1.418151 5.818350 298.379120 -52.121342 0.062665 -0.489040 5.566505 0.037645
48.760265 -48.260788 -1.200330 5.669959 298.822998 -52.666401 0.040403 -0.506078 5.587912 0.033233
48.884281 -48.031853 -0.977399 5.416587 299.258545 -53.206879 0.022530 -0.485798 5.604452 0.029971
49.010296 -47.832039 -0.751923 5.048339 299.697388 -53.754326 0.007879 -0.428023 5.616528 0.025843
49.136311 -47.655437 -0.512570 4.599464 300.144318 -54.311562 -0.004877 -0.343388 5.630685 0.022110
49.263325 -47.505207 -0.257211 4.061446 300.587708 -54.867397 -0.015677 -0.248454 5.648550 0.018626
49.377338 -47.390556 -0.025773 3.504459 300.992920 -55.376614 -0.022434 -0.156930 5.663839 0.015402
49.504353 -47.308182 0.221075 2.875794 301.439484 -55.934776 -0.027277 -0.042417 5.676802 0.009453
49.630367 -47.261307 0.453808 2.189235 301.892578 -56.497368 -0.028935 0.098761 5.694586 0.003615
49.756382 -47.257393 0.676741 1.445413 302.341248 -57.051296 -0.027466 0.254748 5.710677 -0.000262
49.882397 -47.284088 0.894749 0.644019 302.801727 -57.613583 -0.022534 0.403369 5.734997 -0.003094
50.008411 -47.336430 1.081424 -0.201678 303.264008 -58.171875 -0.015168 0.514407 5.765108 -0.007060
50.135426 -47.425922 1.252317 -1.053026 303.731842 -58.729862 -0.006661 0.585424 5.792226 -0.011917
50.260441 -47.543880 1.415711 -1.887235 304.206665 -59.285942 0.005949 0.632966 5.812557 -0.015863
50.385456 -47.690636 1.565855 -2.748899 304.683777 -59.836304 0.022957 0.670505 5.836448 -0.018786
50.509472 -47.867195 1.701997 -3.591780 305.159332 -60.377247 0.042861 0.692355 5.868734 -0.023863
50.635487 -48.082516 1.840105 -4.427198 305.654053 -60.930584 0.065678 0.681656 5.907629 -0.026427
50.758503 -48.297359 1.949675 -5.183008 306.144623 -61.469929 0.089074 0.629584 5.941348 -0.026953
50.883518 -48.515015 2.051703 -5.816272 306.655304 -62.021004 0.113433 0.537449 5.978888 -0.027876
51.009533 -48.740059 2.145209 -6.374466 307.173157 -62.571991 0.138001 0.416795 6.017501 -0.028971
51.133549 -48.966232 2.214047 -6.866089 307.689301 -63.114349 0.161675 0.277207 6.054258 -0.029587
51.256561 -49.191296 2.265902 -7.233810 308.208191 -63.652191 0.183529 0.123537 6.091892 -0.030870
51.379578 -49.425331 2.307728 -7.516209 308.733246 -64.190811 0.202949 -0.036735 6.131278 -0.032091
51.504593 -49.659634 2.328641 -7.770265 309.273499 -64.739410 0.219834 -0.195011 6.176900 -0.030104
51.628609 -49.887409 2.356853 -7.916245 309.815521 -65.284683 0.236084 -0.337438 6.214471 -0.031559
51.752625 -50.111698 2.385965 -7.948729 310.364014 -65.830872 0.250658 -0.462792 6.263385 -0.031394
51.886642 -50.343346 2.418128 -7.936686 310.958405 -66.417625 0.263544 -0.573013 6.293265 -0.029364
52.009659 -50.551819 2.453016 -7.824860 311.517883 -66.965057 0.272883 -0.646514 6.326293 -0.029634
52.133675 -50.748104 2.492899 -7.602419 312.083130 -67.512589 0.280704 -0.687755 6.358421 -0.028923
52.256691 -50.936989 2.546924 -7.327061 312.648560 -68.056038 0.288242 -0.698004 6.386603 -0.027507
52.380707 -51.109966 2.612843 -6.994506 313.223145 -68.604683 0.295675 -0.679644 6.420319 -0.025745
52.507721 -51.264072 2.679780 -6.569685 313.815155 -69.167076 0.302060 -0.628189 6.437433 -0.021977
52.634735 -51.390102 2.736792 -6.103325 314.405487 -69.724571 0.308991 -0.536766 6.446452 -0.020443
52.760750 -51.513641 2.779034 -5.628000 315.001312 -70.286934 0.315963 -0.402481 6.457468 -0.018963
52.887764 -51.630539 2.813107 -5.175987 315.593719 -70.845650 0.324065 -0.243906 6.465279 -0.019387
53.013779 -51.749897 2.834547 -4.714930 316.186890 -71.404221 0.331497 -0.088206 6.472412 -0.020807
53.127792 -51.862137 2.828919 -4.322107 316.729706 -71.913803 0.337512 0.029694 6.476326 -0.019579
53.254807 -51.985432 2.808458 -3.976035 317.326019 -72.472443 0.345406 0.126157 6.484817 -0.018868
53.379822 -52.093502 2.765909 -3.694642 317.921387 -73.031593 0.354129 0.199087 6.485400 -0.016292
53.505836 -52.195122 2.715832 -3.476767 318.518646 -73.590881 0.363046 0.261409 6.494652 -0.015682
53.631851 -52.294590 2.647228 -3.307395 319.115601 -74.150528 0.369674 0.318066 6.490831 -0.015002
53.757866 -52.410301 2.576466 -3.187018 319.706726 -74.706940 0.373587 0.362756 6.496360 -0.017201
53.882881 -52.529522 2.493726 -3.123702 320.302307 -75.269707 0.374333 0.390722 6.504112 -0.016813
54.008896 -52.655102 2.394582 -3.110688 320.896423 -75.834595 0.373018 0.401947 6.508237 -0.017648
54.134911 -52.781143 2.289537 -3.175627 321.488190 -76.401566 0.370227 0.401127 6.503358 -0.016395
54.260925 -52.908031 2.161560 -3.321296 322.078583 -76.970543 0.365821 0.389825 6.512361 -0.016093
54.386940 -53.028297 2.018053 -3.455958 322.669159 -77.541740 0.361079 0.366946 6.524569 -0.016079
54.512955 -53.146503 1.854080 -3.579993 323.259155 -78.114220 0.355173 0.334374 6.526073 -0.015481
54.627968 -53.252583 1.687702 -3.702097 323.791321 -78.634407 0.348596 0.299902 6.530750 -0.016172
54.752983 -53.363598 1.509860 -3.732281 324.379547 -79.210182 0.340511 0.260491 6.534266 -0.015429
54.878998 -53.479721 1.342663 -3.699755 324.966125 -79.787071 0.332698 0.217922 6.526762 -0.016087
55.004013 -53.592651 1.199537 -3.668510 325.546295 -80.360664 0.325681 0.167999 6.527415 -0.015539
55.129028 -53.705063 1.094434 -3.666281 326.124115 -80.936165 0.318948 0.107685 6.519562 -0.015545
55.255043 -53.814762 1.030518 -3.705711 326.697723 -81.513977 0.312154 0.036239 6.507654 -0.016047
55.378059 -53.939625 1.002541 -3.694271 327.258148 -82.083931 0.306712 -0.046859 6.489371 -0.018753
55.503075 -54.080769 1.002994 -3.658418 327.827484 -82.667717 0.302968 -0.145024 6.462506 -0.019779
55.628090 -54.232723 1.016293 -3.585833 328.388245 -83.247955 0.299440 -0.248604 6.446230 -0.022174
55.754105 -54.399872 1.041806 -3.550179 328.942932 -83.830750 0.296373 -0.344830 6.428318 -0.025269
55.879120 -54.591434 1.095005 -3.528766 329.492340 -84.415688 0.292887 -0.418095 6.414773 -0.027169
56.004135 -54.798344 1.171933 -3.468777 330.041931 -85.007301 0.288657 -0.460249 6.402703 -0.028782
56.130150 -55.002949 1.258229 -3.443532 330.586792 -85.601151 0.282231 -0.469989 6.392150 -0.028926
56.256165 -55.217686 1.338107 -3.388920 331.123505 -86.192558 0.273014 -0.449238 6.389309 -0.029684
56.382179 -55.429226 1.405853 -3.383795 331.660797 -86.791267 0.260174 -0.400125 6.379378 -0.030487
56.508194 -55.659809 1.443870 -3.390184 332.194214 -87.391693 0.245940 -0.324409 6.371992 -0.031957
56.634209 -55.902515 1.451346 -3.330612 332.724731 -87.993599 0.229657 -0.229222 6.367055 -0.035083
56.760223 -56.152664 1.443828 -3.200819 333.257996 -88.601349 0.211916 -0.121687 6.367595 -0.035645
56.885239 -56.406921 1.439634 -3.037974 333.781494 -89.200905 0.194155 -0.011560 6.366721 -0.035787
57.011253 -56.662376 1.438514 -2.898649 334.305634 -89.807716 0.175933 0.096931 6.362509 -0.035789
57.137268 -56.915970 1.433149 -2.798008 334.822815 -90.411957 0.160354 0.196382 6.360400 -0.036539
57.263283 -57.170837 1.427806 -2.680618 335.341736 -91.022224 0.145673 0.280306 6.356992 -0.035859
57.388298 -57.425560 1.425910 -2.642208 335.855896 -91.634979 0.132479 0.341722 6.347247 -0.034777
57.512314 -57.676693 1.439557 -2.673266 336.358673 -92.239906 0.123170 0.379257 6.341337 -0.035955
57.636330 -57.939587 1.478245 -2.760592 336.855652 -92.841209 0.118241 0.397739 6.342981 -0.038412
57.761345 -58.237869 1.553469 -2.930809 337.363708 -93.458679 0.119068 0.401819 6.347411 -0.041875
57.886360 -58.544060 1.647394 -3.145740 337.866547 -94.071533 0.121019 0.390421 6.340708 -0.042084
58.011375 -58.846336 1.756387 -3.415407 338.368835 -94.684616 0.124803 0.356277 6.347261 -0.041219
58.136391 -59.144276 1.877782 -3.711900 338.871552 -95.298248 0.130000 0.290347 6.344838 -0.040130
58.261406 -59.436752 2.019030 -4.054897 339.374908 -95.912018 0.133876 0.193748 6.356985 -0.038757
58.387421 -59.728298 2.171530 -4.411994 339.879211 -96.526550 0.136332 0.083291 6.362334 -0.039116
58.512436 -60.023579 2.336122 -4.739902 340.388611 -97.144730 0.139158 -0.019083 6.350803 -0.038980
58.637451 -60.309731 2.515650 -5.018919 340.891968 -97.751266 0.139643 -0.097396 6.357363 -0.038152
58.762466 -60.593674 2.703671 -5.312490 341.405182 -98.365868 0.138373 -0.157367 6.348138 -0.037444
58.887482 -60.879307 2.882877 -5.630811 341.915466 -98.972122 0.135039 -0.211884 6.335488 -0.036945
59.013496 -61.157249 3.044034 -6.004899 342.425812 -99.576530 0.130312 -0.269000 6.320576 -0.035648
59.138512 -61.426918 3.195738 -6.411696 342.936218 -100.179497 0.125028 -0.323665 6.323085 -0.033547
59.263527 -61.688454 3.328787 -6.868719 343.454620 -100.784760 0.120314 -0.364262 6.327427 -0.030959
59.389542 -61.936161 3.439110 -7.388659 343.971497 -101.383095 0.119004 -0.381894 6.323620 -0.029225
59.514557 -62.180820 3.514549 -7.927229 344.491058 -101.976860 0.120508 -0.378748 6.300370 -0.029555
59.628571 -62.396626 3.562274 -8.436437 344.971100 -102.519287 0.124143 -0.364417 6.294735 -0.026964
59.753586 -62.605297 3.613601 -8.936080 345.496735 -103.104721 0.130214 -0.341659 6.293482 -0.023821
59.879601 -62.793289 3.662505 -9.405169 346.029358 -103.691582 0.139462 -0.310005 6.285502 -0.019950
60.005615 -62.940281 3.735520 -9.866056 346.563995 -104.274689 0.152258 -0.262282 6.280164 -0.014538
