1.20 1.10 20 64
0.136000 0.012277 -0.105293 -0.041263 0.928365 -0.001571 -0.112823 0.210028 6.636744 0.002350
0.254000 0.017935 -0.313045 -0.114238 1.704387 -0.004706 -0.026732 0.141763 6.537960 0.000357
0.384000 0.028452 -0.647231 -0.185331 2.546369 -0.007444 0.118323 0.054277 6.434869 0.001703
0.502000 0.038055 -1.027826 -0.321790 3.299970 -0.009738 0.278789 -0.030600 6.353744 0.001659
0.632000 0.059629 -1.531499 -0.464972 4.121951 -0.012308 0.467633 -0.124437 6.303752 0.003296
0.751000 0.089000 -2.043900 -0.562556 4.864656 -0.015061 0.632826 -0.205544 6.293304 0.004790
0.879000 0.136658 -2.646307 -0.654989 5.678749 -0.017809 0.789562 -0.285789 6.328245 0.005815
1.010000 0.188737 -3.276993 -0.737717 6.506146 -0.020147 0.909760 -0.347232 6.400855 0.007306
1.127000 0.240971 -3.832671 -0.754528 7.266990 -0.021713 0.977263 -0.376516 6.480337 0.007352
1.255000 0.297315 -4.421332 -0.744976 8.110660 -0.025442 0.999650 -0.376335 6.576564 0.007642
1.384000 0.355637 -4.951918 -0.752532 8.959102 -0.030937 0.967082 -0.352402 6.658708 0.007939
1.502000 0.408817 -5.347306 -0.737618 9.740795 -0.037124 0.894526 -0.326755 6.693767 0.008055
1.630000 0.462481 -5.628143 -0.712670 10.604471 -0.044339 0.777514 -0.307116 6.686294 0.007749
1.760000 0.506190 -5.708704 -0.661389 11.470729 -0.051095 0.635718 -0.297559 6.636784 0.006515
1.876999 0.540971 -5.577489 -0.633819 12.249092 -0.058244 0.501841 -0.290529 6.561103 0.005680
2.004999 0.585572 -5.203732 -0.646672 13.082311 -0.067953 0.366061 -0.276485 6.472683 0.005914
2.131999 0.626256 -4.598667 -0.684843 13.896514 -0.080263 0.252204 -0.253442 6.368886 0.004219
2.261000 0.671224 -3.795354 -0.670800 14.710070 -0.092885 0.166817 -0.218317 6.265015 0.007034
2.377000 0.716202 -2.942999 -0.531415 15.430850 -0.102150 0.123255 -0.172500 6.177122 0.007479
2.504000 0.764467 -1.940946 -0.337102 16.202539 -0.111974 0.112330 -0.100253 6.087243 0.007706
2.634001 0.828950 -0.906272 -0.044369 16.987457 -0.121946 0.137879 -0.000454 6.004658 0.011356
2.752001 0.902208 -0.008379 0.277404 17.691927 -0.132046 0.187625 0.102036 5.949242 0.010747
2.881001 0.977463 0.868959 0.616911 18.461655 -0.142749 0.263244 0.205617 5.906051 0.009241
3.009002 1.050001 1.568024 0.965080 19.210384 -0.150688 0.350080 0.271582 5.893821 0.008962
3.136002 1.120161 2.106498 1.270141 19.965418 -0.157984 0.439562 0.289164 5.905847 0.007621
3.253002 1.187969 2.439832 1.524198 20.658733 -0.164625 0.515845 0.267786 5.927801 0.009304
3.382003 1.265361 2.650404 1.804541 21.410847 -0.172779 0.586435 0.227296 5.764084 0.007958
3.511003 1.338024 2.725692 2.055721 22.144053 -0.181458 0.636506 0.201071 5.633328 0.008231
3.629004 1.407927 2.671136 2.307350 22.796244 -0.191491 0.660051 0.204215 5.534656 0.008692
3.758004 1.485263 2.490656 2.564418 23.507942 -0.203027 0.659666 0.234327 5.429378 0.009250
3.876004 1.555355 2.212087 2.770387 24.137648 -0.213989 0.634544 0.267676 5.348797 0.009137
4.005004 1.627020 1.800093 2.975656 24.820036 -0.227101 0.581046 0.289458 5.251236 0.007869
4.135005 1.685333 1.295356 3.162991 25.493830 -0.240327 0.507255 0.282759 5.137541 0.006615
4.252007 1.726130 0.739533 3.269209 26.101536 -0.251389 0.430187 0.252240 5.231916 0.004975
4.380008 1.755232 0.033839 3.319403 26.783533 -0.263735 0.340614 0.202036 5.324250 0.002188
4.506009 1.772721 -0.698935 3.310358 27.459202 -0.274051 0.257082 0.154670 5.389346 0.002740
4.634010 1.789215 -1.439227 3.233207 28.148491 -0.284056 0.186706 0.123092 5.452342 0.001033
4.751011 1.796493 -2.086589 3.066364 28.789482 -0.292473 0.141662 0.108073 5.499024 -0.000724
4.880013 1.791138 -2.710354 2.836550 29.503178 -0.300383 0.119821 0.091213 5.557147 -0.002440
5.008014 1.786234 -3.213015 2.540245 30.223806 -0.308940 0.127757 0.056945 5.606132 -0.002927
5.126015 1.773856 -3.535528 2.209667 30.887556 -0.317301 0.160531 0.007427 5.639262 -0.005526
5.255016 1.751451 -3.699507 1.791129 31.617159 -0.326173 0.221797 -0.058459 5.665652 -0.007664
5.384017 1.730443 -3.689649 1.412867 32.343967 -0.332791 0.300207 -0.129688 5.683808 -0.005388
5.501018 1.698123 -3.544331 1.106472 33.009686 -0.335920 0.378386 -0.203904 5.695814 -0.008349
5.628019 1.646588 -3.265501 0.801861 33.740238 -0.338518 0.462398 -0.297500 5.717424 -0.010909
5.755021 1.573412 -2.892831 0.532574 34.462784 -0.340834 0.532774 -0.385752 5.745392 -0.013064
5.881022 1.489640 -2.457539 0.277186 35.189613 -0.343148 0.584005 -0.444604 5.787830 -0.013114
6.009023 1.405866 -1.990542 0.036409 35.939293 -0.346681 0.610941 -0.455826 5.830657 -0.012195
6.126024 1.329694 -1.568578 -0.167147 36.624222 -0.349018 0.611296 -0.426666 5.870970 -0.011536
6.255025 1.245168 -1.128673 -0.364934 37.385414 -0.351256 0.583724 -0.367512 5.915756 -0.012207
6.385026 1.158235 -0.734293 -0.543890 38.151310 -0.355345 0.528766 -0.295959 5.952181 -0.012988
6.503027 1.081174 -0.424242 -0.655565 38.855072 -0.359654 0.460997 -0.227237 5.970756 -0.010958
6.632029 0.997019 -0.143752 -0.785262 39.625996 -0.365675 0.376386 -0.154640 5.974862 -0.011312
6.762030 0.910638 0.046990 -0.854564 40.402843 -0.371580 0.287305 -0.089284 5.977839 -0.011971
6.879031 0.834384 0.126175 -0.852075 41.107719 -0.376737 0.212931 -0.037074 5.971501 -0.011492
7.009032 0.739823 0.116637 -0.819093 41.877529 -0.383509 0.147998 0.018108 5.966517 -0.013387
7.137033 0.644235 0.016766 -0.651643 42.641773 -0.389435 0.105103 0.075961 5.973478 -0.012512
7.254034 0.557221 -0.116818 -0.470723 43.340427 -0.395954 0.088937 0.128917 5.971463 -0.012742
7.382035 0.461513 -0.309081 -0.280342 44.105297 -0.404215 0.098482 0.179758 5.977440 -0.011434
7.512036 0.372320 -0.538137 -0.073015 44.882843 -0.412967 0.133879 0.219196 5.983187 -0.010813
7.629037 0.298855 -0.760776 0.111862 45.589302 -0.421593 0.184543 0.244322 5.991763 -0.010168
7.759038 0.218479 -1.017015 0.258935 46.362442 -0.432928 0.255270 0.263769 5.997617 -0.011932
7.877039 0.136330 -1.268808 0.356527 47.071198 -0.443807 0.327955 0.275965 6.014191 -0.011329
8.006041 0.041094 -1.551697 0.439003 47.849293 -0.456822 0.407111 0.283998 6.044002 -0.012452
8.136041 -0.061988 -1.834877 0.527148 48.638233 -0.470307 0.477601 0.286342 6.087875 -0.013199
8.253040 -0.153708 -2.091307 0.655353 49.353703 -0.483405 0.525776 0.282110 6.135852 -0.012727
8.384041 -0.255616 -2.351074 0.814032 50.162350 -0.498756 0.560592 0.266136 6.202648 -0.013915
8.501040 -0.354406 -2.554898 0.958796 50.898346 -0.512982 0.571756 0.239615 6.261267 -0.014289
8.630040 -0.475885 -2.730150 1.100202 51.710339 -0.529941 0.561930 0.201895 6.317647 -0.016344
8.760040 -0.609715 -2.843565 1.234721 52.528633 -0.547697 0.529197 0.165524 6.365659 -0.018494
8.876040 -0.743834 -2.863580 1.355235 53.268791 -0.563878 0.484284 0.139621 6.392508 -0.019775
9.005039 -0.892479 -2.794459 1.406454 54.094490 -0.583352 0.423576 0.115053 6.406060 -0.019840
9.133039 -1.042377 -2.626272 1.449654 54.920944 -0.603341 0.357135 0.082110 6.407004 -0.019682
9.261038 -1.199175 -2.354292 1.524690 55.740059 -0.623383 0.294676 0.030369 6.391857 -0.021556
9.378037 -1.341142 -2.030706 1.617176 56.479107 -0.643091 0.248208 -0.032428 6.356933 -0.019939
9.504036 -1.494803 -1.605901 1.747216 57.283226 -0.665413 0.211111 -0.111365 6.317662 -0.020604
9.631035 -1.646264 -1.147463 1.813686 58.075542 -0.690902 0.192524 -0.193319 6.273264 -0.021359
9.758033 -1.802303 -0.673927 1.906562 58.875092 -0.719225 0.193559 -0.277836 6.235410 -0.021674
9.876033 -1.939969 -0.244478 1.961210 59.602047 -0.746188 0.208836 -0.353655 6.203740 -0.020864
10.005033 -2.085278 0.179818 1.938133 60.398441 -0.776551 0.238418 -0.424167 6.165680 -0.020373
10.133032 -2.232871 0.512268 1.902992 61.185265 -0.807944 0.277261 -0.459313 6.145724 -0.020431
10.261031 -2.379102 0.742646 1.826744 61.971004 -0.838737 0.321169 -0.446495 6.143381 -0.019089
10.378031 -2.508208 0.851867 1.757015 62.689827 -0.865775 0.359910 -0.396083 6.155647 -0.019023
10.507030 -2.653851 0.849738 1.666215 63.485413 -0.897298 0.397069 -0.316403 6.185605 -0.019570
10.636030 -2.800339 0.711590 1.490892 64.292244 -0.930260 0.424611 -0.228930 6.230693 -0.018863
10.754030 -2.943367 0.481531 1.309404 65.023438 -0.960925 0.438515 -0.151333 6.271118 -0.021745
10.883030 -3.105458 0.133724 1.078584 65.835373 -0.995439 0.442341 -0.067588 6.324276 -0.021438
11.001030 -3.243070 -0.248615 0.876304 66.584717 -1.027115 0.434063 0.007012 6.379885 -0.019373
11.129029 -3.376091 -0.718727 0.713067 67.404053 -1.061814 0.415139 0.081330 6.425304 -0.017950
11.258029 -3.512740 -1.203921 0.550962 68.241768 -1.099861 0.388956 0.140330 6.471473 -0.019029
11.376029 -3.641246 -1.620548 0.398358 69.000206 -1.133812 0.361061 0.180011 6.499218 -0.020372
11.505029 -3.780974 -2.004365 0.222164 69.840103 -1.173724 0.331681 0.215634 6.528213 -0.018935
11.633028 -3.913791 -2.300760 0.056031 70.682831 -1.216147 0.307876 0.247623 6.548711 -0.019901
11.752028 -4.050517 -2.474062 -0.059480 71.456139 -1.255498 0.294217 0.272420 6.564320 -0.021754
11.882029 -4.202881 -2.556296 -0.196021 72.309036 -1.300614 0.289083 0.288404 6.571231 -0.019915
12.012029 -4.338723 -2.487850 -0.338317 73.161308 -1.347097 0.296031 0.289167 6.563123 -0.017909
12.129028 -4.451636 -2.312965 -0.414542 73.927307 -1.390508 0.312901 0.279884 6.551114 -0.016857
12.259028 -4.565571 -2.020472 -0.465853 74.776970 -1.442030 0.338002 0.263441 6.543007 -0.014112
12.376028 -4.652082 -1.675722 -0.498305 75.539787 -1.490578 0.364487 0.242058 6.528215 -0.012057
12.505028 -4.732079 -1.223697 -0.496602 76.385239 -1.546378 0.393267 0.203441 6.511275 -0.010603
12.635028 -4.808994 -0.760472 -0.464716 77.222351 -1.604168 0.418350 0.145852 6.502628 -0.009857
12.752028 -4.876745 -0.336166 -0.442715 77.981895 -1.658215 0.435369 0.083050 6.511087 -0.010388
12.881027 -4.957735 0.110163 -0.375850 78.819801 -1.718044 0.443776 0.016717 6.513504 -0.011424
13.006025 -5.037737 0.521804 -0.315830 79.638397 -1.777755 0.442096 -0.029928 6.514611 -0.010424
13.137025 -5.109747 0.884806 -0.276144 80.482826 -1.841536 0.429673 -0.053869 6.516721 -0.009667
13.254025 -5.180782 1.139510 -0.243758 81.250206 -1.901172 0.410065 -0.061283 6.524036 -0.009425
13.384025 -5.244755 1.325761 -0.175721 82.089615 -1.967733 0.383773 -0.069828 6.532069 -0.008393
13.501024 -5.297402 1.388377 -0.089639 82.858238 -2.029921 0.356157 -0.088721 6.539667 -0.007390
13.631024 -5.348231 1.357927 -0.005931 83.699066 -2.100056 0.326172 -0.120495 6.543898 -0.008226
13.761024 -5.403368 1.220434 0.042607 84.547829 -2.172300 0.298518 -0.150220 6.559583 -0.007073
13.878024 -5.445168 1.014260 0.140456 85.319572 -2.238390 0.278689 -0.163287 6.570722 -0.006047
14.007024 -5.490111 0.721598 0.266000 86.158134 -2.310765 0.264786 -0.159165 6.578802 -0.007019
14.135023 -5.550299 0.353087 0.397607 86.998161 -2.383693 0.262349 -0.146004 6.593221 -0.008806
14.261022 -5.599020 -0.048220 0.543474 87.826958 -2.456295 0.269404 -0.136737 6.611563 -0.005530
14.378021 -5.634138 -0.422126 0.702076 88.598434 -2.524940 0.283344 -0.134491 6.627496 -0.004775
14.507021 -5.667614 -0.803269 0.863218 89.457230 -2.602648 0.308553 -0.135208 6.639025 -0.003306
14.626021 -5.684434 -1.098054 0.964273 90.238045 -2.675527 0.337460 -0.133749 6.651608 -0.001957
14.755021 -5.700068 -1.376923 1.023920 91.093819 -2.756512 0.373472 -0.125109 6.670478 -0.002151
14.885021 -5.708328 -1.611073 1.086238 91.958755 -2.838152 0.410119 -0.107577 6.688047 -0.000589
15.012020 -5.717563 -1.776501 1.151189 92.805893 -2.919690 0.442544 -0.082606 6.714667 -0.001380
15.126019 -5.730771 -1.864723 1.222550 93.575653 -2.994715 0.465511 -0.057628 6.734315 -0.001849
15.253017 -5.748820 -1.874445 1.271190 94.429260 -3.078491 0.482502 -0.034869 6.765188 -0.002457
15.380016 -5.756111 -1.800599 1.263098 95.279289 -3.163328 0.487673 -0.023553 6.789014 -0.000577
15.508016 -5.764595 -1.646712 1.215282 96.145134 -3.249559 0.481918 -0.021971 6.801567 -0.001835
15.637015 -5.780125 -1.426085 1.118780 97.019127 -3.338266 0.464938 -0.023096 6.811127 -0.002656
15.755015 -5.787747 -1.189430 1.018258 97.817383 -3.421186 0.440580 -0.018470 6.800024 -0.000548
15.884015 -5.787566 -0.896451 0.941713 98.688210 -3.512801 0.408282 -0.002348 6.781207 -0.000415
16.001015 -5.789660 -0.606373 0.884011 99.482384 -3.598460 0.376181 0.023164 6.761282 -0.001301
16.130007 -5.798004 -0.290291 0.808167 100.348083 -3.693292 0.340379 0.061114 6.739648 -0.000852
16.257999 -5.801976 -0.004518 0.740143 101.197044 -3.785998 0.307846 0.104509 6.716074 -0.000706
16.384993 -5.806933 0.244219 0.619191 102.042542 -3.879106 0.278268 0.148449 6.686845 -0.000437
16.501986 -5.812871 0.435048 0.543742 102.817986 -3.966683 0.256240 0.184359 6.658699 -0.000890
16.630978 -5.823960 0.580223 0.436307 103.669273 -4.063366 0.244272 0.210351 6.628424 -0.001170
16.759970 -5.839595 0.665433 0.311096 104.517128 -4.159846 0.242156 0.213169 6.604518 -0.002445
16.876963 -5.858704 0.694209 0.195958 105.284142 -4.248091 0.248866 0.192413 6.595687 -0.001999
17.006954 -5.883908 0.656524 0.054724 106.135689 -4.346986 0.263802 0.150760 6.595965 -0.004024
17.135946 -5.919305 0.560654 -0.098653 106.979721 -4.446568 0.283449 0.108905 6.589339 -0.004931
17.252939 -5.949445 0.436129 -0.198353 107.752083 -4.538245 0.304301 0.082434 6.591798 -0.004981
17.381931 -5.990545 0.275420 -0.274091 108.596214 -4.638808 0.326370 0.067016 6.593682 -0.006283
17.511923 -6.033180 0.079330 -0.375710 109.442032 -4.740077 0.346982 0.052654 6.611245 -0.004612
17.629915 -6.076314 -0.117373 -0.428997 110.218376 -4.832504 0.361898 0.032812 6.636330 -0.007771
17.758907 -6.135494 -0.331105 -0.415250 111.069458 -4.932589 0.373761 0.008868 6.649386 -0.008708
17.875900 -6.196468 -0.513685 -0.389859 111.849594 -5.024896 0.380569 -0.004362 6.662587 -0.009271
18.004892 -6.260224 -0.710009 -0.293657 112.697914 -5.124756 0.382133 -0.006589 6.679011 -0.007737
18.132885 -6.321082 -0.863152 -0.190263 113.547722 -5.225553 0.378032 -0.007698 6.691372 -0.008002
18.250877 -6.374739 -0.972668 -0.058428 114.331947 -5.318875 0.369046 -0.018724 6.696376 -0.009280
18.379869 -6.459349 -1.033322 0.056720 115.190407 -5.421359 0.355692 -0.043447 6.704240 -0.011908
18.507862 -6.549350 -1.049102 0.153906 116.049271 -5.524746 0.341114 -0.070054 6.704743 -0.011078
18.636854 -6.638971 -1.009793 0.286931 116.901466 -5.626262 0.325314 -0.086753 6.704105 -0.012870
18.753847 -6.741160 -0.941439 0.354412 117.678474 -5.720160 0.311831 -0.092858 6.681546 -0.014734
18.881840 -6.854290 -0.824541 0.402052 118.525818 -5.824880 0.299620 -0.096144 6.657031 -0.015663
19.009832 -6.968727 -0.666333 0.432119 119.376350 -5.930727 0.291621 -0.101531 6.632267 -0.015545
19.126825 -7.081014 -0.496713 0.454618 120.143623 -6.028506 0.287548 -0.110402 6.593891 -0.017820
19.255817 -7.218138 -0.288565 0.456134 120.979019 -6.136430 0.284046 -0.125369 6.571335 -0.018729
19.381811 -7.360960 -0.089111 0.440386 121.796463 -6.243341 0.283074 -0.146894 6.527338 -0.021152
19.509804 -7.517936 0.068021 0.429702 122.628868 -6.353171 0.283646 -0.173788 6.498498 -0.021822
19.635798 -7.688363 0.207095 0.357044 123.438232 -6.462736 0.285245 -0.194956 6.471729 -0.025051
19.752790 -7.866316 0.292639 0.264542 124.186470 -6.564922 0.287012 -0.196855 6.444736 -0.027648
19.881783 -8.072680 0.337544 0.176427 125.001472 -6.677686 0.289341 -0.168883 6.417591 -0.028418
20.009775 -8.278584 0.323251 0.096310 125.813850 -6.791758 0.291373 -0.109765 6.404317 -0.028769
20.125769 -8.477989 0.263470 0.047044 126.548958 -6.896581 0.292137 -0.040290 6.397454 -0.030906
20.250763 -8.708824 0.155479 0.002122 127.339615 -7.011883 0.292444 0.037377 6.389385 -0.032639
20.376757 -8.948226 -0.019912 -0.008537 128.141891 -7.129831 0.291906 0.105844 6.380967 -0.031823
20.504749 -9.175672 -0.229453 0.007379 128.943329 -7.249249 0.289524 0.155750 6.383486 -0.030460
20.631742 -9.395000 -0.472653 0.055650 129.745392 -7.368925 0.287405 0.182036 6.383322 -0.030345
20.758736 -9.623656 -0.731487 0.144964 130.553192 -7.491911 0.284689 0.182377 6.384264 -0.031135
20.886728 -9.865393 -0.989739 0.228735 131.354477 -7.616857 0.281605 0.162375 6.386212 -0.034420
21.010723 -10.127842 -1.243850 0.332131 132.142410 -7.741516 0.278274 0.133265 6.377997 -0.035304
21.125717 -10.357234 -1.446619 0.403829 132.859238 -7.857330 0.276464 0.108190 6.366468 -0.034936
21.252710 -10.608624 -1.634838 0.448929 133.661789 -7.990638 0.276229 0.084092 6.349307 -0.033417
21.379704 -10.857506 -1.789940 0.524147 134.456345 -8.123352 0.277718 0.061686 6.338535 -0.034637
21.507696 -11.114982 -1.912743 0.581335 135.249084 -8.256307 0.279643 0.038253 6.318740 -0.035546
21.632690 -11.375555 -1.993123 0.606886 136.026413 -8.389503 0.281118 0.020147 6.302666 -0.037213
21.757687 -11.643564 -2.036233 0.621094 136.807449 -8.526902 0.282405 0.014751 6.284743 -0.036473
21.884680 -11.916305 -2.044523 0.664234 137.591675 -8.667545 0.284308 0.023212 6.264034 -0.038192
22.000673 -12.164505 -2.011897 0.712050 138.299286 -8.796445 0.286193 0.035007 6.246600 -0.035852
22.126667 -12.423804 -1.942315 0.820460 139.077576 -8.940189 0.287741 0.040326 6.224340 -0.035028
22.253660 -12.672994 -1.843383 0.923468 139.847153 -9.086265 0.288456 0.030415 6.212776 -0.032633
22.379654 -12.900716 -1.732104 1.004306 140.620667 -9.236179 0.286606 0.006621 6.196881 -0.031418
22.506647 -13.136173 -1.606009 1.061339 141.385620 -9.386648 0.281894 -0.023473 6.184288 -0.032470
22.632641 -13.370210 -1.469661 1.094839 142.148422 -9.538893 0.273307 -0.050433 6.164796 -0.032203
22.758635 -13.609023 -1.341207 1.137369 142.907730 -9.692391 0.262752 -0.064344 6.138254 -0.032311
22.884628 -13.844433 -1.231249 1.161276 143.669540 -9.849382 0.250264 -0.061734 6.115839 -0.031678
23.010622 -14.072275 -1.143554 1.211519 144.421814 -10.006120 0.236454 -0.045875 6.090254 -0.030963
23.125616 -14.276301 -1.092389 1.199958 145.106125 -10.150809 0.223130 -0.028342 6.074856 -0.030936
23.252609 -14.493735 -1.079373 1.149695 145.853348 -10.311249 0.209125 -0.014498 6.057880 -0.030684
23.378603 -14.713809 -1.099283 1.115156 146.597351 -10.473454 0.196575 -0.012911 6.028913 -0.031261
23.504597 -14.940233 -1.160335 1.099116 147.337936 -10.638773 0.186200 -0.024933 6.016969 -0.031110
23.630590 -15.157047 -1.242417 1.131424 148.076263 -10.806072 0.178109 -0.048659 6.007010 -0.029930
23.756584 -15.378469 -1.337495 1.109619 148.819153 -10.977633 0.173791 -0.077791 5.999954 -0.030503
23.883577 -15.595144 -1.430580 1.071122 149.554138 -11.149453 0.172587 -0.104217 5.986438 -0.030575
24.009571 -15.812725 -1.535097 0.957547 150.292145 -11.326350 0.174375 -0.121711 5.972747 -0.031047
24.125566 -16.019585 -1.618676 0.867837 150.959152 -11.487308 0.177068 -0.128301 5.963334 -0.032275
24.261560 -16.268097 -1.696278 0.767558 151.746033 -11.679891 0.182581 -0.121106 5.952745 -0.032726
24.375555 -16.482311 -1.742953 0.642644 152.403229 -11.843351 0.187402 -0.097519 5.935460 -0.034074
24.502550 -16.739559 -1.787325 0.495877 153.139114 -12.029282 0.193644 -0.046691 5.924132 -0.036057
24.628544 -16.995672 -1.812011 0.377523 153.855240 -12.212836 0.199722 0.019839 5.908696 -0.037230
24.752539 -17.266636 -1.825631 0.235763 154.574524 -12.400370 0.204165 0.085995 5.894379 -0.037960
24.878532 -17.540373 -1.808413 0.079974 155.285614 -12.589972 0.206066 0.137348 5.879511 -0.039369
25.005527 -17.830807 -1.765035 -0.110819 155.999939 -12.784550 0.204197 0.175672 5.874073 -0.041292
25.131521 -18.123587 -1.715254 -0.230576 156.711945 -12.981599 0.199224 0.209218 5.855115 -0.041794
25.257515 -18.431204 -1.646574 -0.360444 157.426605 -13.183352 0.190340 0.237556 5.844454 -0.043494
25.382509 -18.730322 -1.578923 -0.489807 158.127838 -13.385313 0.178828 0.248356 5.832847 -0.042357
25.509502 -19.045195 -1.503691 -0.605158 158.832108 -13.591702 0.164248 0.232163 5.816364 -0.044140
25.635496 -19.366707 -1.412550 -0.653698 159.539017 -13.801201 0.148025 0.190265 5.797715 -0.043627
25.759491 -19.675535 -1.320925 -0.653958 160.226364 -14.008608 0.133058 0.132901 5.783555 -0.043615
25.884485 -19.998310 -1.201999 -0.709805 160.916214 -14.220285 0.119000 0.064961 5.764077 -0.045871
26.011478 -20.333590 -1.072172 -0.712076 161.608810 -14.434990 0.107385 -0.008552 5.749065 -0.046643
26.127472 -20.640232 -0.944134 -0.696038 162.243896 -14.635157 0.099906 -0.071845 5.733986 -0.047171
26.253466 -20.988085 -0.783457 -0.692291 162.931061 -14.855506 0.096073 -0.124636 5.720257 -0.047902
26.379459 -21.334892 -0.622183 -0.647089 163.621078 -15.080590 0.095247 -0.158707 5.714136 -0.049000
26.505453 -21.691414 -0.459729 -0.681664 164.304306 -15.306777 0.096959 -0.183900 5.712774 -0.049666
26.631447 -22.049109 -0.312138 -0.757155 164.986481 -15.536294 0.101421 -0.211732 5.713362 -0.049929
26.755442 -22.411299 -0.170573 -0.844174 165.656250 -15.766098 0.106499 -0.239014 5.709967 -0.051380
26.880436 -22.779024 -0.048190 -0.906599 166.330688 -15.999423 0.112037 -0.252910 5.708275 -0.050477
27.004431 -23.145374 0.061136 -0.965358 166.993942 -16.230522 0.116349 -0.245181 5.713117 -0.051806
27.130424 -23.523470 0.156073 -1.001083 167.678757 -16.471600 0.119848 -0.220744 5.717985 -0.051688
27.257418 -23.896048 0.232276 -1.053927 168.357422 -16.714254 0.121956 -0.194158 5.725479 -0.051530
27.383411 -24.279720 0.299289 -1.143869 169.036148 -16.960281 0.121881 -0.173106 5.735580 -0.053688
27.509405 -24.675966 0.347390 -1.209177 169.721222 -17.211098 0.118663 -0.152668 5.752183 -0.054434
27.636398 -25.082386 0.380795 -1.316872 170.401840 -17.462887 0.114064 -0.123619 5.763780 -0.056876
27.751392 -25.458565 0.412026 -1.409936 171.023346 -17.695425 0.106862 -0.083278 5.777089 -0.057282
27.876387 -25.876087 0.450880 -1.507981 171.704590 -17.954596 0.097047 -0.024058 5.791815 -0.057791
28.003380 -26.299828 0.506985 -1.564564 172.392685 -18.217964 0.086873 0.044167 5.807917 -0.058160
28.125376 -26.713593 0.584968 -1.621406 173.054703 -18.473083 0.078146 0.106165 5.821173 -0.059643
28.251369 -27.147301 0.689892 -1.674100 173.738754 -18.739655 0.070140 0.155080 5.832510 -0.059140
28.378363 -27.580435 0.804576 -1.686321 174.428375 -19.010098 0.064555 0.184452 5.834660 -0.060504
28.505356 -28.012554 0.949819 -1.723665 175.112610 -19.280783 0.063297 0.200405 5.841578 -0.059387
28.631350 -28.441914 1.122832 -1.801123 175.801773 -19.556414 0.063472 0.214220 5.841547 -0.058525
28.758343 -28.869261 1.292516 -1.856696 176.489502 -19.834114 0.065765 0.231337 5.841825 -0.059188
28.885336 -29.295166 1.439159 -1.897436 177.171310 -20.112118 0.069803 0.247241 5.845966 -0.058883
29.000330 -29.692949 1.557592 -1.970785 177.793472 -20.367353 0.075844 0.255239 5.847759 -0.062014
29.127323 -30.141113 1.661887 -2.026475 178.485413 -20.653080 0.083224 0.254530 5.847499 -0.059998
29.254316 -30.577572 1.744538 -2.113683 179.166046 -20.936359 0.090395 0.248315 5.852252 -0.059698
29.380310 -31.011528 1.799381 -2.240195 179.851807 -21.224628 0.098394 0.240884 5.863170 -0.059113
29.506304 -31.441946 1.817859 -2.416637 180.532654 -21.513424 0.104661 0.232076 5.879921 -0.059467
29.633297 -31.881042 1.810322 -2.593143 181.219666 -21.807596 0.108908 0.215915 5.887866 -0.060310
29.758291 -32.319756 1.788086 -2.758289 181.896881 -22.099419 0.110655 0.185572 5.907261 -0.060171
29.882286 -32.752476 1.769631 -2.952496 182.569382 -22.391397 0.110271 0.136300 5.915592 -0.060422
30.008280 -33.181362 1.747202 -3.158754 183.247818 -22.687637 0.107032 0.068562 5.924529 -0.058863
30.134274 -33.611725 1.719734 -3.386180 183.932098 -22.987917 0.101521 -0.011174 5.933797 -0.058819
30.260267 -34.039398 1.699314 -3.677232 184.616394 -23.290651 0.097982 -0.089590 5.942166 -0.056881
30.386261 -34.451862 1.704749 -3.964185 185.300308 -23.595030 0.095518 -0.159865 5.941217 -0.055707
30.511255 -34.859539 1.742292 -4.211079 185.977646 -23.899136 0.096479 -0.221615 5.939103 -0.055642
30.626251 -35.225662 1.801618 -4.463118 186.604904 -24.183884 0.100585 -0.276823 5.941223 -0.052557
30.753244 -35.608353 1.898232 -4.764228 187.285202 -24.495205 0.108837 -0.334983 5.935023 -0.051255
30.878239 -35.988880 2.012978 -5.047994 187.964462 -24.807537 0.120580 -0.383641 5.932443 -0.050656
31.003233 -36.351563 2.127599 -5.292282 188.630676 -25.117077 0.132481 -0.410432 5.921082 -0.049891
31.129227 -36.713032 2.243752 -5.520128 189.306198 -25.433207 0.145690 -0.407874 5.915157 -0.048201
31.255220 -37.069721 2.381668 -5.734765 189.979004 -25.751625 0.160784 -0.377043 5.907784 -0.047650
31.381214 -37.411922 2.523820 -5.944532 190.649734 -26.072130 0.174890 -0.326783 5.892732 -0.045227
31.507208 -37.754608 2.651989 -6.148918 191.322556 -26.398560 0.186610 -0.267612 5.889042 -0.045579
31.634201 -38.086426 2.766757 -6.342201 191.989609 -26.724043 0.196839 -0.208731 5.898554 -0.043815
31.751196 -38.389359 2.853550 -6.529737 192.603973 -27.026302 0.204391 -0.157626 5.908086 -0.043735
31.878189 -38.704857 2.927005 -6.686557 193.282318 -27.362118 0.209722 -0.101842 5.917000 -0.041677
32.004185 -39.018711 2.977566 -6.786469 193.948944 -27.695236 0.213108 -0.045427 5.914265 -0.042198
32.130199 -39.315079 3.003344 -6.897917 194.619415 -28.033817 0.215262 0.011673 5.916134 -0.037688
32.256214 -39.584461 3.038093 -7.001724 195.283890 -28.372765 0.217141 0.064692 5.922921 -0.034804
32.382229 -39.824940 3.076752 -7.063497 195.949402 -28.713223 0.218381 0.111983 5.940839 -0.031692
32.509243 -40.043694 3.106912 -7.100334 196.620895 -29.058857 0.218358 0.158563 5.950488 -0.028577
32.635258 -40.234013 3.114286 -7.110289 197.287674 -29.404751 0.217703 0.208463 5.965841 -0.025881
32.750271 -40.394943 3.113701 -7.127387 197.890991 -29.720291 0.218013 0.255561 5.980130 -0.023950
32.877285 -40.555836 3.123689 -7.123831 198.563354 -30.074924 0.219936 0.303575 5.984666 -0.021321
33.004299 -40.699806 3.139549 -7.128172 199.239792 -30.435778 0.224414 0.339434 5.992298 -0.018089
33.131313 -40.824265 3.147858 -7.094809 199.909943 -30.796396 0.231299 0.362052 5.991477 -0.017128
33.258327 -40.942169 3.149055 -7.071583 200.573929 -31.157286 0.238945 0.373888 5.998797 -0.016999
33.384342 -41.060383 3.146110 -7.049578 201.237411 -31.521053 0.247830 0.374742 6.009673 -0.016021
33.510357 -41.178490 3.159497 -6.991857 201.906754 -31.889889 0.256191 0.359080 6.018893 -0.017293
33.636372 -41.298100 3.176683 -6.885469 202.564774 -32.255028 0.263155 0.325136 6.022731 -0.017072
33.751385 -41.404045 3.186537 -6.750563 203.169098 -32.593636 0.268602 0.281130 6.022916 -0.018003
33.877399 -41.534256 3.172362 -6.589229 203.828918 -32.967945 0.274486 0.223239 6.018070 -0.020760
34.002415 -41.676155 3.152277 -6.379424 204.482697 -33.340981 0.282042 0.159328 6.025620 -0.021652
34.129429 -41.820721 3.114443 -6.170400 205.147415 -33.722897 0.289421 0.089552 6.041892 -0.021019
34.254444 -41.938702 3.068473 -5.943124 205.806656 -34.105415 0.296067 0.017789 6.052935 -0.017079
34.379459 -42.055576 3.028634 -5.768470 206.454498 -34.486492 0.300562 -0.051357 6.065545 -0.018727
34.504475 -42.185059 2.988749 -5.599536 207.112976 -34.877422 0.302231 -0.117646 6.087495 -0.019060
34.629486 -42.307316 2.951125 -5.460832 207.773575 -35.272652 0.302659 -0.178354 6.122308 -0.016631
34.755501 -42.422474 2.924634 -5.392325 208.429794 -35.668713 0.303473 -0.230863 6.135690 -0.016341
34.880516 -42.529919 2.904567 -5.371748 209.085312 -36.068794 0.304166 -0.272184 6.150892 -0.014234
35.006531 -42.637741 2.890876 -5.367036 209.742371 -36.472130 0.302674 -0.303242 6.177712 -0.015272
35.132545 -42.751064 2.893895 -5.399271 210.404861 -36.882004 0.299615 -0.332549 6.187405 -0.015523
35.257561 -42.854809 2.898652 -5.482606 211.067657 -37.295475 0.296318 -0.366705 6.205731 -0.013318
35.383575 -42.955017 2.906864 -5.575514 211.732513 -37.711502 0.292409 -0.404774 6.236979 -0.012429
35.509590 -43.059494 2.898789 -5.675100 212.398865 -38.130920 0.289689 -0.432958 6.257739 -0.013849
35.635605 -43.164490 2.907611 -5.780233 213.065338 -38.554562 0.287301 -0.435214 6.274783 -0.014228
35.761620 -43.270245 2.908748 -5.866730 213.727142 -38.976624 0.286518 -0.405537 6.280389 -0.012985
35.875633 -43.355583 2.923967 -5.923924 214.336548 -39.366692 0.287988 -0.354609 6.294180 -0.012138
36.001648 -43.457237 2.958592 -6.000359 215.003693 -39.796764 0.291399 -0.281098 6.302827 -0.013514
36.127663 -43.556931 2.989472 -6.067585 215.670898 -40.229744 0.295467 -0.197640 6.320004 -0.013077
36.254677 -43.646809 3.028955 -6.047665 216.339920 -40.663925 0.299148 -0.108898 6.338285 -0.013031
36.380692 -43.738461 3.073005 -5.983857 217.009354 -41.099068 0.301353 -0.018928 6.335422 -0.013147
36.506706 -43.832664 3.113408 -5.945142 217.677658 -41.536198 0.302800 0.067003 6.342474 -0.013563
36.632721 -43.933384 3.163111 -5.927978 218.351593 -41.978199 0.302394 0.146098 6.349104 -0.014931
36.760735 -44.052544 3.212140 -5.956372 219.026199 -42.422222 0.299513 0.219442 6.362758 -0.016675
36.875748 -44.172371 3.258739 -5.985405 219.642822 -42.828632 0.295909 0.286481 6.365633 -0.018514
37.003761 -44.321175 3.312627 -6.057008 220.316620 -43.274643 0.290192 0.363261 6.362170 -0.021047
37.129776 -44.475712 3.357389 -6.124199 220.989578 -43.722416 0.284604 0.438279 6.361487 -0.020432
37.255791 -44.632275 3.397998 -6.195319 221.656296 -44.166492 0.280564 0.498934 6.355037 -0.021359
37.382805 -44.792656 3.425249 -6.255135 222.322159 -44.611065 0.277856 0.533294 6.350550 -0.022230
37.509819 -44.961029 3.435034 -6.267099 222.991638 -45.060383 0.277426 0.535847 6.349128 -0.023805
37.635834 -45.138378 3.410205 -6.238613 223.659393 -45.511784 0.278709 0.511452 6.349477 -0.025078
37.750847 -45.312893 3.347041 -6.207399 224.264069 -45.921364 0.280987 0.472388 6.352018 -0.027412
37.876862 -45.512878 3.242370 -6.124363 224.922455 -46.365604 0.285952 0.413977 6.352031 -0.029426
38.002876 -45.724804 3.123974 -6.124763 225.584641 -46.814259 0.292174 0.338409 6.346849 -0.029588
38.126892 -45.925327 2.993947 -6.112466 226.240219 -47.260605 0.299605 0.245491 6.342269 -0.028160
38.250908 -46.120560 2.875102 -6.089510 226.884766 -47.700394 0.306746 0.135640 6.347646 -0.027880
38.375923 -46.314266 2.748477 -6.061380 227.545074 -48.152325 0.314803 0.002874 6.354786 -0.026382
38.501938 -46.510883 2.606401 -6.044691 228.205399 -48.605061 0.323001 -0.146534 6.360250 -0.027100
38.628952 -46.691128 2.490315 -6.064705 228.865494 -49.059631 0.331812 -0.297372 6.365867 -0.023310
38.754967 -46.860561 2.385737 -6.179010 229.525330 -49.516521 0.340207 -0.425071 6.374148 -0.022254
38.879982 -47.011734 2.281003 -6.241951 230.186691 -49.974930 0.346512 -0.505257 6.386233 -0.019882
39.005997 -47.145309 2.199022 -6.283154 230.848892 -50.434944 0.352196 -0.526760 6.411820 -0.018103
39.132011 -47.267040 2.114733 -6.283579 231.509430 -50.891804 0.357919 -0.500999 6.432393 -0.015900
39.256027 -47.370831 2.040859 -6.241964 232.172272 -51.349140 0.362453 -0.452668 6.446130 -0.013780
39.383041 -47.460247 2.006737 -6.247545 232.841217 -51.811054 0.366167 -0.405089 6.450969 -0.010770
39.509056 -47.521091 2.000487 -6.260150 233.516708 -52.276611 0.370865 -0.371123 6.461903 -0.006408
39.633072 -47.548801 2.025231 -6.251573 234.175873 -52.731468 0.377289 -0.348609 6.463227 -0.002304
39.756088 -47.548660 2.078482 -6.232643 234.830780 -53.182903 0.382032 -0.324791 6.467806 0.001670
39.882103 -47.536243 2.187531 -6.259109 235.495590 -53.642677 0.385204 -0.288508 6.463334 0.002686
40.007118 -47.500618 2.326014 -6.258048 236.166428 -54.103905 0.388494 -0.234016 6.455343 0.006906
40.133133 -47.431210 2.469371 -6.255281 236.837494 -54.564278 0.390977 -0.163752 6.456125 0.011475
40.259148 -47.336937 2.600625 -6.283800 237.508759 -55.022545 0.392996 -0.083093 6.445566 0.015478
40.385162 -47.206722 2.718554 -6.322239 238.180313 -55.479809 0.394565 0.000945 6.445685 0.020378
40.510178 -47.049633 2.824289 -6.323588 238.841400 -55.928833 0.394126 0.082029 6.438612 0.023627
40.634193 -46.857918 2.898872 -6.304903 239.507782 -56.381226 0.392516 0.160095 6.444597 0.028629
40.759209 -46.639442 2.945056 -6.326958 240.168930 -56.830235 0.392362 0.234913 6.445027 0.032364
40.882225 -46.395271 2.960741 -6.346114 240.831558 -57.278267 0.391020 0.307147 6.454359 0.036027
41.008240 -46.115852 2.939646 -6.381805 241.506195 -57.734035 0.389905 0.371068 6.464317 0.040872
41.135254 -45.804989 2.881259 -6.399765 242.187515 -58.193859 0.390586 0.416265 6.478364 0.044528
41.262268 -45.456261 2.774873 -6.407256 242.865753 -58.649620 0.395607 0.434478 6.482389 0.050766
41.376282 -45.116043 2.651279 -6.393852 243.486084 -59.064510 0.402462 0.428910 6.496003 0.052154
41.503296 -44.711155 2.484063 -6.327819 244.168411 -59.518616 0.412829 0.403499 6.515267 0.057623
41.629311 -44.263668 2.302300 -6.292007 244.860107 -59.976700 0.427314 0.359993 6.540209 0.064528
41.757324 -43.764610 2.112698 -6.300473 245.554306 -60.435703 0.445226 0.296061 6.561646 0.071840
41.884338 -43.211658 1.933914 -6.307686 246.256805 -60.899864 0.465302 0.212630 6.596568 0.077537
42.010353 -42.623676 1.768003 -6.283009 246.953659 -61.357567 0.486002 0.125701 6.634683 0.083560
42.137367 -41.996662 1.626901 -6.205314 247.655212 -61.817558 0.505443 0.052625 6.675335 0.088417
42.261383 -41.335396 1.493089 -6.082128 248.351151 -62.272896 0.520425 0.005126 6.727366 0.095293
42.386398 -40.618458 1.397328 -5.945548 249.058060 -62.734947 0.531497 -0.020887 6.776626 0.101569
42.501411 -39.929855 1.345249 -5.795753 249.712845 -63.162560 0.537508 -0.033985 6.814591 0.104413
42.627426 -39.150936 1.331893 -5.566125 250.440689 -63.636036 0.538916 -0.044961 6.856411 0.108273
42.761444 -38.286884 1.352878 -5.239654 251.215393 -64.136093 0.536830 -0.055093 6.899930 0.114146
42.885456 -37.454697 1.407664 -4.927493 251.936615 -64.600845 0.530362 -0.062557 6.931417 0.118005
43.009472 -36.600971 1.489350 -4.568385 252.656235 -65.062447 0.520806 -0.068480 6.966399 0.120277
43.135487 -35.706112 1.590891 -4.166672 253.397736 -65.535126 0.508139 -0.075233 6.989817 0.122996
43.259502 -34.804649 1.698454 -3.739004 254.138016 -66.003578 0.495290 -0.088898 7.018929 0.124347
43.385517 -33.871048 1.811260 -3.225598 254.887695 -66.475594 0.481492 -0.116605 7.039512 0.128416
43.512531 -32.913445 1.922954 -2.577840 255.641785 -66.946159 0.467407 -0.164890 7.061423 0.131259
43.635548 -31.948784 2.031777 -1.881253 256.382599 -67.401985 0.454450 -0.228592 7.071025 0.134490
43.760563 -30.932814 2.132814 -1.209070 257.143951 -67.867027 0.443055 -0.298951 7.086801 0.138568
43.884579 -29.918127 2.215389 -0.532069 257.896454 -68.321533 0.434134 -0.355860 7.089198 0.139070
44.011593 -28.885956 2.265976 0.125955 258.662750 -68.779442 0.427721 -0.387815 7.081490 0.140158
44.127605 -27.920540 2.285038 0.715605 259.370667 -69.196388 0.423304 -0.388783 7.082836 0.142085
44.251621 -26.877619 2.281882 1.348505 260.137024 -69.641502 0.420624 -0.360463 7.093114 0.142289
44.376637 -25.827879 2.248013 1.990603 260.907562 -70.082619 0.421689 -0.306355 7.111279 0.143086
44.502651 -24.775249 2.176609 2.589420 261.687073 -70.525383 0.423007 -0.233566 7.114688 0.142269
44.626667 -23.734383 2.067008 3.131394 262.456512 -70.956902 0.424279 -0.154044 7.113891 0.144410
44.762684 -22.588892 1.923050 3.697864 263.297668 -71.419174 0.425572 -0.069950 7.109662 0.146008
44.877697 -21.604374 1.772768 4.172496 264.016693 -71.807549 0.427183 -0.011866 7.100989 0.148315
45.004711 -20.523571 1.612251 4.643483 264.812134 -72.228905 0.428270 0.029077 7.082106 0.146525
45.130726 -19.446190 1.471449 5.060891 265.609039 -72.642258 0.428350 0.044867 7.056214 0.145728
45.254742 -18.410498 1.362087 5.446595 266.387543 -73.037766 0.428447 0.048868 7.032916 0.144431
45.378757 -17.390934 1.297978 5.763073 267.167114 -73.426003 0.427456 0.063964 7.015748 0.141007
45.505772 -16.372622 1.272395 6.066191 267.959137 -73.812363 0.425197 0.110158 6.978701 0.139142
45.630787 -15.382610 1.283560 6.300657 268.743622 -74.186218 0.421769 0.187631 6.937723 0.136076
45.753803 -14.437311 1.329573 6.442046 269.513519 -74.545769 0.417435 0.277378 6.883798 0.131900
45.878819 -13.508668 1.405810 6.613246 270.300232 -74.902458 0.410770 0.360834 6.837376 0.125769
46.005833 -12.605763 1.512582 6.742102 271.084900 -75.250641 0.402587 0.422400 6.795212 0.122901
46.131847 -11.731448 1.651124 6.809357 271.873230 -75.592316 0.394910 0.462682 6.741513 0.117810
46.257862 -10.896286 1.819639 6.896918 272.652618 -75.919968 0.387000 0.486206 6.684751 0.113530
46.383877 -10.085157 1.995054 6.995956 273.428406 -76.236557 0.379842 0.492926 6.622990 0.110263
46.509892 -9.307607 2.165205 7.064674 274.200073 -76.541443 0.371971 0.475029 6.562277 0.106020
46.636906 -8.553797 2.327102 7.133545 274.968689 -76.838257 0.363439 0.422941 6.520226 0.103295
46.762920 -7.830123 2.474264 7.138262 275.734314 -77.126945 0.353999 0.334071 6.476814 0.097512
46.877934 -7.206640 2.581517 7.084604 276.429413 -77.383293 0.344392 0.228249 6.420965 0.093815
47.003948 -6.538305 2.662438 6.932193 277.186615 -77.655716 0.334199 0.099341 6.366306 0.093472
47.129963 -5.886306 2.700531 6.795437 277.945221 -77.920921 0.323489 -0.027886 6.302455 0.089267
47.256977 -5.255797 2.686074 6.678449 278.694031 -78.173332 0.315812 -0.144855 6.253119 0.087509
47.383991 -4.626497 2.614375 6.576303 279.446136 -78.417847 0.309763 -0.254545 6.209761 0.086622
47.508007 -4.015259 2.500728 6.435710 280.184479 -78.649178 0.307274 -0.354068 6.180712 0.084766
47.632019 -3.428195 2.353688 6.291117 280.909576 -78.868622 0.306852 -0.434954 6.142920 0.084770
47.758034 -2.830633 2.182547 6.151295 281.649994 -79.083687 0.306918 -0.487152 6.108366 0.082123
47.884048 -2.245391 2.007046 6.002964 282.388580 -79.290794 0.306349 -0.500889 6.080224 0.080961
48.010063 -1.676973 1.813921 5.784626 283.132111 -79.491531 0.306646 -0.481490 6.053023 0.077763
48.135078 -1.136572 1.620896 5.599015 283.862610 -79.680847 0.306545 -0.442977 6.026604 0.074446
48.261093 -0.615862 1.430012 5.480171 284.591248 -79.862045 0.306140 -0.396594 5.991056 0.071701
48.387108 -0.098769 1.273716 5.386506 285.329010 -80.038544 0.304588 -0.345670 5.962131 0.070949
48.511124 0.392195 1.142797 5.295515 286.048004 -80.202736 0.303724 -0.291280 5.937872 0.069194
48.638138 0.884298 1.032181 5.254993 286.777618 -80.361122 0.301545 -0.228949 5.916471 0.067880
48.753151 1.323806 0.956293 5.240044 287.442688 -80.498795 0.297467 -0.167123 5.896413 0.067020
48.880165 1.795570 0.905739 5.207653 288.175415 -80.643898 0.291955 -0.093488 5.870620 0.064015
49.007179 2.263181 0.899744 5.126729 288.912201 -80.782677 0.285247 -0.015182 5.848852 0.064006
49.134193 2.714082 0.948531 5.043924 289.641510 -80.912712 0.279741 0.067198 5.820420 0.061259
49.260208 3.143520 1.014570 4.978040 290.363464 -81.033821 0.276253 0.151599 5.800693 0.057927
49.383224 3.547051 1.101077 4.904905 291.067474 -81.145973 0.274529 0.230693 5.793947 0.057147
49.508240 3.940382 1.200073 4.779790 291.783020 -81.252792 0.273136 0.300298 5.780730 0.054974
49.632256 4.322555 1.309974 4.661893 292.486786 -81.350555 0.269918 0.352414 5.771598 0.054065
49.759270 4.710292 1.447176 4.581914 293.213501 -81.445381 0.265196 0.387346 5.771424 0.052985
49.885284 5.093210 1.588212 4.530416 293.941071 -81.535210 0.260361 0.404509 5.771233 0.051906
50.011299 5.455482 1.718893 4.538879 294.663544 -81.617470 0.255100 0.404807 5.769664 0.049251
50.137314 5.807812 1.827248 4.560482 295.386292 -81.692513 0.248922 0.387629 5.767732 0.047581
50.262329 6.149289 1.915175 4.560033 296.103455 -81.761169 0.242295 0.348636 5.765529 0.047219
50.388344 6.488954 1.980388 4.548589 296.821136 -81.824387 0.234515 0.281289 5.765632 0.047972
50.502357 6.800304 2.004847 4.478915 297.482758 -81.878410 0.224990 0.193831 5.778971 0.046878
50.628372 7.128405 2.002544 4.378815 298.203217 -81.931366 0.213240 0.080039 5.781148 0.045380
50.754387 7.456319 1.980071 4.310364 298.935760 -81.977524 0.201634 -0.032936 5.777413 0.045560
50.878403 7.773107 1.944217 4.203538 299.651306 -82.016548 0.193548 -0.115991 5.782654 0.045157
51.012421 8.110584 1.899349 4.071729 300.426758 -82.053543 0.187589 -0.162911 5.798773 0.043626
51.137436 8.412861 1.866442 3.945392 301.145569 -82.081657 0.184558 -0.172517 5.808078 0.044192
51.262451 8.727037 1.829440 3.786023 301.877686 -82.104546 0.183687 -0.164962 5.817501 0.044518
51.377464 9.025117 1.805403 3.699244 302.546448 -82.119469 0.184347 -0.157334 5.819835 0.045899
51.504478 9.354959 1.794869 3.600110 303.280731 -82.130661 0.187323 -0.159643 5.836159 0.045782
51.631493 9.686647 1.791144 3.502700 304.022461 -82.136330 0.190682 -0.179323 5.845662 0.046176
51.758507 10.016233 1.800275 3.440656 304.765656 -82.136589 0.192271 -0.212255 5.852414 0.045200
51.883522 10.332201 1.816475 3.419569 305.504242 -82.131821 0.191534 -0.245664 5.869707 0.043643
52.008537 10.640056 1.829922 3.355700 306.238403 -82.123238 0.186871 -0.265055 5.871507 0.044686
52.133553 10.956139 1.855465 3.338701 306.972473 -82.109818 0.179689 -0.263582 5.877110 0.043673
52.258568 11.268720 1.897331 3.384519 307.706879 -82.091156 0.169098 -0.240641 5.880922 0.042498
52.382580 11.573014 1.944520 3.407671 308.434875 -82.068695 0.155961 -0.199035 5.866228 0.043141
52.504593 11.875282 1.989931 3.441646 309.149078 -82.041718 0.140171 -0.144112 5.852518 0.043387
52.629608 12.193496 2.025067 3.523687 309.878693 -82.008545 0.122938 -0.081518 5.833919 0.043389
52.756622 12.515981 2.046494 3.631873 310.611359 -81.970329 0.106664 -0.020221 5.821404 0.044427
52.882637 12.842106 2.057055 3.763316 311.343170 -81.930252 0.093431 0.036549 5.810087 0.044191
53.008652 13.178984 2.052026 3.941956 312.078308 -81.886719 0.082200 0.091476 5.790196 0.046319
53.135666 13.529363 2.029127 4.150714 312.804688 -81.839645 0.076358 0.143851 5.769413 0.047523
53.261681 13.876653 1.991121 4.358119 313.534515 -81.788559 0.074554 0.186639 5.757272 0.046910
53.377693 14.194333 1.957636 4.539155 314.193970 -81.739395 0.076745 0.208749 5.742407 0.046880
53.512711 14.571729 1.913145 4.763095 314.971497 -81.676239 0.082362 0.217052 5.732786 0.047256
53.627724 14.887967 1.878662 4.923204 315.622192 -81.619026 0.089044 0.221564 5.728937 0.048934
53.753738 15.248751 1.845182 5.052870 316.347107 -81.550682 0.098874 0.237731 5.736439 0.049854
53.880753 15.628624 1.820804 5.146754 317.066132 -81.479759 0.110493 0.262607 5.736651 0.054210
54.006767 16.020611 1.825541 5.202294 317.785156 -81.404564 0.122820 0.277824 5.737589 0.054593
54.128784 16.414381 1.865589 5.233415 318.486694 -81.326263 0.133340 0.266093 5.739487 0.056400
54.254799 16.808407 1.964134 5.192011 319.205170 -81.242706 0.141748 0.223276 5.743672 0.053691
54.381813 17.199903 2.097554 5.120567 319.924438 -81.155533 0.146333 0.161404 5.750676 0.055637
54.507828 17.598534 2.265429 5.043407 320.649139 -81.064056 0.146046 0.098558 5.753965 0.055374
54.633842 18.000212 2.466360 4.936946 321.368744 -80.970284 0.142484 0.048228 5.755583 0.057481
54.757858 18.399950 2.682922 4.788073 322.076019 -80.874054 0.135381 0.010688 5.757340 0.057467
54.881874 18.803602 2.902934 4.674641 322.776947 -80.774101 0.125569 -0.024811 5.755413 0.058107
55.007889 19.227228 3.115489 4.613071 323.498932 -80.666107 0.113159 -0.072183 5.746327 0.059705
55.134903 19.656168 3.297114 4.564291 324.214142 -80.556236 0.099430 -0.134318 5.736879 0.060379
55.259918 20.098852 3.465594 4.638505 324.927155 -80.440552 0.086092 -0.201654 5.732845 0.061278
55.384933 20.535240 3.604866 4.788796 325.628052 -80.322426 0.074305 -0.256693 5.730508 0.060398
55.509949 20.995422 3.723259 4.954870 326.339722 -80.197327 0.064888 -0.288778 5.738061 0.063968
55.634964 21.467598 3.820256 5.107064 327.045715 -80.068832 0.057941 -0.297098 5.739314 0.065477
55.759975 21.962042 3.905692 5.211197 327.751160 -79.937241 0.053968 -0.292722 5.738978 0.068174
55.885990 22.459105 3.984035 5.358225 328.461853 -79.800591 0.053707 -0.287841 5.743973 0.066832
56.011005 22.964947 4.051133 5.539153 329.166046 -79.661163 0.057571 -0.283849 5.740992 0.070547
56.138020 23.487268 4.101274 5.743997 329.874634 -79.516068 0.064042 -0.273174 5.744036 0.070669
56.262035 24.010870 4.138974 5.956896 330.571930 -79.371330 0.072363 -0.245202 5.744398 0.070826
56.388050 24.544565 4.174769 6.171354 331.285980 -79.220879 0.081056 -0.194175 5.747239 0.071302
56.503063 25.039959 4.212678 6.403282 331.926331 -79.083138 0.089819 -0.136235 5.748398 0.073400
56.638081 25.644335 4.253542 6.657405 332.684326 -78.917526 0.098458 -0.067922 5.742185 0.076267
56.761097 26.211407 4.269500 6.921865 333.378784 -78.761978 0.103710 -0.015348 5.737994 0.079319
56.886112 26.801506 4.255082 7.158185 334.077698 -78.601837 0.105417 0.032974 5.736943 0.080239
57.013126 27.393938 4.211389 7.399193 334.781097 -78.437225 0.105407 0.090286 5.733446 0.079713
57.128139 27.940340 4.152341 7.654506 335.421844 -78.283661 0.103749 0.156607 5.728450 0.080345
57.255154 28.537157 4.089652 8.002621 336.128601 -78.108780 0.100182 0.236972 5.739386 0.078875
57.380169 29.127045 4.048728 8.413007 336.830292 -77.930344 0.095243 0.301301 5.748478 0.077129
57.507183 29.718525 4.028378 8.808607 337.531677 -77.748199 0.088090 0.331555 5.751927 0.077716
57.632198 30.310341 4.026389 9.179391 338.232544 -77.563232 0.081495 0.323880 5.753769 0.077160
57.755215 30.878332 4.045393 9.569263 338.915375 -77.378403 0.074880 0.290247 5.748304 0.076265
57.881229 31.453165 4.090106 9.922020 339.607147 -77.188492 0.067637 0.246056 5.726379 0.078008
58.007244 32.036289 4.172745 10.231030 340.300568 -76.995552 0.062637 0.205499 5.704438 0.076640
58.133259 32.608448 4.300504 10.521521 340.996460 -76.798775 0.059981 0.177635 5.688592 0.074425
58.260273 33.145401 4.475722 10.750150 341.678253 -76.603905 0.062478 0.164653 5.661282 0.071488
58.384289 33.667404 4.689093 10.964606 342.361877 -76.405426 0.068011 0.159480 5.636128 0.069446
58.509304 34.181568 4.920743 11.139105 343.036316 -76.207031 0.075762 0.151265 5.610528 0.069143
58.636318 34.698036 5.163302 11.317388 343.711334 -76.005562 0.087038 0.130904 5.575857 0.069743
58.761333 35.224640 5.410109 11.482397 344.381805 -75.801407 0.100252 0.098310 5.551899 0.072791
58.884350 35.751648 5.635731 11.666636 345.032349 -75.600555 0.113263 0.061720 5.528689 0.072398
59.008366 36.285141 5.838629 11.922794 345.683868 -75.395920 0.127947 0.027023 5.496201 0.070716
59.133381 36.819294 6.013978 12.257134 346.331757 -75.188087 0.141726 -0.005365 5.486096 0.070563
59.259396 37.366131 6.165812 12.628935 346.988129 -74.974266 0.154546 -0.040597 5.473578 0.070450
59.385410 37.909130 6.279124 12.992396 347.647583 -74.755447 0.164610 -0.086690 5.473425 0.068977
59.511425 38.451725 6.358004 13.334020 348.301910 -74.537117 0.172003 -0.147148 5.468552 0.069905
59.638439 38.992645 6.412622 13.680708 348.954987 -74.317078 0.177130 -0.218548 5.465542 0.069377
59.753452 39.484322 6.430647 13.997773 349.549316 -74.112732 0.181552 -0.284556 5.467313 0.069297
59.879467 40.016586 6.411187 14.335927 350.200073 -73.887436 0.188092 -0.345533 5.468742 0.067870
60.004482 40.537277 6.357659 14.663980 350.850433 -73.659706 0.196366 -0.383174 5.473749 0.066123
