1.20 1.10 20 64
0.139000 0.006882 -0.077127 -0.069499 1.002492 -0.001104 -0.130243 0.257431 6.650901 0.001058
0.256000 0.003054 -0.214176 -0.186286 1.767786 -0.003860 -0.062244 0.215188 6.563127 -0.002434
0.389000 -0.009907 -0.447019 -0.251891 2.632457 -0.007794 0.068406 0.164452 6.459844 -0.001814
0.506000 -0.014072 -0.698877 -0.365952 3.376127 -0.009995 0.213944 0.108179 6.383629 -0.002285
0.640000 -0.032849 -1.044267 -0.541924 4.225932 -0.014225 0.399387 0.025083 6.316709 -0.003112
0.756000 -0.040120 -1.397563 -0.682477 4.963709 -0.018579 0.560557 -0.055465 6.306765 -0.001214
0.890000 -0.032452 -1.841909 -0.814527 5.803959 -0.023999 0.725394 -0.143587 6.331684 0.001285
1.007000 -0.016693 -2.247162 -0.901524 6.548338 -0.030357 0.841080 -0.214304 6.388542 0.002418
1.140000 0.020639 -2.710025 -0.980798 7.411994 -0.037736 0.929704 -0.293769 6.487628 0.005022
1.257000 0.057041 -3.104175 -1.060566 8.171310 -0.043411 0.964226 -0.364324 6.584355 0.004641
1.390000 0.098586 -3.512364 -1.108755 9.062110 -0.050963 0.953853 -0.437833 6.688814 0.005368
1.507000 0.138641 -3.782361 -1.117184 9.843787 -0.057015 0.904220 -0.474871 6.766070 0.005682
1.640000 0.176035 -3.987947 -1.066622 10.753771 -0.066194 0.808201 -0.465208 6.806161 0.005736
1.756999 0.211093 -4.046348 -1.015870 11.550154 -0.074822 0.696844 -0.406233 6.805207 0.005581
1.889999 0.251449 -3.945402 -1.003380 12.453375 -0.086633 0.555471 -0.294213 6.776775 0.005955
2.006999 0.281202 -3.701308 -0.930254 13.242009 -0.098797 0.432745 -0.174020 6.716070 0.005888
2.140999 0.310159 -3.220825 -0.817863 14.130285 -0.114288 0.310455 -0.031093 6.656357 0.004121
2.256999 0.329966 -2.642721 -0.713037 14.903772 -0.128973 0.230280 0.089119 6.583489 0.004121
2.390999 0.333704 -1.835156 -0.506944 15.779388 -0.145097 0.176129 0.212249 6.496937 0.000224
2.507999 0.330052 -1.065332 -0.368926 16.528191 -0.158208 0.167252 0.301425 6.425033 -0.001188
2.640999 0.326196 -0.169203 -0.291462 17.377359 -0.175174 0.196307 0.375245 6.362463 0.001005
2.757998 0.336662 0.584028 -0.284658 18.117144 -0.191900 0.253328 0.406329 6.306066 0.001747
2.891998 0.349433 1.362478 -0.294136 18.958954 -0.214376 0.340722 0.395161 6.269531 0.001498
3.007998 0.355811 1.936122 -0.328246 19.685240 -0.235042 0.426767 0.347790 6.259765 0.000477
3.140998 0.373922 2.438050 -0.315249 20.523895 -0.258698 0.528727 0.266984 6.268499 0.002633
3.257998 0.398291 2.739271 -0.182631 21.250000 -0.277003 0.612121 0.193209 6.219599 0.003328
3.391998 0.427406 2.983693 0.025685 22.070017 -0.296294 0.695871 0.120103 6.052720 0.002216
3.507998 0.451637 3.095423 0.206628 22.770233 -0.313238 0.751992 0.070020 5.940261 0.001980
3.641998 0.488657 3.096615 0.468423 23.551371 -0.332316 0.791615 0.024964 5.824727 0.004749
3.758997 0.530351 2.999650 0.743254 24.227739 -0.348803 0.801493 -0.006792 5.752239 0.003165
3.891997 0.570731 2.762096 1.082075 24.985287 -0.369061 0.786729 -0.033411 5.658597 0.003167
4.008997 0.595387 2.454325 1.348173 25.642393 -0.388075 0.752110 -0.047459 5.589866 0.000926
4.125998 0.617889 2.059645 1.608910 26.290251 -0.405818 0.700925 -0.053921 5.505675 0.001976
4.258998 0.629257 1.483886 1.865293 27.027653 -0.425389 0.627717 -0.057725 5.596398 0.000485
4.375999 0.626991 0.861687 2.033067 27.688705 -0.441765 0.556100 -0.063700 5.687790 -0.000990
4.508999 0.621534 0.061613 2.145936 28.458246 -0.462325 0.475325 -0.077942 5.782784 -0.000424
4.626000 0.626679 -0.697190 2.262577 29.134050 -0.480513 0.415237 -0.096310 5.859964 0.000801
4.759000 0.617616 -1.584638 2.358181 29.924070 -0.502284 0.364969 -0.121931 5.921685 -0.002410
4.876001 0.599368 -2.313701 2.389444 30.620308 -0.520590 0.343900 -0.147115 5.971755 -0.003955
5.009001 0.567707 -3.049658 2.340487 31.419621 -0.544420 0.351856 -0.177032 6.037969 -0.004498
5.126002 0.534766 -3.554275 2.307560 32.123512 -0.565351 0.384761 -0.199238 6.088554 -0.005950
5.260003 0.483809 -3.974605 2.209622 32.942616 -0.590306 0.451427 -0.208632 6.129537 -0.007468
5.378004 0.434716 -4.185301 2.063190 33.667885 -0.612656 0.527630 -0.195948 6.162266 -0.009347
5.511004 0.378828 -4.263242 1.849122 34.489834 -0.638629 0.621458 -0.163070 6.197000 -0.009815
5.628005 0.318821 -4.189674 1.657549 35.216152 -0.660306 0.703333 -0.133996 6.220486 -0.012015
5.761005 0.234855 -3.968399 1.476787 36.052361 -0.684142 0.787472 -0.118891 6.259179 -0.014862
5.878006 0.149658 -3.693743 1.291230 36.780411 -0.703366 0.845119 -0.123150 6.293565 -0.014696
6.012006 0.042854 -3.290797 1.056373 37.627144 -0.724880 0.885264 -0.133991 6.344546 -0.016140
6.128006 -0.051247 -2.886675 0.848712 38.372578 -0.744522 0.894261 -0.130109 6.391929 -0.015346
6.261007 -0.163962 -2.381910 0.615939 39.226700 -0.764911 0.873114 -0.094653 6.446297 -0.015701
6.378007 -0.254719 -1.910400 0.418627 39.983082 -0.781804 0.830320 -0.032677 6.480697 -0.014147
6.511008 -0.358661 -1.383603 0.186889 40.847324 -0.801396 0.759503 0.064645 6.510655 -0.015704
6.629009 -0.458378 -0.956377 -0.036603 41.609486 -0.817599 0.685084 0.158150 6.518934 -0.015167
6.762009 -0.568302 -0.527564 -0.262035 42.476902 -0.835122 0.597001 0.251345 6.525473 -0.015598
6.879010 -0.674612 -0.203780 -0.409003 43.240932 -0.849620 0.523979 0.307223 6.536849 -0.016251
7.012010 -0.793794 0.064937 -0.541332 44.110256 -0.867779 0.449738 0.335757 6.542323 -0.014921
7.129011 -0.896471 0.203062 -0.614926 44.875702 -0.886452 0.401198 0.332961 6.546579 -0.015773
7.262011 -1.027590 0.276776 -0.683181 45.753487 -0.909198 0.369806 0.304722 6.560013 -0.016122
7.379012 -1.138119 0.279626 -0.737088 46.515728 -0.928952 0.367289 0.265130 6.581317 -0.016390
7.512012 -1.260995 0.199337 -0.781021 47.398846 -0.950719 0.391554 0.212127 6.601836 -0.013713
7.629013 -1.347892 0.056807 -0.683501 48.165825 -0.967319 0.432808 0.168766 6.622505 -0.012241
7.763013 -1.455120 -0.174546 -0.484957 49.055874 -0.984396 0.499213 0.125826 6.659498 -0.014060
7.879014 -1.555243 -0.417217 -0.273745 49.837093 -0.999376 0.569626 0.087985 6.692643 -0.015244
8.013014 -1.686401 -0.733937 0.014574 50.730865 -1.019247 0.653381 0.033842 6.742804 -0.017988
8.130014 -1.813371 -1.038653 0.284044 51.523048 -1.037781 0.724809 -0.024655 6.794086 -0.018298
8.263015 -1.954911 -1.399300 0.587412 52.431091 -1.060131 0.796849 -0.091172 6.863395 -0.017683
8.380015 -2.074775 -1.725691 0.910686 53.238392 -1.082343 0.846506 -0.136771 6.932814 -0.015570
8.513016 -2.201443 -2.087042 1.207989 54.173977 -1.110515 0.884195 -0.170426 7.023763 -0.014006
8.630016 -2.307232 -2.371987 1.468064 54.993607 -1.136301 0.898725 -0.191620 7.099994 -0.014319
8.763017 -2.427194 -2.635349 1.764936 55.951859 -1.167457 0.891309 -0.217228 7.190754 -0.013395
8.880017 -2.530136 -2.794307 1.987835 56.790001 -1.196263 0.865814 -0.241448 7.251793 -0.013724
9.014018 -2.644595 -2.851372 2.226933 57.766224 -1.231767 0.815315 -0.263033 7.316351 -0.013638
9.134018 -2.754687 -2.763193 2.443484 58.675415 -1.266699 0.755546 -0.267724 7.351291 -0.013757
9.259018 -2.853945 -2.524958 2.591139 59.573009 -1.303911 0.692477 -0.252315 7.372906 -0.014629
9.384017 -2.965264 -2.104196 2.570474 60.495621 -1.344597 0.629188 -0.214254 7.391688 -0.016118
9.502017 -3.061970 -1.576200 2.482445 61.360538 -1.382656 0.574489 -0.161219 7.404239 -0.015177
9.635017 -3.166488 -0.837153 2.325886 62.345398 -1.426740 0.522846 -0.088961 7.414604 -0.013896
9.752018 -3.256162 -0.086291 2.175100 63.212898 -1.465886 0.491618 -0.022709 7.423984 -0.013194
9.885017 -3.358665 0.860860 1.905169 64.206573 -1.511888 0.476308 0.051092 7.420916 -0.012422
10.002018 -3.441436 1.722845 1.715674 65.066040 -1.550207 0.478617 0.115848 7.416418 -0.012689
10.135018 -3.535234 2.723747 1.575124 66.058929 -1.595778 0.496277 0.193503 7.417499 -0.011666
10.252019 -3.615757 3.603603 1.414261 66.925117 -1.636545 0.522561 0.257779 7.408450 -0.010582
10.387018 -3.702918 4.551738 1.171027 67.907631 -1.683890 0.559520 0.309709 7.365927 -0.007776
10.502019 -3.762213 5.342064 0.880787 68.748459 -1.723248 0.594218 0.324565 7.179342 -0.004457
10.636020 -3.825893 6.198600 0.497899 69.696388 -1.767068 0.633107 0.304396 7.006188 -0.002049
10.752020 -3.862802 6.874258 0.150257 70.505905 -1.803929 0.662976 0.264349 6.864171 0.002260
10.886021 -3.887296 7.531395 -0.287351 71.407356 -1.845569 0.687325 0.208856 6.724573 0.005101
11.002021 -3.910810 7.985324 -0.710129 72.185852 -1.881562 0.702583 0.157602 6.613620 0.005290
11.136022 -3.946444 8.337744 -1.184695 73.058167 -1.920693 0.710523 0.092086 6.526400 0.002624
11.253022 -3.981200 8.493665 -1.583282 73.817207 -1.954140 0.707711 0.019429 6.469423 0.003315
11.386023 -4.023981 8.493607 -2.007250 74.672867 -1.990366 0.697346 -0.082704 6.418067 0.002473
11.503023 -4.066535 8.350884 -2.365129 75.420326 -2.021569 0.680372 -0.181606 6.378272 0.001557
11.636024 -4.099745 8.013058 -2.634262 76.265770 -2.056948 0.653194 -0.282654 6.350720 -0.000876
11.753024 -4.119701 7.587084 -2.776958 77.006828 -2.087088 0.626641 -0.346057 6.327855 0.000738
11.887025 -4.127303 6.978165 -2.846483 77.852699 -2.121433 0.595679 -0.381793 6.309745 -0.000817
12.003025 -4.132017 6.361065 -2.862676 78.583519 -2.149734 0.570029 -0.384030 6.302055 -0.000369
12.137026 -4.148324 5.587746 -2.799347 79.425659 -2.182534 0.545481 -0.357820 6.280358 -0.003943
12.253025 -4.184645 4.873260 -2.696496 80.158989 -2.212619 0.529489 -0.311263 6.264740 -0.006913
12.387026 -4.227986 4.081480 -2.529371 80.991768 -2.247686 0.517768 -0.235516 6.302503 -0.007625
12.503026 -4.275393 3.394649 -2.319723 81.741074 -2.279984 0.513466 -0.161436 6.482918 -0.008968
12.637027 -4.322196 2.686300 -2.119982 82.616768 -2.320125 0.516700 -0.089822 6.667620 -0.006393
12.754027 -4.351282 2.140000 -1.964305 83.407486 -2.356296 0.527093 -0.049275 6.833732 -0.004861
12.887028 -4.384295 1.631148 -1.730702 84.335007 -2.399395 0.543955 -0.022609 6.996280 -0.004936
13.004028 -4.409529 1.328513 -1.463036 85.155472 -2.437552 0.562179 0.001050 7.140268 -0.005814
13.137029 -4.443031 1.181251 -1.025366 86.120636 -2.482865 0.583937 0.051334 7.263352 -0.005271
13.254029 -4.465776 1.207551 -0.599439 86.970093 -2.524284 0.603810 0.123632 7.380691 -0.004363
13.388030 -4.483953 1.445845 -0.092133 87.965874 -2.575302 0.623292 0.238117 7.489747 -0.004527
13.505031 -4.496967 1.815123 0.409316 88.847572 -2.619915 0.632651 0.352639 7.584069 -0.004142
13.638031 -4.498238 2.416984 0.896090 89.862793 -2.675663 0.632274 0.476759 7.684809 -0.001743
13.755032 -4.487080 3.087233 1.336287 90.765915 -2.725994 0.621173 0.556084 7.762268 -0.001140
13.888032 -4.462626 3.993600 1.795379 91.800827 -2.782999 0.596644 0.589672 7.815917 0.000624
14.005033 -4.430048 4.902265 2.112425 92.717377 -2.834042 0.561397 0.566038 7.862436 -0.000276
14.138033 -4.392582 6.024038 2.391493 93.771713 -2.894176 0.507213 0.496096 7.893898 0.002688
14.251034 -4.361843 6.980660 2.549044 94.655701 -2.944866 0.454587 0.423102 7.912266 0.000963
14.385035 -4.327540 8.121625 2.703699 95.711845 -3.004539 0.388499 0.330743 7.844476 0.001150
14.501035 -4.306219 9.111722 2.763601 96.613724 -3.054550 0.334653 0.241673 7.625492 0.002180
14.635036 -4.285938 10.198360 2.759616 97.607491 -3.107463 0.279864 0.122617 7.371976 0.001625
14.751036 -4.279012 11.078434 2.719260 98.454170 -3.150283 0.241891 0.003836 7.145087 0.002140
14.885036 -4.290962 11.944289 2.612724 99.384415 -3.197293 0.212704 -0.132015 6.889427 0.001752
15.002037 -4.310914 12.543279 2.412696 100.174179 -3.236778 0.200610 -0.244518 6.659771 0.003774
15.135037 -4.339457 13.011189 2.081870 101.040909 -3.279833 0.201020 -0.363937 6.419089 0.005487
15.252038 -4.388170 13.231063 1.738384 101.778076 -3.315315 0.213698 -0.465768 6.222869 0.004755
15.385038 -4.471475 13.262503 1.295501 102.589790 -3.354098 0.239976 -0.572960 6.024809 0.001018
15.502039 -4.553696 13.115768 0.885502 103.283455 -3.386059 0.269640 -0.650054 5.869299 0.002889
15.635039 -4.642201 12.755051 0.441068 104.058281 -3.420221 0.305244 -0.708992 5.730117 0.001101
15.752040 -4.712999 12.278311 0.100265 104.714439 -3.448001 0.335473 -0.733389 5.617475 0.000646
15.885040 -4.808540 11.585137 -0.280754 105.459129 -3.480126 0.367910 -0.730474 5.522007 -0.004094
16.002041 -4.903544 10.884797 -0.611635 106.099792 -3.507508 0.389925 -0.695511 5.451476 -0.005318
16.136044 -5.021696 9.998680 -0.951133 106.819954 -3.535618 0.404983 -0.609287 5.399247 -0.009470
16.253044 -5.139459 9.186026 -1.250778 107.454330 -3.560017 0.410160 -0.487219 5.370424 -0.009993
16.386047 -5.264956 8.259618 -1.549995 108.164063 -3.588673 0.406968 -0.308389 5.439104 -0.009560
16.503050 -5.371513 7.417534 -1.800215 108.812767 -3.615564 0.394085 -0.127275 5.634035 -0.011081
16.636053 -5.511005 6.483103 -2.054458 109.583405 -3.647182 0.370568 0.082551 5.847596 -0.015433
16.753056 -5.644343 5.708540 -2.269500 110.273132 -3.676133 0.345055 0.250958 6.027266 -0.016934
16.887058 -5.794146 4.916367 -2.527661 111.094666 -3.711517 0.314289 0.421740 6.216960 -0.015206
17.003061 -5.912246 4.377882 -2.777475 111.832802 -3.744376 0.290299 0.551218 6.385836 -0.014521
17.137064 -6.046527 3.975328 -3.018966 112.693382 -3.782685 0.272716 0.681337 6.543744 -0.015754
17.253067 -6.166185 3.807194 -3.143955 113.465622 -3.817949 0.265887 0.779812 6.655562 -0.016620
17.387070 -6.307572 3.825088 -3.245332 114.356499 -3.861814 0.265815 0.861892 6.740630 -0.017061
17.504072 -6.430619 4.025371 -3.341688 115.148590 -3.904116 0.273210 0.893715 6.801631 -0.017459
17.637075 -6.565009 4.457955 -3.407912 116.053253 -3.955112 0.287066 0.873045 6.817725 -0.016481
17.754078 -6.675844 4.954723 -3.376793 116.849739 -4.001716 0.301254 0.806463 6.815375 -0.018124
17.887081 -6.803117 5.574649 -3.259205 117.752159 -4.055635 0.314586 0.688462 6.785039 -0.017475
18.004084 -6.923944 6.141849 -3.196735 118.544624 -4.104942 0.323109 0.562225 6.779101 -0.019898
18.137087 -7.076463 6.769708 -3.065536 119.449135 -4.161705 0.324842 0.404047 6.755787 -0.022896
18.254089 -7.215698 7.248825 -2.899590 120.229485 -4.211834 0.318575 0.256934 6.727126 -0.025904
18.387093 -7.387448 7.700703 -2.674131 121.126740 -4.270442 0.303448 0.069439 6.698741 -0.025662
18.504095 -7.535827 7.988093 -2.532079 121.906204 -4.323242 0.284978 -0.112534 6.660464 -0.024663
18.638098 -7.708672 8.156361 -2.386961 122.788536 -4.385427 0.258825 -0.331853 6.643667 -0.026560
18.754101 -7.886666 8.153443 -2.257598 123.562836 -4.442252 0.232473 -0.516738 6.630860 -0.029589
18.888103 -8.085093 7.979419 -2.091975 124.440689 -4.509535 0.202407 -0.689580 6.614490 -0.030882
19.005106 -8.268179 7.681130 -1.903241 125.211357 -4.571327 0.178426 -0.791622 6.602135 -0.031548
19.138109 -8.479899 7.157513 -1.686833 126.093040 -4.642758 0.154071 -0.847797 6.600957 -0.031892
19.255112 -8.665610 6.590548 -1.481302 126.856819 -4.706593 0.138818 -0.855226 6.608672 -0.032064
19.388115 -8.907241 5.841529 -1.287406 127.733162 -4.783794 0.129471 -0.835252 6.622736 -0.036757
19.505117 -9.145789 5.116344 -1.189114 128.505844 -4.854445 0.129078 -0.800630 6.637000 -0.038602
19.638121 -9.434529 4.254920 -1.036856 129.393143 -4.936667 0.137898 -0.736100 6.658996 -0.040416
19.755123 -9.696032 3.532080 -0.879036 130.170776 -5.009865 0.153854 -0.649259 6.685115 -0.041293
19.888126 -10.015010 2.758417 -0.718991 131.057755 -5.096260 0.179899 -0.514223 6.713866 -0.044014
20.005129 -10.328673 2.144752 -0.655027 131.841263 -5.175349 0.209091 -0.374942 6.742758 -0.048806
20.139132 -10.698683 1.552259 -0.627439 132.735123 -5.267787 0.246251 -0.211605 6.761977 -0.048303
20.256134 -11.028470 1.139777 -0.640111 133.522842 -5.352368 0.278492 -0.071594 6.779755 -0.048165
20.389137 -11.403417 0.833606 -0.680825 134.420624 -5.452333 0.311504 0.087766 6.799657 -0.049805
20.506140 -11.740877 0.711097 -0.722608 135.210892 -5.542133 0.335611 0.233525 6.794428 -0.050541
20.639141 -12.133800 0.709187 -0.856289 136.107422 -5.647184 0.355604 0.402935 6.781725 -0.051153
20.756144 -12.479967 0.819103 -1.023188 136.894058 -5.742630 0.362537 0.544431 6.764640 -0.051351
20.889147 -12.882235 1.033784 -1.279891 137.791290 -5.855028 0.357421 0.683289 6.733592 -0.052394
21.006149 -13.236466 1.235280 -1.528453 138.563553 -5.954269 0.342112 0.775789 6.703458 -0.052446
21.140152 -13.637778 1.470852 -1.807655 139.450104 -6.071118 0.312872 0.846114 6.650793 -0.051543
21.256155 -13.984619 1.654896 -2.033297 140.218735 -6.175667 0.280230 0.870598 6.616444 -0.050238
21.390158 -14.382022 1.833273 -2.284178 141.086578 -6.297953 0.236239 0.849702 6.575271 -0.051729
21.506161 -14.742217 1.937450 -2.422009 141.843536 -6.408149 0.197151 0.784863 6.515150 -0.053991
21.640163 -15.163753 2.007561 -2.583661 142.696136 -6.536604 0.157052 0.662751 6.458578 -0.055406
21.757166 -15.534767 2.013049 -2.760932 143.439178 -6.652003 0.127054 0.526450 6.409534 -0.053688
21.890169 -15.936774 1.974821 -2.937626 144.277405 -6.785798 0.102823 0.359715 6.360533 -0.050890
22.007172 -16.291996 1.882569 -3.048360 145.008743 -6.905615 0.094327 0.217980 6.314839 -0.052694
22.141174 -16.698328 1.728990 -3.147295 145.838806 -7.045149 0.098386 0.069931 6.260430 -0.052354
22.257177 -17.055899 1.531446 -3.268245 146.550949 -7.171060 0.112380 -0.045567 6.218900 -0.053436
22.391180 -17.464661 1.241046 -3.339319 147.368530 -7.319693 0.138925 -0.170541 6.192460 -0.051731
22.507183 -17.805614 0.955153 -3.315277 148.078720 -7.452277 0.168608 -0.278557 6.166532 -0.050737
22.641186 -18.192801 0.613846 -3.174096 148.882629 -7.606381 0.208587 -0.406220 6.145037 -0.050936
22.758188 -18.538258 0.302196 -3.017626 149.586334 -7.747730 0.245111 -0.521325 6.129455 -0.052737
22.892191 -18.935335 -0.049398 -2.813617 150.390137 -7.915398 0.282947 -0.643479 6.123703 -0.051165
23.009193 -19.276991 -0.342690 -2.635171 151.091034 -8.065973 0.310513 -0.722853 6.130556 -0.050571
23.142197 -19.656258 -0.649544 -2.419266 151.886963 -8.241508 0.330558 -0.763773 6.131049 -0.049353
23.259199 -19.986017 -0.889475 -2.263248 152.586334 -8.401035 0.336722 -0.750170 6.131064 -0.048456
23.376202 -20.312881 -1.074367 -2.084031 153.285431 -8.565318 0.332456 -0.696046 6.138442 -0.047786
23.509205 -20.683674 -1.210833 -1.845715 154.079391 -8.757764 0.317807 -0.601871 6.144202 -0.048553
23.626207 -21.001221 -1.265589 -1.660345 154.776566 -8.930923 0.299873 -0.507176 6.134932 -0.046089
23.759211 -21.347364 -1.238485 -1.463480 155.571457 -9.133195 0.273454 -0.399951 6.111218 -0.044308
23.876213 -21.646950 -1.144898 -1.310926 156.256393 -9.311968 0.247414 -0.311961 6.096053 -0.044561
24.009216 -21.981796 -0.949666 -1.161149 157.043228 -9.523157 0.219667 -0.209920 6.069707 -0.042289
24.126219 -22.262684 -0.731952 -1.084590 157.719864 -9.709339 0.197886 -0.115047 6.035271 -0.042786
24.260221 -22.590405 -0.443496 -1.049602 158.495071 -9.929007 0.177296 0.002287 5.996589 -0.043142
24.376225 -22.872799 -0.168528 -1.022396 159.166214 -10.124448 0.164013 0.103539 5.960952 -0.042064
24.510225 -23.185368 0.150762 -0.996522 159.923569 -10.348533 0.156089 0.206797 5.923959 -0.040657
24.627228 -23.465450 0.455200 -0.929374 160.584976 -10.547042 0.154584 0.286474 5.884963 -0.042357
24.760231 -23.789257 0.775381 -0.909725 161.330688 -10.775936 0.158350 0.366982 5.854197 -0.042009
24.877234 -24.069120 1.008995 -0.955425 161.982758 -10.980015 0.166078 0.429244 5.831462 -0.040544
25.010237 -24.390423 1.209900 -1.039280 162.720551 -11.214870 0.177147 0.482243 5.813305 -0.043310
25.127239 -24.696728 1.308110 -1.039803 163.367126 -11.423396 0.188486 0.508598 5.803048 -0.045717
25.260242 -25.054394 1.347835 -1.045011 164.105301 -11.663571 0.201474 0.519770 5.787866 -0.047448
25.377245 -25.369793 1.319859 -1.059131 164.742096 -11.874711 0.211731 0.525234 5.782735 -0.047459
25.511248 -25.736103 1.199660 -1.091665 165.476837 -12.122769 0.221120 0.537552 5.789526 -0.048039
25.627251 -26.052197 1.038008 -1.061705 166.119263 -12.341992 0.225741 0.550031 5.806335 -0.046718
25.761253 -26.418211 0.840362 -1.103930 166.850021 -12.596534 0.226579 0.548031 5.825924 -0.048697
25.877256 -26.738865 0.637781 -1.143402 167.494080 -12.823389 0.223051 0.518348 5.842819 -0.047062
26.011259 -27.128174 0.406223 -1.196892 168.226944 -13.085024 0.215070 0.451428 5.857528 -0.052545
26.128262 -27.496992 0.213492 -1.317336 168.872086 -13.319464 0.206585 0.371813 5.873078 -0.055277
26.261265 -27.923035 0.007426 -1.514260 169.605988 -13.589877 0.197722 0.265574 5.886504 -0.055392
26.378267 -28.295694 -0.142390 -1.682518 170.252625 -13.830542 0.189927 0.152857 5.903417 -0.056092
26.511271 -28.733343 -0.258625 -1.874877 170.993530 -14.107542 0.182678 -0.010216 5.897421 -0.058767
26.628273 -29.137339 -0.321222 -2.094665 171.638153 -14.351618 0.178596 -0.183190 5.888835 -0.060877
26.762276 -29.596855 -0.329201 -2.408773 172.368622 -14.632593 0.176987 -0.393350 5.877751 -0.060084
26.878279 -29.997778 -0.279290 -2.724061 173.008087 -14.882561 0.178528 -0.559982 5.861734 -0.059061
27.012281 -30.443226 -0.158193 -3.124966 173.731125 -15.169167 0.183946 -0.698956 5.834818 -0.058392
27.129284 -30.833151 -0.004324 -3.445987 174.362762 -15.423033 0.190100 -0.766438 5.806186 -0.058520
27.262287 -31.290491 0.212042 -3.834731 175.076050 -15.714341 0.196528 -0.786831 5.781470 -0.059875
27.379290 -31.692436 0.425796 -4.154208 175.700012 -15.972794 0.199572 -0.765573 5.766261 -0.059425
27.512293 -32.145840 0.683285 -4.523767 176.405075 -16.268917 0.201284 -0.706295 5.732449 -0.059076
27.629295 -32.543644 0.866408 -4.824301 177.020660 -16.531513 0.201385 -0.625176 5.712947 -0.057739
27.762299 -32.999985 1.052056 -5.120356 177.722260 -16.833860 0.198755 -0.500966 5.694207 -0.059785
27.879301 -33.408142 1.209072 -5.393080 178.325958 -17.099398 0.195664 -0.374005 5.681228 -0.061399
28.012304 -33.903347 1.346687 -5.781320 179.019577 -17.410225 0.190013 -0.220404 5.665893 -0.064325
28.129307 -34.338863 1.434906 -6.052986 179.617767 -17.681244 0.185461 -0.092869 5.656042 -0.065699
28.263309 -34.847202 1.488733 -6.327605 180.304535 -17.997572 0.181732 0.047472 5.634127 -0.065808
28.379313 -35.284386 1.502023 -6.506248 180.901703 -18.276199 0.179947 0.170604 5.629253 -0.064026
28.513315 -35.778080 1.479760 -6.676067 181.578934 -18.595846 0.180509 0.314949 5.632421 -0.064744
28.630318 -36.217560 1.435023 -6.747578 182.174072 -18.879484 0.182728 0.436040 5.636338 -0.065613
28.763321 -36.733658 1.376543 -6.770323 182.853745 -19.207575 0.189547 0.545492 5.630280 -0.066490
28.880323 -37.182182 1.305496 -6.735119 183.440918 -19.494732 0.198091 0.597880 5.636985 -0.068041
29.014326 -37.698463 1.205472 -6.613492 184.118500 -19.828896 0.210185 0.602586 5.636520 -0.066834
29.130329 -38.135349 1.128621 -6.470719 184.703552 -20.121294 0.221163 0.564953 5.641093 -0.065601
29.263332 -38.624901 1.057323 -6.259432 185.380035 -20.461079 0.235352 0.492388 5.655532 -0.063651
29.380335 -39.048157 1.001105 -6.056688 185.970261 -20.759892 0.247950 0.420625 5.653343 -0.063768
29.514338 -39.532619 0.948722 -5.787723 186.639297 -21.103367 0.259891 0.341561 5.657463 -0.063453
29.630341 -39.953373 0.918965 -5.575356 187.226196 -21.408865 0.268280 0.274802 5.654312 -0.063611
29.764343 -40.442150 0.909062 -5.367280 187.891815 -21.759319 0.274460 0.195643 5.655927 -0.065611
29.880346 -40.882820 0.894053 -5.183125 188.475967 -22.070545 0.276426 0.121946 5.661599 -0.065324
30.014349 -41.358437 0.898158 -5.009977 189.138367 -22.427223 0.275521 0.041182 5.648382 -0.061792
30.131351 -41.758762 0.917750 -4.927802 189.717087 -22.744690 0.273949 -0.019826 5.639523 -0.059379
30.264355 -42.196850 0.961741 -4.869148 190.377075 -23.111860 0.270847 -0.079604 5.635455 -0.055664
30.381357 -42.559093 0.999664 -4.776330 190.947510 -23.431356 0.268054 -0.135288 5.635620 -0.053714
30.514360 -42.961071 1.032790 -4.666194 191.605911 -23.802061 0.266062 -0.218810 5.645116 -0.051036
30.631363 -43.298313 1.053113 -4.590776 192.179825 -24.127623 0.263729 -0.307936 5.631735 -0.049645
30.765366 -43.665009 1.079282 -4.552928 192.828018 -24.499762 0.260968 -0.407425 5.611880 -0.046975
30.882368 -43.982582 1.081021 -4.563836 193.395386 -24.830496 0.259112 -0.470539 5.613256 -0.047070
31.015371 -44.331654 1.071685 -4.618280 194.041656 -25.213404 0.258780 -0.498802 5.603441 -0.044188
31.132374 -44.619102 1.052080 -4.658742 194.598801 -25.547955 0.261393 -0.485008 5.599313 -0.042586
31.265377 -44.946831 1.037201 -4.715848 195.236298 -25.933487 0.267499 -0.432168 5.604365 -0.042610
31.382380 -45.224869 1.027940 -4.786155 195.795578 -26.275686 0.274908 -0.356329 5.604242 -0.038810
31.515383 -45.507835 1.015103 -4.764208 196.429886 -26.666296 0.285162 -0.240869 5.601719 -0.036867
31.632385 -45.748329 0.994196 -4.695884 196.985306 -27.014223 0.295597 -0.125332 5.599346 -0.034990
31.765388 -45.998367 0.966234 -4.627394 197.618423 -27.417179 0.308686 -0.001792 5.602374 -0.029979
31.882391 -46.184078 0.924035 -4.555193 198.164337 -27.770233 0.318297 0.078363 5.603863 -0.026439
32.016392 -46.394730 0.859911 -4.496241 198.791153 -28.182354 0.326324 0.133178 5.595979 -0.027966
32.132381 -46.576286 0.785436 -4.464265 199.335419 -28.546713 0.330053 0.155182 5.601119 -0.026183
32.266369 -46.768127 0.694760 -4.408303 199.951553 -28.965921 0.329356 0.164972 5.608552 -0.025116
32.383358 -46.929703 0.603528 -4.300337 200.492462 -29.337793 0.325963 0.169932 5.611497 -0.023463
32.516346 -47.098446 0.484127 -4.176406 201.104645 -29.765488 0.320770 0.180716 5.619226 -0.020658
32.633335 -47.233700 0.380032 -4.054978 201.641052 -30.146803 0.315377 0.199872 5.630001 -0.019250
32.766323 -47.370274 0.271360 -3.837295 202.249634 -30.584110 0.309451 0.233174 5.640086 -0.017743
32.883312 -47.476841 0.181119 -3.621905 202.783096 -30.972979 0.304836 0.267102 5.646376 -0.016514
33.016300 -47.589596 0.089184 -3.406944 203.391922 -31.424440 0.297153 0.302684 5.658150 -0.014176
33.133289 -47.671867 0.007170 -3.210718 203.916885 -31.819860 0.290337 0.326345 5.668855 -0.010719
33.267277 -47.758816 -0.075676 -2.941908 204.520630 -32.282047 0.283255 0.343390 5.679062 -0.011321
33.383266 -47.841190 -0.144631 -2.645444 205.044800 -32.690063 0.276219 0.345822 5.677473 -0.012958
33.517254 -47.937901 -0.210423 -2.257764 205.637482 -33.159660 0.269019 0.326683 5.691152 -0.011749
33.633244 -48.009754 -0.246386 -1.864696 206.156097 -33.578846 0.263219 0.285265 5.708525 -0.009245
33.767231 -48.071991 -0.245312 -1.359772 206.744659 -34.061016 0.257760 0.208028 5.731175 -0.006684
33.884220 -48.115620 -0.220997 -0.982945 207.260284 -34.492126 0.254226 0.116797 5.750609 -0.006089
34.017208 -48.150143 -0.153382 -0.549785 207.843658 -34.988022 0.250152 -0.006125 5.760674 -0.003912
34.134197 -48.169510 -0.070059 -0.192031 208.360214 -35.431801 0.245444 -0.121535 5.774567 -0.002810
34.251186 -48.176582 0.013919 0.086874 208.864944 -35.873909 0.239968 -0.229402 5.791553 -0.000389
34.384174 -48.184296 0.127512 0.376593 209.442673 -36.386452 0.231809 -0.334807 5.814550 -0.001151
34.501163 -48.188412 0.234255 0.659665 209.950928 -36.840687 0.223510 -0.406651 5.833954 0.000318
34.634151 -48.194851 0.364192 0.948144 210.531906 -37.365944 0.213343 -0.462951 5.857641 -0.000640
34.751141 -48.191998 0.474819 1.118201 211.034607 -37.825211 0.203943 -0.487376 5.877279 0.000479
34.884129 -48.200119 0.575074 1.278274 211.614777 -38.360107 0.191727 -0.481450 5.902683 -0.001505
35.001118 -48.213310 0.645363 1.375938 212.121307 -38.832001 0.181689 -0.443609 5.929761 -0.002036
35.135105 -48.225029 0.714745 1.470209 212.697372 -39.373482 0.172021 -0.368611 5.960853 -0.000832
35.251095 -48.231792 0.760985 1.479658 213.205795 -39.853653 0.164735 -0.284282 5.992135 -0.001031
35.385082 -48.244804 0.811690 1.414446 213.785065 -40.404846 0.158029 -0.184324 6.028387 -0.000139
35.502071 -48.254112 0.871535 1.287585 214.294861 -40.895081 0.154478 -0.103579 6.055706 -0.002544
35.635059 -48.282455 0.949074 0.989535 214.880020 -41.461845 0.152750 -0.029526 6.094101 -0.004376
35.752048 -48.323673 1.022934 0.668139 215.388275 -41.956409 0.151424 0.016148 6.129320 -0.005598
35.886036 -48.372227 1.097239 0.347748 215.978668 -42.530697 0.151506 0.050542 6.161079 -0.004629
36.002026 -48.425858 1.170236 0.056069 216.492142 -43.030590 0.152134 0.071839 6.189514 -0.008186
36.136013 -48.502926 1.252590 -0.386075 217.086899 -43.611355 0.151836 0.098590 6.216693 -0.009174
36.253010 -48.562363 1.313761 -0.772716 217.604767 -44.116455 0.152587 0.132670 6.253382 -0.006039
36.386002 -48.640354 1.372911 -1.261840 218.206711 -44.702148 0.152907 0.188434 6.277730 -0.011113
36.501991 -48.732449 1.441895 -1.711710 218.734024 -45.215393 0.151776 0.246473 6.295837 -0.012955
36.635979 -48.838264 1.518300 -2.180487 219.337372 -45.798771 0.150355 0.309979 6.321981 -0.011207
36.752968 -48.918678 1.585825 -2.587639 219.871567 -46.312267 0.151085 0.353407 6.341366 -0.010002
36.885956 -49.002735 1.685226 -3.114393 220.481125 -46.897087 0.154142 0.381978 6.358629 -0.008675
37.002945 -49.088753 1.803691 -3.669618 221.019211 -47.412117 0.158402 0.387902 6.367943 -0.010415
37.135933 -49.190704 1.946650 -4.227840 221.637604 -48.000851 0.165992 0.372851 6.376305 -0.012072
37.252922 -49.280525 2.072115 -4.626501 222.175934 -48.508583 0.175498 0.342709 6.378320 -0.010203
37.385910 -49.379269 2.223952 -5.081053 222.798798 -49.094421 0.190161 0.294309 6.384916 -0.011209
37.502899 -49.477551 2.365223 -5.475143 223.345184 -49.605431 0.204940 0.247644 6.397535 -0.012329
37.636887 -49.576691 2.517567 -5.835997 223.969223 -50.185863 0.220981 0.193527 6.417137 -0.009349
37.753876 -49.649193 2.642340 -6.079721 224.520996 -50.696526 0.235294 0.140392 6.432391 -0.010004
37.886864 -49.738628 2.756982 -6.453073 225.151337 -51.276890 0.250204 0.063969 6.454314 -0.009358
38.003853 -49.808395 2.821249 -6.803921 225.709824 -51.786686 0.261855 -0.019950 6.469083 -0.006858
38.136841 -49.875816 2.878904 -7.211798 226.351273 -52.371376 0.273845 -0.125524 6.484312 -0.005924
38.269836 -49.932037 2.899498 -7.561155 226.972610 -52.934650 0.283277 -0.220045 6.509643 -0.005087
38.387825 -49.961521 2.882237 -7.791087 227.559509 -53.462521 0.291252 -0.291064 6.524624 -0.001478
38.503815 -49.966537 2.845219 -7.990385 228.125122 -53.967522 0.298832 -0.341184 6.548779 0.003126
38.636803 -49.951176 2.797792 -8.162311 228.784485 -54.548935 0.307086 -0.382340 6.569365 0.003360
38.753792 -49.914753 2.754808 -8.275554 229.364395 -55.056816 0.315283 -0.407690 6.603554 0.007894
38.886784 -49.840401 2.711153 -8.294006 230.029617 -55.633911 0.326231 -0.422922 6.633071 0.011336
39.003773 -49.745422 2.677510 -8.275131 230.617188 -56.141628 0.336790 -0.416734 6.646314 0.016408
39.141762 -49.614559 2.650105 -8.212199 231.288818 -56.718952 0.349604 -0.379008 6.670764 0.016586
39.254761 -49.489445 2.646865 -8.150537 231.882736 -57.226479 0.360472 -0.319422 6.685139 0.019970
39.387749 -49.323715 2.648880 -7.966581 232.561630 -57.803089 0.369882 -0.236565 6.702790 0.020926
39.504738 -49.171986 2.665377 -7.810735 233.161285 -58.309475 0.378015 -0.167775 6.711866 0.021856
39.637726 -48.990280 2.691683 -7.623533 233.849396 -58.889019 0.384721 -0.105352 6.714050 0.022551
39.754715 -48.820171 2.728929 -7.429090 234.445755 -59.389416 0.387400 -0.058547 6.706498 0.025056
39.888702 -48.616863 2.780302 -7.209634 235.134109 -59.967556 0.387189 0.006508 6.708210 0.025452
40.004692 -48.433105 2.822125 -6.938611 235.730667 -60.467041 0.384281 0.081556 6.705174 0.026068
40.138680 -48.214844 2.872736 -6.599869 236.421722 -61.041676 0.380644 0.180196 6.708062 0.026654
40.254669 -48.019821 2.910937 -6.289440 237.025787 -61.542294 0.378688 0.258343 6.704083 0.025967
40.389664 -47.805756 2.937864 -5.878691 237.718307 -62.114590 0.376734 0.325454 6.700703 0.024157
40.534657 -47.651745 2.940555 -5.538812 238.234375 -62.541107 0.375079 0.362310 6.696012 0.024875
40.639656 -47.400398 2.897444 -4.989676 239.015732 -63.181950 0.374311 0.408693 6.688226 0.025334
40.757652 -47.210922 2.809102 -4.479647 239.616104 -63.673370 0.376909 0.433806 6.686801 0.024260
40.889645 -46.990795 2.683088 -3.915442 240.304382 -64.237312 0.381057 0.432073 6.690022 0.026191
41.006634 -46.787758 2.546439 -3.502771 240.914246 -64.737762 0.384872 0.388261 6.685555 0.027719
41.140621 -46.549995 2.360411 -3.042121 241.600571 -65.303253 0.388525 0.293868 6.682174 0.029617
41.256611 -46.340115 2.157910 -2.593426 242.203186 -65.801041 0.393848 0.189736 6.675424 0.028752
41.390598 -46.100140 1.874871 -2.051710 242.886337 -66.368675 0.400862 0.070602 6.684226 0.028790
41.506588 -45.891182 1.591903 -1.590287 243.486893 -66.870018 0.406387 -0.025719 6.690352 0.028392
41.640575 -45.680260 1.240727 -1.120420 244.169022 -67.441132 0.414516 -0.124615 6.688942 0.024436
41.757565 -45.497997 0.907171 -0.685655 244.768372 -67.945892 0.421287 -0.200788 6.706171 0.026849
41.890553 -45.283772 0.511998 -0.202994 245.449478 -68.522758 0.428743 -0.268498 6.720886 0.026979
42.007542 -45.096344 0.164454 0.155634 246.048065 -69.033722 0.434572 -0.306498 6.730074 0.029409
42.140530 -44.866726 -0.224885 0.531727 246.728546 -69.618019 0.442732 -0.325895 6.753462 0.030905
42.257519 -44.666931 -0.545751 0.831321 247.326782 -70.135513 0.448209 -0.327882 6.763165 0.029564
42.391510 -44.442123 -0.882773 1.130562 248.006378 -70.727180 0.453182 -0.317613 6.779378 0.029274
42.507500 -44.249599 -1.149199 1.420316 248.603607 -71.249916 0.455262 -0.297402 6.784738 0.029400
42.640488 -44.046902 -1.385123 1.759727 249.286575 -71.851578 0.455702 -0.255861 6.797792 0.026762
42.757477 -43.871975 -1.549529 2.086291 249.876556 -72.374306 0.454796 -0.201216 6.795844 0.026516
42.890465 -43.669968 -1.664927 2.449534 250.555267 -72.980705 0.451879 -0.119635 6.792084 0.027223
43.007458 -43.497517 -1.729912 2.775969 251.145615 -73.512016 0.446829 -0.042361 6.783701 0.027733
43.141445 -43.302906 -1.775284 3.121505 251.814209 -74.116386 0.436447 0.036987 6.768666 0.026386
43.257435 -43.138443 -1.804269 3.412639 252.399033 -74.648125 0.424714 0.090720 6.747314 0.025505
43.391422 -42.965336 -1.824230 3.713532 253.058273 -75.253609 0.412284 0.134343 6.719480 0.022534
43.508411 -42.824688 -1.831467 3.971903 253.634766 -75.786209 0.400706 0.166091 6.697043 0.022020
43.625401 -42.674496 -1.839067 4.231206 254.205475 -76.319527 0.387118 0.200559 6.663414 0.023667
43.758389 -42.513390 -1.837120 4.541817 254.847061 -76.926376 0.373255 0.245723 6.622162 0.021230
43.875378 -42.379997 -1.846776 4.871874 255.405396 -77.460449 0.361892 0.284120 6.588080 0.021580
44.008366 -42.236603 -1.881077 5.179393 256.031708 -78.068291 0.348857 0.311965 6.544636 0.020055
44.125355 -42.110146 -1.920258 5.410882 256.580872 -78.608414 0.338707 0.312922 6.517302 0.018897
44.258343 -41.991280 -1.978057 5.656378 257.188049 -79.213524 0.329614 0.284493 6.477861 0.015063
44.375332 -41.903206 -2.048906 5.842949 257.719513 -79.750183 0.322360 0.237612 6.440179 0.013525
44.509319 -41.821205 -2.166106 6.044624 258.319519 -80.365547 0.311603 0.164966 6.400677 0.010276
44.625309 -41.780602 -2.296737 6.188759 258.831879 -80.899170 0.302577 0.087302 6.360654 0.006347
44.759296 -41.752411 -2.461363 6.368969 259.417389 -81.513779 0.292466 -0.020953 6.313994 0.003213
44.876286 -41.761391 -2.570576 6.505479 259.920105 -82.051079 0.284940 -0.126970 6.275200 -0.002955
45.009274 -41.816948 -2.667450 6.658634 260.485199 -82.660873 0.274108 -0.239981 6.232882 -0.008265
45.126263 -41.896030 -2.730245 6.754154 260.975403 -83.197929 0.263277 -0.309963 6.206089 -0.014707
45.259251 -42.047089 -2.772512 6.797108 261.525330 -83.808891 0.249076 -0.334588 6.163379 -0.022610
45.376244 -42.224400 -2.773137 6.803168 262.003052 -84.344757 0.235765 -0.309089 6.120025 -0.029010
45.510235 -42.474857 -2.726677 6.724054 262.539459 -84.952187 0.218352 -0.248359 6.071708 -0.037070
45.626225 -42.744919 -2.641248 6.571330 263.005646 -85.484337 0.199975 -0.191727 6.033526 -0.044889
45.759212 -43.115177 -2.502334 6.294023 263.533539 -86.091362 0.175390 -0.144181 5.982629 -0.053752
45.876202 -43.488995 -2.335999 6.048896 263.985474 -86.614037 0.152103 -0.120792 5.941075 -0.062760
46.010189 -44.010811 -2.080717 5.653177 264.500824 -87.216415 0.123599 -0.104307 5.896254 -0.074506
46.126179 -44.538738 -1.825003 5.180788 264.945862 -87.740585 0.098046 -0.087808 5.863903 -0.084746
46.260166 -45.206585 -1.481245 4.483273 265.446472 -88.334152 0.069260 -0.061019 5.825277 -0.095420
46.376156 -45.865654 -1.131818 3.788930 265.883240 -88.853821 0.044743 -0.032260 5.787409 -0.103142
46.510143 -46.680111 -0.699224 2.929330 266.377563 -89.439278 0.018213 0.000821 5.747439 -0.112543
46.627136 -47.468208 -0.293130 2.089169 266.810303 -89.951385 -0.004637 0.030439 5.718307 -0.122535
46.760128 -48.452374 0.165810 1.081764 267.301483 -90.527092 -0.029828 0.067655 5.674016 -0.133476
46.877117 -49.378811 0.562397 0.133662 267.732758 -91.028809 -0.050978 0.103799 5.644312 -0.140616
47.011105 -50.527538 0.990379 -1.060940 268.223755 -91.600990 -0.071316 0.143096 5.618478 -0.152387
47.127094 -51.610882 1.342658 -2.113226 268.652832 -92.098053 -0.086178 0.170541 5.609597 -0.162428
47.260082 -52.915161 1.720732 -3.355871 269.140289 -92.660149 -0.100164 0.196051 5.583542 -0.171696
47.377071 -54.117630 2.026501 -4.490390 269.564301 -93.148407 -0.107469 0.218682 5.565199 -0.177164
47.511059 -55.558147 2.331112 -5.866983 270.054871 -93.708160 -0.111153 0.247548 5.540463 -0.183370
47.627048 -56.852818 2.546566 -7.042649 270.483185 -94.193077 -0.109952 0.269028 5.521097 -0.187602
47.761036 -58.362370 2.737286 -8.421760 270.969879 -94.739761 -0.103621 0.278374 5.489622 -0.191956
47.878025 -59.727722 2.855981 -9.676195 271.397491 -95.216797 -0.094502 0.268798 5.463521 -0.195102
48.011013 -61.284206 2.937405 -11.070524 271.884430 -95.752647 -0.078808 0.237770 5.434729 -0.195558
48.128002 -62.655136 2.991135 -12.231126 272.314148 -96.218628 -0.061267 0.192982 5.405240 -0.195452
48.260990 -64.214302 3.012327 -13.536205 272.803162 -96.742294 -0.036591 0.119796 5.373485 -0.195861
48.377979 -65.560410 3.015020 -14.621140 273.234039 -97.195747 -0.010411 0.035737 5.325912 -0.190707
48.511967 -67.054176 2.989385 -15.772500 273.725586 -97.706032 0.024877 -0.075461 5.259265 -0.184061
48.628960 -68.308441 2.932418 -16.750008 274.149628 -98.139671 0.060178 -0.172863 5.203464 -0.178550
48.761948 -69.705040 2.827735 -17.839088 274.636993 -98.630562 0.105490 -0.273387 5.133053 -0.170440
48.877937 -70.863724 2.729255 -18.777493 275.062469 -99.049187 0.148752 -0.342018 5.078181 -0.162489
49.011925 -72.093697 2.603870 -19.823112 275.544830 -99.515694 0.200500 -0.392732 5.016128 -0.150291
49.128914 -73.097710 2.479603 -20.732363 275.968018 -99.918373 0.247701 -0.410664 4.978187 -0.139284
49.261902 -74.120102 2.352112 -21.734314 276.448853 -100.368073 0.302333 -0.400356 4.921340 -0.122586
49.378891 -74.955490 2.260363 -22.635712 276.869415 -100.756889 0.348875 -0.366296 4.878410 -0.115953
49.512878 -75.836678 2.148770 -23.639441 277.348358 -101.193779 0.399823 -0.301405 4.816427 -0.106164
49.629871 -76.548256 2.074352 -24.411160 277.762970 -101.565331 0.441961 -0.227177 4.785797 -0.099983
49.762859 -77.295029 1.994964 -25.289133 278.239929 -101.987724 0.489729 -0.132519 4.724892 -0.087736
49.878853 -77.873230 1.947305 -26.019951 278.652985 -102.351006 0.530077 -0.058279 4.688011 -0.079395
50.011841 -78.477509 1.908733 -26.800192 279.118652 -102.757805 0.574534 0.000122 4.624292 -0.072264
50.128834 -78.954582 1.880337 -27.440428 279.524841 -103.111786 0.612049 0.026023 4.596399 -0.065341
50.262821 -79.433533 1.863048 -28.030006 279.983673 -103.510483 0.650876 0.040111 4.541096 -0.057435
50.379810 -79.812340 1.860936 -28.393230 280.381836 -103.858521 0.679980 0.053104 4.503340 -0.053059
50.512802 -80.205391 1.881265 -28.713915 280.830414 -104.254738 0.708187 0.077109 4.445266 -0.047093
50.629791 -80.498680 1.904054 -28.909309 281.212708 -104.596741 0.729636 0.105503 4.407668 -0.040804
50.762779 -80.768036 1.917928 -28.971361 281.646729 -104.991928 0.748814 0.148130 4.357954 -0.031564
50.879768 -80.960449 1.925092 -28.816265 282.015259 -105.334679 0.761091 0.198337 4.328020 -0.027989
51.013756 -81.129692 1.923356 -28.492455 282.432220 -105.732407 0.771770 0.275707 4.282682 -0.020100
51.129749 -81.231743 1.919105 -28.072847 282.787384 -106.082954 0.778305 0.352590 4.250083 -0.014862
51.263737 -81.305107 1.921640 -27.400751 283.178375 -106.486809 0.781941 0.429309 4.211619 -0.011231
51.379726 -81.342163 1.905707 -26.644896 283.509491 -106.844131 0.781888 0.469384 4.194243 -0.008581
51.513714 -81.351997 1.876391 -25.576780 283.880463 -107.263275 0.777110 0.477617 4.174859 -0.004061
51.630703 -81.332748 1.852302 -24.455051 284.194519 -107.636147 0.769300 0.457727 4.160850 -0.001713
51.763691 -81.288010 1.811354 -22.960461 284.536774 -108.068588 0.754830 0.415761 4.141220 0.000888
51.880680 -81.220230 1.758368 -21.477491 284.824890 -108.457298 0.736398 0.363047 4.134058 0.005166
52.013668 -81.112038 1.667438 -19.559132 285.140228 -108.913498 0.707415 0.277171 4.145337 0.007924
52.130657 -80.990273 1.566533 -17.647482 285.401489 -109.317955 0.673344 0.176274 4.158550 0.011512
52.263645 -80.828659 1.415846 -15.217455 285.686615 -109.793190 0.624017 0.038227 4.171302 0.014184
52.380634 -80.667648 1.233510 -12.873693 285.924652 -110.225067 0.570414 -0.087016 4.183979 0.017780
52.514622 -80.465271 0.963811 -10.087690 286.173218 -110.724533 0.500019 -0.214668 4.205211 0.021165
52.631611 -80.272087 0.684270 -7.567532 286.374847 -111.175667 0.429320 -0.312796 4.236048 0.024333
52.764599 -80.047249 0.333191 -4.578948 286.585022 -111.701408 0.340203 -0.418269 4.276671 0.026611
52.881588 -79.855377 -0.023684 -1.928585 286.752441 -112.175545 0.256957 -0.511437 4.315112 0.029034
53.014576 -79.628952 -0.470050 1.099788 286.923615 -112.727226 0.161768 -0.612078 4.369242 0.032970
53.131565 -79.432610 -0.872087 3.789651 287.060150 -113.223221 0.081340 -0.681081 4.418499 0.034208
53.264553 -79.221199 -1.325964 6.678170 287.199615 -113.798653 -0.002609 -0.719439 4.478365 0.035820
53.381542 -79.052055 -1.706802 9.102310 287.310516 -114.314919 -0.063298 -0.710029 4.540120 0.035011
53.514530 -78.865692 -2.106340 11.571558 287.427368 -114.917206 -0.110892 -0.652311 4.607321 0.034511
53.631519 -78.717484 -2.378347 13.404080 287.525208 -115.447220 -0.128552 -0.572638 4.671645 0.031443
53.764507 -78.580383 -2.571879 15.027468 287.636444 -116.068268 -0.120159 -0.460161 4.734579 0.025236
53.881496 -78.484955 -2.613432 15.974266 287.734467 -116.611908 -0.086375 -0.351626 4.780896 0.017568
54.015488 -78.410393 -2.517608 16.542843 287.850830 -117.245781 -0.022206 -0.210894 4.827725 0.008604
54.131477 -78.392487 -2.322730 16.548277 287.956299 -117.803078 0.050872 -0.071814 4.858615 -0.001546
54.265469 -78.435677 -2.008489 16.051512 288.082611 -118.438431 0.145939 0.101059 4.880475 -0.013778
54.382458 -78.543419 -1.661377 15.224356 288.198334 -118.998985 0.232893 0.253851 4.899823 -0.023423
54.515446 -78.735153 -1.205625 14.049042 288.335999 -119.638405 0.326734 0.414305 4.931279 -0.033504
54.632435 -78.965775 -0.761632 12.739679 288.459229 -120.204582 0.397082 0.538870 4.968204 -0.040568
54.749424 -79.240898 -0.319472 11.199725 288.583893 -120.776031 0.449115 0.647877 5.020379 -0.045014
54.882412 -79.589760 0.155869 9.253323 288.726868 -121.434494 0.478929 0.750110 5.101006 -0.047200
54.999405 -79.924957 0.559238 7.409699 288.853058 -122.022896 0.477539 0.811798 5.172101 -0.049221
55.132393 -80.337761 0.976035 5.251613 288.998169 -122.708473 0.444736 0.838773 5.270029 -0.050402
55.249382 -80.712746 1.293942 3.340361 289.122528 -123.312218 0.393482 0.822227 5.343365 -0.051073
55.383369 -81.167595 1.585411 1.149526 289.266022 -124.021034 0.311998 0.761817 5.437460 -0.053693
55.499359 -81.572578 1.791059 -0.712344 289.390076 -124.644348 0.228586 0.677834 5.503508 -0.051589
55.633350 -82.021095 1.993592 -2.804820 289.532532 -125.372948 0.129550 0.545421 5.568812 -0.047306
55.750340 -82.396660 2.121787 -4.596393 289.657593 -126.016083 0.049360 0.400616 5.621205 -0.046729
55.883327 -82.808159 2.201809 -6.485410 289.802826 -126.753578 -0.026435 0.215391 5.674006 -0.042310
55.999317 -83.128456 2.212378 -7.855693 289.938507 -127.406784 -0.071450 0.049597 5.718398 -0.039887
56.133305 -83.456055 2.196250 -9.163784 290.100586 -128.152573 -0.089689 -0.123833 5.758310 -0.034345
56.250294 -83.721672 2.146044 -10.112354 290.252716 -128.810791 -0.072814 -0.258125 5.781582 -0.032727
56.383286 -83.977928 2.010250 -10.941310 290.441498 -129.568787 -0.018085 -0.396083 5.791931 -0.027308
56.500278 -84.163506 1.846520 -11.420078 290.614716 -130.212662 0.056478 -0.506131 5.797721 -0.024979
56.633266 -84.354591 1.632072 -11.819180 290.827393 -130.958542 0.169736 -0.629767 5.779067 -0.023090
56.750256 -84.510872 1.414051 -12.000747 291.020813 -131.599533 0.283156 -0.730132 5.764765 -0.021302
56.883244 -84.658684 1.133458 -12.065534 291.253601 -132.335144 0.423152 -0.828623 5.756912 -0.018133
57.001236 -84.774261 0.860240 -12.031953 291.462677 -132.973892 0.543818 -0.889153 5.739503 -0.015986
57.134224 -84.882446 0.526955 -11.860798 291.704285 -133.698669 0.671024 -0.912277 5.753784 -0.014016
57.251213 -84.967651 0.215065 -11.623105 291.920502 -134.338165 0.763762 -0.877367 5.782518 -0.011637
57.384201 -85.051422 -0.135305 -11.293571 292.167236 -135.070389 0.841075 -0.762852 5.827991 -0.010625
57.501190 -85.121674 -0.413567 -10.938663 292.384674 -135.719177 0.882792 -0.600769 5.866244 -0.009420
57.634178 -85.182854 -0.716456 -10.430898 292.635071 -136.468750 0.900040 -0.372107 5.920025 -0.006036
57.751167 -85.216583 -0.950061 -9.888108 292.851746 -137.129822 0.889426 -0.164021 5.965575 -0.002400
57.886158 -85.233086 -1.151561 -9.162199 293.094818 -137.893997 0.848660 0.062089 5.995496 0.000626
58.002148 -85.226952 -1.277949 -8.462703 293.301117 -138.564346 0.794880 0.246996 5.994612 0.004837
58.135136 -85.191956 -1.347018 -7.549760 293.526367 -139.328888 0.720304 0.446250 5.991020 0.009505
58.252125 -85.137482 -1.330624 -6.591867 293.712952 -139.996780 0.649375 0.601079 5.969620 0.012696
58.386112 -85.048561 -1.210953 -5.254807 293.914368 -140.768555 0.566737 0.733719 5.937514 0.016448
58.503101 -84.957062 -1.052831 -3.905427 294.075928 -141.442673 0.498676 0.792210 5.917957 0.018885
58.636089 -84.826347 -0.819013 -2.225553 294.243591 -142.209717 0.431493 0.796081 5.891937 0.020583
58.753078 -84.707268 -0.595476 -0.704384 294.375916 -142.884781 0.382316 0.759134 5.877760 0.020788
58.886066 -84.567062 -0.312290 1.172376 294.510620 -143.654190 0.334951 0.685448 5.865321 0.019705
59.003056 -84.442711 -0.082539 2.853364 294.615356 -144.332611 0.297665 0.594720 5.866841 0.018077
59.136044 -84.306396 0.139955 4.752181 294.718262 -145.113190 0.258803 0.459229 5.884971 0.016636
59.253033 -84.200737 0.289835 6.395474 294.794159 -145.798462 0.224152 0.319917 5.901710 0.013926
59.386021 -84.093246 0.394395 8.159431 294.865997 -146.582016 0.183418 0.157431 5.930549 0.012467
59.504013 -84.002022 0.414408 9.650533 294.918030 -147.275543 0.144056 0.029170 5.953073 0.011301
59.637005 -83.922234 0.378770 11.219378 294.967621 -148.068741 0.093068 -0.088616 5.992712 0.007431
59.753994 -83.883423 0.295705 12.441630 295.004242 -148.771805 0.042362 -0.168883 6.033497 0.003388
59.886986 -83.867661 0.174173 13.565105 295.038635 -149.576904 -0.018858 -0.244591 6.075343 -0.000236
60.003975 -83.873940 0.057380 14.250267 295.063751 -150.289658 -0.071783 -0.306613 6.109927 -0.002214
