1.20 1.10 20 64
0.127000 0.013595 0.022119 -0.072542 0.952897 0.000908 -0.133845 -0.040513 6.680976 0.003140
0.259000 0.023093 0.139597 -0.227079 1.802071 0.002883 -0.063678 -0.039905 6.590988 -0.001240
0.376000 0.019978 0.302715 -0.309407 2.566930 0.005893 0.043215 -0.034669 6.494691 -0.000511
0.509000 0.011797 0.515987 -0.464378 3.421191 0.011933 0.193589 -0.024018 6.368484 -0.001527
0.626000 -0.003239 0.689829 -0.649382 4.160375 0.017579 0.334507 -0.009796 6.281843 -0.002263
0.759000 -0.011647 0.828201 -0.863313 4.997042 0.023529 0.487270 0.013475 6.223505 0.000312
0.876000 -0.002978 0.879650 -1.046391 5.718490 0.029509 0.599237 0.037180 6.221357 0.001953
1.010000 0.016572 0.860905 -1.229360 6.554653 0.036597 0.692158 0.062469 6.261723 0.003950
1.127000 0.049665 0.768818 -1.387517 7.291549 0.044367 0.734841 0.078019 6.325888 0.005571
1.260000 0.084198 0.578459 -1.603231 8.138676 0.054565 0.736589 0.087161 6.406199 0.004521
1.376000 0.115308 0.350498 -1.782273 8.893198 0.063699 0.698410 0.087204 6.479045 0.004754
1.510000 0.155592 0.054152 -1.964210 9.759849 0.075565 0.615204 0.075617 6.536404 0.005123
1.626999 0.188507 -0.240589 -2.100960 10.526382 0.084717 0.515946 0.052621 6.559899 0.005342
1.759999 0.228284 -0.589469 -2.245751 11.398759 0.094917 0.382845 0.014563 6.556654 0.004580
1.876999 0.263845 -0.875436 -2.419174 12.164997 0.102899 0.261664 -0.018103 6.541986 0.005455
2.009999 0.308017 -1.151651 -2.535087 13.038654 0.111842 0.136930 -0.044550 6.501525 0.006327
2.126999 0.347869 -1.297555 -2.619703 13.789964 0.119401 0.052410 -0.061350 6.463529 0.005773
2.260999 0.392917 -1.345339 -2.687802 14.652421 0.128323 -0.006760 -0.091760 6.418939 0.005924
2.376999 0.420270 -1.279131 -2.655778 15.400359 0.137073 -0.020426 -0.137222 6.373255 0.003537
2.510998 0.451173 -1.093668 -2.559535 16.242956 0.149855 0.009561 -0.204881 6.309008 0.004104
2.627998 0.482192 -0.861403 -2.483711 16.977381 0.160622 0.068489 -0.257991 6.255389 0.005923
2.760998 0.527504 -0.558789 -2.427557 17.803318 0.172133 0.163414 -0.292197 6.177749 0.005953
2.877998 0.567413 -0.285737 -2.378777 18.522936 0.180406 0.257139 -0.294094 6.134454 0.006376
3.010998 0.612655 -0.002798 -2.323787 19.336327 0.189834 0.361113 -0.269368 6.107649 0.005410
3.127998 0.656423 0.194502 -2.252079 20.050047 0.200290 0.440495 -0.226121 6.094888 0.007040
3.260998 0.718020 0.367856 -2.083284 20.867853 0.215651 0.509659 -0.150652 6.113514 0.008276
3.377998 0.769532 0.466945 -1.883020 21.578587 0.230982 0.545952 -0.066198 6.140816 0.007443
3.510998 0.830248 0.493310 -1.658519 22.405069 0.249180 0.556096 0.039998 6.188704 0.007575
3.627997 0.885760 0.435010 -1.421733 23.132654 0.266431 0.536537 0.121375 6.244940 0.009009
3.761997 0.957432 0.304091 -1.106087 23.966391 0.286321 0.485540 0.188676 6.290108 0.008423
3.877997 1.014755 0.133934 -0.782314 24.704163 0.303980 0.420794 0.228468 6.318911 0.007854
4.011997 1.063138 -0.102017 -0.429887 25.545582 0.325011 0.332089 0.265844 6.335436 0.004837
4.128998 1.098214 -0.326790 -0.102894 26.286390 0.345780 0.249669 0.301642 6.331780 0.004892
4.261998 1.126166 -0.578508 0.264094 27.128372 0.370907 0.161715 0.344021 6.330399 0.003708
4.378999 1.139916 -0.777330 0.553443 27.866810 0.394159 0.095608 0.373317 6.303498 0.003388
4.511999 1.153473 -0.941051 0.805264 28.709566 0.419106 0.043248 0.382335 6.283723 0.002719
4.629000 1.170485 -1.034157 1.028931 29.435783 0.440748 0.023238 0.360174 6.250466 0.001933
4.762000 1.166884 -1.063141 1.225309 30.270136 0.464888 0.030999 0.297173 6.207108 -0.001257
4.879001 1.153309 -1.016410 1.364995 30.986900 0.486472 0.062065 0.215867 6.159955 -0.003397
5.013001 1.125051 -0.914228 1.464357 31.809603 0.509100 0.121033 0.108867 6.129361 -0.002586
5.129002 1.109270 -0.764092 1.576491 32.524364 0.528724 0.184398 0.017690 6.092274 -0.002072
5.263002 1.087976 -0.556967 1.637780 33.331367 0.551491 0.261407 -0.072631 6.051260 -0.002102
5.380003 1.066031 -0.382554 1.649200 34.037457 0.571899 0.323913 -0.143663 6.032789 -0.004046
5.513003 1.033732 -0.209289 1.587772 34.838238 0.593999 0.378889 -0.220108 6.020150 -0.005081
5.630004 0.992168 -0.081279 1.508679 35.542824 0.613626 0.408574 -0.281062 6.025860 -0.007907
5.763004 0.928762 0.022777 1.427548 36.350666 0.636515 0.419763 -0.331354 6.034758 -0.009617
5.880005 0.864665 0.057893 1.318967 37.051197 0.657830 0.410012 -0.349656 6.049155 -0.009761
6.013005 0.785507 0.044081 1.138786 37.862801 0.682691 0.376521 -0.342256 6.067896 -0.010221
6.130006 0.716367 -0.014196 0.970944 38.567593 0.703684 0.331188 -0.317999 6.083923 -0.009949
6.264007 0.637698 -0.118644 0.776361 39.383114 0.729509 0.264711 -0.277031 6.090001 -0.010397
6.380007 0.576878 -0.232473 0.616581 40.094589 0.753231 0.201692 -0.235142 6.082223 -0.008322
6.514008 0.516290 -0.372466 0.409414 40.902958 0.779797 0.132201 -0.187471 6.076739 -0.009106
6.631008 0.453352 -0.496524 0.149007 41.612991 0.803059 0.079402 -0.149685 6.064389 -0.009126
6.764009 0.386153 -0.612187 -0.150952 42.418205 0.829845 0.034883 -0.109304 6.051903 -0.009717
6.881009 0.325130 -0.673014 -0.377436 43.125366 0.854678 0.013550 -0.070654 6.043730 -0.009009
7.014009 0.264176 -0.707886 -0.614748 43.927429 0.881537 0.011118 -0.022192 6.025390 -0.008154
7.131010 0.216574 -0.713101 -0.796321 44.630791 0.902199 0.028504 0.019144 6.005505 -0.007273
7.264010 0.149447 -0.658260 -1.022998 45.433933 0.925681 0.065318 0.058947 5.988068 -0.008737
7.381011 0.090679 -0.559192 -1.209805 46.126774 0.945930 0.107950 0.087797 5.968994 -0.009263
7.514011 0.027492 -0.403490 -1.390246 46.924324 0.970239 0.162244 0.117402 5.944295 -0.006736
7.631012 -0.012800 -0.261246 -1.442824 47.617699 0.991980 0.207141 0.138986 5.921491 -0.005642
7.765013 -0.066560 -0.099916 -1.438364 48.403740 1.018190 0.249309 0.155920 5.910126 -0.007009
7.881013 -0.110303 0.028013 -1.398389 49.094738 1.041371 0.275522 0.168104 5.910971 -0.006294
8.015014 -0.175084 0.144569 -1.322008 49.880562 1.066800 0.288289 0.190060 5.912908 -0.009890
8.132014 -0.238775 0.228095 -1.241131 50.572784 1.089613 0.284033 0.220551 5.919655 -0.010417
8.265015 -0.314155 0.285577 -1.137782 51.359901 1.115241 0.263510 0.257433 5.920627 -0.009525
8.382015 -0.379453 0.284992 -0.989416 52.052788 1.136879 0.233057 0.276256 5.928790 -0.009635
8.515016 -0.433685 0.222525 -0.825373 52.846500 1.160593 0.187908 0.269306 5.927668 -0.006146
8.632016 -0.482467 0.126278 -0.656350 53.533859 1.181069 0.144135 0.239085 5.929621 -0.007031
8.766017 -0.525063 -0.005044 -0.447734 54.328094 1.205435 0.092039 0.184451 5.927742 -0.004984
8.882017 -0.554015 -0.132761 -0.291230 55.021420 1.224959 0.051029 0.129212 5.925588 -0.003100
9.016018 -0.571948 -0.260911 -0.113399 55.808071 1.244643 0.013312 0.070672 5.912102 -0.002255
9.132018 -0.584456 -0.341601 0.058188 56.499493 1.260594 -0.007159 0.028181 5.905004 -0.001131
9.266019 -0.586813 -0.382603 0.253205 57.283192 1.277027 -0.011872 -0.010929 5.884084 -0.001409
9.383019 -0.589097 -0.369306 0.317488 57.970100 1.290989 -0.000654 -0.044407 5.858628 0.000249
9.516020 -0.590566 -0.319336 0.383383 58.746590 1.307079 0.025879 -0.082160 5.824661 -0.001185
9.633020 -0.598074 -0.257632 0.439986 59.426952 1.320871 0.057275 -0.106861 5.805943 -0.000836
9.767021 -0.608302 -0.178129 0.548734 60.202286 1.337399 0.099674 -0.114466 5.770520 -0.002254
9.883021 -0.626208 -0.113030 0.601020 60.870022 1.351094 0.137812 -0.104908 5.749847 -0.002467
10.016022 -0.645969 -0.054526 0.725261 61.639713 1.367807 0.176085 -0.091828 5.745387 -0.002935
10.134023 -0.655157 -0.027138 0.877503 62.311821 1.382423 0.198996 -0.093004 5.746826 -0.001237
10.251023 -0.668545 0.004901 0.978296 62.984478 1.395711 0.210953 -0.110930 5.751710 -0.002512
10.385024 -0.690194 0.023667 1.041756 63.755383 1.408539 0.210837 -0.146887 5.757914 -0.003245
10.501024 -0.706007 0.030472 1.044510 64.429451 1.418938 0.198458 -0.183694 5.763428 -0.002793
10.634025 -0.717948 0.031457 0.994642 65.196999 1.429788 0.172735 -0.225770 5.779890 -0.000391
10.752026 -0.710912 0.034533 0.920652 65.775368 1.437150 0.147935 -0.253207 5.786501 0.002453
10.885025 -0.680478 0.074393 0.792791 66.649986 1.447891 0.105511 -0.280700 5.798635 0.004464
11.002024 -0.658305 0.126667 0.642972 67.327736 1.454392 0.075128 -0.281477 5.791079 0.001811
11.135024 -0.652029 0.197145 0.391188 68.091957 1.461125 0.046900 -0.252657 5.785080 0.000961
11.252025 -0.648615 0.275814 0.133527 68.768532 1.465753 0.028743 -0.200889 5.782839 0.000331
11.385025 -0.645036 0.374201 -0.169524 69.537025 1.470897 0.019443 -0.118329 5.775363 0.001409
11.502026 -0.642423 0.482691 -0.409674 70.211975 1.475049 0.021023 -0.040704 5.761495 0.000268
11.635026 -0.636468 0.598681 -0.596628 70.982986 1.478872 0.030778 0.040485 5.746492 0.001708
11.752027 -0.624298 0.696398 -0.672976 71.649208 1.481646 0.047076 0.096492 5.741437 0.002548
11.885027 -0.604359 0.813736 -0.735952 72.418488 1.485054 0.072603 0.145410 5.742465 0.001471
12.002028 -0.586115 0.890798 -0.773971 73.090088 1.488003 0.097005 0.173826 5.743541 0.003701
12.136028 -0.575283 0.961226 -0.775855 73.853889 1.490476 0.125370 0.191025 5.746235 0.000435
12.252028 -0.588294 0.983933 -0.779581 74.526260 1.490896 0.147173 0.193519 5.751757 -0.002639
12.386029 -0.608555 0.988362 -0.754963 75.293022 1.490800 0.164520 0.185682 5.770202 -0.003874
12.503030 -0.641235 0.966610 -0.721743 75.969826 1.489949 0.172338 0.175172 5.793594 -0.005083
12.636030 -0.680816 0.950764 -0.700149 76.742393 1.487706 0.173076 0.167823 5.819601 -0.005402
12.753031 -0.706942 0.919590 -0.718540 77.424744 1.485143 0.166500 0.168424 5.841108 -0.003037
12.886031 -0.736827 0.860467 -0.712729 78.209091 1.482122 0.150126 0.177876 5.860994 -0.004165
13.003032 -0.764274 0.793941 -0.680347 78.890564 1.478367 0.131688 0.188550 5.886745 -0.004356
13.136032 -0.798124 0.738363 -0.561483 79.681488 1.474959 0.108852 0.196718 5.909254 -0.004140
13.253033 -0.821391 0.698609 -0.391125 80.374237 1.470361 0.091308 0.194505 5.927366 -0.003046
13.387033 -0.835972 0.697762 -0.152956 81.164101 1.464479 0.077344 0.178261 5.944613 -0.001458
13.504034 -0.846378 0.727607 0.139569 81.860062 1.460089 0.069672 0.150841 5.947827 -0.001645
13.637034 -0.849730 0.782107 0.408406 82.651344 1.452165 0.068744 0.103742 5.952534 -0.000698
13.754035 -0.846298 0.842293 0.653108 83.348030 1.442011 0.074267 0.049217 5.957978 0.001001
13.887035 -0.842476 0.938060 0.982723 84.139816 1.429117 0.086694 -0.017508 5.952987 -0.000701
14.004036 -0.826946 1.051943 1.242039 84.836159 1.418064 0.100445 -0.069671 5.948507 0.001999
14.137036 -0.802170 1.190729 1.449098 85.625870 1.404905 0.117622 -0.114158 5.932748 0.004160
14.254037 -0.784941 1.281675 1.569653 86.319702 1.392783 0.132312 -0.145733 5.932569 0.001798
14.387037 -0.759753 1.351019 1.694720 87.114410 1.377816 0.146703 -0.182520 5.933026 0.002829
14.504038 -0.734714 1.382294 1.784541 87.809288 1.365207 0.156390 -0.216812 5.944946 0.002978
14.638039 -0.700504 1.389843 1.822848 88.600677 1.352712 0.162334 -0.247288 5.955609 0.004403
14.754039 -0.669484 1.359080 1.838173 89.298561 1.342371 0.162263 -0.255545 5.972550 0.005026
14.888040 -0.638827 1.301353 1.851989 90.094566 1.329484 0.156866 -0.240673 5.996706 0.003633
15.004040 -0.611632 1.227283 1.795585 90.797356 1.318348 0.149392 -0.212759 6.013162 0.004155
15.138041 -0.574804 1.122604 1.698686 91.599289 1.305934 0.138865 -0.176726 6.040331 0.005580
15.255041 -0.549119 1.017463 1.622166 92.307716 1.295198 0.129793 -0.150897 6.066006 0.003705
15.388041 -0.525081 0.898992 1.528775 93.120941 1.282386 0.122497 -0.134487 6.070579 0.004622
15.505042 -0.493339 0.821220 1.432090 93.825401 1.271633 0.118895 -0.130552 6.079860 0.005923
15.638042 -0.452429 0.750157 1.317740 94.640305 1.259739 0.117483 -0.125499 6.083241 0.006323
15.755043 -0.409511 0.682458 1.230990 95.345360 1.249998 0.119847 -0.106063 6.077474 0.007060
15.889044 -0.362255 0.621066 1.111838 96.158997 1.237906 0.127707 -0.053464 6.067580 0.005300
16.005045 -0.329986 0.589785 1.007507 96.868332 1.226603 0.137035 0.018555 6.059051 0.004584
16.139048 -0.300505 0.552752 0.862671 97.672493 1.215053 0.148477 0.116456 6.040403 0.003530
16.256050 -0.284316 0.543659 0.718261 98.378609 1.205109 0.159379 0.206088 6.033706 0.003007
16.389053 -0.257638 0.525050 0.545459 99.180336 1.191046 0.171674 0.298774 6.032724 0.005729
16.506056 -0.225974 0.504507 0.380362 99.885712 1.179088 0.182281 0.364063 6.030752 0.004793
16.639059 -0.204214 0.485421 0.223548 100.687561 1.167367 0.192936 0.405724 6.029699 0.002354
16.756062 -0.193948 0.449256 0.123809 101.392715 1.157246 0.200168 0.405893 6.026905 0.001582
16.889063 -0.177787 0.395150 -0.001539 102.201088 1.145633 0.205136 0.364930 6.037208 0.003794
17.007065 -0.142856 0.351310 -0.113653 102.907692 1.136432 0.206597 0.304929 6.043395 0.005853
17.139067 -0.095162 0.299425 -0.214980 103.718506 1.126748 0.208066 0.224813 6.058394 0.007216
17.256069 -0.042976 0.252094 -0.241954 104.421310 1.118516 0.209099 0.151891 6.061247 0.008318
17.390072 0.025464 0.178359 -0.221294 105.227676 1.108120 0.208819 0.059736 6.068043 0.009461
17.506075 0.094184 0.103319 -0.205993 105.937851 1.098599 0.208207 -0.034347 6.072699 0.010874
17.640078 0.183850 0.044363 -0.194532 106.746277 1.088194 0.207068 -0.153412 6.083141 0.012869
17.757080 0.271224 0.005823 -0.114808 107.458115 1.078831 0.206082 -0.259231 6.083924 0.012464
17.890083 0.374398 -0.048959 0.044678 108.267540 1.069894 0.204609 -0.363817 6.087567 0.013748
18.007086 0.475543 -0.105458 0.137279 108.980186 1.063321 0.204258 -0.430175 6.094995 0.015867
18.140089 0.587046 -0.149808 0.311100 109.798447 1.057516 0.204182 -0.468055 6.116341 0.013721
18.257092 0.671968 -0.177593 0.517019 110.508522 1.052845 0.205262 -0.466444 6.126911 0.012289
18.390095 0.755545 -0.183624 0.763533 111.331223 1.049072 0.209420 -0.429986 6.144741 0.010997
18.507097 0.836458 -0.157717 0.916044 112.050423 1.045202 0.215455 -0.375609 6.149365 0.012539
18.641100 0.945410 -0.109058 1.069360 112.868462 1.040290 0.224491 -0.297665 6.152023 0.014822
18.757103 1.037418 -0.061006 1.196102 113.588432 1.035291 0.233078 -0.218311 6.154029 0.012941
18.891106 1.150689 0.003350 1.312263 114.406464 1.029189 0.242702 -0.114835 6.153185 0.015143
19.008108 1.253369 0.066500 1.425538 115.126274 1.024215 0.250291 -0.010925 6.152562 0.015115
19.141111 1.369148 0.110714 1.501916 115.944290 1.019853 0.256053 0.114108 6.150516 0.014906
19.258114 1.480151 0.134692 1.539449 116.664536 1.015796 0.258617 0.218203 6.158886 0.018002
19.391117 1.611583 0.138683 1.537752 117.489624 1.010983 0.259669 0.312591 6.163760 0.015894
19.508120 1.719970 0.109857 1.491488 118.204796 1.007936 0.257852 0.366056 6.165649 0.016589
19.641123 1.851295 0.035934 1.449403 119.031586 1.006786 0.253397 0.398279 6.170439 0.017471
19.758125 1.976249 -0.051319 1.430780 119.754745 1.007181 0.247840 0.410122 6.184842 0.019395
19.892128 2.123012 -0.169725 1.405741 120.577499 1.009397 0.240882 0.412505 6.191310 0.018969
20.008131 2.243419 -0.296239 1.315627 121.301483 1.012888 0.235369 0.403193 6.187719 0.017150
20.142134 2.372505 -0.454497 1.151037 122.124527 1.017609 0.229969 0.373218 6.187054 0.017757
20.259136 2.487678 -0.599512 1.006622 122.848480 1.022070 0.226106 0.328033 6.191114 0.017993
20.392139 2.629221 -0.755204 0.865927 123.671349 1.028266 0.222426 0.261177 6.183122 0.018634
20.509142 2.756801 -0.859040 0.794442 124.394348 1.035618 0.220839 0.196125 6.173199 0.018898
20.626144 2.885051 -0.944645 0.693738 125.115982 1.043148 0.223653 0.131306 6.166075 0.018697
20.759148 3.038207 -1.001643 0.532449 125.935455 1.051597 0.230543 0.057371 6.153870 0.019960
20.876150 3.170130 -1.025181 0.405303 126.654602 1.059070 0.238840 -0.006165 6.141874 0.018745
21.009153 3.318846 -1.068781 0.273345 127.476158 1.070756 0.251489 -0.078206 6.130859 0.019543
21.126156 3.455615 -1.108212 0.191248 128.192459 1.083311 0.263163 -0.138161 6.117210 0.020297
21.260159 3.609874 -1.158327 0.152324 129.004898 1.098501 0.276325 -0.202842 6.109991 0.020434
21.376162 3.739768 -1.194125 0.124279 129.713715 1.111707 0.284473 -0.250604 6.115902 0.018764
21.510164 3.873058 -1.238907 0.177764 130.533081 1.127899 0.290445 -0.289180 6.117447 0.016416
21.626167 3.978409 -1.268459 0.245769 131.249237 1.142721 0.292482 -0.307873 6.122081 0.015438
21.760170 4.096749 -1.284251 0.253697 132.063797 1.160456 0.290974 -0.327738 6.129981 0.016293
21.877172 4.211142 -1.285511 0.250804 132.781158 1.177016 0.285434 -0.357986 6.132026 0.016820
22.010176 4.335772 -1.278919 0.209121 133.596100 1.197411 0.277187 -0.408631 6.124764 0.015449
22.127178 4.435250 -1.257620 0.184425 134.312256 1.216836 0.268784 -0.444153 6.125324 0.014284
22.260181 4.538245 -1.234037 0.130157 135.132706 1.237960 0.257058 -0.443698 6.121404 0.013493
22.377184 4.633545 -1.216174 0.094586 135.842896 1.256496 0.247269 -0.397998 6.125146 0.014873
22.510187 4.766365 -1.181994 0.139947 136.662964 1.279091 0.236485 -0.308920 6.116712 0.017895
22.627190 4.883956 -1.133572 0.262607 137.371567 1.299922 0.230615 -0.223808 6.107760 0.018520
22.760193 5.019357 -1.066640 0.395365 138.189545 1.323079 0.226897 -0.127768 6.104325 0.016613
22.877195 5.130655 -0.998813 0.501399 138.903397 1.343145 0.225077 -0.047282 6.101137 0.016957
23.011198 5.266696 -0.925144 0.650575 139.713150 1.367503 0.226620 0.044002 6.086467 0.018790
23.128201 5.394507 -0.868844 0.806872 140.424072 1.390647 0.228985 0.119126 6.077560 0.019261
23.261204 5.539640 -0.829736 0.951994 141.231247 1.417783 0.230651 0.197167 6.068357 0.019294
23.378206 5.669145 -0.802524 1.094385 141.940887 1.441955 0.229876 0.260823 6.066406 0.020352
23.511209 5.821240 -0.792861 1.287150 142.753723 1.469111 0.229575 0.336567 6.066588 0.019495
23.628212 5.954342 -0.797072 1.465987 143.456726 1.495094 0.231176 0.404062 6.060799 0.020377
23.761215 6.110046 -0.809297 1.686393 144.262070 1.527038 0.230936 0.477334 6.059913 0.020046
23.878216 6.235494 -0.827101 1.870807 144.988510 1.556682 0.227980 0.524982 6.061284 0.017606
24.012217 6.371774 -0.823086 2.053679 145.788361 1.590704 0.225177 0.544003 6.067481 0.019076
24.128220 6.492842 -0.812429 2.179923 146.491409 1.622326 0.220969 0.528607 6.069858 0.016993
24.262222 6.620922 -0.793253 2.275726 147.297012 1.659685 0.213943 0.480300 6.054443 0.016194
24.378225 6.732154 -0.763200 2.336004 148.004608 1.692608 0.206501 0.419516 6.051752 0.016475
24.512228 6.857485 -0.714912 2.386352 148.807541 1.731874 0.198517 0.334807 6.037686 0.016425
24.629230 6.963604 -0.642247 2.426805 149.511734 1.768882 0.191153 0.242776 6.018050 0.015433
24.762234 7.078722 -0.546005 2.386229 150.309235 1.812517 0.183134 0.114044 5.993492 0.015030
24.879236 7.183043 -0.478850 2.282035 151.008331 1.853353 0.177671 -0.014574 5.978283 0.017129
25.012239 7.314280 -0.417613 2.117967 151.807098 1.902984 0.171601 -0.156641 5.964177 0.016361
25.129242 7.412845 -0.376348 2.021350 152.502625 1.948874 0.167537 -0.260147 5.952686 0.014491
25.262245 7.519519 -0.325849 1.888664 153.290924 2.003810 0.165309 -0.349336 5.933811 0.013375
25.379248 7.611583 -0.287740 1.781546 153.976257 2.053015 0.165185 -0.411357 5.917610 0.013392
25.513250 7.725225 -0.280708 1.658985 154.766327 2.110854 0.166043 -0.471970 5.905992 0.015219
25.629253 7.835900 -0.293616 1.605367 155.454620 2.163722 0.167146 -0.512164 5.892953 0.017764
25.763256 7.966440 -0.307496 1.511201 156.234970 2.224105 0.167838 -0.529851 5.878279 0.016823
25.880259 8.095250 -0.339201 1.456235 156.919510 2.279300 0.168339 -0.513191 5.863983 0.021491
26.013262 8.247602 -0.379295 1.427094 157.695618 2.344966 0.167699 -0.462869 5.851915 0.019792
26.130264 8.369720 -0.408580 1.354517 158.378036 2.403591 0.166382 -0.404411 5.854351 0.018059
26.263268 8.509721 -0.446998 1.227301 159.159241 2.472818 0.166278 -0.333730 5.851573 0.019405
26.380270 8.646117 -0.478233 1.179606 159.841461 2.535469 0.164783 -0.268049 5.858726 0.020812
26.513273 8.807807 -0.515299 1.147612 160.616104 2.610278 0.162393 -0.180392 5.846545 0.020873
26.630276 8.932638 -0.559068 1.057065 161.296204 2.677487 0.159751 -0.087268 5.837567 0.018391
26.764278 9.080028 -0.608889 0.943353 162.068436 2.753435 0.156568 0.031012 5.831545 0.019952
26.880281 9.218181 -0.648579 0.833751 162.746857 2.820701 0.153178 0.136454 5.827069 0.022155
27.014284 9.394617 -0.672203 0.715716 163.523468 2.899394 0.150146 0.249220 5.823871 0.023094
27.131287 9.546189 -0.668210 0.654754 164.194977 2.968211 0.148451 0.338587 5.815156 0.022597
27.264290 9.714812 -0.634595 0.572378 164.963531 3.048611 0.146670 0.428966 5.805460 0.022412
27.381292 9.868334 -0.571816 0.523344 165.638763 3.120312 0.144109 0.491299 5.800632 0.023719
27.514296 10.051814 -0.477249 0.470504 166.404846 3.202624 0.141829 0.526920 5.786431 0.023546
27.632298 10.217834 -0.409843 0.426799 167.083557 3.276048 0.140004 0.515624 5.782278 0.026311
27.765301 10.419884 -0.319808 0.409068 167.853195 3.361970 0.137349 0.451975 5.776488 0.026408
27.882303 10.590657 -0.199893 0.370584 168.519363 3.436217 0.135261 0.363631 5.780217 0.025010
28.016306 10.773481 -0.043495 0.224990 169.288422 3.522732 0.131942 0.247500 5.773144 0.023267
28.132309 10.940156 0.106527 0.141789 169.958542 3.600573 0.129179 0.151444 5.760881 0.024588
28.266312 11.130970 0.268236 0.059211 170.718643 3.689691 0.126948 0.058212 5.749361 0.024326
28.383314 11.308688 0.401404 0.037450 171.386078 3.769922 0.124915 -0.014149 5.744971 0.028516
28.516317 11.534128 0.526011 0.060397 172.144028 3.863523 0.123035 -0.093146 5.738964 0.029868
28.633320 11.729726 0.610842 0.139977 172.810501 3.948108 0.120603 -0.160289 5.741758 0.028771
28.766323 11.952582 0.685099 0.276143 173.573471 4.047626 0.118483 -0.224656 5.743279 0.029471
28.883326 12.145052 0.708478 0.417682 174.234344 4.135440 0.115464 -0.262724 5.746628 0.028828
29.016329 12.384293 0.699963 0.617547 174.997971 4.239244 0.111592 -0.284601 5.751122 0.032198
29.133331 12.607391 0.672285 0.761142 175.659164 4.329833 0.106432 -0.287862 5.754449 0.035090
29.267334 12.895957 0.628908 0.948283 176.424347 4.438377 0.101119 -0.278485 5.774667 0.038577
29.383337 13.159300 0.581022 1.129292 177.093292 4.535304 0.097614 -0.261655 5.780664 0.039230
29.517340 13.462778 0.532243 1.387025 177.854736 4.647358 0.094134 -0.236003 5.791513 0.040026
29.634342 13.734741 0.502444 1.597396 178.525665 4.747272 0.091939 -0.210048 5.800826 0.040045
29.751345 13.996998 0.490650 1.815573 179.196686 4.848467 0.090838 -0.180355 5.796689 0.038378
29.884348 14.288625 0.474746 2.071317 179.958130 4.966173 0.090229 -0.138919 5.791060 0.040023
30.017351 14.613058 0.478160 2.304334 180.717850 5.086709 0.091722 -0.087183 5.780112 0.043379
30.134354 14.914922 0.500497 2.453792 181.385605 5.192145 0.094965 -0.036997 5.780369 0.045735
30.251356 15.232949 0.542115 2.595007 182.052658 5.299365 0.098822 0.009109 5.767293 0.048170
30.384359 15.602939 0.587066 2.812999 182.808975 5.424636 0.103806 0.049545 5.759605 0.047296
30.501362 15.932332 0.618125 3.006154 183.473282 5.538549 0.108073 0.073023 5.761536 0.049442
30.634365 16.312302 0.648158 3.165278 184.232803 5.673015 0.109380 0.097488 5.755710 0.049026
30.751368 16.639130 0.681174 3.262085 184.889679 5.791336 0.107415 0.127938 5.749843 0.049030
30.884371 17.017302 0.700032 3.325056 185.647491 5.930817 0.101620 0.181903 5.750288 0.049631
31.001373 17.352999 0.721139 3.347755 186.303558 6.052474 0.095556 0.233999 5.751073 0.050340
31.135376 17.738579 0.746067 3.370179 187.060089 6.196239 0.088986 0.275021 5.746357 0.050039
31.251379 18.068918 0.781947 3.391525 187.719208 6.325469 0.083701 0.275100 5.740027 0.048830
31.385382 18.452326 0.832271 3.411395 188.467453 6.474886 0.078986 0.234262 5.732225 0.051841
31.502384 18.807861 0.881195 3.502950 189.123535 6.609300 0.075915 0.181242 5.721889 0.052681
31.635387 19.214552 0.938863 3.619740 189.868347 6.763868 0.074060 0.126491 5.716666 0.054030
31.752390 19.584837 1.002709 3.709133 190.522980 6.901449 0.075248 0.091983 5.717849 0.056798
31.885393 20.030859 1.070890 3.801878 191.266479 7.060284 0.077573 0.057817 5.711043 0.058888
32.002396 20.418507 1.135414 3.846302 191.919006 7.202577 0.080982 0.018167 5.703782 0.056766
32.136383 20.855446 1.211404 3.838037 192.664597 7.368741 0.084579 -0.050071 5.699765 0.057527
32.252373 21.239080 1.282124 3.829589 193.313889 7.516790 0.086820 -0.125982 5.687454 0.056546
32.386360 21.669632 1.356641 3.869023 194.049896 7.690497 0.089367 -0.218546 5.687409 0.056024
32.502350 22.048740 1.412851 3.914513 194.696854 7.846452 0.091670 -0.285025 5.690089 0.057349
32.636337 22.487900 1.477077 3.985821 195.432220 8.025842 0.093722 -0.322643 5.691360 0.057981
32.753326 22.881809 1.539146 4.119916 196.077927 8.188128 0.095489 -0.308322 5.690617 0.058347
32.886314 23.340181 1.609354 4.271376 196.810791 8.376957 0.098077 -0.239705 5.695113 0.059545
33.003304 23.749121 1.673785 4.345895 197.455643 8.546701 0.098663 -0.152086 5.701866 0.060970
33.136292 24.235889 1.734341 4.420612 198.194794 8.744825 0.097994 -0.046625 5.711190 0.064660
33.253281 24.661722 1.783858 4.488894 198.833649 8.919992 0.096481 0.026755 5.706965 0.063900
33.386269 25.147028 1.839917 4.590274 199.569870 9.126902 0.092753 0.083033 5.706745 0.062151
33.503258 25.567783 1.897376 4.706748 200.212891 9.310545 0.089320 0.108974 5.720227 0.062397
33.637245 26.063515 1.977719 4.889939 200.943405 9.522322 0.084888 0.118512 5.718941 0.066548
33.753235 26.517229 2.061095 5.075355 201.584869 9.713711 0.081594 0.113441 5.723985 0.067770
33.889225 27.050566 2.161184 5.210290 202.325043 9.937519 0.079585 0.094607 5.730576 0.069336
34.009220 27.539070 2.263459 5.362471 202.980957 10.140050 0.079307 0.071584 5.710533 0.070192
34.138210 28.064835 2.372262 5.501101 203.682251 10.362157 0.080588 0.050575 5.700069 0.070171
34.254200 28.544353 2.452860 5.568802 204.310516 10.562716 0.082559 0.045068 5.678104 0.071171
34.387188 29.086271 2.551626 5.655028 205.027328 10.797508 0.085642 0.059700 5.667431 0.070278
34.504177 29.568819 2.638034 5.791099 205.660873 11.010523 0.089038 0.087966 5.661420 0.070542
34.637165 30.110701 2.736518 5.949395 206.372360 11.254044 0.094043 0.123834 5.652962 0.070551
34.754154 30.588739 2.810828 6.043006 206.990295 11.469827 0.098123 0.148603 5.635022 0.070084
34.887142 31.128065 2.868699 6.161706 207.700989 11.723252 0.101888 0.165970 5.632847 0.069238
35.004131 31.589735 2.902038 6.278615 208.315430 11.945652 0.105400 0.171959 5.635372 0.068354
35.138119 32.128933 2.932686 6.477922 209.023575 12.206309 0.110650 0.166949 5.630980 0.069894
35.254108 32.600956 2.940244 6.612847 209.640274 12.436908 0.115552 0.145463 5.625372 0.069097
35.388096 33.139320 2.947082 6.751423 210.341049 12.701598 0.120251 0.094150 5.639294 0.071204
35.505085 33.622036 2.979787 6.880383 210.957886 12.936426 0.123717 0.026891 5.639889 0.071745
35.638073 34.176151 3.037538 6.996420 211.663269 13.208394 0.128915 -0.060318 5.644465 0.070234
35.755062 34.656624 3.096278 7.129381 212.272583 13.447111 0.132736 -0.131855 5.642667 0.071228
35.888050 35.223354 3.146691 7.411975 212.968765 13.724238 0.138276 -0.199981 5.630370 0.074111
36.005039 35.721405 3.201634 7.693553 213.578827 13.970908 0.143411 -0.249173 5.620451 0.072260
36.138027 36.290222 3.252721 7.961915 214.276657 14.255166 0.148875 -0.294662 5.625575 0.071947
36.255016 36.800945 3.293178 8.241631 214.880783 14.503394 0.153726 -0.321809 5.630683 0.075764
36.388008 37.380749 3.335298 8.564623 215.577576 14.792445 0.158744 -0.334235 5.627952 0.071239
36.504997 37.869644 3.400782 8.857026 216.178391 15.043682 0.162350 -0.329357 5.608744 0.071505
36.638985 38.442135 3.477342 9.277436 216.868744 15.337308 0.167444 -0.311423 5.593984 0.073175
36.754974 38.957664 3.549863 9.662986 217.469620 15.595654 0.173941 -0.288452 5.588523 0.073763
36.889961 39.552792 3.656589 10.037408 218.158188 15.892973 0.183355 -0.249296 5.597965 0.074017
37.006954 40.053406 3.781937 10.271564 218.757874 16.153400 0.192799 -0.195194 5.580614 0.072041
37.138943 40.608986 3.932729 10.616257 219.430435 16.450130 0.204357 -0.109829 5.562911 0.068746
37.256939 41.098156 4.077091 10.970653 220.024658 16.715305 0.216626 -0.020263 5.554969 0.070628
37.390930 41.672852 4.255540 11.364377 220.709213 17.020996 0.231562 0.083539 5.544546 0.069730
37.505920 42.158390 4.417398 11.704087 221.290161 17.282003 0.244375 0.166521 5.530926 0.069636
37.638908 42.737591 4.575716 12.134418 221.963531 17.586609 0.256509 0.259247 5.507748 0.071742
37.755898 43.241447 4.686831 12.545557 222.544266 17.850554 0.264892 0.339603 5.491783 0.070500
37.888885 43.806576 4.774388 12.868640 223.214233 18.155863 0.272142 0.425127 5.495579 0.070481
38.005878 44.305290 4.809199 13.120984 223.797836 18.423613 0.277343 0.477730 5.482092 0.071562
38.139866 44.876354 4.816368 13.361810 224.460220 18.726137 0.281701 0.496948 5.467614 0.073518
38.255856 45.385571 4.776559 13.583583 225.039886 18.993546 0.285130 0.477664 5.445827 0.073296
38.389843 45.975365 4.674299 13.854446 225.700562 19.302319 0.288880 0.427245 5.438194 0.075130
38.506832 46.497311 4.548868 14.089916 226.269150 19.571787 0.293458 0.371000 5.417018 0.075862
38.639820 47.081772 4.383525 14.384232 226.917526 19.882383 0.301967 0.299031 5.396659 0.074141
38.756809 47.603756 4.214427 14.677727 227.489746 20.159704 0.312681 0.228668 5.385584 0.074796
38.890800 48.180599 4.011193 15.055665 228.132309 20.473778 0.327412 0.144400 5.370316 0.072721
39.006790 48.686672 3.815881 15.369237 228.691467 20.747461 0.342306 0.069159 5.363346 0.072199
39.140778 49.255100 3.604508 15.652396 229.334747 21.063398 0.362152 -0.018220 5.335672 0.070425
39.256767 49.727314 3.428324 15.855141 229.893021 21.339966 0.379132 -0.094748 5.313139 0.067232
39.390755 50.246952 3.236212 16.104610 230.522888 21.655611 0.399733 -0.179864 5.291484 0.065793
39.508747 50.679806 3.074910 16.257612 231.079941 21.936823 0.419165 -0.248889 5.285010 0.059695
39.625740 51.086456 2.947970 16.364408 231.624588 22.214775 0.435794 -0.304250 5.257127 0.059627
39.758728 51.539127 2.828379 16.448364 232.248566 22.538427 0.451809 -0.350619 5.241855 0.057725
39.890717 51.963120 2.734648 16.466169 232.863251 22.861326 0.464178 -0.378224 5.198779 0.053938
40.008705 52.312603 2.656805 16.477766 233.397598 23.148958 0.473150 -0.392546 5.180823 0.049888
40.140694 52.689102 2.597142 16.436920 234.000351 23.479277 0.483761 -0.400792 5.158389 0.049241
40.257683 52.995861 2.557983 16.337570 234.520966 23.770720 0.493776 -0.400197 5.131059 0.045395
40.391670 53.316700 2.522629 16.195211 235.116165 24.111620 0.503061 -0.388680 5.113596 0.040767
40.508659 53.572308 2.481042 15.989287 235.631119 24.413334 0.509586 -0.365652 5.097368 0.038476
40.641647 53.831787 2.413430 15.741303 236.211746 24.761261 0.517796 -0.323410 5.080600 0.033494
40.757637 54.032837 2.357321 15.466733 236.719543 25.071146 0.526263 -0.271802 5.083553 0.031486
40.891624 54.245625 2.301270 15.016593 237.293274 25.428150 0.536328 -0.202189 5.083131 0.029089
41.008614 54.419918 2.241719 14.563326 237.794022 25.747400 0.543771 -0.139475 5.072669 0.028005
41.141602 54.609486 2.130398 14.017764 238.358276 26.116777 0.550932 -0.078020 5.070580 0.026108
41.258591 54.757229 1.995071 13.497979 238.851471 26.447165 0.556101 -0.036813 5.077526 0.023077
41.375580 54.881180 1.818781 12.936208 239.342484 26.783203 0.558742 -0.003516 5.096786 0.019989
41.508568 54.982510 1.581943 12.182707 239.898712 27.173462 0.561682 0.041974 5.116148 0.013362
41.625557 55.034550 1.353683 11.457499 240.386749 27.523306 0.563932 0.102278 5.140530 0.009038
41.758545 55.077610 1.064513 10.600673 240.942474 27.931782 0.563764 0.203184 5.148550 0.006829
41.875534 55.093052 0.801273 9.765834 241.420181 28.292545 0.561188 0.306118 5.167298 0.003002
42.008522 55.088852 0.472443 8.717790 241.969345 28.717661 0.556227 0.423541 5.195313 -0.000775
42.125511 55.062912 0.178675 7.770830 242.442749 29.093180 0.548729 0.505578 5.212535 -0.005151
42.259499 54.997158 -0.165805 6.597071 242.985535 29.535852 0.536069 0.570770 5.237386 -0.010465
42.375488 54.909538 -0.472006 5.532687 243.455719 29.931269 0.521309 0.598330 5.262150 -0.015252
42.509476 54.776691 -0.799013 4.271505 243.989380 30.394924 0.501049 0.590877 5.287897 -0.022212
42.626465 54.638977 -1.072089 3.195787 244.446396 30.806658 0.480838 0.545819 5.310730 -0.023386
42.759453 54.466919 -1.336427 1.944780 244.968903 31.293455 0.456447 0.446970 5.343444 -0.025202
42.876442 54.307991 -1.540813 0.851328 245.417175 31.724274 0.432642 0.332899 5.372506 -0.029241
43.009430 54.115730 -1.742843 -0.412379 245.928528 32.234570 0.402862 0.187102 5.407279 -0.031243
43.126419 53.934883 -1.894266 -1.516572 246.365494 32.687099 0.374353 0.066369 5.430599 -0.033106
43.259407 53.706421 -2.045996 -2.781466 246.863571 33.220821 0.342919 -0.059348 5.461490 -0.036318
43.376396 53.495502 -2.147567 -3.852744 247.289078 33.692631 0.317916 -0.150772 5.489035 -0.037730
43.510384 53.257458 -2.230441 -4.995987 247.774338 34.248924 0.289013 -0.235663 5.520497 -0.035891
43.626373 53.046597 -2.244304 -5.890144 248.193863 34.743076 0.265447 -0.289379 5.551296 -0.036302
43.760361 52.800762 -2.229630 -6.721109 248.664001 35.314987 0.240610 -0.332983 5.581246 -0.036063
43.876350 52.590405 -2.180047 -7.356642 249.072998 35.826385 0.219117 -0.362992 5.609212 -0.033978
44.010338 52.371048 -2.083316 -7.932995 249.533127 36.416985 0.193927 -0.394919 5.646949 -0.030672
44.127327 52.187443 -1.962212 -8.334886 249.933273 36.944283 0.172264 -0.419182 5.665450 -0.028049
44.260315 51.998573 -1.788984 -8.619211 250.382126 37.552143 0.148679 -0.436013 5.693613 -0.023671
44.377304 51.861237 -1.616272 -8.688390 250.773743 38.092018 0.125661 -0.434830 5.705033 -0.018919
44.510292 51.731838 -1.414740 -8.577879 251.218628 38.715988 0.098073 -0.412719 5.726270 -0.014610
44.627281 51.647240 -1.231940 -8.305804 251.599640 39.261864 0.073582 -0.377617 5.743002 -0.009602
44.761269 51.577343 -0.974860 -7.825910 252.036102 39.895733 0.047249 -0.319879 5.746181 -0.006963
44.877258 51.545506 -0.707316 -7.272723 252.415619 40.451656 0.026138 -0.256540 5.755718 -0.000920
45.011246 51.554779 -0.391425 -6.479533 252.844620 41.086216 0.002837 -0.174395 5.762146 0.004698
45.128239 51.593662 -0.108606 -5.660786 253.225037 41.650059 -0.016755 -0.097168 5.769639 0.007207
45.262226 51.669121 0.211785 -4.584494 253.653915 42.287689 -0.035765 -0.010156 5.782519 0.011641
45.379215 51.776463 0.483961 -3.569743 254.031937 42.850491 -0.048585 0.066023 5.805214 0.017144
45.512203 51.934547 0.785349 -2.343767 254.462982 43.492146 -0.059003 0.157008 5.817392 0.020467
45.629192 52.107861 1.036883 -1.206063 254.845947 44.056736 -0.064677 0.243917 5.840717 0.026321
45.762180 52.346073 1.317757 0.243186 255.287354 44.704971 -0.065159 0.344639 5.860268 0.027574
45.879169 52.564629 1.557366 1.551783 255.678162 45.270168 -0.059530 0.419495 5.888015 0.028647
46.013157 52.840996 1.815721 2.991915 256.130768 45.912003 -0.046069 0.470261 5.919453 0.031357
46.129147 53.120312 2.022315 4.185873 256.534760 46.477291 -0.028619 0.476444 5.954049 0.038661
46.263134 53.464233 2.263431 5.454666 257.003326 47.119194 -0.002115 0.442542 5.994203 0.039497
46.380123 53.786533 2.462981 6.539226 257.423035 47.684132 0.025287 0.387671 6.032326 0.042155
46.513111 54.163132 2.678803 7.650472 257.909882 48.326195 0.059619 0.311471 6.078577 0.042851
46.630100 54.493004 2.837061 8.541162 258.345642 48.891499 0.090420 0.240792 6.119138 0.042383
46.763088 54.863613 2.982731 9.447239 258.850800 49.534725 0.125828 0.160800 6.175276 0.043322
46.882080 55.173176 3.077543 10.081304 259.307007 50.100124 0.156901 0.090802 6.234943 0.039959
47.013069 55.500290 3.162166 10.682906 259.841522 50.748005 0.194540 0.010820 6.289117 0.035929
47.130058 55.756535 3.212395 11.109519 260.317200 51.313667 0.226259 -0.058402 6.339989 0.034507
47.263046 56.013130 3.271842 11.428374 260.871338 51.955784 0.262857 -0.132252 6.406084 0.029163
47.380035 56.205391 3.311737 11.566143 261.369720 52.519093 0.294344 -0.193519 6.445326 0.026369
47.514023 56.396442 3.343097 11.634047 261.946594 53.158302 0.329059 -0.259136 6.498701 0.022335
47.630013 56.530228 3.359899 11.590413 262.463928 53.719234 0.357595 -0.313786 6.543536 0.019712
47.764004 56.644829 3.389419 11.388403 263.062378 54.355274 0.385547 -0.364927 6.582954 0.013634
47.880993 56.708736 3.416804 11.140371 263.597626 54.912239 0.408049 -0.391177 6.614520 0.010246
48.013981 56.745842 3.457258 10.874090 264.212097 55.544788 0.431478 -0.391045 6.650138 0.004319
48.130970 56.726070 3.503694 10.597907 264.760437 56.099998 0.448630 -0.364499 6.679407 -0.004706
48.263958 56.652443 3.566981 10.333572 265.389099 56.729557 0.464191 -0.308657 6.695489 -0.008873
48.380947 56.559265 3.634033 10.165890 265.951782 57.286301 0.475995 -0.239521 6.715412 -0.013845
48.513935 56.407021 3.696852 10.002104 266.592651 57.911819 0.489644 -0.146462 6.745092 -0.021808
48.631924 56.223816 3.742168 9.872796 267.162476 58.457935 0.503431 -0.059396 6.751249 -0.028954
48.764912 55.981369 3.808561 9.794264 267.816010 59.076263 0.522133 0.034919 6.779053 -0.033863
48.880901 55.740795 3.868852 9.760618 268.396515 59.619179 0.540973 0.107646 6.798955 -0.036713
49.014889 55.459114 3.926955 9.724825 269.062958 60.233494 0.562749 0.177443 6.828245 -0.037232
49.130878 55.211235 3.955063 9.773008 269.655029 60.772026 0.580342 0.228513 6.844875 -0.037848
49.264866 54.923351 4.003155 9.831601 270.333557 61.379543 0.598103 0.270728 6.854553 -0.039408
49.381855 54.633865 4.046987 9.867988 270.934937 61.911800 0.610711 0.287631 6.868976 -0.046070
49.514843 54.282837 4.100299 9.969473 271.621338 62.514183 0.620772 0.280400 6.867276 -0.047427
49.631832 53.971775 4.143876 10.113241 272.227570 63.042099 0.626564 0.258295 6.872413 -0.047765
49.764820 53.614044 4.168623 10.263737 272.925323 63.643974 0.628690 0.233470 6.882963 -0.047868
49.881809 53.294685 4.169089 10.385387 273.532410 64.163528 0.628271 0.225714 6.897000 -0.049966
50.015797 52.913445 4.145931 10.486907 274.238525 64.762222 0.624439 0.230069 6.920406 -0.050676
50.131786 52.580608 4.098424 10.560687 274.858917 65.282494 0.618535 0.227572 6.922970 -0.051445
50.265774 52.185638 4.021946 10.640948 275.564880 65.872871 0.609728 0.196345 6.914300 -0.052875
50.382763 51.833405 3.941552 10.674954 276.186371 66.391037 0.599938 0.140641 6.915858 -0.052689
50.515751 51.423523 3.829596 10.619697 276.894012 66.978241 0.590532 0.062098 6.909102 -0.053160
50.632740 51.059013 3.694333 10.473065 277.518036 67.493813 0.582790 -0.005635 6.917040 -0.053878
50.765728 50.647526 3.513485 10.263528 278.225830 68.079597 0.574434 -0.077457 6.912292 -0.052934
50.882717 50.287792 3.325870 10.060867 278.847046 68.596260 0.569834 -0.143381 6.905414 -0.052903
50.999706 49.912823 3.111506 9.804764 279.468292 69.112991 0.567215 -0.213107 6.908216 -0.053746
51.133698 49.493439 2.864923 9.399056 280.176453 69.700508 0.564609 -0.285902 6.921054 -0.050846
51.250690 49.110565 2.647974 8.917272 280.805420 70.223160 0.562896 -0.328512 6.938358 -0.054300
51.383678 48.671570 2.379950 8.358401 281.514130 70.814232 0.562586 -0.344482 6.938690 -0.054002
51.499668 48.291309 2.144150 7.817377 282.137421 71.335815 0.563310 -0.330924 6.956443 -0.052850
51.632656 47.865913 1.906319 7.142320 282.846191 71.932320 0.564420 -0.285917 6.973725 -0.054129
51.749645 47.478218 1.712657 6.487878 283.471710 72.458633 0.562691 -0.221227 6.999365 -0.054605
51.883633 47.037037 1.493547 5.631848 284.185547 73.058723 0.557610 -0.126530 7.016769 -0.055676
51.999622 46.647381 1.313457 4.918221 284.813660 73.590340 0.549580 -0.045519 7.038479 -0.056076
52.133610 46.197590 1.127596 4.134743 285.527557 74.199463 0.537002 0.023670 7.065587 -0.057748
52.250599 45.786663 0.989961 3.438267 286.155701 74.738640 0.520709 0.054234 7.082887 -0.059931
52.383587 45.314541 0.856844 2.630046 286.870453 75.353897 0.496752 0.059245 7.098730 -0.060690
52.500576 44.889397 0.780204 1.871912 287.499329 75.896935 0.472717 0.043568 7.102700 -0.062067
52.633564 44.397743 0.738284 0.962077 288.217163 76.520111 0.441268 0.007851 7.092182 -0.063180
52.750561 43.957176 0.737562 0.141881 288.841309 77.064987 0.411216 -0.028071 7.076841 -0.065232
52.884552 43.454998 0.738478 -0.817052 289.547913 77.684441 0.377078 -0.054429 7.054648 -0.064309
53.000542 43.025070 0.763598 -1.581110 290.160248 78.224319 0.348986 -0.046146 7.026153 -0.062739
53.134529 42.535122 0.803827 -2.444896 290.864075 78.847778 0.319791 0.004941 7.007378 -0.061846
53.251518 42.114151 0.840137 -3.147046 291.475708 79.390579 0.297216 0.073133 6.976803 -0.060574
53.384506 41.650776 0.879629 -3.846003 292.167084 80.006508 0.276719 0.154516 6.947278 -0.058440
53.501495 41.252632 0.907697 -4.361407 292.770630 80.547501 0.264347 0.211503 6.910462 -0.058080
53.634483 40.814713 0.939427 -4.804319 293.451691 81.162537 0.256214 0.253081 6.889382 -0.055695
53.751472 40.451225 0.954386 -5.087864 294.047577 81.702950 0.253134 0.269332 6.862380 -0.052757
53.884460 40.053574 0.959131 -5.221095 294.726349 82.319885 0.252841 0.271404 6.834672 -0.050260
54.001450 39.727951 0.929223 -5.205375 295.313385 82.851944 0.253922 0.267310 6.818916 -0.048451
54.134438 39.365658 0.859558 -5.046131 295.989532 83.465111 0.253316 0.258908 6.809819 -0.046932
54.251427 39.048412 0.765241 -4.805362 296.579285 84.000267 0.250436 0.243971 6.804874 -0.048095
54.385414 38.691135 0.627190 -4.378384 297.247620 84.609459 0.243741 0.208318 6.792799 -0.047424
54.502411 38.366882 0.510254 -3.943783 297.833191 85.145576 0.234414 0.156128 6.780318 -0.049105
54.635399 38.017963 0.387522 -3.434449 298.498932 85.751999 0.219160 0.078652 6.765488 -0.044914
54.752388 37.735374 0.291340 -2.910104 299.089020 86.288406 0.201090 0.002136 6.751462 -0.039579
54.886375 37.445259 0.235128 -2.246043 299.759460 86.893578 0.175840 -0.084729 6.734979 -0.035831
55.002369 37.218990 0.229493 -1.615553 300.335114 87.410988 0.151939 -0.156389 6.722583 -0.033699
55.135357 36.986359 0.269942 -0.854130 301.001221 88.005768 0.124743 -0.231922 6.709143 -0.028773
55.252346 36.796608 0.338304 -0.194020 301.588165 88.524460 0.102528 -0.287124 6.687681 -0.028590
55.385334 36.585770 0.464988 0.566428 302.260925 89.115494 0.080008 -0.326964 6.677421 -0.026628
55.503323 36.432281 0.632642 1.188040 302.849457 89.627060 0.065899 -0.334675 6.657880 -0.021522
55.635311 36.286236 0.868566 1.779464 303.518555 90.202766 0.056678 -0.313965 6.626558 -0.019683
55.752300 36.162453 1.088570 2.206961 304.106903 90.703529 0.052894 -0.281615 6.595856 -0.018479
55.886288 36.052719 1.323668 2.727498 304.775421 91.268524 0.052532 -0.246808 6.575795 -0.014232
56.002277 35.975319 1.542791 3.203124 305.363861 91.760895 0.055650 -0.227621 6.546253 -0.011643
56.136265 35.900692 1.791504 3.672486 306.034943 92.315147 0.063276 -0.215036 6.543459 -0.012381
56.253254 35.840603 1.979341 4.023501 306.626770 92.798325 0.071103 -0.197037 6.525746 -0.009693
56.386242 35.778236 2.153296 4.366090 307.301117 93.344498 0.080116 -0.153660 6.526006 -0.009611
56.503231 35.723526 2.289884 4.616051 307.902100 93.825867 0.088546 -0.093307 6.519654 -0.009215
56.636219 35.659958 2.436678 4.806391 308.582794 94.364220 0.097734 -0.011703 6.530231 -0.008722
56.753208 35.615761 2.542634 4.904530 309.180389 94.830864 0.105432 0.060730 6.539858 -0.007380
56.887196 35.569260 2.639797 4.941091 309.876282 95.366768 0.114142 0.140761 6.563881 -0.005250
57.003185 35.543610 2.702527 4.960730 310.490112 95.830498 0.121663 0.209191 6.583504 -0.003135
57.137173 35.521614 2.761910 4.955745 311.194031 96.355011 0.126710 0.284365 6.611892 -0.002419
57.253162 35.503166 2.811838 4.873379 311.818024 96.813652 0.127389 0.340689 6.627541 -0.002326
57.387150 35.472305 2.903965 4.694216 312.534302 97.331131 0.125517 0.379181 6.658600 -0.001231
57.504139 35.453377 2.992317 4.540706 313.169464 97.784889 0.123258 0.383929 6.679797 -0.001282
57.637127 35.442745 3.075445 4.396246 313.897430 98.297012 0.121728 0.359350 6.708711 0.000685
57.754116 35.444420 3.158498 4.251659 314.542786 98.745415 0.118987 0.322321 6.719571 0.001983
57.887104 35.448441 3.249392 4.053330 315.285858 99.256859 0.118318 0.275899 6.743885 0.002413
58.004093 35.453060 3.326303 3.874005 315.932922 99.697815 0.120298 0.235844 6.761781 0.001689
58.138081 35.463203 3.421511 3.717794 316.685242 100.203339 0.124247 0.185706 6.766296 0.003422
58.255070 35.481445 3.523144 3.670106 317.345947 100.642487 0.129120 0.131705 6.789519 0.003561
58.388058 35.511967 3.661451 3.647258 318.102234 101.137306 0.136160 0.053620 6.794438 0.004381
58.504047 35.551212 3.786885 3.674659 318.771057 101.568565 0.144132 -0.026618 6.807245 0.006180
58.639038 35.600399 3.932394 3.694644 319.541687 102.058105 0.156354 -0.119919 6.816390 0.006371
58.756027 35.643883 4.054959 3.773488 320.216766 102.482346 0.166911 -0.190320 6.815177 0.004813
58.889019 35.688866 4.175711 3.861591 320.986267 102.960335 0.176077 -0.248938 6.810331 0.004969
59.005009 35.729874 4.250247 3.933189 321.660126 103.374146 0.182274 -0.282627 6.819805 0.006115
59.138996 35.778828 4.312049 4.055527 322.442810 103.848297 0.186670 -0.310508 6.834622 0.004517
59.254986 35.824135 4.341576 4.163737 323.123627 104.255753 0.189329 -0.331192 6.844700 0.005759
59.387974 35.899162 4.321511 4.361004 323.913422 104.723061 0.191767 -0.350753 6.847626 0.008869
59.504963 35.970737 4.281943 4.575961 324.604340 105.127945 0.193863 -0.359307 6.847320 0.007996
59.638950 36.053684 4.200407 4.900081 325.390686 105.587364 0.195443 -0.354731 6.843547 0.007636
59.755939 36.135860 4.117782 5.206437 326.084137 105.988731 0.196276 -0.335483 6.848988 0.009449
59.888927 36.242352 4.016444 5.564598 326.874695 106.442223 0.199135 -0.293597 6.854226 0.012769
60.005917 36.352493 3.934583 5.784192 327.572083 106.838203 0.203007 -0.238572 6.850990 0.015214
