1.20 1.10 20 64
0.134000 0.016153 0.065868 -0.068756 1.023338 0.000654 -0.146146 -0.269568 6.657489 0.003094
0.259000 0.026158 0.260478 -0.154919 1.840584 0.001504 -0.112121 -0.209224 6.541918 0.001317
0.383000 0.030325 0.541141 -0.239348 2.649523 0.002930 -0.049504 -0.149636 6.415386 0.000436
0.510000 0.030578 0.860795 -0.345390 3.454436 0.003674 0.032070 -0.086413 6.286410 0.000763
0.636000 0.038478 1.156018 -0.445121 4.238310 0.003730 0.119947 -0.019133 6.179096 0.002035
0.751000 0.053003 1.388731 -0.492888 4.937898 0.003320 0.196257 0.043381 6.108983 0.003422
0.877000 0.078717 1.574649 -0.510506 5.709634 0.003263 0.269397 0.109456 6.062548 0.002978
1.003000 0.103023 1.684982 -0.519710 6.465706 0.003006 0.323886 0.164911 6.043983 0.004349
1.127000 0.136450 1.730330 -0.507313 7.220928 0.002632 0.356922 0.205296 6.043096 0.004435
1.252000 0.176289 1.689026 -0.497169 7.977007 0.001737 0.363117 0.226970 6.057822 0.006084
1.378000 0.224583 1.567371 -0.524582 8.735885 -0.000694 0.343754 0.230832 6.082938 0.007353
1.503000 0.278817 1.369776 -0.536969 9.504208 -0.004334 0.302025 0.222457 6.108774 0.007707
1.627001 0.332158 1.125548 -0.548681 10.262872 -0.008744 0.244124 0.208190 6.124884 0.006936
1.753001 0.385086 0.857503 -0.553565 11.035699 -0.012507 0.175864 0.192647 6.138687 0.007495
1.878001 0.442672 0.598924 -0.591528 11.797734 -0.016327 0.108177 0.180000 6.149896 0.008792
2.003001 0.509706 0.372061 -0.665478 12.573279 -0.021881 0.046502 0.173942 6.154893 0.010662
2.128001 0.584647 0.194236 -0.757163 13.335687 -0.027333 -0.002784 0.175484 6.145997 0.011027
2.252000 0.667598 0.071193 -0.808823 14.103562 -0.030739 -0.033163 0.177938 6.138582 0.012523
2.377000 0.757344 0.037394 -0.790545 14.869414 -0.032137 -0.040845 0.168350 6.116774 0.012957
2.503000 0.851276 0.074771 -0.709139 15.631150 -0.032782 -0.025503 0.137924 6.072958 0.013254
2.627000 0.954237 0.178590 -0.555119 16.387550 -0.033616 0.010510 0.089294 6.025343 0.013814
2.751999 1.044687 0.321885 -0.352271 17.136660 -0.035044 0.061614 0.033498 5.972349 0.011325
2.876999 1.133288 0.477412 -0.126013 17.879889 -0.035474 0.120526 -0.019597 5.926284 0.012014
3.000999 1.219768 0.614106 0.082835 18.611837 -0.034500 0.178387 -0.066220 5.885088 0.011280
3.134998 1.318662 0.722281 0.293781 19.398262 -0.034401 0.230861 -0.109303 5.854654 0.013665
3.256998 1.410381 0.765325 0.510322 20.111719 -0.034274 0.265864 -0.141282 5.845302 0.011653
3.380997 1.489960 0.766344 0.720975 20.836817 -0.034018 0.285020 -0.168864 5.852897 0.009811
3.503997 1.573503 0.720061 0.947939 21.558418 -0.034281 0.286396 -0.197168 5.880520 0.012001
3.625996 1.663361 0.646569 1.186543 22.276775 -0.034014 0.271252 -0.231218 5.894037 0.012953
3.758995 1.761409 0.523509 1.434094 23.061932 -0.033395 0.237292 -0.270650 5.908884 0.011970
3.884995 1.844126 0.392509 1.647498 23.801538 -0.032333 0.191986 -0.295586 5.920902 0.011087
4.008995 1.918281 0.263506 1.862281 24.542686 -0.030192 0.141833 -0.293772 5.932763 0.010199
4.134996 1.991858 0.150292 2.023799 25.290052 -0.027267 0.092694 -0.260488 5.932337 0.010292
4.259997 2.067700 0.077926 2.165675 26.031691 -0.024516 0.050261 -0.201956 5.930756 0.010988
4.385999 2.161267 0.067985 2.303763 26.777815 -0.019582 0.019379 -0.125885 5.916798 0.013396
4.512000 2.254967 0.102645 2.359709 27.515711 -0.014786 0.003029 -0.039609 5.893294 0.012807
4.626001 2.336751 0.172601 2.354431 28.191038 -0.009240 0.001888 0.044105 5.858091 0.012050
4.751003 2.429500 0.267349 2.332607 28.920456 -0.001111 0.014508 0.131349 5.819393 0.013485
4.877004 2.528583 0.359985 2.247777 29.645025 0.006456 0.039204 0.203055 5.781330 0.013982
5.002006 2.624960 0.452818 2.092428 30.371038 0.014577 0.071446 0.249956 5.751664 0.013298
5.128007 2.723441 0.542532 1.882455 31.088215 0.024186 0.107559 0.269674 5.728886 0.014720
5.251009 2.829675 0.605605 1.718614 31.796740 0.036537 0.142032 0.269549 5.709167 0.014723
5.384010 2.935578 0.635408 1.537877 32.555504 0.052106 0.173023 0.257514 5.705584 0.013986
5.509012 3.027815 0.632815 1.366815 33.268307 0.066929 0.192856 0.239788 5.704270 0.012926
5.634013 3.113143 0.599738 1.230791 33.976322 0.082907 0.202023 0.213261 5.715144 0.012095
5.758015 3.197121 0.522621 1.130230 34.686195 0.099778 0.201139 0.174638 5.734940 0.012684
5.882016 3.290822 0.407659 1.058265 35.404510 0.117617 0.190445 0.125050 5.759633 0.013503
6.006018 3.395752 0.274303 1.000731 36.120068 0.137354 0.170974 0.070724 5.781666 0.016251
6.126019 3.514452 0.138108 0.939370 36.815113 0.156439 0.146595 0.015934 5.801958 0.018430
6.261021 3.659857 0.004203 0.872159 37.600357 0.177996 0.116159 -0.049921 5.828609 0.019711
6.385023 3.797840 -0.082900 0.794827 38.323959 0.198213 0.091130 -0.113377 5.843101 0.019580
6.510024 3.940896 -0.122870 0.709364 39.054699 0.220358 0.070773 -0.170486 5.853427 0.019798
6.634026 4.080972 -0.122251 0.661942 39.781006 0.243817 0.057280 -0.207111 5.862428 0.019579
6.757027 4.212951 -0.068045 0.634812 40.501369 0.268409 0.053612 -0.219147 5.859560 0.018835
6.880029 4.345858 0.028571 0.687964 41.221363 0.294592 0.058116 -0.215612 5.856873 0.019495
7.005030 4.492050 0.176907 0.751079 41.945686 0.322064 0.067748 -0.208810 5.835859 0.021187
7.129032 4.645644 0.358509 0.802267 42.673073 0.350024 0.082345 -0.201784 5.815034 0.022646
7.253033 4.804060 0.554368 0.842789 43.391621 0.378473 0.099154 -0.186704 5.792808 0.023059
7.377035 4.978827 0.749709 0.880205 44.108097 0.407569 0.114741 -0.155737 5.779036 0.025262
7.502036 5.163147 0.934608 0.897225 44.828541 0.437209 0.128077 -0.110770 5.760990 0.025077
7.626038 5.344052 1.080877 0.881145 45.541931 0.467518 0.137848 -0.063103 5.756633 0.025315
7.751039 5.528454 1.180073 0.868755 46.261089 0.498765 0.142313 -0.021287 5.760313 0.025978
7.887041 5.726400 1.238240 0.890012 47.039150 0.533320 0.139937 0.015116 5.772042 0.025925
8.011042 5.919776 1.239086 0.973582 47.761486 0.566565 0.131014 0.044636 5.792737 0.027273
8.136040 6.115993 1.198858 1.054049 48.480907 0.600220 0.118218 0.073537 5.817107 0.027453
8.260037 6.315651 1.136488 1.145063 49.208649 0.635484 0.103026 0.100577 5.836239 0.027184
8.385036 6.501174 1.047829 1.231590 49.938347 0.670340 0.086099 0.118795 5.855215 0.025625
8.510034 6.674133 0.955922 1.334369 50.664452 0.706171 0.069096 0.121872 5.870380 0.023716
8.635032 6.840443 0.888242 1.397998 51.398582 0.743065 0.053876 0.112436 5.884230 0.023540
8.760030 7.016239 0.830384 1.437759 52.139294 0.782154 0.041953 0.103828 5.888073 0.024316
8.886028 7.186344 0.780168 1.485457 52.874115 0.821576 0.034982 0.112834 5.889638 0.023093
9.011026 7.359644 0.763696 1.585036 53.609146 0.862388 0.034343 0.142748 5.887595 0.024746
9.135024 7.544523 0.780283 1.698687 54.343864 0.903771 0.040873 0.179570 5.881818 0.025694
9.260022 7.732982 0.823865 1.830716 55.070751 0.946882 0.051907 0.204714 5.868211 0.026167
9.384020 7.930413 0.886993 1.961146 55.802525 0.989666 0.067156 0.211706 5.861747 0.027718
9.509018 8.132739 0.977134 2.123298 56.533092 1.033937 0.083451 0.206023 5.852899 0.029136
9.633016 8.341380 1.085313 2.244102 57.255825 1.079536 0.098257 0.191641 5.832854 0.029841
9.759014 8.557104 1.185205 2.353318 57.982761 1.126977 0.110780 0.159277 5.822615 0.030757
9.883012 8.774985 1.271047 2.469363 58.708565 1.176278 0.119239 0.096304 5.818466 0.030156
10.007010 8.996947 1.341183 2.581233 59.427849 1.229058 0.121640 0.005278 5.815463 0.030903
10.132008 9.225133 1.392192 2.720150 60.152611 1.284581 0.117667 -0.092286 5.816078 0.031133
10.258006 9.456837 1.415388 2.815919 60.877522 1.341874 0.108733 -0.168592 5.820424 0.032772
10.381003 9.690570 1.413787 2.900510 61.591564 1.400042 0.095996 -0.213791 5.826967 0.032821
10.506001 9.925501 1.395021 2.980166 62.323013 1.461506 0.083047 -0.241638 5.827195 0.032598
10.632000 10.170979 1.370008 3.035370 63.049091 1.524995 0.070241 -0.267436 5.832845 0.034629
10.756998 10.430854 1.327618 3.087094 63.775509 1.591188 0.059607 -0.293092 5.839832 0.036151
10.881996 10.686343 1.291595 3.128021 64.503113 1.658924 0.052536 -0.305204 5.847879 0.035456
11.006994 10.938764 1.259275 3.151129 65.235840 1.731275 0.048399 -0.288992 5.842900 0.034428
11.132993 11.192634 1.254162 3.132941 65.962746 1.805505 0.049106 -0.244613 5.846712 0.036504
11.257991 11.458026 1.267563 3.102157 66.690056 1.881806 0.054931 -0.184194 5.850496 0.036788
11.382989 11.714309 1.302502 3.065149 67.417549 1.961842 0.064922 -0.119118 5.856765 0.035322
11.506987 11.973044 1.339989 2.982308 68.144745 2.044313 0.076613 -0.052688 5.853485 0.037720
11.632985 12.252921 1.401030 2.882212 68.876823 2.130585 0.089925 0.019330 5.848721 0.039870
11.756983 12.539869 1.468326 2.791213 69.596138 2.217859 0.104484 0.097090 5.838539 0.040785
11.881981 12.834591 1.523342 2.687664 70.314636 2.306280 0.117073 0.175737 5.836974 0.042668
12.005979 13.145422 1.577977 2.543802 71.038429 2.397454 0.127871 0.242098 5.834634 0.044977
12.130977 13.463802 1.627375 2.456149 71.755257 2.490583 0.134704 0.277424 5.827369 0.045238
12.255975 13.790951 1.650105 2.346816 72.477188 2.587782 0.137167 0.270060 5.831442 0.046397
12.380973 14.115561 1.661303 2.255592 73.199402 2.688261 0.135310 0.221256 5.836421 0.045157
12.505971 14.437962 1.654088 2.216987 73.921936 2.792046 0.129868 0.148076 5.846599 0.044733
12.630969 14.769333 1.654851 2.148919 74.645241 2.897891 0.123563 0.074063 5.852493 0.047626
12.754967 15.107272 1.653541 2.069870 75.369736 3.004927 0.117656 0.016305 5.866099 0.047363
12.880965 15.457584 1.662140 2.002030 76.095039 3.113769 0.112684 -0.019839 5.870327 0.049915
13.004963 15.818240 1.673870 1.955871 76.820831 3.225550 0.110032 -0.037001 5.874837 0.051130
13.129960 16.190992 1.681556 1.934878 77.535309 3.338400 0.109862 -0.040901 5.882099 0.054194
13.254958 16.581322 1.700468 1.885898 78.273369 3.456965 0.113348 -0.037152 5.888912 0.055037
13.378956 16.973526 1.713515 1.871408 78.993935 3.576641 0.119601 -0.033404 5.890120 0.055858
13.502954 17.376522 1.726365 1.909975 79.714523 3.699882 0.128439 -0.035287 5.894480 0.055714
13.627952 17.771904 1.721722 1.956883 80.440674 3.827248 0.139751 -0.042639 5.899440 0.055003
13.751949 18.162535 1.704018 2.010067 81.161057 3.956910 0.152170 -0.048464 5.907878 0.055225
13.885946 18.600088 1.681532 2.111620 81.940636 4.099735 0.164480 -0.045810 5.918465 0.056718
14.008944 19.001009 1.673037 2.246234 82.650627 4.232487 0.175027 -0.037378 5.923255 0.056448
14.130940 19.411488 1.678906 2.365029 83.366760 4.368039 0.184810 -0.031514 5.927600 0.057924
14.252937 19.815115 1.689208 2.511450 84.076721 4.505505 0.193009 -0.033479 5.924718 0.056413
14.376935 20.226593 1.675389 2.692277 84.797310 4.649559 0.199761 -0.039934 5.925016 0.057253
14.500933 20.639921 1.642579 2.874658 85.517448 4.796175 0.204236 -0.042909 5.927884 0.057122
14.636930 21.069860 1.589016 3.105303 86.302094 4.958373 0.204859 -0.037135 5.938562 0.053728
14.761929 21.453506 1.539804 3.313694 87.028557 5.111629 0.203750 -0.026596 5.942846 0.052337
14.875927 21.809822 1.502528 3.456562 87.697678 5.254967 0.201509 -0.015905 5.952648 0.053410
15.001925 22.184555 1.467178 3.583910 88.424942 5.414144 0.199068 -0.003293 5.956864 0.050941
15.126924 22.544182 1.434004 3.682720 89.158585 5.576886 0.196435 0.013692 5.964957 0.048865
15.252922 22.896481 1.389237 3.781956 89.892227 5.741601 0.194918 0.033866 5.970101 0.048357
15.378921 23.250647 1.349928 3.943520 90.625610 5.909232 0.196132 0.051138 5.970780 0.048191
15.503919 23.595964 1.321976 4.114381 91.352493 6.077474 0.199442 0.060715 5.967692 0.047299
15.629917 23.937307 1.300189 4.273025 92.078522 6.248382 0.204798 0.066382 5.967523 0.047277
15.754915 24.279268 1.283220 4.423460 92.803604 6.422887 0.212290 0.076981 5.967015 0.047092
15.879913 24.616295 1.266877 4.510039 93.533241 6.601819 0.218915 0.098275 5.961131 0.045895
16.005911 24.947519 1.259224 4.614867 94.261665 6.783305 0.224968 0.128161 5.956648 0.044426
16.131905 25.265682 1.252964 4.719678 94.982483 6.967140 0.232595 0.158690 5.947572 0.043470
16.256899 25.566774 1.249459 4.795526 95.707588 7.155780 0.239718 0.182184 5.944462 0.040219
16.381893 25.854858 1.254422 4.827456 96.425903 7.346040 0.246727 0.188368 5.940487 0.039754
16.505888 26.125080 1.251224 4.801259 97.136612 7.538673 0.251390 0.168120 5.932770 0.036928
16.630882 26.380507 1.236332 4.757776 97.851700 7.735766 0.254423 0.115544 5.934375 0.034930
16.756878 26.623741 1.230666 4.731224 98.570015 7.939800 0.255578 0.034429 5.923424 0.032103
16.879873 26.839323 1.228360 4.637953 99.269791 8.141977 0.255371 -0.059805 5.920455 0.030538
17.002869 27.044813 1.217961 4.508858 99.968437 8.348278 0.254412 -0.157332 5.922791 0.027921
17.126863 27.226572 1.203788 4.423917 100.671646 8.561320 0.253319 -0.250579 5.926916 0.024629
17.251858 27.388678 1.194868 4.314420 101.380066 8.780290 0.253556 -0.328325 5.940082 0.020844
17.377851 27.530558 1.174363 4.195181 102.088913 9.002526 0.255496 -0.373374 5.948845 0.019530
17.503845 27.667425 1.159613 4.074305 102.803711 9.230660 0.259031 -0.370037 5.961575 0.018609
17.629839 27.797049 1.147684 3.942703 103.517868 9.463109 0.264214 -0.316869 5.959301 0.018120
17.754833 27.901890 1.159496 3.815182 104.231445 9.700033 0.270721 -0.231240 5.975017 0.013174
17.880827 27.981974 1.183140 3.640554 104.940125 9.938425 0.280397 -0.138002 5.986569 0.011356
18.004822 28.056370 1.204357 3.474577 105.648834 10.181611 0.291464 -0.056359 5.998779 0.010196
18.125818 28.105648 1.219182 3.295069 106.335548 10.420728 0.302364 0.000711 6.014830 0.006464
18.261812 28.148600 1.221406 3.089160 107.102303 10.690369 0.314175 0.033272 6.023941 0.005698
18.385807 28.189884 1.215874 2.893605 107.812050 10.944794 0.324059 0.039235 6.038491 0.006031
18.510801 28.219912 1.210886 2.723279 108.516357 11.199842 0.332028 0.039127 6.040532 0.004014
18.635796 28.235086 1.206630 2.563909 109.232475 11.462139 0.334699 0.052091 6.059074 0.002388
18.760790 28.241646 1.183875 2.392940 109.943939 11.724671 0.334170 0.085186 6.074325 0.000559
18.875784 28.243429 1.129341 2.233986 110.593834 11.966726 0.331398 0.123842 6.092467 0.000426
19.000778 28.232176 1.084677 2.009889 111.308701 12.234562 0.325521 0.157195 6.116009 -0.001973
19.126772 28.199360 1.032124 1.763273 112.030098 12.507903 0.318149 0.170285 6.126725 -0.005090
19.250767 28.155972 0.977654 1.559079 112.746231 12.781416 0.311556 0.164635 6.137434 -0.006106
19.376760 28.119286 0.912661 1.376833 113.463150 13.057674 0.306869 0.149901 6.152796 -0.004940
19.501755 28.078224 0.852319 1.240071 114.186630 13.339985 0.304571 0.134660 6.170628 -0.006129
19.626749 28.026548 0.804661 1.115413 114.905418 13.622928 0.305377 0.124047 6.186675 -0.007410
19.752743 27.973162 0.748501 1.011443 115.624794 13.909386 0.308085 0.119644 6.199506 -0.006691
19.877737 27.929977 0.698574 0.905602 116.350662 14.200742 0.312402 0.119608 6.216009 -0.005301
20.002731 27.897512 0.660959 0.849905 117.071007 14.494202 0.319769 0.119468 6.227831 -0.004354
20.126726 27.863283 0.633539 0.850963 117.785980 14.787272 0.328158 0.117761 6.235051 -0.005146
20.251720 27.815189 0.610002 0.869748 118.507683 15.084357 0.337110 0.119115 6.247763 -0.009074
20.376715 27.753721 0.578409 0.908624 119.229034 15.384402 0.344972 0.129362 6.250049 -0.007076
20.501709 27.709145 0.554062 0.926474 119.944290 15.683560 0.351844 0.144980 6.254427 -0.005720
20.626703 27.674683 0.531244 0.960599 120.664612 15.987125 0.356805 0.149569 6.255800 -0.004121
20.761698 27.644939 0.487464 1.035138 121.441963 16.319784 0.359632 0.120963 6.271676 -0.003658
20.883694 27.620737 0.428809 1.092655 122.155640 16.629036 0.357390 0.059394 6.276791 -0.003265
21.006689 27.597731 0.355594 1.125957 122.858574 16.934752 0.351566 -0.019356 6.289648 -0.003636
21.129684 27.573614 0.261499 1.142475 123.568268 17.244347 0.343038 -0.095565 6.298843 -0.003193
21.253679 27.548893 0.164499 1.167199 124.283104 17.558762 0.333759 -0.156149 6.300775 -0.003695
21.377674 27.534004 0.066713 1.212774 124.991310 17.873297 0.324879 -0.198755 6.299237 -0.000433
21.501669 27.531586 -0.038590 1.292578 125.710480 18.195436 0.317135 -0.228553 6.308227 0.000353
21.627663 27.548433 -0.137286 1.370985 126.435905 18.521990 0.311922 -0.244611 6.317237 0.004476
21.753656 27.581833 -0.226969 1.430880 127.161110 18.850676 0.308252 -0.243583 6.317297 0.004403
21.879650 27.614845 -0.297369 1.446322 127.879929 19.178623 0.306497 -0.226905 6.323272 0.004981
22.004644 27.656477 -0.349989 1.472433 128.597260 19.508898 0.306642 -0.203686 6.313436 0.005584
22.129639 27.702608 -0.398217 1.487107 129.318375 19.843918 0.308890 -0.183822 6.308193 0.006637
22.255632 27.765942 -0.444062 1.502621 130.031921 20.177917 0.311900 -0.170473 6.296969 0.009641
22.380627 27.844599 -0.492481 1.516324 130.748566 20.517094 0.314886 -0.157270 6.293389 0.011931
22.506620 27.935703 -0.554587 1.473584 131.457397 20.856724 0.315753 -0.138717 6.283704 0.014143
22.631615 28.042828 -0.638782 1.425469 132.169388 21.201824 0.314080 -0.114860 6.276977 0.014939
22.757608 28.151394 -0.745190 1.374078 132.878876 21.548794 0.308602 -0.090807 6.265951 0.015278
22.883602 28.272829 -0.861227 1.327171 133.586655 21.897760 0.300071 -0.069126 6.260963 0.018988
23.009596 28.411903 -0.969965 1.266903 134.286697 22.247765 0.289807 -0.048402 6.261575 0.019338
23.133591 28.562588 -1.075743 1.170330 134.984909 22.599390 0.278229 -0.025360 6.244381 0.021460
23.258585 28.724949 -1.174136 1.025045 135.674210 22.950077 0.266383 0.000773 6.228073 0.023227
23.382580 28.891684 -1.269643 0.824028 136.360092 23.302149 0.254498 0.030836 6.211284 0.022612
23.508574 29.065502 -1.343751 0.654689 137.053543 23.663538 0.243350 0.068409 6.200170 0.024129
23.634567 29.252728 -1.393216 0.437360 137.748901 24.029741 0.234447 0.116835 6.175694 0.025694
23.761560 29.441053 -1.439677 0.197937 138.434738 24.394735 0.227046 0.173899 6.158557 0.025374
23.875555 29.621181 -1.479443 0.009025 139.057037 24.729345 0.223196 0.226135 6.133474 0.027427
24.000549 29.824511 -1.513093 -0.185946 139.728867 25.094801 0.221554 0.270824 6.106677 0.027451
24.126543 30.036388 -1.531453 -0.372084 140.397308 25.460903 0.221415 0.294508 6.090725 0.029707
24.251537 30.258360 -1.525231 -0.578908 141.068054 25.830687 0.222325 0.297438 6.071027 0.029318
24.377531 30.483364 -1.509045 -0.746966 141.735336 26.201969 0.222429 0.289279 6.050197 0.031507
24.503525 30.721512 -1.490789 -0.854875 142.392853 26.571722 0.221808 0.282620 6.024708 0.032646
24.628519 30.963820 -1.469674 -0.965760 143.047592 26.942289 0.218408 0.284110 6.013836 0.035410
24.754513 31.224125 -1.459281 -1.045401 143.704315 27.318176 0.211869 0.290124 5.998377 0.034883
24.878508 31.476450 -1.438332 -1.066992 144.353012 27.692263 0.201406 0.287953 5.985777 0.035279
25.003502 31.746033 -1.428630 -1.014350 144.992599 28.065483 0.188712 0.261270 5.965101 0.038946
25.128496 32.027454 -1.408641 -0.968318 145.634689 28.442995 0.174274 0.195238 5.955938 0.038888
25.253490 32.303154 -1.361974 -0.918446 146.273834 28.821465 0.158526 0.085538 5.931783 0.038860
25.378485 32.582535 -1.303728 -0.769405 146.908768 29.201786 0.142845 -0.055768 5.911999 0.040121
25.501480 32.865639 -1.222428 -0.605838 147.535568 29.579542 0.129022 -0.201398 5.894295 0.039950
25.626474 33.161438 -1.124281 -0.385605 148.164261 29.960707 0.116738 -0.325913 5.870338 0.043731
25.750469 33.463150 -1.011079 -0.164426 148.785156 30.339342 0.105754 -0.413825 5.860094 0.043242
25.876463 33.779587 -0.894207 0.020369 149.408646 30.721468 0.096628 -0.469978 5.842235 0.045418
26.001457 34.112099 -0.761299 0.169419 150.034653 31.105686 0.089531 -0.502087 5.818625 0.046426
26.127451 34.455467 -0.627896 0.344655 150.651825 31.488314 0.084879 -0.511207 5.803389 0.049526
26.253445 34.830738 -0.491988 0.562394 151.269577 31.876034 0.081967 -0.491958 5.779900 0.052488
26.380438 35.229969 -0.354854 0.803708 151.889008 32.267822 0.080897 -0.444561 5.765402 0.056986
26.504433 35.643471 -0.228854 1.100740 152.496185 32.654861 0.080276 -0.380195 5.753792 0.059124
26.630426 36.076149 -0.112589 1.382109 153.101181 33.041817 0.079881 -0.306575 5.737707 0.060859
26.753422 36.517773 -0.009958 1.674710 153.699570 33.426193 0.077541 -0.221835 5.732413 0.063231
26.878418 36.976688 0.076593 1.967443 154.301086 33.814392 0.074933 -0.115631 5.725540 0.064273
27.004412 37.450981 0.154443 2.245480 154.901459 34.202515 0.069309 0.012596 5.714536 0.067284
27.130405 37.948250 0.235109 2.529581 155.510803 34.596775 0.060835 0.152611 5.713993 0.069127
27.256399 38.456593 0.313679 2.871316 156.108704 34.986122 0.050684 0.281009 5.706313 0.071395
27.382393 38.991646 0.404279 3.231376 156.714005 35.383312 0.041132 0.386198 5.697479 0.073749
27.508387 39.529129 0.510441 3.597915 157.307693 35.775272 0.032405 0.454413 5.688373 0.075299
27.633381 40.089630 0.625878 3.971148 157.903671 36.171413 0.024553 0.480812 5.672304 0.077069
27.759375 40.658188 0.750474 4.378643 158.497482 36.567909 0.019617 0.462923 5.662754 0.079339
27.885368 41.239872 0.902063 4.735795 159.084396 36.962318 0.016917 0.410888 5.652668 0.081053
28.010363 41.837807 1.060244 5.100428 159.668411 37.357071 0.014892 0.343316 5.630500 0.083319
28.135357 42.452789 1.210938 5.472064 160.253601 37.755608 0.014909 0.277554 5.610429 0.084712
28.261351 43.064232 1.346323 5.819253 160.830856 38.152004 0.016412 0.220375 5.594888 0.083501
28.386345 43.655640 1.470865 6.137790 161.404877 38.548908 0.019555 0.166440 5.575920 0.081925
28.501339 44.203411 1.575568 6.403820 161.929886 38.915077 0.023008 0.114560 5.559670 0.081948
28.625334 44.800365 1.679324 6.637001 162.498138 39.313747 0.027497 0.055388 5.552351 0.082132
28.752329 45.403774 1.764971 6.830612 163.073502 39.719357 0.032001 -0.002564 5.538100 0.081883
28.877325 45.987125 1.824242 6.994905 163.637115 40.119991 0.036263 -0.051559 5.529725 0.080065
29.001320 46.543354 1.881396 7.161290 164.193512 40.519958 0.040127 -0.089995 5.527601 0.076289
29.126314 47.095577 1.946621 7.334689 164.752838 40.925625 0.044155 -0.120359 5.528846 0.076401
29.252308 47.634197 2.019517 7.473850 165.311264 41.334446 0.047241 -0.146866 5.540801 0.074494
29.377302 48.158108 2.094810 7.569946 165.868561 41.747032 0.048685 -0.172521 5.553887 0.071500
29.502296 48.662270 2.180835 7.626909 166.426025 42.161667 0.050655 -0.195848 5.565719 0.069083
29.627291 49.156689 2.286236 7.664664 166.988190 42.582005 0.053332 -0.210110 5.574000 0.068340
29.751286 49.633831 2.433203 7.731567 167.541122 42.996838 0.057524 -0.210764 5.572929 0.065464
29.876280 50.099442 2.607315 7.823836 168.097946 43.416073 0.063726 -0.203600 5.576972 0.064044
30.001274 50.554089 2.803030 7.867566 168.654968 43.836185 0.071536 -0.203147 5.589167 0.062171
30.127268 50.986206 3.012276 7.911266 169.212753 44.257854 0.081885 -0.222795 5.595727 0.058541
30.253262 51.405586 3.221453 7.990953 169.775665 44.683392 0.091236 -0.260602 5.605031 0.056332
30.378256 51.803959 3.425147 8.105801 170.339462 45.109745 0.100741 -0.297251 5.609387 0.053504
30.504250 52.186363 3.639882 8.286314 170.903580 45.536407 0.111500 -0.308823 5.614967 0.049869
30.629244 52.548759 3.854845 8.508169 171.463715 45.959927 0.121880 -0.281999 5.620568 0.048019
30.752239 52.880272 4.043634 8.747425 172.016022 46.377087 0.131111 -0.219648 5.624644 0.042614
30.876234 53.193222 4.209410 9.052299 172.572311 46.798004 0.141068 -0.129855 5.628178 0.039565
31.011229 53.511398 4.357318 9.390815 173.172409 47.254253 0.151663 -0.016402 5.627881 0.036708
31.134224 53.786865 4.451996 9.736359 173.727509 47.677963 0.159829 0.090387 5.636673 0.033233
31.259220 54.037464 4.522027 10.156884 174.288223 48.106632 0.167262 0.186665 5.654626 0.028464
31.384214 54.266373 4.555057 10.558558 174.850922 48.535767 0.173748 0.261112 5.662256 0.027843
31.510208 54.492542 4.578694 10.941242 175.419220 48.967957 0.180299 0.311060 5.670730 0.026193
31.636202 54.713936 4.593928 11.359685 175.982788 49.398441 0.187527 0.338050 5.680611 0.025545
31.750196 54.904186 4.596283 11.732326 176.497452 49.792522 0.194009 0.347058 5.687336 0.024187
31.876190 55.104969 4.589540 12.144150 177.066910 50.229637 0.201729 0.343570 5.703067 0.022908
32.001186 55.290733 4.567583 12.514826 177.638824 50.667107 0.210810 0.328662 5.721595 0.020262
32.127201 55.463264 4.544867 12.878650 178.210968 51.105534 0.221504 0.302432 5.722542 0.019554
32.251217 55.620605 4.531903 13.214638 178.776642 51.536549 0.233653 0.263358 5.740387 0.017466
32.376232 55.772327 4.520209 13.548578 179.348083 51.971603 0.247460 0.209626 5.748795 0.016728
32.501247 55.916573 4.514513 13.836749 179.920013 52.407253 0.261317 0.147113 5.751519 0.015798
32.634262 56.051746 4.522554 14.106130 180.533401 52.874413 0.276367 0.083461 5.753769 0.013751
32.758278 56.152184 4.547826 14.337554 181.095276 53.304649 0.289660 0.037698 5.755692 0.009997
32.883293 56.230747 4.587318 14.555024 181.665085 53.742332 0.302097 0.001146 5.743109 0.008082
33.008308 56.299442 4.626203 14.781286 182.229538 54.177402 0.313815 -0.034784 5.747871 0.005921
33.134323 56.341469 4.661405 14.967897 182.803543 54.619896 0.326810 -0.077143 5.753526 0.003186
33.259338 56.373325 4.711956 15.160344 183.377029 55.063797 0.342008 -0.121226 5.760438 0.001559
33.385353 56.398739 4.760219 15.313754 183.946869 55.505325 0.358168 -0.158232 5.774055 0.001660
33.510368 56.432446 4.797314 15.473701 184.517578 55.947536 0.374173 -0.187677 5.775971 0.003170
33.634384 56.453716 4.848173 15.553902 185.089539 56.390739 0.389532 -0.218282 5.789791 0.000647
33.759399 56.465084 4.901346 15.613278 185.661652 56.834770 0.403801 -0.260039 5.797849 0.001091
33.884415 56.473194 4.932325 15.604934 186.234558 57.279743 0.417403 -0.311928 5.807982 0.001412
34.010429 56.470657 4.957738 15.533232 186.812790 57.729256 0.430393 -0.360395 5.817635 -0.000136
34.125443 56.465401 4.969611 15.409525 187.337631 58.136200 0.441295 -0.384739 5.833027 0.000955
34.260460 56.452534 4.964192 15.255293 187.963959 58.623192 0.452570 -0.374305 5.834928 -0.000353
34.386475 56.434895 4.949972 15.030540 188.540405 59.071877 0.461565 -0.321552 5.848774 -0.000482
34.500488 56.415646 4.906747 14.764325 189.071426 59.486729 0.469372 -0.237763 5.865276 0.000677
34.626503 56.402138 4.833858 14.443892 189.647415 59.940933 0.476773 -0.113785 5.871830 0.002400
34.751518 56.381283 4.715775 14.109816 190.228333 60.401360 0.483907 0.033012 5.892727 0.001616
34.877533 56.365044 4.581064 13.714785 190.810776 60.863800 0.489128 0.180616 5.910670 0.001275
35.003548 56.339390 4.405322 13.319683 191.393585 61.329517 0.494833 0.304756 5.926293 0.001325
35.129562 56.324490 4.202293 12.926473 191.976852 61.798191 0.501221 0.389809 5.945931 0.002965
35.255577 56.307423 3.977988 12.502037 192.561584 62.269962 0.507097 0.435096 5.980188 0.001335
35.380592 56.278118 3.728609 12.049288 193.143646 62.741310 0.512463 0.446707 5.999392 -0.001017
35.505608 56.241577 3.456190 11.611724 193.724548 63.216988 0.518134 0.426962 6.015371 -0.002701
35.630623 56.181736 3.170280 11.151676 194.304810 63.697071 0.523816 0.372123 6.033584 -0.005291
35.753639 56.115074 2.872821 10.647808 194.876968 64.173744 0.529904 0.283789 6.065307 -0.006335
35.875656 56.034294 2.598867 10.066457 195.444153 64.650734 0.535973 0.172727 6.083676 -0.009209
36.002670 55.923660 2.330963 9.367024 196.034866 65.151611 0.541946 0.048653 6.105348 -0.012066
36.128685 55.799088 2.094363 8.654016 196.620270 65.652115 0.548111 -0.070322 6.121130 -0.014597
36.254700 55.653671 1.895626 7.854071 197.205597 66.156754 0.553233 -0.177790 6.140035 -0.018496
36.380714 55.493458 1.727697 7.055069 197.785950 66.661903 0.557929 -0.263802 6.159408 -0.019436
36.505730 55.319542 1.587457 6.269724 198.368515 67.175888 0.563151 -0.315988 6.174436 -0.022439
36.630745 55.131992 1.475026 5.496146 198.945694 67.689949 0.567557 -0.324597 6.186048 -0.023911
36.755760 54.926994 1.382985 4.777743 199.522522 68.208015 0.570702 -0.295145 6.213355 -0.027542
36.880775 54.699291 1.284729 4.089847 200.098755 68.731125 0.571777 -0.244682 6.235755 -0.030813
37.004791 54.443680 1.168573 3.453129 200.668701 69.256096 0.571652 -0.191990 6.257009 -0.035547
37.130806 54.150974 1.045887 2.859466 201.244904 69.795967 0.569913 -0.146192 6.272868 -0.040678
37.256821 53.836205 0.910967 2.216142 201.815247 70.336823 0.565621 -0.110418 6.296220 -0.043038
37.382835 53.513084 0.762144 1.587970 202.388077 70.887276 0.557487 -0.081900 6.310925 -0.043440
37.507851 53.183506 0.605673 1.002110 202.957794 71.443993 0.546576 -0.058243 6.328867 -0.045159
37.632866 52.851688 0.427449 0.428107 203.520950 72.001610 0.535270 -0.037640 6.347387 -0.046446
37.758881 52.505943 0.220819 -0.142421 204.086166 72.570480 0.523139 -0.019259 6.373672 -0.047076
37.883896 52.170349 0.005236 -0.720662 204.644104 73.141106 0.512141 -0.001635 6.391025 -0.047584
38.007912 51.829685 -0.236112 -1.322330 205.195129 73.712914 0.501900 0.022249 6.413344 -0.047775
38.131927 51.495052 -0.504975 -1.819190 205.741531 74.292397 0.492395 0.063133 6.430821 -0.047854
38.256943 51.149475 -0.785944 -2.281033 206.289490 74.883430 0.484333 0.127614 6.459081 -0.050058
38.381958 50.796215 -1.092216 -2.704196 206.828888 75.477562 0.476624 0.207188 6.480442 -0.051486
38.505974 50.425438 -1.391336 -3.106772 207.369522 76.083824 0.470842 0.284398 6.508405 -0.054026
38.630989 50.043190 -1.669648 -3.502013 207.906631 76.696037 0.466674 0.338900 6.521190 -0.054920
38.757004 49.652729 -1.918826 -3.887172 208.444473 77.319359 0.464551 0.360160 6.543627 -0.055896
38.882019 49.264763 -2.127029 -4.213447 208.975708 77.943092 0.464008 0.346847 6.563770 -0.055937
39.008034 48.876122 -2.284038 -4.524850 209.503830 78.572350 0.461221 0.302457 6.580395 -0.056503
39.133049 48.479023 -2.357309 -4.837993 210.032303 79.211121 0.455647 0.231905 6.579133 -0.056935
39.258064 48.091873 -2.371632 -5.099077 210.551849 79.848289 0.448163 0.145596 6.577972 -0.054888
39.383080 47.712746 -2.330050 -5.332417 211.066910 80.489067 0.435730 0.054611 6.570130 -0.054991
39.508095 47.343536 -2.244829 -5.556069 211.576004 81.131493 0.420225 -0.033281 6.550025 -0.051810
39.632111 46.996143 -2.112085 -5.724543 212.075867 81.769211 0.400831 -0.115221 6.523408 -0.048863
39.757126 46.664246 -1.925032 -5.814001 212.571228 82.406021 0.376621 -0.188740 6.493059 -0.046279
39.882141 46.352303 -1.702877 -5.862364 213.070435 83.050797 0.349436 -0.246081 6.450050 -0.042918
40.007156 46.058361 -1.459562 -5.920627 213.557114 83.682732 0.321431 -0.273482 6.419182 -0.040608
40.132172 45.776096 -1.204141 -5.927756 214.042221 84.317719 0.289745 -0.268630 6.376793 -0.038914
40.256187 45.518150 -0.956827 -5.890146 214.523712 84.949120 0.258221 -0.240596 6.336123 -0.034573
40.382202 45.278385 -0.731819 -5.807946 215.001465 85.577011 0.228933 -0.206499 6.295248 -0.031871
40.507217 45.070774 -0.541070 -5.679254 215.474884 86.201607 0.203852 -0.179043 6.251853 -0.027970
40.632233 44.876076 -0.379426 -5.447237 215.947983 86.828751 0.183413 -0.161044 6.223128 -0.024967
40.757248 44.710163 -0.247395 -5.135804 216.415329 87.448494 0.168007 -0.149266 6.196692 -0.021212
40.881264 44.566730 -0.130289 -4.856514 216.877808 88.059845 0.158894 -0.138389 6.175989 -0.018641
41.006279 44.453552 -0.035364 -4.570087 217.343079 88.673294 0.157306 -0.123364 6.149055 -0.014391
41.131294 44.360443 0.049740 -4.260265 217.808685 89.283318 0.161273 -0.100152 6.134598 -0.011983
41.256310 44.284794 0.123788 -3.900962 218.275055 89.890465 0.170894 -0.067791 6.125237 -0.009998
41.381325 44.221786 0.177075 -3.493932 218.744354 90.494713 0.182872 -0.030187 6.118418 -0.008005
41.506340 44.176754 0.203226 -3.089698 219.213135 91.090752 0.196149 0.004047 6.113708 -0.005507
41.630356 44.147003 0.229766 -2.698073 219.689468 91.688972 0.209013 0.030118 6.118890 -0.004113
41.755371 44.120090 0.244114 -2.277431 220.170792 92.284660 0.219795 0.049566 6.130244 -0.003373
41.880386 44.106895 0.261831 -1.812516 220.652710 92.874062 0.228732 0.071048 6.146989 -0.000933
42.005402 44.111519 0.273926 -1.311640 221.146759 93.472107 0.236604 0.103548 6.161579 0.000010
42.131416 44.119453 0.292663 -0.812313 221.643036 94.063255 0.241746 0.147549 6.185140 0.001475
42.256432 44.142460 0.322733 -0.283847 222.149582 94.658455 0.244615 0.195131 6.211952 0.003194
42.381447 44.157940 0.347286 0.188610 222.657547 95.247551 0.246426 0.231743 6.231553 0.001284
42.506462 44.173439 0.365192 0.642466 223.172913 95.835228 0.247854 0.244950 6.266017 0.002835
42.631477 44.197189 0.388603 1.131753 223.690536 96.417389 0.249143 0.229683 6.294194 0.003024
42.756493 44.232395 0.425311 1.600622 224.220032 97.003159 0.250425 0.189407 6.330867 0.005948
42.881508 44.278503 0.468082 2.067523 224.758438 97.593872 0.253393 0.134322 6.351927 0.006772
43.007523 44.329067 0.525726 2.441037 225.304169 98.182846 0.258214 0.075751 6.385138 0.006377
43.133537 44.359844 0.594402 2.777893 225.850372 98.766083 0.265931 0.022033 6.398941 0.001527
43.258553 44.358864 0.669062 3.019927 226.400635 99.348274 0.277045 -0.024274 6.417415 -0.000961
43.383568 44.340389 0.738696 3.194021 226.960190 99.933884 0.290564 -0.061202 6.441909 -0.004633
43.508583 44.296597 0.788999 3.347494 227.520981 100.514885 0.307426 -0.085719 6.474539 -0.007459
43.633598 44.230988 0.820223 3.438124 228.087799 101.094872 0.326438 -0.097578 6.498617 -0.011074
43.758614 44.131374 0.812061 3.449717 228.660721 101.673691 0.345721 -0.102120 6.528343 -0.015260
43.883629 44.012768 0.785226 3.363953 229.239670 102.252525 0.364103 -0.108235 6.564408 -0.017312
44.007645 43.878036 0.720143 3.229473 229.818954 102.828087 0.380913 -0.121268 6.599011 -0.020012
44.132660 43.729298 0.618843 3.043515 230.408371 103.408958 0.397017 -0.136233 6.638847 -0.021461
44.257675 43.558151 0.500775 2.761575 231.002365 103.991791 0.409366 -0.139757 6.671982 -0.025001
44.383690 43.361156 0.380410 2.438951 231.606186 104.580482 0.418471 -0.120653 6.707452 -0.029013
44.509705 43.138527 0.246686 2.032547 232.209717 105.165863 0.424691 -0.080611 6.743447 -0.032055
44.635719 42.883888 0.115985 1.614840 232.822571 105.757751 0.428029 -0.030080 6.773187 -0.037143
44.758736 42.609707 -0.015559 1.180953 233.430069 106.340775 0.429659 0.016747 6.804018 -0.039463
44.880749 42.310177 -0.146398 0.668912 234.032288 106.915741 0.429446 0.054694 6.833887 -0.044933
45.003765 41.977337 -0.278494 0.132366 234.637421 107.490616 0.429194 0.085622 6.847283 -0.049927
45.136780 41.580940 -0.407950 -0.448756 235.305298 108.121971 0.428340 0.114173 6.863918 -0.052970
45.259796 41.185760 -0.497067 -1.047591 235.921799 108.699898 0.428564 0.135343 6.871761 -0.058941
45.382813 40.766712 -0.558779 -1.639102 236.539810 109.278336 0.430099 0.149330 6.887867 -0.061605
45.506828 40.324749 -0.592874 -2.175223 237.164230 109.862350 0.434075 0.152236 6.898908 -0.064295
45.631844 39.859303 -0.600486 -2.703040 237.788956 110.446564 0.439056 0.141211 6.894583 -0.067490
45.755859 39.377522 -0.591634 -3.153973 238.418671 111.034401 0.444630 0.116432 6.888553 -0.068447
45.880875 38.884350 -0.557082 -3.592952 239.050613 111.619232 0.451119 0.082202 6.886826 -0.070196
46.005890 38.370739 -0.519572 -4.045723 239.684097 112.201790 0.456204 0.043253 6.883272 -0.073779
46.130905 37.842747 -0.472427 -4.520751 240.318848 112.781212 0.458554 -0.000139 6.872453 -0.073981
46.255920 37.315525 -0.412736 -4.950595 240.954910 113.357597 0.457691 -0.051444 6.859409 -0.074246
46.380936 36.781433 -0.347661 -5.307306 241.590912 113.931267 0.455316 -0.110289 6.847689 -0.075572
46.507950 36.244499 -0.301915 -5.578155 242.231659 114.507561 0.450079 -0.167098 6.834121 -0.074463
46.632965 35.708607 -0.265089 -5.832521 242.871384 115.081802 0.443838 -0.204584 6.816811 -0.074258
46.758980 35.176319 -0.237311 -6.063527 243.505508 115.649612 0.434606 -0.212664 6.799952 -0.074273
46.883995 34.650162 -0.206649 -6.252527 244.143280 116.218918 0.421626 -0.195791 6.773521 -0.072957
47.009010 34.131077 -0.169318 -6.387832 244.774521 116.780174 0.405200 -0.168993 6.746070 -0.072219
47.134026 33.611565 -0.146364 -6.521413 245.404510 117.337608 0.387467 -0.145187 6.712286 -0.072720
47.258041 33.097355 -0.140008 -6.634380 246.027466 117.886742 0.369376 -0.126921 6.687544 -0.072332
47.383057 32.577652 -0.154122 -6.645444 246.653168 118.436935 0.353845 -0.106858 6.649416 -0.073675
47.508072 32.056725 -0.154058 -6.558722 247.276962 118.981918 0.339552 -0.075791 6.610013 -0.072479
47.633087 31.534489 -0.138338 -6.445193 247.899109 119.522720 0.327260 -0.031537 6.575425 -0.072647
47.758102 31.029488 -0.127992 -6.271597 248.513748 120.054176 0.317478 0.017350 6.538361 -0.069274
47.883118 30.536150 -0.118720 -5.996585 249.135834 120.589706 0.309260 0.058948 6.495521 -0.066100
48.009132 30.066248 -0.106651 -5.687904 249.750565 121.115677 0.303140 0.084677 6.451007 -0.064802
48.134148 29.608593 -0.078774 -5.398243 250.367447 121.639420 0.297523 0.098134 6.400920 -0.062849
48.260162 29.159233 -0.031751 -5.116826 250.982208 122.156723 0.292965 0.108696 6.360678 -0.062418
48.386177 28.719959 0.018003 -4.865366 251.590530 122.664742 0.291134 0.120452 6.321161 -0.061641
48.511192 28.282429 0.061842 -4.640467 252.197006 123.167618 0.291510 0.128503 6.292201 -0.060485
48.632202 27.868977 0.087305 -4.475448 252.782990 123.649391 0.293270 0.126767 6.256590 -0.059783
48.757217 27.456545 0.114569 -4.333158 253.390839 124.146378 0.293029 0.114173 6.218270 -0.056210
48.882233 27.060175 0.158400 -4.172771 253.994232 124.634026 0.291133 0.096203 6.196416 -0.054080
49.008247 26.678970 0.211859 -4.042552 254.604050 125.118019 0.288413 0.077708 6.173024 -0.051925
49.133263 26.304123 0.266857 -3.884461 255.209579 125.593369 0.283557 0.061375 6.152349 -0.051860
49.256279 25.943411 0.312067 -3.699244 255.800735 126.053291 0.277253 0.049278 6.135409 -0.051845
49.380295 25.575489 0.352732 -3.526224 256.408325 126.519196 0.268271 0.043751 6.119391 -0.050171
49.505310 25.217707 0.406604 -3.348415 257.017426 126.980484 0.257645 0.046553 6.107851 -0.049829
49.628326 24.877260 0.449658 -3.201676 257.618896 127.429298 0.245611 0.055005 6.097220 -0.048192
49.752342 24.538509 0.492905 -3.064345 258.228394 127.875404 0.233207 0.067460 6.085212 -0.047864
49.878357 24.201071 0.546283 -2.903110 258.843933 128.320221 0.222239 0.086185 6.070240 -0.046129
50.003372 23.879164 0.597738 -2.779995 259.461304 128.758774 0.214838 0.113140 6.055869 -0.044372
50.128387 23.566133 0.665149 -2.679768 260.087402 129.195679 0.212274 0.140990 6.053953 -0.043638
50.253403 23.251036 0.757417 -2.603173 260.711090 129.623459 0.213081 0.153397 6.046719 -0.043822
50.378418 22.952129 0.855872 -2.544132 261.337799 130.046967 0.217639 0.136295 6.055019 -0.040429
50.503433 22.671541 0.953605 -2.447223 261.968109 130.465225 0.224867 0.087833 6.048247 -0.038143
50.628448 22.403185 1.058332 -2.314417 262.601898 130.877151 0.235298 0.016997 6.048029 -0.037789
50.753464 22.141981 1.164158 -2.202016 263.234558 131.280136 0.248376 -0.065180 6.050220 -0.036451
50.877480 21.886110 1.263135 -2.044736 263.876556 131.680847 0.261023 -0.151973 6.055219 -0.035953
51.003494 21.626024 1.360341 -1.838946 264.528381 132.079941 0.273349 -0.234012 6.069943 -0.036445
51.129509 21.361027 1.443858 -1.670281 265.186005 132.473221 0.283763 -0.297429 6.090580 -0.036560
51.255524 21.100445 1.519292 -1.484332 265.850555 132.861664 0.292458 -0.332252 6.122416 -0.037329
51.381538 20.837200 1.601972 -1.238080 266.515900 133.243515 0.298460 -0.338949 6.150185 -0.038353
51.507553 20.559904 1.680418 -1.008382 267.194092 133.623993 0.301801 -0.327006 6.175750 -0.039410
51.633568 20.281359 1.747633 -0.784458 267.878418 133.999985 0.301501 -0.303306 6.209288 -0.040380
51.759583 20.003603 1.809864 -0.499746 268.569611 134.373398 0.298914 -0.266271 6.246965 -0.039588
51.884598 19.723444 1.863475 -0.224473 269.267181 134.743576 0.295744 -0.210038 6.283840 -0.039365
52.010612 19.450327 1.920741 0.054925 269.972626 135.108185 0.293250 -0.133851 6.315696 -0.039246
52.136627 19.174486 1.972625 0.347123 270.679901 135.465240 0.290513 -0.048676 6.351374 -0.039298
52.261642 18.904602 2.013678 0.639918 271.400085 135.820068 0.290919 0.032232 6.384687 -0.038735
52.387657 18.623533 2.042731 0.930212 272.127777 136.169144 0.294597 0.098446 6.421362 -0.040660
52.512672 18.332157 2.070316 1.166352 272.857971 136.510239 0.301134 0.150429 6.462446 -0.042977
52.627686 18.047010 2.090803 1.369161 273.535828 136.820236 0.310693 0.191080 6.491661 -0.045480
52.753700 17.714283 2.119311 1.548111 274.285645 137.154938 0.323027 0.230209 6.537199 -0.047030
52.877716 17.382191 2.143013 1.664017 275.031677 137.480362 0.338184 0.259538 6.587603 -0.048002
53.003731 17.048765 2.176450 1.734932 275.798492 137.805283 0.356292 0.273898 6.629359 -0.045446
53.129745 16.724108 2.222645 1.758158 276.567535 138.123154 0.375462 0.272664 6.677594 -0.045593
53.254761 16.399075 2.285263 1.763489 277.350159 138.440002 0.393657 0.262508 6.718280 -0.044688
53.380775 16.068094 2.371579 1.712212 278.135040 138.748764 0.408723 0.248641 6.770059 -0.047862
53.505791 15.724442 2.475049 1.605469 278.929840 139.051987 0.420218 0.227885 6.833041 -0.046140
53.631805 15.379505 2.599038 1.465229 279.741302 139.352905 0.426647 0.192781 6.894383 -0.047054
53.757820 15.025585 2.744728 1.256667 280.564087 139.647827 0.428457 0.142970 6.965486 -0.047227
53.882835 14.670299 2.917908 0.971228 281.396973 139.938095 0.425639 0.089571 7.022181 -0.047055
54.006851 14.321062 3.091565 0.662014 282.219666 140.216797 0.420147 0.046353 7.089019 -0.046971
54.131866 13.960005 3.263322 0.347437 283.071075 140.499420 0.410860 0.013245 7.140943 -0.047812
54.257881 13.605406 3.412742 0.063244 283.932190 140.777832 0.397653 -0.020010 7.209915 -0.046563
54.383896 13.252313 3.567904 -0.091758 284.795166 141.052673 0.381692 -0.065566 7.264972 -0.048594
54.508911 12.893229 3.734558 -0.156312 285.672852 141.325867 0.365021 -0.126067 7.316992 -0.049811
54.633926 12.538999 3.906118 -0.161384 286.552185 141.593277 0.348493 -0.189138 7.375635 -0.047918
54.757942 12.199224 4.084656 -0.152947 287.432098 141.853882 0.333711 -0.237183 7.416377 -0.047441
54.883957 11.867753 4.288881 -0.165629 288.332825 142.111679 0.318967 -0.258272 7.453391 -0.044949
55.009972 11.539435 4.511178 -0.138376 289.233429 142.361710 0.306867 -0.250102 7.494831 -0.047140
55.134987 11.206061 4.755290 -0.062984 290.139771 142.606018 0.298294 -0.223192 7.524853 -0.047252
55.260002 10.879997 5.020999 0.079568 291.059174 142.847824 0.291931 -0.190185 7.559004 -0.047562
55.386017 10.563540 5.300528 0.252281 291.983215 143.082825 0.288304 -0.158047 7.574411 -0.045591
55.511032 10.244838 5.590861 0.410404 292.903381 143.308487 0.286902 -0.123867 7.580744 -0.046586
55.636047 9.935359 5.902722 0.582136 293.818237 143.526489 0.287892 -0.082866 7.587345 -0.046366
55.761063 9.638478 6.235863 0.705952 294.742279 143.739777 0.289177 -0.036442 7.587561 -0.041172
55.886078 9.349059 6.567127 0.848272 295.674591 143.948975 0.289401 0.006318 7.577251 -0.041928
56.012093 9.078444 6.882775 0.973332 296.607666 144.151764 0.287209 0.036613 7.577295 -0.038596
56.137108 8.815611 7.154284 1.058956 297.531891 144.346558 0.283608 0.054674 7.542890 -0.037841
56.264122 8.563033 7.381952 1.165938 298.462036 144.536911 0.278448 0.066454 7.534421 -0.036081
56.378136 8.348896 7.541914 1.311494 299.310486 144.708527 0.271244 0.074862 7.523498 -0.033796
56.503151 8.131028 7.676155 1.498036 300.232452 144.891373 0.262538 0.080537 7.511350 -0.033762
56.628166 7.934802 7.763633 1.669207 301.153748 145.069946 0.250922 0.080541 7.500174 -0.029338
56.753181 7.762652 7.791399 1.793650 302.067261 145.241516 0.238073 0.074466 7.495692 -0.024413
56.878197 7.606000 7.753983 1.944328 302.994110 145.411484 0.224114 0.063588 7.471805 -0.023472
57.004211 7.470630 7.659521 2.056698 303.919342 145.576050 0.207611 0.050535 7.445372 -0.017240
57.130226 7.371865 7.517936 2.069578 304.835785 145.732712 0.191251 0.038320 7.433273 -0.012257
57.255241 7.283994 7.338121 2.056453 305.758972 145.886887 0.175547 0.028961 7.429664 -0.010644
57.381256 7.192358 7.140024 1.950220 306.681915 146.037537 0.162987 0.022048 7.416716 -0.011611
57.507271 7.099151 6.926654 1.784367 307.603851 146.185272 0.153685 0.016588 7.402489 -0.010034
57.632286 7.016459 6.689517 1.568043 308.517761 146.327927 0.146780 0.017659 7.395610 -0.006627
57.757301 6.948031 6.434375 1.326230 309.431000 146.467804 0.143847 0.036606 7.385859 -0.004256
57.882317 6.900656 6.178710 1.054803 310.342896 146.604950 0.142983 0.082172 7.376915 -0.000721
58.008331 6.885359 5.917949 0.786748 311.254669 146.739273 0.141969 0.146259 7.373707 0.002494
58.133347 6.879287 5.651657 0.538151 312.173462 146.873138 0.142875 0.202044 7.363822 0.002340
58.258362 6.891399 5.397932 0.389030 313.084503 147.006409 0.144022 0.219961 7.368955 0.004426
58.383377 6.921671 5.171403 0.288597 313.995544 147.138763 0.144221 0.189380 7.360432 0.006563
58.508392 6.967834 4.959885 0.208032 314.897614 147.268723 0.142247 0.122591 7.343455 0.007766
58.630409 7.032661 4.763813 0.131945 315.791046 147.395477 0.137475 0.043047 7.328772 0.010513
58.756424 7.116664 4.586948 0.076171 316.698059 147.521011 0.129757 -0.032713 7.327521 0.013215
58.881439 7.215436 4.423886 0.037527 317.612335 147.646759 0.119853 -0.095285 7.319930 0.015076
59.006454 7.319737 4.280115 -0.015211 318.517303 147.769989 0.109166 -0.140354 7.301948 0.014795
59.132469 7.426204 4.140368 -0.052775 319.419861 147.893112 0.097890 -0.163500 7.277960 0.014663
59.257484 7.532404 4.010239 -0.070978 320.326599 148.016571 0.085902 -0.158718 7.253894 0.015266
59.382500 7.650819 3.921004 -0.019959 321.223694 148.139267 0.074380 -0.125432 7.236116 0.016271
59.507515 7.781085 3.867336 0.134950 322.117676 148.261871 0.064087 -0.076473 7.208238 0.017286
59.629532 7.922297 3.859373 0.307235 322.986908 148.379105 0.057037 -0.035848 7.174655 0.019116
59.753548 8.080659 3.895763 0.542917 323.865875 148.497314 0.054204 -0.021970 7.133129 0.020434
59.879562 8.246277 3.950785 0.780901 324.746368 148.612701 0.054913 -0.039903 7.084517 0.021458
60.003578 8.428358 4.025730 1.059712 325.620728 148.727234 0.059426 -0.075701 7.032379 0.023844
