1.20 1.10 20 64
0.132000 0.005623 0.118150 -0.117755 0.963460 -0.000317 -0.136275 0.194678 6.732315 0.001137
0.265000 -0.002550 0.514263 -0.289133 1.862294 -0.001783 -0.067202 0.287646 6.679820 -0.003603
0.382000 -0.018799 1.035073 -0.370525 2.631371 -0.004040 0.035042 0.365485 6.594982 -0.001275
0.516000 -0.031884 1.779897 -0.444329 3.508430 -0.007108 0.181900 0.447875 6.510057 -0.001733
0.632000 -0.048565 2.497208 -0.515968 4.258921 -0.011477 0.318486 0.500111 6.436279 -0.003302
0.776000 -0.071239 3.346826 -0.569666 5.117432 -0.018428 0.468220 0.530003 6.389892 -0.002410
0.882000 -0.073184 4.065619 -0.573858 5.863801 -0.025416 0.578877 0.525414 6.378769 0.000333
1.016000 -0.062321 4.830699 -0.498597 6.713031 -0.034316 0.669519 0.489539 6.394213 0.000977
1.133000 -0.035648 5.442500 -0.433086 7.458524 -0.043257 0.713189 0.434176 6.321285 0.003632
1.266000 -0.003538 6.059996 -0.387493 8.287871 -0.054461 0.720801 0.343371 6.177897 0.003114
1.383000 0.027881 6.526281 -0.318904 9.002659 -0.065467 0.692088 0.240924 6.067415 0.003104
1.516000 0.065544 6.957879 -0.207647 9.801003 -0.078334 0.623969 0.099139 5.952826 0.002357
1.633000 0.093837 7.214291 -0.056886 10.502205 -0.091485 0.539385 -0.041326 5.851750 0.001597
1.765999 0.136216 7.320740 0.128089 11.269147 -0.107604 0.426061 -0.201059 5.828646 0.002850
1.882999 0.176025 7.206716 0.225600 11.952696 -0.125016 0.317732 -0.333138 5.938569 0.003830
2.016999 0.221440 6.818982 0.408809 12.757714 -0.147691 0.196534 -0.462478 6.059650 0.002774
2.132999 0.249044 6.298269 0.548307 13.473307 -0.168752 0.104452 -0.538561 6.162862 0.001259
2.266999 0.268977 5.542395 0.656436 14.301820 -0.194823 0.026726 -0.574062 6.281981 0.000765
2.382999 0.270708 4.798933 0.800657 15.043279 -0.218123 -0.011199 -0.559655 6.377376 -0.001984
2.516999 0.267555 3.918661 0.919654 15.899709 -0.244682 -0.010892 -0.502876 6.483755 -0.001194
2.633999 0.266350 3.153137 0.935746 16.663998 -0.270492 0.026043 -0.430395 6.570621 0.001375
2.750998 0.278033 2.441751 0.869845 17.436998 -0.298485 0.094764 -0.343277 6.641765 0.002919
2.883998 0.295123 1.735944 0.730502 18.323050 -0.334532 0.200174 -0.232280 6.684262 0.003586
3.000998 0.309938 1.218421 0.569212 19.107132 -0.367339 0.305596 -0.128014 6.721809 0.002511
3.133998 0.330352 0.742406 0.407099 20.003660 -0.404683 0.426718 -0.012807 6.762542 0.002573
3.250998 0.351133 0.440998 0.367530 20.797768 -0.436072 0.525148 0.075085 6.814138 0.003801
3.383998 0.372298 0.238291 0.393847 21.715019 -0.471080 0.618176 0.152181 6.880552 0.002810
3.501998 0.389094 0.173578 0.413803 22.525162 -0.501769 0.674896 0.196945 6.962595 0.002409
3.633998 0.411052 0.221494 0.509269 23.458292 -0.536634 0.704919 0.226916 7.066298 0.004376
3.769998 0.447171 0.393421 0.666931 24.289310 -0.568063 0.698653 0.239589 7.141499 0.004408
3.884998 0.493233 0.706988 0.955509 25.245302 -0.604653 0.656617 0.245694 7.224751 0.005798
4.000998 0.527053 1.087216 1.239127 26.093792 -0.637189 0.592101 0.252135 7.277861 0.003254
4.134998 0.556486 1.624831 1.571827 27.064938 -0.673036 0.495953 0.265503 7.320270 0.003221
4.252997 0.581545 2.165373 1.893714 27.921831 -0.702772 0.400056 0.280715 7.330293 0.003062
4.386998 0.618352 2.842372 2.246510 28.902760 -0.736076 0.287244 0.294961 7.314635 0.002415
4.502998 0.660558 3.463705 2.521346 29.749002 -0.764523 0.196248 0.297718 7.287476 0.003762
4.636998 0.717480 4.181946 2.778257 30.722956 -0.799986 0.110002 0.288856 7.252185 0.006877
4.777998 0.771023 4.671283 2.969865 31.430958 -0.826307 0.065479 0.274675 7.214945 0.006857
4.885998 0.862659 5.343487 3.239882 32.519588 -0.866997 0.028524 0.237318 7.134885 0.007861
5.001998 0.931469 5.773381 3.411974 33.342350 -0.896618 0.028824 0.193835 7.074825 0.008528
5.135999 0.997951 6.147165 3.523023 34.287033 -0.932518 0.059848 0.128107 7.041433 0.007595
5.251999 1.068189 6.375158 3.642172 35.106491 -0.963742 0.107183 0.062132 6.989803 0.009528
5.386000 1.153231 6.528641 3.702973 36.031757 -0.997532 0.177135 -0.022482 6.946880 0.010813
5.503000 1.234537 6.541061 3.755973 36.841702 -1.026955 0.245506 -0.105055 6.916893 0.011224
5.636001 1.319157 6.432876 3.735573 37.760399 -1.061133 0.319019 -0.210488 6.915765 0.011539
5.753001 1.395240 6.246171 3.688566 38.569931 -1.090735 0.375102 -0.301376 6.935270 0.011705
5.886002 1.475773 5.951521 3.663587 39.502316 -1.123167 0.425254 -0.384423 6.983130 0.010512
6.003002 1.541491 5.619545 3.606122 40.316185 -1.148926 0.453533 -0.421964 7.050278 0.011075
6.136003 1.621530 5.182453 3.502758 41.266743 -1.177676 0.464923 -0.421033 7.129721 0.012302
6.253003 1.704336 4.772460 3.393428 42.106815 -1.202879 0.455001 -0.385978 7.217974 0.014241
6.387004 1.806676 4.308329 3.277143 43.074261 -1.228680 0.422116 -0.318524 7.316717 0.015440
6.503004 1.904776 3.928725 3.177278 43.936012 -1.249307 0.378258 -0.246985 7.401696 0.016673
6.637005 2.030112 3.559124 3.055037 44.925819 -1.272109 0.317122 -0.162685 7.476159 0.017301
6.754005 2.132561 3.301214 2.867142 45.803799 -1.290796 0.259631 -0.097812 7.520823 0.017497
6.887006 2.255948 3.118982 2.581829 46.805782 -1.310502 0.197214 -0.037057 7.546511 0.017494
7.004006 2.361969 3.076074 2.344380 47.690128 -1.325241 0.151281 0.005930 7.562632 0.017552
7.137007 2.493023 3.157519 2.063945 48.703266 -1.340489 0.110986 0.053698 7.560976 0.019871
7.255007 2.618877 3.317875 1.863593 49.578945 -1.354203 0.091798 0.099044 7.534699 0.020499
7.387008 2.754752 3.626755 1.616119 50.585083 -1.369128 0.086199 0.154708 7.491614 0.019436
7.504008 2.869380 3.979493 1.388375 51.456757 -1.380534 0.096826 0.195495 7.425663 0.019287
7.638009 2.996413 4.442445 1.127712 52.437824 -1.389510 0.121631 0.221829 7.342333 0.019205
7.754009 3.123429 4.845644 1.034114 53.290642 -1.394105 0.149916 0.219904 7.256156 0.020237
7.888010 3.258210 5.285074 1.010608 54.251194 -1.395397 0.184187 0.192945 7.199200 0.016328
8.004010 3.381579 5.628450 1.004365 55.089622 -1.393918 0.213148 0.159066 7.151681 0.018026
8.138011 3.517798 5.954061 1.015354 56.037014 -1.392009 0.240064 0.126329 7.107483 0.016598
8.255010 3.630684 6.182200 1.082741 56.874985 -1.389143 0.256812 0.107459 7.099560 0.015531
8.388010 3.755706 6.347053 1.189505 57.818043 -1.384707 0.266990 0.087936 7.085018 0.014623
8.505011 3.870457 6.395728 1.343700 58.640011 -1.380273 0.267909 0.059626 7.082641 0.014963
8.638011 4.024620 6.335156 1.538999 59.590019 -1.373823 0.258984 0.010397 7.097552 0.017612
8.755012 4.154796 6.191453 1.733820 60.414375 -1.366124 0.244149 -0.029717 7.112531 0.016321
8.888012 4.320673 5.943157 1.978662 61.368652 -1.353967 0.217937 -0.050639 7.129418 0.019240
9.005013 4.477342 5.651633 2.174229 62.204559 -1.343079 0.190942 -0.038888 7.154511 0.020670
9.139013 4.669370 5.266657 2.388525 63.157475 -1.330419 0.157099 -0.007360 7.184155 0.022817
9.256014 4.838171 4.904707 2.572442 64.000099 -1.318991 0.128477 0.017793 7.212678 0.022878
9.389014 5.045710 4.502799 2.822685 64.961685 -1.305663 0.104265 0.034650 7.245810 0.025301
9.506015 5.225791 4.183351 2.922609 65.810333 -1.293398 0.092015 0.041315 7.255765 0.026242
9.639015 5.438626 3.867482 3.017402 66.781647 -1.276942 0.087665 0.046667 7.251270 0.026110
9.756016 5.616815 3.638088 3.088772 67.623558 -1.260920 0.091360 0.047212 7.265651 0.026553
9.889016 5.820731 3.439932 3.197756 68.597374 -1.239228 0.105147 0.037432 7.269085 0.024888
10.006017 5.986260 3.334389 3.253421 69.439804 -1.219409 0.124156 0.021415 7.261545 0.023976
10.139017 6.168520 3.286002 3.374446 70.411469 -1.193626 0.149497 0.003407 7.252559 0.021187
10.256018 6.325116 3.301363 3.526479 71.258499 -1.168949 0.170357 -0.002034 7.238673 0.022418
10.390018 6.499149 3.415976 3.648824 72.219261 -1.139875 0.189708 0.003471 7.213934 0.021344
10.507019 6.644835 3.580428 3.694769 73.060638 -1.113905 0.201597 0.008672 7.187442 0.020611
10.640019 6.811948 3.824142 3.670263 74.012344 -1.082591 0.207161 -0.002337 7.138794 0.021835
10.756020 6.957622 4.068641 3.596023 74.845535 -1.054193 0.203393 -0.032110 7.121216 0.023447
10.890020 7.139702 4.357245 3.465479 75.788124 -1.020628 0.189843 -0.079683 7.067897 0.027110
11.007020 7.315864 4.610527 3.309970 76.619453 -0.989906 0.170225 -0.117702 7.034026 0.028851
11.140020 7.513456 4.863554 3.108197 77.541969 -0.954561 0.145770 -0.143938 6.968552 0.028040
11.257021 7.682831 5.037543 2.898602 78.354027 -0.921140 0.123446 -0.157208 6.929372 0.028243
11.390021 7.880648 5.178065 2.659221 79.278313 -0.880467 0.097580 -0.172137 6.887250 0.028490
11.507022 8.056997 5.231941 2.463687 80.080635 -0.841834 0.079270 -0.187826 6.847431 0.029429
11.641023 8.261022 5.227760 2.247988 80.987480 -0.795141 0.063977 -0.202859 6.810157 0.029956
11.758023 8.453912 5.145502 2.146127 81.781769 -0.753408 0.054373 -0.204283 6.789871 0.030630
11.892023 8.686139 4.979348 2.115152 82.680862 -0.705298 0.051741 -0.187261 6.758976 0.032014
12.008022 8.903324 4.786155 2.123461 83.476440 -0.661505 0.057572 -0.158179 6.755354 0.030606
12.126021 9.110645 4.548870 2.128411 84.258667 -0.615970 0.070584 -0.119282 6.755304 0.032071
12.259022 9.349232 4.250218 2.177471 85.160744 -0.560836 0.093522 -0.066362 6.740258 0.029494
12.392021 9.563705 3.922838 2.201183 86.054131 -0.505051 0.119867 -0.002956 6.726709 0.028018
12.509022 9.750573 3.637290 2.262106 86.840172 -0.454161 0.144127 0.063993 6.735038 0.026301
12.626022 9.926695 3.372214 2.392830 87.626488 -0.400548 0.167359 0.146482 6.736725 0.024439
12.759023 10.126837 3.135386 2.534842 88.521385 -0.337901 0.190964 0.252549 6.754895 0.025965
12.876023 10.314064 2.965785 2.629280 89.310303 -0.281078 0.208962 0.338272 6.766657 0.028654
13.009024 10.538690 2.823919 2.769230 90.214897 -0.213330 0.221919 0.393442 6.775103 0.027959
13.126024 10.731830 2.759644 2.920643 90.999390 -0.152119 0.227989 0.384724 6.792296 0.027606
13.260025 10.947335 2.775875 3.167153 91.907112 -0.078532 0.228693 0.316943 6.800496 0.027310
13.377026 11.148861 2.845014 3.435014 92.700142 -0.013147 0.224263 0.238095 6.797548 0.029275
13.510026 11.393106 2.990604 3.779412 93.600006 0.063768 0.213879 0.164571 6.784709 0.029997
13.627027 11.606562 3.158572 4.118805 94.389107 0.134692 0.199832 0.131424 6.763058 0.029555
13.760027 11.861969 3.371554 4.420805 95.283165 0.215206 0.180913 0.118767 6.742197 0.031905
13.877028 12.092010 3.561617 4.667532 96.066452 0.286076 0.163328 0.108991 6.711102 0.032338
14.010028 12.351184 3.769442 4.964153 96.958580 0.369240 0.144183 0.077229 6.671310 0.031574
14.127028 12.588171 3.927386 5.159293 97.726707 0.444008 0.128080 0.029758 6.637864 0.033908
14.261029 12.863428 4.070763 5.267061 98.606865 0.532299 0.112670 -0.039357 6.575431 0.036626
14.377029 13.102548 4.131015 5.292965 99.363716 0.610939 0.104364 -0.098455 6.549900 0.035238
14.511030 13.384074 4.127121 5.317513 100.233742 0.703979 0.101444 -0.159258 6.515528 0.035980
14.628031 13.630892 4.064561 5.282946 100.989822 0.788187 0.105793 -0.202886 6.493406 0.037623
14.761031 13.921926 3.931512 5.147980 101.845772 0.888558 0.115060 -0.241848 6.471928 0.038760
14.882030 14.191618 3.742476 5.015808 102.648232 0.988040 0.126864 -0.262692 6.465773 0.039554
15.011030 14.458455 3.514930 4.856602 103.449760 1.089783 0.140901 -0.266236 6.467034 0.038414
15.128031 14.703801 3.265498 4.626516 104.200851 1.187530 0.155965 -0.256927 6.475744 0.038769
15.261031 14.986750 2.959042 4.286413 105.055962 1.301942 0.173577 -0.240205 6.492930 0.039407
15.378031 15.227026 2.687252 3.969254 105.821968 1.407266 0.188883 -0.228455 6.501398 0.037164
15.511031 15.480715 2.414024 3.593997 106.672577 1.527051 0.206304 -0.222007 6.512618 0.036326
15.628032 15.713024 2.219831 3.275549 107.428009 1.636773 0.219614 -0.220061 6.536826 0.037709
15.761032 15.985145 2.056475 2.935366 108.289543 1.766201 0.230425 -0.217676 6.561730 0.038226
15.878033 16.230556 1.952971 2.682725 109.048927 1.884144 0.236804 -0.211200 6.577631 0.037656
16.012033 16.502382 1.908430 2.444314 109.920761 2.022146 0.241342 -0.192722 6.592811 0.035094
16.128036 16.722628 1.941412 2.283543 110.676308 2.144464 0.241361 -0.160857 6.596092 0.033032
16.262039 16.960253 2.044975 2.161699 111.541565 2.290065 0.236378 -0.097292 6.601559 0.031181
16.378042 17.161919 2.216943 2.076557 112.301743 2.421190 0.229738 -0.015627 6.587400 0.030959
16.512045 17.401121 2.461160 2.070364 113.164352 2.572184 0.220607 0.100625 6.577341 0.032729
16.629047 17.614954 2.700713 2.104501 113.920616 2.707558 0.211415 0.205275 6.562679 0.030819
16.762051 17.841936 2.994410 2.204834 114.784554 2.866605 0.200269 0.303166 6.545325 0.027957
16.879053 18.027237 3.225980 2.319098 115.529976 3.006182 0.190857 0.351860 6.534752 0.026843
17.013056 18.241083 3.460304 2.447101 116.388260 3.169810 0.181295 0.364338 6.508865 0.028153
17.129059 18.438229 3.646160 2.541385 117.128754 3.313854 0.174032 0.350500 6.498643 0.029496
17.263062 18.676943 3.829569 2.670416 117.981758 3.483737 0.170697 0.329687 6.482625 0.030455
17.380064 18.891483 3.934656 2.837856 118.723389 3.633901 0.171615 0.320865 6.460022 0.031232
17.513067 19.146069 3.975458 3.037683 119.564552 3.805848 0.174752 0.322136 6.449642 0.032253
17.630070 19.381403 3.949138 3.188801 120.303070 3.957724 0.180110 0.321361 6.439872 0.035016
17.763073 19.672888 3.874701 3.352288 121.139389 4.132795 0.187619 0.304693 6.418383 0.037666
17.880075 19.938046 3.757177 3.562111 121.873199 4.288541 0.194928 0.272083 6.403273 0.036426
18.013079 20.241919 3.549805 3.841195 122.705093 4.469245 0.203430 0.215970 6.403197 0.038667
18.130081 20.516359 3.327935 4.028799 123.438316 4.630309 0.212590 0.156560 6.425153 0.039886
18.263084 20.830067 3.052176 4.262850 124.278992 4.819936 0.221686 0.080329 6.438857 0.038906
18.380087 21.102383 2.792127 4.480710 125.013985 4.989383 0.228266 0.013129 6.451518 0.038653
18.514090 21.407356 2.506734 4.737978 125.850471 5.186369 0.235722 -0.062087 6.464809 0.039134
18.630093 21.688168 2.287872 4.888190 126.586052 5.362238 0.243147 -0.124785 6.464862 0.041403
18.764095 22.021606 2.081441 5.004861 127.422737 5.564662 0.251023 -0.191978 6.479366 0.044630
18.881098 22.313261 1.952543 5.068810 128.159500 5.745899 0.257200 -0.246119 6.489329 0.042961
19.014101 22.660133 1.864101 5.105114 128.996643 5.954171 0.263705 -0.297376 6.485086 0.046166
19.131104 22.973452 1.834639 5.140646 129.731750 6.139528 0.268609 -0.327480 6.472155 0.046871
19.264107 23.330431 1.820606 5.157514 130.563736 6.353769 0.271565 -0.342465 6.450883 0.046434
19.381109 23.654552 1.844666 5.160324 131.292969 6.544420 0.272831 -0.341432 6.433039 0.049485
19.514112 24.022860 1.902134 5.074216 132.124252 6.764158 0.272323 -0.331978 6.409861 0.047712
19.631115 24.339104 1.963032 4.918877 132.840591 6.957232 0.270118 -0.325702 6.385394 0.047921
19.765118 24.705395 2.021350 4.773380 133.663635 7.185194 0.266051 -0.328203 6.358711 0.048477
19.881121 25.033472 2.075328 4.652617 134.378937 7.387808 0.262689 -0.337577 6.346664 0.049893
20.015123 25.406372 2.120915 4.501676 135.188293 7.621231 0.259452 -0.346486 6.323313 0.048947
20.132126 25.717844 2.141925 4.297458 135.896759 7.829098 0.258142 -0.344062 6.302681 0.046582
20.265129 26.069876 2.138854 4.037048 136.698746 8.068773 0.258477 -0.322933 6.285586 0.048573
20.382132 26.387865 2.109232 3.822512 137.401794 8.281589 0.259920 -0.287768 6.275244 0.050143
20.515135 26.767797 2.072006 3.610452 138.204193 8.528442 0.262948 -0.223332 6.258160 0.050742
20.632137 27.099274 2.042758 3.478525 138.895996 8.745424 0.267350 -0.143352 6.242911 0.050826
20.765141 27.484724 1.993948 3.301830 139.692200 8.998647 0.276293 -0.021731 6.228672 0.052084
20.882143 27.828264 1.948676 3.149118 140.378632 9.220319 0.285110 0.097869 6.212422 0.052901
21.016146 28.225422 1.883304 2.966047 141.168945 9.479567 0.296003 0.235667 6.201894 0.052180
21.132149 28.568352 1.781470 2.811965 141.855957 9.710481 0.306660 0.341167 6.187821 0.052099
21.266151 28.972639 1.626737 2.668009 142.633759 9.978351 0.318134 0.443300 6.178943 0.053585
21.382154 29.337395 1.456857 2.581649 143.314941 10.217931 0.327722 0.519115 6.172482 0.055370
21.516157 29.749336 1.247508 2.492639 144.088074 10.494336 0.334180 0.592281 6.178375 0.053790
21.633160 30.103148 1.049185 2.494043 144.766647 10.741840 0.337325 0.638258 6.174218 0.051710
21.766163 30.489590 0.831593 2.486055 145.536972 11.028041 0.338782 0.657190 6.180497 0.049559
21.883165 30.822285 0.642511 2.430226 146.213333 11.284361 0.337534 0.634900 6.186812 0.050489
22.016169 31.216578 0.461132 2.355212 146.986801 11.583160 0.334685 0.563377 6.186922 0.052082
22.133171 31.546356 0.320229 2.299117 147.653641 11.846801 0.332999 0.473598 6.178077 0.048819
22.267174 31.910498 0.195047 2.223701 148.421295 12.156913 0.332075 0.354075 6.182253 0.046162
22.383177 32.208954 0.097077 2.096155 149.085297 12.427800 0.331642 0.251396 6.179974 0.044570
22.517179 32.551537 -0.004887 1.987255 149.848755 12.746356 0.332553 0.133421 6.172977 0.044950
22.633183 32.852215 -0.066667 1.953199 150.512573 13.028984 0.334476 0.030418 6.162287 0.044236
22.767185 33.184032 -0.108325 2.003654 151.263611 13.355717 0.339574 -0.092572 6.155309 0.043692
22.884188 33.460209 -0.131421 2.046060 151.921982 13.646164 0.345012 -0.201492 6.148018 0.039233
23.017191 33.757629 -0.143642 2.090794 152.667587 13.980808 0.350786 -0.325489 6.144507 0.038471
23.134193 34.012676 -0.151192 2.151732 153.320877 14.279797 0.356843 -0.424308 6.140425 0.037521
23.251196 34.260975 -0.165408 2.223211 153.971954 14.583651 0.361736 -0.506917 6.142760 0.036057
23.384199 34.529442 -0.192045 2.227329 154.709885 14.934545 0.363937 -0.566190 6.145629 0.035047
23.501202 34.757977 -0.208314 2.200155 155.357422 15.247278 0.362604 -0.580839 6.144693 0.033852
23.635204 35.005337 -0.225049 2.173538 156.096863 15.609098 0.358778 -0.556093 6.139281 0.030697
23.751207 35.204964 -0.246287 2.098210 156.734055 15.926666 0.357153 -0.509053 6.134913 0.029045
23.884211 35.423378 -0.261787 1.971193 157.466690 16.298996 0.355205 -0.438273 6.136368 0.026365
24.001213 35.583153 -0.278297 1.800445 158.099197 16.625933 0.352489 -0.372371 6.142716 0.022376
24.134216 35.753506 -0.278984 1.578727 158.828690 17.009825 0.351580 -0.295547 6.156455 0.021939
24.252218 35.889027 -0.276920 1.345986 159.463654 17.350388 0.350633 -0.230090 6.161725 0.017677
24.385221 36.011417 -0.274406 1.035037 160.184509 17.742746 0.348956 -0.157628 6.175580 0.013902
24.502224 36.101540 -0.267524 0.761600 160.818054 18.091993 0.346810 -0.094437 6.187153 0.012430
24.635227 36.194424 -0.257824 0.476372 161.535995 18.494801 0.345153 -0.025725 6.194394 0.011399
24.752230 36.258579 -0.217918 0.296362 162.165344 18.854868 0.342918 0.025280 6.197523 0.008083
24.885233 36.312164 -0.170589 0.057190 162.879089 19.268538 0.339876 0.070254 6.207261 0.006784
25.002235 36.357719 -0.135542 -0.193187 163.510696 19.640194 0.338216 0.101665 6.213071 0.007784
25.135239 36.406502 -0.104094 -0.475099 164.221130 20.064459 0.335697 0.140269 6.225015 0.004899
25.252241 36.426594 -0.100078 -0.610995 164.838852 20.439957 0.334080 0.184281 6.239931 0.002986
25.386244 36.442760 -0.105774 -0.736849 165.549591 20.881065 0.333205 0.246767 6.247545 0.001292
25.502247 36.450764 -0.119357 -0.821900 166.169067 21.270285 0.333805 0.301360 6.260688 0.000927
25.636250 36.456024 -0.171250 -0.895451 166.872543 21.717981 0.335175 0.349788 6.273353 0.000399
25.753252 36.464832 -0.235780 -0.878343 167.489853 22.118166 0.336310 0.372738 6.297511 0.002343
25.886255 36.473587 -0.293363 -0.905971 168.192078 22.577562 0.336936 0.377154 6.319641 0.000433
26.003258 36.484688 -0.352737 -0.896651 168.809357 22.987131 0.335974 0.367651 6.337015 0.002365
26.136261 36.473522 -0.408801 -0.856893 169.510406 23.458517 0.333586 0.349871 6.363485 -0.002848
26.253263 36.434719 -0.444921 -0.868420 170.127686 23.877846 0.331471 0.330572 6.385576 -0.006685
26.387266 36.377716 -0.487501 -0.913144 170.834442 24.362892 0.330319 0.303461 6.404121 -0.007127
26.503269 36.329002 -0.516943 -0.905143 171.445847 24.787733 0.328440 0.275044 6.428007 -0.007323
26.637272 36.265263 -0.527116 -0.851836 172.151367 25.285778 0.324789 0.233486 6.458898 -0.009687
26.753275 36.182468 -0.530865 -0.816341 172.767731 25.724276 0.320733 0.189344 6.469833 -0.013102
26.887278 36.089291 -0.528397 -0.808713 173.469299 26.225452 0.315216 0.125449 6.489536 -0.011449
27.003281 36.010471 -0.504167 -0.805353 174.086304 26.669605 0.310199 0.057949 6.504136 -0.010940
27.137283 35.925564 -0.446455 -0.850311 174.787460 27.177824 0.306083 -0.027728 6.513880 -0.011197
27.254286 35.850174 -0.360047 -0.863929 175.403717 27.626251 0.302994 -0.103214 6.514690 -0.011592
27.387289 35.754074 -0.230497 -0.901694 176.103699 28.137209 0.297062 -0.186155 6.516862 -0.013386
27.504292 35.664700 -0.088098 -0.937918 176.719482 28.587513 0.289304 -0.256923 6.522182 -0.012384
27.637295 35.572548 0.093074 -1.012770 177.424011 29.103619 0.279864 -0.341934 6.517235 -0.011824
27.754297 35.494190 0.215476 -1.099553 178.033997 29.549988 0.271367 -0.413482 6.518129 -0.010724
27.888300 35.410393 0.360568 -1.179466 178.738632 30.067715 0.261023 -0.483071 6.528800 -0.010871
28.004303 35.336071 0.511019 -1.286350 179.349442 30.515301 0.252134 -0.519549 6.528802 -0.011037
28.138306 35.241024 0.679727 -1.511607 180.054672 31.032684 0.241372 -0.527799 6.523648 -0.012340
28.254309 35.169151 0.826457 -1.632472 180.668274 31.485001 0.233506 -0.503774 6.508041 -0.010253
28.388311 35.101357 0.971057 -1.734623 181.364609 31.997829 0.227139 -0.444732 6.496011 -0.008609
28.504314 35.058739 1.077881 -1.738905 181.975067 32.449673 0.223682 -0.368467 6.491035 -0.004004
28.638317 35.045971 1.168680 -1.663527 182.668167 32.963947 0.222672 -0.255210 6.491167 -0.001080
28.755320 35.047974 1.224572 -1.525771 183.278183 33.417137 0.223344 -0.141251 6.494474 0.000582
28.888323 35.061821 1.279596 -1.330877 183.971146 33.931721 0.226193 -0.001284 6.490751 0.002669
29.005325 35.089626 1.296111 -1.124617 184.586258 34.387886 0.228665 0.120933 6.488965 0.004440
29.138329 35.153629 1.279119 -0.819205 185.279358 34.903439 0.230573 0.250324 6.493557 0.010711
29.255331 35.250553 1.260602 -0.521818 185.889557 35.357002 0.230224 0.347872 6.501742 0.015524
29.390333 35.401329 1.240117 -0.124055 186.589874 35.879089 0.229910 0.433867 6.524918 0.020733
29.506336 35.557766 1.222878 0.242766 187.201584 36.335712 0.228890 0.474648 6.524689 0.023758
29.640339 35.761551 1.213177 0.726358 187.897949 36.854897 0.224828 0.474406 6.530084 0.026890
29.757341 35.961853 1.207767 1.145496 188.512772 37.310680 0.219215 0.435973 6.548964 0.029644
29.890345 36.199379 1.217008 1.626226 189.213791 37.828598 0.211211 0.362763 6.553655 0.029520
30.007347 36.411060 1.218384 2.053137 189.831177 38.284367 0.202373 0.291621 6.561109 0.032167
30.140350 36.696934 1.242273 2.512446 190.537979 38.805828 0.191742 0.215150 6.550427 0.038565
30.257353 36.973484 1.291898 2.860427 191.150848 39.254627 0.183370 0.159258 6.551190 0.042003
30.390356 37.335869 1.383898 3.240728 191.859787 39.771439 0.175255 0.108275 6.543287 0.049173
30.507359 37.682232 1.473501 3.594869 192.478241 40.222076 0.170566 0.078686 6.534453 0.051388
30.641361 38.102257 1.572426 3.969031 193.179886 40.734524 0.167997 0.059980 6.536823 0.055171
30.758364 38.487816 1.651259 4.268538 193.795670 41.185558 0.165712 0.047813 6.518718 0.057382
30.891367 38.958324 1.748114 4.544843 194.494690 41.696587 0.163256 0.022674 6.505738 0.062104
31.007370 39.388329 1.817331 4.737664 195.109940 42.144943 0.160622 -0.015583 6.505878 0.063835
31.141373 39.896347 1.891159 4.908741 195.810013 42.652248 0.158164 -0.070498 6.497157 0.067694
31.258375 40.362572 1.948456 5.062925 196.425186 43.097301 0.157297 -0.117102 6.482851 0.069568
31.391378 40.907829 2.022988 5.206497 197.126877 43.606934 0.158187 -0.166030 6.462458 0.070678
31.508381 41.401379 2.089544 5.314415 197.733200 44.046654 0.160334 -0.209501 6.448740 0.075981
31.642384 42.012074 2.161781 5.518329 198.430923 44.553146 0.163923 -0.273056 6.430673 0.079500
31.758387 42.562046 2.227293 5.714293 199.034424 44.989902 0.167863 -0.337865 6.417797 0.082915
31.892389 43.228214 2.305176 5.950801 199.731827 45.491879 0.174191 -0.407436 6.408262 0.087891
32.008392 43.843491 2.360008 6.179322 200.340057 45.928543 0.179444 -0.441939 6.386378 0.091126
32.142380 44.548569 2.423065 6.444480 201.029236 46.422897 0.185418 -0.434303 6.366416 0.090973
32.259369 45.180042 2.481504 6.649825 201.634018 46.855473 0.188840 -0.383388 6.342983 0.094393
32.392357 45.912354 2.557716 6.928332 202.317978 47.344517 0.190913 -0.285271 6.301786 0.094434
32.509346 46.562569 2.612693 7.218033 202.915482 47.772598 0.191937 -0.180540 6.270397 0.094722
32.642334 47.309101 2.657046 7.566387 203.592056 48.256107 0.192877 -0.055970 6.235399 0.096281
32.759323 47.973087 2.673794 7.906578 204.183640 48.678226 0.192881 0.042139 6.195415 0.097456
32.876312 48.644112 2.670830 8.338436 204.770584 49.098900 0.192643 0.121821 6.158046 0.096437
33.009300 49.401554 2.628375 8.838410 205.432205 49.572971 0.194189 0.182734 6.094490 0.095276
33.126289 50.053043 2.562805 9.219969 206.009109 49.987110 0.195932 0.211843 6.052369 0.094353
33.259277 50.801800 2.442822 9.686433 206.664673 50.459251 0.200566 0.228479 6.003235 0.094729
33.376266 51.439407 2.314283 10.112583 207.226563 50.865833 0.207636 0.239297 5.962176 0.093109
33.510254 52.158669 2.151853 10.663244 207.869919 51.333519 0.218577 0.254452 5.913852 0.088488
33.626244 52.754105 1.994808 11.140625 208.423645 51.735466 0.231044 0.268658 5.884743 0.086237
33.760231 53.435059 1.816543 11.682521 209.058350 52.196922 0.248918 0.280760 5.833255 0.088102
33.876221 54.030357 1.675484 12.159095 209.607224 52.598640 0.267871 0.285603 5.802005 0.085840
34.010208 54.675659 1.532431 12.585118 210.227570 53.052795 0.293034 0.288327 5.762679 0.082589
34.127197 55.228405 1.433307 12.956938 210.768311 53.450111 0.317157 0.290842 5.716670 0.079779
34.260185 55.829922 1.334709 13.292253 211.375809 53.900387 0.345978 0.289280 5.662834 0.075537
34.377174 56.328148 1.246877 13.486440 211.905167 54.293556 0.370837 0.273858 5.620354 0.071262
34.510162 56.854237 1.173116 13.676529 212.503860 54.743538 0.397978 0.226658 5.564151 0.065037
34.627151 57.280807 1.126268 13.851971 213.016113 55.132797 0.419605 0.157943 5.535780 0.062318
34.760139 57.730461 1.100427 13.989454 213.602646 55.581467 0.442569 0.052544 5.498790 0.055884
34.877129 58.083813 1.089312 13.995524 214.105972 55.969776 0.459634 -0.047849 5.466571 0.050054
35.011116 58.428341 1.074231 13.898764 214.682281 56.418827 0.474827 -0.159492 5.437586 0.041846
35.127106 58.679092 1.054542 13.745315 215.180573 56.811588 0.485920 -0.235747 5.410708 0.035516
35.261093 58.921413 1.021990 13.531036 215.740616 57.259468 0.495931 -0.282015 5.381612 0.029950
35.378082 59.090984 0.977902 13.243120 216.228790 57.655811 0.502705 -0.280938 5.368312 0.023337
35.511070 59.230194 0.916329 12.797549 216.779633 58.108990 0.508225 -0.246466 5.360762 0.017877
35.628059 59.316212 0.864027 12.315682 217.261444 58.509445 0.512178 -0.214507 5.348980 0.011526
35.761047 59.362186 0.801874 11.587847 217.809616 58.971222 0.515145 -0.205800 5.347597 0.003909
35.878036 59.364536 0.736521 10.882261 218.279694 59.375351 0.515408 -0.229138 5.342364 0.000189
36.012024 59.341728 0.623050 10.084622 218.815811 59.847733 0.515452 -0.279615 5.328948 -0.002811
36.129013 59.282230 0.516961 9.303595 219.279434 60.265125 0.513975 -0.323682 5.328841 -0.009675
36.262001 59.179554 0.367486 8.271885 219.802231 60.745155 0.510761 -0.353348 5.339435 -0.014119
36.377991 59.078304 0.198350 7.330440 220.257904 61.173904 0.507823 -0.346882 5.349156 -0.014941
36.511978 58.927757 -0.030179 6.175847 220.770370 61.669029 0.502843 -0.292996 5.370592 -0.023095
36.628967 58.761257 -0.230108 5.116425 221.216858 62.112152 0.496440 -0.209070 5.384220 -0.026324
36.761955 58.553226 -0.479372 3.902296 221.717834 62.624680 0.487882 -0.088557 5.398417 -0.028785
36.878944 58.363190 -0.706553 2.834457 222.154877 63.083817 0.479281 0.019171 5.433103 -0.031333
37.011932 58.124855 -0.969252 1.548020 222.651001 63.619125 0.467320 0.134699 5.459701 -0.035471
37.128922 57.888824 -1.166844 0.328554 223.076370 64.091454 0.454656 0.220887 5.494581 -0.040083
37.262909 57.594032 -1.386741 -1.037372 223.561264 64.648232 0.436847 0.301906 5.525794 -0.043988
37.378899 57.321804 -1.574033 -2.178542 223.978577 65.144981 0.418951 0.348768 5.557195 -0.044924
37.511887 57.003250 -1.757297 -3.486778 224.447189 65.720535 0.396647 0.372895 5.597243 -0.048639
37.628876 56.707214 -1.877713 -4.595972 224.854706 66.236732 0.374936 0.376829 5.637950 -0.049802
37.762863 56.376453 -1.984812 -5.729625 225.312973 66.833450 0.345964 0.378119 5.671627 -0.047149
37.879852 56.088573 -2.047933 -6.627618 225.711151 67.367271 0.318154 0.381025 5.706269 -0.048508
38.012840 55.756645 -2.077583 -7.647271 226.159058 67.983086 0.284986 0.377321 5.739492 -0.047385
38.129829 55.482040 -2.079540 -8.460763 226.547104 68.533363 0.255498 0.351772 5.768167 -0.043412
38.262817 55.189423 -2.023608 -9.283305 226.988968 69.170219 0.220956 0.282570 5.793830 -0.040706
38.379807 54.950558 -1.924859 -9.815902 227.367859 69.726891 0.191487 0.192575 5.812872 -0.036209
38.513794 54.704750 -1.770713 -10.189495 227.800354 70.375351 0.160647 0.069807 5.821298 -0.031632
38.629784 54.529671 -1.593431 -10.304990 228.173187 70.946144 0.136393 -0.031421 5.828971 -0.024455
38.763771 54.361294 -1.335427 -10.201733 228.592728 71.598465 0.113758 -0.121806 5.833187 -0.018283
38.880760 54.261822 -1.071279 -9.892823 228.960007 72.173927 0.099323 -0.172952 5.833909 -0.010522
39.013748 54.202789 -0.741711 -9.293236 229.376022 72.828751 0.088878 -0.207695 5.829387 -0.002062
39.130737 54.204216 -0.440971 -8.583982 229.742950 73.404022 0.085130 -0.227769 5.832380 0.004026
39.263725 54.250702 -0.093447 -7.597093 230.161316 74.057137 0.085005 -0.250475 5.833390 0.008283
39.380714 54.330482 0.195285 -6.547637 230.531387 74.631210 0.086804 -0.274761 5.841319 0.014453
39.513702 54.482407 0.489633 -5.153405 230.957840 75.288277 0.091787 -0.308999 5.848569 0.022421
39.630692 54.651901 0.695021 -3.889638 231.333282 75.860748 0.097803 -0.337418 5.857209 0.024338
39.763680 54.884411 0.884595 -2.331980 231.765305 76.509903 0.103464 -0.358318 5.871814 0.030450
39.880669 55.127857 1.015947 -0.879947 232.150940 77.079735 0.108773 -0.355081 5.892160 0.034628
40.014656 55.435532 1.119807 0.813682 232.596558 77.725952 0.115402 -0.321628 5.906850 0.037902
40.131645 55.733250 1.160464 2.367541 232.992569 78.294342 0.123090 -0.269410 5.927535 0.040513
40.264633 56.092533 1.178219 4.089477 233.448227 78.940376 0.136885 -0.191008 5.954664 0.043549
40.381622 56.414490 1.168009 5.545633 233.854019 79.508545 0.153747 -0.112992 5.970791 0.043593
40.514610 56.776730 1.135246 7.157555 234.325073 80.158516 0.176999 -0.019786 6.001346 0.042648
40.631599 57.095169 1.081781 8.435263 234.737854 80.721405 0.199461 0.053474 6.027540 0.044776
40.765587 57.455315 0.981713 9.876036 235.220062 81.371918 0.230841 0.119259 6.053758 0.042750
40.881577 57.756386 0.896639 10.988319 235.647491 81.940201 0.262496 0.155213 6.092787 0.043447
41.014565 58.107056 0.831045 11.968492 236.139648 82.587196 0.301268 0.180303 6.128186 0.043878
41.131554 58.411152 0.789996 12.627844 236.577286 83.157516 0.334566 0.198386 6.153637 0.044238
41.265541 58.752407 0.738442 13.136554 237.078400 83.806282 0.370298 0.222717 6.167031 0.042642
41.382530 59.039734 0.697126 13.396063 237.522491 84.376610 0.399782 0.249317 6.183469 0.041578
41.515518 59.347816 0.646235 13.466885 238.031036 85.025421 0.427849 0.287375 6.211552 0.039419
41.632507 59.593109 0.614801 13.325364 238.480179 85.598175 0.448177 0.326616 6.223217 0.035179
41.765495 59.835278 0.603282 12.972847 238.996170 86.255966 0.464467 0.373451 6.251164 0.031129
41.882484 60.031593 0.611217 12.525647 239.447052 86.833221 0.471163 0.402981 6.263631 0.029395
42.015472 60.234444 0.636617 11.796627 239.958618 87.491867 0.469654 0.408286 6.273135 0.027079
42.132462 60.397724 0.668824 11.004384 240.406906 88.072838 0.462969 0.380557 6.272207 0.025286
42.266449 60.565994 0.710443 9.966288 240.914551 88.735031 0.447809 0.314251 6.268645 0.022229
42.382439 60.689018 0.738515 8.925488 241.358002 89.318977 0.429750 0.233960 6.265912 0.019982
42.516426 60.804340 0.756691 7.645319 241.857468 89.985962 0.405018 0.121258 6.267476 0.016714
42.632416 60.881664 0.770341 6.448881 242.292679 90.575417 0.381294 0.009809 6.262474 0.012485
42.766403 60.949501 0.768034 5.068105 242.781815 91.249359 0.352940 -0.125790 6.257054 0.011826
42.883392 60.995651 0.775805 3.816556 243.206955 91.844345 0.328984 -0.240032 6.247712 0.010578
43.016380 61.032509 0.762841 2.379048 243.684143 92.524826 0.301889 -0.357284 6.251272 0.006942
43.133369 61.056747 0.727734 1.136936 244.098053 93.127289 0.279407 -0.442781 6.249224 0.004574
43.250359 61.067123 0.663730 -0.077979 244.506500 93.734093 0.257594 -0.509533 6.255622 0.002641
43.383347 61.063457 0.566427 -1.411798 244.965530 94.428307 0.235925 -0.551821 6.264009 0.001237
43.500336 61.053585 0.470245 -2.533922 245.365570 95.043228 0.220016 -0.549097 6.275165 -0.000359
43.633324 61.041340 0.347615 -3.691721 245.818939 95.752892 0.203845 -0.493700 6.289329 -0.000034
43.750313 61.027489 0.273512 -4.545956 246.207321 96.371620 0.193100 -0.413277 6.298210 -0.001390
43.883301 60.997292 0.187161 -5.299910 246.650589 97.091370 0.183907 -0.301573 6.313504 -0.004719
44.000290 60.968319 0.135909 -5.822033 247.034882 97.723831 0.177866 -0.203672 6.333005 -0.003752
44.134277 60.938286 0.102687 -6.224740 247.468781 98.447960 0.171601 -0.095856 6.360300 -0.004389
44.250267 60.902618 0.100992 -6.441688 247.848679 99.089745 0.167017 -0.007202 6.382197 -0.005907
44.384254 60.855503 0.116954 -6.490103 248.277924 99.823944 0.161686 0.084080 6.406589 -0.005662
44.501244 60.821873 0.150013 -6.329401 248.654785 100.473183 0.153453 0.147244 6.424465 -0.004845
44.634232 60.777935 0.208767 -5.984541 249.082733 101.214882 0.141162 0.199814 6.448607 -0.006550
44.751221 60.733334 0.280251 -5.526129 249.457932 101.870705 0.128507 0.229152 6.465870 -0.006591
44.884209 60.676342 0.410954 -4.821326 249.886871 102.624176 0.114101 0.249429 6.475963 -0.008541
45.001198 60.630116 0.571189 -4.087085 250.259018 103.278328 0.101727 0.254919 6.491981 -0.007531
45.134186 60.579647 0.777306 -3.127889 250.689377 104.035507 0.086398 0.245169 6.503164 -0.007890
45.251175 60.527355 0.976192 -2.234796 251.067902 104.696053 0.073133 0.225367 6.510853 -0.011139
45.385162 60.456928 1.212544 -1.127667 251.498734 105.447380 0.060926 0.200110 6.511795 -0.012808
45.501152 60.393402 1.419287 -0.133717 251.878860 106.108871 0.053683 0.184553 6.529787 -0.013584
45.635139 60.310017 1.650319 1.000084 252.312698 106.860855 0.050388 0.178375 6.525949 -0.015319
45.752129 60.237919 1.830966 1.981180 252.698273 107.521477 0.051365 0.177074 6.539830 -0.013905
45.885117 60.158997 2.009214 3.151712 253.139084 108.272224 0.058792 0.173661 6.549322 -0.016406
46.002106 60.062992 2.152632 4.163127 253.531738 108.930664 0.071344 0.165275 6.559257 -0.021340
46.135094 59.937122 2.282273 5.241669 253.985733 109.676918 0.093723 0.151963 6.576239 -0.023051
46.252083 59.827412 2.370898 6.056653 254.392014 110.331703 0.120528 0.137620 6.592769 -0.020301
46.385071 59.695641 2.488646 6.859955 254.866531 111.078300 0.158371 0.115392 6.610330 -0.022372
46.502060 59.576599 2.579867 7.504430 255.286499 111.728523 0.194646 0.087890 6.618306 -0.022484
46.635048 59.423767 2.661874 8.076225 255.772202 112.465271 0.238026 0.042237 6.645092 -0.024778
46.752037 59.269707 2.699341 8.471120 256.206329 113.112549 0.275503 -0.009334 6.671966 -0.026694
46.887028 59.065804 2.711897 8.817194 256.711548 113.852928 0.316728 -0.079469 6.701158 -0.029289
47.003017 58.856880 2.686898 8.954241 257.162354 114.497124 0.349356 -0.145158 6.729995 -0.033830
47.137005 58.588570 2.632568 9.022799 257.683899 115.228828 0.383939 -0.216915 6.771644 -0.037633
47.253994 58.324837 2.566257 8.988036 258.150818 115.872391 0.409715 -0.264383 6.809615 -0.039059
47.386982 57.998089 2.490238 8.838658 258.693024 116.602417 0.435808 -0.288233 6.858212 -0.043569
47.503971 57.691570 2.403303 8.621064 259.178894 117.244583 0.454928 -0.273583 6.899227 -0.045208
47.636959 57.322731 2.282224 8.315723 259.745209 117.980278 0.473455 -0.220596 6.952634 -0.048234
47.753948 56.973457 2.167440 7.965425 260.248535 118.622002 0.486814 -0.157743 6.986774 -0.050565
47.887936 56.545357 2.043182 7.508039 260.830597 119.351776 0.498332 -0.088462 7.036653 -0.057416
48.003925 56.128441 1.943789 7.039643 261.351227 119.992760 0.507997 -0.043432 7.072701 -0.061105
48.136913 55.621918 1.853756 6.461665 261.950104 120.721588 0.518034 -0.010171 7.113684 -0.066865
48.253906 55.137009 1.794186 5.876257 262.484161 121.361847 0.524779 0.013737 7.136757 -0.071869
48.387894 54.547081 1.743875 5.196335 263.097717 122.089127 0.530539 0.049323 7.161479 -0.075853
48.504883 54.005089 1.713868 4.595077 263.642334 122.726860 0.534992 0.089544 7.176800 -0.079139
48.637871 53.354008 1.663445 3.899427 264.267761 123.450569 0.541234 0.137591 7.203066 -0.086623
48.754860 52.729954 1.611680 3.309298 264.822968 124.084358 0.549053 0.168119 7.205080 -0.093278
48.887848 51.977070 1.564088 2.710948 265.461823 124.808739 0.561560 0.177164 7.217354 -0.099600
49.004837 51.294949 1.517409 2.223582 266.017792 125.435455 0.575098 0.159537 7.225623 -0.102564
49.137825 50.488098 1.451647 1.662819 266.664703 126.156952 0.591022 0.108768 7.237520 -0.104485
49.254814 49.777527 1.379075 1.221539 267.233124 126.785202 0.604493 0.042191 7.239683 -0.104050
49.388802 48.953426 1.309980 0.728163 267.882721 127.496063 0.617826 -0.050949 7.238354 -0.108540
49.505791 48.200138 1.246476 0.284425 268.455505 128.118912 0.625006 -0.136238 7.232143 -0.112678
49.638779 47.309082 1.161137 -0.185561 269.107819 128.824982 0.627336 -0.225584 7.224097 -0.117048
49.755768 46.509529 1.075660 -0.570358 269.682983 129.444443 0.626717 -0.287936 7.225192 -0.118493
49.888756 45.585960 0.937894 -1.036344 270.343689 130.151321 0.621806 -0.334481 7.221118 -0.119253
50.005745 44.770916 0.796999 -1.461662 270.916779 130.762024 0.614992 -0.348795 7.216832 -0.122828
50.138733 43.814808 0.607677 -1.981011 271.579010 131.464523 0.603652 -0.330804 7.194480 -0.123568
50.255722 42.989643 0.417548 -2.431909 272.151672 132.070206 0.591368 -0.283961 7.179022 -0.124300
50.388710 42.018345 0.172392 -2.933193 272.811462 132.768646 0.573921 -0.195116 7.157705 -0.126049
50.505699 41.169243 -0.054059 -3.388682 273.384979 133.376038 0.555315 -0.096009 7.124784 -0.126652
50.639687 40.201405 -0.320225 -3.968818 274.032837 134.062515 0.535818 0.033316 7.072193 -0.126182
50.755676 39.359486 -0.581690 -4.541835 274.598450 134.662354 0.519391 0.148199 7.025072 -0.126973
50.889664 38.408672 -0.895443 -5.182596 275.234070 135.339920 0.501658 0.270952 6.960389 -0.126589
51.006653 37.579346 -1.179801 -5.740777 275.786377 135.932556 0.489563 0.360995 6.894947 -0.125117
51.139641 36.640221 -1.514987 -6.381547 276.406250 136.599289 0.479848 0.440068 6.808012 -0.124496
51.256630 35.833244 -1.781030 -6.925545 276.946045 137.177872 0.473807 0.484109 6.733279 -0.122190
51.389618 34.916203 -2.053972 -7.546674 277.555298 137.831467 0.468920 0.502147 6.622573 -0.120232
51.506607 34.148132 -2.278115 -8.048548 278.073700 138.389877 0.466471 0.489563 6.529567 -0.116788
51.639595 33.299107 -2.492006 -8.621281 278.663055 139.025467 0.465185 0.446290 6.424526 -0.111983
51.757584 32.579060 -2.620410 -9.122808 279.168274 139.571289 0.464057 0.392558 6.304134 -0.110470
51.890572 31.785818 -2.719676 -9.661674 279.732697 140.179245 0.460233 0.317873 6.177263 -0.105626
52.007561 31.125214 -2.773457 -10.166290 280.220428 140.703033 0.453685 0.241888 6.066572 -0.099897
52.140549 30.427155 -2.803056 -10.646708 280.764862 141.288010 0.440818 0.138896 5.962501 -0.090761
52.257538 29.854904 -2.793828 -11.004959 281.233917 141.794830 0.424846 0.037698 5.855745 -0.085248
52.374527 29.318331 -2.759238 -11.300790 281.693756 142.292648 0.404105 -0.069225 5.745155 -0.079806
52.507515 28.755074 -2.710299 -11.628738 282.206268 142.843918 0.375952 -0.184588 5.598592 -0.073688
52.624504 28.293388 -2.646771 -11.946367 282.648651 143.317139 0.348867 -0.272730 5.493239 -0.068509
52.757492 27.810692 -2.543525 -12.269556 283.142059 143.843292 0.315118 -0.353205 5.364733 -0.063855
52.874481 27.407257 -2.423552 -12.506142 283.568573 144.295044 0.284152 -0.405444 5.265662 -0.060737
53.007469 26.991961 -2.291873 -12.745456 284.044647 144.796310 0.251444 -0.445562 5.147729 -0.052261
53.124458 26.669083 -2.153616 -12.824031 284.456024 145.228165 0.225890 -0.463229 5.061166 -0.046455
53.257446 26.334387 -1.968232 -12.845353 284.920441 145.710403 0.200839 -0.458643 4.945588 -0.041423
53.374435 26.082438 -1.791512 -12.757191 285.317902 146.116989 0.183887 -0.428414 4.869228 -0.034669
53.508423 25.846067 -1.574409 -12.523533 285.772583 146.576019 0.171030 -0.366833 4.787086 -0.026862
53.624413 25.684021 -1.374818 -12.210911 286.163727 146.964493 0.166203 -0.304078 4.728085 -0.020494
53.759399 25.548996 -1.121443 -11.678639 286.616913 147.407562 0.167006 -0.236275 4.672724 -0.013181
53.875393 25.475790 -0.888576 -11.094823 287.010773 147.783752 0.171654 -0.191173 4.640254 -0.007311
54.009384 25.440880 -0.613352 -10.251672 287.460236 148.203049 0.179508 -0.147508 4.610206 0.000275
54.125378 25.450350 -0.380817 -9.374981 287.865936 148.570953 0.187265 -0.106377 4.594119 0.003827
54.258366 25.495836 -0.154352 -8.261532 288.314423 148.966141 0.193372 -0.053524 4.603941 0.008297
54.375359 25.554596 0.015554 -7.172786 288.723328 149.317032 0.196348 -0.003562 4.608129 0.009425
54.509346 25.646936 0.173165 -5.789652 289.198151 149.714661 0.197028 0.049088 4.633759 0.012774
54.625336 25.734354 0.300083 -4.555026 289.618561 150.058868 0.193895 0.086549 4.651045 0.012554
54.759323 25.856487 0.434093 -3.199012 290.105377 150.444214 0.186165 0.127648 4.684311 0.016461
54.876312 25.993490 0.537915 -1.977332 290.542267 150.779846 0.176499 0.171382 4.724383 0.020735
55.009300 26.173597 0.653481 -0.555310 291.049988 151.155945 0.163324 0.239568 4.778533 0.023591
55.125294 26.352079 0.755998 0.711799 291.506500 151.485092 0.151463 0.313711 4.830849 0.024561
55.259285 26.579687 0.869887 2.113172 292.037506 151.856995 0.141165 0.405331 4.905904 0.029346
55.376274 26.795029 0.957116 3.275839 292.515259 152.182175 0.136219 0.476186 4.963212 0.029504
55.509262 27.041058 1.045442 4.457345 293.070404 152.551071 0.134967 0.528254 5.046595 0.030894
55.626251 27.279728 1.126080 5.372789 293.569611 152.874634 0.139157 0.535165 5.110475 0.034478
55.759239 27.564074 1.210074 6.199438 294.152679 153.244171 0.150786 0.493688 5.186563 0.034942
55.876228 27.804523 1.266886 6.696722 294.667297 153.562607 0.164800 0.425201 5.241452 0.035458
56.010216 28.096254 1.289649 7.177161 295.272217 153.931961 0.184443 0.327638 5.324361 0.037239
56.126205 28.354704 1.297728 7.480804 295.809143 154.255844 0.203447 0.239926 5.387454 0.038336
56.260193 28.632526 1.293735 7.638448 296.429626 154.625519 0.225044 0.133753 5.467293 0.033782
56.376183 28.855995 1.257722 7.637020 296.983978 154.952408 0.243068 0.026596 5.529523 0.032872
56.510174 29.093744 1.184387 7.505777 297.623535 155.326599 0.259813 -0.115820 5.605198 0.030579
56.627163 29.286184 1.120586 7.274273 298.194244 155.658737 0.272025 -0.243254 5.673257 0.028942
56.760155 29.488014 1.063018 6.820579 298.863098 156.044449 0.281477 -0.366526 5.754224 0.026639
56.877144 29.657656 1.014787 6.307107 299.440430 156.375916 0.287111 -0.432391 5.815327 0.026017
57.010132 29.841862 0.969631 5.609067 300.116791 156.761429 0.291384 -0.460377 5.882329 0.025452
57.127125 30.000496 0.941885 4.943028 300.725220 157.104172 0.294620 -0.449016 5.946249 0.025010
57.260113 30.171049 0.932463 4.136669 301.419189 157.493210 0.296063 -0.413766 6.008092 0.022584
57.379105 30.303869 0.927980 3.372461 302.030487 157.835159 0.292731 -0.379890 6.061366 0.021120
57.511097 30.430634 0.965503 2.395460 302.749725 158.234665 0.284866 -0.350156 6.116500 0.016144
57.632092 30.521967 1.031205 1.523094 303.394104 158.592789 0.276799 -0.333618 6.158571 0.014427
57.765079 30.611200 1.092238 0.626390 304.113373 158.991669 0.268804 -0.314991 6.204254 0.013568
57.881069 30.684134 1.154770 -0.140888 304.751740 159.344162 0.260737 -0.286303 6.250981 0.013295
58.015057 30.753500 1.227704 -0.996728 305.481445 159.747787 0.252507 -0.229208 6.282408 0.011476
58.132050 30.806171 1.284953 -1.713852 306.126526 160.105331 0.247564 -0.160177 6.317828 0.009751
58.249039 30.852009 1.333268 -2.325143 306.774811 160.464722 0.243927 -0.077074 6.346668 0.008901
58.382027 30.900299 1.389568 -2.860846 307.515228 160.875092 0.242018 0.026948 6.377144 0.007649
58.499016 30.935795 1.451336 -3.210515 308.169891 161.237305 0.241532 0.120991 6.406476 0.006282
58.632004 30.972935 1.507666 -3.458422 308.917511 161.649857 0.242379 0.218490 6.432036 0.005978
58.748993 31.002365 1.550940 -3.597198 309.578156 162.013260 0.246138 0.285028 6.453179 0.003930
58.881981 31.026415 1.581088 -3.648473 310.337372 162.431747 0.250859 0.327075 6.481859 0.002361
58.998970 31.037613 1.604429 -3.562782 311.002167 162.798706 0.252407 0.332234 6.499898 0.001716
59.131958 31.041803 1.600657 -3.375346 311.760651 163.217682 0.251555 0.314026 6.529188 -0.000768
59.248947 31.039751 1.574929 -3.141800 312.431671 163.587341 0.249672 0.293159 6.556804 -0.001913
59.382935 31.026712 1.531892 -2.773972 313.197998 164.008606 0.246591 0.281306 6.583666 -0.003042
59.498924 31.015614 1.467313 -2.378410 313.874390 164.380905 0.244578 0.286608 6.607488 -0.002794
59.632912 31.011225 1.377251 -1.826375 314.645752 164.805054 0.243077 0.299878 6.625224 -0.003052
59.749901 30.998270 1.297618 -1.245160 315.325439 165.181717 0.241043 0.300034 6.652181 -0.004988
59.882889 30.982643 1.202869 -0.477639 316.099792 165.613251 0.237764 0.269094 6.678773 -0.003586
59.999878 30.972874 1.134752 0.228453 316.783478 165.994293 0.235562 0.212769 6.699379 -0.003075
