1.20 1.10 20 64
0.135000 0.005605 0.078930 -0.144996 0.920964 0.000694 -0.114700 0.434716 6.720524 0.001058
0.254000 0.001415 0.318600 -0.354837 1.710344 0.001941 -0.029241 0.507905 6.663230 -0.000987
0.384000 0.000360 0.733512 -0.568543 2.570461 0.004062 0.116712 0.553273 6.576756 0.000140
0.502000 -0.002458 1.206348 -0.789985 3.340981 0.005788 0.277725 0.562018 6.491569 0.001162
0.631000 0.004098 1.762123 -1.023699 4.179816 0.007181 0.464099 0.536530 6.426836 0.003006
0.761000 0.024560 2.318191 -1.222129 5.005774 0.008280 0.636708 0.476616 6.394190 0.005167
0.878000 0.057302 2.808945 -1.398308 5.754700 0.010125 0.768282 0.400362 6.406500 0.005991
1.007000 0.094591 3.300494 -1.576367 6.585065 0.012985 0.874343 0.302475 6.464744 0.006337
1.135000 0.136243 3.778416 -1.720858 7.402510 0.016401 0.933832 0.198621 6.338405 0.006416
1.251000 0.175361 4.196646 -1.823171 8.137713 0.018767 0.944499 0.100396 6.247308 0.006873
1.379000 0.220905 4.604556 -1.949174 8.932081 0.020679 0.907539 -0.014311 6.173565 0.007132
1.506000 0.263060 4.935056 -2.056039 9.710864 0.022304 0.827315 -0.134728 6.103661 0.006387
1.634000 0.295497 5.186965 -2.161824 10.479357 0.023703 0.712917 -0.253588 6.012539 0.004571
1.762000 0.322203 5.347983 -2.214687 11.242047 0.025475 0.576865 -0.353756 5.919302 0.003629
1.878000 0.349941 5.370811 -2.248733 11.941139 0.026807 0.446589 -0.413116 6.015496 0.005642
2.005000 0.397718 5.219359 -2.321326 12.712630 0.026392 0.310784 -0.437837 6.114345 0.008438
2.130000 0.451435 4.926326 -2.381014 13.483697 0.023568 0.194785 -0.433040 6.207546 0.007946
2.257000 0.511050 4.489326 -2.339640 14.272662 0.021392 0.107260 -0.421724 6.298522 0.007072
2.383000 0.572877 3.964796 -2.105820 15.073339 0.021862 0.060216 -0.419444 6.397299 0.005366
2.509000 0.632468 3.375211 -1.798196 15.892523 0.023264 0.058560 -0.422370 6.488612 0.005728
2.636000 0.705302 2.760532 -1.351087 16.721806 0.025536 0.101473 -0.409252 6.560101 0.006933
2.754000 0.768456 2.211505 -0.859590 17.493130 0.027455 0.176464 -0.366916 6.610820 0.005988
2.883001 0.824074 1.647062 -0.308033 18.348803 0.030444 0.288604 -0.281921 6.647784 0.005359
3.011001 0.872245 1.148179 0.238311 19.202074 0.035742 0.417632 -0.168656 6.680768 0.004420
3.127001 0.909762 0.763550 0.669088 19.985647 0.041319 0.537953 -0.051826 6.711310 0.004733
3.255001 0.955134 0.424473 1.119795 20.849636 0.046682 0.661062 0.081362 6.777552 0.006139
3.383002 0.997791 0.173000 1.541140 21.715410 0.052459 0.762095 0.210772 6.851506 0.005199
3.511002 1.037882 0.007368 1.955547 22.605627 0.057982 0.834473 0.328580 6.943017 0.005494
3.628002 1.076673 -0.050646 2.344413 23.417454 0.062379 0.867666 0.411110 7.038859 0.005711
3.756002 1.113383 -0.002481 2.740087 24.333679 0.067458 0.866849 0.462848 7.144085 0.005039
3.885003 1.151441 0.149467 3.083822 25.255791 0.072476 0.825453 0.467091 7.243844 0.005062
4.002003 1.181018 0.393384 3.383409 26.108980 0.077136 0.757479 0.439192 7.321165 0.004154
4.131004 1.203809 0.766991 3.661875 27.049749 0.083478 0.659284 0.396211 7.366917 0.002443
4.258006 1.222155 1.241413 3.835001 27.994059 0.090518 0.546423 0.357439 7.383372 0.002332
4.384007 1.241378 1.808056 3.921560 28.932495 0.097740 0.430859 0.321768 7.389603 0.002157
4.511008 1.264431 2.446923 3.910533 29.862137 0.106596 0.324927 0.273305 7.368397 0.003845
4.626009 1.280230 3.059975 3.798304 30.707371 0.115346 0.245242 0.209516 7.334773 0.003073
4.751011 1.292131 3.732943 3.556040 31.627127 0.125978 0.183914 0.123436 7.279202 0.002933
4.878012 1.295495 4.376729 3.254859 32.541298 0.138279 0.153598 0.032264 7.236265 0.004044
5.004014 1.294890 4.936334 2.908142 33.456184 0.149817 0.154193 -0.059705 7.183262 0.004290
5.131015 1.278396 5.403092 2.461481 34.357929 0.161305 0.182624 -0.154799 7.138181 0.003148
5.257016 1.252885 5.772726 1.936692 35.260433 0.175118 0.234527 -0.252383 7.089612 0.003599
5.384017 1.229802 6.004413 1.473910 36.150597 0.191743 0.300965 -0.335544 7.054262 0.002553
5.510019 1.189539 6.107662 1.022830 37.037922 0.210032 0.374623 -0.386922 7.036166 0.000189
5.635020 1.139631 6.089008 0.577106 37.924038 0.228121 0.446278 -0.401330 7.036203 -0.000748
5.760022 1.083798 5.946229 0.160676 38.805504 0.246446 0.508553 -0.388300 7.064384 -0.001770
5.887023 1.033233 5.675073 -0.213099 39.699154 0.264662 0.556968 -0.360633 7.118622 -0.000825
6.002024 0.997106 5.320165 -0.536906 40.521873 0.282169 0.585365 -0.329225 7.183224 -0.000906
6.130025 0.968073 4.828279 -0.847214 41.447151 0.302773 0.594595 -0.290101 7.269409 0.000719
6.259027 0.952615 4.253382 -1.133750 42.391281 0.323344 0.578752 -0.249232 7.357075 0.001412
6.386028 0.939553 3.649191 -1.382774 43.333214 0.343148 0.538783 -0.211639 7.459396 0.000154
6.503029 0.931443 3.100363 -1.578616 44.211945 0.360796 0.487187 -0.182141 7.548032 0.000422
6.629030 0.922532 2.563338 -1.785949 45.167927 0.380214 0.420513 -0.153448 7.614213 0.000420
6.755032 0.917002 2.104162 -1.927274 46.139706 0.400649 0.347620 -0.118891 7.671878 0.000077
6.883033 0.911227 1.760998 -2.049898 47.124226 0.421989 0.278904 -0.063601 7.705430 -0.000915
7.001034 0.899873 1.576686 -2.085184 48.026360 0.442751 0.227236 0.015160 7.716555 -0.001921
7.129035 0.893777 1.541324 -2.005706 49.020542 0.466372 0.186619 0.135547 7.697158 -0.001437
7.257036 0.886995 1.685716 -1.915086 49.994671 0.489220 0.167360 0.271606 7.652936 -0.000841
7.383038 0.892082 1.987106 -1.843031 50.961029 0.511437 0.168672 0.396348 7.582774 0.000780
7.510039 0.915114 2.409559 -1.738965 51.918823 0.532722 0.187813 0.480888 7.502108 0.004134
7.627040 0.949244 2.878021 -1.638005 52.784168 0.550837 0.216797 0.513318 7.426436 0.004614
7.753041 0.990226 3.425247 -1.523533 53.719746 0.569802 0.258396 0.504843 7.327900 0.004311
7.881042 1.034740 3.964570 -1.390717 54.644131 0.588520 0.302017 0.465905 7.251924 0.004829
8.009044 1.078890 4.463302 -1.222737 55.574066 0.607721 0.343398 0.412904 7.177307 0.004382
8.126043 1.127677 4.838809 -1.007843 56.410065 0.624469 0.372247 0.361993 7.124244 0.004818
8.256042 1.194127 5.146988 -0.745556 57.319271 0.641303 0.392121 0.303795 7.096146 0.006312
8.384042 1.261289 5.329001 -0.470648 58.240902 0.657947 0.399290 0.237727 7.089346 0.006244
8.510040 1.316448 5.375070 -0.197456 59.132427 0.673563 0.393166 0.162391 7.065680 0.002548
8.627040 1.354827 5.298665 0.051243 59.951080 0.687435 0.375195 0.081493 7.053529 0.001861
8.754039 1.387610 5.093319 0.326220 60.852779 0.703173 0.343588 -0.022966 7.038962 0.000754
8.882038 1.422495 4.777598 0.545754 61.753803 0.718482 0.304279 -0.142079 7.040248 0.003301
9.009037 1.459878 4.340354 0.757288 62.647243 0.734409 0.260653 -0.266088 7.038413 0.002938
9.126036 1.487270 3.865185 0.967494 63.464066 0.749571 0.222066 -0.371713 7.045885 0.001163
9.252034 1.521905 3.295392 1.229160 64.351776 0.765460 0.187322 -0.460934 7.048453 0.003347
9.377032 1.562355 2.701677 1.479606 65.239410 0.781934 0.163856 -0.509002 7.047693 0.003844
9.504031 1.607904 2.115681 1.683541 66.127052 0.798409 0.154605 -0.513411 7.047293 0.005536
9.630030 1.659653 1.578286 1.855172 67.014542 0.813937 0.161941 -0.480750 7.042037 0.006134
9.758029 1.718411 1.113940 1.988811 67.922760 0.830518 0.184881 -0.419241 7.040287 0.008575
9.886028 1.789894 0.760556 2.028551 68.821983 0.846902 0.221207 -0.340193 7.017109 0.010413
10.003028 1.857375 0.508654 2.021127 69.634872 0.862428 0.262291 -0.262713 7.000536 0.011355
10.131027 1.941868 0.311311 1.971074 70.528694 0.880751 0.311815 -0.183268 6.973113 0.012316
10.259027 2.034978 0.193426 1.874333 71.426064 0.902009 0.359015 -0.120239 6.943616 0.012095
10.376026 2.116981 0.139264 1.777284 72.237389 0.922262 0.394566 -0.078267 6.930947 0.011967
10.504025 2.206964 0.117086 1.608372 73.123383 0.945240 0.422066 -0.037895 6.922501 0.012678
10.634026 2.297183 0.129819 1.432751 74.015923 0.969587 0.435498 0.013164 6.920011 0.011152
10.761024 2.376286 0.169319 1.260265 74.900620 0.994707 0.434792 0.082731 6.908495 0.011265
10.878024 2.458754 0.228885 1.105051 75.708191 1.019474 0.421075 0.160800 6.905016 0.012679
11.005023 2.561084 0.292443 0.937121 76.576538 1.048289 0.394991 0.248324 6.889969 0.014463
11.133022 2.661422 0.355974 0.751701 77.456917 1.077939 0.360158 0.325666 6.876298 0.013177
11.261022 2.751246 0.410068 0.554665 78.334511 1.110049 0.319515 0.377395 6.848647 0.011865
11.378021 2.830375 0.458322 0.371347 79.133232 1.140618 0.282110 0.397651 6.819478 0.013065
11.504020 2.932137 0.482123 0.186457 79.995590 1.174645 0.246174 0.390594 6.781833 0.013899
11.630018 3.017619 0.488598 0.029636 80.846893 1.210611 0.218347 0.358726 6.748079 0.010461
11.757017 3.091626 0.454677 -0.123893 81.694008 1.247711 0.200798 0.311341 6.716663 0.011619
11.882015 3.179357 0.406414 -0.300028 82.537064 1.287126 0.195313 0.257266 6.686994 0.012562
12.010015 3.273244 0.332135 -0.445266 83.382469 1.328733 0.204537 0.202160 6.645553 0.012869
12.126014 3.365931 0.221891 -0.559868 84.150093 1.366457 0.222957 0.151012 6.611379 0.014600
12.253013 3.480477 0.070755 -0.688449 84.993011 1.408135 0.252203 0.092369 6.580265 0.016786
12.379011 3.604345 -0.101317 -0.775279 85.819290 1.450576 0.286249 0.033764 6.556976 0.017249
12.505010 3.729569 -0.313615 -0.829477 86.636375 1.493659 0.321945 -0.020691 6.539532 0.017810
12.632009 3.852682 -0.555025 -0.885654 87.471382 1.539820 0.356533 -0.069522 6.532574 0.015938
12.760008 3.960322 -0.824645 -0.879985 88.299194 1.588241 0.385680 -0.112658 6.533032 0.013502
12.876007 4.050025 -1.075275 -0.895873 89.055862 1.633676 0.406878 -0.148808 6.537907 0.013699
13.004006 4.159170 -1.352100 -0.927347 89.897903 1.685392 0.423045 -0.184913 6.544388 0.014929
13.132006 4.263127 -1.610835 -0.958384 90.734901 1.736983 0.429981 -0.211940 6.553878 0.015063
13.261005 4.375108 -1.844059 -0.959713 91.573013 1.790218 0.429534 -0.229863 6.564655 0.015315
13.377005 4.476296 -2.038758 -0.949418 92.333275 1.839815 0.422271 -0.241228 6.572058 0.015718
13.505004 4.594655 -2.208537 -0.954154 93.179405 1.895861 0.410086 -0.250734 6.573413 0.015135
13.633003 4.706231 -2.331111 -0.981882 94.018982 1.952524 0.395055 -0.253816 6.574303 0.015001
13.762003 4.818119 -2.399752 -0.947472 94.858200 2.011494 0.379066 -0.243791 6.572095 0.016031
13.878002 4.918036 -2.402189 -0.886083 95.624763 2.068000 0.366187 -0.222191 6.565533 0.014588
14.004001 5.007524 -2.353686 -0.845554 96.448486 2.130368 0.356027 -0.191011 6.551348 0.011736
14.131000 5.097683 -2.248235 -0.799731 97.276703 2.193950 0.349296 -0.159709 6.534002 0.013045
14.259999 5.192438 -2.079270 -0.714666 98.108871 2.258859 0.346335 -0.132687 6.509502 0.013707
14.376999 5.273809 -1.885008 -0.657236 98.866341 2.318541 0.349062 -0.110674 6.483354 0.011901
14.505999 5.355534 -1.647966 -0.621253 99.697426 2.385161 0.355323 -0.083672 6.450744 0.010169
14.633998 5.420025 -1.423513 -0.603518 100.518219 2.452876 0.365714 -0.045657 6.426297 0.008251
14.750998 5.475902 -1.255387 -0.592009 101.266090 2.516544 0.377090 0.001970 6.406615 0.008154
14.878997 5.527179 -1.114082 -0.577191 102.082832 2.587001 0.389596 0.064671 6.407008 0.005981
15.006996 5.564166 -1.014669 -0.514237 102.906288 2.658270 0.399495 0.125913 6.410823 0.004377
15.135996 5.584986 -0.961412 -0.518300 103.730507 2.731603 0.407219 0.170952 6.419416 0.002755
15.252995 5.606388 -0.951885 -0.572934 104.479828 2.799727 0.410897 0.198133 6.436371 0.003234
15.382996 5.619288 -0.991339 -0.640117 105.307213 2.876487 0.412655 0.225011 6.444235 0.000788
15.509995 5.613437 -1.078325 -0.753494 106.129929 2.952542 0.411045 0.260823 6.457032 -0.001786
15.626994 5.605610 -1.203284 -0.876588 106.882950 3.022805 0.406615 0.300573 6.469885 -0.001422
15.755994 5.599671 -1.371984 -0.951718 107.708321 3.101375 0.400082 0.337588 6.481305 -0.001440
15.884994 5.589693 -1.560436 -1.009224 108.541542 3.179375 0.392126 0.350384 6.492574 -0.002241
16.000994 5.576948 -1.738680 -1.053163 109.298782 3.249716 0.384317 0.333750 6.504956 -0.001563
16.129986 5.565862 -1.945824 -1.073629 110.128418 3.327846 0.376483 0.288220 6.515769 -0.001791
16.257978 5.552610 -2.148604 -1.106084 110.958801 3.405836 0.369006 0.221162 6.515679 -0.002058
16.384972 5.535999 -2.325597 -1.072684 111.789505 3.483192 0.363472 0.139593 6.516686 -0.002471
16.500965 5.527306 -2.460158 -1.019331 112.541367 3.553892 0.364215 0.058473 6.506185 -0.000135
16.626959 5.513362 -2.559358 -0.943018 113.350441 3.630816 0.368421 -0.027234 6.499850 -0.002452
16.754951 5.495542 -2.605395 -0.888283 114.179314 3.709542 0.377903 -0.101639 6.508548 -0.001825
16.882944 5.475337 -2.602532 -0.872431 115.008186 3.788503 0.390763 -0.157583 6.504109 -0.003568
17.007938 5.445879 -2.540266 -0.858634 115.817352 3.865219 0.405867 -0.198311 6.499115 -0.004007
17.135931 5.406208 -2.415741 -0.814240 116.644882 3.944562 0.422644 -0.235429 6.491709 -0.005918
17.251925 5.360396 -2.246151 -0.785761 117.400002 4.017309 0.436476 -0.269507 6.478529 -0.006901
17.378918 5.311754 -2.042203 -0.774187 118.212509 4.095986 0.449424 -0.303610 6.479591 -0.006762
17.505911 5.256882 -1.828278 -0.724117 119.031754 4.176426 0.458718 -0.325970 6.483213 -0.007647
17.632904 5.195733 -1.603380 -0.639672 119.856667 4.259313 0.464967 -0.328414 6.474985 -0.007929
17.750898 5.137625 -1.407792 -0.564309 120.610947 4.334407 0.467872 -0.310807 6.485035 -0.008498
17.878891 5.080916 -1.220703 -0.420860 121.437141 4.417560 0.466432 -0.272199 6.487560 -0.007094
18.007883 5.031339 -1.052005 -0.298477 122.269875 4.500562 0.460900 -0.218056 6.490429 -0.005586
18.135876 4.980002 -0.925470 -0.137029 123.097473 4.584485 0.451824 -0.156175 6.507606 -0.007654
18.252869 4.915021 -0.823435 -0.030843 123.863052 4.660914 0.442402 -0.096229 6.526162 -0.010177
18.382860 4.841140 -0.750528 0.090637 124.702469 4.744663 0.432630 -0.028085 6.550328 -0.009840
18.511852 4.758524 -0.716654 0.226764 125.544449 4.829990 0.423326 0.043668 6.565619 -0.012237
18.628845 4.672807 -0.732231 0.321039 126.310081 4.906756 0.416443 0.112945 6.585108 -0.012364
18.756838 4.588378 -0.783369 0.379374 127.157089 4.990943 0.412120 0.189211 6.606130 -0.011234
18.884830 4.506362 -0.852503 0.427920 128.000656 5.074023 0.411659 0.252153 6.629527 -0.011134
19.001823 4.426539 -0.925766 0.454094 128.767731 5.148224 0.412871 0.285917 6.655624 -0.012656
19.129816 4.334381 -1.005072 0.474926 129.624557 5.230471 0.414905 0.287771 6.684095 -0.012188
19.258808 4.240426 -1.101578 0.469306 130.484695 5.311563 0.419171 0.250881 6.706051 -0.012181
19.375801 4.154119 -1.187305 0.454047 131.267502 5.384300 0.424005 0.192692 6.729617 -0.013432
19.504793 4.052092 -1.244037 0.327373 132.127640 5.461703 0.429909 0.116839 6.758646 -0.015364
19.632786 3.945394 -1.271503 0.213126 132.990707 5.538314 0.436663 0.043070 6.773832 -0.014436
19.760778 3.843133 -1.272183 0.120662 133.855576 5.614057 0.444887 -0.019987 6.792769 -0.012886
19.877771 3.760930 -1.248422 0.063055 134.655121 5.683523 0.452857 -0.067938 6.810486 -0.012234
20.005764 3.666882 -1.190505 0.019790 135.525696 5.757463 0.461846 -0.110170 6.831837 -0.013286
20.134756 3.570689 -1.102771 -0.020295 136.398621 5.830813 0.469770 -0.138586 6.850839 -0.012752
20.250750 3.497552 -1.002106 -0.067150 137.192398 5.897561 0.474645 -0.144518 6.878002 -0.010737
20.378742 3.430498 -0.862019 -0.138512 138.078812 5.971967 0.476987 -0.121695 6.911191 -0.007699
20.506735 3.377682 -0.700539 -0.180753 138.954697 6.046397 0.477617 -0.069565 6.926541 -0.007153
20.630730 3.324512 -0.518511 -0.203580 139.818741 6.117987 0.474928 -0.004163 6.941449 -0.007864
20.758722 3.263499 -0.308748 -0.244728 140.705963 6.191747 0.469870 0.052471 6.966504 -0.009242
20.875715 3.206882 -0.114242 -0.271415 141.512711 6.258902 0.463399 0.079026 6.986081 -0.007188
21.003708 3.156626 0.126111 -0.351368 142.412018 6.331410 0.456115 0.080134 7.002610 -0.005794
21.131701 3.120963 0.374043 -0.424069 143.307846 6.402007 0.448749 0.069845 7.035110 -0.004179
21.259693 3.090705 0.607551 -0.455440 144.206940 6.473688 0.442741 0.070332 7.059295 -0.004130
21.386686 3.065417 0.825247 -0.486852 145.095917 6.545770 0.438048 0.087890 7.089746 -0.002790
21.500681 3.050874 1.021606 -0.495837 145.911331 6.610882 0.435078 0.107721 7.131058 -0.001816
21.627674 3.041114 1.231994 -0.478312 146.810303 6.681293 0.433155 0.117091 7.172766 -0.000421
21.755667 3.032228 1.450626 -0.439718 147.735535 6.753344 0.433030 0.106501 7.204392 -0.001457
21.884659 3.034267 1.682498 -0.370890 148.664703 6.825202 0.434023 0.084661 7.239668 0.002442
22.001652 3.058044 1.895773 -0.253987 149.504532 6.889931 0.436388 0.067275 7.277855 0.002863
22.126646 3.094498 2.129614 -0.110937 150.415085 6.957941 0.439173 0.054704 7.323785 0.005941
22.253639 3.155936 2.367520 0.032523 151.353653 7.027439 0.440078 0.042853 7.372130 0.007534
22.381632 3.213256 2.615441 0.151676 152.298447 7.097844 0.438638 0.026424 7.427248 0.007361
22.510624 3.277812 2.881750 0.255525 153.249588 7.168396 0.432883 0.008295 7.467510 0.007885
22.626617 3.335754 3.122131 0.350207 154.115067 7.233200 0.424709 -0.006427 7.493477 0.008481
22.751612 3.405660 3.382397 0.405899 155.059189 7.303848 0.412509 -0.023014 7.526366 0.009388
22.879604 3.479381 3.641685 0.498667 156.014130 7.376678 0.398768 -0.047829 7.551953 0.009834
23.004599 3.553317 3.883311 0.528346 156.964233 7.448783 0.381595 -0.082974 7.571311 0.010497
23.130592 3.639204 4.103481 0.552149 157.916763 7.521688 0.362221 -0.119244 7.583532 0.012426
23.259584 3.732829 4.308493 0.618246 158.884964 7.595710 0.340791 -0.144327 7.591170 0.011216
23.375578 3.815264 4.470543 0.674109 159.764069 7.662732 0.321589 -0.153122 7.604503 0.012168
23.502571 3.916762 4.635413 0.774719 160.726318 7.736826 0.302115 -0.155698 7.600972 0.013310
23.631563 4.026049 4.783061 0.835589 161.704117 7.811783 0.285270 -0.163837 7.601682 0.014381
23.759556 4.142530 4.924012 0.891587 162.680786 7.887061 0.271939 -0.187036 7.590692 0.015019
23.876549 4.245575 5.029084 0.862907 163.557724 7.953824 0.263108 -0.220335 7.575398 0.015632
24.005541 4.356843 5.134494 0.856959 164.531204 8.029701 0.256837 -0.263749 7.571356 0.014736
24.134533 4.466958 5.232564 0.859593 165.504440 8.107470 0.255305 -0.300167 7.562294 0.014974
24.250526 4.562898 5.310811 0.804095 166.384354 8.178040 0.256797 -0.312722 7.530104 0.014151
24.379519 4.652258 5.360058 0.708263 167.344315 8.255104 0.259839 -0.291586 7.513505 0.013203
24.508511 4.738444 5.373896 0.615958 168.315948 8.333954 0.264228 -0.226140 7.486532 0.012511
24.626503 4.809592 5.349517 0.500868 169.187546 8.405170 0.267706 -0.136724 7.467219 0.012440
24.755495 4.894797 5.303873 0.336833 170.146957 8.482304 0.269763 -0.019804 7.459832 0.014040
24.884487 4.967447 5.222801 0.121263 171.113083 8.559944 0.268718 0.097934 7.455228 0.011869
25.001480 5.031508 5.107636 -0.003736 171.982437 8.630305 0.264012 0.190926 7.448182 0.012225
25.128473 5.099999 4.948047 -0.137548 172.924011 8.706435 0.254563 0.273454 7.430655 0.011179
25.254467 5.173062 4.747891 -0.268636 173.849777 8.781259 0.240359 0.335492 7.430915 0.013048
25.382460 5.239512 4.497137 -0.397106 174.804062 8.859090 0.220529 0.380007 7.417033 0.008699
25.500452 5.288130 4.246710 -0.482808 175.667175 8.929886 0.198786 0.404163 7.394893 0.007549
25.628445 5.345260 3.935277 -0.529619 176.609421 9.008249 0.174806 0.415691 7.381631 0.008460
25.757439 5.391416 3.626366 -0.603986 177.564728 9.087883 0.151548 0.415234 7.366314 0.005919
25.886431 5.423995 3.344192 -0.647208 178.502502 9.166845 0.131800 0.403897 7.343983 0.003880
26.003424 5.447711 3.106330 -0.630180 179.357727 9.239635 0.118630 0.382976 7.328516 0.003280
26.132416 5.469779 2.889957 -0.612218 180.298172 9.319361 0.111240 0.346333 7.307100 0.002283
26.261408 5.498407 2.715501 -0.531772 181.234772 9.398345 0.110111 0.299691 7.272632 0.004107
26.376402 5.520664 2.598653 -0.468731 182.066299 9.468613 0.113797 0.255017 7.244413 0.002944
26.502396 5.540472 2.499719 -0.446504 182.974167 9.544787 0.122483 0.202419 7.217616 0.002614
26.630388 5.557280 2.440417 -0.449376 183.899017 9.620698 0.134148 0.137299 7.173396 0.001224
26.759380 5.569747 2.405469 -0.411869 184.811020 9.696136 0.146761 0.055410 7.132085 0.001861
26.875374 5.586750 2.388855 -0.367099 185.632645 9.765426 0.157266 -0.029277 7.093014 0.001431
27.003366 5.606433 2.387645 -0.294392 186.542465 9.842401 0.167864 -0.127243 7.066807 0.003077
27.132359 5.631558 2.391233 -0.188642 187.441391 9.918755 0.175285 -0.223895 7.032881 0.003325
27.260351 5.656210 2.391314 -0.093356 188.335602 9.993133 0.179183 -0.323896 6.990198 0.001601
27.377344 5.667291 2.393617 0.003403 189.148453 10.060156 0.178046 -0.420364 6.958752 0.000550
27.506336 5.675053 2.369655 0.114452 190.039734 10.134090 0.173774 -0.523660 6.918431 -0.000109
27.634329 5.669838 2.325590 0.200225 190.919693 10.207356 0.164992 -0.603279 6.885220 -0.000911
27.751322 5.662055 2.275359 0.275596 191.720612 10.272970 0.153451 -0.640236 6.856693 -0.002378
27.880314 5.653516 2.202302 0.409495 192.600739 10.344914 0.138217 -0.632774 6.835147 -0.002325
28.008307 5.641170 2.118705 0.566399 193.478210 10.417927 0.124366 -0.577682 6.821189 -0.003018
28.125299 5.618805 2.050246 0.732828 194.272049 10.484694 0.114028 -0.496894 6.803422 -0.005042
28.255291 5.593613 1.978252 0.951119 195.144562 10.558014 0.104710 -0.387813 6.777924 -0.003346
28.384283 5.564633 1.896059 1.237648 196.021133 10.632050 0.100682 -0.267058 6.761228 -0.006039
28.502275 5.538017 1.849271 1.430948 196.808823 10.698633 0.102054 -0.149844 6.751362 -0.004520
28.631268 5.511400 1.821875 1.615779 197.682343 10.772589 0.106317 -0.003643 6.734744 -0.003200
28.751261 5.488561 1.799192 1.799761 198.486313 10.839694 0.113476 0.140873 6.712473 -0.003822
28.879253 5.463541 1.760012 1.965978 199.335648 10.909330 0.122075 0.283506 6.708131 -0.004000
29.007246 5.419400 1.718871 2.068474 200.190842 10.979969 0.132350 0.384056 6.701868 -0.007573
29.135239 5.364493 1.677306 2.155937 201.045151 11.051436 0.141589 0.423171 6.691473 -0.007676
29.250233 5.308284 1.648810 2.158384 201.811386 11.115797 0.148123 0.415792 6.682659 -0.008483
29.377226 5.244133 1.619207 2.110636 202.656952 11.186643 0.153279 0.389452 6.679571 -0.009331
29.504219 5.165759 1.586112 2.004799 203.501541 11.256445 0.154571 0.371792 6.672913 -0.011361
29.631212 5.074523 1.547811 1.868129 204.352310 11.326699 0.151252 0.372756 6.666527 -0.012867
29.760204 4.970281 1.509915 1.708494 205.202408 11.397352 0.143148 0.384359 6.657951 -0.014745
29.878197 4.871219 1.490579 1.521907 205.984924 11.462235 0.132688 0.393726 6.652094 -0.014397
30.006189 4.765838 1.465946 1.318159 206.833099 11.533313 0.118060 0.395202 6.643616 -0.013952
30.136181 4.654886 1.431274 1.087629 207.692490 11.606924 0.101001 0.384894 6.627077 -0.014661
30.253174 4.546048 1.397958 0.813580 208.463348 11.673004 0.088308 0.363160 6.605282 -0.015348
30.381166 4.431653 1.369275 0.519056 209.304276 11.744554 0.075984 0.318680 6.580492 -0.014788
30.509159 4.313916 1.362716 0.249839 210.148315 11.814881 0.068194 0.243082 6.557626 -0.015120
30.626152 4.212461 1.359793 0.014704 210.904922 11.876966 0.065447 0.147606 6.534544 -0.013920
30.752146 4.107244 1.369789 -0.269310 211.730698 11.943430 0.066982 0.018866 6.511713 -0.014072
30.878139 3.994046 1.381739 -0.523143 212.540359 12.008771 0.073165 -0.117290 6.486940 -0.015255
31.006132 3.879352 1.376377 -0.734565 213.370850 12.074498 0.081332 -0.250190 6.441661 -0.015220
31.135124 3.766611 1.345975 -0.899466 214.190918 12.139526 0.091764 -0.360619 6.413182 -0.014133
31.251118 3.662247 1.324588 -0.995689 214.937271 12.198281 0.103999 -0.438475 6.394489 -0.015110
31.379110 3.553028 1.306482 -1.059877 215.751770 12.261223 0.117397 -0.498338 6.375668 -0.013893
31.507103 3.442206 1.276723 -1.110046 216.558701 12.321226 0.128194 -0.534037 6.371334 -0.015635
31.634096 3.326084 1.240245 -1.121459 217.365082 12.380852 0.136514 -0.548215 6.369541 -0.015385
31.761089 3.209220 1.204649 -1.115362 218.171753 12.440643 0.140821 -0.541956 6.371291 -0.016416
31.878082 3.105926 1.169907 -1.063722 218.915329 12.494939 0.140340 -0.514398 6.374532 -0.015418
32.006077 2.980511 1.140811 -0.926237 219.729370 12.553913 0.136543 -0.451943 6.377198 -0.018385
32.134090 2.856783 1.118925 -0.787267 220.550400 12.611032 0.130638 -0.348019 6.379015 -0.015585
32.251102 2.756921 1.126572 -0.671756 221.288849 12.660649 0.124516 -0.224886 6.384012 -0.015111
32.379116 2.657847 1.167608 -0.504612 222.104065 12.715394 0.116891 -0.073279 6.382898 -0.013651
32.506130 2.563237 1.233320 -0.325499 222.912689 12.769958 0.108590 0.067100 6.378609 -0.013272
32.633144 2.473228 1.303995 -0.132901 223.726288 12.825384 0.099858 0.178179 6.363582 -0.011982
32.761158 2.386992 1.373395 0.022486 224.532394 12.878448 0.092255 0.252260 6.358696 -0.012514
32.878170 2.309986 1.448628 0.179217 225.280533 12.926958 0.087028 0.295788 6.348012 -0.012056
33.006184 2.225970 1.540783 0.301984 226.090240 12.977098 0.084876 0.326543 6.329639 -0.011237
33.135197 2.151459 1.624302 0.391657 226.898087 13.025987 0.085426 0.346238 6.316461 -0.010022
33.251209 2.088913 1.686024 0.437938 227.634598 13.068823 0.088038 0.355797 6.298933 -0.009366
33.380222 2.017520 1.739525 0.458004 228.439072 13.113226 0.091456 0.357336 6.291323 -0.008996
33.509235 1.957175 1.786824 0.498297 229.249359 13.157935 0.095834 0.353062 6.285972 -0.008889
33.626247 1.892140 1.814359 0.537131 229.982941 13.197414 0.098153 0.348969 6.273598 -0.009607
33.755260 1.829588 1.826653 0.605763 230.790344 13.240507 0.098107 0.342022 6.266341 -0.008587
33.883274 1.758649 1.798067 0.671275 231.591003 13.281301 0.096796 0.322170 6.262769 -0.010981
34.000286 1.684997 1.747627 0.752725 232.322372 13.317782 0.096152 0.278596 6.254404 -0.012015
34.127300 1.604337 1.674903 0.860608 233.121964 13.357623 0.095642 0.197699 6.256247 -0.010768
34.255314 1.546838 1.576047 0.952380 233.922577 13.395882 0.093789 0.093796 6.265143 -0.006188
34.383327 1.500092 1.487743 1.016492 234.723740 13.431923 0.091672 -0.008281 6.268195 -0.007867
34.500340 1.440483 1.412765 1.021161 235.450790 13.463332 0.089081 -0.081508 6.275880 -0.009100
34.627354 1.373336 1.343756 1.009624 236.254013 13.497679 0.086459 -0.138002 6.286728 -0.008667
34.755367 1.317053 1.289184 0.916916 237.052643 13.529513 0.085240 -0.177431 6.295124 -0.007754
34.883381 1.254176 1.257423 0.771460 237.857681 13.559822 0.086004 -0.209929 6.290398 -0.007846
35.000393 1.201269 1.240553 0.613067 238.592377 13.585514 0.087119 -0.235303 6.282246 -0.008319
35.127407 1.132850 1.242045 0.441993 239.396378 13.613161 0.086427 -0.255979 6.285616 -0.009145
35.254421 1.061628 1.269776 0.232158 240.193298 13.639287 0.086285 -0.267953 6.273749 -0.008402
35.379436 0.993674 1.305688 -0.012066 240.977142 13.665131 0.085194 -0.271482 6.272935 -0.009553
35.508450 0.918440 1.356172 -0.235397 241.779297 13.692424 0.084190 -0.267987 6.267471 -0.010210
35.635464 0.836553 1.416668 -0.461244 242.581238 13.718367 0.082992 -0.257649 6.268245 -0.010129
35.752476 0.761869 1.487496 -0.687889 243.307449 13.740146 0.081643 -0.241687 6.260568 -0.010890
35.881489 0.679407 1.559735 -0.878302 244.113922 13.764231 0.081215 -0.216501 6.249575 -0.009596
36.010502 0.609355 1.649379 -0.996070 244.919876 13.787676 0.082025 -0.185228 6.249226 -0.009383
36.127514 0.545179 1.727244 -1.070029 245.656158 13.806872 0.082001 -0.156595 6.238105 -0.008478
36.256527 0.477396 1.786027 -1.081014 246.454437 13.826367 0.081330 -0.128970 6.237926 -0.008545
36.385540 0.411573 1.824807 -1.004921 247.265625 13.846358 0.079534 -0.105315 6.242063 -0.009374
36.502552 0.348596 1.834251 -0.888414 247.995255 13.863720 0.076644 -0.083461 6.236014 -0.009160
36.630566 0.281687 1.825985 -0.761223 248.793106 13.881584 0.073607 -0.051301 6.232424 -0.009331
36.759579 0.213100 1.818403 -0.640336 249.590775 13.898634 0.069655 -0.005458 6.235783 -0.010189
36.886593 0.137120 1.800278 -0.567056 250.382736 13.914032 0.065336 0.054261 6.236607 -0.010948
37.002605 0.067787 1.783517 -0.477743 251.105408 13.927293 0.062087 0.118243 6.226972 -0.011383
37.129620 -0.016893 1.769225 -0.415377 251.895889 13.940238 0.059489 0.192285 6.222801 -0.012683
37.256634 -0.102901 1.756677 -0.339049 252.692429 13.951796 0.059813 0.260557 6.220287 -0.011971
37.383648 -0.184767 1.756952 -0.251006 253.482437 13.963458 0.063330 0.313909 6.219872 -0.011697
37.510662 -0.259084 1.775133 -0.163995 254.265778 13.973970 0.069464 0.354641 6.212872 -0.009690
37.626675 -0.323183 1.798157 -0.048503 254.992386 13.981398 0.077646 0.387509 6.208371 -0.010352
37.753689 -0.395822 1.811911 0.116329 255.781631 13.987661 0.087008 0.419053 6.218061 -0.011187
37.881702 -0.478874 1.797319 0.314591 256.570740 13.992814 0.095890 0.434329 6.212465 -0.013132
38.008717 -0.580943 1.774223 0.553140 257.366394 13.998945 0.104548 0.414888 6.216948 -0.016459
38.135731 -0.693390 1.758999 0.730141 258.156250 14.002979 0.112140 0.353343 6.221571 -0.016050
38.253742 -0.787375 1.749057 0.907965 258.884521 14.005091 0.116351 0.266324 6.228873 -0.014906
38.381756 -0.893650 1.746274 1.108031 259.688782 14.006616 0.117731 0.151440 6.236636 -0.015078
38.510769 -0.993977 1.744361 1.281118 260.488037 14.006358 0.117197 0.032760 6.246656 -0.014596
38.626781 -1.092982 1.727668 1.417059 261.219360 14.005202 0.114355 -0.072694 6.254037 -0.015106
38.755795 -1.187469 1.719220 1.515483 262.020599 14.002384 0.110329 -0.179560 6.258253 -0.012345
38.885807 -1.287919 1.706452 1.502077 262.834961 13.996696 0.105216 -0.272011 6.267439 -0.013400
39.001820 -1.372116 1.676900 1.488464 263.562500 13.991441 0.099501 -0.336250 6.275534 -0.013142
39.129833 -1.462321 1.648060 1.471168 264.372925 13.984176 0.093878 -0.387422 6.288946 -0.012698
39.257847 -1.561489 1.597805 1.444050 265.171814 13.975935 0.090055 -0.416637 6.293177 -0.013573
39.382862 -1.665852 1.534841 1.380703 265.965485 13.967031 0.088262 -0.424473 6.301503 -0.014327
39.509876 -1.779363 1.482058 1.280798 266.759094 13.957240 0.089798 -0.412705 6.299533 -0.015431
39.626888 -1.883988 1.443968 1.168480 267.502869 13.947498 0.095635 -0.389655 6.306587 -0.015235
39.755901 -1.992126 1.415699 1.049745 268.310211 13.935127 0.106209 -0.357114 6.310616 -0.013605
39.883915 -2.095994 1.401171 0.915604 269.118622 13.921610 0.118627 -0.315792 6.321435 -0.012854
40.000927 -2.188676 1.414752 0.741779 269.858734 13.907757 0.130143 -0.263512 6.330446 -0.013498
40.127941 -2.286574 1.459728 0.555011 270.663025 13.892565 0.142879 -0.181097 6.334885 -0.012435
40.253956 -2.383083 1.507322 0.374470 271.467621 13.876585 0.153828 -0.073916 6.340429 -0.011748
40.379971 -2.470018 1.551954 0.157189 272.260590 13.862096 0.161407 0.037782 6.350074 -0.010096
40.507984 -2.550571 1.591483 -0.086737 273.074127 13.847163 0.166679 0.132198 6.362199 -0.009752
40.635998 -2.622762 1.630917 -0.284976 273.888763 13.831655 0.168070 0.188529 6.369714 -0.008294
40.753010 -2.683872 1.662804 -0.433387 274.640594 13.815801 0.165690 0.210036 6.379173 -0.007284
40.882023 -2.744649 1.691974 -0.607374 275.457825 13.797407 0.161532 0.220750 6.392072 -0.007511
41.010036 -2.807762 1.704126 -0.768400 276.283356 13.778943 0.154199 0.239901 6.402003 -0.008593
41.127048 -2.872413 1.692575 -0.911169 277.032715 13.763018 0.144243 0.270354 6.410881 -0.009461
41.256062 -2.945636 1.659739 -1.053466 277.853638 13.743997 0.133128 0.308537 6.418712 -0.010188
41.384075 -3.021027 1.603066 -1.197505 278.681854 13.723126 0.123821 0.335153 6.423860 -0.009072
41.501087 -3.082073 1.530692 -1.270917 279.432892 13.704000 0.119002 0.340073 6.423667 -0.009703
41.630100 -3.157323 1.434224 -1.282520 280.255066 13.684299 0.117341 0.324406 6.425508 -0.010333
41.758114 -3.230149 1.337891 -1.243226 281.078003 13.664628 0.121201 0.295927 6.434993 -0.009451
41.885128 -3.294337 1.255674 -1.265988 281.895172 13.644781 0.130786 0.263275 6.438623 -0.007484
42.010143 -3.339347 1.173670 -1.263528 282.705780 13.625511 0.146049 0.227046 6.428785 -0.006053
42.137157 -3.386559 1.095689 -1.250244 283.515076 13.605785 0.164574 0.179638 6.419780 -0.006793
42.254169 -3.430174 1.033860 -1.208961 284.266022 13.587000 0.184491 0.119512 6.424037 -0.006676
42.382183 -3.479840 0.956442 -1.142007 285.088531 13.564327 0.206008 0.035722 6.431700 -0.006902
42.509197 -3.526780 0.868771 -1.089432 285.911926 13.538836 0.226633 -0.056954 6.442450 -0.005344
42.626209 -3.564203 0.802676 -1.051054 286.659241 13.514810 0.242963 -0.137668 6.449722 -0.006013
42.754223 -3.614435 0.730430 -0.990663 287.485229 13.486940 0.257078 -0.217537 6.458496 -0.006872
42.882236 -3.658819 0.673520 -0.889097 288.319336 13.457978 0.267169 -0.287179 6.478884 -0.004991
43.011250 -3.690783 0.611065 -0.768804 289.149445 13.428613 0.274006 -0.342552 6.496299 -0.005158
43.128262 -3.722119 0.564748 -0.658270 289.909973 13.399702 0.276180 -0.373910 6.511671 -0.004231
43.257275 -3.754438 0.518816 -0.501134 290.757813 13.366997 0.274809 -0.382423 6.536255 -0.005051
43.386288 -3.799066 0.480987 -0.360789 291.595123 13.334195 0.270438 -0.366176 6.554934 -0.007314
43.504299 -3.847015 0.454287 -0.210107 292.369781 13.302949 0.265515 -0.339550 6.581456 -0.007568
43.632313 -3.891771 0.443669 0.025827 293.213013 13.269065 0.260172 -0.307231 6.604200 -0.005905
43.759327 -3.925173 0.457973 0.317634 294.053070 13.234347 0.255521 -0.273949 6.634005 -0.003772
43.886341 -3.943125 0.502960 0.633625 294.902924 13.199994 0.253102 -0.236681 6.652285 -0.002098
44.002354 -3.944649 0.579459 0.890174 295.668732 13.167573 0.252297 -0.198321 6.675844 0.000549
44.130367 -3.945291 0.701580 1.169829 296.523804 13.131198 0.253419 -0.151398 6.688963 -0.001962
44.257381 -3.962665 0.854643 1.384997 297.372986 13.094663 0.258022 -0.101781 6.693645 -0.003156
44.386395 -3.980767 1.031398 1.552414 298.237274 13.057401 0.264308 -0.045486 6.710814 -0.003091
44.503407 -4.005556 1.195418 1.712428 299.022858 13.022846 0.271497 0.016030 6.726516 -0.004118
44.631420 -4.035947 1.362294 1.871313 299.884247 12.983627 0.279817 0.100818 6.742106 -0.005608
44.760433 -4.084330 1.507080 1.992796 300.753662 12.941146 0.286608 0.202862 6.752214 -0.008006
44.887447 -4.135982 1.617068 2.058174 301.610870 12.897563 0.291278 0.307048 6.760700 -0.006683
45.002460 -4.176237 1.683311 2.098188 302.388702 12.858338 0.293665 0.389964 6.777029 -0.005920
45.129475 -4.212210 1.707067 2.134223 303.249268 12.814487 0.295005 0.456683 6.790956 -0.003667
45.255489 -4.245246 1.694245 2.134876 304.104370 12.771131 0.293612 0.493458 6.799598 -0.004028
45.384502 -4.274850 1.654410 2.084532 304.981384 12.727452 0.289584 0.502871 6.810273 -0.003608
45.501514 -4.302772 1.596244 2.027637 305.778442 12.688053 0.285985 0.489069 6.825828 -0.004180
45.628529 -4.333918 1.515912 1.892370 306.646210 12.644780 0.281575 0.447666 6.849432 -0.004344
45.757542 -4.367776 1.413281 1.766911 307.537262 12.600264 0.280152 0.375810 6.869727 -0.003435
45.886555 -4.396759 1.297340 1.602651 308.417023 12.556251 0.281508 0.282467 6.891363 -0.003531
46.011570 -4.432599 1.177329 1.351611 309.285767 12.511295 0.287030 0.180676 6.911969 -0.003909
46.126583 -4.465009 1.071692 1.158081 310.074127 12.471159 0.295448 0.090496 6.938688 -0.004139
46.254597 -4.492691 0.970769 0.914290 310.963470 12.425134 0.308242 -0.002122 6.971332 -0.002417
46.382610 -4.518925 0.908731 0.637032 311.856720 12.377326 0.325104 -0.081605 7.003577 -0.002497
46.510624 -4.537451 0.898205 0.380187 312.761963 12.329407 0.344188 -0.147144 7.042506 -0.000914
46.627636 -4.540518 0.931435 0.158890 313.580109 12.285246 0.362475 -0.194553 7.076408 0.001054
46.755650 -4.535617 1.017390 -0.077535 314.486969 12.237108 0.381299 -0.241141 7.107480 0.001922
46.884663 -4.519960 1.147460 -0.253515 315.404816 12.187615 0.397858 -0.292140 7.140031 0.003282
47.010677 -4.494755 1.333768 -0.456567 316.305756 12.136950 0.409751 -0.353966 7.179894 0.003991
47.127689 -4.476988 1.529860 -0.674370 317.146271 12.089199 0.415542 -0.423475 7.204651 0.003216
47.257702 -4.445009 1.782259 -0.923889 318.084503 12.035106 0.414584 -0.504458 7.246634 0.006785
47.384716 -4.397666 2.073648 -1.136857 319.012878 11.979830 0.406907 -0.565799 7.277087 0.007616
47.512730 -4.341707 2.393647 -1.282339 319.937408 11.924923 0.395616 -0.583380 7.304887 0.009105
47.628742 -4.275692 2.686825 -1.355108 320.791840 11.875265 0.380384 -0.548689 7.323164 0.011103
47.757755 -4.187848 2.995524 -1.435893 321.729034 11.822159 0.361126 -0.457362 7.341975 0.013393
47.885769 -4.090655 3.282962 -1.511740 322.676971 11.769591 0.338953 -0.327443 7.367420 0.014223
48.002781 -3.980834 3.523334 -1.543918 323.538452 11.723248 0.316806 -0.196754 7.382990 0.017423
48.131794 -3.852070 3.764421 -1.529466 324.483582 11.674255 0.290925 -0.053499 7.410590 0.017559
48.258808 -3.716480 3.958871 -1.521401 325.432983 11.626833 0.266571 0.083640 7.435114 0.018778
48.387821 -3.575962 4.099598 -1.554834 326.384583 11.581284 0.245944 0.206920 7.448848 0.019261
48.503834 -3.446454 4.185162 -1.507951 327.256500 11.541605 0.232302 0.301684 7.464964 0.018986
48.631847 -3.296211 4.262529 -1.372370 328.204559 11.499481 0.222006 0.378536 7.474258 0.020583
48.759861 -3.133879 4.345792 -1.230299 329.161652 11.457661 0.217119 0.424714 7.495064 0.020677
48.887875 -2.959790 4.415864 -1.074865 330.121704 11.416915 0.218352 0.439351 7.514082 0.022532
49.004887 -2.781018 4.473788 -0.854363 331.000488 11.381903 0.222607 0.427561 7.521642 0.024505
49.131901 -2.573951 4.538802 -0.604990 331.955353 11.345342 0.230014 0.389052 7.527794 0.026309
49.259914 -2.351750 4.626130 -0.393909 332.925415 11.309484 0.238926 0.323812 7.520866 0.029460
49.377926 -2.136980 4.731079 -0.235489 333.805145 11.278125 0.245737 0.247386 7.529576 0.030389
49.506939 -1.905115 4.870576 -0.103268 334.774658 11.244319 0.252968 0.156561 7.515266 0.030643
49.634953 -1.684175 5.012345 0.031031 335.736176 11.213310 0.258305 0.082205 7.512667 0.028185
49.751965 -1.481684 5.144915 0.094654 336.614441 11.186129 0.260415 0.044270 7.508191 0.029011
49.876980 -1.271070 5.283693 0.127432 337.558807 11.160267 0.257874 0.037147 7.487807 0.029347
50.002995 -1.062274 5.421656 0.149310 338.493317 11.137896 0.249437 0.049325 7.469549 0.028233
50.131008 -0.853378 5.555335 0.170476 339.447876 11.115570 0.235910 0.062235 7.450823 0.028397
50.259022 -0.650495 5.661693 0.202077 340.398438 11.094612 0.219604 0.068317 7.414184 0.025747
50.387035 -0.462312 5.736835 0.267430 341.344574 11.076771 0.200905 0.074248 7.377507 0.024373
50.504047 -0.300632 5.764899 0.309528 342.213287 11.062045 0.182635 0.081852 7.350906 0.021724
50.632061 -0.135928 5.759789 0.335535 343.143860 11.047558 0.162988 0.081972 7.318361 0.022485
50.759075 0.029408 5.707819 0.323290 344.071198 11.035420 0.144733 0.056383 7.291901 0.023775
50.888088 0.195476 5.598314 0.249723 345.009369 11.023619 0.128331 -0.001135 7.257795 0.023159
51.005100 0.336897 5.462371 0.190515 345.863861 11.015103 0.115580 -0.070489 7.231915 0.021292
51.134113 0.487951 5.282065 0.122449 346.787476 11.010437 0.108082 -0.144763 7.206220 0.021537
51.263126 0.631647 5.072949 0.015550 347.715088 11.008284 0.107872 -0.203206 7.179846 0.020713
51.379139 0.747698 4.867306 -0.093467 348.546692 11.007928 0.112783 -0.238245 7.159868 0.017710
51.506153 0.860925 4.641956 -0.214956 349.454529 11.009896 0.121945 -0.259450 7.141001 0.017554
51.632168 0.981715 4.397339 -0.337827 350.351776 11.014393 0.133003 -0.262610 7.106196 0.019133
51.759182 1.121356 4.153196 -0.425154 351.259369 11.021980 0.144595 -0.244961 7.081765 0.020016
51.877193 1.250457 3.947459 -0.519380 352.086395 11.030378 0.154722 -0.210862 7.062084 0.019729
52.005207 1.386842 3.723310 -0.622049 352.995361 11.041374 0.163928 -0.160085 7.038633 0.019021
52.133221 1.519173 3.512643 -0.680314 353.895325 11.054099 0.169567 -0.113301 7.023711 0.017753
52.260235 1.634862 3.314951 -0.726776 354.778992 11.067706 0.170893 -0.089891 7.006282 0.016063
52.377247 1.732370 3.126417 -0.830427 355.597504 11.080821 0.167537 -0.093913 6.993504 0.016106
52.504261 1.848194 2.936812 -0.911487 356.490356 11.096334 0.160820 -0.118403 6.966172 0.015943
52.632275 1.957290 2.773087 -0.926600 357.373505 11.113127 0.151652 -0.142481 6.942780 0.014485
52.760288 2.056991 2.625425 -0.960279 358.260590 11.131485 0.140370 -0.148416 6.918668 0.013134
52.877300 2.137718 2.509938 -0.996267 359.075378 11.149925 0.128534 -0.134013 6.896085 0.010468
53.004314 2.223855 2.401926 -0.965959 359.941467 11.171519 0.116838 -0.103758 6.861093 0.011756
53.131329 2.302760 2.293992 -0.905792 360.816040 11.195816 0.107665 -0.064697 6.818769 0.010655
53.260342 2.383355 2.189750 -0.798305 361.686554 11.220610 0.102333 -0.018134 6.790573 0.009708
53.377354 2.452513 2.082715 -0.644031 362.478271 11.244615 0.099551 0.033147 6.756616 0.009631
53.505367 2.532827 1.957205 -0.449473 363.347717 11.273082 0.100512 0.100519 6.729936 0.009503
53.635380 2.596821 1.820421 -0.240890 364.213684 11.302896 0.105416 0.172204 6.705996 0.006733
53.752392 2.641254 1.706686 -0.081232 364.997131 11.329235 0.112641 0.229110 6.692163 0.005077
53.879406 2.677747 1.588233 0.105743 365.851318 11.358951 0.123705 0.272999 6.666861 0.003388
54.006420 2.695944 1.483753 0.269544 366.689911 11.389209 0.133848 0.292772 6.652411 0.001785
54.135433 2.709050 1.378453 0.388268 367.546906 11.421021 0.144752 0.290336 6.649776 0.000060
54.253445 2.715324 1.292830 0.463609 368.329773 11.450195 0.154921 0.273783 6.631848 0.001580
54.379459 2.725837 1.221076 0.494993 369.170959 11.481655 0.164360 0.245107 6.625670 0.001006
54.507473 2.731277 1.181609 0.532552 370.011963 11.515533 0.171181 0.207786 6.627552 0.000167
54.635487 2.724102 1.180642 0.523845 370.865662 11.550035 0.174639 0.161160 6.621049 -0.002954
54.753498 2.698114 1.214463 0.461239 371.638916 11.581427 0.174176 0.114612 6.615232 -0.004051
54.881512 2.668971 1.285167 0.360750 372.484222 11.616138 0.168654 0.066012 6.605197 -0.004306
55.010525 2.630758 1.364385 0.231866 373.334717 11.650637 0.160357 0.029068 6.591915 -0.005323
55.128536 2.589494 1.446541 0.075592 374.110535 11.682655 0.149752 0.010834 6.573550 -0.006342
55.255550 2.544676 1.521917 -0.141600 374.943451 11.716688 0.138208 0.003179 6.559654 -0.005607
55.384563 2.491161 1.575165 -0.339989 375.787903 11.753361 0.126613 -0.004725 6.542638 -0.007332
55.513577 2.429803 1.581311 -0.519003 376.629944 11.790095 0.113998 -0.023089 6.527706 -0.008681
55.630589 2.364526 1.556509 -0.635323 377.398468 11.824276 0.103689 -0.048751 6.512259 -0.009375
55.759602 2.293200 1.506691 -0.675321 378.230438 11.863063 0.094543 -0.079089 6.502642 -0.010181
55.887615 2.205278 1.437410 -0.650868 379.067322 11.903085 0.088603 -0.105070 6.488075 -0.011921
56.004627 2.126777 1.352639 -0.637530 379.825256 11.941343 0.087434 -0.125200 6.485156 -0.011824
56.132641 2.044047 1.251767 -0.656912 380.646973 11.983502 0.088899 -0.146160 6.472901 -0.010983
56.261654 1.959354 1.142901 -0.732615 381.479858 12.025920 0.092667 -0.163520 6.461627 -0.012799
56.377666 1.865573 1.046293 -0.776222 382.227570 12.064286 0.098330 -0.168716 6.445352 -0.014461
56.504681 1.757125 0.944638 -0.809737 383.043274 12.106972 0.106813 -0.159563 6.426451 -0.014643
56.632694 1.639531 0.846891 -0.821525 383.870453 12.150848 0.116159 -0.140927 6.414917 -0.016214
56.761707 1.509052 0.755445 -0.868508 384.690552 12.193063 0.125932 -0.124227 6.414349 -0.019388
56.878719 1.373673 0.698107 -0.936650 385.439819 12.230502 0.134494 -0.115925 6.410040 -0.020028
57.007732 1.216540 0.675740 -0.996432 386.265381 12.271647 0.143108 -0.110228 6.406770 -0.021074
57.136745 1.067862 0.691343 -1.111064 387.097839 12.311762 0.149045 -0.101654 6.413053 -0.019964
57.253757 0.932561 0.726555 -1.182794 387.840698 12.347390 0.151688 -0.091834 6.413224 -0.018765
57.382771 0.798114 0.783330 -1.310989 388.666992 12.386536 0.151243 -0.082757 6.410330 -0.018177
57.510784 0.656057 0.847557 -1.463490 389.485535 12.424259 0.149184 -0.078964 6.396377 -0.019282
57.627796 0.529962 0.911047 -1.575445 390.232452 12.458436 0.145715 -0.076558 6.391410 -0.018470
57.755810 0.393055 0.989493 -1.631516 391.048676 12.497107 0.139910 -0.069811 6.382182 -0.017478
57.883823 0.255165 1.090044 -1.641333 391.870880 12.536449 0.133023 -0.054977 6.378414 -0.019310
58.012836 0.124557 1.200881 -1.651775 392.685242 12.574756 0.124677 -0.034999 6.362000 -0.018018
58.128849 0.008148 1.299246 -1.667312 393.421692 12.607864 0.117557 -0.013319 6.352230 -0.017872
58.257862 -0.126939 1.393906 -1.641818 394.239197 12.644904 0.109350 0.017804 6.338092 -0.018680
58.386875 -0.259420 1.470328 -1.618465 395.054169 12.679688 0.100865 0.059548 6.312490 -0.017170
58.503887 -0.370423 1.530218 -1.630128 395.790924 12.708445 0.094540 0.106457 6.296198 -0.015862
58.631901 -0.497117 1.581438 -1.640971 396.601288 12.739444 0.090049 0.162632 6.279299 -0.018025
58.759914 -0.648707 1.622015 -1.726142 397.403107 12.768372 0.090821 0.215798 6.260420 -0.022151
58.884930 -0.813394 1.645130 -1.798259 398.184204 12.795709 0.094884 0.259568 6.245601 -0.023600
59.012943 -0.987636 1.651834 -1.857152 398.976715 12.822227 0.100724 0.291230 6.241377 -0.024065
59.129955 -1.151375 1.636429 -1.888710 399.706116 12.846641 0.108358 0.302580 6.234436 -0.024197
59.257969 -1.328503 1.603639 -1.932890 400.502838 12.872609 0.116313 0.286689 6.223441 -0.023773
59.386982 -1.495699 1.556980 -1.951422 401.306000 12.896867 0.123092 0.240436 6.231860 -0.023091
59.503994 -1.655506 1.493428 -1.939779 402.035248 12.918180 0.128925 0.182682 6.235175 -0.024420
59.633007 -1.836994 1.416609 -1.850840 402.840210 12.941665 0.134486 0.118368 6.251867 -0.025815
59.761021 -2.019694 1.356189 -1.710564 403.647217 12.965488 0.137860 0.064485 6.260783 -0.024650
59.878033 -2.186137 1.306991 -1.562580 404.379639 12.986782 0.139622 0.024017 6.262160 -0.025989
60.005047 -2.367162 1.264998 -1.403580 405.168884 13.008501 0.138771 -0.016358 6.267299 -0.024556
