1.20 1.10 20 64
0.137000 0.017654 -0.008533 -0.029051 0.980282 0.000797 -0.149913 -0.612122 6.616503 0.003663
0.254000 0.029659 0.006096 -0.085298 1.720003 0.001853 -0.129179 -0.531560 6.500228 0.000135
0.388000 0.035600 0.032928 -0.145684 2.580236 0.003866 -0.076729 -0.441684 6.368074 -0.000502
0.504000 0.032833 0.063626 -0.281624 3.311932 0.006375 -0.016260 -0.371953 6.269612 -0.001171
0.638000 0.013139 0.070966 -0.457389 4.142685 0.007552 0.062114 -0.289986 6.156292 -0.002864
0.754000 0.002118 0.037276 -0.613213 4.857938 0.007799 0.130632 -0.206011 6.089801 -0.000783
0.888000 0.005182 -0.053605 -0.762070 5.663706 0.008475 0.199490 -0.095160 6.037467 0.000685
1.004000 0.007188 -0.172248 -0.869555 6.368718 0.009398 0.244259 0.009552 6.016480 0.000830
1.138000 0.021295 -0.356536 -0.971404 7.169230 0.011667 0.272628 0.123825 6.025211 0.001770
1.255000 0.024783 -0.551418 -1.095601 7.874779 0.014338 0.275672 0.211886 6.036052 0.000414
1.388000 0.028571 -0.778515 -1.211164 8.678998 0.017490 0.256295 0.290575 6.057174 0.000298
1.505000 0.031027 -0.953800 -1.296170 9.388573 0.021006 0.221345 0.340809 6.067189 -0.000275
1.637999 0.025299 -1.127732 -1.355214 10.202252 0.023447 0.166348 0.377971 6.074906 -0.001468
1.754999 0.019850 -1.228137 -1.392084 10.905854 0.025651 0.109600 0.393334 6.063306 -0.001775
1.888999 0.010732 -1.270489 -1.478619 11.717116 0.026636 0.042232 0.387211 6.045543 -0.000540
2.004999 0.004694 -1.240203 -1.494313 12.422844 0.026626 -0.009980 0.356807 6.019437 -0.001154
2.138999 -0.005560 -1.103978 -1.527617 13.220319 0.025576 -0.056740 0.297059 5.979871 -0.000855
2.254999 -0.016458 -0.898629 -1.560387 13.916449 0.023664 -0.082834 0.234297 5.924692 -0.001653
2.388999 -0.040005 -0.593177 -1.517547 14.699126 0.021379 -0.094298 0.170099 5.854127 -0.003706
2.505998 -0.062574 -0.282577 -1.452477 15.379811 0.020898 -0.086901 0.128636 5.787747 -0.003646
2.638998 -0.087064 0.074520 -1.412250 16.143951 0.019229 -0.064464 0.094456 5.714703 -0.002678
2.755998 -0.106558 0.361484 -1.406348 16.807673 0.017259 -0.034426 0.064695 5.643877 -0.003901
2.888998 -0.136599 0.634917 -1.402391 17.558935 0.012846 0.002280 0.020832 5.578337 -0.003735
3.005998 -0.167672 0.796802 -1.410336 18.202929 0.008944 0.030417 -0.023021 5.535525 -0.005542
3.138998 -0.205471 0.878153 -1.401607 18.943171 0.006148 0.055860 -0.066242 5.518060 -0.004487
3.255998 -0.235522 0.878673 -1.333213 19.582685 0.005438 0.070511 -0.087045 5.514156 -0.004783
3.389997 -0.272688 0.812693 -1.193386 20.322079 0.005265 0.077361 -0.093728 5.523778 -0.004729
3.505997 -0.304431 0.695134 -1.059674 20.969173 0.004626 0.074202 -0.099256 5.538457 -0.005361
3.639997 -0.342515 0.509404 -0.849736 21.707170 0.004811 0.060181 -0.123839 5.560395 -0.003818
3.755997 -0.369726 0.347371 -0.599138 22.359688 0.004691 0.042122 -0.163803 5.584942 -0.005085
3.889997 -0.410778 0.167361 -0.287685 23.104134 0.002451 0.017835 -0.209583 5.607923 -0.006426
4.006997 -0.462977 0.043987 -0.034283 23.762037 -0.000188 -0.004596 -0.225597 5.635462 -0.008770
4.139997 -0.520609 -0.044896 0.274130 24.512981 -0.001392 -0.027057 -0.196692 5.653434 -0.008222
4.256998 -0.574544 -0.060933 0.519304 25.175648 -0.001763 -0.041417 -0.131497 5.666690 -0.008612
4.389998 -0.648204 -0.002117 0.721968 25.935047 -0.002770 -0.051793 -0.034462 5.669343 -0.008729
4.506999 -0.713923 0.121579 0.826741 26.592350 -0.005240 -0.053673 0.042984 5.663907 -0.009613
4.639999 -0.787013 0.329556 0.971184 27.349508 -0.008565 -0.047453 0.096387 5.640531 -0.010167
4.757000 -0.870995 0.565990 1.036354 28.008348 -0.012447 -0.035284 0.099403 5.619932 -0.013615
4.891001 -0.971806 0.887698 1.080301 28.754297 -0.018061 -0.018183 0.058997 5.600084 -0.014366
5.007001 -1.065196 1.184866 1.083274 29.408926 -0.025900 -0.001737 0.004305 5.592514 -0.012424
5.141002 -1.152412 1.531030 1.112172 30.151508 -0.034563 0.015484 -0.049790 5.574434 -0.011105
5.258002 -1.226586 1.812345 1.107347 30.802120 -0.042430 0.029310 -0.072387 5.552651 -0.010482
5.391003 -1.315176 2.075810 1.072467 31.545902 -0.051533 0.038511 -0.065881 5.549204 -0.011979
5.508003 -1.400090 2.252536 0.993419 32.189789 -0.060828 0.038168 -0.043237 5.551846 -0.012954
5.641004 -1.518716 2.407728 0.874772 32.934971 -0.071337 0.029961 -0.015753 5.567120 -0.016607
5.758004 -1.634745 2.497521 0.777666 33.582962 -0.080421 0.018370 -0.000944 5.597744 -0.018001
5.891005 -1.772905 2.548690 0.630629 34.335495 -0.089368 0.003442 0.001391 5.629456 -0.016972
6.008005 -1.896360 2.569709 0.463295 34.990898 -0.097385 -0.009896 -0.010003 5.667387 -0.017189
6.142006 -2.038820 2.577613 0.281129 35.753445 -0.108191 -0.023786 -0.037182 5.706688 -0.017522
6.258006 -2.165017 2.586944 0.137665 36.423447 -0.117149 -0.033301 -0.068894 5.739698 -0.018172
6.392007 -2.302172 2.606579 0.004626 37.188541 -0.126804 -0.038749 -0.100913 5.764371 -0.017068
6.510008 -2.423076 2.630400 -0.135375 37.870766 -0.135771 -0.038375 -0.109485 5.794756 -0.018145
6.626008 -2.556147 2.662331 -0.344261 38.550697 -0.145006 -0.032794 -0.088351 5.820896 -0.017855
6.760009 -2.708044 2.712726 -0.561214 39.326859 -0.155857 -0.021772 -0.028539 5.851657 -0.019613
6.877009 -2.845868 2.768251 -0.700625 40.013371 -0.165299 -0.008055 0.041644 5.876768 -0.019303
7.010010 -2.995715 2.822333 -0.840056 40.802509 -0.177343 0.010286 0.118147 5.899308 -0.019005
7.127010 -3.119262 2.856804 -0.937955 41.488712 -0.190051 0.027405 0.167309 5.929657 -0.017807
7.260011 -3.274313 2.913061 -1.072683 42.279324 -0.204788 0.044800 0.199459 5.956929 -0.019191
7.377011 -3.410879 2.978314 -1.195712 42.977901 -0.217534 0.057760 0.208445 5.983650 -0.019500
7.510012 -3.562838 3.066373 -1.313778 43.780949 -0.231258 0.068491 0.198578 6.003318 -0.017842
7.627012 -3.679660 3.136898 -1.326754 44.477959 -0.242713 0.072290 0.172833 6.020194 -0.017319
7.761013 -3.824051 3.218145 -1.297202 45.287064 -0.254174 0.070676 0.129880 6.049512 -0.019089
7.877013 -3.942425 3.281982 -1.258151 45.996143 -0.264497 0.065458 0.094318 6.066166 -0.017097
8.011014 -4.088202 3.343759 -1.205450 46.804451 -0.277998 0.055321 0.074479 6.085009 -0.020888
8.128015 -4.222782 3.397656 -1.122642 47.517891 -0.289818 0.045260 0.079501 6.104515 -0.021781
8.261015 -4.384209 3.437251 -1.019191 48.331383 -0.303168 0.034989 0.098536 6.123896 -0.022008
8.378016 -4.527401 3.440289 -0.869128 49.049149 -0.316397 0.027946 0.108530 6.144758 -0.022600
8.511016 -4.670187 3.408419 -0.719697 49.867367 -0.333060 0.023330 0.097443 6.163184 -0.019116
8.628016 -4.801631 3.357111 -0.579405 50.589844 -0.348045 0.022768 0.068297 6.186275 -0.020702
8.761017 -4.940864 3.295610 -0.432936 51.420399 -0.364401 0.024804 0.023527 6.209368 -0.018520
8.878017 -5.056321 3.234204 -0.355504 52.142048 -0.380989 0.029719 -0.016389 6.229346 -0.017291
9.012018 -5.182862 3.169576 -0.298443 52.977566 -0.402498 0.036603 -0.059307 6.244582 -0.016993
9.128018 -5.292920 3.125803 -0.259792 53.703262 -0.422533 0.044815 -0.096706 6.264379 -0.017251
9.262019 -5.413491 3.090822 -0.222385 54.543388 -0.447907 0.058314 -0.146539 6.278693 -0.016462
9.378019 -5.518017 3.073280 -0.299281 55.278458 -0.471353 0.071351 -0.198671 6.284791 -0.014511
9.512020 -5.633643 3.048775 -0.410035 56.113354 -0.498106 0.084360 -0.261780 6.280262 -0.015459
9.629021 -5.741055 3.015296 -0.517858 56.849052 -0.522216 0.092758 -0.309233 6.297158 -0.015021
9.762021 -5.864607 2.966543 -0.603425 57.687088 -0.549343 0.100248 -0.339517 6.305185 -0.016285
9.879022 -5.982028 2.923738 -0.723740 58.425873 -0.574122 0.106005 -0.340265 6.323764 -0.016304
10.012022 -6.116008 2.877756 -0.791331 59.274895 -0.601821 0.109959 -0.318097 6.352462 -0.017565
10.129023 -6.224149 2.842458 -0.796950 60.012268 -0.626209 0.110053 -0.288851 6.363372 -0.016209
10.262023 -6.352576 2.844234 -0.861265 60.865276 -0.656116 0.107789 -0.251686 6.370047 -0.015939
10.379024 -6.469356 2.861615 -0.965125 61.610085 -0.684512 0.105431 -0.213380 6.374012 -0.016722
10.513024 -6.596391 2.906533 -1.137615 62.456486 -0.717694 0.101880 -0.154178 6.365911 -0.015938
10.629025 -6.703960 2.961392 -1.335412 63.201530 -0.748458 0.098266 -0.083955 6.380427 -0.013411
10.763025 -6.799809 3.046413 -1.569507 64.049179 -0.785090 0.095511 0.008926 6.376888 -0.009770
10.880026 -6.869621 3.139293 -1.808334 64.794670 -0.819618 0.094462 0.088971 6.379054 -0.007765
11.013026 -6.952486 3.244992 -2.106399 65.641121 -0.861084 0.097449 0.167231 6.369302 -0.008953
11.130027 -7.033837 3.326715 -2.368677 66.384911 -0.898031 0.101970 0.227243 6.363954 -0.010395
11.263027 -7.126301 3.399940 -2.667352 67.237144 -0.942020 0.108165 0.296620 6.371237 -0.010148
11.380028 -7.208212 3.435977 -2.882153 67.976486 -0.980151 0.115430 0.359713 6.386766 -0.010429
11.513028 -7.303656 3.467535 -3.077147 68.830505 -1.025654 0.123791 0.421454 6.383450 -0.010926
11.630029 -7.378561 3.449801 -3.125111 69.576843 -1.066625 0.128567 0.448673 6.386557 -0.010742
11.764030 -7.455316 3.410597 -3.105243 70.425453 -1.114587 0.133613 0.438715 6.392224 -0.009231
11.880030 -7.518774 3.352356 -3.041995 71.173203 -1.157434 0.137758 0.399432 6.403307 -0.010589
12.014030 -7.587661 3.258548 -2.942824 72.025490 -1.206669 0.141368 0.334431 6.424155 -0.009392
12.131031 -7.665850 3.162652 -2.821391 72.775856 -1.251287 0.145075 0.267987 6.422351 -0.013588
12.264031 -7.774104 3.023847 -2.668125 73.628998 -1.304065 0.148552 0.187734 6.435120 -0.015311
12.381032 -7.878459 2.897828 -2.532030 74.381516 -1.351684 0.149906 0.116694 6.447754 -0.017563
12.514032 -8.014941 2.759819 -2.347886 75.244972 -1.407332 0.150419 0.041706 6.463487 -0.019446
12.631033 -8.139828 2.672246 -2.233693 75.993698 -1.457439 0.151107 -0.014180 6.474301 -0.019320
12.764033 -8.273752 2.577709 -2.125194 76.860527 -1.516245 0.152996 -0.067241 6.485182 -0.017562
12.881034 -8.385816 2.509554 -1.999399 77.611359 -1.568183 0.153299 -0.106322 6.486776 -0.018033
13.015035 -8.523629 2.459852 -1.825227 78.480209 -1.628855 0.154987 -0.149160 6.501636 -0.020529
13.131035 -8.652725 2.447451 -1.616888 79.239235 -1.683175 0.157357 -0.191163 6.503800 -0.020505
13.265036 -8.791718 2.449061 -1.337030 80.101601 -1.746411 0.162498 -0.246946 6.498963 -0.019373
13.382036 -8.904893 2.476382 -1.077368 80.859421 -1.802151 0.166402 -0.299128 6.492012 -0.018830
13.515037 -9.034390 2.510378 -0.755605 81.719376 -1.865255 0.168372 -0.347287 6.477501 -0.017272
13.632037 -9.142027 2.549457 -0.570071 82.474083 -1.924398 0.170410 -0.367905 6.467417 -0.017265
13.765038 -9.260133 2.590102 -0.353769 83.330292 -1.995443 0.173029 -0.362066 6.457697 -0.016766
13.882038 -9.367652 2.628280 -0.156027 84.082550 -2.058913 0.174220 -0.336745 6.450108 -0.016896
14.015038 -9.480793 2.666664 -0.014557 84.942017 -2.132278 0.173871 -0.294757 6.426507 -0.016610
14.132039 -9.572270 2.689682 0.026574 85.682816 -2.196697 0.172952 -0.250434 6.400485 -0.012962
14.266040 -9.676282 2.669766 -0.000863 86.536301 -2.272274 0.172229 -0.190904 6.392944 -0.013744
14.382040 -9.762302 2.619427 -0.019479 87.280983 -2.338717 0.173073 -0.132629 6.390235 -0.013381
14.516041 -9.855797 2.540960 -0.122653 88.127945 -2.414363 0.175037 -0.066800 6.393457 -0.010980
14.632041 -9.929877 2.455642 -0.239350 88.873840 -2.479304 0.176038 -0.017742 6.400027 -0.010209
14.766042 -10.014544 2.328552 -0.366738 89.722488 -2.552481 0.176379 0.020594 6.410472 -0.010926
14.883042 -10.091154 2.214157 -0.505547 90.470497 -2.617398 0.178064 0.040349 6.422067 -0.010664
15.016043 -10.175786 2.071602 -0.754294 91.322441 -2.692206 0.181134 0.059902 6.438227 -0.009295
15.133043 -10.239707 1.954822 -1.019015 92.074593 -2.759065 0.185076 0.090335 6.463397 -0.008804
15.266044 -10.332454 1.832215 -1.323601 92.939125 -2.836751 0.190927 0.149787 6.484347 -0.011673
15.383044 -10.412749 1.743272 -1.607452 93.687592 -2.904603 0.197549 0.214305 6.478323 -0.009980
15.516045 -10.488942 1.684950 -1.916387 94.552818 -2.982963 0.204961 0.279831 6.490050 -0.007958
15.633045 -10.544057 1.650132 -2.155244 95.309868 -3.051800 0.209883 0.314881 6.500492 -0.005894
15.767046 -10.585260 1.598165 -2.387010 96.170746 -3.129860 0.213095 0.331129 6.500276 -0.003804
15.883046 -10.620217 1.571419 -2.582382 96.927757 -3.200336 0.214755 0.336550 6.499578 -0.004954
16.017048 -10.665195 1.567863 -2.768054 97.788918 -3.282097 0.212691 0.341533 6.504967 -0.005934
16.134050 -10.708568 1.573770 -2.928376 98.546127 -3.353429 0.207419 0.341003 6.496359 -0.005619
16.267054 -10.760056 1.622675 -3.089299 99.405373 -3.435890 0.200366 0.323549 6.487058 -0.006025
16.384056 -10.784097 1.667883 -3.203468 100.159676 -3.511285 0.194364 0.287272 6.476066 -0.001526
16.501059 -10.805017 1.713282 -3.313257 100.912239 -3.586433 0.188799 0.229380 6.459563 -0.002415
16.634062 -10.845560 1.777553 -3.355483 101.773445 -3.671496 0.183200 0.135970 6.452998 -0.005443
16.751064 -10.886055 1.818488 -3.345423 102.517792 -3.745404 0.179225 0.031841 6.447334 -0.006227
16.884068 -10.926235 1.865816 -3.313253 103.377518 -3.830651 0.175402 -0.105681 6.439892 -0.004343
17.001070 -10.947371 1.921668 -3.299148 104.120483 -3.904767 0.173412 -0.225496 6.434737 -0.003695
17.134073 -10.964581 1.989438 -3.256298 104.977295 -3.990170 0.174980 -0.342932 6.417855 -0.002406
17.251076 -10.976551 2.030216 -3.169690 105.716415 -4.064539 0.178435 -0.415410 6.396364 -0.001993
17.384079 -10.980877 2.042201 -3.044743 106.567696 -4.153929 0.181784 -0.460537 6.383920 -0.000343
17.502081 -10.975707 2.028468 -2.953079 107.309692 -4.234543 0.185531 -0.467944 6.381204 0.001018
17.635084 -10.958797 2.010522 -2.847723 108.152641 -4.327539 0.188550 -0.444783 6.376440 0.001907
17.751087 -10.945676 1.965582 -2.692603 108.893639 -4.410074 0.189778 -0.401207 6.370848 0.000572
17.885090 -10.933392 1.864003 -2.482054 109.734879 -4.504555 0.188331 -0.331689 6.369079 0.000191
18.002092 -10.922593 1.753657 -2.359184 110.476440 -4.587986 0.185901 -0.258222 6.382544 0.000749
18.135096 -10.923243 1.618319 -2.162838 111.320686 -4.682697 0.180256 -0.167773 6.390170 -0.000676
18.252098 -10.931911 1.486825 -1.950956 112.064102 -4.766877 0.174712 -0.083295 6.398279 -0.002768
18.385101 -10.957994 1.354213 -1.708084 112.916847 -4.864076 0.169179 0.019651 6.402023 -0.003681
18.502104 -10.977117 1.272789 -1.570306 113.654778 -4.949839 0.167052 0.117132 6.404191 -0.003185
18.635107 -10.991537 1.214651 -1.433412 114.507668 -5.051266 0.167007 0.232185 6.414252 -0.002351
18.753109 -11.016489 1.205254 -1.339747 115.253433 -5.142313 0.168340 0.319458 6.424935 -0.004004
18.886112 -11.030790 1.235175 -1.243971 116.101341 -5.247357 0.172307 0.380584 6.422327 -0.001646
19.002115 -11.037424 1.291589 -1.164666 116.846611 -5.341109 0.177937 0.391111 6.420825 -0.000960
19.136118 -11.045395 1.357154 -1.081505 117.692947 -5.447581 0.183514 0.359707 6.410490 -0.001829
19.253120 -11.044464 1.437292 -1.026792 118.436058 -5.541955 0.188392 0.307352 6.395042 0.000482
19.386124 -11.056542 1.532660 -1.051267 119.277794 -5.652070 0.193497 0.234497 6.378901 -0.002687
19.503126 -11.073870 1.601797 -1.130285 120.017136 -5.749327 0.195583 0.167634 6.369795 -0.003044
19.636129 -11.092803 1.644362 -1.155485 120.862419 -5.859683 0.195167 0.099611 6.355051 -0.002125
19.753132 -11.107124 1.670164 -1.170913 121.593048 -5.955078 0.192454 0.057502 6.350309 -0.002359
19.886135 -11.128445 1.667911 -1.191889 122.435852 -6.064735 0.186643 0.033582 6.337291 -0.003948
20.003138 -11.170444 1.631388 -1.267714 123.164124 -6.159915 0.180052 0.029156 6.330543 -0.006296
20.137140 -11.233508 1.553259 -1.403998 124.004196 -6.269800 0.169997 0.031269 6.308870 -0.008639
20.253143 -11.290186 1.449684 -1.508776 124.736320 -6.365970 0.159642 0.032395 6.310968 -0.007364
20.387146 -11.347829 1.316524 -1.602795 125.567574 -6.475135 0.146780 0.029831 6.299029 -0.007773
20.504148 -11.406168 1.208769 -1.639065 126.297531 -6.570745 0.137735 0.023814 6.290476 -0.008914
20.637152 -11.476579 1.090919 -1.738917 127.125938 -6.680671 0.132595 0.009496 6.278451 -0.008430
20.754154 -11.541419 1.014343 -1.855156 127.853561 -6.778632 0.131694 -0.013868 6.272864 -0.009814
20.887157 -11.627293 0.941780 -1.992596 128.685226 -6.891469 0.136237 -0.055136 6.255571 -0.011042
21.004160 -11.707090 0.863101 -2.084860 129.403931 -6.988060 0.144261 -0.101185 6.248457 -0.011259
21.137163 -11.799518 0.775496 -2.141042 130.231964 -7.099114 0.156861 -0.160188 6.224390 -0.012173
21.254166 -11.886190 0.707921 -2.158614 130.947525 -7.196197 0.169901 -0.213500 6.223917 -0.013415
21.388168 -11.999846 0.650911 -2.166062 131.773911 -7.309821 0.183275 -0.278842 6.222792 -0.015957
21.504171 -12.115566 0.610890 -2.129848 132.494446 -7.410045 0.193913 -0.341897 6.217284 -0.018242
21.638174 -12.264141 0.596264 -2.113150 133.312790 -7.525323 0.202440 -0.412457 6.212634 -0.020677
21.754177 -12.396548 0.601849 -2.137611 134.031906 -7.628222 0.204961 -0.456708 6.207306 -0.018542
21.888180 -12.535820 0.644998 -2.180856 134.849457 -7.746327 0.202955 -0.461147 6.208391 -0.018103
22.005182 -12.669086 0.688421 -2.204712 135.567780 -7.850348 0.198237 -0.414244 6.196812 -0.020149
22.138186 -12.822912 0.749981 -2.242792 136.382660 -7.969192 0.188939 -0.312274 6.190255 -0.020018
22.255188 -12.964151 0.784001 -2.321272 137.097855 -8.076913 0.177437 -0.197719 6.174526 -0.020756
22.388191 -13.116732 0.806581 -2.352524 137.915970 -8.200817 0.161831 -0.059604 6.176414 -0.018559
22.505194 -13.236217 0.815485 -2.304811 138.622742 -8.309293 0.148189 0.055568 6.160288 -0.018418
22.638197 -13.372464 0.818893 -2.167523 139.436905 -8.435242 0.135403 0.173590 6.136279 -0.017860
22.755199 -13.497313 0.801144 -2.026842 140.144806 -8.547631 0.126782 0.258287 6.114375 -0.018753
22.889202 -13.639094 0.768337 -1.850305 140.946243 -8.676923 0.120466 0.331562 6.093292 -0.018219
23.005205 -13.753623 0.719335 -1.654136 141.648666 -8.791095 0.119694 0.380601 6.075236 -0.016666
23.139208 -13.871537 0.636358 -1.399877 142.443756 -8.921552 0.122325 0.423327 6.050007 -0.015101
23.256210 -13.970092 0.540479 -1.209569 143.140976 -9.038025 0.126398 0.446899 6.041970 -0.014670
23.389214 -14.073602 0.432421 -0.957574 143.932480 -9.173594 0.132805 0.448322 6.035503 -0.013227
23.506216 -14.170272 0.332470 -0.734294 144.627350 -9.295313 0.141476 0.423327 6.026234 -0.015522
23.639219 -14.280543 0.218652 -0.510732 145.416061 -9.435896 0.154875 0.374521 6.024702 -0.014534
23.756222 -14.379559 0.133788 -0.348400 146.109634 -9.561440 0.166485 0.326291 6.024270 -0.015576
23.889225 -14.501888 0.047838 -0.192725 146.904907 -9.707506 0.178515 0.276793 6.038796 -0.015334
24.007227 -14.602183 -0.001926 -0.075601 147.600235 -9.837255 0.188430 0.239497 6.045757 -0.014493
24.141230 -14.714390 -0.045354 0.036388 148.396698 -9.987647 0.195211 0.200401 6.052719 -0.015068
24.257233 -14.817037 -0.072688 0.073362 149.092255 -10.120774 0.196616 0.166023 6.054159 -0.015407
24.391235 -14.932737 -0.085953 0.108501 149.882416 -10.275008 0.194782 0.120117 6.053489 -0.014919
24.508238 -15.034485 -0.083395 0.140043 150.577530 -10.410968 0.189812 0.063721 6.057914 -0.015270
24.641241 -15.158381 -0.025613 0.168201 151.373093 -10.566613 0.180404 -0.028379 6.049216 -0.016418
24.758244 -15.267551 0.038489 0.109590 152.061218 -10.703461 0.170895 -0.127306 6.048007 -0.016190
24.891247 -15.381199 0.119075 -0.019800 152.850021 -10.861393 0.158791 -0.238896 6.050098 -0.014013
25.008249 -15.481377 0.193378 -0.155771 153.543945 -11.001310 0.148111 -0.314254 6.050463 -0.016431
25.142252 -15.607729 0.255743 -0.232183 154.337845 -11.161245 0.137950 -0.362458 6.037760 -0.016288
25.259254 -15.716657 0.311656 -0.294964 155.023788 -11.299776 0.132515 -0.377611 6.023547 -0.016091
25.392258 -15.837416 0.363900 -0.360646 155.812546 -11.461783 0.130952 -0.378548 6.006107 -0.014694
25.509260 -15.940714 0.369423 -0.411897 156.499252 -11.604052 0.133360 -0.374477 5.990041 -0.015000
25.642263 -16.041681 0.354979 -0.395566 157.278381 -11.765479 0.140132 -0.375377 5.975146 -0.013639
25.759266 -16.128557 0.344207 -0.444407 157.962372 -11.909535 0.148224 -0.390636 5.972722 -0.013580
25.892269 -16.213478 0.292555 -0.451945 158.738678 -12.074229 0.158979 -0.428036 5.960562 -0.011097
26.009272 -16.303677 0.239422 -0.447982 159.419708 -12.220243 0.168639 -0.464426 5.950039 -0.014456
26.142275 -16.417301 0.159754 -0.509870 160.193344 -12.389607 0.180381 -0.476602 5.957162 -0.014474
26.259277 -16.511116 0.061602 -0.567852 160.874420 -12.540028 0.190894 -0.437715 5.966121 -0.013320
26.376280 -16.597473 -0.048051 -0.601358 161.557083 -12.690892 0.199749 -0.349817 5.982718 -0.012326
26.509283 -16.699860 -0.179880 -0.627641 162.334198 -12.862364 0.207741 -0.210008 5.982667 -0.015382
26.626286 -16.809685 -0.315869 -0.653752 163.023499 -13.016894 0.213027 -0.069994 5.990234 -0.016348
26.759289 -16.930704 -0.477092 -0.710469 163.795624 -13.193406 0.217027 0.090529 6.005590 -0.016068
26.876291 -17.035751 -0.611571 -0.771934 164.486588 -13.353055 0.219831 0.232814 6.015659 -0.014833
27.009295 -17.143311 -0.739522 -0.851707 165.265900 -13.535547 0.223371 0.378484 6.020031 -0.014145
27.126297 -17.241791 -0.821015 -0.909841 165.951019 -13.699057 0.225983 0.476888 6.017294 -0.015728
27.260300 -17.361120 -0.880345 -0.984586 166.729416 -13.886788 0.226155 0.538088 6.018765 -0.016078
27.376303 -17.463177 -0.900878 -1.055415 167.413589 -14.054548 0.224014 0.548358 6.021400 -0.014338
27.510305 -17.564142 -0.904399 -1.156514 168.189911 -14.248588 0.220493 0.526713 6.015793 -0.012825
27.627308 -17.645010 -0.929563 -1.247289 168.872009 -14.422616 0.218236 0.494924 6.021616 -0.010918
27.760311 -17.727665 -0.932782 -1.339936 169.647507 -14.622890 0.215697 0.457421 6.025414 -0.011397
27.877314 -17.802340 -0.891965 -1.455542 170.329178 -14.802905 0.214457 0.425830 6.024926 -0.012302
28.010317 -17.899782 -0.834839 -1.654415 171.108536 -15.011994 0.213847 0.389802 6.020420 -0.012605
28.127319 -17.976404 -0.765439 -1.759775 171.782227 -15.194233 0.215472 0.352941 6.013483 -0.011261
28.261322 -18.060196 -0.685515 -1.856030 172.558975 -15.407084 0.220799 0.294149 6.008562 -0.011939
28.377325 -18.119822 -0.623861 -1.867377 173.230911 -15.592542 0.227998 0.222791 6.009732 -0.007938
28.511328 -18.175682 -0.574785 -1.817387 174.006256 -15.807869 0.238454 0.122778 6.007827 -0.008104
28.627331 -18.227823 -0.547661 -1.693177 174.683411 -15.997065 0.248695 0.036243 6.012917 -0.007885
28.761333 -18.294018 -0.539717 -1.503549 175.453262 -16.214510 0.261876 -0.042140 6.016231 -0.008814
28.877337 -18.353462 -0.573461 -1.295985 176.131042 -16.407682 0.271940 -0.093621 6.030118 -0.008253
29.011339 -18.406694 -0.634776 -1.016210 176.903168 -16.629280 0.281163 -0.151755 6.045637 -0.005647
29.128342 -18.443487 -0.700035 -0.754292 177.584091 -16.826996 0.286529 -0.219369 6.070875 -0.004131
29.261345 -18.476316 -0.777277 -0.412816 178.367340 -17.053787 0.291834 -0.313180 6.094534 -0.002943
29.378347 -18.503649 -0.846363 -0.111174 179.047256 -17.251949 0.295103 -0.390708 6.115549 -0.003098
29.511351 -18.538767 -0.921894 0.287377 179.834641 -17.483364 0.295971 -0.452235 6.130732 -0.003828
29.628353 -18.573494 -0.990017 0.606346 180.517273 -17.687336 0.295419 -0.477003 6.148338 -0.005331
29.761356 -18.631762 -1.063385 0.956798 181.307129 -17.925358 0.293350 -0.482753 6.164983 -0.008553
29.878359 -18.696548 -1.140036 1.279049 181.998627 -18.135361 0.290644 -0.479996 6.184983 -0.007892
30.012362 -18.755621 -1.205202 1.599717 182.785263 -18.376009 0.287755 -0.475500 6.185843 -0.006058
30.128365 -18.801332 -1.240995 1.816761 183.476685 -18.591242 0.286580 -0.469765 6.188790 -0.005869
30.262367 -18.841518 -1.251905 2.039028 184.261612 -18.838964 0.287159 -0.452525 6.189686 -0.003619
30.379370 -18.872974 -1.260029 2.227931 184.952072 -19.058126 0.290489 -0.414873 6.191436 -0.003443
30.512373 -18.903477 -1.283963 2.385802 185.743301 -19.309258 0.297179 -0.330510 6.198972 -0.003415
30.629375 -18.939333 -1.319386 2.478986 186.428238 -19.527039 0.303602 -0.215714 6.195446 -0.005327
30.762379 -18.979292 -1.360975 2.517199 187.219849 -19.780420 0.312288 -0.045702 6.206133 -0.005663
30.879381 -19.021780 -1.417648 2.499188 187.905792 -20.002388 0.319756 0.113722 6.220282 -0.005687
31.012384 -19.070601 -1.492214 2.406577 188.698715 -20.262537 0.329332 0.279080 6.232644 -0.006102
31.130386 -19.114271 -1.565566 2.320154 189.391861 -20.491495 0.337960 0.386282 6.240598 -0.007536
31.263390 -19.169567 -1.637449 2.172449 190.180496 -20.752356 0.347659 0.453527 6.248188 -0.007738
31.379393 -19.196430 -1.693659 2.052265 190.875687 -20.983103 0.355113 0.470949 6.265100 -0.001576
31.513395 -19.209066 -1.746069 1.980867 191.667419 -21.246761 0.363234 0.462779 6.283618 -0.001873
31.630398 -19.215534 -1.771488 1.941658 192.364761 -21.482319 0.370246 0.448773 6.296724 -0.000733
31.763401 -19.197693 -1.781398 1.875759 193.158936 -21.753944 0.378631 0.435051 6.318625 0.004172
31.880404 -19.161072 -1.776695 1.801867 193.859589 -21.995407 0.383780 0.421785 6.339935 0.004653
32.013405 -19.124065 -1.751171 1.700515 194.663132 -22.274017 0.388914 0.395314 6.351654 0.004155
32.130394 -19.095095 -1.714069 1.560108 195.359833 -22.517166 0.391269 0.357979 6.369623 0.004286
32.263382 -19.057518 -1.646178 1.422327 196.166306 -22.799309 0.391284 0.302828 6.376723 0.004779
32.380371 -19.030586 -1.582152 1.356431 196.864532 -23.043177 0.390700 0.252663 6.376047 0.002931
32.514359 -18.998207 -1.509133 1.261405 197.671478 -23.326115 0.391096 0.201440 6.384582 0.003532
32.630348 -18.963982 -1.445038 1.190073 198.376526 -23.575319 0.391857 0.163538 6.392652 0.005296
32.764336 -18.915249 -1.363622 1.199493 199.178085 -23.858179 0.394556 0.122974 6.389528 0.007191
32.881325 -18.866463 -1.310368 1.206129 199.883163 -24.108360 0.398614 0.082343 6.401193 0.007408
33.014313 -18.806845 -1.271586 1.142626 200.686142 -24.393158 0.400981 0.025907 6.412250 0.008254
33.131302 -18.735971 -1.267501 1.101573 201.393707 -24.644014 0.403551 -0.033430 6.419453 0.011108
33.264290 -18.650345 -1.285547 1.097920 202.205200 -24.932621 0.407127 -0.111774 6.428049 0.012338
33.381279 -18.576017 -1.322394 1.192484 202.907867 -25.182652 0.410217 -0.190029 6.432473 0.011179
33.515266 -18.489357 -1.393697 1.324905 203.719818 -25.474443 0.415392 -0.293954 6.442233 0.012524
33.631256 -18.398102 -1.459201 1.488312 204.423264 -25.728033 0.420640 -0.393391 6.449171 0.016635
33.765244 -18.269291 -1.537733 1.705330 205.237778 -26.020926 0.427747 -0.507634 6.471706 0.017769
33.881233 -18.152296 -1.611955 1.843550 205.950729 -26.278803 0.435113 -0.593996 6.489310 0.019216
34.015221 -18.000408 -1.687330 2.045321 206.762558 -26.571764 0.444804 -0.659163 6.492818 0.022078
34.132210 -17.859015 -1.767025 2.191315 207.478119 -26.829084 0.454522 -0.675399 6.503096 0.022335
34.265198 -17.691242 -1.872457 2.293656 208.292709 -27.123356 0.465253 -0.638240 6.518176 0.022169
34.382187 -17.538528 -1.954128 2.431227 209.012482 -27.379927 0.474324 -0.558616 6.537976 0.023968
34.515175 -17.355152 -2.023635 2.628390 209.834488 -27.670536 0.483435 -0.431388 6.564790 0.024761
34.632164 -17.192368 -2.051724 2.781297 210.560059 -27.926416 0.490802 -0.306080 6.583761 0.025304
34.765152 -17.004276 -2.057518 2.886427 211.393890 -28.220570 0.497123 -0.166168 6.610693 0.023326
34.882141 -16.853806 -2.048528 2.950326 212.118790 -28.476240 0.501120 -0.050889 6.634809 0.022597
35.016129 -16.688747 -2.013029 3.002619 212.959091 -28.772802 0.505523 0.079812 6.659811 0.021320
35.132118 -16.539637 -1.951664 3.061031 213.695068 -29.031761 0.508586 0.195874 6.673796 0.022425
35.266106 -16.372101 -1.859372 3.082140 214.534943 -29.324238 0.511141 0.322993 6.694626 0.021610
35.383095 -16.216892 -1.746005 3.057640 215.275711 -29.582081 0.512048 0.420544 6.711419 0.023727
35.516083 -16.047216 -1.580479 2.968572 216.120132 -29.877285 0.512366 0.504040 6.736330 0.021347
35.633072 -15.909438 -1.403124 2.797931 216.865250 -30.138563 0.510868 0.552706 6.758843 0.018854
35.766060 -15.753685 -1.187053 2.639177 217.716644 -30.435148 0.506080 0.584938 6.788320 0.020569
35.883049 -15.607462 -0.999784 2.561600 218.468185 -30.694620 0.503532 0.598099 6.800772 0.021714
36.016037 -15.447964 -0.773413 2.460834 219.331573 -30.992311 0.498030 0.594890 6.826714 0.020444
36.133026 -15.307803 -0.594893 2.351745 220.081802 -31.250320 0.494046 0.571312 6.847555 0.021777
36.267014 -15.120028 -0.410072 2.241206 220.951538 -31.547913 0.490686 0.514058 6.870575 0.024160
36.383003 -14.965835 -0.260085 2.121530 221.714951 -31.807775 0.488354 0.437140 6.902379 0.022348
36.516991 -14.795247 -0.083123 1.990030 222.586212 -32.102596 0.483881 0.327169 6.926104 0.022585
36.633980 -14.633281 0.052277 1.911166 223.356415 -32.358711 0.481728 0.220472 6.946377 0.025218
36.766968 -14.428959 0.200058 1.818597 224.237213 -32.650295 0.481276 0.100346 6.998974 0.028154
36.883957 -14.236999 0.341960 1.651278 225.017410 -32.906395 0.482732 0.000176 7.032938 0.028976
37.000946 -14.046830 0.505239 1.389207 225.801224 -33.162537 0.485637 -0.095036 7.061026 0.029414
37.133934 -13.827986 0.695586 1.209270 226.699005 -33.451141 0.489209 -0.203525 7.107647 0.028616
37.250923 -13.627872 0.876192 1.120626 227.494354 -33.703915 0.494270 -0.301301 7.147955 0.031406
37.383911 -13.397297 1.117480 1.004555 228.404877 -33.991077 0.502293 -0.405059 7.196957 0.029688
37.500900 -13.195765 1.367635 0.924115 229.212631 -34.242577 0.508474 -0.473825 7.246782 0.030478
37.634888 -12.943035 1.677721 0.896860 230.144135 -34.529953 0.513207 -0.509416 7.300711 0.034423
37.750877 -12.724008 1.975348 0.886993 230.955643 -34.778469 0.515285 -0.501861 7.327742 0.032556
37.883865 -12.480606 2.345986 0.726744 231.898514 -35.063492 0.515606 -0.462813 7.370900 0.032527
38.000854 -12.260451 2.683336 0.559144 232.727829 -35.309212 0.513972 -0.416962 7.406592 0.034735
38.134842 -12.005404 3.102134 0.335615 233.675522 -35.589581 0.507011 -0.363143 7.443483 0.035112
38.250832 -11.780787 3.482555 0.192103 234.513687 -35.833092 0.496723 -0.317653 7.470253 0.034938
38.384819 -11.519710 3.893974 0.042732 235.471390 -36.106300 0.481845 -0.268657 7.498668 0.036674
38.501808 -11.272067 4.248219 -0.062075 236.317291 -36.341587 0.466476 -0.226539 7.504995 0.038461
38.634796 -10.993573 4.639381 -0.178297 237.289490 -36.606308 0.448138 -0.173953 7.530217 0.038631
38.751785 -10.739650 4.952037 -0.239934 238.134476 -36.832214 0.432615 -0.116617 7.542700 0.039441
38.884773 -10.440475 5.274625 -0.295590 239.113144 -37.089394 0.416183 -0.032961 7.554922 0.040521
39.001762 -10.166366 5.509578 -0.333899 239.970245 -37.312431 0.403422 0.050335 7.577218 0.041325
39.135750 -9.867962 5.728209 -0.391862 240.946060 -37.562355 0.389838 0.142171 7.574056 0.039412
39.251740 -9.610782 5.868396 -0.399739 241.806473 -37.778961 0.377339 0.210188 7.589589 0.037803
39.385727 -9.321086 5.964522 -0.375163 242.786697 -38.019718 0.365023 0.266239 7.595115 0.037206
39.501717 -9.084399 5.997175 -0.383501 243.651245 -38.228497 0.355858 0.298038 7.606509 0.034069
39.635704 -8.827509 6.002552 -0.367216 244.635223 -38.461979 0.343548 0.316695 7.599375 0.033443
39.752693 -8.597352 5.985426 -0.351062 245.501694 -38.665070 0.332601 0.318890 7.613688 0.034544
39.885681 -8.334044 5.941352 -0.298308 246.487732 -38.893291 0.319903 0.304618 7.609984 0.033578
40.002670 -8.105936 5.873986 -0.180631 247.356445 -39.088860 0.308880 0.277241 7.608522 0.031346
40.135658 -7.861508 5.788322 -0.002978 248.351227 -39.307404 0.298520 0.232685 7.589825 0.029103
40.252647 -7.666223 5.703259 0.200726 249.210220 -39.491379 0.290726 0.187437 7.561739 0.024888
40.385635 -7.463762 5.589827 0.471139 250.200333 -39.699448 0.282260 0.134948 7.538981 0.021965
40.502625 -7.289975 5.472503 0.718216 251.055511 -39.875046 0.273549 0.092469 7.515518 0.022306
40.636612 -7.107749 5.306312 1.056661 252.042435 -40.073071 0.265313 0.048398 7.508064 0.018149
40.752602 -6.965311 5.165789 1.335113 252.904251 -40.242931 0.259709 0.013797 7.504476 0.017880
40.886589 -6.813046 5.028949 1.584766 253.883957 -40.432926 0.253370 -0.020807 7.507238 0.017117
41.002579 -6.681665 4.920073 1.813021 254.747025 -40.597122 0.246264 -0.044391 7.508354 0.017011
41.136566 -6.528899 4.796691 2.109531 255.726654 -40.779892 0.238275 -0.058241 7.482460 0.015451
41.253555 -6.410821 4.687311 2.374011 256.587372 -40.937881 0.230681 -0.055770 7.479503 0.013479
41.386543 -6.290823 4.561599 2.660536 257.574432 -41.114857 0.220314 -0.039122 7.485522 0.011995
41.504536 -6.217010 4.463883 2.824459 258.437408 -41.265667 0.212213 -0.021649 7.484253 0.006201
41.637524 -6.170119 4.370281 2.967199 259.425995 -41.434422 0.203035 -0.011825 7.480601 0.003460
41.754513 -6.139549 4.314172 3.060054 260.282166 -41.576801 0.194522 -0.016288 7.477956 0.003282
41.887501 -6.126133 4.275659 3.068643 261.270325 -41.738125 0.182838 -0.032806 7.461978 0.000587
42.004490 -6.122664 4.262732 3.010110 262.131744 -41.876099 0.174084 -0.052471 7.457904 0.000411
42.138477 -6.135124 4.270531 2.882625 263.109680 -42.030193 0.162566 -0.080557 7.426944 -0.002501
42.255466 -6.166515 4.278497 2.701128 263.966614 -42.162983 0.152587 -0.112095 7.403128 -0.003724
42.388454 -6.227189 4.291734 2.457637 264.937897 -42.310600 0.140158 -0.149065 7.369332 -0.006121
42.505444 -6.304410 4.315066 2.213289 265.786804 -42.437149 0.128682 -0.168398 7.316468 -0.010154
42.638432 -6.404364 4.326771 1.927048 266.754486 -42.578224 0.115188 -0.158657 7.277567 -0.010814
42.755421 -6.499004 4.343997 1.631637 267.586670 -42.697613 0.104184 -0.122362 7.229552 -0.009736
42.888409 -6.623075 4.335810 1.262385 268.541565 -42.831730 0.090552 -0.065631 7.174147 -0.013324
43.005398 -6.740053 4.283450 0.919526 269.361694 -42.944275 0.078086 -0.022298 7.114759 -0.015149
43.139385 -6.889093 4.164540 0.508526 270.302429 -43.070900 0.063516 0.008593 7.055495 -0.016239
43.255375 -7.022590 4.015500 0.112477 271.116791 -43.179302 0.053051 0.021008 6.997986 -0.014330
43.389362 -7.174286 3.813093 -0.348316 272.035187 -43.300255 0.044734 0.028140 6.940781 -0.016388
43.505352 -7.309574 3.600686 -0.752385 272.837097 -43.405720 0.040536 0.033539 6.890360 -0.016137
43.639339 -7.469100 3.363478 -1.152232 273.741821 -43.523777 0.042868 0.037440 6.839057 -0.019198
43.756329 -7.621624 3.137566 -1.421675 274.532562 -43.626446 0.050804 0.033768 6.796774 -0.020680
43.889317 -7.793046 2.881484 -1.734334 275.432861 -43.743389 0.066055 0.016086 6.756921 -0.019975
44.006306 -7.939473 2.679361 -1.959392 276.208252 -43.844681 0.083712 -0.011835 6.729786 -0.021023
44.139294 -8.127935 2.467406 -2.197060 277.100647 -43.960438 0.108112 -0.053341 6.710044 -0.025424
44.256283 -8.302601 2.293081 -2.345084 277.871246 -44.059696 0.130056 -0.087824 6.688162 -0.025975
44.389271 -8.514627 2.097959 -2.425166 278.757446 -44.175362 0.152851 -0.109675 6.659207 -0.027872
44.506260 -8.718777 1.948763 -2.441018 279.529297 -44.276188 0.170138 -0.101826 6.642559 -0.031611
44.640247 -8.957263 1.808428 -2.375036 280.404816 -44.389381 0.184889 -0.062362 6.631486 -0.031035
44.756237 -9.177057 1.743016 -2.281554 281.172760 -44.490063 0.194282 -0.011168 6.620271 -0.033578
44.890224 -9.439767 1.723257 -2.130649 282.045044 -44.606327 0.198267 0.046970 6.609240 -0.035054
45.007214 -9.674718 1.733239 -2.001464 282.810272 -44.709980 0.194518 0.088680 6.596194 -0.035857
45.140202 -9.966007 1.779023 -1.859949 283.678131 -44.831051 0.183826 0.123926 6.580948 -0.039957
45.257191 -10.238203 1.828644 -1.722084 284.439301 -44.937634 0.170665 0.146178 6.561601 -0.041716
45.390179 -10.559599 1.892950 -1.590809 285.308868 -45.058792 0.150987 0.161555 6.544599 -0.042798
45.507168 -10.850154 1.948372 -1.489118 286.058929 -45.164116 0.132309 0.165868 6.519989 -0.044353
45.640156 -11.183690 1.988475 -1.363904 286.921936 -45.286160 0.109653 0.164679 6.491664 -0.043640
45.757145 -11.481318 2.004061 -1.185923 287.671844 -45.391975 0.092049 0.163691 6.456953 -0.046348
45.891132 -11.847693 2.011765 -0.969689 288.518890 -45.514889 0.076712 0.162202 6.421625 -0.050232
46.007122 -12.183087 1.977748 -0.810795 289.259857 -45.625122 0.068783 0.151715 6.384693 -0.051355
46.141109 -12.564817 1.914698 -0.707324 290.096100 -45.751549 0.067011 0.118437 6.346054 -0.052275
46.258099 -12.912204 1.856533 -0.636761 290.828094 -45.864513 0.071127 0.069966 6.318430 -0.052473
46.391087 -13.300491 1.776763 -0.549487 291.656525 -45.991489 0.080928 0.005209 6.285961 -0.051422
46.508076 -13.653137 1.691582 -0.518363 292.381226 -46.104301 0.093144 -0.049649 6.259529 -0.053287
46.641064 -14.058555 1.553574 -0.508249 293.201721 -46.231796 0.108131 -0.104934 6.229844 -0.053738
46.758053 -14.422102 1.401001 -0.531884 293.926880 -46.345200 0.121216 -0.150132 6.211984 -0.054050
46.875042 -14.794247 1.224213 -0.649210 294.636993 -46.460403 0.133649 -0.193203 6.198503 -0.055912
47.008030 -15.238855 1.005619 -0.795195 295.455292 -46.594822 0.146655 -0.238856 6.185435 -0.058864
47.125019 -15.630803 0.817584 -0.982525 296.161499 -46.713226 0.154443 -0.271229 6.164265 -0.059733
47.258007 -16.098953 0.610328 -1.250812 296.974243 -46.854088 0.160701 -0.294120 6.146059 -0.059928
47.374996 -16.491844 0.426921 -1.512459 297.675415 -46.977383 0.162206 -0.295580 6.130300 -0.058413
47.508984 -16.943403 0.220259 -1.804178 298.482117 -47.121361 0.160120 -0.266344 6.101647 -0.058671
47.624973 -17.336914 0.055388 -2.087139 299.183014 -47.249069 0.155133 -0.208715 6.082467 -0.058242
47.758961 -17.789742 -0.099107 -2.436797 299.975983 -47.397480 0.146847 -0.115246 6.055582 -0.059781
47.875950 -18.183094 -0.201633 -2.746448 300.670319 -47.530048 0.139557 -0.025331 6.030812 -0.056707
48.008938 -18.622721 -0.250933 -3.041248 301.455811 -47.682194 0.131772 0.064164 6.002906 -0.058766
48.125927 -19.024036 -0.249882 -3.291024 302.142212 -47.818352 0.125596 0.126634 5.966766 -0.061405
48.258915 -19.477018 -0.195977 -3.478567 302.916962 -47.974476 0.119840 0.185819 5.926488 -0.058148
48.375904 -19.869856 -0.095573 -3.566933 303.593994 -48.114086 0.116773 0.232837 5.892673 -0.058076
48.508892 -20.328733 0.040494 -3.625784 304.363190 -48.276684 0.116436 0.273952 5.849018 -0.060480
48.625881 -20.743303 0.170823 -3.656015 305.023224 -48.420288 0.120404 0.290599 5.803289 -0.063526
48.758869 -21.233849 0.350501 -3.633864 305.779388 -48.586926 0.129721 0.288980 5.760596 -0.064797
48.875858 -21.656229 0.517256 -3.591673 306.434235 -48.734585 0.139655 0.280301 5.725001 -0.062073
49.009846 -22.119133 0.701266 -3.533474 307.173767 -48.905773 0.151063 0.269885 5.697806 -0.059603
49.126835 -22.498655 0.847074 -3.430996 307.820435 -49.059299 0.159661 0.252580 5.667732 -0.055574
49.259823 -22.938187 1.025416 -3.350414 308.550690 -49.238194 0.167883 0.208019 5.645904 -0.059567
49.376812 -23.340326 1.160235 -3.312985 309.189911 -49.399204 0.171038 0.144959 5.628151 -0.061401
49.509800 -23.817198 1.287727 -3.291739 309.913422 -49.585541 0.168846 0.062529 5.611722 -0.063205
49.626789 -24.240421 1.378990 -3.299644 310.548279 -49.752296 0.164449 -0.002181 5.607920 -0.062738
49.759777 -24.716040 1.446432 -3.381525 311.273743 -49.948551 0.157361 -0.058226 5.609337 -0.060808
49.876766 -25.138712 1.480152 -3.510256 311.900757 -50.122002 0.150229 -0.094604 5.604224 -0.063786
50.009754 -25.639610 1.496530 -3.695842 312.622345 -50.327251 0.142506 -0.131541 5.594889 -0.064082
50.126743 -26.077068 1.491931 -3.865777 313.251373 -50.509312 0.135635 -0.164911 5.598928 -0.066189
50.260731 -26.594379 1.477571 -4.054568 313.966797 -50.719040 0.127379 -0.209013 5.611883 -0.067620
50.376720 -27.057901 1.467101 -4.231896 314.595184 -50.906467 0.120102 -0.254391 5.601166 -0.068874
50.510708 -27.592709 1.464779 -4.477455 315.307037 -51.123081 0.115713 -0.307318 5.588489 -0.068269
50.627697 -28.061825 1.453345 -4.740999 315.931671 -51.316135 0.114562 -0.346647 5.585613 -0.068780
50.760685 -28.601414 1.445303 -5.016987 316.640900 -51.536758 0.115908 -0.375582 5.582092 -0.070394
50.877674 -29.074429 1.436407 -5.244547 317.263031 -51.731892 0.121134 -0.385521 5.567046 -0.071271
51.010662 -29.632984 1.425675 -5.516646 317.973511 -51.958546 0.130552 -0.376202 5.560870 -0.072180
51.127651 -30.118786 1.445048 -5.735606 318.585022 -52.159298 0.139765 -0.342568 5.541207 -0.073218
51.260639 -30.693594 1.479400 -5.966197 319.288910 -52.395050 0.150911 -0.263935 5.534649 -0.074687
51.377628 -31.198393 1.509305 -6.121020 319.900787 -52.603382 0.160993 -0.160226 5.517939 -0.073501
51.511616 -31.762077 1.561903 -6.277295 320.593567 -52.843586 0.172183 -0.020521 5.513324 -0.073557
51.627605 -32.260956 1.638156 -6.405466 321.201263 -53.058304 0.181029 0.100125 5.503933 -0.074914
51.761593 -32.829102 1.725682 -6.551264 321.889130 -53.306374 0.186998 0.212577 5.495316 -0.073508
51.878582 -33.323280 1.795325 -6.669801 322.492310 -53.527794 0.188934 0.280735 5.488833 -0.073433
52.011570 -33.881668 1.872554 -6.733366 323.181091 -53.784073 0.186962 0.323225 5.483986 -0.071977
52.128559 -34.361977 1.944622 -6.737599 323.776825 -54.007458 0.182152 0.335186 5.480694 -0.072296
52.261547 -34.916351 2.031115 -6.730295 324.461884 -54.268200 0.172700 0.331007 5.459956 -0.072085
52.378536 -35.390736 2.104156 -6.738732 325.051666 -54.497177 0.163612 0.320151 5.450417 -0.071740
52.511524 -35.937187 2.198379 -6.820701 325.731110 -54.764538 0.153171 0.304075 5.447754 -0.070182
52.628513 -36.410881 2.291032 -6.929549 326.317017 -54.998528 0.145319 0.287648 5.437415 -0.071385
52.762501 -36.965523 2.399934 -7.132883 326.991638 -55.272099 0.137854 0.266454 5.428579 -0.070607
52.878490 -37.443256 2.481129 -7.347273 327.578430 -55.513611 0.134457 0.249280 5.416208 -0.069500
53.012478 -37.977577 2.580088 -7.569057 328.243195 -55.789417 0.135315 0.234891 5.404830 -0.068784
53.129467 -38.443531 2.669270 -7.831091 328.825562 -56.034630 0.139576 0.223999 5.395240 -0.067184
53.262455 -38.962425 2.765023 -8.118418 329.484436 -56.316914 0.147798 0.203272 5.385528 -0.065109
53.379444 -39.405514 2.849055 -8.377812 330.062225 -56.567207 0.158742 0.168165 5.373696 -0.063674
53.512432 -39.905708 2.946971 -8.661667 330.721802 -56.855621 0.175336 0.105847 5.368571 -0.062367
53.629421 -40.326180 3.032669 -8.900128 331.291229 -57.106667 0.191115 0.039275 5.361248 -0.060633
53.762409 -40.795574 3.138410 -9.180182 331.946899 -57.400349 0.209964 -0.040244 5.359160 -0.057964
53.879398 -41.190102 3.235511 -9.379339 332.512268 -57.657921 0.225925 -0.106382 5.356447 -0.056447
54.013386 -41.640457 3.323546 -9.574788 333.163757 -57.960304 0.242028 -0.179952 5.360967 -0.057227
54.129375 -42.024406 3.374337 -9.719235 333.732758 -58.227154 0.251733 -0.244099 5.375024 -0.056296
54.263363 -42.470837 3.387939 -9.873322 334.379211 -58.533447 0.259474 -0.313524 5.382114 -0.057496
54.380352 -42.867493 3.368575 -9.962306 334.947876 -58.804035 0.263393 -0.364257 5.382191 -0.059201
54.513340 -43.334961 3.342636 -10.130024 335.592072 -59.113400 0.263849 -0.400709 5.366794 -0.060085
54.630329 -43.746155 3.310548 -10.338067 336.156708 -59.389343 0.261501 -0.410341 5.373231 -0.059872
54.763317 -44.199661 3.260643 -10.534675 336.796875 -59.706867 0.256971 -0.396968 5.372131 -0.057479
54.880306 -44.592693 3.227716 -10.666206 337.358734 -59.989944 0.251777 -0.367402 5.379379 -0.056791
55.013294 -45.022678 3.190142 -10.741967 338.001068 -60.317650 0.245497 -0.318019 5.384604 -0.054299
55.130283 -45.379700 3.165981 -10.788973 338.560120 -60.606899 0.242462 -0.264296 5.377849 -0.051218
55.264271 -45.774586 3.127560 -10.810833 339.193634 -60.938858 0.242585 -0.196261 5.378863 -0.051602
55.380260 -46.117592 3.096848 -10.813058 339.749939 -61.233627 0.244488 -0.132810 5.382125 -0.050180
55.514248 -46.471943 3.086301 -10.811690 340.380432 -61.572578 0.250837 -0.058770 5.376061 -0.045327
55.630238 -46.764027 3.077984 -10.848804 340.932526 -61.874050 0.259642 0.006621 5.380627 -0.042210
55.764225 -47.079033 3.058843 -10.900436 341.558258 -62.221741 0.270439 0.076977 5.395980 -0.039804
55.881214 -47.328800 3.029841 -10.811126 342.110291 -62.530945 0.280828 0.129878 5.412226 -0.037061
56.014202 -47.583904 3.002440 -10.646066 342.740692 -62.889420 0.294283 0.174621 5.418943 -0.033800
56.131191 -47.795658 2.983411 -10.483310 343.286163 -63.203579 0.306525 0.199653 5.433634 -0.033378
56.264179 -48.019485 2.934160 -10.264100 343.915955 -63.569893 0.318603 0.218700 5.446099 -0.029561
56.381168 -48.195827 2.887442 -10.040699 344.461456 -63.889992 0.327333 0.233954 5.457228 -0.027917
56.515156 -48.386589 2.833141 -9.789275 345.089539 -64.264503 0.335235 0.259463 5.461433 -0.025588
56.631145 -48.543274 2.784121 -9.577058 345.636353 -64.595589 0.339186 0.292763 5.468092 -0.023471
56.765133 -48.685581 2.725287 -9.370221 346.258759 -64.977882 0.342118 0.338659 5.511611 -0.017615
56.881123 -48.785404 2.674235 -9.201716 346.806519 -65.319534 0.343933 0.374254 5.522524 -0.014956
57.015110 -48.866009 2.620469 -8.966994 347.428314 -65.715347 0.346577 0.390097 5.558898 -0.010599
57.131100 -48.916092 2.577669 -8.724272 347.977051 -66.069443 0.345525 0.374262 5.595844 -0.007386
57.265087 -48.956734 2.555340 -8.478955 348.601410 -66.479019 0.340142 0.326733 5.629613 -0.006482
57.382076 -48.982861 2.579602 -8.270711 349.150909 -66.844856 0.334111 0.268396 5.651954 -0.003908
57.499065 -48.986645 2.613480 -8.016981 349.701782 -67.214149 0.328552 0.198797 5.677851 -0.000889
57.632053 -48.964401 2.647671 -7.665942 350.328186 -67.639641 0.323738 0.104737 5.706280 0.002678
57.749043 -48.921444 2.693937 -7.355976 350.879608 -68.019043 0.317969 0.008364 5.726889 0.005691
57.882030 -48.845814 2.737696 -7.033379 351.512604 -68.458145 0.313400 -0.106441 5.762698 0.011010
57.999020 -48.753090 2.765911 -6.788607 352.060974 -68.842476 0.311571 -0.198048 5.784266 0.013336
58.132008 -48.619682 2.791599 -6.479318 352.695221 -69.291687 0.309868 -0.286369 5.812334 0.015848
58.248997 -48.485023 2.821482 -6.144589 353.244476 -69.684898 0.308176 -0.347859 5.831652 0.018800
58.382984 -48.313381 2.835810 -5.731054 353.878296 -70.145462 0.305316 -0.399604 5.861609 0.021696
58.498974 -48.135582 2.836924 -5.376004 354.432495 -70.552742 0.303302 -0.420250 5.892668 0.024815
58.632961 -47.921837 2.823576 -5.042470 355.062897 -71.022621 0.302184 -0.405403 5.930895 0.027745
58.749950 -47.719009 2.800567 -4.703480 355.620026 -71.440857 0.300375 -0.358871 5.967020 0.028066
58.882938 -47.475121 2.745134 -4.326231 356.256073 -71.921318 0.294696 -0.281611 6.017303 0.029681
59.000931 -47.243675 2.671287 -4.004033 356.822388 -72.353897 0.288960 -0.207435 6.053505 0.033214
59.133919 -46.966621 2.564009 -3.608077 357.467072 -72.851852 0.281852 -0.132258 6.101250 0.033683
59.250908 -46.719299 2.445305 -3.305254 358.026794 -73.288864 0.277050 -0.081547 6.137987 0.035845
59.383896 -46.407238 2.276199 -2.948951 358.676270 -73.799644 0.273949 -0.043695 6.180679 0.039899
59.500885 -46.130020 2.126023 -2.617255 359.240601 -74.245461 0.273292 -0.030965 6.220849 0.039889
59.634872 -45.804855 1.945117 -2.197306 359.898529 -74.765129 0.274204 -0.039154 6.279366 0.041715
59.751862 -45.498611 1.801134 -1.822291 360.476501 -75.224281 0.276884 -0.061052 6.329173 0.044909
59.884850 -45.137577 1.666336 -1.476423 361.138611 -75.751617 0.282432 -0.085796 6.385421 0.046788
60.000839 -44.806541 1.582797 -1.323050 361.723633 -76.220894 0.289011 -0.088259 6.429460 0.050033
