1.20 1.10 20 64
0.135000 0.010734 0.013220 -0.075087 0.944089 -0.001101 -0.124131 0.079217 6.677056 0.001799
0.261000 0.015130 0.086072 -0.156530 1.780603 -0.003387 -0.059516 0.064864 6.608816 0.000823
0.377000 0.021758 0.197341 -0.214729 2.541866 -0.005596 0.032969 0.046169 6.528700 0.000666
0.504000 0.024329 0.340736 -0.312261 3.359395 -0.008736 0.155056 0.020460 6.460658 0.000806
0.630000 0.041400 0.479912 -0.400991 4.174880 -0.013197 0.286137 -0.006661 6.403379 0.003441
0.756000 0.074108 0.603433 -0.441067 4.973089 -0.018544 0.408248 -0.027401 6.382288 0.006242
0.881000 0.121697 0.695962 -0.492641 5.777932 -0.023465 0.513357 -0.037086 6.395925 0.006381
1.005000 0.169249 0.756245 -0.538548 6.573464 -0.027875 0.591219 -0.035033 6.436485 0.007732
1.131000 0.219604 0.794820 -0.550032 7.381674 -0.032181 0.638538 -0.023977 6.491427 0.006277
1.256000 0.268470 0.783159 -0.544281 8.197744 -0.037444 0.648790 -0.008499 6.561410 0.006945
1.381000 0.322382 0.723813 -0.559534 9.023496 -0.044571 0.622380 0.005088 6.638978 0.007658
1.506000 0.372414 0.625049 -0.559560 9.865045 -0.052375 0.563226 0.008692 6.707485 0.006227
1.631000 0.411946 0.510829 -0.562293 10.706555 -0.060797 0.480045 -0.003552 6.749188 0.004725
1.756001 0.442629 0.398701 -0.549872 11.552104 -0.068891 0.383391 -0.030722 6.772435 0.003306
1.878001 0.467462 0.301184 -0.575187 12.379214 -0.078046 0.286662 -0.064342 6.784974 0.003763
2.002001 0.494862 0.232261 -0.629318 13.220222 -0.089785 0.195417 -0.094513 6.783295 0.004015
2.136001 0.523703 0.200259 -0.697735 14.122603 -0.102667 0.114363 -0.109942 6.785010 0.004220
2.261000 0.558592 0.221550 -0.683754 14.976573 -0.113424 0.063760 -0.100066 6.771936 0.005501
2.386000 0.592381 0.312437 -0.595662 15.821877 -0.122387 0.045707 -0.063948 6.752658 0.004228
2.512000 0.622164 0.449004 -0.451399 16.664169 -0.131069 0.059668 -0.008504 6.726428 0.004684
2.626000 0.660744 0.615895 -0.221877 17.429453 -0.138621 0.098592 0.047123 6.698167 0.005073
2.751000 0.695734 0.810137 0.059694 18.270586 -0.147952 0.164573 0.099855 6.659741 0.003460
2.886999 0.727906 1.006495 0.376539 19.166691 -0.156236 0.252393 0.135140 6.626563 0.002600
3.010999 0.751434 1.159370 0.648302 19.993614 -0.162867 0.339035 0.147481 6.609648 0.001969
3.135999 0.768753 1.275660 0.863644 20.820263 -0.170819 0.421593 0.145076 6.619827 0.002874
3.260998 0.790449 1.342204 1.109179 21.642952 -0.179259 0.491986 0.134290 6.645542 0.001459
3.385998 0.804360 1.369304 1.344821 22.483059 -0.188173 0.544598 0.121110 6.693787 0.000537
3.510998 0.819498 1.351662 1.595480 23.316982 -0.198557 0.574777 0.111528 6.750736 0.001291
3.633997 0.832531 1.307739 1.868437 24.158979 -0.209146 0.581867 0.107515 6.816413 0.001241
3.756997 0.848161 1.233254 2.124555 24.995398 -0.219822 0.564339 0.105524 6.884840 0.001741
3.880996 0.861687 1.147738 2.379427 25.853773 -0.231328 0.524428 0.097634 6.951448 0.000440
4.004996 0.867064 1.055604 2.646181 26.726868 -0.242003 0.468190 0.076058 7.007686 -0.000479
4.128998 0.864437 0.962235 2.862332 27.598755 -0.251984 0.403521 0.039261 7.049406 -0.001133
4.253999 0.858177 0.888987 3.032332 28.483282 -0.262766 0.335907 -0.009795 7.092389 -0.001745
4.379001 0.857039 0.860009 3.176206 29.371565 -0.272844 0.273461 -0.066999 7.114624 0.000272
4.504002 0.858875 0.883917 3.248073 30.262707 -0.283120 0.223827 -0.129979 7.137968 -0.000338
4.629004 0.858960 0.970999 3.220864 31.155762 -0.293014 0.193160 -0.194848 7.149237 -0.000796
4.754005 0.850504 1.121155 3.157083 32.050468 -0.301697 0.183190 -0.253137 7.162387 -0.001024
4.879006 0.838587 1.322723 3.003769 32.946087 -0.311766 0.193192 -0.293085 7.164026 -0.001583
5.005008 0.815337 1.581399 2.776309 33.848808 -0.322416 0.221052 -0.306133 7.168942 -0.003305
5.130009 0.781978 1.894356 2.468288 34.744659 -0.332212 0.263386 -0.291273 7.169942 -0.003536
5.254011 0.751276 2.229524 2.208129 35.634365 -0.339222 0.313533 -0.252200 7.176692 -0.003507
5.378012 0.711441 2.575362 1.947710 36.524876 -0.343666 0.366141 -0.191807 7.187839 -0.004650
5.503014 0.660993 2.934036 1.710575 37.424328 -0.348351 0.416047 -0.111672 7.200446 -0.006233
5.627015 0.599123 3.287760 1.477140 38.319324 -0.353243 0.456869 -0.019319 7.226489 -0.006767
5.761017 0.538126 3.641194 1.247278 39.291077 -0.359487 0.487428 0.080947 7.272624 -0.005145
5.884018 0.487959 3.915982 1.045230 40.189777 -0.365724 0.501207 0.161730 7.328634 -0.005118
6.008020 0.438634 4.145154 0.868432 41.096054 -0.372039 0.498376 0.225715 7.398107 -0.004362
6.130022 0.396811 4.323217 0.691686 42.011021 -0.379149 0.479017 0.271692 7.467353 -0.003661
6.253023 0.354869 4.465627 0.526320 42.935719 -0.387516 0.444033 0.298786 7.547814 -0.004087
6.376025 0.317763 4.584442 0.359975 43.869267 -0.396882 0.398318 0.303874 7.617868 -0.003282
6.510026 0.278507 4.698142 0.174319 44.895237 -0.406881 0.339566 0.283438 7.686757 -0.002938
6.635028 0.249303 4.787439 0.037245 45.859825 -0.415309 0.281100 0.243565 7.740908 -0.001922
6.758029 0.222819 4.875075 -0.116600 46.814438 -0.423561 0.228047 0.192093 7.775169 -0.001782
6.881031 0.199288 4.969996 -0.170767 47.773258 -0.430229 0.182814 0.135426 7.811424 -0.002605
7.005033 0.178076 5.111431 -0.188777 48.743839 -0.436892 0.148690 0.077985 7.827683 -0.001510
7.130034 0.172176 5.307338 -0.220120 49.723694 -0.443725 0.129139 0.024238 7.840677 0.001606
7.255035 0.181747 5.558567 -0.246650 50.697365 -0.449709 0.123430 -0.020836 7.861445 0.002829
7.377037 0.209739 5.860036 -0.285091 51.662323 -0.455230 0.129984 -0.053403 7.839593 0.005325
7.511039 0.251782 6.233967 -0.347643 52.701878 -0.462350 0.148275 -0.074908 7.800656 0.006938
7.635040 0.293457 6.604630 -0.397845 53.674370 -0.468512 0.172121 -0.085932 7.763503 0.007293
7.758042 0.340421 6.970114 -0.428177 54.626007 -0.474285 0.197842 -0.096417 7.719211 0.007397
7.883043 0.392644 7.334512 -0.435005 55.579559 -0.479275 0.220746 -0.115750 7.669355 0.008051
8.007045 0.457674 7.659926 -0.370485 56.527500 -0.484451 0.235547 -0.147455 7.629656 0.008968
8.132043 0.527715 7.943019 -0.294844 57.486904 -0.489731 0.241016 -0.186237 7.603693 0.007647
8.257041 0.588938 8.165360 -0.219319 58.436165 -0.494153 0.235670 -0.218485 7.581843 0.005728
8.383039 0.632568 8.310211 -0.140314 59.380852 -0.498692 0.218031 -0.234331 7.550872 0.004532
8.509038 0.667128 8.384009 -0.043481 60.338100 -0.503185 0.187594 -0.234129 7.530264 0.001856
8.635036 0.697268 8.393021 0.011591 61.285400 -0.507610 0.148232 -0.228068 7.516696 0.004507
8.761035 0.735493 8.321048 0.049065 62.231422 -0.510250 0.103782 -0.226839 7.499705 0.003830
8.887033 0.760818 8.177030 0.115481 63.168125 -0.512389 0.058138 -0.230881 7.489282 0.000712
9.010031 0.780534 7.991168 0.253204 64.095207 -0.514217 0.015511 -0.228824 7.468735 -0.000669
9.133029 0.802769 7.777572 0.420573 65.012207 -0.515473 -0.020178 -0.205348 7.447330 -0.000826
9.258027 0.831950 7.535750 0.605889 65.940323 -0.516115 -0.048442 -0.148408 7.407831 0.001004
9.384026 0.865548 7.287647 0.782231 66.864105 -0.518439 -0.065986 -0.060145 7.377147 0.001216
9.509024 0.900305 7.052139 0.975979 67.790382 -0.519589 -0.072966 0.046518 7.332222 0.003192
9.635022 0.939458 6.846208 1.099007 68.709579 -0.519895 -0.069858 0.155498 7.266333 0.003164
9.760020 0.973410 6.658607 1.185914 69.614204 -0.519716 -0.057419 0.256357 7.213871 0.004040
9.885018 1.009692 6.493141 1.265734 70.511894 -0.518446 -0.038145 0.348720 7.154293 0.004906
10.010016 1.053620 6.353085 1.315930 71.402657 -0.514786 -0.016044 0.430211 7.105614 0.005333
10.136015 1.099200 6.230030 1.384236 72.293144 -0.509773 0.005817 0.493383 7.040967 0.005115
10.261013 1.144791 6.113636 1.404581 73.169678 -0.503649 0.024328 0.524910 6.997036 0.006653
10.386011 1.195908 6.007356 1.422637 74.041183 -0.496299 0.037308 0.517167 6.953793 0.007182
10.511009 1.240411 5.901681 1.405155 74.907623 -0.488332 0.044847 0.470328 6.914671 0.007138
10.636007 1.295916 5.797530 1.379819 75.769356 -0.479389 0.044214 0.391052 6.880946 0.008444
10.762006 1.358096 5.675927 1.345408 76.626953 -0.469921 0.036336 0.288423 6.846983 0.009044
10.886003 1.410469 5.551081 1.296149 77.480972 -0.460851 0.022641 0.172129 6.823683 0.007609
11.011002 1.456996 5.424429 1.242506 78.331276 -0.451042 0.003083 0.052345 6.788083 0.006809
11.134999 1.501313 5.308209 1.168976 79.170479 -0.441869 -0.018341 -0.061344 6.751414 0.007747
11.259997 1.553842 5.192727 1.094738 80.005180 -0.432333 -0.038661 -0.165829 6.715656 0.007835
11.383995 1.592015 5.080559 0.994697 80.842110 -0.421145 -0.055929 -0.261520 6.681865 0.006061
11.508993 1.641128 4.962525 0.843922 81.667801 -0.409654 -0.068897 -0.346006 6.643891 0.010207
11.633991 1.711711 4.868091 0.686822 82.502075 -0.396848 -0.075766 -0.417227 6.606415 0.012199
11.759990 1.794780 4.782127 0.530877 83.324707 -0.383196 -0.074391 -0.468812 6.564326 0.013237
11.885988 1.883949 4.693727 0.374033 84.149216 -0.370565 -0.066667 -0.501653 6.529355 0.015485
12.011987 1.987507 4.624677 0.195689 84.969849 -0.357502 -0.052624 -0.518963 6.501027 0.017018
12.125985 2.091722 4.574873 0.069091 85.708511 -0.345008 -0.036232 -0.522005 6.462809 0.018007
12.250983 2.216298 4.507381 -0.068406 86.520599 -0.330426 -0.016119 -0.505259 6.436057 0.019763
12.376982 2.336692 4.441936 -0.173403 87.322945 -0.314952 0.002885 -0.457549 6.411824 0.017876
12.501980 2.454664 4.379981 -0.238166 88.129791 -0.298704 0.020094 -0.372216 6.402552 0.016617
12.627978 2.586479 4.345242 -0.312696 88.929237 -0.282001 0.033846 -0.256823 6.394973 0.020420
12.752976 2.727237 4.314268 -0.373889 89.733803 -0.265025 0.043386 -0.125239 6.383193 0.020206
12.877975 2.880819 4.293763 -0.407690 90.530716 -0.248560 0.047967 0.004277 6.372891 0.022229
13.003973 3.047836 4.273350 -0.389983 91.326340 -0.231826 0.047067 0.123478 6.359519 0.023723
13.126970 3.229661 4.234566 -0.344369 92.113411 -0.214455 0.040217 0.228207 6.342396 0.025683
13.252969 3.412739 4.179338 -0.296401 92.905304 -0.198228 0.028866 0.318369 6.333537 0.025260
13.376966 3.603869 4.103982 -0.212996 93.695229 -0.180106 0.014556 0.387953 6.310422 0.026241
13.511964 3.821191 4.015072 -0.058401 94.539711 -0.158795 -0.001933 0.434189 6.298282 0.026614
13.634961 4.021469 3.913333 0.092510 95.319733 -0.138157 -0.015058 0.453871 6.286989 0.027792
13.757958 4.229798 3.799844 0.244211 96.085144 -0.117141 -0.024743 0.463024 6.268400 0.028799
13.880956 4.465024 3.687268 0.431103 96.860962 -0.094875 -0.030605 0.474115 6.249862 0.032273
14.004953 4.707144 3.595077 0.669735 97.627609 -0.071365 -0.030284 0.488216 6.228245 0.032168
14.129951 4.961670 3.517464 0.898128 98.410248 -0.047236 -0.023279 0.493398 6.206429 0.033888
14.255950 5.217934 3.462720 1.100587 99.184196 -0.022667 -0.009923 0.472879 6.183752 0.033085
14.380948 5.479309 3.406996 1.329736 99.955292 0.004894 0.008869 0.420240 6.161959 0.035671
14.504946 5.756233 3.353155 1.568159 100.723778 0.034444 0.031358 0.339570 6.148701 0.037526
14.630944 6.035054 3.306251 1.804071 101.490936 0.064981 0.053152 0.235941 6.134722 0.036569
14.755942 6.311958 3.265324 2.004750 102.261909 0.097173 0.073567 0.108618 6.115952 0.037225
14.877939 6.589794 3.234837 2.149870 103.007378 0.129217 0.089027 -0.035436 6.114007 0.038794
15.000937 6.871746 3.205414 2.245945 103.758141 0.163860 0.100150 -0.191152 6.105967 0.039091
15.135934 7.178061 3.162755 2.288013 104.581215 0.203919 0.104756 -0.350345 6.102030 0.039412
15.259932 7.464685 3.103049 2.294796 105.336861 0.241664 0.101783 -0.466235 6.105616 0.041366
15.381929 7.762754 3.041594 2.359879 106.080475 0.280775 0.093558 -0.543470 6.101745 0.042357
15.505927 8.067348 2.976427 2.428044 106.835602 0.321554 0.081281 -0.587610 6.098241 0.042739
15.628924 8.377170 2.916734 2.499596 107.578728 0.363891 0.066561 -0.606583 6.103726 0.044887
15.752922 8.709275 2.861906 2.589932 108.334114 0.408872 0.051309 -0.611266 6.103546 0.047125
15.875919 9.052926 2.808469 2.636751 109.089119 0.455938 0.036389 -0.606821 6.098679 0.047990
16.010918 9.434305 2.770835 2.702431 109.909790 0.508751 0.023842 -0.588615 6.087357 0.049327
16.134912 9.790049 2.754608 2.754853 110.655739 0.558849 0.018327 -0.548502 6.068241 0.050208
16.257908 10.150014 2.753808 2.802538 111.405487 0.610368 0.017101 -0.474491 6.058334 0.050528
16.382902 10.516679 2.771351 2.820893 112.153450 0.663638 0.022236 -0.365062 6.036708 0.052356
16.505898 10.886908 2.797889 2.792292 112.898308 0.718740 0.031508 -0.229748 6.010785 0.052917
16.630892 11.266988 2.837640 2.764131 113.639145 0.775328 0.045298 -0.082343 5.980991 0.054897
16.754887 11.664232 2.901251 2.771342 114.382294 0.836082 0.061698 0.067472 5.945983 0.055597
16.877882 12.061925 2.967761 2.738287 115.109268 0.898319 0.078959 0.210798 5.920430 0.057531
17.001877 12.479144 3.014659 2.677679 115.838875 0.964295 0.094894 0.347732 5.898001 0.059581
17.136871 12.930840 3.040416 2.658880 116.624001 1.039953 0.110073 0.483256 5.877752 0.059380
17.259867 13.356874 3.051716 2.677653 117.347885 1.113109 0.121953 0.595241 5.862803 0.060552
17.382862 13.797704 3.024024 2.738713 118.064850 1.188734 0.130037 0.691329 5.855725 0.063165
17.505857 14.254970 2.979520 2.828549 118.780411 1.267154 0.133319 0.766449 5.849223 0.064647
17.629852 14.728848 2.908267 2.959041 119.494820 1.347910 0.132615 0.808037 5.839663 0.066040
17.754848 15.216398 2.824228 3.106210 120.225235 1.433676 0.127708 0.800490 5.837007 0.068185
17.879843 15.719584 2.726262 3.261583 120.949356 1.522171 0.120671 0.735898 5.838153 0.070698
18.004837 16.238586 2.622317 3.472973 121.673332 1.615840 0.111346 0.620655 5.845887 0.070648
18.130831 16.756439 2.512617 3.690111 122.403481 1.713641 0.101932 0.470242 5.848735 0.070935
18.254826 17.278154 2.409597 3.893087 123.122749 1.811997 0.094243 0.307988 5.853619 0.074096
18.377821 17.813175 2.328726 4.093143 123.835457 1.912502 0.090125 0.149503 5.849107 0.074739
18.501816 18.344303 2.277127 4.291956 124.546738 2.015009 0.089299 0.007254 5.835930 0.073695
18.625811 18.881193 2.259920 4.467968 125.267288 2.121774 0.090738 -0.112119 5.819165 0.074712
18.757807 19.452200 2.262696 4.640163 126.025055 2.237231 0.094976 -0.212266 5.796526 0.074954
18.881802 19.992836 2.279684 4.802858 126.733589 2.349328 0.101483 -0.296043 5.777799 0.074637
19.006796 20.525127 2.338037 4.879900 127.445290 2.464580 0.110216 -0.386773 5.758710 0.072486
19.131790 21.047422 2.420019 4.948833 128.153549 2.583576 0.120111 -0.488737 5.733756 0.072279
19.256784 21.568386 2.517372 5.020916 128.857910 2.705699 0.130528 -0.590219 5.707720 0.073308
19.382778 22.102283 2.613070 5.107335 129.558777 2.831648 0.140421 -0.671332 5.691886 0.073574
19.507772 22.631674 2.711649 5.223545 130.262558 2.963278 0.147997 -0.717850 5.674999 0.072039
19.630768 23.139952 2.789660 5.346557 130.946671 3.095714 0.153427 -0.728541 5.657938 0.070904
19.755762 23.664909 2.846406 5.477357 131.639496 3.233910 0.156445 -0.713723 5.645594 0.072866
19.881756 24.205652 2.886441 5.605235 132.335907 3.377854 0.156579 -0.682910 5.644331 0.074534
20.007750 24.748030 2.911304 5.755128 133.030334 3.526704 0.155311 -0.638894 5.631426 0.073423
20.134745 25.290375 2.923058 5.922923 133.728683 3.680358 0.151961 -0.575857 5.628584 0.072762
20.261738 25.812719 2.921157 6.087074 134.419983 3.835500 0.147489 -0.486546 5.618546 0.069886
20.376732 26.295254 2.897141 6.245843 135.048477 3.980576 0.142860 -0.377384 5.601748 0.072906
20.502726 26.841377 2.871942 6.390942 135.740875 4.142213 0.139344 -0.228215 5.596681 0.074693
20.626720 27.392706 2.843735 6.564872 136.414505 4.302937 0.137929 -0.058587 5.579828 0.077012
20.751715 27.954073 2.798853 6.758875 137.091003 4.469848 0.139880 0.129208 5.570079 0.077380
20.877708 28.518599 2.745810 6.956728 137.769836 4.642532 0.143551 0.325528 5.553590 0.077090
21.002703 29.079285 2.687255 7.141450 138.440659 4.816863 0.148316 0.512004 5.539530 0.077785
21.126698 29.630276 2.615124 7.309195 139.098068 4.990564 0.155218 0.670062 5.518901 0.076878
21.260693 30.232681 2.542951 7.518219 139.815063 5.185519 0.165109 0.798208 5.493607 0.076499
21.385687 30.795815 2.484410 7.749178 140.468918 5.368289 0.175534 0.870899 5.461768 0.078241
21.508682 31.364134 2.423781 8.025258 141.119232 5.554375 0.187284 0.903928 5.447889 0.078719
21.632677 31.941738 2.359099 8.307673 141.761490 5.742030 0.199382 0.899330 5.434249 0.080971
21.756674 32.525166 2.290762 8.575410 142.410202 5.936705 0.210565 0.853526 5.405774 0.078305
21.880669 33.086132 2.234955 8.812277 143.044159 6.132462 0.220247 0.764956 5.383726 0.078335
22.005663 33.648933 2.188674 9.065748 143.689041 6.338176 0.228940 0.635321 5.365363 0.075401
22.130657 34.194523 2.148632 9.304577 144.325882 6.545985 0.235475 0.482211 5.353861 0.074174
22.252653 34.721729 2.112778 9.544545 144.944122 6.752914 0.240435 0.324763 5.339746 0.073635
22.375648 35.246990 2.078064 9.735630 145.563797 6.965235 0.244205 0.168734 5.322608 0.072533
22.509644 35.812752 2.037016 9.874482 146.235443 7.201506 0.246827 0.007582 5.305598 0.073461
22.634638 36.335129 2.001034 9.985087 146.858200 7.426916 0.248998 -0.131945 5.291579 0.071165
22.759632 36.841415 1.972155 10.091191 147.477631 7.656622 0.250351 -0.258858 5.280162 0.069788
22.884626 37.347523 1.959749 10.172771 148.089020 7.888466 0.252049 -0.372218 5.267930 0.071749
23.008621 37.854336 1.960925 10.184447 148.702530 8.127167 0.255408 -0.476409 5.264286 0.070147
23.133615 38.357903 1.988234 10.160399 149.307816 8.367910 0.260766 -0.572320 5.246255 0.071117
23.258610 38.858620 2.017359 10.061627 149.914413 8.615109 0.267741 -0.658837 5.235020 0.070874
23.383604 39.352386 2.054731 9.913823 150.516937 8.867382 0.275795 -0.725487 5.218562 0.068873
23.507599 39.836887 2.105961 9.762255 151.115509 9.125505 0.285599 -0.759987 5.211379 0.067728
23.633593 40.308647 2.165748 9.535778 151.711182 9.388083 0.296083 -0.753448 5.205393 0.065659
23.758587 40.765636 2.211391 9.297843 152.303772 9.655868 0.306713 -0.704916 5.201683 0.064310
23.884581 41.220665 2.239269 9.081163 152.898529 9.930998 0.317541 -0.619391 5.200097 0.064217
24.009575 41.667023 2.243263 8.834037 153.490112 10.211916 0.327374 -0.506218 5.196025 0.063052
24.134569 42.111572 2.236514 8.569232 154.075821 10.494995 0.334741 -0.375807 5.209974 0.063604
24.260563 42.551434 2.220176 8.254113 154.665207 10.785892 0.340037 -0.237401 5.219035 0.062692
24.375557 42.953030 2.178367 8.016415 155.201218 11.056839 0.342749 -0.116114 5.225537 0.063753
24.500551 43.390652 2.112605 7.754253 155.782257 11.356716 0.343762 -0.001920 5.235724 0.062148
24.626545 43.830883 2.016574 7.479458 156.367264 11.664598 0.342558 0.090079 5.255773 0.063448
24.751539 44.259624 1.892874 7.213276 156.946701 11.975852 0.339167 0.165465 5.265866 0.059237
24.875534 44.673008 1.766569 6.990426 157.519272 12.290312 0.333962 0.237028 5.269899 0.060186
25.000528 45.097679 1.619698 6.811813 158.089966 12.610966 0.328714 0.314949 5.284301 0.060307
25.125523 45.513817 1.474543 6.563122 158.663956 12.939582 0.324565 0.401863 5.295424 0.057042
25.251516 45.914795 1.344314 6.334562 159.240326 13.277059 0.321491 0.492346 5.307063 0.054819
25.375511 46.301056 1.227523 6.163688 159.810547 13.618167 0.319950 0.573747 5.318377 0.053942
25.500505 46.674240 1.149282 5.987390 160.374924 13.961377 0.320590 0.630620 5.332575 0.052235
25.625500 47.048565 1.093782 5.866510 160.942215 14.311953 0.322163 0.645980 5.338615 0.050953
25.760494 47.425636 1.063174 5.673150 161.558182 14.698978 0.324582 0.602871 5.355360 0.047832
25.885489 47.765968 1.045045 5.451709 162.122711 15.059986 0.327491 0.516862 5.370235 0.047757
26.010483 48.097523 1.053707 5.212298 162.685684 15.425534 0.330085 0.410413 5.367846 0.046249
26.135477 48.425594 1.066807 5.011359 163.240662 15.794052 0.331573 0.305046 5.374397 0.047528
26.259472 48.750580 1.091197 4.839564 163.792435 16.168182 0.331581 0.204682 5.378099 0.045947
26.382467 49.074223 1.117479 4.726297 164.337143 16.544626 0.330222 0.104031 5.385678 0.046066
26.505463 49.407131 1.134844 4.638943 164.884918 16.928743 0.326835 -0.001843 5.398578 0.046611
26.628458 49.727596 1.145335 4.552910 165.426422 17.314329 0.321365 -0.106003 5.409947 0.044805
26.759455 50.065285 1.145535 4.515774 166.005615 17.734011 0.312334 -0.206822 5.426066 0.044981
26.881451 50.367275 1.131809 4.465826 166.535706 18.123787 0.302189 -0.285366 5.443544 0.043563
27.002447 50.670170 1.110519 4.413427 167.064224 18.517439 0.289318 -0.349428 5.454525 0.044023
27.126442 50.979141 1.089837 4.388041 167.604034 18.924732 0.274247 -0.396759 5.452292 0.043565
27.260437 51.313381 1.073028 4.404436 168.183548 19.370558 0.258746 -0.420174 5.462399 0.043775
27.383432 51.612144 1.072812 4.450771 168.708694 19.781359 0.246639 -0.414053 5.467892 0.041852
27.505428 51.908180 1.083715 4.496078 169.235992 20.199131 0.235859 -0.386440 5.469131 0.043153
27.628424 52.207256 1.085354 4.613443 169.759888 20.621094 0.228418 -0.346509 5.470833 0.041577
27.752419 52.508053 1.101935 4.699821 170.281052 21.047039 0.224795 -0.303911 5.471276 0.043026
27.875414 52.822094 1.124964 4.775438 170.802933 21.480890 0.223110 -0.264736 5.474940 0.045496
28.010408 53.171494 1.131714 4.915784 171.363617 21.953640 0.224458 -0.227969 5.474336 0.045103
28.133404 53.495335 1.108560 5.053516 171.879974 22.394806 0.227123 -0.194258 5.481198 0.044622
28.255400 53.794147 1.064822 5.165375 172.385513 22.833229 0.232274 -0.155186 5.487897 0.042105
28.378395 54.094799 0.996246 5.311337 172.891876 23.279764 0.237215 -0.108733 5.489721 0.042000
28.502390 54.395775 0.911778 5.399313 173.399368 23.734119 0.241957 -0.059538 5.493313 0.042397
28.635386 54.711823 0.803854 5.475518 173.941666 24.226206 0.246147 -0.009306 5.510567 0.040473
28.758381 54.988052 0.683272 5.521564 174.440979 24.686104 0.248964 0.040497 5.527483 0.038130
28.883375 55.244930 0.565837 5.568067 174.941910 25.154943 0.249942 0.105522 5.540555 0.034862
29.008369 55.490990 0.459649 5.616186 175.444611 25.632681 0.249723 0.191496 5.551025 0.034039
29.133364 55.724545 0.370331 5.625392 175.949173 26.119196 0.247528 0.289499 5.568957 0.031662
29.258358 55.939995 0.288303 5.584373 176.446289 26.607988 0.242749 0.379046 5.582859 0.029261
29.383352 56.137180 0.218399 5.504332 176.940781 27.101522 0.237652 0.443683 5.593104 0.026589
29.508347 56.314346 0.172744 5.379103 177.433090 27.600027 0.232867 0.475431 5.613800 0.024471
29.633341 56.479885 0.160130 5.230438 177.923828 28.102505 0.229189 0.471438 5.620901 0.021843
29.757336 56.623493 0.171475 5.063981 178.408264 28.604715 0.228385 0.430666 5.630900 0.019518
29.879332 56.758873 0.216999 4.827056 178.879410 29.097925 0.229859 0.354697 5.645493 0.019683
30.004326 56.887943 0.301896 4.546949 179.364792 29.611996 0.235293 0.242831 5.661651 0.017559
30.128321 57.007259 0.403175 4.263575 179.848801 30.129728 0.241972 0.109246 5.674106 0.017066
30.253315 57.118740 0.511887 3.976972 180.331406 30.650684 0.249637 -0.027056 5.683435 0.015675
30.378309 57.226864 0.633304 3.731617 180.811142 31.175331 0.260621 -0.144933 5.692382 0.014393
30.502304 57.326237 0.778159 3.532705 181.286194 31.698729 0.272850 -0.229924 5.704524 0.014119
30.626299 57.416477 0.906779 3.325036 181.760498 32.224365 0.283808 -0.280585 5.716653 0.011359
30.751293 57.492409 1.014491 3.134308 182.237076 32.757797 0.294715 -0.304437 5.727988 0.010957
30.876287 57.559704 1.092970 2.951127 182.711441 33.295891 0.304726 -0.311477 5.746540 0.009832
31.000282 57.624641 1.125065 2.795598 183.176987 33.829521 0.311582 -0.308413 5.765098 0.009520
31.135277 57.691902 1.120622 2.719030 183.690857 34.425079 0.316206 -0.295519 5.799834 0.007560
31.260271 57.745274 1.078760 2.653541 184.160309 34.972298 0.318074 -0.274503 5.826101 0.008792
31.384266 57.812572 1.016514 2.560669 184.633942 35.528294 0.318902 -0.243991 5.860215 0.008938
31.508261 57.884338 0.942197 2.499765 185.103836 36.084892 0.318294 -0.204731 5.888308 0.011003
31.633255 57.963097 0.850712 2.453862 185.577423 36.651165 0.316582 -0.157022 5.915837 0.011341
31.758249 58.049881 0.727082 2.428954 186.050705 37.222500 0.314732 -0.104329 5.949179 0.012944
31.883244 58.136536 0.581254 2.383621 186.521530 37.793545 0.313785 -0.051176 5.981039 0.012063
32.005241 58.227528 0.441502 2.368884 186.988419 38.364716 0.315007 -0.000458 6.009357 0.013081
32.130257 58.320160 0.312032 2.346166 187.460846 38.944317 0.319672 0.048437 6.041294 0.013774
32.254272 58.426014 0.183858 2.347585 187.937561 39.532951 0.327194 0.095989 6.074512 0.015371
32.379288 58.540527 0.070658 2.355793 188.415009 40.125389 0.335944 0.140162 6.100363 0.016134
32.504303 58.657291 -0.020810 2.348514 188.889603 40.716427 0.345169 0.176195 6.118885 0.017677
32.629318 58.774818 -0.075156 2.360646 189.367462 41.316631 0.353835 0.199018 6.149728 0.015639
32.754333 58.885952 -0.091366 2.404454 189.848022 41.925007 0.360365 0.205313 6.153767 0.016407
32.878349 59.005856 -0.075422 2.501604 190.318954 42.526180 0.365189 0.197304 6.164036 0.016578
33.010368 59.122570 -0.052833 2.625884 190.819031 43.168945 0.369561 0.180298 6.173280 0.014590
33.133385 59.226177 -0.003840 2.795034 191.278870 43.766113 0.374424 0.163968 6.182956 0.015209
33.257401 59.339973 0.046053 2.958641 191.749100 44.380756 0.378180 0.149200 6.200625 0.016577
33.382416 59.477493 0.097409 3.146461 192.215225 44.993107 0.379871 0.133561 6.208544 0.020460
33.506432 59.617882 0.167365 3.283106 192.684692 45.612370 0.378928 0.112080 6.224009 0.018346
33.632446 59.746391 0.242253 3.422686 193.152924 46.233639 0.374931 0.083856 6.225660 0.017614
33.756462 59.879967 0.313862 3.546065 193.620255 46.857292 0.369313 0.051166 6.239242 0.019414
33.881477 60.012165 0.383047 3.608077 194.087341 47.482998 0.362416 0.013939 6.250791 0.017912
34.007492 60.141102 0.440483 3.607752 194.558502 48.115250 0.354802 -0.031875 6.262665 0.017780
34.133507 60.254852 0.482048 3.587045 195.023865 48.745018 0.345647 -0.085979 6.266018 0.015265
34.258522 60.360786 0.513312 3.521106 195.491165 49.381992 0.335222 -0.139341 6.270477 0.013791
34.385536 60.461731 0.509145 3.365412 195.956512 50.020824 0.324847 -0.174553 6.271168 0.013857
34.510551 60.560516 0.476323 3.160165 196.414749 50.657135 0.314569 -0.182284 6.270920 0.014528
34.635567 60.647285 0.404528 2.919612 196.874161 51.300945 0.305753 -0.168594 6.280963 0.012041
34.758583 60.728859 0.329496 2.626260 197.321960 51.930935 0.297059 -0.148532 6.288049 0.010847
34.881599 60.798534 0.230917 2.309669 197.763718 52.558311 0.290228 -0.130005 6.290404 0.010289
35.006615 60.872772 0.124189 1.967286 198.213303 53.204075 0.285486 -0.108887 6.297044 0.010707
35.131630 60.940765 0.018375 1.596795 198.664658 53.857204 0.281017 -0.077864 6.305710 0.008645
35.256645 61.003315 -0.102077 1.236369 199.106995 54.502991 0.276302 -0.036682 6.318332 0.008918
35.381660 61.067677 -0.225722 0.941352 199.548630 55.158318 0.271022 0.008671 6.323200 0.008371
35.506676 61.119492 -0.352582 0.678420 199.986435 55.817070 0.264919 0.049400 6.333737 0.006699
35.632690 61.164070 -0.475718 0.395767 200.425217 56.484718 0.258326 0.081227 6.344499 0.005233
35.758705 61.194679 -0.567084 0.098532 200.860077 57.156052 0.250208 0.102129 6.351239 0.002276
35.882721 61.202648 -0.640494 -0.234824 201.288239 57.825603 0.240958 0.112095 6.362118 -0.000162
36.006737 61.199329 -0.678072 -0.561092 201.710022 58.493168 0.231570 0.112066 6.367719 -0.002039
36.128754 61.182724 -0.681887 -0.909739 202.121933 59.151928 0.221448 0.104591 6.369000 -0.003711
36.250771 61.159893 -0.656599 -1.222135 202.531082 59.813053 0.212384 0.091198 6.372710 -0.004284
36.384785 61.128075 -0.585611 -1.506753 202.975723 60.541897 0.205563 0.068040 6.371503 -0.005117
36.507801 61.094234 -0.487051 -1.722566 203.380768 61.212242 0.201907 0.036526 6.361607 -0.005271
36.630817 61.060390 -0.370897 -1.850401 203.783249 61.882576 0.200569 -0.002187 6.353760 -0.005180
36.753834 61.019962 -0.262225 -1.903340 204.180008 62.547840 0.200695 -0.039458 6.347825 -0.006487
36.876850 60.967457 -0.178075 -1.862755 204.580414 63.224812 0.203487 -0.066429 6.341712 -0.007744
37.001865 60.902496 -0.103555 -1.733656 204.976852 63.903225 0.208915 -0.079406 6.333179 -0.009696
37.134876 60.835934 -0.035416 -1.580628 205.407623 64.641876 0.216771 -0.082524 6.334021 -0.007133
37.255882 60.792755 0.025892 -1.362863 205.793732 65.304016 0.224574 -0.082706 6.335519 -0.005415
37.378899 60.761589 0.083260 -1.063253 206.183289 65.972382 0.233670 -0.082586 6.345474 -0.004020
37.503914 60.742622 0.126624 -0.706186 206.580490 66.652222 0.244957 -0.078766 6.355707 -0.002655
37.629929 60.729267 0.155935 -0.279507 206.985931 67.344460 0.257609 -0.065253 6.370307 -0.000164
37.753941 60.740826 0.178097 0.131689 207.390533 68.030968 0.272057 -0.039761 6.379972 0.001922
37.885948 60.763092 0.172228 0.542040 207.821472 68.755562 0.286610 -0.003298 6.389901 0.005071
38.007961 60.808022 0.149169 1.002212 208.221542 69.425102 0.300240 0.033552 6.399356 0.007246
38.132977 60.861004 0.114615 1.475330 208.631165 70.106735 0.315106 0.068599 6.417284 0.007994
38.257992 60.923164 0.050845 1.986137 209.049225 70.800568 0.329861 0.098075 6.438940 0.008569
38.383007 60.988728 -0.000592 2.446498 209.467819 71.489273 0.345083 0.117453 6.453647 0.009176
38.508022 61.062664 -0.036821 2.861661 209.889648 72.177895 0.360594 0.120810 6.465802 0.010646
38.631035 61.144825 -0.063010 3.229109 210.311615 72.860519 0.377194 0.102471 6.476371 0.012223
38.756050 61.237217 -0.076740 3.567788 210.733246 73.537338 0.393042 0.063049 6.487221 0.013364
38.881065 61.334545 -0.068995 3.821662 211.164841 74.224823 0.406394 0.010599 6.498354 0.013014
39.007080 61.438015 -0.028913 4.018272 211.605209 74.923767 0.417921 -0.040247 6.506940 0.015044
39.129093 61.549015 0.008675 4.172261 212.029861 75.594925 0.426814 -0.076399 6.513687 0.016521
39.253109 61.670441 0.053070 4.218680 212.458099 76.272041 0.431783 -0.097780 6.515491 0.017848
39.378124 61.802475 0.092901 4.158511 212.893188 76.960884 0.433661 -0.106652 6.520234 0.019043
39.503139 61.947605 0.133062 4.052804 213.331665 77.655724 0.430357 -0.105197 6.524294 0.020953
39.628155 62.105129 0.184547 3.883746 213.766922 78.345947 0.421195 -0.093228 6.531398 0.023250
39.753170 62.276978 0.237835 3.661215 214.198105 79.031708 0.408297 -0.072920 6.533390 0.024446
39.879185 62.458092 0.281833 3.383342 214.634216 79.730255 0.390060 -0.047944 6.536130 0.024972
40.004200 62.632992 0.310174 3.021579 215.063965 80.425354 0.366709 -0.020639 6.537628 0.024459
40.129215 62.811375 0.319635 2.576834 215.495148 81.127235 0.339527 0.011652 6.535716 0.024928
40.254230 62.991905 0.307187 2.076047 215.919479 81.824844 0.311481 0.050443 6.530158 0.026400
40.379246 63.194878 0.268466 1.576166 216.338623 82.523903 0.284443 0.089032 6.516018 0.028909
40.504261 63.405392 0.207995 1.092060 216.752274 83.225067 0.258506 0.115136 6.512487 0.030900
40.629276 63.633186 0.141158 0.600356 217.162170 83.928940 0.235690 0.122187 6.514484 0.033386
40.754292 63.875076 0.088757 0.060759 217.565613 84.628471 0.216504 0.117385 6.509351 0.035055
40.879307 64.143112 0.041805 -0.462346 217.970947 85.339928 0.201004 0.113453 6.491975 0.038251
41.004322 64.413040 0.010720 -0.953466 218.367996 86.046883 0.188430 0.113920 6.480666 0.038264
41.129337 64.683701 0.002063 -1.373687 218.761749 86.755241 0.178849 0.107588 6.484648 0.037298
41.255352 64.956566 -0.005579 -1.721555 219.156937 87.470276 0.170360 0.080893 6.483279 0.037699
41.381367 65.232689 -0.001386 -2.033340 219.547379 88.180359 0.163497 0.032978 6.482799 0.039510
41.506382 65.510429 0.028342 -2.284257 219.935806 88.891098 0.157113 -0.023268 6.477011 0.038855
41.631397 65.779816 0.076984 -2.411501 220.324814 89.607780 0.150877 -0.070810 6.465987 0.037178
41.755413 66.050095 0.139765 -2.391906 220.703735 90.312790 0.146314 -0.096480 6.450923 0.038853
41.880428 66.318344 0.204905 -2.272561 221.080490 91.017021 0.142610 -0.097733 6.435628 0.036546
42.004444 66.583870 0.271156 -2.027489 221.459534 91.726265 0.138401 -0.077527 6.431668 0.037131
42.126461 66.833839 0.332073 -1.694259 221.827789 92.418037 0.135117 -0.046464 6.417981 0.034085
42.261475 67.088692 0.383087 -1.254876 222.234497 93.181801 0.133332 -0.016707 6.404559 0.031966
42.386490 67.315178 0.414662 -0.732363 222.610733 93.888084 0.134154 -0.011649 6.397419 0.030599
42.512505 67.535515 0.435480 -0.071152 222.985931 94.593452 0.136995 -0.038083 6.388431 0.029672
42.626518 67.739792 0.457131 0.598316 223.326996 95.235909 0.141890 -0.086659 6.369855 0.029528
42.752533 67.962242 0.475334 1.390017 223.702469 95.944313 0.150430 -0.149836 6.358563 0.030209
42.878548 68.182594 0.497481 2.198536 224.080475 96.656601 0.161135 -0.197586 6.343572 0.028322
43.002563 68.371101 0.512164 2.976309 224.447739 97.350349 0.175467 -0.206831 6.323895 0.023497
43.127579 68.540123 0.517993 3.688831 224.812729 98.042938 0.193160 -0.171576 6.309675 0.022510
43.251595 68.695320 0.522845 4.344612 225.178986 98.740219 0.213124 -0.099922 6.295882 0.019635
43.376610 68.841408 0.509637 4.990791 225.542572 99.437607 0.236162 -0.011729 6.285978 0.019715
43.502625 68.977585 0.483063 5.545831 225.904327 100.134926 0.258774 0.071588 6.285053 0.017339
43.628639 69.103989 0.429221 6.003684 226.266342 100.838905 0.278898 0.136300 6.282314 0.017451
43.753654 69.232475 0.374224 6.362412 226.624756 101.544868 0.296530 0.177338 6.286423 0.017243
43.876671 69.360451 0.299007 6.616044 226.970581 102.237137 0.310446 0.198619 6.297785 0.018937
44.010689 69.511139 0.219965 6.748380 227.342636 102.995178 0.320867 0.207157 6.302123 0.019810
44.133701 69.655792 0.169038 6.730307 227.678329 103.694870 0.324554 0.202847 6.314429 0.021027
44.256718 69.806778 0.144265 6.641078 228.008774 104.398575 0.323569 0.181673 6.323952 0.021457
44.379734 69.967918 0.153249 6.414667 228.335312 105.106316 0.317360 0.139364 6.343248 0.022972
44.503750 70.138885 0.195071 6.131256 228.657639 105.818230 0.305796 0.080587 6.359563 0.026124
44.636768 70.342873 0.284004 5.662302 229.004745 106.597610 0.288726 0.015166 6.375572 0.027872
44.759785 70.541016 0.397011 5.097858 229.318008 107.309868 0.269949 -0.031371 6.381589 0.030029
44.881802 70.754822 0.542148 4.518008 229.629196 108.031075 0.248823 -0.061949 6.392541 0.031835
45.005817 70.987930 0.724179 3.875210 229.941696 108.760788 0.226462 -0.084417 6.408345 0.035087
45.128834 71.230171 0.942396 3.204491 230.250763 109.486427 0.205081 -0.106266 6.416309 0.037061
45.261848 71.510696 1.215652 2.525558 230.581284 110.266869 0.183913 -0.129273 6.424678 0.039969
45.384865 71.792686 1.483616 1.952419 230.892761 111.000977 0.167695 -0.142704 6.432421 0.042001
45.508881 72.079475 1.745393 1.446081 231.205917 111.733391 0.155173 -0.140646 6.420894 0.043082
45.631897 72.369843 1.992376 1.064390 231.520523 112.457520 0.147847 -0.121563 6.416787 0.043350
45.756912 72.663696 2.220551 0.765694 231.844986 113.190498 0.145938 -0.090115 6.404550 0.041325
45.882927 72.941437 2.393818 0.552211 232.174118 113.918831 0.149620 -0.055650 6.386276 0.038908
46.006943 73.209007 2.515246 0.452283 232.505798 114.636772 0.159011 -0.029852 6.372588 0.037290
46.131958 73.462135 2.585552 0.532691 232.846710 115.355545 0.175297 -0.020444 6.357500 0.033332
46.256973 73.697350 2.594343 0.771083 233.196014 116.075523 0.199669 -0.029372 6.346630 0.029694
46.382988 73.914780 2.529704 1.175242 233.547974 116.785583 0.230174 -0.048456 6.335518 0.026697
46.508003 74.113571 2.389014 1.684698 233.908035 117.497169 0.266679 -0.064200 6.326770 0.022015
46.633018 74.280014 2.182949 2.317887 234.270432 118.199516 0.305492 -0.064356 6.313402 0.018568
46.759033 74.422333 1.924168 3.075584 234.639053 118.903488 0.344488 -0.043723 6.307490 0.013841
46.885048 74.531876 1.627541 3.929655 235.011444 119.605858 0.381331 -0.004895 6.311384 0.009478
47.011063 74.590973 1.283138 4.740722 235.387283 120.306435 0.416133 0.045604 6.306093 0.003713
47.137077 74.605171 0.913809 5.602285 235.761276 120.999855 0.448009 0.103989 6.304737 -0.003388
47.262093 74.572510 0.529855 6.488773 236.139999 121.698044 0.477111 0.170147 6.303293 -0.007716
47.388107 74.507683 0.188234 7.345508 236.516953 122.390755 0.501023 0.240253 6.312699 -0.011847
47.502121 74.411758 -0.100158 8.051050 236.864288 123.029053 0.519501 0.298747 6.320170 -0.015910
47.627136 74.274399 -0.380195 8.735706 237.239655 123.724190 0.535760 0.339163 6.321866 -0.020709
47.752151 74.104691 -0.612605 9.299198 237.609406 124.416313 0.548067 0.341554 6.328107 -0.024583
47.877167 73.894844 -0.788586 9.664167 237.981567 125.121925 0.557192 0.304545 6.331328 -0.030910
48.002182 73.653961 -0.901880 9.789465 238.345200 125.823944 0.562451 0.241080 6.322523 -0.035256
48.127197 73.376022 -0.950868 9.698782 238.700546 126.527771 0.564877 0.167232 6.296564 -0.041696
48.253212 73.052155 -0.961767 9.389008 239.048828 127.240059 0.565735 0.093537 6.289704 -0.048556
48.387230 72.665329 -0.937810 8.785927 239.407578 128.001587 0.564566 0.018995 6.275500 -0.054886
48.510246 72.275253 -0.910794 7.985739 239.722107 128.699188 0.559968 -0.048418 6.269412 -0.059672
48.633263 71.847641 -0.880962 6.963630 240.028442 129.413193 0.549240 -0.119626 6.267061 -0.064253
48.757278 71.398239 -0.863191 5.746742 240.322144 130.132797 0.531286 -0.194020 6.268159 -0.066633
48.880295 70.943527 -0.880683 4.381221 240.601303 130.852081 0.507878 -0.267422 6.276672 -0.068495
49.004307 70.480042 -0.943124 2.886163 240.869049 131.583008 0.478025 -0.332905 6.279723 -0.068356
49.128323 70.029785 -1.055967 1.254816 241.121033 132.313446 0.442209 -0.380818 6.282311 -0.068082
49.252338 69.597359 -1.208325 -0.493701 241.363495 133.054672 0.401575 -0.407397 6.294495 -0.064165
49.377354 69.198578 -1.392669 -2.340220 241.598190 133.812729 0.357548 -0.413640 6.300293 -0.057903
49.502369 68.859268 -1.595121 -4.207532 241.822876 134.567993 0.313142 -0.403359 6.304350 -0.051146
49.628384 68.585022 -1.779558 -5.962994 242.039627 135.325577 0.270889 -0.379190 6.299464 -0.040957
49.763401 68.382805 -1.917162 -7.687209 242.265045 136.144333 0.235055 -0.339853 6.284057 -0.027710
49.877415 68.291771 -1.954020 -8.984789 242.453217 136.841461 0.215740 -0.297849 6.275478 -0.015560
50.012432 68.261978 -1.880631 -10.215090 242.672531 137.658539 0.205844 -0.242199 6.258221 -0.004630
50.135448 68.310959 -1.683098 -11.009818 242.872559 138.399521 0.209023 -0.183496 6.228085 0.008706
50.261463 68.450188 -1.371839 -11.460225 243.078476 139.154953 0.222044 -0.108403 6.207055 0.022439
50.387478 68.657570 -0.960152 -11.528908 243.285660 139.900131 0.242367 -0.012207 6.172528 0.033224
50.512493 68.923332 -0.465956 -11.295735 243.497971 140.645737 0.266161 0.103936 6.134745 0.040278
50.638508 69.240036 0.061801 -10.774240 243.712219 141.380188 0.289271 0.221765 6.109956 0.047157
50.752522 69.564545 0.551399 -10.065148 243.910736 142.046326 0.306865 0.312744 6.091168 0.049751
50.877537 69.942039 1.060547 -9.109760 244.132629 142.773941 0.318354 0.379891 6.084631 0.050991
51.003551 70.355774 1.507420 -8.032267 244.362350 143.512146 0.319805 0.415834 6.088327 0.054505
51.129566 70.776161 1.878157 -6.791896 244.592377 144.238342 0.310910 0.437855 6.100783 0.053571
51.254581 71.204773 2.154658 -5.407501 244.827698 144.971924 0.291132 0.468563 6.124501 0.052030
51.377594 71.621429 2.308295 -4.019281 245.060562 145.689545 0.260409 0.514467 6.145952 0.051042
51.511612 72.072388 2.353339 -2.414024 245.316452 146.474533 0.217678 0.568283 6.176441 0.049948
51.634628 72.478859 2.269883 -0.890019 245.552490 147.198761 0.174207 0.596009 6.200722 0.047889
51.759644 72.880539 2.087395 0.670291 245.794373 147.938217 0.130745 0.580007 6.238909 0.048021
51.885658 73.271118 1.818419 2.236259 246.038254 148.681427 0.091552 0.510442 6.268852 0.046671
52.009674 73.664505 1.478228 3.766723 246.284515 149.428299 0.060612 0.392282 6.307674 0.049632
52.134689 74.054253 1.087131 5.209342 246.532608 150.179169 0.043434 0.240354 6.337398 0.049203
52.259705 74.422302 0.690587 6.493372 246.782547 150.926682 0.041334 0.072616 6.372042 0.049107
52.383720 74.781746 0.307960 7.630699 247.037598 151.683029 0.056047 -0.098474 6.393034 0.048634
52.504730 75.112030 -0.016734 8.538372 247.289825 152.422287 0.084939 -0.256401 6.410444 0.045583
52.628746 75.433159 -0.298245 9.258034 247.546448 153.169373 0.128298 -0.395380 6.433445 0.045409
52.753761 75.747108 -0.507657 9.770680 247.810074 153.923096 0.184550 -0.504223 6.442421 0.044700
52.878777 76.065987 -0.636974 10.081920 248.084335 154.687408 0.249328 -0.575693 6.445112 0.043713
53.003792 76.371300 -0.679278 10.252779 248.359222 155.444077 0.315892 -0.609348 6.437243 0.042218
53.128807 76.660400 -0.628079 10.248920 248.636383 156.191727 0.378755 -0.615868 6.425088 0.039018
53.253822 76.913635 -0.491141 10.109029 248.923401 156.948166 0.435473 -0.605016 6.420636 0.033204
53.379837 77.143822 -0.293380 9.846568 249.215836 157.702179 0.480049 -0.579738 6.418136 0.029014
53.504852 77.339249 -0.069488 9.517931 249.510452 158.447891 0.511137 -0.537321 6.414341 0.025226
53.627869 77.500137 0.185396 9.106019 249.804169 159.179199 0.528135 -0.475747 6.406144 0.020137
53.762882 77.640297 0.466953 8.580671 250.130386 159.980240 0.533184 -0.388375 6.402581 0.016733
53.887897 77.731659 0.710157 8.084867 250.430679 160.714890 0.526847 -0.297170 6.398263 0.010636
54.012913 77.790207 0.914533 7.546877 250.734222 161.453583 0.510449 -0.201917 6.383498 0.007364
54.136929 77.818344 1.080779 7.011692 251.035492 162.190414 0.487220 -0.108186 6.355514 0.004458
54.261944 77.817566 1.200291 6.497309 251.332794 162.926117 0.460321 -0.018995 6.341782 -0.001489
54.386955 77.781616 1.274026 5.981334 251.623871 163.655502 0.433167 0.064114 6.328713 -0.004768
54.510971 77.715424 1.289361 5.402709 251.911133 164.390961 0.408740 0.145515 6.310639 -0.009542
54.633987 77.622002 1.265937 4.729985 252.186096 165.109055 0.386605 0.229213 6.301007 -0.012148
54.757999 77.493309 1.197696 3.956811 252.460541 165.846329 0.367941 0.325343 6.288845 -0.018499
54.882015 77.324028 1.091706 3.162878 252.724045 166.579742 0.353543 0.430250 6.280160 -0.023464
55.007030 77.127396 0.936679 2.305591 252.979187 167.322464 0.341486 0.532715 6.289810 -0.027954
55.134045 76.892464 0.736639 1.387925 253.229233 168.081833 0.329533 0.613285 6.301224 -0.031831
55.260059 76.627136 0.492736 0.408230 253.466827 168.834183 0.317234 0.653311 6.319043 -0.038156
55.385075 76.335716 0.243176 -0.592083 253.695435 169.591705 0.302876 0.651742 6.338904 -0.041133
55.510090 76.027512 -0.011081 -1.623176 253.916107 170.361465 0.285104 0.616717 6.369811 -0.042836
55.636105 75.709442 -0.268214 -2.673327 254.128937 171.137634 0.262162 0.556643 6.399712 -0.045836
55.761120 75.390495 -0.512362 -3.687836 254.332535 171.914536 0.232974 0.474055 6.440953 -0.045043
55.886135 75.072823 -0.756554 -4.695772 254.530167 172.697281 0.199464 0.366570 6.469579 -0.046565
56.012150 74.749863 -0.974205 -5.608392 254.724152 173.491470 0.163554 0.235858 6.499132 -0.045749
56.137165 74.445740 -1.145407 -6.344986 254.910904 174.283142 0.127098 0.093274 6.516792 -0.042374
56.263180 74.167633 -1.238975 -6.893479 255.094086 175.077744 0.094722 -0.050397 6.527442 -0.039356
56.387196 73.912971 -1.236766 -7.252968 255.276138 175.873489 0.069383 -0.186463 6.529054 -0.032848
56.513210 73.703903 -1.137359 -7.447305 255.460632 176.667480 0.054917 -0.308961 6.516989 -0.026239
56.638226 73.535225 -0.941781 -7.374614 255.648712 177.465042 0.053929 -0.414062 6.496307 -0.020037
56.764240 73.414734 -0.659008 -7.020797 255.839798 178.251602 0.066273 -0.497238 6.453726 -0.013279
56.878254 73.351601 -0.337273 -6.552471 256.021881 178.961807 0.090833 -0.554646 6.415799 -0.006380
57.003269 73.327271 0.058401 -5.825891 256.229065 179.733047 0.130348 -0.596294 6.368634 -0.000939
57.128284 73.331367 0.480046 -4.973655 256.446381 180.502426 0.182800 -0.612355 6.326389 0.000951
57.253300 73.356674 0.891578 -4.002170 256.669800 181.258377 0.243384 -0.597950 6.290202 0.003680
57.379314 73.420593 1.258274 -2.910632 256.901367 182.006378 0.306447 -0.552780 6.249965 0.008498
57.504330 73.524879 1.565636 -1.703733 257.141998 182.755539 0.371480 -0.481599 6.244264 0.012158
57.630344 73.664810 1.796434 -0.461872 257.390320 183.501099 0.433062 -0.392355 6.237523 0.015824
57.755360 73.842682 1.947843 0.773367 257.644257 184.239151 0.485059 -0.290381 6.248190 0.020241
57.881374 74.046486 2.002656 2.009307 257.906921 184.984161 0.527400 -0.176064 6.277541 0.023693
58.007389 74.268326 1.963867 3.266058 258.172028 185.725449 0.558093 -0.054324 6.311547 0.025222
58.132404 74.511360 1.842067 4.490532 258.440552 186.471344 0.573791 0.068725 6.362907 0.029848
58.257420 74.773399 1.641714 5.643534 258.711365 187.222412 0.575619 0.185913 6.405018 0.032671
58.379436 75.049927 1.380924 6.666458 258.980621 187.967651 0.562896 0.290024 6.464002 0.036610
58.504452 75.338707 1.072450 7.582466 259.254272 188.724243 0.538025 0.379726 6.508664 0.039210
58.629467 75.646446 0.733958 8.350940 259.530731 189.500183 0.503137 0.452274 6.557837 0.042322
58.754482 75.965729 0.398975 8.930000 259.802399 190.276596 0.463142 0.503494 6.593669 0.044588
58.879498 76.284523 0.077208 9.316150 260.071625 191.058243 0.421326 0.532716 6.623746 0.043688
59.004513 76.588692 -0.192962 9.474119 260.334137 191.838379 0.379213 0.537751 6.645224 0.041822
59.137527 76.911621 -0.389615 9.430637 260.611084 192.685654 0.335668 0.513795 6.656418 0.041822
59.260540 77.195206 -0.459742 9.237005 260.857880 193.459656 0.299615 0.465611 6.661971 0.039028
59.382549 77.474136 -0.437542 8.848656 261.104736 194.247391 0.267897 0.395987 6.652520 0.038452
59.506561 77.738472 -0.313123 8.322627 261.344177 195.029007 0.242442 0.311752 6.639123 0.035505
59.630577 77.974426 -0.112201 7.640306 261.581970 195.814758 0.222267 0.213541 6.607045 0.031154
59.753593 78.175705 0.143131 6.856927 261.812897 196.584061 0.206129 0.102770 6.566216 0.027751
59.878609 78.351768 0.434249 5.994602 262.046906 197.368484 0.194786 -0.022615 6.536463 0.022657
60.014626 78.500977 0.742352 4.976466 262.300690 198.217438 0.185731 -0.157923 6.497243 0.019004
