1.20 1.10 20 64
0.136000 0.001948 0.206844 -0.117536 0.963243 0.000656 -0.126790 -0.364307 6.739100 -0.000015
0.254000 -0.014768 0.720106 -0.246482 1.753791 0.001242 -0.074145 -0.249059 6.660051 -0.003623
0.385000 -0.051874 1.563038 -0.351798 2.617909 0.001984 0.015279 -0.098247 6.538296 -0.005686
0.503000 -0.100899 2.469154 -0.456730 3.382256 0.001593 0.109193 0.054231 6.431323 -0.007036
0.633000 -0.160260 3.511969 -0.581197 4.208785 -0.000247 0.213020 0.237845 6.314130 -0.006732
0.751000 -0.214607 4.440396 -0.678197 4.946704 -0.003273 0.295517 0.404888 6.213684 -0.007337
0.880000 -0.269539 5.362470 -0.778426 5.748658 -0.007178 0.363595 0.570593 6.145563 -0.006513
1.010000 -0.331883 6.127057 -0.880923 6.537638 -0.011291 0.403147 0.696146 6.103244 -0.006634
1.127000 -0.385896 6.686676 -0.957470 7.251069 -0.015035 0.413916 0.766273 6.095838 -0.007669
1.256000 -0.449624 7.110925 -0.997955 8.043317 -0.019981 0.396945 0.795556 6.099034 -0.007847
1.386000 -0.511833 7.297338 -1.056442 8.831571 -0.026445 0.351515 0.776541 6.125185 -0.007677
1.503000 -0.573535 7.252582 -1.093092 9.550167 -0.033918 0.291793 0.719932 6.155938 -0.009550
1.632000 -0.652663 6.977999 -1.154153 10.347286 -0.043236 0.211776 0.615800 6.196145 -0.010275
1.759000 -0.748974 6.504483 -1.160154 11.143551 -0.052815 0.126481 0.478070 6.241763 -0.013677
1.876999 -0.842919 5.919664 -1.190031 11.876907 -0.062893 0.052775 0.337144 6.289463 -0.013023
2.006999 -0.947475 5.152400 -1.260513 12.699031 -0.076355 -0.015749 0.180318 6.353501 -0.013529
2.136000 -1.052956 4.333239 -1.320545 13.522595 -0.092164 -0.064028 0.036262 6.408567 -0.015024
2.252000 -1.156575 3.574339 -1.358487 14.276427 -0.106443 -0.085854 -0.079421 6.469722 -0.015531
2.382000 -1.280527 2.809277 -1.281698 15.116370 -0.120154 -0.079672 -0.192845 6.537607 -0.018727
2.510001 -1.408735 2.163761 -1.114325 15.963000 -0.133605 -0.042663 -0.296272 6.578881 -0.019275
2.626001 -1.525864 1.706585 -0.898452 16.720362 -0.145297 0.013021 -0.385802 6.594504 -0.018007
2.754001 -1.661297 1.346380 -0.574147 17.570593 -0.159978 0.094499 -0.487483 6.586010 -0.020742
2.884002 -1.817084 1.130539 -0.236321 18.425482 -0.176008 0.185666 -0.583909 6.572562 -0.021879
3.002002 -1.961291 1.038619 0.079607 19.193245 -0.190077 0.266164 -0.646847 6.557674 -0.022467
3.132003 -2.131259 1.030274 0.387303 20.044197 -0.206757 0.342017 -0.669025 6.541217 -0.022914
3.262003 -2.301925 1.101522 0.640433 20.894573 -0.226271 0.396072 -0.632660 6.543650 -0.022804
3.380004 -2.453602 1.211859 0.846985 21.667393 -0.245766 0.421361 -0.559360 6.557515 -0.023875
3.509004 -2.630515 1.375542 1.034786 22.514025 -0.268310 0.421082 -0.454530 6.572695 -0.025187
3.627005 -2.797165 1.552424 1.203027 23.290884 -0.291673 0.396865 -0.349075 6.594968 -0.025058
3.756005 -2.979379 1.777542 1.381570 24.147619 -0.318403 0.347351 -0.226406 6.590952 -0.024854
3.877006 -3.145975 1.974435 1.529867 24.937536 -0.343501 0.284310 -0.106838 6.578022 -0.024722
4.007006 -3.338181 2.172451 1.647470 25.784021 -0.371705 0.204370 0.019955 6.554714 -0.028162
4.135007 -3.548222 2.347459 1.738273 26.627295 -0.400234 0.122422 0.129277 6.523007 -0.028839
4.254008 -3.747018 2.475855 1.764275 27.400272 -0.426238 0.054021 0.201058 6.479100 -0.029960
4.384009 -3.969623 2.576252 1.762642 28.239063 -0.456572 -0.006166 0.245008 6.437648 -0.030551
4.501010 -4.175890 2.634696 1.730770 28.995146 -0.484231 -0.042875 0.261283 6.395011 -0.030012
4.630011 -4.400922 2.663543 1.655645 29.815519 -0.515512 -0.059125 0.269363 6.342373 -0.030858
4.760012 -4.634208 2.645123 1.494058 30.628696 -0.548602 -0.050321 0.279267 6.283357 -0.030533
4.878013 -4.850055 2.581960 1.362833 31.365789 -0.579570 -0.022124 0.292662 6.232107 -0.030833
5.007014 -5.085449 2.444695 1.200690 32.164940 -0.615507 0.026000 0.308620 6.181693 -0.031371
5.136015 -5.331759 2.242050 0.996791 32.964802 -0.655105 0.087250 0.320947 6.144163 -0.033375
5.251017 -5.554372 2.034232 0.773176 33.668968 -0.691430 0.146095 0.324790 6.123836 -0.032408
5.378018 -5.796127 1.772656 0.532252 34.438095 -0.731583 0.208477 0.316180 6.108373 -0.032591
5.507019 -6.054731 1.477952 0.326452 35.225723 -0.772534 0.263419 0.285174 6.120645 -0.035249
5.636020 -6.321511 1.169918 0.111366 36.015541 -0.814960 0.305691 0.226961 6.137766 -0.036886
5.754021 -6.579622 0.896098 -0.076487 36.740616 -0.855522 0.329221 0.155232 6.167062 -0.037948
5.882022 -6.864588 0.605827 -0.275133 37.531155 -0.901041 0.337733 0.070680 6.200260 -0.038774
6.010024 -7.149578 0.320195 -0.447849 38.332546 -0.949997 0.327229 -0.007097 6.239103 -0.037788
6.127025 -7.400156 0.085549 -0.592932 39.063187 -0.996265 0.303302 -0.062693 6.270054 -0.037264
6.254026 -7.664391 -0.126192 -0.744032 39.859482 -1.047811 0.264196 -0.106942 6.293332 -0.036150
6.381027 -7.915016 -0.271934 -0.902849 40.651661 -1.102557 0.217320 -0.136184 6.310025 -0.034538
6.508029 -8.163817 -0.335152 -1.045293 41.451683 -1.160407 0.168962 -0.152666 6.314468 -0.033388
6.636030 -8.417570 -0.293041 -1.226724 42.256729 -1.220918 0.126286 -0.158018 6.297719 -0.034792
6.753031 -8.650763 -0.177386 -1.383390 42.989067 -1.277123 0.094871 -0.156734 6.266474 -0.035248
6.882032 -8.917529 0.010151 -1.510790 43.797890 -1.341270 0.072644 -0.156092 6.220519 -0.036057
7.012033 -9.187145 0.245648 -1.588326 44.592903 -1.406186 0.066907 -0.160909 6.160511 -0.036430
7.130034 -9.426921 0.475381 -1.564574 45.314003 -1.466327 0.072990 -0.166500 6.114359 -0.034536
7.259035 -9.675091 0.739753 -1.511009 46.094387 -1.534261 0.089151 -0.162783 6.043494 -0.033376
7.377036 -9.897575 0.964724 -1.476960 46.800655 -1.598947 0.111280 -0.142964 5.990105 -0.031910
7.506037 -10.133806 1.174790 -1.464264 47.565960 -1.672361 0.139413 -0.107034 5.940380 -0.031218
7.635038 -10.355202 1.321604 -1.462045 48.326012 -1.748384 0.167749 -0.071093 5.905703 -0.029074
7.753039 -10.551267 1.396520 -1.486417 49.017708 -1.820715 0.191590 -0.053092 5.884215 -0.029428
7.882041 -10.779161 1.390443 -1.539660 49.776974 -1.902953 0.213906 -0.052577 5.871500 -0.030363
8.011042 -11.003208 1.293506 -1.596604 50.523823 -1.986767 0.227931 -0.059804 5.872908 -0.031024
8.129042 -11.216600 1.133895 -1.645108 51.213249 -2.066351 0.232635 -0.060116 5.888267 -0.031566
8.258041 -11.450705 0.882480 -1.627371 51.968903 -2.157027 0.227664 -0.046327 5.910465 -0.031951
8.387041 -11.684673 0.594278 -1.585887 52.727825 -2.251081 0.215727 -0.018388 5.941033 -0.032918
8.503040 -11.902225 0.307558 -1.537377 53.413227 -2.338300 0.200313 0.015757 5.966225 -0.033328
8.633040 -12.168679 -0.022557 -1.482464 54.184277 -2.440437 0.180687 0.062253 5.993028 -0.037222
8.762040 -12.449157 -0.306437 -1.406626 54.952087 -2.545758 0.160329 0.115558 6.014981 -0.039401
8.879040 -12.724336 -0.504714 -1.282163 55.656460 -2.644255 0.143777 0.167768 6.033276 -0.041757
9.009040 -13.032643 -0.637341 -1.208892 56.427452 -2.755785 0.131172 0.225671 6.040656 -0.041365
9.126040 -13.312098 -0.688632 -1.130398 57.126087 -2.859238 0.124530 0.272662 6.034414 -0.041804
9.256040 -13.629066 -0.657157 -0.999909 57.901203 -2.976262 0.124391 0.305355 6.025416 -0.042480
9.386040 -13.940827 -0.546106 -0.832212 58.673481 -3.095905 0.131821 0.297850 5.999866 -0.041276
9.503039 -14.215432 -0.385157 -0.662788 59.365246 -3.204659 0.142615 0.244939 5.974438 -0.040873
9.633039 -14.519517 -0.168896 -0.525866 60.129356 -3.330089 0.157194 0.142463 5.951548 -0.041058
9.751040 -14.794362 0.043465 -0.391156 60.819996 -3.449083 0.171111 0.032873 5.934312 -0.040806
9.880039 -15.094646 0.291333 -0.244474 61.578575 -3.583459 0.183569 -0.076326 5.925612 -0.039969
10.010039 -15.387671 0.548048 -0.177125 62.329716 -3.720068 0.192244 -0.154025 5.912605 -0.039714
10.127039 -15.653055 0.747356 -0.144871 63.009209 -3.846644 0.196169 -0.195715 5.906753 -0.038757
10.254038 -15.938016 0.930831 -0.121345 63.746941 -3.986104 0.194655 -0.220186 5.914532 -0.039324
10.384038 -16.230116 1.075103 -0.118095 64.502617 -4.129189 0.185022 -0.234077 5.916228 -0.040040
10.502038 -16.501902 1.164561 -0.108217 65.189011 -4.261647 0.171273 -0.244409 5.929416 -0.040747
10.628036 -16.794266 1.210799 -0.183329 65.923584 -4.405126 0.152856 -0.255039 5.947731 -0.040094
10.757037 -17.054087 1.212558 -0.279701 66.566002 -4.532989 0.135113 -0.260942 5.959519 -0.041556
10.885036 -17.422859 1.169814 -0.424728 67.425591 -4.706780 0.112985 -0.257372 5.962184 -0.043242
11.001036 -17.713243 1.114922 -0.572056 68.109497 -4.847114 0.097600 -0.242241 5.971645 -0.042378
11.131036 -18.031822 1.024779 -0.738620 68.870811 -5.005027 0.084393 -0.213019 5.983265 -0.041603
11.261036 -18.347612 0.917463 -0.921248 69.626686 -5.164389 0.078272 -0.173520 5.990414 -0.043261
11.378036 -18.648502 0.824801 -1.110182 70.319160 -5.310677 0.077518 -0.128276 5.999271 -0.044866
11.507035 -18.986158 0.747560 -1.354433 71.076797 -5.470874 0.082262 -0.066418 6.003593 -0.045269
11.637035 -19.316778 0.686297 -1.613762 71.833389 -5.634324 0.092962 0.009540 5.998819 -0.044802
11.755035 -19.625877 0.652767 -1.874773 72.525345 -5.784806 0.106598 0.093168 5.999142 -0.046144
11.884035 -19.974495 0.623934 -2.168513 73.281036 -5.951548 0.123919 0.199221 5.997260 -0.047256
12.002035 -20.285564 0.618512 -2.472506 73.971596 -6.105306 0.139368 0.301292 5.992935 -0.044746
12.134034 -20.621168 0.648295 -2.852827 74.737656 -6.277848 0.155781 0.404346 5.992995 -0.043349
12.262033 -20.937008 0.683483 -3.219680 75.491043 -6.449872 0.169264 0.470039 5.989405 -0.041457
12.378033 -21.206783 0.726206 -3.556333 76.172676 -6.610081 0.176837 0.485739 5.985896 -0.039112
12.507032 -21.490444 0.801319 -3.924382 76.924736 -6.789604 0.179393 0.454283 5.995878 -0.037147
12.636032 -21.767191 0.877091 -4.217673 77.670715 -6.969190 0.176501 0.389811 5.997974 -0.036955
12.753032 -22.016781 0.950315 -4.499747 78.352936 -7.135580 0.169809 0.321075 6.003444 -0.036623
12.880031 -22.286554 1.041854 -4.729145 79.100395 -7.318782 0.158066 0.248479 6.013501 -0.036449
13.008030 -22.560902 1.143476 -4.900242 79.847923 -7.504169 0.144459 0.180251 6.014108 -0.036726
13.136029 -22.820951 1.270189 -5.072247 80.588402 -7.690836 0.131227 0.108642 6.010735 -0.034447
13.251027 -23.051783 1.391900 -5.210638 81.252708 -7.860897 0.120711 0.032429 6.017807 -0.035348
13.380026 -23.300816 1.548852 -5.322735 82.009888 -8.057193 0.111736 -0.073055 6.015537 -0.032411
13.506024 -23.530470 1.707383 -5.374310 82.743141 -8.249588 0.107436 -0.192181 6.013952 -0.030869
13.636024 -23.747997 1.870928 -5.390366 83.498123 -8.450277 0.107110 -0.323415 6.003155 -0.028680
13.751022 -23.940731 2.014700 -5.413339 84.170898 -8.631221 0.111016 -0.435287 6.007475 -0.028323
13.879022 -24.154024 2.155566 -5.367210 84.913078 -8.830966 0.119415 -0.536179 6.002629 -0.029256
14.007021 -24.355209 2.294685 -5.257202 85.648911 -9.030382 0.131434 -0.593548 6.001862 -0.028071
14.135020 -24.564718 2.416174 -5.159469 86.395943 -9.234648 0.146550 -0.590519 6.007417 -0.029118
14.252020 -24.757292 2.506743 -5.081416 87.067696 -9.419468 0.160601 -0.531613 6.008148 -0.029495
14.380019 -24.952219 2.590858 -4.978238 87.810112 -9.626179 0.174476 -0.418455 6.026919 -0.026770
14.508018 -25.140314 2.680861 -4.832451 88.559540 -9.835391 0.186507 -0.279583 6.035384 -0.025822
14.637018 -25.323486 2.769591 -4.766455 89.303658 -10.045682 0.197130 -0.147565 6.045266 -0.025184
14.752017 -25.487877 2.845686 -4.733494 89.978996 -10.238306 0.204224 -0.047967 6.059951 -0.024620
14.877015 -25.665146 2.888945 -4.738412 90.708725 -10.447004 0.208963 0.036430 6.075613 -0.023996
15.005014 -25.840731 2.906722 -4.752586 91.457436 -10.661825 0.211144 0.104007 6.095448 -0.023598
15.133014 -26.017912 2.915781 -4.778957 92.202705 -10.877447 0.209211 0.160919 6.115592 -0.024994
15.259012 -26.201612 2.916911 -4.823146 92.943832 -11.092850 0.205152 0.213045 6.133179 -0.025888
15.385011 -26.383072 2.924471 -4.944889 93.693367 -11.312355 0.199059 0.263853 6.160466 -0.022467
15.511009 -26.558094 2.942803 -5.120202 94.433411 -11.530410 0.192928 0.311205 6.177605 -0.024120
15.626008 -26.730015 2.961680 -5.306473 95.115196 -11.731881 0.188251 0.348748 6.185098 -0.024931
15.753007 -26.921871 2.960922 -5.558890 95.873718 -11.958241 0.184210 0.377889 6.191907 -0.024025
15.879005 -27.095619 2.960669 -5.766715 96.621758 -12.180928 0.182380 0.387055 6.193679 -0.022478
16.006004 -27.267828 2.960491 -5.960147 97.374733 -12.407001 0.184230 0.377276 6.188511 -0.022842
16.132998 -27.444357 2.957343 -6.182178 98.121254 -12.633584 0.188385 0.354260 6.193224 -0.022316
16.256992 -27.605795 2.953426 -6.370367 98.863167 -12.859005 0.195225 0.325817 6.207768 -0.020479
16.383986 -27.759449 2.946320 -6.566151 99.611656 -13.087564 0.203268 0.291564 6.209700 -0.019218
16.509979 -27.906181 2.949696 -6.727689 100.359512 -13.317896 0.212069 0.244243 6.208134 -0.018875
16.635973 -28.051388 2.950766 -6.871324 101.106705 -13.548804 0.224142 0.173586 6.202771 -0.018391
16.761967 -28.191181 2.956707 -6.992709 101.852058 -13.779611 0.236327 0.079313 6.188386 -0.018806
16.876961 -28.321285 2.979895 -7.099870 102.531548 -13.991334 0.248302 -0.016934 6.188643 -0.018807
17.001955 -28.464832 3.007987 -7.233110 103.275093 -14.224291 0.259710 -0.117978 6.179865 -0.019306
17.125950 -28.606989 3.036112 -7.359123 104.000069 -14.453047 0.268655 -0.201777 6.181236 -0.019204
17.250944 -28.749043 3.070610 -7.428928 104.742752 -14.688582 0.275743 -0.272382 6.182168 -0.019842
17.377937 -28.891687 3.112102 -7.440233 105.483612 -14.924497 0.279515 -0.336665 6.168069 -0.019616
17.503931 -29.026382 3.138499 -7.457208 106.230026 -15.163563 0.281333 -0.399142 6.177133 -0.016713
17.630924 -29.154184 3.135180 -7.431159 106.977783 -15.403498 0.280539 -0.451970 6.184708 -0.018485
17.757917 -29.286024 3.117774 -7.364700 107.725571 -15.643040 0.279202 -0.478242 6.180037 -0.018489
17.884911 -29.416588 3.086376 -7.293519 108.472496 -15.884153 0.279263 -0.465768 6.187280 -0.018387
18.011904 -29.534046 3.035453 -7.156097 109.214104 -16.124168 0.280569 -0.416336 6.182653 -0.016500
18.126898 -29.636744 2.993117 -7.030340 109.895638 -16.345888 0.282649 -0.353101 6.176749 -0.015593
18.253891 -29.738203 2.943335 -6.837698 110.635506 -16.587013 0.286660 -0.282947 6.173515 -0.016830
18.380884 -29.856670 2.894749 -6.668132 111.380592 -16.830858 0.292341 -0.219417 6.173917 -0.017767
18.507877 -29.976055 2.832365 -6.524138 112.125511 -17.076092 0.299694 -0.157126 6.179478 -0.017002
18.634871 -30.095785 2.762532 -6.366512 112.870789 -17.322050 0.307337 -0.082583 6.176595 -0.019132
18.760864 -30.229349 2.665607 -6.267896 113.608437 -17.568382 0.315565 0.013994 6.173473 -0.018865
18.875858 -30.348955 2.565836 -6.205093 114.286026 -17.797077 0.323901 0.122252 6.161065 -0.017355
19.002851 -30.472961 2.455435 -6.127860 115.020622 -18.046715 0.333476 0.251191 6.154948 -0.018033
19.128845 -30.607580 2.351667 -6.067352 115.759789 -18.300951 0.342405 0.373514 6.156957 -0.019129
19.254839 -30.736464 2.249328 -5.991862 116.487587 -18.553501 0.348435 0.467482 6.164229 -0.017682
19.380833 -30.860416 2.115026 -5.922572 117.220215 -18.810593 0.353614 0.524179 6.167045 -0.016774
19.506826 -30.980915 1.971008 -5.853720 117.959442 -19.072178 0.356432 0.545789 6.180385 -0.016957
19.634819 -31.105570 1.841485 -5.876929 118.699326 -19.337654 0.357307 0.541525 6.195799 -0.017056
19.761812 -31.224415 1.718908 -5.892110 119.439926 -19.605137 0.357201 0.516661 6.201346 -0.015506
19.875807 -31.320482 1.607942 -5.891493 120.110207 -19.849642 0.357020 0.471859 6.208103 -0.012738
20.010801 -31.407919 1.487309 -5.874459 120.897400 -20.138903 0.357204 0.381630 6.215889 -0.010655
20.135796 -31.485355 1.397448 -5.815604 121.626854 -20.408195 0.358572 0.259688 6.221593 -0.011267
20.260790 -31.554850 1.310985 -5.748132 122.350098 -20.676147 0.361547 0.113244 6.218847 -0.009551
20.375784 -31.602186 1.240778 -5.671875 123.020027 -20.925472 0.364290 -0.027656 6.218170 -0.006210
20.500778 -31.629166 1.176681 -5.552581 123.754883 -21.199600 0.366607 -0.168365 6.228965 -0.002860
20.636772 -31.643906 1.120831 -5.380764 124.541870 -21.494438 0.369213 -0.285410 6.222174 -0.001934
20.750767 -31.644667 1.075377 -5.199365 125.210922 -21.747631 0.371165 -0.349021 6.219498 -0.000260
20.876760 -31.653000 1.024530 -5.004481 125.942368 -22.026865 0.373122 -0.382337 6.211625 -0.002628
21.002754 -31.647652 0.967107 -4.787481 126.672585 -22.307943 0.374153 -0.386012 6.201924 0.002157
21.129747 -31.617533 0.921655 -4.616372 127.405266 -22.594357 0.375768 -0.371664 6.189542 0.004421
21.255741 -31.568882 0.872230 -4.431241 128.124542 -22.878124 0.377317 -0.347229 6.184946 0.007339
21.379736 -31.510849 0.801096 -4.214087 128.843826 -23.162415 0.379452 -0.316115 6.187740 0.007932
21.501732 -31.443401 0.714183 -3.980014 129.544647 -23.441545 0.380047 -0.278054 6.178787 0.009942
21.627726 -31.368488 0.602986 -3.717416 130.260910 -23.730944 0.379459 -0.231473 6.183577 0.010647
21.755720 -31.281628 0.478818 -3.429605 130.993317 -24.030756 0.379955 -0.177217 6.178802 0.011581
21.881714 -31.195448 0.356072 -3.117450 131.718735 -24.330486 0.381433 -0.121603 6.180071 0.011666
22.008707 -31.089491 0.233473 -2.770359 132.443375 -24.632711 0.383935 -0.073931 6.180249 0.015554
22.135700 -30.966370 0.106233 -2.381176 133.166931 -24.938387 0.387794 -0.041533 6.184928 0.017514
22.251694 -30.832687 -0.013760 -2.044183 133.820816 -25.218887 0.392287 -0.024918 6.187998 0.021564
22.378687 -30.671389 -0.152896 -1.671199 134.542130 -25.531046 0.397364 -0.009857 6.184400 0.021400
22.504681 -30.516159 -0.300536 -1.346030 135.260742 -25.846422 0.401248 0.015332 6.175451 0.021314
22.631674 -30.362383 -0.452783 -0.999249 135.977325 -26.164305 0.404198 0.054539 6.169028 0.021564
22.758667 -30.210672 -0.617783 -0.689240 136.685791 -26.482584 0.406810 0.095427 6.160910 0.021489
22.884661 -30.046412 -0.795719 -0.376537 137.397964 -26.805904 0.410129 0.121940 6.158297 0.023283
23.010654 -29.874701 -0.982315 -0.076055 138.103241 -27.129318 0.414140 0.127371 6.160899 0.025161
23.135649 -29.694149 -1.188536 0.166838 138.802002 -27.452854 0.416511 0.122974 6.158209 0.027545
23.259644 -29.507235 -1.408922 0.409317 139.493622 -27.776850 0.419157 0.127405 6.161752 0.027173
23.384638 -29.324263 -1.641521 0.685688 140.189316 -28.106937 0.421132 0.154765 6.163608 0.027664
23.508633 -29.128069 -1.869283 1.000029 140.878677 -28.438206 0.422681 0.204438 6.171427 0.030609
23.631628 -28.924366 -2.086092 1.329046 141.562500 -28.769892 0.424013 0.263619 6.181915 0.030328
23.758621 -28.711981 -2.286804 1.660177 142.261795 -29.113766 0.425281 0.315546 6.185138 0.031927
23.884615 -28.488840 -2.468299 1.958355 142.965988 -29.463345 0.426744 0.340415 6.190397 0.033305
24.010609 -28.266998 -2.623083 2.219599 143.658249 -29.810461 0.427990 0.324803 6.195619 0.032611
24.135603 -28.045288 -2.739680 2.511218 144.356064 -30.161596 0.428741 0.263098 6.197820 0.031915
24.250597 -27.848225 -2.813478 2.736851 144.991760 -30.483788 0.429391 0.173143 6.195362 0.031005
24.376591 -27.650146 -2.877798 2.959273 145.686768 -30.838629 0.428235 0.054875 6.191769 0.028046
24.502584 -27.463213 -2.921908 3.169314 146.374603 -31.192251 0.426473 -0.057689 6.184461 0.027449
24.627579 -27.282345 -2.953157 3.329548 147.066330 -31.550110 0.423634 -0.144544 6.178359 0.024823
24.753572 -27.108749 -2.956851 3.463908 147.750198 -31.908552 0.419075 -0.196623 6.173429 0.024355
24.878567 -26.949314 -2.942156 3.519991 148.436874 -32.273029 0.413697 -0.222320 6.168333 0.020544
25.004560 -26.800940 -2.921060 3.605465 149.120895 -32.639698 0.406326 -0.231938 6.149293 0.021140
25.130554 -26.665178 -2.895844 3.710441 149.796432 -33.004330 0.397640 -0.231355 6.133441 0.018180
25.255548 -26.543230 -2.874123 3.780796 150.473831 -33.373623 0.387210 -0.218655 6.113422 0.018084
25.378544 -26.433661 -2.871483 3.819860 151.131348 -33.734936 0.375806 -0.196514 6.091294 0.013424
25.503538 -26.347178 -2.867127 3.862795 151.790100 -34.099449 0.362223 -0.173341 6.054894 0.012615
25.629532 -26.259998 -2.886326 3.924704 152.455017 -34.468639 0.348715 -0.160503 6.024759 0.011834
25.754526 -26.187967 -2.911463 3.927449 153.115021 -34.838608 0.335727 -0.160411 5.991690 0.007509
25.880520 -26.138933 -2.930221 3.881599 153.769928 -35.208992 0.323355 -0.162181 5.957970 0.005489
26.004515 -26.110880 -2.962078 3.850616 154.410065 -35.573135 0.312815 -0.153222 5.927168 0.002915
26.130508 -26.103373 -2.988517 3.776936 155.050064 -35.941654 0.305084 -0.129420 5.895494 -0.000977
26.256502 -26.114777 -3.021199 3.712191 155.689957 -36.313629 0.298755 -0.098214 5.859115 -0.002718
26.382496 -26.153042 -3.055406 3.596359 156.324631 -36.687244 0.294183 -0.067408 5.835461 -0.008125
26.508490 -26.219952 -3.100985 3.403331 156.953888 -37.062279 0.290253 -0.035691 5.802519 -0.012234
26.634483 -26.311865 -3.138114 3.150550 157.577606 -37.439045 0.286032 0.005930 5.765676 -0.016855
26.760477 -26.432131 -3.180127 2.906963 158.201797 -37.817371 0.281672 0.063435 5.733476 -0.019410
26.876471 -26.559450 -3.221626 2.688471 158.763550 -38.157349 0.276398 0.124443 5.695987 -0.023463
27.002464 -26.721067 -3.257175 2.444675 159.374161 -38.529690 0.270594 0.188359 5.661218 -0.024721
27.127459 -26.905165 -3.285395 2.242130 159.979904 -38.902004 0.263642 0.235170 5.629847 -0.028189
27.251453 -27.110910 -3.301451 2.021937 160.570831 -39.269047 0.255432 0.258602 5.595509 -0.032940
27.375448 -27.354797 -3.304594 1.807191 161.156891 -39.636185 0.243395 0.264261 5.564740 -0.037563
27.510443 -27.656572 -3.299607 1.572769 161.789505 -40.036209 0.228446 0.262159 5.532324 -0.043784
27.634438 -27.966120 -3.270004 1.348444 162.364700 -40.404388 0.210451 0.260963 5.493193 -0.047292
27.761431 -28.316692 -3.201774 1.128685 162.944366 -40.779411 0.189094 0.261013 5.464414 -0.051772
27.876425 -28.660383 -3.113721 0.989614 163.469162 -41.120079 0.168220 0.255379 5.427601 -0.055447
28.002419 -29.068520 -2.972891 0.836165 164.044174 -41.495415 0.145847 0.235389 5.392239 -0.060158
28.128412 -29.510956 -2.787637 0.702461 164.609619 -41.867870 0.124586 0.197886 5.360712 -0.064171
28.255405 -29.977741 -2.564546 0.581939 165.170624 -42.239639 0.104295 0.143246 5.326406 -0.067436
28.381399 -30.487806 -2.303595 0.505536 165.731781 -42.614346 0.086990 0.074300 5.302574 -0.072321
28.508392 -31.024151 -2.000786 0.366731 166.284317 -42.985165 0.070970 -0.002207 5.266064 -0.076379
28.634386 -31.583628 -1.676035 0.252175 166.831848 -43.355659 0.055518 -0.082993 5.231129 -0.080034
28.760380 -32.174084 -1.354172 0.149299 167.374023 -43.726131 0.040799 -0.165106 5.199861 -0.083631
28.885374 -32.791550 -1.038978 0.028919 167.908417 -44.093639 0.026283 -0.246475 5.177158 -0.089431
29.000368 -33.403030 -0.760462 -0.092393 168.401062 -44.435474 0.013155 -0.318971 5.163843 -0.093071
29.126362 -34.091911 -0.471139 -0.254133 168.933563 -44.806812 -0.001786 -0.388224 5.145950 -0.097831
29.252356 -34.803379 -0.205545 -0.467722 169.459518 -45.175877 -0.015742 -0.439276 5.139286 -0.100993
29.378349 -35.542862 0.047360 -0.726438 169.988342 -45.548809 -0.029723 -0.466428 5.135783 -0.104514
29.504343 -36.328522 0.278378 -1.015884 170.521103 -45.926250 -0.044120 -0.470029 5.146640 -0.109475
29.631336 -37.148739 0.510396 -1.299684 171.050354 -46.302082 -0.057864 -0.454594 5.156009 -0.115255
29.758329 -37.993896 0.754862 -1.596693 171.585175 -46.682281 -0.069674 -0.420463 5.172348 -0.116566
29.883324 -38.863106 1.011531 -1.936410 172.117126 -47.061859 -0.081349 -0.361177 5.193365 -0.120139
30.010317 -39.755886 1.270026 -2.330156 172.650696 -47.441891 -0.093003 -0.270013 5.202307 -0.123756
30.125311 -40.585762 1.516343 -2.744334 173.138504 -47.789738 -0.101770 -0.164589 5.213274 -0.125761
30.252304 -41.522919 1.804223 -3.244975 173.683258 -48.178005 -0.108397 -0.037524 5.231901 -0.126451
30.379297 -42.465832 2.115838 -3.746013 174.224884 -48.564686 -0.111159 0.082344 5.247279 -0.128131
30.503292 -43.396816 2.439691 -4.256859 174.755722 -48.943913 -0.109379 0.189967 5.266109 -0.127643
30.628286 -44.329044 2.780676 -4.840217 175.287964 -49.324459 -0.104824 0.294011 5.283536 -0.127706
30.753281 -45.285229 3.138024 -5.474346 175.831070 -49.711269 -0.096398 0.398353 5.299290 -0.127743
30.876276 -46.219326 3.477633 -6.100360 176.362961 -50.089867 -0.086995 0.491597 5.309821 -0.126955
31.003269 -47.185390 3.800986 -6.775242 176.909439 -50.477654 -0.076084 0.567464 5.324519 -0.127889
31.127264 -48.148567 4.119185 -7.474963 177.453751 -50.861000 -0.062433 0.616571 5.330616 -0.127775
31.252258 -49.112938 4.438108 -8.197313 177.999329 -51.243771 -0.047602 0.636833 5.332268 -0.125803
31.378252 -50.082115 4.731392 -8.979058 178.549744 -51.628986 -0.033129 0.622450 5.335176 -0.126199
31.504246 -51.054195 4.988246 -9.799230 179.102280 -52.012287 -0.018441 0.565191 5.337052 -0.123737
31.630239 -52.018646 5.205494 -10.697586 179.657410 -52.393608 -0.003868 0.464346 5.348090 -0.121645
31.757233 -52.969246 5.367794 -11.636110 180.214462 -52.773380 0.009534 0.330607 5.351363 -0.118777
31.883226 -53.921833 5.485936 -12.559207 180.777466 -53.153641 0.023525 0.182458 5.348893 -0.119013
32.008221 -54.846981 5.551134 -13.514165 181.330902 -53.525928 0.038912 0.040639 5.330209 -0.114160
32.134235 -55.750111 5.585074 -14.556005 181.888580 -53.898453 0.056840 -0.088079 5.315488 -0.109253
32.259251 -56.607834 5.595394 -15.584858 182.437775 -54.261280 0.075651 -0.195535 5.298799 -0.104922
32.384266 -57.447979 5.582567 -16.640297 182.996109 -54.625629 0.095923 -0.283024 5.278693 -0.100117
32.510281 -58.243668 5.544632 -17.659782 183.555176 -54.986176 0.117364 -0.349821 5.276288 -0.093718
32.636295 -59.000042 5.475922 -18.693886 184.109253 -55.340813 0.141693 -0.399669 5.256653 -0.090270
32.750309 -59.660999 5.406380 -19.601744 184.619766 -55.663719 0.166855 -0.434915 5.244730 -0.085671
32.876324 -60.347202 5.329816 -20.611107 185.173492 -56.011944 0.198171 -0.463670 5.226755 -0.078924
33.001339 -60.979637 5.250632 -21.574076 185.731216 -56.359642 0.232752 -0.482291 5.205748 -0.073482
33.128353 -61.562176 5.164706 -22.468147 186.288055 -56.703701 0.269669 -0.490243 5.182541 -0.067266
33.254368 -62.102676 5.072905 -23.312290 186.846481 -57.047207 0.308305 -0.483002 5.154505 -0.061195
33.379383 -62.583248 5.003763 -24.019249 187.394547 -57.382645 0.347038 -0.456563 5.133441 -0.056639
33.502399 -63.014896 4.945832 -24.618965 187.931564 -57.710735 0.384166 -0.407132 5.104220 -0.051774
33.628414 -63.414795 4.909741 -25.096825 188.479935 -58.045746 0.421919 -0.336702 5.097213 -0.048228
33.754429 -63.773067 4.862737 -25.491619 189.021729 -58.377216 0.460204 -0.255562 5.072369 -0.043735
33.882442 -64.103699 4.809617 -25.808968 189.574158 -58.715439 0.499325 -0.169159 5.049699 -0.039244
34.008457 -64.380142 4.764995 -26.044493 190.119476 -59.050503 0.537271 -0.081484 5.033258 -0.032906
34.135471 -64.596222 4.725679 -26.217602 190.659561 -59.383045 0.573854 0.011486 5.029989 -0.025006
34.250484 -64.755180 4.699261 -26.356377 191.149643 -59.687775 0.605506 0.100637 5.013478 -0.020562
34.376499 -64.891083 4.658230 -26.414190 191.688293 -60.026028 0.637820 0.196337 5.010526 -0.016995
34.501514 -64.984703 4.607255 -26.381638 192.217224 -60.360485 0.667960 0.274361 5.000219 -0.010720
34.636532 -65.024666 4.528633 -26.294771 192.781250 -60.722466 0.697801 0.329250 4.996597 -0.003314
34.751545 -65.012627 4.431553 -26.169254 193.267242 -61.038811 0.721423 0.351079 5.001612 0.002691
34.878559 -64.951820 4.297436 -25.920244 193.794266 -61.385345 0.744479 0.355826 5.009095 0.007236
35.005573 -64.856621 4.136400 -25.545822 194.323288 -61.738121 0.764126 0.352062 5.007988 0.011107
35.131588 -64.716087 3.937044 -25.089298 194.849854 -62.095062 0.782084 0.348541 5.009904 0.017741
35.257603 -64.522415 3.682963 -24.447828 195.370926 -62.453884 0.797239 0.347519 5.026988 0.022588
35.383617 -64.283981 3.366350 -23.645164 195.889877 -62.817543 0.811842 0.347284 5.031049 0.028252
35.509632 -64.009285 3.007504 -22.673462 196.404144 -63.188328 0.826081 0.344239 5.027418 0.031643
35.634647 -63.703316 2.606657 -21.506367 196.909836 -63.563076 0.839542 0.335485 5.043251 0.037161
35.760662 -63.355621 2.172617 -20.141155 197.416580 -63.948017 0.853705 0.316108 5.057879 0.042397
35.883678 -62.979176 1.728701 -18.630531 197.906082 -64.332550 0.867557 0.278628 5.067714 0.049214
36.008694 -62.555798 1.252966 -16.951040 198.399094 -64.732727 0.881426 0.213280 5.090790 0.055763
36.133709 -62.088680 0.757167 -15.043934 198.889755 -65.142471 0.893342 0.118451 5.132071 0.063925
36.259724 -61.581909 0.245813 -12.909307 199.381195 -65.565445 0.902284 0.002584 5.153900 0.070600
36.385738 -61.037079 -0.290251 -10.632337 199.866318 -66.000175 0.907430 -0.114959 5.185264 0.078932
36.511753 -60.461826 -0.828761 -8.267717 200.342514 -66.443871 0.906466 -0.216885 5.222418 0.086318
36.635769 -59.863598 -1.379367 -5.808760 200.813156 -66.900520 0.898167 -0.295706 5.263794 0.093476
36.758785 -59.248878 -1.925156 -3.321143 201.266571 -67.358978 0.883735 -0.352804 5.302520 0.101460
36.883801 -58.581749 -2.473213 -0.699915 201.728241 -67.846008 0.861055 -0.394704 5.343572 0.110726
37.007816 -57.891659 -3.007107 1.952860 202.174881 -68.339485 0.832720 -0.418345 5.382564 0.118319
37.130833 -57.174000 -3.525358 4.611736 202.610001 -68.842079 0.800443 -0.417718 5.418049 0.126557
37.254848 -56.424763 -4.031439 7.306031 203.039261 -69.361748 0.763721 -0.387645 5.449950 0.134082
37.377865 -55.662571 -4.502129 9.964092 203.451370 -69.885376 0.724171 -0.332686 5.471160 0.140034
37.503880 -54.862328 -4.966395 12.646404 203.864197 -70.438972 0.680147 -0.260200 5.485415 0.142958
37.626896 -54.084347 -5.398344 15.160646 204.256912 -70.994507 0.636045 -0.184223 5.487107 0.140761
37.751911 -53.318996 -5.787601 17.554005 204.638687 -71.563377 0.593933 -0.107821 5.476359 0.137592
37.878925 -52.567436 -6.095691 19.626694 205.007248 -72.144547 0.554078 -0.034543 5.448774 0.131621
38.004940 -51.825714 -6.315901 21.355692 205.359360 -72.731033 0.516733 0.029855 5.411918 0.126217
38.131954 -51.096130 -6.409468 22.742174 205.698029 -73.324867 0.481764 0.075858 5.358748 0.117620
38.255970 -50.413738 -6.358736 23.693232 206.014633 -73.909592 0.451178 0.098667 5.291272 0.103937
38.380985 -49.796535 -6.174294 24.224373 206.314575 -74.487694 0.422029 0.105095 5.225161 0.088955
38.507000 -49.229069 -5.845912 24.381903 206.607742 -75.075760 0.392144 0.109635 5.132733 0.072938
38.634014 -48.754265 -5.388942 24.110428 206.886368 -75.652626 0.361099 0.122342 5.042224 0.054194
38.760029 -48.372456 -4.834537 23.520252 207.155731 -76.219612 0.326722 0.143384 4.939228 0.039237
38.886044 -48.099392 -4.173048 22.612999 207.420364 -76.780693 0.287283 0.164107 4.845128 0.019740
39.001057 -47.958664 -3.523886 21.554792 207.652786 -77.275040 0.248266 0.175871 4.757755 0.004649
39.137074 -47.919651 -2.704572 20.001463 207.926697 -77.852188 0.197594 0.179386 4.651413 -0.012621
39.253086 -47.993656 -1.960807 18.418720 208.161743 -78.337456 0.152726 0.177264 4.572744 -0.026389
39.379101 -48.186512 -1.152434 16.478745 208.415955 -78.848885 0.104684 0.174166 4.506353 -0.039940
39.505116 -48.489426 -0.365907 14.302296 208.672989 -79.350288 0.058538 0.168675 4.449453 -0.049370
39.628132 -48.884392 0.360285 11.955239 208.927383 -79.827461 0.017334 0.154088 4.420912 -0.060919
39.751148 -49.391563 1.060058 9.277583 209.193390 -80.305275 -0.019856 0.124763 4.406561 -0.069772
39.877163 -50.003990 1.697963 6.385247 209.473572 -80.784325 -0.049196 0.080314 4.407837 -0.078702
40.011181 -50.735718 2.270370 3.159846 209.784271 -81.288734 -0.069911 0.026428 4.432436 -0.082131
40.135197 -51.477089 2.683745 0.062662 210.087479 -81.750885 -0.077007 -0.019719 4.478330 -0.086934
40.259212 -52.254738 2.979819 -3.034710 210.403122 -82.207375 -0.071782 -0.055968 4.537412 -0.089227
40.384228 -53.081078 3.177458 -6.104475 210.742325 -82.674690 -0.053599 -0.081706 4.618910 -0.092870
40.508244 -53.903439 3.263269 -8.973177 211.091293 -83.135780 -0.023126 -0.098992 4.699219 -0.092692
40.632259 -54.722347 3.251054 -11.692209 211.455719 -83.598373 0.019865 -0.110436 4.786610 -0.093826
40.756275 -55.527142 3.158062 -14.093900 211.837585 -84.062073 0.070998 -0.119489 4.885151 -0.094264
40.883289 -56.319931 2.989156 -16.233564 212.244919 -84.539925 0.130069 -0.126691 4.990397 -0.092404
41.009304 -57.065212 2.770611 -18.003088 212.663849 -85.017937 0.194093 -0.129104 5.082315 -0.089403
41.135319 -57.756046 2.527471 -19.402225 213.097397 -85.499359 0.261087 -0.124336 5.178376 -0.084297
41.262333 -58.391239 2.280542 -20.381783 213.543564 -85.984062 0.326714 -0.115429 5.266367 -0.080533
41.376347 -58.908886 2.069001 -20.926241 213.956985 -86.426369 0.381617 -0.109477 5.343811 -0.073364
41.502361 -59.426739 1.878734 -21.237383 214.426514 -86.923920 0.435216 -0.108509 5.415621 -0.067337
41.629375 -59.876518 1.741906 -21.235790 214.899872 -87.423325 0.477575 -0.108481 5.489869 -0.058397
41.756390 -60.262417 1.666183 -20.946173 215.383484 -87.931847 0.507142 -0.099408 5.551575 -0.051590
41.882404 -60.591331 1.653740 -20.382584 215.872375 -88.444725 0.523464 -0.075670 5.599276 -0.045474
42.009418 -60.866848 1.701496 -19.576565 216.360794 -88.958664 0.526289 -0.038901 5.644421 -0.038770
42.135433 -61.079342 1.780008 -18.571102 216.851181 -89.477570 0.517421 0.008376 5.677486 -0.030693
42.261448 -61.233398 1.893894 -17.408907 217.346313 -90.003716 0.498813 0.066507 5.698117 -0.023771
42.376461 -61.327518 2.014122 -16.221203 217.793488 -90.482941 0.475848 0.127106 5.700890 -0.019503
42.503475 -61.394947 2.150145 -14.743308 218.285538 -91.015312 0.446957 0.194692 5.709782 -0.013401
42.630489 -61.403667 2.270960 -13.133167 218.772568 -91.545326 0.418973 0.247606 5.713574 -0.006617
42.756504 -61.369217 2.360831 -11.439907 219.255753 -92.078362 0.393508 0.271819 5.709361 -0.002388
42.882519 -61.285603 2.405095 -9.630866 219.735336 -92.615105 0.372622 0.263008 5.712788 0.002742
43.008533 -61.173313 2.388470 -7.746672 220.214157 -93.159309 0.357077 0.222997 5.705103 0.005046
43.135548 -61.038826 2.292382 -5.858877 220.684570 -93.703583 0.349853 0.159860 5.717233 0.010145
43.261562 -60.861595 2.122989 -3.886082 221.155579 -94.258461 0.350774 0.080764 5.739946 0.016065
43.384579 -60.655521 1.888879 -1.919041 221.605103 -94.797523 0.357710 -0.002468 5.763102 0.022170
43.510593 -60.407757 1.596167 0.117604 222.067490 -95.359581 0.369180 -0.087202 5.783461 0.027714
43.636608 -60.125385 1.243976 2.075473 222.529160 -95.933128 0.383842 -0.162012 5.809868 0.034077
43.751621 -59.852909 0.887608 3.775167 222.944489 -96.459480 0.397635 -0.214301 5.840587 0.036960
43.878635 -59.557858 0.460960 5.510312 223.395691 -97.043755 0.412092 -0.251384 5.875347 0.038836
44.004650 -59.255081 0.010181 7.066795 223.844391 -97.636711 0.423663 -0.267721 5.925617 0.043070
44.130665 -58.951267 -0.445244 8.495645 224.290970 -98.239761 0.431139 -0.264632 5.980685 0.042811
44.255680 -58.646397 -0.907492 9.798394 224.735764 -98.853569 0.434909 -0.239406 6.043170 0.045142
44.381695 -58.346107 -1.349884 10.895572 225.177231 -99.478622 0.432788 -0.188350 6.095946 0.044039
44.505711 -58.054253 -1.752290 11.754526 225.609207 -100.104408 0.425272 -0.115087 6.156884 0.044743
44.629726 -57.753895 -2.085171 12.402582 226.039795 -100.739151 0.413879 -0.034271 6.204676 0.045826
44.756741 -57.444489 -2.358386 12.838289 226.475449 -101.392616 0.399073 0.032780 6.254116 0.046071
44.882755 -57.122620 -2.524527 13.000272 226.913086 -102.058197 0.381981 0.069863 6.283981 0.044506
45.007771 -56.799263 -2.567563 12.863534 227.341492 -102.718636 0.363633 0.082843 6.304777 0.043772
45.133785 -56.485767 -2.478481 12.501748 227.770493 -103.387901 0.345622 0.097219 6.309776 0.039269
45.259800 -56.190418 -2.264684 11.889957 228.195770 -104.059372 0.328192 0.135124 6.304865 0.035396
45.386814 -55.919422 -1.942558 11.107265 228.617310 -104.730850 0.310896 0.198327 6.279489 0.032893
45.501827 -55.688625 -1.571607 10.206876 229.001923 -105.347443 0.296583 0.263270 6.256788 0.029309
45.628841 -55.475967 -1.134990 8.995492 229.415268 -106.015427 0.282233 0.314932 6.217909 0.023769
45.754856 -55.298840 -0.679166 7.683669 229.830124 -106.684700 0.268226 0.326774 6.189297 0.020110
45.881870 -55.153633 -0.226283 6.287163 230.238251 -107.347244 0.255025 0.291476 6.167071 0.017649
46.006886 -55.049904 0.196333 4.823770 230.643860 -108.007683 0.243307 0.215629 6.142964 0.013119
46.132900 -54.973553 0.570987 3.367130 231.049332 -108.665459 0.231776 0.114811 6.127341 0.011538
46.257915 -54.914661 0.872955 1.960823 231.452377 -109.316879 0.222028 0.010444 6.124315 0.009717
46.383930 -54.881134 1.093338 0.597991 231.856049 -109.966171 0.212537 -0.081603 6.114229 0.007304
46.509945 -54.866253 1.224461 -0.666889 232.265793 -110.626244 0.204447 -0.154019 6.120596 0.005089
46.633961 -54.863518 1.275299 -1.828551 232.663254 -111.266380 0.197906 -0.202343 6.130447 0.002708
46.759975 -54.878513 1.237686 -2.981992 233.074265 -111.928490 0.192711 -0.234364 6.140407 0.000800
46.885990 -54.894497 1.132160 -4.041559 233.483551 -112.586914 0.188875 -0.252889 6.163289 0.000571
47.013004 -54.912716 0.978356 -4.926563 233.895325 -113.247864 0.186866 -0.261347 6.190365 -0.000592
47.127018 -54.934399 0.806964 -5.569830 234.275345 -113.852028 0.188934 -0.260942 6.218338 -0.002486
47.254032 -54.954659 0.580535 -6.094230 234.699844 -114.520706 0.193736 -0.251734 6.251758 -0.002342
47.381046 -54.971664 0.343881 -6.484410 235.125534 -115.186577 0.202802 -0.233407 6.288110 -0.002362
47.505062 -54.992809 0.115413 -6.704412 235.552612 -115.849892 0.213977 -0.205536 6.324669 -0.001708
47.635071 -55.008438 -0.076300 -6.723867 236.001358 -116.541870 0.225476 -0.166501 6.359671 -0.002121
47.760086 -55.025448 -0.200946 -6.535847 236.436813 -117.209991 0.234471 -0.121997 6.394773 -0.002169
47.885101 -55.043251 -0.277244 -6.221627 236.875885 -117.880974 0.241420 -0.075818 6.428702 -0.003437
48.009117 -55.070831 -0.305489 -5.811041 237.314377 -118.548767 0.245831 -0.032540 6.453485 -0.003636
48.136131 -55.108551 -0.292406 -5.208936 237.766296 -119.234375 0.248514 0.009071 6.471720 -0.005516
48.253139 -55.145546 -0.222309 -4.508667 238.180801 -119.862228 0.247376 0.048672 6.497230 -0.004655
48.387154 -55.184452 -0.046200 -3.570518 238.665833 -120.594872 0.241810 0.102100 6.517547 -0.005483
48.512169 -55.214203 0.162156 -2.628148 239.116272 -121.274742 0.233423 0.156673 6.527951 -0.003829
48.632179 -55.228161 0.392335 -1.620474 239.547195 -121.921257 0.221551 0.207214 6.529440 -0.003328
48.761192 -55.236668 0.669382 -0.470999 240.018692 -122.627693 0.205102 0.253395 6.533672 -0.002644
48.886208 -55.238354 0.954419 0.595935 240.472214 -123.306717 0.186591 0.287031 6.531960 -0.001419
49.013222 -55.232574 1.240571 1.602318 240.929688 -123.990677 0.166180 0.310270 6.532188 -0.002539
49.127235 -55.236481 1.493721 2.432769 241.346481 -124.615082 0.149301 0.319552 6.528658 -0.003834
49.254250 -55.258400 1.740432 3.258621 241.807587 -125.304832 0.135546 0.308858 6.538895 -0.007813
49.381264 -55.293648 1.940581 3.921633 242.265945 -125.990364 0.128183 0.271211 6.548276 -0.008191
49.507278 -55.345257 2.092038 4.431361 242.729507 -126.680496 0.126512 0.208976 6.543865 -0.009442
49.634293 -55.404186 2.210357 4.800601 243.195175 -127.370110 0.129625 0.131525 6.560808 -0.010193
49.761307 -55.473278 2.291716 5.022993 243.662415 -128.061310 0.137822 0.049687 6.575373 -0.010967
49.888321 -55.562126 2.331826 5.099213 244.127670 -128.748535 0.151452 -0.028455 6.595840 -0.014632
50.004333 -55.666916 2.334314 5.075897 244.560135 -129.381714 0.167179 -0.091041 6.619230 -0.016225
50.130348 -55.801334 2.297932 4.878170 245.037857 -130.075272 0.186646 -0.139081 6.638131 -0.018978
50.255363 -55.946136 2.230331 4.529875 245.509033 -130.753067 0.206961 -0.159703 6.671875 -0.018631
50.380379 -56.104301 2.130443 4.017966 245.994232 -131.442291 0.227544 -0.158588 6.704022 -0.018846
50.504395 -56.273487 2.002733 3.322306 246.476715 -132.122437 0.246365 -0.148391 6.739999 -0.021321
50.630409 -56.462162 1.864762 2.493942 246.969330 -132.808350 0.262158 -0.140069 6.765763 -0.023355
50.754425 -56.657402 1.724930 1.544590 247.469254 -133.493622 0.277346 -0.139712 6.802352 -0.022947
50.879440 -56.849972 1.594834 0.487214 247.972046 -134.174240 0.292856 -0.146999 6.845765 -0.022792
51.005455 -57.054901 1.477038 -0.677603 248.494659 -134.872665 0.308703 -0.158516 6.882098 -0.024335
51.128471 -57.248676 1.388029 -1.859472 249.007370 -135.548813 0.324611 -0.168606 6.912283 -0.021998
51.254486 -57.420177 1.309862 -3.061402 249.540558 -136.241577 0.340218 -0.173157 6.954022 -0.018569
51.380501 -57.567883 1.273552 -4.173745 250.081421 -136.933304 0.357113 -0.169539 6.979695 -0.016112
51.506516 -57.704205 1.279868 -5.269535 250.629044 -137.624161 0.376462 -0.163940 7.005946 -0.014697
51.632530 -57.817368 1.316608 -6.306622 251.178848 -138.307816 0.397952 -0.162421 7.024235 -0.011490
51.758545 -57.919220 1.388666 -7.245695 251.743622 -138.999741 0.421468 -0.163421 7.038122 -0.010869
51.884560 -58.007587 1.491397 -8.067537 252.304657 -139.677582 0.445625 -0.155549 7.041962 -0.009123
52.008575 -58.068932 1.601272 -8.824246 252.870895 -140.352875 0.469435 -0.126391 7.053411 -0.003676
52.132591 -58.104317 1.733394 -9.401515 253.432877 -141.013611 0.493237 -0.074305 7.049488 -0.001139
52.258606 -58.115013 1.875401 -9.827627 254.018265 -141.692322 0.517544 -0.005422 7.058302 0.001844
52.385620 -58.095562 2.002940 -10.171873 254.606491 -142.367538 0.539049 0.062061 7.052546 0.006003
52.512634 -58.042313 2.119807 -10.329926 255.194397 -143.033798 0.556772 0.118199 7.055368 0.010385
52.628647 -57.957127 2.206503 -10.314646 255.739914 -143.643875 0.571110 0.160588 7.054644 0.014226
52.754662 -57.832436 2.282564 -10.193279 256.340942 -144.309219 0.586147 0.201311 7.061291 0.018764
52.882675 -57.669350 2.329177 -9.955817 256.944275 -144.973175 0.601714 0.235899 7.063380 0.022338
53.009689 -57.465420 2.331706 -9.565640 257.550659 -145.635361 0.617671 0.256121 7.070931 0.028715
53.134705 -57.214031 2.280874 -9.063239 258.155670 -146.290665 0.635750 0.250291 7.085510 0.033636
53.258720 -56.937218 2.173568 -8.473998 258.753143 -146.936081 0.653164 0.218203 7.100040 0.037703
53.385735 -56.620701 2.019353 -7.797390 259.363800 -147.592896 0.670499 0.169984 7.133538 0.042732
53.512749 -56.260941 1.819706 -7.026598 259.984009 -148.255997 0.685513 0.127177 7.167546 0.047816
53.638763 -55.852142 1.578117 -6.225422 260.606201 -148.915192 0.699991 0.105156 7.211189 0.056579
53.753777 -55.435955 1.333625 -5.488213 261.178314 -149.518631 0.713747 0.103149 7.244957 0.063492
53.878792 -54.914436 1.061182 -4.679800 261.808319 -150.182358 0.729307 0.110350 7.277052 0.073853
54.004807 -54.331158 0.797084 -3.867735 262.443420 -150.847092 0.744001 0.115564 7.306729 0.082731
54.128822 -53.695915 0.552958 -3.085005 263.071716 -151.503265 0.755734 0.111030 7.337937 0.091369
54.262840 -52.973228 0.328132 -2.245850 263.752777 -152.215500 0.766323 0.093708 7.369210 0.095821
54.377853 -52.306358 0.175808 -1.537942 264.339325 -152.829956 0.774096 0.067618 7.396063 0.103662
54.504868 -51.533531 0.042762 -0.784427 264.984406 -153.505524 0.781833 0.024599 7.422503 0.109197
54.631882 -50.700642 -0.043228 -0.117807 265.635406 -154.190475 0.789000 -0.035218 7.451682 0.118209
54.757896 -49.826324 -0.099651 0.465821 266.283325 -154.872406 0.794954 -0.106563 7.477235 0.124203
54.883911 -48.897732 -0.128387 1.024791 266.938934 -155.560806 0.802060 -0.180051 7.489416 0.130359
55.010925 -47.920021 -0.144449 1.581950 267.596100 -156.249115 0.807361 -0.246592 7.499331 0.138005
55.136940 -46.905197 -0.155326 2.111595 268.249573 -156.932327 0.810292 -0.305347 7.506981 0.143318
55.262955 -45.849377 -0.143171 2.717317 268.906189 -157.613617 0.810594 -0.360867 7.512164 0.147706
55.378967 -44.858906 -0.123357 3.302748 269.507263 -158.235031 0.808338 -0.406503 7.520528 0.152386
55.505981 -43.729630 -0.097943 3.917034 270.174194 -158.919617 0.804388 -0.438965 7.529181 0.156969
55.632996 -42.565441 -0.078173 4.492251 270.848572 -159.607483 0.797936 -0.433098 7.521615 0.160938
55.760010 -41.372444 -0.050579 4.989676 271.518250 -160.287277 0.788319 -0.373400 7.508105 0.164660
55.887024 -40.170757 -0.020326 5.501936 272.188354 -160.962982 0.777537 -0.263519 7.478754 0.165714
56.003036 -39.064014 0.010537 5.976357 272.800903 -161.574570 0.767510 -0.134640 7.452062 0.167668
56.130051 -37.843868 0.045191 6.513538 273.471924 -162.237610 0.755835 0.016727 7.411456 0.168216
56.256065 -36.626091 0.079775 6.988757 274.134827 -162.889587 0.744673 0.157418 7.350820 0.167658
56.383080 -35.404980 0.126159 7.419206 274.799255 -163.538559 0.733994 0.278902 7.288033 0.167577
56.510094 -34.200943 0.181006 7.838015 275.456116 -164.172043 0.724824 0.374052 7.212170 0.166290
56.637108 -32.990952 0.235992 8.180592 276.114532 -164.800751 0.715599 0.443219 7.128623 0.165694
56.764122 -31.785282 0.274510 8.546598 276.770203 -165.416840 0.706692 0.487017 7.050673 0.166241
56.879135 -30.695885 0.281166 8.810010 277.360687 -165.964157 0.699203 0.507797 6.966124 0.164594
57.005150 -29.518705 0.242612 9.059880 278.008118 -166.557022 0.693080 0.511136 6.872366 0.160677
57.132164 -28.350376 0.157807 9.333097 278.650848 -167.137680 0.688266 0.489299 6.778163 0.159591
57.259178 -27.202888 0.020665 9.682251 279.290039 -167.702591 0.683538 0.432494 6.675967 0.156929
57.386192 -26.085888 -0.146771 10.093112 279.919373 -168.249908 0.679036 0.337176 6.573730 0.153052
57.512207 -24.990019 -0.359121 10.497849 280.541718 -168.786194 0.674527 0.212093 6.475579 0.150513
57.637222 -23.917137 -0.623535 10.926694 281.157806 -169.309158 0.670540 0.077381 6.363648 0.146746
57.753235 -22.967264 -0.911413 11.343098 281.714508 -169.773453 0.665565 -0.037337 6.267687 0.143701
57.879250 -21.947796 -1.274323 11.774371 282.322723 -170.273911 0.658142 -0.150111 6.151282 0.139751
58.006264 -20.959482 -1.661573 12.155491 282.923615 -170.760315 0.650165 -0.252093 6.034826 0.133892
58.132278 -20.028305 -2.045869 12.530243 283.512238 -171.229813 0.643054 -0.344298 5.930333 0.127693
58.258293 -19.165401 -2.412520 12.815924 284.086823 -171.683441 0.639806 -0.421174 5.808341 0.117732
58.385307 -18.343094 -2.770751 13.060765 284.662628 -172.131531 0.636379 -0.477205 5.700547 0.112278
58.511322 -17.555815 -3.122916 13.258037 285.229065 -172.566055 0.631564 -0.510200 5.573627 0.108096
58.638336 -16.806742 -3.468528 13.463132 285.786713 -172.987579 0.627365 -0.525608 5.454074 0.101432
58.754349 -16.167118 -3.763418 13.593182 286.283966 -173.358047 0.623246 -0.525965 5.348018 0.096154
58.881363 -15.496178 -4.071287 13.690474 286.823608 -173.754929 0.616123 -0.505360 5.226063 0.090095
59.008377 -14.871365 -4.365025 13.788205 287.353821 -174.138931 0.608035 -0.454261 5.104272 0.084558
59.132389 -14.301964 -4.626614 13.919391 287.862518 -174.501877 0.598095 -0.371212 4.994370 0.079136
59.258404 -13.759069 -4.873995 14.031181 288.375092 -174.860931 0.585148 -0.257355 4.879984 0.072796
59.385418 -13.266626 -5.110097 14.074294 288.875183 -175.205261 0.568226 -0.124446 4.777278 0.066204
59.511433 -12.812788 -5.326066 14.019600 289.369232 -175.543488 0.548069 0.018785 4.669780 0.058409
59.639446 -12.405988 -5.520602 13.874099 289.853180 -175.872910 0.524109 0.161831 4.559885 0.051013
59.754459 -12.065877 -5.687475 13.666739 290.287537 -176.162521 0.500700 0.283256 4.463596 0.046504
59.882473 -11.733413 -5.855600 13.311416 290.754181 -176.470413 0.474593 0.395416 4.360590 0.037325
60.008488 -11.446795 -6.012255 12.879061 291.211243 -176.768814 0.447595 0.471896 4.254513 0.029707
