1.20 1.10 20 64
0.141000 0.018355 -0.019105 -0.021820 0.985026 0.000426 -0.153788 -0.424900 6.606646 0.003800
0.258000 0.034872 -0.027750 -0.080948 1.743153 0.001109 -0.141185 -0.435350 6.485599 0.001781
0.391000 0.053384 -0.038204 -0.107371 2.602726 0.003677 -0.104008 -0.440200 6.367536 0.001932
0.508000 0.070111 -0.043972 -0.214187 3.340759 0.007756 -0.057858 -0.429899 6.266985 0.001938
0.642000 0.081658 -0.073048 -0.390270 4.166012 0.011887 0.002684 -0.406005 6.166953 0.001331
0.758000 0.099023 -0.139680 -0.558196 4.876483 0.015620 0.056566 -0.381416 6.104304 0.002941
0.892000 0.136490 -0.263218 -0.732590 5.689788 0.020668 0.112057 -0.345516 6.048406 0.005785
1.009000 0.178950 -0.391138 -0.862795 6.395043 0.025244 0.148202 -0.295533 6.013118 0.007328
1.142000 0.244076 -0.564546 -0.969734 7.193674 0.031336 0.172244 -0.207695 5.999100 0.008765
1.259000 0.296736 -0.740005 -1.060236 7.894989 0.037160 0.176933 -0.107797 5.992723 0.007740
1.376000 0.356858 -0.909324 -1.128222 8.595678 0.044538 0.168516 0.002082 5.987779 0.009395
1.509000 0.438765 -1.058420 -1.157364 9.391311 0.053467 0.144489 0.130559 5.975421 0.011042
1.625999 0.507207 -1.159508 -1.134034 10.089323 0.061336 0.112735 0.245563 5.956966 0.010808
1.758999 0.596655 -1.219317 -1.091078 10.880047 0.070948 0.067655 0.376237 5.938690 0.011994
1.875999 0.678264 -1.210477 -1.100766 11.573410 0.077281 0.026379 0.481353 5.916482 0.012328
2.008999 0.773517 -1.131375 -1.037702 12.364168 0.083668 -0.016475 0.576521 5.887813 0.013350
2.125999 0.858608 -0.988939 -0.964594 13.044281 0.087995 -0.045328 0.631486 5.848469 0.013076
2.258999 0.961109 -0.741125 -0.858700 13.824274 0.092500 -0.066218 0.663030 5.799707 0.014055
2.375999 1.043315 -0.454503 -0.713185 14.498536 0.098049 -0.072587 0.660041 5.737905 0.012178
2.509999 1.140005 -0.076112 -0.556623 15.257395 0.105522 -0.064136 0.613367 5.681482 0.012754
2.625998 1.220585 0.278324 -0.482815 15.918944 0.110628 -0.046830 0.529728 5.638685 0.012538
2.759998 1.318773 0.675404 -0.442637 16.665531 0.115790 -0.018547 0.393036 5.597295 0.012474
2.876998 1.412017 1.002645 -0.424186 17.317953 0.119379 0.007273 0.250090 5.559654 0.015430
3.009998 1.524709 1.313557 -0.426071 18.054319 0.124066 0.031926 0.079806 5.520344 0.013768
3.126998 1.625815 1.513529 -0.416583 18.699274 0.129370 0.047997 -0.063101 5.512220 0.014948
3.259998 1.741064 1.678657 -0.340391 19.437952 0.138944 0.060443 -0.202268 5.516148 0.014599
3.376998 1.840932 1.770236 -0.235057 20.078484 0.149558 0.064292 -0.290587 5.527953 0.014932
3.509998 1.964666 1.806880 -0.127722 20.820433 0.162094 0.060423 -0.354269 5.546861 0.015842
3.626997 2.076133 1.778752 -0.008591 21.464691 0.173847 0.050069 -0.387118 5.567376 0.017364
3.760997 2.223472 1.712553 0.189092 22.213030 0.187004 0.033273 -0.414820 5.595452 0.018035
3.876997 2.351440 1.623753 0.416418 22.869364 0.197972 0.016004 -0.433286 5.618909 0.017786
4.010997 2.490835 1.516462 0.672226 23.618977 0.210843 -0.004942 -0.440842 5.653757 0.016631
4.126997 2.620006 1.429430 0.926862 24.281620 0.223618 -0.021509 -0.431967 5.672683 0.018415
4.260998 2.769126 1.356111 1.203104 25.038660 0.239741 -0.035542 -0.409906 5.704061 0.018866
4.377999 2.901336 1.333590 1.415848 25.706850 0.254321 -0.043322 -0.385924 5.717455 0.020538
4.510999 3.071257 1.365868 1.601315 26.467875 0.269224 -0.045373 -0.349178 5.724039 0.022753
4.628000 3.235972 1.416962 1.793930 27.136688 0.282790 -0.041894 -0.297441 5.717838 0.023395
4.762001 3.414780 1.517457 1.973833 27.902687 0.298029 -0.032082 -0.210261 5.718767 0.021980
4.878001 3.565769 1.654274 2.093208 28.565567 0.312049 -0.019919 -0.121230 5.714284 0.021061
5.012002 3.734027 1.849687 2.186162 29.331589 0.325876 -0.002721 -0.023950 5.722720 0.022655
5.128002 3.894852 2.058819 2.284349 30.001291 0.338641 0.012557 0.046033 5.722110 0.024308
5.262002 4.082290 2.299355 2.368878 30.760817 0.353922 0.030074 0.112153 5.708380 0.024664
5.379003 4.248902 2.506944 2.414573 31.428465 0.368182 0.042278 0.165537 5.708605 0.024531
5.512003 4.439608 2.718882 2.424189 32.186745 0.384677 0.048996 0.221300 5.700434 0.024858
5.629004 4.597189 2.897512 2.420206 32.854160 0.401178 0.048657 0.260416 5.706689 0.021901
5.762004 4.760118 3.075898 2.449219 33.613346 0.421321 0.042756 0.289776 5.714039 0.020166
5.879005 4.904543 3.194914 2.425937 34.281681 0.441384 0.034664 0.306025 5.717014 0.022238
6.012005 5.077755 3.298625 2.365264 35.047436 0.465787 0.022766 0.320014 5.719516 0.023786
6.129006 5.232367 3.352058 2.306908 35.711624 0.486310 0.011469 0.328176 5.734513 0.024464
6.263007 5.417359 3.391980 2.260513 36.480625 0.512496 -0.001919 0.326214 5.746222 0.025529
6.379007 5.598003 3.411386 2.239433 37.153198 0.537541 -0.011678 0.309055 5.759318 0.027696
6.513008 5.809231 3.421483 2.206159 37.919651 0.566726 -0.018860 0.271064 5.772383 0.027674
6.629008 5.993401 3.417651 2.110602 38.596043 0.593575 -0.021201 0.224618 5.788847 0.029139
6.764009 6.209402 3.407405 2.035009 39.366096 0.626061 -0.019262 0.162374 5.802013 0.028138
6.881009 6.407150 3.396805 2.017448 40.050751 0.657463 -0.012952 0.103854 5.808216 0.029812
7.014009 6.642022 3.363696 1.982930 40.823578 0.693605 -0.001934 0.040760 5.823937 0.031793
7.131010 6.861629 3.314329 1.934772 41.505924 0.724630 0.011547 -0.008069 5.845659 0.033593
7.264010 7.105758 3.276097 1.834668 42.289749 0.762235 0.029224 -0.056314 5.866877 0.033613
7.381011 7.324341 3.262507 1.742295 42.970940 0.796422 0.045524 -0.094412 5.889106 0.033957
7.514011 7.596373 3.263544 1.681630 43.759785 0.838969 0.063392 -0.135797 5.901408 0.037283
7.631012 7.851797 3.269476 1.727410 44.449829 0.878970 0.076144 -0.166038 5.915959 0.038196
7.765013 8.129757 3.296139 1.825769 45.236858 0.927764 0.086830 -0.187538 5.936531 0.035614
7.882013 8.376907 3.329933 1.956943 45.931107 0.972548 0.093113 -0.195116 5.948149 0.035931
8.015014 8.642426 3.371037 2.125635 46.721970 1.023885 0.093410 -0.199765 5.966879 0.032087
8.132014 8.871273 3.411035 2.279514 47.419769 1.071153 0.089860 -0.210288 5.983665 0.032566
8.265015 9.138039 3.451104 2.466764 48.215744 1.127293 0.082811 -0.233020 6.009857 0.033707
8.382015 9.370747 3.469175 2.677421 48.917835 1.177281 0.074688 -0.253728 6.021192 0.033101
8.515016 9.667058 3.472304 2.891630 49.723209 1.236157 0.064043 -0.257785 6.033783 0.038524
8.632016 9.931151 3.455397 3.077785 50.421047 1.289793 0.055627 -0.229342 6.034702 0.038526
8.765017 10.251290 3.419731 3.287698 51.227695 1.355176 0.046268 -0.156876 6.040062 0.041250
8.882017 10.541623 3.372023 3.434175 51.932884 1.413729 0.041196 -0.074139 6.053328 0.043452
9.016018 10.887480 3.321043 3.568238 52.735020 1.481593 0.038080 0.010602 6.056457 0.044078
9.132018 11.191574 3.280794 3.679773 53.441998 1.542717 0.038730 0.053265 6.067377 0.044371
9.266019 11.553077 3.254371 3.767960 54.246521 1.613050 0.045983 0.056937 6.074387 0.046463
9.383019 11.872156 3.255898 3.760370 54.954304 1.676772 0.056675 0.033511 6.070195 0.048471
9.516020 12.248175 3.263785 3.734648 55.756668 1.752016 0.071343 0.005409 6.055017 0.048709
9.633020 12.577313 3.261712 3.711562 56.462391 1.819951 0.084736 0.001403 6.060005 0.050271
9.766021 12.957409 3.250173 3.709569 57.270061 1.901153 0.100432 0.031035 6.053008 0.048691
9.883021 13.275813 3.247130 3.656119 57.969238 1.972949 0.114188 0.079049 6.061854 0.048241
10.016022 13.644751 3.238469 3.687681 58.777428 2.059725 0.127450 0.139415 6.072578 0.047979
10.133022 13.979625 3.226274 3.770902 59.477757 2.137841 0.134116 0.178634 6.075789 0.050823
10.267023 14.372779 3.229929 3.816303 60.286652 2.229527 0.135052 0.199025 6.074373 0.052002
10.383023 14.718734 3.225468 3.837934 60.992321 2.310017 0.131652 0.197515 6.067899 0.051519
10.517024 15.123275 3.224334 3.813548 61.793205 2.403449 0.123419 0.181823 6.059201 0.053120
10.634025 15.486841 3.219691 3.797356 62.497272 2.487338 0.113380 0.158699 6.062571 0.055319
10.767025 15.917726 3.211564 3.783776 63.296982 2.585127 0.100670 0.120495 6.053930 0.056863
10.884026 16.304865 3.204520 3.746559 63.999447 2.672782 0.088538 0.076633 6.048101 0.059187
11.001026 16.687647 3.198274 3.675683 64.699883 2.760891 0.079807 0.028641 6.027518 0.056826
11.134027 17.121202 3.188281 3.568057 65.493347 2.864564 0.073936 -0.021314 6.008384 0.057820
11.251027 17.515396 3.171415 3.477517 66.189133 2.957855 0.071905 -0.055748 5.996888 0.059471
11.384027 17.972639 3.148613 3.436329 66.983124 3.067868 0.074652 -0.083420 5.979840 0.059412
11.501028 18.372946 3.140070 3.425015 67.668175 3.165442 0.080342 -0.097122 5.960766 0.061047
11.634028 18.852974 3.114558 3.536032 68.456093 3.281408 0.086824 -0.098845 5.930729 0.062719
11.751029 19.283525 3.093590 3.682739 69.135544 3.383494 0.095075 -0.087114 5.915806 0.064636
11.885030 19.786955 3.073687 3.895907 69.917694 3.504042 0.107214 -0.062574 5.895258 0.063385
12.001030 20.225426 3.059005 4.111609 70.597725 3.612679 0.118407 -0.039038 5.877274 0.064307
12.135031 20.721655 3.065860 4.404748 71.366486 3.738584 0.131747 -0.017970 5.841330 0.061942
12.251031 21.150276 3.052517 4.679538 72.038506 3.850846 0.141385 -0.007918 5.814032 0.062378
12.385032 21.636095 3.048555 5.027993 72.799377 3.981308 0.148444 -0.007111 5.791746 0.060644
12.502032 22.057734 3.050069 5.399615 73.464455 4.099300 0.151381 -0.015894 5.764248 0.060271
12.635033 22.540043 3.073118 5.772137 74.222496 4.237044 0.151735 -0.034428 5.738981 0.061544
12.752033 22.977982 3.074244 6.069022 74.874916 4.359716 0.150634 -0.050945 5.710497 0.064253
12.885034 23.490898 3.040330 6.409472 75.623680 4.504554 0.145796 -0.056408 5.679370 0.064430
13.002034 23.931702 3.000941 6.717709 76.268585 4.632141 0.141227 -0.038225 5.660249 0.063377
13.135035 24.446230 2.968082 7.144575 77.010300 4.783643 0.136379 0.012792 5.639768 0.065889
13.252035 24.913057 2.942261 7.523573 77.655159 4.917881 0.134786 0.073438 5.625430 0.067490
13.386036 25.451931 2.930992 7.924587 78.384956 5.072889 0.137338 0.138210 5.596844 0.067476
13.502036 25.927650 2.930400 8.284170 79.022995 5.213363 0.141561 0.175615 5.574091 0.069450
13.636037 26.489035 2.947605 8.573959 79.744797 5.374804 0.150746 0.191931 5.548760 0.072366
13.753037 26.990597 2.974128 8.841684 80.376076 5.519287 0.160964 0.189950 5.529693 0.072794
13.886038 27.555223 3.023713 9.126175 81.089188 5.687153 0.173509 0.175280 5.500302 0.073597
14.003038 28.066114 3.096364 9.323138 81.713547 5.837957 0.185284 0.147571 5.482219 0.073936
14.136039 28.658657 3.200220 9.436770 82.424065 6.013579 0.198099 0.089509 5.449829 0.076747
14.253039 29.164820 3.289139 9.488342 83.036308 6.168360 0.208357 0.015996 5.439224 0.075432
14.387040 29.751802 3.388328 9.553404 83.739983 6.350401 0.218550 -0.083794 5.411783 0.075148
14.503040 30.258175 3.466918 9.563814 84.350563 6.512825 0.224505 -0.169827 5.391522 0.075551
14.637041 30.843126 3.539409 9.543499 85.039841 6.704152 0.226463 -0.254153 5.371176 0.077832
14.753041 31.362682 3.578697 9.511439 85.643410 6.877234 0.223630 -0.310148 5.365150 0.078408
14.887042 31.953449 3.603268 9.432757 86.327805 7.078108 0.217009 -0.346360 5.361860 0.078778
15.004043 32.472515 3.596471 9.320969 86.929199 7.257943 0.209675 -0.349362 5.364324 0.078582
15.137043 33.079144 3.560759 9.161758 87.611305 7.465991 0.201209 -0.319124 5.359865 0.080229
15.254044 33.605629 3.521767 9.010490 88.209297 7.653490 0.195252 -0.266790 5.353483 0.079859
15.387044 34.193871 3.481079 8.828767 88.891983 7.872361 0.191917 -0.185609 5.351743 0.077334
15.504045 34.707924 3.459798 8.680166 89.481224 8.065686 0.190630 -0.107457 5.347590 0.079472
15.637045 35.309830 3.446835 8.541861 90.159149 8.294870 0.191055 -0.026718 5.336891 0.081037
15.754045 35.846867 3.432233 8.451968 90.749176 8.499094 0.194397 0.020052 5.342688 0.081772
15.888046 36.452488 3.438113 8.383005 91.419098 8.734406 0.202609 0.040986 5.337017 0.078158
16.004047 36.973072 3.460263 8.346023 92.006332 8.944768 0.210563 0.043530 5.327411 0.078015
16.138050 37.558460 3.477958 8.310560 92.670029 9.189194 0.219229 0.052788 5.315214 0.076810
16.255053 38.067112 3.520850 8.269605 93.251595 9.408026 0.226230 0.080118 5.308356 0.076757
16.388056 38.659180 3.553664 8.281973 93.910164 9.660357 0.232428 0.133194 5.301416 0.078968
16.505058 39.177689 3.577967 8.308729 94.487389 9.887064 0.236745 0.192370 5.299155 0.076482
16.638062 39.756382 3.604894 8.390384 95.145370 10.152880 0.239580 0.267458 5.291995 0.073621
16.755064 40.241791 3.596954 8.457002 95.713058 10.386705 0.239184 0.332623 5.294412 0.071539
16.888067 40.802357 3.570652 8.545300 96.366982 10.661579 0.236711 0.394840 5.295219 0.073132
17.005070 41.298187 3.552877 8.632950 96.930855 10.904368 0.233764 0.424532 5.289662 0.072468
17.139072 41.874115 3.522097 8.790529 97.579453 11.190650 0.231604 0.424325 5.288666 0.074023
17.255075 42.371883 3.472206 8.942116 98.142418 11.444590 0.230184 0.398415 5.274359 0.071787
17.389078 42.927898 3.387906 9.105921 98.780640 11.736785 0.226756 0.346525 5.278539 0.071728
17.506081 43.419975 3.295661 9.240747 99.339882 11.997373 0.224518 0.278626 5.269164 0.072436
17.639084 43.986263 3.198604 9.359378 99.972221 12.298358 0.222869 0.168361 5.261038 0.073013
17.756086 44.475811 3.115029 9.492973 100.525780 12.567202 0.222121 0.045072 5.257376 0.071487
17.889090 45.013977 3.007149 9.626004 101.150955 12.878038 0.222274 -0.103105 5.249686 0.068051
18.006092 45.478481 2.913570 9.672717 101.699005 13.155692 0.224854 -0.216833 5.254102 0.068537
18.139095 45.986603 2.822507 9.741367 102.322472 13.480539 0.228367 -0.312385 5.244198 0.064131
18.256098 46.396584 2.741364 9.784734 102.858810 13.766699 0.232723 -0.367246 5.236201 0.060212
18.390100 46.846569 2.670755 9.792251 103.474915 14.102853 0.239136 -0.408621 5.233917 0.058575
18.506104 47.237427 2.626112 9.720724 104.009819 14.400767 0.246028 -0.429507 5.235127 0.059053
18.640106 47.672897 2.586396 9.593947 104.615433 14.744650 0.254261 -0.433778 5.237000 0.056576
18.757109 48.039307 2.567748 9.467586 105.145729 15.051798 0.261099 -0.418531 5.236154 0.055692
18.890112 48.454758 2.553873 9.303086 105.745720 15.404789 0.268416 -0.382695 5.235534 0.054245
19.007114 48.807125 2.545395 9.156291 106.270226 15.720070 0.274934 -0.340260 5.230735 0.052043
19.140118 49.183956 2.507289 8.965173 106.862366 16.084385 0.279743 -0.284638 5.226856 0.049376
19.257120 49.503124 2.473761 8.777838 107.380203 16.409792 0.282252 -0.230328 5.231894 0.047636
19.390123 49.830315 2.431293 8.486887 107.970932 16.787949 0.283354 -0.160876 5.236739 0.041809
19.507126 50.084686 2.380445 8.187900 108.479485 17.121410 0.283081 -0.093045 5.246609 0.039007
19.640129 50.359184 2.309034 7.903545 109.064110 17.514162 0.281898 -0.005298 5.265324 0.036477
19.757132 50.587273 2.257565 7.677343 109.573341 17.864359 0.281114 0.078053 5.293349 0.033663
19.891134 50.812489 2.186728 7.398731 110.151283 18.269693 0.280444 0.175230 5.318078 0.029025
20.008137 50.973888 2.111524 7.108802 110.658707 18.632921 0.281296 0.255745 5.343377 0.024715
20.141140 51.129482 2.025021 6.760095 111.233902 19.053270 0.282173 0.333076 5.365492 0.021316
20.258142 51.256805 1.956953 6.471954 111.739815 19.429312 0.282846 0.384671 5.400385 0.019852
20.391146 51.385803 1.900239 6.155045 112.314621 19.863132 0.283387 0.424984 5.428038 0.017014
20.508148 51.477623 1.878874 5.897230 112.819458 20.251301 0.285270 0.445517 5.451950 0.013642
20.641151 51.564320 1.867936 5.537476 113.397797 20.701443 0.290448 0.449820 5.483900 0.013183
20.758154 51.632072 1.882314 5.216111 113.898460 21.096689 0.295007 0.432540 5.515033 0.010850
20.892157 51.686943 1.919216 4.840150 114.476639 21.559526 0.301677 0.384920 5.537275 0.007203
21.008160 51.708324 1.933175 4.520931 114.980499 21.970783 0.308504 0.320824 5.572644 0.004515
21.142162 51.726845 1.928521 4.181825 115.553246 22.444977 0.316989 0.226767 5.601939 0.003433
21.259165 51.733265 1.911573 3.924199 116.058319 22.867817 0.325173 0.127660 5.645535 0.001225
21.392168 51.719166 1.892992 3.645087 116.634598 23.354753 0.330807 0.000243 5.691680 -0.002027
21.509171 51.687969 1.868436 3.432906 117.143135 23.788536 0.334130 -0.115323 5.729946 -0.004576
21.642174 51.631752 1.846674 3.183929 117.722923 24.288776 0.336085 -0.234158 5.780101 -0.007422
21.759176 51.579254 1.826042 2.931258 118.235718 24.734795 0.336306 -0.319090 5.826578 -0.006099
21.876179 51.534103 1.806292 2.675853 118.749756 25.186886 0.334731 -0.388194 5.865778 -0.004446
22.009182 51.469929 1.784443 2.373504 119.336136 25.707460 0.333468 -0.455972 5.917804 -0.008685
22.126184 51.393436 1.768510 2.115949 119.854271 26.170961 0.332452 -0.505204 5.964565 -0.011681
22.259188 51.278774 1.720969 1.751240 120.451836 26.706213 0.330772 -0.535158 6.001268 -0.013965
22.376190 51.179562 1.659891 1.467405 120.971519 27.174349 0.329396 -0.526766 6.053657 -0.012703
22.509193 51.075798 1.584160 1.226539 121.575287 27.720608 0.328552 -0.478452 6.094585 -0.013193
22.626196 50.980106 1.529290 1.110589 122.105164 28.201563 0.329819 -0.413120 6.135704 -0.013538
22.760199 50.858212 1.471758 1.009237 122.713127 28.751562 0.331490 -0.321192 6.184847 -0.016424
22.876202 50.739513 1.433037 0.956312 123.251930 29.239738 0.332951 -0.221981 6.232658 -0.017502
23.010204 50.608639 1.392555 0.942964 123.867096 29.799040 0.335520 -0.082826 6.269313 -0.016786
23.127207 50.499840 1.359384 0.984322 124.410843 30.295218 0.336795 0.058555 6.311611 -0.016872
23.260210 50.370281 1.328086 1.009847 125.032883 30.862835 0.335876 0.222755 6.345017 -0.017114
23.377213 50.253368 1.324373 1.118451 125.583450 31.364738 0.333778 0.352284 6.381426 -0.018303
23.510216 50.107380 1.338249 1.315884 126.217583 31.941710 0.332996 0.468316 6.411105 -0.020936
23.627218 49.978100 1.357814 1.520768 126.768387 32.444008 0.335852 0.536306 6.437019 -0.020097
23.760221 49.832779 1.401637 1.790347 127.406685 33.026451 0.339468 0.577319 6.453296 -0.020613
23.877224 49.696064 1.455243 2.069218 127.960876 33.532085 0.342658 0.583011 6.477409 -0.022004
24.011227 49.538952 1.539750 2.392133 128.603851 34.118103 0.348175 0.560210 6.503752 -0.021422
24.127230 49.399933 1.617952 2.644988 129.167709 34.631981 0.352370 0.519087 6.533132 -0.023142
24.262232 49.227798 1.710863 2.900398 129.816360 35.221687 0.355862 0.451246 6.550424 -0.023579
24.379234 49.073929 1.802119 3.151141 130.384430 35.737240 0.357280 0.375146 6.565155 -0.023725
24.512238 48.902519 1.912367 3.473319 131.030807 36.324383 0.357278 0.270910 6.565231 -0.024133
24.629240 48.746906 2.029864 3.777579 131.598801 36.841850 0.354565 0.166975 6.571984 -0.024897
24.762243 48.563839 2.153319 4.050226 132.246704 37.430744 0.349747 0.040590 6.587947 -0.025155
24.879246 48.407608 2.241019 4.259896 132.817764 37.949844 0.345096 -0.073905 6.603194 -0.024417
25.012249 48.225849 2.304941 4.478956 133.473770 38.545322 0.339503 -0.205126 6.617125 -0.026440
25.129251 48.056671 2.313338 4.714356 134.042038 39.062130 0.335249 -0.313489 6.620787 -0.026727
25.263254 47.851627 2.308834 4.972817 134.698349 39.661259 0.331500 -0.421155 6.636361 -0.028575
25.379257 47.657471 2.286733 5.141856 135.274628 40.184414 0.329923 -0.490612 6.661232 -0.030853
25.513260 47.427261 2.211478 5.306298 135.932190 40.780209 0.329384 -0.539003 6.677931 -0.031811
25.629263 47.225334 2.122490 5.476227 136.511581 41.306202 0.330056 -0.560169 6.698903 -0.031811
25.763266 46.978813 2.031094 5.559881 137.174042 41.905239 0.332254 -0.566057 6.725562 -0.033718
25.880268 46.760212 1.921124 5.610982 137.758652 42.433300 0.334478 -0.552864 6.739130 -0.034080
26.013271 46.480457 1.810479 5.610922 138.429779 43.039875 0.337920 -0.508533 6.760751 -0.038123
26.130274 46.206280 1.735631 5.523953 139.013870 43.566643 0.341984 -0.443781 6.790249 -0.042037
26.263277 45.869762 1.652750 5.334828 139.686829 44.171738 0.348907 -0.349307 6.811750 -0.043733
26.380280 45.568581 1.583771 5.142143 140.281097 44.705734 0.353104 -0.258278 6.838237 -0.044588
26.514282 45.203697 1.520293 4.897544 140.963593 45.319542 0.356986 -0.147556 6.860077 -0.048663
26.630285 44.861103 1.465858 4.609322 141.557114 45.851463 0.358511 -0.041370 6.883123 -0.050920
26.764288 44.456806 1.411938 4.199603 142.247314 46.466080 0.357149 0.093721 6.905931 -0.051427
26.880291 44.101959 1.379935 3.767622 142.852432 47.002544 0.354017 0.211713 6.916909 -0.051183
27.014294 43.695686 1.366343 3.244356 143.543106 47.612568 0.348988 0.324561 6.931738 -0.052037
27.131296 43.328354 1.370733 2.778288 144.153091 48.148361 0.342044 0.393257 6.943308 -0.054121
27.264299 42.891384 1.397902 2.202557 144.848175 48.756027 0.330093 0.438976 6.941630 -0.056241
27.381302 42.502148 1.433007 1.695291 145.461945 49.289635 0.316232 0.464121 6.954515 -0.055941
27.514305 42.049404 1.477365 1.095250 146.166962 49.898804 0.300036 0.491371 6.962209 -0.058033
27.631308 41.645290 1.483050 0.591977 146.785172 50.429516 0.286356 0.516566 6.967475 -0.057893
27.764311 41.177109 1.498354 0.024651 147.491074 51.031704 0.270992 0.534442 6.983188 -0.061211
27.881313 40.746307 1.531993 -0.522240 148.115677 51.559334 0.258118 0.524662 6.993029 -0.063126
28.015316 40.227821 1.554400 -1.195942 148.828415 52.156673 0.246377 0.471622 6.989274 -0.066646
28.131319 39.754749 1.580016 -1.662741 149.455612 52.680382 0.239495 0.388840 6.979932 -0.069997
28.265322 39.205070 1.600570 -2.136228 150.169556 53.273113 0.236680 0.267140 6.976408 -0.072184
28.382324 38.720619 1.611817 -2.460608 150.798935 53.792629 0.238077 0.152161 6.973705 -0.070656
28.515327 38.165733 1.618144 -2.736016 151.516296 54.380642 0.243104 0.030966 6.982969 -0.073436
28.632330 37.658783 1.618227 -2.882471 152.149979 54.896202 0.249988 -0.056872 6.980897 -0.076114
28.765333 37.052914 1.619805 -2.992089 152.877655 55.483330 0.260318 -0.134257 6.979178 -0.079598
28.882336 36.519642 1.599586 -3.022986 153.509399 55.990143 0.268508 -0.189875 6.982138 -0.080824
29.001337 35.982891 1.570562 -3.009946 154.148483 56.499798 0.274252 -0.247211 6.987866 -0.079203
29.132339 35.371960 1.539076 -2.953530 154.884079 57.081139 0.276195 -0.321856 7.007000 -0.079524
29.266342 34.775021 1.514774 -2.779795 155.616653 57.659130 0.276255 -0.396539 7.018980 -0.078254
29.382345 34.253567 1.497883 -2.565086 156.262817 58.165432 0.273257 -0.446253 7.015692 -0.078828
29.516348 33.661736 1.483113 -2.221455 156.998978 58.737598 0.265581 -0.470497 7.006343 -0.078545
29.633350 33.136932 1.469931 -1.928697 157.648499 59.237377 0.256934 -0.463504 7.000811 -0.079973
29.766354 32.516941 1.472340 -1.621167 158.387589 59.803074 0.245595 -0.434131 6.992460 -0.084437
29.883356 31.955601 1.460660 -1.316863 159.039093 60.297718 0.234688 -0.398229 6.985563 -0.083527
30.016359 31.325516 1.465776 -1.004386 159.786118 60.858757 0.222088 -0.349337 6.956029 -0.082073
30.133362 30.785934 1.487880 -0.821006 160.433990 61.336800 0.213506 -0.300107 6.930541 -0.081232
30.266365 30.169273 1.535830 -0.638440 161.183273 61.882771 0.206007 -0.236393 6.911702 -0.080697
30.383368 29.636536 1.574599 -0.469513 161.837860 62.355576 0.202394 -0.178671 6.894435 -0.080141
30.517370 29.029875 1.607938 -0.308647 162.582077 62.889244 0.202340 -0.115789 6.880159 -0.079462
30.633373 28.495844 1.625302 -0.206458 163.237045 63.354885 0.202450 -0.064316 6.861773 -0.080061
30.767376 27.890018 1.660312 -0.149636 163.982162 63.878994 0.204084 -0.005841 6.844702 -0.080366
30.884378 27.347528 1.681231 -0.122747 164.639297 64.334610 0.205734 0.053430 6.828291 -0.080914
31.017382 26.727520 1.698659 -0.156663 165.389008 64.846657 0.209871 0.138171 6.819843 -0.080076
31.134384 26.181654 1.715954 -0.196511 166.048920 65.292389 0.214517 0.227045 6.800428 -0.082292
31.267387 25.552229 1.733734 -0.300607 166.799240 65.793968 0.219984 0.331121 6.773693 -0.081505
31.384390 25.021465 1.757532 -0.394134 167.460129 66.230301 0.224462 0.410488 6.764717 -0.076921
31.501392 24.507927 1.780228 -0.493199 168.122009 66.661797 0.229129 0.470949 6.751646 -0.076017
31.634396 23.938551 1.814655 -0.636815 168.877335 67.145592 0.233626 0.519074 6.741138 -0.073387
31.751398 23.460299 1.851812 -0.852127 169.544357 67.564850 0.236624 0.547580 6.735602 -0.069054
31.884401 22.939775 1.902707 -1.133326 170.312134 68.040390 0.236975 0.561452 6.736407 -0.066865
32.001404 22.478233 1.968573 -1.423321 170.978958 68.448250 0.236074 0.548409 6.740573 -0.069165
32.135391 21.941448 2.067235 -1.822674 171.753204 68.913979 0.232204 0.496690 6.739109 -0.067151
32.251381 21.477440 2.180019 -2.160460 172.431259 69.315811 0.226423 0.421323 6.735430 -0.068073
32.385368 20.946669 2.317123 -2.546600 173.203903 69.767883 0.218682 0.308984 6.721559 -0.068180
32.501358 20.485083 2.452906 -2.930846 173.885330 70.159859 0.211989 0.191238 6.718789 -0.065841
32.635345 19.973360 2.627735 -3.366359 174.661591 70.599892 0.203762 0.040362 6.704314 -0.063253
32.752335 19.534702 2.804716 -3.673347 175.344345 70.983047 0.198262 -0.099250 6.681385 -0.062986
32.885323 19.046803 2.997921 -4.026150 176.121643 71.410721 0.192851 -0.249382 6.665630 -0.059778
33.002312 18.627357 3.161866 -4.359065 176.806656 71.781448 0.187301 -0.361321 6.651684 -0.059026
33.135300 18.160465 3.323232 -4.644226 177.591812 72.200424 0.183415 -0.460459 6.629949 -0.058419
33.252289 17.764429 3.445515 -4.826220 178.272156 72.555832 0.182113 -0.523496 6.611228 -0.058104
33.386276 17.305140 3.544155 -4.915884 179.058777 72.959167 0.182692 -0.572721 6.595575 -0.060222
33.502266 16.909697 3.593675 -4.947838 179.748077 73.305634 0.186020 -0.593625 6.595008 -0.058534
33.636253 16.479269 3.633052 -4.836958 180.534912 73.692825 0.191079 -0.587794 6.592637 -0.056684
33.752243 16.119967 3.662469 -4.641355 181.229385 74.028618 0.197180 -0.554487 6.597492 -0.054370
33.886230 15.719336 3.677184 -4.432062 182.023575 74.403381 0.205528 -0.486565 6.605758 -0.053231
34.003220 15.386082 3.696653 -4.207696 182.724304 74.728111 0.212671 -0.406397 6.601209 -0.051548
34.136208 15.018559 3.704327 -3.991456 183.523056 75.091591 0.221191 -0.303856 6.596041 -0.049295
34.253197 14.702966 3.693465 -3.852867 184.228592 75.403786 0.227077 -0.215658 6.598114 -0.049150
34.386185 14.335085 3.682385 -3.629092 185.040207 75.758430 0.231131 -0.126706 6.622479 -0.050745
34.503174 14.017366 3.673743 -3.384827 185.745926 76.063042 0.233490 -0.058090 6.626322 -0.050512
34.637161 13.649964 3.675228 -3.123781 186.564178 76.409492 0.235351 0.026240 6.639908 -0.049456
34.753151 13.330588 3.671430 -2.951109 187.281845 76.706688 0.234805 0.116840 6.637146 -0.050658
34.887138 12.952553 3.638848 -2.784563 188.101608 77.038582 0.232989 0.238850 6.653693 -0.051567
35.004128 12.618564 3.597853 -2.643577 188.826370 77.325813 0.232064 0.347366 6.665777 -0.051071
35.137115 12.241341 3.553765 -2.440481 189.654541 77.647827 0.231316 0.447696 6.690634 -0.050713
35.254105 11.912577 3.517121 -2.299320 190.386215 77.926598 0.232096 0.503434 6.693414 -0.050490
35.387093 11.547060 3.498463 -2.186711 191.222031 78.236115 0.234430 0.529929 6.709673 -0.047344
35.504082 11.229448 3.505750 -2.119149 191.961472 78.502228 0.237788 0.526516 6.724162 -0.047170
35.637070 10.861018 3.548975 -2.168118 192.813416 78.800636 0.242668 0.497007 6.744956 -0.048992
35.754059 10.533359 3.608891 -2.177444 193.556152 79.054161 0.245902 0.452091 6.777882 -0.049601
35.887047 10.167957 3.684208 -2.123381 194.418121 79.341721 0.250325 0.382066 6.787942 -0.048586
36.004036 9.840125 3.777100 -2.091666 195.174042 79.587509 0.252609 0.309291 6.797444 -0.048819
36.138023 9.468625 3.887290 -2.114115 196.038239 79.859901 0.253116 0.217117 6.824493 -0.047641
36.254013 9.162270 3.986650 -2.137524 196.802124 80.095001 0.252875 0.131757 6.838502 -0.044925
36.388000 8.802629 4.090615 -2.156996 197.674118 80.356102 0.250597 0.039157 6.851505 -0.047953
36.504990 8.482877 4.198382 -2.163705 198.443176 80.580612 0.246564 -0.029527 6.848858 -0.047362
36.637978 8.130956 4.307876 -2.123624 199.318726 80.832413 0.240396 -0.090314 6.854951 -0.045553
36.754967 7.831083 4.392641 -2.065052 200.090698 81.047623 0.234209 -0.134812 6.851987 -0.044260
36.887955 7.482593 4.481755 -2.075460 200.977158 81.287827 0.226347 -0.183529 6.848566 -0.046031
37.004944 7.163217 4.565928 -2.191386 201.743713 81.489616 0.219976 -0.222599 6.821693 -0.046711
37.137932 6.792911 4.638942 -2.244555 202.628052 81.718208 0.214186 -0.256210 6.810093 -0.048592
37.254921 6.475985 4.672910 -2.223769 203.392639 81.911858 0.212183 -0.273833 6.788800 -0.046802
37.388908 6.105609 4.692721 -2.257565 204.275848 82.128792 0.213952 -0.290195 6.782987 -0.048460
37.504898 5.770682 4.695137 -2.300450 205.047424 82.312790 0.219109 -0.309818 6.771576 -0.050117
37.638885 5.407733 4.648648 -2.279508 205.924225 82.514664 0.225903 -0.337329 6.766347 -0.046990
37.754875 5.085957 4.584347 -2.266785 206.696396 82.687592 0.233325 -0.354576 6.764175 -0.048593
37.888863 4.711503 4.475435 -2.381505 207.576889 82.877815 0.243516 -0.349737 6.782882 -0.048095
38.005852 4.385863 4.342165 -2.511081 208.354538 83.040993 0.254315 -0.316482 6.797998 -0.046791
38.138840 4.011677 4.189999 -2.730014 209.249680 83.219414 0.267461 -0.247526 6.819081 -0.047022
38.255829 3.684969 4.044595 -2.907127 210.028458 83.370178 0.278861 -0.171436 6.850558 -0.047191
38.388817 3.314866 3.859811 -3.074193 210.931458 83.540573 0.289836 -0.080538 6.867353 -0.045848
38.505806 3.009670 3.702187 -3.176141 211.716385 83.685593 0.296173 -0.009348 6.887782 -0.044889
38.639793 2.651856 3.553268 -3.294995 212.627151 83.848213 0.300990 0.060586 6.915779 -0.044265
38.755783 2.349862 3.441127 -3.355127 213.426407 83.986015 0.302918 0.111887 6.942971 -0.044300
38.889771 2.016752 3.346154 -3.386014 214.338684 84.137817 0.302352 0.156652 6.959109 -0.043039
39.005760 1.737612 3.295223 -3.425084 215.144714 84.265610 0.301051 0.177173 6.985434 -0.040349
39.139748 1.416518 3.270819 -3.494030 216.065231 84.405533 0.298164 0.175125 7.012816 -0.041789
39.256737 1.142379 3.276237 -3.497050 216.878372 84.523712 0.293225 0.159346 7.026237 -0.040741
39.389725 0.832174 3.322411 -3.453237 217.805069 84.654259 0.287813 0.145147 7.042795 -0.041284
39.506714 0.554468 3.389136 -3.433838 218.623032 84.763344 0.282735 0.146837 7.056776 -0.041222
39.639702 0.241722 3.510723 -3.363070 219.561279 84.882225 0.274530 0.160275 7.061526 -0.040521
39.756691 -0.020874 3.641486 -3.289954 220.374008 84.979218 0.265891 0.168498 7.055893 -0.040307
39.889679 -0.320893 3.804630 -3.144482 221.312286 85.084511 0.254529 0.163453 7.047228 -0.040002
40.006668 -0.576031 3.953153 -2.950572 222.130722 85.172676 0.245025 0.148734 7.032311 -0.039557
40.140656 -0.856479 4.131131 -2.733289 223.059509 85.267586 0.237540 0.129789 7.009970 -0.038008
40.256645 -1.105145 4.276094 -2.531112 223.874603 85.347221 0.233860 0.115693 6.994818 -0.039970
40.390633 -1.392591 4.409627 -2.269846 224.798935 85.431732 0.231938 0.101071 6.969541 -0.040434
40.507622 -1.627142 4.488096 -2.020270 225.610977 85.502075 0.229707 0.086379 6.961546 -0.037181
40.640610 -1.892239 4.517360 -1.652871 226.533829 85.577774 0.231392 0.065136 6.960548 -0.039465
40.757599 -2.126203 4.517132 -1.350313 227.345627 85.639442 0.235762 0.040591 6.953549 -0.036945
40.890587 -2.384277 4.494174 -1.120468 228.268967 85.703568 0.242096 0.003540 6.968142 -0.035646
41.007576 -2.612504 4.455769 -0.948665 229.083740 85.755096 0.247579 -0.036572 6.986153 -0.035838
41.141563 -2.871656 4.381480 -0.733402 230.019775 85.809090 0.255181 -0.083858 7.000402 -0.036494
41.257553 -3.101704 4.287186 -0.525392 230.839294 85.850716 0.262579 -0.116618 7.028219 -0.037041
41.391541 -3.364867 4.169924 -0.299831 231.775742 85.893761 0.270084 -0.136484 7.057589 -0.036863
41.508530 -3.616903 4.064770 -0.163453 232.603027 85.929016 0.276587 -0.138053 7.082749 -0.040808
41.641518 -3.918493 3.954664 -0.027788 233.547165 85.963951 0.283240 -0.125326 7.119296 -0.040916
41.759506 -4.181553 3.872682 0.072506 234.389374 85.990997 0.287536 -0.103232 7.152951 -0.039437
41.875496 -4.448767 3.818318 0.098253 235.227844 86.014503 0.288827 -0.072029 7.173468 -0.038774
42.009483 -4.742343 3.781458 0.049202 236.183258 86.036903 0.289107 -0.027870 7.195593 -0.038123
42.126472 -5.009690 3.772044 -0.046963 237.027008 86.052864 0.285684 0.012179 7.218811 -0.039021
42.259460 -5.322799 3.780589 -0.244579 237.996048 86.066383 0.279012 0.047919 7.244424 -0.039272
42.376450 -5.601790 3.807226 -0.394432 238.837631 86.073975 0.270767 0.062057 7.261616 -0.039897
42.509438 -5.939644 3.884384 -0.591338 239.802902 86.077972 0.258674 0.056073 7.259108 -0.043717
42.626427 -6.238708 3.967610 -0.752300 240.652313 86.078217 0.245432 0.036178 7.258686 -0.041620
42.759415 -6.579776 4.106605 -0.981526 241.624283 86.073784 0.229204 0.008873 7.247161 -0.041244
42.876404 -6.871902 4.237230 -1.200347 242.464157 86.065300 0.213834 -0.009623 7.237396 -0.041072
43.010391 -7.202656 4.383800 -1.447079 243.431931 86.052429 0.195208 -0.021687 7.212583 -0.041249
43.126381 -7.498173 4.495733 -1.673746 244.274933 86.038300 0.178791 -0.027518 7.204810 -0.041965
43.260368 -7.833045 4.599256 -1.949168 245.231262 86.018440 0.163957 -0.033981 7.183258 -0.040271
43.377357 -8.123924 4.684460 -2.200992 246.070877 85.997223 0.155599 -0.040098 7.174622 -0.039298
43.510345 -8.442010 4.771751 -2.445483 247.022903 85.968849 0.150348 -0.045000 7.149478 -0.038765
43.627335 -8.722490 4.866106 -2.623637 247.856110 85.938919 0.151528 -0.046323 7.109093 -0.039446
43.760323 -9.042331 4.954730 -2.721835 248.800552 85.901726 0.157982 -0.045768 7.100490 -0.040845
43.877312 -9.317382 5.028635 -2.823009 249.629227 85.864746 0.166692 -0.044345 7.082134 -0.038817
44.010300 -9.615568 5.110364 -2.919858 250.574554 85.817818 0.178222 -0.041262 7.050726 -0.036830
44.127289 -9.876318 5.175624 -2.997118 251.396988 85.772896 0.189998 -0.037253 7.039210 -0.038577
44.260277 -10.171697 5.239954 -3.057211 252.331406 85.718369 0.203936 -0.033632 7.037216 -0.037559
44.377266 -10.418792 5.273072 -3.069266 253.152298 85.664948 0.211910 -0.032700 7.028384 -0.036105
44.511253 -10.694659 5.278371 -3.054956 254.084717 85.599052 0.216652 -0.031222 7.029302 -0.036170
44.628242 -10.926874 5.263245 -2.989434 254.904968 85.539024 0.217130 -0.024125 7.026228 -0.035339
44.761230 -11.191144 5.266090 -2.938199 255.836380 85.465584 0.214658 -0.006211 7.025903 -0.035667
44.878220 -11.422381 5.279114 -2.865328 256.655273 85.396591 0.208601 0.014154 7.019943 -0.035088
45.011208 -11.674248 5.278145 -2.771579 257.584656 85.314644 0.196760 0.031442 7.008098 -0.033675
45.128197 -11.905704 5.259193 -2.705951 258.400635 85.237015 0.182100 0.033480 7.003736 -0.036216
45.261185 -12.172502 5.219196 -2.579165 259.333771 85.145897 0.163799 0.019003 6.990747 -0.035899
45.378174 -12.395365 5.168259 -2.468123 260.140900 85.064667 0.147256 -0.002585 6.997015 -0.034444
45.512161 -12.648190 5.097766 -2.361066 261.073883 84.968582 0.128352 -0.027445 6.997816 -0.033759
45.628151 -12.863732 5.018427 -2.291940 261.887695 84.881416 0.112189 -0.041990 6.995624 -0.031817
45.762138 -13.104332 4.928319 -2.112178 262.812012 84.780258 0.097694 -0.046387 6.984933 -0.034420
45.878128 -13.337326 4.860545 -1.957700 263.622192 84.687187 0.088975 -0.039463 6.963656 -0.037528
46.012115 -13.610030 4.787082 -1.846421 264.540680 84.576057 0.084299 -0.020488 6.949324 -0.037370
46.129105 -13.838847 4.731699 -1.828435 265.345886 84.474503 0.085608 0.004578 6.928352 -0.033848
46.262093 -14.097586 4.699495 -1.834590 266.265167 84.353638 0.092010 0.040317 6.911118 -0.033334
46.379082 -14.303341 4.688274 -1.818852 267.058899 84.248383 0.100125 0.074590 6.897629 -0.029864
46.512070 -14.536633 4.684933 -1.866952 267.972717 84.124161 0.109734 0.114812 6.872624 -0.029809
46.629059 -14.738188 4.672667 -1.914047 268.761627 84.015785 0.116137 0.147226 6.858041 -0.030571
46.763046 -14.956650 4.650350 -1.943530 269.669464 83.889214 0.120561 0.177172 6.833940 -0.026675
46.879036 -15.143642 4.615146 -2.041810 270.459381 83.774826 0.121858 0.192976 6.820053 -0.025899
47.013023 -15.355915 4.572752 -2.126164 271.355682 83.643112 0.120881 0.198662 6.808289 -0.027446
47.129013 -15.532331 4.540077 -2.228165 272.141937 83.524017 0.117493 0.196649 6.787341 -0.024923
47.263000 -15.735251 4.518064 -2.372749 273.032867 83.384827 0.112803 0.189647 6.774472 -0.025076
47.379990 -15.900823 4.502546 -2.530016 273.814789 83.260429 0.106985 0.175530 6.766982 -0.022396
47.512978 -16.083244 4.475498 -2.682053 274.701569 83.116516 0.099257 0.140499 6.745811 -0.022814
47.629967 -16.244385 4.451066 -2.835333 275.479553 82.987946 0.091949 0.089829 6.737662 -0.022079
47.762955 -16.438389 4.434479 -3.021461 276.368408 82.838242 0.082440 0.018471 6.722561 -0.023969
47.879944 -16.608025 4.419923 -3.184975 277.135834 82.707581 0.074815 -0.041630 6.706063 -0.022268
48.012932 -16.802763 4.435730 -3.306279 278.019287 82.556671 0.066146 -0.101409 6.679541 -0.025547
48.129921 -16.990330 4.457933 -3.416435 278.780548 82.424622 0.058834 -0.148863 6.649630 -0.028362
48.263908 -17.209051 4.488439 -3.489919 279.654419 82.270813 0.052349 -0.207231 6.602441 -0.027040
48.380898 -17.388939 4.520601 -3.483333 280.412445 82.135231 0.048454 -0.261257 6.570327 -0.026799
48.513885 -17.599661 4.534357 -3.460266 281.269745 81.978699 0.046250 -0.315991 6.539913 -0.028672
48.630875 -17.800072 4.528403 -3.422862 282.020294 81.839645 0.046510 -0.348132 6.508026 -0.030869
48.763863 -18.035917 4.518100 -3.346543 282.868927 81.682434 0.051143 -0.360032 6.474250 -0.033327
48.880852 -18.244652 4.496637 -3.272157 283.611542 81.543373 0.057332 -0.348192 6.448258 -0.031741
49.013840 -18.478792 4.461494 -3.180030 284.458710 81.381851 0.064884 -0.310312 6.432199 -0.030865
49.130829 -18.654621 4.420439 -3.078076 285.189636 81.240356 0.070573 -0.257922 6.407719 -0.026226
49.264816 -18.856968 4.393154 -3.010149 286.030151 81.073097 0.075855 -0.177703 6.393634 -0.028436
49.380806 -19.051504 4.364187 -2.994928 286.762756 80.924782 0.077962 -0.094745 6.383760 -0.030427
49.514793 -19.287130 4.331317 -2.968699 287.593658 80.755196 0.076113 0.006598 6.369528 -0.031433
49.630783 -19.494917 4.304084 -2.964626 288.323364 80.604477 0.073128 0.094349 6.368893 -0.030023
49.764771 -19.715248 4.274858 -3.028046 289.152924 80.429649 0.067982 0.182626 6.374261 -0.027314
49.881760 -19.920311 4.263827 -3.138815 289.881104 80.273895 0.063706 0.242365 6.353738 -0.029931
50.014748 -20.173183 4.248597 -3.305394 290.710205 80.091843 0.059068 0.284406 6.320460 -0.031339
50.131737 -20.397316 4.225444 -3.461908 291.424591 79.932220 0.054486 0.298232 6.300918 -0.033422
50.264725 -20.672163 4.194572 -3.635625 292.239777 79.748047 0.046961 0.293411 6.272043 -0.034912
50.381714 -20.926380 4.170715 -3.799854 292.953064 79.584328 0.039586 0.275968 6.242258 -0.036734
50.514702 -21.229176 4.128687 -4.021998 293.764191 79.393730 0.034103 0.244742 6.203972 -0.036562
50.631691 -21.495211 4.067914 -4.238377 294.468994 79.225929 0.031111 0.210593 6.184934 -0.037601
50.765678 -21.808311 3.989839 -4.453155 295.267365 79.035149 0.029544 0.170682 6.161376 -0.039696
50.881668 -22.089144 3.911544 -4.617518 295.966187 78.866898 0.031502 0.143147 6.130581 -0.041870
51.015656 -22.430120 3.810070 -4.815694 296.757019 78.672607 0.037377 0.126584 6.113646 -0.043618
51.132645 -22.739840 3.738774 -4.990937 297.449463 78.497963 0.044181 0.119458 6.096282 -0.045099
51.265633 -23.111145 3.666066 -5.155436 298.233887 78.297508 0.053708 0.101596 6.079291 -0.048706
51.382622 -23.445816 3.606065 -5.253888 298.920776 78.120255 0.064762 0.062748 6.051869 -0.048940
51.499611 -23.780144 3.566455 -5.302299 299.605194 77.941246 0.076349 0.000776 6.045661 -0.049846
51.632599 -24.169048 3.567187 -5.326569 300.380707 77.735649 0.089660 -0.081539 6.025584 -0.052646
51.749588 -24.520506 3.576939 -5.320833 301.059570 77.551620 0.098785 -0.145341 6.004246 -0.052322
51.882576 -24.922657 3.592744 -5.311198 301.833649 77.336967 0.105463 -0.196689 5.988406 -0.053625
51.999565 -25.276520 3.614064 -5.204962 302.501862 77.149399 0.108116 -0.226036 5.979365 -0.055109
52.132553 -25.694229 3.647606 -5.027715 303.272278 76.931290 0.108301 -0.250784 5.965744 -0.056449
52.249542 -26.065390 3.672590 -4.838451 303.936310 76.740448 0.104940 -0.262556 5.950247 -0.057969
52.382530 -26.498327 3.686722 -4.631074 304.699738 76.517265 0.098001 -0.253406 5.926870 -0.058721
52.499519 -26.884489 3.707436 -4.527017 305.363739 76.320007 0.090282 -0.220789 5.914410 -0.058641
52.633507 -27.337822 3.751642 -4.453655 306.116364 76.093231 0.079857 -0.167424 5.905368 -0.061555
52.750496 -27.756151 3.803898 -4.443015 306.776276 75.891579 0.070227 -0.123171 5.892246 -0.063408
52.883484 -28.243181 3.853327 -4.533707 307.524078 75.658882 0.061719 -0.084648 5.885848 -0.063450
53.000473 -28.679029 3.915485 -4.595335 308.180664 75.452278 0.056619 -0.052962 5.879372 -0.065419
53.133461 -29.204229 4.001266 -4.731031 308.923920 75.213638 0.054061 -0.006951 5.859288 -0.068605
53.250450 -29.685129 4.084456 -4.863315 309.574585 75.001640 0.055354 0.039883 5.843063 -0.071128
53.383438 -30.244726 4.183722 -5.031856 310.316010 74.756966 0.062224 0.083630 5.804679 -0.071773
53.500427 -30.744486 4.269396 -5.192039 310.953918 74.544014 0.072453 0.103240 5.789993 -0.074926
53.634415 -31.340460 4.369760 -5.394917 311.686554 74.297188 0.086136 0.111268 5.760118 -0.076494
53.750404 -31.868708 4.445098 -5.594522 312.323059 74.079735 0.098562 0.118424 5.734908 -0.077181
53.884392 -32.484482 4.502400 -5.825044 313.041626 73.830238 0.111973 0.131942 5.707859 -0.079252
54.000381 -33.046387 4.507563 -6.049081 313.669342 73.606964 0.122449 0.139971 5.685623 -0.082844
54.134369 -33.698673 4.463083 -6.323730 314.380859 73.349411 0.129461 0.132359 5.686215 -0.084014
54.251358 -34.293964 4.369516 -6.575123 315.004181 73.119293 0.132054 0.110480 5.677242 -0.087138
54.384346 -34.985424 4.216760 -6.801551 315.711151 72.856438 0.131048 0.080182 5.664175 -0.090926
54.501335 -35.623386 4.074386 -7.039583 316.330444 72.623787 0.128097 0.060280 5.648086 -0.093077
54.634323 -36.370083 3.892653 -7.416999 317.034576 72.352776 0.122035 0.052180 5.620239 -0.094466
54.751312 -37.012398 3.725199 -7.731708 317.639954 72.115387 0.114708 0.056550 5.593263 -0.093483
54.884300 -37.751011 3.565180 -8.091619 318.333649 71.835907 0.106116 0.068205 5.572804 -0.092927
55.001289 -38.393127 3.445049 -8.355845 318.935608 71.588974 0.100595 0.077901 5.553414 -0.093686
55.135277 -39.115784 3.342904 -8.647494 319.614258 71.304886 0.099406 0.083720 5.519711 -0.091695
55.251266 -39.750996 3.271644 -8.877476 320.206909 71.051453 0.102592 0.083624 5.498698 -0.093455
55.385254 -40.483883 3.226280 -9.104296 320.876160 70.759140 0.110053 0.077931 5.482789 -0.094790
55.502243 -41.120880 3.246207 -9.298468 321.460510 70.498177 0.121153 0.066101 5.460867 -0.091764
55.635231 -41.834919 3.305753 -9.561354 322.117523 70.197182 0.137554 0.040472 5.418670 -0.090802
55.752220 -42.458920 3.370466 -9.823724 322.689850 69.928383 0.152154 0.005824 5.394328 -0.090075
55.885208 -43.150742 3.436789 -10.006318 323.335785 69.619804 0.167110 -0.042790 5.371979 -0.089107
56.002197 -43.736057 3.510435 -10.112648 323.899414 69.345650 0.179175 -0.088244 5.350319 -0.084436
56.135185 -44.402050 3.600597 -10.193670 324.541748 69.027710 0.191377 -0.141842 5.345454 -0.086871
56.252174 -44.979824 3.654936 -10.261285 325.098877 68.747040 0.199245 -0.193315 5.327044 -0.085468
56.386162 -45.626549 3.697556 -10.308790 325.729492 68.425110 0.204936 -0.258239 5.322030 -0.084566
56.502151 -46.189636 3.742119 -10.342349 326.280670 68.138466 0.208354 -0.314477 5.306570 -0.083091
56.636139 -46.837883 3.795800 -10.409717 326.903015 67.808617 0.210922 -0.363113 5.289334 -0.084362
56.753128 -47.393829 3.844783 -10.460021 327.446716 67.514633 0.214489 -0.380985 5.283820 -0.081863
56.886116 -48.019989 3.895117 -10.552182 328.061279 67.176414 0.219937 -0.363728 5.262908 -0.080973
57.003105 -48.556530 3.933649 -10.621000 328.597412 66.874985 0.227333 -0.310429 5.254467 -0.078749
57.136093 -49.167191 3.967609 -10.681170 329.208099 66.525238 0.235741 -0.204387 5.250745 -0.077142
57.253082 -49.683479 3.996998 -10.752301 329.733246 66.218307 0.242128 -0.081546 5.240564 -0.076955
57.386070 -50.287285 4.052979 -10.853925 330.336487 65.859215 0.250119 0.074837 5.240400 -0.077714
57.503059 -50.798824 4.093755 -10.918532 330.857391 65.545807 0.258662 0.201997 5.241936 -0.074990
57.637047 -51.374222 4.118423 -10.963775 331.456665 65.179047 0.270943 0.324028 5.244443 -0.072907
57.753036 -51.860168 4.139743 -11.005811 331.977631 64.854996 0.280578 0.405534 5.239830 -0.070802
57.887024 -52.400536 4.135647 -11.088209 332.567596 64.483101 0.292356 0.468373 5.242248 -0.067428
58.003014 -52.858879 4.111397 -11.192473 333.084595 64.152489 0.303520 0.491834 5.249551 -0.066092
58.137001 -53.366310 4.070086 -11.287313 333.674744 63.768921 0.315772 0.475626 5.256181 -0.065287
58.253990 -53.793121 4.033538 -11.316587 334.183990 63.432339 0.325889 0.427629 5.266505 -0.062463
58.386978 -54.270790 3.975425 -11.323194 334.764832 63.040749 0.336070 0.349307 5.275676 -0.061680
58.503967 -54.674103 3.916448 -11.303648 335.275970 62.691605 0.344933 0.273633 5.298773 -0.059510
58.636955 -55.127258 3.828984 -11.347494 335.859039 62.286526 0.355018 0.184996 5.302973 -0.057364
58.753944 -55.506989 3.742364 -11.329902 336.363647 61.931992 0.362042 0.103560 5.319416 -0.056437
58.887932 -55.934792 3.618231 -11.314531 336.944733 61.517860 0.365750 0.000506 5.334639 -0.056493
59.003922 -56.302044 3.487425 -11.312232 337.450653 61.151314 0.367113 -0.093898 5.342599 -0.053977
59.137909 -56.699902 3.321595 -11.259912 338.023987 60.729004 0.367619 -0.196315 5.363864 -0.052314
59.254898 -57.031498 3.172501 -11.224895 338.530518 60.348881 0.369028 -0.274288 5.371689 -0.047744
59.388885 -57.364185 2.997200 -11.120381 339.100311 59.916397 0.371643 -0.342208 5.375765 -0.042310
59.505875 -57.633759 2.860709 -10.979829 339.598572 59.532475 0.375383 -0.384298 5.382916 -0.040476
59.638863 -57.921452 2.714580 -10.741792 340.164337 59.092316 0.380107 -0.414251 5.393803 -0.037503
59.755852 -58.144745 2.618953 -10.516556 340.660614 58.700104 0.385746 -0.425137 5.413709 -0.033707
59.888840 -58.367771 2.551593 -10.244640 341.226959 58.246239 0.394809 -0.415558 5.416429 -0.028460
60.005829 -58.537312 2.536381 -10.090988 341.713501 57.848633 0.403992 -0.383632 5.423903 -0.024869
