1.20 1.10 20 64
0.137000 0.012742 -0.061281 0.005296 1.001859 0.000371 -0.153523 -0.818864 6.551471 0.002374
0.254000 0.016169 -0.168009 -0.001180 1.746764 0.000405 -0.141779 -0.819160 6.421480 -0.000552
0.387000 0.007351 -0.346480 0.022076 2.590105 0.000433 -0.105923 -0.792468 6.289661 -0.002440
0.504000 -0.010968 -0.539550 -0.057053 3.318715 0.001219 -0.060807 -0.746258 6.187693 -0.003933
0.637000 -0.046991 -0.803549 -0.204856 4.133600 0.000202 -0.000249 -0.664114 6.092551 -0.005449
0.754000 -0.080396 -1.076623 -0.334517 4.842234 -0.001488 0.056640 -0.563054 6.039204 -0.005494
0.887000 -0.112744 -1.416527 -0.458645 5.647552 -0.003699 0.118011 -0.416896 5.995276 -0.004116
1.004000 -0.142094 -1.692899 -0.554075 6.341413 -0.005589 0.161464 -0.271545 5.969480 -0.003928
1.138000 -0.173145 -1.992956 -0.633195 7.139701 -0.007640 0.196876 -0.091835 5.951703 -0.004970
1.254000 -0.221685 -2.228519 -0.719635 7.835551 -0.009229 0.211864 0.071391 5.947623 -0.008019
1.388000 -0.271245 -2.437102 -0.782896 8.626291 -0.010010 0.212223 0.261892 5.947073 -0.006656
1.504000 -0.317589 -2.538590 -0.820892 9.321451 -0.009461 0.197866 0.428879 5.934613 -0.007854
1.637999 -0.382694 -2.561265 -0.818593 10.109300 -0.008940 0.168205 0.601174 5.916856 -0.008591
1.754999 -0.436831 -2.497105 -0.810048 10.799379 -0.008024 0.131848 0.718529 5.887734 -0.008827
1.887999 -0.507969 -2.336131 -0.848849 11.579888 -0.009711 0.085388 0.793953 5.855811 -0.009835
2.004999 -0.578468 -2.134996 -0.838471 12.261564 -0.012098 0.044461 0.804236 5.805777 -0.010409
2.137999 -0.665891 -1.829428 -0.831491 13.034850 -0.016573 0.001845 0.759501 5.747058 -0.011165
2.254999 -0.747640 -1.507999 -0.844072 13.698027 -0.022173 -0.029138 0.686163 5.694260 -0.012554
2.387999 -0.855482 -1.083504 -0.806505 14.455576 -0.028412 -0.056242 0.579522 5.620008 -0.014706
2.504999 -0.950576 -0.692513 -0.790500 15.109218 -0.034211 -0.068157 0.475097 5.562779 -0.014178
2.638999 -1.056882 -0.262378 -0.832040 15.844608 -0.041471 -0.071363 0.345103 5.504123 -0.013563
2.754998 -1.148408 0.088203 -0.915428 16.485590 -0.048653 -0.064559 0.220743 5.462366 -0.014329
2.888998 -1.255611 0.432721 -1.042173 17.208548 -0.058901 -0.051427 0.076995 5.415122 -0.013305
3.005998 -1.352173 0.660134 -1.171236 17.839500 -0.068065 -0.038449 -0.039918 5.378207 -0.014768
3.138998 -1.456990 0.804649 -1.308029 18.552834 -0.077270 -0.022379 -0.152906 5.356344 -0.013218
3.255998 -1.547513 0.853929 -1.357953 19.179279 -0.083386 -0.008831 -0.236992 5.354647 -0.012932
3.388998 -1.647545 0.843794 -1.376415 19.897322 -0.089422 0.003800 -0.319416 5.365881 -0.012628
3.505998 -1.733340 0.782885 -1.377555 20.520462 -0.095298 0.012626 -0.374739 5.377556 -0.013267
3.638998 -1.837531 0.668502 -1.309913 21.242540 -0.101651 0.018797 -0.408868 5.403593 -0.011981
3.755997 -1.920406 0.572129 -1.197901 21.871309 -0.107086 0.021617 -0.409219 5.429351 -0.013733
3.889997 -2.029143 0.461753 -1.019159 22.600868 -0.114389 0.022587 -0.385328 5.458631 -0.014975
4.005997 -2.136467 0.389104 -0.859715 23.241714 -0.122711 0.021173 -0.356700 5.492324 -0.017019
4.139998 -2.253369 0.346239 -0.640143 23.974569 -0.132009 0.017574 -0.328380 5.525152 -0.015919
4.256999 -2.360685 0.351281 -0.464808 24.622940 -0.139673 0.013331 -0.314577 5.552176 -0.016949
4.389999 -2.496198 0.424909 -0.303906 25.362766 -0.148505 0.007237 -0.315177 5.573337 -0.017469
4.506999 -2.613215 0.547159 -0.207078 26.015463 -0.158176 0.001427 -0.323937 5.582888 -0.017405
4.640000 -2.744492 0.723091 -0.052178 26.757784 -0.169422 -0.004254 -0.321552 5.582447 -0.017632
4.757000 -2.874222 0.912626 0.047963 27.411190 -0.180480 -0.008151 -0.288124 5.584017 -0.020229
4.890001 -3.035298 1.173986 0.123948 28.159443 -0.194038 -0.011452 -0.206994 5.585171 -0.023151
5.007001 -3.184387 1.415265 0.161242 28.807373 -0.208841 -0.012316 -0.113228 5.590198 -0.021767
5.141002 -3.344994 1.712371 0.234263 29.556282 -0.226602 -0.012978 0.002639 5.587208 -0.020769
5.257002 -3.481901 1.949607 0.269471 30.209293 -0.243295 -0.011482 0.106573 5.582146 -0.020318
5.391003 -3.638695 2.181261 0.289089 30.951849 -0.263675 -0.010876 0.232970 5.586933 -0.021070
5.507003 -3.779738 2.353889 0.276995 31.605528 -0.283060 -0.012375 0.345564 5.589524 -0.021232
5.641004 -3.954797 2.534200 0.257599 32.350212 -0.304659 -0.014815 0.447228 5.608924 -0.024332
5.758005 -4.125494 2.666811 0.252478 33.007450 -0.323876 -0.016276 0.486671 5.628253 -0.026600
5.891005 -4.323424 2.773169 0.188754 33.756500 -0.344589 -0.016472 0.465847 5.638989 -0.025347
6.008006 -4.499530 2.838738 0.103245 34.416759 -0.363203 -0.016019 0.408183 5.649458 -0.025587
6.141006 -4.703960 2.875425 0.008432 35.176079 -0.387237 -0.014591 0.332505 5.680808 -0.026582
6.258007 -4.880278 2.889624 -0.067225 35.835968 -0.407686 -0.013553 0.279382 5.697468 -0.025347
6.391007 -5.071799 2.899312 -0.130314 36.601315 -0.431239 -0.011277 0.234918 5.726619 -0.024674
6.508008 -5.242122 2.899625 -0.204777 37.272739 -0.453305 -0.008167 0.199903 5.755095 -0.025793
6.642008 -5.441870 2.900500 -0.337658 38.040184 -0.479280 -0.002816 0.151446 5.787236 -0.024454
6.758008 -5.616012 2.905912 -0.430788 38.718868 -0.502470 0.002675 0.097985 5.819807 -0.025996
6.892009 -5.817511 2.936005 -0.506972 39.495129 -0.529031 0.010141 0.029311 5.853083 -0.025711
7.009010 -5.987263 2.964688 -0.605578 40.181141 -0.553794 0.016819 -0.033847 5.878547 -0.024383
7.142010 -6.179391 3.003867 -0.730452 40.964645 -0.585022 0.025449 -0.106896 5.910669 -0.024811
7.259011 -6.365174 3.071195 -0.894200 41.657166 -0.613250 0.032122 -0.171216 5.935447 -0.025532
7.376011 -6.548716 3.166861 -1.077675 42.352684 -0.641941 0.039155 -0.232776 5.959102 -0.025861
7.509012 -6.747321 3.302818 -1.272503 43.145493 -0.674170 0.046271 -0.295565 5.970529 -0.023268
7.626012 -6.909832 3.431837 -1.359233 43.843941 -0.701858 0.050256 -0.343830 5.978203 -0.023083
7.759013 -7.112128 3.593859 -1.431015 44.645798 -0.732338 0.052428 -0.390884 5.990112 -0.026067
7.876013 -7.287604 3.735231 -1.467008 45.339828 -0.759351 0.053253 -0.419310 5.982440 -0.026232
8.009014 -7.510842 3.880378 -1.490741 46.140915 -0.793613 0.049764 -0.424381 5.985948 -0.030677
8.126015 -7.717117 3.985986 -1.511061 46.840473 -0.824278 0.044900 -0.396072 5.983005 -0.031150
8.260015 -7.956796 4.073181 -1.545179 47.636341 -0.859489 0.039715 -0.331446 5.991267 -0.031701
8.376016 -8.178058 4.107495 -1.525002 48.337097 -0.893337 0.035799 -0.261076 5.998519 -0.033465
8.510016 -8.410760 4.104586 -1.543542 49.134018 -0.933314 0.032320 -0.181814 6.003471 -0.029411
8.626017 -8.619440 4.065706 -1.551626 49.835777 -0.969029 0.031349 -0.117006 6.007608 -0.031231
8.760017 -8.853154 3.989938 -1.553089 50.634422 -1.010248 0.031304 -0.045884 6.015101 -0.029960
8.877018 -9.056235 3.893938 -1.579874 51.337910 -1.048657 0.033241 0.015724 6.024516 -0.029338
9.010018 -9.285935 3.778191 -1.619095 52.137962 -1.094630 0.035706 0.084852 6.032739 -0.030925
9.127019 -9.498047 3.674156 -1.647813 52.843922 -1.137144 0.039243 0.149786 6.048422 -0.032130
9.260019 -9.735295 3.572674 -1.708240 53.653881 -1.188521 0.047187 0.241654 6.060434 -0.031475
9.377020 -9.949177 3.510835 -1.844546 54.356144 -1.234300 0.055966 0.341631 6.069334 -0.030820
9.511021 -10.194042 3.452738 -2.000250 55.167133 -1.288630 0.066789 0.466442 6.067346 -0.031910
9.627021 -10.416142 3.407604 -2.118397 55.876305 -1.338054 0.075926 0.556170 6.079240 -0.031764
9.761022 -10.672646 3.364890 -2.217172 56.682491 -1.394766 0.086614 0.605318 6.073151 -0.033908
9.877022 -10.912507 3.354461 -2.372976 57.391701 -1.446263 0.097268 0.593081 6.079835 -0.034302
10.011023 -11.187017 3.364056 -2.474766 58.198368 -1.504525 0.108701 0.526865 6.086414 -0.035525
10.128023 -11.417857 3.394860 -2.502251 58.908096 -1.556509 0.115845 0.437933 6.079304 -0.033718
10.261024 -11.683554 3.474046 -2.585851 59.713596 -1.618040 0.120421 0.313844 6.069218 -0.033594
10.378024 -11.920392 3.552578 -2.683463 60.420723 -1.675787 0.122710 0.189839 6.062310 -0.034536
10.511024 -12.185122 3.657408 -2.838214 61.229004 -1.744593 0.122283 0.039350 6.051059 -0.033956
10.628025 -12.415012 3.744805 -2.966270 61.933983 -1.807353 0.119488 -0.086510 6.047829 -0.031930
10.762026 -12.657201 3.844735 -3.112553 62.734642 -1.881096 0.114437 -0.208872 6.043454 -0.030120
10.878026 -12.863894 3.933126 -3.275335 63.432232 -1.947088 0.109102 -0.293961 6.038000 -0.028720
11.012027 -13.108183 4.017866 -3.502701 64.237160 -2.026825 0.105494 -0.375035 6.035815 -0.029859
11.129027 -13.335915 4.060041 -3.715376 64.939537 -2.098033 0.103221 -0.438610 6.033002 -0.032961
11.262028 -13.598656 4.080368 -3.967624 65.736824 -2.181919 0.102057 -0.502326 6.022254 -0.032460
11.379028 -13.839741 4.059956 -4.167188 66.437744 -2.257484 0.102541 -0.540489 6.027582 -0.034994
11.512029 -14.117852 4.010018 -4.365023 67.234406 -2.344893 0.104698 -0.548783 6.026528 -0.034940
11.629029 -14.352076 3.920146 -4.420279 67.935753 -2.423276 0.106283 -0.519530 6.035947 -0.033847
11.762030 -14.618108 3.801788 -4.449375 68.739929 -2.516384 0.110744 -0.446700 6.044851 -0.034117
11.879030 -14.855769 3.688273 -4.452535 69.437836 -2.599338 0.116775 -0.356404 6.061833 -0.036778
12.013031 -15.140970 3.561074 -4.435625 70.245415 -2.697618 0.124667 -0.228673 6.073500 -0.037238
12.129031 -15.410123 3.476857 -4.405994 70.950615 -2.786130 0.133143 -0.105844 6.071018 -0.041742
12.263032 -15.736918 3.370788 -4.360372 71.750961 -2.890168 0.141199 0.031026 6.068299 -0.043503
12.379032 -16.037687 3.295495 -4.299033 72.454941 -2.983512 0.145813 0.134717 6.067038 -0.046886
12.513033 -16.399372 3.231214 -4.145776 73.254265 -3.091277 0.148906 0.221529 6.057974 -0.049773
12.630033 -16.730015 3.211620 -4.052444 73.956451 -3.189411 0.149484 0.269360 6.055352 -0.049489
12.763034 -17.087263 3.189496 -3.957888 74.754005 -3.303124 0.148038 0.297512 6.054069 -0.047134
12.880034 -17.407505 3.153641 -3.855889 75.453827 -3.406065 0.144004 0.306997 6.037900 -0.049425
13.013035 -17.792284 3.106723 -3.709236 76.253914 -3.527725 0.139450 0.308530 6.037476 -0.052685
13.130035 -18.128939 3.079454 -3.525668 76.946053 -3.635136 0.135198 0.306996 6.033912 -0.051475
13.263036 -18.511555 3.057467 -3.310152 77.744293 -3.762443 0.132406 0.305655 6.031669 -0.051406
13.380036 -18.847603 3.053553 -3.134993 78.439316 -3.876230 0.131980 0.305784 6.016288 -0.052666
13.514037 -19.237171 3.053560 -2.911287 79.226738 -4.007040 0.131990 0.305070 5.988305 -0.051800
13.630037 -19.586706 3.063096 -2.808779 79.916191 -4.127491 0.134123 0.298766 5.981489 -0.054045
13.764038 -19.987028 3.074009 -2.662852 80.698044 -4.268831 0.138677 0.274779 5.972942 -0.053534
13.881039 -20.348803 3.082872 -2.569996 81.384293 -4.395916 0.142770 0.228965 5.964076 -0.054468
14.014039 -20.754215 3.103051 -2.524619 82.162025 -4.543556 0.146717 0.141984 5.941895 -0.054081
14.131040 -21.112846 3.118154 -2.570150 82.843010 -4.676724 0.149357 0.040039 5.921924 -0.053772
14.264040 -21.542231 3.105137 -2.690392 83.619179 -4.832654 0.151375 -0.087426 5.898936 -0.055795
14.381041 -21.916756 3.065204 -2.811880 84.287956 -4.970687 0.152301 -0.189573 5.882512 -0.056077
14.514041 -22.356001 3.004852 -3.011932 85.058640 -5.132589 0.150453 -0.285976 5.869185 -0.055929
14.631042 -22.731829 2.940013 -3.193507 85.724480 -5.273225 0.146128 -0.347348 5.861506 -0.054557
14.765042 -23.162403 2.839809 -3.405603 86.491676 -5.438260 0.139130 -0.390594 5.854059 -0.054973
14.881042 -23.543613 2.747897 -3.620983 87.159676 -5.585491 0.133778 -0.400950 5.841142 -0.055064
15.015043 -23.980356 2.629430 -3.946981 87.916969 -5.755777 0.128693 -0.380639 5.832804 -0.055281
15.132044 -24.357147 2.525846 -4.239616 88.581657 -5.909262 0.126175 -0.339411 5.831729 -0.055297
15.265044 -24.804304 2.418457 -4.558520 89.334633 -6.086649 0.127241 -0.275049 5.808768 -0.058211
15.382045 -25.209824 2.339042 -4.852587 89.993599 -6.244786 0.132751 -0.207715 5.783620 -0.058769
15.515045 -25.664679 2.280888 -5.171448 90.738533 -6.425763 0.141901 -0.118976 5.751694 -0.057928
15.632046 -26.058050 2.246290 -5.410639 91.390625 -6.586759 0.151970 -0.031559 5.733886 -0.056785
15.765046 -26.505442 2.203605 -5.630566 92.133606 -6.773569 0.164571 0.070533 5.710754 -0.057196
15.882047 -26.906475 2.189059 -5.813548 92.773170 -6.939440 0.178210 0.148568 5.687918 -0.060720
16.016047 -27.387257 2.200909 -5.996009 93.509117 -7.134200 0.192241 0.215286 5.673784 -0.062660
16.132050 -27.817783 2.221952 -6.145710 94.149063 -7.305494 0.200922 0.249667 5.653294 -0.063676
16.266052 -28.326498 2.287354 -6.344506 94.872154 -7.503710 0.208019 0.265659 5.625506 -0.066605
16.383055 -28.766191 2.351048 -6.491474 95.505005 -7.682163 0.211637 0.265070 5.614716 -0.064107
16.516058 -29.277609 2.427257 -6.668797 96.220505 -7.887484 0.212708 0.254522 5.587017 -0.067164
16.633060 -29.744118 2.496716 -6.796145 96.845901 -8.070046 0.210734 0.240349 5.556332 -0.069448
16.766064 -30.293030 2.536267 -6.948860 97.557060 -8.282550 0.205347 0.220267 5.530987 -0.071204
16.883066 -30.763180 2.560236 -7.079701 98.170128 -8.468710 0.198501 0.199154 5.513569 -0.068772
17.016069 -31.296734 2.596469 -7.231313 98.875046 -8.685857 0.190329 0.168969 5.498549 -0.069527
17.134071 -31.762754 2.618493 -7.337522 99.487984 -8.877393 0.184728 0.136779 5.478426 -0.068903
17.251074 -32.228859 2.615787 -7.417569 100.096375 -9.071413 0.180884 0.098379 5.443709 -0.070171
17.384077 -32.773205 2.576952 -7.466186 100.787010 -9.299947 0.177560 0.046000 5.418515 -0.069933
17.501080 -33.238518 2.520373 -7.497682 101.381264 -9.502183 0.177292 -0.006374 5.407024 -0.069630
17.635082 -33.768017 2.467091 -7.521457 102.064377 -9.739994 0.178654 -0.071971 5.394017 -0.067979
17.751085 -34.225258 2.413452 -7.468268 102.657784 -9.951077 0.182375 -0.127173 5.374961 -0.068705
17.885088 -34.746704 2.335012 -7.379019 103.328987 -10.195082 0.188395 -0.178702 5.368576 -0.069946
18.001091 -35.206478 2.272061 -7.336616 103.917938 -10.413464 0.195243 -0.208619 5.366687 -0.068811
18.135094 -35.739441 2.210461 -7.201870 104.585938 -10.665211 0.202911 -0.225067 5.366876 -0.071024
18.252096 -36.219761 2.164692 -7.052206 105.172043 -10.890180 0.210437 -0.228505 5.367204 -0.073491
18.385099 -36.787071 2.150978 -6.890737 105.836426 -11.149992 0.220415 -0.227110 5.357599 -0.075400
18.502102 -37.288334 2.177878 -6.833411 106.417183 -11.383289 0.229446 -0.225755 5.345601 -0.074070
18.635105 -37.853577 2.230467 -6.789857 107.078674 -11.655454 0.239215 -0.227039 5.334264 -0.074255
18.752108 -38.357590 2.285630 -6.787510 107.648628 -11.895907 0.246251 -0.231003 5.328684 -0.075641
18.885111 -38.935604 2.366670 -6.792171 108.303215 -12.178785 0.251909 -0.235081 5.318536 -0.075509
19.002113 -39.444553 2.453700 -6.805028 108.872047 -12.430546 0.255445 -0.228437 5.319093 -0.075431
19.136116 -40.020664 2.530585 -6.842276 109.516830 -12.720720 0.254415 -0.191720 5.314062 -0.075590
19.253119 -40.523762 2.596788 -6.905191 110.081337 -12.980151 0.251499 -0.123012 5.305418 -0.074232
19.386122 -41.111027 2.657286 -7.027035 110.718956 -13.279928 0.246936 -0.009115 5.295754 -0.077616
19.503124 -41.635906 2.687047 -7.168667 111.277542 -13.547082 0.241296 0.098330 5.291545 -0.077899
19.636127 -42.234142 2.684012 -7.293841 111.910225 -13.854589 0.233541 0.192560 5.286701 -0.078351
19.753130 -42.765903 2.670074 -7.388916 112.464485 -14.128911 0.226294 0.232670 5.284592 -0.079345
19.886133 -43.382683 2.618283 -7.481014 113.096809 -14.447166 0.218027 0.237183 5.281485 -0.080608
20.003136 -43.935532 2.538511 -7.580350 113.641052 -14.726796 0.213064 0.229938 5.274048 -0.081781
20.136139 -44.574535 2.429427 -7.709699 114.267014 -15.054000 0.208464 0.239050 5.265110 -0.081949
20.253141 -45.118484 2.333245 -7.797315 114.810707 -15.343860 0.206421 0.272947 5.265655 -0.079381
20.387144 -45.724434 2.227654 -7.865556 115.424484 -15.678865 0.206639 0.331491 5.256070 -0.078985
20.503147 -46.252205 2.154101 -7.911942 115.961281 -15.976857 0.210484 0.380863 5.243235 -0.077862
20.637150 -46.841675 2.084089 -8.047749 116.566673 -16.320414 0.219544 0.410247 5.224548 -0.075244
20.754152 -47.346050 2.044459 -8.155897 117.094704 -16.626928 0.228204 0.398576 5.212455 -0.074397
20.887156 -47.919540 2.017018 -8.290431 117.690216 -16.980656 0.240324 0.338257 5.208120 -0.074320
21.004158 -48.425037 1.982870 -8.395895 118.211739 -17.295841 0.251568 0.249724 5.205102 -0.073888
21.137161 -48.990005 1.941884 -8.517095 118.804947 -17.661306 0.264483 0.122343 5.194935 -0.072524
21.254164 -49.471146 1.911108 -8.598772 119.315353 -17.982569 0.275223 0.003033 5.198933 -0.072043
21.388166 -50.022743 1.894572 -8.664870 119.901344 -18.360029 0.282562 -0.132762 5.204141 -0.071416
21.504169 -50.502953 1.887460 -8.694618 120.409508 -18.694780 0.286567 -0.242417 5.203875 -0.071037
21.637173 -51.047825 1.913189 -8.743772 120.984856 -19.081013 0.287504 -0.350166 5.214180 -0.071074
21.754175 -51.506592 1.952598 -8.828221 121.488396 -19.426073 0.284584 -0.424300 5.219323 -0.066024
21.888178 -51.989239 2.023629 -8.922540 122.058510 -19.823206 0.276514 -0.480598 5.224230 -0.061047
22.005180 -52.411148 2.100039 -9.021286 122.557594 -20.176697 0.268467 -0.507717 5.227395 -0.062496
22.138184 -52.883587 2.196041 -9.138607 123.122345 -20.583136 0.258107 -0.520877 5.231951 -0.060597
22.255186 -53.295044 2.254732 -9.302300 123.614891 -20.945505 0.249076 -0.520088 5.224565 -0.059382
22.388189 -53.734898 2.309590 -9.441595 124.175911 -21.365540 0.240210 -0.497999 5.237780 -0.053709
22.505192 -54.080830 2.354616 -9.473419 124.659462 -21.732607 0.234668 -0.449015 5.233151 -0.051381
22.638195 -54.467850 2.405979 -9.421865 125.214119 -22.161085 0.233020 -0.350677 5.224978 -0.049808
22.755198 -54.795429 2.428384 -9.377343 125.689919 -22.536980 0.234172 -0.235306 5.229462 -0.049573
22.889200 -55.167164 2.443184 -9.307720 126.237099 -22.977158 0.238164 -0.086218 5.245719 -0.047557
23.005203 -55.473881 2.437943 -9.183478 126.713516 -23.365791 0.244368 0.042854 5.261567 -0.045242
23.139206 -55.806271 2.405051 -8.979972 127.252876 -23.812893 0.253299 0.175844 5.273696 -0.044040
23.255209 -56.089764 2.341828 -8.778459 127.724083 -24.211582 0.260346 0.274630 5.282576 -0.042923
23.389212 -56.393597 2.247535 -8.445059 128.256683 -24.671947 0.267049 0.360232 5.299760 -0.040574
23.506214 -56.649673 2.133839 -8.111667 128.722534 -25.082457 0.274515 0.412150 5.312247 -0.039858
23.639217 -56.920502 1.990619 -7.667789 129.250336 -25.554222 0.284439 0.453362 5.331690 -0.036404
23.756220 -57.145180 1.858626 -7.230056 129.713043 -25.974228 0.291283 0.485493 5.346823 -0.035752
23.889223 -57.404224 1.698912 -6.699790 130.240936 -26.462841 0.297542 0.525219 5.382992 -0.034821
24.006226 -57.610706 1.573935 -6.273106 130.696808 -26.892719 0.302641 0.556253 5.413953 -0.031397
24.140228 -57.830555 1.433439 -5.818601 131.221985 -27.396612 0.306508 0.570842 5.448098 -0.029993
24.256231 -58.015846 1.314148 -5.436767 131.679428 -27.843176 0.308428 0.552024 5.473349 -0.028434
24.390234 -58.213913 1.200589 -4.987438 132.199020 -28.357750 0.309486 0.492357 5.514417 -0.025977
24.506237 -58.370880 1.127355 -4.563416 132.655884 -28.815693 0.309841 0.414397 5.541667 -0.024004
24.640240 -58.537441 1.103319 -4.056268 133.174561 -29.342037 0.309178 0.307268 5.566019 -0.022438
24.757242 -58.671734 1.105231 -3.687372 133.629044 -29.810253 0.309010 0.197731 5.584893 -0.019830
24.890245 -58.797630 1.120401 -3.301281 134.145126 -30.348076 0.309049 0.049625 5.618558 -0.015327
25.007248 -58.893192 1.130345 -2.978245 134.598679 -30.826244 0.309547 -0.100600 5.640933 -0.015239
25.140251 -58.996033 1.126185 -2.548993 135.118317 -31.378042 0.312496 -0.277980 5.663628 -0.013982
25.257254 -59.077190 1.140199 -2.195651 135.567688 -31.858479 0.317857 -0.413246 5.674766 -0.012988
25.390257 -59.167858 1.155323 -1.846896 136.083542 -32.419281 0.327269 -0.531077 5.695768 -0.011277
25.507259 -59.230488 1.141694 -1.540468 136.532700 -32.913483 0.337691 -0.602718 5.719216 -0.009396
25.641262 -59.272144 1.113959 -1.155808 137.043060 -33.480186 0.351215 -0.662200 5.745047 -0.006377
25.757265 -59.300900 1.093493 -0.905611 137.490402 -33.984020 0.363509 -0.700066 5.764990 -0.004935
25.891268 -59.314415 1.019580 -0.626892 137.997864 -34.561466 0.376568 -0.719576 5.790277 -0.002343
26.008270 -59.336941 0.945902 -0.410840 138.443939 -35.074089 0.386958 -0.707375 5.821933 -0.004105
26.141273 -59.375919 0.847160 -0.262044 138.949951 -35.663811 0.398631 -0.657873 5.856696 -0.005865
26.258276 -59.410477 0.729502 -0.202842 139.393921 -36.187931 0.409591 -0.587042 5.880530 -0.004349
26.391279 -59.431335 0.572811 -0.135329 139.903137 -36.794739 0.419285 -0.478826 5.933241 -0.001994
26.508282 -59.450146 0.421601 -0.094411 140.344986 -37.325306 0.426233 -0.362899 5.962983 -0.003577
26.642284 -59.478485 0.220900 -0.112755 140.854172 -37.943844 0.432098 -0.206466 5.991211 -0.002912
26.758287 -59.491161 0.035502 -0.174407 141.296906 -38.490513 0.436039 -0.056762 6.025481 -0.001454
26.892290 -59.494595 -0.169513 -0.307733 141.798920 -39.118183 0.439230 0.119063 6.059037 0.000844
27.008293 -59.482849 -0.329932 -0.416988 142.240814 -39.675663 0.441847 0.270394 6.092927 0.002289
27.142296 -59.466911 -0.489640 -0.521276 142.740875 -40.315651 0.444692 0.426665 6.115269 0.001217
27.259298 -59.456715 -0.591798 -0.623539 143.179260 -40.883080 0.445019 0.537623 6.138428 0.001292
27.392302 -59.442795 -0.665255 -0.717042 143.675812 -41.534664 0.443716 0.623484 6.171578 0.002161
27.509304 -59.430439 -0.706962 -0.811158 144.110123 -42.112846 0.443326 0.666253 6.192082 0.001217
27.626307 -59.418350 -0.755925 -0.885771 144.542435 -42.695442 0.443505 0.689950 6.210925 0.002417
27.759310 -59.411091 -0.773750 -0.966001 145.031891 -43.363148 0.443086 0.705953 6.235001 -0.000773
27.876312 -59.420517 -0.745348 -1.082314 145.459564 -43.955425 0.441997 0.710447 6.251261 -0.002664
28.009315 -59.454857 -0.700180 -1.278120 145.946014 -44.638077 0.440879 0.693150 6.259429 -0.005102
28.126318 -59.497875 -0.638019 -1.350160 146.365067 -45.231190 0.440336 0.649759 6.260276 -0.007624
28.259321 -59.557426 -0.559831 -1.409270 146.846115 -45.918755 0.440888 0.565734 6.265346 -0.009073
28.376324 -59.607021 -0.494050 -1.402125 147.259949 -46.516487 0.441929 0.470476 6.268967 -0.007006
28.509327 -59.666191 -0.430367 -1.341623 147.735382 -47.210243 0.442697 0.346262 6.285937 -0.009219
28.626329 -59.737595 -0.390415 -1.226760 148.148209 -47.819202 0.442331 0.233362 6.290049 -0.011659
28.760332 -59.844391 -0.364009 -1.074018 148.613922 -48.514618 0.441392 0.103263 6.295819 -0.014778
28.877335 -59.947784 -0.385346 -0.906539 149.021347 -49.128750 0.437953 -0.015462 6.300078 -0.016150
29.010338 -60.067696 -0.450039 -0.699115 149.481079 -49.829521 0.429727 -0.162117 6.302497 -0.015141
29.127340 -60.173496 -0.535231 -0.510781 149.882248 -50.449444 0.418024 -0.302961 6.316345 -0.015307
29.260344 -60.292103 -0.655816 -0.213522 150.341064 -51.162697 0.402948 -0.469778 6.335533 -0.014417
29.377346 -60.396858 -0.779774 0.081255 150.734680 -51.783470 0.387857 -0.605403 6.338851 -0.015587
29.510349 -60.527729 -0.937782 0.494942 151.184952 -52.504021 0.367936 -0.737089 6.341205 -0.016337
29.627352 -60.650173 -1.083040 0.834380 151.569916 -53.131485 0.349841 -0.821840 6.347139 -0.018357
29.761354 -60.820580 -1.239156 1.208566 152.010910 -53.859341 0.328294 -0.880394 6.350230 -0.023698
29.877357 -60.992401 -1.385232 1.573094 152.391647 -54.498085 0.309053 -0.891734 6.355980 -0.023548
30.011360 -61.180237 -1.521147 1.961731 152.817429 -55.227673 0.287776 -0.853253 6.345188 -0.022743
30.128363 -61.343269 -1.600603 2.224746 153.183624 -55.873280 0.270860 -0.772520 6.341120 -0.023083
30.261366 -61.523449 -1.633977 2.506196 153.592255 -56.610359 0.252582 -0.633656 6.335300 -0.022057
30.378368 -61.680584 -1.634059 2.762360 153.947525 -57.261120 0.237693 -0.481509 6.336393 -0.022786
30.511372 -61.868816 -1.605303 3.031107 154.347000 -58.003170 0.221183 -0.290849 6.336100 -0.023685
30.628374 -62.042774 -1.556843 3.230161 154.693665 -58.657436 0.203993 -0.119735 6.322587 -0.025545
30.761377 -62.250134 -1.443033 3.404828 155.084290 -59.408997 0.182945 0.072207 6.320320 -0.027982
30.878380 -62.448795 -1.318129 3.518194 155.416931 -60.062618 0.161764 0.231768 6.321844 -0.029512
31.011383 -62.691666 -1.137203 3.571633 155.795563 -60.820179 0.137113 0.402598 6.320879 -0.031489
31.128386 -62.917164 -0.934430 3.598445 156.122467 -61.483036 0.115933 0.527743 6.311922 -0.035557
31.262388 -63.205238 -0.646043 3.547871 156.490982 -62.236244 0.092032 0.623956 6.301047 -0.039166
31.378391 -63.463303 -0.355247 3.448340 156.812698 -62.898518 0.072109 0.660081 6.283060 -0.037210
31.512394 -63.755875 0.000724 3.282657 157.176682 -63.650063 0.052321 0.656323 6.280034 -0.038970
31.629396 -64.026932 0.330757 3.040825 157.495651 -64.310989 0.038812 0.633883 6.268558 -0.041281
31.762400 -64.338631 0.710014 2.626148 157.861069 -65.067139 0.028532 0.605718 6.262942 -0.038695
31.879402 -64.606438 1.025698 2.164701 158.179657 -65.720535 0.022989 0.580986 6.262594 -0.041058
32.012405 -64.952446 1.380011 1.511377 158.551773 -66.471962 0.023017 0.540721 6.257000 -0.044573
32.129395 -65.275940 1.666430 0.805824 158.878220 -67.120468 0.027596 0.486403 6.262430 -0.045745
32.263382 -65.663277 1.975158 -0.092878 159.261963 -67.866188 0.038648 0.397957 6.259326 -0.046640
32.379372 -66.018448 2.196420 -0.945262 159.601151 -68.508446 0.053606 0.302421 6.262327 -0.050145
32.513359 -66.442451 2.397274 -2.057874 160.001068 -69.247345 0.077330 0.178982 6.274185 -0.050005
32.629349 -66.808052 2.526549 -3.086221 160.359024 -69.889923 0.102247 0.070534 6.297917 -0.047215
32.763336 -67.220863 2.626166 -4.240974 160.777405 -70.615700 0.134832 -0.038664 6.307163 -0.046399
32.880325 -67.573265 2.652080 -5.296165 161.153687 -71.251305 0.166135 -0.115401 6.318855 -0.043569
33.013313 -67.959015 2.616979 -6.567266 161.591522 -71.969727 0.200666 -0.184327 6.332945 -0.042159
33.130302 -68.274239 2.524150 -7.628063 161.985626 -72.597740 0.231328 -0.240035 6.333951 -0.038835
33.263290 -68.607536 2.364307 -8.787593 162.444107 -73.312202 0.265569 -0.307001 6.336867 -0.035391
33.380280 -68.876144 2.173131 -9.686868 162.846741 -73.926193 0.292976 -0.365493 6.332454 -0.034260
33.513268 -69.147408 1.915386 -10.639717 163.318359 -74.632378 0.322895 -0.422060 6.341561 -0.028488
33.630257 -69.337204 1.688406 -11.316936 163.735855 -75.245880 0.345550 -0.455528 6.343456 -0.022942
33.764244 -69.504555 1.445176 -11.958743 164.216599 -75.939888 0.368824 -0.477427 6.349596 -0.017172
33.880234 -69.613503 1.246077 -12.483268 164.642746 -76.547493 0.387360 -0.488314 6.339490 -0.011778
34.014221 -69.685425 1.078212 -12.959965 165.130173 -77.233299 0.406231 -0.494575 6.318924 -0.004497
34.131210 -69.699875 0.963222 -13.303937 165.559235 -77.832466 0.421404 -0.491754 6.283409 0.001695
34.264198 -69.662392 0.876544 -13.617537 166.043961 -78.509453 0.436726 -0.472214 6.247762 0.007592
34.381187 -69.598434 0.848828 -13.700414 166.470230 -79.100845 0.447634 -0.434707 6.215793 0.011331
34.514175 -69.487892 0.864984 -13.588444 166.952179 -79.768280 0.458492 -0.363755 6.166797 0.016536
34.632164 -69.353996 0.913888 -13.362228 167.375504 -80.356789 0.467608 -0.273159 6.124709 0.021644
34.765152 -69.157753 0.983353 -12.956253 167.849426 -81.022110 0.475712 -0.142169 6.076011 0.025662
34.882141 -68.961021 1.025754 -12.444225 168.257599 -81.601456 0.481729 -0.012576 6.047439 0.028963
35.016129 -68.703323 1.059394 -11.720285 168.716248 -82.260536 0.488362 0.136940 6.024396 0.033756
35.132118 -68.448692 1.074057 -10.900805 169.113190 -82.841064 0.493842 0.259195 6.002618 0.037911
35.266106 -68.135147 1.038719 -9.885821 169.555359 -83.503342 0.498915 0.380177 5.977944 0.039677
35.382095 -67.827087 0.974026 -8.876833 169.935486 -84.089943 0.500542 0.468348 5.975784 0.045922
35.516083 -67.444656 0.862764 -7.609104 170.358215 -84.763161 0.499075 0.546054 5.981250 0.049422
35.633072 -67.094475 0.718833 -6.417572 170.721146 -85.361916 0.493801 0.592164 5.987098 0.049354
35.766060 -66.681244 0.480342 -4.831873 171.123779 -86.051346 0.481750 0.616699 6.013754 0.052925
35.883049 -66.301308 0.199220 -3.272842 171.470642 -86.665199 0.468388 0.611535 6.037146 0.055884
36.016037 -65.869774 -0.183854 -1.388859 171.857178 -87.378426 0.446289 0.572349 6.064801 0.056339
36.133026 -65.495140 -0.571135 0.295356 172.183121 -88.005417 0.421997 0.508158 6.108712 0.059664
36.266014 -65.048637 -1.058765 2.299844 172.549744 -88.740562 0.390261 0.402610 6.146950 0.061675
36.383003 -64.687729 -1.505929 4.094171 172.857498 -89.386070 0.359563 0.293848 6.178811 0.059818
36.516991 -64.293640 -1.992955 6.187289 173.202332 -90.141281 0.321249 0.165271 6.206389 0.059387
36.632980 -63.971264 -2.383391 7.987574 173.493347 -90.801376 0.288910 0.063272 6.228409 0.058914
36.766968 -63.622810 -2.753935 9.965174 173.818375 -91.572166 0.255152 -0.041359 6.250005 0.055212
36.882957 -63.359459 -2.957595 11.431911 174.093384 -92.249664 0.231316 -0.128682 6.251253 0.046742
37.016945 -63.129013 -2.986748 12.727614 174.397751 -93.023232 0.212409 -0.233386 6.248137 0.034725
37.133934 -62.985165 -2.847310 13.639688 174.661591 -93.703827 0.203745 -0.329893 6.236893 0.023584
37.266922 -62.897751 -2.505213 14.353026 174.957932 -94.477226 0.203141 -0.431375 6.211668 0.010715
37.383911 -62.888805 -2.037349 14.588426 175.215744 -95.154335 0.208821 -0.499284 6.173685 -0.003193
37.516899 -62.978580 -1.340960 14.492954 175.507324 -95.918289 0.218928 -0.544472 6.125474 -0.018524
37.633888 -63.138344 -0.649720 14.076472 175.764145 -96.583527 0.227118 -0.559594 6.078406 -0.029610
37.750877 -63.387569 0.105053 13.371902 176.023087 -97.243515 0.233507 -0.558102 6.043895 -0.043656
37.883865 -63.783878 0.981342 12.119467 176.320190 -97.987480 0.237780 -0.538984 6.007896 -0.055366
38.000854 -64.218674 1.717320 10.742376 176.586563 -98.635971 0.238767 -0.503907 5.986843 -0.063738
38.133842 -64.809723 2.507585 8.833666 176.896072 -99.375023 0.233561 -0.439224 5.970612 -0.070681
38.250832 -65.393631 3.088450 7.004426 177.171936 -100.011063 0.225355 -0.363581 5.977330 -0.076548
38.384819 -66.131676 3.601416 4.746086 177.500168 -100.742363 0.212480 -0.259305 5.988371 -0.079993
38.500809 -66.810982 3.892136 2.667768 177.797333 -101.378265 0.200008 -0.158279 6.004773 -0.082123
38.634796 -67.628883 4.062399 0.183651 178.146240 -102.099106 0.188207 -0.037174 6.037680 -0.084346
38.751785 -68.355148 4.050717 -2.021513 178.464066 -102.733017 0.182455 0.070455 6.080530 -0.085718
38.884773 -69.186714 3.877080 -4.515724 178.838104 -103.454605 0.183731 0.190209 6.127086 -0.085994
39.001762 -69.903023 3.590136 -6.687279 179.176163 -104.090324 0.193779 0.293742 6.170991 -0.085585
39.134750 -70.714233 3.160004 -9.137778 179.570786 -104.813484 0.215157 0.412636 6.211150 -0.088181
39.251740 -71.412476 2.698566 -11.132696 179.927048 -105.450394 0.241494 0.515558 6.251706 -0.089610
39.384727 -72.179848 2.104303 -13.222255 180.345963 -106.178459 0.282429 0.615916 6.279708 -0.087797
39.501717 -72.814804 1.560436 -14.900086 180.715851 -106.807114 0.324689 0.669462 6.297740 -0.086666
39.635704 -73.509972 0.962883 -16.584230 181.149689 -107.531967 0.376329 0.679590 6.312642 -0.083591
39.751694 -74.070793 0.513574 -17.803940 181.529327 -108.157486 0.421933 0.646819 6.307060 -0.081027
39.885681 -74.669289 0.099530 -18.878010 181.969635 -108.877518 0.472354 0.575479 6.294871 -0.073638
40.001671 -75.143806 -0.151607 -19.490744 182.355133 -109.502396 0.511814 0.493815 6.262457 -0.068489
40.135658 -75.633369 -0.293533 -19.932951 182.792984 -110.207550 0.550294 0.383043 6.223058 -0.061440
40.252647 -76.021927 -0.294332 -20.087629 183.176651 -110.823570 0.575605 0.270116 6.185918 -0.054930
40.385635 -76.412376 -0.159017 -19.991774 183.609375 -111.517426 0.592122 0.127128 6.124916 -0.048088
40.502625 -76.692482 0.073452 -19.684998 183.985916 -112.123894 0.594602 -0.004943 6.083935 -0.037804
40.635612 -76.951462 0.403995 -19.083426 184.412109 -112.812340 0.587797 -0.154634 6.007255 -0.031058
40.752602 -77.124527 0.746262 -18.422205 184.774384 -113.402405 0.574075 -0.275435 5.942525 -0.023701
40.886589 -77.254234 1.163720 -17.565048 185.183594 -114.078575 0.549956 -0.396886 5.870684 -0.015376
41.002579 -77.311371 1.524162 -16.661451 185.532303 -114.663704 0.523643 -0.482184 5.789877 -0.010057
41.136566 -77.332100 1.887321 -15.449309 185.919830 -115.323647 0.493723 -0.554008 5.729417 -0.005818
41.252556 -77.314163 2.129404 -14.229083 186.252411 -115.901199 0.470821 -0.595472 5.673586 -0.002644
41.386543 -77.250137 2.301751 -12.674590 186.619904 -116.554771 0.449049 -0.616466 5.613974 0.002037
41.503532 -77.171532 2.334182 -11.205157 186.934097 -117.128075 0.436195 -0.607914 5.567900 0.002560
41.636524 -77.071251 2.226549 -9.425282 187.280457 -117.780396 0.430556 -0.563741 5.543080 0.004983
41.753513 -76.954666 2.014433 -7.763638 187.576797 -118.355865 0.432744 -0.497547 5.529083 0.009634
41.886501 -76.811249 1.637477 -5.828633 187.902924 -119.013245 0.440485 -0.401928 5.513528 0.012609
42.003490 -76.669083 1.192545 -4.108249 188.180710 -119.595352 0.453136 -0.310313 5.518972 0.016139
42.137478 -76.506760 0.563736 -2.117569 188.488373 -120.269096 0.468131 -0.203097 5.531206 0.017847
42.253468 -76.362228 -0.086052 -0.402955 188.747437 -120.864258 0.480698 -0.106651 5.563170 0.021602
42.387455 -76.208191 -0.900358 1.613689 189.032227 -121.550537 0.491195 0.010171 5.602647 0.023929
42.503445 -76.093109 -1.629588 3.376751 189.273315 -122.163147 0.494886 0.118932 5.646074 0.023026
42.637432 -75.974785 -2.459359 5.398927 189.536911 -122.870071 0.490283 0.239840 5.691204 0.026018
42.754421 -75.882401 -3.129356 7.106133 189.757965 -123.501350 0.477898 0.332615 5.734045 0.026528
42.887409 -75.797165 -3.803927 8.938573 189.997101 -124.229866 0.453674 0.413812 5.784937 0.026057
43.004398 -75.738960 -4.292616 10.424752 190.197784 -124.879265 0.423855 0.465568 5.825905 0.022774
43.137386 -75.705894 -4.686418 11.911699 190.415512 -125.631065 0.381692 0.508351 5.850343 0.016587
43.254375 -75.701073 -4.851422 12.974030 190.592484 -126.287598 0.343110 0.532126 5.867262 0.011291
43.388363 -75.719467 -4.803843 13.908775 190.784454 -127.051140 0.298628 0.536187 5.881915 0.005059
43.504353 -75.745445 -4.556867 14.413436 190.940399 -127.715294 0.259379 0.512553 5.877778 0.000484
43.638340 -75.801430 -4.009983 14.653884 191.107361 -128.484116 0.216628 0.452895 5.860155 -0.009437
43.754330 -75.886612 -3.362093 14.582203 191.245071 -129.153656 0.181293 0.377104 5.830633 -0.016561
43.888317 -76.039047 -2.463719 14.021832 191.393539 -129.911423 0.143031 0.268252 5.782485 -0.028645
44.005306 -76.228767 -1.570673 13.142472 191.520004 -130.573898 0.111699 0.153676 5.751803 -0.036779
44.138294 -76.540176 -0.484426 11.747406 191.662842 -131.322098 0.080398 0.010062 5.707143 -0.050037
44.255283 -76.906723 0.474769 10.216078 191.790680 -131.975006 0.056294 -0.112368 5.673416 -0.057888
44.388271 -77.424324 1.500216 8.145455 191.941269 -132.715515 0.030748 -0.225860 5.624199 -0.065442
44.505260 -77.950668 2.286579 6.128303 192.078293 -133.351852 0.013933 -0.293735 5.601061 -0.070601
44.638248 -78.606430 3.023260 3.678447 192.250748 -134.081345 0.003907 -0.345404 5.586239 -0.070470
44.755238 -79.212593 3.528191 1.489259 192.409988 -134.708344 0.004835 -0.377160 5.576392 -0.072898
44.889225 -79.942703 3.920674 -1.066510 192.609116 -135.430435 0.016536 -0.399694 5.601277 -0.071943
45.005215 -80.572823 4.072648 -3.290700 192.796295 -136.059265 0.036576 -0.397579 5.614026 -0.070020
45.139202 -81.289757 4.017196 -5.788803 193.021805 -136.773224 0.069305 -0.361289 5.644221 -0.070243
45.256191 -81.895889 3.787553 -7.882647 193.232803 -137.400436 0.106898 -0.303904 5.661689 -0.067856
45.389179 -82.540749 3.352415 -10.139627 193.485260 -138.112946 0.157326 -0.227009 5.700074 -0.064125
45.506168 -83.060829 2.848235 -12.010616 193.716263 -138.740173 0.205271 -0.164438 5.723659 -0.061275
45.639156 -83.595406 2.167930 -13.961386 193.985611 -139.454941 0.260353 -0.106762 5.756383 -0.056857
45.756145 -84.014542 1.523309 -15.393417 194.227325 -140.085587 0.308364 -0.065328 5.781039 -0.054806
45.889133 -84.463409 0.784730 -16.757782 194.504288 -140.811188 0.359978 -0.020679 5.805898 -0.053041
46.006123 -84.798927 0.175029 -17.721970 194.741821 -141.441895 0.399929 0.019951 5.816554 -0.047110
46.140110 -85.128540 -0.426128 -18.583151 195.012375 -142.173462 0.438807 0.068304 5.824580 -0.041124
46.256100 -85.375595 -0.818378 -19.042440 195.244919 -142.814651 0.465757 0.107396 5.831754 -0.035152
46.390087 -85.594528 -1.077309 -19.203735 195.504730 -143.545822 0.485528 0.142346 5.831581 -0.024716
46.507076 -85.735153 -1.143760 -19.055466 195.725372 -144.191162 0.492347 0.161378 5.826136 -0.017579
46.640064 -85.841850 -1.048946 -18.422680 195.965668 -144.926498 0.487576 0.168924 5.807896 -0.008866
46.757053 -85.879257 -0.820747 -17.484312 196.167786 -145.574326 0.473050 0.164676 5.788977 -0.000074
46.890041 -85.873192 -0.443757 -16.124386 196.384933 -146.316208 0.446106 0.149704 5.751196 0.005026
47.007030 -85.827499 -0.036240 -14.633996 196.561691 -146.957550 0.416246 0.129891 5.725602 0.009712
47.140018 -85.722717 0.494866 -12.653037 196.751602 -147.698196 0.376520 0.100556 5.689949 0.013776
47.257008 -85.599937 0.963428 -10.765512 196.903992 -148.338760 0.340889 0.073131 5.668668 0.016294
47.390995 -85.396225 1.459764 -8.394557 197.068649 -149.078903 0.299604 0.048740 5.652118 0.021248
47.506985 -85.184891 1.810684 -6.162539 197.204086 -149.725189 0.267050 0.044447 5.639624 0.022340
47.640972 -84.918098 2.080152 -3.587341 197.351074 -150.460999 0.236410 0.064945 5.643790 0.024153
47.756962 -84.683281 2.196004 -1.373165 197.476074 -151.109833 0.216365 0.099167 5.655468 0.022271
47.890949 -84.415855 2.167675 1.060005 197.618027 -151.850388 0.207430 0.137478 5.684056 0.024288
48.007938 -84.189011 2.036342 3.104794 197.746475 -152.505005 0.212296 0.154200 5.716352 0.021493
48.124928 -83.990471 1.817457 4.936575 197.877670 -153.162674 0.229263 0.146959 5.742308 0.019289
48.257915 -83.777061 1.471860 6.771803 198.033173 -153.913239 0.265173 0.111706 5.781193 0.022200
48.374905 -83.590851 1.107302 8.144536 198.176270 -154.576797 0.310335 0.064516 5.818499 0.024258
48.507893 -83.398178 0.638671 9.364563 198.345383 -155.335846 0.374920 0.002821 5.868001 0.022134
48.624882 -83.252029 0.215590 10.140762 198.498688 -156.007614 0.438539 -0.052858 5.907390 0.020555
48.757870 -83.095627 -0.248251 10.753366 198.681351 -156.783020 0.515549 -0.116636 5.971080 0.018579
48.874859 -82.969788 -0.623345 11.019561 198.843369 -157.460052 0.579687 -0.172541 6.023845 0.019267
49.008846 -82.818748 -1.009225 11.045918 199.033051 -158.250717 0.642258 -0.234875 6.101738 0.019725
49.124836 -82.672417 -1.304630 10.904957 199.198807 -158.948990 0.681625 -0.278015 6.155984 0.022185
49.258823 -82.499458 -1.539724 10.515499 199.385239 -159.752457 0.703061 -0.299688 6.235213 0.019703
49.374813 -82.361404 -1.662847 9.989294 199.547073 -160.467758 0.699248 -0.287731 6.292044 0.017194
49.508801 -82.211113 -1.705679 9.264008 199.728119 -161.289886 0.667700 -0.241659 6.354537 0.016975
49.625790 -82.073746 -1.663782 8.520792 199.882874 -162.020630 0.619366 -0.181478 6.401170 0.017559
49.758778 -81.904427 -1.537435 7.512187 200.050903 -162.857086 0.543308 -0.100532 6.421426 0.019440
49.875767 -81.759644 -1.346055 6.520802 200.191681 -163.596039 0.464971 -0.024667 6.430584 0.017737
50.008755 -81.603897 -1.060698 5.288537 200.342697 -164.443695 0.367509 0.059685 6.419970 0.017304
50.125744 -81.469543 -0.776466 4.174477 200.466232 -165.177032 0.281562 0.122008 6.402428 0.016751
50.258732 -81.334167 -0.420337 2.870533 200.602798 -166.022079 0.186749 0.172059 6.373306 0.015618
50.375721 -81.223267 -0.094778 1.709075 200.717514 -166.756317 0.114978 0.193073 6.333686 0.016152
50.509708 -81.095901 0.245639 0.349307 200.843994 -167.584457 0.055908 0.194075 6.276808 0.019097
50.625698 -80.973091 0.489859 -0.864192 200.955139 -168.307785 0.025525 0.180323 6.237689 0.020285
50.759686 -80.821152 0.696594 -2.152339 201.085510 -169.122787 0.016972 0.153770 6.188639 0.023095
50.876675 -80.671028 0.795608 -3.189255 201.204559 -169.833755 0.033670 0.123388 6.145127 0.023743
51.009663 -80.498077 0.798716 -4.246141 201.342224 -170.636871 0.077036 0.083044 6.113214 0.025880
51.126652 -80.324272 0.735826 -5.071644 201.463684 -171.339951 0.131344 0.047064 6.085482 0.028266
51.259640 -80.116539 0.559018 -5.861318 201.605148 -172.141693 0.204937 0.012830 6.068755 0.028432
51.376629 -79.929558 0.318667 -6.387089 201.728790 -172.834152 0.273513 -0.007853 6.062146 0.029529
51.509617 -79.692673 -0.016194 -6.797247 201.870178 -173.635529 0.350569 -0.026712 6.081134 0.031997
51.626606 -79.477104 -0.334305 -6.993167 201.988525 -174.332123 0.408241 -0.046487 6.101707 0.031860
51.760593 -79.222740 -0.742586 -7.037765 202.118835 -175.143372 0.456060 -0.075999 6.156480 0.033677
51.876583 -78.990936 -1.117226 -6.929923 202.225830 -175.860062 0.476226 -0.098391 6.224051 0.035399
52.010571 -78.718010 -1.529058 -6.516792 202.340912 -176.685669 0.469652 -0.104473 6.302904 0.037469
52.128563 -78.480728 -1.856493 -5.907898 202.436432 -177.427811 0.435444 -0.087881 6.371756 0.037747
52.261551 -78.227394 -2.156506 -4.958622 202.535339 -178.274567 0.364149 -0.055775 6.436566 0.036996
52.378540 -78.027466 -2.331496 -3.934782 202.612808 -179.026749 0.276276 -0.033038 6.480947 0.033777
52.511528 -77.843300 -2.369478 -2.649989 202.692215 -179.893997 0.154148 -0.027738 6.507986 0.028829
52.628517 -77.733253 -2.218022 -1.464873 202.755508 -180.646378 0.037721 -0.040204 6.508015 0.020092
52.761505 -77.681877 -1.815437 -0.111810 202.825623 -181.514328 -0.096665 -0.059491 6.488519 0.007501
52.878494 -77.698090 -1.275769 0.943658 202.886917 -182.261230 -0.200835 -0.064954 6.442965 -0.002570
53.012482 -77.787827 -0.421670 2.016275 202.965927 -183.114105 -0.294485 -0.045153 6.354462 -0.014792
53.129471 -77.928848 0.485545 2.645572 203.046860 -183.847321 -0.344671 -0.003349 6.265524 -0.025414
53.262459 -78.153503 1.616102 3.038125 203.157211 -184.665359 -0.358469 0.064328 6.159216 -0.032795
53.378448 -78.383644 2.611784 3.070272 203.273148 -185.369614 -0.329807 0.129902 6.052325 -0.034338
53.512436 -78.664452 3.659923 2.806746 203.430573 -186.150620 -0.252595 0.195208 5.946596 -0.034433
53.629425 -78.926254 4.456115 2.312426 203.591934 -186.820465 -0.150980 0.233206 5.850136 -0.031839
53.762413 -79.217598 5.161173 1.499938 203.799484 -187.561737 -0.005160 0.249669 5.747170 -0.027561
53.879402 -79.470459 5.574041 0.634040 204.000702 -188.197571 0.141162 0.246438 5.668378 -0.022880
54.012390 -79.745537 5.772109 -0.521982 204.248779 -188.909973 0.318882 0.233671 5.605313 -0.019514
54.129379 -79.961250 5.707667 -1.629122 204.479721 -189.516739 0.472718 0.216716 5.589840 -0.014648
54.262367 -80.201149 5.375857 -2.964243 204.760483 -190.209381 0.641490 0.178876 5.575290 -0.013331
54.379356 -80.387711 4.883006 -4.069969 205.018005 -190.810120 0.773944 0.118267 5.600532 -0.013423
54.513344 -80.580254 4.130585 -5.364321 205.321350 -191.494019 0.900251 0.019837 5.645187 -0.010679
54.629333 -80.723503 3.317642 -6.556192 205.594147 -192.100311 0.985678 -0.073790 5.716976 -0.009842
54.763321 -80.846039 2.259409 -7.885194 205.912170 -192.798813 1.049838 -0.158737 5.805967 -0.006650
54.880310 -80.919411 1.266923 -9.014150 206.196579 -193.423187 1.075986 -0.200704 5.905962 -0.004640
55.013298 -80.955765 0.098790 -10.178832 206.523788 -194.145477 1.075328 -0.218361 6.003172 -0.001305
55.130287 -80.943497 -0.903827 -11.099126 206.812500 -194.791321 1.053985 -0.227954 6.072029 0.002533
55.263275 -80.891190 -1.965026 -11.974406 207.141220 -195.540604 1.012107 -0.257216 6.126417 0.005318
55.380264 -80.816483 -2.743067 -12.468796 207.423172 -196.196060 0.967717 -0.304778 6.162639 0.010623
55.513252 -80.671921 -3.391345 -12.745934 207.741837 -196.959259 0.918011 -0.370507 6.176098 0.020986
55.630241 -80.497169 -3.723849 -12.710399 208.010361 -197.629288 0.881616 -0.413064 6.165687 0.029957
55.764229 -80.254227 -3.859592 -12.249232 208.301758 -198.393692 0.849225 -0.423220 6.139516 0.040771
55.880219 -79.988060 -3.775316 -11.340439 208.544464 -199.067932 0.829284 -0.397589 6.107410 0.052761
56.014206 -79.632179 -3.460386 -9.837322 208.802368 -199.833847 0.816548 -0.344847 6.054132 0.063140
56.131195 -79.280304 -3.047609 -8.170963 209.012573 -200.507278 0.809920 -0.290913 6.012314 0.068259
56.264183 -78.826805 -2.520512 -5.914672 209.232346 -201.271820 0.798265 -0.223949 5.962221 0.076278
56.381172 -78.396622 -2.059792 -3.681702 209.408981 -201.944580 0.778035 -0.153541 5.935768 0.077835
56.514160 -77.891212 -1.567679 -0.979183 209.590256 -202.710693 0.737961 -0.052666 5.912075 0.076613
56.631149 -77.451256 -1.205805 1.478731 209.733597 -203.386383 0.683489 0.053677 5.900891 0.073273
56.765137 -76.958336 -0.904119 4.331177 209.879669 -204.163147 0.597162 0.186262 5.900233 0.068899
56.881126 -76.555435 -0.750170 6.793292 209.990860 -204.844604 0.499492 0.300510 5.901352 0.063340
57.015114 -76.130783 -0.705547 9.563800 210.096664 -205.621368 0.366029 0.419619 5.890071 0.057976
57.131104 -75.810867 -0.771881 11.891983 210.172104 -206.305313 0.230180 0.513285 5.874568 0.049678
57.265091 -75.521751 -0.932022 14.274838 210.237030 -207.080734 0.060698 0.610205 5.835297 0.037423
57.382080 -75.343597 -1.080422 16.071287 210.276672 -207.759476 -0.092471 0.684697 5.796479 0.027256
57.515068 -75.218590 -1.232808 17.748112 210.304321 -208.525833 -0.258349 0.742750 5.743820 0.016815
57.632057 -75.178375 -1.306430 18.800980 210.315903 -209.194138 -0.387958 0.752192 5.692363 0.005821
57.749046 -75.187515 -1.282072 19.341291 210.320999 -209.856934 -0.496339 0.711558 5.647885 -0.003341
57.882034 -75.266472 -1.115457 19.357096 210.325333 -210.605515 -0.585367 0.607972 5.614963 -0.014047
57.999023 -75.392998 -0.833820 18.855677 210.332428 -211.259979 -0.629466 0.480695 5.580667 -0.025118
58.132011 -75.612228 -0.349969 17.724983 210.350327 -212.002975 -0.640452 0.313251 5.522471 -0.035474
58.249001 -75.876152 0.188538 16.382824 210.379837 -212.638153 -0.616764 0.161536 5.453594 -0.041853
58.381989 -76.262962 0.888564 14.349145 210.432175 -213.360718 -0.552415 -0.012514 5.369112 -0.050930
58.498978 -76.677322 1.508599 12.324065 210.496582 -213.973267 -0.467225 -0.156308 5.268905 -0.058866
58.631966 -77.251404 2.183811 9.647413 210.594269 -214.664276 -0.340229 -0.310497 5.169522 -0.065335
58.748955 -77.823586 2.678891 7.140244 210.702652 -215.253693 -0.211454 -0.433728 5.091494 -0.072076
58.882942 -78.540764 3.083322 4.072328 210.851685 -215.909790 -0.052638 -0.559356 5.045625 -0.075516
58.999931 -79.207405 3.273777 1.220794 211.003754 -216.478806 0.092626 -0.651390 5.032828 -0.075723
59.132919 -79.992119 3.311988 -2.037121 211.199478 -217.119095 0.255722 -0.724907 5.039313 -0.079851
59.249908 -80.685181 3.186903 -4.911735 211.390274 -217.679489 0.393997 -0.755731 5.073806 -0.078839
59.382896 -81.446999 2.863885 -8.038627 211.627121 -218.316284 0.539684 -0.753377 5.129132 -0.078119
59.499886 -82.102882 2.450226 -10.632186 211.851044 -218.877228 0.653356 -0.725635 5.197206 -0.080635
59.632874 -82.834129 1.845590 -13.374845 212.126099 -219.524780 0.763656 -0.675489 5.289599 -0.081957
59.749863 -83.436798 1.256856 -15.566638 212.376648 -220.091797 0.841634 -0.622011 5.383380 -0.081861
59.882851 -84.090530 0.550887 -17.844727 212.678513 -220.755127 0.912872 -0.548499 5.476114 -0.079473
59.999840 -84.625122 -0.039725 -19.650696 212.948700 -221.341721 0.959011 -0.467732 5.551229 -0.076994
