1.20 1.10 20 64
0.142000 0.004668 0.153723 -0.125624 1.006208 0.000908 -0.137963 0.009039 6.749263 0.000853
0.259000 -0.003441 0.559232 -0.300455 1.793393 0.001926 -0.085214 0.080428 6.707018 -0.002865
0.392000 -0.018619 1.252971 -0.436920 2.679337 0.004033 0.017173 0.180805 6.626815 -0.001371
0.509000 -0.029462 2.005470 -0.578718 3.447918 0.007001 0.128490 0.277908 6.529517 -0.001806
0.626000 -0.048488 2.816312 -0.732368 4.205812 0.010066 0.245449 0.367595 6.438436 -0.002721
0.759000 -0.072106 3.742057 -0.885039 5.057284 0.012868 0.369904 0.441552 6.383054 -0.001830
0.876000 -0.078736 4.513289 -0.991270 5.802391 0.015625 0.460629 0.471098 6.362342 0.000580
1.009000 -0.074546 5.321792 -1.044093 6.648461 0.018609 0.532198 0.469763 6.367288 0.001612
1.126000 -0.053973 5.945844 -1.097110 7.396265 0.021270 0.562875 0.447201 6.415055 0.004520
1.259000 -0.027402 6.508453 -1.199190 8.259389 0.024577 0.559775 0.405875 6.464847 0.004593
1.376000 -0.001209 6.861138 -1.262845 9.013570 0.027306 0.525871 0.358138 6.530631 0.004795
1.510000 0.032915 7.119119 -1.308297 9.894197 0.031240 0.455302 0.283950 6.594349 0.004784
1.625999 0.057568 7.180405 -1.307495 10.669258 0.034706 0.373809 0.201229 6.641840 0.004123
1.759999 0.100642 7.057021 -1.303530 11.557164 0.039440 0.265156 0.087704 6.701580 0.006138
1.876999 0.143112 6.786817 -1.368111 12.344769 0.041913 0.165266 -0.014853 6.750435 0.007266
2.009999 0.196704 6.303371 -1.362425 13.246871 0.044185 0.059929 -0.122112 6.807901 0.006996
2.126999 0.237725 5.779416 -1.369539 14.046385 0.046617 -0.016343 -0.197137 6.854482 0.005761
2.259999 0.280921 5.110735 -1.405297 14.961671 0.049307 -0.075387 -0.264280 6.903753 0.005722
2.376999 0.304761 4.520888 -1.372583 15.771737 0.053088 -0.097605 -0.310049 6.935334 0.002772
2.509999 0.332395 3.885761 -1.351973 16.704264 0.058955 -0.082571 -0.348250 6.970656 0.003852
2.626998 0.357908 3.400444 -1.397679 17.513735 0.063238 -0.038585 -0.358065 6.983483 0.005696
2.759998 0.401601 2.947825 -1.515622 18.449940 0.066930 0.042447 -0.336618 6.988692 0.006833
2.877998 0.443658 2.660256 -1.630597 19.266991 0.067637 0.128812 -0.293918 6.974751 0.007832
3.010998 0.491519 2.440418 -1.770072 20.193924 0.068699 0.230458 -0.235847 6.967704 0.006626
3.126998 0.539747 2.326440 -1.858679 21.008915 0.070884 0.313515 -0.189832 6.958490 0.007406
3.260998 0.598282 2.291218 -1.855404 21.935629 0.076776 0.392024 -0.147067 6.974185 0.008004
3.377998 0.648356 2.337222 -1.804495 22.753105 0.084169 0.440372 -0.116908 6.996451 0.007435
3.510998 0.710638 2.449655 -1.734556 23.685947 0.093797 0.467055 -0.089908 7.025912 0.007822
3.627997 0.772117 2.581687 -1.615695 24.510820 0.103312 0.462442 -0.073229 7.069378 0.009749
3.760997 0.863747 2.793849 -1.401356 25.460371 0.114428 0.427346 -0.059234 7.099995 0.009526
3.877997 0.938156 2.997399 -1.152552 26.285559 0.124605 0.375354 -0.046080 7.122318 0.008954
4.011997 1.010190 3.245139 -0.867163 27.241192 0.136484 0.295852 -0.024179 7.138330 0.006044
4.127997 1.073107 3.462740 -0.594955 28.075682 0.149094 0.217396 0.000003 7.129882 0.007057
4.261998 1.138502 3.694482 -0.293660 29.022028 0.165041 0.127100 0.026338 7.107969 0.006019
4.378999 1.188565 3.881123 -0.068127 29.850704 0.180257 0.053912 0.044319 7.065412 0.006138
4.511999 1.256198 4.073239 0.134215 30.785686 0.195969 -0.013404 0.057224 7.004093 0.007485
4.629000 1.325575 4.180754 0.351271 31.600750 0.209841 -0.052849 0.065391 6.947197 0.007101
4.762000 1.383688 4.249496 0.564056 32.520287 0.224930 -0.072113 0.073348 6.894585 0.004541
4.879001 1.421921 4.276020 0.712200 33.322655 0.239152 -0.066661 0.085350 6.838364 0.002501
5.012001 1.444572 4.262286 0.816394 34.228588 0.252111 -0.036891 0.109308 6.793970 0.002639
5.129002 1.472490 4.226292 0.944101 35.019482 0.264164 0.004813 0.141706 6.737428 0.003175
5.262002 1.498488 4.151339 1.061836 35.917122 0.278940 0.065870 0.190119 6.676709 0.002252
5.379003 1.514365 4.041295 1.157635 36.688595 0.292811 0.122922 0.233879 6.635450 0.001059
5.513003 1.523724 3.856599 1.227275 37.573853 0.307877 0.183681 0.276256 6.594751 0.000049
5.629004 1.518410 3.655042 1.271754 38.345409 0.322268 0.228212 0.297112 6.595987 -0.003116
5.763004 1.495203 3.381492 1.343844 39.224159 0.339899 0.264649 0.300217 6.620109 -0.005060
5.880005 1.466706 3.104520 1.374160 39.999805 0.357462 0.283187 0.285638 6.643918 -0.004583
6.013005 1.422858 2.768108 1.360475 40.886089 0.378465 0.285145 0.252137 6.683879 -0.005542
6.130006 1.381504 2.471431 1.313892 41.670563 0.395793 0.270640 0.207124 6.723257 -0.005681
6.263006 1.330877 2.165516 1.253560 42.574371 0.417931 0.237451 0.136119 6.760488 -0.006043
6.380007 1.292698 1.943970 1.178777 43.360355 0.438380 0.199038 0.065355 6.789466 -0.005108
6.513007 1.249712 1.753320 1.048947 44.272053 0.461952 0.148773 -0.015569 6.810776 -0.005975
6.630008 1.205271 1.655437 0.868068 45.069157 0.483409 0.105281 -0.072278 6.816610 -0.005598
6.764009 1.155162 1.629259 0.658155 45.975208 0.509288 0.061470 -0.123220 6.812392 -0.006992
6.880009 1.101085 1.689075 0.495976 46.770809 0.533140 0.032400 -0.163592 6.792866 -0.007672
7.014009 1.040729 1.818970 0.266516 47.670654 0.560195 0.012339 -0.216804 6.750497 -0.007092
7.131010 0.983160 1.971556 0.047422 48.457710 0.582195 0.008466 -0.263390 6.713961 -0.007771
7.264010 0.893834 2.197220 -0.250187 49.345066 0.607890 0.018003 -0.297907 6.644928 -0.009523
7.381011 0.813491 2.418709 -0.530033 50.118893 0.631060 0.037303 -0.295003 6.597375 -0.010439
7.514011 0.728493 2.671436 -0.816644 50.996101 0.659448 0.068497 -0.252325 6.519517 -0.008399
7.631012 0.662552 2.857964 -0.957465 51.748184 0.685737 0.098567 -0.200553 6.466509 -0.008614
7.764012 0.565469 3.026705 -1.069447 52.609848 0.718408 0.132348 -0.149328 6.412067 -0.012703
7.881013 0.475095 3.122520 -1.119644 53.351013 0.747168 0.158934 -0.124748 6.379213 -0.013618
8.015014 0.346692 3.155031 -1.151330 54.202595 0.778646 0.180210 -0.112826 6.347778 -0.018503
8.131014 0.223092 3.112019 -1.169644 54.943607 0.806142 0.190286 -0.106334 6.330432 -0.018882
8.265015 0.077249 2.977888 -1.188421 55.784733 0.838668 0.192424 -0.095661 6.327803 -0.019306
8.382015 -0.058883 2.782472 -1.143663 56.525051 0.866037 0.186323 -0.088572 6.332360 -0.020941
8.515016 -0.197941 2.487533 -1.112455 57.367149 0.896574 0.171040 -0.088676 6.340937 -0.017557
8.632016 -0.322741 2.173465 -1.060845 58.108448 0.923695 0.152954 -0.097499 6.341948 -0.019181
8.765017 -0.460235 1.775364 -0.975961 58.957981 0.955355 0.128023 -0.110146 6.345014 -0.017756
8.882017 -0.577243 1.411067 -0.906796 59.694046 0.981410 0.106583 -0.111896 6.350804 -0.017091
9.015018 -0.712095 1.011086 -0.820332 60.544765 1.009837 0.084788 -0.094495 6.355804 -0.019059
9.132018 -0.840836 0.702763 -0.731190 61.282570 1.033900 0.071926 -0.061460 6.365239 -0.020260
9.266019 -0.989638 0.423833 -0.633673 62.135342 1.060363 0.068613 -0.009879 6.367845 -0.021230
9.382019 -1.129543 0.267191 -0.610316 62.879475 1.083277 0.076766 0.040132 6.358346 -0.020781
9.516020 -1.289902 0.177783 -0.593043 63.723335 1.108846 0.095869 0.101450 6.337295 -0.021743
9.633020 -1.435161 0.167550 -0.571148 64.464302 1.130349 0.118942 0.160965 6.328769 -0.021520
9.766021 -1.599304 0.223678 -0.530941 65.302986 1.154583 0.150096 0.237003 6.287750 -0.022442
9.883021 -1.756874 0.333755 -0.562616 66.037590 1.173800 0.179245 0.299827 6.274849 -0.023922
10.016022 -1.945047 0.500412 -0.536722 66.877060 1.195646 0.209318 0.349247 6.263960 -0.024785
10.133022 -2.098516 0.670867 -0.481075 67.602722 1.214122 0.228286 0.359419 6.252935 -0.022651
10.267023 -2.276571 0.910745 -0.458423 68.439041 1.234028 0.239766 0.338194 6.229219 -0.022250
10.383023 -2.425870 1.117304 -0.453332 69.160385 1.248591 0.241668 0.305365 6.213480 -0.021835
10.517024 -2.587313 1.344735 -0.480628 69.991219 1.264218 0.234284 0.267081 6.190479 -0.021499
10.633024 -2.726563 1.508453 -0.501573 70.714401 1.275961 0.219044 0.238464 6.178516 -0.020167
10.767025 -2.871341 1.650639 -0.541359 71.534721 1.287452 0.193883 0.203779 6.160806 -0.018386
10.884026 -2.991611 1.727850 -0.628700 72.254845 1.296656 0.167778 0.163562 6.150847 -0.016684
11.017026 -3.129661 1.761201 -0.768785 73.071617 1.305079 0.139165 0.106448 6.135896 -0.017386
11.134027 -3.256407 1.724090 -0.922004 73.788513 1.311964 0.116672 0.052637 6.122590 -0.018779
11.267027 -3.399633 1.621832 -1.127599 74.602020 1.318511 0.096569 -0.004183 6.112018 -0.018005
11.384027 -3.530228 1.478503 -1.301275 75.317184 1.323262 0.085915 -0.049837 6.116363 -0.019915
11.501028 -3.663343 1.307006 -1.467101 76.031845 1.326559 0.082999 -0.096021 6.104136 -0.019176
11.634028 -3.800493 1.061865 -1.538226 76.842995 1.328937 0.086922 -0.153145 6.095853 -0.016438
11.751029 -3.911880 0.836476 -1.581029 77.556290 1.328472 0.100118 -0.201957 6.098852 -0.016107
11.884029 -4.042063 0.576995 -1.612873 78.374771 1.325607 0.125516 -0.244468 6.111812 -0.017582
12.001030 -4.160060 0.360292 -1.629133 79.084541 1.322364 0.152382 -0.262233 6.124603 -0.017138
12.135031 -4.306109 0.160068 -1.627360 79.905228 1.316661 0.187258 -0.265284 6.123686 -0.020022
12.251031 -4.444488 -0.004537 -1.618082 80.621590 1.308528 0.216969 -0.263781 6.123814 -0.020296
12.385032 -4.605249 -0.145661 -1.581843 81.436409 1.297786 0.246026 -0.270168 6.129934 -0.021534
12.502032 -4.751894 -0.231248 -1.481274 82.154633 1.288056 0.264887 -0.282790 6.145351 -0.021466
12.635033 -4.926578 -0.261976 -1.399896 82.972893 1.274338 0.277008 -0.293884 6.155729 -0.022700
12.752033 -5.063818 -0.264879 -1.348974 83.693848 1.261233 0.278702 -0.292198 6.169286 -0.019390
12.885034 -5.210766 -0.265164 -1.269536 84.514679 1.244340 0.267733 -0.272131 6.169851 -0.019130
13.002034 -5.337911 -0.252679 -1.167627 85.237083 1.227204 0.249985 -0.240910 6.178967 -0.019114
13.135035 -5.485120 -0.208802 -0.972432 86.064926 1.206269 0.222727 -0.190232 6.182035 -0.018671
13.252035 -5.601289 -0.153881 -0.774169 86.787560 1.185821 0.197522 -0.136345 6.176533 -0.016563
13.385036 -5.717845 -0.050319 -0.544701 87.607376 1.161260 0.170249 -0.062136 6.161254 -0.015256
13.502036 -5.817874 0.056709 -0.280305 88.327263 1.139442 0.148165 0.010340 6.148232 -0.013973
13.636037 -5.918166 0.195688 -0.071907 89.143547 1.110586 0.130355 0.097993 6.137337 -0.012950
13.752037 -5.994905 0.322961 0.119579 89.859940 1.081339 0.122322 0.173521 6.121684 -0.010258
13.886038 -6.082122 0.490619 0.370376 90.672516 1.045760 0.121550 0.248582 6.109798 -0.011493
14.003038 -6.145756 0.657882 0.526712 91.386101 1.013473 0.126823 0.295798 6.101052 -0.010380
14.136039 -6.206651 0.849843 0.622478 92.195679 0.975454 0.139056 0.324068 6.087314 -0.007395
14.253039 -6.260463 0.982049 0.643906 92.906479 0.940672 0.153462 0.328223 6.080814 -0.007764
14.386040 -6.311000 1.089737 0.663896 93.713997 0.900357 0.172895 0.317095 6.080573 -0.006332
14.503040 -6.344676 1.147255 0.637125 94.425240 0.865805 0.190867 0.298158 6.089935 -0.003941
14.636041 -6.365551 1.169299 0.552746 95.241615 0.828539 0.208302 0.265960 6.103863 -0.001569
14.753041 -6.378915 1.136743 0.458427 95.950256 0.796227 0.217973 0.229328 6.123665 -0.001754
14.887042 -6.396139 1.060378 0.347520 96.772133 0.756777 0.223279 0.182332 6.153462 -0.001649
15.003042 -6.408417 0.956659 0.185354 97.493347 0.721777 0.222848 0.142975 6.186233 -0.001757
15.137043 -6.410423 0.810613 -0.010384 98.318436 0.681808 0.217165 0.100999 6.229550 0.000587
15.254044 -6.418393 0.666188 -0.169492 99.048203 0.645468 0.208625 0.064646 6.257986 -0.001462
15.387044 -6.424103 0.504515 -0.347053 99.886292 0.602447 0.197292 0.017824 6.271491 0.000059
15.504045 -6.412647 0.393691 -0.497496 100.614471 0.565444 0.186340 -0.026391 6.297450 0.003243
15.637045 -6.377613 0.287243 -0.641107 101.453125 0.523807 0.173711 -0.075146 6.325092 0.005994
15.754045 -6.326687 0.200364 -0.722869 102.192421 0.487631 0.162874 -0.110450 6.332305 0.008964
15.887046 -6.265522 0.143783 -0.802879 103.040192 0.444369 0.155024 -0.139359 6.337057 0.007187
16.004047 -6.216265 0.138736 -0.853891 103.781174 0.405783 0.150664 -0.156123 6.342936 0.007552
16.138050 -6.159791 0.170475 -0.909684 104.624435 0.364022 0.147435 -0.172446 6.349089 0.007632
16.254053 -6.110079 0.264585 -0.983171 105.360344 0.327540 0.147967 -0.188190 6.354763 0.008207
16.389055 -6.026237 0.417181 -1.040907 106.217072 0.282732 0.152635 -0.209308 6.356914 0.012688
16.506058 -5.946710 0.584734 -1.104107 106.959351 0.243985 0.159404 -0.223045 6.353298 0.012098
16.639061 -5.870174 0.815469 -1.136689 107.802864 0.200668 0.168174 -0.224284 6.348047 0.009870
16.756063 -5.808447 1.021251 -1.152849 108.544319 0.161734 0.176042 -0.208490 6.343389 0.009011
16.889067 -5.726433 1.256388 -1.183666 109.387199 0.117707 0.183072 -0.171101 6.341642 0.012284
17.006069 -5.635713 1.470075 -1.242294 110.128540 0.079643 0.187060 -0.128137 6.347841 0.013009
17.139072 -5.522855 1.697535 -1.296954 110.977295 0.036258 0.191024 -0.073136 6.345062 0.015492
17.256075 -5.418170 1.855904 -1.295996 111.711548 -0.001344 0.192616 -0.026822 6.336282 0.015521
17.390078 -5.288637 1.975774 -1.273639 112.559601 -0.046507 0.189185 0.023278 6.336559 0.017492
17.506081 -5.166100 2.034314 -1.267344 113.300934 -0.086125 0.183257 0.060082 6.353183 0.018838
17.640083 -5.014004 2.080945 -1.276158 114.145866 -0.131884 0.173183 0.092006 6.371957 0.020773
17.756086 -4.872501 2.089149 -1.218825 114.890663 -0.172268 0.163411 0.110204 6.380878 0.021003
17.890089 -4.708007 2.043760 -1.099865 115.740120 -0.216812 0.151818 0.120803 6.409090 0.020933
18.007092 -4.557399 1.969233 -1.064373 116.491379 -0.256286 0.144566 0.125547 6.444192 0.022846
18.140095 -4.395076 1.884191 -0.955695 117.350204 -0.299727 0.136881 0.125706 6.480611 0.020352
18.257097 -4.262816 1.803998 -0.826727 118.108772 -0.337209 0.132403 0.114892 6.501190 0.018414
18.391100 -4.124393 1.736202 -0.683821 118.980301 -0.379380 0.130541 0.080929 6.515054 0.017941
18.507103 -3.994168 1.712056 -0.633036 119.742920 -0.416502 0.132743 0.036289 6.533514 0.020411
18.641106 -3.831710 1.711780 -0.575988 120.611824 -0.459502 0.138665 -0.012568 6.547531 0.021159
18.758108 -3.700425 1.733439 -0.541200 121.378059 -0.497758 0.145487 -0.033378 6.560268 0.019515
18.891111 -3.542012 1.788772 -0.491643 122.249214 -0.541313 0.154547 -0.020744 6.561347 0.020559
19.008114 -3.402690 1.856731 -0.438412 123.015800 -0.579403 0.163398 0.013843 6.565033 0.020638
19.141117 -3.243760 1.919947 -0.385711 123.893944 -0.621577 0.170209 0.063487 6.559895 0.020236
19.258120 -3.095968 1.982219 -0.355634 124.654129 -0.658026 0.173932 0.098543 6.557276 0.023072
19.391123 -2.929243 2.051824 -0.356678 125.531319 -0.700417 0.176175 0.125903 6.557148 0.021125
19.508125 -2.786887 2.102898 -0.380072 126.298203 -0.735909 0.174874 0.137411 6.563125 0.021311
19.642128 -2.620941 2.134801 -0.368755 127.170914 -0.773908 0.170143 0.143460 6.567520 0.021737
19.758131 -2.475587 2.157827 -0.347991 127.939362 -0.806370 0.163675 0.141598 6.576462 0.021002
19.892134 -2.318916 2.156294 -0.322237 128.813828 -0.841000 0.154383 0.126491 6.584094 0.019400
20.008137 -2.204623 2.126938 -0.321159 129.583969 -0.870099 0.146622 0.095484 6.594289 0.017269
20.142139 -2.080904 2.072426 -0.349686 130.461151 -0.901195 0.136839 0.035959 6.602360 0.016566
20.259142 -1.962883 2.014786 -0.360018 131.234573 -0.927359 0.128596 -0.034639 6.620665 0.018250
20.376144 -1.839635 1.961970 -0.352852 132.009415 -0.952735 0.121291 -0.110935 6.631460 0.018157
20.509148 -1.702993 1.930329 -0.280671 132.891357 -0.979661 0.116103 -0.190860 6.633266 0.017106
20.626150 -1.585198 1.917864 -0.265838 133.667343 -1.003547 0.115843 -0.238548 6.637695 0.018197
20.759153 -1.448591 1.942095 -0.298229 134.549866 -1.030688 0.118382 -0.258574 6.639785 0.017804
20.876156 -1.336335 1.984089 -0.334368 135.326691 -1.054149 0.123208 -0.246700 6.640044 0.016906
21.009159 -1.213021 2.010115 -0.377214 136.215881 -1.077986 0.131538 -0.211763 6.638658 0.016417
21.126162 -1.107872 2.031488 -0.389710 136.985489 -1.096164 0.139807 -0.182536 6.631765 0.014760
21.260164 -0.993885 2.055716 -0.378066 137.874008 -1.116123 0.149915 -0.160681 6.638390 0.014386
21.376167 -0.908647 2.087366 -0.373905 138.651047 -1.133270 0.155985 -0.151365 6.645612 0.011454
21.510170 -0.831805 2.120601 -0.302748 139.534027 -1.151677 0.161272 -0.138496 6.643323 0.009065
21.626173 -0.774598 2.163002 -0.239700 140.311447 -1.167460 0.163690 -0.114821 6.649769 0.007275
21.760176 -0.715511 2.214940 -0.256668 141.196686 -1.184511 0.163470 -0.072936 6.656962 0.008686
21.877178 -0.657010 2.265365 -0.307907 141.976593 -1.198951 0.159685 -0.032089 6.668687 0.009734
22.010181 -0.605005 2.310726 -0.395399 142.863403 -1.214167 0.153586 0.010759 6.667535 0.006334
22.127184 -0.571544 2.343301 -0.486125 143.642868 -1.225966 0.147338 0.043389 6.663987 0.004493
22.260187 -0.542125 2.346803 -0.634513 144.535706 -1.240675 0.137578 0.086411 6.660951 0.004815
22.377190 -0.513412 2.322995 -0.755542 145.308899 -1.252782 0.128300 0.137533 6.669735 0.005896
22.510193 -0.463684 2.273527 -0.824386 146.202820 -1.264731 0.117520 0.212267 6.672161 0.006469
22.627195 -0.421798 2.223039 -0.818369 146.983368 -1.274034 0.111213 0.274826 6.668358 0.006546
22.761198 -0.383462 2.144594 -0.837999 147.870224 -1.285593 0.106333 0.321583 6.669119 0.004528
22.877201 -0.357478 2.070879 -0.860617 148.651031 -1.295495 0.103645 0.331461 6.676476 0.004583
23.011204 -0.316253 1.979110 -0.833532 149.538696 -1.305366 0.104377 0.315525 6.675881 0.005748
23.128206 -0.272421 1.889993 -0.777773 150.319702 -1.313005 0.107540 0.294233 6.679533 0.006074
23.261209 -0.225707 1.777327 -0.748195 151.208328 -1.320819 0.112014 0.274389 6.683205 0.006199
23.378212 -0.182694 1.688691 -0.683876 151.990967 -1.327965 0.116753 0.261646 6.690214 0.006267
23.511215 -0.130856 1.595167 -0.585412 152.881134 -1.336417 0.125545 0.244536 6.692877 0.005794
23.628218 -0.079480 1.531292 -0.462107 153.664322 -1.342695 0.136509 0.217281 6.693968 0.007474
23.761221 -0.016642 1.488371 -0.298693 154.562103 -1.348561 0.148764 0.156616 6.704150 0.007166
23.878223 0.025553 1.479822 -0.158020 155.347153 -1.353150 0.158860 0.066253 6.715009 0.005503
24.012226 0.083229 1.522706 -0.041726 156.241989 -1.358578 0.170898 -0.083731 6.733863 0.008116
24.128229 0.139203 1.582049 0.016663 157.030685 -1.363410 0.179526 -0.238872 6.748059 0.007133
24.262232 0.198072 1.667878 0.059472 157.928009 -1.368247 0.186007 -0.408705 6.747197 0.007283
24.379234 0.247033 1.767763 0.109910 158.717758 -1.372183 0.187618 -0.516501 6.756853 0.007650
24.512238 0.308915 1.905006 0.185220 159.622925 -1.375393 0.185157 -0.575869 6.757224 0.007631
24.629240 0.359660 2.055669 0.253844 160.406281 -1.376958 0.178197 -0.568865 6.753416 0.006929
24.762243 0.412000 2.229931 0.247218 161.304688 -1.378241 0.166233 -0.506954 6.755045 0.007127
24.879246 0.467039 2.365990 0.205961 162.095245 -1.377339 0.153411 -0.416974 6.758659 0.009545
25.012249 0.538926 2.497919 0.142312 163.001190 -1.374105 0.136035 -0.286620 6.765617 0.007731
25.129251 0.586621 2.588520 0.144580 163.785690 -1.369168 0.120966 -0.170822 6.759693 0.007347
25.262255 0.633483 2.689299 0.128012 164.691360 -1.361700 0.106941 -0.053663 6.750836 0.005921
25.379257 0.666316 2.754755 0.121324 165.480438 -1.355155 0.098230 0.021596 6.742721 0.004656
25.513260 0.703669 2.770843 0.116736 166.376633 -1.346999 0.092166 0.078106 6.737547 0.004361
25.630262 0.742663 2.760788 0.170462 167.164780 -1.338722 0.090708 0.109093 6.738918 0.005842
25.763266 0.785894 2.738508 0.174612 168.061203 -1.330144 0.093703 0.134295 6.738742 0.005092
25.880268 0.835660 2.695323 0.214046 168.848953 -1.320323 0.101274 0.152289 6.731500 0.007657
26.013271 0.880361 2.646997 0.280173 169.743530 -1.307266 0.113199 0.172309 6.733010 0.004326
26.130274 0.902523 2.606488 0.257459 170.532303 -1.296481 0.126696 0.192555 6.748770 0.003506
26.263277 0.919860 2.551184 0.178434 171.437866 -1.282899 0.146403 0.222354 6.765414 0.002866
26.380280 0.940186 2.502079 0.150852 172.223465 -1.269214 0.162278 0.250093 6.780669 0.003340
26.514282 0.960722 2.439197 0.116010 173.133026 -1.251142 0.178803 0.277381 6.795521 0.001434
26.630285 0.956432 2.368727 0.022751 173.928574 -1.235854 0.190200 0.292960 6.805032 0.000058
26.764288 0.955610 2.284279 -0.105710 174.835037 -1.220114 0.199138 0.302760 6.823979 0.000677
26.880291 0.956652 2.217299 -0.252472 175.634491 -1.206049 0.203007 0.311509 6.843826 0.002085
27.014294 0.969661 2.169426 -0.400095 176.546982 -1.188823 0.203775 0.327236 6.874246 0.002583
27.131296 0.979831 2.150511 -0.494470 177.352203 -1.174095 0.200670 0.336911 6.888303 0.001439
27.264299 0.979834 2.174492 -0.610215 178.269608 -1.157022 0.191706 0.323586 6.905777 -0.000101
27.381302 0.977653 2.237933 -0.690443 179.079269 -1.142296 0.179892 0.271238 6.930012 0.000613
27.514305 0.973626 2.345628 -0.793015 180.007980 -1.125772 0.165794 0.155166 6.942407 -0.000565
27.631308 0.965947 2.431561 -0.866646 180.813660 -1.111666 0.153777 0.018069 6.952539 -0.000162
27.765310 0.953070 2.572194 -0.956292 181.746567 -1.095322 0.140393 -0.158490 6.967720 -0.002481
27.881313 0.928010 2.739602 -1.089541 182.562424 -1.082367 0.130158 -0.298454 6.979586 -0.003271
28.015316 0.880330 2.939657 -1.317235 183.490021 -1.067861 0.121545 -0.420837 6.974631 -0.005346
28.132318 0.828583 3.137163 -1.429118 184.304642 -1.053854 0.117706 -0.482946 6.957462 -0.007517
28.265322 0.769354 3.360065 -1.544561 185.227692 -1.037088 0.118260 -0.503761 6.929064 -0.007822
28.382324 0.729682 3.543030 -1.592806 186.037064 -1.021851 0.122402 -0.482290 6.912714 -0.004515
28.515327 0.695527 3.721656 -1.595903 186.955093 -1.004065 0.130042 -0.425858 6.906285 -0.005637
28.632330 0.654626 3.847419 -1.543727 187.762604 -0.988350 0.138086 -0.362231 6.898263 -0.007310
28.765333 0.596121 3.952249 -1.472245 188.686203 -0.970366 0.149334 -0.289605 6.890787 -0.008437
28.882336 0.547068 3.979886 -1.389753 189.484940 -0.954278 0.158194 -0.234604 6.884150 -0.008592
29.016338 0.504417 3.952350 -1.283648 190.407150 -0.935594 0.165351 -0.176342 6.883173 -0.004994
29.132341 0.479485 3.886289 -1.206868 191.213287 -0.920076 0.167789 -0.121718 6.903020 -0.003161
29.266344 0.472691 3.776874 -1.081959 192.133850 -0.899653 0.169178 -0.050483 6.934763 -0.001215
29.382347 0.466357 3.651432 -0.960248 192.945511 -0.881222 0.168718 0.017462 6.947660 -0.002487
29.516350 0.458232 3.491328 -0.767199 193.871292 -0.860270 0.165267 0.091609 6.973100 -0.002295
29.632353 0.450058 3.346535 -0.611456 194.689041 -0.842969 0.160358 0.151808 7.000912 -0.003558
29.766356 0.424526 3.202872 -0.435839 195.621399 -0.823055 0.153341 0.214744 7.012838 -0.006291
29.883358 0.391667 3.075472 -0.269994 196.443817 -0.804852 0.146016 0.264833 7.039674 -0.004449
30.016361 0.374023 2.973944 -0.120597 197.387054 -0.784159 0.139489 0.312503 7.039774 -0.001734
30.133364 0.367288 2.926057 -0.047956 198.203903 -0.768209 0.136252 0.340538 7.046295 -0.000781
30.266367 0.372906 2.918814 0.034395 199.146988 -0.749608 0.134545 0.357878 7.037190 0.000523
30.384369 0.376049 2.932758 0.141559 199.970078 -0.731900 0.134763 0.360601 7.035185 -0.000368
30.517372 0.377737 2.965041 0.243383 200.906418 -0.709083 0.137519 0.350348 7.045394 0.000312
30.633375 0.374208 3.009670 0.289022 201.728897 -0.687783 0.138980 0.325125 7.024405 -0.000391
30.767378 0.368694 3.082797 0.300298 202.661789 -0.663979 0.139843 0.274678 7.013108 -0.001375
30.884380 0.361936 3.150983 0.300520 203.481827 -0.643098 0.138980 0.213778 7.007985 0.000266
31.017384 0.359563 3.239286 0.260880 204.413071 -0.620763 0.139062 0.136107 7.000940 0.000474
31.134386 0.356925 3.330590 0.243278 205.230682 -0.601831 0.139744 0.066148 6.980701 -0.000881
31.267389 0.342172 3.447297 0.209156 206.157074 -0.579185 0.140122 -0.010032 6.957646 -0.001867
31.384392 0.339360 3.546697 0.190242 206.968567 -0.559045 0.140576 -0.072712 6.923010 0.001525
31.501394 0.351883 3.628705 0.196289 207.776657 -0.538029 0.141569 -0.124107 6.904418 0.001714
31.634398 0.375419 3.690272 0.209710 208.693359 -0.514329 0.142998 -0.158671 6.886187 0.003343
31.751400 0.414180 3.710009 0.197555 209.498138 -0.494142 0.144254 -0.160945 6.877609 0.007465
31.884403 0.489220 3.681669 0.183490 210.418259 -0.470970 0.143684 -0.140685 6.857638 0.009532
32.001404 0.541828 3.626734 0.163984 211.213028 -0.450063 0.143090 -0.120105 6.854162 0.006532
32.135391 0.597945 3.527397 0.092527 212.131042 -0.425534 0.141023 -0.114770 6.851008 0.008450
32.251381 0.647211 3.426081 0.052963 212.932831 -0.403855 0.138961 -0.132454 6.859128 0.006893
32.385368 0.694915 3.282517 0.008452 213.845551 -0.377327 0.137201 -0.171947 6.874799 0.005432
32.501358 0.734919 3.146564 -0.072890 214.650146 -0.353594 0.137774 -0.212610 6.885664 0.006671
32.635345 0.792545 2.993355 -0.169621 215.566925 -0.325805 0.139795 -0.257689 6.905178 0.009315
32.752335 0.848159 2.874914 -0.197405 216.374329 -0.298956 0.143365 -0.293706 6.908939 0.008158
32.885323 0.918704 2.753960 -0.265999 217.294312 -0.267737 0.148661 -0.331754 6.934433 0.011129
33.002312 0.985000 2.671487 -0.391213 218.105316 -0.238878 0.152778 -0.356305 6.941156 0.011295
33.135300 1.072335 2.583164 -0.491194 219.029266 -0.203306 0.157335 -0.363877 6.956428 0.012155
33.252289 1.149332 2.526902 -0.564482 219.843399 -0.171862 0.161173 -0.345710 6.965752 0.011734
33.385277 1.231770 2.477961 -0.601108 220.774734 -0.135424 0.163242 -0.293121 6.957936 0.010017
33.502266 1.304584 2.445134 -0.615012 221.588211 -0.103526 0.163214 -0.225074 6.956055 0.011181
33.636253 1.397868 2.443728 -0.566501 222.511963 -0.067308 0.160108 -0.124783 6.949923 0.012332
33.752243 1.484278 2.473343 -0.494610 223.324722 -0.033872 0.155630 -0.023725 6.964367 0.013444
33.887234 1.583627 2.531497 -0.477518 224.255798 0.003656 0.149369 0.106055 6.949205 0.012708
34.004223 1.672860 2.604583 -0.443816 225.065933 0.037360 0.141755 0.220011 6.920104 0.013423
34.137211 1.772901 2.689218 -0.438291 225.984299 0.077338 0.131930 0.339217 6.900843 0.013326
34.254200 1.858567 2.755046 -0.494506 226.788971 0.110505 0.122653 0.423878 6.873856 0.011481
34.387188 1.936704 2.833647 -0.529251 227.707001 0.150387 0.113233 0.487830 6.848176 0.008719
34.504177 1.996510 2.888053 -0.507783 228.499146 0.186200 0.107333 0.508129 6.828674 0.007514
34.637165 2.051403 2.935040 -0.487574 229.411072 0.228553 0.104034 0.486219 6.806116 0.006871
34.754154 2.095708 2.946903 -0.513342 230.204498 0.266708 0.102123 0.433753 6.779480 0.004940
34.888142 2.124363 2.907390 -0.531164 231.104462 0.311434 0.102130 0.356684 6.772050 0.002705
35.004131 2.135848 2.836578 -0.551702 231.894974 0.351200 0.105070 0.296392 6.759957 0.001223
35.138119 2.147606 2.733101 -0.521157 232.791870 0.397505 0.111222 0.249451 6.749171 0.001566
35.254108 2.143721 2.613495 -0.541160 233.579941 0.438231 0.119171 0.224630 6.741880 -0.001880
35.388096 2.131875 2.472958 -0.590028 234.475967 0.483147 0.128751 0.200580 6.749927 -0.000294
35.505085 2.119435 2.370536 -0.645932 235.265457 0.521615 0.137963 0.173677 6.761402 -0.001079
35.638073 2.092436 2.272534 -0.764175 236.163361 0.565515 0.148410 0.126669 6.761701 -0.004994
35.755062 2.062889 2.188930 -0.804947 236.953979 0.604633 0.155080 0.067678 6.769191 -0.004888
35.888050 2.034317 2.082078 -0.762442 237.859299 0.650500 0.161649 -0.024168 6.760908 -0.004349
36.005039 1.996183 2.004592 -0.734915 238.641693 0.690273 0.164519 -0.112260 6.747730 -0.006050
36.139027 1.946917 1.920407 -0.741952 239.545120 0.735402 0.164298 -0.208521 6.754550 -0.006058
36.255016 1.917144 1.861475 -0.746130 240.334579 0.774847 0.162416 -0.275455 6.758254 -0.004639
36.389004 1.862549 1.803577 -0.726881 241.232468 0.819883 0.157590 -0.335613 6.759288 -0.008585
36.505993 1.805966 1.789027 -0.664586 242.020905 0.858826 0.151719 -0.378980 6.737877 -0.008864
36.638981 1.747191 1.794764 -0.510010 242.915131 0.905367 0.145547 -0.416330 6.726383 -0.007309
36.755970 1.701762 1.828410 -0.363554 243.700073 0.945581 0.141745 -0.428108 6.708444 -0.006653
36.888958 1.643927 1.907720 -0.281554 244.595734 0.990390 0.138184 -0.415888 6.678681 -0.008281
37.005947 1.577852 2.010787 -0.284250 245.366806 1.027427 0.136153 -0.393452 6.634319 -0.009941
37.138935 1.494713 2.119246 -0.207626 246.252075 1.072048 0.135285 -0.366040 6.599277 -0.012470
37.255924 1.418359 2.195968 -0.118078 247.019897 1.110917 0.136762 -0.340578 6.551552 -0.010780
37.389912 1.320145 2.258805 -0.068930 247.887482 1.153430 0.140516 -0.292492 6.514922 -0.014933
37.505901 1.215129 2.288123 -0.037952 248.647552 1.190393 0.144699 -0.227927 6.494233 -0.016660
37.639889 1.101506 2.266693 0.028973 249.507706 1.231331 0.148774 -0.135210 6.462141 -0.014616
37.755878 0.992376 2.210269 0.086244 250.261398 1.266661 0.151726 -0.058206 6.442660 -0.018124
37.889866 0.848281 2.087914 0.002262 251.116974 1.305355 0.153815 0.014824 6.438937 -0.018452
38.006855 0.722103 1.926143 -0.116580 251.869293 1.339227 0.155780 0.063008 6.433500 -0.018659
38.139843 0.569738 1.720329 -0.342897 252.724243 1.374159 0.157239 0.109911 6.428329 -0.019224
38.256832 0.429428 1.511326 -0.539346 253.475662 1.405267 0.158758 0.146082 6.428021 -0.020052
38.389820 0.274339 1.259756 -0.749676 254.336517 1.441684 0.160577 0.181212 6.431927 -0.018877
38.506809 0.153038 1.042848 -0.909409 255.081665 1.474408 0.162557 0.204488 6.426616 -0.018227
38.640797 0.004773 0.819409 -1.077449 255.942581 1.511620 0.167484 0.224279 6.436162 -0.017863
38.756786 -0.111518 0.641504 -1.177696 256.695007 1.544360 0.173605 0.237505 6.437933 -0.016652
38.890774 -0.236826 0.476266 -1.244318 257.550903 1.580862 0.181720 0.253313 6.437783 -0.015547
39.006763 -0.338396 0.359912 -1.296002 258.303406 1.610747 0.190649 0.271649 6.435257 -0.014963
39.140751 -0.465736 0.279179 -1.394708 259.158112 1.642520 0.201055 0.299066 6.429551 -0.017305
39.257740 -0.581442 0.239559 -1.427223 259.909668 1.668756 0.207940 0.325374 6.424930 -0.017192
39.390728 -0.709912 0.215586 -1.432067 260.762756 1.698502 0.215656 0.353971 6.416591 -0.016609
39.507717 -0.827277 0.208135 -1.469466 261.513184 1.723654 0.220951 0.370818 6.418880 -0.017392
39.640705 -0.960734 0.233204 -1.490341 262.371521 1.750604 0.222169 0.376156 6.407244 -0.016635
39.757694 -1.077248 0.279285 -1.498865 263.114746 1.772342 0.219250 0.361911 6.411701 -0.018050
39.891682 -1.212085 0.351715 -1.458026 263.972656 1.795208 0.211018 0.314359 6.401883 -0.017079
40.007671 -1.326020 0.419063 -1.344616 264.721222 1.814817 0.202053 0.240691 6.399672 -0.016891
40.141659 -1.451579 0.515622 -1.213448 265.571686 1.835835 0.191381 0.125327 6.390752 -0.016145
40.257648 -1.566184 0.606000 -1.085103 266.319214 1.853323 0.182365 0.007379 6.387200 -0.017608
40.391636 -1.702404 0.709553 -0.872471 267.168060 1.870669 0.171869 -0.124980 6.377983 -0.018347
40.508625 -1.808565 0.785896 -0.675591 267.913361 1.884731 0.161931 -0.223974 6.362626 -0.015176
40.641613 -1.928108 0.839943 -0.344506 268.758636 1.899532 0.153961 -0.309627 6.352956 -0.017247
40.758602 -2.034811 0.875394 -0.058188 269.501373 1.911374 0.149703 -0.363606 6.344423 -0.015939
40.875591 -2.138547 0.899533 0.151431 270.242859 1.921992 0.147388 -0.402526 6.337543 -0.015925
41.008579 -2.249659 0.908880 0.380752 271.084473 1.933407 0.145977 -0.430615 6.321793 -0.014156
41.125568 -2.329059 0.885325 0.624309 271.822723 1.942182 0.147555 -0.434322 6.303481 -0.012556
41.258556 -2.422616 0.814727 0.901161 272.666992 1.951280 0.152428 -0.406118 6.300404 -0.012987
41.375546 -2.500024 0.715754 1.145310 273.398407 1.957583 0.157379 -0.352573 6.308111 -0.012132
41.508533 -2.599136 0.576828 1.333115 274.243958 1.963576 0.167394 -0.266001 6.308051 -0.014829
41.625523 -2.697351 0.439318 1.452185 274.976868 1.967007 0.178453 -0.188826 6.322266 -0.014415
41.758511 -2.806577 0.265544 1.574216 275.824646 1.969488 0.191315 -0.114662 6.328669 -0.013851
41.875504 -2.905086 0.118750 1.589588 276.565918 1.970496 0.201644 -0.073524 6.338736 -0.013899
42.009491 -3.013248 -0.046532 1.545161 277.410675 1.970340 0.214194 -0.052095 6.360242 -0.013707
42.126480 -3.103513 -0.173467 1.459676 278.156128 1.968414 0.222226 -0.047948 6.374975 -0.013542
42.259468 -3.212450 -0.298401 1.284580 279.005646 1.964463 0.227561 -0.048266 6.397333 -0.014270
42.376457 -3.310605 -0.390084 1.110731 279.754974 1.959882 0.228535 -0.042476 6.409668 -0.013907
42.509445 -3.431318 -0.439318 0.890355 280.609039 1.953366 0.226218 -0.020174 6.433860 -0.017243
42.626434 -3.534695 -0.454265 0.733132 281.362762 1.947922 0.220833 0.015507 6.450720 -0.013996
42.759422 -3.648757 -0.392254 0.532934 282.227875 1.940898 0.212127 0.069738 6.460086 -0.013614
42.876411 -3.742114 -0.302112 0.355989 282.977814 1.934256 0.201534 0.118616 6.468054 -0.013462
43.010399 -3.840822 -0.154695 0.130857 283.845215 1.927405 0.186438 0.168237 6.476297 -0.013086
43.126389 -3.928759 0.001470 -0.075677 284.602722 1.921912 0.171031 0.203431 6.474545 -0.013790
43.260376 -4.033135 0.202624 -0.336366 285.463043 1.914681 0.156303 0.240252 6.465509 -0.013414
43.376366 -4.125006 0.402243 -0.569513 286.219116 1.908391 0.147007 0.274592 6.461170 -0.012348
43.510353 -4.214478 0.640925 -0.819384 287.077515 1.900587 0.138532 0.312518 6.444664 -0.010247
43.627342 -4.289861 0.880046 -1.008381 287.830414 1.891949 0.136556 0.335536 6.421938 -0.010538
43.760330 -4.374208 1.139829 -1.119136 288.689606 1.882092 0.139583 0.338825 6.404276 -0.009987
43.877319 -4.438702 1.351409 -1.235315 289.431152 1.871861 0.144750 0.318737 6.384764 -0.008509
44.010307 -4.496206 1.573612 -1.356564 290.285767 1.859239 0.152557 0.274634 6.377302 -0.006516
44.127296 -4.546516 1.740792 -1.463750 291.024628 1.847538 0.162212 0.225632 6.367437 -0.007282
44.260284 -4.602246 1.889013 -1.563481 291.877838 1.833309 0.174911 0.158807 6.370018 -0.006269
44.377274 -4.638312 1.962226 -1.603420 292.615417 1.818148 0.182662 0.093642 6.357179 -0.004586
44.511261 -4.674509 1.978046 -1.613945 293.467896 1.798174 0.189259 0.011255 6.370052 -0.004242
44.627251 -4.691947 1.940136 -1.566002 294.214203 1.781855 0.193164 -0.061404 6.381729 -0.002575
44.761238 -4.712872 1.887046 -1.505486 295.063751 1.761139 0.196644 -0.137980 6.395823 -0.003462
44.878227 -4.732186 1.828629 -1.413847 295.812958 1.741182 0.197141 -0.190912 6.410964 -0.002783
45.011215 -4.740820 1.728320 -1.289320 296.666748 1.717881 0.194035 -0.227094 6.427805 -0.001122
45.128204 -4.755391 1.617832 -1.193279 297.419464 1.694411 0.187495 -0.236988 6.446298 -0.003026
45.261192 -4.773204 1.476353 -1.047897 298.284515 1.666342 0.178878 -0.233077 6.467582 -0.002437
45.378181 -4.780412 1.348096 -0.947384 299.036072 1.641684 0.171091 -0.231897 6.494263 -0.001192
45.511169 -4.791421 1.207919 -0.855344 299.906677 1.612995 0.161248 -0.243769 6.510238 -0.001526
45.628159 -4.795324 1.097455 -0.776254 300.662415 1.586968 0.152745 -0.260455 6.527619 0.000778
45.762146 -4.799756 1.007229 -0.594040 301.537750 1.558034 0.145798 -0.268741 6.537694 -0.002241
45.878136 -4.818840 0.974464 -0.420975 302.303101 1.531678 0.143677 -0.255012 6.550612 -0.003316
46.012123 -4.831004 0.984301 -0.282233 303.174683 1.499268 0.146188 -0.219460 6.563388 -0.001289
46.129112 -4.816020 1.034847 -0.200925 303.941956 1.470894 0.151850 -0.183486 6.563650 0.003505
46.262100 -4.788146 1.161676 -0.132937 304.814789 1.437227 0.161778 -0.148873 6.570512 0.004261
46.379089 -4.747770 1.316684 -0.045702 305.583038 1.408394 0.171767 -0.123194 6.571347 0.006663
46.512077 -4.692518 1.541340 0.029839 306.462830 1.375278 0.182575 -0.088789 6.566541 0.007540
46.629066 -4.639064 1.738353 0.098052 307.223419 1.347532 0.188838 -0.051882 6.556932 0.007621
46.762054 -4.559081 1.952146 0.185662 308.100037 1.315828 0.190996 -0.000356 6.540774 0.011135
46.879044 -4.489120 2.110184 0.197075 308.857697 1.286613 0.188707 0.047720 6.533262 0.010736
47.013031 -4.413032 2.260911 0.203570 309.732025 1.253743 0.181618 0.110174 6.528654 0.009359
47.129021 -4.341624 2.356383 0.201451 310.494965 1.224857 0.170981 0.174142 6.524118 0.010948
47.263008 -4.263090 2.425494 0.146029 311.361877 1.190391 0.156996 0.254157 6.519200 0.010584
47.379997 -4.190104 2.434088 0.038369 312.123962 1.159900 0.143276 0.317420 6.519719 0.011876
47.512985 -4.102074 2.379318 -0.076395 312.990021 1.125477 0.127951 0.363098 6.516260 0.012143
47.629974 -4.022673 2.280113 -0.220287 313.751831 1.094910 0.115746 0.371673 6.520585 0.013145
47.762962 -3.943017 2.130759 -0.455733 314.624664 1.058659 0.102174 0.349382 6.520744 0.010895
47.879951 -3.876263 1.969487 -0.665925 315.380310 1.028022 0.094294 0.313307 6.521500 0.012714
48.012939 -3.797484 1.793386 -0.857626 316.253845 0.995080 0.089640 0.259859 6.528479 0.009516
48.129929 -3.748311 1.648539 -1.029408 317.010345 0.966626 0.089288 0.208142 6.525066 0.007003
48.263916 -3.690496 1.496515 -1.178462 317.882629 0.934562 0.094620 0.142989 6.512097 0.008985
48.379906 -3.628969 1.387704 -1.238800 318.643829 0.907363 0.104193 0.087588 6.508182 0.010014
48.513893 -3.562609 1.273159 -1.281863 319.508850 0.876436 0.119257 0.028764 6.508822 0.008319
48.630882 -3.518538 1.189732 -1.289043 320.269745 0.849360 0.135134 -0.017269 6.506248 0.006021
48.763870 -3.472180 1.137500 -1.246755 321.134003 0.821436 0.155877 -0.066097 6.499103 0.004931
48.880859 -3.427046 1.117768 -1.201141 321.894257 0.798366 0.173007 -0.103981 6.502274 0.006950
49.013847 -3.365898 1.124237 -1.126472 322.759033 0.772158 0.188573 -0.139414 6.509747 0.008622
49.130836 -3.285490 1.144889 -1.022525 323.520477 0.749073 0.197536 -0.164883 6.508934 0.013289
49.263824 -3.185641 1.218930 -0.923944 324.391937 0.721191 0.201299 -0.194703 6.508957 0.011481
49.380814 -3.111061 1.298335 -0.860795 325.152802 0.697062 0.198256 -0.226606 6.505215 0.009467
49.514801 -3.031445 1.407193 -0.744412 326.017181 0.670589 0.187563 -0.267075 6.500229 0.010203
49.630791 -2.956443 1.511241 -0.627838 326.777466 0.648428 0.174107 -0.297134 6.502899 0.011736
49.764778 -2.854845 1.630419 -0.524485 327.641571 0.622812 0.155862 -0.315025 6.498945 0.013867
49.881767 -2.768164 1.730103 -0.473882 328.401581 0.600806 0.139443 -0.316266 6.496114 0.012901
50.014755 -2.670730 1.831851 -0.451174 329.264679 0.574218 0.122266 -0.308112 6.486285 0.013390
50.131744 -2.583977 1.905812 -0.434206 330.022522 0.550390 0.109212 -0.296321 6.477431 0.011297
50.264732 -2.504143 1.973977 -0.405694 330.883148 0.524957 0.096992 -0.271437 6.472911 0.009713
50.381721 -2.442294 2.026378 -0.396461 331.639343 0.502674 0.089050 -0.228224 6.458265 0.009015
50.514709 -2.380190 2.068824 -0.433881 332.503082 0.476794 0.086229 -0.146168 6.444543 0.009429
50.631699 -2.326125 2.070951 -0.507777 333.249512 0.454527 0.087749 -0.054235 6.433041 0.008658
50.765690 -2.267643 2.049880 -0.566908 334.110596 0.431158 0.092524 0.060283 6.429364 0.007066
50.881680 -2.215508 1.998376 -0.596778 334.861572 0.413181 0.101198 0.149900 6.414394 0.006259
51.015667 -2.171867 1.903855 -0.641890 335.714569 0.392947 0.113887 0.228098 6.413951 0.005760
51.131657 -2.130402 1.814571 -0.715773 336.464355 0.373717 0.124871 0.275504 6.404762 0.006221
51.266647 -2.093680 1.691845 -0.823246 337.316162 0.351887 0.136966 0.308597 6.407092 0.004587
51.383636 -2.062625 1.552986 -0.865283 338.072052 0.333827 0.146842 0.327496 6.408879 0.005965
51.499626 -2.020039 1.413143 -0.875178 338.822235 0.316176 0.155967 0.340540 6.420573 0.006682
51.633614 -1.968543 1.278432 -0.864217 339.676483 0.296871 0.164347 0.347585 6.428961 0.005041
51.749603 -1.932363 1.157554 -0.853486 340.428528 0.278154 0.167936 0.340741 6.432202 0.005550
51.883591 -1.884133 1.014275 -0.869784 341.284973 0.255708 0.168358 0.315067 6.450411 0.005831
52.000580 -1.836825 0.900833 -0.795660 342.040894 0.237480 0.165644 0.279875 6.469093 0.006807
52.133568 -1.781988 0.801617 -0.643821 342.903168 0.218687 0.160741 0.226892 6.490587 0.006831
52.250557 -1.736188 0.742351 -0.474676 343.663544 0.203294 0.154177 0.170733 6.504917 0.006856
52.383545 -1.681704 0.707123 -0.279158 344.536285 0.185451 0.145843 0.093225 6.521501 0.006141
52.500534 -1.637173 0.726995 -0.163117 345.293427 0.170126 0.139299 0.023677 6.531431 0.006513
52.634521 -1.590304 0.820800 -0.050691 346.168488 0.153032 0.132314 -0.049798 6.534758 0.005078
52.751511 -1.561849 0.954786 -0.018433 346.931976 0.138122 0.126056 -0.102580 6.522962 0.003586
52.884499 -1.536371 1.135538 -0.042425 347.798401 0.120412 0.119845 -0.158949 6.509281 0.003125
53.001488 -1.514875 1.327491 -0.038226 348.558472 0.105482 0.115295 -0.211020 6.490295 0.003279
53.134476 -1.493838 1.566132 -0.093168 349.420044 0.088671 0.111789 -0.267407 6.470589 0.002540
53.251465 -1.482174 1.776090 -0.168456 350.175903 0.073863 0.109277 -0.296468 6.454939 0.002224
53.384453 -1.466974 2.003202 -0.269715 351.039764 0.057736 0.108663 -0.289417 6.436704 0.002539
53.501442 -1.457345 2.181796 -0.362432 351.786224 0.045172 0.109645 -0.250981 6.431653 0.001204
53.634430 -1.450739 2.358642 -0.450807 352.646576 0.031884 0.111421 -0.190387 6.419495 0.001705
53.751419 -1.440593 2.475578 -0.517721 353.389771 0.020999 0.113604 -0.147900 6.393988 0.001833
53.885406 -1.434081 2.564592 -0.527607 354.246033 0.007644 0.117002 -0.125816 6.388074 0.000627
54.001396 -1.433037 2.581768 -0.488598 354.992950 -0.006435 0.119930 -0.130572 6.383955 -0.000979
54.135384 -1.431027 2.538872 -0.430761 355.842804 -0.021794 0.122156 -0.149577 6.394882 -0.000998
54.252373 -1.447004 2.440817 -0.353191 356.591034 -0.035536 0.123529 -0.159377 6.399489 -0.003327
54.385361 -1.477698 2.267378 -0.183730 357.442169 -0.048941 0.124130 -0.145384 6.405797 -0.006669
54.502350 -1.528003 2.090491 -0.056287 358.192047 -0.058847 0.124001 -0.103251 6.413462 -0.008508
54.635338 -1.587497 1.864162 0.036353 359.045837 -0.071306 0.122959 -0.023948 6.425151 -0.008301
54.752327 -1.627913 1.655089 0.133110 359.798462 -0.081917 0.120400 0.059976 6.435954 -0.006193
54.885315 -1.672025 1.447184 0.234742 360.662048 -0.095088 0.115465 0.148296 6.453118 -0.006331
55.002304 -1.714051 1.287846 0.336933 361.417572 -0.106293 0.110802 0.195470 6.461733 -0.005870
55.136292 -1.752682 1.148356 0.443181 362.277924 -0.119366 0.107395 0.202982 6.476385 -0.005152
55.252281 -1.792568 1.052003 0.510213 363.035919 -0.131882 0.105922 0.178258 6.480003 -0.007252
55.386269 -1.852243 0.990717 0.583016 363.898499 -0.146180 0.105739 0.147358 6.493177 -0.008087
55.503258 -1.894061 1.001925 0.600945 364.658447 -0.159632 0.108747 0.143503 6.499125 -0.005363
55.636246 -1.937442 1.070239 0.510294 365.522369 -0.176070 0.115646 0.170035 6.496419 -0.005993
55.753235 -1.988907 1.158071 0.356039 366.282104 -0.191162 0.122020 0.196850 6.492765 -0.006619
55.886223 -2.033052 1.270902 0.252090 367.151886 -0.207104 0.127936 0.200047 6.492167 -0.005703
56.003212 -2.068674 1.407655 0.198840 367.904602 -0.221190 0.133621 0.172958 6.490236 -0.003779
56.136200 -2.113485 1.591936 0.127348 368.775330 -0.238337 0.139469 0.126527 6.501250 -0.006840
56.253189 -2.154227 1.733860 0.073204 369.528625 -0.253815 0.141650 0.097578 6.492244 -0.006185
56.387177 -2.208885 1.872525 0.023144 370.399048 -0.270532 0.139878 0.082330 6.502171 -0.008076
56.503166 -2.258157 1.995199 -0.021169 371.153412 -0.285833 0.135260 0.072197 6.505672 -0.006750
56.637154 -2.322631 2.132528 -0.088101 372.024414 -0.303386 0.126429 0.038790 6.500915 -0.008033
56.753143 -2.373520 2.241742 -0.125388 372.785187 -0.318965 0.117677 -0.015859 6.510132 -0.007647
56.887131 -2.431955 2.350794 -0.191775 373.650543 -0.337305 0.106737 -0.094305 6.498355 -0.007366
57.004120 -2.477536 2.429256 -0.225121 374.410889 -0.355121 0.098019 -0.155782 6.500827 -0.006057
57.137108 -2.527961 2.505962 -0.261571 375.275635 -0.374972 0.087164 -0.204952 6.504574 -0.005354
57.254097 -2.571818 2.572783 -0.360035 376.035706 -0.393145 0.077645 -0.228515 6.494313 -0.006395
57.387085 -2.627026 2.666340 -0.508765 376.904633 -0.415111 0.068310 -0.242281 6.482267 -0.005785
57.504074 -2.666859 2.730862 -0.609931 377.654755 -0.432338 0.063133 -0.242410 6.459942 -0.004671
57.637062 -2.704809 2.762327 -0.681874 378.519684 -0.452781 0.061206 -0.220171 6.451294 -0.003117
57.754051 -2.726764 2.768923 -0.766184 379.267456 -0.469651 0.059918 -0.177157 6.446202 -0.002004
57.888039 -2.745983 2.736087 -0.901549 380.130890 -0.486991 0.062538 -0.109896 6.441811 -0.000894
58.004028 -2.759493 2.682555 -1.015194 380.884094 -0.501181 0.067920 -0.056304 6.440894 -0.001054
58.138016 -2.768816 2.598024 -1.098473 381.739960 -0.517919 0.074095 -0.018046 6.439057 -0.000832
58.255005 -2.772321 2.522751 -1.106239 382.493378 -0.532114 0.078337 -0.007215 6.444447 0.000143
58.387993 -2.773629 2.440109 -1.099374 383.350189 -0.549568 0.082538 -0.010624 6.441654 0.000102
58.504982 -2.763965 2.368594 -1.061446 384.104736 -0.565273 0.086508 -0.018526 6.455404 0.001917
58.637970 -2.755519 2.288704 -1.065925 384.969238 -0.583796 0.090925 -0.025924 6.455285 0.001970
58.754959 -2.751065 2.235786 -1.024071 385.718658 -0.598982 0.093095 -0.021385 6.464163 0.000017
58.887947 -2.748910 2.184321 -0.992689 386.584869 -0.616442 0.091699 0.007411 6.467996 -0.000595
59.004936 -2.750453 2.140147 -0.992734 387.342041 -0.632147 0.088558 0.056892 6.474227 -0.000294
59.137924 -2.757234 2.105451 -0.957642 388.203369 -0.650671 0.082344 0.126240 6.481174 -0.001800
59.254913 -2.758931 2.084905 -0.945047 388.961578 -0.668176 0.076643 0.180859 6.480164 -0.000039
59.388901 -2.743360 2.057701 -0.872945 389.823822 -0.688021 0.070609 0.220580 6.483275 0.002039
59.505890 -2.732423 2.058582 -0.775470 390.582611 -0.704905 0.067087 0.233891 6.486152 0.001200
59.638878 -2.723581 2.072522 -0.616952 391.445465 -0.721040 0.064243 0.228608 6.491132 0.000661
59.755867 -2.711403 2.118718 -0.466516 392.205017 -0.735420 0.064034 0.207223 6.497673 0.000802
59.888855 -2.689731 2.215527 -0.306941 393.069611 -0.751046 0.067517 0.165368 6.497836 0.003382
60.005844 -2.658288 2.344090 -0.260454 393.829529 -0.765650 0.073743 0.121219 6.494232 0.005987
