1.20 1.10 20 64
0.139000 0.003801 0.041060 -0.089952 0.920070 0.000421 -0.119316 0.155498 6.700144 0.000411
0.255000 -0.013757 0.196530 -0.229206 1.693496 0.000134 -0.048453 0.171364 6.638992 -0.005738
0.389000 -0.053408 0.473190 -0.306586 2.569567 -0.000197 0.077103 0.170381 6.547235 -0.006061
0.506000 -0.095254 0.777163 -0.424993 3.329423 0.000365 0.209376 0.162550 6.460840 -0.007442
0.639000 -0.156897 1.146765 -0.613572 4.182289 -0.000218 0.365793 0.156874 6.378004 -0.008238
0.756000 -0.209329 1.457467 -0.785177 4.926746 -0.001093 0.494079 0.156240 6.361166 -0.006922
0.889000 -0.256041 1.774556 -0.971415 5.779714 -0.002055 0.615277 0.149887 6.374216 -0.004838
1.006000 -0.290513 2.009984 -1.108372 6.522231 -0.003972 0.687457 0.129329 6.423829 -0.003862
1.139000 -0.314653 2.225333 -1.244920 7.389471 -0.005940 0.726922 0.086207 6.507593 -0.002189
1.256000 -0.334439 2.347786 -1.374951 8.155775 -0.007410 0.721691 0.038828 6.582036 -0.002579
1.390000 -0.353810 2.418668 -1.485478 9.038302 -0.009248 0.672665 -0.016408 6.674943 -0.001905
1.506000 -0.362567 2.439657 -1.550983 9.823422 -0.010288 0.596979 -0.058801 6.730025 -0.001164
1.639999 -0.380900 2.393433 -1.572056 10.721420 -0.013139 0.483460 -0.097279 6.767171 -0.001921
1.756999 -0.392767 2.291977 -1.577371 11.514236 -0.016274 0.367296 -0.121648 6.783610 -0.001876
1.889999 -0.410185 2.121379 -1.640035 12.424003 -0.022989 0.231355 -0.142223 6.794436 -0.002272
2.006999 -0.437051 1.935784 -1.636359 13.211904 -0.030551 0.124397 -0.155753 6.791615 -0.003220
2.139999 -0.473675 1.726668 -1.604953 14.120679 -0.041056 0.027283 -0.166946 6.780821 -0.005311
2.256999 -0.511438 1.569874 -1.558092 14.914235 -0.051028 -0.025625 -0.168697 6.788842 -0.005473
2.389999 -0.567814 1.441643 -1.410808 15.815560 -0.061731 -0.044610 -0.153879 6.769678 -0.009018
2.506999 -0.623674 1.381243 -1.257334 16.600224 -0.069772 -0.022269 -0.129745 6.758005 -0.008859
2.625998 -0.681322 1.367850 -1.138953 17.395555 -0.079037 0.032940 -0.106055 6.729718 -0.007889
2.756999 -0.734816 1.416502 -1.053562 18.287561 -0.091522 0.126775 -0.097138 6.688296 -0.006697
2.890998 -0.790475 1.510998 -1.008660 19.172848 -0.107163 0.237053 -0.111165 6.637461 -0.007358
3.007998 -0.844377 1.615903 -0.995653 19.947401 -0.121561 0.334551 -0.129019 6.612762 -0.008132
3.140998 -0.908042 1.724749 -0.985049 20.832024 -0.136632 0.433908 -0.133676 6.591391 -0.008012
3.257998 -0.955089 1.818058 -0.914710 21.597134 -0.147725 0.501976 -0.113208 6.602266 -0.006998
3.390998 -1.012669 1.922066 -0.769338 22.484495 -0.159129 0.554114 -0.060324 6.638964 -0.008425
3.507998 -1.065179 1.982975 -0.653370 23.258049 -0.168962 0.572438 0.004061 6.688172 -0.008726
3.640998 -1.125986 2.014076 -0.470646 24.159180 -0.179736 0.560270 0.090588 6.749994 -0.007868
3.757998 -1.167034 2.025635 -0.262356 24.952456 -0.188886 0.521922 0.162133 6.803400 -0.008500
3.891997 -1.225883 2.000512 -0.008719 25.860798 -0.200874 0.454175 0.224813 6.846448 -0.009798
4.007997 -1.293540 1.957045 0.183569 26.663927 -0.212366 0.378236 0.254257 6.875498 -0.012076
4.141998 -1.376995 1.887413 0.394041 27.579454 -0.223284 0.284079 0.263256 6.891193 -0.011976
4.257998 -1.458531 1.815932 0.550675 28.386370 -0.232315 0.203174 0.255250 6.900808 -0.012766
4.391999 -1.561976 1.727897 0.638473 29.302721 -0.243079 0.120784 0.228231 6.882129 -0.013802
4.508999 -1.659159 1.664235 0.636965 30.107046 -0.254868 0.064958 0.184710 6.872475 -0.014373
4.626000 -1.748118 1.613703 0.663662 30.908617 -0.267437 0.030736 0.122657 6.841265 -0.014385
4.759000 -1.870772 1.581552 0.651951 31.816656 -0.283487 0.020426 0.039683 6.812930 -0.017110
4.876001 -1.991367 1.585486 0.649604 32.610584 -0.297743 0.035695 -0.029616 6.768138 -0.017729
5.009001 -2.142194 1.599865 0.602188 33.507900 -0.316553 0.078256 -0.089847 6.737383 -0.019346
5.126002 -2.262017 1.645132 0.613576 34.294312 -0.334397 0.131376 -0.123326 6.712812 -0.017504
5.259002 -2.400687 1.734104 0.596210 35.190189 -0.354770 0.202914 -0.141913 6.676482 -0.017735
5.376003 -2.516746 1.806959 0.583315 35.961975 -0.372591 0.266570 -0.143757 6.646213 -0.017819
5.510004 -2.656696 1.882015 0.504592 36.851498 -0.394946 0.330309 -0.132575 6.638912 -0.018546
5.626004 -2.784567 1.937693 0.422094 37.621944 -0.415118 0.371929 -0.115483 6.646726 -0.019535
5.760005 -2.944089 1.988067 0.360251 38.513180 -0.438017 0.400276 -0.094687 6.662878 -0.021175
5.876005 -3.091466 1.999213 0.280483 39.293293 -0.457374 0.406845 -0.084705 6.682884 -0.021304
6.010005 -3.261878 1.980382 0.155408 40.184261 -0.479426 0.392060 -0.085640 6.712208 -0.022015
6.127006 -3.407414 1.938120 0.041400 40.971859 -0.500674 0.360789 -0.089270 6.748555 -0.020973
6.260006 -3.569019 1.875174 -0.071155 41.871750 -0.524155 0.307411 -0.080704 6.781709 -0.019950
6.377007 -3.706317 1.810098 -0.163885 42.665092 -0.544392 0.250618 -0.051066 6.783661 -0.019256
6.510007 -3.851193 1.737069 -0.271121 43.573624 -0.568803 0.181510 0.004229 6.782022 -0.019109
6.627008 -3.987113 1.665426 -0.424179 44.365490 -0.590936 0.124633 0.055440 6.765539 -0.019094
6.761009 -4.135180 1.597344 -0.633881 45.261711 -0.616702 0.070507 0.099373 6.726091 -0.019568
6.877008 -4.271194 1.550601 -0.783561 46.046959 -0.638626 0.037584 0.118567 6.703478 -0.019695
7.011009 -4.417341 1.502409 -0.945770 46.934616 -0.664653 0.018429 0.121246 6.660799 -0.018134
7.127009 -4.539274 1.450559 -1.049066 47.710754 -0.690467 0.020787 0.110888 6.625348 -0.017915
7.261010 -4.689579 1.417780 -1.191404 48.587521 -0.720654 0.042107 0.087024 6.580117 -0.019840
7.378010 -4.821164 1.409189 -1.313447 49.354214 -0.747900 0.076548 0.057896 6.541571 -0.019002
7.511011 -4.970471 1.428128 -1.464236 50.227211 -0.778105 0.127731 0.020789 6.504772 -0.018525
7.628011 -5.086354 1.441795 -1.484138 50.978840 -0.803746 0.176674 -0.007759 6.469163 -0.016638
7.762012 -5.230482 1.460269 -1.452016 51.844372 -0.832371 0.231572 -0.032060 6.458667 -0.020397
7.878012 -5.356719 1.471804 -1.409312 52.592598 -0.857353 0.273441 -0.043965 6.454752 -0.019772
8.011013 -5.512079 1.473974 -1.369051 53.457012 -0.888112 0.309841 -0.051873 6.458275 -0.021998
8.128014 -5.663640 1.469468 -1.308369 54.213512 -0.916122 0.328326 -0.057391 6.475694 -0.023258
8.262014 -5.846767 1.440756 -1.239502 55.075230 -0.948991 0.333247 -0.064827 6.489737 -0.024492
8.379015 -6.007253 1.382720 -1.142995 55.836143 -0.979842 0.323451 -0.070850 6.515198 -0.024067
8.512015 -6.181113 1.281736 -1.025210 56.703907 -1.017080 0.296939 -0.073841 6.538241 -0.023248
8.629016 -6.336247 1.162446 -0.908290 57.469025 -1.050773 0.262929 -0.069280 6.550826 -0.024022
8.762015 -6.517243 1.011411 -0.792894 58.366646 -1.090135 0.213543 -0.051507 6.563326 -0.023716
8.880015 -6.664234 0.876422 -0.736728 59.114540 -1.125074 0.170730 -0.024232 6.568869 -0.022573
9.012015 -6.822802 0.751688 -0.699538 59.986839 -1.168149 0.123005 0.019815 6.569973 -0.020266
9.129016 -6.964513 0.677552 -0.704730 60.748005 -1.207856 0.087377 0.059276 6.569560 -0.021696
9.263017 -7.134084 0.647627 -0.673496 61.626453 -1.254854 0.059627 0.093669 6.559074 -0.022142
9.379016 -7.290772 0.681028 -0.737867 62.385277 -1.297523 0.051114 0.108018 6.542811 -0.024191
9.513017 -7.473777 0.770141 -0.810433 63.257442 -1.347880 0.058690 0.108118 6.499678 -0.023878
9.630017 -7.642348 0.870095 -0.876281 64.015099 -1.392740 0.076064 0.097391 6.480610 -0.025989
9.763018 -7.836569 1.001334 -0.934221 64.879166 -1.444484 0.107618 0.076739 6.442822 -0.025516
9.880018 -8.016912 1.122800 -1.021427 65.622948 -1.490954 0.142416 0.055532 6.414381 -0.028297
10.013019 -8.237266 1.254751 -1.118136 66.472099 -1.544902 0.185796 0.038676 6.390281 -0.028628
10.130019 -8.428827 1.352523 -1.139557 67.217369 -1.592824 0.221413 0.040979 6.378177 -0.027793
10.263020 -8.639360 1.453407 -1.180380 68.069405 -1.650196 0.252273 0.059516 6.367976 -0.028173
10.380020 -8.824259 1.512855 -1.245736 68.805283 -1.702810 0.268720 0.072146 6.362561 -0.027809
10.513021 -9.033696 1.540578 -1.389891 69.656540 -1.766400 0.273966 0.061146 6.375042 -0.025314
10.630021 -9.206816 1.530778 -1.518318 70.395065 -1.823856 0.265918 0.024277 6.393015 -0.025368
10.764022 -9.392609 1.464012 -1.669400 71.251328 -1.893471 0.244385 -0.037605 6.420809 -0.023190
10.880022 -9.545964 1.374650 -1.805053 72.001099 -1.956604 0.216003 -0.092228 6.439439 -0.022348
11.014023 -9.713488 1.250560 -2.017366 72.854652 -2.032922 0.178964 -0.145205 6.445981 -0.021963
11.131023 -9.867217 1.125020 -2.257774 73.607002 -2.101980 0.146865 -0.179568 6.467104 -0.022610
11.264024 -10.028599 0.983264 -2.518113 74.465401 -2.181997 0.113049 -0.201008 6.490931 -0.019530
11.381024 -10.163539 0.870368 -2.733863 75.222290 -2.254202 0.090945 -0.200928 6.501664 -0.019994
11.514025 -10.309341 0.794215 -2.948420 76.083595 -2.337019 0.077056 -0.179258 6.505345 -0.018714
11.631025 -10.432486 0.764985 -3.065397 76.841331 -2.412507 0.072648 -0.147734 6.508411 -0.016452
11.764026 -10.559550 0.778390 -3.084461 77.708199 -2.502241 0.078852 -0.106276 6.497040 -0.016468
11.881025 -10.660737 0.850417 -3.071328 78.457108 -2.581867 0.094396 -0.071347 6.491912 -0.015729
12.014026 -10.790700 0.967544 -3.020081 79.321991 -2.675758 0.121407 -0.032271 6.489912 -0.016794
12.131026 -10.904779 1.110360 -2.918945 80.075989 -2.758479 0.150632 0.000068 6.478479 -0.018161
12.265027 -11.049909 1.282078 -2.794678 80.930656 -2.854768 0.184294 0.034671 6.462153 -0.020503
12.381027 -11.180091 1.442904 -2.656848 81.681908 -2.941508 0.209009 0.060545 6.464418 -0.020966
12.515027 -11.343575 1.623865 -2.445531 82.535828 -3.041581 0.228750 0.085340 6.460212 -0.022990
12.632028 -11.491495 1.793870 -2.253215 83.286232 -3.130889 0.236929 0.104635 6.457956 -0.023191
12.765027 -11.659041 1.978654 -2.124648 84.139915 -3.234676 0.236602 0.128419 6.470488 -0.021067
12.882028 -11.801234 2.116445 -2.021758 84.891953 -3.326641 0.226213 0.149932 6.482547 -0.021780
13.015028 -11.969565 2.249277 -1.880822 85.754059 -3.433391 0.204915 0.167328 6.484570 -0.023486
13.132029 -12.130973 2.359249 -1.722918 86.501274 -3.527107 0.181944 0.166962 6.494121 -0.025969
13.266029 -12.321528 2.460870 -1.512746 87.363922 -3.638721 0.153688 0.144204 6.491903 -0.025751
13.382030 -12.483995 2.530204 -1.352586 88.116592 -3.738252 0.130473 0.108671 6.484342 -0.024527
13.516030 -12.673947 2.592885 -1.136032 88.971771 -3.851558 0.106595 0.060417 6.479055 -0.026849
13.633031 -12.841554 2.633965 -1.020325 89.722664 -3.954796 0.091248 0.016990 6.474602 -0.026976
13.766031 -13.038752 2.667989 -0.889033 90.575310 -4.075967 0.083066 -0.032714 6.475371 -0.026794
13.883032 -13.214026 2.692688 -0.765878 91.325203 -4.184961 0.085197 -0.073134 6.476228 -0.027918
14.016032 -13.414403 2.730786 -0.662405 92.177261 -4.310266 0.095955 -0.104673 6.470008 -0.026990
14.133033 -13.595150 2.779133 -0.664500 92.925232 -4.422346 0.111340 -0.106339 6.454931 -0.026498
14.267034 -13.806224 2.826330 -0.736383 93.779610 -4.552738 0.135009 -0.072904 6.446569 -0.028548
14.383034 -14.002802 2.866725 -0.834806 94.524971 -4.668921 0.159038 -0.021366 6.444586 -0.028463
14.584035 -14.208728 2.898848 -0.960506 95.270653 -4.785709 0.183880 0.036386 6.454964 -0.030189
14.632035 -14.439770 2.976384 -1.196377 96.068214 -4.913276 0.204529 0.094979 6.462724 -0.029919
14.765036 -14.676042 3.071037 -1.482738 96.904083 -5.047114 0.219200 0.140475 6.463427 -0.029210
14.882036 -14.893476 3.129453 -1.759880 97.656685 -5.168645 0.225670 0.168467 6.459814 -0.030894
15.015037 -15.152481 3.169638 -2.074036 98.505318 -5.307356 0.225561 0.179774 6.470061 -0.031952
15.132037 -15.388682 3.168080 -2.405493 99.252502 -5.430323 0.219087 0.166243 6.474938 -0.033381
15.266038 -15.655861 3.132643 -2.768884 100.102783 -5.571046 0.206038 0.124120 6.482141 -0.033698
15.382038 -15.912488 3.070297 -3.057831 100.851189 -5.696117 0.191913 0.072841 6.486993 -0.037391
15.516039 -16.220985 2.968388 -3.377859 101.700821 -5.839380 0.176172 0.007391 6.475203 -0.038681
15.633039 -16.491297 2.864842 -3.637330 102.447510 -5.965281 0.162741 -0.054634 6.468400 -0.038130
15.766040 -16.796627 2.722036 -3.868734 103.301727 -6.110510 0.149596 -0.135176 6.466896 -0.038057
15.883040 -17.058184 2.564232 -4.003410 104.040916 -6.237167 0.141550 -0.206926 6.467942 -0.037853
16.016041 -17.370703 2.386534 -4.132504 104.893539 -6.386609 0.140351 -0.274878 6.455317 -0.041707
16.133043 -17.657164 2.249752 -4.201249 105.630806 -6.517987 0.144400 -0.302796 6.455450 -0.043256
16.266047 -17.999895 2.105466 -4.248053 106.482269 -6.669771 0.153169 -0.294731 6.449708 -0.044798
16.383049 -18.310974 2.032283 -4.302209 107.224045 -6.803807 0.165694 -0.264647 6.438690 -0.046115
16.517052 -18.649666 1.975576 -4.315992 108.065453 -6.959664 0.184641 -0.224195 6.432138 -0.043293
16.634054 -18.949158 1.951015 -4.338003 108.804146 -7.098202 0.203575 -0.193920 6.420197 -0.044779
16.767057 -19.311722 1.958743 -4.338444 109.642189 -7.256830 0.224994 -0.161061 6.407244 -0.048274
16.884060 -19.643299 1.967651 -4.330334 110.377815 -7.399320 0.241173 -0.129958 6.402221 -0.050196
17.001062 -19.975071 1.988300 -4.339100 111.119423 -7.545306 0.252886 -0.095200 6.397890 -0.047652
17.135065 -20.333714 2.042310 -4.377021 111.954597 -7.711563 0.259215 -0.055976 6.407898 -0.048127
17.252068 -20.644053 2.104748 -4.405248 112.689011 -7.860031 0.260867 -0.021554 6.401997 -0.045538
17.385071 -20.989050 2.174905 -4.392496 113.522591 -8.032384 0.258349 0.020219 6.399476 -0.045749
17.502073 -21.286842 2.220351 -4.364965 114.254288 -8.187378 0.250593 0.062217 6.385599 -0.044229
17.635077 -21.622812 2.262282 -4.363377 115.090935 -8.368486 0.238086 0.112504 6.391489 -0.043444
17.752079 -21.905523 2.313653 -4.385311 115.814728 -8.528120 0.224547 0.149953 6.388505 -0.041226
17.885082 -22.221655 2.373070 -4.333589 116.649124 -8.716119 0.209382 0.180480 6.376625 -0.041463
18.002085 -22.495239 2.402696 -4.226860 117.376183 -8.882385 0.198074 0.195477 6.375131 -0.041059
18.136087 -22.797489 2.416857 -4.183688 118.202553 -9.076288 0.190305 0.206310 6.385764 -0.039103
18.252090 -23.068398 2.428864 -4.097076 118.930107 -9.248300 0.185262 0.218262 6.391065 -0.041588
18.386093 -23.382776 2.430073 -3.977409 119.756310 -9.445507 0.182623 0.240953 6.389032 -0.042331
18.503096 -23.666767 2.436451 -3.875292 120.482658 -9.621667 0.183520 0.267136 6.383316 -0.042788
18.636099 -23.978109 2.462716 -3.855900 121.306458 -9.825354 0.188847 0.295199 6.375511 -0.039058
18.753101 -24.234219 2.485415 -3.866705 122.029289 -10.007491 0.196348 0.307622 6.366875 -0.037735
18.886105 -24.533520 2.506223 -3.902511 122.855629 -10.220243 0.206632 0.300139 6.369883 -0.038278
19.003107 -24.778635 2.530595 -3.943120 123.570274 -10.407492 0.216109 0.275149 6.369631 -0.035979
19.136110 -25.050606 2.559459 -3.991727 124.393913 -10.627232 0.227468 0.224085 6.363535 -0.034264
19.253113 -25.278566 2.563743 -4.052699 125.107208 -10.819496 0.234555 0.160682 6.369966 -0.033582
19.387115 -25.522579 2.570707 -4.162365 125.930229 -11.045556 0.240252 0.065057 6.366755 -0.029758
19.503119 -25.736547 2.582701 -4.330879 126.647057 -11.246672 0.243560 -0.024477 6.369040 -0.031141
19.637121 -25.980169 2.602836 -4.577545 127.463570 -11.477271 0.244514 -0.115557 6.389973 -0.030793
19.754124 -26.190128 2.616625 -4.752816 128.183517 -11.681698 0.243922 -0.175215 6.398167 -0.030218
19.887127 -26.424955 2.662279 -4.947980 129.001602 -11.916870 0.242245 -0.229475 6.401184 -0.029356
20.004129 -26.627457 2.721884 -5.145651 129.727524 -12.126692 0.240235 -0.277333 6.406374 -0.028435
20.137133 -26.870777 2.799119 -5.437528 130.538330 -12.363185 0.237678 -0.335303 6.399125 -0.030561
20.254135 -27.095959 2.883313 -5.737065 131.255157 -12.574410 0.234524 -0.377233 6.385216 -0.031102
20.387138 -27.355486 2.992438 -6.062937 132.073700 -12.819225 0.231138 -0.395245 6.375231 -0.030406
20.504141 -27.572020 3.100915 -6.312644 132.780869 -13.033527 0.227736 -0.377605 6.366103 -0.030628
20.638144 -27.828426 3.259978 -6.534595 133.594727 -13.281570 0.226524 -0.326404 6.335750 -0.032132
20.754147 -28.055485 3.410948 -6.779046 134.301178 -13.500180 0.230121 -0.270088 6.309824 -0.031324
20.888149 -28.315411 3.598082 -7.063812 135.099411 -13.751377 0.237546 -0.206143 6.275638 -0.032512
21.005152 -28.558876 3.753203 -7.291393 135.798401 -13.974050 0.246593 -0.158895 6.267441 -0.035354
21.138155 -28.850529 3.868665 -7.543050 136.589462 -14.226968 0.259391 -0.111808 6.234116 -0.036151
21.255157 -29.118805 3.926377 -7.724230 137.281784 -14.449861 0.271303 -0.068545 6.203811 -0.040364
21.388161 -29.443293 3.946279 -7.890141 138.070663 -14.706837 0.285799 -0.003534 6.182713 -0.041984
21.505163 -29.743299 3.933477 -8.011830 138.751480 -14.932038 0.296217 0.066634 6.179369 -0.045214
21.638166 -30.118467 3.867210 -8.080274 139.535934 -15.194267 0.307291 0.152696 6.168239 -0.050200
21.755169 -30.472309 3.794011 -8.140325 140.213699 -15.423637 0.315676 0.213321 6.168893 -0.054394
21.889172 -30.898830 3.688920 -8.248914 140.995697 -15.692123 0.322736 0.254534 6.170644 -0.054642
22.006174 -31.270208 3.590122 -8.338549 141.677475 -15.929597 0.325749 0.261890 6.167932 -0.054445
22.139177 -31.714396 3.466498 -8.457664 142.451523 -16.201809 0.327476 0.244940 6.170814 -0.059550
22.255180 -32.129337 3.354119 -8.565311 143.131546 -16.442301 0.327522 0.214034 6.165554 -0.061926
22.389183 -32.620171 3.203601 -8.705096 143.902344 -16.719725 0.325449 0.165737 6.154757 -0.063953
22.506186 -33.054085 3.066808 -8.779297 144.579163 -16.966841 0.322997 0.118837 6.160669 -0.063294
22.639189 -33.530865 2.924280 -8.750323 145.346893 -17.249987 0.320720 0.073798 6.147777 -0.063457
22.756191 -33.958050 2.820356 -8.651819 146.019821 -17.501520 0.321319 0.055102 6.130781 -0.064822
22.889194 -34.464344 2.705184 -8.553550 146.785812 -17.793493 0.323172 0.063487 6.107455 -0.067735
23.006197 -34.917953 2.621727 -8.476044 147.451569 -18.051054 0.325411 0.087550 6.094911 -0.067963
23.139200 -35.428146 2.537337 -8.341159 148.205292 -18.345970 0.330267 0.113458 6.075596 -0.067011
23.256203 -35.874344 2.463719 -8.194812 148.864822 -18.607409 0.335628 0.123184 6.055463 -0.067953
23.390205 -36.384010 2.367530 -8.029296 149.609528 -18.907921 0.340926 0.119121 6.029956 -0.067705
23.507208 -36.828617 2.284372 -7.828834 150.261505 -19.176018 0.344796 0.107024 6.015997 -0.067550
23.640211 -37.337322 2.182147 -7.602068 150.997452 -19.484867 0.350676 0.081080 5.988638 -0.068649
23.757214 -37.781548 2.088798 -7.382369 151.640427 -19.758656 0.356563 0.041957 5.965115 -0.067149
23.890217 -38.284542 1.982259 -7.110684 152.367386 -20.072395 0.361736 -0.021862 5.942671 -0.067688
24.007219 -38.738529 1.877339 -6.865164 153.003418 -20.352131 0.365193 -0.080832 5.933513 -0.069306
24.140223 -39.253254 1.770166 -6.635256 153.727509 -20.676975 0.369185 -0.133895 5.910893 -0.067143
24.257225 -39.693092 1.677235 -6.465303 154.349823 -20.961092 0.370699 -0.159095 5.889465 -0.067971
24.391228 -40.206146 1.564955 -6.325466 155.062881 -21.293434 0.371418 -0.169789 5.860146 -0.067224
24.507231 -40.655182 1.470564 -6.237040 155.681320 -21.587318 0.371450 -0.169198 5.845220 -0.067096
24.641233 -41.162041 1.366681 -6.145634 156.379257 -21.924166 0.372047 -0.158791 5.818190 -0.066546
24.757236 -41.600937 1.294292 -6.078229 156.989197 -22.222597 0.372023 -0.141014 5.792238 -0.064975
24.891239 -42.087589 1.212401 -6.083064 157.677032 -22.565094 0.372648 -0.115861 5.763222 -0.062275
25.008242 -42.489792 1.117390 -6.117600 158.277802 -22.868679 0.373278 -0.100574 5.747622 -0.057770
25.141245 -42.909676 0.991494 -6.148057 158.957535 -23.217098 0.373469 -0.101647 5.738016 -0.054783
25.258247 -43.268898 0.871741 -6.112187 159.553055 -23.525766 0.374817 -0.115862 5.730288 -0.052410
25.391251 -43.665440 0.757173 -6.094907 160.230743 -23.881939 0.378851 -0.133513 5.699041 -0.050374
25.508253 -43.992657 0.664885 -6.083411 160.812668 -24.193502 0.384848 -0.136833 5.686016 -0.047868
25.641256 -44.336357 0.538588 -6.049354 161.480789 -24.557640 0.393127 -0.121141 5.677554 -0.042631
25.758259 -44.598385 0.434583 -5.949388 162.061707 -24.878437 0.400493 -0.093753 5.665506 -0.037381
25.892262 -44.862751 0.342413 -5.876616 162.717453 -25.247034 0.408306 -0.052181 5.648903 -0.032771
26.008265 -45.055367 0.263914 -5.761875 163.291885 -25.573591 0.414560 -0.008636 5.647114 -0.027035
26.142267 -45.255333 0.194584 -5.581013 163.941467 -25.948381 0.418608 0.051614 5.633837 -0.025303
26.259270 -45.418442 0.151877 -5.472594 164.509018 -26.283131 0.420721 0.109530 5.628227 -0.023250
26.376272 -45.565311 0.110804 -5.388968 165.074799 -26.621317 0.423342 0.166948 5.636231 -0.020096
26.509275 -45.694847 0.078006 -5.194687 165.717087 -27.010695 0.423383 0.223568 5.654508 -0.014712
26.642279 -45.795395 0.049452 -4.975636 166.357697 -27.404352 0.421025 0.268208 5.652926 -0.012803
26.759281 -45.876431 0.011496 -4.830473 166.922440 -27.758121 0.416696 0.296534 5.646861 -0.010343
26.876284 -45.928120 -0.027295 -4.691626 167.474960 -28.110886 0.411487 0.311205 5.652362 -0.006034
27.009287 -45.959225 -0.068615 -4.555675 168.105850 -28.520504 0.403525 0.303811 5.660551 -0.001626
27.126289 -45.953571 -0.089952 -4.417165 168.660263 -28.885014 0.395926 0.271421 5.678208 0.002369
27.259293 -45.919609 -0.101820 -4.203569 169.293411 -29.307976 0.386796 0.207499 5.685774 0.005582
27.376295 -45.874325 -0.095612 -4.015112 169.839920 -29.678274 0.376712 0.137126 5.698686 0.008475
27.509298 -45.798466 -0.065207 -3.750914 170.470108 -30.112534 0.362959 0.050159 5.718320 0.011406
27.626301 -45.717831 -0.028008 -3.522577 171.013580 -30.493076 0.352370 -0.024452 5.721851 0.012056
27.760303 -45.610840 -0.019023 -3.247865 171.639420 -30.938545 0.341597 -0.105702 5.743484 0.015770
27.876307 -45.502747 -0.004941 -3.013517 172.185287 -31.332344 0.332448 -0.171182 5.757451 0.015930
28.010309 -45.379879 0.036726 -2.817819 172.803619 -31.786577 0.322213 -0.235568 5.776048 0.016336
28.127312 -45.273483 0.066032 -2.738719 173.346542 -32.190830 0.314166 -0.279585 5.790752 0.015847
28.260315 -45.145023 0.102148 -2.552434 173.963287 -32.654354 0.306826 -0.310267 5.807889 0.017028
28.377317 -45.015488 0.122479 -2.399933 174.509506 -33.069294 0.302802 -0.319712 5.817858 0.019496
28.510321 -44.846893 0.132557 -2.182987 175.125534 -33.541252 0.299975 -0.310360 5.846824 0.024519
28.627323 -44.675064 0.124262 -1.981352 175.663147 -33.957150 0.299368 -0.285590 5.873804 0.026073
28.761326 -44.466019 0.100276 -1.727019 176.286041 -34.443291 0.299558 -0.235816 5.910482 0.027662
28.877329 -44.280182 0.073614 -1.515388 176.826065 -34.868153 0.300616 -0.177237 5.933805 0.028954
29.011332 -44.055443 0.021370 -1.301100 177.450729 -35.363819 0.300877 -0.099327 5.966144 0.029930
29.128334 -43.837456 -0.030207 -1.125700 177.997726 -35.800011 0.300219 -0.036503 5.988390 0.034149
29.261337 -43.568939 -0.096261 -1.007853 178.620697 -36.301502 0.295664 0.018231 6.037664 0.037640
29.378340 -43.305119 -0.150947 -0.908586 179.173630 -36.746098 0.291722 0.048607 6.081809 0.040665
29.511343 -42.988777 -0.211947 -0.814996 179.805481 -37.255379 0.285806 0.073294 6.117871 0.042617
29.628345 -42.697517 -0.256873 -0.710595 180.363068 -37.707371 0.277692 0.096254 6.144803 0.044442
29.761349 -42.349937 -0.293692 -0.648200 181.003525 -38.229240 0.267178 0.130279 6.177739 0.045637
29.878351 -42.044449 -0.295899 -0.598058 181.560104 -38.683525 0.257266 0.161800 6.201943 0.045754
30.012354 -41.686028 -0.296722 -0.547058 182.206177 -39.211109 0.244756 0.191976 6.240559 0.049307
30.128357 -41.343868 -0.265057 -0.544636 182.771942 -39.674000 0.235660 0.207943 6.252792 0.052495
30.262360 -40.924809 -0.200001 -0.601984 183.413895 -40.203529 0.227675 0.218413 6.263310 0.056441
30.378363 -40.532906 -0.117217 -0.650776 183.979630 -40.670563 0.222288 0.225691 6.275456 0.059918
30.512365 -40.073631 -0.021190 -0.662633 184.625732 -41.201420 0.219460 0.231748 6.293886 0.061339
30.629368 -39.655327 0.058079 -0.665608 185.197617 -41.668480 0.220907 0.229563 6.323480 0.063482
30.762371 -39.159824 0.146237 -0.699378 185.850952 -42.199459 0.223402 0.212650 6.334933 0.066522
30.879374 -38.706440 0.228704 -0.754866 186.427109 -42.666817 0.226981 0.185897 6.346594 0.068242
31.012377 -38.171360 0.310930 -0.794781 187.090240 -43.203148 0.231553 0.147979 6.373683 0.071753
31.129379 -37.689449 0.377348 -0.844193 187.666565 -43.668633 0.237532 0.113676 6.395909 0.074007
31.262383 -37.112514 0.453165 -0.858279 188.335739 -44.205948 0.246647 0.070148 6.410535 0.075110
31.380384 -36.608185 0.517616 -0.858604 188.923096 -44.673454 0.254866 0.025802 6.420882 0.075450
31.513388 -36.002274 0.576897 -0.810873 189.593765 -45.204296 0.263848 -0.033735 6.436258 0.082705
31.629391 -35.437901 0.615482 -0.711673 190.186905 -45.669662 0.271816 -0.088918 6.454497 0.084359
31.763393 -34.777775 0.637942 -0.569221 190.865219 -46.198303 0.280324 -0.152493 6.476074 0.087200
31.880396 -34.169910 0.636208 -0.440084 191.465317 -46.662952 0.287250 -0.207696 6.496205 0.092306
32.013397 -33.441650 0.611948 -0.262738 192.153091 -47.189587 0.293049 -0.272577 6.522862 0.095177
32.130386 -32.804234 0.587584 -0.091064 192.762878 -47.650425 0.297631 -0.326247 6.539774 0.094234
32.263374 -32.073864 0.558368 0.084351 193.461823 -48.172817 0.300846 -0.370676 6.572654 0.096988
32.380363 -31.417458 0.542005 0.280915 194.081879 -48.630093 0.302143 -0.381196 6.589287 0.097530
32.513351 -30.660204 0.512351 0.530135 194.797394 -49.149578 0.302706 -0.353833 6.603456 0.097974
32.630341 -29.990248 0.485507 0.723995 195.426041 -49.600792 0.303785 -0.300242 6.618081 0.099666
32.763329 -29.221052 0.469142 0.972214 196.144562 -50.110809 0.305625 -0.216593 6.628626 0.101434
32.881317 -28.538496 0.475907 1.256470 196.781128 -50.553852 0.308261 -0.133036 6.628181 0.101735
33.014305 -27.759974 0.487478 1.579167 197.507935 -51.052021 0.312581 -0.030345 6.629950 0.101946
33.131294 -27.072863 0.500320 1.811455 198.151505 -51.485420 0.314727 0.056994 6.634084 0.102794
33.264282 -26.276985 0.509806 2.091151 198.888275 -51.972771 0.317402 0.143823 6.643434 0.104882
33.381271 -25.574648 0.522112 2.364830 199.539886 -52.396111 0.319619 0.197449 6.644873 0.104268
33.514259 -24.782871 0.538003 2.745812 200.290512 -52.874001 0.320426 0.233605 6.642972 0.101482
33.631248 -24.098927 0.554054 3.094951 200.948364 -53.287331 0.321695 0.248258 6.637414 0.101420
33.764236 -23.312595 0.596500 3.532781 201.697998 -53.751129 0.322700 0.254853 6.624127 0.103840
33.881226 -22.616558 0.654436 3.922396 202.355270 -54.149151 0.324463 0.251201 6.625578 0.104443
34.014214 -21.816530 0.734915 4.274946 203.116455 -54.604107 0.327346 0.232824 6.612158 0.103648
34.131203 -21.113159 0.825654 4.580060 203.782211 -54.994305 0.329473 0.205307 6.582811 0.104285
34.265190 -20.321877 0.931571 4.867405 204.540268 -55.428028 0.333386 0.167327 6.551708 0.103126
34.381180 -19.630543 1.018116 5.019403 205.207230 -55.804173 0.336286 0.136483 6.540073 0.101409
34.516171 -18.856560 1.124108 5.175901 205.973114 -56.224560 0.340080 0.110373 6.508602 0.099042
34.632160 -18.189171 1.211108 5.328777 206.644073 -56.583572 0.344807 0.096022 6.500219 0.098096
34.766151 -17.444843 1.306386 5.465445 207.408203 -56.984234 0.351825 0.084698 6.480635 0.097442
34.883141 -16.797136 1.374618 5.504629 208.081345 -57.329556 0.358350 0.071371 6.456887 0.094729
35.017128 -16.072952 1.418856 5.517148 208.855011 -57.716824 0.366825 0.039730 6.454914 0.093613
35.133118 -15.458965 1.434686 5.498203 209.527100 -58.045975 0.376407 -0.005625 6.445231 0.091540
35.266106 -14.755912 1.436204 5.505259 210.305695 -58.417431 0.388304 -0.070676 6.432256 0.091140
35.383095 -14.151685 1.410431 5.440463 210.987778 -58.735291 0.398905 -0.121887 6.427831 0.089210
35.517082 -13.473681 1.373795 5.317846 211.765549 -59.090374 0.408530 -0.162231 6.430837 0.089685
35.634071 -12.887750 1.353292 5.180623 212.451981 -59.398453 0.414336 -0.184372 6.429117 0.087959
35.767059 -12.242127 1.345589 4.944064 213.235245 -59.742901 0.418498 -0.208614 6.438633 0.083255
35.884048 -11.690794 1.341353 4.776499 213.928436 -60.038807 0.418240 -0.230692 6.443889 0.081610
36.017036 -11.068671 1.324583 4.696510 214.720337 -60.366806 0.416754 -0.246973 6.448938 0.081540
36.134026 -10.540927 1.327387 4.626097 215.420334 -60.649349 0.413078 -0.240286 6.458087 0.078505
36.251015 -10.026439 1.324277 4.518979 216.123535 -60.927322 0.408148 -0.212155 6.463626 0.076441
36.384003 -9.434876 1.318821 4.456344 216.925598 -61.236683 0.402619 -0.166004 6.463243 0.077588
36.500992 -8.938268 1.323358 4.380459 217.633865 -61.502953 0.397529 -0.124470 6.470090 0.072451
36.633980 -8.396483 1.378775 4.291703 218.447510 -61.800858 0.391154 -0.081523 6.468600 0.069382
36.750969 -7.935883 1.441718 4.277142 219.154373 -62.050159 0.386968 -0.045443 6.461023 0.070093
36.883957 -7.398424 1.542226 4.277209 219.973953 -62.331753 0.384817 -0.002769 6.470280 0.071095
37.000946 -6.937181 1.664762 4.222943 220.691635 -62.572121 0.385081 0.033262 6.465252 0.067816
37.134933 -6.446538 1.849443 4.057757 221.508347 -62.838173 0.387302 0.066957 6.452571 0.064184
37.250923 -6.036224 2.023857 4.003822 222.228455 -63.064323 0.389737 0.088488 6.448423 0.059217
37.384911 -5.589125 2.229181 4.031878 223.049072 -63.313519 0.394415 0.107000 6.443630 0.058752
37.501900 -5.207396 2.421891 4.060057 223.771790 -63.527695 0.400095 0.123344 6.439714 0.054939
37.634888 -4.797239 2.646118 4.121017 224.595047 -63.764595 0.405506 0.150794 6.434485 0.051945
37.751877 -4.442269 2.815745 4.232195 225.320053 -63.967297 0.406692 0.188638 6.434255 0.051923
37.884865 -4.056308 2.979172 4.379018 226.146881 -64.193008 0.405619 0.246728 6.447422 0.048066
38.001854 -3.744791 3.085100 4.352884 226.877274 -64.387436 0.403444 0.302206 6.471334 0.046047
38.134842 -3.396260 3.160757 4.270932 227.718430 -64.603973 0.399602 0.353034 6.490345 0.045604
38.251831 -3.102280 3.207206 4.169706 228.449432 -64.789658 0.393981 0.369192 6.503421 0.044692
38.385818 -2.771337 3.216177 4.096679 229.296021 -64.997063 0.385835 0.343278 6.505451 0.042876
38.501808 -2.484764 3.178545 4.047385 230.031769 -65.170555 0.377897 0.279748 6.521355 0.044230
38.635796 -2.143037 3.102882 3.991789 230.884445 -65.362488 0.369016 0.162883 6.523102 0.044852
38.752785 -1.858478 3.023945 3.964586 231.631134 -65.524086 0.364151 0.038485 6.535886 0.043113
38.885773 -1.531881 2.913612 3.986941 232.483383 -65.702110 0.362217 -0.110102 6.555943 0.042580
39.002762 -1.248559 2.812339 4.045248 233.236801 -65.853676 0.363535 -0.225723 6.576069 0.042511
39.135750 -0.918530 2.692434 4.116852 234.102768 -66.024925 0.368107 -0.329953 6.595367 0.042277
39.252739 -0.647384 2.608182 4.141360 234.854294 -66.170013 0.373941 -0.390229 6.602925 0.039627
39.385727 -0.348181 2.519144 4.179378 235.725418 -66.332703 0.378975 -0.428421 6.619173 0.037984
39.502716 -0.096710 2.450105 4.237502 236.481644 -66.468056 0.383541 -0.432601 6.631827 0.037861
39.635704 0.175779 2.394213 4.246678 237.359329 -66.620224 0.389099 -0.399851 6.654385 0.034649
39.752693 0.404169 2.385432 4.223762 238.127930 -66.749077 0.389949 -0.339823 6.664284 0.034430
39.886681 0.662631 2.419506 4.185883 239.003967 -66.890930 0.386522 -0.243190 6.683333 0.033720
40.003670 0.888593 2.492292 4.160608 239.776001 -67.011696 0.379575 -0.148781 6.675608 0.033888
40.136658 1.142813 2.611448 4.197400 240.654236 -67.142021 0.368626 -0.038412 6.676791 0.032850
40.253647 1.360072 2.764114 4.256579 241.428131 -67.250854 0.358762 0.051903 6.675746 0.031731
40.386635 1.595694 2.966898 4.357678 242.306366 -67.368088 0.346840 0.140991 6.650996 0.028964
40.503624 1.788620 3.157593 4.473879 243.077789 -67.467278 0.334833 0.195242 6.643275 0.027382
40.636612 2.009804 3.361857 4.601229 243.959366 -67.575226 0.319491 0.222673 6.619862 0.027790
40.753601 2.190458 3.505149 4.743223 244.721512 -67.663841 0.308516 0.217619 6.609048 0.025068
40.887589 2.385357 3.648024 4.880425 245.600739 -67.762039 0.299669 0.187179 6.593034 0.024979
41.003578 2.555084 3.754447 4.928989 246.366608 -67.844231 0.294129 0.147636 6.584439 0.025144
41.137566 2.757249 3.839836 4.981239 247.237411 -67.933006 0.289339 0.092034 6.578225 0.026821
41.254555 2.947159 3.859251 5.073569 248.001480 -68.006760 0.287304 0.043252 6.552279 0.027131
41.387543 3.161881 3.812653 5.185271 248.875610 -68.086952 0.287908 0.004068 6.551444 0.026756
41.504532 3.344674 3.706688 5.291347 249.633621 -68.153008 0.289005 -0.003795 6.567920 0.026160
41.637520 3.532131 3.528666 5.337785 250.505325 -68.224892 0.293903 0.018029 6.580091 0.022423
41.754509 3.679729 3.328878 5.356875 251.274536 -68.285164 0.299825 0.052977 6.605975 0.021949
41.887497 3.855830 3.057287 5.383414 252.158905 -68.350281 0.305672 0.092596 6.625362 0.023298
42.004486 4.004049 2.804391 5.339778 252.927353 -68.403076 0.309836 0.111765 6.647891 0.023896
42.137474 4.179000 2.491194 5.250518 253.818771 -68.460426 0.313767 0.104898 6.680006 0.023417
42.254463 4.328152 2.225113 5.139603 254.594284 -68.507713 0.314114 0.069668 6.702208 0.022799
42.388451 4.486529 1.934508 4.944742 255.493362 -68.559250 0.311837 0.002243 6.731170 0.021696
42.504440 4.615361 1.702258 4.747741 256.281464 -68.600197 0.306789 -0.062625 6.754955 0.020807
42.638428 4.745535 1.503494 4.514677 257.179932 -68.642433 0.299477 -0.122413 6.772909 0.016140
42.755417 4.854407 1.367816 4.344703 257.973053 -68.674629 0.291677 -0.148055 6.788024 0.018192
42.888409 4.979547 1.305538 4.143514 258.875946 -68.707886 0.282398 -0.143535 6.797822 0.018280
43.005398 5.087870 1.301105 3.967144 259.671814 -68.733871 0.272258 -0.116818 6.808961 0.017231
43.138386 5.211297 1.354936 3.739481 260.583557 -68.758049 0.258686 -0.075760 6.805852 0.015992
43.255375 5.306125 1.444380 3.513529 261.372192 -68.774109 0.246293 -0.047005 6.798362 0.014056
43.389362 5.403439 1.591980 3.211888 262.282227 -68.788612 0.236029 -0.033498 6.789326 0.013667
43.505352 5.478929 1.756814 2.937171 263.076263 -68.797012 0.230374 -0.034277 6.783176 0.013034
43.639339 5.573061 1.959355 2.630980 263.977448 -68.802841 0.223996 -0.031760 6.763381 0.014893
43.755329 5.656174 2.162886 2.390460 264.767242 -68.806381 0.220174 -0.012216 6.734266 0.013517
43.889317 5.743653 2.375571 2.213124 265.667786 -68.806541 0.217795 0.033656 6.705518 0.012765
44.006306 5.826281 2.538450 2.050737 266.444000 -68.804504 0.216036 0.083935 6.681359 0.014353
44.139294 5.936928 2.689009 1.862663 267.331177 -68.799301 0.213476 0.142632 6.666999 0.016298
44.256283 6.033497 2.785892 1.700978 268.110962 -68.792305 0.212133 0.189698 6.667699 0.015052
44.389271 6.144293 2.848886 1.545272 269.004944 -68.780914 0.210862 0.236613 6.677798 0.015997
44.506260 6.251270 2.853884 1.469575 269.778656 -68.769913 0.208245 0.263380 6.667021 0.017423
44.640247 6.378719 2.812741 1.430817 270.672363 -68.755486 0.205104 0.264104 6.667924 0.016781
44.756237 6.499104 2.743727 1.458012 271.445892 -68.738983 0.203538 0.230625 6.671411 0.018866
44.890224 6.648965 2.671164 1.534541 272.339935 -68.718857 0.204630 0.154858 6.680643 0.019249
45.006214 6.782804 2.615993 1.626502 273.122253 -68.700279 0.206530 0.071905 6.691888 0.020104
45.143204 6.950516 2.531113 1.750613 274.013184 -68.676308 0.208266 -0.024354 6.706278 0.021472
45.257195 7.087860 2.455001 1.844446 274.798523 -68.654510 0.209133 -0.099085 6.719652 0.018955
45.390182 7.239733 2.373245 1.993059 275.699036 -68.626556 0.210357 -0.171368 6.729045 0.019232
45.507172 7.375162 2.305521 2.107649 276.480133 -68.599472 0.211358 -0.221945 6.741029 0.019691
45.640160 7.527700 2.239620 2.220773 277.376160 -68.564934 0.210767 -0.265153 6.748687 0.019600
45.757149 7.666933 2.187427 2.323105 278.165070 -68.532387 0.207654 -0.285615 6.748137 0.021836
45.891136 7.826942 2.151299 2.532363 279.068695 -68.490509 0.202403 -0.288364 6.749178 0.018437
46.007126 7.951426 2.142787 2.735676 279.857391 -68.452248 0.196490 -0.278165 6.751640 0.017262
46.141113 8.099322 2.151952 2.910089 280.754303 -68.407341 0.189138 -0.261226 6.752812 0.019015
46.257103 8.253640 2.177431 3.015606 281.542725 -68.364708 0.182249 -0.247612 6.746662 0.023774
46.391090 8.437606 2.247885 3.115163 282.438446 -68.314705 0.174954 -0.232836 6.739150 0.024410
46.508080 8.614594 2.329068 3.227927 283.224762 -68.267288 0.168434 -0.218074 6.729938 0.026716
46.641068 8.827086 2.446220 3.329524 284.117188 -68.210533 0.160368 -0.197813 6.714024 0.028087
46.758057 9.020184 2.540322 3.414973 284.899536 -68.157074 0.151964 -0.177801 6.695916 0.027896
46.875046 9.228279 2.623120 3.506634 285.679779 -68.101158 0.143010 -0.153118 6.680250 0.032054
47.008034 9.471012 2.691486 3.527285 286.570984 -68.036804 0.132742 -0.109380 6.659483 0.031878
47.125023 9.678340 2.737043 3.522573 287.339996 -67.977852 0.125905 -0.050571 6.639759 0.030969
47.258011 9.920966 2.771481 3.520927 288.218536 -67.907555 0.119505 0.040545 6.613307 0.032616
47.375000 10.134377 2.794486 3.472058 288.988464 -67.844650 0.117449 0.133057 6.598853 0.032116
47.507988 10.388180 2.788585 3.348545 289.866455 -67.770546 0.117774 0.239683 6.563183 0.034947
47.624977 10.621790 2.755344 3.241238 290.623871 -67.703911 0.119761 0.325628 6.549916 0.035976
47.758965 10.899772 2.684008 3.084541 291.495209 -67.625046 0.123199 0.409193 6.519500 0.038009
47.874954 11.141337 2.612685 2.885936 292.253540 -67.554771 0.125007 0.463197 6.505687 0.036536
48.008942 11.424247 2.504003 2.655083 293.112854 -67.471886 0.127116 0.496873 6.480259 0.040432
48.124931 11.684322 2.413867 2.502953 293.866180 -67.394203 0.127786 0.501853 6.469108 0.039156
48.258919 11.967568 2.318689 2.319974 294.721008 -67.303665 0.126200 0.485141 6.454207 0.037322
48.375908 12.227168 2.237660 2.195097 295.469666 -67.221207 0.124072 0.455199 6.429285 0.041039
48.508896 12.548751 2.161893 2.137467 296.318054 -67.123672 0.121676 0.402639 6.414303 0.043583
48.625885 12.838490 2.091664 2.107348 297.062775 -67.035767 0.119221 0.336215 6.403132 0.042966
48.759876 13.161853 2.015675 2.100539 297.913940 -66.931999 0.117415 0.235426 6.393708 0.041832
48.875866 13.444985 1.980336 2.154180 298.648590 -66.838280 0.118665 0.132679 6.374463 0.041623
49.009853 13.781348 1.966323 2.251738 299.495026 -66.726425 0.121432 0.003473 6.369208 0.045005
49.125843 14.098306 1.968953 2.342592 300.233185 -66.626335 0.123811 -0.107959 6.366517 0.047563
49.259830 14.494488 1.983045 2.517974 301.072052 -66.509384 0.125378 -0.229990 6.364113 0.053417
49.375820 14.859768 2.037339 2.646057 301.808197 -66.404869 0.126977 -0.323839 6.350609 0.053684
49.509808 15.254326 2.118225 2.761733 302.643616 -66.282349 0.127252 -0.409979 6.347213 0.049793
49.626797 15.601996 2.208823 2.898504 303.377136 -66.171066 0.124804 -0.457827 6.335508 0.051662
49.759785 16.009274 2.333261 3.083517 304.210114 -66.040871 0.120390 -0.479627 6.342033 0.054086
49.876774 16.385098 2.450566 3.227528 304.942169 -65.923920 0.115072 -0.476194 6.335712 0.056308
50.009762 16.819624 2.588991 3.361910 305.778717 -65.786858 0.108253 -0.460020 6.322990 0.056537
50.126751 17.200602 2.711821 3.459952 306.508118 -65.665886 0.101558 -0.444303 6.316694 0.056621
50.260738 17.637556 2.845260 3.569876 307.334351 -65.526726 0.092593 -0.421493 6.288095 0.055341
50.376728 18.006596 2.960171 3.672786 308.051300 -65.401817 0.082935 -0.389769 6.264340 0.054959
50.510715 18.431318 3.090261 3.787629 308.875610 -65.254471 0.069403 -0.331829 6.235913 0.054817
50.626705 18.799904 3.192967 3.851056 309.591736 -65.124115 0.058568 -0.267473 6.204583 0.055423
50.760693 19.231371 3.274557 3.869025 310.408447 -64.971764 0.046532 -0.187127 6.189477 0.056541
50.877682 19.613455 3.322825 3.894720 311.112396 -64.836052 0.036155 -0.120953 6.177187 0.056523
51.011669 20.066032 3.343186 3.960487 311.921295 -64.674164 0.028029 -0.048581 6.146949 0.057459
51.127659 20.456362 3.334355 4.023564 312.619385 -64.531303 0.023180 0.011532 6.139964 0.058763
51.260647 20.920942 3.323345 4.074826 313.418304 -64.366425 0.018703 0.087230 6.123563 0.061223
51.377636 21.335445 3.307430 4.109730 314.123993 -64.217781 0.016355 0.163654 6.103579 0.061006
51.511623 21.809671 3.263286 4.216043 314.914490 -64.045692 0.017070 0.263831 6.068818 0.063307
51.627613 22.246920 3.221927 4.364758 315.600922 -63.893162 0.020801 0.355323 6.057808 0.065256
51.761600 22.770708 3.199732 4.563490 316.390717 -63.712776 0.027403 0.454657 6.041323 0.065803
51.877590 23.226265 3.177443 4.743046 317.079132 -63.554310 0.032656 0.520467 6.035176 0.066979
52.012581 23.760899 3.145164 4.966108 317.864563 -63.370422 0.037712 0.560979 6.014636 0.067513
52.129570 24.234837 3.126491 5.250710 318.547485 -63.206581 0.040538 0.558680 5.991610 0.068754
52.262558 24.777563 3.126470 5.651023 319.319641 -63.015453 0.042502 0.511728 5.970498 0.068066
52.379547 25.246948 3.150492 6.016742 319.995575 -62.844051 0.041766 0.438048 5.949929 0.067476
52.513538 25.790728 3.199818 6.441566 320.767853 -62.645046 0.039333 0.332550 5.949541 0.067410
52.629528 26.260084 3.278713 6.768233 321.434357 -62.470303 0.037325 0.242425 5.931582 0.068199
52.763515 26.809114 3.424092 7.100782 322.199463 -62.264568 0.033962 0.153162 5.898935 0.068953
52.879505 27.281807 3.586685 7.323965 322.858154 -62.083664 0.029973 0.094305 5.880782 0.069246
53.012493 27.835627 3.795288 7.529311 323.616241 -61.872997 0.025582 0.041166 5.861054 0.071117
53.130482 28.328520 4.009609 7.746768 324.273743 -61.687592 0.022708 -0.001606 5.827799 0.071242
53.263470 28.896410 4.281483 7.927211 325.016113 -61.475029 0.020660 -0.062652 5.786594 0.073903
53.379459 29.398582 4.534769 8.054155 325.665039 -61.286484 0.019877 -0.135975 5.768242 0.073893
53.513447 29.993877 4.833788 8.207412 326.404541 -61.068386 0.022431 -0.248270 5.734125 0.077533
53.630436 30.523888 5.095800 8.352999 327.039490 -60.877022 0.027450 -0.358265 5.707831 0.078046
53.763424 31.151209 5.393136 8.566566 327.769104 -60.653557 0.035590 -0.479884 5.684578 0.080678
53.880413 31.714340 5.633584 8.761747 328.396484 -60.458092 0.043973 -0.559167 5.651543 0.082471
54.013401 32.380703 5.890366 9.061365 329.118011 -60.230965 0.054895 -0.606086 5.640785 0.084135
54.130390 32.967201 6.065065 9.375935 329.740814 -60.034035 0.063576 -0.601033 5.623311 0.082492
54.265381 33.654922 6.202502 9.762397 330.458069 -59.803349 0.071504 -0.540886 5.617238 0.084627
54.380371 34.250919 6.263961 10.135276 331.082458 -59.599274 0.076795 -0.445181 5.614322 0.082258
54.514359 34.927242 6.274332 10.660566 331.790985 -59.363010 0.081697 -0.297171 5.613602 0.080387
54.630348 35.518703 6.260904 11.122868 332.413483 -59.151985 0.085970 -0.154889 5.620432 0.081426
54.764336 36.198143 6.207334 11.626117 333.121979 -58.910835 0.090033 -0.005653 5.630951 0.081671
54.881325 36.809856 6.133349 12.088277 333.745026 -58.696033 0.092310 0.092459 5.633810 0.085002
55.014313 37.513103 6.055629 12.602297 334.452576 -58.450279 0.093106 0.161107 5.623319 0.084685
55.131302 38.132774 5.990570 13.067724 335.078308 -58.229881 0.094318 0.189943 5.618406 0.084304
55.264290 38.838840 5.925915 13.574012 335.782806 -57.979435 0.098042 0.203831 5.625302 0.086144
55.381279 39.445656 5.869216 13.963100 336.396637 -57.759281 0.102963 0.210823 5.618022 0.084253
55.515266 40.128948 5.828974 14.401070 337.103912 -57.501892 0.111253 0.223548 5.617216 0.083080
55.631256 40.731071 5.828830 14.755510 337.715210 -57.278347 0.122197 0.243209 5.614268 0.086913
55.765244 41.427391 5.848425 15.071535 338.418732 -57.019478 0.138629 0.276832 5.588675 0.085552
55.881233 42.015877 5.877126 15.278111 339.030914 -56.791698 0.153508 0.307027 5.574297 0.084335
56.015221 42.689999 5.892480 15.576762 339.721802 -56.528896 0.170917 0.331056 5.545155 0.083270
56.132210 43.271248 5.925507 15.872906 340.326569 -56.295483 0.186892 0.336192 5.538948 0.081412
56.249199 43.825249 5.982025 16.162022 340.930908 -56.060181 0.203224 0.325642 5.541897 0.074836
56.382187 44.417580 6.035753 16.498705 341.616302 -55.789753 0.221565 0.299026 5.539003 0.070262
56.499176 44.909359 6.074450 16.842323 342.217621 -55.549679 0.237082 0.264201 5.525771 0.066314
56.632164 45.446430 6.124665 17.233070 342.903595 -55.272007 0.255005 0.210070 5.524144 0.063603
56.749153 45.887733 6.179441 17.542597 343.496521 -55.029411 0.270061 0.152961 5.525552 0.060622
56.882141 46.381878 6.230171 17.885017 344.181030 -54.747601 0.287740 0.083472 5.524284 0.056339
56.999130 46.778038 6.259624 18.165928 344.773560 -54.502571 0.303190 0.029408 5.530167 0.054420
57.132118 47.227119 6.265609 18.509562 345.457489 -54.218407 0.320942 -0.020578 5.524649 0.053383
57.249107 47.588165 6.257606 18.777943 346.048889 -53.970131 0.334582 -0.055295 5.531743 0.047991
57.382095 47.963833 6.240767 18.984749 346.730804 -53.681477 0.347968 -0.092431 5.523226 0.043704
57.499084 48.250004 6.252766 19.070477 347.325256 -53.427513 0.359018 -0.127268 5.527535 0.040864
57.633072 48.547791 6.258657 19.180464 348.000793 -53.135986 0.374023 -0.174535 5.535718 0.035279
57.750061 48.780052 6.240708 19.292471 348.595154 -52.877472 0.389599 -0.226101 5.545426 0.032225
57.883049 49.020607 6.210790 19.324640 349.269684 -52.580578 0.407281 -0.296889 5.535097 0.030194
58.000038 49.200214 6.165936 19.298967 349.860809 -52.316158 0.426135 -0.365693 5.532476 0.025909
58.134026 49.372593 6.101713 19.220541 350.536804 -52.010147 0.450768 -0.437607 5.546248 0.020882
58.250015 49.491890 6.030076 19.126047 351.122101 -51.742554 0.471724 -0.477682 5.551339 0.018326
58.383003 49.603893 5.944130 19.022749 351.797791 -51.429230 0.494050 -0.488497 5.567610 0.016043
58.499992 49.677521 5.871397 18.863325 352.383484 -51.154915 0.511986 -0.466858 5.580498 0.012225
58.633980 49.734180 5.779484 18.671713 353.061707 -50.834362 0.531988 -0.412078 5.608961 0.008301
58.749969 49.755974 5.707102 18.448833 353.656097 -50.551624 0.549440 -0.342171 5.636915 0.004607
58.883961 49.740944 5.623567 18.177202 354.333282 -50.225403 0.566121 -0.231249 5.665453 -0.000874
58.999950 49.687813 5.550418 17.857977 354.931152 -49.934177 0.577402 -0.109437 5.701923 -0.005089
59.133938 49.586948 5.451124 17.427603 355.614044 -49.598518 0.587182 0.048463 5.735975 -0.009057
59.250927 49.464970 5.365370 17.032562 356.216400 -49.299072 0.592821 0.182361 5.754898 -0.014584
59.383915 49.298923 5.259645 16.550680 356.908905 -48.952366 0.598121 0.312049 5.796851 -0.016784
59.500904 49.149296 5.144950 16.163635 357.511078 -48.648861 0.602302 0.391040 5.819990 -0.017751
59.633892 48.956512 5.014282 15.730776 358.206390 -48.294094 0.607173 0.445325 5.829495 -0.022252
59.750881 48.761673 4.890505 15.394307 358.807526 -47.981358 0.611399 0.466908 5.849235 -0.026847
59.884869 48.512608 4.756407 14.975436 359.503662 -47.614685 0.617065 0.476479 5.885948 -0.028916
60.000858 48.282223 4.642523 14.579179 360.112976 -47.289745 0.623443 0.481828 5.912705 -0.029565
