1.20 1.10 20 64
0.140000 0.014421 0.141290 -0.098945 0.986496 -0.000579 -0.135866 0.223692 6.773383 0.003197
0.257000 0.031923 0.532458 -0.232683 1.777479 -0.002739 -0.078178 0.246876 6.744385 0.001679
0.390000 0.059237 1.215193 -0.291121 2.675641 -0.005865 0.033586 0.258268 6.668232 0.004715
0.507000 0.096853 1.947491 -0.353426 3.443579 -0.008483 0.152854 0.266233 6.590406 0.005553
0.640000 0.142899 2.870839 -0.450791 4.319964 -0.012601 0.297338 0.281660 6.501779 0.006808
0.757000 0.193870 3.679317 -0.541072 5.072130 -0.016246 0.413496 0.301093 6.479550 0.009638
0.891000 0.278672 4.580267 -0.636659 5.940014 -0.020340 0.523444 0.328206 6.480527 0.012937
1.007000 0.364943 5.316674 -0.695138 6.700207 -0.024569 0.589002 0.347946 6.512730 0.014699
1.141000 0.485666 6.068093 -0.740212 7.571884 -0.028775 0.623965 0.350391 6.586360 0.016990
1.258000 0.600119 6.630690 -0.795745 8.342401 -0.031728 0.619666 0.320009 6.543435 0.018007
1.391000 0.743463 7.197265 -0.818456 9.209305 -0.035355 0.578784 0.242118 6.419073 0.018949
1.508000 0.879526 7.619904 -0.807532 9.946387 -0.037597 0.517475 0.153178 6.303656 0.020106
1.641999 1.033798 7.981402 -0.741824 10.781710 -0.041822 0.425616 0.050926 6.185051 0.019474
1.757999 1.179702 8.160452 -0.675433 11.491504 -0.045576 0.333412 -0.019340 6.080699 0.020960
1.890999 1.352611 8.194540 -0.669618 12.301212 -0.052659 0.223960 -0.079902 6.061378 0.022206
2.007999 1.499841 8.028645 -0.616787 13.012352 -0.060055 0.134673 -0.123499 6.177039 0.022027
2.141999 1.671459 7.649726 -0.544464 13.848528 -0.069103 0.048211 -0.178760 6.290745 0.021049
2.257999 1.821283 7.184828 -0.489143 14.591970 -0.076496 -0.003986 -0.232575 6.398903 0.021209
2.391999 1.982454 6.565811 -0.331145 15.451020 -0.083085 -0.032257 -0.290446 6.502140 0.018515
2.508999 2.129275 5.971614 -0.171550 16.218876 -0.086773 -0.023975 -0.323839 6.597785 0.019505
2.641999 2.297961 5.287818 -0.061621 17.103666 -0.092559 0.019016 -0.331104 6.690957 0.022380
2.758998 2.462472 4.715057 -0.003834 17.891125 -0.099158 0.083063 -0.312273 6.756596 0.024270
2.875998 2.634728 4.204508 0.038938 18.684490 -0.107481 0.161306 -0.279007 6.795627 0.025840
3.008998 2.831582 3.719603 0.060300 19.592375 -0.115853 0.257123 -0.234713 6.853473 0.024835
3.125998 3.010090 3.386191 0.116550 20.397047 -0.121526 0.338961 -0.192646 6.895383 0.025738
3.258998 3.214091 3.136104 0.292095 21.325506 -0.123106 0.421679 -0.137150 6.955859 0.024930
3.375998 3.379951 3.037125 0.494875 22.136463 -0.120669 0.477363 -0.080902 7.019439 0.023018
3.508998 3.568980 3.045809 0.715401 23.083504 -0.116496 0.515941 -0.011640 7.099909 0.022974
3.625998 3.738506 3.143979 0.950452 23.912403 -0.111374 0.523491 0.044198 7.183102 0.025193
3.759997 3.956223 3.380007 1.294546 24.880850 -0.104749 0.503145 0.094387 7.263304 0.025579
3.875997 4.151113 3.671187 1.654112 25.727255 -0.097828 0.462151 0.125021 7.325191 0.025700
4.009997 4.364669 4.093606 2.071015 26.712543 -0.087874 0.391597 0.147186 7.378352 0.023078
4.125998 4.549502 4.528598 2.452804 27.578396 -0.076132 0.315786 0.158993 7.416453 0.023032
4.259998 4.751193 5.074510 2.883407 28.565731 -0.060652 0.222418 0.167453 7.428929 0.022026
4.375998 4.926847 5.576110 3.226129 29.433245 -0.045812 0.139649 0.171325 7.402940 0.022435
4.509999 5.128319 6.152759 3.516973 30.422798 -0.030016 0.054036 0.170499 7.364611 0.023146
4.627000 5.317844 6.603824 3.757483 31.272478 -0.015818 -0.006268 0.163866 7.300302 0.024355
4.760000 5.527339 7.057331 3.979126 32.244831 0.000336 -0.056056 0.149088 7.222819 0.023162
4.877001 5.701841 7.387622 4.115335 33.077202 0.015709 -0.079601 0.129343 7.143546 0.022439
5.010001 5.887146 7.675784 4.173063 34.028046 0.030716 -0.082521 0.097351 7.058588 0.023823
5.127002 6.059941 7.850115 4.223728 34.848293 0.045366 -0.067502 0.058891 6.978874 0.026254
5.261002 6.265153 7.940542 4.240836 35.768795 0.062932 -0.031672 0.001421 6.885477 0.027561
5.378003 6.450985 7.925862 4.232107 36.569054 0.079371 0.010098 -0.057363 6.813657 0.028493
5.511003 6.669091 7.798830 4.166080 37.469379 0.099111 0.061065 -0.122109 6.742705 0.030595
5.628004 6.856572 7.612178 4.102173 38.255898 0.118483 0.104751 -0.166540 6.713714 0.027186
5.761004 7.056194 7.321620 4.067019 39.146828 0.143017 0.149150 -0.193673 6.694601 0.026077
5.878005 7.234115 6.995351 4.002854 39.928928 0.168003 0.180009 -0.195841 6.690558 0.028330
6.011005 7.449106 6.570955 3.922227 40.825161 0.198747 0.201308 -0.175082 6.695580 0.029971
6.128006 7.642985 6.166724 3.864997 41.604084 0.225865 0.206083 -0.138359 6.731207 0.030496
6.261006 7.873347 5.689145 3.809567 42.522091 0.262341 0.195409 -0.073873 6.775466 0.030874
6.378006 8.078396 5.304570 3.783207 43.302715 0.296322 0.174889 -0.009509 6.809224 0.031779
6.512007 8.320024 4.901537 3.738782 44.211639 0.338066 0.141256 0.062058 6.860952 0.031623
6.628007 8.530808 4.598741 3.638789 45.015469 0.377062 0.105483 0.107694 6.886385 0.033996
6.762008 8.776941 4.340053 3.544436 45.932316 0.423849 0.063321 0.134384 6.909767 0.031907
6.879009 8.990647 4.206081 3.500700 46.740139 0.467970 0.029553 0.145945 6.915956 0.032532
7.012009 9.245933 4.153904 3.419001 47.658203 0.520399 -0.001526 0.163485 6.911746 0.035156
7.129010 9.482319 4.187616 3.298740 48.464794 0.566566 -0.019001 0.187400 6.894595 0.037290
7.262010 9.745387 4.338461 3.107007 49.384819 0.621696 -0.026986 0.210944 6.864172 0.036985
7.379011 9.971169 4.561697 2.918883 50.177921 0.671102 -0.022200 0.207740 6.839052 0.036258
7.513011 10.240363 4.886137 2.712905 51.087376 0.731659 -0.005866 0.162900 6.779585 0.037957
7.629012 10.483553 5.188838 2.636431 51.874092 0.787711 0.013925 0.093799 6.724457 0.036647
7.763012 10.741299 5.532189 2.610859 52.762032 0.855457 0.038763 0.002382 6.673746 0.033023
7.880013 10.964905 5.815733 2.631314 53.537491 0.916632 0.061061 -0.066785 6.626331 0.033476
8.013013 11.207761 6.093942 2.693603 54.412434 0.987481 0.081212 -0.121619 6.588761 0.029789
8.129013 11.425511 6.288654 2.786561 55.178078 1.051554 0.092046 -0.148525 6.553150 0.030317
8.263014 11.675420 6.428487 2.920873 56.044861 1.126616 0.095314 -0.165226 6.534658 0.031406
8.380014 11.906072 6.453292 3.119733 56.805157 1.193972 0.089883 -0.174135 6.518167 0.031434
8.513015 12.199403 6.357746 3.364016 57.674080 1.272823 0.075278 -0.178886 6.511690 0.035979
8.630015 12.462042 6.182210 3.628393 58.425465 1.342448 0.056422 -0.175421 6.501342 0.035797
8.764016 12.786732 5.896878 3.955521 59.292152 1.426384 0.028296 -0.163496 6.492309 0.039411
8.880016 13.081951 5.578162 4.218911 60.048916 1.501203 0.002225 -0.150204 6.500630 0.041205
9.013017 13.433266 5.181016 4.521012 60.909607 1.587978 -0.027451 -0.135979 6.513468 0.042320
9.130017 13.740439 4.827252 4.797572 61.669025 1.666240 -0.049591 -0.122167 6.530026 0.042179
9.265018 14.102784 4.460604 5.082108 62.534107 1.756299 -0.064606 -0.094857 6.545699 0.044287
9.381018 14.420162 4.199378 5.239213 63.302757 1.838296 -0.067236 -0.056232 6.554048 0.045731
9.515018 14.787650 3.982919 5.389037 64.168243 1.934176 -0.058959 0.000874 6.543465 0.046241
9.632019 15.107250 3.861659 5.511053 64.929482 2.021126 -0.043114 0.053277 6.545513 0.047150
9.765019 15.470854 3.807558 5.656183 65.792854 2.123834 -0.015659 0.107416 6.527360 0.046293
9.882020 15.782579 3.851090 5.704237 66.550545 2.215783 0.014975 0.145312 6.518058 0.045749
10.015020 16.131580 3.988343 5.827651 67.415871 2.325155 0.051810 0.175208 6.505096 0.043920
10.132021 16.443790 4.170474 5.974718 68.169174 2.423525 0.080281 0.189075 6.484414 0.045895
10.265020 16.797888 4.463136 6.083056 69.021179 2.536629 0.104495 0.191593 6.442380 0.046119
10.383021 17.105654 4.750484 6.155094 69.766464 2.636504 0.117298 0.184678 6.419261 0.045047
10.516022 17.461937 5.099623 6.192806 70.608994 2.751571 0.120295 0.167550 6.376122 0.045916
10.632022 17.780922 5.405012 6.232455 71.346252 2.853997 0.112551 0.142701 6.354149 0.047928
10.766023 18.159462 5.731349 6.272734 72.180687 2.972267 0.094664 0.099162 6.331162 0.049679
10.883023 18.502302 5.995854 6.279032 72.912903 3.078100 0.071956 0.051509 6.312879 0.052301
11.016024 18.892855 6.251542 6.241654 73.741852 3.199280 0.044536 -0.005424 6.289811 0.052435
11.133024 19.239939 6.430870 6.186386 74.468491 3.308660 0.021111 -0.047433 6.273673 0.053362
11.266025 19.659702 6.573179 6.113877 75.291451 3.435074 -0.002637 -0.083698 6.252039 0.057086
11.383025 20.042435 6.651391 6.093422 76.012993 3.549559 -0.016974 -0.106970 6.242766 0.057521
11.517026 20.492329 6.707069 6.082388 76.837509 3.682546 -0.025801 -0.127097 6.231878 0.060078
11.634027 20.911093 6.698929 6.193635 77.556519 3.800122 -0.029931 -0.136350 6.222641 0.060602
11.767027 21.409510 6.652944 6.370430 78.372292 3.933900 -0.026338 -0.130759 6.204384 0.064268
11.883027 21.858620 6.585836 6.571047 79.087753 4.053150 -0.015882 -0.112262 6.190324 0.063196
12.017028 22.371601 6.487957 6.813067 79.897652 4.192513 0.002383 -0.088631 6.167030 0.065083
12.133028 22.820711 6.404224 7.057013 80.607903 4.316208 0.023164 -0.082450 6.152370 0.062430
12.267029 23.327175 6.280848 7.355117 81.411346 4.457819 0.047738 -0.100110 6.122512 0.062718
12.384029 23.775808 6.177105 7.651234 82.115211 4.583942 0.067539 -0.124484 6.102202 0.062342
12.501030 24.226980 6.076488 8.029528 82.815262 4.712613 0.084556 -0.132439 6.071859 0.061619
12.634030 24.744547 5.992384 8.429230 83.607224 4.860925 0.100035 -0.100179 6.049459 0.064384
12.751031 25.224121 5.918295 8.772614 84.301537 4.994430 0.110819 -0.037967 6.036937 0.067098
12.885031 25.785450 5.826725 9.190783 85.094353 5.150314 0.116939 0.041984 6.024762 0.068187
13.001030 26.276999 5.765851 9.592452 85.779091 5.287296 0.119799 0.092835 6.021330 0.067601
13.135031 26.858515 5.744472 10.150469 86.567871 5.449122 0.120194 0.115555 5.997068 0.070465
13.251031 27.392866 5.756531 10.667766 87.254021 5.591352 0.120311 0.112290 5.986443 0.073526
13.385032 28.020390 5.821097 11.259556 88.031105 5.754923 0.122589 0.101902 5.957657 0.074218
13.501031 28.582476 5.907160 11.810371 88.710526 5.902463 0.125565 0.099602 5.932288 0.077343
13.635032 29.250408 6.037975 12.332932 89.478104 6.070745 0.131940 0.111726 5.891482 0.081381
13.752032 29.850771 6.169092 12.818512 90.148453 6.220069 0.139740 0.131141 5.859374 0.082130
13.885033 30.537769 6.330798 13.361391 90.904465 6.392080 0.150408 0.151806 5.814635 0.084564
14.002033 31.164234 6.488471 13.792323 91.565170 6.546158 0.161118 0.157372 5.787201 0.086162
14.135034 31.887959 6.662676 14.186282 92.310432 6.723389 0.174493 0.142779 5.741768 0.089661
14.252034 32.520725 6.794528 14.491496 92.962349 6.881307 0.187488 0.114752 5.724468 0.088876
14.385035 33.255402 6.914531 14.860932 93.710434 7.066026 0.203464 0.076490 5.700393 0.088593
14.502035 33.876316 6.983939 15.124713 94.344170 7.226097 0.217304 0.047092 5.669571 0.089726
14.635035 34.608498 7.022421 15.402593 95.077461 7.418100 0.231812 0.023158 5.652622 0.091300
14.752035 35.258781 7.015477 15.633026 95.726143 7.592443 0.242777 0.015499 5.635616 0.091088
14.886036 35.969055 6.972898 15.847651 96.436859 7.787230 0.253128 0.023890 5.622461 0.091520
15.002036 36.595520 6.888225 15.993896 97.070412 7.963361 0.261685 0.040638 5.613412 0.090491
15.136037 37.311710 6.735938 16.104164 97.787796 8.167144 0.270756 0.054386 5.601590 0.091541
15.253037 37.927937 6.578969 16.179117 98.416634 8.350037 0.280094 0.047652 5.594842 0.089647
15.386038 38.603954 6.389816 16.251942 99.130127 8.561379 0.292781 0.013679 5.598432 0.086229
15.503038 39.188953 6.227023 16.316467 99.756042 8.750851 0.304165 -0.031490 5.589586 0.086555
15.636039 39.854561 6.040011 16.391922 100.469452 8.972796 0.317429 -0.088383 5.571016 0.086111
15.753039 40.431877 5.870427 16.471743 101.090584 9.169956 0.330029 -0.141829 5.571370 0.085564
15.886040 41.073715 5.697971 16.571884 101.796211 9.396111 0.346670 -0.212856 5.572461 0.080638
16.003040 41.610577 5.566313 16.629147 102.416191 9.598650 0.361685 -0.285171 5.569959 0.077844
16.137043 42.192280 5.426884 16.690853 103.118011 9.833220 0.378999 -0.364049 5.566016 0.074034
16.253046 42.684437 5.352611 16.722849 103.733620 10.042754 0.394499 -0.412146 5.550093 0.072673
16.387049 43.242432 5.274140 16.790325 104.430351 10.283448 0.410823 -0.426853 5.530271 0.072740
16.504051 43.717175 5.217787 16.847330 105.039772 10.497897 0.424684 -0.402868 5.514488 0.068379
16.637054 44.222382 5.172214 16.942333 105.728958 10.745879 0.439643 -0.342312 5.500774 0.062437
16.754057 44.631645 5.116977 16.975554 106.332832 10.966474 0.451493 -0.268335 5.492280 0.058736
16.887060 45.075798 5.042485 16.993689 107.016510 11.220428 0.464499 -0.170998 5.480170 0.057729
17.004063 45.459385 4.984719 16.999043 107.615364 11.446924 0.476384 -0.081340 5.471511 0.054964
17.137066 45.879871 4.906202 17.067404 108.297760 11.709622 0.491653 0.018651 5.447800 0.052397
17.254068 46.223522 4.808978 17.117514 108.891106 11.941860 0.505675 0.097996 5.442746 0.048708
17.388071 46.585361 4.666350 17.124119 109.562645 12.208581 0.519153 0.177473 5.428140 0.046576
17.504074 46.889751 4.510311 17.101213 110.150925 12.445629 0.531020 0.236216 5.411379 0.045168
17.638077 47.225391 4.313595 17.002882 110.815445 12.719123 0.543950 0.295694 5.395292 0.043567
17.764078 47.457062 4.155612 16.928707 111.313156 12.927348 0.553975 0.337846 5.395537 0.039141
17.878078 47.766392 3.886390 16.877712 112.018539 13.233502 0.569086 0.396786 5.360081 0.036231
18.012081 48.018833 3.599395 16.844578 112.662514 13.520607 0.584197 0.445094 5.392170 0.032415
18.129084 48.217358 3.342963 16.710533 113.237915 13.780570 0.601435 0.477397 5.400515 0.028520
18.262087 48.393433 3.057610 16.478319 113.890083 14.082996 0.620354 0.496974 5.411653 0.022449
18.379089 48.497124 2.800503 16.226059 114.462425 14.354741 0.637113 0.498442 5.424679 0.014656
18.512093 48.569817 2.535475 15.834397 115.113457 14.669136 0.656169 0.480834 5.436545 0.010927
18.628096 48.606922 2.321189 15.366223 115.685898 14.950619 0.672550 0.444669 5.459671 0.006645
18.762098 48.611389 2.094962 14.750691 116.335320 15.276220 0.687874 0.379088 5.466606 0.001157
18.879101 48.570133 1.924056 14.111346 116.906258 15.567826 0.698172 0.301419 5.475174 -0.003715
19.012104 48.503212 1.745240 13.343190 117.557312 15.907063 0.706865 0.195890 5.482178 -0.007122
19.129107 48.411583 1.599805 12.620367 118.118576 16.206230 0.711190 0.091548 5.485041 -0.012993
19.262110 48.265549 1.418911 11.742719 118.763985 16.558455 0.711507 -0.044541 5.488334 -0.018320
19.379112 48.118675 1.267950 10.924870 119.321747 16.869249 0.709385 -0.166239 5.511502 -0.021745
19.513115 47.892765 1.091917 9.836133 119.965881 17.234659 0.705060 -0.297042 5.534774 -0.029933
19.630117 47.664600 0.921033 8.817258 120.526466 17.561094 0.699636 -0.387113 5.551256 -0.032979
19.763121 47.383759 0.695862 7.705265 121.161537 17.940504 0.692593 -0.464360 5.571493 -0.035511
19.880123 47.119907 0.488502 6.693880 121.719650 18.281790 0.686271 -0.518396 5.600441 -0.039088
20.013126 46.786755 0.220278 5.520318 122.351921 18.679306 0.679497 -0.576547 5.624687 -0.045298
20.130129 46.452869 -0.050145 4.432036 122.906784 19.036777 0.674402 -0.624022 5.651382 -0.051232
20.263132 46.037601 -0.395207 3.126146 123.541443 19.455315 0.667295 -0.665388 5.690748 -0.057011
20.380135 45.664139 -0.729384 1.994278 124.090752 19.824877 0.659849 -0.679177 5.719435 -0.059213
20.513138 45.212795 -1.120613 0.720304 124.723175 20.261389 0.649444 -0.663002 5.751872 -0.063926
20.630140 44.794029 -1.461239 -0.355770 125.273872 20.650667 0.641549 -0.621122 5.771288 -0.067548
20.764143 44.295067 -1.857389 -1.661911 125.898392 21.101156 0.635095 -0.541682 5.804584 -0.071469
20.880146 43.839657 -2.196998 -2.779933 126.446068 21.504877 0.629730 -0.444362 5.826616 -0.075339
21.014149 43.297302 -2.594834 -4.059732 127.066780 21.972786 0.626153 -0.295573 5.857176 -0.080089
21.131151 42.802135 -2.971267 -5.164367 127.609734 22.393372 0.623631 -0.133854 5.879938 -0.082434
21.264154 42.228855 -3.415466 -6.354197 128.228043 22.884584 0.620638 0.078181 5.904605 -0.083808
21.381157 41.735138 -3.785356 -7.298787 128.747894 23.305210 0.618089 0.255906 5.926484 -0.086586
21.501160 41.349182 -4.056857 -7.977400 129.142548 23.629475 0.614681 0.380099 5.951503 -0.088891
21.631163 40.579876 -4.525457 -9.073427 129.904968 24.269276 0.603880 0.574185 5.962857 -0.088921
21.765163 39.940739 -4.853496 -9.816834 130.510284 24.791529 0.593041 0.685809 5.964917 -0.091947
21.881165 39.366970 -5.095633 -10.421716 131.042053 25.261223 0.579979 0.755376 5.959689 -0.090790
22.014168 38.748043 -5.285890 -10.988276 131.621613 25.782797 0.562849 0.800403 5.944784 -0.088477
22.131170 38.195107 -5.401294 -11.387356 132.132202 26.252047 0.545851 0.806739 5.912039 -0.087993
22.265171 37.563274 -5.466131 -11.706264 132.702103 26.788261 0.524709 0.772979 5.860942 -0.085527
22.385174 37.016090 -5.482168 -11.929939 133.195541 27.260092 0.503608 0.712164 5.815869 -0.083454
22.515177 36.420448 -5.466527 -12.030200 133.745056 27.796642 0.477716 0.614037 5.744776 -0.076241
22.632177 35.927139 -5.405097 -11.969882 134.218185 28.267918 0.453488 0.510722 5.682503 -0.070431
22.765179 35.385464 -5.287927 -11.722072 134.751053 28.809572 0.426090 0.376016 5.585555 -0.064460
22.882181 34.948002 -5.169140 -11.436015 135.194962 29.266418 0.401986 0.255343 5.509113 -0.061139
23.015184 34.466663 -5.021316 -11.030114 135.700119 29.793659 0.371692 0.109124 5.404915 -0.055687
23.132187 34.086937 -4.894242 -10.623499 136.126709 30.245785 0.346169 -0.019707 5.324603 -0.049096
23.266190 33.709534 -4.756513 -10.073351 136.607346 30.763226 0.315672 -0.178238 5.225807 -0.040588
23.382193 33.423920 -4.658588 -9.578827 137.014008 31.205202 0.286965 -0.319155 5.140964 -0.034949
23.516195 33.144611 -4.547076 -8.973599 137.474319 31.708120 0.251634 -0.477534 5.043035 -0.026039
23.633198 32.946404 -4.455439 -8.383558 137.868347 32.139870 0.220670 -0.591629 4.963673 -0.020565
23.766201 32.768929 -4.346822 -7.716100 138.306473 32.623779 0.189540 -0.680711 4.867727 -0.013276
23.882204 32.662266 -4.222113 -7.113689 138.684952 33.044056 0.164167 -0.717584 4.808191 -0.007284
24.016207 32.586311 -4.050489 -6.425295 139.109268 33.515560 0.136696 -0.720052 4.745000 0.000224
24.133209 32.575806 -3.842819 -5.784545 139.478302 33.925213 0.116507 -0.694791 4.693699 0.007638
24.266212 32.635399 -3.542091 -5.026885 139.893723 34.384071 0.096231 -0.637654 4.628451 0.016575
24.383215 32.735043 -3.227898 -4.352004 140.256973 34.782295 0.079587 -0.562991 4.590358 0.023594
24.516218 32.913124 -2.799508 -3.547751 140.670914 35.230400 0.062975 -0.451108 4.527911 0.032219
24.633221 33.128387 -2.369185 -2.805603 141.030884 35.616772 0.050884 -0.342917 4.503968 0.041279
24.767223 33.438969 -1.790903 -1.844392 141.439026 36.052834 0.038093 -0.220253 4.474839 0.049277
24.883226 33.773247 -1.228490 -1.000953 141.798660 36.431103 0.026813 -0.122350 4.456065 0.057047
25.017229 34.229088 -0.563572 -0.094672 142.210419 36.856544 0.014079 -0.018621 4.451150 0.066325
25.133230 34.692455 0.034245 0.671410 142.578552 37.232006 0.001435 0.067688 4.458565 0.070466
25.267233 35.250004 0.688020 1.580009 142.993881 37.650444 -0.013586 0.160378 4.476880 0.075907
25.384233 35.807159 1.278194 2.410022 143.372711 38.026920 -0.026675 0.236148 4.497762 0.082787
25.517237 36.479530 1.936298 3.353793 143.795975 38.439034 -0.039291 0.312596 4.520826 0.087878
25.634239 37.130905 2.488621 4.165069 144.181152 38.806168 -0.048103 0.375480 4.570867 0.095160
25.751242 37.833931 3.000620 4.995658 144.574066 39.174164 -0.054534 0.433865 4.622146 0.102239
25.884245 38.688950 3.558975 5.900673 145.031631 39.591843 -0.057868 0.484548 4.688637 0.108157
26.001247 39.482300 4.015169 6.644668 145.443985 39.958965 -0.055445 0.507568 4.740370 0.114065
26.135250 40.446068 4.488146 7.482108 145.926895 40.380833 -0.047060 0.507849 4.819492 0.118793
26.251253 41.300922 4.870383 8.121087 146.356125 40.747406 -0.035755 0.494672 4.901898 0.122533
26.384256 42.311874 5.263891 8.702500 146.866714 41.173309 -0.015365 0.475219 5.006087 0.126813
26.501259 43.219128 5.552879 9.207016 147.319824 41.544128 0.005863 0.456602 5.078482 0.130289
26.635262 44.285297 5.822758 9.749277 147.855286 41.975807 0.033350 0.424420 5.177233 0.133813
26.752264 45.223297 6.003569 10.132403 148.338806 42.357960 0.059580 0.377403 5.256043 0.132199
26.886267 46.281563 6.142987 10.466579 148.898056 42.789295 0.089386 0.300719 5.349207 0.134402
27.003269 47.216194 6.213322 10.714827 149.401749 43.169743 0.114532 0.215397 5.424939 0.135662
27.136272 48.293427 6.247572 10.954883 149.989761 43.607822 0.141576 0.105898 5.501458 0.136281
27.253275 49.218266 6.257526 11.206292 150.507370 43.988529 0.162466 0.006884 5.564979 0.134393
27.386278 50.267971 6.252142 11.494518 151.116440 44.428886 0.183021 -0.106473 5.640217 0.131880
27.503281 51.170918 6.245463 11.771866 151.656631 44.814739 0.195220 -0.203243 5.695549 0.129147
27.637283 52.188610 6.236297 12.144996 152.279434 45.253830 0.204112 -0.307230 5.759192 0.125819
27.753286 53.057938 6.202919 12.509222 152.836105 45.638557 0.208079 -0.390883 5.801272 0.121549
27.887289 54.027069 6.145284 13.008223 153.474487 46.074348 0.210577 -0.470181 5.817698 0.118124
28.003292 54.850662 6.127370 13.505617 154.039978 46.454487 0.211109 -0.522336 5.828155 0.113331
28.137295 55.738533 6.139338 14.025234 154.686615 46.883266 0.211423 -0.563385 5.827771 0.104779
28.254297 56.487343 6.172136 14.582211 155.255844 47.256718 0.212388 -0.588905 5.808471 0.101069
28.387300 57.315868 6.219752 15.358542 155.906845 47.677773 0.216547 -0.608633 5.770030 0.093279
28.504303 58.006065 6.270120 16.148472 156.473007 48.040249 0.223607 -0.609562 5.727071 0.087769
28.638306 58.772091 6.306811 17.175060 157.113403 48.446049 0.235619 -0.574770 5.675945 0.083416
28.754309 59.421288 6.325956 18.179127 157.670105 48.794441 0.249196 -0.503215 5.645461 0.079682
28.887312 60.150627 6.352247 19.439213 158.310013 49.190662 0.269260 -0.373259 5.591785 0.074390
29.004314 60.750980 6.350100 20.552542 158.864853 49.530514 0.288823 -0.236987 5.534648 0.069411
29.138317 61.402275 6.302251 21.819597 159.490005 49.910980 0.313604 -0.077922 5.481266 0.065886
29.254320 61.951591 6.235134 22.865030 160.036514 50.239731 0.334226 0.049307 5.431070 0.063788
29.388323 62.552177 6.130308 24.054007 160.653351 50.609150 0.359290 0.179311 5.388671 0.060008
29.504326 63.044647 6.013514 25.108080 161.193161 50.931248 0.383365 0.281289 5.355452 0.054046
29.638329 63.550518 5.876947 26.292894 161.806915 51.295139 0.409434 0.384453 5.307908 0.046691
29.755331 63.939526 5.755403 27.230150 162.335785 51.606884 0.431670 0.456819 5.283345 0.041251
29.889334 64.322594 5.631708 28.187035 162.939407 51.961918 0.457295 0.521200 5.242235 0.034755
30.005337 64.613823 5.538156 28.944521 163.466278 52.272121 0.479770 0.564480 5.207908 0.030685
30.138340 64.907913 5.428267 29.726763 164.063919 52.625023 0.504956 0.601953 5.162718 0.025164
30.255342 65.116783 5.346060 30.317438 164.582352 52.930943 0.526934 0.620152 5.126160 0.020387
30.389345 65.305779 5.264087 30.898399 165.165802 53.276649 0.550286 0.612288 5.078264 0.014807
30.506348 65.427338 5.198602 31.390280 165.675034 53.580284 0.570938 0.570842 5.064898 0.009013
30.639351 65.507553 5.134745 31.884714 166.251663 53.924324 0.596030 0.482382 5.034112 0.001235
30.756353 65.526566 5.091570 32.241344 166.755295 54.226398 0.618298 0.376233 5.012708 -0.004274
30.889357 65.494301 5.057944 32.469017 167.324768 54.570900 0.641927 0.235474 4.998955 -0.007958
31.006359 65.426369 5.031313 32.553402 167.822449 54.874397 0.661342 0.112103 4.966856 -0.013504
31.139362 65.296066 5.007219 32.549526 168.384094 55.220219 0.681490 -0.015821 4.953780 -0.020409
31.256365 65.128136 4.968702 32.412823 168.875244 55.526516 0.698149 -0.108910 4.944707 -0.024503
31.390368 64.890015 4.927716 32.139023 169.434891 55.879848 0.715848 -0.201788 4.945291 -0.029577
31.506371 64.641609 4.890892 31.758907 169.918335 56.187935 0.730323 -0.274588 4.934587 -0.033603
31.640373 64.321770 4.809309 31.216980 170.473373 56.548180 0.746468 -0.351362 4.937576 -0.037456
31.756376 64.003700 4.711922 30.615900 170.955505 56.864304 0.759819 -0.400852 4.889212 -0.040772
31.890379 63.620323 4.607842 29.779734 171.493134 57.206833 0.775213 -0.428209 4.722183 -0.042481
32.006382 63.269054 4.487236 28.929506 171.953781 57.492123 0.787304 -0.428709 4.566189 -0.042450
32.140369 62.854736 4.350962 27.776497 172.463669 57.800220 0.799778 -0.417038 4.413421 -0.042990
32.257359 62.468311 4.228513 26.619417 172.899994 58.058407 0.808899 -0.409853 4.278312 -0.044877
32.390347 62.005703 4.060427 25.108459 173.384888 58.340836 0.814909 -0.411074 4.117370 -0.047702
32.507336 61.584770 3.875257 23.733164 173.791000 58.575462 0.817713 -0.413630 3.992495 -0.050681
32.640324 61.079731 3.609108 22.037394 174.246902 58.835297 0.817868 -0.403747 3.852274 -0.051997
32.757313 60.628597 3.322092 20.478695 174.628876 59.051243 0.813821 -0.374532 3.733959 -0.054386
32.890301 60.092796 2.902262 18.614981 175.053970 59.292332 0.804720 -0.311934 3.583910 -0.057905
33.007290 59.616104 2.458945 16.931942 175.409790 59.496426 0.793250 -0.236711 3.453127 -0.061277
33.141277 59.053864 1.858749 14.831697 175.798019 59.721649 0.772713 -0.132192 3.315566 -0.064862
33.257267 58.553513 1.234222 12.887293 176.125336 59.915096 0.748658 -0.030454 3.230012 -0.067358
33.391254 57.971626 0.377697 10.617273 176.489944 60.149071 0.713842 0.097723 3.274481 -0.075614
33.508244 57.431217 -0.494401 8.545722 176.805542 60.371269 0.675592 0.212458 3.313313 -0.084532
33.641232 56.782356 -1.610739 6.101598 177.160370 60.643661 0.624493 0.339881 3.359197 -0.093596
33.758221 56.210712 -2.651052 3.924576 177.460587 60.894886 0.574355 0.435581 3.384342 -0.100839
33.891209 55.554943 -3.884407 1.360274 177.796127 61.204346 0.512480 0.523363 3.424495 -0.107791
34.008198 54.985569 -4.963030 -0.978195 178.078262 61.488060 0.457726 0.574425 3.464088 -0.116478
34.141186 54.333336 -6.155565 -3.741680 178.392792 61.832947 0.394131 0.600613 3.492691 -0.121531
34.258175 53.778503 -7.102547 -6.155712 178.653885 62.149624 0.340609 0.587941 3.520891 -0.126563
34.392162 53.174679 -8.018019 -8.867730 178.939758 62.524830 0.286483 0.525776 3.564072 -0.126036
34.508152 52.667461 -8.597993 -11.072763 179.181473 62.868557 0.247081 0.429451 3.609363 -0.120175
34.642139 52.133324 -8.930777 -13.179335 179.444839 63.274422 0.214693 0.278184 3.660014 -0.105755
34.759129 51.713406 -8.896825 -14.683531 179.669403 63.642727 0.197829 0.125763 3.703362 -0.091283
34.892117 51.316227 -8.481958 -16.014807 179.919861 64.070389 0.188910 -0.053699 3.739691 -0.068776
35.009106 51.042423 -7.816002 -16.766729 180.137863 64.452629 0.185031 -0.195565 3.774525 -0.047247
35.126095 50.860844 -6.888701 -17.145584 180.354691 64.838989 0.182061 -0.310696 3.792726 -0.025251
35.259083 50.772930 -5.570002 -17.085438 180.600845 65.279793 0.176137 -0.394075 3.798629 -0.000730
35.376072 50.811657 -4.252052 -16.655138 180.819672 65.666290 0.163772 -0.421307 3.791919 0.019816
35.510059 50.998047 -2.650609 -15.773027 181.074341 66.104668 0.139252 -0.406125 3.779379 0.040561
35.626049 51.294979 -1.218451 -14.717914 181.299332 66.480591 0.108317 -0.366045 3.779107 0.055632
35.759037 51.776691 0.384503 -13.250154 181.565857 66.911293 0.062699 -0.304699 3.780612 0.069035
35.876026 52.295574 1.669175 -11.695159 181.804230 67.280418 0.016647 -0.245846 3.800697 0.077706
36.010014 53.021755 2.974659 -9.501748 182.089401 67.705925 -0.037060 -0.174700 3.840311 0.087342
36.126003 53.754078 3.927512 -7.344513 182.347961 68.077545 -0.081045 -0.115365 3.890146 0.091834
36.259991 54.671021 4.759861 -4.739407 182.656097 68.500931 -0.124164 -0.063211 3.977511 0.096058
36.376980 55.552216 5.256566 -2.252290 182.940979 68.876656 -0.150957 -0.039969 4.069825 0.101797
36.509968 56.613758 5.541359 0.701747 183.281311 69.308990 -0.164466 -0.037759 4.185889 0.101391
36.626957 57.550594 5.572046 3.342407 183.597610 69.692116 -0.159580 -0.046091 4.287680 0.102586
36.759945 58.627689 5.359973 6.384076 183.974503 70.131836 -0.132672 -0.047860 4.404705 0.104825
36.876934 59.583599 4.973720 9.008900 184.321426 70.523651 -0.087789 -0.031329 4.521567 0.107482
37.010921 60.659985 4.383555 11.784343 184.738144 70.976151 -0.016213 0.010375 4.640699 0.112116
37.126911 61.555153 3.803146 13.840678 185.112534 71.371063 0.059487 0.063257 4.726213 0.111551
37.260899 62.541317 3.095330 15.946837 185.558517 71.830757 0.158209 0.136874 4.815501 0.110525
37.376888 63.350449 2.489130 17.611803 185.957916 72.236633 0.250599 0.206477 4.898009 0.108278
37.510876 64.229401 1.860182 19.175737 186.422913 72.700867 0.355979 0.282678 4.968926 0.106612
37.626865 64.956001 1.410101 20.268105 186.839218 73.112419 0.442960 0.335160 5.031335 0.102073
37.760853 65.734856 1.023618 21.240896 187.318893 73.585045 0.527288 0.362143 5.087531 0.097864
37.877842 66.374458 0.802932 21.925777 187.745270 74.004692 0.585248 0.348131 5.131041 0.090501
38.010830 67.033562 0.712042 22.387392 188.235016 74.486671 0.630607 0.292917 5.189681 0.082093
38.127819 67.564285 0.768916 22.533899 188.669296 74.915535 0.651653 0.222180 5.233690 0.076648
38.260807 68.114914 0.985631 22.480234 189.169449 75.410294 0.654139 0.133196 5.259749 0.068554
38.377796 68.542366 1.281513 22.252438 189.600983 75.840652 0.638239 0.057846 5.248434 0.061772
38.510784 68.979675 1.705090 21.869471 190.094101 76.339027 0.604078 -0.023714 5.224330 0.055490
38.627773 69.320496 2.131355 21.373009 190.518845 76.775566 0.566768 -0.088064 5.189802 0.051788
38.761761 69.646141 2.651170 20.696074 190.993790 77.272659 0.522175 -0.148444 5.155875 0.043037
38.877750 69.884224 3.111501 19.994808 191.404968 77.710815 0.486614 -0.188134 5.118536 0.039839
39.011738 70.101654 3.595049 19.104816 191.862991 78.209908 0.453555 -0.218528 5.080066 0.033205
39.128727 70.251823 3.947087 18.191067 192.259674 78.649628 0.433151 -0.233656 5.051182 0.030615
39.261715 70.366608 4.253596 16.949488 192.703842 79.150551 0.422874 -0.237618 5.021004 0.024619
39.378704 70.412926 4.434285 15.682965 193.088211 79.594131 0.424533 -0.231254 5.013282 0.018346
39.511692 70.410751 4.502468 14.182664 193.521133 80.106834 0.437941 -0.217494 5.010160 0.012649
39.628681 70.368889 4.442158 12.793594 193.892212 80.556190 0.460164 -0.208078 5.029769 0.007801
39.762669 70.283531 4.249333 11.125126 194.316574 81.081924 0.490085 -0.203130 5.045132 0.004573
39.879658 70.188416 3.960011 9.619074 194.682098 81.547691 0.516098 -0.198946 5.077428 0.000125
40.012646 70.055801 3.520921 7.844060 195.094940 82.086754 0.540613 -0.184314 5.122004 -0.003882
40.128635 69.926582 3.034733 6.337536 195.452515 82.570107 0.555479 -0.160734 5.155642 -0.007863
40.262623 69.762009 2.396732 4.665159 195.857574 83.136246 0.564616 -0.128962 5.225545 -0.012846
40.379612 69.605186 1.796265 3.250424 196.205139 83.637352 0.565094 -0.107303 5.281427 -0.018411
40.512600 69.398918 1.075345 1.725551 196.599442 84.224976 0.553059 -0.091106 5.350640 -0.024443
40.629589 69.198235 0.432752 0.435666 196.943954 84.752678 0.530900 -0.076282 5.407733 -0.028923
40.762577 68.959114 -0.305442 -0.936496 197.334229 85.369171 0.495973 -0.039733 5.475316 -0.032812
40.879566 68.730225 -0.905364 -2.004669 197.669342 85.913544 0.461777 0.020535 5.537855 -0.037736
41.012554 68.443474 -1.489765 -3.185740 198.052948 86.554710 0.420444 0.125479 5.605543 -0.042902
41.129543 68.177315 -1.886374 -4.105968 198.381912 87.119080 0.384748 0.231096 5.650764 -0.045365
41.263531 67.863426 -2.214758 -4.955507 198.757980 87.780663 0.347528 0.350133 5.697693 -0.044934
41.379520 67.567612 -2.387691 -5.491572 199.082901 88.365257 0.322530 0.431693 5.728248 -0.048322
41.513508 67.201317 -2.453437 -5.876364 199.448166 89.036972 0.303143 0.488653 5.761892 -0.051130
41.630497 66.850739 -2.399432 -6.079185 199.764816 89.633621 0.295523 0.499970 5.780167 -0.055316
41.763485 66.410049 -2.231694 -6.166988 200.120377 90.317101 0.298240 0.464612 5.799903 -0.059392
41.880474 66.005928 -2.020978 -6.064062 200.429123 90.922226 0.305844 0.392473 5.813081 -0.060284
42.013462 65.524345 -1.713567 -5.843991 200.777786 91.619499 0.318474 0.275478 5.822706 -0.063460
42.130451 65.096672 -1.427497 -5.582748 201.076569 92.225639 0.329502 0.166010 5.830295 -0.063384
42.263439 64.603485 -1.107849 -5.193276 201.418747 92.930084 0.339066 0.050001 5.851880 -0.063228
42.380428 64.169922 -0.856186 -4.826876 201.711975 93.542870 0.341016 -0.031926 5.863409 -0.064871
42.514423 63.664967 -0.629493 -4.356387 202.047577 94.254807 0.334415 -0.114718 5.881984 -0.064951
42.630413 63.217384 -0.485797 -3.909010 202.337830 94.879936 0.320317 -0.185517 5.895973 -0.067545
42.764400 62.697006 -0.400338 -3.328340 202.663605 95.595467 0.294282 -0.267562 5.919809 -0.066350
42.881390 62.243301 -0.381339 -2.800079 202.945389 96.228920 0.264584 -0.329492 5.930365 -0.067671
43.014378 61.738544 -0.433695 -2.220236 203.261322 96.952621 0.223132 -0.375764 5.944348 -0.065852
43.131367 61.302040 -0.543085 -1.726513 203.534149 97.593086 0.182812 -0.389016 5.955090 -0.064121
43.264355 60.805260 -0.733654 -1.238334 203.839188 98.330582 0.133338 -0.375392 5.958310 -0.062642
43.381344 60.385429 -0.941369 -0.878343 204.098267 98.971390 0.094439 -0.343451 5.955702 -0.061919
43.514332 59.914528 -1.195133 -0.588498 204.392487 99.713585 0.059931 -0.283238 5.963443 -0.058835
43.631321 59.540726 -1.395131 -0.386799 204.642776 100.357674 0.038959 -0.212623 5.951142 -0.052872
43.765308 59.159172 -1.543192 -0.202457 204.930664 101.100311 0.028468 -0.115091 5.940746 -0.046315
43.881298 58.868198 -1.599784 -0.030682 205.181030 101.747513 0.033186 -0.029507 5.927850 -0.040092
44.015285 58.600559 -1.556573 0.129369 205.466400 102.481262 0.052617 0.057044 5.915016 -0.030132
44.131275 58.436211 -1.415646 0.216477 205.719559 103.124321 0.078555 0.115344 5.903022 -0.019773
44.266266 58.325855 -1.123904 0.242626 206.013504 103.857483 0.117000 0.158751 5.889993 -0.009718
44.383255 58.291103 -0.776529 0.302901 206.273422 104.494041 0.155074 0.174661 5.863316 -0.000742
44.500244 58.323490 -0.361175 0.412046 206.538712 105.126366 0.191204 0.173458 5.855897 0.009380
44.633232 58.435978 0.164876 0.577837 206.848755 105.839943 0.226606 0.161257 5.845958 0.017901
44.750221 58.587978 0.661334 0.777002 207.128677 106.464546 0.251872 0.149661 5.856739 0.025144
44.883209 58.822956 1.269762 1.056915 207.456650 107.171936 0.272849 0.137106 5.866637 0.033062
45.000198 59.070675 1.824435 1.329718 207.757019 107.790993 0.284983 0.118016 5.889603 0.037915
45.133186 59.400078 2.430480 1.695232 208.113098 108.498016 0.289814 0.077153 5.923087 0.043250
45.250175 59.708557 2.900361 2.026474 208.433731 109.107750 0.287447 0.028602 5.952454 0.043890
45.383163 60.068092 3.360129 2.463071 208.818619 109.810486 0.280845 -0.025301 6.001276 0.043698
45.500153 60.388805 3.673601 2.868565 209.167740 110.423058 0.276375 -0.056602 6.049328 0.044007
45.634140 60.753536 3.919525 3.349311 209.578857 111.120514 0.274398 -0.067879 6.114013 0.042397
45.750130 61.057957 4.029400 3.779806 209.955597 111.733040 0.277222 -0.056751 6.169001 0.040362
45.884117 61.389297 4.030313 4.382155 210.397873 112.429886 0.288192 -0.024589 6.235875 0.034159
46.001106 61.632973 3.933220 4.966877 210.800980 113.042229 0.306628 0.014330 6.285189 0.026913
46.134094 61.856701 3.717350 5.631640 211.276001 113.736725 0.337844 0.052048 6.357691 0.021663
46.251083 62.019901 3.437863 6.174543 211.706192 114.347580 0.373208 0.062265 6.405386 0.018858
46.384071 62.182556 3.059579 6.736600 212.213638 115.046638 0.422058 0.037540 6.472833 0.015135
46.501060 62.289051 2.687327 7.224423 212.663910 115.651688 0.467030 -0.007046 6.517203 0.010669
46.635048 62.376663 2.231442 7.735441 213.195572 116.351059 0.519379 -0.064364 6.580419 0.006954
46.751038 62.417610 1.821019 8.147835 213.668289 116.962730 0.561585 -0.107282 6.622490 0.001925
46.885025 62.419727 1.338518 8.554600 214.214264 117.659805 0.602393 -0.143431 6.684138 -0.002895
47.002014 62.382637 0.922306 8.841359 214.702972 118.273369 0.629454 -0.164363 6.718221 -0.009700
47.135002 62.278709 0.488454 9.062383 215.266464 118.970963 0.651529 -0.168933 6.759187 -0.018093
47.251991 62.132969 0.145759 9.229775 215.765686 119.586357 0.661513 -0.149219 6.782469 -0.024472
47.384979 61.914082 -0.165206 9.309964 216.338669 120.287415 0.663426 -0.094377 6.824731 -0.033036
47.501968 61.669846 -0.366377 9.282827 216.847107 120.903976 0.657964 -0.021595 6.834192 -0.038906
47.634956 61.346241 -0.515608 9.164865 217.426590 121.605453 0.645381 0.077259 6.841022 -0.045300
47.751945 61.012928 -0.580478 8.983137 217.936325 122.221909 0.629349 0.163584 6.830282 -0.052732
47.884933 60.578602 -0.568344 8.612880 218.517532 122.926590 0.605971 0.244486 6.806336 -0.061894
48.001923 60.141121 -0.503513 8.152976 219.018478 123.534622 0.584546 0.289880 6.781926 -0.069393
48.135910 59.579674 -0.383992 7.562584 219.590317 124.237907 0.560081 0.311483 6.755042 -0.077569
48.251900 59.028297 -0.243578 6.924939 220.085541 124.851654 0.539652 0.306960 6.730694 -0.087816
48.385887 58.322010 -0.073267 6.127821 220.641846 125.549522 0.518208 0.283333 6.686431 -0.095469
48.502876 57.657795 0.067857 5.396464 221.122864 126.163208 0.501406 0.251776 6.645313 -0.102426
48.635864 56.847240 0.176623 4.485356 221.662170 126.860901 0.486663 0.208375 6.614006 -0.109603
48.752853 56.073490 0.195749 3.590114 222.130646 127.474289 0.479148 0.161655 6.582217 -0.119866
48.885841 55.134129 0.134533 2.502946 222.656235 128.172394 0.475001 0.093818 6.559170 -0.125160
49.002831 54.270428 0.005822 1.504985 223.111282 128.789566 0.474593 0.017153 6.548228 -0.130376
49.135818 53.256493 -0.256949 0.262647 223.625763 129.498947 0.474041 -0.087675 6.533463 -0.133272
49.252808 52.365768 -0.601859 -0.842780 224.068741 130.121841 0.470291 -0.182177 6.531877 -0.134313
49.386795 51.349781 -1.088710 -2.144004 224.566498 130.832443 0.461069 -0.280839 6.517772 -0.138143
49.502785 50.433239 -1.593374 -3.382933 224.997543 131.459473 0.447020 -0.348419 6.495645 -0.143537
49.636772 49.371346 -2.241715 -4.816497 225.478912 132.174515 0.423510 -0.398507 6.470192 -0.145803
49.753761 48.442299 -2.843138 -6.060111 225.893829 132.805206 0.397224 -0.414162 6.442594 -0.147283
49.886749 47.412563 -3.544561 -7.512794 226.355621 133.522644 0.362070 -0.398695 6.389748 -0.144397
50.003738 46.539715 -4.147473 -8.829154 226.751831 134.152100 0.328335 -0.362360 6.328394 -0.143372
50.136726 45.582077 -4.765929 -10.343204 227.188919 134.862396 0.289518 -0.311655 6.222709 -0.139709
50.253716 44.791538 -5.222381 -11.658404 227.561813 135.479385 0.256921 -0.274101 6.113058 -0.132537
50.387703 43.928627 -5.578902 -13.017650 227.973511 136.176773 0.223007 -0.243614 5.989169 -0.124635
50.503693 43.236645 -5.701751 -14.013242 228.317184 136.770737 0.197306 -0.218913 5.858495 -0.115145
50.637680 42.515671 -5.605029 -15.025605 228.700256 137.441696 0.175396 -0.172782 5.693113 -0.099609
50.753670 41.978939 -5.323019 -15.709826 229.023407 138.013229 0.162272 -0.106962 5.543754 -0.083281
50.887657 41.479507 -4.807731 -16.222366 229.378510 138.645386 0.151291 -0.004022 5.379427 -0.063846
51.003647 41.138519 -4.181493 -16.387373 229.681030 139.185944 0.143953 0.095872 5.231082 -0.043274
51.137634 40.878906 -3.339820 -16.307501 230.016846 139.782135 0.136900 0.207451 5.079028 -0.026556
51.254623 40.753246 -2.504618 -16.011826 230.307785 140.290009 0.128867 0.293715 4.945666 -0.009761
51.387611 40.723370 -1.494796 -15.441567 230.635880 140.848938 0.114477 0.378765 4.823568 0.004906
51.504601 40.793522 -0.608469 -14.704047 230.921906 141.327789 0.098089 0.439134 4.731661 0.019254
51.637589 40.992535 0.389353 -13.596985 231.248581 141.863174 0.075137 0.486981 4.647861 0.031747
51.754578 41.256954 1.224701 -12.435138 231.532501 142.316284 0.052695 0.504582 4.588630 0.041139
51.887566 41.653748 2.114471 -10.843174 231.865112 142.828827 0.024345 0.499097 4.539280 0.049755
52.004555 42.093590 2.802949 -9.324843 232.161682 143.268585 -0.000340 0.478162 4.533737 0.058930
52.138542 42.685589 3.473455 -7.316625 232.507599 143.763550 -0.026905 0.443873 4.548088 0.067040
52.254532 43.282032 3.957959 -5.317638 232.819534 144.197266 -0.046139 0.405670 4.584542 0.071444
52.388519 44.031338 4.389385 -2.820185 233.186340 144.688110 -0.062094 0.344474 4.628561 0.076740
52.505508 44.752857 4.650299 -0.506741 233.522125 145.118546 -0.068947 0.267242 4.696196 0.081999
52.638496 45.621155 4.846400 2.112574 233.921677 145.608154 -0.065015 0.142675 4.793820 0.087415
52.755486 46.425480 4.938169 4.382230 234.288788 146.040894 -0.051500 0.002959 4.894053 0.093408
52.888474 47.370392 4.987824 6.869126 234.728607 146.539688 -0.024574 -0.182023 5.017617 0.095883
53.005463 48.193241 4.957329 8.846242 235.128021 146.974075 0.009791 -0.335110 5.136762 0.099160
53.138451 49.145329 4.886008 11.005440 235.611023 147.477844 0.060599 -0.474452 5.262432 0.100056
53.255440 49.957722 4.804620 12.682590 236.047333 147.916534 0.113077 -0.542953 5.382896 0.101958
53.389427 50.870239 4.705023 14.309184 236.571762 148.425720 0.178808 -0.565998 5.507969 0.100395
53.505417 51.643532 4.630921 15.541319 237.047577 148.872208 0.237828 -0.553313 5.624019 0.100596
53.639404 52.494797 4.573211 16.696108 237.605530 149.382858 0.304265 -0.520507 5.733681 0.098222
53.756393 53.199936 4.561850 17.564133 238.110657 149.834747 0.358473 -0.484245 5.835266 0.092907
53.889381 53.957047 4.589673 18.345558 238.701187 150.350586 0.411136 -0.435118 5.932153 0.089249
54.006371 54.582165 4.665020 18.924963 239.231903 150.806335 0.447715 -0.388088 6.008257 0.083888
54.139359 55.240765 4.779070 19.475473 239.849136 151.324387 0.474493 -0.333105 6.091177 0.077608
54.256348 55.769310 4.904513 19.862608 240.402618 151.780075 0.485007 -0.285327 6.153640 0.071501
54.389336 56.312809 5.069764 20.215370 241.047333 152.302307 0.484632 -0.222821 6.215751 0.063199
54.506325 56.729900 5.227309 20.500826 241.612701 152.753906 0.475585 -0.155567 6.252469 0.055594
54.640312 57.157013 5.441993 20.835999 242.272812 153.273972 0.459783 -0.056395 6.282441 0.049616
54.757301 57.497475 5.654603 21.029701 242.854630 153.723312 0.441875 0.044603 6.282591 0.046044
54.890289 57.855297 5.895486 21.200233 243.518738 154.228714 0.420809 0.170798 6.266446 0.044267
55.007278 58.161869 6.100860 21.281116 244.103256 154.667465 0.401923 0.282673 6.233231 0.044133
55.124268 58.456791 6.304577 21.338499 244.685104 155.099991 0.386319 0.389367 6.170262 0.043054
55.257256 58.782639 6.502320 21.406115 245.343201 155.582977 0.376294 0.491878 6.108103 0.042145
55.390244 59.097427 6.637465 21.379076 245.998245 156.056122 0.376168 0.558545 6.049020 0.040799
55.507233 59.356087 6.708510 21.326305 246.570679 156.465637 0.384993 0.578142 5.992508 0.039800
55.624222 59.625401 6.733150 21.267426 247.140076 156.868500 0.401590 0.563441 5.935984 0.043249
55.757210 59.954559 6.701573 21.139063 247.783142 157.318237 0.429606 0.512576 5.875615 0.045320
55.874199 60.235882 6.612381 20.974232 248.345947 157.708160 0.460191 0.447577 5.826218 0.045410
56.008186 60.578335 6.415318 20.833736 248.985184 158.149399 0.498085 0.360760 5.770486 0.046577
56.124176 60.879478 6.174197 20.820057 249.532059 158.528946 0.531065 0.283752 5.719212 0.045762
56.258163 61.221191 5.833484 20.788565 250.161255 158.963577 0.565761 0.206180 5.700105 0.043894
56.374153 61.510853 5.485216 20.781450 250.709259 159.340469 0.592365 0.158675 5.672296 0.044095
56.508141 61.839920 5.020767 20.821600 251.328308 159.767563 0.616118 0.130492 5.639077 0.041561
56.624130 62.124172 4.592045 20.891241 251.869003 160.142227 0.631729 0.117778 5.610104 0.042220
56.758118 62.448101 4.119815 20.934324 252.480667 160.566345 0.645042 0.093000 5.583176 0.041362
56.875107 62.738430 3.722935 21.007048 253.014557 160.938095 0.652952 0.041166 5.548222 0.042582
57.008095 63.042149 3.295690 21.112350 253.617203 161.358978 0.658950 -0.064994 5.513644 0.038488
57.125084 63.301216 2.942604 21.221092 254.143860 161.728180 0.661883 -0.194070 5.481851 0.037528
57.258072 63.586029 2.587630 21.358402 254.739899 162.150330 0.663740 -0.355403 5.427235 0.033968
57.375061 63.804478 2.328102 21.396019 255.249725 162.515686 0.663937 -0.480988 5.394856 0.031773
57.508049 64.017708 2.130443 21.271465 255.832596 162.937424 0.663822 -0.587445 5.348272 0.026664
57.626038 64.187706 2.033959 21.083797 256.334656 163.305740 0.665882 -0.641977 5.305640 0.025516
57.759026 64.361847 1.961522 20.841120 256.898010 163.724442 0.671921 -0.664419 5.254549 0.022443
57.875015 64.502434 1.930490 20.493196 257.385315 164.093201 0.677638 -0.653495 5.196740 0.023117
58.009003 64.643555 1.911510 19.942112 257.928284 164.514130 0.686826 -0.609764 5.145784 0.020514
58.125992 64.750244 1.899112 19.324667 258.397461 164.886902 0.696915 -0.547707 5.108592 0.018132
58.258980 64.843979 1.871884 18.499752 258.921783 165.313965 0.706177 -0.458974 5.066782 0.015260
58.375969 64.909454 1.823413 17.702969 259.373871 165.693558 0.711512 -0.372521 5.029341 0.013259
58.508957 64.968201 1.743444 16.650068 259.882263 166.133591 0.712244 -0.269124 5.008882 0.010842
58.625946 65.002785 1.628713 15.639853 260.317841 166.523331 0.708125 -0.173507 4.992053 0.008869
58.758934 65.026398 1.456564 14.382507 260.805176 166.972733 0.699439 -0.056625 4.982186 0.005918
58.875927 65.025772 1.248565 13.175186 261.225800 167.374924 0.686675 0.054930 4.969628 0.003164
59.009914 64.999001 0.959505 11.674197 261.694153 167.840332 0.664851 0.189623 4.959538 -0.000778
59.125904 64.953758 0.642109 10.212551 262.097717 168.257797 0.640482 0.313179 4.963140 -0.005346
59.259892 64.885376 0.216544 8.422353 262.547455 168.741592 0.607274 0.450817 4.966754 -0.009332
59.376881 64.811615 -0.196015 6.753872 262.933716 169.176071 0.574148 0.558578 4.971244 -0.011444
59.509869 64.732040 -0.722250 4.784305 263.362213 169.680115 0.535549 0.650760 4.972927 -0.012645
59.626858 64.667503 -1.212555 3.017152 263.728668 170.132187 0.501724 0.699299 4.973484 -0.015511
59.759846 64.582680 -1.785184 0.986997 264.133667 170.662506 0.462828 0.720083 4.983770 -0.019569
59.876839 64.506195 -2.272104 -0.775880 264.473511 171.132126 0.429583 0.716213 5.006159 -0.021583
60.009827 64.422928 -2.796175 -2.815775 264.854065 171.687363 0.394902 0.694119 5.035661 -0.022919
