1.20 1.10 20 64
0.137000 0.002975 0.097946 -0.086070 0.988297 -0.001140 -0.138602 0.107577 6.719819 0.000402
0.259000 -0.008327 0.381408 -0.196742 1.804193 -0.003971 -0.085010 0.124129 6.661741 -0.002219
0.376000 -0.018005 0.788959 -0.253516 2.584500 -0.007101 0.002447 0.148883 6.575527 -0.001238
0.508000 -0.033474 1.339379 -0.321517 3.444976 -0.012342 0.124480 0.187270 6.480330 -0.001709
0.628000 -0.041035 1.859388 -0.383105 4.216936 -0.019223 0.243344 0.220391 6.411018 0.000481
0.755000 -0.033727 2.399056 -0.394989 5.026336 -0.027478 0.363006 0.239058 6.349174 0.001270
0.883000 -0.013581 2.907156 -0.377569 5.838735 -0.035562 0.464603 0.232930 6.347339 0.002460
1.009000 0.002436 3.352987 -0.354511 6.639649 -0.043417 0.538500 0.204912 6.367811 0.001809
1.127000 0.021486 3.722910 -0.298748 7.393784 -0.050904 0.578952 0.165238 6.405612 0.001924
1.256000 0.043047 4.037181 -0.206066 8.224300 -0.060333 0.587625 0.114812 6.463630 0.002758
1.384000 0.072152 4.237968 -0.164578 9.063710 -0.071998 0.558708 0.067008 6.539820 0.003529
1.501999 0.099560 4.315176 -0.108878 9.833203 -0.084073 0.504483 0.034130 6.600597 0.002995
1.628000 0.122560 4.292998 -0.056612 10.669215 -0.098119 0.423159 0.013292 6.660813 0.002275
1.754000 0.134493 4.176862 0.033057 11.519350 -0.111966 0.325992 0.004824 6.716133 0.000726
1.883999 0.146803 3.964104 0.088650 12.388651 -0.127542 0.224140 0.001460 6.757765 0.002423
2.000999 0.167837 3.704334 0.089663 13.181067 -0.144023 0.138623 -0.001657 6.787624 0.002977
2.128999 0.195154 3.378884 0.076213 14.050594 -0.164555 0.059665 -0.006215 6.798906 0.003634
2.256000 0.230510 3.021809 0.062820 14.915410 -0.185069 0.005125 -0.014921 6.818600 0.004883
2.385000 0.269498 2.674337 0.162984 15.795740 -0.204633 -0.018141 -0.031944 6.833651 0.004294
2.501000 0.303633 2.386598 0.280879 16.595749 -0.222025 -0.008660 -0.054104 6.841431 0.003690
2.627000 0.346051 2.119719 0.475003 17.457024 -0.240606 0.030943 -0.076015 6.836552 0.005826
2.756001 0.390960 1.911076 0.731874 18.330791 -0.261716 0.098226 -0.087147 6.815682 0.004329
2.884001 0.426369 1.759596 0.992255 19.200644 -0.283187 0.182721 -0.087162 6.786405 0.004240
3.012001 0.461710 1.652004 1.257661 20.067579 -0.303542 0.274312 -0.090398 6.767811 0.003539
3.129001 0.489774 1.583243 1.467435 20.858448 -0.322250 0.353449 -0.105929 6.759154 0.003357
3.257001 0.532339 1.532236 1.698839 21.730709 -0.344396 0.427259 -0.132153 6.769937 0.005925
3.385002 0.576664 1.486762 1.927925 22.598780 -0.366704 0.479024 -0.150950 6.792794 0.004771
3.501002 0.614351 1.454769 2.130426 23.389225 -0.387058 0.503554 -0.151777 6.835802 0.005156
3.629002 0.662394 1.430558 2.383172 24.267550 -0.410329 0.505292 -0.136034 6.885422 0.005823
3.757002 0.714300 1.428887 2.636547 25.151831 -0.433923 0.481466 -0.113304 6.927056 0.006659
3.886003 0.773967 1.437912 2.882784 26.041010 -0.457539 0.433027 -0.090562 6.962886 0.007234
4.003003 0.821321 1.473011 3.105546 26.857182 -0.478905 0.372466 -0.069890 6.986761 0.005583
4.131004 0.861157 1.538265 3.332355 27.751820 -0.501595 0.296904 -0.047211 6.995553 0.004447
4.259006 0.894989 1.623953 3.494252 28.647329 -0.523869 0.220001 -0.028013 6.997685 0.003944
4.387007 0.924269 1.745285 3.602850 29.543718 -0.547538 0.149136 -0.015081 7.001369 0.003337
4.503008 0.960030 1.892068 3.666697 30.361889 -0.567299 0.095816 -0.005596 6.989357 0.005671
4.632009 1.000539 2.083879 3.665222 31.254452 -0.588764 0.056270 0.008436 6.961117 0.005441
4.760010 1.043024 2.300258 3.579109 32.149696 -0.609621 0.039344 0.029333 6.926572 0.005385
4.877011 1.076212 2.501729 3.478415 32.951283 -0.627264 0.043818 0.046985 6.898774 0.006171
5.006012 1.119206 2.706950 3.280711 33.846138 -0.647984 0.067326 0.056707 6.874835 0.007534
5.134014 1.157832 2.885871 3.015882 34.716377 -0.668344 0.105204 0.057359 6.840076 0.007635
5.262015 1.196236 3.051395 2.695302 35.588524 -0.687162 0.153597 0.063302 6.799021 0.007753
5.377016 1.235510 3.162787 2.446181 36.368702 -0.701457 0.199635 0.084268 6.776748 0.007908
5.503017 1.270559 3.246322 2.201490 37.228130 -0.713680 0.247658 0.121201 6.763520 0.006832
5.630019 1.300084 3.281666 1.945351 38.087868 -0.725920 0.288302 0.154066 6.772824 0.005009
5.757020 1.319304 3.266263 1.706885 38.942410 -0.737641 0.316982 0.166602 6.788996 0.004319
5.885021 1.337668 3.189177 1.501852 39.813343 -0.749519 0.332495 0.159183 6.817808 0.004135
6.001022 1.362995 3.068031 1.326031 40.606651 -0.760583 0.333299 0.146767 6.855450 0.005515
6.126024 1.397045 2.892775 1.174628 41.472614 -0.772183 0.319982 0.135834 6.887725 0.005958
6.254025 1.441040 2.672583 1.029336 42.349899 -0.784152 0.292831 0.126061 6.917910 0.007582
6.383026 1.492342 2.432270 0.911632 43.245537 -0.797493 0.253475 0.110764 6.962124 0.007551
6.511027 1.549679 2.204892 0.829952 44.138920 -0.811708 0.210130 0.088630 6.994401 0.007773
6.628028 1.602071 2.022173 0.710499 44.964390 -0.825032 0.170834 0.061612 6.995099 0.008998
6.755030 1.660665 1.856882 0.608447 45.853199 -0.838694 0.131361 0.021992 7.006866 0.008825
6.882031 1.723248 1.732568 0.563326 46.735474 -0.851299 0.101281 -0.031365 6.998709 0.009089
7.008032 1.782163 1.668136 0.548089 47.616978 -0.863413 0.084028 -0.092230 6.995792 0.007561
7.135034 1.846983 1.674457 0.615134 48.504452 -0.873518 0.079437 -0.142703 6.979914 0.009109
7.251035 1.907984 1.763010 0.670617 49.312752 -0.883042 0.087955 -0.165156 6.959333 0.008944
7.377036 1.984357 1.934942 0.697941 50.193951 -0.893052 0.109154 -0.161606 6.921588 0.011024
7.507037 2.079025 2.168086 0.700100 51.084541 -0.903113 0.139528 -0.136779 6.889359 0.014117
7.635038 2.190242 2.452502 0.692349 51.963402 -0.913105 0.173617 -0.101800 6.847447 0.015836
7.751040 2.291235 2.727569 0.667591 52.761806 -0.922258 0.205882 -0.068584 6.809960 0.014730
7.878041 2.398340 3.011084 0.636714 53.617676 -0.930822 0.236582 -0.039182 6.782140 0.015325
8.005042 2.502636 3.266482 0.615753 54.476765 -0.938197 0.261121 -0.023396 6.753749 0.013816
8.131041 2.612335 3.474672 0.639170 55.333122 -0.944521 0.274321 -0.023666 6.737686 0.015900
8.258039 2.734833 3.614000 0.720414 56.181187 -0.950394 0.275813 -0.031435 6.726719 0.016726
8.387039 2.858609 3.673945 0.828478 57.049549 -0.955539 0.266220 -0.038142 6.733947 0.015769
8.503038 2.963504 3.657528 0.956594 57.837635 -0.959025 0.248731 -0.041436 6.735553 0.013162
8.633039 3.058510 3.548696 1.096069 58.706203 -0.962964 0.220815 -0.046317 6.734103 0.010930
8.762038 3.140961 3.361547 1.247149 59.575199 -0.965949 0.186799 -0.054787 6.738431 0.009814
8.879038 3.208876 3.154469 1.345666 60.363781 -0.968466 0.154341 -0.059834 6.742873 0.009578
9.006037 3.291201 2.873352 1.437044 61.220020 -0.969437 0.120924 -0.054102 6.741371 0.010187
9.133036 3.361607 2.554453 1.550453 62.076656 -0.969039 0.093790 -0.029983 6.749398 0.007924
9.260035 3.428606 2.239759 1.722077 62.933167 -0.967974 0.076924 0.012275 6.736251 0.008791
9.386033 3.500393 1.944818 1.907089 63.788200 -0.965955 0.072341 0.063547 6.726902 0.008437
9.502031 3.566392 1.702398 2.091319 64.567726 -0.963434 0.079249 0.104225 6.715122 0.009497
9.629030 3.639144 1.480420 2.261152 65.419716 -0.963250 0.099523 0.125798 6.700515 0.009422
9.755029 3.709548 1.319788 2.471784 66.255569 -0.962284 0.129096 0.114394 6.678191 0.010286
9.884028 3.790403 1.222450 2.624130 67.115211 -0.960452 0.165687 0.073758 6.649803 0.011676
10.001028 3.859404 1.173809 2.721121 67.891617 -0.958794 0.201455 0.026154 6.626039 0.009665
10.129027 3.934633 1.150019 2.801361 68.744614 -0.956512 0.240110 -0.020073 6.605473 0.009891
10.258027 4.007521 1.163051 2.845373 69.589134 -0.951860 0.271446 -0.047207 6.591655 0.009674
10.376027 4.069399 1.184274 2.892962 70.366463 -0.945546 0.290743 -0.054784 6.587109 0.008460
10.504026 4.125732 1.208271 2.889027 71.216026 -0.937367 0.300990 -0.050318 6.586113 0.007268
10.632026 4.179492 1.231110 2.832591 72.059761 -0.927913 0.299559 -0.040890 6.593076 0.006347
10.758024 4.213393 1.249567 2.743240 72.890366 -0.917530 0.288632 -0.031121 6.589590 0.004861
10.886024 4.240897 1.264481 2.604888 73.727974 -0.905485 0.268536 -0.022494 6.598407 0.004234
11.003023 4.270868 1.272265 2.480430 74.500061 -0.892413 0.244484 -0.017721 6.599987 0.005700
11.131022 4.302180 1.272549 2.348449 75.352028 -0.877543 0.215552 -0.019258 6.605711 0.003670
11.260022 4.317883 1.270736 2.193501 76.197105 -0.861130 0.185955 -0.025869 6.599597 0.002586
11.387021 4.327078 1.285669 1.999614 77.034645 -0.842781 0.160143 -0.027454 6.593453 0.001388
11.502020 4.344525 1.295279 1.812667 77.791725 -0.825941 0.142813 -0.013880 6.576574 0.002571
11.630019 4.347317 1.302538 1.603040 78.639137 -0.804956 0.131853 0.021591 6.567441 -0.000114
11.759019 4.334266 1.286389 1.391240 79.478806 -0.783690 0.130215 0.067810 6.557672 -0.001395
11.886018 4.330557 1.261679 1.147172 80.309929 -0.760672 0.137051 0.109382 6.538903 0.000489
12.003017 4.331654 1.233105 0.937459 81.074448 -0.737603 0.151076 0.137057 6.534481 0.000965
12.131017 4.333266 1.170166 0.747572 81.909027 -0.712350 0.172744 0.156264 6.519450 0.001891
12.259016 4.343528 1.086245 0.559006 82.742844 -0.687876 0.197696 0.164860 6.514815 0.002013
12.385015 4.367452 1.006436 0.393504 83.569801 -0.662950 0.223080 0.158468 6.512173 0.003592
12.501014 4.388380 0.910232 0.307800 84.324921 -0.639625 0.245186 0.133713 6.515141 0.003074
12.628013 4.409752 0.786199 0.192370 85.152733 -0.614159 0.266502 0.083784 6.528246 0.002536
12.754011 4.420729 0.653151 0.129361 85.975273 -0.586922 0.281149 0.016921 6.535333 0.000862
12.882010 4.418129 0.517231 0.093884 86.806190 -0.557964 0.289139 -0.053428 6.554647 -0.000239
13.012011 4.418078 0.385937 0.020205 87.658226 -0.528382 0.290926 -0.109405 6.561570 -0.000111
13.129009 4.414848 0.274404 -0.020374 88.432938 -0.501436 0.286741 -0.133384 6.572830 0.000150
13.258009 4.421795 0.168244 -0.006106 89.280632 -0.472013 0.277790 -0.128250 6.577040 0.000982
13.386008 4.432613 0.068714 0.052072 90.122215 -0.442397 0.265937 -0.101371 6.578355 0.001534
13.503008 4.450492 -0.002430 0.110413 90.884911 -0.415642 0.254300 -0.070796 6.575822 0.002384
13.631007 4.463140 -0.068898 0.163813 91.732956 -0.386289 0.242498 -0.039333 6.576201 0.001340
13.757006 4.473897 -0.123557 0.270618 92.553833 -0.355845 0.234164 -0.016780 6.569217 0.001575
13.886005 4.485857 -0.155315 0.417104 93.406647 -0.323644 0.230061 -0.005030 6.561088 0.001176
14.003005 4.486796 -0.178888 0.533122 94.166580 -0.294036 0.231482 -0.008987 6.553157 -0.000333
14.129004 4.483797 -0.198178 0.665750 94.997681 -0.260595 0.237627 -0.028400 6.548923 0.001264
14.257003 4.492540 -0.201343 0.830209 95.834679 -0.226525 0.247205 -0.054673 6.543725 0.001027
14.387003 4.497204 -0.176184 1.010305 96.676964 -0.191455 0.260856 -0.075779 6.531464 0.000263
14.504003 4.505896 -0.129127 1.137095 97.439980 -0.160661 0.275822 -0.084032 6.526288 0.001769
14.632002 4.510261 -0.067940 1.240940 98.281166 -0.127044 0.293598 -0.082122 6.529003 -0.000226
14.761002 4.511388 -0.028417 1.308304 99.116241 -0.092909 0.311495 -0.072912 6.528725 0.000377
14.878001 4.510338 -0.004944 1.361221 99.879616 -0.061940 0.327017 -0.060822 6.531488 -0.000513
15.007001 4.496829 0.014385 1.417705 100.723221 -0.028028 0.339690 -0.045653 6.550983 -0.002812
15.137000 4.467571 0.029653 1.464865 101.575676 0.005982 0.347994 -0.033621 6.569919 -0.005004
15.254998 4.441527 0.043111 1.436672 102.351830 0.036669 0.350789 -0.028527 6.592984 -0.003017
15.381997 4.415252 0.061043 1.365413 103.189194 0.070498 0.349201 -0.025995 6.603047 -0.004686
15.510997 4.368242 0.078349 1.248064 104.047890 0.105284 0.343387 -0.015653 6.615333 -0.008134
15.628997 4.316469 0.071436 1.092272 104.821434 0.135282 0.334818 0.007448 6.619488 -0.007470
15.757997 4.269653 0.057705 0.969768 105.675392 0.169064 0.322334 0.045439 6.625420 -0.006510
15.883995 4.225060 0.036404 0.900844 106.509872 0.201051 0.310473 0.082073 6.630932 -0.006716
16.000994 4.176587 0.006415 0.821696 107.285736 0.229094 0.298904 0.105026 6.635753 -0.007127
16.128986 4.127954 -0.044342 0.741022 108.141205 0.260562 0.288821 0.115740 6.638166 -0.005626
16.257978 4.084076 -0.117250 0.648540 108.990631 0.291980 0.280139 0.118655 6.639105 -0.005985
16.385971 4.039568 -0.186572 0.581540 109.839630 0.322530 0.274057 0.118610 6.637455 -0.006082
16.502964 3.997168 -0.250385 0.551567 110.614922 0.350104 0.274666 0.113483 6.625343 -0.006153
16.631956 3.953223 -0.315555 0.515728 111.468575 0.380257 0.281019 0.096095 6.619224 -0.006983
16.760948 3.899234 -0.372830 0.479492 112.322327 0.410214 0.292054 0.067780 6.625104 -0.007438
16.877941 3.853218 -0.418874 0.428879 113.096672 0.437556 0.305583 0.039720 6.620800 -0.007655
17.006933 3.792155 -0.471203 0.362739 113.950607 0.467076 0.321752 0.013321 6.623692 -0.008896
17.134926 3.724605 -0.507649 0.322971 114.797913 0.495787 0.338185 -0.010539 6.623706 -0.009388
17.251919 3.659184 -0.508504 0.319354 115.572563 0.522926 0.351026 -0.035999 6.626705 -0.010409
17.377913 3.585964 -0.499597 0.286086 116.413994 0.552493 0.362615 -0.071577 6.635659 -0.009675
17.506905 3.521122 -0.482186 0.284665 117.264000 0.583399 0.369896 -0.108033 6.649671 -0.009992
17.631899 3.444261 -0.451851 0.337848 118.101776 0.615673 0.373495 -0.129764 6.653571 -0.011142
17.760891 3.359321 -0.393994 0.388402 118.960136 0.648427 0.374086 -0.129548 6.662479 -0.011172
17.878883 3.287006 -0.342741 0.477123 119.739471 0.678370 0.371752 -0.112604 6.667244 -0.009689
18.007875 3.220064 -0.263672 0.574209 120.599251 0.711217 0.366335 -0.085748 6.672453 -0.008945
18.125868 3.167158 -0.179534 0.688860 121.386314 0.742216 0.359634 -0.059622 6.674868 -0.008096
18.254860 3.096765 -0.065943 0.811834 122.247704 0.776238 0.350626 -0.025093 6.686356 -0.010967
18.381853 3.018148 0.050650 0.882575 123.103058 0.809495 0.343793 0.023677 6.689021 -0.010321
18.507847 2.947245 0.161203 0.993156 123.945740 0.844211 0.337800 0.086112 6.698608 -0.009881
18.636839 2.859971 0.255812 1.102538 124.802307 0.879517 0.333279 0.150190 6.694697 -0.012056
18.753832 2.781036 0.317829 1.163926 125.592285 0.910137 0.330476 0.193616 6.698084 -0.011741
18.882824 2.704123 0.366814 1.190931 126.456039 0.943570 0.330787 0.212290 6.701699 -0.010284
19.010817 2.626575 0.396813 1.212005 127.306351 0.975335 0.332992 0.202382 6.697648 -0.010840
19.125811 2.550858 0.411638 1.198595 128.082642 1.003635 0.333768 0.173939 6.699160 -0.011373
19.254803 2.471550 0.409112 1.122814 128.939911 1.033156 0.334922 0.126700 6.704277 -0.010988
19.382795 2.394409 0.351309 1.011940 129.805161 1.061981 0.335958 0.067462 6.718219 -0.010525
19.500788 2.321668 0.299593 0.845583 130.591827 1.086163 0.336488 0.011292 6.734139 -0.011397
19.628780 2.228152 0.231531 0.582061 131.453552 1.111831 0.335539 -0.045165 6.733919 -0.012863
19.754774 2.134972 0.156757 0.345266 132.301605 1.136451 0.335311 -0.092501 6.736529 -0.012733
19.883766 2.051469 0.071305 0.111695 133.170761 1.161040 0.335950 -0.134308 6.741139 -0.010065
20.001759 1.977382 -0.008108 -0.074993 133.967117 1.183215 0.337454 -0.167536 6.756314 -0.010713
20.130751 1.893026 -0.082520 -0.247385 134.838699 1.206635 0.340615 -0.195766 6.761922 -0.011761
20.259743 1.811462 -0.155942 -0.407247 135.711304 1.230292 0.344285 -0.212360 6.769746 -0.009957
20.376736 1.748625 -0.210511 -0.568976 136.503372 1.251013 0.346239 -0.215820 6.776027 -0.008791
20.504728 1.694178 -0.253366 -0.701685 137.378128 1.275952 0.348951 -0.204361 6.784139 -0.007252
20.631721 1.642079 -0.272299 -0.776100 138.232559 1.299885 0.351000 -0.174950 6.779082 -0.007014
20.756716 1.588714 -0.271951 -0.835280 139.086761 1.323190 0.352803 -0.127913 6.782866 -0.007912
20.885708 1.515746 -0.263995 -0.866471 139.954315 1.347947 0.353206 -0.072366 6.782129 -0.010134
21.003700 1.456042 -0.243739 -0.878269 140.753387 1.370431 0.352584 -0.028182 6.768656 -0.007763
21.133692 1.400144 -0.197682 -0.895042 141.631897 1.392781 0.351214 0.002643 6.751665 -0.006154
21.258686 1.356734 -0.146620 -0.839118 142.481567 1.414872 0.349442 0.016198 6.740127 -0.005592
21.376678 1.318123 -0.114080 -0.765800 143.269638 1.437171 0.347285 0.021597 6.733979 -0.005807
21.504671 1.279593 -0.090736 -0.669262 144.130539 1.461417 0.343574 0.026581 6.723683 -0.005252
21.630665 1.235970 -0.086018 -0.563003 144.984070 1.483068 0.339566 0.033143 6.722248 -0.006287
21.759657 1.194726 -0.098936 -0.435605 145.843338 1.503214 0.336874 0.040942 6.707020 -0.006006
21.877649 1.148710 -0.115381 -0.292376 146.634003 1.521909 0.335730 0.048957 6.700844 -0.006923
22.006641 1.117433 -0.141452 -0.077482 147.497498 1.541998 0.336397 0.059058 6.687918 -0.003760
22.131636 1.092832 -0.178153 0.152530 148.339966 1.559975 0.339593 0.072319 6.685045 -0.002700
22.258629 1.091593 -0.226905 0.364762 149.182159 1.576423 0.344419 0.091551 6.689055 0.001207
22.385622 1.094765 -0.289536 0.566396 150.037903 1.592721 0.349501 0.119135 6.687929 0.000260
22.501616 1.098433 -0.346430 0.723806 150.807419 1.606458 0.353755 0.147889 6.692033 0.001093
22.629608 1.099715 -0.408938 0.926934 151.663269 1.622247 0.358133 0.176431 6.685770 -0.000489
22.759600 1.096427 -0.478843 1.097944 152.532135 1.637591 0.362306 0.196282 6.683061 0.000143
22.876593 1.102627 -0.542288 1.269712 153.313889 1.651410 0.365269 0.207589 6.681465 0.001124
23.004585 1.110401 -0.614569 1.441310 154.174957 1.666647 0.367473 0.218386 6.678976 0.000858
23.131578 1.117661 -0.701576 1.532232 155.016159 1.681430 0.367038 0.225104 6.675816 0.002389
23.257572 1.129827 -0.804325 1.625990 155.857437 1.696618 0.365290 0.215199 6.677453 0.001717
23.386564 1.123903 -0.919526 1.720921 156.718826 1.712531 0.361177 0.174866 6.680421 -0.000851
23.503557 1.119002 -1.017768 1.825302 157.500412 1.726371 0.356017 0.112524 6.681045 0.000776
23.632549 1.119032 -1.113519 1.930514 158.363556 1.742504 0.349829 0.028624 6.699438 -0.000610
23.761541 1.120881 -1.187703 1.975935 159.227783 1.758271 0.344520 -0.054021 6.698146 0.000730
23.877535 1.127023 -1.239258 1.955647 160.011307 1.773920 0.341018 -0.117659 6.698523 0.000878
24.006527 1.133488 -1.282870 1.853600 160.868546 1.790131 0.337702 -0.172448 6.698830 0.000291
24.135519 1.133749 -1.293023 1.780263 161.732147 1.808817 0.335426 -0.212370 6.694977 -0.000606
24.252512 1.127817 -1.265142 1.669794 162.514664 1.826475 0.334935 -0.236869 6.686531 -0.002082
24.380505 1.101990 -1.220722 1.470753 163.376389 1.845636 0.334619 -0.255757 6.679282 -0.005012
24.508497 1.063337 -1.160486 1.264145 164.223816 1.864580 0.336400 -0.272310 6.669595 -0.006003
24.634491 1.015224 -1.097574 1.025039 165.070206 1.883220 0.339732 -0.290928 6.662492 -0.008177
24.761484 0.958332 -1.034385 0.756295 165.909195 1.900446 0.342961 -0.310057 6.660081 -0.009145
24.876478 0.896775 -0.965156 0.474850 166.674850 1.914643 0.345698 -0.321515 6.661275 -0.010745
25.006470 0.810787 -0.892179 0.167181 167.540955 1.929460 0.346233 -0.318556 6.665703 -0.012416
25.135462 0.719783 -0.838224 -0.051412 168.400894 1.943814 0.345763 -0.288385 6.667622 -0.013807
25.250456 0.625642 -0.797805 -0.262946 169.168030 1.954565 0.342296 -0.234972 6.675327 -0.014672
25.378448 0.531184 -0.771617 -0.462562 170.023422 1.965734 0.337027 -0.147040 6.687106 -0.013994
25.506441 0.417116 -0.746901 -0.629027 170.887009 1.975610 0.329096 -0.036892 6.698223 -0.015820
25.636433 0.305016 -0.722741 -0.692699 171.751358 1.985913 0.320228 0.083539 6.703375 -0.014673
25.753426 0.206027 -0.693999 -0.733067 172.535721 1.994034 0.312131 0.188188 6.702202 -0.015119
25.881418 0.088049 -0.628026 -0.859933 173.393890 2.000805 0.303637 0.281709 6.704381 -0.016375
26.000412 -0.026607 -0.551145 -0.882604 174.178558 2.007551 0.297368 0.334312 6.707756 -0.017130
26.128405 -0.148408 -0.443635 -0.860173 175.050278 2.014582 0.293633 0.350888 6.706467 -0.017350
26.255398 -0.279191 -0.303650 -0.817317 175.909103 2.019577 0.293224 0.336519 6.709314 -0.016986
26.384390 -0.404698 -0.154048 -0.698410 176.768524 2.022022 0.293414 0.315300 6.715822 -0.018118
26.501383 -0.531784 -0.005624 -0.650829 177.561508 2.022372 0.294703 0.304226 6.726141 -0.018914
26.631374 -0.668206 0.159985 -0.606118 178.429703 2.021058 0.296752 0.299325 6.735139 -0.018775
26.760366 -0.807946 0.332230 -0.518975 179.305557 2.016950 0.297197 0.289097 6.738169 -0.018491
26.878359 -0.926978 0.475780 -0.393493 180.093918 2.013656 0.296529 0.266624 6.741339 -0.016666
27.008350 -1.051647 0.635475 -0.235860 180.969925 2.010316 0.294395 0.225635 6.738430 -0.016605
27.125343 -1.156061 0.771066 -0.067922 181.758133 2.005423 0.292377 0.175283 6.735149 -0.015677
27.255335 -1.256598 0.903368 0.149705 182.633636 1.997595 0.289771 0.107928 6.736948 -0.013287
27.383327 -1.356094 1.014150 0.361704 183.502167 1.986248 0.285659 0.032621 6.736368 -0.014317
27.500320 -1.451512 1.079903 0.584376 184.283096 1.974635 0.278851 -0.037181 6.731161 -0.015333
27.629313 -1.564333 1.120820 0.790927 185.151260 1.960077 0.271526 -0.114656 6.733969 -0.015731
27.759304 -1.676076 1.136746 0.967995 186.025543 1.943285 0.262002 -0.193586 6.723421 -0.014886
27.876297 -1.771859 1.129895 1.084304 186.812225 1.925087 0.252701 -0.263964 6.724564 -0.014461
28.005289 -1.874097 1.100355 1.254016 187.686096 1.904413 0.243088 -0.331162 6.723320 -0.014505
28.134281 -1.975071 1.068340 1.409981 188.552750 1.882930 0.237353 -0.369826 6.715231 -0.014483
28.252274 -2.075090 1.037795 1.576836 189.337753 1.862932 0.233992 -0.371908 6.705342 -0.015664
28.380266 -2.176601 0.985899 1.774222 190.202423 1.840235 0.231231 -0.345624 6.703056 -0.014812
28.510258 -2.280587 0.926624 1.993230 191.066940 1.815879 0.232456 -0.306661 6.701256 -0.013510
28.628250 -2.366073 0.897074 2.115441 191.856995 1.792205 0.235596 -0.273526 6.697811 -0.012118
28.757242 -2.448486 0.865573 2.251749 192.727051 1.764206 0.239977 -0.243064 6.691044 -0.010708
28.875235 -2.517773 0.829077 2.380508 193.508820 1.737229 0.244891 -0.215843 6.686508 -0.010672
29.004227 -2.595838 0.774271 2.493656 194.370880 1.706536 0.250147 -0.180482 6.686845 -0.012199
29.133219 -2.697921 0.709918 2.566853 195.232819 1.675291 0.255417 -0.134436 6.689000 -0.013990
29.260212 -2.793862 0.638265 2.623056 196.082291 1.644107 0.258799 -0.076307 6.696145 -0.013563
29.379206 -2.879789 0.565440 2.604888 196.879227 1.613913 0.260631 -0.010235 6.710153 -0.011917
29.507198 -2.973349 0.482362 2.538773 197.745132 1.579637 0.260912 0.072027 6.721828 -0.013098
29.625191 -3.064667 0.399701 2.413240 198.532089 1.547459 0.259727 0.150267 6.735359 -0.013733
29.754183 -3.175377 0.325397 2.242822 199.400970 1.511312 0.255761 0.228514 6.747404 -0.015644
29.880177 -3.282525 0.274611 2.084249 200.250961 1.476064 0.250233 0.285079 6.753415 -0.014675
30.009169 -3.388860 0.253902 1.896670 201.121979 1.439337 0.242127 0.316766 6.764068 -0.014195
30.126162 -3.487845 0.245276 1.700709 201.911865 1.406173 0.232282 0.326339 6.755315 -0.014805
30.255154 -3.599982 0.245161 1.456872 202.788696 1.369082 0.219931 0.324597 6.746980 -0.014865
30.384146 -3.712692 0.261823 1.188605 203.657578 1.332266 0.208454 0.314387 6.736864 -0.014405
30.501139 -3.807854 0.294500 0.950494 204.437286 1.297624 0.198167 0.294245 6.723682 -0.014401
30.630131 -3.912280 0.348108 0.740522 205.302612 1.258360 0.189406 0.253585 6.709923 -0.013069
30.759123 -4.005579 0.412385 0.504731 206.166565 1.216978 0.182122 0.195481 6.702573 -0.011505
30.875116 -4.086659 0.479400 0.281861 206.942551 1.178674 0.177769 0.138613 6.693512 -0.012283
31.004108 -4.175394 0.539196 0.068423 207.803772 1.135507 0.175260 0.082859 6.675295 -0.011337
31.133101 -4.259427 0.569959 -0.123658 208.662720 1.090224 0.172897 0.039239 6.665211 -0.011425
31.250093 -4.332541 0.579853 -0.259424 209.440689 1.049302 0.172865 0.004552 6.650376 -0.010406
31.376087 -4.406869 0.605148 -0.368635 210.283340 1.001901 0.174861 -0.034277 6.644554 -0.009522
31.504080 -4.467290 0.615794 -0.445026 211.124237 0.952747 0.176754 -0.074044 6.627012 -0.007921
31.629074 -4.525872 0.607809 -0.499815 211.950195 0.902079 0.176860 -0.106925 6.615423 -0.008315
31.758066 -4.583126 0.580404 -0.548278 212.808395 0.849269 0.177040 -0.128576 6.610542 -0.007000
31.883060 -4.631006 0.536122 -0.584345 213.633041 0.797920 0.175633 -0.138210 6.610797 -0.005626
32.010056 -4.668996 0.477079 -0.545179 214.463791 0.746040 0.172608 -0.142051 6.601727 -0.006194
32.125069 -4.713394 0.421571 -0.464432 215.221420 0.696895 0.169764 -0.145651 6.602724 -0.006312
32.252083 -4.751779 0.357349 -0.400052 216.057999 0.640519 0.167020 -0.156336 6.601565 -0.004029
32.382095 -4.772138 0.322435 -0.331777 216.914520 0.580940 0.165483 -0.179800 6.607552 -0.000743
32.510109 -4.768640 0.320255 -0.236305 217.758652 0.522777 0.164681 -0.213343 6.611307 0.001417
32.627121 -4.751955 0.338405 -0.126915 218.530197 0.469247 0.163722 -0.238781 6.609393 0.002742
32.756134 -4.718431 0.377113 0.019067 219.380035 0.408622 0.162058 -0.238585 6.602087 0.004438
32.885147 -4.678853 0.444981 0.159417 220.228867 0.346802 0.161274 -0.191881 6.594375 0.005565
33.002159 -4.634582 0.538750 0.287963 220.997665 0.289450 0.161560 -0.117018 6.587436 0.006119
33.130173 -4.583137 0.668930 0.409975 221.843918 0.223853 0.163103 -0.027299 6.575409 0.007420
33.259186 -4.516452 0.808343 0.531568 222.681366 0.158016 0.164511 0.037774 6.551772 0.008976
33.376198 -4.449399 0.936996 0.616329 223.444458 0.096771 0.164214 0.062281 6.536545 0.009619
33.504211 -4.376246 1.069581 0.692437 224.283218 0.028891 0.161681 0.056891 6.517018 0.010978
33.632225 -4.301344 1.200216 0.796732 225.114487 -0.037024 0.156086 0.034316 6.512565 0.009072
33.750237 -4.239410 1.302532 0.887048 225.873093 -0.097621 0.148234 0.012816 6.496851 0.009886
33.878250 -4.160496 1.396797 1.022290 226.701080 -0.164127 0.138342 -0.001944 6.483503 0.010141
34.007263 -4.096189 1.451818 1.142282 227.534134 -0.232011 0.128398 -0.004183 6.473070 0.007373
34.135277 -4.038534 1.486943 1.308256 228.358093 -0.298408 0.121520 0.006676 6.449349 0.007720
34.251289 -3.976987 1.491708 1.439127 229.109955 -0.358917 0.117023 0.024970 6.446093 0.010062
34.378304 -3.885889 1.474003 1.565360 229.919815 -0.424890 0.114100 0.047223 6.443440 0.013477
34.505318 -3.788798 1.457364 1.623110 230.740982 -0.492926 0.113668 0.065061 6.435161 0.011566
34.633331 -3.708404 1.429164 1.658869 231.554672 -0.560400 0.114040 0.073365 6.424101 0.011023
34.750343 -3.628412 1.393718 1.668018 232.304016 -0.622362 0.116033 0.075128 6.424694 0.012543
34.879356 -3.533823 1.347167 1.608119 233.129913 -0.691725 0.120009 0.078251 6.423053 0.012727
35.008369 -3.441186 1.294013 1.493085 233.954742 -0.762482 0.126125 0.089747 6.410786 0.013770
35.125381 -3.360545 1.238742 1.358039 234.701126 -0.826674 0.131393 0.108618 6.399720 0.011911
35.254395 -3.279422 1.182884 1.190951 235.522964 -0.896964 0.134994 0.133817 6.390630 0.011247
35.381409 -3.196795 1.124459 0.999530 236.329849 -0.966071 0.138167 0.153126 6.370619 0.011835
35.507423 -3.112017 1.057655 0.780236 237.135010 -1.033799 0.139121 0.154471 6.358316 0.012209
35.633438 -3.025620 0.982244 0.574654 237.932480 -1.099001 0.139704 0.129111 6.348479 0.011351
35.760452 -2.943430 0.913464 0.347131 238.735687 -1.165014 0.138872 0.077793 6.339797 0.011868
35.877464 -2.873969 0.856812 0.134909 239.468277 -1.224993 0.137264 0.023358 6.331877 0.010381
36.003479 -2.790664 0.791725 -0.038318 240.268829 -1.289082 0.135768 -0.019794 6.321505 0.012563
36.131493 -2.701822 0.755671 -0.175918 241.068756 -1.352480 0.134853 -0.029080 6.311374 0.012206
36.257507 -2.611962 0.724398 -0.294432 241.861069 -1.416423 0.133047 -0.010640 6.307542 0.012843
36.386520 -2.515678 0.697068 -0.325701 242.671463 -1.480640 0.131491 0.012580 6.300122 0.013439
36.502533 -2.428563 0.682647 -0.271549 243.405670 -1.537518 0.130867 0.018850 6.291117 0.012236
36.631546 -2.335449 0.662916 -0.184085 244.207443 -1.599610 0.130376 0.010657 6.279973 0.012135
36.759560 -2.245830 0.658795 -0.119701 245.015152 -1.662070 0.130548 0.002072 6.274863 0.011976
36.876572 -2.173367 0.681967 -0.067586 245.740768 -1.717778 0.129691 0.003097 6.271793 0.009687
37.005585 -2.098770 0.705635 -0.053530 246.547470 -1.779870 0.129095 0.004953 6.271563 0.010249
37.134598 -2.025291 0.752934 -0.012921 247.353317 -1.840906 0.128127 -0.013901 6.259942 0.009739
37.251610 -1.964084 0.812059 0.011803 248.083145 -1.896384 0.126604 -0.058288 6.252520 0.009227
37.380623 -1.895252 0.881213 0.029118 248.886520 -1.956571 0.125847 -0.126686 6.241573 0.009388
37.509636 -1.827658 0.962768 0.074049 249.688797 -2.015386 0.126013 -0.189919 6.232170 0.009101
37.625648 -1.763482 1.036916 0.136904 250.408707 -2.067565 0.126577 -0.226764 6.216247 0.009300
37.752663 -1.694523 1.099148 0.253482 251.195358 -2.126240 0.127478 -0.242204 6.207342 0.008856
37.881676 -1.627016 1.129790 0.410615 251.993774 -2.185068 0.127349 -0.233246 6.201857 0.007828
38.009689 -1.573111 1.120409 0.636354 252.791290 -2.242636 0.126805 -0.194420 6.195841 0.006201
38.126701 -1.542363 1.094442 0.854488 253.507874 -2.292133 0.126611 -0.125615 6.189927 0.003150
38.254715 -1.510490 1.048194 1.066018 254.304611 -2.347337 0.124991 -0.013468 6.190322 0.004659
38.382729 -1.476063 0.999468 1.295541 255.095169 -2.402669 0.121659 0.112314 6.192540 0.003985
38.511742 -1.444542 0.952350 1.536745 255.885620 -2.457330 0.116804 0.217122 6.188404 0.003834
38.627754 -1.418075 0.905590 1.729285 256.607971 -2.508186 0.113239 0.269492 6.188150 0.002680
38.754768 -1.403663 0.853865 1.893522 257.391388 -2.564025 0.109502 0.270033 6.184036 0.002003
38.880783 -1.386444 0.811924 2.001477 258.161469 -2.619303 0.107783 0.220466 6.171427 0.001314
39.008797 -1.380623 0.757193 2.029806 258.954803 -2.677211 0.106635 0.133914 6.161114 0.001072
39.134811 -1.371821 0.687302 2.082330 259.728607 -2.732085 0.106212 0.035058 6.153464 0.000939
39.261826 -1.376683 0.622394 2.126374 260.501892 -2.786922 0.107700 -0.063698 6.147232 -0.002351
39.376839 -1.396432 0.542685 2.133750 261.206360 -2.836271 0.110170 -0.144204 6.137427 -0.003717
39.500854 -1.428136 0.460018 2.117662 261.964874 -2.888721 0.114577 -0.212827 6.124808 -0.004943
39.627869 -1.473748 0.385456 2.058601 262.740173 -2.942257 0.120156 -0.252834 6.114481 -0.005819
39.754883 -1.523555 0.313698 1.971936 263.514008 -2.995157 0.127722 -0.253682 6.101370 -0.006579
39.881897 -1.571308 0.253735 1.885072 264.292145 -3.049430 0.137076 -0.218637 6.091511 -0.007302
40.009911 -1.621005 0.204102 1.756147 265.069580 -3.103768 0.144621 -0.165114 6.088981 -0.006657
40.125923 -1.672418 0.193381 1.609311 265.774200 -3.153227 0.149798 -0.117448 6.088696 -0.008078
40.252937 -1.731406 0.198946 1.454125 266.539063 -3.206993 0.154465 -0.071196 6.085094 -0.008475
40.377953 -1.786961 0.211810 1.291916 267.297821 -3.259713 0.156073 -0.021284 6.084806 -0.007414
40.503967 -1.846846 0.224912 1.095568 268.068695 -3.310462 0.155479 0.043420 6.085036 -0.008057
40.630981 -1.906317 0.245725 0.912893 268.833984 -3.360378 0.153012 0.119124 6.085212 -0.008178
40.757996 -1.964049 0.284029 0.791492 269.605255 -3.410399 0.149289 0.192386 6.085000 -0.007959
40.885010 -2.021008 0.331022 0.674554 270.376404 -3.460513 0.144781 0.249210 6.088362 -0.007312
41.012024 -2.085349 0.390978 0.500617 271.147827 -3.510426 0.141304 0.284485 6.089592 -0.009181
41.127037 -2.150754 0.461298 0.346487 271.852844 -3.554730 0.137627 0.301360 6.088005 -0.010386
41.254051 -2.233675 0.535094 0.180142 272.625000 -3.602714 0.133319 0.309442 6.091729 -0.011722
41.381065 -2.322547 0.600313 0.020759 273.397064 -3.652082 0.129815 0.308760 6.091202 -0.012200
41.507080 -2.407451 0.639536 -0.120416 274.162354 -3.701169 0.128093 0.297647 6.083973 -0.011349
41.631096 -2.499965 0.660039 -0.188415 274.915161 -3.747837 0.128712 0.268027 6.083185 -0.013556
41.755112 -2.598320 0.661869 -0.208320 275.668976 -3.793512 0.130991 0.211923 6.094405 -0.014263
41.880127 -2.699198 0.667459 -0.270161 276.423950 -3.839066 0.136037 0.129452 6.101431 -0.014907
42.006142 -2.797893 0.665541 -0.345733 277.197693 -3.886207 0.143001 0.032362 6.106445 -0.012830
42.133156 -2.894778 0.661706 -0.415739 277.971588 -3.933052 0.150250 -0.056939 6.106701 -0.014217
42.259171 -2.997136 0.656874 -0.451644 278.739960 -3.978875 0.158215 -0.127003 6.115832 -0.013783
42.382183 -3.100148 0.658153 -0.446840 279.492035 -4.024691 0.164608 -0.181580 6.132675 -0.015045
42.506199 -3.203164 0.646854 -0.426656 280.245697 -4.071329 0.169877 -0.234494 6.144018 -0.014855
42.632214 -3.306719 0.643411 -0.432932 281.025665 -4.120616 0.173522 -0.288616 6.160083 -0.014298
42.759228 -3.418985 0.641557 -0.435954 281.800873 -4.170643 0.174334 -0.329622 6.168078 -0.016661
42.885242 -3.535529 0.644340 -0.401088 282.582397 -4.221903 0.172212 -0.343890 6.167966 -0.015919
43.011257 -3.641842 0.637639 -0.323349 283.358551 -4.272168 0.169626 -0.331359 6.175978 -0.014704
43.127270 -3.745356 0.632820 -0.242820 284.067902 -4.318693 0.166258 -0.309798 6.184312 -0.015731
43.254284 -3.861179 0.622725 -0.140250 284.852203 -4.370575 0.162038 -0.289177 6.191180 -0.017187
43.380299 -3.987565 0.598171 -0.053069 285.637299 -4.422845 0.157118 -0.271475 6.194700 -0.018180
43.507313 -4.124570 0.553467 0.052704 286.416138 -4.475082 0.152745 -0.240003 6.198145 -0.020101
43.633327 -4.261419 0.511265 0.189801 287.196381 -4.528357 0.148779 -0.176049 6.210652 -0.019323
43.758343 -4.397210 0.473092 0.352438 287.978088 -4.582837 0.145191 -0.077994 6.225239 -0.018719
43.883358 -4.518874 0.446230 0.513789 288.748199 -4.636110 0.142859 0.033077 6.226418 -0.017212
44.008373 -4.636963 0.439982 0.646325 289.530731 -4.691842 0.141444 0.132846 6.226144 -0.016455
44.134388 -4.756084 0.451659 0.777885 290.306610 -4.747383 0.140827 0.199641 6.220748 -0.018295
44.260403 -4.903489 0.485417 0.879156 291.094177 -4.803988 0.142683 0.233311 6.213373 -0.021448
44.385418 -5.058265 0.524625 0.954160 291.862518 -4.859194 0.145532 0.243697 6.212788 -0.022793
44.509434 -5.230371 0.569864 1.036818 292.636536 -4.915671 0.150133 0.243827 6.203499 -0.024333
44.634449 -5.405861 0.607447 1.108780 293.409912 -4.973074 0.155782 0.239357 6.207350 -0.025445
44.760464 -5.597006 0.627441 1.148210 294.189636 -5.033305 0.160138 0.231578 6.205510 -0.027650
44.885479 -5.793591 0.635142 1.142647 294.962769 -5.094485 0.163136 0.222926 6.199579 -0.027206
45.011494 -5.993470 0.632904 1.114150 295.741791 -5.156218 0.164488 0.215885 6.202478 -0.028249
45.126507 -6.175441 0.608404 1.071190 296.446533 -5.213969 0.165357 0.208653 6.205335 -0.026819
45.262524 -6.397583 0.574098 0.982355 297.286804 -5.283420 0.165113 0.188841 6.202564 -0.028561
45.376537 -6.592057 0.546592 0.886805 297.997467 -5.343218 0.163477 0.152981 6.203391 -0.029685
45.502552 -6.813528 0.520019 0.768420 298.776581 -5.409822 0.162348 0.092038 6.205625 -0.030752
45.628567 -7.042047 0.496565 0.610266 299.549164 -5.477101 0.161030 0.020796 6.200362 -0.032751
45.751583 -7.278278 0.480707 0.494878 300.314728 -5.545624 0.160383 -0.041149 6.195105 -0.033533
45.886600 -7.541986 0.466732 0.335342 301.147583 -5.621635 0.161753 -0.085075 6.193504 -0.035000
46.009617 -7.796187 0.441596 0.167668 301.899170 -5.692885 0.164528 -0.106251 6.188460 -0.037095
46.134632 -8.069756 0.415477 0.043920 302.675507 -5.766980 0.169099 -0.121797 6.191097 -0.038266
46.260647 -8.352651 0.399916 -0.117031 303.451477 -5.843926 0.175332 -0.140263 6.185912 -0.040492
46.387661 -8.655749 0.390034 -0.302108 304.226563 -5.923062 0.183193 -0.162190 6.184898 -0.042255
46.502674 -8.937597 0.390383 -0.438678 304.940216 -5.996748 0.190565 -0.179850 6.186701 -0.042512
46.629688 -9.250856 0.386820 -0.583001 305.715607 -6.078683 0.198269 -0.191296 6.188893 -0.044066
46.756702 -9.581306 0.374658 -0.737152 306.496552 -6.163177 0.204550 -0.193986 6.183026 -0.045380
46.881718 -9.914176 0.364433 -0.855630 307.271332 -6.249928 0.209428 -0.189542 6.189915 -0.046101
47.005733 -10.245337 0.355949 -1.013515 308.033783 -6.337649 0.212378 -0.178098 6.188716 -0.047468
47.131748 -10.595212 0.334273 -1.225901 308.801514 -6.428604 0.212989 -0.157579 6.183933 -0.049285
47.257763 -10.948550 0.310462 -1.459230 309.574890 -6.522964 0.210032 -0.125153 6.184705 -0.048680
47.383778 -11.306788 0.294708 -1.641730 310.354431 -6.621192 0.204579 -0.078279 6.190496 -0.049167
47.510792 -11.669831 0.280157 -1.784299 311.134552 -6.720628 0.199006 -0.017562 6.190764 -0.048946
47.636806 -12.019390 0.254393 -1.884005 311.902161 -6.819533 0.193270 0.051403 6.192580 -0.048339
47.761822 -12.369339 0.236198 -1.986413 312.676422 -6.922260 0.189251 0.120415 6.202155 -0.049122
47.876835 -12.689335 0.230966 -2.048220 313.377289 -7.017759 0.186438 0.170494 6.204200 -0.047970
48.002850 -13.041651 0.245278 -2.084617 314.157257 -7.125335 0.183826 0.201324 6.200825 -0.048905
48.128864 -13.387823 0.289812 -2.098253 314.930634 -7.234492 0.182024 0.203891 6.196502 -0.047747
48.254879 -13.737779 0.330920 -2.167877 315.702789 -7.346097 0.181385 0.186507 6.189086 -0.048602
48.381893 -14.090664 0.378623 -2.194097 316.473572 -7.459579 0.182481 0.160269 6.179326 -0.049970
48.506908 -14.455080 0.427004 -2.165739 317.242615 -7.576379 0.185460 0.129649 6.168815 -0.050776
48.633923 -14.815167 0.500765 -2.099110 318.010132 -7.697091 0.187459 0.093866 6.161064 -0.049528
48.758938 -15.171328 0.576553 -2.062934 318.776184 -7.821152 0.188576 0.055158 6.156313 -0.048544
48.884953 -15.516921 0.645545 -1.960764 319.540863 -7.946642 0.187829 0.021706 6.147049 -0.047065
49.010967 -15.853374 0.716085 -1.811931 320.304810 -8.075297 0.185506 0.003052 6.145563 -0.046093
49.137981 -16.184694 0.793311 -1.667322 321.067688 -8.206425 0.181011 -0.001305 6.140081 -0.046255
49.262997 -16.504126 0.859708 -1.552103 321.823120 -8.339360 0.173628 -0.001854 6.135050 -0.044702
49.386013 -16.824671 0.926340 -1.454170 322.565338 -8.472577 0.165620 -0.009619 6.127755 -0.045711
49.511028 -17.156393 0.974235 -1.389003 323.324341 -8.611042 0.159144 -0.027015 6.118963 -0.046827
49.637043 -17.490892 1.000377 -1.372899 324.081512 -8.752820 0.154837 -0.046442 6.107531 -0.046216
49.763058 -17.823969 0.994217 -1.402975 324.830109 -8.895239 0.151928 -0.056510 6.088322 -0.046158
49.886074 -18.150005 0.974714 -1.435897 325.564484 -9.036976 0.149553 -0.053313 6.076246 -0.046681
50.010090 -18.481617 0.948269 -1.457059 326.308197 -9.185421 0.148270 -0.040968 6.056361 -0.046203
50.133106 -18.808279 0.902990 -1.487809 327.037170 -9.335157 0.149442 -0.029965 6.042200 -0.047394
50.260120 -19.158566 0.838500 -1.484388 327.781647 -9.490580 0.152543 -0.028509 6.032506 -0.049073
50.384136 -19.511349 0.755234 -1.512031 328.512817 -9.646781 0.156483 -0.039330 6.024451 -0.050630
50.507153 -19.869493 0.674334 -1.563689 329.241791 -9.806911 0.160248 -0.057603 6.016314 -0.050223
50.632168 -20.230551 0.596071 -1.645579 329.975128 -9.970876 0.163435 -0.076823 6.011323 -0.049860
50.757183 -20.588310 0.518432 -1.781883 330.700714 -10.138736 0.165714 -0.095336 6.003678 -0.050697
50.882198 -20.958065 0.453942 -1.915244 331.436249 -10.312462 0.166690 -0.117072 5.994494 -0.050533
51.008213 -21.323851 0.414457 -2.061253 332.169312 -10.487556 0.169539 -0.140155 5.974280 -0.050458
51.134228 -21.688061 0.400191 -2.260314 332.894043 -10.664049 0.174559 -0.156357 5.959003 -0.051185
51.260242 -22.072906 0.414124 -2.484524 333.621460 -10.844924 0.181229 -0.150803 5.942608 -0.054432
51.386257 -22.470463 0.459376 -2.726065 334.345734 -11.029507 0.189141 -0.115451 5.925575 -0.054303
51.512272 -22.860067 0.518338 -2.960759 335.073669 -11.217884 0.197256 -0.055659 5.915765 -0.052833
51.627285 -23.207897 0.603308 -3.143672 335.730499 -11.390698 0.203787 0.007156 5.898934 -0.052824
51.753300 -23.588701 0.722207 -3.351857 336.441254 -11.581024 0.209669 0.070002 5.875482 -0.053269
51.878315 -23.978729 0.838041 -3.553962 337.153412 -11.775350 0.213504 0.115962 5.850255 -0.054313
52.003330 -24.365789 0.953878 -3.695770 337.850311 -11.969742 0.215832 0.137756 5.826898 -0.055443
52.127346 -24.771172 1.062786 -3.830896 338.543579 -12.167460 0.215872 0.138241 5.805933 -0.057749
52.262360 -25.223154 1.152349 -4.030517 339.299774 -12.388124 0.212999 0.123720 5.782305 -0.056516
52.386375 -25.648951 1.223506 -4.159345 339.986450 -12.592698 0.209645 0.106160 5.775735 -0.060902
52.510391 -26.093916 1.280278 -4.257136 340.665863 -12.798695 0.206679 0.089201 5.770015 -0.063768
52.636406 -26.563480 1.322590 -4.397227 341.359314 -13.014024 0.202284 0.072872 5.759077 -0.065088
52.760422 -27.046833 1.351861 -4.496350 342.044922 -13.231327 0.197174 0.062788 5.751893 -0.068023
52.888435 -27.550411 1.369698 -4.539477 342.739716 -13.456409 0.192197 0.070736 5.747494 -0.069957
53.012447 -28.063541 1.377481 -4.561589 343.421143 -13.681464 0.189132 0.102357 5.740974 -0.071974
53.127460 -28.539787 1.386639 -4.564486 344.041595 -13.890879 0.188737 0.145214 5.742577 -0.074092
53.252476 -29.071468 1.388143 -4.514268 344.720154 -14.123965 0.189622 0.186423 5.740107 -0.074904
53.378490 -29.608950 1.387635 -4.449985 345.402802 -14.362093 0.193156 0.200990 5.735344 -0.075402
53.503506 -30.169790 1.378903 -4.385279 346.082977 -14.604604 0.198351 0.179608 5.732492 -0.078973
53.629520 -30.744698 1.378672 -4.343197 346.755890 -14.850365 0.204723 0.128342 5.728418 -0.081046
53.754536 -31.344366 1.372883 -4.274143 347.431610 -15.100983 0.210232 0.059272 5.714235 -0.084722
53.881550 -31.954569 1.362091 -4.212524 348.105499 -15.354613 0.213557 -0.016106 5.713316 -0.085032
54.007565 -32.573784 1.342070 -4.197894 348.777710 -15.612400 0.216257 -0.090452 5.709391 -0.085858
54.132580 -33.181675 1.320356 -4.220828 349.441681 -15.872018 0.217118 -0.158827 5.701750 -0.085032
54.256596 -33.791203 1.306836 -4.270667 350.104675 -16.134602 0.215912 -0.221594 5.705023 -0.085173
54.382610 -34.402359 1.301358 -4.375541 350.765778 -16.400459 0.212790 -0.279280 5.697905 -0.085523
54.507622 -35.036957 1.322247 -4.548863 351.429291 -16.672312 0.208833 -0.331710 5.683393 -0.087500
54.634636 -35.672901 1.369217 -4.775807 352.089600 -16.948084 0.203081 -0.371829 5.672018 -0.087515
54.761650 -36.323635 1.430451 -5.025698 352.751068 -17.230705 0.197403 -0.388148 5.659276 -0.089958
54.887665 -36.985424 1.504776 -5.333170 353.408447 -17.517981 0.192740 -0.368489 5.640133 -0.089412
55.002678 -37.583424 1.573026 -5.657549 353.995270 -17.778797 0.189478 -0.317062 5.627817 -0.090054
55.128693 -38.239693 1.642806 -6.031644 354.640991 -18.069866 0.187979 -0.229753 5.615586 -0.089305
55.252708 -38.892784 1.687997 -6.398408 355.277740 -18.360579 0.186930 -0.124769 5.585998 -0.089400
55.377724 -39.541691 1.702223 -6.735653 355.910034 -18.653316 0.186563 -0.014639 5.569639 -0.089866
55.512741 -40.236977 1.705395 -6.977213 356.589355 -18.970539 0.187237 0.102384 5.543477 -0.089740
55.637756 -40.888916 1.694067 -7.160124 357.213379 -19.266558 0.189705 0.203363 5.515941 -0.090436
55.762772 -41.532963 1.675889 -7.351586 357.832642 -19.564838 0.194165 0.287041 5.489878 -0.087995
55.887787 -42.161003 1.653596 -7.567051 358.441925 -19.862972 0.198701 0.342295 5.460532 -0.086673
56.010803 -42.768360 1.628131 -7.821401 359.040619 -20.161646 0.202973 0.364673 5.427496 -0.085285
56.135818 -43.387638 1.591333 -8.042638 359.644073 -20.467995 0.208085 0.363363 5.398288 -0.085501
56.261833 -44.010525 1.546729 -8.247599 360.250732 -20.781363 0.214261 0.349889 5.366269 -0.083703
56.385849 -44.606647 1.493850 -8.396563 360.838501 -21.089277 0.220916 0.332079 5.338357 -0.082534
56.512863 -45.194660 1.427373 -8.572342 361.429840 -21.406075 0.228993 0.305877 5.315962 -0.080482
56.627876 -45.719963 1.373770 -8.736908 361.965057 -21.698553 0.236338 0.270580 5.295255 -0.077638
56.752892 -46.273457 1.326846 -8.897788 362.547577 -22.022068 0.245369 0.219636 5.283861 -0.073820
56.877907 -46.783241 1.297101 -9.091468 363.121765 -22.347033 0.254648 0.162678 5.276772 -0.069100
57.003922 -47.269955 1.271973 -9.250942 363.697479 -22.677628 0.264039 0.104654 5.268586 -0.064041
57.129936 -47.710918 1.258298 -9.418949 364.266296 -23.008387 0.272923 0.044993 5.257928 -0.059846
57.263954 -48.162487 1.239513 -9.602840 364.872314 -23.365963 0.284175 -0.028169 5.245912 -0.056405
57.377968 -48.521027 1.224958 -9.704219 365.390564 -23.675087 0.294332 -0.101516 5.247196 -0.053067
57.503983 -48.878059 1.221478 -9.723093 365.957947 -24.015400 0.306015 -0.186210 5.249774 -0.047896
57.629997 -49.207943 1.241439 -9.674932 366.524078 -24.357870 0.318151 -0.259333 5.249415 -0.043652
57.756012 -49.501785 1.279620 -9.631771 367.087982 -24.703482 0.329928 -0.304206 5.245745 -0.039103
57.879028 -49.754353 1.316467 -9.561419 367.636444 -25.042973 0.341463 -0.316962 5.240369 -0.034938
58.005043 -49.982265 1.355932 -9.411840 368.197174 -25.392231 0.351453 -0.309264 5.240767 -0.030471
58.130058 -50.178394 1.388609 -9.292263 368.745178 -25.739239 0.359838 -0.299285 5.230311 -0.026192
58.264076 -50.364037 1.423224 -9.172892 369.334717 -26.117434 0.369165 -0.296589 5.227620 -0.023296
58.387093 -50.523472 1.442047 -9.090578 369.874878 -26.467854 0.378530 -0.297771 5.237934 -0.023391
58.511108 -50.687149 1.448424 -9.041773 370.423370 -26.827030 0.389986 -0.292313 5.246216 -0.022590
58.637123 -50.835217 1.431954 -8.973723 370.970428 -27.188894 0.399855 -0.277075 5.248948 -0.019133
58.763138 -50.955643 1.383055 -8.891999 371.521484 -27.556299 0.409610 -0.255600 5.264854 -0.015708
58.887154 -51.047272 1.308326 -8.788481 372.064026 -27.921045 0.419317 -0.232951 5.274030 -0.011926
59.013168 -51.113972 1.212929 -8.657879 372.619171 -28.297626 0.427612 -0.201183 5.288506 -0.008010
59.128181 -51.159187 1.101600 -8.493192 373.121368 -28.642122 0.434742 -0.154456 5.300438 -0.006855
59.255196 -51.191647 0.953172 -8.225345 373.675232 -29.025417 0.444030 -0.074519 5.305880 -0.004019
59.381210 -51.203289 0.790046 -7.859293 374.225342 -29.408651 0.451623 0.031100 5.329530 -0.001152
59.508224 -51.196583 0.613185 -7.444429 374.774841 -29.795858 0.457806 0.150622 5.339359 0.001066
59.635239 -51.177120 0.416290 -6.980343 375.327057 -30.190306 0.462663 0.268044 5.346911 0.003742
59.761253 -51.131554 0.205292 -6.482958 375.872986 -30.586220 0.465801 0.367443 5.355159 0.006950
59.886269 -51.069725 -0.009869 -5.938767 376.416595 -30.987309 0.467454 0.439498 5.368537 0.009381
60.013283 -50.999416 -0.239125 -5.386040 376.963531 -31.396439 0.468660 0.477149 5.387754 0.011428
