1.20 1.10 20 64
0.135000 0.008911 0.154334 -0.095162 0.955914 -0.000374 -0.121076 0.062057 6.731860 0.001524
0.251000 0.008874 0.540075 -0.205546 1.740558 -0.000796 -0.056924 0.089036 6.682765 -0.000471
0.380000 0.006444 1.158134 -0.310741 2.589493 0.000076 0.049495 0.112074 6.590405 0.000069
0.511000 0.003277 1.909887 -0.458913 3.444278 0.000778 0.177619 0.129145 6.479369 0.000416
0.628000 0.007726 2.608220 -0.600321 4.203037 0.001477 0.293631 0.143861 6.402997 0.002614
0.756000 0.026038 3.334921 -0.701377 5.011342 0.002394 0.405169 0.170089 6.338815 0.004234
0.886000 0.056443 4.011882 -0.795700 5.835543 0.004247 0.493456 0.218404 6.343889 0.004442
1.004000 0.078944 4.544439 -0.887064 6.585072 0.006515 0.545777 0.277368 6.364680 0.004111
1.134000 0.107991 5.039047 -0.929903 7.421865 0.009664 0.569444 0.340923 6.409738 0.003855
1.252000 0.133606 5.356535 -0.948576 8.181750 0.011581 0.558482 0.379049 6.461865 0.004217
1.382000 0.164229 5.546544 -1.008017 9.021470 0.012074 0.512434 0.392285 6.540924 0.005060
1.510000 0.196334 5.567784 -1.047169 9.870902 0.011993 0.438286 0.379541 6.611106 0.004327
1.627999 0.220519 5.457335 -1.089696 10.649341 0.011788 0.354117 0.350141 6.680894 0.003831
1.756999 0.240941 5.213247 -1.087807 11.515652 0.012425 0.252665 0.297823 6.744407 0.002944
1.882999 0.265703 4.858789 -1.090134 12.375840 0.013636 0.156894 0.224157 6.799343 0.004647
2.011999 0.305313 4.414626 -1.127652 13.249875 0.013233 0.074219 0.131329 6.848250 0.006615
2.130000 0.350727 3.966229 -1.172314 14.061201 0.010904 0.016400 0.039597 6.890812 0.007047
2.257000 0.409667 3.453889 -1.187725 14.946903 0.009346 -0.019771 -0.055211 6.938054 0.007998
2.385000 0.468889 2.983412 -1.069258 15.831369 0.011045 -0.022699 -0.139995 6.985078 0.007055
2.501000 0.521474 2.609886 -0.924348 16.649963 0.013872 0.003618 -0.210604 7.004507 0.006363
2.630001 0.590143 2.269644 -0.686988 17.553753 0.017770 0.060962 -0.283666 7.009722 0.009223
2.760001 0.665980 2.025869 -0.378507 18.457199 0.020535 0.140600 -0.348985 6.997248 0.008415
2.878002 0.726078 1.879036 -0.086821 19.281437 0.023223 0.223277 -0.396505 6.976670 0.007178
3.006002 0.793810 1.793680 0.235527 20.181244 0.027826 0.314969 -0.427411 6.974276 0.008251
3.134002 0.856033 1.779512 0.503220 21.066982 0.033091 0.396141 -0.431069 6.979369 0.006311
3.251003 0.911686 1.821246 0.711201 21.885019 0.037073 0.456399 -0.411006 7.000784 0.007938
3.380003 0.975050 1.914847 0.930423 22.797611 0.041353 0.500433 -0.365232 7.034675 0.006957
3.510004 1.037336 2.061806 1.135490 23.708538 0.045405 0.515306 -0.298466 7.083106 0.007532
3.627004 1.095122 2.237399 1.328876 24.547510 0.048017 0.503427 -0.220171 7.128868 0.007375
3.755004 1.155930 2.472555 1.521851 25.463053 0.051513 0.465444 -0.122105 7.167683 0.007760
3.884005 1.221192 2.730361 1.684926 26.382515 0.055532 0.403576 -0.021755 7.192832 0.007559
4.001005 1.274885 2.983196 1.832179 27.225491 0.059493 0.331765 0.058300 7.209512 0.005948
4.130006 1.324254 3.277472 1.988559 28.155167 0.065050 0.245285 0.120420 7.200446 0.005121
4.260007 1.368495 3.565650 2.078559 29.091358 0.072212 0.160541 0.149559 7.195561 0.005564
4.377008 1.403570 3.818964 2.109114 29.939472 0.077889 0.092865 0.149890 7.181339 0.004196
4.507009 1.445908 4.091012 2.122004 30.870121 0.086456 0.034520 0.132465 7.139925 0.006077
4.637010 1.492085 4.338839 2.088581 31.788179 0.095787 -0.000655 0.112289 7.098797 0.006108
4.754011 1.531341 4.531792 1.979887 32.622414 0.105578 -0.010789 0.103504 7.053362 0.007625
4.876012 1.567855 4.690968 1.840329 33.472275 0.117552 -0.000333 0.109658 7.004958 0.006892
5.002013 1.609168 4.791080 1.673869 34.357883 0.130109 0.028831 0.131588 6.954995 0.007641
5.128015 1.645454 4.819143 1.464958 35.231541 0.142365 0.072089 0.164414 6.918983 0.007317
5.258016 1.677287 4.801789 1.188588 36.121506 0.155535 0.125446 0.206163 6.882619 0.007987
5.387017 1.721818 4.723388 0.946790 37.007584 0.171532 0.181038 0.249773 6.862134 0.009299
5.504018 1.763295 4.607801 0.784553 37.809971 0.188722 0.227834 0.280256 6.857247 0.008858
5.633019 1.807517 4.439267 0.599070 38.694645 0.208947 0.271698 0.288258 6.860635 0.006829
5.751020 1.840272 4.255367 0.437486 39.505489 0.228038 0.299404 0.267802 6.881496 0.006034
5.881021 1.873822 4.015156 0.288068 40.401546 0.249837 0.315102 0.225923 6.903310 0.005433
6.010022 1.915710 3.739401 0.182814 41.294479 0.271210 0.313625 0.185611 6.940198 0.007341
6.127023 1.956721 3.462732 0.109717 42.109200 0.292246 0.298085 0.159845 6.980523 0.006969
6.256024 2.014986 3.145813 0.045569 43.011463 0.316502 0.266469 0.139301 7.011811 0.008872
6.384026 2.086550 2.840852 -0.010070 43.910728 0.339635 0.223551 0.113500 7.044108 0.010099
6.501027 2.157626 2.598363 -0.021515 44.736237 0.361017 0.180015 0.077839 7.063597 0.011802
6.630028 2.242252 2.403383 -0.084950 45.648212 0.384129 0.134619 0.021984 7.068966 0.012200
6.759029 2.335908 2.282130 -0.125773 46.558720 0.408161 0.094526 -0.045957 7.059678 0.012448
6.876030 2.424466 2.231461 -0.130340 47.383472 0.430921 0.067000 -0.111472 7.043620 0.013236
7.004031 2.513673 2.251183 -0.154221 48.282127 0.456027 0.051444 -0.179770 7.008594 0.011383
7.133032 2.605810 2.339195 -0.077151 49.183228 0.483614 0.050259 -0.238884 6.970989 0.012894
7.261034 2.710773 2.497741 0.002225 50.069344 0.511520 0.061829 -0.290110 6.897777 0.014589
7.378035 2.813696 2.675129 0.048084 50.871590 0.536803 0.082733 -0.334574 6.832678 0.016579
7.507036 2.938627 2.886324 0.069731 51.753620 0.564543 0.112754 -0.379335 6.760349 0.018322
7.635037 3.089635 3.083448 0.075739 52.613693 0.591884 0.145471 -0.408111 6.696859 0.021788
7.752038 3.236934 3.240028 0.056328 53.386726 0.616036 0.174770 -0.414083 6.647335 0.021818
7.880039 3.398022 3.354917 0.002325 54.233070 0.643475 0.203777 -0.399906 6.596163 0.023399
8.009040 3.571884 3.393151 -0.045406 55.081104 0.672217 0.226108 -0.373514 6.566438 0.024643
8.126040 3.730165 3.363112 -0.072192 55.847630 0.699594 0.238385 -0.344253 6.549154 0.024292
8.256039 3.919697 3.233648 -0.022306 56.703987 0.730697 0.240276 -0.300636 6.537413 0.025677
8.386039 4.113777 3.025651 0.046213 57.546925 0.762092 0.232658 -0.236497 6.543249 0.025231
8.504039 4.288194 2.768650 0.114410 58.319294 0.792123 0.218488 -0.154333 6.552356 0.024108
8.632038 4.463102 2.426675 0.198061 59.164471 0.824883 0.197020 -0.043185 6.559103 0.022439
8.760037 4.628449 2.050027 0.302785 59.998413 0.858077 0.170585 0.076877 6.576484 0.021048
8.878037 4.772471 1.698608 0.411990 60.774742 0.890080 0.145435 0.184190 6.589650 0.020805
9.007037 4.937036 1.330915 0.483459 61.631573 0.926290 0.121859 0.284725 6.600904 0.022555
9.137037 5.102032 0.995212 0.572187 62.482750 0.963919 0.104493 0.358667 6.608297 0.021870
9.255037 5.244251 0.754720 0.707643 63.261848 0.999643 0.097829 0.403487 6.610004 0.021042
9.382036 5.406042 0.574680 0.898168 64.106483 1.039550 0.101922 0.429806 6.600840 0.022479
9.511036 5.570693 0.492078 1.136002 64.949249 1.082163 0.116106 0.433083 6.585867 0.022198
9.629036 5.729059 0.489414 1.315486 65.724449 1.121156 0.136941 0.416496 6.573563 0.023512
9.759036 5.910903 0.558254 1.522392 66.576447 1.164490 0.164966 0.383502 6.551692 0.023272
9.877036 6.079626 0.690099 1.704775 67.347336 1.206019 0.190847 0.350904 6.531662 0.024571
10.006036 6.268825 0.875910 1.827460 68.185936 1.252947 0.215470 0.318724 6.496401 0.024726
10.135036 6.456932 1.068612 1.941869 69.020592 1.301112 0.233318 0.284686 6.469858 0.025131
10.252035 6.633663 1.238962 2.052205 69.781326 1.346946 0.241919 0.241593 6.453871 0.026193
10.378034 6.829484 1.395943 2.161470 70.591660 1.399520 0.240578 0.181858 6.441588 0.026695
10.509033 7.027540 1.516201 2.269894 71.433517 1.456413 0.227777 0.117710 6.441566 0.025907
10.626033 7.200174 1.577261 2.300178 72.178612 1.508716 0.208552 0.072007 6.442294 0.026665
10.756032 7.390288 1.597129 2.310828 73.013535 1.569425 0.180572 0.035136 6.434208 0.024618
10.885032 7.573642 1.570428 2.298119 73.839432 1.631619 0.150154 0.003618 6.409754 0.025802
11.001031 7.754601 1.515655 2.298881 74.586685 1.691582 0.121211 -0.031376 6.404401 0.027741
11.131030 7.967617 1.409467 2.299018 75.402756 1.760279 0.092059 -0.082617 6.396235 0.029070
11.258029 8.175004 1.285521 2.253139 76.224655 1.831086 0.069704 -0.148518 6.391793 0.027840
11.376029 8.353523 1.164303 2.185742 76.967850 1.899311 0.056291 -0.219157 6.372003 0.026293
11.504028 8.545654 1.044443 2.085652 77.778809 1.976440 0.051602 -0.303944 6.356002 0.027937
11.634028 8.753334 0.921424 1.972987 78.600227 2.057193 0.057821 -0.383811 6.338943 0.028032
11.751028 8.931854 0.824538 1.880649 79.344017 2.133818 0.071776 -0.438439 6.334014 0.025837
11.880028 9.119239 0.724662 1.748093 80.156425 2.219910 0.093971 -0.469554 6.330260 0.026617
12.009027 9.318179 0.667728 1.575191 80.967407 2.308698 0.120762 -0.469461 6.322268 0.027713
12.128027 9.502171 0.640455 1.423094 81.707451 2.392634 0.148600 -0.445627 6.302018 0.027202
12.257027 9.708378 0.615725 1.282406 82.520721 2.486226 0.176364 -0.396477 6.296453 0.028353
12.386026 9.918563 0.604778 1.117395 83.321495 2.579824 0.198243 -0.324771 6.301685 0.029689
12.503026 10.120432 0.618538 0.973806 84.060165 2.667502 0.211418 -0.240609 6.304789 0.029512
12.633026 10.339910 0.640548 0.833537 84.874634 2.766654 0.216353 -0.137356 6.317587 0.029825
12.751026 10.536008 0.674364 0.692132 85.615669 2.859862 0.212930 -0.048528 6.336523 0.028611
12.881026 10.740702 0.722320 0.601842 86.427055 2.964985 0.199696 0.027879 6.344854 0.026934
13.010026 10.937435 0.801585 0.485689 87.239403 3.072381 0.179737 0.074953 6.355201 0.027408
13.128026 11.126620 0.907454 0.348866 87.989037 3.172103 0.158184 0.097965 6.356674 0.028723
13.258026 11.329226 1.051216 0.223650 88.801811 3.281799 0.133031 0.111415 6.355026 0.028490
13.386025 11.544128 1.226197 0.154361 89.613953 3.393116 0.110143 0.123112 6.352802 0.029153
13.503025 11.742207 1.388717 0.117142 90.349197 3.495668 0.091990 0.137647 6.339910 0.029896
13.631024 11.970537 1.580370 0.086718 91.145279 3.607937 0.077932 0.162017 6.322355 0.031246
13.760024 12.202833 1.768981 0.068428 91.952095 3.724233 0.070339 0.199253 6.314606 0.031880
13.877024 12.424541 1.925511 0.128483 92.687622 3.832945 0.069335 0.243279 6.294895 0.033490
14.007024 12.673850 2.079032 0.241864 93.489197 3.953986 0.074108 0.295436 6.277577 0.032829
14.137024 12.915115 2.185585 0.332039 94.294762 4.077353 0.084408 0.343220 6.266167 0.031689
14.255024 13.144866 2.247287 0.417760 95.024704 4.191195 0.095723 0.377275 6.259538 0.035592
14.384024 13.416465 2.279280 0.561197 95.821526 4.316936 0.108033 0.400438 6.250279 0.035882
14.511023 13.688029 2.286982 0.719781 96.605110 4.442631 0.120677 0.404662 6.249276 0.036814
14.626021 13.948393 2.281001 0.840399 97.314758 4.557359 0.130934 0.388304 6.254747 0.038964
14.754021 14.240458 2.245744 0.982010 98.111450 4.688327 0.140148 0.345009 6.259035 0.038773
14.884021 14.536558 2.163910 1.140653 98.907928 4.823573 0.146077 0.279726 6.262624 0.038950
15.001020 14.805437 2.063480 1.306718 99.631195 4.948448 0.148135 0.205029 6.281571 0.038981
15.134020 15.100282 1.936645 1.509687 100.455971 5.092413 0.144369 0.105221 6.300907 0.037480
15.251019 15.353210 1.830041 1.684978 101.189430 5.222357 0.137723 0.006756 6.318733 0.035855
15.380019 15.631300 1.734087 1.834552 101.987709 5.365469 0.127308 -0.104325 6.346337 0.038105
15.508018 15.912514 1.667829 1.960163 102.787643 5.511883 0.115346 -0.208702 6.357441 0.037096
15.636018 16.182575 1.634914 2.057060 103.594254 5.661771 0.102929 -0.295780 6.364338 0.035749
15.754018 16.426735 1.618681 2.133091 104.326591 5.798897 0.091910 -0.354406 6.371661 0.036558
15.884018 16.712574 1.637084 2.275867 105.140213 5.954107 0.081626 -0.394102 6.370583 0.038029
16.001017 16.972593 1.684944 2.434213 105.871872 6.095123 0.076049 -0.406911 6.368721 0.037566
16.131008 17.254309 1.771519 2.592849 106.684334 6.252716 0.072264 -0.397446 6.364308 0.037715
16.261000 17.547182 1.885794 2.768204 107.495438 6.412647 0.071302 -0.366854 6.355791 0.039469
16.377993 17.816206 2.000968 2.888939 108.223999 6.558402 0.071154 -0.325394 6.345831 0.040486
16.507984 18.125473 2.150296 3.021659 109.031967 6.721064 0.070974 -0.269938 6.334528 0.041237
16.636976 18.436356 2.303976 3.169914 109.830666 6.884614 0.073239 -0.211029 6.311770 0.041323
16.754969 18.724463 2.448166 3.313478 110.558792 7.036427 0.075029 -0.159039 6.295142 0.040716
16.884960 19.034561 2.608346 3.478814 111.358627 7.205749 0.076775 -0.107953 6.283747 0.040349
17.002953 19.319851 2.745626 3.612231 112.082222 7.361491 0.078239 -0.069946 6.263920 0.040895
17.131945 19.635208 2.870505 3.734260 112.870346 7.533696 0.078065 -0.035150 6.246279 0.042197
17.260937 19.963669 2.972829 3.878619 113.662132 7.710176 0.077130 -0.004775 6.234902 0.043439
17.376930 20.254429 3.071223 4.036170 114.358940 7.869794 0.074959 0.021051 6.209179 0.042630
17.504923 20.582792 3.155286 4.157990 115.138206 8.051378 0.071900 0.052691 6.202292 0.043789
17.633915 20.914892 3.204699 4.268681 115.915993 8.236723 0.067809 0.090054 6.191991 0.043256
17.751907 21.211927 3.219293 4.402356 116.618843 8.408773 0.064207 0.129947 6.178606 0.043320
17.880899 21.547073 3.234577 4.558215 117.392174 8.601269 0.062314 0.180068 6.177771 0.044438
18.009892 21.891386 3.212740 4.723073 118.164467 8.796611 0.061107 0.229950 6.170119 0.046189
18.127884 22.218420 3.191319 4.879340 118.870193 8.977015 0.061079 0.267644 6.176345 0.047384
18.256876 22.591969 3.158542 5.049718 119.641090 9.176322 0.063440 0.290576 6.170819 0.049350
18.386868 22.963833 3.140803 5.195033 120.416931 9.379848 0.067875 0.288025 6.175971 0.048113
18.503860 23.299728 3.131535 5.280786 121.121025 9.567405 0.074688 0.264929 6.174587 0.049794
18.632853 23.678770 3.127527 5.400136 121.890266 9.776685 0.082743 0.229220 6.185738 0.051042
18.750845 24.017860 3.123162 5.475800 122.588120 9.969367 0.090899 0.198296 6.188465 0.049582
18.879837 24.391544 3.120871 5.511939 123.356720 10.182940 0.099952 0.171572 6.183316 0.050828
19.008829 24.772581 3.128422 5.502696 124.124626 10.398985 0.108991 0.146642 6.186288 0.052022
19.135822 25.147303 3.160590 5.498758 124.880669 10.614334 0.116700 0.113884 6.190194 0.051169
19.261816 25.514057 3.220820 5.471762 125.630966 10.830432 0.121178 0.069159 6.202418 0.051269
19.377810 25.856382 3.291472 5.419476 126.321999 11.030460 0.122510 0.021344 6.201450 0.051293
19.506802 26.225542 3.354606 5.329727 127.090424 11.254843 0.120279 -0.035292 6.211549 0.050894
19.635794 26.586622 3.456857 5.176421 127.860565 11.480897 0.115222 -0.095496 6.231625 0.049401
19.752787 26.895224 3.568967 4.966940 128.559601 11.687720 0.108788 -0.152742 6.231101 0.047241
19.880779 27.226664 3.723619 4.786263 129.323303 11.916526 0.101785 -0.210575 6.230805 0.046163
20.006773 27.555281 3.894813 4.654674 130.080322 12.146789 0.096457 -0.250866 6.228240 0.046871
20.132767 27.884132 4.069762 4.574340 130.830780 12.377713 0.092699 -0.267006 6.232218 0.046034
20.258760 28.206478 4.254032 4.556178 131.580521 12.611466 0.090899 -0.264872 6.234390 0.043985
20.375753 28.499973 4.401954 4.594918 132.269821 12.828806 0.091514 -0.256635 6.235732 0.044184
20.504745 28.839920 4.550703 4.661902 133.041962 13.073915 0.093065 -0.245390 6.229494 0.045881
20.634737 29.190193 4.672430 4.794961 133.807343 13.321358 0.097147 -0.229333 6.231488 0.045579
20.751730 29.508312 4.764102 4.977576 134.505646 13.549475 0.101231 -0.203845 6.224224 0.044389
20.880722 29.843891 4.833941 5.191970 135.263153 13.798226 0.106350 -0.161826 6.234634 0.042033
21.009714 30.162935 4.880011 5.454850 136.026474 14.051886 0.111268 -0.108791 6.238177 0.038809
21.126707 30.459229 4.901531 5.712476 136.718018 14.284210 0.115345 -0.056140 6.235534 0.041788
21.256699 30.794926 4.917897 5.995053 137.486221 14.542723 0.119352 0.002087 6.232099 0.042818
21.385691 31.133587 4.910073 6.349685 138.247238 14.801567 0.122245 0.054365 6.228247 0.040493
21.503683 31.436438 4.874313 6.706122 138.942703 15.041089 0.125349 0.095794 6.234042 0.039976
21.632675 31.766241 4.818000 7.094339 139.702820 15.305412 0.127270 0.132518 6.239372 0.040328
21.750668 32.059612 4.754330 7.446791 140.397324 15.549189 0.127565 0.159375 6.241119 0.039224
21.880659 32.381088 4.679094 7.828436 141.162247 15.819452 0.127719 0.180948 6.236379 0.038559
22.010653 32.693913 4.615923 8.222565 141.931656 16.095079 0.129205 0.190892 6.238775 0.037554
22.128645 32.995144 4.576138 8.600764 142.622910 16.345707 0.132473 0.190083 6.227631 0.041044
22.258636 33.330475 4.554152 9.043338 143.377029 16.621109 0.139449 0.185094 6.221572 0.040696
22.375629 33.638676 4.552732 9.407319 144.060074 16.871483 0.148665 0.184472 6.217861 0.043157
22.505621 33.990177 4.570711 9.778839 144.817596 17.151754 0.160532 0.192457 6.207001 0.042910
22.634613 34.334152 4.630649 10.095206 145.573105 17.433989 0.174400 0.202865 6.193800 0.043054
22.750607 34.638275 4.720548 10.367260 146.244202 17.688007 0.187765 0.204468 6.181435 0.041877
22.878599 34.966259 4.850290 10.644397 146.977066 17.968145 0.203520 0.190183 6.172063 0.042179
23.007591 35.309322 5.008704 10.927329 147.719955 18.254177 0.219421 0.160147 6.165836 0.043730
23.136583 35.663795 5.185162 11.236553 148.460266 18.542507 0.235200 0.121276 6.155470 0.044671
23.254578 35.992035 5.354201 11.461438 149.141525 18.810715 0.247166 0.080861 6.154875 0.045269
23.382570 36.363014 5.528859 11.706332 149.872849 19.102707 0.257797 0.033485 6.150851 0.048222
23.500563 36.707722 5.681656 11.943893 150.539978 19.372671 0.264552 -0.014001 6.152700 0.047403
23.629555 37.094242 5.815373 12.203878 151.275665 19.672022 0.268679 -0.068431 6.153802 0.049761
23.757547 37.507076 5.935225 12.471741 152.009506 19.974880 0.270900 -0.120414 6.160034 0.053480
23.875540 37.885929 6.022934 12.642784 152.675232 20.251217 0.271327 -0.163458 6.161003 0.054555
24.004532 38.321739 6.098763 12.808890 153.407776 20.558838 0.271012 -0.207136 6.152907 0.057703
24.133524 38.772766 6.129780 12.879412 154.138733 20.867693 0.269649 -0.244315 6.153077 0.060758
24.250517 39.192867 6.139046 12.968656 154.805542 21.153311 0.268411 -0.270070 6.145180 0.060956
24.379509 39.655544 6.133759 13.069254 155.532959 21.467997 0.268735 -0.286721 6.142270 0.061806
24.506502 40.109333 6.106352 13.098524 156.241653 21.776791 0.270881 -0.291860 6.132207 0.062319
24.634495 40.570248 6.047159 13.122618 156.960358 22.092598 0.276222 -0.287709 6.134695 0.062636
24.751488 40.998196 5.964383 13.154211 157.616302 22.383701 0.283971 -0.274843 6.133988 0.063578
24.881479 41.473885 5.845480 13.132056 158.344650 22.709129 0.294549 -0.247410 6.138737 0.065195
25.009472 41.942268 5.719694 13.083365 159.061981 23.030670 0.306515 -0.209111 6.142656 0.064401
25.135466 42.392254 5.592813 12.965440 159.773544 23.351522 0.318152 -0.168491 6.142376 0.063298
25.253458 42.812145 5.460587 12.928016 160.426926 23.649343 0.328251 -0.131868 6.129767 0.062300
25.383450 43.264343 5.319488 12.864979 161.150269 23.981634 0.337153 -0.088328 6.118945 0.060473
25.500443 43.672516 5.182264 12.817068 161.805435 24.284906 0.343473 -0.038800 6.112776 0.061480
25.630434 44.099728 5.036142 12.753238 162.519592 24.618736 0.347693 0.027487 6.102044 0.057089
25.760426 44.510361 4.918271 12.740644 163.235001 24.957954 0.349453 0.096805 6.081874 0.054714
25.878418 44.884354 4.828920 12.807851 163.881180 25.268059 0.350334 0.155995 6.069237 0.054356
26.007410 45.281528 4.761724 12.814339 164.590897 25.611309 0.351051 0.217343 6.056096 0.051581
26.125402 45.619423 4.733155 12.831668 165.225845 25.922697 0.351797 0.275382 6.037776 0.047922
26.253395 45.969673 4.726430 12.926698 165.916656 26.266497 0.354917 0.340426 6.017798 0.046376
26.380388 46.306667 4.756991 13.027991 166.598160 26.608624 0.360722 0.391118 5.995525 0.044260
26.509380 46.643772 4.804965 13.174331 167.291656 26.960569 0.366883 0.413753 5.977993 0.042526
26.627373 46.921097 4.868370 13.259585 167.913834 27.278675 0.373613 0.409036 5.971924 0.039329
26.756365 47.208313 4.946386 13.302525 168.597748 27.631449 0.383869 0.388669 5.966784 0.037383
26.883358 47.474289 5.036987 13.311235 169.269577 27.979645 0.394214 0.366362 5.954056 0.034943
27.001350 47.709835 5.108585 13.357934 169.891251 28.305206 0.403915 0.343097 5.944766 0.033981
27.130342 47.957718 5.176741 13.435095 170.567444 28.664423 0.414394 0.304029 5.931051 0.030499
27.259335 48.187157 5.245019 13.509441 171.241119 29.026125 0.424935 0.243104 5.926188 0.030021
27.376328 48.382801 5.295511 13.603525 171.852097 29.356314 0.434580 0.173746 5.941402 0.027683
27.504320 48.585213 5.327796 13.694580 172.522278 29.718124 0.444798 0.093254 5.956162 0.024626
27.631313 48.756073 5.345058 13.760519 173.187408 30.079350 0.452779 0.013394 5.962055 0.021413
27.758307 48.901150 5.350595 13.847288 173.853104 30.443415 0.459193 -0.076268 5.987470 0.017571
27.883301 49.026157 5.356626 13.910320 174.514908 30.806452 0.462169 -0.189229 5.988732 0.016381
28.009295 49.144962 5.363319 13.964573 175.176956 31.171917 0.461069 -0.327765 6.009208 0.015280
28.125288 49.241383 5.365959 14.056139 175.785019 31.510878 0.457704 -0.462536 6.004468 0.011940
28.253281 49.335903 5.384954 14.195791 176.451111 31.885456 0.454679 -0.592783 6.023878 0.009839
28.383272 49.412025 5.415243 14.376758 177.132401 32.272385 0.451030 -0.683458 6.032430 0.006539
28.501265 49.468048 5.432713 14.539923 177.750107 32.625858 0.446207 -0.719233 6.035385 0.005401
28.629257 49.514709 5.438305 14.781822 178.419632 33.011463 0.442215 -0.707447 6.043284 0.002702
28.759249 49.563755 5.466073 14.947489 179.099899 33.404716 0.439846 -0.643461 6.049129 0.005425
28.877241 49.615036 5.497139 15.074668 179.716888 33.762699 0.437355 -0.543546 6.042663 0.006287
29.007233 49.670952 5.513270 15.223060 180.395737 34.158131 0.436870 -0.397463 6.047033 0.005700
29.125225 49.713451 5.503819 15.331002 181.012695 34.517750 0.438116 -0.244725 6.057093 0.003939
29.256218 49.739624 5.484441 15.410134 181.698395 34.918404 0.443726 -0.067076 6.065866 0.001550
29.386211 49.760403 5.458843 15.496062 182.379517 35.317707 0.451930 0.104282 6.075870 0.001463
29.504204 49.774967 5.428060 15.520775 182.997086 35.680695 0.460613 0.246588 6.069412 0.002148
29.632196 49.786163 5.379635 15.533464 183.666870 36.074394 0.471128 0.376270 6.068993 0.000881
29.750189 49.782631 5.325953 15.513964 184.283890 36.437447 0.479832 0.466288 6.068437 -0.001014
29.880180 49.774300 5.251046 15.498620 184.963379 36.839024 0.487908 0.535182 6.071630 -0.001602
30.009172 49.754292 5.168993 15.476779 185.636505 37.239693 0.493162 0.582132 6.071201 -0.002728
30.126165 49.733795 5.092876 15.421334 186.246536 37.604534 0.494835 0.615039 6.081316 -0.003527
30.253159 49.703426 4.995532 15.348493 186.909958 38.003407 0.493045 0.636953 6.104960 -0.003908
30.381153 49.661400 4.878596 15.237647 187.574524 38.404984 0.487717 0.624653 6.123103 -0.005445
30.506147 49.603394 4.752273 15.055508 188.241257 38.808582 0.481170 0.559903 6.145628 -0.006348
30.633141 49.541340 4.631083 14.836563 188.909653 39.214787 0.472225 0.444320 6.162204 -0.005702
30.760134 49.474689 4.534023 14.637212 189.573441 39.619232 0.463411 0.304076 6.173516 -0.007983
30.877127 49.408932 4.458315 14.406863 190.196426 39.998817 0.455811 0.177378 6.186544 -0.007377
31.006119 49.334465 4.401433 14.106333 190.873642 40.411919 0.449206 0.063186 6.204891 -0.007378
31.135111 49.245979 4.363413 13.811852 191.563141 40.833061 0.445204 -0.029930 6.222023 -0.008976
31.253103 49.167446 4.339858 13.546206 192.184540 41.212704 0.441670 -0.103151 6.224265 -0.009253
31.383095 49.078232 4.325814 13.287872 192.873947 41.634758 0.440583 -0.179966 6.214433 -0.008800
31.500088 49.007240 4.341886 13.104308 193.494507 42.013538 0.442288 -0.247562 6.209317 -0.008733
31.627081 48.934338 4.378984 12.946108 194.172089 42.426964 0.445590 -0.317958 6.201765 -0.007849
31.756073 48.851242 4.422458 12.798174 194.850769 42.839275 0.449885 -0.380363 6.201021 -0.010656
31.885065 48.761829 4.456103 12.703626 195.538376 43.258099 0.456032 -0.430062 6.191778 -0.011282
32.002060 48.675858 4.469651 12.619459 196.155701 43.635719 0.461978 -0.456964 6.184096 -0.012497
32.132072 48.578773 4.445760 12.543047 196.834778 44.053173 0.466571 -0.464697 6.175717 -0.012480
32.250084 48.474934 4.393464 12.523477 197.455795 44.436405 0.469798 -0.452460 6.187646 -0.016926
32.379097 48.342297 4.300589 12.450713 198.136322 44.855637 0.470993 -0.422402 6.203575 -0.016839
32.509109 48.202496 4.180491 12.302768 198.824554 45.278767 0.470893 -0.382106 6.221974 -0.018020
32.627121 48.067871 4.056362 12.195713 199.455185 45.668056 0.468626 -0.342162 6.233081 -0.018823
32.757133 47.913494 3.912524 12.075319 200.139679 46.092342 0.463769 -0.296732 6.247084 -0.020126
32.875145 47.761124 3.765699 11.964245 200.771683 46.485741 0.458219 -0.246091 6.264892 -0.021577
33.006157 47.578346 3.586157 11.780188 201.465607 46.916260 0.451684 -0.170892 6.291908 -0.024290
33.136169 47.374481 3.398759 11.595473 202.161652 47.349720 0.445807 -0.074599 6.317795 -0.025554
33.254181 47.175385 3.239213 11.398191 202.802505 47.746696 0.442243 0.022234 6.344339 -0.028201
33.384193 46.948963 3.072868 11.157705 203.505585 48.181988 0.441357 0.121162 6.371114 -0.028857
33.503204 46.729160 2.943975 10.915520 204.146255 48.578819 0.442802 0.200209 6.400861 -0.031578
33.632217 46.465775 2.842318 10.604045 204.849747 49.014000 0.445699 0.279790 6.420152 -0.035072
33.759232 46.180771 2.781105 10.303683 205.549866 49.448826 0.450501 0.359289 6.454308 -0.038362
33.886246 45.866570 2.770004 9.984542 206.241943 49.879551 0.453876 0.435049 6.481926 -0.043345
34.002258 45.558872 2.801208 9.709150 206.886414 50.281998 0.455844 0.488501 6.502546 -0.044548
34.132271 45.196514 2.861495 9.404728 207.599075 50.727905 0.456824 0.509080 6.523096 -0.049226
34.258286 44.805084 2.954186 9.124259 208.301666 51.167877 0.456377 0.480571 6.530592 -0.052260
34.376297 44.426056 3.063009 8.888813 208.949463 51.575806 0.456152 0.418902 6.552243 -0.055603
34.506310 44.000717 3.190056 8.611216 209.671722 52.030418 0.453851 0.331692 6.579812 -0.054351
34.636322 43.580368 3.330616 8.322287 210.396469 52.485340 0.449343 0.250864 6.588927 -0.054711
34.751335 43.180134 3.464678 8.030554 211.039215 52.888527 0.442772 0.197238 6.603455 -0.059858
34.877350 42.723404 3.611362 7.728438 211.745071 53.332420 0.434422 0.157030 6.632142 -0.061572
35.002365 42.253704 3.734849 7.399622 212.454727 53.777786 0.425176 0.124429 6.667611 -0.063524
35.132378 41.746326 3.844498 7.030544 213.185928 54.235489 0.415452 0.085709 6.704786 -0.066459
35.261391 41.221325 3.918222 6.635639 213.923065 54.693989 0.405074 0.035618 6.747367 -0.069602
35.378403 40.713802 3.966640 6.288117 214.596252 55.111622 0.394295 -0.015476 6.787391 -0.073468
35.505417 40.132187 4.014584 5.886905 215.336060 55.569466 0.383264 -0.070970 6.803962 -0.076552
35.634430 39.525604 4.030447 5.438325 216.085693 56.032799 0.372217 -0.124670 6.843312 -0.078579
35.752441 38.957626 4.030227 5.060284 216.767700 56.455368 0.362854 -0.177849 6.865130 -0.081655
35.881454 38.299145 3.996624 4.656647 217.523926 56.921967 0.354642 -0.247022 6.898147 -0.085905
36.010468 37.620541 3.975857 4.262403 218.284653 57.388336 0.347381 -0.321930 6.930051 -0.090484
36.128479 36.986057 3.932523 3.962427 218.982895 57.816395 0.342766 -0.380757 6.944582 -0.090183
36.255493 36.301083 3.884977 3.691277 219.742218 58.281235 0.341018 -0.417485 6.963509 -0.090878
36.382507 35.621365 3.845801 3.458457 220.493774 58.738438 0.341328 -0.419521 6.993057 -0.091926
36.510521 34.931370 3.794399 3.257672 221.261932 59.202686 0.342545 -0.394474 7.024997 -0.093107
36.626534 34.307095 3.743502 3.169552 221.960373 59.624771 0.344166 -0.359130 7.044196 -0.094031
36.755547 33.595871 3.677887 3.126735 222.746033 60.098431 0.345873 -0.314768 7.064057 -0.095744
36.884560 32.882740 3.606007 3.055412 223.531097 60.566864 0.347480 -0.270442 7.102317 -0.096326
37.002571 32.229313 3.556910 2.949638 224.246887 60.992054 0.347721 -0.231183 7.124492 -0.097162
37.131584 31.487745 3.512744 2.757409 225.046402 61.463001 0.345944 -0.189668 7.150197 -0.098161
37.261597 30.748055 3.482921 2.575846 225.845108 61.928280 0.342265 -0.149116 7.174358 -0.099115
37.377609 30.074453 3.475786 2.391232 226.573395 62.349144 0.336272 -0.110945 7.198944 -0.098543
37.507622 29.332514 3.479995 2.215706 227.381516 62.810776 0.328433 -0.060286 7.221481 -0.097766
37.626633 28.655857 3.495063 2.054146 228.130432 63.233776 0.320783 0.001387 7.235830 -0.097658
37.756645 27.921507 3.528128 1.898930 228.952072 63.693306 0.311526 0.089497 7.244981 -0.096990
37.886658 27.200111 3.577420 1.770019 229.775925 64.149368 0.301238 0.191717 7.245353 -0.094777
38.004669 26.550714 3.617745 1.664121 230.525726 64.558418 0.291131 0.281155 7.232832 -0.094083
38.133682 25.843702 3.642435 1.570701 231.346191 65.002464 0.279836 0.355088 7.230936 -0.095815
38.250694 25.194118 3.651347 1.559124 232.097076 65.406952 0.270993 0.390783 7.225126 -0.096560
38.378708 24.494753 3.662135 1.506934 232.905121 65.838150 0.263605 0.397221 7.202836 -0.094488
38.505722 23.812115 3.659440 1.426345 233.712799 66.264374 0.257043 0.379655 7.180105 -0.091905
38.635735 23.132736 3.665167 1.346270 234.538956 66.693810 0.250935 0.349643 7.149741 -0.089329
38.752747 22.538893 3.665094 1.286162 235.281586 67.075104 0.247434 0.323342 7.127880 -0.086129
38.881760 21.895496 3.636940 1.181343 236.106430 67.491074 0.245273 0.305185 7.097563 -0.085020
39.009773 21.289865 3.590458 1.036802 236.911804 67.890968 0.243855 0.301386 7.067820 -0.079148
39.125786 20.760868 3.533756 0.830247 237.653809 68.253036 0.243850 0.299465 7.048178 -0.076369
39.252800 20.209576 3.428735 0.557973 238.453506 68.636879 0.243061 0.278034 7.038284 -0.072126
39.381813 19.675871 3.292374 0.344379 239.271866 69.025375 0.242267 0.215499 7.015187 -0.069400
39.511826 19.153000 3.132795 0.090727 240.097397 69.411743 0.241382 0.112950 7.004789 -0.066831
39.628838 18.697954 2.966697 -0.126383 240.840164 69.755920 0.239223 0.007461 6.990369 -0.065623
39.758850 18.206118 2.782421 -0.383720 241.664993 70.133080 0.237332 -0.094458 6.966764 -0.063605
39.875862 17.775753 2.622901 -0.632260 242.413528 70.470482 0.236193 -0.159129 6.950929 -0.060474
40.004875 17.332117 2.463222 -0.905440 243.225815 70.831726 0.236576 -0.203525 6.931227 -0.057302
40.131889 16.914875 2.332197 -1.159304 244.037384 71.187004 0.238927 -0.236576 6.913881 -0.054506
40.259903 16.523520 2.229263 -1.422992 244.842575 71.534218 0.240174 -0.270534 6.898932 -0.051541
40.385918 16.153519 2.196718 -1.699115 245.647095 71.876297 0.241709 -0.306324 6.874324 -0.047877
40.503929 15.838593 2.190802 -1.915772 246.387695 72.186951 0.243933 -0.332464 6.855596 -0.043596
40.632942 15.520967 2.216593 -2.128112 247.203293 72.524513 0.244626 -0.341454 6.828678 -0.041690
40.760956 15.242823 2.254556 -2.371400 248.009521 72.854874 0.246239 -0.321696 6.795912 -0.035242
40.877968 15.015723 2.302047 -2.545396 248.744858 73.151604 0.247056 -0.282254 6.766799 -0.031820
41.007980 14.792117 2.378538 -2.659488 249.560150 73.475960 0.246299 -0.227001 6.732202 -0.028227
41.135994 14.598710 2.451602 -2.720096 250.367371 73.791962 0.244076 -0.174285 6.711617 -0.024252
41.254005 14.441440 2.506797 -2.783538 251.098297 74.073891 0.240854 -0.133926 6.688966 -0.022954
41.384018 14.278324 2.544777 -2.808339 251.907990 74.383827 0.233419 -0.095166 6.652413 -0.020440
41.501030 14.145933 2.541590 -2.839108 252.635040 74.658401 0.224543 -0.063227 6.634827 -0.018967
41.628044 14.010999 2.499987 -2.868921 253.429550 74.953705 0.213902 -0.031047 6.613344 -0.017543
41.757057 13.899424 2.407457 -2.851856 254.222580 75.244667 0.204974 -0.003505 6.588645 -0.014323
41.884071 13.799615 2.278254 -2.755434 255.007782 75.531197 0.199207 0.020495 6.577528 -0.013518
42.011086 13.718499 2.111142 -2.593050 255.792633 75.815285 0.196571 0.044266 6.570422 -0.011266
42.128098 13.663816 1.948107 -2.458677 256.516235 76.074142 0.198470 0.066790 6.567167 -0.008237
42.258110 13.626781 1.759874 -2.329959 257.320923 76.358093 0.204485 0.088825 6.562721 -0.003143
42.376122 13.612954 1.592968 -2.202598 258.050903 76.613823 0.212783 0.100757 6.552022 -0.002954
42.505135 13.601458 1.412714 -2.053077 258.848602 76.891319 0.224847 0.103436 6.545872 -0.002016
42.633148 13.591244 1.246728 -1.880948 259.647614 77.165161 0.237413 0.098631 6.549912 -0.001799
42.760162 13.589101 1.085504 -1.698171 260.430054 77.429672 0.249077 0.094517 6.558587 -0.000135
42.876175 13.598281 0.955828 -1.561183 261.157959 77.672722 0.259057 0.097837 6.562137 0.001163
43.003189 13.608400 0.846565 -1.447111 261.943817 77.932365 0.267591 0.111183 6.573634 0.000321
43.133202 13.616480 0.763245 -1.318081 262.756104 78.198097 0.272514 0.129663 6.577156 0.001266
43.261215 13.641525 0.702405 -1.153525 263.556763 78.458725 0.275477 0.140557 6.578569 0.003849
43.378227 13.673216 0.670646 -1.013952 264.289642 78.695007 0.275930 0.139019 6.581763 0.004369
43.507240 13.716106 0.667004 -0.847757 265.099365 78.952866 0.272087 0.129727 6.590358 0.006469
43.637253 13.764231 0.689233 -0.693139 265.916718 79.210968 0.264432 0.123860 6.590387 0.006168
43.753265 13.799951 0.721803 -0.560907 266.652344 79.441910 0.255872 0.127632 6.590883 0.005533
43.883278 13.844946 0.763568 -0.395191 267.464722 79.694572 0.245599 0.136655 6.594744 0.006846
44.001289 13.895505 0.816952 -0.186996 268.214508 79.926826 0.235647 0.139425 6.597378 0.007824
44.130302 13.969858 0.897376 0.075510 269.027679 80.178017 0.224998 0.127738 6.593458 0.010732
44.259315 14.059977 0.987419 0.337875 269.839111 80.428871 0.215327 0.100711 6.577605 0.013189
44.376328 14.151725 1.075709 0.542530 270.573944 80.654541 0.206767 0.068703 6.566417 0.013534
44.503342 14.241017 1.164397 0.757086 271.363098 80.896477 0.200397 0.034389 6.540416 0.010524
44.632355 14.320749 1.238915 0.903340 272.168335 81.143005 0.197080 0.005178 6.519145 0.010496
44.759369 14.396287 1.286373 0.995527 272.959656 81.384445 0.195955 -0.018542 6.510687 0.008786
44.886383 14.462481 1.287380 1.096263 273.749847 81.624756 0.198296 -0.046575 6.500695 0.008399
45.003395 14.515849 1.251140 1.160689 274.478363 81.844017 0.202035 -0.082082 6.502312 0.007201
45.133408 14.564131 1.150420 1.224887 275.288635 82.086433 0.206851 -0.129702 6.509336 0.006441
45.262421 14.616842 1.017515 1.242744 276.092804 82.327377 0.210787 -0.170640 6.508744 0.007412
45.380432 14.663829 0.849954 1.231560 276.829742 82.548210 0.213338 -0.190822 6.524748 0.006672
45.508446 14.723646 0.638580 1.197892 277.630676 82.787674 0.216561 -0.192173 6.535633 0.007792
45.637459 14.776813 0.424879 1.097409 278.438477 83.030243 0.217842 -0.180733 6.541852 0.007847
45.755470 14.824476 0.253279 0.994455 279.165710 83.248955 0.217874 -0.167721 6.551873 0.006748
45.883484 14.868369 0.083550 0.838127 279.988220 83.496666 0.217917 -0.151873 6.564340 0.005498
46.001495 14.899483 -0.028647 0.681575 280.730286 83.720184 0.217616 -0.134863 6.569927 0.003917
46.131508 14.926977 -0.104404 0.534264 281.541840 83.964249 0.217667 -0.113406 6.565868 0.003234
46.260521 14.953032 -0.124293 0.348291 282.359192 84.209984 0.217958 -0.093735 6.561736 0.002740
46.376534 14.969350 -0.115446 0.157808 283.081177 84.426353 0.217911 -0.081924 6.547865 0.001719
46.503548 14.977100 -0.074883 -0.010505 283.882538 84.668381 0.217279 -0.076048 6.532861 0.000799
46.632561 14.983666 0.010747 -0.225252 284.688354 84.910484 0.217572 -0.075979 6.514818 0.000476
46.751572 14.982636 0.117161 -0.461599 285.422699 85.130882 0.219253 -0.076189 6.489897 0.000117
46.880585 14.989784 0.252919 -0.661833 286.228302 85.375069 0.220739 -0.067519 6.468158 0.001567
47.011597 15.005277 0.378650 -0.829319 287.031403 85.619881 0.222480 -0.040945 6.450636 0.002174
47.129608 15.026860 0.475404 -0.978355 287.756866 85.842163 0.222912 0.002663 6.421602 0.004350
47.259621 15.057569 0.550222 -1.056523 288.553467 86.085426 0.222660 0.066363 6.399784 0.004845
47.378632 15.092631 0.596645 -1.128934 289.280701 86.306519 0.221796 0.125798 6.380039 0.005112
47.507645 15.131721 0.600353 -1.229114 290.066956 86.544289 0.219401 0.174733 6.358786 0.005524
47.635658 15.180034 0.562434 -1.333893 290.851410 86.781021 0.214629 0.198101 6.346318 0.007358
47.752670 15.227386 0.509162 -1.369021 291.562622 86.994553 0.210200 0.200635 6.346699 0.006659
47.881683 15.282331 0.421409 -1.346281 292.340546 87.229591 0.207566 0.194255 6.348985 0.007439
48.010696 15.348668 0.302862 -1.273189 293.124359 87.467926 0.206153 0.188989 6.351893 0.009267
48.126709 15.424806 0.180223 -1.201167 293.835449 87.685120 0.207110 0.188168 6.356063 0.011884
48.256721 15.512340 0.040834 -1.107334 294.620422 87.924164 0.208504 0.187876 6.361663 0.012272
48.386734 15.613908 -0.089217 -0.961560 295.411224 88.165771 0.209228 0.183921 6.362647 0.013419
48.505745 15.706483 -0.177619 -0.809712 296.136017 88.387756 0.209341 0.174052 6.374538 0.013952
48.634758 15.808606 -0.265123 -0.679841 296.922485 88.630066 0.208581 0.157872 6.382505 0.013541
48.751770 15.900841 -0.329331 -0.616038 297.641998 88.853630 0.207588 0.137537 6.384930 0.013617
48.879784 15.993665 -0.374947 -0.513343 298.422455 89.097633 0.206908 0.107007 6.390314 0.012248
49.008797 16.093704 -0.352296 -0.375755 299.203308 89.341599 0.205861 0.063327 6.391640 0.014532
49.137810 16.204775 -0.258958 -0.262253 299.990204 89.586479 0.204565 0.002013 6.388145 0.015440
49.253822 16.313412 -0.142764 -0.158470 300.697388 89.806061 0.203559 -0.064664 6.381615 0.017166
49.383835 16.451967 0.018519 0.032727 301.487885 90.053490 0.200826 -0.140012 6.366880 0.018527
49.501846 16.587130 0.194463 0.217644 302.203613 90.278343 0.196764 -0.197087 6.351277 0.020480
49.631859 16.744442 0.401024 0.399021 302.989136 90.524925 0.190097 -0.240535 6.323101 0.021668
49.761871 16.910004 0.611123 0.539947 303.771606 90.771194 0.180291 -0.267131 6.299366 0.021866
49.880882 17.065275 0.781305 0.651142 304.484161 90.996841 0.171344 -0.285039 6.270055 0.023211
50.009895 17.233246 0.917404 0.779523 305.253235 91.241585 0.162703 -0.301771 6.249979 0.022500
50.128906 17.395836 0.989372 0.833100 305.960938 91.467102 0.156223 -0.312372 6.234271 0.023876
50.257919 17.572083 1.006055 0.856397 306.725647 91.712273 0.149876 -0.311100 6.220475 0.024925
50.385933 17.751202 0.970360 0.882065 307.482239 91.957115 0.143602 -0.290008 6.208740 0.024490
50.501945 17.922018 0.891945 0.917992 308.167114 92.178795 0.138043 -0.252465 6.201179 0.026259
50.631958 18.119089 0.749247 0.955089 308.932495 92.427612 0.132995 -0.190987 6.184446 0.025529
50.761971 18.309101 0.557518 1.020538 309.696106 92.678177 0.128849 -0.117605 6.180951 0.025212
50.880981 18.481796 0.342422 1.051146 310.394653 92.908821 0.126059 -0.047845 6.184365 0.024950
51.010994 18.672417 0.098953 1.034505 311.158142 93.161842 0.125993 0.026713 6.190221 0.025886
51.129005 18.854256 -0.115180 0.994564 311.857208 93.394867 0.127903 0.096305 6.196947 0.027456
51.258018 19.055916 -0.338231 0.887615 312.610748 93.645897 0.130955 0.179186 6.210693 0.027187
51.386032 19.258001 -0.526778 0.776406 313.364777 93.898918 0.134412 0.271016 6.219287 0.027264
51.504044 19.448450 -0.659938 0.689614 314.059296 94.135139 0.138642 0.351462 6.215931 0.028519
51.633057 19.658361 -0.753001 0.537019 314.817474 94.394745 0.145555 0.410968 6.209217 0.028874
51.761070 19.869469 -0.784443 0.367671 315.569000 94.653259 0.153305 0.422152 6.209838 0.027812
51.878082 20.051933 -0.745734 0.221669 316.254883 94.891006 0.159977 0.390979 6.203120 0.026842
52.008095 20.265011 -0.652608 0.058060 317.015869 95.156860 0.166510 0.327404 6.198218 0.028884
52.127106 20.473417 -0.519149 -0.043113 317.710541 95.403023 0.169990 0.263193 6.189563 0.031001
52.256119 20.706221 -0.320845 -0.117360 318.461548 95.671387 0.171047 0.201246 6.178780 0.031450
52.385132 20.948473 -0.088001 -0.175119 319.215668 95.943390 0.168804 0.153899 6.161069 0.033316
52.503143 21.172606 0.135974 -0.199276 319.892853 96.188927 0.163850 0.123366 6.151727 0.033473
52.633156 21.421257 0.394299 -0.172164 320.643158 96.461723 0.155348 0.098078 6.135140 0.033800
52.763168 21.669949 0.637910 -0.161750 321.391724 96.734459 0.142866 0.070084 6.125650 0.034731
52.881180 21.907560 0.847359 -0.128941 322.069458 96.982483 0.130738 0.027724 6.113047 0.034681
53.010193 22.173189 1.069592 -0.000297 322.808777 97.254974 0.115639 -0.044875 6.102343 0.035794
53.127205 22.422346 1.242684 0.135493 323.483795 97.504662 0.101257 -0.128252 6.092914 0.036696
53.257217 22.701996 1.393991 0.252515 324.219604 97.777237 0.083987 -0.217925 6.076430 0.038028
53.387230 23.002087 1.504789 0.429600 324.958710 98.053352 0.067224 -0.285427 6.064667 0.041262
53.504242 23.288246 1.552621 0.621848 325.626770 98.305534 0.054315 -0.322095 6.042345 0.042062
53.634254 23.615183 1.569224 0.856890 326.361115 98.583389 0.044356 -0.341316 6.039666 0.043784
53.752266 23.917082 1.542113 1.113756 327.020447 98.833862 0.038730 -0.345294 6.020194 0.044473
53.880280 24.272625 1.462981 1.413637 327.739502 99.108307 0.037045 -0.339074 6.007371 0.049094
54.008293 24.649263 1.332085 1.738002 328.455994 99.384087 0.041469 -0.324866 5.990202 0.049802
54.138306 25.037910 1.165358 2.044449 329.182617 99.664268 0.049802 -0.306376 5.991107 0.052166
54.256317 25.398487 0.995042 2.340764 329.841644 99.919014 0.060347 -0.285755 5.984951 0.052538
54.386330 25.795408 0.808016 2.671326 330.566925 100.200211 0.072386 -0.248946 5.985474 0.051572
54.504341 26.161892 0.641094 2.966553 331.230164 100.460197 0.084135 -0.193617 5.989569 0.053052
54.634354 26.565081 0.488239 3.253540 331.955719 100.745903 0.097759 -0.111331 5.999463 0.054670
54.753365 26.950911 0.386870 3.481207 332.614166 101.006042 0.110187 -0.030338 6.002706 0.057350
54.883377 27.393450 0.339249 3.698295 333.345062 101.297798 0.122620 0.050899 6.006817 0.059437
55.002388 27.808216 0.357253 3.862380 334.003082 101.562637 0.130611 0.110454 6.012492 0.061473
55.132401 28.258715 0.465745 3.997445 334.727783 101.855820 0.134958 0.167813 6.011880 0.059520
55.262413 28.713511 0.637293 4.097409 335.451569 102.149727 0.134366 0.219827 6.007067 0.061819
55.380424 29.135326 0.834058 4.173306 336.106842 102.416870 0.129185 0.258763 5.993257 0.062801
55.510437 29.607382 1.094317 4.199842 336.827057 102.710800 0.120246 0.284377 5.973207 0.064508
55.629448 30.045357 1.357036 4.166865 337.483154 102.980598 0.109805 0.291082 5.956387 0.064984
55.759460 30.534464 1.648116 4.133760 338.196808 103.276184 0.097744 0.286327 5.930113 0.066591
55.877472 30.983248 1.898697 4.131386 338.840118 103.546127 0.086718 0.277689 5.899135 0.067240
56.007484 31.489529 2.138624 4.135180 339.544800 103.842865 0.075320 0.266098 5.867746 0.068568
56.138496 32.010414 2.344249 4.219130 340.249847 104.144684 0.065521 0.254537 5.840119 0.069200
56.256508 32.479214 2.487218 4.340136 340.886780 104.420029 0.059157 0.247308 5.824892 0.067313
56.386520 32.990196 2.600093 4.495761 341.573914 104.720848 0.055873 0.245180 5.808744 0.069195
56.503532 33.473904 2.663003 4.622169 342.199768 104.998520 0.056466 0.242533 5.797476 0.070982
56.634544 34.026314 2.707116 4.724467 342.886932 105.305252 0.060105 0.223490 5.782543 0.074851
56.763557 34.576965 2.716558 4.823177 343.567078 105.610886 0.068198 0.177004 5.781407 0.073164
56.881569 35.073593 2.711990 4.959054 344.187866 105.891495 0.080126 0.111406 5.770908 0.072887
57.011581 35.629784 2.678026 5.135855 344.869232 106.203506 0.095275 0.028059 5.762156 0.073407
57.129593 36.142899 2.639862 5.357255 345.491638 106.491249 0.110667 -0.047083 5.760210 0.074293
57.260605 36.698093 2.576603 5.597432 346.171356 106.805733 0.129010 -0.125346 5.762036 0.072270
57.388618 37.244541 2.531845 5.850467 346.840332 107.115318 0.146321 -0.202938 5.755804 0.073548
57.506630 37.755226 2.501000 6.109144 347.456116 107.402840 0.161368 -0.273525 5.761720 0.075341
57.634644 38.323696 2.473373 6.380469 348.128998 107.717354 0.175174 -0.340329 5.754740 0.074598
57.752655 38.843193 2.446453 6.660038 348.737701 108.004410 0.183979 -0.384331 5.750326 0.076432
57.881668 39.427845 2.404514 6.933054 349.407562 108.321892 0.190378 -0.417592 5.741731 0.076492
58.010681 39.997211 2.355275 7.213513 350.074493 108.640175 0.194384 -0.444005 5.722554 0.075062
58.128693 40.515240 2.307484 7.515846 350.686737 108.935760 0.195469 -0.464397 5.709836 0.072613
58.257706 41.058361 2.271530 7.901418 351.343964 109.256142 0.195409 -0.470092 5.711459 0.070526
58.387718 41.594311 2.271417 8.323803 352.009674 109.584236 0.194845 -0.442648 5.704385 0.070161
58.503731 42.067459 2.284098 8.673659 352.602448 109.878059 0.194520 -0.381862 5.701619 0.068660
58.632744 42.579063 2.309336 9.054480 353.260040 110.206116 0.196195 -0.279129 5.690653 0.065494
58.759758 43.067661 2.354483 9.458018 353.909302 110.533432 0.198901 -0.154145 5.672464 0.063566
58.887772 43.543312 2.414160 9.780289 354.555115 110.859917 0.203116 -0.018227 5.639930 0.063161
59.006783 43.971138 2.487163 10.021505 355.147491 111.160240 0.209831 0.108572 5.614924 0.060322
59.136795 44.416397 2.593377 10.249024 355.797028 111.491196 0.220518 0.242574 5.601415 0.056095
59.261810 44.806526 2.723594 10.392730 356.423767 111.811516 0.235509 0.358498 5.579674 0.050787
59.379822 45.144733 2.849302 10.494091 357.002686 112.109108 0.249997 0.446375 5.552473 0.048662
59.506836 45.496826 2.972943 10.558338 357.627838 112.432671 0.266236 0.511811 5.532784 0.047000
59.636848 45.843082 3.069337 10.616681 358.263428 112.765472 0.283934 0.540549 5.506990 0.045802
59.754860 46.147591 3.130934 10.628804 358.836884 113.069489 0.299198 0.534807 5.495359 0.045478
59.883873 46.463032 3.165777 10.637934 359.461823 113.403236 0.313470 0.504331 5.494435 0.040930
60.011887 46.751911 3.158956 10.694474 360.079681 113.736633 0.328637 0.461167 5.479918 0.037325
