1.20 1.10 20 64
0.134000 0.014095 -0.021375 -0.064089 0.941617 0.000793 -0.128200 -0.186969 6.645459 0.002355
0.261000 0.020977 -0.034674 -0.149822 1.772748 0.002166 -0.074238 -0.214772 6.558829 0.000964
0.376000 0.024125 -0.042055 -0.241421 2.521085 0.004482 0.002932 -0.224018 6.467953 -0.000263
0.502000 0.017923 -0.059753 -0.391640 3.329794 0.006990 0.105965 -0.209636 6.383296 -0.000918
0.628000 0.017624 -0.109974 -0.562011 4.135393 0.008826 0.217167 -0.169981 6.322269 0.000406
0.754000 0.026958 -0.187835 -0.706471 4.928762 0.009973 0.321990 -0.113987 6.283107 0.002544
0.880000 0.045765 -0.299858 -0.867684 5.719730 0.011836 0.411060 -0.052832 6.274914 0.001704
1.006000 0.061460 -0.435637 -1.027605 6.511084 0.014493 0.477343 0.003070 6.291528 0.002649
1.128000 0.077745 -0.579060 -1.148929 7.280113 0.017373 0.515127 0.045844 6.313615 0.001520
1.253000 0.094594 -0.750192 -1.265619 8.065675 0.020018 0.522232 0.074261 6.349745 0.002047
1.378000 0.112245 -0.942232 -1.405571 8.868585 0.021694 0.497285 0.085007 6.386658 0.001949
1.503001 0.125141 -1.137601 -1.536189 9.668586 0.023110 0.445217 0.076522 6.407522 0.001248
1.628001 0.130621 -1.311271 -1.656993 10.470220 0.024979 0.372210 0.052383 6.417665 -0.000257
1.753001 0.128546 -1.445307 -1.760110 11.271867 0.028256 0.288672 0.022880 6.407159 -0.001232
1.879001 0.120524 -1.528411 -1.889552 12.077234 0.030641 0.204071 0.003670 6.382156 -0.001524
2.004001 0.112555 -1.546045 -2.021446 12.872352 0.031132 0.128580 0.008654 6.342278 -0.001045
2.130001 0.105743 -1.495667 -2.148497 13.668776 0.031345 0.067295 0.040284 6.303923 -0.001115
2.256001 0.107451 -1.378923 -2.195844 14.459396 0.034505 0.029113 0.087147 6.253884 0.000857
2.381001 0.112761 -1.191918 -2.114658 15.237286 0.040171 0.017133 0.132511 6.200769 0.001099
2.507000 0.114701 -0.965631 -1.957595 16.007685 0.046575 0.031943 0.167756 6.133095 0.000899
2.632000 0.127128 -0.716688 -1.707236 16.770126 0.053131 0.069742 0.194682 6.073629 0.001997
2.757000 0.129566 -0.476075 -1.393182 17.530586 0.058299 0.125855 0.215872 6.013632 -0.000620
2.882000 0.127282 -0.273465 -1.040505 18.278383 0.064392 0.191796 0.225018 5.964630 -0.000393
3.008000 0.124358 -0.140204 -0.680591 19.027267 0.071448 0.259106 0.210208 5.931512 -0.001202
3.134000 0.121392 -0.085764 -0.347406 19.773432 0.076749 0.318729 0.167006 5.919269 0.000285
3.260000 0.122760 -0.126566 0.015028 20.513531 0.081480 0.365605 0.106898 5.924154 -0.000755
3.384999 0.108403 -0.248077 0.367277 21.260954 0.086186 0.395865 0.046399 5.944149 -0.003101
3.500999 0.089803 -0.421222 0.679352 21.941031 0.089535 0.407558 0.000263 5.982613 -0.001819
3.634999 0.070312 -0.671479 1.061421 22.758129 0.093773 0.400352 -0.046104 6.026981 -0.001674
3.758998 0.051224 -0.941462 1.386465 23.502029 0.097578 0.375147 -0.086373 6.062631 -0.002072
3.883998 0.021389 -1.235680 1.678930 24.262192 0.101191 0.333781 -0.128305 6.094621 -0.004255
4.007998 -0.021012 -1.517709 1.955373 25.025473 0.105716 0.282857 -0.169083 6.114361 -0.005663
4.132999 -0.074716 -1.756281 2.150729 25.791309 0.110614 0.230082 -0.205316 6.132932 -0.007560
4.257000 -0.131510 -1.914730 2.287759 26.553270 0.114573 0.181399 -0.234214 6.150157 -0.008572
4.381002 -0.188569 -1.972574 2.379605 27.309645 0.119970 0.142076 -0.254297 6.150055 -0.007031
4.504004 -0.245476 -1.923039 2.391172 28.072113 0.125538 0.116430 -0.265204 6.142664 -0.008635
4.627005 -0.308453 -1.773259 2.299485 28.826225 0.131461 0.106624 -0.268661 6.122140 -0.010421
4.752007 -0.383921 -1.543237 2.168120 29.589491 0.138585 0.113076 -0.268683 6.092258 -0.010832
4.878008 -0.456671 -1.271509 1.949198 30.347862 0.144552 0.133668 -0.269815 6.045781 -0.011148
5.003009 -0.540329 -0.977291 1.651109 31.100708 0.149824 0.163592 -0.274486 6.008225 -0.012654
5.126011 -0.632496 -0.677055 1.273762 31.842888 0.155370 0.198910 -0.279654 5.969601 -0.013939
5.261013 -0.733233 -0.386056 0.895426 32.646519 0.163666 0.237353 -0.271532 5.944002 -0.013805
5.386014 -0.841584 -0.166694 0.536440 33.388512 0.172549 0.268505 -0.229844 5.938199 -0.015642
5.501015 -0.951085 -0.019722 0.208603 34.065262 0.179360 0.290017 -0.148681 5.937151 -0.018251
5.627017 -1.087145 0.073704 -0.142293 34.814480 0.185969 0.303573 -0.013886 5.949567 -0.019502
5.753018 -1.229480 0.077953 -0.472895 35.571239 0.192477 0.307139 0.143485 5.966440 -0.019401
5.879019 -1.355631 -0.015287 -0.794878 36.318531 0.198131 0.300346 0.282904 5.987590 -0.017295
6.004021 -1.474995 -0.189733 -1.066339 37.069027 0.203400 0.283176 0.383973 6.017201 -0.016221
6.129022 -1.578374 -0.436023 -1.326762 37.829563 0.207710 0.258080 0.447747 6.047591 -0.013466
6.254024 -1.676273 -0.715069 -1.552608 38.588226 0.210077 0.227034 0.487517 6.085616 -0.014741
6.379025 -1.774555 -0.994381 -1.760350 39.344845 0.210339 0.196688 0.512354 6.114828 -0.014609
6.505026 -1.874024 -1.249946 -1.972507 40.116898 0.209706 0.169914 0.516653 6.137478 -0.014345
6.630028 -1.970364 -1.468754 -2.101848 40.891487 0.208967 0.149348 0.487995 6.152431 -0.012934
6.756029 -2.062737 -1.625069 -2.189749 41.667576 0.207901 0.140346 0.424968 6.164355 -0.013346
6.883030 -2.157154 -1.708470 -2.176629 42.444576 0.207079 0.143560 0.342926 6.169056 -0.012399
7.008032 -2.241431 -1.703158 -2.034271 43.221935 0.205517 0.157164 0.262212 6.168106 -0.011454
7.134033 -2.318608 -1.605517 -1.873815 43.992081 0.201698 0.178469 0.192316 6.154266 -0.009388
7.259035 -2.383720 -1.432699 -1.723920 44.766731 0.196165 0.204685 0.123868 6.143946 -0.008270
7.384036 -2.434103 -1.214694 -1.543966 45.527878 0.189598 0.231061 0.045786 6.133968 -0.005971
7.507038 -2.474183 -0.965803 -1.395546 46.287258 0.181073 0.254903 -0.045073 6.119274 -0.004737
7.633039 -2.517011 -0.712039 -1.271368 47.051796 0.171653 0.275051 -0.138295 6.117299 -0.005838
7.757041 -2.554034 -0.473267 -1.152806 47.816948 0.161706 0.287812 -0.219574 6.125479 -0.005138
7.880042 -2.596338 -0.254698 -1.031200 48.570862 0.151507 0.293181 -0.284062 6.136582 -0.006009
8.005043 -2.632896 -0.072195 -0.858662 49.339108 0.139910 0.288526 -0.339359 6.150626 -0.004084
8.130041 -2.654989 0.074716 -0.672211 50.108379 0.127334 0.277381 -0.390415 6.164092 -0.003755
8.253038 -2.677244 0.180200 -0.483735 50.868244 0.114791 0.260013 -0.435910 6.185304 -0.003831
8.379037 -2.714565 0.242632 -0.284407 51.648800 0.100302 0.238980 -0.471433 6.203451 -0.005959
8.504035 -2.759749 0.264123 -0.080112 52.425529 0.085206 0.214841 -0.489188 6.222948 -0.007185
8.630033 -2.813616 0.268817 0.150086 53.203842 0.069978 0.190427 -0.485901 6.232995 -0.007977
8.755032 -2.864691 0.252999 0.299186 53.990128 0.054279 0.168965 -0.459619 6.246197 -0.007569
8.883030 -2.917852 0.212463 0.438649 54.783463 0.037860 0.152117 -0.408477 6.250283 -0.007595
9.008028 -2.972839 0.173006 0.612793 55.572166 0.021609 0.143099 -0.332394 6.263606 -0.007808
9.134027 -3.021664 0.137252 0.779410 56.360920 0.003946 0.143839 -0.233587 6.262172 -0.005698
9.260025 -3.065637 0.109261 0.951663 57.149792 -0.013160 0.152869 -0.121146 6.261269 -0.005525
9.385023 -3.107180 0.095584 1.052960 57.931988 -0.032308 0.169897 -0.011535 6.257785 -0.005178
9.507020 -3.144599 0.097297 1.143990 58.688770 -0.051970 0.192734 0.077819 6.256467 -0.005108
9.631018 -3.175841 0.125631 1.178502 59.464333 -0.072498 0.218575 0.144694 6.252629 -0.003829
9.753015 -3.197437 0.155996 1.170447 60.232685 -0.093477 0.244880 0.189716 6.249400 -0.003273
9.878013 -3.214751 0.189455 1.166849 61.014267 -0.114729 0.271006 0.224084 6.259416 -0.001960
10.011011 -3.222510 0.223972 1.103464 61.847912 -0.136118 0.294063 0.257635 6.278597 -0.000417
10.134008 -3.227155 0.248040 1.022589 62.621555 -0.155106 0.308553 0.287286 6.302599 -0.000835
10.260007 -3.232123 0.261718 0.867879 63.410915 -0.174472 0.315617 0.312581 6.328851 -0.000412
10.386005 -3.231592 0.268618 0.667254 64.211266 -0.194168 0.315264 0.330613 6.371364 -0.000541
10.511003 -3.242150 0.273610 0.426373 65.015732 -0.213782 0.308729 0.342216 6.395729 -0.000806
10.636002 -3.243783 0.289067 0.176028 65.811020 -0.231442 0.296202 0.350136 6.429845 0.000834
10.761000 -3.232717 0.303437 -0.055913 66.616882 -0.248293 0.279249 0.355693 6.458581 0.002498
10.884997 -3.217275 0.325222 -0.279738 67.425751 -0.265879 0.261092 0.356359 6.486485 0.001969
11.008995 -3.208357 0.365336 -0.515877 68.231735 -0.282885 0.241534 0.347997 6.511550 0.001496
11.133993 -3.201032 0.438075 -0.775570 69.040749 -0.299559 0.223105 0.326896 6.532893 0.001722
11.257991 -3.177239 0.528100 -1.037173 69.858810 -0.316979 0.208654 0.290950 6.552727 0.003046
11.382989 -3.169873 0.638032 -1.272015 70.678490 -0.332969 0.199031 0.239099 6.562050 0.000691
11.506987 -3.175787 0.747517 -1.486272 71.492699 -0.348649 0.194275 0.171614 6.572499 0.000897
11.631985 -3.167233 0.884989 -1.712929 72.308205 -0.362888 0.194821 0.089711 6.582180 0.001546
11.755982 -3.148055 1.039084 -1.903022 73.132141 -0.376342 0.202919 -0.001432 6.595630 0.002811
11.880980 -3.124790 1.184154 -2.072554 73.957085 -0.391419 0.214361 -0.092034 6.602515 0.004287
12.005979 -3.091894 1.326259 -2.235904 74.782623 -0.407397 0.227573 -0.173952 6.607953 0.005882
12.130977 -3.048368 1.470734 -2.356399 75.608871 -0.423228 0.240616 -0.244123 6.613912 0.006331
12.255975 -3.003078 1.588051 -2.406338 76.430115 -0.438590 0.253131 -0.303622 6.630633 0.007366
12.380973 -2.956374 1.687426 -2.450188 77.260559 -0.453581 0.263292 -0.355444 6.654308 0.006042
12.505971 -2.922575 1.758360 -2.438216 78.099838 -0.466805 0.267139 -0.399025 6.667726 0.003969
12.630969 -2.894511 1.809878 -2.443230 78.933647 -0.479889 0.265066 -0.430179 6.672686 0.004306
12.756968 -2.859190 1.835353 -2.441243 79.775398 -0.492599 0.256954 -0.445860 6.687846 0.003323
12.882966 -2.830302 1.833957 -2.426425 80.619553 -0.505830 0.243854 -0.443548 6.706741 0.004594
13.008965 -2.791130 1.797028 -2.355384 81.465294 -0.519075 0.228527 -0.422964 6.719637 0.005323
13.134963 -2.745058 1.714810 -2.249624 82.312576 -0.532358 0.210844 -0.384290 6.728925 0.007190
13.260962 -2.701344 1.616772 -2.145202 83.160645 -0.546388 0.193719 -0.326007 6.738384 0.004540
13.385960 -2.661284 1.504258 -2.028554 84.003700 -0.559207 0.178721 -0.245228 6.748402 0.005075
13.511958 -2.619017 1.391721 -1.854094 84.848427 -0.570813 0.167102 -0.139813 6.763461 0.005623
13.625957 -2.587922 1.292078 -1.680436 85.626877 -0.580723 0.160615 -0.025943 6.771839 0.002612
13.750955 -2.572925 1.201533 -1.519539 86.466850 -0.590919 0.158855 0.100338 6.775492 0.001758
13.884952 -2.557090 1.141006 -1.322674 87.382271 -0.601355 0.162758 0.217834 6.784481 0.001400
14.009950 -2.545919 1.147539 -1.116764 88.222984 -0.610744 0.171910 0.289641 6.775256 0.000372
14.134948 -2.535130 1.208688 -0.933062 89.075867 -0.621037 0.187225 0.322620 6.761522 0.000250
14.259946 -2.531108 1.331041 -0.778192 89.920685 -0.631610 0.206305 0.324324 6.756768 -0.000354
14.385944 -2.532551 1.474764 -0.636661 90.765076 -0.640724 0.227596 0.308685 6.750860 -0.000147
14.510942 -2.534844 1.637559 -0.478943 91.615059 -0.648682 0.248295 0.285591 6.747928 -0.001027
14.635941 -2.548599 1.825161 -0.340870 92.458595 -0.657204 0.264433 0.258960 6.747115 -0.003367
14.750939 -2.571493 2.010503 -0.232899 93.228256 -0.665351 0.274505 0.230761 6.756745 -0.004848
14.876938 -2.604277 2.228349 -0.181433 94.080772 -0.673850 0.278629 0.194792 6.772878 -0.004033
15.002936 -2.627598 2.454467 -0.191964 94.941826 -0.681782 0.275091 0.156223 6.784113 -0.003162
15.128935 -2.663413 2.666029 -0.238405 95.797005 -0.689090 0.264221 0.121385 6.793625 -0.005060
15.252933 -2.707824 2.826121 -0.350223 96.638306 -0.697385 0.246323 0.096833 6.784330 -0.005178
15.375930 -2.744590 2.945321 -0.438540 97.473160 -0.704803 0.222314 0.087006 6.782574 -0.004557
15.509927 -2.783179 3.032198 -0.517705 98.373825 -0.713388 0.193823 0.094748 6.766386 -0.004933
15.631925 -2.826561 3.060883 -0.631570 99.206139 -0.722477 0.165809 0.115452 6.762545 -0.004816
15.754922 -2.861513 3.028746 -0.750405 100.036476 -0.731045 0.139610 0.139143 6.742677 -0.003610
15.876920 -2.891686 2.933950 -0.912036 100.858200 -0.739755 0.116093 0.149968 6.731788 -0.002250
16.010918 -2.919783 2.779235 -1.068835 101.758865 -0.751074 0.095807 0.128293 6.713531 -0.002925
16.133913 -2.949183 2.588474 -1.222736 102.583527 -0.761730 0.087835 0.068439 6.700574 -0.003097
16.256908 -2.981724 2.371299 -1.363736 103.407043 -0.772542 0.088127 -0.024127 6.694016 -0.004221
16.379904 -3.015800 2.147277 -1.502764 104.230843 -0.783931 0.097580 -0.132505 6.699815 -0.003586
16.503899 -3.049159 1.917719 -1.658576 105.061462 -0.795621 0.114013 -0.237024 6.696820 -0.003851
16.627893 -3.084670 1.702510 -1.808519 105.884964 -0.808349 0.134703 -0.321333 6.697853 -0.004051
16.751888 -3.122147 1.517637 -1.889694 106.715385 -0.820345 0.158565 -0.380927 6.695020 -0.005530
16.885883 -3.166944 1.381814 -1.973390 107.619339 -0.833397 0.184018 -0.416557 6.698723 -0.005461
17.009878 -3.197836 1.286443 -2.057117 108.450668 -0.845202 0.204028 -0.423810 6.711071 -0.003232
17.132874 -3.233235 1.226177 -2.070102 109.270256 -0.855744 0.217801 -0.408521 6.722312 -0.005146
17.255869 -3.275037 1.225642 -2.035453 110.103989 -0.866311 0.225694 -0.371357 6.723691 -0.006201
17.378864 -3.317986 1.256382 -1.983554 110.931152 -0.876955 0.226781 -0.312933 6.726751 -0.006040
17.501860 -3.350546 1.324641 -1.859294 111.758453 -0.886892 0.220435 -0.231944 6.725148 -0.004761
17.634855 -3.382170 1.444357 -1.718788 112.651314 -0.898193 0.206203 -0.119087 6.704881 -0.003836
17.758850 -3.416978 1.582454 -1.571164 113.474625 -0.908337 0.187252 0.002532 6.688660 -0.006443
17.880846 -3.463364 1.729220 -1.484457 114.296402 -0.918905 0.165898 0.126876 6.674511 -0.006689
18.003841 -3.506397 1.875988 -1.369501 115.116951 -0.927831 0.142405 0.235343 6.669136 -0.007568
18.126837 -3.568260 2.013231 -1.265451 115.935806 -0.936146 0.120285 0.310142 6.644457 -0.010440
18.260832 -3.645630 2.144870 -1.177321 116.817589 -0.946798 0.101324 0.342669 6.616417 -0.011092
18.384827 -3.716122 2.244568 -1.126220 117.636200 -0.956913 0.090072 0.333156 6.591245 -0.010468
18.508821 -3.793000 2.325642 -1.062094 118.458145 -0.967969 0.084438 0.302631 6.563939 -0.011609
18.631817 -3.874034 2.384600 -1.011497 119.263321 -0.979469 0.082256 0.270384 6.536909 -0.011555
18.755812 -3.956600 2.414487 -0.994094 120.064819 -0.991240 0.084979 0.242739 6.501045 -0.012926
18.877808 -4.044824 2.385643 -0.999091 120.862480 -1.003515 0.091652 0.212885 6.475417 -0.012502
19.001802 -4.145661 2.338149 -1.080429 121.663757 -1.018010 0.099694 0.171283 6.456186 -0.014291
19.125797 -4.260015 2.251688 -1.213288 122.456467 -1.032802 0.108715 0.120211 6.439314 -0.016163
19.258793 -4.389549 2.127302 -1.354815 123.311470 -1.049791 0.119554 0.070661 6.422189 -0.016023
19.380789 -4.499241 1.982458 -1.483865 124.107666 -1.065816 0.129386 0.044884 6.423419 -0.014905
19.504784 -4.617904 1.819242 -1.597980 124.898193 -1.081994 0.138353 0.040441 6.433251 -0.017441
19.626780 -4.744876 1.643723 -1.710633 125.683556 -1.098372 0.146019 0.046586 6.445855 -0.017608
19.750774 -4.869932 1.460979 -1.815568 126.483490 -1.114998 0.150828 0.050982 6.458021 -0.016601
19.885769 -4.991694 1.283437 -1.922230 127.357269 -1.133023 0.151794 0.043684 6.488925 -0.014836
20.009764 -5.095681 1.161603 -1.992598 128.156113 -1.148920 0.150145 0.021189 6.505010 -0.014612
20.131760 -5.200699 1.088092 -2.040615 128.956924 -1.165689 0.145640 -0.017407 6.518588 -0.014873
20.255754 -5.321529 1.062740 -2.083908 129.765808 -1.183967 0.139062 -0.069483 6.528759 -0.018653
20.380749 -5.450078 1.080401 -2.109829 130.576401 -1.202382 0.130632 -0.127295 6.537315 -0.017628
20.503744 -5.565683 1.162338 -2.177925 131.379974 -1.222746 0.123086 -0.183571 6.534556 -0.015969
20.625740 -5.675469 1.300633 -2.240378 132.183258 -1.243539 0.116159 -0.235128 6.533173 -0.015007
20.758736 -5.789697 1.484631 -2.306492 133.051758 -1.264784 0.109571 -0.282475 6.530839 -0.014779
20.883730 -5.895029 1.677681 -2.365897 133.859665 -1.284611 0.102643 -0.311771 6.509606 -0.014368
21.007725 -6.005924 1.877610 -2.412839 134.671188 -1.306263 0.095369 -0.318380 6.484806 -0.015323
21.131720 -6.116407 2.072123 -2.442788 135.467499 -1.329409 0.088900 -0.300920 6.467971 -0.015959
21.254715 -6.237566 2.267143 -2.436153 136.268188 -1.352812 0.083283 -0.266263 6.451060 -0.017759
21.377710 -6.353280 2.450414 -2.396847 137.059265 -1.376462 0.078603 -0.223641 6.420263 -0.016694
21.501705 -6.464056 2.604797 -2.308838 137.853943 -1.401841 0.074866 -0.174136 6.404429 -0.015767
21.635700 -6.562363 2.729218 -2.219280 138.710449 -1.430974 0.071065 -0.106808 6.386585 -0.012269
21.759695 -6.652563 2.803227 -2.150537 139.500061 -1.458444 0.067524 -0.027497 6.364245 -0.013483
21.881691 -6.743068 2.839601 -2.114535 140.275055 -1.486923 0.064224 0.060378 6.350683 -0.013034
22.003687 -6.838193 2.840566 -2.071160 141.048492 -1.515100 0.061408 0.142954 6.338344 -0.014480
22.126682 -6.938532 2.800610 -2.043468 141.827240 -1.544815 0.059686 0.204364 6.333616 -0.014100
22.250677 -7.037095 2.734061 -1.996882 142.611526 -1.574508 0.059440 0.236701 6.324647 -0.014281
22.377670 -7.135003 2.632967 -1.943007 143.407837 -1.604912 0.060008 0.244158 6.325051 -0.014369
22.502665 -7.230152 2.502242 -1.905052 144.204041 -1.635136 0.060439 0.239002 6.322306 -0.013100
22.628658 -7.327366 2.350564 -1.854101 145.000244 -1.666023 0.060740 0.230763 6.320318 -0.014591
22.754652 -7.431331 2.182187 -1.787256 145.796097 -1.697739 0.061153 0.220012 6.325928 -0.014705
22.879646 -7.528943 2.029314 -1.704118 146.586044 -1.730510 0.062636 0.203122 6.324782 -0.013397
23.004641 -7.625664 1.903626 -1.636048 147.377045 -1.763888 0.065584 0.180087 6.336397 -0.014446
23.129635 -7.720697 1.821496 -1.589027 148.161896 -1.798234 0.070157 0.156344 6.336150 -0.013277
23.253630 -7.819362 1.769228 -1.599441 148.952942 -1.834120 0.075614 0.135279 6.332634 -0.014176
23.378624 -7.932900 1.758404 -1.608097 149.743637 -1.870281 0.081244 0.114349 6.330844 -0.016813
23.503618 -8.055744 1.798724 -1.608556 150.534225 -1.906204 0.087182 0.087154 6.332505 -0.017595
23.628613 -8.186842 1.886680 -1.665620 151.324081 -1.942544 0.092935 0.051339 6.318399 -0.019325
23.754606 -8.335928 1.995992 -1.725378 152.119019 -1.979853 0.096971 0.009714 6.311545 -0.021572
23.879601 -8.494041 2.126319 -1.782847 152.899948 -2.017093 0.099637 -0.032132 6.300930 -0.022090
24.004595 -8.668176 2.262949 -1.888791 153.692062 -2.056139 0.100224 -0.072751 6.289966 -0.023351
24.129589 -8.841093 2.421195 -2.025358 154.477371 -2.097456 0.099552 -0.109411 6.294643 -0.023584
24.255583 -9.034312 2.590820 -2.213341 155.268784 -2.140911 0.097197 -0.140487 6.287530 -0.026660
24.380577 -9.233758 2.742322 -2.345982 156.053131 -2.185362 0.093087 -0.163903 6.280691 -0.026840
24.506571 -9.451010 2.876128 -2.480644 156.835495 -2.231926 0.087466 -0.178838 6.264956 -0.029854
24.627567 -9.660721 2.976566 -2.620231 157.598038 -2.278733 0.080495 -0.183268 6.260678 -0.027806
24.753561 -9.888889 3.043001 -2.767802 158.378372 -2.327663 0.072237 -0.173357 6.249601 -0.032087
24.878555 -10.128905 3.089358 -2.873621 159.163101 -2.377457 0.064001 -0.145971 6.230665 -0.031945
25.004549 -10.367106 3.102583 -2.939301 159.939545 -2.428290 0.057946 -0.104318 6.222467 -0.033742
25.130543 -10.624438 3.106629 -3.069211 160.720840 -2.481776 0.054341 -0.056463 6.208529 -0.035900
25.255537 -10.898167 3.092710 -3.159152 161.500351 -2.536433 0.053602 -0.012433 6.197416 -0.038679
25.380531 -11.174736 3.057716 -3.214278 162.265976 -2.591997 0.056000 0.019225 6.189749 -0.038364
25.505526 -11.473187 3.017476 -3.285626 163.043396 -2.651440 0.062240 0.035067 6.187833 -0.041689
25.630520 -11.766298 2.958750 -3.306793 163.813690 -2.713423 0.070154 0.034431 6.183399 -0.041537
25.756514 -12.074836 2.886737 -3.395036 164.590057 -2.778765 0.079054 0.024060 6.186132 -0.042274
25.881508 -12.379330 2.798533 -3.517215 165.354599 -2.845914 0.088183 0.014083 6.192552 -0.042067
26.006502 -12.693052 2.705685 -3.649228 166.131317 -2.917997 0.096823 0.009354 6.191117 -0.042425
26.132496 -12.999603 2.606958 -3.743340 166.902115 -2.990894 0.104412 0.003997 6.196995 -0.041509
26.257490 -13.304406 2.518686 -3.827644 167.673035 -3.065175 0.110510 -0.013443 6.200831 -0.041636
26.382484 -13.602082 2.445493 -3.889116 168.451050 -3.141739 0.115448 -0.048040 6.205849 -0.040654
26.507479 -13.883940 2.381503 -3.935661 169.222443 -3.220720 0.119664 -0.089145 6.202718 -0.038407
26.632473 -14.169733 2.337857 -4.006464 169.993225 -3.302873 0.122664 -0.118230 6.200216 -0.040203
26.758467 -14.455952 2.312066 -4.024037 170.769394 -3.388642 0.123589 -0.119714 6.196202 -0.039942
26.884460 -14.748571 2.289817 -4.071555 171.538696 -3.475777 0.124077 -0.089344 6.190141 -0.040759
27.009455 -15.042186 2.290760 -4.092297 172.313232 -3.566116 0.122597 -0.032428 6.189405 -0.040405
27.135448 -15.328299 2.313839 -4.072065 173.080887 -3.659199 0.119402 0.039803 6.185784 -0.039377
27.250444 -15.583116 2.354909 -3.988854 173.792664 -3.747188 0.116722 0.110882 6.182184 -0.038323
27.376438 -15.855124 2.425042 -3.897073 174.558533 -3.844555 0.115532 0.181398 6.175454 -0.038549
27.500433 -16.126333 2.517567 -3.747817 175.323166 -3.944935 0.114508 0.236869 6.168556 -0.038471
27.625427 -16.379259 2.607898 -3.533636 176.086594 -4.047606 0.114829 0.272734 6.161669 -0.037069
27.759422 -16.644348 2.716512 -3.287796 176.898483 -4.159809 0.118528 0.288589 6.161066 -0.035425
27.884417 -16.881430 2.825292 -3.098762 177.660492 -4.267710 0.122434 0.281852 6.148826 -0.033829
28.008411 -17.110502 2.910719 -2.897819 178.420578 -4.378505 0.127422 0.251465 6.144715 -0.033392
28.133406 -17.333817 2.965143 -2.691587 179.180038 -4.492310 0.133484 0.195235 6.144650 -0.032620
28.257401 -17.567772 2.988505 -2.539422 179.933716 -4.607299 0.141013 0.117670 6.149291 -0.035426
28.382395 -17.805939 2.976097 -2.383912 180.687836 -4.724914 0.148886 0.028630 6.159125 -0.033931
28.507389 -18.043623 2.931679 -2.277797 181.455292 -4.847156 0.156884 -0.062072 6.175075 -0.033542
28.632383 -18.270489 2.854476 -2.197625 182.218765 -4.971026 0.165698 -0.144600 6.196123 -0.031789
28.758377 -18.491365 2.747601 -2.170078 182.984604 -5.097997 0.173405 -0.216659 6.222078 -0.030881
28.883371 -18.709898 2.615572 -2.166440 183.759689 -5.228971 0.179997 -0.275235 6.250281 -0.030441
29.008366 -18.926054 2.477400 -2.169947 184.531708 -5.361253 0.185153 -0.312908 6.276643 -0.029999
29.133360 -19.130306 2.350473 -2.207772 185.306335 -5.496248 0.188264 -0.324583 6.303955 -0.027370
29.258354 -19.322290 2.228427 -2.253930 186.083878 -5.632987 0.188545 -0.309535 6.325135 -0.026877
29.383348 -19.508001 2.117460 -2.321603 186.857849 -5.770711 0.186609 -0.272302 6.348368 -0.025223
29.508343 -19.692106 2.029858 -2.464761 187.647247 -5.913406 0.185919 -0.217282 6.378656 -0.023668
29.633337 -19.854216 1.988094 -2.606612 188.432404 -6.057421 0.184714 -0.151001 6.396353 -0.021900
29.758331 -20.009209 1.999679 -2.714270 189.218933 -6.204159 0.185373 -0.079232 6.407483 -0.020378
29.883326 -20.147736 2.060953 -2.872558 190.006775 -6.354010 0.187875 -0.009948 6.422390 -0.016467
30.007320 -20.264809 2.172215 -3.060241 190.783524 -6.503546 0.192777 0.048734 6.434409 -0.015100
30.129316 -20.371414 2.315164 -3.229269 191.560318 -6.654593 0.200202 0.094186 6.430665 -0.013332
30.253311 -20.462957 2.468225 -3.403186 192.336166 -6.808555 0.207367 0.126162 6.433035 -0.011524
30.375307 -20.543291 2.630045 -3.569465 193.112564 -6.964044 0.215255 0.146374 6.432505 -0.009909
30.510302 -20.620123 2.842819 -3.748197 193.957153 -7.136736 0.225066 0.158680 6.432523 -0.007698
30.632298 -20.677717 3.042693 -3.916738 194.731674 -7.297644 0.232674 0.164779 6.429587 -0.007082
30.755293 -20.732052 3.226110 -4.082718 195.505981 -7.460807 0.238233 0.166615 6.433951 -0.006282
30.878288 -20.780146 3.386367 -4.258785 196.275757 -7.622827 0.243351 0.159844 6.454784 -0.005393
31.000284 -20.819803 3.522179 -4.440910 197.052917 -7.787689 0.246305 0.138291 6.463318 -0.002563
31.135279 -20.854961 3.633393 -4.560100 197.906174 -7.969599 0.246920 0.096366 6.462628 -0.004278
31.260273 -20.888140 3.695180 -4.667247 198.695282 -8.140661 0.245978 0.051412 6.457728 -0.003124
31.384268 -20.897905 3.720066 -4.807735 199.471588 -8.310879 0.244751 0.019650 6.465225 0.001233
31.506264 -20.890345 3.716431 -4.916214 200.248489 -8.482478 0.243559 0.013744 6.475855 0.002793
31.629259 -20.871305 3.691101 -5.014248 201.027542 -8.655075 0.243278 0.034010 6.496473 0.004083
31.752254 -20.838200 3.631789 -5.059915 201.809097 -8.828216 0.243952 0.067586 6.515826 0.006190
31.886250 -20.783855 3.533229 -5.091040 202.656540 -9.018576 0.246601 0.099281 6.540446 0.007006
32.008247 -20.726692 3.433743 -5.087192 203.443146 -9.196080 0.252180 0.113203 6.567794 0.009402
32.131260 -20.660799 3.339085 -5.087369 204.232117 -9.376700 0.261085 0.112660 6.590134 0.010950
32.256275 -20.574123 3.239713 -5.053870 205.036499 -9.561852 0.272536 0.104253 6.612483 0.012652
32.381290 -20.473795 3.142209 -5.009170 205.843277 -9.748792 0.284885 0.092865 6.632886 0.014452
32.506306 -20.374273 3.050431 -4.951524 206.652283 -9.937224 0.297016 0.078508 6.652971 0.013949
32.632320 -20.262146 2.976762 -4.841502 207.470505 -10.127274 0.308194 0.058393 6.676561 0.014321
32.757336 -20.155636 2.920834 -4.701620 208.284836 -10.316717 0.316125 0.032660 6.696720 0.014742
32.883350 -20.035686 2.886088 -4.488787 209.100845 -10.507197 0.321326 0.003058 6.705878 0.015656
33.008366 -19.925804 2.844549 -4.262780 209.917648 -10.698936 0.324455 -0.029901 6.713590 0.012320
33.134380 -19.825523 2.807681 -3.989195 210.741440 -10.891397 0.326615 -0.070676 6.715705 0.011134
33.259396 -19.719999 2.778318 -3.702658 211.560181 -11.082226 0.328497 -0.124865 6.731635 0.014014
33.385410 -19.593264 2.747751 -3.399565 212.387268 -11.275856 0.329235 -0.196501 6.745361 0.017430
33.510426 -19.458359 2.740737 -3.137004 213.214951 -11.471549 0.329032 -0.280338 6.754001 0.016500
33.634441 -19.338720 2.739617 -2.892525 214.030975 -11.664840 0.327264 -0.361200 6.769439 0.014693
33.759457 -19.214792 2.742655 -2.656857 214.849503 -11.858951 0.326112 -0.422745 6.792359 0.017180
33.884472 -19.076796 2.739978 -2.479081 215.684174 -12.057202 0.325365 -0.452233 6.817789 0.017604
34.008480 -18.942394 2.735481 -2.352071 216.500793 -12.251800 0.325858 -0.448168 6.833775 0.019318
34.133492 -18.805008 2.724020 -2.241244 217.340103 -12.451427 0.326134 -0.418985 6.855822 0.017970
34.257507 -18.673834 2.713980 -2.154707 218.161911 -12.646646 0.324788 -0.372002 6.874368 0.018243
34.380524 -18.538080 2.696694 -2.117762 218.992813 -12.844235 0.323808 -0.301342 6.898113 0.019319
34.504539 -18.399456 2.656664 -2.113030 219.819855 -13.039033 0.321861 -0.197408 6.918400 0.020223
34.628555 -18.259127 2.587066 -2.113929 220.662750 -13.235998 0.320227 -0.054890 6.931553 0.018987
34.752571 -18.121994 2.512721 -2.136114 221.500534 -13.433174 0.318003 0.108385 6.946149 0.019467
34.876587 -17.989731 2.419474 -2.155697 222.340134 -13.630015 0.315129 0.267877 6.960030 0.018962
35.001602 -17.848511 2.315866 -2.135710 223.188797 -13.827892 0.314205 0.402010 6.978518 0.020223
35.125618 -17.701973 2.226651 -2.121286 224.031372 -14.024187 0.315010 0.495892 6.981348 0.020384
35.260635 -17.540203 2.118709 -2.155544 224.949860 -14.240344 0.317722 0.549502 6.996686 0.020941
35.384651 -17.377459 2.019509 -2.143873 225.795700 -14.437724 0.320946 0.556482 7.009532 0.023199
35.507668 -17.211885 1.927309 -2.093925 226.629028 -14.630441 0.324165 0.531864 7.008730 0.023936
35.631683 -17.035141 1.837388 -2.064399 227.477036 -14.827098 0.328088 0.486843 7.027496 0.024843
35.754700 -16.854517 1.772266 -2.064095 228.326828 -15.023763 0.332292 0.432270 7.039460 0.024811
35.878716 -16.681334 1.733245 -2.114731 229.170853 -15.218883 0.336318 0.371788 7.045582 0.025268
36.001732 -16.505249 1.710203 -2.176168 230.022720 -15.415142 0.341253 0.303103 7.050973 0.025035
36.126747 -16.328930 1.710552 -2.263957 230.874863 -15.610511 0.344836 0.226970 7.046582 0.024979
36.250763 -16.146328 1.726452 -2.324511 231.733704 -15.807362 0.348036 0.148709 7.049216 0.026351
36.375778 -15.959294 1.756499 -2.357893 232.592331 -16.003071 0.351459 0.076526 7.045097 0.026837
36.509792 -15.745335 1.803770 -2.357104 233.520798 -16.213930 0.355407 0.008679 7.051624 0.028330
36.631805 -15.539014 1.861174 -2.301695 234.359467 -16.404730 0.359184 -0.045939 7.050957 0.029509
36.754822 -15.332160 1.909127 -2.188646 235.197937 -16.595650 0.362273 -0.097530 7.049522 0.028445
36.877838 -15.135016 1.936581 -2.035976 236.043961 -16.786690 0.365118 -0.148842 7.050511 0.026465
37.001854 -14.949788 1.951685 -1.821484 236.897598 -16.975784 0.368516 -0.201472 7.047950 0.024017
37.136871 -14.757042 1.955040 -1.651155 237.819489 -17.179455 0.372239 -0.262944 7.047152 0.025059
37.257881 -14.571996 1.951989 -1.478039 238.658493 -17.364454 0.374548 -0.323914 7.039673 0.025814
37.382893 -14.382946 1.942436 -1.276784 239.518494 -17.552750 0.376035 -0.386609 7.043306 0.025571
37.505909 -14.195508 1.912152 -1.092791 240.364319 -17.738148 0.377891 -0.438791 7.041197 0.025324
37.628925 -14.015273 1.853253 -0.924451 241.211426 -17.923286 0.378833 -0.472396 7.053955 0.025453
37.753941 -13.817747 1.782164 -0.804120 242.073700 -18.111444 0.380079 -0.484294 7.064791 0.027239
37.879955 -13.616534 1.676151 -0.742260 242.944626 -18.300941 0.380837 -0.476478 7.082660 0.028407
38.005970 -13.400301 1.526798 -0.609127 243.818390 -18.488161 0.380229 -0.452157 7.094826 0.029712
38.131985 -13.183977 1.358611 -0.465784 244.694824 -18.674934 0.379656 -0.410299 7.122451 0.028933
38.258999 -12.967099 1.144201 -0.339472 245.574249 -18.860043 0.378305 -0.346341 7.142061 0.029294
38.384014 -12.754449 0.922786 -0.223897 246.456802 -19.044191 0.377477 -0.257865 7.165164 0.029176
38.509029 -12.542271 0.714174 -0.136809 247.334930 -19.225960 0.378025 -0.149275 7.179985 0.030101
38.635044 -12.321948 0.528029 -0.073140 248.215866 -19.406300 0.381856 -0.027598 7.202644 0.030956
38.760059 -12.092518 0.374534 -0.000969 249.106308 -19.587008 0.388612 0.099709 7.220110 0.031879
38.886074 -11.858175 0.265163 0.032901 249.999725 -19.766094 0.394596 0.223228 7.241041 0.031958
39.002087 -11.647662 0.230943 0.013859 250.817078 -19.928141 0.399818 0.324247 7.248839 0.032318
39.128101 -11.406898 0.239915 0.019317 251.714401 -20.102457 0.406359 0.410513 7.265021 0.034038
39.253117 -11.157860 0.300442 -0.001812 252.614243 -20.274509 0.411166 0.459915 7.275583 0.034123
39.380131 -10.907350 0.410196 -0.075156 253.522354 -20.444021 0.416038 0.467523 7.273834 0.034659
39.506145 -10.652096 0.562167 -0.158127 254.424423 -20.609318 0.417975 0.439412 7.288891 0.035000
39.632160 -10.396391 0.768781 -0.235465 255.328827 -20.772375 0.415197 0.390627 7.297541 0.035452
39.759174 -10.138043 1.019559 -0.321442 256.234436 -20.933743 0.408260 0.335747 7.305364 0.036071
39.885189 -9.883550 1.306231 -0.470277 257.148926 -21.095135 0.398621 0.280986 7.314950 0.034876
40.011204 -9.639864 1.612123 -0.610642 258.057556 -21.250774 0.383813 0.225523 7.321584 0.033617
40.136219 -9.400943 1.923547 -0.770948 258.961243 -21.402685 0.366614 0.167160 7.334652 0.033941
40.261234 -9.167217 2.226606 -0.952316 259.866455 -21.552044 0.348678 0.110564 7.342326 0.033432
40.376247 -8.948464 2.483226 -1.126196 260.692230 -21.685652 0.333862 0.069547 7.332504 0.034528
40.502262 -8.719042 2.750912 -1.263381 261.605103 -21.829050 0.319541 0.042819 7.335455 0.031920
40.627277 -8.492059 2.997911 -1.354759 262.519012 -21.968243 0.308311 0.032112 7.339046 0.031872
40.753292 -8.267349 3.229317 -1.494023 263.426147 -22.102854 0.302214 0.024859 7.333713 0.032319
40.879307 -8.039208 3.447075 -1.676754 264.340118 -22.234905 0.300962 0.010759 7.322634 0.033158
41.003323 -7.818484 3.651010 -1.872834 265.245300 -22.362173 0.303124 -0.011501 7.306489 0.031559
41.127338 -7.605740 3.827369 -2.051161 266.142212 -22.484064 0.309521 -0.037478 7.299447 0.031482
41.252354 -7.399378 3.972178 -2.177461 267.046844 -22.604908 0.317631 -0.065537 7.301816 0.029320
41.377369 -7.202219 4.056186 -2.296896 267.950867 -22.724951 0.326640 -0.099600 7.292790 0.027821
41.503384 -7.011293 4.108177 -2.438231 268.862030 -22.843935 0.335744 -0.146023 7.291858 0.026809
41.628399 -6.838201 4.125196 -2.578245 269.766357 -22.959839 0.343120 -0.205162 7.292041 0.023965
41.754414 -6.678024 4.114839 -2.650706 270.671478 -23.072653 0.348252 -0.268831 7.301517 0.022942
41.880428 -6.514585 4.057835 -2.670602 271.586243 -23.183407 0.351290 -0.322151 7.321812 0.022724
42.005444 -6.357636 3.972221 -2.661323 272.503510 -23.293058 0.350392 -0.348943 7.339032 0.020977
42.131458 -6.207545 3.860121 -2.594040 273.423248 -23.400558 0.344754 -0.342137 7.356488 0.019264
42.258472 -6.076622 3.721813 -2.513015 274.345917 -23.506460 0.334950 -0.305272 7.379162 0.015599
42.383488 -5.958887 3.563329 -2.384748 275.272003 -23.611286 0.322960 -0.247934 7.409832 0.014270
42.509502 -5.839818 3.416969 -2.170208 276.194641 -23.713404 0.309328 -0.180493 7.433198 0.013745
42.635517 -5.721659 3.290810 -1.848773 277.127258 -23.813887 0.294552 -0.110022 7.455192 0.014227
42.757534 -5.605062 3.197264 -1.466416 278.039520 -23.908772 0.279256 -0.048341 7.455645 0.013510
42.879551 -5.489484 3.143578 -1.097353 278.944275 -24.002171 0.263314 -0.004588 7.450975 0.013143
43.005566 -5.389938 3.127027 -0.688227 279.870331 -24.095764 0.247932 0.016626 7.432751 0.009197
43.129581 -5.319691 3.141317 -0.318648 280.792816 -24.187162 0.234845 0.018576 7.400411 0.006035
43.254597 -5.266252 3.179793 0.016508 281.704132 -24.275753 0.223449 0.014606 7.373657 0.003691
43.380611 -5.233976 3.230547 0.377154 282.626892 -24.364239 0.215883 0.017272 7.342126 0.001125
43.505627 -5.216230 3.275228 0.734941 283.546051 -24.451956 0.211485 0.032405 7.314707 -0.002288
43.631641 -5.228760 3.285709 1.060078 284.453461 -24.539074 0.207924 0.060683 7.279303 -0.005654
43.756657 -5.257343 3.268529 1.328137 285.364044 -24.624372 0.204352 0.102380 7.241057 -0.006748
43.882671 -5.295498 3.217571 1.551795 286.270721 -24.706909 0.200976 0.154469 7.209979 -0.007798
44.007687 -5.341118 3.126638 1.747543 287.166229 -24.787971 0.198809 0.207251 7.175570 -0.009368
44.133701 -5.402612 3.012509 1.876094 288.057281 -24.867203 0.196413 0.247866 7.142786 -0.010007
44.259716 -5.476341 2.880618 1.982258 288.951508 -24.946577 0.193572 0.269956 7.117549 -0.012180
44.385731 -5.571591 2.720860 2.039304 289.848785 -25.025133 0.191681 0.280906 7.080378 -0.013862
44.512745 -5.682655 2.554141 2.048891 290.736237 -25.102657 0.190591 0.295812 7.062560 -0.016386
44.636761 -5.809364 2.374001 2.024175 291.614624 -25.180008 0.190731 0.320602 7.048603 -0.018400
44.759777 -5.946723 2.191889 1.920812 292.477173 -25.255865 0.191831 0.342193 7.032117 -0.020220
44.885792 -6.106660 1.996686 1.759964 293.359009 -25.333656 0.193912 0.337888 7.019301 -0.023998
45.010807 -6.289797 1.819863 1.581356 294.232666 -25.409645 0.197469 0.290192 7.013308 -0.025727
45.135822 -6.481010 1.677635 1.331146 295.104431 -25.486385 0.203288 0.200371 6.995158 -0.027170
45.260838 -6.689371 1.571976 1.041886 295.974701 -25.562380 0.210104 0.084669 6.985800 -0.028427
45.386852 -6.900630 1.496172 0.794061 296.844208 -25.637432 0.217302 -0.036679 6.979514 -0.029067
45.512867 -7.123817 1.431912 0.524214 297.719513 -25.713186 0.223577 -0.148592 6.964895 -0.030769
45.626881 -7.330659 1.390209 0.259648 298.508789 -25.781921 0.227798 -0.232360 6.938363 -0.031793
45.751896 -7.566736 1.370141 -0.049566 299.378143 -25.859882 0.230325 -0.301810 6.919128 -0.031639
45.877911 -7.810090 1.357146 -0.393195 300.244171 -25.938839 0.229842 -0.347832 6.890584 -0.033079
46.004925 -8.066845 1.343692 -0.795139 301.106140 -26.019667 0.225810 -0.375467 6.858987 -0.034364
46.130939 -8.325169 1.332062 -1.194126 301.964447 -26.102173 0.218211 -0.389897 6.834971 -0.034286
46.256954 -8.593192 1.326399 -1.548661 302.819916 -26.187405 0.209515 -0.393946 6.811177 -0.036441
46.382969 -8.866628 1.302734 -1.864025 303.678619 -26.274084 0.200164 -0.388250 6.786247 -0.036230
46.508984 -9.126801 1.254065 -2.136355 304.526855 -26.360273 0.190377 -0.372345 6.756700 -0.034442
46.634998 -9.379923 1.187730 -2.412617 305.372070 -26.447533 0.181814 -0.343707 6.732922 -0.034705
46.761013 -9.626693 1.114859 -2.639316 306.213287 -26.536470 0.174186 -0.296674 6.698253 -0.032553
46.887028 -9.866085 1.034927 -2.813984 307.050385 -26.626909 0.167135 -0.225852 6.672140 -0.032571
47.002041 -10.076475 0.960317 -2.919127 307.805542 -26.709972 0.162608 -0.141953 6.654787 -0.032266
47.128056 -10.313267 0.862662 -3.073103 308.644043 -26.803984 0.160911 -0.035826 6.632583 -0.031583
47.255070 -10.547640 0.757291 -3.129501 309.473083 -26.898531 0.163578 0.067921 6.614614 -0.033089
47.378086 -10.779494 0.651507 -3.092474 310.285400 -26.993206 0.169545 0.156319 6.583939 -0.032733
47.503101 -11.007622 0.571970 -2.997455 311.100800 -27.091356 0.177805 0.226069 6.562085 -0.032009
47.629116 -11.231771 0.494693 -2.868091 311.919556 -27.192839 0.188269 0.277725 6.539091 -0.030918
47.755131 -11.434056 0.424355 -2.627749 312.729370 -27.293890 0.198420 0.314265 6.521604 -0.027971
47.880146 -11.625355 0.359249 -2.326378 313.543060 -27.398142 0.207186 0.340089 6.505012 -0.025832
48.006161 -11.803962 0.310005 -2.013746 314.347870 -27.503595 0.213255 0.355898 6.486475 -0.023410
48.132175 -11.972102 0.276045 -1.696195 315.163269 -27.613010 0.215618 0.359822 6.471932 -0.023510
48.257191 -12.140896 0.262666 -1.393960 315.963684 -27.723772 0.215861 0.349294 6.459383 -0.023336
48.383205 -12.311471 0.253684 -1.087246 316.769257 -27.836853 0.215557 0.324942 6.453611 -0.024112
48.508221 -12.477140 0.247698 -0.820751 317.567322 -27.952175 0.214974 0.290904 6.446776 -0.023433
48.634235 -12.648576 0.240736 -0.573828 318.369995 -28.069639 0.212753 0.249398 6.433873 -0.023251
48.758251 -12.817266 0.252750 -0.343358 319.158722 -28.187038 0.209105 0.200829 6.430572 -0.023761
48.881268 -12.978883 0.280777 -0.110705 319.940186 -28.307093 0.204777 0.144386 6.426001 -0.022637
49.007282 -13.140495 0.312572 0.123515 320.733612 -28.432020 0.200821 0.080552 6.423440 -0.023964
49.132298 -13.312542 0.341219 0.382567 321.532501 -28.559040 0.196941 0.013188 6.415996 -0.024022
49.257313 -13.493269 0.360915 0.612574 322.323975 -28.686928 0.193027 -0.056054 6.410677 -0.026574
49.383327 -13.677057 0.392281 0.811853 323.120850 -28.818008 0.189656 -0.129406 6.408256 -0.025410
49.508343 -13.856740 0.418133 0.950519 323.904022 -28.949175 0.186167 -0.200559 6.401996 -0.024653
49.635357 -14.041654 0.430385 1.000739 324.705292 -29.087915 0.182020 -0.260267 6.401756 -0.025762
49.760372 -14.225531 0.444432 1.034650 325.499634 -29.227360 0.177272 -0.295479 6.399024 -0.025366
49.886387 -14.400471 0.461388 1.003186 326.293213 -29.367685 0.175402 -0.306409 6.392536 -0.023337
50.013401 -14.568419 0.478803 0.904676 327.085266 -29.509474 0.176632 -0.300684 6.381488 -0.022974
50.127415 -14.725776 0.506800 0.760821 327.807007 -29.641190 0.179209 -0.285062 6.376493 -0.024433
50.262432 -14.912526 0.546758 0.538638 328.646759 -29.796026 0.184015 -0.252299 6.371450 -0.023398
50.377445 -15.056451 0.564390 0.337462 329.366943 -29.929844 0.187928 -0.210788 6.366943 -0.020757
50.503460 -15.200684 0.584146 0.139908 330.154175 -30.077988 0.192385 -0.159144 6.351106 -0.019159
50.629475 -15.340153 0.600082 -0.079812 330.945953 -30.228914 0.197154 -0.115773 6.340491 -0.018737
50.755489 -15.471318 0.604766 -0.298597 331.729523 -30.380079 0.201227 -0.092222 6.331582 -0.017272
50.880505 -15.600845 0.609454 -0.493864 332.505981 -30.531820 0.204061 -0.087297 6.326062 -0.018384
51.007519 -15.738117 0.609463 -0.704888 333.286621 -30.687458 0.204413 -0.092554 6.314636 -0.019706
51.133533 -15.876472 0.590870 -0.970329 334.065643 -30.845589 0.202966 -0.098499 6.304502 -0.018351
51.259548 -16.016800 0.583773 -1.173313 334.843262 -31.005852 0.200741 -0.096117 6.299358 -0.019308
51.384563 -16.161465 0.574211 -1.352945 335.613312 -31.167036 0.196708 -0.077292 6.291603 -0.020144
51.509579 -16.311077 0.560770 -1.576347 336.387695 -31.332399 0.189879 -0.036360 6.279839 -0.020220
51.636593 -16.462727 0.550983 -1.761289 337.166473 -31.500311 0.181312 0.024826 6.269107 -0.020069
51.762608 -16.608879 0.539629 -1.882768 337.931366 -31.666327 0.172783 0.095934 6.253068 -0.020645
51.887623 -16.756536 0.536997 -1.967161 338.699585 -31.836092 0.166360 0.168236 6.239214 -0.020137
52.002636 -16.890512 0.536735 -2.002661 339.392670 -31.992744 0.162871 0.227356 6.223657 -0.020879
52.127651 -17.032763 0.531611 -1.984352 340.155670 -32.168724 0.160330 0.278369 6.208781 -0.018401
52.253666 -17.170265 0.513150 -1.929358 340.909637 -32.345188 0.161522 0.306375 6.186221 -0.020326
52.379681 -17.326466 0.483584 -1.855966 341.666565 -32.525932 0.164799 0.307649 6.169892 -0.021653
52.505695 -17.487288 0.448701 -1.748159 342.420441 -32.709068 0.170675 0.287209 6.147459 -0.022741
52.630711 -17.661043 0.405943 -1.585366 343.170288 -32.894329 0.177412 0.257853 6.121258 -0.025251
52.755726 -17.843382 0.348960 -1.391907 343.911377 -33.079391 0.184768 0.230361 6.105104 -0.026809
52.881741 -18.036230 0.286530 -1.224699 344.650513 -33.267303 0.193499 0.205114 6.092102 -0.027126
53.006756 -18.223761 0.222122 -1.079641 345.392395 -33.460396 0.203240 0.175663 6.083297 -0.026042
53.132771 -18.412745 0.174190 -0.930139 346.127441 -33.653683 0.212559 0.137802 6.077085 -0.026358
53.256786 -18.609934 0.140236 -0.797558 346.860596 -33.849651 0.219826 0.092712 6.067426 -0.028936
53.380798 -18.830229 0.135135 -0.703387 347.585541 -34.046673 0.224623 0.044622 6.052950 -0.031627
53.507813 -19.057127 0.144822 -0.647970 348.320007 -34.249432 0.225757 -0.005733 6.041776 -0.032313
53.633827 -19.297581 0.159930 -0.609799 349.052155 -34.455982 0.224196 -0.057226 6.034441 -0.034217
53.757843 -19.546638 0.189561 -0.614385 349.776581 -34.664566 0.220700 -0.106699 6.026936 -0.035204
53.883858 -19.810221 0.218932 -0.675828 350.504944 -34.877697 0.215893 -0.151386 6.021157 -0.036860
54.010872 -20.085575 0.241822 -0.705828 351.232391 -35.092800 0.211228 -0.190591 6.018075 -0.039703
54.136887 -20.382097 0.234123 -0.723922 351.957611 -35.309639 0.205634 -0.227355 6.000030 -0.041995
54.262901 -20.699047 0.196155 -0.743633 352.680603 -35.528839 0.199964 -0.261533 5.993764 -0.045359
54.387917 -21.024696 0.138872 -0.673781 353.396545 -35.746613 0.194170 -0.284077 5.982734 -0.047539
54.512932 -21.377300 0.069951 -0.565399 354.116364 -35.968506 0.190590 -0.284049 5.975302 -0.049370
54.627945 -21.705166 0.004701 -0.486356 354.766327 -36.170235 0.188917 -0.263447 5.969395 -0.050451
54.752960 -22.078554 -0.061810 -0.458399 355.483307 -36.395283 0.187676 -0.230356 5.961281 -0.051999
54.887978 -22.487694 -0.123050 -0.506451 356.248962 -36.639236 0.188475 -0.202411 5.951096 -0.054801
55.011993 -22.888836 -0.166738 -0.525582 356.945190 -36.864052 0.192273 -0.190121 5.941407 -0.058278
55.138008 -23.317947 -0.201968 -0.545683 357.655884 -37.096931 0.198402 -0.179639 5.932191 -0.060308
55.264023 -23.768696 -0.226432 -0.549740 358.364441 -37.331917 0.204772 -0.152672 5.917809 -0.063491
55.378036 -24.200766 -0.253851 -0.598293 359.008209 -37.550194 0.210848 -0.103000 5.908186 -0.067157
55.504051 -24.690521 -0.267674 -0.680229 359.705048 -37.791050 0.215857 -0.022579 5.890829 -0.068639
55.631065 -25.196095 -0.268468 -0.763804 360.410583 -38.038662 0.219146 0.072626 5.884698 -0.069701
55.756081 -25.698017 -0.261097 -0.905261 361.108521 -38.287640 0.219418 0.157027 5.879833 -0.070398
55.882095 -26.208214 -0.252919 -1.043529 361.804596 -38.540096 0.216290 0.210213 5.875673 -0.070190
56.007111 -26.710768 -0.248436 -1.255706 362.493866 -38.794075 0.209754 0.226425 5.870219 -0.072040
56.132126 -27.233427 -0.253892 -1.493450 363.179810 -39.051403 0.202356 0.220760 5.855448 -0.073963
56.258141 -27.771648 -0.270386 -1.704737 363.868896 -39.313004 0.193876 0.217572 5.846126 -0.075691
56.383156 -28.308270 -0.281821 -1.853176 364.551178 -39.574810 0.184541 0.231907 5.844554 -0.075173
56.508171 -28.850939 -0.268444 -1.962082 365.225708 -39.837269 0.175070 0.258840 5.828298 -0.076157
56.633186 -29.401134 -0.236947 -2.095216 365.902405 -40.104317 0.166161 0.282717 5.813751 -0.077661
56.758202 -29.965437 -0.197462 -2.221869 366.580902 -40.375900 0.158359 0.290180 5.790741 -0.080136
56.883217 -30.540327 -0.149323 -2.303907 367.250092 -40.647022 0.150308 0.278352 5.763240 -0.080862
57.008232 -31.123472 -0.094608 -2.438931 367.911804 -40.923206 0.142651 0.249614 5.721067 -0.081917
57.133247 -31.712023 -0.036308 -2.593640 368.567261 -41.203194 0.135615 0.204725 5.688676 -0.082535
57.256264 -32.307762 0.029404 -2.773812 369.206665 -41.482018 0.130571 0.144629 5.656323 -0.086704
57.381279 -32.934364 0.107822 -3.012233 369.844940 -41.766621 0.128626 0.071062 5.621891 -0.089269
57.506294 -33.584824 0.170154 -3.268363 370.486755 -42.058968 0.126061 -0.009601 5.580384 -0.090049
57.628311 -34.219780 0.211387 -3.526683 371.102539 -42.344547 0.123504 -0.086735 5.550612 -0.091364
57.763325 -34.927742 0.236131 -3.802024 371.777985 -42.663528 0.121204 -0.167156 5.520058 -0.091612
57.888340 -35.582539 0.248028 -4.053926 372.397949 -42.962025 0.117428 -0.237438 5.492308 -0.091383
58.014355 -36.247700 0.246499 -4.269894 373.012848 -43.264584 0.113991 -0.304942 5.473979 -0.093239
58.128368 -36.869495 0.238703 -4.403358 373.574402 -43.545765 0.112310 -0.363690 5.453566 -0.094596
58.254383 -37.551723 0.245780 -4.472799 374.186218 -43.856323 0.109865 -0.418203 5.438419 -0.094443
58.380398 -38.236744 0.267464 -4.532897 374.793243 -44.170918 0.107680 -0.449663 5.417481 -0.095824
58.506413 -38.931160 0.302134 -4.601460 375.394806 -44.488705 0.104970 -0.443940 5.387066 -0.095515
58.632427 -39.612423 0.353789 -4.682711 375.985931 -44.807686 0.101610 -0.397685 5.363677 -0.094746
58.757442 -40.304050 0.429510 -4.769132 376.576172 -45.133461 0.097978 -0.321703 5.344305 -0.096791
58.882458 -40.994839 0.511185 -4.878117 377.152252 -45.457489 0.094847 -0.236287 5.321708 -0.097409
59.007473 -41.709465 0.594217 -5.042820 377.732025 -45.790905 0.093463 -0.148947 5.300664 -0.099392
59.132488 -42.432392 0.680259 -5.236929 378.302338 -46.124329 0.093221 -0.059031 5.274154 -0.101320
59.258503 -43.156170 0.768626 -5.409377 378.867096 -46.460655 0.092790 0.039167 5.252843 -0.099806
59.383518 -43.874992 0.884181 -5.510253 379.432617 -46.801975 0.092150 0.141538 5.234781 -0.099079
59.507534 -44.569221 1.002681 -5.568385 379.983887 -47.141994 0.092039 0.230949 5.214174 -0.095904
59.630550 -45.232731 1.149935 -5.594126 380.526733 -47.482880 0.093000 0.298442 5.207459 -0.092010
59.754566 -45.886299 1.306055 -5.598423 381.065582 -47.827225 0.095978 0.343933 5.194888 -0.092363
59.888584 -46.592918 1.491094 -5.596636 381.652344 -48.209770 0.100049 0.372737 5.186578 -0.090596
60.013599 -47.224144 1.672874 -5.585382 382.189117 -48.564007 0.106823 0.378636 5.184181 -0.088513
