1.20 1.10 20 64
0.127000 0.003927 0.154555 -0.124152 0.908160 -0.001137 -0.137227 0.371069 6.800787 0.001073
0.255000 0.001383 0.670020 -0.321374 1.763888 -0.004239 -0.072312 0.442297 6.766340 -0.002880
0.389000 -0.014112 1.522957 -0.412711 2.657652 -0.007890 0.048512 0.504363 6.681194 -0.001972
0.505000 -0.019163 2.466986 -0.479235 3.433758 -0.011339 0.180655 0.551624 6.601197 -0.000665
0.639000 -0.026423 3.661586 -0.549314 4.305548 -0.016620 0.339005 0.591457 6.518308 0.000174
0.756000 -0.022375 4.750316 -0.604329 5.064777 -0.022759 0.468173 0.607373 6.476522 0.002174
0.889000 0.005443 5.978981 -0.649769 5.925400 -0.030771 0.589274 0.596248 6.466779 0.004799
1.006000 0.041886 7.036481 -0.661595 6.674304 -0.038692 0.664109 0.561850 6.327587 0.006465
1.139000 0.106565 8.214889 -0.649309 7.510899 -0.046856 0.709736 0.498013 6.178907 0.008628
1.256000 0.166359 9.161670 -0.668039 8.219887 -0.054002 0.713730 0.422423 6.068278 0.009513
1.390000 0.237600 10.135300 -0.672116 9.025443 -0.062905 0.680328 0.310885 5.971020 0.008857
1.506000 0.307707 10.859964 -0.636685 9.718482 -0.070628 0.622892 0.193595 5.882019 0.009244
1.639999 0.387077 11.475349 -0.573543 10.495005 -0.082790 0.534926 0.043136 5.807023 0.009005
1.755999 0.462867 11.803868 -0.505679 11.169208 -0.095240 0.442955 -0.095404 5.738187 0.009741
1.889999 0.552911 11.911337 -0.484973 11.927242 -0.111914 0.333278 -0.249495 5.673713 0.010915
2.006999 0.631486 11.760161 -0.434501 12.587628 -0.128355 0.243643 -0.371569 5.626863 0.011370
2.139999 0.720625 11.346937 -0.405436 13.332108 -0.148215 0.158837 -0.479975 5.584522 0.011120
2.256999 0.796895 10.788905 -0.412010 13.983175 -0.166277 0.107534 -0.542384 5.558386 0.010938
2.389999 0.875015 9.978765 -0.353225 14.719925 -0.187844 0.081476 -0.582125 5.531785 0.008431
2.506999 0.944660 9.151189 -0.255118 15.365904 -0.206300 0.091391 -0.598482 5.515301 0.008394
2.639998 1.034060 8.102713 -0.202239 16.109234 -0.229270 0.135099 -0.597364 5.621035 0.013058
2.756998 1.132945 7.102859 -0.207855 16.777849 -0.251439 0.196440 -0.568132 5.785768 0.015184
2.890998 1.250887 5.944878 -0.244320 17.558807 -0.280100 0.281239 -0.489371 5.946412 0.016293
3.006998 1.355745 4.951361 -0.293274 18.263285 -0.305827 0.361092 -0.384237 6.086241 0.015715
3.140998 1.479538 3.892280 -0.279661 19.083061 -0.333776 0.449232 -0.251103 6.231534 0.016048
3.257998 1.592808 3.080053 -0.163289 19.821312 -0.356025 0.519528 -0.147248 6.373168 0.015671
3.390998 1.713598 2.319600 0.051682 20.680168 -0.379611 0.586025 -0.061770 6.530251 0.014508
3.507998 1.812818 1.804947 0.258593 21.453936 -0.400025 0.626160 -0.014344 6.675928 0.013098
3.640997 1.928990 1.408612 0.580464 22.360323 -0.421946 0.647011 0.018815 6.831894 0.015750
3.757997 2.040190 1.277125 0.940212 23.161690 -0.439854 0.643205 0.041557 6.967593 0.014976
3.890997 2.165425 1.347634 1.393074 24.104240 -0.460428 0.614634 0.081142 7.085429 0.013949
4.007997 2.252553 1.609171 1.769632 24.932011 -0.477847 0.570383 0.140142 7.175700 0.010733
4.141998 2.355655 2.130069 2.202997 25.899645 -0.495162 0.503043 0.239543 7.253342 0.011576
4.257998 2.443353 2.759171 2.566728 26.750652 -0.509322 0.435506 0.340011 7.284744 0.010690
4.391999 2.543960 3.620733 2.895398 27.719524 -0.525725 0.354298 0.443934 7.285332 0.012297
4.507999 2.632275 4.474458 3.096302 28.571928 -0.541026 0.286044 0.509400 7.279267 0.011843
4.642000 2.748168 5.474883 3.336115 29.537273 -0.558107 0.218255 0.546263 7.242615 0.012216
4.759000 2.832303 6.340012 3.500542 30.381193 -0.573148 0.171852 0.546801 7.187961 0.008630
4.892001 2.916176 7.247468 3.654557 31.332449 -0.589647 0.136569 0.510702 7.129847 0.006948
5.009001 2.974663 7.925866 3.740079 32.164181 -0.605803 0.122500 0.445820 7.083043 0.007015
5.126002 3.039903 8.493491 3.854887 32.989475 -0.620690 0.122231 0.356563 7.032328 0.007938
5.259002 3.108987 8.973925 3.923316 33.919258 -0.636543 0.138273 0.241808 6.962040 0.007709
5.376003 3.161914 9.218880 3.967138 34.730633 -0.650239 0.161794 0.150886 6.915091 0.006763
5.509003 3.208752 9.298831 3.941888 35.654285 -0.666794 0.192298 0.070550 6.882825 0.007266
5.626004 3.242939 9.210443 3.882925 36.451576 -0.680269 0.219148 0.017812 6.870071 0.004200
5.760005 3.266674 8.937363 3.840169 37.372238 -0.694593 0.247290 -0.043162 6.877882 0.003507
5.876005 3.287599 8.543867 3.769207 38.177345 -0.704378 0.268054 -0.108284 6.886697 0.005264
6.010005 3.315749 7.964065 3.640708 39.095181 -0.714710 0.282964 -0.198260 6.916611 0.007962
6.126006 3.350222 7.354438 3.521814 39.907444 -0.724014 0.286998 -0.285443 6.959159 0.007562
6.260006 3.396990 6.589012 3.404167 40.837334 -0.731874 0.279106 -0.380694 7.014412 0.008296
6.377007 3.449803 5.880695 3.320772 41.660900 -0.736625 0.263637 -0.451421 7.056765 0.009809
6.510007 3.522838 5.064428 3.217017 42.603661 -0.741896 0.238329 -0.503427 7.113523 0.010549
6.628008 3.586020 4.359284 3.052206 43.446751 -0.745543 0.212717 -0.518784 7.165087 0.012621
6.761009 3.667306 3.626305 2.853339 44.411224 -0.748343 0.184198 -0.497778 7.221874 0.011946
6.878009 3.743172 3.084581 2.722592 45.259243 -0.748166 0.163127 -0.449963 7.264732 0.013257
7.012010 3.843971 2.590631 2.573173 46.228832 -0.747712 0.144464 -0.371472 7.308214 0.014760
7.128010 3.946032 2.276217 2.454731 47.078415 -0.748165 0.136378 -0.289432 7.330254 0.016388
7.262011 4.054010 2.096668 2.271317 48.061390 -0.746894 0.136943 -0.191233 7.336717 0.015127
7.378011 4.144654 2.107075 2.096878 48.918911 -0.744557 0.146576 -0.111622 7.321020 0.014357
7.512012 4.249873 2.286373 1.932896 49.890057 -0.739810 0.164644 -0.032697 7.289060 0.015563
7.629012 4.346991 2.557876 1.891741 50.739967 -0.733577 0.182900 0.030086 7.248598 0.014542
7.762012 4.440509 2.972652 1.889890 51.699539 -0.723154 0.204312 0.098605 7.193856 0.011137
7.879013 4.519401 3.400699 1.906411 52.537834 -0.713265 0.221256 0.160554 7.144569 0.011971
8.012013 4.594458 3.928349 1.957740 53.489750 -0.701440 0.233505 0.229499 7.082407 0.007879
8.129014 4.652226 4.393487 2.018822 54.308548 -0.689547 0.237127 0.285007 7.038856 0.007134
8.262014 4.718936 4.895531 2.105839 55.247524 -0.674747 0.233508 0.342752 6.985082 0.008353
8.379015 4.786301 5.258116 2.234673 56.061119 -0.661343 0.223115 0.388451 6.935094 0.009418
8.512015 4.895845 5.547352 2.363528 56.980274 -0.645303 0.204756 0.429608 6.896593 0.014084
8.629016 4.995160 5.680508 2.502401 57.783955 -0.629811 0.183886 0.450904 6.851494 0.013635
8.763017 5.130082 5.693748 2.670887 58.692013 -0.609648 0.155504 0.451219 6.810707 0.016543
8.880017 5.261037 5.566785 2.774199 59.486404 -0.591977 0.129524 0.426115 6.773888 0.019208
9.013018 5.429034 5.286080 2.875108 60.384945 -0.572087 0.100026 0.367391 6.752009 0.021266
9.130018 5.584966 4.937159 2.962262 61.173992 -0.554105 0.078159 0.288982 6.738273 0.022352
9.263019 5.782057 4.452829 3.058923 62.069523 -0.533804 0.062956 0.176564 6.732685 0.025278
9.380019 5.963206 3.970862 3.031739 62.856647 -0.514863 0.059455 0.068870 6.722482 0.028212
9.513020 6.177572 3.371906 2.980385 63.756142 -0.490658 0.066015 -0.047561 6.714855 0.027351
9.630020 6.362528 2.829314 2.925840 64.542038 -0.468002 0.080401 -0.134943 6.721263 0.028499
9.764021 6.571979 2.223540 2.908266 65.435226 -0.439649 0.107094 -0.215902 6.716868 0.026906
9.880021 6.748986 1.729239 2.852235 66.221069 -0.413623 0.139100 -0.274344 6.722355 0.026937
10.014022 6.947958 1.234314 2.863642 67.114952 -0.380455 0.180780 -0.325542 6.729925 0.025218
10.131022 7.126518 0.875109 2.923775 67.902298 -0.348980 0.217747 -0.355690 6.739833 0.026625
10.264023 7.324745 0.607734 2.938920 68.797783 -0.312069 0.258005 -0.371183 6.735709 0.026272
10.381023 7.490571 0.483685 2.897935 69.585564 -0.279130 0.289674 -0.375225 6.740028 0.024451
10.514024 7.680207 0.473977 2.792529 70.480415 -0.239414 0.317809 -0.375658 6.732239 0.024588
10.631024 7.849134 0.564908 2.654086 71.267143 -0.203251 0.332241 -0.378284 6.732603 0.026154
10.764025 8.057202 0.769831 2.483805 72.166267 -0.161208 0.336871 -0.378646 6.708642 0.028067
10.881025 8.242386 1.020274 2.295915 72.941795 -0.124393 0.330641 -0.364650 6.681179 0.028584
11.015026 8.443135 1.351835 2.051465 73.832031 -0.081058 0.314896 -0.314501 6.634414 0.026172
11.131026 8.604683 1.648676 1.831604 74.604454 -0.041149 0.294397 -0.230637 6.595878 0.024265
11.265027 8.780745 1.964132 1.572026 75.477188 0.005489 0.266106 -0.097027 6.552000 0.023597
11.382028 8.930624 2.192993 1.377898 76.239876 0.048538 0.240588 0.034326 6.518753 0.023055
11.515028 9.093811 2.397742 1.182695 77.101883 0.098266 0.212824 0.167502 6.478923 0.022335
11.632029 9.240256 2.477123 1.115802 77.855766 0.143060 0.189744 0.252626 6.438132 0.022696
11.765029 9.413653 2.478884 1.100980 78.708679 0.195478 0.171675 0.312415 6.413001 0.023619
11.882030 9.569758 2.393654 1.135272 79.456406 0.242922 0.164732 0.348057 6.394985 0.022651
12.015030 9.744716 2.189696 1.203049 80.310272 0.300224 0.168236 0.386824 6.383303 0.022558
12.132030 9.880757 1.947184 1.311081 81.048813 0.350273 0.181959 0.419779 6.381189 0.019042
12.266031 10.009666 1.583543 1.436696 81.901520 0.407150 0.206556 0.440538 6.376365 0.015790
12.382031 10.108060 1.218342 1.572556 82.646187 0.458181 0.233915 0.429548 6.378800 0.013094
12.516032 10.195581 0.779404 1.805197 83.492935 0.518159 0.268916 0.374933 6.388638 0.009569
12.632032 10.254666 0.407897 1.958502 84.238937 0.571581 0.301230 0.296655 6.397372 0.008030
12.766033 10.320371 -0.015845 2.099720 85.088539 0.634723 0.338126 0.190417 6.413555 0.008284
12.883034 10.371582 -0.368258 2.237760 85.837776 0.691820 0.365764 0.095071 6.424875 0.007060
13.016034 10.417414 -0.726686 2.419730 86.697800 0.759612 0.392781 0.000474 6.445671 0.004055
13.133035 10.435812 -0.979034 2.613907 87.444565 0.819928 0.410106 -0.060494 6.465744 0.002408
13.266035 10.452632 -1.208314 2.871322 88.308655 0.891088 0.423382 -0.101830 6.475825 0.002537
13.383036 10.462687 -1.333282 3.115182 89.057518 0.954167 0.428166 -0.118929 6.480764 0.001328
13.517036 10.454424 -1.410197 3.411958 89.923195 1.030342 0.425920 -0.129535 6.486916 -0.000492
13.633037 10.436881 -1.409294 3.563081 90.680206 1.095645 0.419278 -0.140785 6.500125 -0.002788
13.767037 10.405343 -1.336484 3.732148 91.541069 1.169788 0.409054 -0.154162 6.495717 -0.003927
13.883038 10.365892 -1.207719 3.865086 92.297852 1.236787 0.398903 -0.158678 6.491788 -0.005433
14.017038 10.318002 -0.998584 3.910291 93.157700 1.314804 0.385287 -0.151046 6.487058 -0.008012
14.134039 10.270436 -0.773171 3.848153 93.912994 1.385023 0.373283 -0.141977 6.479772 -0.007444
14.251040 10.205692 -0.546768 3.700120 94.667648 1.456391 0.362981 -0.142604 6.475613 -0.010823
14.384040 10.121587 -0.290937 3.553495 95.523834 1.538980 0.354297 -0.165186 6.463944 -0.012310
14.501040 10.041142 -0.080084 3.365477 96.275795 1.613823 0.350233 -0.195664 6.457264 -0.011897
14.634041 9.945821 0.122995 3.100291 97.128899 1.702237 0.347615 -0.227885 6.443071 -0.013297
14.751041 9.848592 0.250709 2.861893 97.877739 1.783261 0.346822 -0.245141 6.435773 -0.015309
14.884042 9.718345 0.337428 2.580142 98.735092 1.877048 0.349783 -0.256797 6.436608 -0.017499
15.001042 9.595623 0.343622 2.250325 99.478104 1.959148 0.354958 -0.261439 6.450240 -0.019253
15.134043 9.446246 0.280223 1.786285 100.339226 2.055050 0.363122 -0.251222 6.474672 -0.020095
15.251043 9.291924 0.168549 1.368953 101.087723 2.139524 0.372847 -0.213579 6.504907 -0.024144
15.385044 9.095949 -0.006990 0.881272 101.955315 2.237531 0.387707 -0.131866 6.526537 -0.025530
15.501044 8.926609 -0.178245 0.473643 102.716202 2.324884 0.401761 -0.041496 6.559120 -0.024768
15.635045 8.739811 -0.396807 0.054017 103.586243 2.425215 0.418692 0.051324 6.602882 -0.023784
15.751045 8.587132 -0.616624 -0.253760 104.355934 2.514248 0.434190 0.109824 6.635836 -0.021663
15.885046 8.413592 -0.853074 -0.570467 105.235580 2.614416 0.450329 0.150249 6.670026 -0.024015
16.002047 8.251110 -1.029909 -0.808856 106.013695 2.702485 0.460821 0.173727 6.702482 -0.024896
16.135050 8.052429 -1.192478 -1.048944 106.901955 2.805342 0.468005 0.197420 6.734358 -0.027433
16.252052 7.867235 -1.267983 -1.221136 107.685890 2.896901 0.471698 0.220357 6.755473 -0.027974
16.386055 7.661134 -1.303806 -1.318311 108.586494 3.000866 0.473595 0.249253 6.771950 -0.026141
16.502058 7.480354 -1.281863 -1.357923 109.367691 3.090925 0.473337 0.274711 6.783993 -0.027949
16.635061 7.252073 -1.185665 -1.345499 110.273117 3.196292 0.471672 0.300313 6.811918 -0.029975
16.752064 7.045281 -1.074834 -1.308712 111.058807 3.286958 0.468857 0.312310 6.823196 -0.031549
16.885067 6.811044 -0.905245 -1.242377 111.967514 3.391876 0.464808 0.306950 6.829594 -0.029157
17.002068 6.614698 -0.701526 -1.205684 112.762299 3.483231 0.461931 0.282524 6.840454 -0.030200
17.136070 6.396717 -0.416469 -1.118064 113.667290 3.586858 0.462561 0.234025 6.855737 -0.027901
17.252073 6.211803 -0.147789 -0.972609 114.465073 3.677071 0.465649 0.174697 6.868385 -0.027266
17.386076 6.011652 0.161909 -0.782772 115.373596 3.776146 0.469020 0.097543 6.871898 -0.025475
17.503078 5.850052 0.436194 -0.632510 116.173424 3.860028 0.473449 0.029763 6.878079 -0.023176
17.636082 5.689641 0.759855 -0.459553 117.084656 3.953914 0.477910 -0.036556 6.891428 -0.020192
17.753084 5.556436 1.013911 -0.222390 117.887207 4.035190 0.481095 -0.080215 6.899555 -0.020591
17.886087 5.405746 1.234718 0.099202 118.809189 4.126928 0.483340 -0.115443 6.929941 -0.020357
18.003090 5.288100 1.385915 0.319296 119.610733 4.205036 0.485681 -0.140731 6.954055 -0.017699
18.136093 5.150363 1.514265 0.606293 120.541260 4.296754 0.484572 -0.171038 6.996064 -0.018850
18.253096 5.023656 1.565320 0.869638 121.350525 4.376631 0.481511 -0.202636 7.020983 -0.020546
18.387098 4.870412 1.574412 1.174750 122.290482 4.467527 0.476993 -0.243803 7.062341 -0.020018
18.503101 4.748913 1.550216 1.346909 123.115349 4.545936 0.473245 -0.278210 7.092166 -0.017848
18.637104 4.625412 1.480022 1.503549 124.057663 4.633757 0.467738 -0.303779 7.129503 -0.016588
18.754107 4.508012 1.395935 1.599079 124.890953 4.709353 0.462251 -0.302513 7.164215 -0.017799
18.887110 4.392158 1.278580 1.668413 125.842728 4.794174 0.457165 -0.262849 7.201375 -0.014958
19.004112 4.296689 1.156692 1.702947 126.683876 4.867336 0.454673 -0.193936 7.228455 -0.013858
19.137115 4.191029 0.982164 1.739808 127.644859 4.950164 0.452078 -0.090876 7.275214 -0.013810
19.254116 4.109810 0.835530 1.729305 128.509689 5.023043 0.451206 0.008338 7.308138 -0.011200
19.387119 4.015587 0.686158 1.594202 129.472885 5.102318 0.452575 0.107008 7.335166 -0.012085
19.504122 3.937073 0.575572 1.398972 130.323395 5.172162 0.454525 0.172886 7.369969 -0.011935
19.638124 3.849322 0.466967 1.220032 131.310699 5.253708 0.458935 0.222155 7.410614 -0.010370
19.754128 3.777415 0.429544 1.060503 132.177475 5.324722 0.464171 0.241768 7.445978 -0.010420
19.888130 3.702764 0.447016 0.855768 133.167389 5.406398 0.470408 0.236542 7.477269 -0.009649
20.005133 3.627950 0.515203 0.627064 134.040405 5.477914 0.475262 0.205251 7.491812 -0.010874
20.138136 3.536883 0.665022 0.323290 135.034912 5.559341 0.477759 0.135978 7.511215 -0.011648
20.255138 3.466919 0.854065 0.062922 135.912292 5.629827 0.476802 0.047107 7.533304 -0.008498
20.388142 3.405568 1.144496 -0.200376 136.919968 5.710108 0.470715 -0.073583 7.550354 -0.006372
20.505144 3.361271 1.472824 -0.372070 137.793015 5.779919 0.464054 -0.175001 7.545564 -0.006031
20.639147 3.318738 1.907779 -0.660485 138.801575 5.859222 0.456212 -0.258325 7.554716 -0.002831
20.755150 3.287838 2.319932 -0.892549 139.674469 5.927042 0.447078 -0.283149 7.543220 -0.003074
20.889153 3.253410 2.811975 -1.140422 140.682327 6.005004 0.435242 -0.254682 7.541351 -0.002645
21.005156 3.218720 3.211824 -1.368254 141.560806 6.073748 0.423938 -0.196900 7.526229 -0.002901
21.139158 3.182853 3.626495 -1.596463 142.556656 6.152245 0.409199 -0.121042 7.494817 -0.002686
21.255161 3.153625 3.944851 -1.751547 143.430923 6.219188 0.396093 -0.064076 7.490839 -0.003033
21.389164 3.117371 4.252260 -1.887453 144.424515 6.293474 0.378537 -0.017101 7.489800 -0.004270
21.506166 3.080720 4.455831 -1.943516 145.297440 6.358222 0.363612 0.011869 7.477108 -0.005705
21.640169 3.023833 4.617804 -2.024594 146.288757 6.431722 0.348253 0.038501 7.476366 -0.007608
21.756172 2.975284 4.688693 -2.122913 147.161514 6.495523 0.336013 0.065346 7.481003 -0.004668
21.889175 2.945582 4.712678 -2.226057 148.161865 6.568145 0.324821 0.107358 7.487162 -0.001789
22.006178 2.918251 4.672332 -2.271060 149.029816 6.631098 0.320229 0.155244 7.507996 -0.003629
22.140181 2.884625 4.577855 -2.311159 150.034225 6.703678 0.318333 0.214992 7.527144 -0.004007
22.256184 2.847956 4.426886 -2.388197 150.912796 6.765104 0.317865 0.253694 7.532907 -0.004380
22.390184 2.817058 4.203858 -2.374190 151.914215 6.836205 0.318413 0.265825 7.559063 -0.003353
22.507187 2.804189 3.988969 -2.279771 152.796692 6.898830 0.319791 0.245856 7.568365 -0.003326
22.640190 2.796152 3.740224 -2.074208 153.801193 6.969769 0.322471 0.206624 7.576824 -0.002454
22.757193 2.783933 3.513870 -1.867880 154.694595 7.031170 0.323410 0.181300 7.603043 -0.004170
22.890196 2.768283 3.276708 -1.612762 155.697510 7.098938 0.322121 0.184640 7.617547 -0.003194
23.007198 2.763597 3.081849 -1.342611 156.587814 7.158774 0.319484 0.214096 7.635376 -0.002171
23.141201 2.774558 2.894043 -0.995893 157.610153 7.227305 0.313079 0.251562 7.654731 -0.000416
23.257204 2.789064 2.765770 -0.742844 158.496078 7.285779 0.302652 0.256430 7.653454 0.001281
23.390207 2.820309 2.688529 -0.410197 159.519943 7.350991 0.286320 0.205936 7.658216 0.002600
23.507210 2.846167 2.670850 -0.112527 160.413132 7.405902 0.271157 0.114141 7.642133 0.001466
23.641212 2.880180 2.699363 0.194040 161.426315 7.467819 0.255874 -0.018311 7.622283 0.002996
23.757215 2.912349 2.776982 0.427371 162.314651 7.521728 0.242454 -0.136316 7.596127 0.002224
23.891218 2.934861 2.907980 0.650924 163.321655 7.582530 0.227096 -0.252654 7.577532 0.001716
24.008221 2.958506 3.066889 0.810152 164.204330 7.635291 0.216094 -0.335266 7.542394 0.002635
24.126223 2.982628 3.246913 0.926715 165.091202 7.687731 0.205084 -0.399655 7.522711 0.001416
24.259226 2.992402 3.459847 0.969989 166.087204 7.745852 0.193198 -0.449911 7.485603 0.000674
24.376228 2.999166 3.658163 0.997424 166.959427 7.795804 0.183826 -0.471266 7.455249 0.001549
24.509232 3.006112 3.877427 1.031544 167.945877 7.853179 0.174902 -0.467811 7.406658 0.000026
24.626234 3.003400 4.082604 1.091794 168.806763 7.904976 0.167200 -0.444836 7.349399 -0.001005
24.759237 2.992707 4.288224 1.082073 169.787628 7.963556 0.159530 -0.400663 7.323096 -0.001001
24.876240 2.984395 4.434829 1.023728 170.633087 8.014228 0.154420 -0.354207 7.286227 -0.000209
25.009243 2.965436 4.555288 0.919123 171.604568 8.072767 0.148429 -0.286784 7.241458 -0.004201
25.126245 2.928222 4.594384 0.884809 172.440140 8.124547 0.143600 -0.210707 7.194124 -0.005323
25.260248 2.882868 4.590334 0.839276 173.407150 8.186232 0.138508 -0.092927 7.162572 -0.005239
25.376251 2.842973 4.538445 0.790667 174.234100 8.237722 0.135570 0.022977 7.127849 -0.005081
25.510254 2.802294 4.396016 0.737464 175.177994 8.296403 0.132199 0.148372 7.101313 -0.005098
25.626257 2.775977 4.222251 0.744609 176.004715 8.348628 0.128751 0.233850 7.068777 -0.003897
25.760260 2.741767 4.009093 0.674268 176.941116 8.406123 0.124821 0.298376 7.042967 -0.004618
25.877262 2.724020 3.786925 0.634221 177.762604 8.456845 0.120341 0.337709 7.022582 -0.002203
26.010265 2.683169 3.531597 0.576565 178.700058 8.515362 0.114173 0.375370 7.003247 -0.006042
26.127268 2.630586 3.311557 0.459715 179.509750 8.565123 0.109203 0.402870 6.983784 -0.006202
26.260271 2.573325 3.052347 0.305288 180.442368 8.623267 0.104621 0.417299 6.965809 -0.005695
26.377274 2.530718 2.839266 0.218953 181.248215 8.674149 0.100344 0.407572 6.957387 -0.005574
26.511276 2.479550 2.620098 0.126543 182.177109 8.734390 0.096229 0.373934 6.936850 -0.008056
26.627279 2.415516 2.444107 0.023553 182.984711 8.786440 0.094058 0.338360 6.901135 -0.008500
26.761282 2.351086 2.265313 -0.118089 183.898453 8.842530 0.093064 0.304502 6.867113 -0.007296
26.878284 2.305393 2.140692 -0.254298 184.698120 8.891144 0.095017 0.280805 6.834036 -0.004761
27.011288 2.262218 2.037497 -0.418204 185.608612 8.946082 0.101523 0.248841 6.789545 -0.004936
27.128290 2.218926 1.985070 -0.543147 186.398865 8.993073 0.108708 0.202283 6.749617 -0.006198
27.261293 2.163738 1.959318 -0.701484 187.291702 9.045238 0.116160 0.121680 6.708285 -0.006826
27.378296 2.118567 1.965390 -0.837961 188.066528 9.089447 0.120899 0.030233 6.675867 -0.004925
27.511299 2.078519 1.981545 -1.005679 188.956558 9.138663 0.124812 -0.083753 6.637415 -0.003677
27.628302 2.046783 1.962802 -1.156612 189.722458 9.178841 0.127430 -0.179807 6.596151 -0.002862
27.761305 2.014604 1.950773 -1.311133 190.602539 9.224676 0.127792 -0.276978 6.561933 -0.004284
27.878307 1.976995 1.964747 -1.463482 191.361099 9.261641 0.126131 -0.345095 6.539825 -0.005981
28.012310 1.914509 1.971143 -1.711942 192.233780 9.302405 0.120737 -0.401170 6.504106 -0.007035
28.128313 1.864257 1.975794 -1.879322 192.992172 9.338420 0.115209 -0.433000 6.479728 -0.006662
28.262316 1.801983 1.962760 -2.051962 193.851120 9.376948 0.109198 -0.455575 6.452004 -0.008463
28.379318 1.759938 1.937508 -2.166833 194.604324 9.409772 0.104278 -0.468298 6.442282 -0.004617
28.512321 1.720187 1.890431 -2.259589 195.458160 9.446211 0.099093 -0.468727 6.415748 -0.005493
28.629324 1.680082 1.838169 -2.273441 196.207275 9.479069 0.094365 -0.445811 6.401168 -0.006904
28.762327 1.624807 1.770095 -2.246085 197.062851 9.515660 0.091094 -0.378314 6.383624 -0.007264
28.879328 1.575355 1.681513 -2.164260 197.808319 9.547336 0.089067 -0.285674 6.374979 -0.007781
29.001329 1.531221 1.581328 -2.033207 198.514511 9.577350 0.088423 -0.181815 6.362567 -0.008173
29.129332 1.495603 1.479401 -1.818890 199.397598 9.613680 0.088923 -0.050597 6.355767 -0.003539
29.263334 1.483480 1.390262 -1.576950 200.243073 9.649878 0.091684 0.059490 6.367021 -0.001971
29.379337 1.472716 1.318620 -1.335027 200.987152 9.681470 0.096037 0.142697 6.364572 -0.002960
29.513340 1.455508 1.254887 -0.992871 201.833298 9.716271 0.101089 0.224016 6.365494 -0.003116
29.630342 1.439504 1.217833 -0.704153 202.577194 9.745381 0.105366 0.283247 6.360388 -0.003671
29.764345 1.401386 1.199052 -0.369487 203.428101 9.777617 0.109273 0.331061 6.348414 -0.007871
29.880348 1.352947 1.172643 -0.057392 204.163025 9.805264 0.110623 0.352697 6.336181 -0.006945
30.013351 1.317870 1.153924 0.284102 205.009537 9.836910 0.110808 0.354870 6.309934 -0.005040
30.130354 1.294656 1.141101 0.515072 205.739975 9.861270 0.110186 0.343055 6.298494 -0.003661
30.263357 1.279100 1.130449 0.766897 206.581985 9.888628 0.107735 0.322138 6.275745 -0.001673
30.380360 1.270123 1.098152 1.022901 207.309174 9.912858 0.104549 0.302084 6.265431 -0.002998
30.514360 1.265045 1.034129 1.298215 208.147598 9.942254 0.100254 0.278185 6.258467 -0.000355
30.630363 1.258136 0.962368 1.485265 208.878418 9.968587 0.093679 0.256132 6.248453 -0.001966
30.764366 1.241483 0.874320 1.630055 209.708282 9.998074 0.084816 0.226772 6.237251 -0.002971
30.880369 1.221670 0.778143 1.710421 210.437119 10.023377 0.075499 0.196581 6.231494 -0.003185
31.014372 1.204126 0.675070 1.739709 211.265182 10.050069 0.066531 0.158979 6.227145 -0.002158
31.131374 1.182439 0.592546 1.757691 211.993088 10.072813 0.061527 0.122830 6.223990 -0.003879
31.264378 1.142652 0.530352 1.749746 212.819382 10.099970 0.059522 0.077334 6.214283 -0.006186
31.381380 1.109792 0.500078 1.710688 213.544846 10.123213 0.061697 0.031668 6.195875 -0.003717
31.515383 1.093343 0.493223 1.689576 214.373627 10.150265 0.068482 -0.026308 6.186355 -0.002274
31.632385 1.085477 0.501894 1.654680 215.096527 10.172914 0.076799 -0.080621 6.176420 -0.000504
31.765388 1.092134 0.528700 1.556686 215.917603 10.197260 0.088905 -0.144205 6.176627 0.002816
31.882391 1.122673 0.558191 1.450669 216.633667 10.218222 0.098726 -0.200909 6.170370 0.004721
32.015392 1.140924 0.616745 1.303025 217.459244 10.242297 0.109396 -0.267305 6.160125 0.001247
32.131382 1.150442 0.680435 1.118937 218.179459 10.263025 0.116249 -0.324469 6.157628 0.002481
32.265369 1.166663 0.780797 0.931158 218.997833 10.285899 0.121255 -0.386811 6.154265 0.001909
32.382359 1.176139 0.869327 0.782949 219.717377 10.306766 0.122652 -0.437501 6.154741 0.000834
32.515347 1.184175 0.960115 0.575658 220.535690 10.330111 0.121071 -0.485193 6.156881 0.001749
32.632336 1.195288 1.034338 0.385589 221.255753 10.349955 0.116913 -0.508735 6.156537 0.002845
32.765324 1.214681 1.114233 0.251761 222.073547 10.374077 0.111045 -0.496212 6.149365 0.003122
32.882313 1.239099 1.161045 0.137485 222.792938 10.394618 0.104656 -0.440480 6.152335 0.003885
33.016304 1.270122 1.200800 -0.047960 223.616837 10.418250 0.094311 -0.328017 6.152753 0.005105
33.132294 1.309378 1.205963 -0.194246 224.336166 10.439462 0.085131 -0.201358 6.149080 0.007196
33.266281 1.353011 1.190759 -0.329785 225.153854 10.463680 0.075602 -0.047563 6.150282 0.005565
33.383270 1.381412 1.163486 -0.399842 225.872253 10.485441 0.067442 0.080653 6.139857 0.003741
33.516258 1.408850 1.131724 -0.419900 226.689224 10.509664 0.061116 0.206165 6.148626 0.003652
33.633247 1.444380 1.115564 -0.375226 227.408112 10.530333 0.058412 0.292757 6.146719 0.006978
33.766235 1.495969 1.116501 -0.262256 228.225784 10.554953 0.059333 0.362643 6.159058 0.008057
33.883224 1.547974 1.127598 -0.210375 228.945511 10.575423 0.063905 0.404750 6.153284 0.008056
34.017212 1.615668 1.161866 -0.115170 229.768463 10.598780 0.071772 0.440787 6.133386 0.009363
34.133202 1.676636 1.195296 -0.028273 230.479675 10.619833 0.079561 0.466745 6.134022 0.008564
34.266190 1.751652 1.221948 0.021543 231.299820 10.641568 0.088870 0.482421 6.121774 0.008582
34.383179 1.811623 1.251806 0.090736 232.015182 10.661708 0.096330 0.471217 6.114011 0.008357
34.517166 1.881108 1.282411 0.249676 232.827866 10.685900 0.104149 0.419239 6.113643 0.008017
34.633156 1.939539 1.310989 0.395459 233.542297 10.707606 0.110806 0.347488 6.109921 0.008262
34.767143 2.011679 1.333720 0.526683 234.353943 10.732783 0.116144 0.256020 6.102885 0.008028
34.884132 2.067820 1.330118 0.646946 235.067978 10.756027 0.118660 0.180837 6.111291 0.007583
35.017120 2.127420 1.312095 0.788077 235.880722 10.782828 0.120020 0.101153 6.116117 0.007043
35.134109 2.182389 1.294623 0.957441 236.595917 10.807362 0.120322 0.026039 6.117180 0.008357
35.251099 2.232374 1.262928 1.067692 237.311447 10.831555 0.119766 -0.057265 6.119984 0.006200
35.384087 2.284530 1.225231 1.157788 238.125748 10.857531 0.117919 -0.153773 6.132506 0.007934
35.501076 2.338646 1.216698 1.216990 238.843887 10.879233 0.115848 -0.223851 6.142716 0.008540
35.635067 2.398643 1.215877 1.214511 239.661346 10.903863 0.113971 -0.278014 6.148802 0.006462
35.751060 2.445386 1.210114 1.227284 240.386993 10.925567 0.111105 -0.303626 6.155529 0.006991
35.884048 2.506589 1.178979 1.327797 241.204468 10.950757 0.108911 -0.318288 6.147385 0.008853
36.001041 2.553271 1.155192 1.397324 241.922974 10.973475 0.108116 -0.325853 6.143094 0.006981
36.135033 2.607630 1.119124 1.384490 242.739746 10.998391 0.107996 -0.331040 6.143909 0.007241
36.251022 2.670958 1.080953 1.358730 243.458344 11.020406 0.109444 -0.326882 6.144896 0.010786
36.385017 2.736653 1.021888 1.318884 244.281372 11.046339 0.112542 -0.303029 6.141601 0.007213
36.503014 2.782213 0.991342 1.293350 244.992630 11.068900 0.116749 -0.262510 6.129614 0.006887
36.636009 2.832924 0.952175 1.319369 245.812332 11.096750 0.123613 -0.200836 6.114510 0.008075
36.752003 2.886429 0.917081 1.351414 246.526764 11.121035 0.131553 -0.145043 6.105342 0.007691
36.885990 2.948564 0.895423 1.300241 247.337738 11.147726 0.141244 -0.092192 6.096368 0.007867
37.001984 2.988086 0.902392 1.172550 248.043625 11.170913 0.149287 -0.054781 6.081374 0.005843
37.135971 3.026147 0.907048 1.082112 248.857941 11.199865 0.158302 -0.013900 6.079542 0.003998
37.250965 3.051726 0.909323 1.026997 249.556549 11.225602 0.166567 0.025162 6.074303 0.005048
37.384953 3.084985 0.916028 0.904725 250.370346 11.254358 0.175454 0.076100 6.076061 0.003662
37.500942 3.103128 0.925447 0.771944 251.074707 11.278550 0.182798 0.116645 6.075015 0.002268
37.634930 3.132941 0.914862 0.662607 251.888168 11.305899 0.188322 0.155647 6.073392 0.005356
37.751919 3.160915 0.890921 0.596962 252.598694 11.330315 0.190368 0.182073 6.078084 0.003131
37.884907 3.180595 0.843928 0.414816 253.407410 11.357025 0.189331 0.207853 6.093435 0.002894
38.001896 3.201976 0.770784 0.248938 254.120407 11.380704 0.187769 0.231660 6.101424 0.003602
38.134884 3.218671 0.684707 0.000675 254.938675 11.405420 0.185686 0.261614 6.113538 0.002363
38.251873 3.227536 0.597776 -0.217354 255.648178 11.427364 0.184644 0.288913 6.123807 0.001968
38.385860 3.242006 0.483745 -0.405454 256.469025 11.454595 0.183895 0.318249 6.135741 0.002540
38.501850 3.269228 0.378860 -0.525631 257.180664 11.479301 0.184247 0.337539 6.138814 0.004209
38.635838 3.293255 0.265156 -0.611767 258.003601 11.508154 0.187154 0.343626 6.147481 0.004065
38.751827 3.325514 0.163151 -0.628558 258.723236 11.533974 0.192382 0.326445 6.160345 0.005881
38.885815 3.365306 0.058330 -0.545504 259.543823 11.563453 0.199394 0.272028 6.180325 0.006846
39.001804 3.411533 -0.030269 -0.443928 260.267731 11.587909 0.207575 0.188506 6.195829 0.006576
39.135792 3.453778 -0.102658 -0.358867 261.092987 11.614726 0.217610 0.056716 6.218606 0.004413
39.252781 3.481802 -0.146194 -0.244740 261.821777 11.637302 0.225376 -0.080708 6.239771 0.003931
39.385769 3.513891 -0.181950 -0.036052 262.659088 11.663258 0.234525 -0.243893 6.258463 0.005210
39.502758 3.538821 -0.204954 0.113106 263.386444 11.685492 0.242187 -0.375660 6.280243 0.002759
39.635746 3.563908 -0.200558 0.311629 264.221985 11.710236 0.247854 -0.496936 6.292372 0.003805
39.752735 3.581800 -0.177181 0.495570 264.959106 11.731339 0.249181 -0.567865 6.312559 0.002502
39.886723 3.593347 -0.129242 0.717480 265.804749 11.754296 0.245013 -0.600633 6.311281 0.001443
40.002712 3.600564 -0.088129 0.974646 266.537415 11.774532 0.238462 -0.585340 6.319595 0.000400
40.136700 3.607417 -0.022423 1.262155 267.385162 11.797973 0.229959 -0.515266 6.331408 0.001042
40.252689 3.604732 0.039680 1.478559 268.126312 11.818063 0.222373 -0.413419 6.337678 -0.000832
40.386677 3.585113 0.114295 1.764996 268.970184 11.840154 0.211066 -0.263711 6.345555 -0.003536
40.503666 3.566705 0.170163 1.974629 269.712128 11.859429 0.199779 -0.120086 6.339445 -0.001986
40.636654 3.545132 0.207399 2.308067 270.561127 11.881522 0.190614 0.036058 6.337738 -0.003876
40.753643 3.517430 0.229401 2.566935 271.296600 11.899644 0.186308 0.152606 6.345114 -0.004560
40.886631 3.482275 0.242845 2.765082 272.146637 11.919172 0.184552 0.260321 6.348001 -0.005031
41.003620 3.445558 0.236230 2.876372 272.882294 11.935675 0.184645 0.332197 6.341300 -0.005655
41.136608 3.400135 0.192133 2.994839 273.731964 11.954169 0.188175 0.392954 6.339906 -0.006966
41.253597 3.351446 0.113812 3.102846 274.473755 11.970119 0.195441 0.426000 6.343414 -0.007703
41.387585 3.288361 -0.007489 3.227823 275.318268 11.986571 0.205898 0.440623 6.358169 -0.008664
41.504574 3.221890 -0.130049 3.278048 276.063477 12.000718 0.218609 0.435195 6.375766 -0.010932
41.638561 3.121151 -0.282694 3.291495 276.919556 12.015617 0.235199 0.405562 6.399307 -0.013174
41.755550 3.031471 -0.418887 3.303763 277.669098 12.028198 0.249416 0.359272 6.411857 -0.013071
41.888538 2.922382 -0.557954 3.240051 278.523102 12.042095 0.264354 0.284708 6.428085 -0.014231
42.005527 2.821895 -0.673149 3.137986 279.276154 12.053585 0.277550 0.206525 6.446671 -0.014925
42.138515 2.704833 -0.783082 2.985646 280.135803 12.065223 0.288692 0.116560 6.472592 -0.016075
42.255505 2.589612 -0.854650 2.787047 280.900787 12.074618 0.295258 0.044932 6.492686 -0.017381
42.388493 2.449919 -0.905780 2.556878 281.765869 12.084696 0.297998 -0.024201 6.510664 -0.018587
42.505482 2.310047 -0.895259 2.343186 282.528900 12.093478 0.297624 -0.078462 6.533787 -0.023308
42.639469 2.139174 -0.836581 2.140917 283.399292 12.104520 0.294077 -0.132877 6.551931 -0.021427
42.755459 1.988582 -0.710100 1.963552 284.166809 12.114188 0.290175 -0.170733 6.565073 -0.020821
42.889446 1.816908 -0.515805 1.773160 285.040924 12.124325 0.283063 -0.193839 6.578456 -0.022541
43.005436 1.667118 -0.304747 1.610251 285.811768 12.133650 0.275239 -0.195271 6.599150 -0.023025
43.139423 1.488678 -0.036945 1.416825 286.689880 12.145362 0.264375 -0.185508 6.606109 -0.024431
43.256413 1.324367 0.213986 1.235207 287.463104 12.155488 0.257874 -0.176327 6.617199 -0.024396
43.389400 1.133084 0.513393 1.019985 288.344055 12.166944 0.254944 -0.169639 6.628208 -0.024041
43.506393 0.972349 0.774784 0.855017 289.133148 12.176538 0.253164 -0.164847 6.633171 -0.022212
43.639381 0.797026 1.078619 0.721326 290.009003 12.184226 0.253970 -0.157782 6.632717 -0.022970
43.756374 0.637494 1.315920 0.692618 290.778870 12.190459 0.257074 -0.154638 6.639801 -0.023922
43.890362 0.461519 1.556952 0.649443 291.669189 12.195928 0.261765 -0.161447 6.645773 -0.022164
44.006351 0.320405 1.726273 0.620297 292.447083 12.199794 0.265626 -0.178981 6.652325 -0.020455
44.140339 0.162488 1.870143 0.589203 293.333069 12.202153 0.271435 -0.200291 6.672365 -0.020765
44.256329 0.025081 1.946810 0.585084 294.114929 12.203807 0.277404 -0.208128 6.691833 -0.019751
44.390316 -0.114017 1.968006 0.629468 295.006897 12.202757 0.280976 -0.197839 6.716483 -0.017524
44.507305 -0.229452 1.926740 0.694079 295.794708 12.198655 0.282615 -0.175330 6.742548 -0.017057
44.640293 -0.345308 1.825330 0.819629 296.693695 12.194064 0.284604 -0.139134 6.769026 -0.015049
44.757282 -0.437266 1.734695 0.934911 297.487091 12.187639 0.288085 -0.096324 6.792506 -0.014686
44.890270 -0.541240 1.632807 1.094108 298.401001 12.177838 0.292250 -0.028857 6.834749 -0.013775
45.007259 -0.620756 1.533407 1.250918 299.196411 12.168301 0.295051 0.045240 6.871153 -0.011895
45.141247 -0.714781 1.411790 1.412184 300.119629 12.154543 0.296760 0.137036 6.905468 -0.012947
45.257236 -0.794392 1.312073 1.589662 300.929932 12.142439 0.298316 0.205607 6.942821 -0.012109
45.391224 -0.874601 1.213158 1.772200 301.856140 12.128671 0.300718 0.255772 6.978658 -0.010448
45.507214 -0.936852 1.147019 1.901382 302.674225 12.117197 0.301874 0.274972 7.001441 -0.009377
45.641201 -0.995402 1.084777 1.994653 303.608032 12.102743 0.300215 0.278536 7.028084 -0.005903
45.758190 -1.041901 1.060299 2.133647 304.432465 12.091146 0.297851 0.270345 7.053953 -0.007896
45.891178 -1.112311 1.080526 2.291989 305.371918 12.076303 0.293977 0.248351 7.071592 -0.009619
46.008171 -1.157797 1.129976 2.355622 306.086609 12.063086 0.291047 0.220652 7.083070 -0.007576
46.141159 -1.208614 1.255558 2.354287 307.142578 12.044407 0.284725 0.164406 7.089692 -0.003243
46.258148 -1.230184 1.413838 2.286293 307.979156 12.027248 0.281579 0.118735 7.094103 -0.002992
46.375137 -1.237096 1.602180 2.217830 308.801697 12.010529 0.278289 0.083969 7.095288 0.000287
46.508129 -1.227731 1.849797 2.061505 309.752533 11.990900 0.274686 0.062943 7.098909 0.002471
46.625118 -1.212670 2.072645 1.906710 310.576019 11.974857 0.270464 0.058208 7.098083 0.003469
46.758106 -1.184529 2.327541 1.738473 311.526428 11.957475 0.265103 0.058573 7.089701 0.006501
46.875103 -1.142323 2.518910 1.548568 312.347961 11.940603 0.258871 0.056389 7.079581 0.006863
47.009090 -1.094440 2.711612 1.284303 313.295898 11.920713 0.253749 0.048884 7.075299 0.007731
47.125084 -1.046538 2.854599 1.084443 314.123199 11.904319 0.249636 0.038559 7.070571 0.009952
47.261074 -0.983465 3.001442 0.787445 315.078186 11.883389 0.247220 0.025380 7.082422 0.009980
47.376068 -0.918178 3.092412 0.532380 315.899963 11.865094 0.245951 0.012382 7.083517 0.012834
47.509060 -0.823156 3.144497 0.272022 316.835114 11.845020 0.246173 -0.008242 7.092375 0.015069
47.626049 -0.728524 3.151273 0.067029 317.665131 11.827045 0.246271 -0.032177 7.097926 0.016659
47.760044 -0.608958 3.118175 -0.146140 318.610535 11.806648 0.245549 -0.069032 7.118468 0.016802
47.877037 -0.501941 3.061575 -0.357350 319.451813 11.787124 0.244564 -0.112670 7.138292 0.017874
48.009029 -0.361706 2.981753 -0.504965 320.403107 11.767735 0.243790 -0.172375 7.169366 0.019440
48.127026 -0.238145 2.915675 -0.621906 321.235443 11.750757 0.242037 -0.228413 7.183052 0.018389
48.259014 -0.102113 2.840226 -0.671397 322.205414 11.732185 0.238003 -0.280302 7.186841 0.018871
48.376007 0.031035 2.790382 -0.607882 323.039246 11.717682 0.233323 -0.301216 7.189037 0.019469
48.510002 0.186807 2.732816 -0.477284 323.995300 11.702142 0.228141 -0.294119 7.186095 0.019569
48.625999 0.308868 2.669473 -0.337808 324.835754 11.688739 0.225161 -0.265910 7.180393 0.015169
48.759995 0.435826 2.606975 -0.142020 325.789398 11.675293 0.223677 -0.220609 7.162691 0.015765
48.877987 0.551000 2.572481 0.074129 326.627167 11.665630 0.225117 -0.171618 7.160568 0.016675
49.009979 0.695441 2.530484 0.305851 327.580933 11.655164 0.227283 -0.108123 7.173982 0.018909
49.126972 0.844887 2.488787 0.538518 328.421051 11.646879 0.228448 -0.047691 7.186343 0.022615
49.259960 1.041831 2.469910 0.809405 329.383331 11.636448 0.229796 0.012883 7.179949 0.024578
49.376949 1.203361 2.476508 0.979488 330.222900 11.628318 0.230345 0.051114 7.172655 0.021608
49.510941 1.369140 2.500664 1.165789 331.176056 11.620639 0.229189 0.076907 7.158472 0.020995
49.626934 1.516093 2.546664 1.337513 332.012817 11.615562 0.227043 0.090265 7.154016 0.020817
49.760921 1.695017 2.601688 1.466063 332.963806 11.611256 0.224141 0.103503 7.146751 0.023869
49.877914 1.856438 2.649285 1.513324 333.799774 11.607704 0.221910 0.115893 7.146242 0.022598
50.010906 2.030109 2.720888 1.518612 334.762024 11.604596 0.219715 0.130020 7.122758 0.022484
50.127895 2.185728 2.771068 1.471967 335.579529 11.601265 0.217620 0.143205 7.106203 0.023973
50.260887 2.355999 2.822978 1.436873 336.529510 11.600111 0.213791 0.160013 7.081347 0.021576
50.377880 2.498011 2.857084 1.398875 337.348724 11.600825 0.207855 0.169756 7.056216 0.021198
50.511868 2.658542 2.890707 1.288201 338.292633 11.603155 0.203398 0.165823 7.030799 0.021427
50.627861 2.807549 2.895169 1.160305 339.113739 11.607063 0.200594 0.143412 7.019740 0.022783
50.761852 2.981845 2.860401 0.964241 340.045898 11.614123 0.197559 0.106605 7.004248 0.024089
50.878849 3.137114 2.804160 0.825241 340.865906 11.624303 0.197069 0.079630 7.005341 0.025306
51.011841 3.303494 2.684975 0.662301 341.804565 11.637898 0.199218 0.069250 7.005170 0.021761
51.128830 3.441908 2.572315 0.521904 342.617279 11.650743 0.202200 0.074504 7.006466 0.022226
51.261822 3.592996 2.447328 0.344209 343.548676 11.667975 0.206330 0.082354 7.007944 0.019717
51.378815 3.719506 2.310007 0.230534 344.375122 11.685181 0.211355 0.081268 7.000660 0.020205
51.511803 3.868474 2.148406 0.136185 345.307190 11.707055 0.217674 0.068578 7.018187 0.020206
51.628796 4.000984 2.024810 0.068719 346.121796 11.728597 0.224416 0.051665 7.026604 0.019631
51.762783 4.144084 1.903691 0.023819 347.064301 11.754145 0.230689 0.027039 7.045836 0.018390
51.879780 4.265465 1.803246 -0.054838 347.882538 11.776531 0.233942 0.000930 7.063951 0.018493
52.011772 4.406486 1.715754 -0.071962 348.837402 11.805179 0.234732 -0.031520 7.088176 0.019287
52.128761 4.528354 1.667592 -0.017088 349.653015 11.832926 0.233925 -0.056125 7.105186 0.017725
52.262753 4.658648 1.665444 0.098259 350.605591 11.867993 0.229507 -0.077409 7.117443 0.016179
52.379745 4.773138 1.698400 0.223434 351.445221 11.900665 0.223029 -0.090473 7.123260 0.015885
52.512733 4.888498 1.782504 0.318105 352.384644 11.938240 0.214671 -0.103060 7.121666 0.014432
52.629726 4.987245 1.890617 0.371498 353.216187 11.973929 0.205644 -0.115589 7.109957 0.014158
52.762714 5.082789 2.061494 0.383972 354.159851 12.016920 0.193720 -0.129721 7.093541 0.011277
52.880707 5.153960 2.210551 0.326928 354.987854 12.055869 0.183626 -0.137226 7.081714 0.010536
53.012699 5.227716 2.398912 0.301528 355.934265 12.101762 0.173887 -0.135199 7.062751 0.009353
53.129692 5.286660 2.568791 0.262263 356.751678 12.142948 0.168026 -0.122175 7.053969 0.009327
53.262680 5.346537 2.759083 0.156432 357.694183 12.190563 0.162542 -0.098912 7.035317 0.007645
53.379673 5.395711 2.918757 0.101414 358.514984 12.232370 0.159616 -0.077004 7.019241 0.008236
53.513660 5.449584 3.084314 0.032341 359.444916 12.282039 0.160136 -0.055647 6.991030 0.007105
53.629650 5.489749 3.220927 0.025621 360.261353 12.327314 0.163801 -0.039444 6.989046 0.005519
53.763638 5.539237 3.352142 0.029865 361.194397 12.380511 0.169630 -0.023062 6.960221 0.006365
53.880627 5.582040 3.452430 0.107625 361.998932 12.428093 0.175812 -0.009155 6.941191 0.004691
54.013618 5.628346 3.525106 0.259592 362.927032 12.481271 0.183630 0.004005 6.930672 0.004042
54.130615 5.659280 3.549545 0.438136 363.736389 12.528443 0.189248 0.012033 6.927846 0.003265
54.263603 5.674123 3.524566 0.666399 364.649750 12.583484 0.194424 0.014936 6.929677 -0.001627
54.380596 5.668393 3.452396 0.933000 365.458618 12.635003 0.198202 0.011294 6.927131 -0.004683
54.515587 5.637329 3.355109 1.264719 366.384491 12.697832 0.203094 0.002241 6.920090 -0.007886
54.630577 5.594537 3.267346 1.460072 367.192230 12.752430 0.205444 -0.002703 6.918651 -0.008177
54.764568 5.551237 3.156558 1.661297 368.110382 12.814848 0.206056 0.001430 6.917171 -0.006055
54.881561 5.521664 3.056349 1.855514 368.918610 12.868171 0.204425 0.012225 6.923960 -0.006078
55.014557 5.483945 2.959409 2.069076 369.844513 12.930087 0.201025 0.026764 6.924847 -0.006940
55.131546 5.451452 2.879691 2.241088 370.645538 12.984349 0.198106 0.038857 6.918502 -0.005976
55.264534 5.420242 2.793163 2.388377 371.563171 13.045547 0.195521 0.056582 6.908816 -0.005484
55.381523 5.381090 2.710565 2.461173 372.369476 13.100310 0.192397 0.079565 6.905013 -0.006230
55.515514 5.343207 2.632466 2.480003 373.285522 13.162704 0.188720 0.110847 6.896472 -0.003930
55.631504 5.316157 2.570149 2.420864 374.089325 13.217542 0.186871 0.133958 6.875844 -0.003777
55.764492 5.272560 2.482393 2.217660 375.007690 13.279455 0.184414 0.147900 6.860471 -0.003885
55.882488 5.244560 2.379445 2.038459 375.800720 13.333728 0.181960 0.150139 6.849920 -0.002202
55.999485 5.221516 2.267498 1.916357 376.599579 13.390426 0.181104 0.146809 6.839025 -0.002709
56.131481 5.194900 2.146906 1.731636 377.528137 13.455567 0.181941 0.141574 6.851813 -0.003386
56.265472 5.150939 2.017182 1.563121 378.422699 13.519482 0.184995 0.138735 6.842172 -0.005552
56.382465 5.100788 1.887519 1.407979 379.221100 13.577809 0.188190 0.135709 6.841644 -0.007265
56.517460 5.031520 1.757197 1.235861 380.127869 13.644454 0.194426 0.127816 6.827447 -0.009277
56.633453 4.959540 1.666925 1.024683 380.923920 13.702785 0.200772 0.107878 6.819360 -0.010492
56.751450 4.888651 1.586367 0.798808 381.719055 13.761210 0.208003 0.069954 6.811354 -0.008884
56.882439 4.809937 1.505702 0.509166 382.622192 13.828044 0.218433 0.000607 6.801619 -0.008884
56.999428 4.747877 1.437687 0.268777 383.414673 13.885029 0.227843 -0.073669 6.785547 -0.008059
57.134418 4.681666 1.366356 0.042283 384.320801 13.949773 0.236700 -0.162767 6.775988 -0.008055
57.249409 4.624595 1.301183 -0.175611 385.110870 14.006474 0.239893 -0.233045 6.767858 -0.007461
57.382397 4.548065 1.263392 -0.477728 386.008331 14.069053 0.239022 -0.294093 6.760913 -0.009802
57.499386 4.485256 1.248854 -0.706802 386.796783 14.125284 0.235769 -0.326941 6.748290 -0.008280
57.633377 4.421003 1.209074 -0.883977 387.691193 14.189076 0.231701 -0.338500 6.737829 -0.007629
57.749367 4.375832 1.171636 -1.009926 388.476959 14.244717 0.225034 -0.326220 6.726725 -0.005477
57.883362 4.330000 1.120043 -1.165285 389.367859 14.310317 0.216147 -0.285842 6.709201 -0.004382
58.000351 4.295524 1.062572 -1.308989 390.149597 14.369754 0.209386 -0.224680 6.697954 -0.004618
58.135345 4.259547 0.986318 -1.397567 391.037354 14.437218 0.201696 -0.125507 6.688223 -0.004081
58.255348 4.231508 0.916509 -1.399756 391.823029 14.497423 0.196350 -0.021211 6.674422 -0.003640
58.383347 4.198484 0.839438 -1.330266 392.713318 14.565022 0.191953 0.087323 6.652765 -0.004720
58.500340 4.174861 0.769088 -1.234230 393.482300 14.622500 0.190563 0.151953 6.645054 -0.003455
58.633331 4.147495 0.703608 -1.154891 394.362427 14.687341 0.194686 0.178946 6.631298 -0.003940
58.750320 4.127059 0.652388 -1.063700 395.135864 14.743716 0.201368 0.165354 6.628496 -0.003482
58.886314 4.094387 0.604555 -0.926722 396.014191 14.809802 0.209265 0.126550 6.616734 -0.004851
59.002308 4.058630 0.554894 -0.793841 396.799316 14.869983 0.216965 0.086546 6.616047 -0.005516
59.135296 4.019018 0.495829 -0.635099 397.669708 14.935250 0.225888 0.049136 6.608206 -0.005781
59.253296 3.975147 0.434735 -0.466387 398.440399 14.991883 0.233250 0.029887 6.601638 -0.006956
59.386288 3.925025 0.335085 -0.293105 399.322205 15.056697 0.241076 0.029020 6.594416 -0.004921
59.502281 3.888963 0.238113 -0.107427 400.083984 15.113421 0.247542 0.047458 6.579375 -0.006457
59.635269 3.832553 0.127782 0.154162 400.963470 15.181896 0.253262 0.086832 6.579110 -0.007852
59.752262 3.782488 0.034208 0.416683 401.731476 15.242557 0.255428 0.129475 6.588393 -0.006957
59.885258 3.725707 -0.046696 0.678409 402.606262 15.311960 0.257237 0.173053 6.600763 -0.007656
60.002251 3.675953 -0.083569 0.768451 403.369751 15.372270 0.257490 0.196398 6.603684 -0.008099
