1.20 1.10 20 64
0.135000 0.012537 -0.012470 -0.064228 0.922603 0.000229 -0.121733 0.023668 6.664310 0.002448
0.259000 0.018505 -0.001759 -0.161030 1.742703 -0.000929 -0.052756 0.038060 6.575372 0.000855
0.385000 0.024122 0.035966 -0.241178 2.564761 -0.002453 0.054230 0.042417 6.486367 0.000675
0.510000 0.028498 0.071027 -0.325370 3.374958 -0.004966 0.183205 0.027343 6.389475 0.001512
0.636000 0.048684 0.069725 -0.394752 4.175251 -0.008364 0.317471 -0.008510 6.329453 0.003765
0.762000 0.083680 0.028635 -0.401132 4.963320 -0.013249 0.440457 -0.053672 6.294346 0.006390
0.886000 0.128627 -0.069226 -0.406646 5.750862 -0.017877 0.541015 -0.092291 6.306221 0.005836
1.010000 0.173414 -0.211054 -0.399008 6.535233 -0.022957 0.610867 -0.114342 6.345971 0.006691
1.135000 0.219955 -0.385184 -0.360516 7.332053 -0.029294 0.646165 -0.121328 6.397989 0.006599
1.260000 0.267720 -0.602540 -0.323827 8.136353 -0.037694 0.641237 -0.121509 6.462358 0.006882
1.386000 0.320102 -0.849343 -0.290540 8.948428 -0.047887 0.598041 -0.123246 6.517475 0.007420
1.511000 0.369187 -1.102006 -0.254820 9.772485 -0.059270 0.521403 -0.129399 6.552253 0.006180
1.636000 0.408620 -1.329044 -0.215660 10.585305 -0.071414 0.423050 -0.136672 6.556683 0.004989
1.760001 0.438267 -1.517213 -0.165956 11.403971 -0.083318 0.312381 -0.138584 6.539411 0.003218
1.884001 0.464951 -1.641944 -0.163149 12.212425 -0.097354 0.204521 -0.129608 6.507672 0.003955
2.006001 0.491311 -1.683843 -0.179558 13.003193 -0.113802 0.110207 -0.109610 6.465976 0.003801
2.130001 0.514727 -1.640013 -0.215502 13.800926 -0.130672 0.034579 -0.082754 6.415176 0.003269
2.255000 0.542022 -1.504875 -0.161485 14.598460 -0.145576 -0.012438 -0.055439 6.356005 0.004711
2.378000 0.567182 -1.282322 -0.037799 15.375464 -0.159087 -0.024926 -0.033226 6.290176 0.003467
2.500999 0.587632 -1.012682 0.117372 16.143806 -0.172409 -0.006276 -0.018725 6.214273 0.003934
2.625999 0.618301 -0.706322 0.349061 16.915401 -0.186562 0.040936 -0.015578 6.147021 0.004343
2.750999 0.638860 -0.397371 0.610020 17.678329 -0.201940 0.109214 -0.025953 6.079901 0.001991
2.875999 0.652175 -0.126099 0.893009 18.428373 -0.216257 0.188290 -0.044705 6.035771 0.001371
3.000998 0.664406 0.092841 1.160465 19.186279 -0.229839 0.270209 -0.057130 6.004450 0.001286
3.125998 0.676526 0.249333 1.388198 19.930239 -0.244646 0.343257 -0.044144 6.002239 0.002436
3.259998 0.694047 0.333219 1.649053 20.741730 -0.261382 0.405909 0.010151 6.019706 0.001357
3.381997 0.704306 0.341972 1.855675 21.477755 -0.276674 0.441119 0.089903 6.050109 0.001058
3.503996 0.717455 0.290480 2.076014 22.218821 -0.292991 0.453691 0.183089 6.095185 0.001928
3.626996 0.730532 0.188914 2.313771 22.971498 -0.309329 0.443239 0.274265 6.140125 0.002134
3.752996 0.743562 0.036767 2.526386 23.742001 -0.326139 0.408193 0.354084 6.183252 0.001286
3.876996 0.746293 -0.144882 2.723186 24.517429 -0.342469 0.352376 0.416417 6.215937 0.000048
4.001996 0.738261 -0.340639 2.895291 25.295670 -0.357787 0.283519 0.457361 6.233350 -0.001297
4.136997 0.718268 -0.545844 3.003250 26.132149 -0.373290 0.203928 0.468818 6.249592 -0.003159
4.256999 0.694323 -0.695900 3.060373 26.895159 -0.387773 0.133995 0.440390 6.256105 -0.003468
4.381001 0.675756 -0.789107 3.073794 27.664434 -0.400798 0.073644 0.367804 6.255557 -0.002086
4.505002 0.651748 -0.814597 2.993813 28.439281 -0.413698 0.030127 0.250996 6.244996 -0.004358
4.630003 0.621571 -0.758684 2.812296 29.212065 -0.425792 0.008346 0.100676 6.229632 -0.005536
4.753005 0.585341 -0.628425 2.584834 29.976826 -0.436594 0.008568 -0.063991 6.211963 -0.005513
4.876007 0.550907 -0.454381 2.286684 30.745586 -0.448798 0.029185 -0.224043 6.189842 -0.005669
5.012008 0.490667 -0.202674 1.845805 31.579435 -0.461098 0.070251 -0.365191 6.164929 -0.008724
5.135010 0.427107 0.067431 1.394152 32.341869 -0.470554 0.119242 -0.446472 6.138769 -0.008575
5.258011 0.363832 0.339046 0.988538 33.095116 -0.477541 0.170903 -0.475844 6.112117 -0.010443
5.382013 0.286123 0.597463 0.602813 33.846081 -0.483450 0.220062 -0.462509 6.103958 -0.011004
5.506014 0.187555 0.828215 0.247257 34.603252 -0.489499 0.260426 -0.423032 6.111174 -0.014056
5.630016 0.075824 1.014630 -0.089838 35.367638 -0.495009 0.288862 -0.374777 6.121772 -0.014768
5.752017 -0.031075 1.129449 -0.373650 36.110085 -0.500508 0.301325 -0.331465 6.146908 -0.013799
5.876019 -0.134471 1.172583 -0.635931 36.880577 -0.505938 0.297475 -0.295396 6.175841 -0.013609
6.002020 -0.231275 1.144773 -0.861528 37.655933 -0.511233 0.275605 -0.267864 6.220042 -0.012272
6.126022 -0.320085 1.053566 -1.074136 38.435764 -0.517725 0.238107 -0.243072 6.253890 -0.011762
6.262023 -0.417826 0.908171 -1.261430 39.283859 -0.525805 0.184811 -0.206818 6.298575 -0.011139
6.385025 -0.505408 0.759072 -1.437885 40.060547 -0.534453 0.132388 -0.154974 6.320124 -0.012129
6.509027 -0.592788 0.603396 -1.584442 40.851711 -0.543098 0.078775 -0.083874 6.340988 -0.012444
6.632028 -0.680011 0.462175 -1.672176 41.626434 -0.550883 0.032415 -0.007909 6.354926 -0.012665
6.756030 -0.785151 0.358498 -1.732774 42.420967 -0.559218 -0.001470 0.062150 6.357556 -0.015318
6.881031 -0.891937 0.313946 -1.659783 43.209930 -0.566630 -0.019570 0.116502 6.362400 -0.014681
7.006032 -1.002464 0.351383 -1.561736 44.004181 -0.574733 -0.022401 0.158566 6.343002 -0.015534
7.130034 -1.110344 0.461101 -1.484112 44.795723 -0.583273 -0.009056 0.194833 6.318404 -0.014935
7.255035 -1.217121 0.632330 -1.408246 45.583897 -0.592817 0.016832 0.230958 6.297726 -0.014701
7.379037 -1.313770 0.852365 -1.337420 46.362385 -0.603082 0.051187 0.269041 6.266111 -0.013763
7.504038 -1.411653 1.098836 -1.277241 47.142944 -0.614727 0.090983 0.308971 6.232743 -0.014320
7.629040 -1.516338 1.343374 -1.213994 47.914097 -0.626400 0.130300 0.344889 6.214871 -0.014659
7.753041 -1.627067 1.567703 -1.152508 48.683765 -0.638512 0.165232 0.368960 6.204210 -0.017131
7.877043 -1.743915 1.769093 -1.068042 49.459373 -0.650982 0.190854 0.377026 6.213254 -0.015429
8.011044 -1.858115 1.940272 -0.924730 50.292679 -0.665321 0.204638 0.374156 6.226834 -0.014803
8.134041 -1.968061 2.059340 -0.786492 51.060688 -0.679162 0.204411 0.371412 6.255838 -0.016563
8.258039 -2.092170 2.150002 -0.655374 51.837364 -0.693645 0.192447 0.370270 6.269156 -0.019913
8.382036 -2.236856 2.194146 -0.535784 52.615513 -0.709598 0.169354 0.358727 6.283498 -0.021953
8.504034 -2.396356 2.207697 -0.386081 53.382854 -0.725776 0.137621 0.321473 6.296607 -0.024572
8.627031 -2.568060 2.210241 -0.259737 54.158031 -0.742724 0.100208 0.251519 6.308199 -0.024864
8.752029 -2.745942 2.183236 -0.143842 54.947186 -0.759984 0.060393 0.155933 6.317591 -0.026377
8.876027 -2.938298 2.156331 -0.021111 55.731327 -0.777898 0.024423 0.054640 6.329495 -0.028808
9.011024 -3.153404 2.140515 0.160355 56.585213 -0.797760 -0.005733 -0.045195 6.325206 -0.029151
9.136023 -3.360333 2.148236 0.342260 57.375416 -0.815960 -0.023105 -0.122247 6.322902 -0.030826
9.260020 -3.570357 2.174909 0.470861 58.158329 -0.835997 -0.028885 -0.189629 6.314520 -0.030084
9.383018 -3.780453 2.224136 0.589291 58.934082 -0.858735 -0.022847 -0.258868 6.305936 -0.031218
9.507015 -4.002267 2.313459 0.683404 59.714760 -0.882163 -0.007235 -0.340530 6.286398 -0.033131
9.631013 -4.234289 2.436192 0.699094 60.485577 -0.906707 0.015409 -0.434706 6.258641 -0.034213
9.754010 -4.482108 2.566997 0.674610 61.259563 -0.932607 0.042607 -0.533451 6.237508 -0.035299
9.878008 -4.732474 2.705558 0.599836 62.031063 -0.959074 0.070033 -0.619434 6.216221 -0.034533
10.011004 -5.006939 2.847898 0.499747 62.855938 -0.986525 0.094800 -0.676831 6.194332 -0.035884
10.133001 -5.271212 2.954653 0.377856 63.610088 -1.012467 0.111111 -0.682742 6.180416 -0.037681
10.256999 -5.549175 3.029673 0.193074 64.375221 -1.039562 0.119324 -0.636780 6.173194 -0.038419
10.381997 -5.849176 3.072040 0.008696 65.145554 -1.067649 0.118971 -0.543429 6.161723 -0.041784
10.504994 -6.155404 3.078805 -0.198192 65.901962 -1.095848 0.111241 -0.421436 6.150954 -0.041254
10.627992 -6.464191 3.047423 -0.399878 66.657547 -1.124001 0.095597 -0.287241 6.142489 -0.042804
10.760988 -6.805452 2.966379 -0.624107 67.473221 -1.156227 0.073038 -0.140118 6.135149 -0.044416
10.885986 -7.141632 2.866855 -0.842442 68.239120 -1.187713 0.048404 -0.002042 6.128682 -0.046294
11.009984 -7.494571 2.759355 -1.096283 68.997810 -1.219391 0.023778 0.132241 6.119985 -0.048569
11.133982 -7.852879 2.643322 -1.355420 69.755226 -1.254369 0.001418 0.255211 6.111564 -0.049121
11.258980 -8.230302 2.534888 -1.629544 70.517738 -1.290390 -0.015316 0.356856 6.102126 -0.052432
11.383978 -8.628492 2.421759 -1.920419 71.278336 -1.327909 -0.025713 0.431192 6.085332 -0.054601
11.508976 -9.023684 2.329590 -2.226427 72.037003 -1.366569 -0.029304 0.481267 6.068866 -0.053477
11.632974 -9.417238 2.269580 -2.526591 72.787399 -1.405680 -0.024025 0.512081 6.052487 -0.053594
11.755971 -9.810536 2.227933 -2.801664 73.528122 -1.446943 -0.011574 0.525913 6.021634 -0.054498
11.880969 -10.216507 2.210804 -3.079510 74.277184 -1.492992 0.005630 0.523173 5.993545 -0.055458
12.005967 -10.616867 2.237157 -3.342112 75.017410 -1.541468 0.025321 0.507040 5.972675 -0.055164
12.127964 -11.022790 2.267258 -3.548309 75.747963 -1.592131 0.043663 0.484993 5.938897 -0.056838
12.252962 -11.439773 2.308608 -3.781602 76.487480 -1.645430 0.059189 0.463033 5.923800 -0.057924
12.377960 -11.862382 2.361344 -3.930920 77.218887 -1.700615 0.070032 0.442527 5.911629 -0.059531
12.504958 -12.300261 2.445982 -4.073106 77.954407 -1.758159 0.076805 0.418232 5.892530 -0.060270
12.628956 -12.743325 2.559655 -4.240617 78.698143 -1.820534 0.079215 0.381707 5.865556 -0.060268
12.750953 -13.181486 2.675664 -4.385143 79.409981 -1.883610 0.076973 0.327992 5.848064 -0.061603
12.876951 -13.629632 2.800833 -4.494812 80.136040 -1.952382 0.070381 0.248087 5.827078 -0.062180
13.006951 -14.096786 2.914096 -4.584702 80.888420 -2.026494 0.057585 0.135188 5.806043 -0.062839
13.135951 -14.563315 3.026165 -4.666776 81.631310 -2.103324 0.042480 -0.005034 5.779159 -0.063388
13.259949 -15.030718 3.116020 -4.768586 82.341927 -2.181195 0.027534 -0.158218 5.755834 -0.066047
13.384947 -15.517483 3.199883 -4.820348 83.060944 -2.261595 0.013918 -0.319797 5.734240 -0.067927
13.509945 -16.018381 3.287682 -4.827836 83.771584 -2.344234 0.003237 -0.473303 5.715159 -0.071542
13.635943 -16.556379 3.356878 -4.839283 84.478851 -2.430518 -0.002345 -0.609167 5.690247 -0.076362
13.760942 -17.115185 3.419350 -4.836245 85.187531 -2.520779 -0.003712 -0.718690 5.659285 -0.076744
13.875940 -17.628689 3.476326 -4.812664 85.830887 -2.606424 -0.001213 -0.786226 5.633172 -0.079314
14.001939 -18.209936 3.544258 -4.780982 86.531914 -2.703072 0.006933 -0.815452 5.606002 -0.082101
14.127937 -18.809462 3.613772 -4.777112 87.228767 -2.803682 0.018415 -0.790835 5.574093 -0.084480
14.253936 -19.431080 3.669165 -4.801023 87.921371 -2.907347 0.032591 -0.712247 5.549929 -0.087209
14.379934 -20.066675 3.695379 -4.823209 88.610893 -3.013903 0.047877 -0.588194 5.527172 -0.088270
14.505933 -20.719296 3.703918 -4.870727 89.297203 -3.124780 0.062731 -0.432948 5.511682 -0.091370
14.631931 -21.394506 3.703091 -4.932608 89.975975 -3.238775 0.074275 -0.263516 5.501323 -0.095288
14.757930 -22.101233 3.699771 -5.050195 90.658295 -3.358147 0.082331 -0.089695 5.490114 -0.097484
14.882928 -22.815538 3.701892 -5.237718 91.338875 -3.483162 0.084668 0.079041 5.492552 -0.097237
15.000926 -23.500980 3.714072 -5.475452 91.975792 -3.603860 0.082526 0.226373 5.490659 -0.099517
15.127925 -24.246452 3.731787 -5.818271 92.654686 -3.737150 0.075630 0.365103 5.490435 -0.100527
15.253923 -25.000402 3.748163 -6.210047 93.338287 -3.876987 0.064554 0.475543 5.498090 -0.099350
15.379922 -25.742271 3.781843 -6.548016 94.015381 -4.019636 0.051996 0.549649 5.485289 -0.100460
15.505920 -26.499010 3.834192 -6.916674 94.689514 -4.166968 0.039068 0.589752 5.473181 -0.102250
15.631919 -27.259417 3.907017 -7.301588 95.355766 -4.317224 0.027339 0.604347 5.460637 -0.102449
15.756917 -28.019035 3.996440 -7.665110 96.024124 -4.472291 0.018226 0.602919 5.437966 -0.101818
15.882915 -28.773785 4.097243 -8.027496 96.683304 -4.630006 0.011997 0.588584 5.413049 -0.102434
16.008913 -29.537563 4.224592 -8.359464 97.343956 -4.793171 0.011110 0.557122 5.385969 -0.102919
16.133907 -30.303658 4.372343 -8.705301 97.999954 -4.959712 0.016170 0.502089 5.359941 -0.102742
16.259901 -31.083246 4.531811 -9.044543 98.651596 -5.129950 0.024810 0.420763 5.336653 -0.105744
16.385895 -31.867853 4.706657 -9.396496 99.294350 -5.302811 0.037458 0.317881 5.314153 -0.105782
16.509890 -32.661350 4.877969 -9.789632 99.932709 -5.479808 0.051151 0.202130 5.286191 -0.106494
16.634884 -33.461494 5.044079 -10.178646 100.566902 -5.660226 0.065150 0.083737 5.262384 -0.107114
16.759878 -34.270626 5.214717 -10.505818 101.197838 -5.842152 0.078554 -0.030085 5.240769 -0.109520
16.884872 -35.091064 5.384377 -10.888581 101.824730 -6.027132 0.090132 -0.136480 5.220541 -0.109171
17.010866 -35.911713 5.529446 -11.286122 102.448845 -6.215922 0.099252 -0.235652 5.213642 -0.109502
17.134861 -36.744972 5.644618 -11.664655 103.071083 -6.407487 0.105804 -0.328055 5.205414 -0.112117
17.259855 -37.589928 5.745382 -12.083694 103.690254 -6.601884 0.111259 -0.413568 5.184960 -0.112140
17.385849 -38.438290 5.816516 -12.509283 104.313095 -6.801187 0.115968 -0.491209 5.196769 -0.111368
17.510843 -39.270031 5.880697 -12.938426 104.928841 -7.001922 0.119745 -0.554976 5.175253 -0.109310
17.635838 -40.086082 5.931039 -13.391396 105.542358 -7.205168 0.122887 -0.596856 5.168458 -0.106637
17.760832 -40.911705 5.967759 -13.834725 106.153847 -7.410561 0.125632 -0.608289 5.154930 -0.108962
17.886826 -41.739006 5.983938 -14.347721 106.763725 -7.618561 0.130046 -0.586393 5.154559 -0.107816
18.000820 -42.489815 5.990058 -14.804749 107.324158 -7.811801 0.135109 -0.540174 5.149574 -0.106630
18.126814 -43.307049 5.972414 -15.336194 107.931206 -8.024349 0.142643 -0.467537 5.138006 -0.105126
18.260809 -44.172539 5.932617 -15.960269 108.583580 -8.257267 0.153586 -0.366798 5.121485 -0.102884
18.383804 -44.939625 5.887003 -16.541292 109.174835 -8.472124 0.166775 -0.256342 5.109890 -0.099632
18.509798 -45.707577 5.842150 -17.120821 109.778076 -8.695126 0.183197 -0.129817 5.095777 -0.097534
18.634792 -46.453213 5.809658 -17.689520 110.374550 -8.919583 0.199727 0.000102 5.097647 -0.094887
18.759787 -47.163677 5.786542 -18.251560 110.964401 -9.144746 0.217973 0.125906 5.093354 -0.090534
18.880783 -47.843620 5.753078 -18.798122 111.543556 -9.369424 0.237566 0.243849 5.092817 -0.088929
19.002779 -48.517563 5.754995 -19.369886 112.125443 -9.599971 0.258207 0.355696 5.085709 -0.086253
19.125774 -49.165150 5.761390 -19.929766 112.700912 -9.831450 0.278564 0.455846 5.085943 -0.084179
19.258770 -49.847897 5.780779 -20.491982 113.326302 -10.087403 0.302596 0.547688 5.080067 -0.080484
19.384764 -50.446686 5.809785 -20.938978 113.912720 -10.330801 0.325961 0.616025 5.080281 -0.076407
19.510757 -51.028820 5.837693 -21.341722 114.503197 -10.578481 0.350570 0.667252 5.078440 -0.074717
19.634752 -51.587502 5.862423 -21.700518 115.087570 -10.826353 0.375785 0.693141 5.075990 -0.071705
19.759747 -52.120472 5.884379 -21.988480 115.670547 -11.076015 0.399931 0.678495 5.075080 -0.068933
19.884741 -52.620651 5.915696 -22.220879 116.252968 -11.327581 0.422146 0.611577 5.081366 -0.064471
20.010735 -53.085426 5.945482 -22.382881 116.835487 -11.581453 0.442961 0.499044 5.086634 -0.060869
20.134729 -53.516972 5.963483 -22.481867 117.416969 -11.839327 0.461975 0.363961 5.090749 -0.057432
20.259724 -53.930016 5.964990 -22.568398 117.993179 -12.098360 0.478756 0.230195 5.097004 -0.057532
20.383718 -54.327320 5.931472 -22.619745 118.573708 -12.363008 0.493431 0.105382 5.104122 -0.052563
20.509712 -54.687115 5.885600 -22.681345 119.151611 -12.631886 0.507638 -0.010629 5.099805 -0.047402
20.634706 -55.007523 5.814466 -22.688000 119.728027 -12.904705 0.520766 -0.121359 5.102911 -0.042294
20.759701 -55.278587 5.700598 -22.626780 120.304237 -13.180449 0.533665 -0.228562 5.117563 -0.035543
20.884695 -55.509407 5.553404 -22.501780 120.884323 -13.461902 0.545107 -0.336311 5.118208 -0.032280
21.009689 -55.708435 5.377780 -22.303474 121.457146 -13.746624 0.556252 -0.447169 5.121566 -0.029613
21.134684 -55.870842 5.177535 -22.077221 122.028877 -14.035929 0.567871 -0.559189 5.130943 -0.023606
21.259678 -55.994179 4.966085 -21.777962 122.599266 -14.330317 0.580674 -0.657373 5.142447 -0.018518
21.384672 -56.071945 4.763076 -21.397690 123.168404 -14.629837 0.594727 -0.721375 5.150981 -0.012654
21.510666 -56.103191 4.562594 -20.894045 123.741737 -14.937060 0.610970 -0.738611 5.169366 -0.007898
21.635660 -56.082996 4.370501 -20.357721 124.309883 -15.247911 0.628234 -0.711613 5.187572 -0.000331
21.760654 -56.028198 4.192643 -19.763950 124.877441 -15.564692 0.644820 -0.654677 5.205495 0.001649
21.885649 -55.954788 4.026751 -19.131176 125.438324 -15.884811 0.659897 -0.581820 5.210615 0.005468
22.011642 -55.848740 3.872869 -18.410885 126.006180 -16.216684 0.672488 -0.495641 5.224013 0.009613
22.126637 -55.723694 3.727295 -17.702028 126.523247 -16.525488 0.681904 -0.401229 5.242097 0.013025
22.251631 -55.561672 3.569836 -16.871284 127.087593 -16.870481 0.688461 -0.270491 5.256668 0.016367
22.376625 -55.365429 3.406723 -15.971148 127.645111 -17.220018 0.691152 -0.107858 5.269190 0.022745
22.501619 -55.136856 3.221884 -15.050539 128.199631 -17.578121 0.687544 0.080627 5.291096 0.025692
22.626614 -54.884396 3.008028 -14.057950 128.750977 -17.944664 0.679751 0.276018 5.303443 0.028790
22.752607 -54.617504 2.758844 -12.935265 129.299194 -18.320385 0.667174 0.456028 5.329155 0.030094
22.877602 -54.328350 2.482765 -11.716827 129.845657 -18.705843 0.651595 0.603333 5.367475 0.034456
23.002596 -54.006405 2.198135 -10.396144 130.395462 -19.104105 0.633194 0.709662 5.405151 0.039274
23.127590 -53.657417 1.898498 -9.067117 130.938782 -19.509684 0.612851 0.770437 5.436135 0.045305
23.253584 -53.271984 1.590378 -7.720309 131.480270 -19.924879 0.592099 0.786882 5.471190 0.050229
23.377579 -52.854397 1.266795 -6.386718 132.018219 -20.351851 0.571254 0.760413 5.517349 0.055467
23.502573 -52.415573 0.941061 -4.964512 132.556015 -20.788137 0.550916 0.693562 5.554307 0.059398
23.627567 -51.951870 0.621908 -3.524794 133.087540 -21.231159 0.531805 0.593071 5.600827 0.065384
23.752562 -51.464043 0.283406 -2.051368 133.620972 -21.688780 0.512504 0.467261 5.640163 0.067920
23.877556 -50.958450 -0.064743 -0.549464 134.151962 -22.157614 0.495513 0.329932 5.687423 0.071890
24.002550 -50.434326 -0.419452 0.924391 134.680130 -22.637785 0.480150 0.193020 5.725827 0.075351
24.127544 -49.882076 -0.764172 2.355510 135.208481 -23.134125 0.465487 0.063395 5.776741 0.080161
24.254539 -49.313568 -1.089007 3.696608 135.737488 -23.647423 0.451454 -0.055129 5.824692 0.081285
24.377535 -48.751545 -1.387389 4.954573 136.248016 -24.155870 0.436481 -0.156690 5.877415 0.085411
24.501530 -48.167423 -1.670910 6.183737 136.760544 -24.678667 0.420793 -0.245688 5.923814 0.087087
24.635525 -47.528133 -1.953365 7.389182 137.311066 -25.255848 0.400841 -0.328584 5.971837 0.089742
24.757521 -46.937634 -2.181036 8.379609 137.809280 -25.791666 0.380670 -0.393905 6.013929 0.088311
24.878517 -46.359810 -2.345824 9.258756 138.300247 -26.331263 0.358096 -0.445658 6.039061 0.088714
25.001513 -45.767307 -2.461549 10.047212 138.792236 -26.881580 0.334853 -0.477640 6.059885 0.089496
25.134508 -45.120358 -2.505930 10.676311 139.326874 -27.493414 0.309258 -0.485096 6.065732 0.085655
25.256504 -44.546768 -2.460317 11.059361 139.809296 -28.054909 0.286873 -0.472747 6.068335 0.082784
25.381498 -43.980873 -2.338202 11.306329 140.295685 -28.628807 0.265522 -0.452616 6.061942 0.079601
25.505493 -43.432663 -2.120334 11.362356 140.780563 -29.209202 0.245763 -0.429731 6.042552 0.074977
25.631487 -42.905811 -1.830109 11.261140 141.263245 -29.794531 0.225655 -0.398456 6.010770 0.070606
25.757481 -42.423889 -1.478845 10.923888 141.740585 -30.380148 0.207004 -0.350537 5.982926 0.061699
25.883474 -41.986565 -1.092551 10.370086 142.209610 -30.959650 0.189527 -0.284410 5.951071 0.057165
26.008469 -41.586102 -0.663629 9.633954 142.677231 -31.541941 0.172488 -0.202826 5.906422 0.051655
26.133463 -41.229839 -0.241820 8.788743 143.138214 -32.114841 0.156730 -0.110770 5.865787 0.047251
26.259457 -40.911457 0.166799 7.841155 143.597595 -32.681461 0.142489 -0.010748 5.818518 0.042029
26.381453 -40.632095 0.549733 6.837528 144.048370 -33.234238 0.131389 0.089390 5.788389 0.038814
26.504448 -40.379742 0.896808 5.784703 144.498611 -33.783398 0.122842 0.182308 5.767235 0.037219
26.629444 -40.162899 1.203948 4.643636 144.956055 -34.337723 0.116971 0.263293 5.740034 0.030652
26.754440 -39.989243 1.452230 3.489356 145.415421 -34.887287 0.112590 0.332078 5.723651 0.025963
26.878435 -39.859631 1.637311 2.338854 145.870880 -35.423931 0.112740 0.389890 5.723979 0.020408
27.003429 -39.761402 1.775142 1.154292 146.341141 -35.970230 0.114703 0.433637 5.720825 0.017237
27.129423 -39.687840 1.872268 -0.025753 146.812683 -36.509777 0.118553 0.450333 5.735946 0.014066
27.253418 -39.635353 1.928348 -1.104170 147.291245 -37.045536 0.125250 0.434138 5.756876 0.010963
27.378412 -39.603397 1.958160 -2.087302 147.773712 -37.573933 0.136511 0.390021 5.779250 0.007639
27.503407 -39.593681 1.976924 -2.954841 148.272339 -38.108105 0.150432 0.326210 5.813621 0.004663
27.627401 -39.583054 1.969593 -3.666396 148.772339 -38.631386 0.166757 0.250367 5.856983 0.004423
27.753395 -39.577171 1.954937 -4.268889 149.290405 -39.161919 0.187230 0.163130 5.905013 0.003755
27.878389 -39.569717 1.956497 -4.796484 149.809692 -39.683472 0.207863 0.074643 5.958857 0.003220
28.002384 -39.555367 1.958602 -5.176782 150.342728 -40.208641 0.229266 -0.004037 6.004543 0.003421
28.127378 -39.535820 1.948605 -5.405748 150.885193 -40.733894 0.252248 -0.062461 6.068212 0.004128
28.251373 -39.520985 1.932644 -5.537405 151.433640 -41.253979 0.275128 -0.101807 6.117234 0.001280
28.376368 -39.506542 1.908385 -5.536618 151.997314 -41.777409 0.296173 -0.132502 6.184530 0.002999
28.509363 -39.479774 1.889360 -5.430169 152.608704 -42.334705 0.314926 -0.162922 6.246247 0.003764
28.632359 -39.445110 1.876050 -5.267315 153.179794 -42.845974 0.329668 -0.186466 6.307441 0.004512
28.756353 -39.406082 1.857882 -5.042114 153.774048 -43.370266 0.339781 -0.199519 6.368970 0.004243
28.881348 -39.365490 1.836568 -4.712203 154.377670 -43.895573 0.345527 -0.200048 6.424663 0.003414
29.004343 -39.323246 1.822625 -4.289159 154.981293 -44.412754 0.346754 -0.194100 6.483646 0.004691
29.129337 -39.268700 1.829374 -3.812036 155.598206 -44.934746 0.344928 -0.187720 6.540426 0.005826
29.253332 -39.198246 1.846900 -3.299038 156.228973 -45.460590 0.340613 -0.180083 6.589820 0.008040
29.377327 -39.114414 1.864982 -2.759037 156.863846 -45.981731 0.334123 -0.163067 6.645914 0.009681
29.502321 -39.016884 1.890198 -2.222838 157.511749 -46.507225 0.329160 -0.128762 6.694979 0.012539
29.628315 -38.895351 1.926099 -1.675048 158.166794 -47.033398 0.325117 -0.079906 6.742159 0.015094
29.752310 -38.765827 1.978258 -1.100123 158.828751 -47.559525 0.324481 -0.030470 6.784965 0.015752
29.877304 -38.620403 2.043562 -0.578210 159.497528 -48.086407 0.326874 0.003624 6.824307 0.019145
30.002298 -38.455948 2.125390 -0.149510 160.172043 -48.613167 0.332623 0.015283 6.863865 0.021222
30.128292 -38.277821 2.205348 0.237120 160.852768 -49.139355 0.341221 0.009782 6.895386 0.024113
30.253286 -38.085606 2.286758 0.569130 161.538712 -49.665951 0.349528 -0.002192 6.935632 0.024933
30.377281 -37.879353 2.369172 0.861685 162.231400 -50.192024 0.358694 -0.013541 6.975544 0.028465
30.502275 -37.662708 2.484134 1.088926 162.929047 -50.718948 0.369290 -0.022467 7.010250 0.029165
30.627270 -37.433914 2.597260 1.252666 163.632660 -51.245407 0.378049 -0.027494 7.042548 0.031194
30.752266 -37.208000 2.702617 1.356689 164.341431 -51.770836 0.383860 -0.023835 7.068860 0.031067
30.886261 -36.966053 2.799988 1.400272 165.103241 -52.327839 0.387416 -0.005390 7.112603 0.031410
31.010256 -36.733475 2.873140 1.327160 165.826172 -52.850063 0.385584 0.024315 7.149994 0.033596
31.134251 -36.495895 2.921329 1.229575 166.550461 -53.366058 0.378432 0.058856 7.186122 0.033433
31.259245 -36.266285 2.953723 1.084887 167.286057 -53.885857 0.366270 0.093037 7.220654 0.033478
31.381241 -36.032730 2.969568 0.818414 168.008591 -54.392586 0.351161 0.124351 7.242027 0.036444
31.507236 -35.780914 2.985895 0.456392 168.759201 -54.915268 0.333378 0.153692 7.270837 0.037750
31.629232 -35.530933 3.005606 0.039975 169.491516 -55.419746 0.314840 0.174447 7.299009 0.039473
31.752228 -35.273949 3.022748 -0.419560 170.234940 -55.926094 0.296030 0.178569 7.322038 0.040941
31.875223 -35.008385 3.035964 -0.937495 170.981461 -56.431816 0.277747 0.157232 7.336667 0.041957
32.009220 -34.720417 3.065561 -1.533907 171.799240 -56.979610 0.262266 0.101762 7.353759 0.042470
32.131237 -34.455471 3.118326 -2.114452 172.547424 -57.476948 0.252993 0.028849 7.370236 0.042040
32.253254 -34.188347 3.189466 -2.711635 173.298935 -57.971565 0.247673 -0.050205 7.377331 0.043408
32.376270 -33.919163 3.269707 -3.289995 174.059814 -58.467281 0.245921 -0.115731 7.382674 0.042775
32.509285 -33.635654 3.378375 -3.886506 174.884216 -58.999809 0.246446 -0.149490 7.377520 0.040762
32.634300 -33.374874 3.511289 -4.383346 175.662079 -59.495605 0.248452 -0.137975 7.379016 0.039574
32.756317 -33.139500 3.659285 -4.828174 176.422302 -59.974991 0.249523 -0.091957 7.360137 0.037407
32.878334 -32.903961 3.832183 -5.188242 177.183273 -60.449921 0.249985 -0.025115 7.347586 0.036607
33.003349 -32.681358 3.993857 -5.502454 177.956787 -60.928688 0.249718 0.048509 7.326167 0.031832
33.128365 -32.486240 4.142422 -5.762333 178.736435 -61.406769 0.247790 0.113567 7.305982 0.027346
33.252380 -32.307129 4.289936 -5.950958 179.516205 -61.878887 0.245512 0.156396 7.284522 0.026787
33.377396 -32.126846 4.422360 -6.068455 180.289719 -62.343452 0.241148 0.170276 7.267010 0.026972
33.501411 -31.952974 4.557089 -6.147533 181.068207 -62.809425 0.233925 0.160085 7.253048 0.023585
33.626427 -31.816654 4.678121 -6.186713 181.841064 -63.268417 0.223675 0.139859 7.243979 0.017899
33.751442 -31.698009 4.791033 -6.172312 182.620972 -63.726700 0.212601 0.121839 7.234102 0.016063
33.885456 -31.584318 4.884973 -6.162368 183.464600 -64.219208 0.199445 0.105348 7.232395 0.012666
34.006470 -31.506550 4.943164 -6.143292 184.220581 -64.658310 0.188369 0.081619 7.219977 0.010010
34.130486 -31.452520 4.981757 -6.080890 184.996002 -65.104851 0.176729 0.036023 7.216964 0.004540
34.255501 -31.430546 5.003675 -5.973798 185.771988 -65.548012 0.163921 -0.034415 7.200292 0.000194
34.379517 -31.442339 4.998647 -5.862229 186.553574 -65.990837 0.151698 -0.122654 7.180646 -0.004269
34.503532 -31.476616 4.956721 -5.726352 187.329987 -66.425163 0.139241 -0.212016 7.168575 -0.008167
34.627548 -31.539665 4.883547 -5.559606 188.100250 -66.851547 0.128483 -0.285361 7.151371 -0.013570
34.750565 -31.641132 4.799037 -5.400318 188.875916 -67.279449 0.119646 -0.330790 7.138397 -0.018719
34.885582 -31.798649 4.685962 -5.197158 189.719299 -67.740959 0.112252 -0.343017 7.108216 -0.024602
35.000595 -31.960642 4.579848 -4.986963 190.429825 -68.128120 0.108280 -0.328269 7.091015 -0.028981
35.125610 -32.167965 4.471870 -4.736510 191.207870 -68.550148 0.106190 -0.297048 7.074324 -0.033795
35.261627 -32.431122 4.348295 -4.509703 192.052658 -69.007790 0.105451 -0.256611 7.057892 -0.038486
35.375641 -32.674282 4.252340 -4.281589 192.760956 -69.388939 0.105016 -0.220587 7.055861 -0.041108
35.500656 -32.974545 4.154953 -4.030083 193.537308 -69.803719 0.103633 -0.175626 7.028694 -0.045953
35.625671 -33.305187 4.068410 -3.822005 194.312088 -70.216225 0.101366 -0.118301 7.018991 -0.049923
35.750687 -33.679207 4.012915 -3.692918 195.092224 -70.629822 0.097395 -0.043691 7.000899 -0.055555
35.876701 -34.091583 3.987058 -3.646048 195.864944 -71.037788 0.090781 0.043785 6.982532 -0.059434
36.001717 -34.530544 3.973920 -3.665220 196.634872 -71.442871 0.082334 0.132618 6.944323 -0.062539
36.127731 -35.001316 3.987356 -3.766493 197.407196 -71.848747 0.071567 0.207145 6.902432 -0.065348
36.253746 -35.496178 4.021395 -3.921163 198.174225 -72.252258 0.059944 0.253488 6.861919 -0.067666
36.378761 -36.015541 4.073377 -4.123881 198.936127 -72.653107 0.049171 0.268163 6.811521 -0.071154
36.504776 -36.551178 4.139479 -4.373275 199.686859 -73.047264 0.039515 0.258269 6.759871 -0.073160
36.629791 -37.112690 4.217356 -4.644777 200.435898 -73.441582 0.032581 0.237448 6.695942 -0.076030
36.754807 -37.688366 4.279541 -4.936739 201.165115 -73.828468 0.027359 0.220299 6.638298 -0.078511
36.879822 -38.299500 4.315019 -5.262648 201.894531 -74.216240 0.023022 0.214425 6.584329 -0.083350
37.003838 -38.937603 4.329609 -5.578668 202.612915 -74.596397 0.021434 0.218389 6.526060 -0.088513
37.127853 -39.603809 4.342262 -5.987974 203.323166 -74.973511 0.021916 0.223395 6.460138 -0.090766
37.250870 -40.281639 4.340250 -6.416889 204.025375 -75.348740 0.023175 0.221430 6.392778 -0.091844
37.384884 -41.022190 4.340042 -6.896839 204.770035 -75.749153 0.025231 0.210402 6.331305 -0.092600
37.507900 -41.719032 4.336906 -7.370985 205.456894 -76.121010 0.028822 0.196524 6.272414 -0.094349
37.632915 -42.436573 4.312500 -7.870958 206.136887 -76.490822 0.032971 0.180597 6.218232 -0.095989
37.756931 -43.154919 4.299822 -8.438806 206.814468 -76.862198 0.037824 0.156520 6.151587 -0.093064
37.879948 -43.864155 4.278605 -9.081934 207.473572 -77.226784 0.042479 0.115710 6.102419 -0.093693
38.002964 -44.559391 4.242779 -9.649261 208.121124 -77.586418 0.046136 0.056096 6.044095 -0.092389
38.125980 -45.258766 4.208898 -10.207770 208.772415 -77.950066 0.050783 -0.014220 6.000850 -0.093609
38.261997 -46.020466 4.155788 -10.804994 209.474503 -78.343567 0.056186 -0.082330 5.937458 -0.092184
38.386013 -46.711025 4.107733 -11.327249 210.112244 -78.703033 0.061455 -0.123531 5.881587 -0.091678
38.511028 -47.407276 4.068805 -11.865213 210.748093 -79.064667 0.068582 -0.144046 5.833263 -0.090344
38.635044 -48.077461 4.050703 -12.390835 211.372589 -79.422432 0.079642 -0.154812 5.782017 -0.088343
38.759060 -48.736404 4.053931 -12.886057 211.995117 -79.782509 0.095032 -0.170797 5.732201 -0.086835
38.884075 -49.382294 4.081046 -13.349833 212.611160 -80.141556 0.111014 -0.201277 5.682478 -0.085064
39.008091 -50.018860 4.158087 -13.805957 213.216034 -80.496941 0.127609 -0.243931 5.641764 -0.084766
39.130108 -50.622749 4.254197 -14.197083 213.802109 -80.841965 0.145935 -0.287078 5.602569 -0.081555
39.254124 -51.225471 4.378353 -14.565285 214.401932 -81.197258 0.164698 -0.321019 5.559644 -0.079917
39.379139 -51.799152 4.508531 -14.937508 214.991470 -81.547844 0.183707 -0.339032 5.515978 -0.075328
39.504154 -52.352722 4.636083 -15.265368 215.580826 -81.900208 0.202207 -0.346773 5.475995 -0.073077
39.629169 -52.888290 4.766751 -15.515560 216.164856 -82.252487 0.219633 -0.351581 5.438847 -0.071291
39.755184 -53.408710 4.879635 -15.731512 216.748901 -82.607460 0.236713 -0.352369 5.411966 -0.068505
39.879200 -53.909779 4.956434 -15.968823 217.323822 -82.959442 0.254593 -0.336701 5.384121 -0.066212
40.005215 -54.388840 4.991652 -16.129040 217.896393 -83.310928 0.271186 -0.292162 5.371566 -0.064277
40.130230 -54.843594 4.978871 -16.263693 218.466736 -83.663490 0.288726 -0.218273 5.357805 -0.060567
40.255245 -55.274078 4.913195 -16.355591 219.034805 -84.016899 0.308275 -0.128166 5.347999 -0.057704
40.380260 -55.666744 4.797832 -16.405928 219.601608 -84.370430 0.331005 -0.038089 5.337634 -0.052664
40.505276 -56.032478 4.637915 -16.379486 220.167023 -84.724342 0.355918 0.043344 5.335869 -0.050037
40.630291 -56.358616 4.446858 -16.295971 220.736328 -85.083084 0.383037 0.117698 5.342301 -0.043575
40.755306 -56.644897 4.247666 -16.223148 221.299469 -85.441261 0.411949 0.190489 5.340643 -0.038856
40.879322 -56.879196 4.036138 -16.136280 221.858139 -85.798752 0.442578 0.268304 5.355340 -0.031481
41.005337 -57.076389 3.830161 -16.005831 222.421158 -86.161018 0.474076 0.354966 5.354945 -0.027247
41.130352 -57.244080 3.636388 -15.847074 222.983490 -86.524918 0.506806 0.444794 5.358984 -0.022947
41.255367 -57.384766 3.444714 -15.636849 223.544571 -86.891914 0.538394 0.524379 5.365316 -0.019151
41.380383 -57.482544 3.245647 -15.410927 224.104950 -87.262276 0.568229 0.577841 5.376950 -0.012865
41.505398 -57.542194 3.065656 -15.177547 224.664841 -87.636185 0.594610 0.595079 5.390571 -0.008280
41.628414 -57.568981 2.891820 -14.872663 225.219849 -88.011055 0.616947 0.574767 5.407411 -0.004282
41.762432 -57.556973 2.729071 -14.450109 225.816132 -88.416679 0.636965 0.514424 5.432880 0.001812
41.885448 -57.497078 2.580581 -13.996476 226.372620 -88.798798 0.652238 0.424431 5.448213 0.007407
42.009464 -57.397255 2.447526 -13.496666 226.923950 -89.182335 0.663657 0.306933 5.469765 0.013494
42.134480 -57.258663 2.325143 -12.908093 227.488556 -89.579536 0.672049 0.168441 5.482554 0.017208
42.259495 -57.104168 2.211130 -12.310201 228.045990 -89.977402 0.677295 0.031440 5.481332 0.019627
42.384510 -56.918282 2.092129 -11.693305 228.601883 -90.381386 0.681215 -0.084075 5.507181 0.025035
42.510525 -56.690639 1.972557 -10.934485 229.162140 -90.793907 0.683699 -0.163492 5.532137 0.029237
42.635540 -56.419037 1.866790 -10.075894 229.717484 -91.209145 0.684823 -0.204215 5.559566 0.037224
42.760555 -56.103451 1.762557 -9.122563 230.272690 -91.628845 0.684667 -0.223078 5.573147 0.043480
42.885571 -55.746513 1.660258 -8.172484 230.824982 -92.055260 0.683783 -0.246957 5.591958 0.047858
43.010586 -55.361912 1.538183 -7.147271 231.375153 -92.487617 0.682742 -0.297987 5.602256 0.051351
43.136600 -54.950218 1.385952 -6.111464 231.923615 -92.925591 0.680738 -0.378312 5.626103 0.056263
43.261616 -54.503105 1.196640 -5.049647 232.470627 -93.371193 0.677480 -0.467984 5.661119 0.060866
43.385632 -54.026699 0.965393 -3.923457 233.017227 -93.824791 0.674761 -0.539954 5.697609 0.065633
43.510647 -53.513897 0.691632 -2.764732 233.562363 -94.287697 0.671503 -0.576852 5.738625 0.071242
43.635662 -52.976974 0.355272 -1.583542 234.101624 -94.756668 0.665998 -0.575967 5.779886 0.076640
43.761677 -52.387100 -0.017574 -0.365771 234.648804 -95.242416 0.659006 -0.541490 5.824102 0.083835
43.886692 -51.758270 -0.441588 0.869536 235.195251 -95.737244 0.651136 -0.478088 5.866674 0.090248
44.011707 -51.088451 -0.898277 2.077273 235.735977 -96.237411 0.643737 -0.390283 5.909908 0.098108
44.133720 -50.403698 -1.352517 3.207679 236.263687 -96.734177 0.633971 -0.284797 5.960395 0.103617
44.259735 -49.665169 -1.806982 4.365624 236.803452 -97.252899 0.623543 -0.161387 6.011941 0.109637
44.383751 -48.895988 -2.251692 5.459954 237.341995 -97.781357 0.612646 -0.027649 6.054512 0.114860
44.508766 -48.102875 -2.662908 6.535758 237.878601 -98.319565 0.601339 0.108836 6.095962 0.119013
44.630783 -47.301029 -3.028552 7.510515 238.399673 -98.853287 0.590304 0.233923 6.128030 0.123406
44.753796 -46.484898 -3.344233 8.340486 238.917694 -99.394600 0.578679 0.340277 6.149473 0.123552
44.878811 -45.628300 -3.617081 9.093733 239.449219 -99.960190 0.565343 0.423980 6.164027 0.125984
45.003826 -44.768753 -3.821816 9.766959 239.972672 -100.526176 0.551137 0.481655 6.168594 0.126490
45.127842 -43.913486 -3.946488 10.308730 240.486069 -101.092934 0.536764 0.518081 6.160776 0.124573
45.252857 -43.062588 -3.994056 10.762565 240.994354 -101.661392 0.520955 0.536598 6.140484 0.123940
45.377872 -42.199055 -3.967417 11.151546 241.504715 -102.240379 0.502620 0.538002 6.110719 0.122261
45.502888 -41.352207 -3.879864 11.415963 242.004608 -102.813721 0.482075 0.522957 6.064415 0.118893
45.627903 -40.526291 -3.746629 11.581652 242.497116 -103.384285 0.457661 0.493090 6.004867 0.114927
45.752918 -39.732426 -3.557426 11.631710 242.976944 -103.947960 0.430810 0.449664 5.942686 0.110553
45.886929 -38.921066 -3.311828 11.529495 243.485687 -104.552994 0.399343 0.385924 5.865451 0.101280
46.012943 -38.205765 -3.054540 11.295527 243.954346 -105.114815 0.366355 0.307425 5.769554 0.095654
46.136959 -37.527710 -2.788728 10.999166 244.410934 -105.664780 0.331447 0.210607 5.683175 0.089414
46.259975 -36.908970 -2.535339 10.655410 244.851334 -106.197487 0.298395 0.100920 5.575800 0.083393
46.382992 -36.327312 -2.321729 10.292936 245.284454 -106.721008 0.266993 -0.013095 5.484154 0.078534
46.506004 -35.785110 -2.145729 9.880258 245.707321 -107.231461 0.239498 -0.118209 5.401154 0.072815
46.629021 -35.284325 -2.001006 9.406112 246.127975 -107.738693 0.214278 -0.208600 5.324555 0.065275
46.752037 -34.816990 -1.891500 8.913761 246.546967 -108.241386 0.190762 -0.287128 5.244366 0.060460
46.886051 -34.369152 -1.802440 8.360960 246.991684 -108.771843 0.167191 -0.369698 5.177149 0.054296
47.009068 -34.003334 -1.755138 7.761179 247.403229 -109.259621 0.148639 -0.452127 5.124181 0.045012
47.133083 -33.689842 -1.733209 7.126495 247.809799 -109.736359 0.133542 -0.533520 5.074070 0.038270
47.256100 -33.434704 -1.728156 6.510043 248.218567 -110.210457 0.122535 -0.601878 5.032436 0.030549
47.380116 -33.225513 -1.704746 5.898534 248.626450 -110.679008 0.113725 -0.645381 4.996010 0.024670
47.504131 -33.061024 -1.662157 5.262440 249.034637 -111.143364 0.107735 -0.659822 4.980848 0.017772
47.628147 -32.935619 -1.600355 4.663708 249.441391 -111.599098 0.104168 -0.643237 4.958295 0.013855
47.752159 -32.848206 -1.503618 4.083380 249.854630 -112.053749 0.100570 -0.590896 4.948834 0.008037
47.887177 -32.796890 -1.348609 3.433832 250.308517 -112.543190 0.097144 -0.489558 4.944066 0.001601
48.011192 -32.785614 -1.161434 2.803421 250.732712 -112.992531 0.093332 -0.359959 4.939019 -0.002599
48.134209 -32.812729 -0.933227 2.169092 251.153519 -113.430756 0.088757 -0.211400 4.937101 -0.007333
48.259224 -32.879395 -0.676026 1.544712 251.582336 -113.868797 0.085124 -0.051803 4.947767 -0.013228
48.383240 -32.979229 -0.393695 0.942230 252.016632 -114.304222 0.083264 0.112806 4.968290 -0.015920
48.508255 -33.108273 -0.097723 0.328560 252.464417 -114.743774 0.081860 0.281905 4.989790 -0.020057
48.633270 -33.261940 0.207999 -0.222294 252.912491 -115.172714 0.079909 0.441752 5.015152 -0.023194
48.757286 -33.443504 0.537845 -0.700982 253.371567 -115.603668 0.077994 0.583754 5.049844 -0.025789
48.882301 -33.645893 0.865029 -1.133964 253.837479 -116.033905 0.077079 0.696789 5.089231 -0.029335
49.006317 -33.877792 1.177106 -1.484845 254.307465 -116.458900 0.076348 0.775004 5.122707 -0.033059
49.130329 -34.135532 1.458443 -1.766243 254.785751 -116.882568 0.076104 0.813138 5.169855 -0.037159
49.254345 -34.415272 1.712442 -2.017390 255.271744 -117.305504 0.076654 0.801882 5.217579 -0.038942
49.377361 -34.701672 1.936572 -2.209884 255.763199 -117.723885 0.077730 0.737514 5.267642 -0.040264
49.509377 -35.016289 2.125069 -2.414315 256.300079 -118.174744 0.078949 0.620555 5.339769 -0.041873
49.630386 -35.322083 2.258036 -2.560098 256.800568 -118.589317 0.080980 0.492688 5.398032 -0.044485
49.762405 -35.665993 2.362545 -2.672319 257.356995 -119.040924 0.087143 0.352946 5.454817 -0.045108
49.883423 -35.991615 2.420056 -2.785973 257.876556 -119.455444 0.097480 0.229846 5.520440 -0.047026
50.004440 -36.339470 2.447539 -2.882518 258.405243 -119.871529 0.111113 0.106395 5.585710 -0.051449
50.127457 -36.709885 2.457568 -2.975199 258.952087 -120.295654 0.127598 -0.024371 5.652198 -0.051905
50.261475 -37.111431 2.426044 -3.075403 259.559174 -120.758659 0.146461 -0.172107 5.729143 -0.051138
50.384491 -37.471798 2.387361 -3.096525 260.126007 -121.185318 0.163962 -0.307836 5.796003 -0.051077
50.507507 -37.837605 2.343647 -3.116777 260.701233 -121.614609 0.180992 -0.437865 5.858840 -0.052280
50.629524 -38.200871 2.292297 -3.116060 261.279785 -122.042625 0.196616 -0.553550 5.925642 -0.051713
50.763542 -38.600525 2.241776 -3.057840 261.919312 -122.511444 0.211274 -0.650863 5.989508 -0.053976
50.885559 -38.981522 2.204250 -3.004059 262.517761 -122.947884 0.220978 -0.701690 6.047144 -0.055041
51.008572 -39.352596 2.168734 -3.006218 263.117981 -123.383995 0.227121 -0.709941 6.102928 -0.052897
51.130589 -39.728825 2.164810 -2.960612 263.730011 -123.826439 0.231105 -0.680562 6.163731 -0.053555
51.253605 -40.110817 2.185811 -2.910887 264.348328 -124.271538 0.232086 -0.623768 6.216179 -0.054670
51.388622 -40.525906 2.231981 -2.951729 265.027435 -124.758492 0.228670 -0.544326 6.255121 -0.053064
51.511639 -40.905071 2.298475 -2.967926 265.661255 -125.210449 0.223216 -0.464206 6.298243 -0.052188
51.634655 -41.273514 2.382163 -2.992529 266.295044 -125.659904 0.217002 -0.383991 6.329257 -0.052279
51.757671 -41.635860 2.500392 -3.052338 266.931915 -126.111557 0.212060 -0.303824 6.359032 -0.050248
51.880688 -41.992222 2.629385 -3.107804 267.571686 -126.563980 0.208237 -0.219235 6.378142 -0.049724
52.002705 -42.331455 2.762977 -3.175506 268.208160 -127.013802 0.206560 -0.125725 6.396836 -0.046475
52.135723 -42.693481 2.901006 -3.261298 268.903534 -127.504402 0.208674 -0.011704 6.401255 -0.047527
52.257740 -43.025913 3.027692 -3.396035 269.542267 -127.955688 0.213604 0.098413 6.415345 -0.046732
52.379753 -43.356346 3.142795 -3.529552 270.177948 -128.403168 0.221750 0.205539 6.424301 -0.046783
52.510769 -43.717751 3.260506 -3.707851 270.872284 -128.892120 0.231729 0.316388 6.437723 -0.045359
52.630783 -44.039055 3.344356 -3.947577 271.505554 -129.336349 0.243167 0.414353 6.454360 -0.044798
52.762798 -44.379410 3.421499 -4.274729 272.203552 -129.825729 0.258265 0.521585 6.462618 -0.040622
52.885815 -44.680630 3.491065 -4.656710 272.855713 -130.282516 0.273207 0.616460 6.478769 -0.039004
53.007832 -44.970074 3.548283 -5.061532 273.504730 -130.735229 0.286951 0.694064 6.492230 -0.036896
53.137844 -45.277237 3.603912 -5.528846 274.197632 -131.218597 0.298673 0.744834 6.509789 -0.038695
53.259861 -45.563202 3.644759 -6.026558 274.850067 -131.673874 0.305634 0.755088 6.527211 -0.034427
53.381878 -45.841751 3.684365 -6.537290 275.504089 -132.129776 0.308854 0.727018 6.542823 -0.034532
53.502892 -46.114780 3.723177 -7.082962 276.154572 -132.583450 0.309288 0.662486 6.560342 -0.033263
53.632904 -46.396591 3.758514 -7.712580 276.855377 -133.071045 0.305802 0.556447 6.573338 -0.031144
53.754917 -46.646168 3.780228 -8.281662 277.516388 -133.528610 0.300331 0.430801 6.597943 -0.030107
53.886932 -46.904415 3.781110 -8.845865 278.232635 -134.020859 0.291473 0.281009 6.580322 -0.028676
54.009949 -47.135948 3.754594 -9.346336 278.899902 -134.477356 0.281225 0.141030 6.571805 -0.029187
54.129963 -47.356030 3.729397 -9.694084 279.552673 -134.919296 0.270521 0.010252 6.565861 -0.028644
54.258972 -47.590153 3.698387 -9.978667 280.254150 -135.391602 0.261065 -0.124174 6.550528 -0.029289
54.379990 -47.798656 3.668760 -10.211397 280.911560 -135.831726 0.255275 -0.248834 6.530905 -0.026715
54.512009 -48.009438 3.646966 -10.433223 281.627136 -136.308899 0.252201 -0.387260 6.504492 -0.024639
54.634026 -48.187439 3.646809 -10.621535 282.285858 -136.747620 0.252951 -0.517473 6.477540 -0.024225
54.763035 -48.376640 3.664569 -10.751829 282.979584 -137.208221 0.258956 -0.648489 6.436421 -0.024654
54.884048 -48.544064 3.692758 -10.838341 283.626862 -137.636444 0.268778 -0.749273 6.400775 -0.022886
55.007065 -48.703442 3.726605 -10.868583 284.281677 -138.068665 0.281650 -0.814020 6.364281 -0.021110
55.130081 -48.843494 3.754247 -10.921148 284.932159 -138.499680 0.297446 -0.834664 6.329541 -0.019158
55.253090 -48.972839 3.802990 -10.961726 285.579376 -138.928879 0.314358 -0.817503 6.306432 -0.017145
55.387108 -49.089512 3.863801 -11.016491 286.282562 -139.394043 0.332771 -0.767787 6.281965 -0.011775
55.510124 -49.169529 3.919123 -11.098225 286.925446 -139.820282 0.347553 -0.697532 6.267666 -0.010543
55.633141 -49.232979 3.965136 -11.170114 287.561707 -140.242416 0.358442 -0.600008 6.254384 -0.005773
55.756157 -49.274765 3.990074 -11.300340 288.206696 -140.670624 0.366445 -0.467962 6.231170 -0.003699
55.879173 -49.305607 3.988564 -11.415369 288.840088 -141.090393 0.372366 -0.309536 6.229316 -0.002513
56.013191 -49.314274 3.964508 -11.494334 289.537079 -141.549576 0.375320 -0.115402 6.229431 0.000781
56.135208 -49.308395 3.936230 -11.524163 290.177521 -141.969574 0.376492 0.068484 6.221432 0.000855
56.258224 -49.291172 3.904675 -11.550208 290.817078 -142.388184 0.376040 0.247664 6.211382 0.004396
56.380241 -49.253040 3.860114 -11.620318 291.449615 -142.803848 0.375824 0.414182 6.204259 0.008261
56.513260 -49.184845 3.796782 -11.676990 292.138153 -143.255432 0.374765 0.577317 6.183274 0.010305
56.635277 -49.112232 3.736443 -11.700255 292.767578 -143.668320 0.373033 0.709335 6.157011 0.011503
56.757294 -49.029144 3.675522 -11.783330 293.393860 -144.081284 0.373323 0.823771 6.142145 0.012968
56.880310 -48.950058 3.610188 -11.823721 294.024353 -144.496445 0.375509 0.915990 6.133683 0.011632
57.014328 -48.884712 3.535023 -11.902678 294.704559 -144.945068 0.382125 0.972906 6.121371 0.007215
57.136345 -48.839214 3.458291 -11.945800 295.332275 -145.359192 0.390802 0.967169 6.105830 0.006399
57.258362 -48.781940 3.370549 -11.948510 295.953796 -145.769379 0.400998 0.896271 6.103428 0.009055
57.379379 -48.708359 3.273606 -11.903000 296.570007 -146.175644 0.413785 0.768211 6.095530 0.011077
57.513397 -48.611912 3.162984 -11.812088 297.251038 -146.625244 0.428517 0.583322 6.092790 0.013711
57.635414 -48.508835 3.052877 -11.660850 297.870758 -147.035675 0.441422 0.400865 6.095311 0.013353
57.757431 -48.399010 2.921860 -11.431351 298.491486 -147.446838 0.454310 0.223316 6.106242 0.014641
57.879448 -48.268719 2.785454 -11.084410 299.113983 -147.858627 0.465242 0.056336 6.133789 0.018246
58.012466 -48.105625 2.644198 -10.646544 299.794952 -148.309509 0.474415 -0.117960 6.145412 0.019525
58.134483 -47.944572 2.509104 -10.197824 300.420197 -148.724213 0.479345 -0.280189 6.153150 0.021040
58.255501 -47.760757 2.370854 -9.728969 301.040466 -149.137711 0.480530 -0.447149 6.166396 0.024451
58.388519 -47.540897 2.221900 -9.159829 301.721649 -149.595581 0.478039 -0.627586 6.174254 0.026964
58.510532 -47.327522 2.093658 -8.619793 302.347656 -150.017029 0.472925 -0.770258 6.192753 0.028628
58.630547 -47.109673 1.967241 -8.124472 302.963745 -150.434570 0.467026 -0.868171 6.213955 0.030705
58.761562 -46.864109 1.820247 -7.570439 303.637299 -150.892746 0.459240 -0.914903 6.220486 0.030303
58.881577 -46.631954 1.683114 -7.036222 304.254303 -151.314774 0.450930 -0.904861 6.238352 0.032236
59.012592 -46.360130 1.560012 -6.343095 304.929810 -151.777603 0.440486 -0.847854 6.259122 0.034237
59.132599 -46.095863 1.455916 -5.661915 305.548248 -152.204559 0.431528 -0.764167 6.261513 0.037901
59.263615 -45.782368 1.375964 -4.878716 306.223633 -152.673706 0.423108 -0.646246 6.283631 0.040021
59.385632 -45.477524 1.313344 -4.135095 306.851746 -153.113480 0.417990 -0.514719 6.287477 0.041745
59.506649 -45.160164 1.255136 -3.387872 307.473145 -153.553146 0.413854 -0.366858 6.293731 0.044625
59.637661 -44.788033 1.195189 -2.555027 308.145508 -154.031128 0.413754 -0.192006 6.297648 0.048191
59.758678 -44.423801 1.122815 -1.796517 308.764862 -154.476471 0.415960 -0.024346 6.307395 0.051456
59.879688 -44.042793 1.018484 -1.117727 309.383728 -154.926117 0.419414 0.141613 6.332077 0.054051
60.010700 -43.613152 0.884630 -0.419804 310.054626 -155.418228 0.421862 0.311659 6.367526 0.056998
