1.20 1.10 20 64
0.135000 0.011431 -0.003967 -0.058482 0.931257 -0.000686 -0.115891 0.137596 6.676481 0.002238
0.252000 0.017018 0.031708 -0.145939 1.707096 -0.002004 -0.037068 0.107557 6.599344 0.000477
0.380000 0.026478 0.095737 -0.227968 2.544390 -0.002265 0.094659 0.069519 6.495063 0.001360
0.511000 0.037412 0.154597 -0.360704 3.388221 -0.002316 0.258125 0.029372 6.402032 0.002292
0.629000 0.060696 0.166561 -0.464611 4.138812 -0.003220 0.412379 -0.005028 6.339803 0.004577
0.759000 0.101494 0.126934 -0.554597 4.960316 -0.004995 0.571663 -0.039997 6.312702 0.006968
0.876000 0.153939 0.040030 -0.626147 5.707231 -0.006013 0.692450 -0.066544 6.343557 0.007391
1.006001 0.211915 -0.109340 -0.711749 6.529672 -0.007304 0.789321 -0.085242 6.405727 0.008188
1.135000 0.276200 -0.292989 -0.763776 7.363314 -0.008037 0.841393 -0.089800 6.499439 0.008382
1.252000 0.342350 -0.494318 -0.776766 8.130013 -0.009346 0.845951 -0.085708 6.589315 0.010443
1.380000 0.425017 -0.744395 -0.831242 8.980586 -0.012151 0.803954 -0.080088 6.683546 0.011419
1.506000 0.509225 -1.007664 -0.857191 9.834356 -0.015090 0.720020 -0.078179 6.751661 0.011421
1.634000 0.594035 -1.244744 -0.892081 10.694172 -0.017969 0.605002 -0.074498 6.778010 0.011640
1.751000 0.669546 -1.414376 -0.895406 11.493662 -0.020357 0.483249 -0.061712 6.768832 0.011322
1.880000 0.750647 -1.531882 -0.922285 12.365026 -0.023971 0.350384 -0.034476 6.742572 0.011787
2.009000 0.842547 -1.556271 -1.001633 13.225340 -0.029111 0.233919 -0.003566 6.703013 0.012497
2.126000 0.928608 -1.485565 -1.072646 14.007410 -0.035805 0.149270 0.016698 6.668532 0.012111
2.255000 1.032977 -1.320557 -1.102569 14.863822 -0.042999 0.089379 0.023765 6.623160 0.015003
2.383001 1.149399 -1.051550 -0.941969 15.714645 -0.046922 0.071601 0.017331 6.575907 0.017080
2.508000 1.265047 -0.720971 -0.741884 16.532871 -0.049554 0.095248 0.002119 6.523732 0.016578
2.636001 1.396890 -0.352047 -0.463257 17.357237 -0.051393 0.153012 -0.025308 6.473167 0.019935
2.754001 1.525296 0.000636 -0.152085 18.118179 -0.054854 0.230926 -0.066445 6.433075 0.018869
2.884002 1.660262 0.368662 0.183944 18.951797 -0.057280 0.331735 -0.127860 6.401491 0.017994
3.001002 1.783449 0.659666 0.486787 19.699701 -0.057488 0.426701 -0.184191 6.391067 0.018323
3.129002 1.921272 0.919580 0.769820 20.524052 -0.056480 0.524478 -0.227218 6.393571 0.017957
3.258003 2.069450 1.110105 1.040008 21.345093 -0.056069 0.605436 -0.232066 6.432049 0.020666
3.387003 2.220038 1.225468 1.328288 22.178650 -0.055027 0.662764 -0.193260 6.488722 0.019258
3.503003 2.355239 1.265397 1.579980 22.941879 -0.053016 0.689669 -0.124732 6.552099 0.019108
3.632004 2.499916 1.243517 1.878605 23.787083 -0.051491 0.689296 -0.025738 6.636011 0.018623
3.760004 2.638899 1.169770 2.174968 24.642376 -0.049137 0.658809 0.078324 6.714832 0.018169
3.877004 2.766350 1.055671 2.421535 25.432087 -0.045761 0.606436 0.159081 6.773940 0.017914
4.006005 2.900287 0.900385 2.680966 26.309469 -0.041066 0.528109 0.214712 6.818410 0.017022
4.134006 3.023094 0.735955 2.927140 27.184412 -0.034329 0.438632 0.229389 6.844800 0.015927
4.260007 3.138037 0.573260 3.097861 28.048510 -0.026448 0.349773 0.211199 6.864665 0.015711
4.386009 3.250962 0.436418 3.216396 28.914906 -0.017680 0.269177 0.175607 6.879896 0.015372
4.501010 3.361596 0.348822 3.298890 29.713404 -0.006141 0.209679 0.141316 6.883195 0.017370
4.628011 3.485737 0.304784 3.319634 30.580040 0.007753 0.167901 0.112507 6.874297 0.016610
4.757012 3.612541 0.322020 3.234715 31.465366 0.024095 0.154239 0.095085 6.855670 0.016333
4.885014 3.730458 0.396140 3.099760 32.341389 0.043534 0.169520 0.085611 6.836342 0.016392
5.001015 3.835497 0.491893 2.879983 33.132744 0.062100 0.204276 0.079204 6.811454 0.015798
5.126016 3.934662 0.624265 2.554455 33.988838 0.084329 0.259291 0.075158 6.786963 0.013773
5.254017 4.024976 0.793793 2.151943 34.855602 0.109218 0.327330 0.082148 6.766697 0.012776
5.383018 4.123343 0.960380 1.795969 35.728699 0.138073 0.399117 0.104497 6.775535 0.014196
5.511020 4.215374 1.119426 1.456702 36.596962 0.170774 0.465186 0.134333 6.797977 0.013555
5.628021 4.296300 1.259127 1.141279 37.394451 0.201552 0.515918 0.150563 6.836867 0.012382
5.756022 4.374996 1.404715 0.820122 38.272465 0.236744 0.554598 0.139511 6.883797 0.011137
5.885023 4.451055 1.532326 0.521549 39.156910 0.273433 0.573515 0.093294 6.937187 0.011615
6.002024 4.528228 1.615837 0.281105 39.972027 0.308425 0.571211 0.027940 6.995298 0.012125
6.130025 4.612457 1.675799 0.043696 40.877892 0.349628 0.546898 -0.058236 7.054871 0.012732
6.259027 4.705495 1.710282 -0.189410 41.783535 0.391757 0.501938 -0.150536 7.103681 0.014274
6.387028 4.805558 1.734976 -0.405219 42.694881 0.433749 0.439559 -0.245109 7.142310 0.014657
6.503029 4.900315 1.754331 -0.549939 43.524055 0.472121 0.375858 -0.326315 7.163979 0.014662
6.632030 5.002017 1.781369 -0.717020 44.447826 0.515913 0.304974 -0.398923 7.166664 0.014758
6.759031 5.102336 1.809876 -0.834320 45.357323 0.560276 0.239591 -0.439112 7.170339 0.014553
6.876032 5.195215 1.837481 -0.881438 46.201923 0.603771 0.190327 -0.445406 7.161946 0.013357
7.005033 5.287531 1.879672 -0.912579 47.124153 0.653631 0.155201 -0.422684 7.156408 0.012325
7.135035 5.372441 1.930575 -0.822661 48.045681 0.705503 0.141207 -0.373563 7.152543 0.011614
7.252036 5.445971 2.020285 -0.728484 48.886536 0.754000 0.146452 -0.306543 7.128804 0.010794
7.382037 5.534138 2.146254 -0.645104 49.802799 0.808197 0.170360 -0.211048 7.100825 0.012081
7.511038 5.632075 2.291586 -0.570471 50.715595 0.863807 0.208414 -0.100600 7.075793 0.013745
7.626039 5.729834 2.438108 -0.496674 51.532566 0.914485 0.249797 0.003741 7.040213 0.014381
7.753040 5.833858 2.597918 -0.468433 52.422920 0.969307 0.298275 0.119069 7.011597 0.013274
7.882041 5.927670 2.734648 -0.448031 53.317917 1.026648 0.345076 0.234489 7.002193 0.013025
8.011042 6.022605 2.835712 -0.398399 54.226414 1.086271 0.385220 0.340447 7.007542 0.011376
8.126040 6.104224 2.896838 -0.323823 55.024326 1.139813 0.410159 0.407684 7.021074 0.012238
8.256040 6.214676 2.920687 -0.168829 55.944305 1.203137 0.423946 0.441286 7.050307 0.014525
8.385039 6.323226 2.913158 0.005058 56.847309 1.266786 0.423125 0.435078 7.088508 0.012816
8.502039 6.414974 2.871571 0.168044 57.677296 1.326528 0.410188 0.416304 7.126843 0.010972
8.631039 6.490090 2.792149 0.353934 58.596870 1.392996 0.382084 0.396912 7.159679 0.008482
8.760038 6.548872 2.693358 0.561469 59.526169 1.461087 0.341434 0.374138 7.171082 0.005594
8.878038 6.593384 2.614114 0.725645 60.370651 1.523304 0.298079 0.338149 7.180584 0.005609
9.006038 6.646487 2.520058 0.865215 61.287163 1.591940 0.249942 0.279786 7.179017 0.006352
9.132036 6.691957 2.427489 1.015885 62.180992 1.660040 0.205635 0.213783 7.166382 0.004562
9.261036 6.733993 2.352407 1.220917 63.101376 1.731251 0.168384 0.146765 7.148326 0.004611
9.379036 6.775417 2.297464 1.434593 63.940117 1.796919 0.145838 0.082367 7.119022 0.005399
9.508036 6.824594 2.251566 1.696126 64.853012 1.869910 0.134595 -0.000487 7.086735 0.006741
9.626036 6.875218 2.223910 1.888006 65.684135 1.934657 0.137798 -0.084391 7.048995 0.006903
9.753035 6.925337 2.202239 2.094496 66.580711 2.003816 0.155837 -0.171672 7.010100 0.005960
9.882034 6.977821 2.199978 2.238006 67.472084 2.073488 0.183959 -0.243658 6.963492 0.006977
10.011034 7.032303 2.194428 2.326980 68.371750 2.144923 0.220024 -0.300560 6.930359 0.006530
10.128034 7.084733 2.172837 2.401272 69.171616 2.209025 0.255472 -0.340257 6.910419 0.007988
10.257033 7.149606 2.140740 2.421082 70.058662 2.282207 0.293004 -0.366268 6.894143 0.008699
10.387033 7.211027 2.086580 2.441186 70.951408 2.358904 0.323556 -0.359463 6.896077 0.007604
10.504033 7.261425 2.017079 2.430774 71.755394 2.428757 0.343248 -0.321335 6.902163 0.007413
10.633033 7.319052 1.908447 2.377972 72.644104 2.507196 0.353690 -0.255493 6.924808 0.007846
10.751033 7.356906 1.787663 2.298347 73.459404 2.579620 0.353491 -0.192453 6.941581 0.005199
10.880033 7.396747 1.644752 2.198775 74.353683 2.660491 0.342599 -0.135189 6.976829 0.006682
11.010033 7.444265 1.488355 2.104943 75.259300 2.745061 0.321380 -0.095649 7.012790 0.006732
11.126032 7.490614 1.336969 2.014689 76.077728 2.823404 0.296135 -0.078390 7.034128 0.005776
11.256032 7.524199 1.202289 1.902814 76.982994 2.911370 0.265096 -0.082866 7.062704 0.004136
11.385032 7.542457 1.113306 1.759361 77.891113 3.002704 0.232014 -0.112347 7.085032 0.002477
11.502031 7.565922 1.082756 1.622607 78.723618 3.086851 0.204204 -0.152259 7.093724 0.005163
11.632031 7.589630 1.095202 1.461462 79.633461 3.180412 0.179989 -0.190238 7.087699 0.002383
11.761031 7.593542 1.161979 1.315480 80.549065 3.276674 0.164621 -0.201224 7.076750 0.000614
11.878031 7.599135 1.268877 1.159483 81.371376 3.364252 0.158910 -0.176564 7.060035 0.002373
12.007030 7.615693 1.448996 0.958210 82.268303 3.461351 0.162791 -0.113395 7.041826 0.003521
12.136030 7.637723 1.657104 0.773171 83.169571 3.559155 0.177020 -0.023805 7.013602 0.003852
12.254030 7.662191 1.846851 0.610842 83.990921 3.647196 0.193635 0.065789 6.994290 0.004990
12.382030 7.702558 2.061120 0.421647 84.886261 3.743401 0.214223 0.159855 6.971668 0.007571
12.511029 7.751643 2.265175 0.311052 85.779716 3.840050 0.234612 0.244857 6.965475 0.007292
12.626028 7.797225 2.413894 0.212600 86.576530 3.925745 0.250392 0.315168 6.975010 0.007741
12.753027 7.845132 2.546358 0.134322 87.451424 4.020923 0.262172 0.387787 6.990282 0.006716
12.880026 7.882974 2.631436 0.092596 88.333923 4.118155 0.266817 0.449416 6.997331 0.004927
13.009026 7.927557 2.697199 0.028813 89.231583 4.217336 0.264579 0.485878 7.004730 0.008177
13.126025 7.975511 2.730009 -0.014908 90.047379 4.307853 0.256571 0.486846 7.023801 0.006596
13.255025 8.029215 2.752783 -0.059500 90.956009 4.408774 0.241444 0.455260 7.040560 0.008271
13.385025 8.092596 2.749777 -0.071518 91.860428 4.509006 0.223425 0.403306 7.059636 0.008882
13.503025 8.159328 2.723780 -0.052244 92.696304 4.601894 0.204503 0.347060 7.072249 0.011204
13.632025 8.234506 2.690119 -0.033709 93.597488 4.701973 0.186083 0.276641 7.096321 0.009607
13.760024 8.317343 2.658493 0.021703 94.500946 4.803735 0.171306 0.191462 7.107375 0.011150
13.885022 8.408007 2.645678 0.160918 95.392105 4.905329 0.162593 0.094012 7.123569 0.012119
14.002022 8.494031 2.652519 0.305099 96.220825 5.000206 0.160957 0.002867 7.130785 0.011103
14.132022 8.579548 2.676738 0.465957 97.135155 5.105948 0.165572 -0.086580 7.137284 0.011397
14.261022 8.675172 2.731591 0.654767 98.057953 5.213107 0.174619 -0.162411 7.144822 0.012654
14.379022 8.768257 2.821046 0.847964 98.896057 5.310815 0.184919 -0.228635 7.150747 0.012692
14.509022 8.877259 2.957971 1.029458 99.812584 5.417228 0.198942 -0.307542 7.152567 0.014425
14.626021 8.983566 3.121002 1.182091 100.650635 5.514008 0.211088 -0.381878 7.147690 0.014584
14.755021 9.093960 3.301497 1.341252 101.558891 5.620192 0.222106 -0.451131 7.143691 0.013812
14.886021 9.207651 3.471462 1.500101 102.480629 5.729945 0.229350 -0.493933 7.137712 0.013564
15.004021 9.308986 3.624758 1.612610 103.324837 5.829888 0.229418 -0.503769 7.146869 0.013216
15.133020 9.408922 3.778765 1.776420 104.239601 5.938666 0.222503 -0.484139 7.144267 0.011762
15.251020 9.493222 3.923289 1.879382 105.077278 6.038749 0.211289 -0.442175 7.151974 0.012789
15.380020 9.596389 4.070656 1.927730 105.993347 6.148323 0.193335 -0.372467 7.149262 0.014548
15.508019 9.698235 4.207331 1.951525 106.908409 6.258371 0.172834 -0.280752 7.136403 0.013090
15.635018 9.786603 4.311664 1.914027 107.807098 6.365551 0.151009 -0.176150 7.115582 0.012165
15.753018 9.871088 4.368440 1.860882 108.633186 6.463879 0.131461 -0.074731 7.101127 0.014596
15.882018 9.980330 4.396700 1.855078 109.540459 6.572834 0.112432 0.034807 7.070883 0.015054
16.012016 10.084578 4.382906 1.861021 110.450958 6.680007 0.097158 0.131441 7.044753 0.013369
16.127010 10.178443 4.331031 1.865493 111.253426 6.774579 0.088014 0.198940 7.016925 0.015136
16.256002 10.301401 4.217737 1.881153 112.157516 6.882727 0.082531 0.249141 6.996467 0.017311
16.384995 10.434487 4.067136 1.860518 113.045464 6.990005 0.080972 0.268761 6.981121 0.018315
16.502987 10.566442 3.900013 1.878730 113.861458 7.087819 0.083849 0.261521 6.950493 0.019226
16.631979 10.723545 3.694889 1.914609 114.750938 7.194453 0.094717 0.229893 6.941538 0.021527
16.760971 10.880987 3.490608 1.965147 115.639519 7.301349 0.109836 0.185123 6.938547 0.020410
16.876965 11.028220 3.328788 2.011410 116.445877 7.398295 0.127700 0.146108 6.944808 0.022190
17.003958 11.190629 3.166469 2.035850 117.321922 7.505183 0.148142 0.120486 6.949404 0.022220
17.131950 11.350628 3.038932 2.044628 118.198128 7.612619 0.168746 0.118658 6.954058 0.022266
17.261942 11.518004 2.974161 2.103924 119.095146 7.725375 0.188424 0.137955 6.954934 0.021645
17.378935 11.666097 2.981726 2.157827 119.902802 7.828547 0.202543 0.166117 6.961176 0.022305
17.507927 11.834452 3.031757 2.177297 120.801231 7.944968 0.212512 0.201703 6.975337 0.022495
17.625919 11.976760 3.107049 2.211454 121.611412 8.052071 0.215173 0.229657 6.989562 0.020517
17.755911 12.130161 3.229768 2.254229 122.512817 8.173677 0.211970 0.244473 6.998474 0.019868
17.883904 12.279233 3.376546 2.299429 123.408386 8.294794 0.202650 0.228234 7.009230 0.019825
18.010897 12.434186 3.522629 2.424121 124.283943 8.414840 0.186948 0.175097 7.018011 0.020236
18.127890 12.579277 3.674119 2.523407 125.097099 8.526787 0.167483 0.098057 7.010357 0.021686
18.256882 12.744966 3.835583 2.671284 125.991692 8.650877 0.142485 -0.000864 6.992278 0.020500
18.385874 12.895823 3.994222 2.783666 126.885559 8.775258 0.116344 -0.091701 6.995210 0.018930
18.502867 13.030632 4.112517 2.863943 127.695808 8.888544 0.094301 -0.152875 6.992542 0.019192
18.632858 13.178492 4.216546 3.000758 128.593567 9.017882 0.071244 -0.191923 6.970994 0.016892
18.760851 13.306006 4.273747 3.098979 129.482300 9.145968 0.052743 -0.205253 6.954438 0.016543
18.875845 13.422634 4.289035 3.161437 130.265640 9.258759 0.041687 -0.204678 6.936809 0.017839
19.004837 13.558545 4.281404 3.247746 131.149994 9.387868 0.036600 -0.201608 6.923172 0.017018
19.132830 13.687459 4.258430 3.306424 132.031586 9.516986 0.036749 -0.200464 6.900792 0.016549
19.250822 13.803061 4.227111 3.320339 132.829620 9.633748 0.039709 -0.200391 6.887834 0.017607
19.379814 13.927428 4.165371 3.293432 133.708298 9.761612 0.047320 -0.199113 6.878115 0.017181
19.508806 14.051954 4.090697 3.245337 134.586151 9.889107 0.057337 -0.195711 6.872015 0.016796
19.636799 14.162153 4.042473 3.094750 135.456635 10.014901 0.067948 -0.190144 6.866381 0.015146
19.753792 14.254598 4.020545 2.969716 136.250366 10.131239 0.078311 -0.177980 6.851357 0.014783
19.883783 14.363650 4.018795 2.856523 137.130096 10.260768 0.090285 -0.147769 6.833420 0.017048
20.000776 14.473109 4.037415 2.782249 137.919800 10.377937 0.100068 -0.100882 6.821429 0.016945
20.129768 14.589748 4.093662 2.744244 138.789871 10.508349 0.108877 -0.030510 6.818725 0.015122
20.258760 14.704333 4.178905 2.744350 139.658875 10.639783 0.115720 0.047716 6.810936 0.015877
20.375753 14.823389 4.269108 2.780391 140.451920 10.761543 0.119021 0.115652 6.791371 0.018967
20.505745 14.982193 4.387239 2.834208 141.317062 10.895782 0.118479 0.176822 6.782285 0.021847
20.634737 15.166528 4.515327 2.940680 142.180573 11.032646 0.115924 0.214538 6.768811 0.024779
20.750731 15.343383 4.639185 3.083343 142.954239 11.156240 0.111450 0.221751 6.748827 0.025591
20.877724 15.540155 4.778869 3.243106 143.805801 11.292487 0.105153 0.202017 6.721982 0.024274
21.004717 15.734160 4.901642 3.416756 144.640244 11.428421 0.097988 0.165245 6.697996 0.026985
21.133709 15.966261 5.020763 3.606848 145.489334 11.567608 0.091921 0.126580 6.654951 0.030252
21.250702 16.200735 5.117638 3.792156 146.255142 11.693975 0.087578 0.098610 6.615225 0.033569
21.379694 16.481722 5.187450 4.050496 147.101608 11.836545 0.085024 0.073726 6.590682 0.034628
21.508686 16.774174 5.209844 4.299217 147.931091 11.979238 0.083352 0.052529 6.566892 0.038139
21.625679 17.057871 5.201727 4.501594 148.686981 12.109331 0.082395 0.036117 6.548729 0.040285
21.754671 17.389156 5.145964 4.714945 149.517197 12.253176 0.082535 0.020790 6.523183 0.043101
21.883663 17.744591 5.048182 4.960577 150.344070 12.398071 0.086180 0.005364 6.495336 0.045626
22.009657 18.111155 4.934230 5.185930 151.148849 12.541384 0.093126 -0.013280 6.479298 0.050142
22.126650 18.487566 4.810765 5.429277 151.900146 12.676706 0.102086 -0.030350 6.462984 0.054368
22.253643 18.916471 4.670154 5.666248 152.707031 12.822860 0.114002 -0.039805 6.454972 0.058423
22.380636 19.376646 4.520058 5.879907 153.506790 12.969222 0.126283 -0.035185 6.446872 0.062624
22.507629 19.856760 4.378819 6.059575 154.317551 13.119717 0.138555 -0.022932 6.435253 0.064764
22.636621 20.351616 4.258820 6.222307 155.126572 13.271943 0.148897 -0.016053 6.426060 0.065949
22.754614 20.810829 4.158274 6.394621 155.870422 13.415140 0.156653 -0.022689 6.416510 0.066359
22.884605 21.330332 4.060372 6.596940 156.688324 13.574655 0.162868 -0.043825 6.406309 0.068608
23.001598 21.810066 3.990050 6.834052 157.422852 13.720994 0.166173 -0.069696 6.396689 0.069594
23.130592 22.347050 3.927999 7.063254 158.231201 13.884943 0.167135 -0.099931 6.389397 0.070763
23.259584 22.897835 3.868588 7.259232 159.043884 14.052963 0.164449 -0.126128 6.375033 0.072989
23.377577 23.398735 3.820797 7.449738 159.772400 14.207479 0.159713 -0.137694 6.355142 0.072288
23.506569 23.950304 3.778218 7.694511 160.579269 14.381660 0.151723 -0.125768 6.340896 0.071844
23.636560 24.513504 3.757002 7.975896 161.376068 14.557522 0.142626 -0.083867 6.312961 0.075374
23.753553 25.033855 3.742196 8.195724 162.095413 14.719827 0.135183 -0.030044 6.291899 0.075349
23.882545 25.617517 3.740481 8.420535 162.884323 14.901010 0.129067 0.024184 6.255552 0.077871
24.000538 26.148342 3.739772 8.589338 163.600586 15.068974 0.125631 0.049608 6.214469 0.077597
24.129530 26.720989 3.741071 8.722056 164.377213 15.255253 0.124146 0.046056 6.171715 0.075508
24.257523 27.280519 3.745051 8.875758 165.141052 15.443552 0.125778 0.021713 6.124183 0.074473
24.384516 27.833687 3.748854 8.986070 165.898560 15.634115 0.131130 -0.005586 6.084244 0.073468
24.500509 28.315355 3.737278 9.042148 166.580185 15.809484 0.138394 -0.024913 6.053849 0.071031
24.627502 28.827826 3.710274 9.095235 167.315414 16.002634 0.150361 -0.040384 6.020657 0.070396
24.756495 29.343159 3.665185 9.124874 168.063385 16.203720 0.165573 -0.049820 5.987911 0.068169
24.882488 29.837425 3.618631 9.141742 168.790421 16.402435 0.181332 -0.050384 5.977345 0.067727
25.009481 30.325743 3.580281 9.110892 169.527130 16.606916 0.197564 -0.039360 5.972931 0.065417
25.127474 30.761288 3.542681 9.114521 170.198456 16.797298 0.210543 -0.020606 5.958036 0.064640
25.255466 31.235077 3.494240 9.158595 170.935516 17.010494 0.224566 0.004799 5.935296 0.062943
25.383459 31.690998 3.442858 9.167503 171.664017 17.224348 0.236249 0.034768 5.928729 0.062264
25.510452 32.136078 3.382826 9.190439 172.385101 17.439524 0.246276 0.074530 5.924026 0.058793
25.628445 32.522865 3.340997 9.228171 173.046829 17.640366 0.252594 0.124841 5.905773 0.056405
25.757437 32.946777 3.287867 9.346467 173.773758 17.865669 0.258526 0.192813 5.897325 0.055960
25.886429 33.363846 3.241731 9.462712 174.499405 18.093437 0.263920 0.256904 5.887509 0.054266
26.004421 33.722717 3.234944 9.512982 175.160782 18.303707 0.268533 0.296090 5.876552 0.052102
26.133413 34.091457 3.243701 9.642088 175.881851 18.538313 0.273465 0.305036 5.875303 0.048575
26.250406 34.409767 3.274256 9.747375 176.534714 18.752678 0.279469 0.280437 5.870320 0.044834
26.378399 34.740723 3.333918 9.878936 177.252716 18.991446 0.287280 0.222017 5.860969 0.043694
26.504393 35.051300 3.399805 10.019367 177.952866 19.226910 0.295874 0.140036 5.863764 0.040131
26.634384 35.347313 3.479024 10.055803 178.668762 19.470934 0.306906 0.038710 5.860057 0.039630
26.752377 35.608650 3.557036 10.052101 179.323288 19.695488 0.318542 -0.058862 5.863304 0.038443
26.881369 35.882381 3.636091 10.055117 180.037064 19.944029 0.331856 -0.156958 5.856998 0.036117
27.007362 36.144554 3.695106 10.058311 180.737991 20.192898 0.346399 -0.229613 5.855061 0.035686
27.133356 36.386677 3.746066 10.053617 181.426376 20.440975 0.361660 -0.272600 5.855577 0.033096
27.260349 36.631023 3.780155 10.073340 182.131012 20.698799 0.377281 -0.291960 5.868022 0.032982
27.377342 36.849609 3.783830 10.089031 182.776199 20.936253 0.391158 -0.296911 5.876983 0.031957
27.506334 37.065845 3.767184 10.066427 183.488815 21.200294 0.405354 -0.295722 5.897486 0.027262
27.635326 37.255451 3.719098 10.071444 184.196823 21.465725 0.416873 -0.289525 5.917308 0.024969
27.752319 37.410759 3.659731 10.028194 184.846390 21.710384 0.425545 -0.277240 5.936539 0.023381
27.882313 37.577591 3.581981 9.966047 185.568100 21.985254 0.431018 -0.252389 5.951240 0.022831
28.000305 37.718498 3.496955 9.898800 186.223190 22.237236 0.432997 -0.216027 5.944108 0.020891
28.129297 37.862331 3.391941 9.854982 186.937851 22.517107 0.434395 -0.158611 5.953114 0.019262
28.258289 37.987267 3.287576 9.808434 187.657104 22.803026 0.436745 -0.081757 5.956122 0.015127
28.376282 38.076790 3.190637 9.779220 188.303726 23.064138 0.438274 -0.001931 5.961837 0.012403
28.505276 38.156860 3.052588 9.783113 189.021973 23.358957 0.441561 0.090946 5.980221 0.008327
28.634268 38.211979 2.919999 9.762100 189.730896 23.652719 0.449024 0.173733 6.002820 0.007685
28.751261 38.250473 2.813058 9.673398 190.379822 23.924412 0.457752 0.229417 6.021317 0.004791
28.879253 38.276184 2.686242 9.559764 191.090332 24.225363 0.469847 0.256577 6.034359 0.002626
29.007246 38.273991 2.545728 9.417229 191.803543 24.529844 0.485328 0.245554 6.074889 -0.000862
29.125240 38.236042 2.414309 9.213014 192.464066 24.814812 0.502368 0.213225 6.111023 -0.007185
29.254232 38.157082 2.276113 8.977815 193.189499 25.131069 0.522466 0.174492 6.152301 -0.010597
29.382225 38.051105 2.140005 8.711717 193.911987 25.449970 0.541314 0.149305 6.181048 -0.014222
29.509218 37.916286 2.006753 8.404505 194.632339 25.770390 0.559951 0.140305 6.232858 -0.019182
29.627211 37.755611 1.885907 8.073395 195.305466 26.071507 0.574226 0.138630 6.264266 -0.023999
29.757202 37.534512 1.754202 7.687692 196.051392 26.407728 0.585976 0.136617 6.315373 -0.031305
29.886194 37.263100 1.642843 7.297591 196.795807 26.747210 0.593305 0.130849 6.364549 -0.036466
30.003187 36.993866 1.561065 6.935440 197.474655 27.059977 0.596539 0.120678 6.408231 -0.039994
30.132179 36.658340 1.484164 6.510356 198.229019 27.410896 0.594072 0.098180 6.477010 -0.045503
30.261171 36.280239 1.417831 6.044651 198.989197 27.768890 0.585443 0.059875 6.537710 -0.052165
30.378164 35.893944 1.367605 5.581123 199.689102 28.101814 0.575826 0.014873 6.590526 -0.058168
30.507158 35.437675 1.328946 5.053659 200.460022 28.471666 0.563815 -0.031828 6.657317 -0.061873
30.636150 34.950062 1.333338 4.549598 201.232574 28.843277 0.550569 -0.061334 6.726311 -0.068045
30.751144 34.475048 1.365691 4.106249 201.938110 29.184408 0.539535 -0.071093 6.777497 -0.071045
30.879137 33.930161 1.436672 3.587425 202.716339 29.561419 0.528099 -0.072560 6.832036 -0.074383
31.008129 33.345028 1.550605 3.047055 203.512970 29.947767 0.520230 -0.080956 6.886284 -0.078835
31.125122 32.786877 1.678614 2.574068 204.247849 30.303518 0.514669 -0.104691 6.942553 -0.081866
31.254114 32.144875 1.831987 2.072761 205.057983 30.694830 0.510991 -0.146115 6.995115 -0.086149
31.383106 31.468376 2.014127 1.633055 205.873016 31.088537 0.511389 -0.187980 7.033242 -0.091058
31.500099 30.837563 2.207881 1.288074 206.612106 31.443344 0.514866 -0.212735 7.088569 -0.093924
31.629091 30.109213 2.419856 0.937163 207.441025 31.839087 0.518302 -0.221461 7.140883 -0.099609
31.758083 29.341568 2.624512 0.659581 208.276474 32.237103 0.520199 -0.216505 7.203568 -0.103594
31.876076 28.621996 2.804922 0.461590 209.046722 32.604443 0.521835 -0.207426 7.257513 -0.106606
32.005070 27.809267 2.996233 0.273151 209.896011 33.008259 0.520480 -0.190175 7.313533 -0.109518
32.131084 26.985754 3.177874 0.215307 210.740479 33.407890 0.516610 -0.155205 7.385800 -0.115934
32.260098 26.109196 3.374214 0.222321 211.608063 33.813869 0.509904 -0.094302 7.450557 -0.119358
32.378109 25.308369 3.567625 0.205201 212.402679 34.181713 0.501857 -0.024667 7.503606 -0.119741
32.507122 24.412462 3.824710 0.215465 213.286133 34.586258 0.490234 0.048713 7.551542 -0.122766
32.636135 23.509926 4.118830 0.236892 214.177155 34.990665 0.474693 0.099543 7.613451 -0.122189
32.753147 22.685312 4.406495 0.296292 214.999603 35.359856 0.457136 0.123190 7.658504 -0.122206
32.883160 21.790237 4.735828 0.376447 215.905884 35.760311 0.434545 0.134882 7.694629 -0.122023
33.011173 20.905067 5.071905 0.486170 216.809906 36.154697 0.410993 0.148641 7.710863 -0.121421
33.127186 20.117741 5.396034 0.596638 217.632324 36.508091 0.389078 0.169786 7.719832 -0.120082
33.254200 19.266645 5.761567 0.709579 218.534470 36.888485 0.365399 0.198096 7.701433 -0.117195
33.382214 18.433815 6.108913 0.853877 219.441940 37.264992 0.342745 0.219643 7.661055 -0.113988
33.510227 17.620619 6.431702 0.987753 220.354675 37.635738 0.321232 0.224115 7.626660 -0.110614
33.628239 16.905645 6.688436 1.097290 221.179993 37.966347 0.304405 0.211587 7.577528 -0.107676
33.757252 16.137611 6.936424 1.210605 222.084839 38.324364 0.287649 0.186973 7.517241 -0.104911
33.875263 15.455012 7.114312 1.289426 222.907394 38.645115 0.274662 0.161012 7.457580 -0.100311
34.004276 14.743178 7.227736 1.361089 223.800797 38.987293 0.263414 0.133157 7.391086 -0.096098
34.131290 14.045510 7.236480 1.370420 224.675827 39.314274 0.256767 0.103303 7.330721 -0.095542
34.258305 13.363817 7.168912 1.377326 225.546494 39.633945 0.255183 0.064859 7.282363 -0.092851
34.385319 12.703900 7.018919 1.317423 226.413803 39.946003 0.255648 0.014197 7.246052 -0.087628
34.502331 12.138185 6.822688 1.221844 227.210480 40.226059 0.257037 -0.040166 7.202976 -0.079969
34.631344 11.527349 6.564604 0.995171 228.088089 40.526829 0.259502 -0.099440 7.186564 -0.079567
34.760357 10.923819 6.269243 0.717528 228.965302 40.821316 0.261182 -0.146808 7.162477 -0.075576
34.877369 10.403878 5.978673 0.393623 229.761673 41.083344 0.261700 -0.175102 7.168500 -0.070147
35.006382 9.847346 5.656554 -0.069096 230.641449 41.365337 0.261589 -0.189616 7.146549 -0.068459
35.135395 9.305019 5.341053 -0.609175 231.520096 41.638477 0.260302 -0.185473 7.124235 -0.064709
35.254406 8.820324 5.059869 -1.105849 232.329254 41.884914 0.255469 -0.163306 7.098653 -0.063587
35.384418 8.303429 4.785845 -1.681751 233.212570 42.148106 0.246600 -0.121799 7.080185 -0.062309
35.501431 7.864815 4.560020 -2.224642 234.011642 42.380833 0.237074 -0.079102 7.046373 -0.056873
35.631443 7.411016 4.336084 -2.831259 234.883865 42.630470 0.224019 -0.044793 7.026633 -0.054092
35.750454 7.011529 4.155551 -3.364390 235.686157 42.855705 0.211352 -0.036937 6.989284 -0.052035
35.879467 6.604158 3.999255 -3.924004 236.553162 43.092545 0.197149 -0.058002 6.949004 -0.048403
36.009480 6.216125 3.874804 -4.435593 237.422836 43.324226 0.183203 -0.100960 6.896459 -0.046244
36.136494 5.876001 3.779830 -4.861462 238.265884 43.543659 0.172815 -0.149347 6.838959 -0.041506
36.250507 5.588904 3.730235 -5.158871 239.025421 43.736546 0.166381 -0.187826 6.795231 -0.040572
36.377522 5.297694 3.677292 -5.429005 239.852753 43.940315 0.161386 -0.216134 6.739449 -0.036661
36.504536 5.034308 3.628339 -5.572639 240.681854 44.139919 0.158351 -0.224229 6.698990 -0.033564
36.633549 4.786148 3.589422 -5.565664 241.525192 44.338566 0.157250 -0.205465 6.639561 -0.032577
36.751560 4.579302 3.542245 -5.483736 242.278641 44.510654 0.157232 -0.159152 6.585513 -0.031267
36.881573 4.363495 3.479529 -5.370974 243.110031 44.695869 0.157700 -0.072688 6.527311 -0.029307
37.000584 4.172868 3.420872 -5.231334 243.853485 44.857395 0.157115 0.028501 6.485893 -0.030101
37.129597 3.968429 3.321879 -5.062274 244.681244 45.032818 0.155923 0.144435 6.439383 -0.027793
37.256611 3.778594 3.214612 -4.842773 245.485565 45.198738 0.154189 0.230799 6.398547 -0.026985
37.385624 3.589567 3.084506 -4.602796 246.292023 45.360394 0.151612 0.269673 6.360882 -0.027637
37.501637 3.425431 2.948882 -4.348607 247.013519 45.501659 0.150433 0.268295 6.325259 -0.026504
37.630650 3.252464 2.788389 -4.019274 247.806076 45.653557 0.151367 0.249014 6.289798 -0.024937
37.758663 3.090919 2.620482 -3.651769 248.601334 45.802330 0.154587 0.236928 6.257622 -0.023999
37.875675 2.949564 2.464396 -3.245625 249.314240 45.930943 0.159657 0.243707 6.236429 -0.024204
38.004688 2.789861 2.276590 -2.755853 250.106064 46.071194 0.165206 0.264025 6.226746 -0.024992
38.131702 2.614050 2.064381 -2.244439 250.890213 46.206688 0.170637 0.278979 6.212607 -0.027319
38.260715 2.417566 1.867064 -1.744948 251.672714 46.340130 0.177031 0.272071 6.193772 -0.028831
38.378727 2.242479 1.694795 -1.330470 252.393005 46.458504 0.182269 0.243784 6.179518 -0.026134
38.507740 2.064800 1.535532 -0.892529 253.179947 46.583565 0.186052 0.200016 6.179583 -0.025345
38.636753 1.892362 1.407159 -0.467375 253.967575 46.705791 0.188371 0.156177 6.178032 -0.023788
38.753765 1.746551 1.318216 -0.127020 254.682114 46.813301 0.190698 0.122374 6.175193 -0.023013
38.882778 1.586527 1.249785 0.200409 255.470764 46.927883 0.191716 0.087939 6.180653 -0.021528
39.010792 1.441518 1.234610 0.425942 256.260010 47.038017 0.192069 0.049499 6.174453 -0.020007
39.136806 1.302332 1.232948 0.522701 257.024689 47.140514 0.190328 0.002286 6.171414 -0.018564
39.252819 1.184459 1.238368 0.605818 257.740784 47.234581 0.187021 -0.053400 6.173179 -0.017838
39.381832 1.060122 1.270772 0.668132 258.525146 47.333546 0.183287 -0.127015 6.178983 -0.018098
39.508846 0.934964 1.291259 0.683436 259.303467 47.428345 0.178862 -0.204457 6.172229 -0.017332
39.625858 0.818639 1.314083 0.668040 260.020630 47.513714 0.174557 -0.265714 6.166144 -0.016965
39.754871 0.686366 1.352245 0.580939 260.809662 47.605022 0.169875 -0.307272 6.152257 -0.017083
39.881886 0.562038 1.397859 0.450938 261.590973 47.692204 0.167617 -0.321158 6.134440 -0.016393
40.007900 0.447620 1.429591 0.287029 262.351563 47.773502 0.166782 -0.322530 6.116026 -0.015450
40.135914 0.337251 1.451017 0.067096 263.129852 47.854195 0.165472 -0.327747 6.108246 -0.013617
40.252926 0.235675 1.480265 -0.189859 263.840363 47.925205 0.164340 -0.339084 6.100767 -0.014416
40.381939 0.122829 1.504189 -0.476432 264.622345 48.001949 0.164454 -0.350665 6.086391 -0.014406
40.511951 0.021661 1.505200 -0.768273 265.409454 48.076569 0.163664 -0.352561 6.079835 -0.011503
40.629963 -0.063447 1.484862 -1.085738 266.123016 48.144241 0.164169 -0.343167 6.067587 -0.011095
40.758976 -0.151949 1.435676 -1.453574 266.901794 48.217209 0.165627 -0.316237 6.056734 -0.010506
40.875988 -0.226759 1.371416 -1.747716 267.613129 48.282654 0.166709 -0.266802 6.051806 -0.009545
41.006001 -0.305348 1.279891 -2.032018 268.390045 48.351368 0.167195 -0.178583 6.045865 -0.009232
41.135014 -0.378418 1.166265 -2.349407 269.172455 48.417950 0.168263 -0.065917 6.036179 -0.008668
41.254025 -0.450497 1.047212 -2.611335 269.882538 48.477406 0.167900 0.029558 6.037377 -0.010198
41.384037 -0.537149 0.884122 -2.886593 270.664856 48.542213 0.166151 0.101613 6.039673 -0.011302
41.502048 -0.620136 0.729670 -3.082974 271.375336 48.599236 0.164007 0.133537 6.040495 -0.012124
41.632061 -0.706785 0.547713 -3.257674 272.157257 48.660728 0.162371 0.150536 6.030429 -0.010126
41.762074 -0.784003 0.357657 -3.331531 272.938141 48.722004 0.163150 0.169254 6.023735 -0.010001
41.880085 -0.854434 0.185890 -3.310034 273.646362 48.778248 0.165178 0.196474 6.019776 -0.010010
42.010098 -0.925724 0.018622 -3.224753 274.426086 48.839817 0.169892 0.239408 6.010905 -0.008302
42.127110 -0.980954 -0.100605 -3.176324 275.132599 48.894142 0.176658 0.292145 6.002777 -0.006796
42.257122 -1.026203 -0.195807 -3.087784 275.903442 48.952618 0.185804 0.368356 5.980746 -0.005981
42.387135 -1.079344 -0.265771 -2.965837 276.677521 49.009754 0.194881 0.458698 5.962971 -0.008028
42.504147 -1.130164 -0.301625 -2.815025 277.378662 49.059998 0.202910 0.535684 5.953133 -0.007218
42.634159 -1.185683 -0.328929 -2.603650 278.144409 49.112499 0.209141 0.592714 5.947443 -0.007012
42.752171 -1.235939 -0.342706 -2.404643 278.844055 49.158466 0.213770 0.605289 5.938130 -0.006963
42.882183 -1.287665 -0.326679 -2.203693 279.613678 49.206787 0.217289 0.571104 5.926672 -0.007604
43.010197 -1.351063 -0.292642 -2.003629 280.375824 49.252892 0.218205 0.492146 5.911775 -0.008316
43.128208 -1.402839 -0.236244 -1.797857 281.071655 49.294121 0.217747 0.389606 5.904282 -0.005896
43.257221 -1.446914 -0.175210 -1.551836 281.825684 49.337826 0.216535 0.257102 5.900492 -0.006907
43.386234 -1.501975 -0.107865 -1.317305 282.585236 49.378704 0.213343 0.114109 5.895320 -0.007139
43.503246 -1.553696 -0.048810 -1.092966 283.279968 49.415043 0.209375 -0.017500 5.896092 -0.008497
43.632259 -1.626858 0.006786 -0.876900 284.033051 49.452904 0.204095 -0.158012 5.887332 -0.011264
43.761272 -1.710620 0.042482 -0.675802 284.791504 49.489193 0.198653 -0.292888 5.886484 -0.011721
43.878284 -1.782296 0.067501 -0.459668 285.479736 49.522232 0.194343 -0.406142 5.889155 -0.010396
44.007298 -1.853229 0.088061 -0.190393 286.238800 49.556976 0.190351 -0.514954 5.891919 -0.008360
44.137310 -1.913273 0.109881 0.085463 287.003754 49.591942 0.187416 -0.597785 5.887004 -0.008431
44.253323 -1.963818 0.137323 0.293708 287.685699 49.621601 0.185084 -0.642589 5.881490 -0.007808
44.381336 -2.027048 0.161939 0.503878 288.437042 49.653061 0.182974 -0.660199 5.870588 -0.010262
44.510349 -2.115711 0.182180 0.653478 289.193146 49.682644 0.182864 -0.650421 5.860540 -0.013553
44.626362 -2.209684 0.188322 0.740934 289.877960 49.708511 0.183639 -0.624857 5.858211 -0.015432
44.755375 -2.332783 0.180850 0.811255 290.632690 49.735191 0.185852 -0.580415 5.852232 -0.017208
44.884388 -2.455657 0.146858 0.869782 291.380737 49.760681 0.189120 -0.511522 5.849060 -0.016984
45.002399 -2.583134 0.093611 0.890288 292.070923 49.782093 0.191678 -0.419555 5.850909 -0.020018
45.131413 -2.726068 0.011689 0.884420 292.832123 49.804493 0.194001 -0.289643 5.860811 -0.018362
45.259426 -2.858816 -0.078988 0.853786 293.576477 49.826591 0.195395 -0.154637 5.869816 -0.017998
45.378437 -2.982474 -0.185596 0.801776 294.274902 49.846771 0.196463 -0.043766 5.872964 -0.016983
45.507450 -3.109900 -0.303932 0.698185 295.032227 49.867649 0.197311 0.046183 5.871355 -0.016622
45.637463 -3.235115 -0.412468 0.534414 295.795410 49.888329 0.196314 0.110655 5.874629 -0.016831
45.751476 -3.346854 -0.495733 0.380221 296.470642 49.905739 0.195426 0.164902 5.867673 -0.017368
45.881489 -3.474310 -0.572924 0.159692 297.227264 49.924522 0.194363 0.242779 5.866499 -0.017580
46.011501 -3.614179 -0.619362 -0.010347 297.988892 49.942860 0.193094 0.348147 5.856002 -0.018878
46.129513 -3.740223 -0.643494 -0.171301 298.678955 49.958939 0.192852 0.457295 5.846786 -0.019119
46.259525 -3.886943 -0.659816 -0.405025 299.437866 49.975025 0.192714 0.575320 5.833477 -0.020105
46.386539 -4.037994 -0.667946 -0.598099 300.183716 49.990921 0.192847 0.669677 5.823039 -0.021131
46.502552 -4.177311 -0.666490 -0.762705 300.852692 50.003742 0.193144 0.725463 5.811454 -0.021147
46.629566 -4.336507 -0.651102 -0.971304 301.589294 50.015640 0.194565 0.750421 5.790499 -0.022699
46.758579 -4.499839 -0.629521 -1.166010 302.341370 50.027279 0.195728 0.731183 5.781587 -0.021692
46.887592 -4.653634 -0.610686 -1.318662 303.080719 50.037991 0.196751 0.664591 5.769576 -0.021232
47.004604 -4.798768 -0.608914 -1.461378 303.760742 50.046684 0.196814 0.561080 5.757610 -0.021944
47.134617 -4.957155 -0.631237 -1.565486 304.502716 50.054619 0.196154 0.407600 5.747615 -0.021672
47.251629 -5.093009 -0.647927 -1.658457 305.174896 50.059399 0.194925 0.248269 5.745041 -0.019404
47.379642 -5.238669 -0.684030 -1.779621 305.914948 50.063232 0.192446 0.069744 5.729828 -0.020500
47.505657 -5.384625 -0.729708 -1.916964 306.636353 50.064365 0.188585 -0.092125 5.723106 -0.020129
47.633671 -5.520720 -0.770901 -2.033185 307.369141 50.063015 0.183045 -0.240553 5.728059 -0.018379
47.761684 -5.657866 -0.798888 -2.115436 308.102814 50.059509 0.178560 -0.377626 5.735317 -0.018835
47.877697 -5.776628 -0.824407 -2.142014 308.762054 50.055798 0.175884 -0.494488 5.731727 -0.017029
48.003712 -5.894769 -0.847036 -2.141835 309.489288 50.051514 0.175101 -0.611028 5.724657 -0.015136
48.130726 -6.005140 -0.850509 -2.139427 310.210541 50.045277 0.177017 -0.700633 5.724606 -0.015294
48.257740 -6.101447 -0.817418 -2.082926 310.936340 50.037552 0.179784 -0.751034 5.706546 -0.012096
48.383755 -6.187707 -0.755941 -1.985985 311.654938 50.028931 0.182398 -0.752061 5.702456 -0.010853
48.512768 -6.265469 -0.668776 -1.868066 312.390442 50.019073 0.184204 -0.700950 5.696990 -0.010430
48.630779 -6.336885 -0.586501 -1.825428 313.068207 50.008961 0.185521 -0.608954 5.691495 -0.009516
48.761791 -6.418932 -0.502177 -1.722877 313.807465 49.996876 0.186484 -0.470898 5.683581 -0.011368
48.879803 -6.497699 -0.427359 -1.599481 314.477325 49.984192 0.185720 -0.330696 5.672824 -0.011208
49.008816 -6.574760 -0.327732 -1.438689 315.214020 49.967747 0.182897 -0.180459 5.664617 -0.010225
49.126827 -6.638340 -0.248495 -1.300422 315.875916 49.950718 0.179527 -0.063177 5.656072 -0.008745
49.255840 -6.697029 -0.175111 -1.096328 316.604919 49.931656 0.173687 0.047501 5.652936 -0.007078
49.385853 -6.748384 -0.115247 -0.861162 317.339508 49.910675 0.165687 0.147201 5.652964 -0.006015
49.503864 -6.798738 -0.066464 -0.684942 318.011871 49.890594 0.157044 0.233298 5.652687 -0.007859
49.631878 -6.844762 -0.023976 -0.544831 318.735016 49.867470 0.146689 0.318524 5.655347 -0.006001
49.759892 -6.896800 0.017948 -0.426037 319.452179 49.843235 0.137950 0.386755 5.646708 -0.007319
49.886906 -6.956145 0.037827 -0.299407 320.169037 49.818584 0.133285 0.431980 5.648665 -0.008967
50.002918 -7.016333 0.051035 -0.226684 320.824310 49.794376 0.132278 0.453546 5.655870 -0.008978
50.128933 -7.085972 0.048037 -0.196804 321.542175 49.767242 0.133981 0.461216 5.654619 -0.009459
50.256947 -7.153137 0.041143 -0.162210 322.260040 49.739914 0.137227 0.455645 5.657368 -0.009513
50.385960 -7.226729 0.041807 -0.126143 322.995575 49.709438 0.141390 0.436448 5.662651 -0.009717
50.501972 -7.292676 0.035967 -0.111290 323.651794 49.679691 0.146209 0.404238 5.664324 -0.011020
50.629986 -7.378524 0.022529 -0.083424 324.369720 49.646011 0.152185 0.352302 5.655707 -0.012315
50.758999 -7.474418 -0.010402 -0.069512 325.104706 49.610596 0.156879 0.285782 5.661686 -0.013579
50.888012 -7.578025 -0.046907 -0.128678 325.828461 49.574619 0.160447 0.217728 5.663052 -0.014749
51.005024 -7.674135 -0.069566 -0.209338 326.490387 49.541370 0.161980 0.159004 5.663737 -0.014033
51.133038 -7.767562 -0.112135 -0.349584 327.220764 49.503021 0.160121 0.097228 5.669932 -0.012892
51.262051 -7.863701 -0.167070 -0.513883 327.945648 49.463142 0.155160 0.031491 5.673291 -0.014075
51.380062 -7.948944 -0.215282 -0.661392 328.614502 49.426422 0.149601 -0.038920 5.676073 -0.011446
51.507076 -8.036229 -0.255697 -0.878349 329.340027 49.385883 0.145308 -0.124991 5.677397 -0.012109
51.632092 -8.124051 -0.277749 -1.110242 330.048706 49.344730 0.142906 -0.208032 5.680606 -0.013012
51.758106 -8.223978 -0.267114 -1.336803 330.763214 49.301987 0.141496 -0.279283 5.682494 -0.014347
51.886120 -8.315837 -0.242585 -1.553622 331.483368 49.257751 0.141988 -0.335011 5.680903 -0.011394
52.003132 -8.385621 -0.205314 -1.711811 332.146790 49.217304 0.143209 -0.374369 5.679574 -0.009708
52.132145 -8.453669 -0.131317 -1.851472 332.878143 49.171558 0.145793 -0.404707 5.680442 -0.009505
52.262157 -8.519885 -0.034464 -1.980733 333.614868 49.123627 0.149451 -0.416350 5.676050 -0.008147
52.380169 -8.576171 0.060536 -2.054776 334.283081 49.078415 0.153282 -0.403991 5.674314 -0.007786
52.509182 -8.643847 0.171583 -2.058134 335.018402 49.027386 0.157152 -0.364373 5.666822 -0.009472
52.627193 -8.711789 0.266399 -2.076977 335.679626 48.979927 0.158604 -0.313907 5.664184 -0.010746
52.756207 -8.772878 0.354711 -2.103684 336.408356 48.926693 0.158911 -0.252609 5.663167 -0.008939
52.885220 -8.837166 0.442256 -2.045378 337.136444 48.872414 0.156964 -0.190305 5.660997 -0.008865
53.012234 -8.905545 0.512423 -1.975286 337.859009 48.816048 0.153641 -0.129449 5.665087 -0.009632
53.128246 -8.970608 0.566351 -1.944654 338.514160 48.762794 0.147297 -0.077247 5.671040 -0.009405
53.255260 -9.041316 0.620797 -1.866317 339.226837 48.703335 0.138117 -0.026768 5.679865 -0.009226
53.385273 -9.112514 0.657593 -1.752617 339.962799 48.640324 0.128083 0.019094 5.680504 -0.010374
53.503284 -9.179164 0.687718 -1.622048 340.630859 48.581017 0.120570 0.061549 5.688269 -0.009805
53.631298 -9.255130 0.706977 -1.442197 341.356262 48.514324 0.113359 0.115503 5.692206 -0.010691
53.758312 -9.324177 0.713671 -1.219423 342.081757 48.445686 0.107417 0.179030 5.697035 -0.008898
53.885326 -9.391092 0.704620 -0.992564 342.802460 48.376431 0.104808 0.244451 5.702409 -0.010967
54.011341 -9.470292 0.690329 -0.795263 343.518097 48.304226 0.104724 0.304417 5.712518 -0.011466
54.128353 -9.552853 0.669976 -0.613400 344.182953 48.234951 0.107502 0.351241 5.712740 -0.013709
54.258366 -9.661115 0.646385 -0.399265 344.915741 48.156700 0.111572 0.387519 5.712951 -0.016906
54.387379 -9.781569 0.617329 -0.198063 345.654541 48.077503 0.117384 0.400545 5.720549 -0.016654
54.505390 -9.897390 0.598379 -0.074499 346.320435 48.004185 0.124288 0.389097 5.725321 -0.017710
54.634403 -10.019506 0.584186 0.010378 347.054657 47.920921 0.132309 0.352925 5.734863 -0.016783
54.763416 -10.142038 0.592034 0.073907 347.791046 47.836609 0.140180 0.298983 5.751134 -0.016267
54.881428 -10.258468 0.612798 0.091097 348.465515 47.757355 0.146035 0.238365 5.760205 -0.017866
55.009441 -10.406031 0.661493 0.051018 349.198181 47.668938 0.149582 0.162406 5.768671 -0.020598
55.137455 -10.556415 0.728272 -0.052152 349.937439 47.577389 0.148966 0.078527 5.778066 -0.020148
55.254467 -10.693716 0.796084 -0.180095 350.602875 47.492153 0.145706 0.001412 5.787569 -0.020288
55.383480 -10.854449 0.876659 -0.379037 351.343292 47.394299 0.139774 -0.080905 5.788574 -0.021034
55.512493 -11.018555 0.953029 -0.625009 352.083771 47.294617 0.131736 -0.153512 5.794991 -0.021843
55.629505 -11.167767 1.014171 -0.823834 352.756134 47.202980 0.124354 -0.205878 5.802935 -0.022865
55.757519 -11.344756 1.055260 -0.996211 353.497253 47.101280 0.115048 -0.241739 5.796361 -0.023021
55.884533 -11.522221 1.056399 -1.143936 354.225952 46.998550 0.105881 -0.249182 5.796001 -0.024424
56.011547 -11.703165 1.037701 -1.191460 354.954987 46.896645 0.097355 -0.232508 5.800164 -0.024793
56.127560 -11.873313 1.008219 -1.182300 355.615387 46.803215 0.092065 -0.208921 5.798588 -0.026065
56.253574 -12.054881 0.974733 -1.129160 356.339050 46.700497 0.088809 -0.190404 5.803354 -0.024403
56.380589 -12.231637 0.945244 -1.103375 357.075134 46.595772 0.087724 -0.191301 5.809484 -0.023661
56.509602 -12.402457 0.929048 -1.136338 357.816833 46.488693 0.089115 -0.212261 5.807464 -0.022640
56.638615 -12.580769 0.925072 -1.147609 358.553009 46.381557 0.093888 -0.244255 5.812322 -0.025615
56.755627 -12.751859 0.936328 -1.120630 359.225494 46.282608 0.101097 -0.273626 5.810170 -0.025496
56.884640 -12.943067 0.947844 -1.067745 359.972870 46.172245 0.109294 -0.296714 5.813491 -0.026695
57.002651 -13.122015 0.957568 -1.002742 360.645660 46.070778 0.117063 -0.298206 5.818197 -0.027531
57.130665 -13.334893 0.966319 -0.971028 361.382294 45.956703 0.124790 -0.267666 5.824021 -0.029871
57.258678 -13.557054 0.997395 -0.924970 362.124573 45.839157 0.130507 -0.196186 5.831570 -0.030851
57.387691 -13.773610 1.041593 -0.919904 362.862305 45.720127 0.133575 -0.090175 5.841623 -0.028322
57.503704 -13.966724 1.080156 -0.925905 363.531525 45.610123 0.133671 0.020454 5.848583 -0.029628
57.630718 -14.167011 1.115743 -0.965293 364.265350 45.488178 0.130022 0.138397 5.862446 -0.026960
57.759731 -14.379196 1.136921 -1.051364 365.011749 45.362793 0.124410 0.242007 5.868906 -0.030306
57.877743 -14.581594 1.141750 -1.131718 365.695251 45.246624 0.117979 0.318801 5.879389 -0.029517
58.007755 -14.807186 1.144372 -1.213930 366.450867 45.118435 0.108831 0.385821 5.902695 -0.030461
58.138767 -15.040387 1.161401 -1.248426 367.214111 44.987782 0.100129 0.430755 5.914930 -0.031973
58.256779 -15.253030 1.196870 -1.274401 367.902313 44.869766 0.092235 0.445985 5.917844 -0.030687
58.386791 -15.480272 1.242707 -1.375829 368.660339 44.737297 0.085479 0.430369 5.920495 -0.029767
58.503803 -15.687263 1.280950 -1.484442 369.343018 44.616512 0.081511 0.389706 5.927281 -0.030871
58.632816 -15.922947 1.336480 -1.576016 370.095428 44.481915 0.077617 0.322349 5.917829 -0.031866
58.761829 -16.159029 1.405062 -1.757331 370.850739 44.341888 0.075796 0.240882 5.903766 -0.031158
58.879841 -16.369770 1.472017 -1.920480 371.528992 44.213623 0.076180 0.164539 5.895775 -0.030910
59.008854 -16.616474 1.541135 -2.150428 372.275787 44.069572 0.079502 0.080219 5.891355 -0.034071
59.137867 -16.883804 1.608856 -2.408605 373.020874 43.923122 0.085465 -0.003864 5.883869 -0.035413
59.253880 -17.136129 1.650802 -2.640929 373.695801 43.787910 0.089341 -0.083355 5.884891 -0.036561
59.383892 -17.417751 1.678933 -2.891927 374.440308 43.637020 0.093635 -0.175751 5.891609 -0.037587
59.512905 -17.696264 1.685210 -3.132411 375.185089 43.484447 0.097088 -0.268334 5.894630 -0.036773
59.629917 -17.942966 1.685308 -3.353150 375.866669 43.343193 0.097353 -0.346818 5.905872 -0.035185
59.759930 -18.210060 1.669683 -3.547603 376.613403 43.186035 0.095233 -0.414319 5.922563 -0.035565
59.888943 -18.479897 1.653048 -3.672907 377.361603 43.026897 0.093064 -0.448816 5.933933 -0.036310
60.005955 -18.719093 1.651875 -3.679057 378.041901 42.882652 0.088870 -0.439660 5.950982 -0.034961
