1.20 1.10 20 64
0.137000 0.008038 0.093907 -0.095641 0.997684 -0.000756 -0.144132 0.161595 6.748503 0.001596
0.255000 0.009844 0.362480 -0.234621 1.791782 -0.001713 -0.105698 0.164808 6.709723 0.000042
0.384000 0.016384 0.816923 -0.364967 2.653391 -0.001108 -0.029360 0.157572 6.648895 0.001275
0.503000 0.023112 1.348859 -0.507538 3.441449 0.000525 0.061154 0.147410 6.599045 0.001926
0.634000 0.040696 2.004923 -0.670463 4.302565 0.002536 0.168992 0.138619 6.557686 0.004434
0.752000 0.070614 2.633275 -0.767879 5.080883 0.004542 0.263037 0.133174 6.529380 0.005039
0.883000 0.116118 3.325005 -0.861218 5.930221 0.007473 0.350442 0.120061 6.535771 0.007075
1.001001 0.156194 3.929845 -0.957536 6.702788 0.011102 0.410147 0.092821 6.560432 0.006605
1.130000 0.203001 4.566887 -1.030054 7.552112 0.015352 0.449562 0.046898 6.605219 0.007212
1.257000 0.252963 5.125678 -1.083708 8.395493 0.018744 0.458323 -0.001862 6.666911 0.007956
1.383000 0.307313 5.594220 -1.182607 9.248533 0.021036 0.435417 -0.035946 6.755302 0.008839
1.512000 0.365776 5.969192 -1.264451 10.119034 0.022789 0.384648 -0.043489 6.832338 0.008646
1.630000 0.413497 6.232957 -1.348779 10.929754 0.024351 0.318500 -0.028833 6.898065 0.008054
1.758000 0.461104 6.429584 -1.402873 11.817473 0.027353 0.233548 -0.003477 6.966277 0.007227
1.887000 0.507002 6.528689 -1.459256 12.720086 0.030510 0.142814 0.013115 7.020748 0.008284
2.004000 0.563218 6.530531 -1.550905 13.544685 0.031445 0.063437 0.010105 7.064954 0.010487
2.133000 0.636832 6.466390 -1.680982 14.457480 0.030614 -0.013582 -0.010256 7.079335 0.011709
2.262001 0.720972 6.337836 -1.769256 15.371738 0.031302 -0.071980 -0.032452 7.095679 0.012052
2.378001 0.798830 6.199281 -1.710567 16.195625 0.034924 -0.103597 -0.037828 7.108052 0.009642
2.507001 0.903257 6.030794 -1.563576 17.119486 0.041092 -0.113609 -0.017029 7.103602 0.012103
2.634001 1.027659 5.871562 -1.343554 18.013563 0.048624 -0.097197 0.028728 7.094263 0.015484
2.761001 1.161340 5.742362 -1.022093 18.912390 0.056378 -0.057035 0.088389 7.059793 0.012672
2.877002 1.272237 5.647062 -0.709149 19.729246 0.063722 -0.006367 0.141619 7.030869 0.012033
3.007002 1.402225 5.570624 -0.328653 20.639851 0.074857 0.059657 0.185349 6.992210 0.012568
3.136003 1.527610 5.523624 -0.004710 21.538559 0.086810 0.125768 0.199167 6.950096 0.013683
3.253003 1.649352 5.495345 0.268357 22.356249 0.097365 0.180265 0.179046 6.915850 0.014975
3.382003 1.785329 5.460853 0.575692 23.240583 0.108528 0.225145 0.124202 6.907084 0.013977
3.507003 1.915873 5.439156 0.861636 24.104208 0.119075 0.250878 0.050145 6.913315 0.014443
3.632003 2.050936 5.426525 1.159230 24.969797 0.129292 0.256616 -0.020934 6.934268 0.015235
3.761003 2.191823 5.433795 1.445772 25.864847 0.141160 0.242648 -0.069845 6.944471 0.015439
3.878004 2.319476 5.439841 1.670708 26.677431 0.152357 0.212055 -0.087052 6.945239 0.015624
4.007004 2.450707 5.437619 1.914426 27.574930 0.165368 0.161946 -0.085885 6.964019 0.013179
4.135005 2.566130 5.435905 2.154239 28.474016 0.179963 0.101411 -0.083710 6.970771 0.012830
4.252006 2.667471 5.432467 2.315786 29.281769 0.194554 0.044124 -0.092306 6.961224 0.013613
4.380007 2.781329 5.435056 2.466764 30.171862 0.210553 -0.016600 -0.113499 6.948488 0.013811
4.507009 2.901864 5.450501 2.604326 31.052574 0.228571 -0.068414 -0.134461 6.925900 0.015556
4.634010 3.022469 5.482936 2.672999 31.929016 0.247158 -0.105613 -0.140991 6.882488 0.015336
4.751011 3.130256 5.520908 2.651578 32.730740 0.265820 -0.124715 -0.129207 6.831558 0.016662
4.879012 3.251317 5.568293 2.594563 33.601124 0.288149 -0.128025 -0.101257 6.775463 0.018698
5.006013 3.379517 5.589815 2.471741 34.457256 0.309404 -0.113941 -0.072277 6.718632 0.020192
5.135015 3.506213 5.590531 2.264846 35.318352 0.331440 -0.085709 -0.055981 6.650287 0.020022
5.252016 3.624050 5.582081 2.031627 36.091965 0.352822 -0.051210 -0.059290 6.588548 0.021829
5.381017 3.770483 5.539928 1.835136 36.937130 0.379372 -0.008991 -0.080858 6.530107 0.022620
5.507018 3.905314 5.466865 1.669788 37.756248 0.407493 0.031001 -0.111782 6.488898 0.020577
5.635019 4.035375 5.360023 1.488379 38.585056 0.436585 0.066979 -0.141599 6.471813 0.018810
5.761021 4.159367 5.219041 1.321059 39.405655 0.467229 0.093425 -0.159910 6.465473 0.019127
5.878022 4.274744 5.054071 1.190764 40.155594 0.496606 0.108118 -0.161680 6.474842 0.018728
6.007023 4.418703 4.834115 1.073705 40.992031 0.529808 0.111308 -0.144017 6.498567 0.021040
6.136024 4.567097 4.580903 0.982654 41.831409 0.565796 0.100420 -0.106679 6.522933 0.021734
6.253025 4.714056 4.335300 0.906283 42.595921 0.599196 0.079674 -0.058503 6.551277 0.023857
6.382026 4.891165 4.073739 0.819986 43.442574 0.636051 0.046731 0.006459 6.588614 0.024853
6.511027 5.076877 3.852214 0.772968 44.293369 0.673947 0.010362 0.080797 6.610060 0.026100
6.627028 5.251212 3.710526 0.682759 45.066631 0.709549 -0.021216 0.152075 6.614270 0.027818
6.755030 5.446584 3.598674 0.612242 45.912766 0.749755 -0.052772 0.223938 6.621340 0.026871
6.884031 5.640834 3.540357 0.586830 46.758415 0.792159 -0.076507 0.276711 6.606259 0.026049
7.002032 5.812596 3.541598 0.592695 47.536076 0.831898 -0.088323 0.300135 6.587059 0.025072
7.131033 6.010123 3.603785 0.709669 48.383354 0.877679 -0.091269 0.301053 6.562089 0.027056
7.260034 6.217726 3.734789 0.820630 49.225494 0.923730 -0.084294 0.287942 6.515916 0.027602
7.377035 6.410599 3.887233 0.903783 49.983150 0.965943 -0.070391 0.273467 6.459887 0.028579
7.507036 6.633663 4.077601 0.987132 50.816692 1.012854 -0.050403 0.257505 6.397394 0.030399
7.634037 6.879050 4.266818 1.061490 51.623165 1.059992 -0.029323 0.235745 6.340222 0.033911
7.751039 7.110913 4.423986 1.096278 52.366386 1.103238 -0.008563 0.204730 6.289269 0.033882
7.880040 7.363965 4.554320 1.113147 53.166851 1.151622 0.011765 0.158648 6.251361 0.035553
8.008040 7.632170 4.631122 1.140557 53.969704 1.201975 0.027951 0.105393 6.225160 0.035678
8.136040 7.904070 4.663496 1.198445 54.763336 1.253809 0.037108 0.050519 6.205979 0.036987
8.252039 8.164824 4.639218 1.325386 55.481159 1.301569 0.038326 0.000087 6.198050 0.038583
8.380038 8.461328 4.569125 1.487392 56.267372 1.355534 0.034002 -0.056618 6.209718 0.037922
8.508038 8.760804 4.460925 1.667676 57.060791 1.412378 0.024240 -0.114542 6.218688 0.038560
8.636037 9.055631 4.320635 1.840521 57.854958 1.470160 0.009374 -0.170823 6.224645 0.038822
8.753036 9.320845 4.181830 2.040152 58.581932 1.525251 -0.007585 -0.220536 6.233791 0.036613
8.882036 9.608687 4.048234 2.265747 59.384548 1.587951 -0.027105 -0.275434 6.246914 0.037631
9.010036 9.909804 3.926407 2.458192 60.188114 1.652982 -0.044451 -0.331545 6.251421 0.039399
9.129035 10.189495 3.839572 2.650249 60.923283 1.714578 -0.057212 -0.381021 6.258006 0.039516
9.258035 10.502910 3.785691 2.922307 61.727028 1.785338 -0.064691 -0.425260 6.250129 0.041023
9.387034 10.829680 3.789479 3.213030 62.529400 1.858588 -0.063589 -0.448829 6.238572 0.042326
9.504034 11.134287 3.837927 3.486701 63.254818 1.928271 -0.057090 -0.445472 6.220649 0.044453
9.631033 11.481012 3.942273 3.723409 64.039902 2.003476 -0.043365 -0.408210 6.198083 0.046855
9.761033 11.854103 4.095482 4.008580 64.846718 2.082140 -0.024680 -0.329754 6.176522 0.047994
9.879033 12.209244 4.274967 4.230104 65.569794 2.155406 -0.006207 -0.226282 6.140747 0.052330
10.008033 12.611426 4.482822 4.408352 66.348877 2.236594 0.013375 -0.089474 6.105527 0.052844
10.127033 12.994996 4.673191 4.554010 67.069580 2.313231 0.029965 0.045728 6.081199 0.055330
10.253032 13.409713 4.870078 4.671104 67.829201 2.396793 0.043796 0.184890 6.053744 0.057255
10.379030 13.833463 5.037292 4.795563 68.585609 2.484303 0.050749 0.309674 6.038551 0.057144
10.506029 14.268257 5.170295 4.890370 69.352089 2.576040 0.050572 0.416945 6.028879 0.058582
10.635028 14.715192 5.256691 4.934848 70.117424 2.670706 0.042839 0.496533 6.023490 0.060821
10.752028 15.126948 5.301717 4.958086 70.816536 2.759691 0.031296 0.535194 6.024059 0.061028
10.882028 15.591756 5.320571 4.975455 71.593414 2.861323 0.015401 0.534420 6.028842 0.063955
11.012028 16.074272 5.308220 4.989367 72.370689 2.966590 -0.002592 0.496035 6.035390 0.065122
11.130028 16.525879 5.261495 5.017694 73.076828 3.064541 -0.017395 0.443354 6.046535 0.066191
11.259027 17.019705 5.211074 5.052362 73.849876 3.173684 -0.030561 0.378464 6.054219 0.066335
11.377028 17.474510 5.169439 5.084348 74.556717 3.277179 -0.039280 0.312384 6.057631 0.067199
11.506027 17.992897 5.140895 5.113510 75.335381 3.392829 -0.043727 0.225336 6.054498 0.071339
11.635027 18.514528 5.129878 5.130817 76.101036 3.509784 -0.041968 0.128147 6.049765 0.070418
11.752027 18.987307 5.128288 5.150042 76.805519 3.620675 -0.036103 0.037997 6.040295 0.069931
11.881026 19.509701 5.130434 5.155164 77.573654 3.744404 -0.026949 -0.054441 6.024439 0.072193
12.011026 20.050646 5.162560 5.157290 78.339500 3.871330 -0.015407 -0.146009 6.013592 0.073526
12.128026 20.555454 5.197993 5.212762 79.037590 3.990423 -0.002727 -0.235499 5.994730 0.073594
12.257026 21.115574 5.232577 5.316808 79.798622 4.122753 0.010147 -0.334165 5.983259 0.075488
12.376026 21.644651 5.276509 5.407535 80.492859 4.246745 0.021102 -0.412065 5.968457 0.078634
12.505026 22.239515 5.340745 5.584516 81.249207 4.385191 0.030197 -0.473447 5.950844 0.078394
12.635026 22.849606 5.399741 5.785238 82.009285 4.528524 0.036180 -0.512467 5.951230 0.080421
12.753026 23.409985 5.462884 6.003647 82.698242 4.661980 0.038285 -0.533470 5.948327 0.079396
12.883026 24.027504 5.536085 6.327394 83.455734 4.813319 0.036801 -0.537039 5.939402 0.078936
13.002026 24.609413 5.626651 6.614319 84.147522 4.954494 0.033707 -0.512815 5.926974 0.083018
13.132026 25.268171 5.738546 6.923749 84.901222 5.110737 0.030219 -0.450352 5.910993 0.084096
13.251026 25.884192 5.851568 7.217392 85.588394 5.255642 0.026491 -0.366602 5.889869 0.087454
13.381026 26.574554 5.973069 7.595531 86.334755 5.416297 0.023327 -0.255044 5.858024 0.087821
13.508025 27.266068 6.065773 7.980314 87.064896 5.576590 0.020314 -0.132118 5.823758 0.089614
13.626025 27.909847 6.141928 8.350664 87.727806 5.724701 0.019309 -0.011648 5.793713 0.089763
13.754025 28.613516 6.203078 8.734832 88.448608 5.889703 0.020197 0.124275 5.765750 0.090622
13.883024 29.336014 6.241244 9.179016 89.170441 6.060002 0.023377 0.253850 5.737057 0.091682
14.001024 29.992762 6.251359 9.592422 89.826378 6.218765 0.028359 0.361122 5.707052 0.089899
14.131024 30.703682 6.233629 10.017598 90.545097 6.397149 0.036920 0.463669 5.684794 0.089584
14.260024 31.421152 6.193776 10.458197 91.259544 6.578897 0.047758 0.539461 5.661251 0.089989
14.378024 32.072338 6.161384 10.879726 91.899216 6.745083 0.059455 0.575233 5.642891 0.090108
14.508024 32.795799 6.132874 11.336525 92.607826 6.932006 0.076526 0.574274 5.629232 0.091293
14.637024 33.518356 6.119111 11.759678 93.308105 7.119728 0.096069 0.543400 5.613052 0.091713
14.754024 34.165821 6.108086 12.136956 93.939880 7.292994 0.115796 0.505228 5.586869 0.089612
14.883023 34.878841 6.085920 12.580036 94.633560 7.488273 0.139225 0.460077 5.585732 0.089968
15.012023 35.594547 6.071275 13.008717 95.326767 7.686822 0.162541 0.402717 5.586759 0.090038
15.130023 36.233696 6.079811 13.395052 95.958969 7.871123 0.181764 0.327444 5.576310 0.087374
15.259022 36.910812 6.120755 13.777299 96.648331 8.075274 0.200845 0.218114 5.575524 0.085947
15.386021 37.574448 6.188845 14.105488 97.331635 8.280001 0.216080 0.094813 5.569133 0.085961
15.501019 38.150524 6.269804 14.411220 97.938416 8.464931 0.228900 -0.008757 5.557645 0.082305
15.629019 38.775642 6.372906 14.738985 98.618568 8.674285 0.240739 -0.105231 5.562303 0.079721
15.758018 39.386818 6.464349 15.061664 99.303154 8.887146 0.249770 -0.177748 5.554212 0.076769
15.887018 39.989849 6.540292 15.477706 99.985428 9.102145 0.257811 -0.238602 5.539407 0.074567
16.004017 40.531898 6.600037 15.881646 100.602577 9.298251 0.264098 -0.298029 5.536641 0.073105
16.133009 41.115108 6.652775 16.343805 101.281677 9.516610 0.271058 -0.377135 5.518245 0.071072
16.262001 41.689182 6.671108 16.819918 101.958694 9.737541 0.279259 -0.466787 5.521345 0.069991
16.379993 42.198833 6.655458 17.188391 102.576447 9.942042 0.287300 -0.545044 5.510496 0.068630
16.508986 42.738647 6.616161 17.562651 103.249390 10.167514 0.297023 -0.609413 5.495828 0.065680
16.626978 43.208054 6.554914 17.888018 103.863251 10.375883 0.310498 -0.636529 5.494825 0.062273
16.753971 43.686893 6.471895 18.175928 104.524178 10.602799 0.327980 -0.624206 5.504211 0.059975
16.881964 44.143566 6.378101 18.402216 105.190178 10.834284 0.348848 -0.566525 5.506821 0.058692
17.011955 44.586327 6.254818 18.540478 105.865662 11.072268 0.372441 -0.469368 5.513097 0.055897
17.129948 44.958294 6.137852 18.610464 106.478683 11.290047 0.394678 -0.361420 5.510380 0.052483
17.259939 45.344257 6.005056 18.674316 107.152214 11.533645 0.419766 -0.239512 5.508287 0.050031
17.377932 45.665398 5.893314 18.682583 107.762466 11.758117 0.441601 -0.136079 5.512374 0.045651
17.507923 45.986057 5.766120 18.638281 108.434288 12.009154 0.465508 -0.029934 5.519777 0.042366
17.625916 46.242325 5.642833 18.571945 109.044296 12.240293 0.486384 0.068007 5.534518 0.035617
17.752909 46.477818 5.501674 18.516443 109.701332 12.493930 0.506855 0.187579 5.550512 0.031008
17.881903 46.677917 5.364207 18.454664 110.373833 12.757054 0.526253 0.323615 5.562929 0.024816
18.009895 46.826778 5.205359 18.406977 111.036232 13.020466 0.542736 0.454825 5.579428 0.018418
18.127888 46.921425 5.070642 18.306637 111.643707 13.264880 0.555927 0.552915 5.605335 0.012719
18.256880 46.987942 4.913322 18.173939 112.313309 13.538586 0.568196 0.620937 5.616840 0.007825
18.385874 46.994896 4.794295 17.972189 112.984779 13.817444 0.579891 0.650785 5.649952 0.000595
18.502867 46.963966 4.690311 17.730766 113.596504 14.073354 0.591262 0.655529 5.676892 -0.003033
18.630859 46.891594 4.582166 17.451597 114.272087 14.361017 0.602702 0.642810 5.706988 -0.009864
18.759851 46.759773 4.489183 17.107197 114.945137 14.650834 0.613082 0.605551 5.740585 -0.017353
18.875845 46.597858 4.411090 16.720278 115.557076 14.917393 0.621423 0.542905 5.761779 -0.021830
19.003838 46.377533 4.344062 16.221424 116.235085 15.216037 0.631226 0.441460 5.804385 -0.027732
19.131830 46.112400 4.311788 15.672154 116.920616 15.521541 0.639273 0.318905 5.826890 -0.031976
19.259823 45.815052 4.311835 15.054982 117.597443 15.826595 0.643576 0.193964 5.856780 -0.035586
19.376816 45.507095 4.325747 14.430436 118.228790 16.113859 0.646401 0.084112 5.890377 -0.040617
19.504808 45.140369 4.324368 13.740810 118.915527 16.429735 0.647793 -0.022780 5.919029 -0.044892
19.634802 44.719021 4.344506 12.924770 119.616791 16.754965 0.646278 -0.116918 5.963575 -0.050998
19.752794 44.297665 4.364529 12.179459 120.249611 17.052502 0.644070 -0.195333 5.983204 -0.056342
19.882786 43.800777 4.381955 11.399155 120.953659 17.388147 0.640627 -0.285379 6.015007 -0.061326
20.011778 43.280426 4.374884 10.672463 121.654404 17.726723 0.636730 -0.385931 6.046290 -0.064722
20.129770 42.782364 4.356233 10.068039 122.299011 18.040861 0.633841 -0.483793 6.100851 -0.068809
20.258762 42.209202 4.326762 9.474854 123.008400 18.389292 0.632834 -0.584901 6.147785 -0.073030
20.375755 41.665958 4.259728 8.967927 123.655563 18.711166 0.633016 -0.660327 6.198308 -0.076614
20.504747 41.050026 4.154288 8.408645 124.374702 19.071627 0.632447 -0.720393 6.261736 -0.078797
20.632740 40.422176 4.018069 7.918297 125.093414 19.436867 0.634169 -0.750102 6.331591 -0.082857
20.750732 39.807125 3.878602 7.509313 125.762794 19.779100 0.635696 -0.744788 6.402312 -0.088564
20.880724 39.090820 3.708646 7.062009 126.508514 20.161606 0.637901 -0.694268 6.482630 -0.094815
21.011715 38.320274 3.533399 6.621435 127.268600 20.554300 0.639316 -0.596426 6.565989 -0.100048
21.129707 37.603371 3.382270 6.209538 127.960876 20.913067 0.639175 -0.474412 6.639454 -0.103650
21.259699 36.789391 3.231522 5.730817 128.732574 21.311888 0.636900 -0.312650 6.714950 -0.106876
21.379694 36.014248 3.102129 5.340901 129.457855 21.689302 0.632668 -0.142321 6.785898 -0.110248
21.508686 35.154507 2.979752 4.943879 130.238617 22.098991 0.626631 0.052118 6.872536 -0.115460
21.626678 34.351124 2.892554 4.574677 130.954117 22.475677 0.618334 0.229585 6.938411 -0.118963
21.755671 33.430202 2.833333 4.200084 131.752869 22.895393 0.605680 0.413905 7.029429 -0.123407
21.884663 32.479668 2.823902 3.839457 132.566971 23.322710 0.591846 0.575577 7.098218 -0.127321
22.002655 31.594997 2.859882 3.528396 133.304688 23.709955 0.578303 0.695752 7.143130 -0.130974
22.131647 30.620291 2.949247 3.246469 134.124756 24.140156 0.563422 0.791253 7.198486 -0.129849
22.261639 29.635054 3.082384 3.025590 134.957397 24.573484 0.550191 0.837439 7.236148 -0.131074
22.376633 28.764595 3.222784 2.850182 135.705154 24.959311 0.538287 0.830822 7.266384 -0.128789
22.505625 27.801516 3.400906 2.629660 136.540604 25.387844 0.525082 0.775966 7.283799 -0.129664
22.635616 26.831867 3.591478 2.381286 137.378830 25.814888 0.511763 0.686217 7.294270 -0.128830
22.753609 25.944460 3.769538 2.194097 138.146545 26.204836 0.500706 0.585703 7.295416 -0.129400
22.876604 25.022606 3.948059 1.985859 138.953568 26.611767 0.492506 0.467845 7.289286 -0.126709
23.008596 24.062872 4.121435 1.780863 139.807404 27.038584 0.486940 0.334160 7.280688 -0.124535
23.135590 23.151995 4.250024 1.606275 140.634918 27.449514 0.484132 0.202806 7.271790 -0.122903
23.253582 22.321785 4.318547 1.390480 141.405151 27.828382 0.481322 0.086603 7.277072 -0.119682
23.381575 21.437542 4.323493 1.163790 142.248703 28.239370 0.479958 -0.030457 7.268757 -0.116120
23.508568 20.582802 4.257088 0.957108 143.080109 28.639566 0.478437 -0.141211 7.261007 -0.115212
23.626562 19.801588 4.130080 0.746731 143.854675 29.007177 0.476288 -0.245461 7.268659 -0.112026
23.754555 18.986267 3.942291 0.565354 144.696991 29.403269 0.472814 -0.358012 7.276531 -0.107313
23.882547 18.202372 3.712635 0.302223 145.536316 29.790838 0.469485 -0.460136 7.280883 -0.103467
24.010540 17.441538 3.461068 -0.006552 146.383835 30.176908 0.465285 -0.543720 7.271015 -0.099619
24.127535 16.768795 3.208202 -0.388293 147.159744 30.523756 0.460301 -0.600094 7.261628 -0.096021
24.256527 16.040911 2.921710 -0.797089 148.023010 30.905449 0.452907 -0.643148 7.257597 -0.093339
24.386518 15.348778 2.649430 -1.216556 148.880142 31.279276 0.445434 -0.668403 7.243780 -0.089235
24.504511 14.738963 2.408516 -1.647310 149.663864 31.615973 0.438624 -0.674909 7.221501 -0.086611
24.634502 14.080978 2.139457 -2.166433 150.527664 31.980614 0.432214 -0.659039 7.207290 -0.084178
24.752495 13.509889 1.911821 -2.623831 151.311874 32.306686 0.428366 -0.619210 7.187465 -0.080777
24.882486 12.908641 1.686969 -3.145499 152.174667 32.658867 0.426459 -0.548211 7.156696 -0.076236
25.008480 12.358313 1.528381 -3.672243 153.010666 32.991943 0.427350 -0.456848 7.129004 -0.072696
25.135473 11.820288 1.418716 -4.237381 153.852386 33.319431 0.429054 -0.348045 7.102509 -0.071005
25.252466 11.353115 1.346199 -4.671890 154.626953 33.615021 0.431376 -0.237388 7.073940 -0.065793
25.379459 10.870150 1.301404 -5.111813 155.473206 33.930576 0.433383 -0.109852 7.043013 -0.062693
25.507452 10.431062 1.280876 -5.500739 156.312210 34.236233 0.435032 0.018889 7.024279 -0.056396
25.636444 10.011817 1.275028 -5.819875 157.164139 34.539047 0.435312 0.149496 6.999448 -0.055038
25.754436 9.647851 1.308171 -6.013685 157.942383 34.809536 0.432951 0.269765 6.971446 -0.051734
25.884430 9.281686 1.377410 -6.105146 158.798691 35.101585 0.428748 0.403103 6.949968 -0.046927
26.002422 8.970538 1.483145 -6.212113 159.575287 35.359180 0.422779 0.520548 6.920943 -0.045344
26.132414 8.644153 1.638710 -6.259769 160.429153 35.635059 0.414466 0.634048 6.895178 -0.042807
26.250406 8.370154 1.790950 -6.181686 161.202805 35.880253 0.406039 0.711331 6.865520 -0.040066
26.378399 8.076976 1.975837 -6.067265 162.047043 36.141056 0.397138 0.759831 6.839287 -0.039665
26.505392 7.811165 2.157157 -5.848425 162.877563 36.391037 0.387736 0.768181 6.820005 -0.035992
26.632385 7.559123 2.327639 -5.597626 163.701141 36.631809 0.378108 0.740775 6.806824 -0.035303
26.750378 7.337802 2.456537 -5.371831 164.472900 36.851944 0.369469 0.689382 6.797239 -0.032869
26.876371 7.113936 2.576704 -5.121303 165.297729 37.079414 0.361154 0.617299 6.787882 -0.032691
27.003365 6.899762 2.655873 -4.792885 166.129059 37.303268 0.354432 0.534384 6.770041 -0.030380
27.131357 6.704603 2.703837 -4.405086 166.972534 37.527084 0.350259 0.438642 6.759687 -0.029353
27.259350 6.526747 2.720686 -3.976124 167.809662 37.744705 0.350255 0.321198 6.754035 -0.025364
27.386343 6.373460 2.702105 -3.489066 168.634415 37.953953 0.354440 0.175156 6.748484 -0.023396
27.501337 6.251471 2.651382 -3.071411 169.388855 38.139812 0.361337 0.020822 6.762057 -0.022009
27.627331 6.116198 2.565644 -2.618752 170.218384 38.338501 0.369482 -0.157073 6.776466 -0.020958
27.756323 5.985086 2.442536 -2.161834 171.070847 38.537975 0.378565 -0.328469 6.793904 -0.019815
27.885315 5.854570 2.301072 -1.732741 171.927399 38.732269 0.385343 -0.482000 6.819097 -0.018978
28.002308 5.746816 2.172745 -1.365577 172.707382 38.903675 0.387609 -0.604354 6.832087 -0.018102
28.131300 5.632705 2.035514 -0.935862 173.571289 39.089024 0.385896 -0.715797 6.858001 -0.017570
28.260292 5.523543 1.926287 -0.532536 174.445404 39.273201 0.382206 -0.788695 6.880897 -0.016510
28.378284 5.425185 1.856995 -0.171067 175.234680 39.436333 0.377015 -0.805211 6.897338 -0.016576
28.506277 5.324740 1.807725 0.227924 176.107758 39.613052 0.368153 -0.764076 6.910473 -0.014724
28.633270 5.230770 1.772887 0.642874 176.963440 39.783150 0.360031 -0.676839 6.935793 -0.014406
28.751263 5.152422 1.785618 0.925431 177.767639 39.939281 0.353039 -0.575035 6.950935 -0.011971
28.881254 5.080782 1.841395 1.172118 178.656357 40.107845 0.345215 -0.460421 6.961830 -0.009243
29.000246 5.028099 1.913297 1.375839 179.470764 40.258934 0.339565 -0.359740 6.962428 -0.007869
29.130238 4.977922 2.004137 1.544081 180.362411 40.419552 0.335234 -0.250006 6.974180 -0.007443
29.260229 4.916795 2.111946 1.620852 181.255173 40.577457 0.335050 -0.140459 6.977256 -0.008663
29.378222 4.865993 2.212578 1.659510 182.066727 40.718945 0.336064 -0.045484 6.985184 -0.006989
29.505215 4.815045 2.327503 1.600640 182.948105 40.869843 0.337854 0.048412 6.986999 -0.005823
29.635206 4.770458 2.427576 1.472466 183.837616 41.018764 0.339801 0.137262 6.991781 -0.005390
29.752199 4.727542 2.489979 1.279805 184.652740 41.152622 0.340786 0.219364 7.004396 -0.005339
29.882191 4.676688 2.526723 1.043292 185.545868 41.297318 0.340648 0.307943 7.017821 -0.006121
30.000183 4.627277 2.532082 0.822917 186.364441 41.428253 0.338115 0.381458 7.030393 -0.005508
30.130175 4.579231 2.532777 0.542059 187.267914 41.570705 0.332910 0.450771 7.040323 -0.004690
30.260166 4.538884 2.511510 0.227811 188.172897 41.711681 0.324693 0.508585 7.049605 -0.003368
30.378159 4.504317 2.460128 -0.071673 188.996094 41.839108 0.314213 0.551280 7.066046 -0.003111
30.507151 4.467050 2.376982 -0.429850 189.905640 41.978008 0.302884 0.575600 7.086216 -0.002282
30.636143 4.442897 2.280394 -0.794323 190.803528 42.113323 0.290653 0.562751 7.099707 -0.000914
30.750137 4.423294 2.207811 -1.077548 191.612198 42.233849 0.280711 0.520108 7.116440 -0.001487
30.878130 4.407959 2.135119 -1.399457 192.507477 42.365166 0.272186 0.453099 7.129948 0.000271
31.006123 4.402840 2.081602 -1.718173 193.411514 42.496147 0.267881 0.380171 7.138691 0.000519
31.134115 4.405768 2.048440 -1.984597 194.316040 42.626755 0.268379 0.299450 7.141294 0.002505
31.260109 4.420971 2.026373 -2.184947 195.213028 42.754189 0.271438 0.199472 7.126700 0.002650
31.376102 4.437775 2.014274 -2.316405 196.024597 42.868793 0.276413 0.088829 7.124327 0.004132
31.502096 4.460839 2.026702 -2.407291 196.919556 42.993629 0.284723 -0.042496 7.111644 0.003612
31.629089 4.491331 2.053283 -2.454659 197.813446 43.116676 0.293970 -0.158182 7.096894 0.005309
31.758081 4.520319 2.071811 -2.486846 198.720322 43.238960 0.302228 -0.246506 7.091906 0.003419
31.885075 4.546283 2.079265 -2.489249 199.606140 43.357315 0.309057 -0.308766 7.099222 0.004130
32.000069 4.573148 2.079050 -2.478011 200.423035 43.467205 0.313887 -0.356399 7.108354 0.004320
32.128082 4.612408 2.068359 -2.411988 201.325684 43.588547 0.315868 -0.404927 7.119094 0.004949
32.258095 4.645874 2.051896 -2.249137 202.236496 43.710186 0.314410 -0.442727 7.125908 0.003027
32.376106 4.676745 2.026719 -2.097123 203.070786 43.819653 0.310453 -0.455970 7.134579 0.004970
32.505119 4.729995 2.018210 -1.945188 203.990845 43.939571 0.304125 -0.439555 7.141843 0.006595
32.635132 4.800154 2.030319 -1.746114 204.905167 44.058872 0.295154 -0.393111 7.154509 0.009607
32.753143 4.877416 2.056281 -1.549278 205.743271 44.168827 0.284506 -0.333491 7.166671 0.010789
32.883156 4.968077 2.085907 -1.293134 206.674789 44.291553 0.271116 -0.257774 7.173165 0.011680
33.002167 5.050810 2.112368 -1.090270 207.514206 44.400356 0.259258 -0.184603 7.175338 0.011046
33.132179 5.149346 2.155984 -0.846886 208.440048 44.520599 0.248204 -0.101416 7.190543 0.013737
33.250191 5.247811 2.210597 -0.648774 209.282135 44.627647 0.241200 -0.026487 7.198071 0.014217
33.379204 5.369555 2.272399 -0.445221 210.203094 44.744221 0.237761 0.048734 7.198509 0.015823
33.508217 5.496158 2.338598 -0.261962 211.123947 44.860279 0.238205 0.110275 7.185862 0.016877
33.626228 5.609076 2.401797 -0.148594 211.965469 44.965263 0.239051 0.153048 7.180984 0.015279
33.757240 5.739074 2.471505 -0.007895 212.906509 45.084061 0.241566 0.185594 7.192543 0.015842
33.886253 5.851139 2.544968 0.107868 213.820160 45.199100 0.242148 0.204580 7.194017 0.014061
34.002266 5.961140 2.616181 0.239444 214.654556 45.304775 0.241824 0.215829 7.186346 0.015991
34.132278 6.081959 2.672891 0.383352 215.573975 45.420818 0.240386 0.229346 7.178655 0.014282
34.260292 6.186434 2.711112 0.542362 216.491440 45.536850 0.237735 0.250212 7.159037 0.013430
34.378304 6.282522 2.737318 0.678653 217.321823 45.642864 0.236123 0.274106 7.157027 0.014563
34.507317 6.403689 2.745783 0.790160 218.237396 45.759399 0.233799 0.297409 7.156531 0.016931
34.635330 6.538540 2.751067 0.868370 219.145645 45.874355 0.231135 0.308250 7.149919 0.017465
34.752342 6.642791 2.753403 0.877375 219.975021 45.979340 0.227453 0.301340 7.142355 0.014480
34.880356 6.746567 2.756285 0.879916 220.881683 46.094288 0.223713 0.270604 7.144626 0.014007
35.008369 6.854711 2.753136 0.816424 221.796143 46.209763 0.220555 0.211883 7.149043 0.015016
35.136383 6.950806 2.751803 0.677235 222.696777 46.323109 0.218973 0.126518 7.148476 0.013922
35.252396 7.040584 2.740852 0.507251 223.526108 46.426422 0.218948 0.028746 7.145043 0.013482
35.382408 7.122720 2.731801 0.331759 224.447586 46.542412 0.219048 -0.090314 7.141069 0.011826
35.500420 7.190402 2.734195 0.136348 225.275818 46.646843 0.220113 -0.198003 7.125353 0.011482
35.630432 7.268392 2.728266 -0.131302 226.194443 46.763325 0.221482 -0.310760 7.117944 0.012270
35.759445 7.343429 2.723106 -0.401024 227.105042 46.881641 0.221529 -0.405969 7.114380 0.012197
35.877457 7.403812 2.707226 -0.639057 227.937775 46.990597 0.221551 -0.470708 7.117887 0.010322
36.007469 7.468258 2.710737 -0.915298 228.861847 47.110947 0.219677 -0.507337 7.113376 0.009754
36.126480 7.519439 2.707081 -1.145032 229.693832 47.220486 0.217520 -0.500779 7.108086 0.009096
36.256493 7.588419 2.710856 -1.355437 230.610016 47.341637 0.215894 -0.446707 7.104367 0.011163
36.383507 7.653597 2.729339 -1.533894 231.511307 47.460350 0.214061 -0.349648 7.102509 0.010050
36.510521 7.720557 2.739025 -1.679371 232.398682 47.576206 0.211127 -0.221120 7.104984 0.010157
36.628532 7.789586 2.743112 -1.723755 233.229858 47.686291 0.207230 -0.082148 7.106597 0.009987
36.757545 7.859041 2.744156 -1.696564 234.144623 47.809113 0.200957 0.074356 7.089012 0.008653
36.886559 7.926639 2.736376 -1.647380 235.044174 47.929153 0.194699 0.210312 7.088110 0.008661
37.002571 7.985712 2.738910 -1.611524 235.858383 48.038288 0.188952 0.301741 7.077434 0.007982
37.130585 8.041953 2.748196 -1.584216 236.755127 48.159111 0.181861 0.359697 7.065951 0.007533
37.257599 8.097981 2.754295 -1.529512 237.643066 48.278919 0.175220 0.384794 7.045310 0.007121
37.386612 8.148935 2.753021 -1.492441 238.541641 48.400272 0.169046 0.400785 7.014981 0.006325
37.503624 8.184422 2.745280 -1.428983 239.353271 48.509708 0.164603 0.417735 6.991455 0.004963
37.633636 8.221648 2.724406 -1.329732 240.251358 48.631351 0.163042 0.427528 6.960945 0.004015
37.750648 8.255832 2.695575 -1.200620 241.056458 48.741093 0.163837 0.406575 6.933062 0.004891
37.879662 8.300504 2.649275 -0.994385 241.939728 48.861122 0.167838 0.334747 6.898174 0.004839
38.006676 8.341926 2.569407 -0.735947 242.813797 48.978283 0.174067 0.224989 6.883397 0.003925
38.134689 8.371958 2.442482 -0.435469 243.679337 49.094940 0.181129 0.104840 6.872397 0.000877
38.260704 8.384190 2.275562 -0.061201 244.543640 49.213371 0.189489 -0.002831 6.867197 -0.002534
38.377716 8.377749 2.114795 0.262979 245.338852 49.322876 0.197563 -0.082832 6.858060 -0.002841
38.508728 8.374737 1.921454 0.617533 246.228897 49.444271 0.205417 -0.148022 6.856584 -0.001297
38.625740 8.378717 1.763911 0.931109 247.017014 49.550697 0.210103 -0.183806 6.855540 -0.000748
38.753754 8.382322 1.604867 1.280874 247.886444 49.668858 0.214053 -0.200485 6.855931 0.000022
38.881767 8.385317 1.461143 1.606929 248.762344 49.788208 0.217666 -0.204055 6.854785 -0.001486
39.010780 8.391099 1.348498 1.887399 249.631561 49.907188 0.219724 -0.211738 6.850236 0.001490
39.126793 8.404499 1.271966 2.056815 250.424759 50.015484 0.221278 -0.234005 6.839122 0.000838
39.255806 8.415280 1.191776 2.157039 251.291183 50.133408 0.221117 -0.275155 6.824326 0.002131
39.384819 8.434044 1.124224 2.269916 252.162048 50.253338 0.220151 -0.321430 6.807788 0.002273
39.501831 8.442001 1.074727 2.328460 252.950790 50.362083 0.219851 -0.351122 6.796648 0.000538
39.629845 8.439088 1.011353 2.337363 253.818176 50.483200 0.219687 -0.354938 6.784844 -0.000969
39.760857 8.424976 0.968914 2.290637 254.690140 50.605896 0.221223 -0.319901 6.763253 -0.002775
39.878868 8.407190 0.943884 2.193487 255.479584 50.718178 0.224401 -0.258193 6.751944 -0.002113
40.008881 8.393229 0.930929 2.034350 256.354309 50.842678 0.231663 -0.169264 6.731529 -0.000130
40.127892 8.394806 0.920791 1.882772 257.139954 50.954243 0.240198 -0.084321 6.720826 0.000635
40.258904 8.398235 0.908915 1.643657 258.009857 51.078133 0.248709 0.005749 6.702078 0.000333
40.376915 8.398110 0.913000 1.375827 258.792053 51.189442 0.254744 0.081585 6.690181 0.000903
40.506927 8.401327 0.900264 1.089466 259.651550 51.311783 0.260821 0.163011 6.671893 0.001224
40.636940 8.417332 0.864591 0.800900 260.509094 51.434002 0.263149 0.241843 6.659155 0.002741
40.754951 8.436010 0.806135 0.500567 261.292175 51.547920 0.264500 0.310859 6.646907 0.003775
40.884964 8.467654 0.715670 0.189077 262.146759 51.673016 0.265060 0.378446 6.641671 0.005109
41.011978 8.509316 0.619704 -0.048495 262.974548 51.794243 0.264447 0.428147 6.637736 0.006597
41.128990 8.557210 0.510042 -0.239082 263.743164 51.906582 0.262901 0.451631 6.639993 0.008163
41.259003 8.617243 0.376526 -0.475183 264.597198 52.031425 0.262252 0.442259 6.641259 0.008700
41.377014 8.673860 0.255516 -0.673623 265.372437 52.146362 0.261458 0.399221 6.641475 0.008683
41.507027 8.729133 0.104356 -0.912673 266.226746 52.273945 0.260218 0.321467 6.648604 0.007518
41.626038 8.776787 -0.046220 -1.083376 267.009644 52.390865 0.260023 0.236128 6.653686 0.006617
41.755051 8.833518 -0.219326 -1.256149 267.859100 52.518303 0.263283 0.138240 6.662090 0.008687
41.883064 8.897289 -0.375370 -1.354508 268.702515 52.646049 0.270701 0.036024 6.669358 0.008192
42.011078 8.963059 -0.508202 -1.360459 269.547272 52.776012 0.281078 -0.076849 6.686088 0.009569
42.128090 9.031348 -0.587625 -1.343473 270.321381 52.896183 0.293945 -0.188749 6.700777 0.010408
42.258102 9.123025 -0.634322 -1.395578 271.182526 53.030098 0.311090 -0.305443 6.700545 0.013546
42.377113 9.222136 -0.633458 -1.422111 271.970551 53.155304 0.326767 -0.384446 6.705849 0.014928
42.507126 9.330847 -0.604701 -1.432453 272.831299 53.294659 0.342749 -0.423221 6.705135 0.014980
42.636139 9.442205 -0.543039 -1.406051 273.692230 53.434605 0.355322 -0.412891 6.711467 0.014822
42.754150 9.546983 -0.491997 -1.333107 274.474274 53.562187 0.362382 -0.375817 6.717414 0.015578
42.884163 9.666010 -0.433304 -1.270748 275.336487 53.702202 0.365546 -0.327303 6.723673 0.017111
43.003174 9.776591 -0.363154 -1.235371 276.119781 53.830017 0.363554 -0.293081 6.727587 0.016457
43.132187 9.892030 -0.285595 -1.161996 276.983246 53.972012 0.356460 -0.272129 6.731953 0.015740
43.262199 10.012309 -0.206545 -1.022026 277.840210 54.115162 0.347031 -0.257837 6.736327 0.017141
43.381210 10.128818 -0.145719 -0.866506 278.630707 54.249210 0.337132 -0.231710 6.736000 0.016577
43.511223 10.254084 -0.078059 -0.682075 279.494690 54.396458 0.325385 -0.171863 6.748217 0.017368
43.627235 10.363124 -0.023175 -0.476687 280.266724 54.529545 0.316081 -0.090642 6.758418 0.016216
43.754250 10.469653 0.025702 -0.267709 281.119232 54.679047 0.308961 0.016494 6.768059 0.013950
43.884262 10.572865 0.057119 -0.014681 281.979797 54.830685 0.306328 0.127634 6.780146 0.014746
44.003273 10.673991 0.085298 0.292074 282.774475 54.972515 0.307446 0.229969 6.788315 0.014829
44.133286 10.789157 0.123215 0.649668 283.644226 55.129219 0.311535 0.343544 6.803544 0.016567
44.262299 10.913544 0.174758 1.024536 284.508331 55.288567 0.319118 0.452385 6.818052 0.017322
44.381310 11.032098 0.246878 1.310219 285.307129 55.436234 0.327806 0.528967 6.833440 0.017550
44.511322 11.154278 0.347305 1.627117 286.187531 55.601273 0.339312 0.557318 6.836757 0.014488
44.629333 11.242360 0.451073 1.841040 286.973846 55.750687 0.350915 0.521994 6.841526 0.012395
44.757347 11.334307 0.572592 2.032562 287.834808 55.917061 0.362522 0.430798 6.857206 0.011622
44.887360 11.407514 0.709221 2.199450 288.712036 56.089020 0.373016 0.309811 6.890654 0.009012
45.005371 11.467215 0.838092 2.312064 289.512512 56.246380 0.380857 0.196879 6.927552 0.007496
45.134384 11.510497 0.968648 2.384324 290.391724 56.417896 0.384513 0.080545 6.959070 0.004391
45.251396 11.544750 1.086073 2.390461 291.200165 56.576374 0.384098 -0.017272 6.999666 0.005247
45.378410 11.579224 1.219084 2.339058 292.067871 56.748173 0.380720 -0.110840 7.034116 0.004606
45.507423 11.611752 1.342680 2.271530 292.960785 56.926270 0.375547 -0.185608 7.073220 0.005742
45.637436 11.637370 1.480882 2.142190 293.864777 57.108261 0.366926 -0.231867 7.109999 0.003806
45.755447 11.656782 1.629706 1.975587 294.689484 57.275742 0.355723 -0.246703 7.141947 0.003152
45.885460 11.667312 1.817183 1.800124 295.600647 57.462242 0.342683 -0.241281 7.160965 0.001614
46.003471 11.669482 2.011778 1.599043 296.430145 57.633606 0.329932 -0.226196 7.188808 0.000152
46.132484 11.660658 2.241184 1.409828 297.339600 57.822029 0.315142 -0.212620 7.207601 0.000342
46.260498 11.642904 2.476460 1.174823 298.250580 58.010983 0.301485 -0.212793 7.218421 -0.001552
46.377510 11.610281 2.678164 0.876525 299.071106 58.181168 0.291141 -0.229685 7.227190 -0.003359
46.506523 11.561319 2.885628 0.579560 299.983551 58.371754 0.281151 -0.263385 7.229651 -0.005514
46.635536 11.497859 3.082617 0.283211 300.896759 58.561443 0.272972 -0.301343 7.232967 -0.006451
46.753548 11.426681 3.254209 0.020086 301.739532 58.735497 0.268787 -0.327916 7.226661 -0.009076
46.883560 11.344241 3.425828 -0.224488 302.651886 58.925167 0.266338 -0.338497 7.222384 -0.009380
47.002571 11.269575 3.562515 -0.413631 303.493774 59.100811 0.267191 -0.325694 7.227069 -0.009811
47.132584 11.179619 3.675985 -0.584192 304.412445 59.293705 0.270614 -0.279720 7.215030 -0.011189
47.251595 11.092283 3.733012 -0.682250 305.252472 59.469868 0.275132 -0.204526 7.208954 -0.012402
47.381607 10.995649 3.767121 -0.800819 306.170746 59.660530 0.280986 -0.086153 7.216104 -0.012160
47.510620 10.886976 3.752702 -0.954573 307.081604 59.849087 0.285911 0.055580 7.204485 -0.014423
47.628632 10.780267 3.715169 -1.127665 307.921326 60.021351 0.288450 0.193586 7.204833 -0.013259
47.759644 10.673590 3.653896 -1.282872 308.839111 60.207863 0.288701 0.334708 7.206538 -0.013048
47.877655 10.575511 3.576121 -1.369092 309.679138 60.377735 0.287140 0.443735 7.202294 -0.013094
48.005669 10.470890 3.475117 -1.371152 310.583618 60.561539 0.285083 0.525428 7.216221 -0.013761
48.134682 10.371297 3.356535 -1.333233 311.488678 60.745804 0.282653 0.556715 7.216819 -0.012895
48.252693 10.287494 3.238085 -1.302646 312.324127 60.914871 0.279860 0.537271 7.228659 -0.012646
48.380707 10.209349 3.116391 -1.203846 313.230194 61.096981 0.274765 0.472774 7.217031 -0.010322
48.509720 10.141574 3.003357 -1.048311 314.150116 61.280846 0.267485 0.381199 7.213361 -0.009450
48.627731 10.092575 2.910847 -0.876382 314.985626 61.447662 0.259460 0.292056 7.220465 -0.008433
48.757744 10.039426 2.810775 -0.746578 315.899170 61.629898 0.249887 0.196318 7.220519 -0.007714
48.886757 9.989244 2.714315 -0.569046 316.818970 61.813160 0.241289 0.105029 7.211941 -0.008635
49.004768 9.944662 2.627805 -0.371011 317.645325 61.976952 0.233658 0.030208 7.189797 -0.007395
49.133781 9.910588 2.577308 -0.122353 318.561737 62.156471 0.224950 -0.039610 7.177837 -0.005170
49.260796 9.883410 2.540595 0.092748 319.455994 62.329681 0.217754 -0.094836 7.166038 -0.004372
49.376808 9.875323 2.515800 0.334171 320.264343 62.486427 0.211899 -0.139656 7.155964 -0.001686
49.506821 9.880346 2.488350 0.633253 321.176300 62.661598 0.205489 -0.194538 7.132563 0.000370
49.635834 9.895215 2.467379 0.891484 322.085419 62.835209 0.199549 -0.254573 7.110146 0.000741
49.753845 9.921484 2.444776 1.062277 322.901306 62.990059 0.193940 -0.307248 7.088726 0.003757
49.882858 9.949012 2.427127 1.209687 323.798248 63.159248 0.188489 -0.353711 7.067359 0.003199
50.012871 9.978279 2.390359 1.318214 324.699799 63.329037 0.184872 -0.384863 7.051622 0.002768
50.129883 10.005288 2.346878 1.381519 325.510498 63.481144 0.183762 -0.402749 7.046843 0.004354
50.257896 10.036852 2.274303 1.388083 326.395569 63.647133 0.183830 -0.415628 7.027967 0.004188
50.383911 10.070176 2.189561 1.373963 327.264893 63.810738 0.182070 -0.420110 7.017010 0.004446
50.510925 10.106117 2.116141 1.367165 328.141174 63.974632 0.179309 -0.411156 7.013115 0.005634
50.626938 10.143277 2.049155 1.340480 328.941498 64.122200 0.177086 -0.385758 7.015500 0.005445
50.756950 10.176309 1.974341 1.327259 329.838257 64.287262 0.174472 -0.332684 7.010647 0.004309
50.886963 10.206935 1.893966 1.320148 330.734070 64.452881 0.170900 -0.252447 7.004062 0.003881
51.003975 10.223204 1.829677 1.273911 331.539063 64.600952 0.166023 -0.158363 6.989076 0.003426
51.132988 10.244329 1.784368 1.212378 332.432037 64.765678 0.158975 -0.035902 6.977026 0.003181
51.262001 10.269732 1.746197 1.087439 333.309845 64.927895 0.150457 0.093562 6.971946 0.003457
51.381012 10.289385 1.725438 0.936582 334.124268 65.077293 0.141431 0.214045 6.949854 0.003069
51.510025 10.308970 1.720258 0.777270 335.003937 65.240067 0.131733 0.339585 6.922047 0.004407
51.628036 10.334681 1.737406 0.590785 335.805634 65.389473 0.126352 0.447372 6.899898 0.004684
51.758049 10.361151 1.781944 0.368053 336.684509 65.554153 0.124162 0.551252 6.867791 0.003871
51.888062 10.379821 1.854716 0.115417 337.559113 65.718155 0.124153 0.626003 6.832157 0.003777
52.007072 10.399377 1.932964 -0.123010 338.355652 65.867126 0.126637 0.657275 6.797798 0.004903
52.135086 10.444593 2.012916 -0.334503 339.213989 66.029518 0.128764 0.649680 6.748899 0.008176
52.252098 10.501656 2.095564 -0.455183 339.987427 66.176407 0.131220 0.612630 6.713149 0.010176
52.380112 10.569287 2.178228 -0.570409 340.821838 66.335228 0.133956 0.553091 6.661917 0.010629
52.509125 10.648374 2.234808 -0.646521 341.669922 66.496597 0.136121 0.479716 6.623731 0.010922
52.627136 10.720191 2.268251 -0.648293 342.429260 66.640961 0.136933 0.399401 6.591940 0.009814
52.756149 10.798049 2.277028 -0.643451 343.261322 66.798615 0.135272 0.285385 6.548230 0.010259
52.885162 10.884502 2.239422 -0.662272 344.088806 66.954933 0.130694 0.141812 6.511450 0.012454
53.002174 10.967428 2.184474 -0.604064 344.835205 67.096710 0.125255 -0.005160 6.484285 0.012503
53.132187 11.064930 2.093671 -0.492051 345.661255 67.254524 0.118932 -0.170196 6.456570 0.012930
53.261200 11.166342 1.972220 -0.403151 346.476715 67.410088 0.111875 -0.315271 6.418840 0.013380
53.379211 11.262149 1.847796 -0.269428 347.218872 67.552536 0.105915 -0.426079 6.393439 0.014517
53.508224 11.387462 1.700557 -0.072743 348.026733 67.708885 0.101338 -0.526381 6.366200 0.016980
53.638237 11.525350 1.543021 0.160182 348.837555 67.866318 0.100737 -0.611544 6.347911 0.018611
53.755249 11.663553 1.405913 0.392455 349.565430 68.007263 0.104430 -0.674734 6.325810 0.019147
53.885262 11.829879 1.253397 0.690408 350.371521 68.163742 0.111189 -0.726545 6.309253 0.022842
54.003273 12.000751 1.116269 0.967858 351.100769 68.305664 0.121114 -0.755595 6.288637 0.024558
54.134285 12.185617 0.969552 1.240937 351.908234 68.462433 0.132895 -0.767426 6.274068 0.024205
54.253296 12.356568 0.866407 1.464898 352.640747 68.603630 0.144327 -0.754004 6.264905 0.024757
54.383308 12.545675 0.775716 1.718565 353.439026 68.758347 0.156378 -0.699189 6.247879 0.025020
54.513321 12.726070 0.708693 1.957595 354.235840 68.913994 0.165222 -0.588814 6.239927 0.024399
54.631332 12.889477 0.664895 2.125429 354.959015 69.055222 0.170454 -0.438700 6.246441 0.024000
54.761345 13.080557 0.633338 2.258162 355.761169 69.211227 0.173153 -0.231307 6.231401 0.026938
54.879356 13.262271 0.627736 2.321121 356.482971 69.351952 0.172129 -0.027463 6.234149 0.027314
55.009369 13.472308 0.650263 2.376427 357.277527 69.508965 0.167945 0.191755 6.225044 0.028536
55.129379 13.661160 0.709621 2.365994 357.997894 69.651062 0.161413 0.370958 6.219381 0.027060
55.259392 13.863585 0.796757 2.292913 358.796326 69.809647 0.149648 0.535951 6.209572 0.027999
55.377403 14.058568 0.890597 2.195662 359.514374 69.952194 0.136177 0.645225 6.199495 0.028802
55.506416 14.273436 1.002211 2.050628 360.304199 70.108353 0.120605 0.725518 6.188341 0.029065
55.635429 14.491425 1.111326 1.842805 361.079559 70.262268 0.106151 0.769928 6.167074 0.030283
55.753441 14.698091 1.199714 1.624682 361.792389 70.404160 0.095275 0.789861 6.152368 0.031584
55.883453 14.931751 1.273437 1.414963 362.575378 70.562653 0.087173 0.794104 6.135455 0.031825
56.013466 15.169485 1.298351 1.238733 363.355438 70.721680 0.082715 0.778506 6.117964 0.032205
56.131477 15.388447 1.291252 1.121581 364.061584 70.868095 0.081871 0.741461 6.107697 0.033124
56.259491 15.633227 1.253791 1.070189 364.825775 71.029907 0.083249 0.668779 6.100450 0.033114
56.388504 15.879427 1.199473 1.097171 365.595276 71.194542 0.087053 0.560043 6.099201 0.033907
56.506516 16.118921 1.130984 1.124982 366.298737 71.347801 0.092178 0.434582 6.103441 0.035549
56.635529 16.391554 1.054162 1.126436 367.067596 71.516930 0.096645 0.281300 6.101369 0.037979
56.753540 16.653328 0.975325 1.102887 367.770325 71.672096 0.100135 0.135332 6.098150 0.037744
56.881554 16.928974 0.886401 1.125020 368.538544 71.843338 0.103537 -0.030814 6.099016 0.037231
57.010567 17.208445 0.802758 1.155584 369.299255 72.015625 0.105948 -0.200274 6.087045 0.038720
57.128578 17.466570 0.731985 1.216588 369.999115 72.176704 0.106524 -0.354058 6.082869 0.038106
57.257591 17.741930 0.644701 1.284805 370.763184 72.353760 0.105757 -0.503494 6.077776 0.036257
57.386604 18.005800 0.568668 1.367913 371.525299 72.531471 0.102045 -0.613973 6.058142 0.035404
57.504616 18.246626 0.514871 1.473785 372.220306 72.695694 0.097435 -0.675802 6.046769 0.036160
57.633629 18.522261 0.474582 1.534788 372.978455 72.876556 0.091045 -0.706255 6.033742 0.036912
57.762642 18.792923 0.442532 1.630704 373.733643 73.059685 0.083734 -0.708170 6.017641 0.037601
57.879654 19.056082 0.415202 1.652856 374.422302 73.228386 0.076979 -0.689990 5.997187 0.038706
58.006668 19.326912 0.384424 1.645445 375.159210 73.410904 0.071362 -0.651760 5.966255 0.036806
58.134682 19.589685 0.355464 1.644552 375.891968 73.595116 0.067334 -0.598311 5.939198 0.035542
58.261696 19.850170 0.338598 1.693232 376.621338 73.783119 0.064914 -0.535630 5.926505 0.035596
58.378708 20.086657 0.349001 1.780993 377.290955 73.959526 0.065156 -0.472288 5.914070 0.034843
58.505722 20.353842 0.375685 1.844070 378.021027 74.154854 0.067713 -0.392426 5.894597 0.035986
58.635735 20.625746 0.410693 1.886512 378.753906 74.353691 0.073265 -0.295688 5.882310 0.036384
58.752747 20.868988 0.452217 1.942184 379.422180 74.538536 0.079801 -0.190989 5.873739 0.035630
58.882759 21.139387 0.510298 1.970210 380.150635 74.741730 0.086315 -0.062964 5.855494 0.037557
59.012772 21.425903 0.592743 1.934842 380.888153 74.948868 0.093376 0.070480 5.840388 0.038186
59.131783 21.685476 0.680226 1.901961 381.556030 75.139313 0.099571 0.191246 5.834774 0.037137
59.261795 21.944508 0.798126 1.799484 382.278931 75.347664 0.106936 0.317383 5.830486 0.033104
59.379807 22.164452 0.920233 1.698964 382.938751 75.540947 0.112179 0.426364 5.821355 0.032103
59.509819 22.407524 1.049406 1.566265 383.663605 75.756905 0.114495 0.529383 5.815464 0.033066
59.627831 22.636408 1.149178 1.466957 384.319916 75.956360 0.114948 0.597093 5.810867 0.034463
59.754845 22.888966 1.240635 1.346883 385.024567 76.174339 0.113078 0.637668 5.804917 0.035761
59.883858 23.158543 1.317687 1.226881 385.739716 76.398918 0.107615 0.649273 5.816027 0.037113
60.011871 23.422258 1.367227 1.135814 386.449371 76.625282 0.101812 0.641559 5.818439 0.035582
