1.20 1.10 20 64
0.137000 0.021604 -0.079302 -0.033719 0.950790 -0.000639 -0.141275 -0.025022 6.640469 0.004804
0.253000 0.046831 -0.237926 -0.104027 1.722235 -0.001704 -0.098867 -0.129418 6.562603 0.002147
0.387000 0.079148 -0.502730 -0.153922 2.588117 -0.002137 -0.008841 -0.252731 6.474257 0.004311
0.504000 0.119089 -0.785523 -0.249346 3.341279 0.000352 0.095482 -0.335410 6.413878 0.005286
0.637000 0.161787 -1.161123 -0.397824 4.190326 0.004081 0.229864 -0.382656 6.361450 0.005581
0.754000 0.210628 -1.538146 -0.532498 4.939996 0.007216 0.350634 -0.384370 6.350421 0.007870
0.887000 0.288065 -2.000659 -0.668095 5.785335 0.011140 0.475256 -0.359160 6.366961 0.010799
1.004000 0.369420 -2.414102 -0.744916 6.532585 0.014154 0.564087 -0.326001 6.405106 0.012743
1.137000 0.483059 -2.875883 -0.821031 7.389882 0.019134 0.633017 -0.284646 6.480183 0.015017
1.254000 0.583647 -3.261120 -0.900429 8.145525 0.025143 0.662890 -0.245283 6.538285 0.014527
1.388000 0.703304 -3.642005 -0.958711 9.028320 0.031749 0.660099 -0.191577 6.620196 0.015419
1.505000 0.813227 -3.877673 -0.989143 9.806561 0.039132 0.627967 -0.135741 6.672826 0.015894
1.637999 0.934651 -4.033878 -1.005752 10.696407 0.045290 0.563328 -0.064097 6.703422 0.015851
1.754999 1.041127 -4.046771 -1.020902 11.480763 0.050110 0.485927 -0.002361 6.702011 0.015026
1.887999 1.164777 -3.888945 -1.097598 12.371262 0.054930 0.386444 0.062798 6.686208 0.016535
2.004999 1.273953 -3.597158 -1.109884 13.150535 0.058848 0.300486 0.117089 6.639587 0.016998
2.137999 1.398557 -3.062850 -1.129073 14.036465 0.062847 0.214372 0.183950 6.587232 0.015916
2.254999 1.499472 -2.450332 -1.153911 14.803102 0.066149 0.158124 0.244946 6.524581 0.014727
2.388999 1.596918 -1.638195 -1.114912 15.666567 0.070352 0.121066 0.307585 6.466924 0.012131
2.504999 1.680009 -0.865423 -1.049218 16.419842 0.076401 0.115902 0.348816 6.419981 0.011487
2.638999 1.776702 0.026587 -1.018703 17.270002 0.082348 0.136190 0.380072 6.372605 0.013618
2.755998 1.869624 0.779769 -1.042204 18.012995 0.087084 0.175853 0.399092 6.335932 0.013951
2.888998 1.976081 1.569464 -1.101111 18.855213 0.090266 0.235679 0.412230 6.331794 0.013774
3.005998 2.065486 2.177168 -1.175830 19.596489 0.093154 0.294304 0.408975 6.341620 0.013353
3.138998 2.171434 2.736634 -1.196110 20.441854 0.099533 0.360855 0.375663 6.373045 0.014070
3.255998 2.268660 3.114230 -1.105379 21.189852 0.108631 0.414437 0.318368 6.412575 0.013971
3.388998 2.374247 3.417767 -0.917813 22.054323 0.122286 0.465557 0.219793 6.487132 0.012273
3.505998 2.460730 3.550740 -0.752518 22.812191 0.134470 0.497315 0.113175 6.570286 0.010978
3.638998 2.565035 3.565408 -0.496729 23.698668 0.151698 0.516107 -0.027237 6.618205 0.012913
3.755997 2.659140 3.512016 -0.214862 24.462425 0.169037 0.515426 -0.145375 6.609023 0.010751
3.889997 2.759478 3.338966 0.124927 25.356598 0.188031 0.497839 -0.258045 6.724478 0.009937
4.005997 2.829989 3.103349 0.407549 26.150801 0.204356 0.468277 -0.321784 6.836768 0.006850
4.139998 2.903387 2.764554 0.733596 27.069139 0.226557 0.422520 -0.357318 6.959675 0.006679
4.256999 2.958519 2.441181 0.998981 27.889734 0.248068 0.376571 -0.367208 7.053323 0.006902
4.389999 3.012707 2.078622 1.212824 28.834513 0.274766 0.320901 -0.365852 7.147194 0.006646
4.506999 3.048390 1.801191 1.323665 29.676394 0.297383 0.276007 -0.357835 7.235573 0.005380
4.640000 3.097323 1.556307 1.489146 30.644705 0.323296 0.235383 -0.342290 7.317128 0.005870
4.757000 3.130026 1.441774 1.602802 31.504017 0.346847 0.212004 -0.325355 7.364430 0.003723
4.890001 3.169769 1.460859 1.722763 32.493855 0.374158 0.201273 -0.304728 7.405008 0.004178
5.007001 3.201091 1.611978 1.797852 33.355396 0.395336 0.207211 -0.283672 7.436371 0.004973
5.141002 3.244624 1.968635 1.933348 34.352329 0.420186 0.227429 -0.249400 7.445252 0.004796
5.257002 3.277784 2.423038 2.026840 35.222794 0.441920 0.256516 -0.209087 7.439118 0.005393
5.391003 3.317302 3.052276 2.118285 36.210827 0.468222 0.293817 -0.154299 7.424983 0.004822
5.508004 3.355243 3.688979 2.159680 37.078613 0.490788 0.323956 -0.098696 7.414771 0.005363
5.641004 3.387362 4.495676 2.222842 38.071598 0.516754 0.351646 -0.023770 7.412235 0.001689
5.758005 3.406019 5.228751 2.303284 38.929279 0.540184 0.368092 0.053286 7.386141 0.000711
5.891005 3.420244 6.048299 2.370197 39.908791 0.569370 0.375865 0.148478 7.355234 0.001231
6.008006 3.432253 6.731183 2.390696 40.766869 0.595299 0.370287 0.224342 7.325784 0.002726
6.142006 3.452804 7.429819 2.416093 41.746525 0.624907 0.349478 0.287221 7.294453 0.001688
6.258007 3.471930 7.936446 2.434963 42.591057 0.652719 0.319187 0.322683 7.272533 0.002649
6.392007 3.503966 8.387519 2.471149 43.562706 0.686410 0.275517 0.350469 7.242396 0.003741
6.508008 3.539438 8.629844 2.459661 44.407948 0.715748 0.231806 0.367918 7.217416 0.004723
6.642008 3.568496 8.718574 2.338813 45.366589 0.749708 0.179460 0.379188 7.202173 0.008138
6.758008 3.606521 8.643584 2.218149 46.208115 0.780256 0.134989 0.379550 7.194482 0.008460
6.892009 3.656863 8.404401 2.093672 47.163570 0.817290 0.090734 0.374493 7.183563 0.008827
7.009010 3.705981 8.050099 1.989330 48.002884 0.849424 0.059810 0.369816 7.175657 0.008087
7.126010 3.761525 7.574538 1.895832 48.842289 0.879830 0.038944 0.361825 7.180104 0.011115
7.259011 3.820441 6.955516 1.720894 49.796040 0.915513 0.027431 0.335008 7.175011 0.011984
7.376011 3.881814 6.382167 1.547269 50.635220 0.947632 0.029729 0.284814 7.181250 0.012735
7.509012 3.966565 5.725889 1.345284 51.589542 0.986997 0.044958 0.198123 7.184143 0.014740
7.626012 4.063043 5.157567 1.262403 52.428631 1.023578 0.067293 0.107437 7.179993 0.015527
7.760013 4.164913 4.559046 1.211819 53.390400 1.068505 0.100099 -0.002836 7.184248 0.013665
7.876013 4.260748 4.102131 1.175765 54.223171 1.108375 0.132402 -0.097770 7.187898 0.015834
8.009014 4.362084 3.661927 1.146186 55.185410 1.154055 0.168952 -0.209299 7.191430 0.012110
8.126015 4.444777 3.371722 1.157187 56.026955 1.194985 0.197491 -0.303868 7.204984 0.011482
8.260015 4.535959 3.127919 1.178550 56.984550 1.242817 0.223057 -0.404198 7.211681 0.012380
8.376016 4.624325 2.977254 1.258603 57.828133 1.284884 0.235628 -0.476160 7.229975 0.013223
8.510016 4.740924 2.873537 1.365970 58.788288 1.332715 0.236919 -0.537534 7.230467 0.015380
8.627017 4.844510 2.836570 1.476049 59.633186 1.376392 0.225854 -0.569917 7.229551 0.014791
8.760017 4.978873 2.859919 1.600515 60.599163 1.428753 0.199003 -0.582138 7.210780 0.018418
8.877018 5.115424 2.924795 1.687974 61.432903 1.473508 0.166702 -0.571635 7.181885 0.021428
9.010018 5.292060 3.051072 1.766217 62.390457 1.524501 0.121379 -0.534766 7.138278 0.022657
9.127019 5.446901 3.186659 1.816571 63.214794 1.569213 0.079761 -0.480971 7.094505 0.022811
9.260019 5.633354 3.366646 1.871899 64.159088 1.620456 0.036022 -0.389262 7.025112 0.023587
9.378019 5.797915 3.531523 1.863858 64.968353 1.665756 0.005845 -0.287520 6.952633 0.025742
9.511020 6.002051 3.700341 1.847379 65.891716 1.719452 -0.018744 -0.148789 6.868027 0.026048
9.628020 6.181002 3.807969 1.814615 66.689453 1.767118 -0.030253 -0.023436 6.803247 0.027977
9.761021 6.390655 3.876012 1.780941 67.585999 1.822551 -0.029750 0.117955 6.715310 0.027641
9.878021 6.575571 3.892129 1.684560 68.365524 1.871303 -0.017095 0.234050 6.647765 0.029454
10.011022 6.797134 3.855141 1.662439 69.242538 1.929589 0.007493 0.358449 6.585534 0.029080
10.128022 7.006436 3.766665 1.704186 70.007217 1.982535 0.034466 0.455502 6.531525 0.031473
10.261023 7.253130 3.644285 1.712792 70.869598 2.043014 0.067086 0.548030 6.479401 0.033067
10.378023 7.471715 3.494262 1.699384 71.623352 2.095385 0.095925 0.606766 6.444024 0.033067
10.512024 7.738307 3.290752 1.647161 72.482033 2.157130 0.124941 0.642940 6.411061 0.034913
10.628024 7.980988 3.088705 1.567683 73.229095 2.212524 0.143668 0.642027 6.401562 0.038161
10.761024 8.288185 2.844665 1.484009 74.077194 2.277159 0.157060 0.598840 6.390255 0.042534
10.879025 8.579531 2.626037 1.381148 74.822365 2.335325 0.160654 0.526164 6.385954 0.045174
11.012026 8.912353 2.375578 1.239107 75.667938 2.402452 0.157568 0.413903 6.375949 0.044559
11.128026 9.202766 2.161877 1.110967 76.410912 2.463783 0.148587 0.309911 6.369546 0.044012
11.262027 9.542237 1.939794 0.966232 77.255280 2.534958 0.133094 0.204813 6.371332 0.045501
11.379027 9.849895 1.766890 0.889338 77.997597 2.599795 0.118108 0.132795 6.371363 0.046811
11.512028 10.210492 1.629466 0.857613 78.839935 2.674567 0.101488 0.065287 6.353551 0.048055
11.629028 10.540735 1.532409 0.932631 79.578865 2.742375 0.086735 0.006882 6.334523 0.050157
11.762029 10.937531 1.488412 1.088477 80.422928 2.822166 0.075855 -0.073903 6.321005 0.052846
11.879029 11.292605 1.501787 1.260584 81.151581 2.893906 0.072568 -0.154343 6.301831 0.052984
12.012030 11.715577 1.558921 1.480614 81.989815 2.979755 0.075620 -0.253770 6.275416 0.055258
12.129030 12.077386 1.650348 1.706887 82.717659 3.056141 0.085088 -0.338727 6.238770 0.052498
12.263031 12.478240 1.766396 1.961469 83.539635 3.143815 0.099885 -0.430150 6.201379 0.051879
12.379031 12.827431 1.879667 2.177409 84.258255 3.222792 0.114025 -0.499700 6.161612 0.050600
12.513032 13.217512 2.006571 2.418671 85.070038 3.315281 0.129412 -0.557994 6.131500 0.050402
12.630033 13.559826 2.127427 2.561508 85.780128 3.398182 0.141045 -0.583915 6.097764 0.050846
12.763033 13.960236 2.219614 2.679321 86.582268 3.496217 0.150499 -0.583696 6.062395 0.051963
12.880033 14.309164 2.256196 2.780863 87.284256 3.584913 0.152564 -0.560768 6.034860 0.051495
13.013034 14.706907 2.242595 2.912961 88.084900 3.689634 0.149848 -0.507756 6.019962 0.050162
13.130034 15.055676 2.194882 3.065529 88.775879 3.784025 0.143279 -0.433727 6.002443 0.052168
13.263035 15.467163 2.093356 3.286548 89.571510 3.895541 0.132797 -0.312371 5.990115 0.052993
13.381036 15.840505 1.995171 3.508721 90.264259 3.995231 0.123188 -0.190318 5.975706 0.054238
13.515037 16.269964 1.866454 3.797948 91.054665 4.114178 0.110579 -0.056925 5.957296 0.056365
13.631037 16.657213 1.753025 3.959210 91.743492 4.218709 0.101331 0.035048 5.952850 0.057594
13.765038 17.105913 1.633865 4.155776 92.525116 4.338954 0.094288 0.123120 5.939936 0.058010
13.882038 17.497009 1.556182 4.348471 93.210129 4.447702 0.091559 0.210964 5.922387 0.058322
14.015038 17.955957 1.503519 4.504843 93.986336 4.575565 0.091889 0.341725 5.904970 0.058902
14.132039 18.371279 1.490952 4.573796 94.665817 4.691241 0.096119 0.465979 5.882491 0.062594
14.265039 18.847355 1.488528 4.603017 95.440765 4.826565 0.105114 0.574432 5.863446 0.062058
14.382040 19.269459 1.500772 4.664123 96.108818 4.946438 0.116102 0.605729 5.843148 0.062736
14.516041 19.759233 1.545139 4.686776 96.877762 5.088778 0.130776 0.571651 5.824561 0.064438
14.632041 20.194363 1.605174 4.695440 97.546051 5.218168 0.142282 0.507539 5.812191 0.064702
14.766042 20.685949 1.681502 4.731212 98.303276 5.370315 0.151535 0.426145 5.805433 0.063836
14.882042 21.116037 1.763860 4.755500 98.968117 5.507500 0.156918 0.352000 5.801679 0.063928
15.016043 21.601313 1.850195 4.720361 99.722984 5.666638 0.158722 0.257249 5.797938 0.063869
15.133043 22.034548 1.921627 4.658882 100.386551 5.809852 0.156183 0.163246 5.799654 0.064351
15.266044 22.507303 1.996214 4.592892 101.139374 5.976510 0.148968 0.057045 5.794086 0.061061
15.383044 22.914637 2.054444 4.530331 101.799721 6.126219 0.140356 -0.020708 5.784144 0.061265
15.516045 23.384966 2.129737 4.485371 102.552773 6.302305 0.127391 -0.085846 5.769779 0.061348
15.633045 23.793640 2.188982 4.460216 103.208771 6.460177 0.114678 -0.125557 5.764688 0.061845
15.766046 24.261040 2.217715 4.461068 103.953194 6.644166 0.100325 -0.158138 5.764080 0.061404
15.883046 24.661236 2.246006 4.467186 104.607529 6.807972 0.089881 -0.179742 5.766567 0.058510
16.017046 25.106085 2.286394 4.480280 105.349571 6.997641 0.079799 -0.203275 5.750732 0.057144
16.133049 25.487062 2.318913 4.471740 105.999290 7.168657 0.073100 -0.232605 5.742179 0.056442
16.267052 25.909084 2.390146 4.461212 106.736519 7.365979 0.069068 -0.278618 5.735719 0.054572
16.384054 26.290918 2.445746 4.466684 107.383392 7.540661 0.069280 -0.323752 5.723664 0.058232
16.517057 26.719828 2.508167 4.463581 108.115837 7.743639 0.074130 -0.360544 5.707482 0.054935
16.634060 27.077021 2.577895 4.518939 108.757446 7.926296 0.081861 -0.367071 5.697591 0.052117
16.751062 27.422682 2.635681 4.589885 109.397484 8.111456 0.091564 -0.346994 5.692617 0.050844
16.884066 27.823631 2.704170 4.677608 110.122643 8.325821 0.103761 -0.297836 5.680434 0.053373
17.001068 28.194721 2.773620 4.737997 110.757477 8.518356 0.114776 -0.240756 5.668757 0.054157
17.134071 28.629087 2.856961 4.842981 111.483406 8.742373 0.128342 -0.166918 5.667965 0.056141
17.251074 29.012264 2.919956 4.998690 112.110054 8.938825 0.138919 -0.100503 5.661722 0.056866
17.385077 29.466564 2.975790 5.200202 112.833977 9.167551 0.144915 -0.022393 5.669395 0.058682
17.501080 29.873171 3.021918 5.382585 113.460243 9.367237 0.146194 0.043997 5.665244 0.060607
17.635082 30.362148 3.094447 5.622446 114.181229 9.601057 0.142502 0.118167 5.652852 0.062476
17.751085 30.795345 3.154444 5.908670 114.809402 9.807616 0.136272 0.172862 5.651453 0.061867
17.885088 31.288130 3.195078 6.274532 115.520889 10.045730 0.126537 0.217372 5.645201 0.061637
18.001091 31.723515 3.224490 6.548975 116.146896 10.256675 0.119589 0.237646 5.644261 0.062694
18.135094 32.213730 3.260819 6.895107 116.861092 10.503393 0.109134 0.249969 5.636599 0.061590
18.252096 32.629200 3.278507 7.218843 117.477135 10.720704 0.099532 0.264010 5.629459 0.059361
18.385099 33.101223 3.311106 7.588859 118.186211 10.975125 0.091273 0.293889 5.611577 0.060175
18.502102 33.524487 3.350663 7.838240 118.796806 11.197414 0.088197 0.326082 5.596194 0.062291
18.635105 34.021320 3.401886 8.092968 119.498520 11.456800 0.088069 0.350963 5.571393 0.062764
18.752108 34.445442 3.458819 8.257558 120.107712 11.686180 0.091051 0.346717 5.558421 0.062242
18.885111 34.952595 3.531739 8.441900 120.796684 11.949270 0.099388 0.305413 5.537453 0.065122
19.002113 35.403965 3.592864 8.601586 121.399536 12.182699 0.110104 0.244268 5.513597 0.065522
19.136116 35.913364 3.638716 8.775319 122.080437 12.451971 0.123942 0.154365 5.503165 0.065153
19.252119 36.375862 3.686812 8.918082 122.676651 12.691351 0.138060 0.068006 5.486442 0.068288
19.386122 36.896008 3.749029 8.987141 123.351868 12.965859 0.154656 -0.036553 5.471859 0.067648
19.503124 37.358112 3.805836 8.987136 123.942955 13.211276 0.168032 -0.129916 5.467293 0.069320
19.636127 37.900772 3.856888 9.057487 124.612419 13.496064 0.181981 -0.231608 5.474620 0.072083
19.753130 38.397278 3.912808 9.139041 125.200806 13.750744 0.193517 -0.303074 5.478484 0.073341
19.886133 38.972313 3.973371 9.250681 125.873192 14.047296 0.203652 -0.352728 5.483180 0.073976
20.003136 39.460327 4.025162 9.301114 126.453491 14.308343 0.210413 -0.363981 5.486667 0.072873
20.137138 40.026096 4.078680 9.336338 127.121620 14.614410 0.213998 -0.354769 5.478432 0.074083
20.253141 40.529675 4.104583 9.385525 127.698479 14.882343 0.213492 -0.344117 5.485581 0.076016
20.387144 41.131931 4.133810 9.473571 128.362350 15.195662 0.209096 -0.340090 5.474287 0.078185
20.503147 41.667233 4.170098 9.606137 128.939850 15.473132 0.204472 -0.338363 5.479150 0.078458
20.637150 42.289188 4.199886 9.714833 129.594788 15.790969 0.200636 -0.320951 5.470370 0.083006
20.754152 42.852470 4.235571 9.789900 130.168793 16.072866 0.198526 -0.281382 5.464697 0.083708
20.887156 43.501366 4.269773 9.876559 130.818069 16.396759 0.198601 -0.211442 5.448064 0.084651
21.004158 44.073788 4.255391 9.972388 131.384781 16.686190 0.201360 -0.142593 5.437338 0.085237
21.137161 44.742054 4.201892 10.122047 132.030334 17.023239 0.207331 -0.069357 5.432321 0.086450
21.254164 45.333641 4.135674 10.264065 132.588074 17.318941 0.215649 -0.012609 5.447348 0.088354
21.387167 46.014374 4.058277 10.406916 133.231415 17.664726 0.226330 0.055220 5.447120 0.085753
21.504169 46.587540 3.984394 10.572372 133.785583 17.967722 0.236372 0.122444 5.445294 0.083932
21.638172 47.236916 3.904674 10.718767 134.423584 18.322111 0.247458 0.211062 5.449395 0.082169
21.754175 47.798588 3.846063 10.808081 134.979828 18.635231 0.255919 0.289585 5.458146 0.083859
21.888178 48.445641 3.807344 10.891744 135.610565 18.995232 0.264690 0.373469 5.456459 0.084173
22.005180 49.004936 3.781352 10.989144 136.162750 19.315928 0.272595 0.434608 5.460331 0.081966
22.138184 49.635700 3.772944 11.092502 136.793503 19.687117 0.280160 0.483651 5.466742 0.080897
22.255186 50.167141 3.750803 11.119843 137.338593 20.010632 0.284076 0.501700 5.459459 0.079524
22.388189 50.772343 3.713326 11.194302 137.959625 20.385956 0.286704 0.493592 5.456896 0.078578
22.505192 51.304203 3.678929 11.333379 138.504028 20.719379 0.287284 0.466848 5.451942 0.076225
22.638195 51.907394 3.636755 11.582717 139.124298 21.104654 0.287493 0.418893 5.443997 0.076783
22.755198 52.413227 3.588331 11.790673 139.659149 21.440094 0.285598 0.360380 5.437511 0.073211
22.889200 52.981903 3.525337 12.030263 140.273895 21.830671 0.282731 0.260805 5.424532 0.071899
23.005203 53.474178 3.453349 12.259018 140.806290 22.174572 0.282014 0.147547 5.416412 0.070372
23.139206 54.023399 3.353690 12.506258 141.407532 22.569172 0.282593 0.002323 5.402276 0.069485
23.256208 54.491249 3.253785 12.604213 141.932175 22.919643 0.283477 -0.118017 5.385192 0.069249
23.389212 55.015804 3.146695 12.666430 142.523483 23.320261 0.284958 -0.237110 5.359774 0.068430
23.506214 55.468056 3.049111 12.674684 143.039139 23.675289 0.288640 -0.324853 5.342170 0.066054
23.639217 55.961849 2.928761 12.615189 143.624573 24.085033 0.299361 -0.409947 5.323390 0.063015
23.756220 56.364044 2.828312 12.494290 144.127441 24.443247 0.311641 -0.462701 5.321843 0.058944
23.890223 56.787342 2.716620 12.264179 144.704529 24.861683 0.328065 -0.493017 5.318298 0.055396
24.006226 57.132687 2.633234 12.012162 145.200027 25.228062 0.345018 -0.496060 5.306874 0.052881
24.139229 57.502995 2.535147 11.649006 145.767548 25.656786 0.364535 -0.484992 5.309516 0.047880
24.257231 57.787212 2.451193 11.243564 146.259735 26.035091 0.380622 -0.466242 5.306808 0.042983
24.390234 58.076580 2.361826 10.764269 146.816177 26.468651 0.397573 -0.427009 5.303855 0.039034
24.507236 58.299252 2.286815 10.339374 147.301239 26.854715 0.410756 -0.371082 5.294248 0.033544
24.640240 58.514233 2.223572 9.815031 147.848404 27.298906 0.421736 -0.283690 5.301870 0.028440
24.757242 58.664692 2.158898 9.286807 148.327087 27.693829 0.429925 -0.198130 5.306076 0.023266
24.890245 58.808949 2.054024 8.640834 148.866760 28.149260 0.437594 -0.097459 5.314276 0.021471
25.007248 58.908810 1.943870 8.048048 149.339386 28.555927 0.442638 -0.009403 5.339731 0.014191
25.140251 58.970802 1.796306 7.432329 149.878174 29.029531 0.447453 0.090982 5.366120 0.007881
25.257254 58.984283 1.667451 6.876190 150.342850 29.446249 0.452951 0.169129 5.387211 0.002749
25.391256 58.964512 1.512881 6.253541 150.878937 29.933506 0.461262 0.242454 5.419521 -0.001891
25.507259 58.917233 1.336686 5.718290 151.346222 30.364790 0.468928 0.288747 5.448149 -0.006957
25.641262 58.840092 1.124406 5.163304 151.875854 30.862465 0.478508 0.326278 5.476968 -0.011011
25.757265 58.740913 0.937254 4.611271 152.341614 31.305912 0.488385 0.347869 5.511039 -0.016107
25.891268 58.601753 0.693996 4.031312 152.868561 31.817760 0.501530 0.357804 5.537071 -0.019605
26.008270 58.428841 0.495238 3.533020 153.330658 32.275272 0.514498 0.355771 5.574241 -0.028296
26.141273 58.178501 0.275131 2.897892 153.856247 32.802650 0.532144 0.351336 5.615276 -0.034549
26.258276 57.930817 0.069347 2.345792 154.318130 33.273510 0.550288 0.354657 5.652251 -0.037979
26.391279 57.628983 -0.170160 1.770516 154.845978 33.822395 0.570571 0.364547 5.703283 -0.040515
26.508282 57.340034 -0.371930 1.298179 155.302551 34.306225 0.587054 0.362681 5.760239 -0.047048
26.642284 56.957806 -0.615551 0.751562 155.831238 34.873455 0.604111 0.326101 5.806295 -0.051870
26.758287 56.609566 -0.841613 0.261413 156.294937 35.375366 0.616613 0.257153 5.860384 -0.054041
26.892290 56.193092 -1.086293 -0.303712 156.822952 35.954979 0.628689 0.146470 5.919043 -0.057146
27.008293 55.812538 -1.284465 -0.798397 157.288361 36.472500 0.637498 0.035598 5.969104 -0.058955
27.142296 55.353798 -1.482268 -1.335305 157.819504 37.067917 0.643482 -0.090245 6.022667 -0.064010
27.259298 54.924667 -1.627359 -1.804744 158.287842 37.598755 0.642293 -0.193352 6.072888 -0.067878
27.392302 54.413971 -1.762389 -2.339105 158.822006 38.209751 0.634633 -0.294448 6.121172 -0.069835
27.509304 53.949089 -1.868139 -2.817253 159.293182 38.752594 0.624393 -0.362808 6.161094 -0.072463
27.626307 53.468033 -1.995629 -3.280614 159.764755 39.299572 0.612487 -0.407559 6.185746 -0.074430
27.759310 52.900528 -2.112236 -3.780001 160.300919 39.927246 0.596549 -0.431386 6.224670 -0.078757
27.876312 52.380104 -2.172558 -4.259000 160.772873 40.483345 0.581700 -0.432491 6.241680 -0.082318
28.009315 51.752964 -2.229774 -4.866631 161.311661 41.124493 0.564517 -0.412344 6.252334 -0.085493
28.126318 51.193150 -2.253976 -5.296328 161.775543 41.682163 0.551156 -0.372528 6.254071 -0.087284
28.259321 50.532288 -2.280904 -5.738585 162.308640 42.327984 0.538805 -0.294766 6.245524 -0.089989
28.376324 49.952621 -2.307888 -6.023612 162.769928 42.894253 0.530685 -0.204634 6.238416 -0.087725
28.510326 49.290489 -2.349265 -6.263175 163.289749 43.539989 0.524281 -0.092789 6.232756 -0.089610
28.627329 48.694603 -2.395186 -6.383743 163.743500 44.110264 0.520079 -0.005121 6.226001 -0.090301
28.760332 47.999264 -2.459862 -6.471095 164.255066 44.759304 0.516945 0.071406 6.203677 -0.092337
28.877335 47.380371 -2.542298 -6.519884 164.700287 45.331165 0.512393 0.116281 6.183412 -0.092949
29.010338 46.681660 -2.651722 -6.556516 165.199799 45.981766 0.503456 0.149400 6.154472 -0.091883
29.127340 46.066730 -2.766449 -6.610999 165.635254 46.554005 0.489951 0.167589 6.140700 -0.090873
29.260344 45.381382 -2.904613 -6.643016 166.126389 47.211971 0.470006 0.182829 6.114879 -0.088265
29.377346 44.791126 -3.033229 -6.665755 166.545746 47.780743 0.448088 0.193798 6.077699 -0.088512
29.510349 44.116867 -3.183934 -6.645986 167.023804 48.436203 0.415853 0.204164 6.033405 -0.086943
29.627352 43.541836 -3.308968 -6.665730 167.431412 49.000523 0.383090 0.208724 5.974457 -0.086680
29.761354 42.875961 -3.429879 -6.703834 167.893082 49.648647 0.339350 0.207219 5.905812 -0.087615
29.877357 42.302967 -3.530805 -6.724693 168.287949 50.210663 0.296622 0.199807 5.844832 -0.083667
30.011360 41.688320 -3.597065 -6.814696 168.727859 50.843235 0.246952 0.186423 5.744991 -0.079277
30.128363 41.180706 -3.616663 -6.950091 169.106979 51.391056 0.204009 0.170867 5.655974 -0.075200
30.261366 40.644505 -3.571311 -7.103948 169.531982 52.009941 0.156132 0.150149 5.568202 -0.067701
30.378368 40.221191 -3.486576 -7.210251 169.890808 52.540054 0.117942 0.132553 5.484922 -0.061564
30.511372 39.784100 -3.343491 -7.331118 170.294907 53.146935 0.077878 0.114988 5.406484 -0.054555
30.628374 39.439991 -3.181367 -7.410907 170.636017 53.665119 0.045890 0.097552 5.310310 -0.049667
30.762377 39.091305 -2.920070 -7.492393 171.022293 54.253563 0.013638 0.062363 5.214333 -0.043294
30.879379 38.828651 -2.650305 -7.527015 171.355331 54.758625 -0.011487 0.010962 5.138704 -0.035329
31.013382 38.589001 -2.276731 -7.531428 171.732788 55.327942 -0.035165 -0.066864 5.069620 -0.027194
31.129385 38.427849 -1.896564 -7.431818 172.059769 55.817696 -0.051305 -0.135973 5.011183 -0.020803
31.263388 38.296963 -1.393499 -7.237298 172.429413 56.366684 -0.065578 -0.200792 4.951817 -0.013386
31.379391 38.251312 -0.901664 -6.955009 172.754761 56.842964 -0.074997 -0.240566 4.914103 0.000053
31.513393 38.276463 -0.307558 -6.458101 173.126007 57.377201 -0.082450 -0.275212 4.882197 0.007633
31.630396 38.360538 0.234191 -5.893946 173.456573 57.840462 -0.087140 -0.300495 4.855569 0.015644
31.763399 38.542179 0.860926 -5.172438 173.838806 58.360146 -0.090165 -0.318260 4.850004 0.027779
31.880402 38.771061 1.406943 -4.457508 174.182083 58.812042 -0.092639 -0.313793 4.850304 0.033671
32.014404 39.075249 2.005173 -3.563114 174.584549 59.324123 -0.093047 -0.278217 4.868037 0.038276
32.130394 39.386124 2.491977 -2.746468 174.945786 59.766418 -0.092292 -0.225870 4.891983 0.044000
32.263382 39.787949 3.003589 -1.709071 175.368713 60.265892 -0.089081 -0.155552 4.942538 0.047978
32.381371 40.171303 3.395631 -0.686289 175.751938 60.703648 -0.082010 -0.093483 4.992706 0.049539
32.514359 40.642960 3.760111 0.504216 176.202194 61.198563 -0.067722 -0.017667 5.058669 0.052517
32.631348 41.086300 4.010178 1.571224 176.612411 61.632404 -0.048985 0.056508 5.131525 0.056212
32.764336 41.612259 4.223445 2.853664 177.093552 62.125629 -0.020185 0.150963 5.216240 0.058511
32.881325 42.092102 4.323820 3.943589 177.531998 62.559425 0.011616 0.232002 5.310550 0.061016
33.014313 42.646683 4.347804 5.045793 178.047409 63.054035 0.051796 0.311419 5.416283 0.062359
33.131302 43.145088 4.284250 5.963929 178.516403 63.490353 0.091445 0.362416 5.510442 0.064271
33.264290 43.706333 4.141750 6.949080 179.071381 63.991566 0.139906 0.397640 5.631634 0.063835
33.381279 44.172981 3.969383 7.777876 179.566132 64.426910 0.182886 0.402209 5.720738 0.060167
33.514267 44.689453 3.720327 8.615845 180.156189 64.930466 0.233050 0.370650 5.841308 0.059721
33.631256 45.130337 3.489970 9.263778 180.681259 65.368408 0.274808 0.314058 5.933789 0.061309
33.765244 45.629330 3.219591 9.894958 181.304123 65.878418 0.320470 0.224930 6.066399 0.058967
33.881233 46.035625 2.992875 10.270411 181.862808 66.325806 0.357186 0.142377 6.155720 0.057156
34.015221 46.479675 2.768067 10.592919 182.511002 66.837036 0.394371 0.049430 6.249322 0.055697
34.132210 46.840237 2.588248 10.713609 183.091690 67.289536 0.423188 -0.030210 6.321767 0.051564
34.265198 47.206478 2.413499 10.658206 183.764496 67.805023 0.449490 -0.123378 6.410705 0.045211
34.382187 47.487587 2.310372 10.553256 184.364319 68.261711 0.468252 -0.201374 6.467392 0.039840
34.516174 47.768803 2.256101 10.375957 185.060272 68.787125 0.484944 -0.280732 6.533713 0.034578
34.632164 47.970093 2.272731 10.134103 185.669220 69.242531 0.496232 -0.333670 6.570990 0.029564
34.765152 48.145023 2.345598 9.710707 186.378830 69.768242 0.504943 -0.370993 6.606128 0.020251
34.882141 48.241249 2.436014 9.290703 186.998016 70.223015 0.510178 -0.376151 6.630363 0.014512
35.016129 48.296043 2.560807 8.765679 187.717407 70.747353 0.515750 -0.346647 6.649150 0.007117
35.133118 48.308758 2.681844 8.322529 188.347336 71.204697 0.520344 -0.293024 6.660570 0.002561
35.266106 48.259987 2.809914 7.772249 189.065384 71.724770 0.527031 -0.218323 6.670998 -0.007414
35.382095 48.172340 2.915102 7.268265 189.699814 72.181229 0.534068 -0.159619 6.684167 -0.011032
35.516083 48.014629 3.023373 6.690372 190.423523 72.697716 0.544947 -0.114065 6.682663 -0.019746
35.633072 47.818600 3.108394 6.125168 191.061569 73.150772 0.556372 -0.093751 6.690767 -0.028763
35.766060 47.535110 3.167805 5.586048 191.793732 73.669365 0.570261 -0.077229 6.696071 -0.036656
35.883049 47.257702 3.170313 5.257211 192.427689 74.117798 0.585191 -0.052053 6.694160 -0.041224
36.016037 46.881756 3.134342 4.927736 193.161011 74.635117 0.602704 0.003660 6.701939 -0.049485
36.133026 46.521500 3.045593 4.688300 193.797821 75.082359 0.618604 0.075123 6.712984 -0.053658
36.267014 46.097195 2.873603 4.505884 194.534225 75.599815 0.637117 0.171026 6.723569 -0.056568
36.383003 45.684952 2.670983 4.373226 195.180023 76.052559 0.652664 0.253447 6.751273 -0.063095
36.516991 45.173691 2.404289 4.272092 195.915726 76.568893 0.667801 0.340742 6.767157 -0.069184
36.633980 44.703236 2.118784 4.266169 196.562988 77.026741 0.680857 0.415219 6.786193 -0.070805
36.766968 44.144947 1.758589 4.266038 197.303543 77.550156 0.695564 0.498852 6.838412 -0.075123
36.883957 43.624718 1.430867 4.176473 197.958374 78.013741 0.707407 0.562540 6.872051 -0.079394
37.000946 43.059490 1.105688 3.990174 198.617523 78.479851 0.717840 0.597013 6.915519 -0.085073
37.133934 42.370605 0.727516 3.848554 199.369507 79.015442 0.728088 0.580308 6.958624 -0.093250
37.250923 41.726810 0.402792 3.729094 200.035095 79.490364 0.737044 0.504925 7.005003 -0.097175
37.383911 40.943817 0.069629 3.505681 200.798035 80.032990 0.747185 0.351220 7.059330 -0.106863
37.500900 40.202850 -0.181493 3.263230 201.474030 80.513687 0.754413 0.172394 7.104239 -0.113331
37.633888 39.327812 -0.438738 2.957721 202.253021 81.067551 0.758551 -0.063276 7.154842 -0.115281
37.750877 38.535301 -0.619742 2.645612 202.931259 81.549934 0.758678 -0.261614 7.186375 -0.122927
37.884865 37.569809 -0.784433 2.074214 203.718369 82.110298 0.755144 -0.458527 7.225063 -0.129264
38.000854 36.705479 -0.902264 1.492578 204.407455 82.601868 0.750327 -0.580410 7.240776 -0.131080
38.134842 35.698345 -0.983310 0.718666 205.195374 83.159225 0.739266 -0.664061 7.266546 -0.136332
38.250832 34.783195 -1.024460 0.024892 205.890427 83.650917 0.726532 -0.696984 7.281032 -0.139107
38.384823 33.715752 -1.058733 -0.818681 206.686584 84.213326 0.711188 -0.699603 7.269166 -0.141848
38.501812 32.785866 -1.068429 -1.582513 207.374512 84.700111 0.697323 -0.672996 7.259703 -0.143088
38.634800 31.686319 -1.051356 -2.496262 208.166916 85.260818 0.682611 -0.603260 7.234158 -0.145310
38.751789 30.733553 -1.027634 -3.260578 208.851868 85.743355 0.672128 -0.511094 7.209155 -0.145182
38.884777 29.632769 -0.992016 -4.129770 209.639877 86.296143 0.663985 -0.376334 7.159403 -0.145487
39.001766 28.683475 -0.967097 -4.880583 210.320374 86.768661 0.659716 -0.251508 7.128406 -0.144476
39.134754 27.571213 -0.948229 -5.774012 211.103806 87.309471 0.657124 -0.106362 7.082389 -0.148187
39.251743 26.603661 -0.963433 -6.498100 211.778503 87.772316 0.655349 0.012543 7.034270 -0.146408
39.385731 25.502460 -1.018888 -7.278732 212.552368 88.301086 0.656339 0.144244 6.968203 -0.144540
39.501720 24.542427 -1.108283 -7.968790 213.224457 88.756134 0.659362 0.250967 6.915680 -0.144990
39.635708 23.463013 -1.237300 -8.661982 213.983734 89.264778 0.660137 0.359283 6.845869 -0.141194
39.752697 22.541492 -1.361709 -9.217839 214.648102 89.704666 0.659158 0.435234 6.788547 -0.137766
39.885685 21.520903 -1.513235 -9.728868 215.398285 90.194939 0.656902 0.498963 6.707567 -0.132943
40.002674 20.644272 -1.657246 -10.054968 216.052963 90.620056 0.653134 0.533288 6.644646 -0.131583
40.135662 19.661079 -1.809859 -10.356542 216.790649 91.095634 0.650087 0.548607 6.560406 -0.129274
40.252651 18.810167 -1.931737 -10.549837 217.433426 91.508316 0.646793 0.540503 6.499023 -0.126288
40.385639 17.861624 -2.050792 -10.686861 218.161560 91.971313 0.641758 0.508472 6.404873 -0.121875
40.502628 17.074686 -2.139901 -10.751825 218.786026 92.364716 0.634466 0.466611 6.333730 -0.116981
40.636616 16.188702 -2.246126 -10.727263 219.499390 92.808594 0.628690 0.411423 6.223045 -0.113691
40.752605 15.439556 -2.320792 -10.686979 220.115631 93.186966 0.624648 0.361220 6.147246 -0.108960
40.886593 14.636890 -2.379425 -10.628492 220.808914 93.604851 0.619316 0.295609 6.045098 -0.101884
41.003582 13.973083 -2.409486 -10.528728 221.410538 93.963440 0.612549 0.226729 5.950713 -0.095704
41.136570 13.257446 -2.442596 -10.319387 222.091125 94.363663 0.604638 0.133557 5.843566 -0.089900
41.253559 12.670284 -2.481331 -10.088803 222.672928 94.700867 0.598371 0.048754 5.762454 -0.084758
41.386547 12.034138 -2.544796 -9.778141 223.336288 95.079025 0.589523 -0.051913 5.652609 -0.078886
41.503536 11.509400 -2.626281 -9.546200 223.902939 95.398483 0.582770 -0.140441 5.572709 -0.077035
41.636524 10.924831 -2.766085 -9.260610 224.550232 95.757950 0.575741 -0.251880 5.493048 -0.071368
41.753513 10.454996 -2.914996 -8.989738 225.104019 96.062500 0.568995 -0.351337 5.420018 -0.067168
41.887501 9.937571 -3.115373 -8.705041 225.736435 96.404266 0.558700 -0.461289 5.330484 -0.063667
42.003490 9.519917 -3.320965 -8.501445 226.282684 96.695786 0.549775 -0.540420 5.264483 -0.057797
42.137478 9.087554 -3.595708 -8.298561 226.897293 97.018692 0.536461 -0.604936 5.181787 -0.053722
42.254467 8.735990 -3.890504 -8.166289 227.431519 97.294556 0.523048 -0.634515 5.109231 -0.048460
42.387455 8.369620 -4.273555 -7.991498 228.032394 97.600204 0.506177 -0.632702 5.033701 -0.045145
42.504444 8.058164 -4.629732 -7.852983 228.554825 97.860725 0.489414 -0.597262 4.955580 -0.044006
42.637432 7.732470 -5.056902 -7.647998 229.145050 98.151466 0.469327 -0.516693 4.874213 -0.038204
42.754421 7.475754 -5.397830 -7.475600 229.648621 98.396721 0.451761 -0.418917 4.795376 -0.034318
42.887409 7.209510 -5.773173 -7.239767 230.222427 98.673431 0.431514 -0.279634 4.717724 -0.028940
43.004398 7.011343 -6.075555 -7.004961 230.712067 98.907906 0.414104 -0.147839 4.650758 -0.024214
43.137386 6.817672 -6.383043 -6.688971 231.269501 99.172363 0.394381 0.012515 4.563146 -0.018985
43.254375 6.677771 -6.600638 -6.405517 231.749191 99.396774 0.380301 0.146713 4.494399 -0.014503
43.388363 6.554796 -6.766236 -6.073541 232.286667 99.645866 0.368368 0.284882 4.421598 -0.008190
43.504353 6.488630 -6.833138 -5.757060 232.752991 99.859550 0.359089 0.376754 4.359292 -0.001621
43.638340 6.445735 -6.787494 -5.326160 233.276917 100.096474 0.351807 0.437790 4.297983 0.004023
43.755329 6.432949 -6.669268 -4.886539 233.733353 100.299744 0.347522 0.452042 4.251681 0.007773
43.888317 6.456428 -6.446705 -4.418444 234.247818 100.523712 0.341829 0.439575 4.196351 0.012871
44.005306 6.515683 -6.186018 -4.000205 234.696579 100.715858 0.335819 0.421398 4.156106 0.017745
44.138294 6.617864 -5.830441 -3.503304 235.207169 100.930252 0.327171 0.402174 4.118425 0.022071
44.255283 6.730122 -5.498523 -3.038102 235.647003 101.111969 0.316624 0.382161 4.097233 0.025646
44.389271 6.885670 -5.106153 -2.461247 236.153870 101.316078 0.297321 0.343928 4.065821 0.028343
44.505260 7.033204 -4.764221 -1.949137 236.595886 101.489708 0.276144 0.295480 4.053040 0.029078
44.639248 7.223301 -4.379334 -1.378815 237.097519 101.684952 0.248478 0.233014 4.041461 0.032122
44.756237 7.404023 -4.026311 -0.881238 237.538666 101.851707 0.222294 0.180599 4.024385 0.032761
44.889225 7.620819 -3.622325 -0.338041 238.041229 102.036423 0.191211 0.122139 4.028490 0.034535
45.006214 7.830768 -3.289135 0.092442 238.485062 102.195496 0.163982 0.064408 4.030920 0.035699
45.139202 8.077363 -2.935049 0.543694 238.995728 102.372452 0.135094 -0.016533 4.041872 0.035821
45.256191 8.300797 -2.654516 0.887687 239.441010 102.522911 0.114263 -0.093235 4.063214 0.036411
45.389179 8.580372 -2.338645 1.182702 239.960327 102.695671 0.096033 -0.179678 4.104159 0.039283
45.506168 8.833241 -2.067983 1.356634 240.415161 102.843452 0.085469 -0.240347 4.138734 0.039743
45.639156 9.150090 -1.767374 1.506360 240.946686 103.012665 0.079084 -0.292373 4.182298 0.043362
45.756145 9.438557 -1.502745 1.656804 241.416550 103.160561 0.079166 -0.320201 4.227553 0.043365
45.890133 9.772147 -1.193195 1.785098 241.958008 103.325302 0.084525 -0.331743 4.275251 0.044452
46.007122 10.080247 -0.934559 1.827563 242.441269 103.467735 0.093486 -0.321135 4.327993 0.047183
46.140110 10.457458 -0.633454 1.809415 242.998459 103.628761 0.107124 -0.284012 4.386335 0.049647
46.257099 10.807378 -0.348335 1.765872 243.496170 103.769417 0.118949 -0.234591 4.445478 0.053653
46.390087 11.243246 -0.008215 1.725015 244.074738 103.932060 0.131291 -0.170709 4.513629 0.058334
46.507076 11.633941 0.294325 1.671183 244.583344 104.072853 0.139196 -0.118771 4.575920 0.059282
46.640064 12.099300 0.612748 1.591251 245.178925 104.237999 0.142742 -0.069192 4.639493 0.061449
46.757053 12.518043 0.856368 1.509806 245.701721 104.382774 0.140104 -0.033939 4.698973 0.063768
46.890041 13.007951 1.103916 1.332381 246.314819 104.548378 0.132424 0.002105 4.770769 0.065377
47.007030 13.440310 1.300017 1.196572 246.853729 104.693398 0.122842 0.033271 4.840913 0.065521
47.141018 13.958751 1.508765 1.004899 247.485535 104.862183 0.109587 0.069079 4.908636 0.068984
47.257008 14.418123 1.673600 0.810924 248.045258 105.009521 0.099182 0.096977 4.970985 0.070887
47.374996 14.905107 1.807796 0.618415 248.612045 105.159096 0.089898 0.118428 5.038293 0.074920
47.506985 15.475641 1.932867 0.439790 249.264694 105.331001 0.082537 0.133877 5.102966 0.076114
47.640972 16.064215 2.033140 0.276258 249.925720 105.504677 0.079684 0.143202 5.164946 0.078488
47.757961 16.583694 2.105958 0.149476 250.514175 105.657372 0.081193 0.148937 5.220873 0.078877
47.874950 17.120476 2.162201 0.067112 251.109055 105.811462 0.087405 0.148953 5.275996 0.083364
48.007938 17.759968 2.233529 0.075852 251.797653 105.990578 0.098995 0.137044 5.338302 0.082789
48.124928 18.307446 2.282262 0.128340 252.399368 106.146767 0.110092 0.116563 5.375611 0.081451
48.257915 18.957205 2.323312 0.323271 253.098999 106.329803 0.123416 0.090913 5.416308 0.085084
48.375908 19.538351 2.357714 0.582029 253.714615 106.492180 0.135456 0.075322 5.458097 0.085736
48.508896 20.203764 2.363263 0.938966 254.424805 106.680824 0.148465 0.066765 5.501703 0.084671
48.625885 20.781755 2.338320 1.291284 255.049561 106.847511 0.159613 0.061590 5.544280 0.083936
48.759872 21.442869 2.304647 1.758381 255.764053 107.041183 0.172418 0.052699 5.583083 0.083741
48.876862 22.039509 2.268279 2.194693 256.396698 107.213989 0.182003 0.043844 5.623206 0.088174
49.009850 22.742426 2.218944 2.710205 257.121246 107.413223 0.190442 0.035408 5.670112 0.090829
49.126839 23.392191 2.170586 3.204854 257.763123 107.590950 0.195313 0.028034 5.703151 0.096075
49.259827 24.139290 2.148247 3.745395 258.496399 107.794762 0.198083 0.010976 5.737689 0.094425
49.376816 24.786848 2.133538 4.204204 259.143951 107.975906 0.196735 -0.016053 5.753862 0.093168
49.509804 25.517933 2.120912 4.720532 259.886475 108.186005 0.191128 -0.060187 5.761908 0.092671
49.626793 26.157368 2.111118 5.153256 260.529572 108.370590 0.186252 -0.103002 5.770719 0.094397
49.759781 26.902618 2.092072 5.572853 261.273285 108.585594 0.180483 -0.148716 5.780111 0.095515
49.876770 27.542065 2.079456 5.876779 261.921936 108.775635 0.176848 -0.178663 5.770774 0.093341
50.010757 28.251764 2.066775 6.183975 262.656952 108.992767 0.174547 -0.196353 5.755385 0.091391
50.126747 28.867289 2.050698 6.437530 263.300385 109.186035 0.174038 -0.197473 5.734442 0.088638
50.260735 29.539379 2.033137 6.690174 264.028442 109.409843 0.174436 -0.188020 5.719474 0.086499
50.376724 30.115305 2.023298 6.862776 264.665497 109.609421 0.175039 -0.174505 5.699485 0.084630
50.510712 30.755003 2.020212 6.998897 265.386566 109.838623 0.179400 -0.154891 5.677956 0.083806
50.627701 31.303949 2.005152 7.027492 266.017578 110.043190 0.184797 -0.131324 5.663872 0.081208
50.760689 31.911272 1.987066 7.045812 266.730408 110.281334 0.192279 -0.094755 5.643781 0.078742
50.877678 32.433582 1.957323 7.067150 267.353516 110.495094 0.201734 -0.057605 5.623501 0.075036
51.010670 32.994793 1.919893 7.080282 268.064941 110.743034 0.213478 -0.014371 5.617328 0.072110
51.127659 33.476131 1.911960 7.083684 268.684204 110.961708 0.222478 0.018649 5.607557 0.070786
51.260647 33.997433 1.910033 7.080318 269.385284 111.214729 0.231411 0.051686 5.605141 0.067028
51.378635 34.443745 1.898845 7.110871 269.999176 111.441315 0.239251 0.078282 5.586223 0.067064
51.511623 34.952278 1.890309 7.148874 270.693817 111.703003 0.247587 0.110713 5.577421 0.066352
51.628613 35.395683 1.904807 7.178326 271.301758 111.937218 0.253729 0.143150 5.565675 0.064605
51.761600 35.882477 1.919083 7.195450 271.991211 112.205818 0.256731 0.185876 5.563135 0.062951
51.878590 36.298370 1.922336 7.207415 272.596161 112.445091 0.256890 0.229556 5.559666 0.061053
52.011578 36.764198 1.921930 7.278352 273.280853 112.721458 0.254957 0.282177 5.545154 0.060520
52.128567 37.167355 1.925685 7.388627 273.884949 112.971069 0.252645 0.324805 5.538070 0.058240
52.262554 37.602154 1.933750 7.495897 274.563171 113.256737 0.248831 0.355214 5.528814 0.056301
52.378544 37.975208 1.937265 7.577576 275.153656 113.508736 0.245669 0.353645 5.534931 0.054691
52.512531 38.394047 1.951482 7.608199 275.833435 113.803612 0.243812 0.309201 5.524245 0.054103
52.628521 38.753258 1.980913 7.578859 276.423187 114.064911 0.243625 0.235530 5.509281 0.052681
52.762508 39.139652 2.015133 7.450691 277.090729 114.365814 0.244813 0.125605 5.502030 0.050581
52.878498 39.468262 2.036119 7.303824 277.676147 114.633141 0.247587 0.024093 5.499652 0.049815
53.012486 39.835777 2.067221 7.161522 278.338074 114.940681 0.253406 -0.086648 5.488119 0.048197
53.129475 40.148552 2.097721 6.967017 278.918732 115.214516 0.259731 -0.172738 5.483512 0.047307
53.262463 40.497181 2.124935 6.747687 279.576691 115.528725 0.267670 -0.259327 5.483830 0.046677
53.379452 40.802750 2.146635 6.572529 280.153961 115.808746 0.275989 -0.317710 5.481640 0.046741
53.512440 41.146870 2.171393 6.413078 280.812347 116.134872 0.286293 -0.357630 5.487008 0.044993
53.629429 41.432495 2.186540 6.318825 281.381287 116.421455 0.294672 -0.364687 5.496945 0.042757
53.763416 41.760509 2.209003 6.247432 282.037262 116.755577 0.302658 -0.346531 5.492364 0.043033
53.879406 42.040401 2.229041 6.257545 282.604370 117.047897 0.307192 -0.318949 5.508303 0.042164
54.013393 42.343914 2.228057 6.336601 283.259155 117.388741 0.309218 -0.280912 5.511358 0.036834
54.130383 42.592503 2.199091 6.441047 283.829559 117.691086 0.307468 -0.246170 5.523865 0.035036
54.263371 42.843338 2.134345 6.617345 284.478088 118.039688 0.303124 -0.200691 5.542619 0.030832
54.380360 43.044613 2.059083 6.856642 285.047668 118.351929 0.298864 -0.152845 5.557778 0.026921
54.513348 43.238728 1.993310 7.083227 285.694763 118.713379 0.294818 -0.086406 5.585745 0.023457
54.630337 43.397003 1.938861 7.214601 286.265320 119.034912 0.290806 -0.021300 5.602193 0.022111
54.763325 43.577835 1.879483 7.368401 286.918762 119.407730 0.286019 0.054855 5.623520 0.022718
54.880314 43.731243 1.850693 7.482336 287.484192 119.734131 0.281476 0.110409 5.631482 0.022369
55.014301 43.897766 1.835398 7.596669 288.136780 120.116058 0.276484 0.154553 5.642704 0.020964
55.130291 44.038624 1.842257 7.656683 288.701080 120.449928 0.274293 0.171684 5.664824 0.020913
55.263279 44.185413 1.847373 7.666444 289.353210 120.840851 0.273622 0.175059 5.683523 0.017964
55.380268 44.297050 1.861499 7.618063 289.922485 121.186890 0.273594 0.174998 5.703293 0.016745
55.514256 44.434326 1.901168 7.512594 290.570679 121.584335 0.275466 0.179538 5.724812 0.018166
55.631245 44.548008 1.937244 7.322364 291.140991 121.937767 0.277978 0.187909 5.742354 0.017113
55.764233 44.662243 1.972320 7.018900 291.789398 122.343338 0.279307 0.197534 5.746991 0.016747
55.881222 44.773163 1.978811 6.820895 292.356659 122.704773 0.278816 0.207406 5.752664 0.017362
56.014210 44.896069 1.986955 6.607720 293.005219 123.122963 0.277032 0.220519 5.767164 0.015917
56.131199 44.982288 1.992175 6.404831 293.566589 123.489349 0.274739 0.229095 5.787048 0.012417
56.265186 45.062347 1.954478 6.164802 294.214020 123.918037 0.269776 0.221555 5.805535 0.010511
56.381176 45.120510 1.903598 5.976498 294.779358 124.297737 0.264288 0.189282 5.830297 0.008641
56.515163 45.168213 1.841194 5.733284 295.422882 124.734810 0.257708 0.125531 5.866320 0.006262
56.631153 45.192394 1.788806 5.494448 295.989990 125.124146 0.251142 0.056184 5.888186 0.004806
56.765141 45.215145 1.723676 5.178066 296.635406 125.571548 0.245364 -0.022977 5.919180 0.003096
56.882130 45.222301 1.670021 4.880603 297.204620 125.968895 0.241878 -0.087528 5.940911 0.001681
57.015118 45.225796 1.616216 4.599308 297.853607 126.422852 0.240275 -0.151643 5.966553 0.001002
57.132107 45.215168 1.583300 4.363538 298.425751 126.826904 0.237752 -0.196175 5.999663 -0.000643
57.265095 45.180206 1.587163 4.032588 299.078125 127.290298 0.233521 -0.228040 6.033711 -0.005659
57.382084 45.127777 1.647095 3.723238 299.653870 127.701653 0.229891 -0.236039 6.058671 -0.006504
57.499073 45.066139 1.732796 3.438629 300.230255 128.117264 0.226724 -0.227285 6.083440 -0.008081
57.632061 44.992825 1.843896 3.185030 300.888062 128.593704 0.223720 -0.199082 6.119762 -0.008279
57.749050 44.922867 1.966980 2.955686 301.467194 129.016769 0.219249 -0.162297 6.135785 -0.009456
57.882038 44.832016 2.108945 2.698340 302.125092 129.502457 0.215446 -0.109241 6.160554 -0.010786
57.999027 44.742493 2.234997 2.493007 302.709442 129.937149 0.212785 -0.064241 6.181300 -0.012770
58.132015 44.638382 2.375960 2.332781 303.368774 130.430725 0.207995 -0.027771 6.205274 -0.013636
58.249004 44.546509 2.515140 2.306586 303.944977 130.864197 0.202187 -0.015209 6.224902 -0.013338
58.382992 44.435902 2.677559 2.336444 304.613037 131.366943 0.193598 -0.016792 6.250308 -0.014240
58.498981 44.345524 2.821110 2.408728 305.198334 131.807709 0.186630 -0.021101 6.268793 -0.013755
58.632969 44.242786 2.985770 2.481370 305.865540 132.309586 0.179944 -0.016380 6.292142 -0.012925
58.749958 44.153511 3.125154 2.627583 306.452606 132.753387 0.173689 -0.004311 6.294158 -0.015643
58.882946 44.042698 3.252734 2.802791 307.118622 133.260941 0.164259 0.010351 6.301414 -0.016751
58.999935 43.950420 3.331580 2.971557 307.705505 133.708817 0.156902 0.017307 6.314695 -0.014519
59.132923 43.849598 3.384940 3.228228 308.378876 134.223297 0.149779 0.016268 6.329611 -0.016122
59.249912 43.760838 3.392210 3.455819 308.962677 134.669342 0.146426 0.013925 6.338828 -0.015247
59.382900 43.682304 3.345596 3.753870 309.638214 135.186142 0.146420 0.018140 6.346967 -0.011555
59.499889 43.619949 3.282450 4.059955 310.222168 135.635040 0.149862 0.031644 6.353446 -0.012114
59.633877 43.551994 3.172255 4.466477 310.895905 136.157516 0.156100 0.060371 6.368638 -0.011159
59.750866 43.503387 3.064657 4.827882 311.485626 136.616226 0.163167 0.093349 6.396993 -0.009711
59.883854 43.452648 2.943700 5.184545 312.159149 137.139984 0.172352 0.135690 6.428557 -0.008310
59.999844 43.412525 2.848849 5.342429 312.754639 137.602310 0.181368 0.171357 6.454447 -0.006020
