1.20 1.10 20 64
0.139000 0.016573 -0.021185 -0.043208 0.976408 -0.001096 -0.137206 -0.035257 6.657355 0.003458
0.255000 0.030851 -0.027788 -0.124574 1.735653 -0.002536 -0.085364 -0.098862 6.560038 0.000323
0.389000 0.040736 -0.035612 -0.135999 2.600144 -0.002937 0.020127 -0.150243 6.454733 0.000736
0.505000 0.051205 -0.043391 -0.211816 3.349367 -0.001107 0.139110 -0.172085 6.366122 0.000872
0.639000 0.057932 -0.081162 -0.337120 4.189817 0.001265 0.287443 -0.176657 6.284942 0.001165
0.756000 0.077004 -0.163502 -0.457596 4.922321 0.003052 0.415813 -0.171607 6.248876 0.003968
0.889000 0.120349 -0.319278 -0.579797 5.752759 0.005857 0.545353 -0.160726 6.247124 0.006519
1.006000 0.168761 -0.502405 -0.666753 6.484979 0.008069 0.633881 -0.144449 6.272641 0.008073
1.139000 0.244735 -0.769339 -0.753845 7.330837 0.012352 0.697409 -0.111061 6.342671 0.010126
1.256000 0.309896 -1.041044 -0.858518 8.070992 0.017347 0.717022 -0.067067 6.411788 0.009367
1.390000 0.387287 -1.378698 -0.960519 8.936303 0.023194 0.698906 -0.006715 6.491258 0.010007
1.506000 0.461859 -1.663375 -1.025846 9.699767 0.029403 0.650420 0.042050 6.547660 0.010690
1.638999 0.544702 -1.974558 -1.077722 10.573524 0.034577 0.566025 0.080164 6.584530 0.010648
1.761999 0.612572 -2.192144 -1.113631 11.264890 0.038858 0.482629 0.095473 6.582792 0.010812
1.889999 0.716618 -2.426991 -1.216244 12.226089 0.042841 0.357028 0.102246 6.576199 0.012778
2.006999 0.804343 -2.530173 -1.227373 12.987487 0.046218 0.263181 0.100836 6.552248 0.013288
2.139999 0.904788 -2.509123 -1.241271 13.862741 0.049869 0.175059 0.094524 6.517569 0.012371
2.256999 0.985399 -2.368044 -1.260109 14.616243 0.052396 0.124832 0.086287 6.479913 0.011764
2.389999 1.059421 -2.059858 -1.207781 15.480804 0.056742 0.102403 0.080195 6.430184 0.008921
2.506999 1.120209 -1.688580 -1.171370 16.223536 0.062168 0.117644 0.084669 6.379007 0.009291
2.639999 1.193132 -1.196846 -1.181973 17.073816 0.067278 0.168210 0.102358 6.320530 0.010901
2.756999 1.266121 -0.748729 -1.250472 17.803038 0.071031 0.235017 0.119743 6.264588 0.011095
2.890998 1.356589 -0.247297 -1.361381 18.638794 0.072517 0.325703 0.128375 6.219406 0.012460
3.006998 1.435920 0.139189 -1.465086 19.359058 0.073331 0.405884 0.121390 6.201124 0.011770
3.125998 1.521690 0.455379 -1.553432 20.090597 0.075671 0.481563 0.104944 6.198718 0.013505
3.257998 1.624307 0.702628 -1.543933 20.917215 0.082049 0.552713 0.081556 6.231761 0.014279
3.390998 1.731121 0.841967 -1.458379 21.755968 0.091834 0.602267 0.051406 6.284219 0.013528
3.507998 1.823041 0.856723 -1.387094 22.489134 0.100985 0.624546 0.016424 6.344743 0.013660
3.640998 1.931052 0.756758 -1.237507 23.338717 0.112894 0.624769 -0.031241 6.422385 0.014741
3.757998 2.036946 0.586590 -1.062428 24.094694 0.125427 0.601222 -0.069474 6.492421 0.014232
3.890997 2.148650 0.296416 -0.809165 24.969593 0.139303 0.553691 -0.100134 6.556493 0.014272
4.007998 2.235227 -0.010585 -0.600277 25.733692 0.151351 0.497642 -0.118973 6.610110 0.011508
4.125998 2.314518 -0.350346 -0.359907 26.509739 0.165462 0.433962 -0.141143 6.647192 0.012220
4.257998 2.393018 -0.757701 -0.101358 27.403090 0.183791 0.359851 -0.176496 6.678426 0.009603
4.391999 2.457506 -1.137501 0.121229 28.291494 0.204015 0.293027 -0.210614 6.684514 0.009538
4.509000 2.506737 -1.413230 0.251406 29.074255 0.220400 0.248274 -0.223150 6.694011 0.007884
4.641999 2.570106 -1.648399 0.455617 29.964705 0.238832 0.219871 -0.207476 6.701581 0.008480
4.759000 2.614546 -1.768082 0.619502 30.747446 0.255735 0.217194 -0.172539 6.685562 0.006165
4.892000 2.658031 -1.780787 0.808358 31.633894 0.275647 0.238642 -0.124355 6.654589 0.006513
5.009001 2.693400 -1.693234 0.942750 32.412270 0.290790 0.277806 -0.085537 6.649278 0.005956
5.126001 2.735872 -1.508743 1.141756 33.189384 0.305670 0.329787 -0.052545 6.637510 0.007078
5.259002 2.778350 -1.194365 1.355947 34.070835 0.323886 0.399591 -0.019625 6.623672 0.006185
5.376002 2.819310 -0.869111 1.540397 34.843941 0.340858 0.462318 0.007735 6.602637 0.006291
5.509003 2.865099 -0.475477 1.714058 35.721443 0.359758 0.524672 0.033588 6.599165 0.006130
5.626003 2.898731 -0.123690 1.862880 36.494152 0.376667 0.567658 0.046030 6.618866 0.004335
5.759004 2.928417 0.271114 2.071229 37.382805 0.397933 0.599659 0.044128 6.650328 0.002967
5.876004 2.946059 0.577630 2.229654 38.162296 0.418803 0.610621 0.031905 6.680615 0.002835
6.010005 2.962054 0.882183 2.378844 39.053555 0.444355 0.601784 0.018632 6.725382 0.000827
6.126005 2.970171 1.104998 2.476522 39.843868 0.466334 0.575868 0.017147 6.777789 0.001081
6.260006 2.971563 1.312060 2.571534 40.748558 0.493659 0.528818 0.030791 6.825037 0.000916
6.377007 2.979909 1.453946 2.623926 41.549271 0.519249 0.476977 0.052606 6.862838 0.001885
6.510007 2.997051 1.564354 2.627891 42.463528 0.548963 0.412772 0.082987 6.889113 0.001500
6.627007 3.000589 1.607944 2.562597 43.270218 0.576387 0.357588 0.111967 6.906514 0.001015
6.760008 3.012695 1.614396 2.449485 44.189362 0.608794 0.302627 0.146101 6.921616 0.001090
6.877008 3.016232 1.593501 2.353383 44.999729 0.638354 0.267220 0.173669 6.936378 0.000464
7.010009 3.025865 1.532138 2.181384 45.928860 0.673273 0.241672 0.196183 6.945523 0.002906
7.127009 3.040152 1.443926 1.999793 46.740978 0.702420 0.235960 0.203379 6.944885 0.002595
7.261010 3.044409 1.346141 1.734513 47.664452 0.735965 0.247708 0.196850 6.952093 0.001808
7.377010 3.051409 1.273276 1.466148 48.477470 0.765798 0.274461 0.181079 6.956026 0.002034
7.511011 3.062459 1.206778 1.131506 49.402008 0.801769 0.318265 0.154856 6.961155 0.003510
7.628012 3.091208 1.147402 0.939853 50.215710 0.836375 0.363328 0.126611 6.962661 0.005919
7.761012 3.119091 1.095524 0.775213 51.142124 0.879168 0.414926 0.091909 6.978930 0.002613
7.878013 3.141170 1.068776 0.661607 51.959118 0.918447 0.457592 0.062750 7.004427 0.002533
8.012012 3.151053 1.052020 0.569719 52.891613 0.962063 0.495868 0.036329 7.028957 0.000116
8.128013 3.150038 1.054733 0.526516 53.715500 1.000762 0.517140 0.019464 7.060284 0.000084
8.261013 3.152488 1.068252 0.486001 54.663212 1.045919 0.526253 0.001557 7.098313 0.000499
8.378014 3.158264 1.075782 0.515968 55.488190 1.084228 0.519847 -0.022455 7.132299 0.001030
8.511014 3.178071 1.081249 0.526014 56.446228 1.127970 0.496980 -0.070967 7.174422 0.003148
8.628015 3.204250 1.083059 0.547582 57.285992 1.166845 0.466110 -0.133749 7.190310 0.003971
8.762015 3.237637 1.092976 0.598683 58.243877 1.212046 0.421129 -0.215877 7.219611 0.003688
8.879016 3.272032 1.098398 0.627817 59.088470 1.251474 0.377576 -0.281591 7.226692 0.005798
9.013016 3.328014 1.135982 0.653474 60.048653 1.295378 0.326381 -0.331778 7.226069 0.007947
9.129016 3.376512 1.197229 0.652977 60.893391 1.333379 0.285240 -0.349184 7.226117 0.007458
9.262016 3.443465 1.316718 0.690630 61.859356 1.376178 0.249434 -0.341008 7.210508 0.008307
9.379017 3.496554 1.461579 0.660276 62.693378 1.412903 0.231601 -0.313673 7.181142 0.008311
9.512017 3.568251 1.654414 0.628642 63.651020 1.455759 0.225024 -0.261379 7.138203 0.009637
9.629018 3.635101 1.814959 0.621604 64.476555 1.492871 0.230275 -0.199797 7.115267 0.010735
9.763019 3.720307 1.985807 0.640198 65.426048 1.537265 0.249145 -0.114942 7.078925 0.011093
9.882018 3.783939 2.124491 0.589110 66.251015 1.574910 0.274996 -0.034660 7.048493 0.008941
10.013019 3.847694 2.242889 0.599806 67.185364 1.619369 0.308729 0.056411 7.022923 0.007102
10.129019 3.912066 2.309516 0.668266 68.005569 1.660145 0.338091 0.129078 7.011757 0.010151
10.263020 3.987030 2.370056 0.722189 68.935043 1.707186 0.366971 0.190287 6.986711 0.009245
10.380020 4.063188 2.387990 0.764501 69.750008 1.748342 0.387342 0.213697 6.971923 0.011411
10.513021 4.167946 2.363252 0.773890 70.682259 1.797440 0.401951 0.202396 6.963706 0.013794
10.630021 4.266423 2.297154 0.787325 71.489250 1.841412 0.404940 0.172851 6.972524 0.015476
10.763021 4.400945 2.171864 0.774866 72.443008 1.894210 0.396364 0.146701 6.968201 0.019230
10.880022 4.529542 2.036468 0.738195 73.229019 1.938495 0.380058 0.151341 6.963292 0.021584
11.013022 4.690143 1.839873 0.676079 74.159981 1.991072 0.355936 0.185775 6.954034 0.020356
11.130023 4.828290 1.622043 0.578547 74.965523 2.038238 0.332003 0.217396 6.957711 0.021570
11.264024 4.989454 1.346619 0.442299 75.896904 2.094114 0.303473 0.221071 6.963838 0.021124
11.381024 5.127236 1.084627 0.316988 76.710167 2.144183 0.281257 0.181762 6.963914 0.020239
11.518024 5.277197 0.788905 0.166500 77.634666 2.202606 0.261495 0.103324 6.962768 0.020096
11.631024 5.414791 0.522164 0.111391 78.447487 2.255080 0.248908 0.031961 6.957581 0.021274
11.764025 5.582167 0.244614 0.096122 79.370628 2.314990 0.243750 -0.024834 6.953111 0.022901
11.881025 5.732908 0.033315 0.086787 80.182449 2.368085 0.249201 -0.048683 6.953721 0.020526
12.014026 5.894493 -0.159518 0.066400 81.104851 2.431083 0.264570 -0.059304 6.951424 0.021702
12.131026 6.025800 -0.254584 0.057198 81.914780 2.487359 0.285415 -0.067819 6.931750 0.019109
12.265026 6.152180 -0.327723 0.042542 82.840012 2.551386 0.313134 -0.082406 6.914171 0.015933
12.382027 6.250235 -0.338175 0.050105 83.645958 2.607801 0.336856 -0.092564 6.899062 0.013700
12.515027 6.352620 -0.299565 0.133669 84.559364 2.674358 0.360737 -0.089619 6.875456 0.013462
12.631027 6.434517 -0.209074 0.177156 85.360886 2.733358 0.377232 -0.071187 6.865493 0.012047
12.765028 6.541545 -0.089665 0.185153 86.270279 2.802509 0.389821 -0.041054 6.852501 0.015173
12.882029 6.641519 0.001623 0.212659 87.068901 2.864585 0.392110 -0.020919 6.841145 0.014437
13.015029 6.748790 0.093626 0.274789 87.975563 2.935500 0.386543 -0.018897 6.837496 0.013143
13.132030 6.833367 0.177922 0.411592 88.773155 2.998804 0.373892 -0.036748 6.837460 0.012753
13.265030 6.931061 0.258119 0.619081 89.678864 3.070818 0.354673 -0.066514 6.824448 0.012889
13.382030 7.022339 0.323832 0.829528 90.473984 3.134333 0.334493 -0.085000 6.818499 0.013990
13.516031 7.118887 0.378836 1.150463 91.382820 3.209592 0.308874 -0.084320 6.799567 0.012546
13.632031 7.201157 0.404364 1.355011 92.168167 3.273432 0.288217 -0.064077 6.790947 0.011865
13.767032 7.292356 0.404025 1.600334 93.079933 3.346966 0.268705 -0.026080 6.768638 0.011943
13.883032 7.362172 0.394514 1.823139 93.868713 3.411828 0.256194 0.010559 6.761490 0.009612
14.017033 7.444691 0.392294 2.012627 94.764069 3.486871 0.247159 0.047351 6.750462 0.009422
14.133033 7.515706 0.387959 2.093781 95.549377 3.553973 0.244402 0.069305 6.725919 0.011310
14.267034 7.585882 0.359309 2.118768 96.439964 3.631860 0.247654 0.077517 6.718984 0.008640
14.384034 7.645922 0.330879 2.121948 97.222595 3.701656 0.257078 0.068553 6.714744 0.008431
14.517035 7.714031 0.296404 2.074526 98.111610 3.784198 0.274149 0.044217 6.717197 0.009601
14.634035 7.780650 0.272660 1.990217 98.894333 3.860727 0.291936 0.016086 6.725259 0.009786
14.751036 7.843248 0.248487 1.871183 99.677254 3.940064 0.309871 -0.013682 6.727884 0.009052
14.884036 7.899499 0.234856 1.737739 100.569061 4.031572 0.328606 -0.045655 6.746039 0.006596
15.001037 7.940845 0.229951 1.559916 101.354935 4.114385 0.342433 -0.069878 6.757911 0.005639
15.134037 7.984385 0.239442 1.336108 102.257309 4.211543 0.353026 -0.089609 6.780327 0.005696
15.251038 8.006074 0.261122 1.158566 103.040184 4.298178 0.357240 -0.097955 6.793712 0.002328
15.384038 8.018121 0.309130 0.969777 103.945160 4.399568 0.357491 -0.096700 6.796779 0.002405
15.501039 8.033991 0.373078 0.797513 104.736290 4.490711 0.352345 -0.085642 6.811084 0.003880
15.635039 8.067777 0.452014 0.632424 105.635880 4.596968 0.340137 -0.059977 6.815490 0.005611
15.751040 8.108530 0.506739 0.541521 106.427002 4.692750 0.324613 -0.026572 6.812479 0.006612
15.885040 8.155523 0.573958 0.450604 107.326233 4.801595 0.306253 0.017697 6.805192 0.004710
16.002041 8.182637 0.644223 0.380870 108.116287 4.897890 0.289065 0.053828 6.797497 0.003828
16.135044 8.209361 0.722107 0.311911 109.011879 5.010824 0.269593 0.086130 6.782688 0.003787
16.252047 8.226899 0.817232 0.215489 109.797211 5.111249 0.255994 0.107451 6.760079 0.003404
16.386047 8.259583 0.923618 0.109259 110.695236 5.224705 0.246226 0.126601 6.750418 0.006322
16.502050 8.294842 1.009491 0.010996 111.471016 5.323835 0.243312 0.135608 6.739650 0.005453
16.635054 8.318650 1.112472 -0.051272 112.365692 5.440850 0.246089 0.130785 6.725833 0.002127
16.752056 8.328562 1.179390 -0.060153 113.138931 5.542584 0.252840 0.113782 6.721163 0.001447
16.885059 8.346546 1.240318 -0.085057 114.030914 5.660896 0.264039 0.089096 6.706088 0.004034
17.003061 8.381435 1.293031 -0.128418 114.808250 5.765473 0.275850 0.071217 6.701246 0.005857
17.136065 8.427756 1.342038 -0.165518 115.691017 5.885972 0.292460 0.053080 6.697057 0.007365
17.253067 8.477727 1.359468 -0.141648 116.466469 5.992368 0.307456 0.031282 6.687744 0.007502
17.386070 8.539646 1.331131 -0.083558 117.353737 6.113466 0.321599 -0.001246 6.679019 0.008501
17.503073 8.601317 1.272152 -0.051813 118.121826 6.218184 0.330581 -0.026096 6.684791 0.009639
17.636076 8.685259 1.202867 -0.030031 119.010338 6.339655 0.336282 -0.038430 6.697386 0.012235
17.753078 8.768365 1.130113 0.044610 119.780136 6.445017 0.336767 -0.036423 6.697584 0.011653
17.887081 8.865736 1.005697 0.183865 120.670174 6.569252 0.331775 -0.033556 6.712345 0.012544
18.003084 8.956988 0.870740 0.248159 121.442329 6.677409 0.324838 -0.039522 6.727465 0.014161
18.136087 9.061584 0.714111 0.363862 122.336670 6.804691 0.312490 -0.056782 6.751735 0.012745
18.254089 9.144428 0.573120 0.503368 123.118874 6.917214 0.299751 -0.076736 6.755084 0.011404
18.387093 9.229009 0.428973 0.671253 124.008446 7.046896 0.286274 -0.102072 6.758338 0.011664
18.504095 9.315704 0.329877 0.746587 124.790924 7.161094 0.277127 -0.123874 6.760012 0.013386
18.637098 9.435038 0.239655 0.810542 125.680504 7.290796 0.271344 -0.139862 6.758025 0.016325
18.754101 9.535218 0.175719 0.853737 126.462860 7.404539 0.270422 -0.139323 6.753315 0.014175
18.887104 9.659957 0.129447 0.881287 127.350189 7.533690 0.274104 -0.123091 6.735540 0.016876
19.004107 9.775877 0.112299 0.931313 128.129425 7.647666 0.281619 -0.103490 6.729082 0.017441
19.138109 9.911092 0.079007 0.962912 129.020325 7.779557 0.291884 -0.084275 6.713656 0.017400
19.254112 10.037807 0.054561 0.969160 129.790283 7.893801 0.301979 -0.070037 6.704703 0.020575
19.388115 10.186561 0.023058 0.926032 130.677643 8.025902 0.314068 -0.048789 6.693342 0.018220
19.504118 10.309065 -0.017875 0.851636 131.451569 8.142602 0.323281 -0.020940 6.685861 0.018020
19.638121 10.448612 -0.086883 0.780027 132.329605 8.277561 0.330334 0.023298 6.672817 0.018433
19.755123 10.574039 -0.151272 0.728892 133.101517 8.397948 0.333577 0.071539 6.679945 0.018820
19.888126 10.711118 -0.243698 0.665142 133.978897 8.537528 0.333245 0.130071 6.685364 0.017081
20.005129 10.813545 -0.341275 0.588313 134.750824 8.662313 0.330784 0.170893 6.683142 0.014286
20.138132 10.923603 -0.459059 0.462972 135.629013 8.806430 0.324721 0.185539 6.692374 0.015503
20.255135 11.031292 -0.549649 0.365656 136.402039 8.934557 0.317704 0.162041 6.700315 0.017613
20.388138 11.166310 -0.630008 0.284355 137.287323 9.081449 0.308467 0.104222 6.695017 0.017666
20.505140 11.285022 -0.666359 0.245494 138.053116 9.210008 0.301233 0.049425 6.691096 0.017794
20.638144 11.422291 -0.681784 0.144665 138.936569 9.358591 0.297098 0.005695 6.682224 0.018713
20.755146 11.551415 -0.656134 0.055260 139.707001 9.488532 0.294780 -0.005989 6.676721 0.019863
20.889149 11.696970 -0.586320 -0.030506 140.581818 9.636881 0.294875 0.007245 6.663386 0.018982
21.005152 11.823170 -0.520936 -0.093187 141.349670 9.770263 0.299082 0.031840 6.658966 0.018878
21.139154 11.970861 -0.429847 -0.129130 142.220413 9.924655 0.305791 0.060008 6.636992 0.018665
21.256157 12.098912 -0.342592 -0.120401 142.984558 10.061144 0.313166 0.074516 6.635805 0.019300
21.389160 12.238577 -0.228838 -0.101894 143.858780 10.217371 0.319175 0.072800 6.623085 0.017192
21.506163 12.346597 -0.145427 -0.010777 144.613815 10.353927 0.322715 0.058104 6.609791 0.015377
21.639166 12.459843 -0.052105 0.102305 145.484924 10.512874 0.324268 0.036889 6.605853 0.014241
21.756168 12.558275 0.014970 0.123003 146.238266 10.651677 0.322716 0.025673 6.602933 0.015561
21.889172 12.681037 0.078051 0.116640 147.108231 10.813423 0.316594 0.026201 6.599695 0.016040
22.006174 12.776310 0.109923 0.092077 147.860413 10.954765 0.310041 0.033508 6.593251 0.013429
22.140177 12.869525 0.129605 0.057310 148.728149 11.120193 0.302106 0.037376 6.593852 0.010729
22.257179 12.940630 0.114510 -0.014754 149.485535 11.264529 0.293680 0.029385 6.581749 0.010836
22.390182 13.025793 0.066371 -0.080080 150.345490 11.429424 0.284665 0.009169 6.585338 0.012412
22.506186 13.119121 0.010992 -0.074824 151.100983 11.576515 0.277987 -0.012026 6.574273 0.014191
22.640188 13.227246 -0.051324 0.011888 151.957855 11.744879 0.274491 -0.039555 6.560233 0.015004
22.757191 13.318274 -0.114173 0.074448 152.710297 11.891932 0.274551 -0.074323 6.548102 0.012537
22.890194 13.414766 -0.187420 0.137624 153.565216 12.059356 0.276851 -0.130789 6.545131 0.013239
23.007196 13.510702 -0.255536 0.224138 154.315323 12.208076 0.282562 -0.183702 6.531373 0.014933
23.140200 13.632588 -0.337743 0.352584 155.172546 12.380398 0.290913 -0.219756 6.523038 0.016055
23.257202 13.740541 -0.417940 0.426446 155.913223 12.530832 0.297730 -0.214555 6.512694 0.016915
23.391205 13.872292 -0.497722 0.529551 156.768097 12.704652 0.304091 -0.176198 6.507030 0.017706
23.507208 13.992237 -0.567375 0.643019 157.513428 12.856710 0.310400 -0.138673 6.494041 0.017614
23.641211 14.137193 -0.642741 0.797027 158.358246 13.031457 0.319808 -0.112958 6.479079 0.019811
23.757214 14.270506 -0.696003 0.948808 159.099731 13.186657 0.326466 -0.104288 6.473789 0.019344
23.891216 14.407874 -0.744876 1.103776 159.942245 13.363994 0.330856 -0.095794 6.474708 0.017880
24.008219 14.536724 -0.760133 1.198413 160.683853 13.520433 0.334014 -0.081979 6.479427 0.020717
24.138220 14.685465 -0.768773 1.229082 161.476257 13.688891 0.335383 -0.062466 6.480729 0.019811
24.263220 14.835326 -0.779284 1.189740 162.306564 13.867097 0.333423 -0.044847 6.478807 0.019434
24.391222 14.977826 -0.758928 1.133055 163.116943 14.041917 0.329470 -0.035410 6.475116 0.019901
24.508224 15.112576 -0.723162 1.069828 163.856766 14.202461 0.325784 -0.034207 6.464295 0.020703
24.642227 15.267444 -0.640289 1.058812 164.695282 14.388613 0.320004 -0.038347 6.449776 0.019772
24.758230 15.398960 -0.534201 1.003009 165.430435 14.553702 0.313489 -0.039459 6.431258 0.019544
24.892233 15.556786 -0.416411 0.869742 166.263214 14.743020 0.306645 -0.024009 6.416967 0.020818
25.009235 15.714937 -0.339366 0.744619 166.993454 14.912033 0.298521 0.015413 6.404510 0.024333
25.142239 15.887383 -0.270213 0.650264 167.821609 15.107070 0.288799 0.094213 6.392179 0.021884
25.259241 16.036270 -0.226551 0.602736 168.547684 15.281905 0.279981 0.188045 6.375852 0.022528
25.376244 16.178026 -0.193496 0.550752 169.271210 15.458356 0.272768 0.292281 6.360613 0.020757
25.509247 16.336218 -0.195322 0.476561 170.098465 15.660583 0.267397 0.405775 6.349715 0.020905
25.626249 16.482960 -0.243032 0.492234 170.812912 15.838418 0.264461 0.482565 6.344154 0.023693
25.759253 16.663275 -0.316376 0.542961 171.630630 16.044600 0.262753 0.531053 6.342162 0.023860
25.876255 16.822718 -0.393689 0.552267 172.348938 16.227922 0.262968 0.531138 6.330236 0.024805
26.009258 17.014124 -0.524341 0.601703 173.170044 16.440084 0.264987 0.480144 6.327160 0.023466
26.126261 17.167830 -0.636213 0.650969 173.880188 16.625988 0.266558 0.394217 6.330696 0.022123
26.259264 17.327522 -0.765251 0.628949 174.700211 16.841776 0.270144 0.255129 6.322860 0.020073
26.376266 17.465490 -0.887726 0.597052 175.409042 17.030369 0.274559 0.113148 6.325780 0.021459
26.510269 17.626427 -1.027072 0.579275 176.226990 17.253277 0.276974 -0.055357 6.324883 0.020215
26.626272 17.754358 -1.147434 0.572690 176.939835 17.450762 0.278244 -0.188157 6.314968 0.018041
26.760275 17.887060 -1.276379 0.520752 177.748810 17.677282 0.277946 -0.307937 6.316578 0.017514
26.877277 18.010288 -1.369762 0.457835 178.459366 17.877777 0.276272 -0.379235 6.303951 0.018450
27.010281 18.158194 -1.447972 0.326322 179.264389 18.107897 0.273716 -0.421918 6.289702 0.019497
27.127283 18.296688 -1.484321 0.243681 179.970001 18.313240 0.270578 -0.431455 6.270682 0.021058
27.260286 18.449614 -1.490443 0.140513 180.767746 18.547327 0.266447 -0.423835 6.236665 0.019477
27.377289 18.578962 -1.466168 0.035860 181.465515 18.754658 0.260057 -0.413137 6.214010 0.019382
27.511292 18.738640 -1.409513 -0.067508 182.261017 18.994415 0.251207 -0.404445 6.184363 0.021377
27.627295 18.882624 -1.363682 -0.173565 182.945206 19.202435 0.244070 -0.399193 6.150022 0.021401
27.761297 19.055923 -1.340895 -0.267624 183.730179 19.445339 0.236197 -0.385363 6.120125 0.022423
27.877300 19.205235 -1.302192 -0.349675 184.412155 19.658314 0.229645 -0.356292 6.097053 0.021481
28.011303 19.364855 -1.245133 -0.540457 185.183853 19.900759 0.222689 -0.296827 6.069808 0.018928
28.128305 19.492762 -1.205006 -0.737196 185.859253 20.116009 0.218210 -0.220143 6.048738 0.018574
28.261309 19.639208 -1.162194 -0.905458 186.622620 20.362638 0.215983 -0.112297 6.018015 0.018922
28.378309 19.772364 -1.125800 -1.036804 187.318741 20.590183 0.216176 -0.005265 5.992554 0.018187
28.511312 19.931234 -1.091206 -1.118235 188.051117 20.833284 0.219435 0.102161 5.972211 0.022625
28.628315 20.085848 -1.074956 -1.148052 188.706940 21.053509 0.223965 0.183964 5.962504 0.022543
28.762318 20.254784 -1.061951 -1.142946 189.462372 21.311113 0.229806 0.254500 5.952879 0.021633
28.878321 20.397484 -1.059024 -1.127165 190.114761 21.536934 0.236269 0.296220 5.949913 0.021739
29.012323 20.572092 -1.095134 -1.087641 190.866974 21.800585 0.241882 0.328011 5.945490 0.022895
29.129326 20.744253 -1.135584 -1.044921 191.522812 22.032557 0.243235 0.348376 5.944123 0.026794
29.262329 20.957388 -1.187221 -1.008800 192.267776 22.298302 0.240441 0.366622 5.952117 0.029822
29.379330 21.169205 -1.226433 -0.944311 192.923279 22.536114 0.235679 0.376462 5.963441 0.033242
29.519331 21.421942 -1.265361 -0.845204 193.695541 22.818678 0.227946 0.372893 5.959748 0.031986
29.637331 21.635584 -1.282942 -0.708589 194.344254 23.058151 0.219123 0.352172 5.960625 0.033049
29.751331 21.858879 -1.286269 -0.567757 195.004196 23.302792 0.208785 0.314772 5.965451 0.033209
29.884333 22.101402 -1.256762 -0.395434 195.747238 23.580364 0.196987 0.262098 5.960641 0.031002
30.017336 22.340540 -1.219453 -0.193990 196.488678 23.860746 0.183917 0.212591 5.955888 0.034029
30.134338 22.579695 -1.149227 -0.022568 197.139114 24.108679 0.173975 0.176790 5.943983 0.037996
30.251339 22.835655 -1.040637 0.121270 197.783340 24.354738 0.166211 0.140161 5.941712 0.040111
30.385342 23.162683 -0.873424 0.303768 198.525040 24.640129 0.159719 0.074971 5.924359 0.045256
30.517340 23.513382 -0.697233 0.528233 199.258133 24.926796 0.156639 -0.030000 5.914394 0.048720
30.634338 23.842934 -0.552949 0.720448 199.900436 25.183308 0.155262 -0.147196 5.907104 0.050785
30.751339 24.183481 -0.422569 0.906786 200.539734 25.442089 0.153102 -0.263002 5.890015 0.052296
30.884342 24.593880 -0.280833 1.087101 201.268967 25.740061 0.150304 -0.363528 5.872177 0.054160
31.001343 24.963928 -0.195066 1.215434 201.903885 26.000696 0.145806 -0.411515 5.863743 0.057381
31.136345 25.404997 -0.126412 1.325484 202.624207 26.297987 0.139768 -0.426308 5.856739 0.059279
31.252346 25.812223 -0.092162 1.443719 203.261200 26.564297 0.134053 -0.412691 5.848022 0.061206
31.386349 26.288195 -0.074190 1.569821 203.970535 26.865540 0.127072 -0.373357 5.834632 0.064249
31.502350 26.752771 -0.074084 1.713331 204.607376 27.139257 0.120163 -0.319972 5.818869 0.071042
31.632351 27.284431 -0.089566 1.900494 205.295044 27.438021 0.112767 -0.252644 5.805252 0.072791
31.766354 27.854639 -0.114455 2.129074 206.002106 27.748390 0.104506 -0.183395 5.803024 0.077033
31.891354 28.380222 -0.129593 2.304733 206.617432 28.020571 0.098406 -0.126396 5.797793 0.081065
32.015354 29.033731 -0.144885 2.514853 207.325668 28.338140 0.092218 -0.061248 5.787784 0.087198
32.132343 29.612770 -0.140418 2.671527 207.935455 28.615501 0.086534 -0.004762 5.767482 0.087399
32.265335 30.279100 -0.116205 2.830461 208.629669 28.936756 0.080044 0.056150 5.743639 0.088583
32.382324 30.880924 -0.066174 2.952055 209.235687 29.221977 0.073793 0.102896 5.713950 0.090857
32.515312 31.581951 0.012840 3.129062 209.923935 29.552343 0.067149 0.152601 5.686732 0.091387
32.632305 32.191700 0.092577 3.259531 210.515640 29.840620 0.061515 0.198056 5.662878 0.093187
32.783302 32.919315 0.212592 3.407972 211.198792 30.178976 0.054563 0.253179 5.633991 0.095844
32.882294 33.559074 0.322418 3.563207 211.780212 30.473192 0.048922 0.293652 5.607297 0.097048
33.016289 34.314648 0.474612 3.792449 212.445984 30.816896 0.043306 0.320620 5.580322 0.099448
33.132286 34.990845 0.618474 3.938358 213.028259 31.121927 0.037685 0.322961 5.561481 0.099855
33.266281 35.769501 0.781808 4.064674 213.674576 31.466515 0.030548 0.306444 5.537552 0.105010
33.383278 36.484112 0.922038 4.240667 214.237244 31.774519 0.024755 0.281950 5.523432 0.107277
33.504272 37.239326 1.075100 4.459945 214.814514 32.096508 0.018720 0.250043 5.497286 0.110419
33.637264 38.089012 1.251217 4.740081 215.457748 32.462223 0.010280 0.203627 5.471955 0.108670
33.755257 38.825333 1.404882 5.011516 216.007065 32.777863 0.002565 0.150461 5.453745 0.110595
33.887249 39.702225 1.603013 5.378682 216.637009 33.145901 -0.006566 0.070967 5.438150 0.113980
34.005249 40.478207 1.783668 5.703072 217.179214 33.468124 -0.013353 -0.008011 5.439280 0.116371
34.137245 41.393093 2.012203 6.026029 217.807861 33.845375 -0.019413 -0.096394 5.426274 0.117408
34.255238 42.198387 2.230188 6.335880 218.344040 34.172050 -0.023380 -0.156087 5.405609 0.120711
34.388229 43.136723 2.483320 6.675268 218.959167 34.552586 -0.026449 -0.200127 5.390814 0.121836
34.504223 43.960850 2.700407 6.920978 219.488449 34.882343 -0.028146 -0.221089 5.369888 0.121550
34.638214 44.912315 2.961373 7.293765 220.094528 35.267780 -0.028043 -0.237800 5.355572 0.120973
34.755207 45.737167 3.180919 7.677305 220.615707 35.603901 -0.026063 -0.254035 5.341593 0.120076
34.888203 46.696278 3.439438 8.157472 221.218445 35.997253 -0.021250 -0.279634 5.328036 0.121278
35.005196 47.511082 3.642115 8.550982 221.729431 36.334137 -0.016916 -0.305411 5.319965 0.118388
35.138191 48.447006 3.850459 9.054798 222.322769 36.729694 -0.010814 -0.334272 5.320956 0.116375
35.255184 49.253498 4.009474 9.528816 222.840652 37.076035 -0.003529 -0.351266 5.322621 0.114543
35.388180 50.179260 4.172220 10.134822 223.431961 37.474327 0.006497 -0.353137 5.320707 0.114055
35.509182 50.975616 4.289360 10.654885 223.946884 37.823399 0.016788 -0.332842 5.313828 0.111755
35.643181 51.872055 4.419852 11.259117 224.532806 38.220085 0.028296 -0.276538 5.324267 0.111115
35.756180 52.642410 4.536528 11.789824 225.049484 38.568699 0.039274 -0.192158 5.324084 0.108076
35.889172 53.495834 4.672121 12.360017 225.636398 38.964569 0.053387 -0.058033 5.319027 0.104813
36.008171 54.230370 4.784805 12.941067 226.150726 39.312981 0.066196 0.079343 5.304238 0.100673
36.139168 55.048985 4.885269 13.700450 226.730286 39.705769 0.083276 0.228559 5.302826 0.097740
36.255161 55.750980 4.967877 14.382121 227.247131 40.056068 0.099239 0.333733 5.287555 0.094135
36.390160 56.510769 5.026349 15.144770 227.825912 40.445843 0.118783 0.409014 5.289716 0.091421
36.507153 57.178596 5.045999 15.852835 228.339462 40.790806 0.137897 0.441990 5.287025 0.088488
36.637146 57.876263 5.061054 16.613464 228.911423 41.173046 0.161065 0.452702 5.280204 0.081573
36.752136 58.469051 5.088856 17.288334 229.419968 41.511940 0.182471 0.446131 5.266300 0.079492
36.885124 59.131981 5.099988 18.146456 230.006241 41.902248 0.210438 0.424268 5.246932 0.075335
37.002113 59.692253 5.100383 18.902958 230.513687 42.237743 0.236500 0.394232 5.244683 0.073386
37.136101 60.304329 5.096657 19.740646 231.101074 42.623322 0.269476 0.347869 5.241289 0.068053
37.252090 60.799469 5.115153 20.375401 231.613800 42.957901 0.299999 0.296353 5.224085 0.064216
37.386078 61.317089 5.127274 21.143251 232.194901 43.337460 0.335289 0.221806 5.219288 0.055130
37.502068 61.733334 5.123455 21.826946 232.706055 43.670212 0.367204 0.140688 5.209670 0.052306
37.636059 62.178272 5.119348 22.495430 233.287308 44.045952 0.403220 0.037428 5.193490 0.048639
37.753048 62.545506 5.114711 23.053898 233.796906 44.374805 0.433543 -0.051828 5.179612 0.046087
37.887043 62.932762 5.070347 23.629866 234.375900 44.748112 0.466208 -0.135612 5.185041 0.042076
38.003036 63.236004 5.019582 24.078495 234.885895 45.075878 0.493740 -0.188263 5.183708 0.037872
38.136024 63.531994 4.955148 24.384958 235.470963 45.450981 0.525778 -0.229439 5.179583 0.032949
38.253014 63.748985 4.872396 24.594193 235.975525 45.775787 0.554603 -0.259448 5.165900 0.027265
38.386002 63.942249 4.760120 24.658497 236.558121 46.150135 0.584432 -0.297547 5.161337 0.022679
38.502991 64.069450 4.632137 24.667294 237.065109 46.478363 0.609318 -0.334937 5.160885 0.016606
38.636978 64.163765 4.438944 24.570370 237.640152 46.852901 0.637432 -0.374762 5.155585 0.010990
38.752968 64.210213 4.241674 24.424072 238.143723 47.184792 0.662616 -0.399981 5.152505 0.006498
38.886955 64.200493 4.015404 24.173729 238.714157 47.563747 0.691829 -0.409625 5.149408 -0.001160
39.003944 64.155365 3.799957 23.900717 239.213821 47.899269 0.717762 -0.399236 5.142593 -0.006187
39.136932 64.053093 3.536747 23.472801 239.780457 48.283451 0.746170 -0.365429 5.145203 -0.011956
39.253922 63.924793 3.276058 22.994104 240.277771 48.623741 0.769520 -0.317255 5.156233 -0.017559
39.386909 63.713284 2.974239 22.289146 240.846497 49.016476 0.794310 -0.242293 5.162940 -0.026607
39.503899 63.475586 2.709539 21.566591 241.337906 49.360519 0.812556 -0.160740 5.175414 -0.032662
39.640888 63.152779 2.397879 20.658192 241.903870 49.763184 0.833033 -0.050218 5.195561 -0.039957
39.764889 62.819355 2.131669 19.729137 242.403183 50.122444 0.849288 0.055984 5.220975 -0.046254
39.887886 62.402687 1.853856 18.542828 242.967529 50.536423 0.861911 0.176947 5.223354 -0.051855
40.003880 62.007450 1.612940 17.387619 243.448975 50.897709 0.868230 0.271868 5.244475 -0.056151
40.137871 61.502289 1.334623 15.909560 244.003464 51.323158 0.869742 0.361416 5.253114 -0.064194
40.254864 61.017693 1.075242 14.556670 244.486008 51.705444 0.867446 0.414370 5.269103 -0.071000
40.387852 60.426903 0.787019 12.928347 245.031128 52.149776 0.863593 0.438813 5.297385 -0.076655
40.504841 59.864464 0.525579 11.395513 245.506683 52.548985 0.859407 0.429309 5.311078 -0.084409
40.637829 59.162991 0.205925 9.573291 246.046280 53.017010 0.850747 0.391061 5.339999 -0.093439
40.754818 58.517960 -0.106883 7.877870 246.508972 53.431107 0.838430 0.343443 5.361005 -0.098524
40.887810 57.728466 -0.522999 5.939662 247.037155 53.921524 0.822490 0.277431 5.395233 -0.108600
41.004803 56.996735 -0.912947 4.186800 247.494843 54.360184 0.807876 0.209733 5.434205 -0.114372
41.138798 56.134476 -1.370456 2.039597 248.010300 54.870491 0.789555 0.122756 5.473524 -0.122338
41.260796 55.295887 -1.826348 -0.009728 248.489502 55.362419 0.769575 0.039202 5.510942 -0.128569
41.388790 54.430012 -2.332423 -2.061764 248.967270 55.870453 0.746647 -0.036064 5.546386 -0.132132
41.505783 53.607471 -2.833854 -3.876704 249.401154 56.348251 0.725162 -0.091750 5.575860 -0.139211
41.639771 52.628716 -3.453970 -5.898339 249.896378 56.911228 0.699317 -0.140319 5.610339 -0.143847
41.755764 51.747528 -4.008740 -7.620492 250.322189 57.413090 0.674587 -0.171105 5.634607 -0.150979
41.889751 50.708664 -4.644000 -9.515271 250.796066 57.994766 0.647970 -0.194585 5.645417 -0.157700
42.022747 49.905869 -5.126359 -10.832519 251.152588 58.447544 0.626977 -0.203292 5.651764 -0.156262
42.140743 48.740746 -5.782293 -12.573063 251.657349 59.112823 0.596051 -0.198879 5.635723 -0.157244
42.256737 47.810467 -6.239716 -13.820669 252.048645 59.648483 0.569821 -0.178212 5.608210 -0.155630
42.397728 46.790367 -6.665568 -15.036810 252.472824 60.251415 0.541363 -0.138028 5.565401 -0.150298
42.505726 45.898796 -6.933260 -15.929349 252.843689 60.795849 0.513112 -0.095182 5.508922 -0.144299
42.650719 44.950581 -7.101038 -16.689676 253.237946 61.393284 0.479874 -0.059756 5.429633 -0.133495
42.756718 44.148075 -7.124268 -17.138527 253.577789 61.922295 0.447743 -0.051528 5.334412 -0.123746
42.889706 43.267105 -6.984280 -17.365110 253.953873 62.519993 0.407426 -0.067377 5.220711 -0.112809
43.006695 42.563358 -6.733264 -17.284765 254.267273 63.030151 0.369044 -0.085912 5.118106 -0.100185
43.142685 41.815376 -6.275574 -16.968784 254.617035 63.609089 0.320258 -0.092068 4.991746 -0.086235
43.260677 41.215183 -5.752182 -16.475981 254.919739 64.115608 0.272045 -0.079754 4.866105 -0.074832
43.377670 40.697956 -5.161641 -15.816707 255.208466 64.602051 0.220651 -0.061502 4.744184 -0.062105
43.506664 40.264046 -4.534792 -15.008989 255.485107 65.069695 0.166098 -0.048839 4.641877 -0.050588
43.627663 39.848404 -3.782644 -13.942041 255.797150 65.595016 0.102711 -0.045207 4.508528 -0.039464
43.756660 39.530979 -3.042649 -12.774238 256.091461 66.085892 0.041620 -0.047411 4.391150 -0.028373
43.890652 39.302017 -2.295885 -11.407627 256.390259 66.578033 -0.018713 -0.046538 4.288196 -0.016811
44.007641 39.177662 -1.641546 -10.070174 256.651672 67.001068 -0.066313 -0.036626 4.222090 -0.007333
44.140629 39.122353 -0.948466 -8.389983 256.949036 67.472664 -0.111452 -0.006016 4.169627 0.001455
44.257618 39.155640 -0.376955 -6.856132 257.213074 67.879623 -0.142670 0.045013 4.132559 0.012209
44.375610 39.268566 0.156217 -5.242044 257.481079 68.280640 -0.164619 0.117340 4.116399 0.020628
44.507603 39.468998 0.719101 -3.368120 257.792358 68.731285 -0.176956 0.205964 4.120558 0.027665
44.640591 39.745152 1.223575 -1.419308 258.114349 69.181030 -0.175657 0.265881 4.137758 0.035635
44.759583 40.048225 1.599342 0.321829 258.402618 69.566444 -0.165591 0.271569 4.159648 0.042489
44.890579 40.458084 1.972409 2.301332 258.747101 70.009438 -0.143006 0.227415 4.210232 0.047398
45.007568 40.864830 2.250908 3.968027 259.058075 70.396675 -0.113621 0.167581 4.267861 0.054951
45.141556 41.380867 2.558407 5.783454 259.425018 70.835503 -0.071062 0.105083 4.329536 0.058904
45.257545 41.875568 2.825855 7.254863 259.762207 71.220726 -0.028614 0.065102 4.410536 0.065902
45.392536 42.483765 3.088102 8.753087 260.160522 71.660202 0.021279 0.029166 4.497405 0.072012
45.508526 43.033661 3.302111 9.873087 260.526184 72.047607 0.064173 -0.002652 4.594998 0.073469
45.641514 43.675060 3.522814 10.982442 260.957764 72.492233 0.111936 -0.039000 4.706580 0.076512
45.759506 44.245247 3.695181 11.747152 261.352448 72.887550 0.151370 -0.064343 4.821931 0.078000
45.875496 44.811214 3.853675 12.317856 261.760864 73.287361 0.186318 -0.080160 4.936608 0.079923
46.008484 45.457417 4.002996 12.729160 262.242554 73.747063 0.218645 -0.091760 5.063194 0.083523
46.125473 46.030804 4.106500 12.969721 262.679840 74.158752 0.241110 -0.103425 5.187464 0.083463
46.262463 46.656670 4.217555 13.058458 263.193024 74.632751 0.259376 -0.120983 5.307729 0.080246
46.375465 47.211132 4.300462 12.958529 263.675293 75.069168 0.270698 -0.134605 5.424057 0.081495
46.509464 47.826706 4.373613 12.631938 264.220184 75.554726 0.279651 -0.137719 5.533004 0.086035
46.625454 48.348434 4.455784 12.206792 264.695129 75.970695 0.285707 -0.126586 5.625043 0.085250
46.759441 48.963280 4.546356 11.601558 265.268585 76.469780 0.290171 -0.098116 5.710877 0.086818
46.875431 49.495953 4.616793 10.958976 265.778748 76.909515 0.293441 -0.064659 5.788501 0.086572
47.009418 50.092472 4.668583 10.145101 266.365967 77.414459 0.295901 -0.024794 5.850971 0.087096
47.127411 50.612144 4.690249 9.381030 266.887939 77.863007 0.298784 0.006224 5.907130 0.086997
47.259399 51.198090 4.671095 8.418105 267.493195 78.379173 0.302260 0.035752 5.959201 0.085710
47.376389 51.695923 4.632801 7.599582 268.021088 78.829399 0.307764 0.058601 5.994355 0.083621
47.509377 52.264622 4.564798 6.697399 268.633911 79.352951 0.315205 0.083791 6.029062 0.084798
47.626366 52.756165 4.493273 5.927919 269.168427 79.807907 0.324139 0.099569 6.066896 0.082542
47.759354 53.331020 4.374836 5.129511 269.787262 80.335861 0.335685 0.098619 6.073448 0.083010
47.876343 53.838730 4.238214 4.563673 270.322815 80.795860 0.347069 0.073852 6.096845 0.082402
48.010330 54.426468 4.050912 4.028100 270.940887 81.330704 0.359689 0.021210 6.105376 0.081656
48.126320 54.937519 3.874169 3.672836 271.479980 81.800781 0.369335 -0.032827 6.120114 0.078938
48.260307 55.515152 3.659855 3.380196 272.092743 82.338623 0.378590 -0.085839 6.135808 0.078599
48.377296 56.028782 3.477720 3.295588 272.629303 82.817085 0.385262 -0.117107 6.151790 0.076971
48.510284 56.595051 3.285347 3.325909 273.238617 83.365097 0.388574 -0.133285 6.163348 0.071799
48.628277 57.090172 3.128672 3.536355 273.775757 83.854210 0.387299 -0.132033 6.152792 0.072693
48.761265 57.662651 2.980453 3.945321 274.377472 84.408432 0.381919 -0.113157 6.149754 0.072638
48.878254 58.162750 2.855394 4.417514 274.904419 84.898415 0.374977 -0.081348 6.152594 0.069602
49.011242 58.712326 2.724718 5.090599 275.505127 85.461540 0.367428 -0.031817 6.141391 0.066408
49.128231 59.190441 2.645802 5.810184 276.024811 85.955666 0.363462 0.013892 6.121276 0.065577
49.262218 59.729794 2.585355 6.719334 276.610565 86.519135 0.362099 0.056628 6.106066 0.065399
49.378208 60.219379 2.549316 7.518007 277.122864 87.015694 0.362273 0.080714 6.092974 0.068856
49.512196 60.794819 2.528152 8.472726 277.702118 87.580750 0.363262 0.095891 6.070660 0.071813
49.629189 61.317547 2.557340 9.306038 278.206909 88.076324 0.365866 0.106002 6.032039 0.071592
49.762177 61.899799 2.630280 10.180922 278.775818 88.639496 0.367792 0.118246 6.007849 0.070903
49.879166 62.406189 2.711273 10.907498 279.270752 89.134499 0.368428 0.125900 5.965393 0.071076
50.012154 63.000122 2.821543 11.696491 279.831757 89.700195 0.369709 0.122126 5.929398 0.073653
50.129143 63.526375 2.902113 12.276799 280.313110 90.188454 0.370370 0.106880 5.899371 0.075583
50.262131 64.132713 2.988040 12.841314 280.864258 90.750549 0.370527 0.085868 5.853861 0.074516
50.379120 64.647537 3.057661 13.254817 281.335968 91.234879 0.370168 0.075902 5.817441 0.073850
50.512108 65.238686 3.108979 13.648249 281.876434 91.792236 0.368631 0.078068 5.776725 0.073536
50.629097 65.736694 3.134326 13.954307 282.342316 92.277519 0.365916 0.083990 5.730626 0.071383
50.763084 66.291641 3.133834 14.193502 282.865967 92.827393 0.360124 0.082082 5.693779 0.070961
50.880074 66.766052 3.112557 14.313751 283.323029 93.308807 0.357048 0.068683 5.655461 0.069137
51.013065 67.287872 3.038275 14.305383 283.838226 93.853783 0.355380 0.044977 5.628708 0.066859
51.130054 67.727600 2.937450 14.251387 284.286255 94.331116 0.355467 0.022453 5.578541 0.063704
51.263042 68.206398 2.779124 14.197501 284.793427 94.875664 0.360463 -0.003036 5.543051 0.060223
51.380032 68.575867 2.608065 14.140570 285.230316 95.344604 0.368022 -0.025272 5.513534 0.053895
51.513020 68.973488 2.406815 14.051020 285.733215 95.883705 0.379192 -0.050985 5.488765 0.051339
51.630013 69.276596 2.230246 13.931711 286.165985 96.348793 0.391397 -0.069856 5.473100 0.043344
51.754009 69.568115 2.005387 13.835356 286.641174 96.859795 0.409197 -0.084455 5.428878 0.039577
51.881001 69.828629 1.781998 13.767519 287.094940 97.347542 0.429341 -0.092529 5.408134 0.035792
52.013988 70.086693 1.555589 13.703557 287.584076 97.872978 0.453708 -0.095193 5.392238 0.032119
52.129982 70.266182 1.367789 13.642988 288.014709 98.332710 0.474265 -0.092908 5.382422 0.024484
52.263969 70.422661 1.148243 13.489137 288.505310 98.851913 0.496736 -0.088305 5.361430 0.018143
52.380959 70.517197 0.960089 13.418278 288.934509 99.306808 0.514591 -0.089899 5.337819 0.012327
52.513947 70.572800 0.748711 13.410608 289.422607 99.826385 0.533593 -0.108750 5.312814 0.003266
52.630936 70.566307 0.585297 13.399729 289.842682 100.275208 0.547217 -0.140796 5.290605 -0.003770
52.763924 70.509659 0.396588 13.363570 290.324615 100.792152 0.558544 -0.183089 5.267607 -0.010083
52.880913 70.419235 0.257287 13.281154 290.739838 101.238304 0.566372 -0.207351 5.249877 -0.016035
53.014900 70.265022 0.127343 13.092387 291.215729 101.752960 0.572394 -0.208376 5.221234 -0.023203
53.130890 70.077660 0.052116 12.830743 291.627686 102.202293 0.574371 -0.189391 5.205776 -0.031193
53.264877 69.810722 -0.022170 12.416095 292.093048 102.712738 0.574737 -0.160089 5.181455 -0.038055
53.381866 69.538086 -0.063990 12.012362 292.497894 103.161896 0.572999 -0.137299 5.155384 -0.042848
53.514858 69.178864 -0.099680 11.448595 292.956238 103.677643 0.569930 -0.114108 5.142694 -0.049572
53.631851 68.826935 -0.127036 10.826688 293.348297 104.125511 0.565385 -0.087816 5.124070 -0.055835
53.764839 68.381310 -0.165206 10.049026 293.792450 104.641388 0.558697 -0.040935 5.110356 -0.060658
53.881832 67.955437 -0.214238 9.288221 294.176544 105.098305 0.552830 0.017439 5.095690 -0.066091
54.014828 67.410164 -0.293383 8.380932 294.608673 105.627029 0.545813 0.099062 5.100417 -0.075072
54.131817 66.896561 -0.394619 7.505621 294.977264 106.089851 0.537638 0.175328 5.097640 -0.080201
54.264805 66.262321 -0.555219 6.444373 295.394165 106.630493 0.525083 0.257722 5.099216 -0.087058
54.378796 65.727837 -0.732092 5.537250 295.718994 107.063255 0.511480 0.309506 5.112339 -0.092509
54.502800 65.022354 -1.017925 4.290888 296.116669 107.609146 0.490038 0.347152 5.122030 -0.097934
54.637798 64.274200 -1.394964 2.914729 296.509644 108.174141 0.463104 0.350862 5.145391 -0.104821
54.754795 63.587868 -1.787734 1.662447 296.841980 108.672127 0.435935 0.330905 5.169076 -0.109924
54.887794 62.750786 -2.301837 0.209904 297.215576 109.264290 0.399971 0.292311 5.200123 -0.119202
55.002792 61.996410 -2.766446 -1.166952 297.527069 109.782982 0.364951 0.255842 5.228457 -0.124740
55.132793 61.153908 -3.295146 -2.804000 297.861206 110.365524 0.322113 0.219432 5.258357 -0.127767
55.265785 60.292896 -3.839499 -4.573642 298.196716 110.982300 0.272175 0.192087 5.292244 -0.127571
55.382774 59.550339 -4.267282 -6.154526 298.481720 111.533760 0.224566 0.179013 5.316613 -0.126895
55.499763 58.830811 -4.629215 -7.666253 298.756348 112.093575 0.176561 0.173648 5.335980 -0.122917
55.632751 58.060528 -4.907730 -9.296393 299.057526 112.737633 0.126389 0.165772 5.352132 -0.115867
55.749741 57.437580 -5.010565 -10.554968 299.313690 113.310318 0.087123 0.143413 5.365730 -0.105321
55.883728 56.803131 -4.913245 -11.728307 299.599579 113.969994 0.048954 0.085523 5.361576 -0.088374
56.057720 56.412930 -4.652687 -12.401085 299.808899 114.462234 0.027715 0.016529 5.341597 -0.071864
56.133720 55.971485 -4.000320 -12.902429 300.118866 115.202263 0.005461 -0.119275 5.291938 -0.043361
56.249714 55.770771 -3.303327 -13.006676 300.356995 115.765190 -0.005679 -0.234303 5.248842 -0.021252
56.384705 55.723404 -2.327092 -12.729747 300.632568 116.402534 -0.013822 -0.358114 5.199600 0.007774
56.500694 55.852028 -1.338728 -12.103699 300.877228 116.955116 -0.017431 -0.448151 5.143012 0.030706
56.634686 56.180088 -0.102547 -11.052347 301.162354 117.573967 -0.019182 -0.520599 5.113061 0.052507
56.756680 56.620487 1.014961 -9.795886 301.422668 118.115433 -0.019532 -0.554140 5.083389 0.071718
56.883671 57.298306 2.235597 -7.971237 301.726074 118.718307 -0.020668 -0.553219 5.074767 0.089532
57.000660 58.026390 3.245461 -6.095450 302.002380 119.238808 -0.021092 -0.517062 5.081887 0.100191
57.133648 58.990242 4.281148 -3.716288 302.333160 119.828224 -0.020630 -0.436321 5.090189 0.109086
57.250641 59.945892 5.057661 -1.411210 302.638855 120.342430 -0.017652 -0.336705 5.128580 0.119503
57.384628 61.155067 5.753209 1.383489 303.007507 120.927704 -0.008080 -0.203369 5.190422 0.126413
57.500618 62.285793 6.165638 3.947849 303.349335 121.435257 0.008001 -0.085164 5.259128 0.131037
57.634605 63.625137 6.405487 6.988362 303.761047 122.008179 0.035890 0.032607 5.335014 0.132768
57.750595 64.818039 6.401874 9.676559 304.140808 122.508530 0.066158 0.112655 5.387768 0.133399
57.884583 66.153198 6.205006 12.600239 304.594727 123.071678 0.107547 0.176255 5.468220 0.131248
58.001572 67.287544 5.892195 15.103254 305.011932 123.562263 0.151888 0.216818 5.529709 0.128696
58.134560 68.511559 5.362166 17.887173 305.506195 124.112976 0.213029 0.259352 5.584078 0.121448
58.251549 69.515869 4.789435 20.179075 305.956665 124.589653 0.271692 0.301708 5.619106 0.117752
58.384544 70.579987 4.063595 22.561480 306.486633 125.127419 0.344195 0.352725 5.646885 0.110835
58.501534 71.427658 3.407436 24.429319 306.959839 125.588875 0.410999 0.388920 5.653146 0.105744
58.634521 72.293350 2.690223 26.348497 307.508057 126.103836 0.485194 0.404136 5.651941 0.097235
58.751514 72.979332 2.117529 27.893261 307.995453 126.547821 0.546240 0.388444 5.618847 0.089460
58.885502 73.683769 1.594189 29.439789 308.552856 127.041832 0.607434 0.343478 5.586297 0.082013
59.002491 74.230774 1.248431 30.628523 309.044006 127.466850 0.652975 0.292154 5.527082 0.073583
59.135479 74.777481 1.026862 31.836840 309.602081 127.938034 0.695701 0.230292 5.466072 0.064383
59.252468 75.181641 0.977415 32.767052 310.090668 128.342499 0.723975 0.173308 5.387075 0.054008
59.385460 75.562599 1.088482 33.728237 310.642517 128.794510 0.744208 0.104089 5.276918 0.043143
59.503456 75.827713 1.291690 34.448990 311.113464 129.176529 0.752123 0.045416 5.193185 0.034430
59.635448 76.067528 1.633777 35.153549 311.649017 129.607269 0.751658 -0.010735 5.078875 0.025028
59.752445 76.224854 2.004641 35.678905 312.102966 129.971268 0.745475 -0.046149 4.975058 0.018740
59.885437 76.367325 2.460656 36.200996 312.618225 130.381653 0.735235 -0.081545 4.869650 0.012268
60.002430 76.450920 2.850945 36.587841 313.054474 130.728775 0.726461 -0.118550 4.766437 0.007898
