1.20 1.10 20 64
0.135000 0.014770 0.048848 -0.102774 0.913314 -0.000916 -0.112184 0.465120 6.705698 0.003164
0.253000 0.031587 0.209312 -0.229104 1.693390 -0.003457 -0.021898 0.467089 6.634668 0.003104
0.383000 0.067846 0.481429 -0.320286 2.548213 -0.006850 0.131900 0.446644 6.525885 0.005369
0.501000 0.104287 0.780423 -0.412169 3.312052 -0.010502 0.300774 0.412560 6.428324 0.006834
0.630000 0.167584 1.116057 -0.508204 4.142854 -0.015275 0.496543 0.359945 6.362104 0.010823
0.760000 0.256162 1.437033 -0.565569 4.966661 -0.020653 0.680692 0.287669 6.328121 0.013564
0.878000 0.356928 1.700294 -0.621918 5.707515 -0.025270 0.821167 0.202828 6.336079 0.015837
1.007000 0.477786 1.930023 -0.678286 6.528627 -0.030391 0.936369 0.091607 6.393294 0.017184
1.134000 0.607855 2.135552 -0.695997 7.343681 -0.035442 1.003080 -0.020559 6.322508 0.017331
1.260000 0.739212 2.323532 -0.688508 8.132921 -0.040952 1.016995 -0.115538 6.221316 0.018289
1.386001 0.876040 2.479613 -0.713468 8.904916 -0.047354 0.979376 -0.186171 6.139967 0.019283
1.503000 1.005395 2.583153 -0.716687 9.617229 -0.053544 0.902091 -0.237157 6.051329 0.018833
1.631000 1.142143 2.657560 -0.721769 10.383862 -0.060965 0.781168 -0.288258 5.936819 0.017843
1.759000 1.271942 2.666043 -0.695849 11.145363 -0.067449 0.635563 -0.342164 5.979813 0.017216
1.887000 1.404057 2.564794 -0.712840 11.915507 -0.075014 0.482041 -0.394148 6.042268 0.019388
2.002000 1.539011 2.377592 -0.764536 12.619568 -0.083342 0.349606 -0.427946 6.087043 0.020989
2.130000 1.689822 2.090241 -0.835179 13.395582 -0.093508 0.223488 -0.442921 6.127223 0.021001
2.259001 1.849543 1.716941 -0.836804 14.190442 -0.101940 0.129078 -0.433560 6.182651 0.021941
2.377001 2.011584 1.346940 -0.711905 14.923267 -0.107360 0.083843 -0.408117 6.231774 0.023325
2.506002 2.186551 0.938521 -0.523875 15.731362 -0.112298 0.084546 -0.367937 6.286468 0.023126
2.636002 2.379394 0.538648 -0.228724 16.552370 -0.116596 0.136159 -0.318195 6.337565 0.026937
2.754003 2.558264 0.213301 0.102890 17.308214 -0.121158 0.223069 -0.265910 6.359935 0.025396
2.883003 2.739168 -0.089303 0.456099 18.130035 -0.125626 0.348298 -0.202217 6.379178 0.024930
3.001003 2.901399 -0.325741 0.784527 18.877155 -0.127397 0.477271 -0.134971 6.389827 0.023875
3.130004 3.072803 -0.543142 1.098140 19.702826 -0.127828 0.619157 -0.045521 6.411268 0.023087
3.259004 3.252214 -0.713784 1.392360 20.533405 -0.128140 0.746707 0.058513 6.461504 0.025851
3.385004 3.426921 -0.847481 1.670705 21.352406 -0.127245 0.845683 0.168636 6.529835 0.024139
3.501004 3.585257 -0.938950 1.914121 22.115374 -0.125303 0.906159 0.270002 6.615874 0.024276
3.630005 3.758459 -0.999374 2.217161 22.975620 -0.122938 0.934047 0.374863 6.709735 0.023742
3.761005 3.919551 -1.010687 2.541327 23.862514 -0.119055 0.918069 0.461059 6.813080 0.021736
3.877005 4.055268 -0.982558 2.798131 24.657959 -0.114370 0.866928 0.510778 6.887776 0.020316
4.005005 4.189466 -0.891085 3.059102 25.544632 -0.107616 0.776042 0.530489 6.952298 0.017820
4.133007 4.302400 -0.726926 3.302814 26.444313 -0.098678 0.660023 0.518186 6.986727 0.014802
4.262008 4.398599 -0.490994 3.482363 27.339254 -0.087670 0.533515 0.486957 6.996745 0.013000
4.378009 4.477961 -0.200170 3.600795 28.151022 -0.076127 0.419566 0.448608 6.995726 0.011051
4.506010 4.563401 0.203268 3.693284 29.045877 -0.060102 0.306345 0.389982 6.983286 0.011787
4.633011 4.641104 0.676027 3.706690 29.938225 -0.042352 0.217762 0.304165 6.960981 0.009672
4.751012 4.702549 1.153259 3.627875 30.750788 -0.024010 0.165995 0.200264 6.937386 0.008530
4.879014 4.752883 1.703363 3.506419 31.637787 -0.001284 0.144382 0.067100 6.922660 0.006995
5.008015 4.797271 2.249205 3.310147 32.529438 0.021590 0.158081 -0.077465 6.904289 0.006900
5.134016 4.827623 2.765018 3.033621 33.397648 0.045045 0.202374 -0.221603 6.885001 0.006434
5.260017 4.846930 3.269134 2.676844 34.262775 0.071057 0.270843 -0.363707 6.859228 0.005009
5.386019 4.863545 3.725224 2.388239 35.132763 0.100578 0.354565 -0.492436 6.850164 0.004384
5.503020 4.866775 4.101071 2.156590 35.932846 0.131205 0.435837 -0.582397 6.841155 0.002282
5.632021 4.854297 4.459367 1.915183 36.806488 0.164838 0.521429 -0.636645 6.774855 -0.000436
5.760022 4.828382 4.789890 1.705211 37.660622 0.196960 0.595471 -0.642510 6.610738 -0.001331
5.885024 4.806626 5.078519 1.521790 38.481174 0.226497 0.651339 -0.607913 6.455805 -0.000921
6.001025 4.791437 5.283402 1.374807 39.215870 0.251868 0.684215 -0.547500 6.346891 -0.001220
6.127026 4.772993 5.446296 1.255869 40.008354 0.279444 0.697673 -0.452390 6.255102 -0.000924
6.254027 4.755368 5.528202 1.135408 40.795399 0.306162 0.684567 -0.330130 6.163550 -0.000698
6.381029 4.738767 5.534750 1.014986 41.572334 0.331089 0.644482 -0.187241 6.087636 -0.000647
6.509030 4.724109 5.471184 0.923555 42.352345 0.355042 0.582979 -0.032353 6.020862 -0.000942
6.626031 4.707074 5.353755 0.817370 43.050640 0.376085 0.514940 0.106247 5.939586 -0.000889
6.755032 4.685260 5.151376 0.706502 43.810032 0.398628 0.430921 0.246321 5.857679 -0.001487
6.885033 4.664154 4.869705 0.622128 44.564430 0.420935 0.347887 0.359748 5.892347 -0.001498
7.003034 4.634502 4.528200 0.528064 45.267971 0.442054 0.280124 0.432852 6.019940 -0.004048
7.132035 4.600341 4.080405 0.541291 46.053493 0.467848 0.220695 0.481933 6.144486 -0.004336
7.259037 4.564232 3.632305 0.559924 46.840778 0.494300 0.183307 0.508415 6.241735 -0.005205
7.385038 4.529793 3.206606 0.521617 47.640987 0.521201 0.170949 0.521421 6.341363 -0.004455
7.503039 4.503489 2.835207 0.488534 48.388813 0.546899 0.182054 0.519286 6.429555 -0.003465
7.631040 4.478194 2.484751 0.421525 49.216679 0.575921 0.216545 0.490913 6.500935 -0.001639
7.758041 4.457461 2.208994 0.314225 50.052422 0.605152 0.272180 0.430147 6.555993 -0.002772
7.886043 4.431078 2.018749 0.212786 50.895477 0.635516 0.341198 0.346552 6.610788 -0.002942
8.003043 4.405103 1.923236 0.131765 51.665089 0.664039 0.408986 0.265961 6.661191 -0.004341
8.131042 4.379040 1.902898 0.073227 52.520332 0.696225 0.479992 0.181419 6.708949 -0.001466
8.258041 4.372139 1.948666 0.082703 53.374786 0.728767 0.537775 0.101797 6.748646 0.000101
8.385040 4.369467 2.054665 0.134404 54.243011 0.762035 0.578571 0.018915 6.814913 -0.000658
8.501040 4.362418 2.197288 0.203535 55.029949 0.792964 0.596880 -0.056540 6.873525 -0.002253
8.628038 4.341859 2.382299 0.291348 55.906219 0.827547 0.593290 -0.130528 6.928805 -0.003298
8.755037 4.310174 2.599150 0.414735 56.789429 0.863107 0.564139 -0.182604 6.979453 -0.005469
8.883037 4.275707 2.845527 0.517026 57.692211 0.899633 0.511907 -0.212270 7.021684 -0.004688
9.011036 4.247905 3.076111 0.601779 58.585117 0.937038 0.443135 -0.234738 7.044571 -0.004524
9.127035 4.220681 3.276266 0.700595 59.409248 0.971992 0.370918 -0.269640 7.054503 -0.005528
9.255034 4.190945 3.477693 0.852632 60.303570 1.010954 0.291946 -0.336953 7.044137 -0.005053
9.382033 4.170365 3.649674 1.025653 61.202885 1.051437 0.219906 -0.428883 7.024271 -0.004593
9.510033 4.155065 3.778696 1.195883 62.091850 1.092530 0.161931 -0.520502 6.994426 -0.002483
9.636031 4.146215 3.848583 1.355169 62.977665 1.130981 0.124516 -0.585725 6.975729 -0.002152
9.751030 4.143114 3.878372 1.528061 63.770329 1.165232 0.110120 -0.609584 6.952090 -0.001401
9.880030 4.145459 3.885798 1.670614 64.663498 1.203617 0.115221 -0.596864 6.910689 0.000118
10.009029 4.155037 3.838291 1.791818 65.551811 1.241352 0.142118 -0.545660 6.879664 0.000349
10.127029 4.178459 3.740381 1.907852 66.368080 1.276354 0.182730 -0.465453 6.856524 0.003149
10.258030 4.215317 3.590036 1.989050 67.257133 1.316516 0.236449 -0.339703 6.838900 0.005048
10.376030 4.251008 3.404548 2.075673 68.062607 1.354295 0.286616 -0.201403 6.833592 0.004159
10.504029 4.283184 3.156741 2.127855 68.936127 1.395784 0.338024 -0.044329 6.830634 0.004259
10.631028 4.320210 2.867280 2.128790 69.810143 1.437954 0.380448 0.099351 6.840290 0.004514
10.761028 4.348622 2.537691 2.114691 70.698708 1.481048 0.410349 0.221415 6.843935 0.004067
10.879028 4.381185 2.222307 2.094700 71.499878 1.520740 0.422126 0.318425 6.865924 0.005608
11.009027 4.430436 1.844338 2.094445 72.400497 1.567293 0.416065 0.424207 6.894296 0.007478
11.127028 4.475664 1.496409 2.071245 73.208717 1.609417 0.395966 0.518251 6.929254 0.006048
11.254026 4.510757 1.131531 2.025798 74.096519 1.656085 0.360434 0.615444 6.955334 0.003910
11.382026 4.536674 0.808884 1.965999 74.979889 1.703900 0.315715 0.693955 6.971162 0.004042
11.511025 4.573689 0.531514 1.895343 75.878220 1.752077 0.266758 0.746997 6.970099 0.005228
11.627025 4.598691 0.338548 1.811594 76.692497 1.797501 0.224064 0.765432 6.969574 0.002564
11.756024 4.612263 0.200357 1.710943 77.582382 1.847924 0.184641 0.745879 6.957878 0.001415
11.883023 4.632704 0.154156 1.546400 78.469933 1.899065 0.156711 0.677235 6.930199 0.003430
12.011023 4.662163 0.212931 1.367131 79.346886 1.950780 0.144810 0.561631 6.903828 0.004760
12.127022 4.694981 0.326825 1.219990 80.143066 1.997777 0.147377 0.425856 6.857738 0.005266
12.254021 4.744395 0.509436 1.025185 81.015182 2.047822 0.163006 0.260841 6.800455 0.007650
12.381020 4.802269 0.736207 0.808138 81.873146 2.097293 0.188796 0.098119 6.740974 0.008417
12.509019 4.857595 0.957767 0.659724 82.723106 2.147863 0.219691 -0.059665 6.680034 0.007780
12.636018 4.912709 1.141595 0.480503 83.572281 2.198911 0.251395 -0.213327 6.626430 0.007615
12.753017 4.954784 1.266332 0.366125 84.343353 2.246641 0.275691 -0.343118 6.585466 0.006331
12.882017 4.995290 1.342065 0.265555 85.183022 2.299733 0.295566 -0.464458 6.559179 0.006401
13.010016 5.042089 1.371616 0.114547 86.019447 2.352023 0.307335 -0.556395 6.540848 0.007170
13.128016 5.087794 1.344703 -0.005342 86.789742 2.400186 0.309258 -0.620645 6.539841 0.006892
13.255014 5.149766 1.263251 -0.091850 87.617989 2.451811 0.302763 -0.675621 6.532302 0.009230
13.384014 5.220275 1.114718 -0.138904 88.458679 2.504633 0.288096 -0.714665 6.527861 0.010179
13.510013 5.300599 0.912634 -0.166723 89.285538 2.556519 0.267095 -0.727636 6.517512 0.011084
13.628013 5.372372 0.689099 -0.227120 90.046654 2.603454 0.244344 -0.711575 6.516221 0.011458
13.759013 5.453354 0.395394 -0.252528 90.898079 2.658126 0.218009 -0.663366 6.508052 0.011480
13.878014 5.536534 0.121802 -0.205454 91.670441 2.708882 0.196438 -0.597131 6.500186 0.012151
14.008014 5.619399 -0.186783 -0.157486 92.512772 2.765021 0.179110 -0.495935 6.489565 0.010445
14.126014 5.694141 -0.456922 -0.115765 93.275650 2.816451 0.169730 -0.371444 6.469466 0.011689
14.255013 5.797869 -0.715232 -0.020764 94.113548 2.873924 0.167493 -0.196781 6.449786 0.014900
14.385014 5.909730 -0.895376 0.143980 94.940773 2.932214 0.174874 -0.004936 6.412829 0.015937
14.503014 6.016276 -0.996735 0.261471 95.692841 2.984772 0.190805 0.161280 6.371327 0.016457
14.632013 6.137729 -1.036099 0.392465 96.509415 3.041940 0.214719 0.314506 6.323593 0.016717
14.758012 6.260009 -1.054116 0.529498 97.300934 3.098909 0.242423 0.430317 6.279296 0.018399
14.884010 6.391128 -1.057567 0.707212 98.092377 3.156829 0.271064 0.521225 6.234103 0.019120
15.002010 6.513625 -1.048370 0.865768 98.817390 3.209714 0.293866 0.586734 6.197859 0.018454
15.131010 6.640065 -1.040706 1.040369 99.618187 3.268265 0.313908 0.639541 6.159437 0.016523
15.260010 6.763440 -1.034182 1.163375 100.408699 3.325840 0.325674 0.669424 6.132452 0.018392
15.378010 6.887081 -1.036389 1.230230 101.122902 3.378268 0.328677 0.676244 6.110497 0.018424
15.507010 7.013793 -1.054381 1.268250 101.907112 3.437469 0.324477 0.657621 6.088125 0.016571
15.636009 7.132770 -1.107024 1.235642 102.688324 3.495570 0.312130 0.605408 6.062256 0.016540
15.754009 7.256273 -1.174300 1.232233 103.400589 3.549041 0.294335 0.525364 6.045745 0.019668
15.882009 7.402462 -1.262325 1.277277 104.176704 3.608402 0.272431 0.405459 6.022960 0.020018
16.011007 7.543952 -1.365813 1.307297 104.943619 3.666771 0.249546 0.264661 5.998328 0.019414
16.128000 7.682545 -1.468992 1.343213 105.641922 3.721082 0.231160 0.126670 5.979448 0.021769
16.255993 7.850363 -1.593911 1.399747 106.402748 3.781926 0.214684 -0.027552 5.953877 0.023575
16.382986 8.029782 -1.711422 1.417433 107.160744 3.842965 0.202424 -0.175532 5.930554 0.025010
16.510979 8.211928 -1.816691 1.429941 107.909279 3.903791 0.198039 -0.307276 5.899937 0.025460
16.627972 8.384970 -1.890117 1.429403 108.595551 3.959867 0.200818 -0.409216 5.873566 0.026002
16.755964 8.570974 -1.944292 1.395716 109.342445 4.021872 0.209816 -0.498315 5.844047 0.025587
16.882957 8.762088 -1.969631 1.345130 110.085533 4.085054 0.224741 -0.564692 5.813541 0.025932
17.010950 8.955223 -1.978878 1.260067 110.825157 4.149405 0.241407 -0.603702 5.788111 0.025657
17.127943 9.131527 -1.971032 1.185147 111.492195 4.208582 0.257474 -0.606282 5.763921 0.026659
17.255936 9.331449 -1.939240 1.158834 112.223999 4.277126 0.272830 -0.563237 5.728411 0.027048
17.384928 9.536000 -1.899624 1.078481 112.957718 4.347179 0.284238 -0.473014 5.703387 0.028208
17.501921 9.732578 -1.873570 0.976062 113.620789 4.412894 0.288517 -0.362354 5.685735 0.028549
17.630913 9.945016 -1.864737 0.903576 114.349434 4.487842 0.286293 -0.225137 5.674814 0.028558
17.761908 10.162462 -1.860237 0.854578 115.086891 4.565442 0.277892 -0.085400 5.648229 0.028664
17.878901 10.363783 -1.878873 0.835568 115.743073 4.636439 0.265827 0.029771 5.635872 0.030773
18.006893 10.606028 -1.904621 0.901597 116.464233 4.717734 0.248636 0.137578 5.620428 0.033366
18.136885 10.858060 -1.930613 0.986362 117.183090 4.799842 0.229509 0.214163 5.601322 0.035802
18.253878 11.087355 -1.945829 1.091079 117.832336 4.875126 0.211284 0.252640 5.579007 0.034069
18.379871 11.339632 -1.951047 1.167349 118.529427 4.956490 0.193720 0.264372 5.560989 0.036403
18.507864 11.615435 -1.936610 1.262098 119.241165 5.042781 0.178903 0.254429 5.551015 0.037997
18.635857 11.885724 -1.913233 1.334142 119.944511 5.131379 0.169177 0.235153 5.528955 0.036458
18.750851 12.126182 -1.880709 1.379142 120.568047 5.210761 0.165446 0.219395 5.503741 0.037021
18.877844 12.404756 -1.832033 1.413865 121.265213 5.300560 0.166103 0.207832 5.482333 0.038902
19.005836 12.687975 -1.762724 1.453676 121.959061 5.391139 0.171043 0.203472 5.456826 0.038398
19.133829 12.967505 -1.681674 1.464480 122.644180 5.482141 0.176801 0.201988 5.435084 0.038432
19.261822 13.258018 -1.590248 1.451292 123.331543 5.575396 0.181221 0.196303 5.408534 0.039408
19.407816 13.529620 -1.532676 1.431209 123.957031 5.661990 0.184349 0.181073 5.388636 0.041311
19.500811 13.819160 -1.477910 1.364069 124.606865 5.753478 0.183927 0.149632 5.375279 0.040695
19.628803 14.112872 -1.418476 1.217849 125.287773 5.850423 0.179485 0.102289 5.371502 0.038763
19.755796 14.404271 -1.361039 1.077374 125.962128 5.948792 0.170681 0.049973 5.360195 0.040174
19.884789 14.702836 -1.307647 0.944029 126.645340 6.050930 0.158811 0.002177 5.350529 0.040884
20.001781 14.989516 -1.262993 0.856269 127.263672 6.146204 0.146411 -0.034568 5.347957 0.041567
20.129774 15.300513 -1.203994 0.815852 127.944824 6.254930 0.131966 -0.076128 5.347092 0.042005
20.257767 15.611009 -1.149597 0.794922 128.614594 6.364776 0.117742 -0.122723 5.342232 0.042901
20.386759 15.942490 -1.087016 0.787555 129.293747 6.478614 0.103471 -0.170892 5.333304 0.044914
20.502752 16.256506 -1.011349 0.798483 129.908569 6.584849 0.091600 -0.205421 5.334347 0.047481
20.631744 16.608700 -0.914207 0.844600 130.579895 6.704565 0.080933 -0.227351 5.323698 0.047942
20.760736 16.962578 -0.797983 0.934545 131.260651 6.828373 0.071536 -0.231967 5.322020 0.047273
20.877729 17.269754 -0.677624 1.041686 131.872437 6.941574 0.064913 -0.220953 5.312372 0.044681
21.006721 17.603882 -0.545900 1.195431 132.544891 7.069496 0.059518 -0.185131 5.298723 0.046645
21.135714 17.949764 -0.387552 1.323262 133.209839 7.198045 0.057248 -0.122976 5.286975 0.047812
21.252707 18.278576 -0.224116 1.475009 133.816101 7.317211 0.056188 -0.051421 5.278441 0.049310
21.380699 18.645252 -0.050107 1.684937 134.477753 7.451970 0.055417 0.025472 5.275642 0.050566
21.509691 19.022573 0.120643 1.892951 135.148758 7.593429 0.053343 0.087657 5.277779 0.049756
21.627684 19.359280 0.269958 2.083437 135.752716 7.722402 0.049362 0.126251 5.279187 0.049981
21.756676 19.733206 0.432370 2.293999 136.419418 7.866211 0.042945 0.151312 5.289780 0.050797
21.885668 20.109079 0.591803 2.523573 137.085953 8.013595 0.035746 0.155177 5.291082 0.050826
22.002661 20.457371 0.738217 2.742451 137.690201 8.150292 0.028789 0.140495 5.292360 0.053236
22.131653 20.861109 0.894005 3.050475 138.355530 8.304534 0.021022 0.112722 5.299790 0.054377
22.260645 21.280836 1.049248 3.370844 139.022369 8.460728 0.013194 0.084035 5.319488 0.058223
22.377638 21.687916 1.185972 3.656690 139.628799 8.604934 0.005620 0.059480 5.332218 0.060261
22.504631 22.134222 1.341819 3.915571 140.292511 8.765985 -0.002229 0.027242 5.339321 0.060329
22.633623 22.584558 1.510402 4.138378 140.955826 8.929744 -0.009676 -0.013109 5.338230 0.060916
22.761616 23.033781 1.677090 4.366019 141.618835 9.096445 -0.015648 -0.046579 5.339526 0.061553
22.878609 23.453108 1.827897 4.561241 142.224213 9.250303 -0.020260 -0.052559 5.338232 0.062226
23.005602 23.918261 1.994671 4.815066 142.880020 9.421800 -0.023624 -0.029469 5.335892 0.063312
23.135595 24.400034 2.151572 5.016012 143.550125 9.599376 -0.026311 0.005776 5.327585 0.064343
23.252588 24.843729 2.271735 5.170146 144.152405 9.761917 -0.029134 0.023436 5.332229 0.065223
23.381580 25.334909 2.384378 5.339344 144.815628 9.944289 -0.032529 0.016124 5.332042 0.065334
23.510572 25.826366 2.475509 5.535961 145.483276 10.130636 -0.035466 -0.011533 5.333254 0.065823
23.628565 26.291651 2.558999 5.742443 146.084061 10.301429 -0.037929 -0.041443 5.341923 0.069202
23.757557 26.817810 2.653637 5.935233 146.746887 10.493906 -0.039993 -0.075692 5.354136 0.070325
23.875549 27.304953 2.751231 6.113492 147.352554 10.673033 -0.041439 -0.109919 5.348356 0.070939
24.003542 27.834606 2.858700 6.251485 148.013382 10.871390 -0.041935 -0.148305 5.344992 0.071164
24.132534 28.353342 2.972646 6.371709 148.667496 11.071793 -0.042571 -0.174661 5.347208 0.069306
24.251528 28.829689 3.091815 6.513038 149.274506 11.262544 -0.041657 -0.175265 5.344402 0.068478
24.378521 29.336346 3.237072 6.623783 149.925980 11.471010 -0.038499 -0.145038 5.340806 0.067203
24.506514 29.825483 3.379324 6.679821 150.576889 11.681931 -0.034917 -0.094383 5.348203 0.065688
24.635506 30.308363 3.524889 6.755856 151.227158 11.896148 -0.028944 -0.043938 5.351123 0.065540
24.751499 30.743393 3.652801 6.820227 151.816010 12.093936 -0.022659 -0.012290 5.358839 0.064470
24.879492 31.228109 3.804540 6.894974 152.466843 12.315210 -0.015620 0.006743 5.375487 0.065023
25.007484 31.711021 3.969042 6.932553 153.117691 12.539713 -0.008454 0.022349 5.381297 0.064684
25.135477 32.194847 4.136074 7.033998 153.768600 12.767793 -0.003294 0.051773 5.393299 0.065579
25.251471 32.636955 4.286633 7.150023 154.362869 12.979653 0.001153 0.096683 5.390679 0.064663
25.379463 33.120808 4.443678 7.271417 155.012924 13.213544 0.005108 0.159200 5.402222 0.066083
25.508457 33.611656 4.589351 7.422078 155.663666 13.450067 0.009214 0.224070 5.414499 0.064135
25.625450 34.059917 4.731868 7.608817 156.257492 13.668929 0.012664 0.276426 5.406900 0.064321
25.753443 34.575459 4.869274 7.873126 156.905655 13.911889 0.017773 0.319594 5.411413 0.068314
25.882435 35.101952 5.015764 8.136208 157.559662 14.159514 0.025301 0.339323 5.427113 0.068295
26.009428 35.621857 5.190419 8.381381 158.208023 14.408132 0.034697 0.325771 5.422990 0.067492
26.126421 36.102814 5.352717 8.711228 158.799240 14.639195 0.045221 0.283404 5.425823 0.068326
26.253414 36.635429 5.535091 9.072058 159.441299 14.892222 0.059167 0.211746 5.440756 0.068877
26.380407 37.181606 5.721476 9.481665 160.083878 15.147927 0.073317 0.126543 5.448709 0.070444
26.508400 37.735939 5.902721 9.892956 160.732178 15.407680 0.087808 0.037480 5.465811 0.070438
26.626392 38.242420 6.047970 10.188747 161.326859 15.647958 0.100912 -0.039243 5.489213 0.071680
26.755384 38.812073 6.203252 10.501518 161.984406 15.913860 0.114399 -0.109699 5.500564 0.073395
26.883377 39.390072 6.337480 10.863275 162.636215 16.180614 0.126385 -0.153715 5.504209 0.074209
27.009371 39.980522 6.447767 11.266687 163.276260 16.446951 0.136676 -0.171900 5.503324 0.075675
27.136364 40.582268 6.547846 11.718471 163.920898 16.718758 0.145816 -0.181165 5.515127 0.076361
27.253357 41.153152 6.609912 12.173203 164.514969 16.971395 0.153688 -0.200036 5.522737 0.078966
27.381350 41.806404 6.639724 12.678461 165.171310 17.250679 0.161966 -0.241815 5.532310 0.080470
27.510342 42.456398 6.643414 13.172030 165.822601 17.529842 0.169661 -0.296663 5.538760 0.080986
27.627335 43.061954 6.631576 13.654943 166.421997 17.789494 0.176586 -0.344670 5.539047 0.081910
27.757326 43.723358 6.610368 14.131814 167.076706 18.075165 0.184289 -0.380960 5.535998 0.083340
27.885319 44.399750 6.596183 14.587017 167.730347 18.363604 0.190429 -0.394205 5.542541 0.085184
28.003311 45.020393 6.586334 14.997012 168.322296 18.627991 0.195089 -0.384219 5.540864 0.085682
28.131304 45.711155 6.587716 15.473780 168.973206 18.923531 0.202830 -0.347369 5.537227 0.087303
28.260296 46.405491 6.596987 15.946513 169.620163 19.221411 0.212975 -0.288558 5.511535 0.085886
28.378288 47.036011 6.605605 16.353416 170.209091 19.495964 0.222348 -0.224484 5.501051 0.087159
28.506283 47.715752 6.594925 16.821672 170.845337 19.795982 0.234247 -0.153409 5.490329 0.084111
28.635275 48.394970 6.604050 17.292280 171.480194 20.097990 0.248950 -0.083456 5.491186 0.086272
28.753267 49.030182 6.621087 17.704096 172.063644 20.378626 0.263416 -0.015263 5.482705 0.086872
28.883259 49.735806 6.623098 18.184338 172.702621 20.690058 0.280778 0.070256 5.460826 0.087274
29.000252 50.369797 6.602990 18.624557 173.275223 20.971373 0.296883 0.160861 5.447381 0.086807
29.129244 51.054478 6.569344 19.059853 173.909393 21.286531 0.316327 0.277920 5.452481 0.083929
29.258236 51.722496 6.525917 19.476171 174.537643 21.602158 0.335533 0.400165 5.445098 0.084405
29.376228 52.321247 6.467572 19.786982 175.104813 21.890579 0.351881 0.500761 5.432900 0.084297
29.505220 52.972458 6.379974 20.067638 175.727951 22.209900 0.369474 0.578836 5.424620 0.083465
29.634212 53.602020 6.269729 20.285532 176.348007 22.530935 0.384455 0.609372 5.405573 0.081603
29.752205 54.155891 6.150659 20.464882 176.913071 22.828012 0.396651 0.601072 5.407652 0.077384
29.881197 54.733471 6.011580 20.629148 177.526871 23.156628 0.408791 0.566325 5.393705 0.074273
30.011189 55.289055 5.863050 20.756216 178.141983 23.491463 0.420695 0.511508 5.379451 0.071019
30.125183 55.754440 5.720110 20.813744 178.683350 23.790943 0.430632 0.441237 5.376654 0.069021
30.253176 56.235622 5.547799 20.800806 179.278519 24.125769 0.440751 0.330962 5.373354 0.064207
30.382170 56.683434 5.365416 20.694242 179.880768 24.468765 0.452646 0.189195 5.365392 0.059551
30.510162 57.089951 5.182004 20.510294 180.475449 24.812708 0.465789 0.038343 5.368515 0.057348
30.626156 57.439667 5.032581 20.314245 181.012405 25.127346 0.478895 -0.086688 5.357878 0.053416
30.754148 57.791401 4.873425 20.030113 181.601669 25.477468 0.495221 -0.201267 5.349669 0.050171
30.882141 58.114159 4.733323 19.655172 182.187302 25.830530 0.513443 -0.291595 5.336254 0.046914
31.009134 58.396034 4.619744 19.256699 182.765472 26.184683 0.534354 -0.367487 5.338124 0.040878
31.136127 58.643936 4.511840 18.817329 183.340851 26.542141 0.554342 -0.439673 5.331597 0.037759
31.253120 58.838360 4.414896 18.406622 183.868683 26.874662 0.573602 -0.505595 5.328062 0.032082
31.382113 59.031128 4.320000 17.983551 184.447845 27.244678 0.594945 -0.569508 5.327679 0.028148
31.511105 59.186260 4.242156 17.549534 185.024048 27.618711 0.614870 -0.608327 5.326071 0.024497
31.628098 59.298008 4.161977 17.136160 185.545288 27.961821 0.630730 -0.606623 5.336662 0.018460
31.755091 59.389050 4.063658 16.726728 186.113052 28.341990 0.647155 -0.558838 5.337222 0.014921
31.881084 59.444611 3.939629 16.293007 186.664444 28.718399 0.661736 -0.473836 5.346570 0.009847
32.010078 59.459461 3.769227 15.789144 187.231033 29.113218 0.673718 -0.364410 5.362015 0.003707
32.127090 59.429340 3.587699 15.335805 187.747208 29.480762 0.681648 -0.259610 5.376273 -0.003587
32.257103 59.340191 3.360656 14.809243 188.310928 29.888426 0.687578 -0.148751 5.401868 -0.010199
32.375114 59.232910 3.130178 14.252390 188.825684 30.267351 0.691590 -0.050842 5.427166 -0.013415
32.501129 59.072956 2.883118 13.616318 189.378998 30.681717 0.693868 0.055307 5.454834 -0.019968
32.629143 58.873512 2.629108 12.932014 189.931320 31.104002 0.694691 0.164557 5.489049 -0.025264
32.760155 58.627396 2.344908 12.168846 190.499802 31.548210 0.693394 0.277010 5.525199 -0.031059
32.876167 58.369370 2.074581 11.412331 191.008194 31.951178 0.691056 0.368900 5.559597 -0.036235
33.004181 58.043514 1.770948 10.544321 191.559662 32.396767 0.688781 0.449868 5.595990 -0.042861
33.133194 57.675922 1.474120 9.595265 192.120285 32.856613 0.686946 0.502100 5.639940 -0.049002
33.261208 57.277962 1.177185 8.609912 192.677109 33.320251 0.685645 0.522000 5.680347 -0.052638
33.378220 56.882481 0.899301 7.683094 193.189987 33.754784 0.684212 0.513228 5.709682 -0.057550
33.507233 56.414909 0.609138 6.627203 193.745758 34.234253 0.681818 0.479858 5.747986 -0.064612
33.636246 55.903278 0.323608 5.557618 194.303558 34.727230 0.678689 0.425898 5.792340 -0.070739
33.753258 55.383949 0.078508 4.544670 194.813080 35.187855 0.672989 0.363808 5.840259 -0.079988
33.883270 54.777390 -0.180647 3.446719 195.367691 35.701572 0.663137 0.287635 5.879810 -0.084634
34.000282 54.193256 -0.424056 2.430690 195.870102 36.176628 0.651683 0.214149 5.936076 -0.092029
34.129295 53.488735 -0.695482 1.310719 196.423920 36.710918 0.637300 0.130444 5.987006 -0.099370
34.257309 52.747364 -0.953260 0.193271 196.971039 37.252422 0.622373 0.045796 6.034052 -0.105829
34.385323 51.972992 -1.206425 -0.953748 197.517624 37.804550 0.605662 -0.043716 6.091178 -0.109982
34.503334 51.243458 -1.426043 -1.996166 198.020615 38.322014 0.589585 -0.135747 6.133606 -0.114203
34.631348 50.397030 -1.639671 -3.166147 198.569275 38.896873 0.569206 -0.248141 6.180636 -0.122745
34.759361 49.522518 -1.829298 -4.274474 199.107452 39.472229 0.547104 -0.363905 6.220369 -0.126934
34.875374 48.701027 -1.995152 -5.296890 199.597778 40.004810 0.526675 -0.459529 6.254174 -0.129626
35.002388 47.772907 -2.153460 -6.419026 200.132050 40.595570 0.505267 -0.534916 6.280339 -0.134927
35.128403 46.825451 -2.296921 -7.515372 200.664017 41.191898 0.483648 -0.565287 6.301572 -0.137338
35.254417 45.855694 -2.418644 -8.513725 201.188141 41.790314 0.459895 -0.546644 6.316085 -0.140695
35.382431 44.861740 -2.509283 -9.479332 201.712036 42.397926 0.434793 -0.484200 6.317075 -0.142791
35.509445 43.868362 -2.591330 -10.403562 202.230591 43.008362 0.409912 -0.389107 6.298971 -0.141881
35.625458 42.955132 -2.644320 -11.148954 202.702347 43.573517 0.386043 -0.283402 6.285107 -0.140104
35.756470 41.947906 -2.698437 -11.857548 203.219467 44.202480 0.360601 -0.156181 6.248710 -0.138751
35.886482 40.955837 -2.698214 -12.440252 203.731537 44.828415 0.334824 -0.030432 6.200244 -0.136041
36.005493 40.070271 -2.674030 -12.832415 204.193436 45.399231 0.311997 0.074160 6.143749 -0.130225
36.135506 39.144222 -2.596613 -13.096959 204.688950 46.018913 0.290485 0.166534 6.068011 -0.123922
36.253517 38.333618 -2.487842 -13.209009 205.131226 46.574577 0.273528 0.225333 5.982870 -0.117564
36.380531 37.509403 -2.350550 -13.225275 205.599808 47.164894 0.257136 0.265251 5.897760 -0.109939
36.508545 36.734818 -2.193862 -13.061229 206.064377 47.753212 0.241573 0.292349 5.825780 -0.101716
36.626556 36.066986 -2.026906 -12.783638 206.485809 48.288521 0.226959 0.315912 5.739114 -0.094255
36.755569 35.390797 -1.836975 -12.423903 206.940247 48.863239 0.212143 0.341457 5.641470 -0.087130
36.885582 34.766701 -1.633022 -12.020495 207.391541 49.431767 0.197771 0.357461 5.540521 -0.079790
37.003593 34.241272 -1.444327 -11.623791 207.796249 49.938023 0.185400 0.353689 5.457670 -0.073127
37.132607 33.719700 -1.246979 -11.163109 208.236938 50.485874 0.173909 0.327262 5.375584 -0.065229
37.250618 33.299622 -1.063833 -10.731536 208.629593 50.970112 0.164714 0.291783 5.292656 -0.058188
37.377632 32.896687 -0.870079 -10.194436 209.057373 51.489891 0.156445 0.252470 5.236921 -0.050228
37.504646 32.558670 -0.685851 -9.649764 209.476349 51.992290 0.151737 0.219253 5.164759 -0.042668
37.631660 32.278065 -0.502137 -9.027384 209.898087 52.489315 0.149870 0.188254 5.113790 -0.034046
37.760674 32.049828 -0.325471 -8.295779 210.327133 52.985920 0.150612 0.152472 5.067872 -0.026405
37.876686 31.889948 -0.186673 -7.577450 210.715698 53.424366 0.153879 0.114577 5.039835 -0.021683
38.004700 31.753069 -0.063399 -6.693336 211.150925 53.905216 0.160304 0.065394 5.015426 -0.017211
38.133713 31.652224 0.021586 -5.720022 211.585922 54.376472 0.169962 0.006647 5.003855 -0.012705
38.250725 31.582037 0.091481 -4.851500 211.986771 54.801651 0.180245 -0.062181 4.991146 -0.008761
38.379738 31.542763 0.157370 -3.903968 212.434998 55.263943 0.193247 -0.160124 4.990416 -0.003422
38.508751 31.544489 0.225316 -2.922536 212.891464 55.719231 0.205928 -0.274310 5.005278 0.001947
38.625763 31.580025 0.286208 -1.994149 213.312820 56.127979 0.216672 -0.377375 5.024993 0.006523
38.754776 31.643755 0.346783 -0.996512 213.790421 56.577290 0.229641 -0.473951 5.061262 0.008060
38.883789 31.730164 0.407505 -0.055009 214.274780 57.020519 0.242518 -0.535815 5.106723 0.013116
39.001801 31.838549 0.470041 0.701170 214.723068 57.419495 0.255523 -0.555192 5.148007 0.016048
39.130814 31.973845 0.513753 1.450351 215.227982 57.856522 0.269163 -0.530654 5.203189 0.019507
39.259827 32.133976 0.529460 2.204704 215.742828 58.292915 0.282303 -0.458685 5.252289 0.021985
39.375839 32.273521 0.534394 2.830004 216.215485 58.684978 0.294281 -0.361253 5.315865 0.019492
39.502853 32.423313 0.505714 3.446427 216.742020 59.115646 0.306566 -0.234123 5.388440 0.019091
39.630867 32.571098 0.471339 3.973340 217.283844 59.550850 0.319110 -0.101922 5.460023 0.019313
39.759880 32.718674 0.432343 4.383233 217.840210 59.990162 0.332495 0.018209 5.520777 0.019716
39.877892 32.851131 0.394654 4.643019 218.358612 60.392353 0.346181 0.105786 5.582583 0.019358
40.006905 32.993984 0.355905 4.832223 218.935852 60.831268 0.362789 0.167707 5.650659 0.018369
40.136917 33.123058 0.314989 4.877180 219.527786 61.274532 0.377101 0.189858 5.717573 0.016003
40.253929 33.217735 0.306114 4.773345 220.069183 61.674488 0.388157 0.181287 5.777293 0.013112
40.383942 33.308529 0.296611 4.595905 220.679306 62.120609 0.400216 0.154491 5.843957 0.011842
40.500954 33.383774 0.286534 4.344932 221.241150 62.528183 0.407954 0.132103 5.908818 0.010830
40.627968 33.450382 0.271902 3.952334 221.847412 62.967052 0.414923 0.127076 5.962565 0.008897
40.755981 33.506130 0.250562 3.466197 222.470337 63.415298 0.419262 0.154478 6.016765 0.006897
40.884995 33.552368 0.245213 2.944302 223.105148 63.869106 0.420065 0.214702 6.073914 0.005784
41.003006 33.586445 0.242211 2.430892 223.692535 64.284973 0.418580 0.287241 6.117820 0.004951
41.133018 33.607338 0.241548 1.773186 224.346451 64.743629 0.416047 0.367944 6.167219 0.002053
41.251030 33.605080 0.238623 1.146608 224.944778 65.162605 0.411246 0.425577 6.205965 -0.001437
41.380043 33.580036 0.213615 0.413910 225.603989 65.622604 0.404141 0.465167 6.250063 -0.003701
41.510056 33.536293 0.164597 -0.307066 226.274521 66.087990 0.395527 0.479545 6.292789 -0.006572
41.627068 33.485424 0.092597 -0.950015 226.887650 66.512276 0.388991 0.470536 6.331778 -0.007257
41.756081 33.417000 0.003144 -1.578475 227.561295 66.977936 0.384034 0.433000 6.363912 -0.010844
41.886093 33.335430 -0.105300 -2.108282 228.239136 67.446358 0.381003 0.363344 6.404354 -0.011251
42.004105 33.257244 -0.199768 -2.547240 228.862625 67.876755 0.381586 0.270062 6.432167 -0.012582
42.133118 33.165421 -0.296701 -3.020920 229.548080 68.347679 0.385009 0.141593 6.453215 -0.012101
42.262131 33.075333 -0.379432 -3.423066 230.235794 68.820145 0.390527 -0.004807 6.477503 -0.013482
42.380142 32.985195 -0.438021 -3.716707 230.866119 69.253983 0.396585 -0.143055 6.487595 -0.013807
42.509155 32.884178 -0.470605 -3.933066 231.557648 69.728951 0.403760 -0.284401 6.510490 -0.014048
42.627167 32.786934 -0.509587 -4.036253 232.192245 70.162987 0.408844 -0.395297 6.521537 -0.014812
42.755180 32.680634 -0.548201 -4.074953 232.888611 70.637329 0.413370 -0.491557 6.539641 -0.013387
42.885193 32.574528 -0.559483 -4.027915 233.586456 71.112473 0.415620 -0.560718 6.548640 -0.014385
43.003204 32.465038 -0.560979 -3.871515 234.225861 71.547562 0.415214 -0.602878 6.556675 -0.016498
43.133217 32.341911 -0.543074 -3.580755 234.930542 72.027855 0.412927 -0.630179 6.561144 -0.015313
43.262230 32.224918 -0.526858 -3.204479 235.630188 72.505157 0.408610 -0.640004 6.568553 -0.015572
43.380241 32.118595 -0.505195 -2.790101 236.271301 72.941574 0.402154 -0.632713 6.575722 -0.014437
43.509254 32.000114 -0.480009 -2.249155 236.978516 73.422821 0.392208 -0.599854 6.581572 -0.015678
43.627266 31.880123 -0.453759 -1.743777 237.621124 73.859108 0.381958 -0.540301 6.583060 -0.017993
43.757278 31.743359 -0.420566 -1.138566 238.324921 74.335579 0.371047 -0.438973 6.591844 -0.017070
43.886292 31.612055 -0.385733 -0.413359 239.028870 74.812584 0.360027 -0.306761 6.593527 -0.017029
44.001305 31.499876 -0.345557 0.283077 239.663116 75.241386 0.349956 -0.171677 6.604534 -0.014965
44.128319 31.387230 -0.293956 1.069129 240.357910 75.711044 0.340201 -0.013619 6.603962 -0.014153
44.256332 31.283939 -0.227485 1.783400 241.054276 76.178215 0.331341 0.144913 6.603245 -0.013144
44.386345 31.169678 -0.145862 2.489525 241.766769 76.655235 0.323991 0.298470 6.588517 -0.016081
44.504356 31.047810 -0.068902 3.031150 242.412567 77.087349 0.318759 0.421455 6.580229 -0.018048
44.635368 30.907444 0.012829 3.526779 243.129501 77.566345 0.314479 0.531111 6.580898 -0.019783
44.752380 30.766775 0.081402 3.917808 243.770477 77.993721 0.313083 0.604096 6.583090 -0.021272
44.880394 30.605213 0.149624 4.257381 244.473251 78.460510 0.314033 0.662315 6.593727 -0.023518
45.007408 30.424255 0.189613 4.497632 245.172333 78.921463 0.314639 0.701325 6.593507 -0.026374
45.135422 30.240372 0.215624 4.622994 245.878296 79.385216 0.315609 0.722392 6.601222 -0.024875
45.262436 30.053314 0.221612 4.639844 246.580261 79.845230 0.317063 0.718150 6.614456 -0.026347
45.378448 29.880960 0.203600 4.588118 247.228806 80.268089 0.319709 0.680968 6.620215 -0.025122
45.507462 29.691578 0.184159 4.421482 247.939697 80.730545 0.321924 0.591362 6.631782 -0.025277
45.637474 29.501804 0.170088 4.159555 248.663376 81.200127 0.322830 0.445693 6.637069 -0.025311
45.754486 29.321030 0.158480 3.860870 249.316925 81.622116 0.322584 0.280343 6.654537 -0.027022
45.882500 29.113897 0.152045 3.423066 250.041016 82.086487 0.320214 0.088654 6.677704 -0.028690
46.012512 28.901205 0.146525 2.943301 250.768387 82.549309 0.316142 -0.089064 6.686842 -0.029335
46.129524 28.704912 0.145683 2.422198 251.430664 82.967110 0.311492 -0.228875 6.696240 -0.029520
46.256538 28.481569 0.134600 1.729465 252.158157 83.421783 0.305974 -0.358831 6.703498 -0.030350
46.381554 28.257717 0.126996 1.086667 252.869308 83.864983 0.299925 -0.461026 6.705877 -0.031493
46.510567 28.031219 0.130823 0.416752 253.599930 84.315361 0.294233 -0.530051 6.704055 -0.030333
46.627579 27.814238 0.142786 -0.206415 254.274597 84.728157 0.290887 -0.554478 6.703215 -0.031586
46.756592 27.581568 0.170154 -0.815016 255.012878 85.178741 0.288373 -0.545391 6.703148 -0.030839
46.886604 27.359236 0.197672 -1.330421 255.752487 85.627388 0.288223 -0.517641 6.705648 -0.029404
47.001617 27.159325 0.224571 -1.740694 256.418030 86.028320 0.289037 -0.492257 6.696188 -0.029606
47.127632 26.951120 0.237638 -2.062548 257.136627 86.456566 0.291848 -0.469768 6.688511 -0.028485
47.255646 26.743042 0.255320 -2.364498 257.880951 86.893600 0.296558 -0.447135 6.694183 -0.028027
47.385658 26.528399 0.252378 -2.643033 258.627899 87.326279 0.302113 -0.418420 6.691766 -0.028682
47.503670 26.338392 0.250207 -2.875024 259.319366 87.721390 0.307030 -0.383394 6.696565 -0.026694
47.634682 26.138132 0.257533 -3.023957 260.077972 88.149033 0.312299 -0.332774 6.697738 -0.027207
47.752693 25.954502 0.272221 -3.063626 260.768066 88.534576 0.318746 -0.271189 6.700565 -0.027415
47.880707 25.759871 0.279659 -3.004809 261.518829 88.951828 0.325981 -0.181995 6.717778 -0.026193
48.008720 25.570847 0.289950 -2.894729 262.278625 89.370743 0.333637 -0.069444 6.732030 -0.025131
48.127731 25.396664 0.302449 -2.750686 262.977173 89.751991 0.338959 0.047430 6.749064 -0.025754
48.257744 25.216049 0.329667 -2.515390 263.749237 90.169548 0.342730 0.183561 6.758512 -0.023950
48.387756 25.041538 0.378750 -2.204676 264.524017 90.584915 0.342890 0.320096 6.768683 -0.023638
48.505768 24.884981 0.428305 -1.894018 265.230469 90.960419 0.341143 0.439349 6.783783 -0.023990
48.634781 24.712797 0.489885 -1.556746 266.004852 91.368629 0.337683 0.552141 6.788482 -0.023537
48.752792 24.549715 0.541344 -1.172602 266.714844 91.740074 0.334786 0.621630 6.790604 -0.025306
48.883804 24.363693 0.604496 -0.666529 267.504944 92.148880 0.330584 0.641421 6.795726 -0.025335
49.012817 24.183134 0.704979 -0.159273 268.286682 92.548424 0.326080 0.597118 6.815531 -0.026085
49.129829 24.020691 0.796314 0.291974 268.999146 92.908119 0.323298 0.516840 6.826453 -0.025293
49.259842 23.851763 0.893867 0.836068 269.793518 93.306541 0.320872 0.411815 6.843470 -0.023774
49.377853 23.705105 0.985095 1.340738 270.517914 93.665199 0.320101 0.322651 6.856358 -0.022591
49.506866 23.546131 1.094083 1.822194 271.313263 94.053627 0.320609 0.238657 6.865629 -0.021775
49.634880 23.391115 1.214519 2.237247 272.112244 94.438896 0.321495 0.166402 6.885197 -0.022787
49.752892 23.243614 1.332743 2.569914 272.839783 94.786079 0.324737 0.106868 6.893799 -0.023172
49.881905 23.070303 1.445150 2.875612 273.644623 95.166756 0.330845 0.046974 6.906532 -0.025610
50.010918 22.885414 1.542527 3.072875 274.453583 95.544724 0.339008 -0.005497 6.931271 -0.026572
50.128929 22.705496 1.595739 3.171016 275.196960 95.888603 0.346627 -0.049484 6.945494 -0.027304
50.257942 22.504524 1.630922 3.238862 276.012054 96.263557 0.352718 -0.099336 6.963260 -0.027941
50.385956 22.302397 1.652808 3.238362 276.832642 96.634850 0.356477 -0.154533 6.992866 -0.027335
50.503967 22.122837 1.651400 3.187247 277.580780 96.969093 0.358700 -0.210001 7.010617 -0.027393
50.632980 21.908226 1.624183 3.131599 278.408661 97.336334 0.359977 -0.275424 7.026879 -0.029440
50.761993 21.684710 1.571642 3.039642 279.239624 97.702003 0.359718 -0.341566 7.046720 -0.031582
50.879005 21.469517 1.514847 2.909507 279.996613 98.030869 0.357405 -0.399875 7.060441 -0.031760
51.009018 21.226889 1.446873 2.698192 280.841278 98.394600 0.353385 -0.458734 7.084163 -0.031859
51.127029 21.005095 1.370214 2.430812 281.611816 98.722435 0.348326 -0.498624 7.105577 -0.032460
51.257042 20.750086 1.280672 2.095468 282.464203 99.081459 0.342264 -0.519491 7.120985 -0.034279
51.387054 20.488340 1.200773 1.738666 283.318787 99.439865 0.338821 -0.510288 7.131679 -0.033461
51.504066 20.248726 1.138268 1.355158 284.096954 99.763214 0.339376 -0.476548 7.148452 -0.034257
51.634079 19.980028 1.095145 0.895494 284.951691 100.114639 0.344754 -0.415410 7.170936 -0.036263
51.752090 19.713879 1.100003 0.444978 285.742218 100.436226 0.352211 -0.336835 7.174723 -0.038471
51.882103 19.427210 1.143046 -0.057163 286.602051 100.782089 0.363393 -0.221962 7.191196 -0.035846
52.011116 19.154364 1.221328 -0.506619 287.464203 101.126335 0.374717 -0.075616 7.196384 -0.034949
52.129128 18.912596 1.330859 -0.840968 288.254425 101.438622 0.385428 0.077629 7.203632 -0.034720
52.258141 18.644260 1.488915 -1.183061 289.126770 101.780052 0.396596 0.245781 7.205539 -0.034371
52.387154 18.382442 1.652770 -1.469804 289.987732 102.112762 0.404683 0.380024 7.210804 -0.034644
52.504166 18.137661 1.816369 -1.659238 290.776123 102.413597 0.409875 0.460385 7.213816 -0.036283
52.631180 17.863386 2.001467 -1.865672 291.640930 102.739273 0.410676 0.502781 7.224283 -0.037008
52.758194 17.597139 2.180141 -2.061211 292.501801 103.057907 0.406999 0.508748 7.227494 -0.036360
52.886208 17.330017 2.362236 -2.139845 293.371124 103.375603 0.399871 0.489848 7.232792 -0.035977
53.004219 17.081478 2.517146 -2.148077 294.174530 103.665466 0.390086 0.453433 7.242411 -0.036865
53.134232 16.813414 2.663667 -2.147530 295.061279 103.980392 0.374553 0.392371 7.241089 -0.035498
53.252243 16.574980 2.777107 -2.053081 295.861053 104.261765 0.357988 0.322611 7.252592 -0.036077
53.378258 16.318075 2.865154 -1.875339 296.724152 104.562614 0.339817 0.242616 7.254495 -0.037694
53.507271 16.053797 2.929737 -1.645707 297.610291 104.866364 0.323467 0.165893 7.260480 -0.036901
53.636284 15.792701 2.956019 -1.335645 298.498688 105.165314 0.309825 0.095944 7.269745 -0.037866
53.763298 15.548810 2.943299 -0.960042 299.375519 105.455193 0.300265 0.023622 7.274177 -0.035001
53.877312 15.334226 2.898823 -0.593601 300.171082 105.713852 0.297127 -0.050873 7.274615 -0.036458
54.007324 15.078342 2.821940 -0.183316 301.066467 105.998901 0.298611 -0.139255 7.292604 -0.037622
54.135338 14.808374 2.727701 0.232591 301.965790 106.279320 0.304227 -0.210418 7.311104 -0.040494
54.252350 14.550561 2.642596 0.620684 302.784668 106.529465 0.311446 -0.244043 7.329378 -0.042453
54.381363 14.260206 2.540170 1.025454 303.691284 106.802818 0.321307 -0.243801 7.353415 -0.042067
54.508377 13.970003 2.453747 1.355928 304.589325 107.068054 0.333415 -0.220801 7.384625 -0.041292
54.634392 13.699110 2.393944 1.628845 305.478149 107.324188 0.345775 -0.193659 7.412990 -0.038706
54.762405 13.428814 2.376322 1.882597 306.392395 107.584953 0.356842 -0.167832 7.436893 -0.037487
54.880417 13.187110 2.404232 2.054516 307.238403 107.821365 0.363010 -0.141841 7.448099 -0.036729
55.009430 12.907766 2.498550 2.208189 308.166687 108.075455 0.364368 -0.106729 7.464926 -0.038932
55.127441 12.654319 2.635466 2.303342 309.017731 108.303200 0.360294 -0.071942 7.468422 -0.037123
55.256454 12.380490 2.829573 2.366784 309.956909 108.549065 0.350058 -0.041154 7.462685 -0.036374
55.386467 12.116672 3.070266 2.363642 310.895386 108.789139 0.335493 -0.022804 7.438446 -0.033673
55.504478 11.888251 3.307046 2.282590 311.737915 109.001007 0.319376 -0.014382 7.419049 -0.032484
55.633492 11.647902 3.564390 2.179193 312.665222 109.230606 0.301527 -0.006038 7.396691 -0.031424
55.762505 11.415311 3.789114 2.071583 313.587189 109.456970 0.283516 0.004354 7.333374 -0.029031
55.880516 11.212559 3.945192 1.948048 314.425690 109.659027 0.267941 0.011474 7.291372 -0.028333
56.010529 10.998697 4.071208 1.911942 315.342896 109.879799 0.253002 0.009362 7.235476 -0.027545
56.127541 10.808152 4.127807 1.923537 316.169952 110.077614 0.242984 -0.002262 7.186461 -0.028734
56.257553 10.609735 4.125701 1.933796 317.068756 110.290482 0.237442 -0.016095 7.144203 -0.024753
56.387566 10.430302 4.051167 1.891836 317.970917 110.501701 0.237665 -0.014887 7.111039 -0.022622
56.504578 10.285987 3.939980 1.769158 318.779755 110.687759 0.242834 0.006218 7.079607 -0.019240
56.632591 10.129046 3.757327 1.598291 319.661682 110.887863 0.254484 0.040524 7.056714 -0.020629
56.759605 9.972170 3.530217 1.410631 320.534424 111.083633 0.271588 0.065035 7.037229 -0.019231
56.884621 9.825132 3.260516 1.208197 321.399384 111.276108 0.291172 0.066953 7.031239 -0.019480
57.013634 9.678182 2.961622 0.984031 322.278381 111.468300 0.312407 0.051375 7.031784 -0.018354
57.130646 9.535954 2.663937 0.714074 323.089905 111.642136 0.332291 0.035463 7.035658 -0.019314
57.260658 9.386737 2.362975 0.402274 323.978821 111.828377 0.352138 0.026746 7.046489 -0.018073
57.377670 9.263204 2.112416 0.115063 324.787170 111.995331 0.367223 0.023031 7.061345 -0.015034
57.506683 9.149986 1.855270 -0.207735 325.681458 112.175781 0.378994 0.012834 7.076619 -0.013723
57.635696 9.060596 1.618955 -0.521154 326.578979 112.354187 0.383333 -0.010938 7.104045 -0.009425
57.753708 8.989608 1.417261 -0.833801 327.402100 112.515518 0.382504 -0.042957 7.111099 -0.008473
57.882721 8.917367 1.222823 -1.154962 328.302643 112.689659 0.376894 -0.081227 7.112042 -0.008062
58.011734 8.856847 1.053643 -1.408953 329.203705 112.863205 0.366935 -0.115399 7.113450 -0.007417
58.129745 8.816809 0.933725 -1.568828 330.028076 113.020973 0.355364 -0.140288 7.108704 -0.005090
58.258759 8.787714 0.842655 -1.669826 330.928009 113.192123 0.340419 -0.161719 7.092182 -0.001734
58.387772 8.783065 0.766637 -1.760150 331.825745 113.360054 0.326010 -0.175492 7.070466 0.001345
58.505783 8.795547 0.701363 -1.799757 332.644653 113.511894 0.315078 -0.176600 7.048499 0.001941
58.634796 8.824625 0.641384 -1.756522 333.536560 113.676048 0.304915 -0.154720 7.008682 0.005292
58.761810 8.876559 0.582632 -1.736896 334.409729 113.832024 0.298451 -0.101169 6.970473 0.008172
58.888824 8.951625 0.501888 -1.677015 335.278595 113.985481 0.296882 -0.016286 6.929799 0.011157
59.003838 9.025053 0.418065 -1.619444 336.068512 114.123932 0.300481 0.081284 6.902310 0.010495
59.133850 9.098560 0.309599 -1.546865 336.943634 114.276031 0.309530 0.199909 6.876018 0.009795
59.263863 9.176003 0.170748 -1.438998 337.821838 114.427795 0.320182 0.312798 6.842051 0.011589
59.381874 9.255439 0.020775 -1.320707 338.616241 114.565002 0.331771 0.397163 6.827760 0.011407
59.511887 9.351839 -0.174316 -1.161823 339.489227 114.716721 0.347561 0.458127 6.808324 0.013461
59.629898 9.449078 -0.357417 -1.001054 340.280029 114.854134 0.361818 0.478918 6.799388 0.015199
59.758911 9.561955 -0.575931 -0.775331 341.150787 115.005104 0.376631 0.463994 6.799204 0.015145
59.888924 9.668988 -0.798972 -0.507680 342.013885 115.155434 0.392225 0.413499 6.788291 0.015034
60.005936 9.766958 -0.987540 -0.186852 342.795807 115.293709 0.404768 0.339846 6.789547 0.015893
