1.20 1.10 20 64
0.136000 0.019710 -0.096396 -0.036661 0.907270 -0.001354 -0.121181 0.079413 6.622839 0.004168
0.254000 0.042850 -0.292872 -0.100132 1.688501 -0.003877 -0.050584 -0.021216 6.525671 0.003377
0.385000 0.077981 -0.599942 -0.186923 2.535695 -0.005858 0.073641 -0.111750 6.423507 0.004845
0.504000 0.109623 -0.936959 -0.310497 3.288563 -0.007032 0.213879 -0.174966 6.347612 0.005122
0.634000 0.159173 -1.382365 -0.429286 4.110166 -0.008847 0.382494 -0.227108 6.302179 0.007351
0.751000 0.217823 -1.836019 -0.525963 4.851809 -0.010776 0.532873 -0.260314 6.275169 0.009646
0.881000 0.303886 -2.366107 -0.631873 5.662515 -0.012398 0.678626 -0.276354 6.295369 0.010809
1.009000 0.391256 -2.910555 -0.749123 6.471363 -0.013913 0.793215 -0.265272 6.339968 0.011666
1.137000 0.484145 -3.437595 -0.832492 7.288895 -0.014987 0.868433 -0.229336 6.418436 0.011513
1.254000 0.571327 -3.902483 -0.879518 8.044798 -0.016745 0.896743 -0.186861 6.489076 0.012717
1.382000 0.670487 -4.368007 -0.954105 8.880910 -0.018844 0.881074 -0.149819 6.561727 0.012588
1.511000 0.770592 -4.770151 -1.012459 9.736831 -0.021197 0.820270 -0.141064 6.597785 0.012628
1.628000 0.857934 -5.030818 -1.078241 10.508771 -0.023377 0.734751 -0.162251 6.592871 0.012217
1.757000 0.947524 -5.172300 -1.122644 11.356362 -0.024956 0.618815 -0.203845 6.548443 0.011638
1.887000 1.033461 -5.135726 -1.190988 12.195458 -0.027490 0.496181 -0.238121 6.473287 0.011185
2.004999 1.117877 -4.939426 -1.270144 12.959965 -0.030640 0.389931 -0.240178 6.390629 0.011519
2.135000 1.209080 -4.553764 -1.355278 13.777424 -0.035733 0.292184 -0.200322 6.296555 0.010562
2.253000 1.295006 -4.073651 -1.394172 14.514180 -0.039636 0.227068 -0.132124 6.207373 0.012890
2.382001 1.392031 -3.426494 -1.289109 15.314593 -0.040527 0.190309 -0.036190 6.119512 0.013307
2.502002 1.476890 -2.764601 -1.138930 16.043097 -0.040073 0.190668 0.063873 6.035246 0.013283
2.631002 1.571253 -2.059615 -0.896358 16.809700 -0.038661 0.223982 0.178779 5.952957 0.016039
2.760002 1.676961 -1.392445 -0.543564 17.578827 -0.037372 0.286631 0.294606 5.882348 0.014556
2.877003 1.760827 -0.886934 -0.210106 18.258162 -0.036070 0.358690 0.382086 5.838445 0.012461
3.006003 1.852111 -0.455550 0.187461 19.014662 -0.032222 0.448981 0.443287 5.810270 0.012381
3.136003 1.932270 -0.200509 0.546535 19.763653 -0.027099 0.537572 0.458013 5.805534 0.010745
3.253004 2.001808 -0.125617 0.839644 20.449938 -0.023383 0.610607 0.434825 5.825959 0.011299
3.382004 2.079021 -0.228019 1.188697 21.204264 -0.019027 0.674340 0.379693 5.865430 0.009574
3.511005 2.141316 -0.506900 1.515839 21.958466 -0.014117 0.714887 0.303798 5.921433 0.008463
3.628005 2.196041 -0.908264 1.822253 22.655174 -0.010062 0.730542 0.222066 5.980505 0.008415
3.756005 2.249112 -1.482975 2.155700 23.431520 -0.005389 0.721989 0.122941 6.043000 0.008409
3.884006 2.296133 -2.172155 2.450521 24.203260 -0.000680 0.688154 0.019969 6.097136 0.007156
4.012006 2.327489 -2.931760 2.703719 24.986326 0.004454 0.632916 -0.082219 6.128509 0.004583
4.127007 2.337906 -3.632490 2.916345 25.698086 0.010249 0.572281 -0.162817 6.139106 0.002399
4.254008 2.332559 -4.381955 3.068729 26.477671 0.017977 0.503673 -0.227946 6.136853 -0.000982
4.380010 2.315198 -5.045952 3.137807 27.250341 0.025058 0.440646 -0.271035 6.124573 -0.003402
4.508011 2.293623 -5.572341 3.119612 28.026463 0.033358 0.390104 -0.306797 6.102111 -0.002692
4.633012 2.271814 -5.914495 3.001983 28.793190 0.041977 0.361860 -0.344760 6.071900 -0.006120
4.751013 2.245185 -6.060949 2.777333 29.500919 0.050915 0.358954 -0.375147 6.028236 -0.009207
4.880014 2.198980 -6.034372 2.448310 30.275581 0.061940 0.381303 -0.382841 5.988373 -0.011893
5.010015 2.150650 -5.846917 2.009012 31.050097 0.071585 0.425791 -0.350267 5.936664 -0.012948
5.127017 2.096834 -5.566206 1.553691 31.746647 0.079972 0.479629 -0.293173 5.884681 -0.015383
5.257018 2.024243 -5.153606 1.008546 32.501068 0.089313 0.545067 -0.219726 5.827311 -0.017894
5.386019 1.949141 -4.702019 0.480063 33.249767 0.101523 0.608953 -0.144072 5.786967 -0.014921
5.504020 1.871705 -4.291711 0.051233 33.930931 0.115602 0.658141 -0.070896 5.767472 -0.016116
5.633021 1.776609 -3.878003 -0.377181 34.680153 0.132289 0.697949 0.016954 5.763246 -0.017862
5.751022 1.677299 -3.571125 -0.713391 35.354706 0.146875 0.716196 0.098423 5.768444 -0.018560
5.880023 1.560296 -3.325415 -1.050643 36.105145 0.162879 0.716520 0.182264 5.780768 -0.018192
6.009024 1.447775 -3.208061 -1.336623 36.845348 0.178444 0.697187 0.252278 5.785670 -0.017294
6.137025 1.344415 -3.226551 -1.554313 37.585621 0.193606 0.659976 0.306159 5.783432 -0.014518
6.253026 1.261886 -3.365895 -1.712783 38.261753 0.207861 0.613961 0.338323 5.777410 -0.012960
6.381028 1.185315 -3.635375 -1.849753 38.994720 0.221908 0.554358 0.350233 5.768301 -0.011928
6.507029 1.108817 -4.002633 -1.920327 39.720146 0.235316 0.493136 0.337927 5.749266 -0.010667
6.636030 1.029733 -4.449283 -2.023706 40.459805 0.247095 0.436566 0.304361 5.721546 -0.011308
6.752031 0.960430 -4.897918 -2.048540 41.121883 0.257837 0.394728 0.258991 5.701184 -0.010654
6.880033 0.887381 -5.418455 -1.983405 41.849510 0.270209 0.364463 0.194142 5.672987 -0.008616
7.007034 0.798512 -5.906552 -1.886306 42.567593 0.281447 0.356584 0.119559 5.643141 -0.010701
7.135035 0.699699 -6.345380 -1.639264 43.287949 0.292500 0.371214 0.044580 5.617007 -0.008641
7.262036 0.601835 -6.674599 -1.340179 43.998791 0.301668 0.404956 -0.017790 5.582776 -0.008470
7.378037 0.519214 -6.884509 -1.054268 44.644032 0.309233 0.448962 -0.059751 5.545262 -0.006456
7.506039 0.434393 -7.017645 -0.727931 45.351151 0.316482 0.506323 -0.092996 5.510543 -0.004909
7.633040 0.358193 -7.070887 -0.406923 46.053970 0.322273 0.565616 -0.123693 5.479710 -0.005207
7.751041 0.290284 -7.065550 -0.148410 46.687386 0.326033 0.615423 -0.156156 5.450304 -0.006504
7.879042 0.219079 -7.025987 0.119397 47.388603 0.330202 0.659934 -0.198503 5.426422 -0.005617
8.007043 0.144701 -6.972959 0.368464 48.087219 0.333678 0.687677 -0.243704 5.407329 -0.006248
8.137043 0.059178 -6.906930 0.605370 48.783836 0.336064 0.694202 -0.286097 5.395925 -0.007731
8.254043 -0.011827 -6.858891 0.854352 49.413883 0.337705 0.679614 -0.319622 5.375255 -0.006104
8.383042 -0.083814 -6.815696 1.108093 50.105247 0.338847 0.644441 -0.347950 5.344720 -0.006235
8.501042 -0.155122 -6.789103 1.316089 50.733635 0.339354 0.597194 -0.360106 5.305944 -0.007858
8.628041 -0.245806 -6.773669 1.527660 51.403934 0.337814 0.535527 -0.348101 5.254628 -0.009320
8.755040 -0.350485 -6.756257 1.683062 52.066242 0.334836 0.466297 -0.300022 5.184864 -0.012715
8.881039 -0.471568 -6.713804 1.785296 52.714233 0.331353 0.398006 -0.215120 5.107838 -0.017756
9.011039 -0.600606 -6.651141 1.768412 53.372623 0.327536 0.335745 -0.099420 5.028795 -0.017586
9.129039 -0.716537 -6.575146 1.719013 53.961231 0.323939 0.289442 0.014619 4.960752 -0.018505
9.258039 -0.852717 -6.464955 1.682485 54.595577 0.320345 0.254552 0.133967 4.888079 -0.019181
9.376039 -0.977092 -6.336034 1.662343 55.167271 0.315699 0.239634 0.231199 4.816671 -0.018622
9.506039 -1.111917 -6.178331 1.638216 55.788567 0.311595 0.239694 0.320162 4.749405 -0.018661
9.636039 -1.251463 -6.026428 1.522360 56.401405 0.304435 0.255501 0.388833 4.690481 -0.020795
9.754039 -1.382084 -5.897175 1.410356 56.951675 0.295490 0.279332 0.431523 4.645856 -0.022346
9.883039 -1.521609 -5.768524 1.252083 57.552780 0.284149 0.309500 0.455782 4.611121 -0.021526
10.001039 -1.646053 -5.683095 1.041151 58.094833 0.272706 0.335090 0.454929 4.585181 -0.022501
10.131039 -1.789046 -5.641166 0.802543 58.684860 0.259064 0.356888 0.426374 4.568561 -0.022493
10.261038 -1.934709 -5.621516 0.542607 59.278534 0.245307 0.366773 0.366293 4.565999 -0.022403
10.378036 -2.065851 -5.625131 0.314132 59.817184 0.234097 0.362404 0.287531 4.566378 -0.022729
10.509036 -2.218558 -5.637503 0.071317 60.411198 0.220839 0.343292 0.184502 4.572110 -0.023709
10.637035 -2.366197 -5.637028 -0.195629 60.996719 0.206453 0.311275 0.081672 4.580434 -0.022820
10.753035 -2.507779 -5.608865 -0.402444 61.532242 0.191921 0.273169 -0.003039 4.575370 -0.024569
10.881034 -2.658572 -5.513710 -0.599569 62.112221 0.175223 0.226986 -0.078298 4.564052 -0.022333
11.009033 -2.805449 -5.324567 -0.763381 62.700230 0.158671 0.177151 -0.137231 4.556746 -0.021261
11.126033 -2.933351 -5.089379 -0.853770 63.227585 0.144642 0.133848 -0.178882 4.541686 -0.020523
11.255032 -3.089267 -4.720796 -0.908425 63.812050 0.127982 0.091407 -0.216562 4.525468 -0.022191
11.384031 -3.259387 -4.257089 -0.948595 64.393692 0.111934 0.055254 -0.249538 4.498483 -0.024169
11.512031 -3.427648 -3.713082 -0.966665 64.967316 0.095295 0.027780 -0.281202 4.471226 -0.022059
11.628030 -3.579058 -3.179283 -0.956305 65.484169 0.079844 0.010543 -0.312778 4.447198 -0.023225
11.756029 -3.759660 -2.559618 -0.900575 66.055267 0.062238 -0.001116 -0.352899 4.415516 -0.024935
11.884028 -3.943612 -1.958781 -0.844253 66.618324 0.043315 -0.008024 -0.398685 4.391383 -0.023721
12.001028 -4.096608 -1.429005 -0.761807 67.125793 0.026552 -0.011849 -0.437127 4.369710 -0.021630
12.130028 -4.258381 -0.883552 -0.650035 67.692497 0.007918 -0.014151 -0.455541 4.356213 -0.020500
12.259027 -4.413331 -0.416605 -0.536654 68.253822 -0.012638 -0.017642 -0.425247 4.355436 -0.020673
12.377028 -4.545938 -0.051045 -0.459446 68.763458 -0.031815 -0.022643 -0.348587 4.363793 -0.019342
12.506027 -4.693401 0.295195 -0.363014 69.327499 -0.053710 -0.031992 -0.223599 4.384150 -0.020870
12.636027 -4.847075 0.575360 -0.276585 69.898956 -0.076190 -0.044921 -0.081642 4.414445 -0.019904
12.751026 -4.990301 0.783206 -0.206097 70.408890 -0.096523 -0.059260 0.039708 4.456778 -0.022685
12.878025 -5.168736 0.982908 -0.109243 70.982452 -0.119993 -0.076610 0.162892 4.506571 -0.025770
13.008025 -5.364783 1.190004 -0.048544 71.567299 -0.144115 -0.093147 0.273570 4.556354 -0.026522
13.126025 -5.540669 1.395860 -0.027385 72.108223 -0.167728 -0.105253 0.356936 4.606725 -0.025978
13.255025 -5.737595 1.659192 -0.053277 72.705879 -0.195634 -0.113690 0.417154 4.659007 -0.026120
13.384025 -5.940790 1.961967 -0.086452 73.310280 -0.226152 -0.116748 0.442881 4.712786 -0.027393
13.502025 -6.130913 2.256157 -0.163917 73.868797 -0.254154 -0.115583 0.443918 4.761085 -0.026683
13.631024 -6.340526 2.613687 -0.282591 74.490257 -0.286448 -0.108874 0.435156 4.809303 -0.028882
13.760024 -6.564032 2.985541 -0.456373 75.112938 -0.319687 -0.098629 0.422499 4.853628 -0.029374
13.878024 -6.770500 3.332907 -0.599626 75.682419 -0.349585 -0.087936 0.402639 4.892134 -0.029663
14.008024 -7.017466 3.719599 -0.771163 76.321129 -0.384178 -0.075295 0.360862 4.940309 -0.032881
14.135023 -7.285860 4.077923 -1.010127 76.955772 -0.420280 -0.062799 0.292021 4.981587 -0.034952
14.261022 -7.554071 4.404866 -1.265800 77.585899 -0.457369 -0.052605 0.198609 5.034727 -0.034376
14.378021 -7.803283 4.693553 -1.483979 78.171257 -0.492622 -0.045933 0.099131 5.070071 -0.035594
14.511020 -8.098166 4.991613 -1.721203 78.843414 -0.533979 -0.039975 -0.014190 5.119721 -0.036575
14.627019 -8.368228 5.235348 -1.951145 79.450180 -0.572551 -0.037584 -0.104125 5.172054 -0.037320
14.756019 -8.679030 5.455072 -2.222284 80.114723 -0.615882 -0.036983 -0.184079 5.226456 -0.040367
14.885018 -9.002133 5.618602 -2.461317 80.791641 -0.660058 -0.037073 -0.251183 5.279704 -0.041664
15.002018 -9.306726 5.730960 -2.669496 81.411957 -0.701703 -0.037631 -0.307607 5.339136 -0.043538
15.131018 -9.661939 5.827714 -2.864944 82.103767 -0.749214 -0.038987 -0.366698 5.407511 -0.047159
15.260017 -10.044256 5.911552 -3.075123 82.809044 -0.799319 -0.039317 -0.417402 5.465242 -0.049229
15.376017 -10.387240 5.979806 -3.273473 83.439728 -0.846097 -0.039606 -0.445943 5.523842 -0.048966
15.502015 -10.777194 6.052130 -3.500620 84.138176 -0.897915 -0.037345 -0.450963 5.582532 -0.051399
15.631015 -11.193465 6.119871 -3.754355 84.866005 -0.952949 -0.032983 -0.426557 5.639530 -0.052353
15.761015 -11.610275 6.170851 -4.008892 85.595230 -1.010628 -0.026385 -0.380358 5.694023 -0.052442
15.879015 -11.986340 6.211260 -4.162997 86.267677 -1.065222 -0.017905 -0.330807 5.732642 -0.054089
16.009014 -12.410736 6.248009 -4.287158 87.013725 -1.127737 -0.006983 -0.279284 5.772798 -0.056051
16.136007 -12.830525 6.282340 -4.402271 87.748558 -1.191033 0.003367 -0.232858 5.824890 -0.055960
16.253000 -13.206225 6.309220 -4.472712 88.429939 -1.250938 0.012675 -0.185857 5.859767 -0.054555
16.380993 -13.615851 6.321317 -4.555090 89.179420 -1.319011 0.020708 -0.119182 5.897050 -0.054261
16.510984 -14.029905 6.338168 -4.594319 89.945335 -1.391376 0.026703 -0.027198 5.931605 -0.055675
16.627977 -14.409224 6.353722 -4.620845 90.643944 -1.458979 0.031883 0.078271 5.960620 -0.056119
16.757969 -14.830361 6.374125 -4.664275 91.411285 -1.535293 0.034677 0.211836 5.992497 -0.056510
16.886961 -15.261404 6.405156 -4.719595 92.183136 -1.614252 0.036601 0.357630 6.029483 -0.057556
17.002954 -15.656874 6.434851 -4.790843 92.885765 -1.688443 0.036532 0.491371 6.042477 -0.058008
17.131947 -16.093756 6.472386 -4.895503 93.656174 -1.772910 0.035315 0.625571 6.063559 -0.058950
17.260941 -16.536835 6.528369 -4.989420 94.434708 -1.860256 0.034117 0.730629 6.077582 -0.058858
17.377934 -16.946787 6.598325 -5.089223 95.141098 -1.940551 0.032955 0.783594 6.080563 -0.059475
17.505926 -17.399265 6.663080 -5.241540 95.920761 -2.030729 0.032160 0.781533 6.088943 -0.058176
17.635920 -17.857368 6.707026 -5.392076 96.701111 -2.122685 0.031454 0.715046 6.091821 -0.061213
17.751913 -18.285124 6.745510 -5.502844 97.402718 -2.206190 0.032170 0.609713 6.087512 -0.063412
17.878906 -18.761742 6.785986 -5.641605 98.168869 -2.300081 0.035473 0.461496 6.074345 -0.063235
18.004900 -19.230429 6.801525 -5.750434 98.934311 -2.395986 0.039788 0.291291 6.069114 -0.062111
18.130894 -19.693401 6.824708 -5.892650 99.691872 -2.493878 0.045153 0.105349 6.057361 -0.060316
18.259886 -20.155392 6.832694 -6.030961 100.459694 -2.595078 0.051027 -0.096694 6.044585 -0.061993
18.375879 -20.593103 6.829370 -6.195539 101.159615 -2.689533 0.056953 -0.284533 6.033124 -0.062092
18.504871 -21.077892 6.805173 -6.436080 101.923851 -2.794762 0.064371 -0.475229 6.024927 -0.061883
18.633863 -21.572567 6.765613 -6.667211 102.692764 -2.901721 0.070739 -0.637358 6.010667 -0.064866
18.750856 -22.039049 6.707557 -6.924659 103.387299 -3.000988 0.076094 -0.749696 5.987461 -0.064815
18.879848 -22.554535 6.629189 -7.251548 104.150162 -3.113525 0.081688 -0.830640 5.969322 -0.064053
19.007841 -23.071142 6.549110 -7.634915 104.904259 -3.228002 0.088656 -0.861922 5.953553 -0.065184
19.135834 -23.606487 6.478057 -8.055856 105.655098 -3.346207 0.095805 -0.838966 5.930091 -0.067466
19.252827 -24.105295 6.421088 -8.458602 106.339348 -3.457301 0.101048 -0.773428 5.919053 -0.067885
19.380819 -24.658073 6.347384 -8.931691 107.084511 -3.582260 0.107170 -0.667711 5.887518 -0.068301
19.507813 -25.215506 6.260473 -9.400377 107.821159 -3.709243 0.113381 -0.547438 5.882274 -0.070888
19.634806 -25.804512 6.206178 -9.922248 108.561066 -3.841383 0.120078 -0.423539 5.864624 -0.073964
19.760799 -26.401991 6.164742 -10.415851 109.287041 -3.974255 0.127732 -0.297984 5.852607 -0.076223
19.879791 -26.973421 6.138492 -10.844946 109.964134 -4.101586 0.136885 -0.170547 5.830453 -0.078055
20.009783 -27.588617 6.124167 -11.252607 110.707497 -4.245042 0.149093 -0.017386 5.817052 -0.077663
20.126776 -28.150923 6.126656 -11.571774 111.380486 -4.377981 0.161507 0.126280 5.805041 -0.079211
20.253769 -28.768030 6.140635 -11.886089 112.101097 -4.524481 0.176701 0.273000 5.783822 -0.080998
20.382761 -29.390789 6.164841 -12.153593 112.824448 -4.674832 0.192160 0.402752 5.763396 -0.080299
20.500755 -29.953417 6.214573 -12.362878 113.489090 -4.816066 0.205992 0.503462 5.755525 -0.079661
20.625750 -30.546064 6.284165 -12.561207 114.197205 -4.968584 0.220437 0.590270 5.739811 -0.078745
20.754742 -31.141920 6.356355 -12.703669 114.913635 -5.126623 0.232378 0.656112 5.725502 -0.078817
20.882734 -31.742731 6.426407 -12.853646 115.626778 -5.287824 0.241241 0.702781 5.697945 -0.081403
21.008728 -32.351822 6.468031 -12.981437 116.330872 -5.450328 0.246417 0.734495 5.681783 -0.080769
21.136721 -32.948589 6.513164 -13.123549 117.030037 -5.616876 0.250862 0.751873 5.644781 -0.079020
21.252714 -33.492496 6.553432 -13.268416 117.669891 -5.774129 0.254795 0.747444 5.620474 -0.078512
21.378708 -34.063538 6.570107 -13.388024 118.356644 -5.945377 0.259151 0.709030 5.615527 -0.077461
21.503702 -34.619225 6.545789 -13.491003 119.036179 -6.117780 0.262179 0.633194 5.602466 -0.075896
21.631695 -35.185974 6.506240 -13.579444 119.723618 -6.297251 0.266050 0.527290 5.588536 -0.076966
21.757689 -35.755329 6.438744 -13.684420 120.407784 -6.481051 0.271708 0.405183 5.573043 -0.076081
21.885681 -36.322971 6.355435 -13.774111 121.089500 -6.667755 0.280543 0.271372 5.563877 -0.077255
22.001675 -36.836277 6.281640 -13.836899 121.710281 -6.840859 0.290741 0.133850 5.548761 -0.075347
22.129667 -37.378262 6.200927 -13.821061 122.392601 -7.034268 0.304664 -0.035799 5.537625 -0.073336
22.257660 -37.905987 6.124245 -13.801677 123.078102 -7.233469 0.321830 -0.217415 5.529587 -0.070049
22.385653 -38.401680 6.049082 -13.774384 123.750084 -7.433756 0.339112 -0.389878 5.514821 -0.067940
22.501646 -38.859463 5.975708 -13.771514 124.361168 -7.619949 0.354918 -0.528798 5.505632 -0.068626
22.628639 -39.360649 5.896943 -13.785312 125.033241 -7.829578 0.371005 -0.652532 5.499742 -0.068258
22.755632 -39.848000 5.805928 -13.825296 125.698608 -8.040474 0.385342 -0.742598 5.491411 -0.064966
22.883625 -40.318260 5.694359 -13.900538 126.361656 -8.255094 0.397932 -0.799950 5.487390 -0.061809
23.009619 -40.769428 5.563387 -13.952500 127.022850 -8.471639 0.409331 -0.824399 5.472246 -0.059458
23.136612 -41.195740 5.400968 -14.027724 127.675758 -8.690428 0.417672 -0.815011 5.462409 -0.057103
23.251606 -41.573952 5.222576 -14.075579 128.275635 -8.894919 0.422836 -0.776022 5.457053 -0.055290
23.380598 -41.974346 4.993087 -14.095768 128.934418 -9.125012 0.426864 -0.703414 5.446732 -0.053975
23.508591 -42.358902 4.731216 -14.070604 129.591415 -9.359899 0.430247 -0.610196 5.455937 -0.051268
23.635584 -42.716026 4.470502 -13.976252 130.247543 -9.599580 0.433612 -0.508325 5.455570 -0.048755
23.752577 -43.013470 4.243659 -13.899660 130.841492 -9.821327 0.437498 -0.413926 5.471860 -0.043717
23.880569 -43.310238 4.023139 -13.787582 131.496231 -10.070323 0.443233 -0.305011 5.474699 -0.039899
24.008562 -43.573833 3.824577 -13.675726 132.148514 -10.324353 0.450761 -0.185379 5.469516 -0.035111
24.135555 -43.815422 3.663459 -13.479692 132.800568 -10.582140 0.459165 -0.049794 5.482556 -0.033586
24.251549 -44.005810 3.550339 -13.240145 133.391907 -10.819058 0.467796 0.087583 5.495901 -0.028982
24.379541 -44.180504 3.459293 -12.972453 134.038910 -11.083525 0.477848 0.251804 5.506223 -0.024836
24.508533 -44.326256 3.375154 -12.657587 134.695892 -11.357396 0.488382 0.424956 5.528129 -0.020336
24.636526 -44.429245 3.312833 -12.308006 135.348038 -11.635008 0.499642 0.587751 5.545010 -0.014576
24.752520 -44.492336 3.270834 -11.977702 135.938507 -11.890560 0.508536 0.713539 5.548104 -0.010435
24.879513 -44.523308 3.253860 -11.620846 136.583527 -12.176283 0.516085 0.817979 5.558613 -0.005200
25.006506 -44.532139 3.257530 -11.292177 137.232300 -12.471350 0.520180 0.887587 5.572213 -0.003265
25.133499 -44.516937 3.252561 -10.872771 137.871414 -12.767855 0.520738 0.921535 5.599433 0.001548
25.259493 -44.473339 3.241038 -10.438058 138.515091 -13.072576 0.517361 0.915549 5.615210 0.004210
25.385487 -44.396175 3.209348 -10.003668 139.154129 -13.381249 0.510766 0.861872 5.641442 0.010290
25.500481 -44.304497 3.156326 -9.594071 139.737350 -13.668530 0.501777 0.771952 5.661948 0.010310
25.627474 -44.189907 3.090282 -9.118183 140.375732 -13.989085 0.489037 0.640889 5.679161 0.013897
25.752468 -44.037560 2.997627 -8.605478 141.010284 -14.312759 0.475901 0.492596 5.707582 0.019809
25.876463 -43.862606 2.893805 -8.116864 141.644531 -14.643167 0.462885 0.332883 5.729559 0.021484
26.001457 -43.665375 2.781549 -7.592816 142.278152 -14.979862 0.450338 0.157802 5.752732 0.025008
26.126451 -43.440479 2.652652 -7.008617 142.912247 -15.322047 0.440747 -0.038111 5.773793 0.028726
26.252445 -43.194271 2.517158 -6.463828 143.546326 -15.671074 0.434176 -0.248679 5.802194 0.031939
26.378439 -42.914211 2.364471 -5.851766 144.185898 -16.030312 0.429313 -0.455075 5.836106 0.037200
26.504433 -42.612457 2.193599 -5.270616 144.826141 -16.397762 0.426253 -0.632326 5.876131 0.040475
26.629427 -42.280693 1.995314 -4.759467 145.463440 -16.769306 0.424947 -0.765338 5.917264 0.045858
26.754421 -41.914940 1.795994 -4.269153 146.106750 -17.152935 0.424176 -0.854296 5.965676 0.050087
26.880415 -41.517509 1.575907 -3.735145 146.753464 -17.543133 0.424007 -0.899976 6.015635 0.055895
27.005409 -41.083927 1.359238 -3.185302 147.398956 -17.935717 0.423672 -0.900127 6.062225 0.060134
27.128405 -40.628624 1.154460 -2.630267 148.032394 -18.326115 0.424111 -0.853790 6.121960 0.064926
27.255398 -40.113262 0.947982 -2.039527 148.695404 -18.740673 0.424345 -0.761781 6.182822 0.072446
27.379393 -39.571453 0.760338 -1.482360 149.351624 -19.157619 0.424049 -0.644190 6.251180 0.075974
27.503387 -39.001305 0.584333 -0.910759 150.007309 -19.578981 0.420661 -0.520028 6.309873 0.081688
27.630381 -38.388374 0.429282 -0.368708 150.678497 -20.015760 0.414818 -0.394436 6.386817 0.086514
27.757374 -37.733929 0.321872 0.140506 151.358887 -20.464470 0.403168 -0.263672 6.439075 0.092097
27.884367 -37.035107 0.277375 0.595234 152.042511 -20.920988 0.386498 -0.122073 6.490979 0.098174
28.011360 -36.301693 0.300038 1.064838 152.729797 -21.382469 0.366813 0.029823 6.537086 0.102158
28.125355 -35.613640 0.385778 1.469827 153.355194 -21.803953 0.349344 0.169467 6.573318 0.105264
28.252348 -34.839062 0.544759 1.926043 154.048859 -22.272903 0.329020 0.317209 6.607943 0.107388
28.380341 -34.040806 0.742030 2.363516 154.745071 -22.744835 0.308028 0.453574 6.636122 0.110288
28.507334 -33.229794 0.977681 2.793446 155.443848 -23.219404 0.289319 0.573550 6.659330 0.111534
28.634327 -32.397427 1.262105 3.112447 156.149567 -23.700340 0.272011 0.670439 6.678696 0.113222
28.760321 -31.562691 1.559284 3.402379 156.844574 -24.173754 0.256626 0.734524 6.667789 0.114956
28.885315 -30.730856 1.844755 3.676352 157.533447 -24.642906 0.244918 0.763405 6.667278 0.114941
29.010309 -29.911995 2.102917 3.890016 158.222641 -25.110922 0.236299 0.755696 6.662004 0.110728
29.135303 -29.113972 2.326422 4.072382 158.912354 -25.577700 0.230532 0.708492 6.663774 0.110300
29.260298 -28.324341 2.513157 4.197322 159.602509 -26.042023 0.227223 0.622053 6.648876 0.109787
29.385292 -27.541113 2.652287 4.257048 160.293121 -26.504438 0.226529 0.504470 6.651151 0.108674
29.500286 -26.841116 2.719233 4.258196 160.923050 -26.924744 0.225671 0.383648 6.638453 0.106466
29.625280 -26.088596 2.726264 4.237627 161.614151 -27.382538 0.224544 0.249350 6.627387 0.104098
29.751274 -25.354828 2.683203 4.192965 162.312180 -27.840298 0.222303 0.117840 6.620881 0.101190
29.876268 -24.633461 2.599845 4.147773 163.011108 -28.293150 0.219297 -0.011434 6.605378 0.099947
30.002262 -23.933144 2.479805 4.081190 163.706284 -28.737642 0.214677 -0.137578 6.596368 0.097577
30.128256 -23.244545 2.318264 3.995225 164.409653 -29.179586 0.207287 -0.257288 6.584447 0.094432
30.254250 -22.576649 2.129881 3.903703 165.114075 -29.615948 0.199167 -0.365250 6.575551 0.091529
30.379244 -21.924379 1.931523 3.819788 165.821030 -30.047626 0.191022 -0.461964 6.569268 0.090322
30.501240 -21.312496 1.761434 3.767376 166.506454 -30.460869 0.183968 -0.543854 6.553798 0.086039
30.635235 -20.666567 1.596193 3.711545 167.260345 -30.908905 0.177730 -0.610184 6.536162 0.083247
30.761229 -20.079369 1.487886 3.632041 167.964447 -31.321114 0.174199 -0.635720 6.521910 0.080509
30.875223 -19.560652 1.428045 3.560453 168.613556 -31.695213 0.173345 -0.621955 6.509646 0.078113
31.001217 -19.009445 1.407587 3.511774 169.324768 -32.099720 0.172507 -0.572776 6.484068 0.074791
31.128210 -18.481647 1.436903 3.509425 170.036148 -32.497082 0.173882 -0.501188 6.453855 0.072707
31.253204 -17.976618 1.539731 3.550706 170.746689 -32.887493 0.178509 -0.418044 6.426237 0.067963
31.380198 -17.492136 1.701306 3.620941 171.456833 -33.270988 0.184434 -0.326255 6.391531 0.066239
31.506191 -17.035784 1.904284 3.689414 172.166153 -33.648468 0.189872 -0.228119 6.364072 0.060653
31.632185 -16.609341 2.136630 3.762889 172.880692 -34.020695 0.195588 -0.125556 6.332679 0.056898
31.758179 -16.211630 2.382831 3.819155 173.589569 -34.381653 0.199631 -0.022732 6.303240 0.053639
31.885172 -15.833999 2.620847 3.888008 174.298203 -34.734684 0.200144 0.081806 6.275526 0.050022
32.000168 -15.519940 2.830075 3.981010 174.945236 -35.050987 0.198164 0.180335 6.252728 0.044784
32.126183 -15.199452 3.031373 4.054470 175.654358 -35.391598 0.193427 0.286507 6.233905 0.044112
32.252197 -14.887641 3.216238 4.070356 176.363678 -35.726036 0.187030 0.380740 6.222056 0.041531
32.378212 -14.589143 3.374623 4.077579 177.074280 -36.053497 0.179093 0.449140 6.207303 0.040598
32.504227 -14.297692 3.493986 4.077878 177.786636 -36.374413 0.169337 0.481165 6.194953 0.040129
32.630241 -14.006224 3.549602 4.068197 178.505600 -36.691296 0.159105 0.474660 6.182150 0.039750
32.757256 -13.733698 3.546474 4.012712 179.220703 -37.001064 0.151051 0.437744 6.184878 0.036996
32.882271 -13.475527 3.502752 3.962367 179.938217 -37.305153 0.145113 0.387076 6.185879 0.035440
33.008286 -13.229052 3.424335 3.866297 180.657745 -37.606052 0.142885 0.339308 6.189630 0.034662
33.134300 -12.982586 3.304255 3.742741 181.379593 -37.901623 0.145478 0.301849 6.193992 0.034565
33.260315 -12.742348 3.157766 3.580193 182.104126 -38.192436 0.150374 0.268020 6.198708 0.033382
33.386330 -12.515598 2.995579 3.390998 182.825760 -38.476536 0.157564 0.226888 6.207513 0.033447
33.511345 -12.301126 2.840400 3.220299 183.551895 -38.754620 0.166122 0.170093 6.226559 0.029193
33.625359 -12.121734 2.705923 3.069384 184.216553 -39.003975 0.173572 0.102610 6.227462 0.028978
33.750374 -11.920832 2.563037 2.942692 184.953918 -39.274719 0.181516 0.013620 6.241678 0.027517
33.875389 -11.744567 2.415691 2.823003 185.688843 -39.539619 0.189398 -0.083983 6.254708 0.023817
34.001404 -11.578108 2.291189 2.760547 186.432465 -39.801090 0.198356 -0.181158 6.258949 0.023804
34.127419 -11.411242 2.189953 2.690169 187.173004 -40.056179 0.206686 -0.262810 6.272118 0.024176
34.252434 -11.228679 2.108598 2.646823 187.922760 -40.309948 0.214061 -0.316892 6.282510 0.026668
34.378448 -11.051392 2.081586 2.557830 188.674347 -40.561066 0.219693 -0.338784 6.293174 0.024012
34.503464 -10.894351 2.101305 2.471368 189.421951 -40.805832 0.223441 -0.335469 6.293874 0.022199
34.629478 -10.734420 2.151390 2.360487 190.171448 -41.047031 0.226439 -0.319994 6.305495 0.023360
34.754494 -10.575273 2.222635 2.208977 190.922729 -41.285255 0.228564 -0.302945 6.301825 0.022107
34.880508 -10.423340 2.314862 2.028027 191.680466 -41.523151 0.230901 -0.287907 6.300203 0.021584
35.006523 -10.282976 2.410810 1.865068 192.443939 -41.758797 0.230866 -0.272099 6.288220 0.019529
35.132538 -10.156208 2.510502 1.699161 193.201859 -41.989006 0.228757 -0.248006 6.283561 0.017923
35.258553 -10.034507 2.587113 1.516070 193.959915 -42.215935 0.226403 -0.208461 6.280411 0.017904
35.384567 -9.915289 2.638802 1.335672 194.719254 -42.438156 0.223692 -0.150117 6.277004 0.018082
35.510582 -9.808372 2.651595 1.176177 195.473862 -42.654411 0.223012 -0.075849 6.283246 0.015317
35.636597 -9.703901 2.647161 1.005036 196.235931 -42.869839 0.222949 0.007652 6.285574 0.014944
35.751610 -9.618395 2.608659 0.867330 196.933044 -43.063652 0.224663 0.080665 6.289301 0.014529
35.876625 -9.512213 2.544560 0.771741 197.692551 -43.270863 0.228906 0.146722 6.303592 0.016018
36.009644 -9.402948 2.458005 0.708982 198.509354 -43.490486 0.235175 0.195978 6.318244 0.014792
36.136658 -9.302580 2.340228 0.644497 199.279877 -43.696003 0.241290 0.223998 6.339503 0.013885
36.261673 -9.200658 2.202171 0.674077 200.047943 -43.896599 0.248385 0.241072 6.363084 0.012744
36.385689 -9.106993 2.041897 0.764305 200.819290 -44.094368 0.255012 0.251940 6.377281 0.012582
36.500702 -9.028287 1.878541 0.848174 201.526291 -44.272861 0.260376 0.255674 6.409791 0.010861
36.635715 -8.943147 1.691612 0.928939 202.367813 -44.481869 0.265309 0.246865 6.432996 0.009881
36.759731 -8.881104 1.526084 0.976052 203.144287 -44.671692 0.267553 0.220835 6.454962 0.008232
36.885746 -8.823207 1.367797 1.046007 203.936508 -44.862297 0.268111 0.176338 6.474677 0.007474
37.011761 -8.773540 1.242419 1.072995 204.732254 -45.051365 0.266809 0.121853 6.501814 0.005659
37.126774 -8.732913 1.155051 1.108070 205.461945 -45.222557 0.265476 0.072412 6.526571 0.006593
37.252789 -8.683789 1.085350 1.164927 206.264633 -45.407906 0.265009 0.028815 6.543901 0.006628
37.377804 -8.633759 1.053195 1.235117 207.063721 -45.589821 0.264638 -0.001734 6.561225 0.007182
37.502819 -8.576273 1.052163 1.335944 207.870285 -45.772106 0.264532 -0.025321 6.566247 0.007682
37.628834 -8.521114 1.061306 1.462659 208.671234 -45.952053 0.264650 -0.050529 6.567588 0.006998
37.756847 -8.476313 1.063479 1.604630 209.479172 -46.131092 0.264081 -0.083348 6.566703 0.005928
37.880863 -8.445454 1.061087 1.822306 210.294083 -46.307186 0.264450 -0.121584 6.562051 0.002353
38.006878 -8.424040 1.062008 1.973003 211.102493 -46.480286 0.264740 -0.157239 6.559812 0.002788
38.131893 -8.393051 1.054649 2.121084 211.898361 -46.649078 0.264034 -0.183027 6.560388 0.004135
38.254910 -8.362530 1.044222 2.277745 212.694427 -46.816086 0.262072 -0.195677 6.557557 0.003789
38.378925 -8.334033 1.013053 2.421745 213.490707 -46.982265 0.260262 -0.194367 6.561291 0.003466
38.501942 -8.312968 0.948925 2.524769 214.281219 -47.146248 0.258086 -0.180315 6.568482 0.002726
38.635960 -8.279474 0.872027 2.565166 215.143509 -47.324478 0.256176 -0.150829 6.572732 0.004575
38.760975 -8.252572 0.773695 2.496564 215.948822 -47.490490 0.253827 -0.112160 6.581284 0.004179
38.875988 -8.218987 0.656538 2.455921 216.690887 -47.641163 0.250679 -0.072680 6.586430 0.005532
39.002003 -8.179379 0.524844 2.403214 217.505493 -47.805775 0.247616 -0.035973 6.604835 0.004200
39.128017 -8.149428 0.376137 2.331761 218.321991 -47.968655 0.245252 -0.013643 6.612001 0.004180
39.253033 -8.128638 0.235665 2.247244 219.133987 -48.127636 0.244173 -0.000843 6.625796 0.002626
39.379047 -8.111669 0.123347 2.096832 219.954437 -48.286549 0.245107 0.016607 6.635741 0.003026
39.505062 -8.088292 0.046206 1.913151 220.775833 -48.443890 0.249086 0.048788 6.639489 0.003391
39.628078 -8.061347 0.004371 1.725598 221.578262 -48.597855 0.256084 0.089149 6.646258 0.003882
39.753094 -8.029703 0.001021 1.517492 222.394821 -48.752838 0.263005 0.122583 6.652941 0.004487
39.879108 -8.003657 0.063653 1.266970 223.218613 -48.908810 0.269793 0.139704 6.652599 0.003480
40.006123 -7.973181 0.169812 1.028248 224.041931 -49.062679 0.276234 0.146615 6.647131 0.004863
40.132137 -7.933689 0.309950 0.784198 224.871719 -49.216114 0.279707 0.155896 6.639494 0.006016
40.257153 -7.892296 0.465368 0.495266 225.687485 -49.364033 0.281626 0.170857 6.629661 0.006410
40.379166 -7.844632 0.624110 0.226564 226.482162 -49.506531 0.280608 0.184200 6.610217 0.007371
40.505180 -7.792166 0.791719 0.001334 227.294449 -49.651085 0.275437 0.189172 6.592332 0.007871
40.631195 -7.730970 0.951290 -0.187007 228.111221 -49.796440 0.267606 0.183923 6.582663 0.009876
40.757210 -7.661829 1.092916 -0.356514 228.927246 -49.940968 0.259044 0.167069 6.575322 0.010104
40.883224 -7.594451 1.201717 -0.490561 229.742142 -50.082310 0.248044 0.136531 6.555340 0.009254
41.008240 -7.532041 1.261978 -0.619782 230.555374 -50.222466 0.236803 0.088977 6.544383 0.008992
41.131256 -7.472106 1.267685 -0.717299 231.347961 -50.358898 0.226962 0.032591 6.533238 0.008345
41.258270 -7.400244 1.207318 -0.759469 232.158417 -50.496670 0.220225 -0.023525 6.516980 0.010367
41.384285 -7.330154 1.093043 -0.720867 232.968063 -50.630863 0.217955 -0.071104 6.512537 0.009401
41.510300 -7.254599 0.932807 -0.617007 233.784760 -50.764069 0.220044 -0.115044 6.514985 0.010636
41.636314 -7.170595 0.755860 -0.540393 234.595612 -50.895294 0.227193 -0.162919 6.521240 0.011571
41.760330 -7.074829 0.565170 -0.476802 235.394760 -51.023045 0.238875 -0.215618 6.531377 0.013957
41.884346 -6.975073 0.378658 -0.388016 236.195358 -51.149048 0.252961 -0.265462 6.538732 0.013747
42.009361 -6.871994 0.202203 -0.257589 236.997574 -51.272930 0.269846 -0.301622 6.554593 0.014791
42.135376 -6.768477 0.043533 -0.088491 237.815720 -51.399208 0.286306 -0.318248 6.578224 0.014299
42.261391 -6.662279 -0.097110 0.091070 238.642960 -51.526764 0.301708 -0.312389 6.597852 0.014329
42.387405 -6.557568 -0.188978 0.239090 239.460327 -51.652191 0.314166 -0.283186 6.625450 0.013723
42.502419 -6.473234 -0.230065 0.366870 240.214981 -51.766788 0.322063 -0.233738 6.645535 0.011247
42.628433 -6.390640 -0.214537 0.536656 241.043839 -51.891621 0.327002 -0.154922 6.656301 0.011541
42.754448 -6.301043 -0.159324 0.737391 241.881256 -52.016151 0.328618 -0.057042 6.667681 0.012463
42.879463 -6.218375 -0.063400 0.931546 242.706039 -52.138653 0.324920 0.043417 6.675394 0.011742
43.003479 -6.139909 0.061724 1.143101 243.525330 -52.259666 0.316305 0.128116 6.684364 0.010052
43.131493 -6.072055 0.210750 1.340884 244.365387 -52.382263 0.302964 0.183266 6.683324 0.007750
43.257507 -6.014825 0.365493 1.553293 245.205917 -52.503872 0.286952 0.201875 6.688199 0.007247
43.384521 -5.950928 0.528991 1.792970 246.040634 -52.623367 0.268036 0.195117 6.692506 0.008641
43.510536 -5.882344 0.697414 2.087620 246.882416 -52.742092 0.247386 0.184459 6.693521 0.009908
43.637550 -5.802705 0.864480 2.376419 247.717072 -52.856735 0.227310 0.184723 6.680866 0.010471
43.761566 -5.714896 1.029252 2.616261 248.543533 -52.969509 0.208589 0.194983 6.665646 0.012665
43.887581 -5.630336 1.181296 2.847544 249.368118 -53.080292 0.192414 0.201424 6.643307 0.009583
44.001595 -5.575325 1.299593 2.998879 250.123779 -53.180870 0.181836 0.191480 6.615912 0.006522
44.135612 -5.521750 1.395358 3.111052 251.001404 -53.295727 0.173229 0.156191 6.596154 0.006189
44.259628 -5.488705 1.431713 3.217397 251.811432 -53.400967 0.169618 0.107968 6.579698 0.003835
44.384644 -5.460690 1.410467 3.298077 252.620499 -53.506596 0.170234 0.056653 6.579474 0.002245
44.509659 -5.451844 1.319991 3.352463 253.441650 -53.614925 0.173216 0.013151 6.569580 0.000224
44.635674 -5.447481 1.178001 3.347754 254.262665 -53.722542 0.177865 -0.016123 6.569534 0.001511
44.761688 -5.440248 0.989208 3.283570 255.078049 -53.828152 0.184412 -0.031431 6.582362 0.000999
44.887703 -5.426289 0.756231 3.187445 255.901550 -53.934624 0.192937 -0.042394 6.593736 0.002305
45.001717 -5.408918 0.538724 3.045889 256.647736 -54.029461 0.200704 -0.057090 6.602696 0.003538
45.126732 -5.384712 0.319480 2.876258 257.473175 -54.133133 0.208689 -0.080332 6.601798 0.003913
45.252747 -5.361574 0.132125 2.695411 258.293182 -54.235294 0.217203 -0.102100 6.616031 0.004146
45.377762 -5.335390 -0.006030 2.489556 259.120941 -54.337708 0.224830 -0.109665 6.620359 0.003083
45.502777 -5.311882 -0.089784 2.306658 259.942291 -54.439266 0.230478 -0.101067 6.614970 0.002510
45.628792 -5.293832 -0.124473 2.068660 260.762817 -54.540955 0.234254 -0.089715 6.615349 0.001754
45.754807 -5.285300 -0.122023 1.780899 261.588898 -54.644077 0.235546 -0.095208 6.601949 0.000478
45.879822 -5.284651 -0.073348 1.540099 262.414276 -54.744591 0.234275 -0.124028 6.596713 -0.000245
46.001839 -5.284237 0.021993 1.263092 263.212463 -54.843674 0.230959 -0.157203 6.587293 -0.000787
46.126854 -5.292998 0.160062 0.968497 264.022278 -54.943932 0.227267 -0.167698 6.576267 -0.000940
46.251869 -5.294593 0.337717 0.740087 264.837036 -55.043282 0.222893 -0.133650 6.562674 0.000839
46.377884 -5.288100 0.524569 0.553684 265.656982 -55.142754 0.218226 -0.058982 6.547955 0.000918
46.503899 -5.276942 0.710407 0.393717 266.480591 -55.242290 0.212822 0.031900 6.519160 0.002067
46.630913 -5.259924 0.892508 0.281564 267.294891 -55.342514 0.207098 0.108981 6.503530 0.003065
46.756927 -5.234182 1.049269 0.165886 268.113129 -55.443321 0.200366 0.160078 6.478864 0.003546
46.883942 -5.217175 1.166194 0.011289 268.927338 -55.544895 0.193134 0.187596 6.451486 0.003120
47.009956 -5.188711 1.243098 -0.128232 269.732544 -55.645775 0.185207 0.201531 6.435156 0.005042
47.135971 -5.155012 1.279157 -0.187353 270.535614 -55.746773 0.178027 0.208288 6.416671 0.004881
47.261986 -5.113636 1.252901 -0.195065 271.337006 -55.845707 0.173722 0.207356 6.406486 0.006128
47.388000 -5.065841 1.161978 -0.169569 272.131317 -55.942612 0.171867 0.194787 6.401004 0.006953
47.502014 -5.018299 1.036283 -0.148614 272.862030 -56.031853 0.173091 0.169406 6.402751 0.006794
47.637032 -4.954104 0.855894 -0.073061 273.719482 -56.136925 0.176192 0.122515 6.393897 0.009415
47.762047 -4.880629 0.670432 0.060977 274.513214 -56.233284 0.178965 0.068093 6.400114 0.010367
47.886063 -4.797578 0.482320 0.228587 275.301788 -56.328205 0.181660 0.013363 6.408757 0.011260
48.011078 -4.715096 0.280549 0.329910 276.097931 -56.423157 0.184897 -0.035816 6.416642 0.011930
48.137093 -4.634194 0.079802 0.481330 276.901581 -56.518044 0.189584 -0.076353 6.428325 0.010143
48.260109 -4.563464 -0.094183 0.674887 277.687225 -56.611080 0.194849 -0.110507 6.436759 0.010246
48.387123 -4.484588 -0.214897 0.887900 278.493225 -56.707108 0.199075 -0.144183 6.444550 0.010740
48.512138 -4.404702 -0.289126 1.080341 279.300171 -56.803059 0.202042 -0.180795 6.448537 0.011276
48.636154 -4.314428 -0.316364 1.325254 280.094330 -56.895481 0.202682 -0.222772 6.446796 0.013050
48.759171 -4.217357 -0.302251 1.582052 280.880890 -56.986404 0.200984 -0.269345 6.432271 0.014617
48.885185 -4.114666 -0.240766 1.777154 281.677979 -57.077705 0.197569 -0.315567 6.408255 0.015201
49.011200 -4.009181 -0.144329 1.923177 282.484741 -57.169624 0.191669 -0.349155 6.380952 0.013578
49.137215 -3.913705 -0.024897 2.033290 283.280884 -57.260002 0.185642 -0.358728 6.345402 0.013429
49.252228 -3.835208 0.074160 2.129399 284.004639 -57.340603 0.181154 -0.344004 6.319964 0.011161
49.379242 -3.758738 0.166450 2.179011 284.794373 -57.428989 0.177039 -0.305407 6.295723 0.009756
49.504257 -3.695947 0.222913 2.174242 285.580505 -57.516010 0.172782 -0.249049 6.265071 0.008786
49.628273 -3.633502 0.250891 2.158647 286.351135 -57.600094 0.167707 -0.180834 6.244436 0.008714
49.753288 -3.568522 0.249876 2.128649 287.126160 -57.685844 0.162692 -0.101484 6.232620 0.008988
49.880302 -3.507753 0.211355 2.082963 287.911743 -57.773033 0.159732 -0.012607 6.215261 0.007268
50.008316 -3.462339 0.130562 2.053629 288.695374 -57.858929 0.159613 0.084958 6.202806 0.005474
50.134331 -3.427447 0.013087 2.004328 289.471954 -57.943493 0.161513 0.193926 6.196558 0.003753
50.260345 -3.397269 -0.121583 1.936596 290.253998 -58.028355 0.165669 0.318085 6.194685 0.004058
50.387360 -3.370546 -0.264302 1.842637 291.029877 -58.111988 0.171258 0.448547 6.194651 0.003861
50.503372 -3.351111 -0.409653 1.691499 291.744843 -58.189819 0.176497 0.557666 6.200506 0.002081
50.629387 -3.340747 -0.570309 1.519061 292.528046 -58.274311 0.181687 0.639982 6.205118 0.001124
50.755402 -3.328531 -0.714972 1.347169 293.304688 -58.355492 0.188025 0.665786 6.192795 0.001651
50.882416 -3.316116 -0.834264 1.151026 294.080566 -58.436005 0.196237 0.637056 6.189132 0.001451
51.008430 -3.311101 -0.929768 0.957669 294.862152 -58.517349 0.204813 0.568019 6.187278 -0.000594
51.135445 -3.312940 -0.990599 0.778728 295.637207 -58.597942 0.212785 0.477137 6.186232 0.000388
51.261459 -3.298988 -1.035525 0.629710 296.412659 -58.677414 0.219194 0.373623 6.184793 0.002293
51.387474 -3.270507 -1.044292 0.560297 297.187469 -58.754875 0.224071 0.260444 6.178186 0.004235
51.513489 -3.239100 -1.018169 0.507035 297.961700 -58.831612 0.228043 0.141914 6.170579 0.004575
51.627502 -3.204912 -0.981001 0.486673 298.667511 -58.901245 0.230716 0.035819 6.168274 0.005105
51.753517 -3.170846 -0.921962 0.507899 299.440582 -58.977028 0.231751 -0.069962 6.161051 0.004400
51.879532 -3.145174 -0.841772 0.559407 300.206818 -59.052246 0.230121 -0.165858 6.159205 0.003009
52.006546 -3.124976 -0.759169 0.553973 300.985535 -59.129078 0.226122 -0.266395 6.158618 0.003656
52.132561 -3.103273 -0.653729 0.609980 301.763550 -59.206139 0.221283 -0.382704 6.154683 0.002543
52.259575 -3.089872 -0.542608 0.708582 302.534637 -59.282265 0.215190 -0.512431 6.147190 0.001318
52.383591 -3.082156 -0.434170 0.772605 303.298737 -59.358364 0.207240 -0.633019 6.140314 0.001526
52.509605 -3.076696 -0.327139 0.854158 304.068146 -59.434090 0.197806 -0.713322 6.134064 0.001027
52.632622 -3.070832 -0.242564 0.972998 304.818695 -59.506214 0.188840 -0.734320 6.126122 0.000082
52.758636 -3.075774 -0.176272 1.102367 305.580322 -59.578419 0.180456 -0.705146 6.119534 -0.000628
52.886650 -3.086313 -0.138058 1.234743 306.365356 -59.654213 0.173730 -0.649042 6.109148 -0.002162
53.011665 -3.093368 -0.142600 1.400828 307.118347 -59.727947 0.168118 -0.590442 6.098113 -0.000405
53.137680 -3.089292 -0.193797 1.583366 307.882202 -59.802357 0.166638 -0.525862 6.088381 0.000105
53.252693 -3.097874 -0.281318 1.740321 308.578125 -59.871490 0.167122 -0.450061 6.080829 -0.001839
53.379707 -3.116827 -0.403652 1.881611 309.346313 -59.949280 0.170624 -0.337737 6.077742 -0.002624
53.506721 -3.147430 -0.552767 2.029884 310.114258 -60.026936 0.175712 -0.199457 6.080386 -0.005005
53.632736 -3.192478 -0.724069 2.136830 310.882935 -60.104294 0.182501 -0.050805 6.085718 -0.005628
53.759750 -3.243530 -0.905481 2.182498 311.653046 -60.181915 0.192741 0.095465 6.098528 -0.006962
53.886765 -3.291281 -1.075422 2.178476 312.424774 -60.260040 0.205349 0.236002 6.114006 -0.006284
54.011780 -3.334311 -1.215415 2.149355 313.186127 -60.336246 0.219171 0.369540 6.125559 -0.005734
54.136795 -3.375859 -1.318557 2.101124 313.942749 -60.411839 0.232200 0.495736 6.136053 -0.006337
54.262810 -3.431115 -1.370478 2.013990 314.718689 -60.490509 0.242922 0.611587 6.145067 -0.009387
54.378822 -3.484297 -1.379804 1.887760 315.422272 -60.563011 0.249117 0.698389 6.153054 -0.007756
54.503838 -3.541893 -1.350596 1.746004 316.187347 -60.643028 0.251512 0.769434 6.157416 -0.008463
54.627853 -3.604215 -1.278397 1.580947 316.953339 -60.724777 0.250237 0.814686 6.164206 -0.009126
54.752869 -3.669305 -1.169679 1.359193 317.719604 -60.807152 0.245197 0.831269 6.167525 -0.010090
54.877884 -3.735227 -1.045930 1.135797 318.479736 -60.889065 0.238534 0.813428 6.163930 -0.009946
55.012901 -3.808856 -0.914371 0.926764 319.312378 -60.978416 0.227554 0.745934 6.154712 -0.009362
55.135918 -3.873208 -0.810428 0.755187 320.064453 -61.060127 0.215305 0.637556 6.147719 -0.009941
55.257935 -3.931968 -0.710816 0.689886 320.809845 -61.138912 0.201573 0.491434 6.140201 -0.008591
55.384949 -3.994602 -0.618690 0.687370 321.578400 -61.220226 0.188047 0.312675 6.131850 -0.008172
55.509964 -4.051340 -0.537207 0.711453 322.346558 -61.300941 0.177168 0.124090 6.129041 -0.007261
55.635979 -4.109982 -0.465940 0.723844 323.107391 -61.381279 0.168972 -0.057956 6.114492 -0.007666
55.761993 -4.159931 -0.406406 0.691067 323.872772 -61.463863 0.163472 -0.225584 6.108118 -0.007317
55.885010 -4.222825 -0.367778 0.702219 324.624786 -61.546707 0.162953 -0.373207 6.094853 -0.009075
56.012024 -4.287940 -0.343913 0.740423 325.387329 -61.631054 0.167474 -0.506571 6.086004 -0.008670
56.135040 -4.349565 -0.344811 0.829568 326.131317 -61.712650 0.175402 -0.620074 6.081804 -0.008020
56.258057 -4.413237 -0.375254 0.919357 326.874847 -61.795662 0.186291 -0.712459 6.083540 -0.010179
56.382072 -4.493782 -0.423082 1.003068 327.630615 -61.882164 0.198214 -0.778467 6.084484 -0.010584
56.509087 -4.572933 -0.473698 1.104941 328.392456 -61.970093 0.211564 -0.812401 6.089276 -0.010442
56.635101 -4.640996 -0.528627 1.154602 329.154907 -62.060127 0.224073 -0.813288 6.097521 -0.009669
56.761116 -4.710622 -0.599058 1.226573 329.924683 -62.150764 0.234481 -0.783908 6.108700 -0.008397
56.888130 -4.772384 -0.688951 1.224937 330.690277 -62.242073 0.241150 -0.729295 6.125596 -0.009210
57.003143 -4.838166 -0.785705 1.194826 331.390350 -62.326595 0.245062 -0.660683 6.139723 -0.009366
57.129158 -4.903398 -0.899161 1.177669 332.165619 -62.420662 0.246266 -0.564629 6.156443 -0.009217
57.256172 -4.964973 -1.004387 1.211174 332.943665 -62.513741 0.244152 -0.440957 6.181261 -0.008151
57.383186 -5.029177 -1.075618 1.288073 333.724487 -62.606876 0.239170 -0.283086 6.200068 -0.008576
57.510201 -5.081951 -1.115708 1.321072 334.507111 -62.700756 0.231743 -0.094814 6.209017 -0.007105
57.638214 -5.129272 -1.130542 1.338887 335.290619 -62.795471 0.223553 0.103088 6.219502 -0.007064
57.764229 -5.176266 -1.111702 1.398897 336.069336 -62.889198 0.214230 0.282584 6.229282 -0.005881
57.889244 -5.212855 -1.056276 1.402975 336.841339 -62.984173 0.204070 0.428769 6.217817 -0.004163
58.004257 -5.240019 -0.973735 1.354371 337.550262 -63.073128 0.196448 0.536518 6.206388 -0.005046
58.131271 -5.279951 -0.845795 1.288224 338.337646 -63.172150 0.190834 0.634950 6.198251 -0.006459
58.258286 -5.343876 -0.683797 1.146270 339.117126 -63.271446 0.190336 0.714013 6.184289 -0.009959
58.385300 -5.418312 -0.507282 0.997856 339.888641 -63.369961 0.192368 0.767071 6.162945 -0.010837
58.512314 -5.491002 -0.338882 0.838556 340.663757 -63.468987 0.196906 0.785145 6.146292 -0.009965
58.638329 -5.565532 -0.193370 0.691574 341.436584 -63.566994 0.204387 0.765345 6.126063 -0.010014
58.754341 -5.627467 -0.078325 0.553413 342.134521 -63.655624 0.212350 0.718892 6.111930 -0.007346
58.880356 -5.684173 0.010105 0.431720 342.898163 -63.753784 0.220391 0.643337 6.111125 -0.008455
59.006371 -5.749129 0.048053 0.361073 343.667328 -63.852898 0.229010 0.547942 6.105453 -0.008860
59.132385 -5.812454 0.045523 0.384593 344.424622 -63.948837 0.235564 0.444378 6.110352 -0.008202
59.257401 -5.878555 0.003801 0.443461 345.189148 -64.044373 0.240508 0.342891 6.120540 -0.008696
59.382416 -5.948288 -0.079766 0.514616 345.948914 -64.138336 0.243154 0.252501 6.133372 -0.009715
59.508430 -6.014055 -0.194435 0.578815 346.710663 -64.233879 0.243601 0.167437 6.149501 -0.008973
59.633446 -6.080056 -0.330163 0.670728 347.475037 -64.331612 0.241665 0.068635 6.174585 -0.009483
59.757462 -6.150121 -0.489915 0.744488 348.242584 -64.428650 0.239414 -0.061783 6.199622 -0.010275
59.881477 -6.228249 -0.657001 0.773503 349.006958 -64.525635 0.238109 -0.226445 6.223271 -0.011767
60.004494 -6.316156 -0.828869 0.780283 349.767181 -64.621834 0.237188 -0.408582 6.238749 -0.013994
