1.20 1.10 20 64
0.135000 0.014897 0.050808 -0.087450 0.938512 -0.000946 -0.114629 0.340539 6.694867 0.002913
0.262000 0.030707 0.226404 -0.205417 1.782161 -0.003553 -0.023609 0.307772 6.602163 0.002512
0.377000 0.049741 0.457161 -0.274121 2.540798 -0.005701 0.100543 0.280669 6.490001 0.002808
0.505000 0.066920 0.734995 -0.364545 3.357699 -0.008624 0.261726 0.249843 6.394242 0.002895
0.631000 0.102832 0.991822 -0.447196 4.162814 -0.012334 0.429359 0.204855 6.313856 0.006515
0.758000 0.158608 1.212637 -0.496157 4.955362 -0.016727 0.584395 0.137257 6.281739 0.009518
0.884000 0.232860 1.384369 -0.535980 5.753706 -0.020868 0.714909 0.053554 6.292223 0.010410
1.011000 0.310727 1.492238 -0.558893 6.550465 -0.025539 0.808478 -0.024221 6.353644 0.011368
1.136000 0.393747 1.553507 -0.534220 7.356522 -0.030482 0.860439 -0.076486 6.435442 0.011253
1.261000 0.479661 1.548790 -0.489778 8.167526 -0.036150 0.865485 -0.097348 6.528793 0.012033
1.387000 0.572019 1.473390 -0.451697 8.991647 -0.042908 0.824452 -0.098830 6.638811 0.012905
1.501000 0.655750 1.352074 -0.406419 9.753598 -0.049733 0.752401 -0.097954 6.716237 0.012186
1.626001 0.741066 1.182690 -0.362625 10.597654 -0.057613 0.643877 -0.103372 6.775911 0.011162
1.751001 0.821726 1.001618 -0.299794 11.453481 -0.064996 0.515986 -0.110287 6.803005 0.010960
1.876001 0.903400 0.817821 -0.260670 12.304142 -0.073383 0.384996 -0.106003 6.806169 0.012203
2.002001 0.993694 0.649799 -0.254384 13.154053 -0.083865 0.263868 -0.084994 6.790683 0.012395
2.127001 1.086311 0.512307 -0.265767 14.001149 -0.094621 0.163211 -0.055967 6.767509 0.013915
2.252000 1.192327 0.416901 -0.210401 14.852275 -0.103744 0.094192 -0.034309 6.745721 0.014796
2.386000 1.309222 0.400517 -0.020978 15.753666 -0.111004 0.065952 -0.032811 6.713032 0.015049
2.509999 1.416086 0.434134 0.197201 16.576546 -0.117060 0.081909 -0.050733 6.672490 0.015153
2.634999 1.541436 0.516410 0.505616 17.414503 -0.122690 0.136583 -0.080305 6.631250 0.017012
2.760999 1.660294 0.614426 0.832848 18.246269 -0.128783 0.222042 -0.111344 6.579381 0.015174
2.885999 1.771966 0.713211 1.146972 19.065079 -0.133497 0.326497 -0.138054 6.533166 0.014250
3.000998 1.867591 0.780872 1.405525 19.807793 -0.136498 0.427342 -0.158207 6.503918 0.013281
3.134998 1.978202 0.824930 1.635057 20.684740 -0.140074 0.539662 -0.179807 6.495935 0.014560
3.257997 2.083094 0.809114 1.845515 21.485418 -0.142999 0.626261 -0.201058 6.521698 0.013401
3.380997 2.178179 0.744379 2.041820 22.289877 -0.145551 0.688985 -0.225117 6.556765 0.012621
3.503997 2.270855 0.632397 2.249471 23.100784 -0.148741 0.723844 -0.249515 6.615559 0.012661
3.627996 2.357696 0.483357 2.462671 23.919703 -0.151158 0.727634 -0.266787 6.684476 0.012478
3.751996 2.443548 0.289341 2.660046 24.753126 -0.153395 0.699864 -0.267053 6.746615 0.011552
3.885995 2.524168 0.046284 2.855186 25.669125 -0.155664 0.636623 -0.237405 6.810745 0.008893
4.008995 2.577935 -0.175712 3.026444 26.502380 -0.156537 0.558236 -0.184486 6.841565 0.006670
4.131996 2.620198 -0.387992 3.141361 27.352087 -0.156209 0.467241 -0.115925 6.858603 0.005669
4.254998 2.653467 -0.560175 3.210456 28.196875 -0.156002 0.374175 -0.045845 6.870410 0.004051
4.377999 2.684899 -0.670725 3.253812 29.041235 -0.154051 0.288062 0.021418 6.859670 0.004892
4.501001 2.710251 -0.702448 3.226355 29.884075 -0.151643 0.219071 0.091114 6.845440 0.002279
4.635003 2.724585 -0.641099 3.070887 30.798748 -0.148347 0.172250 0.178376 6.813957 0.000460
4.758004 2.728033 -0.502529 2.887138 31.635605 -0.143721 0.158504 0.268824 6.794442 0.000063
4.882006 2.727897 -0.312496 2.649829 32.469162 -0.139858 0.171560 0.358309 6.759932 -0.000830
5.006007 2.709666 -0.063528 2.337525 33.311565 -0.136261 0.208949 0.433654 6.721402 -0.003365
5.132009 2.680818 0.222827 1.961979 34.148670 -0.131076 0.265965 0.480285 6.679236 -0.004068
5.257010 2.647576 0.505297 1.655380 34.980484 -0.122574 0.333638 0.493614 6.640345 -0.005236
5.382011 2.598587 0.768938 1.352609 35.815701 -0.111228 0.404486 0.480888 6.624666 -0.006929
5.507013 2.534616 0.988099 1.066594 36.643116 -0.100700 0.468548 0.458697 6.621951 -0.009207
5.632014 2.457660 1.157745 0.808670 37.471577 -0.089723 0.520425 0.441825 6.633112 -0.010221
5.758016 2.379179 1.249120 0.593127 38.310150 -0.079046 0.556451 0.429332 6.674736 -0.009737
5.884017 2.305747 1.253506 0.395634 39.147736 -0.068423 0.573700 0.402930 6.718568 -0.009626
6.009018 2.231945 1.179252 0.235525 39.998360 -0.057513 0.568987 0.340752 6.774057 -0.009364
6.134020 2.161885 1.028809 0.094310 40.848682 -0.047125 0.543553 0.237958 6.821119 -0.009153
6.260021 2.091662 0.827727 -0.019470 41.705284 -0.037833 0.498710 0.108513 6.874366 -0.009376
6.385023 2.018601 0.594828 -0.115337 42.574284 -0.029456 0.442070 -0.027934 6.913636 -0.010563
6.510024 1.943475 0.355751 -0.206477 43.440086 -0.021478 0.379684 -0.158766 6.935567 -0.010087
6.636025 1.871380 0.109943 -0.256730 44.308624 -0.012670 0.317316 -0.289023 6.958308 -0.010188
6.761027 1.788427 -0.112391 -0.294332 45.186291 -0.003485 0.264726 -0.427403 6.970114 -0.012415
6.886028 1.698659 -0.288618 -0.231330 46.057892 0.006195 0.227303 -0.567562 6.978588 -0.011961
7.001029 1.616078 -0.379097 -0.109781 46.853764 0.014630 0.208619 -0.681503 6.981177 -0.013302
7.126031 1.523829 -0.382343 -0.000356 47.732990 0.022354 0.207842 -0.769098 6.976566 -0.011743
7.253032 1.441993 -0.294794 0.081400 48.610886 0.029103 0.225723 -0.803225 6.965901 -0.010620
7.378034 1.373600 -0.115855 0.182609 49.486862 0.034065 0.259677 -0.787761 6.942103 -0.008681
7.505035 1.318968 0.145146 0.266500 50.365875 0.037009 0.306024 -0.733564 6.903270 -0.007933
7.631036 1.260454 0.443677 0.315060 51.234535 0.039589 0.358884 -0.644894 6.887145 -0.007905
7.756038 1.206078 0.752517 0.365268 52.095146 0.041368 0.410534 -0.517325 6.883585 -0.008715
7.880039 1.149212 1.060643 0.422265 52.949192 0.043036 0.455258 -0.350646 6.892587 -0.007830
8.005040 1.107453 1.344267 0.539972 53.811821 0.043962 0.486338 -0.156463 6.902358 -0.004677
8.130038 1.079538 1.598248 0.687280 54.676624 0.043742 0.503201 0.039213 6.932776 -0.005113
8.255036 1.050978 1.805754 0.853242 55.538685 0.043334 0.504213 0.214084 6.964284 -0.005231
8.378035 1.013342 1.963547 1.032303 56.397129 0.042120 0.489381 0.359322 6.989836 -0.006228
8.504033 0.968135 2.074108 1.212089 57.279526 0.040129 0.457747 0.476232 7.008962 -0.007515
8.629031 0.915979 2.132509 1.391033 58.163811 0.038329 0.412824 0.558540 7.025947 -0.008044
8.755030 0.869532 2.128854 1.522877 59.042595 0.036976 0.360509 0.606008 7.029761 -0.007442
8.880028 0.820823 2.059396 1.662753 59.928490 0.035592 0.305295 0.626702 7.030404 -0.007653
9.006026 0.768633 1.948915 1.834680 60.814056 0.033635 0.254243 0.632964 7.026307 -0.006965
9.131024 0.728482 1.806183 2.012469 61.684635 0.030623 0.214887 0.633200 7.018385 -0.005849
9.256022 0.690527 1.643592 2.207593 62.561653 0.027924 0.189203 0.625217 7.015401 -0.005165
9.380020 0.656668 1.473539 2.331086 63.438560 0.022016 0.180659 0.597376 7.014938 -0.004603
9.504018 0.628988 1.316041 2.463560 64.308342 0.015501 0.190220 0.538092 7.014792 -0.003627
9.626016 0.605281 1.195772 2.528318 65.157059 0.008399 0.214204 0.445150 7.010695 -0.002998
9.751014 0.584309 1.094388 2.532295 66.032990 0.001065 0.251109 0.318194 7.008633 -0.003151
9.876012 0.568078 1.017052 2.507896 66.915840 -0.006114 0.296678 0.172469 7.007617 -0.001585
10.001010 0.559883 0.965456 2.420124 67.792152 -0.011888 0.343430 0.026837 7.013020 -0.000545
10.126008 0.550884 0.940763 2.305915 68.669472 -0.016587 0.386230 -0.108287 7.026100 -0.001278
10.251006 0.536515 0.933603 2.114491 69.548904 -0.021550 0.421188 -0.230266 7.041946 -0.001868
10.385003 0.522897 0.942767 1.862981 70.494949 -0.027787 0.445937 -0.350169 7.075608 -0.002763
10.509001 0.494327 0.973887 1.620851 71.373268 -0.033002 0.456513 -0.451933 7.094049 -0.003601
10.634999 0.469965 1.030409 1.382453 72.268768 -0.036842 0.453155 -0.539497 7.116412 -0.002658
10.759997 0.455003 1.093091 1.160107 73.160149 -0.039821 0.436231 -0.598088 7.139446 -0.000456
10.885996 0.439854 1.165811 0.934166 74.061279 -0.043679 0.407913 -0.618330 7.162999 -0.002023
11.010994 0.414203 1.249475 0.702607 74.950256 -0.045730 0.370592 -0.599317 7.174650 -0.003484
11.135992 0.381506 1.355346 0.448390 75.847580 -0.047292 0.327816 -0.549915 7.180958 -0.002631
11.250990 0.359142 1.458749 0.208135 76.680466 -0.049632 0.287950 -0.486468 7.178005 -0.003025
11.375988 0.315823 1.580545 -0.027357 77.577675 -0.051417 0.248330 -0.405404 7.173872 -0.006083
11.500986 0.260294 1.690854 -0.255401 78.473480 -0.053871 0.215848 -0.313878 7.161415 -0.006074
11.626985 0.213061 1.813610 -0.488051 79.374130 -0.055763 0.192752 -0.214215 7.140880 -0.006109
11.751983 0.167172 1.932678 -0.667195 80.265785 -0.057273 0.183217 -0.115658 7.124486 -0.005973
11.876981 0.125689 2.023943 -0.819729 81.154526 -0.060031 0.184849 -0.026343 7.096553 -0.004822
12.001979 0.090487 2.093059 -0.970900 82.040436 -0.063648 0.197279 0.050671 7.081423 -0.003033
12.127977 0.069799 2.147967 -1.056147 82.932022 -0.068086 0.218362 0.119907 7.068339 -0.003012
12.252975 0.044653 2.166164 -1.066235 83.809067 -0.073334 0.245763 0.188044 7.075018 -0.003331
12.376973 0.015299 2.166558 -1.044781 84.694725 -0.079222 0.276599 0.261005 7.093991 -0.005338
12.510970 -0.027190 2.145746 -0.931583 85.646431 -0.085399 0.308249 0.340868 7.110967 -0.006917
12.633967 -0.065544 2.125419 -0.813471 86.515030 -0.091950 0.333910 0.404779 7.124486 -0.005289
12.757965 -0.094009 2.103592 -0.665076 87.400406 -0.099443 0.353740 0.448897 7.154589 -0.005893
12.882963 -0.122281 2.088773 -0.493663 88.303612 -0.108455 0.365144 0.464573 7.176648 -0.004061
13.007961 -0.136713 2.077850 -0.280732 89.195282 -0.117726 0.368178 0.451927 7.199509 -0.002862
13.132959 -0.141983 2.059587 -0.033520 90.104149 -0.127350 0.360655 0.418435 7.224201 -0.000871
13.258958 -0.145935 2.045454 0.185490 91.008507 -0.138268 0.344160 0.374136 7.243446 -0.001528
13.382956 -0.147124 2.033950 0.394941 91.908401 -0.149093 0.319925 0.325638 7.262898 -0.001228
13.506953 -0.138431 2.039049 0.653067 92.818077 -0.159830 0.290918 0.273305 7.283962 0.000696
13.632951 -0.129744 2.051514 0.903114 93.729561 -0.169811 0.259747 0.213723 7.292745 -0.000653
13.755948 -0.121886 2.072626 1.114810 94.634537 -0.179933 0.229479 0.142907 7.299597 0.000481
13.878945 -0.100116 2.114261 1.313302 95.532181 -0.191362 0.202288 0.058851 7.295221 0.002551
14.002943 -0.070743 2.199599 1.516234 96.435539 -0.203016 0.181177 -0.033391 7.277672 0.003551
14.126941 -0.037168 2.319043 1.621021 97.329765 -0.215961 0.169995 -0.118803 7.260716 0.004435
14.260938 0.001666 2.490698 1.683975 98.308441 -0.230853 0.168135 -0.190584 7.240353 0.004843
14.385936 0.039280 2.649277 1.716910 99.197983 -0.243443 0.175995 -0.234155 7.223790 0.005233
14.507933 0.084870 2.808650 1.735808 100.091911 -0.256701 0.191955 -0.267055 7.203610 0.006259
14.632931 0.124802 2.981550 1.742785 100.991135 -0.271011 0.210849 -0.301142 7.184911 0.004847
14.754930 0.152488 3.152990 1.715517 101.867584 -0.285137 0.230928 -0.338001 7.188001 0.003615
14.877927 0.182953 3.329924 1.610968 102.750710 -0.299829 0.249954 -0.370582 7.176794 0.006286
15.000924 0.216530 3.498836 1.448579 103.625824 -0.314617 0.265341 -0.387568 7.172977 0.005623
15.133921 0.237514 3.657777 1.213354 104.586761 -0.330847 0.275594 -0.380766 7.170202 0.004252
15.256918 0.256773 3.754704 0.952761 105.469116 -0.346804 0.276890 -0.351474 7.178718 0.005911
15.379915 0.287343 3.816961 0.752444 106.351776 -0.361881 0.271190 -0.304452 7.176662 0.006196
15.503913 0.318097 3.842818 0.575189 107.234581 -0.377943 0.259140 -0.244550 7.185354 0.005710
15.627911 0.345950 3.837203 0.388042 108.134033 -0.394604 0.240217 -0.174216 7.199002 0.006020
15.753909 0.386243 3.793465 0.238460 109.035057 -0.410526 0.216558 -0.098478 7.215117 0.007489
15.877907 0.436552 3.715643 0.087819 109.937836 -0.426435 0.188082 -0.021259 7.229754 0.008682
16.002905 0.492521 3.619889 -0.007680 110.842064 -0.443875 0.158587 0.051418 7.236447 0.008289
16.127899 0.557554 3.511373 -0.060731 111.739502 -0.460762 0.133503 0.111112 7.239339 0.010218
16.252893 0.622029 3.405761 -0.071052 112.651169 -0.477397 0.111841 0.152723 7.237975 0.007993
16.377888 0.689655 3.324409 -0.058383 113.555992 -0.494306 0.097707 0.173340 7.239064 0.009872
16.503881 0.757029 3.255970 -0.042980 114.467964 -0.511036 0.090100 0.180482 7.233182 0.009144
16.628876 0.822359 3.218238 -0.006514 115.371277 -0.527778 0.089790 0.186517 7.225014 0.009038
16.753870 0.890257 3.227321 0.090851 116.272430 -0.542764 0.095591 0.203259 7.197045 0.008499
16.879864 0.956914 3.284008 0.182214 117.177574 -0.557272 0.105195 0.233795 7.175450 0.009198
17.004858 1.033069 3.358469 0.282382 118.073349 -0.570462 0.116478 0.268888 7.160694 0.009225
17.129852 1.100376 3.448552 0.462305 118.959282 -0.581436 0.127586 0.293237 7.131905 0.007645
17.254847 1.171775 3.570949 0.671037 119.856369 -0.591163 0.138152 0.296148 7.107773 0.008295
17.379841 1.242615 3.690851 0.871087 120.736404 -0.600729 0.145675 0.276152 7.090788 0.007973
17.504835 1.326459 3.816897 1.104933 121.627953 -0.609990 0.148292 0.239845 7.074046 0.010260
17.629829 1.421548 3.943681 1.335734 122.509926 -0.618882 0.145078 0.195230 7.041465 0.012135
17.753824 1.515906 4.066780 1.576324 123.380890 -0.626551 0.135865 0.144882 7.016698 0.010560
17.885820 1.608575 4.184130 1.761450 124.305672 -0.634248 0.121462 0.083418 6.992365 0.011186
18.010815 1.705736 4.274590 1.971596 125.178703 -0.639557 0.104019 0.018443 6.974929 0.011601
18.135809 1.798127 4.332144 2.140051 126.041153 -0.643327 0.084099 -0.047635 6.933694 0.011840
18.259804 1.895226 4.347667 2.252528 126.905190 -0.647892 0.063562 -0.108928 6.892808 0.012592
18.384798 2.000494 4.327935 2.302038 127.764153 -0.652535 0.045246 -0.159630 6.852659 0.014282
18.509792 2.102925 4.276227 2.344338 128.617691 -0.656714 0.029697 -0.196534 6.808533 0.013888
18.634787 2.206538 4.198891 2.350403 129.467087 -0.660535 0.015918 -0.219538 6.779522 0.015974
18.759781 2.317789 4.095398 2.306304 130.304871 -0.664620 0.006721 -0.229686 6.738482 0.015463
18.883776 2.433974 3.950832 2.243897 131.144455 -0.667840 0.002355 -0.230405 6.703757 0.017109
19.008770 2.539886 3.815718 2.098636 131.980072 -0.672013 0.002427 -0.226120 6.673559 0.016076
19.134764 2.635106 3.682591 1.885625 132.811676 -0.675737 0.006882 -0.220112 6.637891 0.014662
19.250759 2.716401 3.569697 1.679602 133.578461 -0.679710 0.015836 -0.212516 6.594284 0.013790
19.376755 2.827700 3.451195 1.463856 134.412903 -0.683304 0.028981 -0.196691 6.550509 0.018332
19.510750 2.948042 3.335437 1.258828 135.287491 -0.685552 0.044924 -0.164797 6.509401 0.016623
19.633745 3.047816 3.235117 1.093597 136.085144 -0.686321 0.060317 -0.120784 6.469775 0.015334
19.756741 3.160460 3.115596 0.958228 136.878052 -0.685973 0.073248 -0.068546 6.429980 0.018911
19.879736 3.302473 3.007604 0.845080 137.667252 -0.684488 0.083137 -0.017074 6.408278 0.021805
20.003731 3.462353 2.905346 0.778675 138.460587 -0.681513 0.090354 0.029055 6.389246 0.023552
20.126726 3.625858 2.815674 0.761247 139.244522 -0.677223 0.093441 0.070065 6.367165 0.023890
20.250721 3.788738 2.742078 0.763483 140.032913 -0.671798 0.092232 0.109826 6.349462 0.021557
20.384716 3.965144 2.664851 0.795882 140.875656 -0.663348 0.086606 0.149666 6.325911 0.024889
20.507711 4.142689 2.621876 0.802799 141.651779 -0.655845 0.080886 0.177719 6.303079 0.026194
20.629707 4.342356 2.598413 0.838427 142.425018 -0.647042 0.075094 0.191368 6.279023 0.029316
20.752703 4.556893 2.576138 0.928541 143.189026 -0.635103 0.069985 0.191107 6.251124 0.030969
20.885698 4.796030 2.557461 1.030608 144.023880 -0.619459 0.062795 0.180937 6.220403 0.031596
21.008694 5.025946 2.533786 1.135340 144.786667 -0.604130 0.057020 0.165755 6.189437 0.033208
21.132689 5.267121 2.502801 1.256448 145.545715 -0.588177 0.053149 0.144305 6.162924 0.033616
21.255684 5.518289 2.472191 1.418094 146.307755 -0.569615 0.053116 0.115539 6.137499 0.034324
21.379679 5.786760 2.443849 1.610423 147.066391 -0.549478 0.056666 0.083382 6.108058 0.037943
21.502674 6.073975 2.407854 1.833871 147.815872 -0.528293 0.062765 0.054784 6.090748 0.040703
21.625669 6.392926 2.364539 2.040373 148.563980 -0.506281 0.071747 0.032081 6.082752 0.046026
21.751665 6.737928 2.313978 2.255430 149.329239 -0.482393 0.082157 0.009679 6.070069 0.045822
21.876659 7.080404 2.257868 2.430613 150.086578 -0.457094 0.092091 -0.019763 6.058484 0.046907
22.001654 7.430440 2.201565 2.622242 150.842819 -0.429519 0.101680 -0.058382 6.050454 0.048020
22.126648 7.783930 2.135709 2.831282 151.598465 -0.400214 0.109503 -0.098669 6.047939 0.048191
22.251642 8.148018 2.070225 3.074629 152.353546 -0.368769 0.114824 -0.129053 6.044783 0.049810
22.375637 8.525317 2.006482 3.300057 153.102768 -0.335054 0.116912 -0.142725 6.051285 0.053308
22.509632 8.945134 1.939283 3.478418 153.906723 -0.295660 0.115708 -0.140655 6.053481 0.055882
22.633629 9.345633 1.874226 3.614954 154.662445 -0.254700 0.112209 -0.129700 6.055701 0.055406
22.755625 9.733839 1.820338 3.759396 155.399628 -0.213422 0.105476 -0.117074 6.053478 0.055280
22.878620 10.140848 1.785129 3.919574 156.143097 -0.169484 0.097041 -0.104405 6.056945 0.058236
23.001616 10.563643 1.769221 4.037388 156.886887 -0.121585 0.088616 -0.091132 6.060861 0.059785
23.126610 11.008589 1.778035 4.129722 157.642288 -0.069694 0.081815 -0.076396 6.048462 0.063434
23.251604 11.463202 1.797147 4.155863 158.395584 -0.014177 0.075971 -0.062378 6.033901 0.064383
23.377598 11.916947 1.824110 4.148925 159.146164 0.044627 0.071527 -0.051527 6.017494 0.062764
23.502592 12.376178 1.867465 4.173349 159.900528 0.107760 0.067870 -0.044286 5.998117 0.063327
23.627586 12.832250 1.913209 4.141125 160.645859 0.173329 0.065950 -0.038328 5.975120 0.063156
23.752581 13.278193 1.938795 4.081673 161.388443 0.241876 0.065583 -0.030322 5.960535 0.062323
23.877575 13.727117 1.946525 4.013703 162.128540 0.314152 0.067918 -0.018110 5.944465 0.064001
24.001570 14.173388 1.934292 3.936727 162.860260 0.389499 0.071725 -0.001625 5.923024 0.062765
24.126564 14.627852 1.927410 3.849545 163.596481 0.467528 0.076463 0.020481 5.920511 0.063800
24.251558 15.071239 1.915430 3.707745 164.325790 0.547682 0.081438 0.048650 5.913745 0.062361
24.383554 15.552070 1.888024 3.629415 165.105698 0.637435 0.085352 0.082803 5.892001 0.064322
24.508549 15.999104 1.846888 3.578879 165.836273 0.724630 0.087855 0.111942 5.881571 0.062823
24.634542 16.455095 1.783804 3.534669 166.565536 0.814458 0.089978 0.131666 5.876393 0.065256
24.758537 16.907278 1.700436 3.517131 167.293579 0.907870 0.090683 0.141457 5.865237 0.062217
24.882532 17.351984 1.626861 3.569297 168.013733 1.004741 0.089717 0.147015 5.854063 0.062926
25.006527 17.807364 1.558373 3.718203 168.731949 1.105634 0.088859 0.154355 5.843614 0.063396
25.132521 18.261747 1.520488 3.821057 169.454865 1.210606 0.088087 0.162901 5.842291 0.062556
25.257515 18.715052 1.506422 3.973196 170.181442 1.320751 0.087255 0.164975 5.830400 0.061739
25.382509 19.165640 1.507200 4.169526 170.900330 1.433458 0.087357 0.154525 5.817287 0.062542
25.507504 19.601248 1.540882 4.367026 171.617462 1.548819 0.088085 0.134553 5.804617 0.059610
25.632498 20.036779 1.584884 4.622836 172.326340 1.665761 0.088623 0.115425 5.787691 0.059153
25.757492 20.458580 1.642300 4.807393 173.038437 1.786643 0.089233 0.103521 5.773179 0.057894
25.881487 20.877750 1.702958 4.936705 173.748489 1.910607 0.090824 0.093441 5.765204 0.057911
26.005482 21.287821 1.773652 5.029047 174.450790 2.036393 0.093174 0.071313 5.744721 0.056839
26.130478 21.699024 1.841736 5.132933 175.156509 2.167390 0.097023 0.022895 5.736451 0.057644
26.253473 22.102154 1.916645 5.236274 175.848541 2.300551 0.101331 -0.052032 5.728150 0.056745
26.378468 22.513609 1.999701 5.367756 176.550949 2.439741 0.107329 -0.144587 5.725716 0.056282
26.503462 22.928495 2.086029 5.520440 177.252701 2.581845 0.114641 -0.233333 5.728097 0.057017
26.628456 23.339043 2.179652 5.643257 177.953537 2.726923 0.123266 -0.295228 5.725508 0.055858
26.751451 23.738434 2.270856 5.795441 178.642258 2.873130 0.130865 -0.313560 5.723883 0.055708
26.877447 24.138247 2.362154 5.921137 179.347961 3.025962 0.139410 -0.285000 5.732328 0.054683
27.002441 24.534645 2.459435 6.049721 180.041641 3.179748 0.145196 -0.225146 5.734552 0.055253
27.128435 24.932316 2.556097 6.180477 180.746475 3.339730 0.147583 -0.159212 5.731886 0.054160
27.253429 25.328108 2.644942 6.336828 181.449783 3.504647 0.148601 -0.112318 5.737938 0.054055
27.379423 25.721706 2.737177 6.478212 182.152328 3.673619 0.149372 -0.092488 5.731779 0.052933
27.505417 26.106775 2.833233 6.614264 182.853958 3.845924 0.148044 -0.090214 5.732425 0.052772
27.630411 26.488358 2.901198 6.781216 183.549225 4.021537 0.145917 -0.090090 5.742105 0.050917
27.755405 26.862083 2.973052 6.932401 184.245651 4.201076 0.144708 -0.081897 5.756483 0.051251
27.881399 27.241867 3.052557 7.036823 184.948120 4.385528 0.143704 -0.063547 5.770697 0.052279
28.006393 27.621954 3.119895 7.172338 185.644821 4.572342 0.144556 -0.039417 5.772284 0.051454
28.131388 27.997416 3.163619 7.329935 186.341644 4.762070 0.147498 -0.013965 5.783912 0.050740
28.256382 28.350061 3.200853 7.457910 187.039398 4.955660 0.154625 0.011153 5.797678 0.046698
28.382376 28.695538 3.232175 7.588933 187.737549 5.152841 0.164564 0.039175 5.803777 0.047887
28.506371 29.038692 3.260005 7.675829 188.434952 5.353428 0.176827 0.073768 5.802347 0.046805
28.629366 29.378506 3.274921 7.757346 189.120071 5.553671 0.190976 0.111782 5.802592 0.047783
28.752361 29.712770 3.271716 7.806246 189.798737 5.754862 0.204753 0.144073 5.802777 0.046739
28.877356 30.053236 3.250469 7.858232 190.493317 5.965039 0.217940 0.161983 5.808836 0.046557
29.002350 30.389544 3.221377 7.910314 191.192764 6.181234 0.229549 0.166019 5.811578 0.045968
29.128344 30.726351 3.193279 7.959591 191.886337 6.399596 0.239133 0.168474 5.823014 0.046194
29.253338 31.063660 3.152491 7.991709 192.585770 6.624605 0.246184 0.179707 5.837480 0.045940
29.379332 31.400316 3.095115 8.014724 193.284882 6.855092 0.250403 0.196295 5.846516 0.046610
29.505325 31.733995 3.033664 8.006704 193.984100 7.089607 0.254055 0.206080 5.860029 0.045803
29.628321 32.062538 2.978341 7.990984 194.667770 7.322016 0.256209 0.202568 5.876940 0.046758
29.751316 32.389130 2.932337 8.006365 195.351807 7.557878 0.258967 0.190714 5.888139 0.046120
29.885311 32.746811 2.893869 7.974833 196.097504 7.818032 0.263124 0.174956 5.895984 0.047892
30.008307 33.075859 2.880801 7.915554 196.782166 8.060221 0.268987 0.155983 5.910304 0.045702
30.132301 33.395828 2.877469 7.865211 197.472321 8.307762 0.276492 0.124375 5.911417 0.045550
30.256298 33.709064 2.871669 7.796262 198.156128 8.555974 0.284631 0.076672 5.914850 0.044606
30.380293 34.027798 2.875388 7.775782 198.844269 8.810002 0.295000 0.016051 5.916577 0.044591
30.503288 34.345280 2.911518 7.781096 199.532654 9.065681 0.307555 -0.049799 5.922731 0.044899
30.626284 34.659821 2.948171 7.801407 200.215134 9.322252 0.320074 -0.113316 5.930927 0.042778
30.760279 34.981060 2.983473 7.829297 200.957626 9.606088 0.333100 -0.171598 5.932758 0.040999
30.883274 35.262802 3.011273 7.864106 201.632904 9.868506 0.345357 -0.205900 5.940184 0.039335
31.006269 35.540737 3.017670 7.874561 202.313889 10.136342 0.355885 -0.219171 5.950844 0.040490
31.128265 35.813786 3.011404 7.938413 202.994766 10.408359 0.364772 -0.217865 5.967166 0.036429
31.251261 36.066238 2.993269 7.983119 203.677124 10.683139 0.371837 -0.212011 5.990194 0.034820
31.384256 36.347214 2.959888 7.979265 204.416504 10.983320 0.378002 -0.203992 6.008125 0.036693
31.507252 36.606472 2.933029 7.983328 205.101364 11.263988 0.381859 -0.186758 6.027533 0.037363
31.628248 36.858578 2.910945 7.976701 205.776367 11.543752 0.383499 -0.152753 6.045311 0.035991
31.751244 37.114937 2.881230 7.980205 206.462723 11.832575 0.382601 -0.103964 6.060337 0.037200
31.875238 37.364758 2.843076 7.955203 207.155762 12.126110 0.379963 -0.053617 6.075988 0.034299
32.011234 37.626766 2.804734 7.933678 207.910049 12.449904 0.377591 -0.012853 6.084506 0.034459
32.133251 37.862255 2.773663 7.899485 208.598770 12.746360 0.376270 0.008088 6.101295 0.033626
32.256264 38.098427 2.731762 7.869741 209.287827 13.045299 0.376035 0.018894 6.115392 0.033553
32.379276 38.330849 2.691229 7.813271 209.977539 13.346235 0.376035 0.027746 6.122038 0.033117
32.503292 38.549187 2.651584 7.724688 210.673355 13.651394 0.375874 0.039508 6.123708 0.031251
32.626308 38.762424 2.621534 7.652314 211.361664 13.957156 0.376958 0.051349 6.123323 0.029852
32.750324 38.961849 2.592872 7.601321 212.052872 14.266870 0.376806 0.052867 6.098298 0.028876
32.885342 39.179382 2.551384 7.585513 212.801453 14.606281 0.376686 0.028121 6.084348 0.027218
33.010357 39.358738 2.490716 7.582938 213.486328 14.919938 0.377683 -0.020617 6.067865 0.023877
33.136372 39.528469 2.428261 7.634017 214.178101 15.241183 0.381290 -0.078418 6.043851 0.023387
33.250385 39.680450 2.362675 7.675323 214.801804 15.533742 0.386630 -0.113670 6.041167 0.023194
33.375401 39.855015 2.270566 7.760337 215.489365 15.858976 0.393458 -0.113875 6.027295 0.024459
33.501415 40.021458 2.188136 7.820778 216.168869 16.183287 0.401037 -0.074271 6.023413 0.020667
33.626431 40.162876 2.108284 7.882759 216.851456 16.512640 0.408639 -0.013355 6.009420 0.018887
33.752445 40.299320 2.029147 7.942957 217.526642 16.841726 0.417176 0.045431 6.007521 0.018626
33.875462 40.427574 1.947691 7.957869 218.189346 17.167536 0.425509 0.091673 6.002788 0.017978
34.000477 40.548687 1.867458 7.929204 218.867783 17.503092 0.433724 0.129018 6.007400 0.017030
34.126492 40.654419 1.793318 7.899325 219.539078 17.838478 0.439798 0.159078 5.998642 0.014208
34.252506 40.746613 1.733042 7.831902 220.213699 18.179260 0.443378 0.180173 5.997258 0.011896
34.377522 40.827122 1.667808 7.713959 220.881256 18.519371 0.446715 0.187939 5.996092 0.010217
34.501537 40.897240 1.608296 7.577113 221.546356 18.862886 0.448535 0.185177 5.986472 0.010184
34.627552 40.954830 1.540024 7.446252 222.214355 19.212711 0.450025 0.178882 5.982724 0.007525
34.753567 41.010468 1.488570 7.273371 222.876236 19.561533 0.450804 0.172391 5.983726 0.008033
34.878582 41.055264 1.431301 7.108141 223.541687 19.916588 0.451802 0.160090 5.980245 0.006933
35.003597 41.105148 1.373491 6.948802 224.199188 20.271496 0.454506 0.133387 5.974892 0.008355
35.128613 41.160587 1.330414 6.771174 224.855453 20.629225 0.457835 0.089937 5.986563 0.007936
35.253628 41.212952 1.274233 6.571833 225.512421 20.988783 0.461050 0.036210 5.994275 0.007463
35.378643 41.268166 1.209309 6.460511 226.162552 21.349064 0.463560 -0.017829 5.994116 0.007568
35.502659 41.312157 1.133933 6.384250 226.811172 21.712982 0.465898 -0.063991 5.999911 0.006104
35.626675 41.353306 1.042512 6.278537 227.465805 22.082747 0.467722 -0.094403 6.024144 0.005889
35.752689 41.394360 0.959564 6.102845 228.120331 22.456085 0.469197 -0.102062 6.032393 0.005782
35.877705 41.424816 0.878952 5.870499 228.775040 22.832336 0.469408 -0.084705 6.048790 0.004790
36.003719 41.453846 0.799442 5.648255 229.434814 23.213877 0.468502 -0.051436 6.049162 0.004084
36.129734 41.482235 0.725133 5.386616 230.094162 23.598223 0.466589 -0.020129 6.058893 0.003988
36.254749 41.515167 0.648513 5.119209 230.753754 23.985023 0.464861 -0.009376 6.074498 0.005915
36.379765 41.554768 0.573940 4.866127 231.402771 24.368528 0.464594 -0.027608 6.085626 0.005957
36.504780 41.593399 0.497965 4.619560 232.062622 24.760757 0.464592 -0.072086 6.091427 0.005828
36.630795 41.634651 0.420083 4.408575 232.722336 25.154621 0.464682 -0.129343 6.102579 0.005675
36.755810 41.667030 0.320466 4.228592 233.377869 25.547079 0.463992 -0.182433 6.119226 0.003757
36.877827 41.679935 0.196488 4.088090 234.017670 25.933086 0.462355 -0.219462 6.128320 0.001203
37.001842 41.669552 0.049886 4.010817 234.666687 26.329605 0.460598 -0.239887 6.138179 -0.003316
37.127857 41.642086 -0.104446 3.893604 235.321335 26.732126 0.458456 -0.246027 6.154263 -0.004655
37.252872 41.608761 -0.270323 3.771548 235.981613 27.140789 0.454454 -0.240690 6.169478 -0.005010
37.378887 41.570457 -0.422240 3.670074 236.642105 27.552999 0.449080 -0.221078 6.185010 -0.005950
37.504902 41.522594 -0.566996 3.549832 237.303802 27.968351 0.444611 -0.182542 6.205892 -0.008090
37.630917 41.451344 -0.711549 3.402983 237.961212 28.383667 0.440373 -0.127398 6.233331 -0.011342
37.755932 41.375656 -0.822519 3.206869 238.619995 28.801353 0.437145 -0.065740 6.246839 -0.011402
37.880947 41.282211 -0.920404 2.915183 239.285080 29.223766 0.434368 -0.011773 6.255683 -0.014259
38.005962 41.186085 -1.015799 2.674311 239.939255 29.642632 0.430945 0.026318 6.269758 -0.014098
38.129978 41.075977 -1.090882 2.437963 240.598572 30.066666 0.427569 0.055546 6.272845 -0.017978
38.254993 40.944843 -1.174103 2.200878 241.257111 30.493046 0.424110 0.091333 6.276464 -0.019370
38.381008 40.793118 -1.255560 1.987733 241.919846 30.925972 0.421470 0.148303 6.287004 -0.023326
38.507023 40.613506 -1.323685 1.761043 242.582367 31.360329 0.419366 0.225775 6.285641 -0.026415
38.633038 40.418285 -1.381198 1.531537 243.238495 31.792646 0.419518 0.305848 6.287437 -0.029077
38.757053 40.202763 -1.423864 1.339211 243.894318 32.225536 0.421853 0.366205 6.290113 -0.032291
38.881069 39.968624 -1.450918 1.146603 244.544525 32.656601 0.421841 0.391659 6.295228 -0.035097
39.004086 39.707829 -1.446086 0.918763 245.189529 33.085472 0.419415 0.381244 6.297079 -0.039381
39.129101 39.423191 -1.429703 0.704950 245.838684 33.520279 0.417078 0.343792 6.305601 -0.041577
39.254116 39.121689 -1.410817 0.504095 246.492828 33.960667 0.413371 0.292243 6.309279 -0.043685
39.378132 38.797565 -1.400732 0.295857 247.144730 34.403744 0.409414 0.240238 6.303385 -0.046502
39.503147 38.465137 -1.401523 0.112356 247.790024 34.844620 0.405247 0.196048 6.301442 -0.048295
39.628162 38.110897 -1.397028 -0.009551 248.444641 35.294121 0.399157 0.156120 6.303997 -0.050537
39.753178 37.746761 -1.401162 -0.093227 249.088654 35.737087 0.393303 0.110534 6.303388 -0.052033
39.877193 37.358524 -1.410174 -0.203200 249.737503 36.183674 0.389810 0.046539 6.302134 -0.056250
40.012207 36.913345 -1.436480 -0.310527 250.431442 36.664780 0.385651 -0.043901 6.302317 -0.060107
40.137222 36.477043 -1.495382 -0.431953 251.078690 37.114887 0.381964 -0.139387 6.308874 -0.062868
40.261238 36.018036 -1.585503 -0.566869 251.726242 37.565701 0.379135 -0.234919 6.311375 -0.065580
40.386253 35.547764 -1.709044 -0.685415 252.372772 38.018063 0.378754 -0.324527 6.308844 -0.067927
40.511269 35.046768 -1.853117 -0.757338 253.017609 38.472992 0.380332 -0.403708 6.316168 -0.071902
40.636284 34.528740 -2.006338 -0.817552 253.661957 38.930038 0.383451 -0.463334 6.324739 -0.072560
40.762299 34.004917 -2.156193 -0.952252 254.306686 39.388626 0.388837 -0.489782 6.331605 -0.074520
40.876312 33.523666 -2.291088 -1.129022 254.894394 39.808151 0.395384 -0.477158 6.336546 -0.075209
41.001328 32.977699 -2.426188 -1.346755 255.542892 40.273792 0.402112 -0.425354 6.335142 -0.078332
41.127342 32.417164 -2.549851 -1.572993 256.189270 40.740669 0.408851 -0.349436 6.328071 -0.079303
41.252357 31.851070 -2.660678 -1.789722 256.829956 41.203743 0.413261 -0.268595 6.321572 -0.080702
41.378372 31.274157 -2.779345 -2.036824 257.475098 41.669178 0.415088 -0.191309 6.308105 -0.082365
41.503387 30.699091 -2.873420 -2.335692 258.113556 42.130325 0.413957 -0.118849 6.291994 -0.083242
41.628403 30.112747 -2.946110 -2.667957 258.749603 42.590027 0.409592 -0.048395 6.267128 -0.085198
41.754417 29.518002 -2.987292 -2.975869 259.382172 43.048618 0.402649 0.018181 6.236781 -0.084659
41.880432 28.926989 -3.021845 -3.274628 260.015350 43.509632 0.393313 0.076149 6.200484 -0.084040
42.006447 28.337608 -3.043961 -3.583604 260.643555 43.967979 0.381121 0.124691 6.148884 -0.083761
42.130463 27.762577 -3.058722 -3.873059 261.256805 44.416428 0.367843 0.167964 6.108140 -0.083196
42.256477 27.173834 -3.074499 -4.181395 261.874146 44.869293 0.354049 0.210818 6.051392 -0.084142
42.382492 26.588949 -3.097834 -4.481625 262.485870 45.318378 0.341412 0.250728 6.002590 -0.082469
42.508507 26.019022 -3.119237 -4.705452 263.096375 45.767994 0.328876 0.285683 5.946071 -0.078527
42.630524 25.491764 -3.129777 -4.850059 263.676880 46.196297 0.316807 0.316943 5.891311 -0.074353
42.753540 24.988403 -3.128581 -4.949589 264.249908 46.621742 0.305317 0.350428 5.819157 -0.071730
42.878555 24.499470 -3.109905 -5.058888 264.830383 47.051929 0.293389 0.385409 5.753534 -0.068092
43.004570 24.018589 -3.084513 -5.162992 265.408051 47.480564 0.281690 0.411110 5.672742 -0.067652
43.129585 23.537844 -3.060512 -5.307621 265.977173 47.902977 0.270608 0.417788 5.592712 -0.067365
43.255600 23.070038 -3.045908 -5.469417 266.538666 48.320538 0.258674 0.403443 5.524747 -0.065723
43.380615 22.615887 -3.044949 -5.592703 267.089111 48.729813 0.247877 0.370787 5.455698 -0.062836
43.506630 22.179171 -3.056588 -5.691282 267.637146 49.136810 0.237416 0.317648 5.386921 -0.060297
43.631645 21.762125 -3.098877 -5.770551 268.174835 49.534237 0.226034 0.241348 5.317442 -0.057818
43.756660 21.373545 -3.145911 -5.859073 268.705536 49.926708 0.213341 0.146330 5.253513 -0.052933
43.882675 21.018534 -3.190658 -5.931962 269.229401 50.315041 0.200237 0.046989 5.187797 -0.048310
44.007690 20.701952 -3.232424 -5.993590 269.746887 50.697311 0.189270 -0.045083 5.115884 -0.043416
44.131706 20.412428 -3.247918 -6.050714 270.257599 51.074604 0.177887 -0.132158 5.055765 -0.039107
44.255722 20.154013 -3.218919 -6.062840 270.758911 51.443207 0.167099 -0.224197 4.997080 -0.034527
44.381737 19.926369 -3.152893 -6.047368 271.259247 51.809155 0.157904 -0.326149 4.929512 -0.028927
44.506752 19.737679 -3.027742 -5.955850 271.758606 52.172131 0.149527 -0.424875 4.874976 -0.022962
44.631767 19.581787 -2.848633 -5.785681 272.249847 52.526192 0.143077 -0.499714 4.822231 -0.018875
44.757782 19.461411 -2.617680 -5.606082 272.737793 52.874393 0.136855 -0.542746 4.770965 -0.014109
44.882797 19.371925 -2.347108 -5.390715 273.226746 53.218594 0.130868 -0.559769 4.727928 -0.009841
45.008812 19.318489 -2.042340 -5.098037 273.709808 53.555840 0.125249 -0.562236 4.699228 -0.004286
45.134827 19.300470 -1.693232 -4.789740 274.195557 53.889442 0.119531 -0.554040 4.661867 0.000054
45.260841 19.314079 -1.312440 -4.453885 274.680389 54.217209 0.113362 -0.528644 4.637575 0.005798
45.386856 19.376059 -0.908103 -4.028182 275.165710 54.541523 0.106398 -0.475546 4.626230 0.010711
45.512871 19.467409 -0.506067 -3.558820 275.652069 54.861115 0.097700 -0.388531 4.612113 0.015227
45.627884 19.578829 -0.155051 -3.081977 276.097534 55.149071 0.088068 -0.281450 4.610187 0.018743
45.751900 19.734917 0.221874 -2.537317 276.585175 55.457008 0.077586 -0.142907 4.617269 0.023996
45.877914 19.936054 0.582742 -1.991590 277.080353 55.763325 0.066780 0.009327 4.622767 0.029335
46.003929 20.167135 0.916444 -1.483238 277.575653 56.062763 0.056405 0.160761 4.637983 0.033521
46.129944 20.444733 1.229832 -0.975657 278.080933 56.361134 0.047233 0.301004 4.672127 0.039557
46.254959 20.752420 1.525740 -0.445868 278.589417 56.654781 0.040431 0.415789 4.715718 0.042900
46.380974 21.096802 1.800490 0.084899 279.109406 56.949543 0.037231 0.498689 4.765454 0.047349
46.506989 21.477098 2.043043 0.613628 279.636810 57.244007 0.038494 0.548138 4.821580 0.052767
46.632004 21.891783 2.260971 1.093911 280.173431 57.538445 0.044735 0.572282 4.883959 0.056224
46.758018 22.341196 2.469035 1.566048 280.719147 57.831997 0.054068 0.581942 4.941574 0.061950
46.884033 22.815287 2.669371 2.025318 281.273712 58.124947 0.065413 0.582867 5.006273 0.064261
47.010048 23.318621 2.854559 2.460001 281.834137 58.416603 0.077515 0.572109 5.082301 0.068246
47.134064 23.831947 3.013189 2.782416 282.404449 58.708618 0.089845 0.542070 5.154953 0.070904
47.258080 24.351290 3.154383 3.124912 282.980438 58.999714 0.102801 0.487370 5.239028 0.070962
47.381096 24.876945 3.285630 3.456732 283.561981 59.289120 0.114990 0.409200 5.313560 0.072973
47.504108 25.419346 3.429455 3.763830 284.149445 59.576389 0.126134 0.312721 5.394096 0.075311
47.627121 25.988197 3.570866 4.043571 284.758148 59.868999 0.136311 0.200552 5.481223 0.078369
47.752136 26.575996 3.711464 4.348097 285.376740 60.163410 0.143295 0.076945 5.557969 0.080154
47.886154 27.237110 3.859226 4.676926 286.061920 60.485397 0.147567 -0.069494 5.646073 0.084103
48.011169 27.860960 4.000567 4.898650 286.700562 60.782112 0.148647 -0.213166 5.706130 0.087242
48.137184 28.512098 4.143890 5.061419 287.358368 61.085197 0.146810 -0.362607 5.777890 0.089418
48.262199 29.172207 4.278649 5.183530 288.024475 61.388821 0.144145 -0.504323 5.835952 0.091135
48.377213 29.762754 4.384136 5.304863 288.634338 61.664921 0.142711 -0.612584 5.900144 0.089623
48.503227 30.422239 4.484586 5.399638 289.316071 61.970734 0.142309 -0.694754 5.950665 0.090162
48.629242 31.082941 4.553135 5.480882 290.002380 62.278553 0.142208 -0.726866 5.984796 0.091281
48.755257 31.750349 4.604298 5.583582 290.692535 62.588066 0.141710 -0.709455 6.017141 0.091333
48.883270 32.439369 4.635845 5.734734 291.403137 62.905235 0.142769 -0.651162 6.042930 0.092353
49.010284 33.111912 4.643606 5.919630 292.100159 63.214973 0.146228 -0.566745 6.058323 0.089738
49.137299 33.781189 4.624615 6.171599 292.803619 63.528812 0.151948 -0.459496 6.069942 0.089176
49.262314 34.431606 4.586349 6.419004 293.497620 63.838795 0.159227 -0.330922 6.084021 0.087080
49.388329 35.088367 4.546879 6.693300 294.198059 64.152412 0.168422 -0.178340 6.095439 0.087463
49.503342 35.699375 4.497502 6.952679 294.843048 64.443138 0.178212 -0.025823 6.105637 0.089888
49.630356 36.363571 4.432981 7.214599 295.545624 64.759445 0.188977 0.136819 6.113915 0.089298
49.756371 37.018051 4.373690 7.502346 296.246521 65.076736 0.198606 0.278751 6.101312 0.086822
49.881386 37.671513 4.323162 7.815984 296.945526 65.395340 0.210386 0.390641 6.091352 0.087226
50.007401 38.321053 4.279126 8.140379 297.642365 65.714394 0.222690 0.473690 6.084316 0.085811
50.132416 38.955074 4.250154 8.471513 298.332367 66.032402 0.233932 0.534033 6.070018 0.084021
50.257431 39.582069 4.241492 8.822250 299.019623 66.351959 0.243699 0.575857 6.058678 0.083994
50.383446 40.219841 4.227922 9.206845 299.709564 66.675880 0.251093 0.597237 6.041427 0.084830
50.509460 40.865833 4.233557 9.624820 300.391144 66.997879 0.256184 0.592103 6.022325 0.086528
50.634476 41.515648 4.244777 10.067340 301.076416 67.322105 0.259444 0.557899 6.011292 0.084716
50.760490 42.161377 4.250742 10.546041 301.753326 67.643784 0.260595 0.497560 5.982172 0.084877
50.885506 42.799782 4.262508 11.079618 302.425659 67.965240 0.259854 0.415864 5.950430 0.082539
51.010521 43.429058 4.279300 11.595141 303.099731 68.288506 0.257281 0.314141 5.920108 0.080351
51.134537 44.040981 4.287238 12.060611 303.758667 68.605659 0.253709 0.195410 5.882080 0.080702
51.256554 44.629520 4.316103 12.558807 304.402588 68.917999 0.251066 0.062589 5.848156 0.077878
51.379570 45.208107 4.356478 13.073982 305.042145 69.230019 0.250389 -0.079678 5.814607 0.076695
51.503586 45.789463 4.403113 13.528033 305.691742 69.549049 0.249727 -0.224080 5.768155 0.076524
51.628601 46.363735 4.453482 13.981139 306.334290 69.868019 0.250345 -0.356824 5.719220 0.075668
51.754616 46.939548 4.487497 14.427440 306.969971 70.187279 0.253456 -0.468491 5.669312 0.075422
51.879631 47.515907 4.519137 14.863624 307.605469 70.507553 0.259212 -0.551333 5.631970 0.074943
52.004646 48.077652 4.534455 15.267332 308.230347 70.824112 0.266237 -0.597488 5.582332 0.073746
52.130661 48.650162 4.518553 15.636803 308.853363 71.142410 0.274878 -0.605648 5.529082 0.075682
52.256676 49.218300 4.464190 15.988131 309.464478 71.458168 0.286336 -0.580130 5.484358 0.074515
52.381691 49.773060 4.383047 16.271450 310.073883 71.776436 0.297918 -0.527379 5.441098 0.073434
52.508705 50.312016 4.270964 16.508451 310.681793 72.098366 0.309821 -0.450628 5.401901 0.069921
52.634720 50.818047 4.143205 16.682205 311.274445 72.416656 0.320118 -0.351936 5.370443 0.067079
52.759735 51.301533 3.983139 16.802002 311.866699 72.740402 0.330444 -0.227925 5.350181 0.064179
52.883751 51.752327 3.815037 16.843159 312.445953 73.060928 0.340464 -0.086278 5.327317 0.062723
53.007763 52.188839 3.639334 16.802788 313.020874 73.382881 0.349499 0.062121 5.301590 0.060655
53.130779 52.604996 3.480443 16.757496 313.585358 73.705795 0.358702 0.198172 5.279717 0.059074
53.255795 53.005291 3.347903 16.641298 314.149780 74.034134 0.366757 0.304763 5.257027 0.055730
53.380810 53.371639 3.255299 16.437588 314.719635 74.370430 0.373732 0.369286 5.248533 0.051381
53.503826 53.707680 3.193478 16.158329 315.268066 74.699059 0.378853 0.390779 5.235420 0.048535
53.637840 54.047863 3.138559 15.760866 315.871216 75.066399 0.383768 0.383313 5.227670 0.045030
53.760857 54.330551 3.127193 15.314521 316.417999 75.404671 0.388185 0.367010 5.232944 0.041183
53.884872 54.583897 3.132892 14.808979 316.967438 75.749496 0.393135 0.354062 5.230469 0.037169
54.007889 54.796429 3.145159 14.307563 317.508636 76.096672 0.398950 0.346564 5.228451 0.030975
54.133904 54.972904 3.152947 13.782844 318.056244 76.453934 0.403951 0.337193 5.232273 0.026148
54.257919 55.110249 3.168856 13.311538 318.599976 76.816399 0.407823 0.316753 5.224755 0.021210
54.381935 55.210384 3.183839 12.895431 319.136658 77.181847 0.410433 0.278982 5.245696 0.013797
54.507950 55.271927 3.207759 12.498180 319.680725 77.558807 0.411708 0.223615 5.261820 0.010142
54.631966 55.308590 3.224584 12.091763 320.214172 77.934937 0.412243 0.158140 5.270408 0.007013
54.753983 55.321335 3.242740 11.640887 320.738068 78.310005 0.410423 0.090501 5.291368 0.004640
54.878998 55.298214 3.253043 11.140545 321.274414 78.699944 0.407198 0.023023 5.313811 -0.001771
55.005013 55.239693 3.250580 10.683139 321.809570 79.095482 0.402983 -0.039448 5.330704 -0.006027
55.131027 55.158115 3.217557 10.221228 322.347748 79.500916 0.397683 -0.093196 5.361726 -0.009928
55.256042 55.042542 3.159746 9.758428 322.886932 79.912155 0.392119 -0.131924 5.396525 -0.013589
55.381058 54.887024 3.072709 9.252048 323.419128 80.321808 0.386987 -0.151375 5.430293 -0.020605
55.506073 54.697796 2.981603 8.757022 323.955994 80.740280 0.381793 -0.156699 5.456787 -0.024610
55.630089 54.486347 2.877572 8.251981 324.493317 81.165680 0.377201 -0.161355 5.498375 -0.026742
55.756104 54.248585 2.749631 7.716534 325.031647 81.596977 0.372353 -0.179822 5.531692 -0.031846
55.881119 53.984715 2.607035 7.170143 325.571228 82.035629 0.366672 -0.216920 5.585921 -0.034734
56.005135 53.682686 2.431243 6.568888 326.113373 82.481216 0.360831 -0.262347 5.627492 -0.040942
56.131149 53.343178 2.226071 5.991118 326.657043 82.933548 0.355239 -0.300359 5.674667 -0.046143
56.256165 52.968258 2.004133 5.465083 327.201141 83.393707 0.349447 -0.321355 5.721855 -0.051419
56.382179 52.560528 1.796664 5.004245 327.751648 83.865601 0.344741 -0.327419 5.775118 -0.056334
56.509193 52.118160 1.612028 4.549694 328.309082 84.348701 0.339693 -0.325708 5.834080 -0.060166
56.634209 51.654980 1.441377 4.071108 328.865692 84.834122 0.334987 -0.316903 5.882133 -0.063371
56.760223 51.169693 1.276305 3.612969 329.424713 85.326859 0.329707 -0.291230 5.936994 -0.066684
56.886238 50.664532 1.126162 3.181716 329.986572 85.826729 0.321948 -0.237673 5.986125 -0.069918
57.012253 50.139851 1.001517 2.680897 330.552460 86.330833 0.313438 -0.155466 6.033606 -0.072420
57.138268 49.597195 0.904902 2.195088 331.116089 86.836853 0.305695 -0.057829 6.080386 -0.076380
57.264282 49.011795 0.854103 1.677748 331.686676 87.352547 0.300935 0.037367 6.121530 -0.083308
57.388298 48.393887 0.844009 1.184508 332.249878 87.865967 0.299227 0.115545 6.162438 -0.087804
57.512314 47.747662 0.850827 0.683514 332.819153 88.388512 0.296878 0.178614 6.197586 -0.089568
57.638329 47.076832 0.877302 0.203303 333.394867 88.920776 0.296220 0.235410 6.242170 -0.093338
57.753342 46.450268 0.920287 -0.218934 333.918304 89.407104 0.297009 0.288463 6.284889 -0.096040
57.878357 45.748646 0.983057 -0.629987 334.494934 89.945023 0.296948 0.348610 6.329725 -0.098860
58.013374 44.962860 1.053702 -0.984445 335.121826 90.531700 0.297942 0.404175 6.377907 -0.102906
58.136387 44.216805 1.120492 -1.175615 335.695679 91.071068 0.300002 0.431244 6.422206 -0.107440
58.261402 43.430164 1.209272 -1.274441 336.287415 91.629051 0.301213 0.423685 6.474908 -0.110365
58.383415 42.634464 1.293220 -1.337959 336.869293 92.176933 0.301583 0.377397 6.513677 -0.114178
58.508430 41.820225 1.384783 -1.399560 337.456299 92.727180 0.301336 0.298268 6.559360 -0.116222
58.633446 40.970348 1.478287 -1.404349 338.063141 93.291939 0.300618 0.197079 6.594708 -0.118621
58.758461 40.112202 1.572460 -1.383189 338.670074 93.854317 0.298904 0.094789 6.636652 -0.121811
58.884476 39.238823 1.674977 -1.364676 339.282288 94.417313 0.297481 0.007722 6.665252 -0.122824
59.010490 38.334915 1.765177 -1.328979 339.910339 94.988136 0.296842 -0.056198 6.694699 -0.125945
59.136505 37.416283 1.841112 -1.317762 340.533386 95.549347 0.296357 -0.093706 6.718109 -0.129189
59.261520 36.480278 1.919317 -1.269918 341.166534 96.114136 0.295141 -0.110073 6.742861 -0.130777
59.386536 35.540688 2.007333 -1.171893 341.800079 96.672562 0.294056 -0.111005 6.763411 -0.132111
59.511551 34.604942 2.103564 -1.083972 342.440277 97.226517 0.294287 -0.104427 6.778372 -0.130600
59.635567 33.683151 2.231849 -0.983250 343.080414 97.773026 0.296391 -0.097850 6.789059 -0.130031
59.759579 32.765392 2.374711 -0.899181 343.726349 98.313988 0.300882 -0.096240 6.792500 -0.129348
59.884594 31.842140 2.534908 -0.818106 344.382050 98.852463 0.306562 -0.100665 6.786487 -0.128434
60.010609 30.928108 2.699437 -0.754586 345.042572 99.384186 0.316229 -0.112009 6.788156 -0.128571
