1.20 1.10 20 64
0.136000 0.010427 -0.040916 -0.065454 0.976661 -0.001214 -0.133981 0.322077 6.653229 0.001932
0.252000 0.016755 -0.113767 -0.174996 1.749013 -0.002837 -0.073619 0.301925 6.564809 0.000862
0.382000 0.025130 -0.231059 -0.268985 2.588847 -0.003080 0.039689 0.238243 6.464269 0.000970
0.511000 0.029078 -0.383613 -0.376987 3.423235 -0.003141 0.187755 0.129993 6.382786 0.001055
0.629000 0.047798 -0.573631 -0.461988 4.165980 -0.003561 0.334505 0.009401 6.328485 0.004109
0.754000 0.083921 -0.816574 -0.528477 4.960187 -0.004197 0.490562 -0.122361 6.292835 0.005806
0.882000 0.135101 -1.097392 -0.588419 5.766517 -0.003238 0.631699 -0.233571 6.308271 0.006374
1.011000 0.186556 -1.403276 -0.658086 6.577209 -0.002271 0.744372 -0.302285 6.362275 0.007234
1.128000 0.238144 -1.683890 -0.689239 7.332321 -0.001471 0.815164 -0.324395 6.428849 0.007220
1.257000 0.296562 -1.994478 -0.706332 8.162060 -0.001495 0.848871 -0.314101 6.518794 0.008126
1.385000 0.365828 -2.292978 -0.763081 9.003507 -0.002872 0.834903 -0.286961 6.610280 0.009384
1.502000 0.431225 -2.535983 -0.804768 9.781277 -0.004412 0.784103 -0.261952 6.673191 0.009250
1.630000 0.500681 -2.733493 -0.868764 10.638500 -0.006130 0.694977 -0.237151 6.709467 0.008963
1.756999 0.564106 -2.830264 -0.905912 11.491130 -0.007319 0.583131 -0.204541 6.708505 0.008569
1.883999 0.624694 -2.811443 -0.968928 12.341134 -0.009264 0.463385 -0.149349 6.678235 0.008530
2.010000 0.694121 -2.661676 -1.052397 13.186375 -0.013077 0.349258 -0.066743 6.636590 0.008864
2.126000 0.756290 -2.410089 -1.132240 13.946738 -0.018224 0.258841 0.022175 6.589058 0.008657
2.255000 0.830019 -2.028411 -1.157288 14.791750 -0.022369 0.182214 0.116624 6.526840 0.010593
2.383000 0.915709 -1.539772 -1.045021 15.628441 -0.023750 0.141097 0.186407 6.454093 0.012393
2.512001 1.002050 -0.998590 -0.885206 16.449209 -0.024186 0.138345 0.224063 6.378937 0.012449
2.629001 1.094872 -0.503062 -0.677365 17.190992 -0.024186 0.165726 0.236963 6.317628 0.015511
2.757001 1.203361 0.005093 -0.389625 18.000679 -0.025488 0.224350 0.236783 6.248879 0.014802
2.886002 1.307935 0.426721 -0.090922 18.802433 -0.025746 0.303871 0.226542 6.194682 0.014311
3.003002 1.402740 0.705412 0.170184 19.519272 -0.024498 0.385812 0.207712 6.172630 0.013594
3.131002 1.501183 0.887123 0.419273 20.308310 -0.022144 0.476242 0.173348 6.162842 0.013345
3.259003 1.610125 0.931047 0.673728 21.098185 -0.019899 0.559435 0.122890 6.179674 0.014659
3.376003 1.711129 0.836753 0.909408 21.829357 -0.017603 0.622323 0.064442 6.207746 0.013754
3.503003 1.813352 0.605286 1.149405 22.615782 -0.014399 0.669930 -0.002398 6.270309 0.014357
3.630003 1.919501 0.251114 1.414761 23.417654 -0.011087 0.694152 -0.062608 6.344866 0.014155
3.758003 2.023153 -0.204426 1.670698 24.235729 -0.006843 0.693104 -0.107851 6.421765 0.014501
3.886004 2.126188 -0.749627 1.918782 25.063564 -0.002278 0.666262 -0.140444 6.495840 0.014073
4.002004 2.213495 -1.280432 2.133253 25.827929 0.002515 0.622776 -0.167345 6.558735 0.013649
4.130005 2.297698 -1.862588 2.338995 26.664150 0.009209 0.563012 -0.198691 6.600419 0.011985
4.256007 2.372895 -2.410211 2.481355 27.505419 0.016871 0.496871 -0.225538 6.637639 0.010820
4.383008 2.444202 -2.872725 2.601607 28.343306 0.024840 0.433209 -0.236259 6.656904 0.010216
4.511009 2.520272 -3.214708 2.680097 29.196114 0.034540 0.379347 -0.228208 6.664398 0.011016
4.628010 2.583398 -3.396331 2.673961 29.976183 0.043802 0.346199 -0.212238 6.668786 0.008436
4.755012 2.642518 -3.432323 2.567765 30.828924 0.055371 0.332251 -0.196290 6.655330 0.005551
4.884013 2.685280 -3.301847 2.383295 31.680300 0.067951 0.341912 -0.182760 6.646606 0.003722
5.010014 2.725831 -3.045290 2.147031 32.522415 0.079596 0.371777 -0.160964 6.615267 0.003505
5.126015 2.754968 -2.708395 1.877005 33.281433 0.090968 0.412504 -0.125474 6.589419 0.002004
5.254016 2.781681 -2.239909 1.530873 34.122017 0.105445 0.469182 -0.066267 6.556026 0.001480
5.383018 2.806620 -1.725719 1.246095 34.965412 0.123770 0.529033 0.010812 6.528735 0.001179
5.512019 2.812383 -1.204861 0.984735 35.806637 0.145677 0.585140 0.098642 6.519476 -0.001501
5.629020 2.800616 -0.758701 0.782688 36.569492 0.165999 0.627980 0.185582 6.525447 -0.003226
5.758021 2.776446 -0.310959 0.598461 37.418579 0.188793 0.661443 0.283377 6.538454 -0.003891
5.887022 2.748872 0.036269 0.448348 38.258549 0.211121 0.678128 0.365246 6.580843 -0.003248
6.004023 2.731174 0.254587 0.306869 39.030880 0.231514 0.679552 0.412261 6.616842 -0.002343
6.132024 2.715899 0.374173 0.206439 39.887749 0.254362 0.665542 0.428181 6.666926 -0.002088
6.261025 2.704769 0.360962 0.110030 40.744579 0.277036 0.637267 0.416892 6.721313 -0.001420
6.387027 2.693821 0.240568 0.013578 41.595211 0.298867 0.596828 0.398450 6.775448 -0.001994
6.501028 2.684171 0.052809 -0.057907 42.377644 0.318491 0.555784 0.381684 6.830554 -0.001844
6.626029 2.672582 -0.206629 -0.157983 43.227314 0.339938 0.510892 0.354134 6.873820 -0.001870
6.752031 2.662851 -0.527421 -0.244409 44.096775 0.363406 0.469115 0.297382 6.924396 -0.001015
6.881032 2.653928 -0.887375 -0.326976 44.993092 0.388066 0.437834 0.200328 6.970659 -0.003466
7.008033 2.625043 -1.236472 -0.389829 45.887974 0.413332 0.422813 0.075499 7.012592 -0.004756
7.136034 2.599048 -1.546190 -0.347006 46.781219 0.438989 0.424408 -0.053683 7.049382 -0.003810
7.251036 2.573575 -1.745693 -0.292116 47.594246 0.462490 0.442017 -0.163720 7.091175 -0.003785
7.378037 2.556967 -1.855697 -0.280793 48.497299 0.489158 0.475865 -0.274883 7.130705 -0.002026
7.506038 2.551402 -1.863452 -0.285577 49.412895 0.516734 0.523209 -0.374495 7.173557 -0.000554
7.635039 2.556422 -1.755592 -0.325179 50.341145 0.543957 0.576961 -0.453733 7.214998 0.001473
7.752040 2.563139 -1.557393 -0.403465 51.187870 0.568795 0.628902 -0.498085 7.258832 0.000010
7.879042 2.571564 -1.236706 -0.474216 52.112350 0.597118 0.680876 -0.515034 7.299397 0.000922
8.007043 2.576133 -0.808108 -0.540044 53.050251 0.627904 0.723538 -0.508787 7.353099 -0.000567
8.135042 2.581486 -0.280993 -0.578472 53.996044 0.659368 0.748803 -0.488962 7.422022 0.001923
8.251041 2.602528 0.268389 -0.582874 54.868103 0.688608 0.755635 -0.458151 7.482858 0.004467
8.380041 2.629759 0.924338 -0.562583 55.829750 0.721281 0.743951 -0.401132 7.543714 0.003477
8.508040 2.653351 1.637747 -0.521223 56.807793 0.755573 0.713587 -0.312612 7.616785 0.002462
8.637040 2.668436 2.373443 -0.448465 57.786972 0.789668 0.666318 -0.199495 7.682436 0.001306
8.754040 2.680259 3.073549 -0.346868 58.688976 0.821732 0.611630 -0.085851 7.738322 0.001062
8.882039 2.693763 3.911542 -0.277884 59.675232 0.856657 0.545830 0.037840 7.580098 0.002275
9.012039 2.711784 4.794791 -0.225119 60.640205 0.891734 0.481464 0.143299 7.409045 0.000915
9.128038 2.720951 5.610195 -0.140661 61.496956 0.923094 0.429617 0.211549 7.266780 -0.000672
9.256038 2.719917 6.496273 0.043275 62.413940 0.956535 0.385359 0.252813 7.102205 -0.002928
9.384037 2.728201 7.348565 0.252115 63.303230 0.989203 0.358494 0.268942 6.940726 -0.002818
9.512036 2.743447 8.143939 0.453752 64.180542 1.021458 0.349608 0.282854 6.800053 -0.001171
9.629036 2.759316 8.797465 0.628664 64.967644 1.048736 0.358551 0.307944 6.682057 -0.002187
9.756035 2.780121 9.428649 0.869202 65.812569 1.078274 0.385178 0.346366 6.552460 -0.001353
9.884034 2.805481 9.946491 1.070748 66.633507 1.107046 0.422992 0.380583 6.406525 -0.000133
10.012033 2.835010 10.329165 1.231952 67.444199 1.135235 0.469887 0.398745 6.282119 0.000999
10.127032 2.870450 10.539656 1.379141 68.160393 1.161689 0.515789 0.399289 6.197285 0.003096
10.254031 2.921693 10.622247 1.470071 68.946358 1.193885 0.564165 0.383789 6.114002 0.004913
10.381030 2.970643 10.545095 1.571847 69.717209 1.227571 0.604784 0.348405 6.049329 0.004566
10.508029 3.019540 10.305476 1.613354 70.481987 1.262050 0.634779 0.288928 6.012537 0.006653
10.634027 3.065338 9.914576 1.604397 71.237289 1.296753 0.651092 0.208885 5.991607 0.005539
10.761026 3.096394 9.383285 1.552864 71.996162 1.331658 0.653083 0.119514 5.978558 0.006091
10.878026 3.124053 8.803422 1.455014 72.689034 1.365210 0.641692 0.041906 5.983159 0.007192
11.006025 3.166867 8.066940 1.373114 73.454536 1.404137 0.615873 -0.031255 5.989493 0.008375
11.134025 3.212439 7.266794 1.280070 74.227211 1.443681 0.579867 -0.090721 6.005771 0.007562
11.262024 3.248346 6.459167 1.153403 74.989784 1.484632 0.536730 -0.137925 6.019939 0.007033
11.378023 3.277946 5.717698 1.006453 75.707016 1.523997 0.493696 -0.175795 6.221832 0.006475
11.506022 3.323501 4.911928 0.802281 76.513695 1.566979 0.448332 -0.218385 6.450302 0.008176
11.634022 3.352910 4.155940 0.588529 77.353966 1.613508 0.408807 -0.266928 6.663266 0.004814
11.762021 3.369360 3.484648 0.353796 78.220123 1.662477 0.380080 -0.320689 6.862274 0.005384
11.878020 3.395834 3.009870 0.087175 79.032249 1.709624 0.366690 -0.370330 7.013691 0.006272
12.004019 3.425067 2.683722 -0.190307 79.927048 1.761746 0.369477 -0.417131 7.175425 0.005852
12.130017 3.451999 2.553547 -0.418589 80.832558 1.814516 0.386646 -0.448241 7.306749 0.005253
12.259017 3.475736 2.634495 -0.676607 81.782852 1.869321 0.414365 -0.454943 7.420919 0.004827
12.376017 3.503187 2.914858 -0.899166 82.655655 1.919141 0.444502 -0.435185 7.500094 0.005372
12.505016 3.528282 3.401296 -1.069658 83.628052 1.975044 0.477822 -0.389957 7.589026 0.003719
12.635016 3.543786 4.074410 -1.228433 84.619461 2.031529 0.505683 -0.329089 7.669114 0.003315
12.751016 3.558131 4.818347 -1.306140 85.519264 2.084431 0.519146 -0.264531 7.727374 0.002258
12.881016 3.570127 5.757503 -1.349522 86.517021 2.143093 0.518321 -0.176711 7.762678 0.003077
13.008015 3.593619 6.770480 -1.392350 87.502556 2.200492 0.499226 -0.064405 7.780242 0.003989
13.135014 3.612308 7.815782 -1.426423 88.489006 2.258384 0.461010 0.071108 7.780895 0.003677
13.262012 3.633108 8.837841 -1.415956 89.472626 2.315741 0.407889 0.218276 7.740891 0.001870
13.378012 3.653125 9.685760 -1.353824 90.365395 2.367538 0.349371 0.349324 7.665784 0.000676
13.507011 3.686030 10.555835 -1.259142 91.330696 2.422582 0.282034 0.478642 7.382079 0.001633
13.636011 3.713700 11.311135 -1.156499 92.260521 2.475032 0.219089 0.576113 7.108316 0.000884
13.753011 3.753011 11.872383 -0.970205 93.081284 2.522199 0.170830 0.627169 6.868186 -0.000572
13.882010 3.802657 12.322821 -0.711246 93.941696 2.571393 0.132447 0.636400 6.627780 -0.000537
14.011009 3.837180 12.567513 -0.469396 94.784447 2.619305 0.110866 0.603458 6.385592 -0.002150
14.127008 3.866003 12.605827 -0.255221 95.510925 2.660530 0.106322 0.550531 6.196593 -0.001989
14.255008 3.920611 12.468978 0.010257 96.287743 2.704063 0.115696 0.475861 6.000087 -0.000728
14.382007 3.973880 12.184053 0.281353 97.035995 2.745507 0.139999 0.386770 5.830298 -0.000335
14.511006 4.027908 11.761487 0.504325 97.770538 2.783923 0.176209 0.279532 5.680753 0.002067
14.628006 4.075762 11.260478 0.674790 98.434196 2.817587 0.213812 0.166994 5.707854 0.001073
14.756005 4.125060 10.545681 0.844127 99.176964 2.856104 0.253217 0.032845 5.805217 0.002720
14.885005 4.177808 9.712576 1.027163 99.927765 2.894817 0.287449 -0.098687 5.923795 0.003206
15.001004 4.222352 8.899777 1.191171 100.627792 2.930530 0.310207 -0.213192 6.043175 0.002562
15.129004 4.254624 7.991697 1.325383 101.409950 2.970197 0.325467 -0.332915 6.173113 0.000971
15.257003 4.281743 7.126750 1.415800 102.204376 3.010477 0.329191 -0.449165 6.325608 0.002732
15.386003 4.313899 6.324863 1.464194 103.030937 3.052369 0.323463 -0.559911 6.481120 0.003517
15.502002 4.335320 5.702869 1.474385 103.790436 3.091182 0.311608 -0.642156 6.613155 0.002393
15.629001 4.350557 5.136168 1.433643 104.638779 3.133292 0.292119 -0.697312 6.744788 0.002788
15.754999 4.384049 4.731982 1.447476 105.503937 3.175582 0.269711 -0.704084 6.865702 0.003803
15.881998 4.416586 4.514314 1.494113 106.374718 3.217571 0.246982 -0.663059 6.956604 0.003231
16.011997 4.439540 4.475907 1.534185 107.283096 3.262128 0.224169 -0.584487 7.022654 0.003388
16.128990 4.474697 4.591901 1.585717 108.106300 3.303155 0.206408 -0.498256 7.056671 0.005767
16.257982 4.523391 4.843726 1.594702 109.023560 3.349389 0.188941 -0.398389 7.069203 0.007110
16.375975 4.572895 5.168421 1.598300 109.848732 3.390188 0.175113 -0.309855 7.052526 0.007601
16.504967 4.629900 5.580649 1.600019 110.753632 3.435610 0.164532 -0.206640 7.002756 0.007685
16.633959 4.689417 6.008316 1.574244 111.657761 3.480655 0.155773 -0.082894 6.936991 0.007953
16.751951 4.741489 6.372469 1.529264 112.465263 3.521561 0.149437 0.052676 6.890108 0.008576
16.881943 4.805677 6.706559 1.453255 113.355019 3.567256 0.143359 0.229871 6.821913 0.010607
17.010935 4.880925 6.926500 1.348369 114.229744 3.613127 0.137200 0.415838 6.767921 0.012014
17.127928 4.957695 7.023087 1.278697 115.017624 3.654976 0.132068 0.576203 6.727672 0.013243
17.257919 5.050816 7.033179 1.244079 115.886269 3.703780 0.125767 0.727177 6.674058 0.013488
17.386911 5.150706 6.904979 1.154602 116.743507 3.753191 0.119761 0.833846 6.645053 0.015816
17.503904 5.254730 6.670246 1.082478 117.518631 3.799791 0.114166 0.885682 6.632593 0.015972
17.631897 5.365190 6.300985 1.034494 118.365997 3.852999 0.109189 0.887484 6.634668 0.015627
17.751892 5.469557 5.890300 1.007305 119.154419 3.902748 0.106358 0.838529 6.643885 0.016605
17.880884 5.597725 5.357384 1.005410 120.018135 3.958361 0.105325 0.739340 6.666870 0.017614
18.008877 5.735339 4.799260 1.033226 120.878166 4.014346 0.105796 0.610824 6.691196 0.018557
18.125870 5.873044 4.285751 1.083934 121.661415 4.065870 0.108778 0.483015 6.716633 0.020111
18.253862 6.020520 3.758232 1.132694 122.521927 4.123027 0.113097 0.336213 6.753940 0.019392
18.382854 6.172054 3.278516 1.157575 123.386475 4.181302 0.119977 0.181046 6.785767 0.021028
18.509848 6.332702 2.869530 1.225947 124.255768 4.242507 0.127486 0.016042 6.817953 0.021545
18.626841 6.467663 2.568233 1.274804 125.045746 4.299564 0.134575 -0.142026 6.834252 0.019682
18.754833 6.616721 2.317426 1.306829 125.926155 4.362234 0.142202 -0.322088 6.843093 0.019875
18.882826 6.776037 2.166469 1.313881 126.799637 4.424847 0.149289 -0.495848 6.837396 0.021960
19.009819 6.934398 2.125146 1.316562 127.664207 4.487496 0.155041 -0.652575 6.813540 0.022120
19.126812 7.078134 2.170475 1.293741 128.450882 4.545057 0.156278 -0.776259 6.790248 0.021740
19.254805 7.247036 2.282816 1.228807 129.320511 4.608664 0.153177 -0.885299 6.739228 0.023458
19.383797 7.425107 2.406984 1.152174 130.177444 4.671911 0.145761 -0.956057 6.694854 0.025044
19.511789 7.601661 2.566473 1.034304 131.029114 4.734604 0.133514 -0.981138 6.651709 0.024347
19.627785 7.756413 2.715778 0.885459 131.802902 4.791766 0.119308 -0.960201 6.614453 0.024158
19.756777 7.920315 2.870048 0.769152 132.644119 4.854359 0.102552 -0.887088 6.570409 0.022705
19.885769 8.101192 3.001365 0.693369 133.492996 4.919128 0.085600 -0.760182 6.531958 0.026133
20.003761 8.271150 3.084971 0.663456 134.258591 4.979220 0.071464 -0.601978 6.492960 0.025174
20.133753 8.453715 3.143207 0.670945 135.091171 5.046436 0.059911 -0.392050 6.460008 0.024631
20.253746 8.635116 3.132241 0.707866 135.861588 5.110425 0.052337 -0.185078 6.429124 0.027748
20.381739 8.851227 3.072262 0.744811 136.679001 5.179438 0.046615 0.025564 6.395663 0.031208
20.508732 9.087884 2.964264 0.821016 137.493332 5.251512 0.045299 0.211736 6.377734 0.032060
20.636724 9.329916 2.817130 0.936619 138.298187 5.324383 0.048447 0.381527 6.354477 0.032390
20.751719 9.548022 2.658580 1.059376 139.024826 5.390996 0.053754 0.535599 6.337962 0.031114
20.879711 9.772415 2.460699 1.183799 139.830765 5.466813 0.062124 0.709832 6.315685 0.029794
21.006704 10.017137 2.256992 1.310985 140.627472 5.543896 0.072892 0.864593 6.295517 0.033547
21.134701 10.277046 2.071745 1.393961 141.434769 5.622218 0.085850 0.973260 6.279855 0.036070
21.250694 10.523148 1.916936 1.515253 142.152908 5.694240 0.097693 1.017890 6.271763 0.037647
21.376688 10.803452 1.754144 1.667697 142.944366 5.777598 0.109884 1.013694 6.261548 0.038017
21.502682 11.088568 1.615605 1.831676 143.728073 5.862484 0.118577 0.961755 6.249335 0.038959
21.631674 11.384305 1.499507 1.987606 144.522522 5.950093 0.124155 0.860338 6.240717 0.040060
21.759666 11.689883 1.418217 2.158372 145.321732 6.039605 0.127957 0.705667 6.227306 0.040957
21.876659 11.967798 1.390994 2.335775 146.038345 6.122580 0.129450 0.526813 6.213830 0.041281
22.003653 12.297715 1.404878 2.577204 146.826279 6.216173 0.129072 0.303086 6.187971 0.045114
22.132647 12.645615 1.458610 2.843726 147.617981 6.311579 0.127443 0.074486 6.174988 0.047119
22.259640 13.015832 1.540798 3.103563 148.389908 6.406197 0.124539 -0.129245 6.168360 0.052162
22.375633 13.376289 1.632914 3.328931 149.104080 6.496043 0.120587 -0.291570 6.142619 0.052740
22.503626 13.776752 1.751301 3.531300 149.875320 6.595620 0.114723 -0.432920 6.106905 0.054710
22.631618 14.185565 1.881287 3.748960 150.648087 6.699022 0.108520 -0.536765 6.078213 0.054689
22.759611 14.602389 2.000553 3.966800 151.416458 6.804385 0.102579 -0.605008 6.044487 0.056141
22.875605 15.000863 2.094221 4.177858 152.108170 6.902703 0.098022 -0.643241 6.007018 0.058923
23.002598 15.453634 2.166240 4.366824 152.866669 7.013695 0.093519 -0.670267 5.977962 0.062136
23.128592 15.908332 2.192637 4.476307 153.603256 7.124854 0.089447 -0.690989 5.948477 0.064404
23.254585 16.378603 2.171934 4.566827 154.342026 7.241419 0.086622 -0.711984 5.927800 0.065255
23.382578 16.857908 2.106457 4.641815 155.094940 7.363796 0.083640 -0.729339 5.906578 0.064957
23.500570 17.306936 2.026514 4.707944 155.775711 7.477225 0.081848 -0.728695 5.894163 0.069364
23.629562 17.825207 1.936155 4.764009 156.525024 7.606693 0.082340 -0.690863 5.897082 0.070191
23.758554 18.355776 1.849468 4.780589 157.279297 7.741364 0.085754 -0.597115 5.890026 0.071513
23.876547 18.848429 1.780356 4.755634 157.956207 7.866733 0.090397 -0.464019 5.882397 0.074457
24.005539 19.399153 1.715297 4.652461 158.700607 8.007276 0.097459 -0.277411 5.869059 0.075217
24.135530 19.954273 1.685113 4.599247 159.449005 8.154341 0.105101 -0.071141 5.864534 0.074435
24.253523 20.462786 1.691777 4.549410 160.126511 8.291500 0.112795 0.105046 5.850739 0.076012
24.384516 21.019747 1.713334 4.463074 160.875336 8.447823 0.120081 0.269907 5.835802 0.073495
24.500509 21.508699 1.737675 4.382345 161.542236 8.590775 0.125861 0.380272 5.822715 0.073024
24.631502 22.054525 1.777585 4.314660 162.280472 8.754148 0.130762 0.466635 5.806325 0.073445
24.758495 22.587555 1.830902 4.256920 162.999451 8.916547 0.133346 0.523069 5.804249 0.074333
24.875488 23.078127 1.893250 4.200231 163.660980 9.068435 0.133704 0.559739 5.798600 0.073336
25.004480 23.611052 1.970043 4.129868 164.388290 9.238983 0.130866 0.590405 5.785601 0.072370
25.134472 24.153458 2.037407 4.143377 165.117828 9.414568 0.125970 0.615533 5.766427 0.072154
25.251465 24.639618 2.089614 4.137657 165.772217 9.574598 0.119684 0.635459 5.753228 0.072608
25.379457 25.188549 2.128404 4.153461 166.491287 9.753696 0.112436 0.651655 5.736756 0.074239
25.508450 25.724123 2.153671 4.225823 167.201233 9.934785 0.104823 0.648620 5.712053 0.072351
25.636442 26.275784 2.155920 4.367445 167.906860 10.119797 0.098497 0.608634 5.691433 0.075981
25.752436 26.793715 2.134403 4.547335 168.548904 10.291544 0.095477 0.531677 5.676661 0.076709
25.881428 27.357826 2.120798 4.699029 169.248383 10.482647 0.095317 0.408028 5.654261 0.076059
26.009420 27.915804 2.104175 4.926227 169.943817 10.678429 0.098722 0.263339 5.639324 0.074322
26.136414 28.476460 2.082755 5.182386 170.630325 10.875982 0.106899 0.115562 5.616275 0.075193
26.252409 28.990574 2.069686 5.420572 171.259949 11.060769 0.117271 -0.015526 5.600192 0.076181
26.380402 29.560390 2.042697 5.724210 171.945435 11.265622 0.130591 -0.151995 5.578191 0.074787
26.508394 30.111614 2.007604 5.936855 172.627762 11.473166 0.144841 -0.278094 5.566527 0.073868
26.625387 30.608780 1.957980 6.096592 173.243317 11.663993 0.158444 -0.380393 5.550685 0.073844
26.750381 31.143850 1.907039 6.237845 173.908691 11.873974 0.172237 -0.476703 5.527778 0.072830
26.879375 31.688004 1.842927 6.405462 174.586029 12.094788 0.185406 -0.557360 5.517880 0.073504
27.007368 32.223701 1.782394 6.578624 175.255005 12.318674 0.196686 -0.618500 5.509108 0.072040
27.134361 32.748795 1.722153 6.785785 175.915985 12.545251 0.206443 -0.658633 5.498550 0.070340
27.261354 33.269764 1.655393 7.009825 176.570541 12.772851 0.214325 -0.678447 5.497511 0.070734
27.377348 33.739670 1.602637 7.190418 177.171570 12.985148 0.220928 -0.679667 5.494598 0.069345
27.506340 34.251915 1.561177 7.400079 177.838577 13.225156 0.226736 -0.659365 5.494329 0.067701
27.634333 34.743267 1.536342 7.562283 178.504395 13.469058 0.233192 -0.609974 5.498173 0.064807
27.752325 35.179886 1.543693 7.686109 179.106552 13.693377 0.237328 -0.534020 5.490852 0.064300
27.881317 35.651478 1.580233 7.781666 179.768967 13.943262 0.241225 -0.415370 5.477956 0.062929
28.010309 36.120319 1.636702 7.904928 180.432617 14.199595 0.245640 -0.270672 5.471582 0.062320
28.128302 36.542385 1.714593 7.986057 181.033066 14.436132 0.251827 -0.130472 5.462975 0.061378
28.257294 36.985180 1.816140 8.078758 181.680267 14.696385 0.258583 0.023490 5.442734 0.059762
28.375286 37.387291 1.896176 8.159731 182.273132 14.940339 0.265488 0.164084 5.426517 0.057623
28.503279 37.804043 1.976657 8.253375 182.913177 15.208280 0.275446 0.316639 5.417966 0.056377
28.632271 38.221283 2.060114 8.267082 183.560257 15.484397 0.287247 0.465301 5.407407 0.055945
28.761263 38.632561 2.114962 8.268216 184.194046 15.760140 0.298657 0.590898 5.391712 0.055482
28.878258 39.008553 2.120520 8.260036 184.776047 16.017498 0.310066 0.678868 5.393637 0.055532
29.007250 39.406075 2.074155 8.211584 185.406433 16.301048 0.322998 0.738440 5.404037 0.052607
29.125242 39.743031 1.997196 8.144805 185.986664 16.566912 0.336149 0.755818 5.413845 0.049954
29.253235 40.107914 1.875316 8.045512 186.619873 16.862911 0.350429 0.727661 5.421331 0.048892
29.382227 40.461487 1.713270 7.895312 187.251862 17.163731 0.364828 0.645060 5.432744 0.048018
29.511219 40.798321 1.514730 7.714851 187.878571 17.466948 0.378031 0.518162 5.445179 0.045311
29.628212 41.090164 1.299963 7.526412 188.450668 17.749119 0.388976 0.382352 5.458504 0.043468
29.756205 41.393574 1.060257 7.304214 189.075790 18.063824 0.399261 0.235506 5.476391 0.040945
29.881199 41.687012 0.824206 7.086948 189.690292 18.380302 0.408783 0.108301 5.491399 0.041478
30.006193 41.969986 0.599441 6.817565 190.299164 18.700378 0.415769 0.000476 5.511952 0.039438
30.131187 42.238132 0.379502 6.481938 190.901855 19.025320 0.419900 -0.092656 5.529709 0.037408
30.257181 42.495399 0.163821 6.073780 191.518646 19.364052 0.423310 -0.175779 5.548984 0.034446
30.383175 42.736202 -0.022399 5.616653 192.125412 19.703527 0.425855 -0.247332 5.572414 0.033756
30.511168 42.975334 -0.159324 5.127733 192.746628 20.055849 0.427098 -0.314862 5.584758 0.030814
30.628160 43.177361 -0.248102 4.716631 193.313187 20.382790 0.428437 -0.375963 5.594367 0.029448
30.755154 43.396271 -0.308192 4.210736 193.931152 20.745348 0.429223 -0.442134 5.600529 0.029351
30.881147 43.601326 -0.328377 3.690870 194.537384 21.108303 0.430841 -0.494364 5.612020 0.027265
31.009140 43.802048 -0.332788 3.186098 195.150742 21.482920 0.430807 -0.516809 5.617617 0.026864
31.127132 43.975082 -0.329118 2.734131 195.709213 21.830172 0.429685 -0.498762 5.621944 0.025029
31.257124 44.159035 -0.309632 2.290428 196.325470 22.222313 0.428791 -0.435852 5.617892 0.023701
31.383118 44.326477 -0.267019 1.903877 196.925095 22.610317 0.427989 -0.345886 5.624055 0.023115
31.510111 44.487537 -0.231805 1.527118 197.517319 23.000261 0.425044 -0.250262 5.630116 0.021395
31.636105 44.637081 -0.209368 1.178503 198.106720 23.395798 0.420206 -0.162309 5.637217 0.020333
31.753098 44.774994 -0.199065 0.868218 198.650497 23.769436 0.415258 -0.087604 5.638489 0.019996
31.882090 44.922680 -0.211615 0.526098 199.246368 24.187693 0.407196 -0.000608 5.644560 0.020560
32.010082 45.071651 -0.253537 0.284690 199.837891 24.613380 0.396868 0.096594 5.652703 0.019090
32.128094 45.201118 -0.313797 0.111349 200.372391 25.004662 0.385992 0.186530 5.668344 0.019531
32.255108 45.356506 -0.403733 -0.093964 200.950394 25.435514 0.373429 0.266239 5.683176 0.022467
32.381123 45.533772 -0.497632 -0.267246 201.521500 25.869444 0.360397 0.310445 5.697482 0.025523
32.509136 45.732971 -0.593212 -0.408082 202.098175 26.317631 0.346129 0.316053 5.710325 0.027799
32.625149 45.926037 -0.692673 -0.491907 202.621078 26.734241 0.331939 0.293824 5.716937 0.029600
32.754162 46.156895 -0.812996 -0.566119 203.190231 27.195896 0.315669 0.250556 5.730894 0.031632
32.882175 46.403103 -0.926577 -0.595375 203.755844 27.664703 0.300287 0.194827 5.746402 0.034971
33.010189 46.670506 -1.014220 -0.618728 204.322998 28.143362 0.285443 0.129697 5.760488 0.037367
33.126202 46.934582 -1.072563 -0.610708 204.830338 28.578766 0.272825 0.064232 5.765375 0.041571
33.255215 47.254665 -1.122005 -0.531852 205.386520 29.065237 0.259529 -0.011677 5.775090 0.045308
33.384228 47.601299 -1.133444 -0.417551 205.943405 29.561523 0.245604 -0.084305 5.785535 0.047807
33.500240 47.934692 -1.106894 -0.267522 206.440384 30.012787 0.233151 -0.136145 5.790582 0.052722
33.628254 48.320930 -1.028272 -0.052164 206.984604 30.516542 0.217197 -0.168750 5.795041 0.053647
33.757267 48.735714 -0.905094 0.253617 207.527573 31.028931 0.197675 -0.170480 5.785980 0.059203
33.884281 49.177135 -0.749768 0.605578 208.061462 31.541412 0.175497 -0.144944 5.777558 0.061352
34.001293 49.585045 -0.596340 0.978910 208.540604 32.008823 0.154905 -0.104348 5.766442 0.062875
34.129307 50.055283 -0.393723 1.472955 209.067047 32.532589 0.133318 -0.048111 5.751340 0.065358
34.258320 50.547886 -0.185735 1.973395 209.584976 33.055496 0.112179 0.011987 5.748831 0.069362
34.385334 51.080700 0.035383 2.511951 210.099258 33.580517 0.091110 0.069657 5.735348 0.073933
34.503345 51.579002 0.264555 2.958366 210.566727 34.062294 0.072207 0.116434 5.736453 0.073905
34.632359 52.140236 0.527184 3.459950 211.078278 34.595627 0.052497 0.157092 5.726649 0.076752
34.760372 52.723743 0.788189 3.942550 211.583267 35.127338 0.036607 0.179363 5.727140 0.080528
34.886387 53.314186 1.046550 4.384151 212.078629 35.651657 0.024926 0.177107 5.722532 0.081247
35.000401 53.861279 1.279641 4.751623 212.530548 36.130096 0.017749 0.152553 5.724968 0.082015
35.128414 54.462963 1.527122 5.178703 213.027817 36.659172 0.012614 0.105046 5.712532 0.081005
35.258427 55.078709 1.774543 5.594996 213.535278 37.200764 0.009982 0.046627 5.704419 0.080799
35.375439 55.632427 1.972709 5.927578 213.991516 37.687187 0.011097 -0.000982 5.701432 0.080003
35.502453 56.236969 2.166314 6.281911 214.489304 38.220127 0.014191 -0.038007 5.694972 0.080695
35.629467 56.817478 2.327707 6.649903 214.978943 38.744961 0.020789 -0.054776 5.698892 0.077138
35.758480 57.399940 2.479692 7.018634 215.482437 39.281582 0.029599 -0.053767 5.702551 0.075762
35.875492 57.905949 2.592943 7.401920 215.940613 39.767841 0.040002 -0.042162 5.710572 0.072004
36.003506 58.452801 2.694381 7.879967 216.443939 40.298424 0.055093 -0.024724 5.717048 0.071422
36.132519 58.990215 2.793833 8.403837 216.954193 40.831516 0.072977 -0.007166 5.727513 0.067235
36.260532 59.503708 2.869071 8.935741 217.469315 41.362328 0.092269 0.005018 5.736106 0.063936
36.378544 59.952682 2.915510 9.507034 217.938461 41.842209 0.111554 0.008768 5.734302 0.061149
36.506557 60.419643 2.951568 10.203211 218.457275 42.368984 0.134216 0.003459 5.733122 0.056273
36.635571 60.854179 2.968273 10.897441 218.976410 42.887932 0.157853 -0.009184 5.737362 0.053224
36.754581 61.237366 2.986920 11.504094 219.462631 43.367699 0.180755 -0.022378 5.734360 0.051012
36.882595 61.618881 3.021142 12.106183 219.987640 43.880379 0.204257 -0.034978 5.734018 0.045841
37.010609 61.971699 3.052956 12.692644 220.515228 44.388775 0.228132 -0.049157 5.710805 0.042576
37.125622 62.272064 3.093817 13.211431 220.993805 44.845600 0.249812 -0.069318 5.696116 0.040306
37.254635 62.586559 3.148666 13.766127 221.522842 45.345001 0.273172 -0.101011 5.674957 0.038458
37.382648 62.897152 3.205373 14.316949 222.051941 45.839912 0.297596 -0.132355 5.646169 0.037450
37.511662 63.195118 3.267743 14.877754 222.584473 46.334114 0.322352 -0.148586 5.617097 0.036397
37.628674 63.462498 3.326016 15.382968 223.070084 46.781425 0.344653 -0.142899 5.585203 0.034544
37.758686 63.740612 3.360289 15.919735 223.600571 47.265602 0.367737 -0.118498 5.553648 0.032013
37.875698 63.977222 3.356723 16.371128 224.079575 47.701225 0.387787 -0.091606 5.521992 0.029565
38.003712 64.210716 3.315711 16.882769 224.605301 48.179108 0.409219 -0.068901 5.501517 0.025636
38.132725 64.415314 3.253301 17.367601 225.130096 48.656013 0.431165 -0.058258 5.493129 0.023353
38.261738 64.603477 3.154841 17.734846 225.649490 49.127842 0.451647 -0.056027 5.472184 0.023283
38.378750 64.770882 3.045774 17.992125 226.122208 49.558086 0.467852 -0.052865 5.451143 0.022472
38.506763 64.946945 2.915787 18.190428 226.634796 50.027016 0.483619 -0.038740 5.411640 0.022799
38.634777 65.113174 2.760861 18.256641 227.147171 50.499115 0.498729 -0.009637 5.392053 0.020966
38.751789 65.246056 2.607314 18.191059 227.604004 50.924549 0.510868 0.025315 5.372724 0.020974
38.879803 65.387245 2.432878 17.964317 228.107498 51.398453 0.523500 0.067380 5.354460 0.019538
39.008816 65.507935 2.246493 17.552845 228.602402 51.871296 0.534225 0.109319 5.337656 0.019005
39.125828 65.604782 2.056703 17.122293 229.048065 52.306870 0.541849 0.148831 5.324404 0.015869
39.252842 65.675941 1.866498 16.521954 229.527283 52.783661 0.548210 0.194230 5.322090 0.010748
39.378857 65.721176 1.668241 15.799041 230.000122 53.264874 0.551582 0.234828 5.304907 0.007691
39.506870 65.744514 1.484568 14.959517 230.465134 53.751144 0.552505 0.256526 5.293167 0.005684
39.633884 65.752319 1.328248 13.975947 230.926224 54.247120 0.551619 0.244879 5.286265 0.004172
39.758900 65.741982 1.190888 12.910366 231.369659 54.737358 0.548717 0.194863 5.290162 0.001480
39.886913 65.727013 1.057067 11.754951 231.813019 55.242447 0.542865 0.110310 5.295109 -0.000188
40.002926 65.698845 0.945520 10.588371 232.211304 55.710739 0.533300 0.018370 5.303881 -0.002174
40.129940 65.649406 0.862831 9.170653 232.643753 56.235352 0.517851 -0.073418 5.316600 -0.003948
40.257954 65.594917 0.795067 7.723393 233.065018 56.764065 0.499021 -0.127688 5.328113 -0.005171
40.384968 65.540794 0.729304 6.203726 233.481064 57.305824 0.474366 -0.131499 5.344334 -0.005341
40.500980 65.497513 0.663966 4.748045 233.850403 57.805256 0.449018 -0.098309 5.365064 -0.003594
40.628994 65.455086 0.583539 3.137081 234.247147 58.361084 0.416906 -0.042658 5.386055 -0.003196
40.757008 65.423729 0.509273 1.543705 234.641800 58.935665 0.380011 0.014914 5.416989 -0.001507
40.885021 65.405075 0.439435 0.027681 235.023102 59.510925 0.341735 0.061432 5.447007 -0.000000
41.001034 65.395020 0.378322 -1.346614 235.368668 60.048721 0.306977 0.089387 5.477418 0.000558
41.129047 65.387062 0.316707 -2.755694 235.738785 60.646809 0.268308 0.092851 5.507729 -0.000059
41.259060 65.386482 0.233454 -4.094133 236.105087 61.259560 0.229717 0.055856 5.552422 0.001201
41.386074 65.394768 0.141143 -5.276801 236.460739 61.871719 0.194012 -0.018115 5.589851 0.001887
41.503086 65.420158 0.045837 -6.200685 236.783066 62.443256 0.165638 -0.099148 5.619641 0.004904
41.631100 65.456207 -0.050584 -6.969798 237.132645 63.081516 0.140987 -0.174211 5.659190 0.004890
41.759113 65.505142 -0.140116 -7.441830 237.474930 63.723358 0.123556 -0.214522 5.702135 0.007261
41.887127 65.564873 -0.192055 -7.676179 237.811981 64.367882 0.114567 -0.222769 5.745703 0.008278
42.004139 65.635704 -0.215181 -7.697665 238.124298 64.972267 0.113431 -0.213952 5.778126 0.012056
42.135151 65.729874 -0.200696 -7.473439 238.467514 65.643295 0.118741 -0.194931 5.812013 0.012459
42.251163 65.819580 -0.152394 -7.044876 238.772903 66.246307 0.128618 -0.169586 5.841616 0.013853
42.379177 65.919868 -0.059901 -6.326539 239.112411 66.915993 0.143936 -0.130242 5.881842 0.013345
42.507191 66.027695 0.043408 -5.371165 239.454926 67.589279 0.161938 -0.080658 5.919154 0.015641
42.635204 66.146431 0.170241 -4.265168 239.801285 68.266190 0.181491 -0.029866 5.956637 0.016341
42.752216 66.262428 0.309872 -3.136591 240.121872 68.887589 0.199631 0.011388 5.990471 0.015952
42.880230 66.386055 0.477093 -1.752260 240.476700 69.569588 0.218088 0.048273 6.016749 0.015666
43.008244 66.523506 0.652573 -0.223258 240.837753 70.259148 0.235947 0.077371 6.045012 0.016825
43.137257 66.665855 0.808035 1.329657 241.200409 70.945114 0.251145 0.101805 6.076699 0.015879
43.253269 66.796539 0.939638 2.784292 241.537231 71.573601 0.262577 0.125670 6.105370 0.016000
43.381283 66.932899 1.055360 4.358456 241.907593 72.257187 0.273194 0.157414 6.132806 0.013750
43.510296 67.054108 1.141718 5.904813 242.288239 72.952995 0.283729 0.195737 6.156488 0.011742
43.626308 67.149345 1.188836 7.227731 242.634354 73.579750 0.294334 0.228226 6.179490 0.010449
43.756321 67.245552 1.216031 8.644018 243.025513 74.283669 0.306594 0.251867 6.207707 0.008402
43.885334 67.334572 1.225077 9.925019 243.416946 74.984718 0.319437 0.257174 6.235856 0.008786
44.002346 67.411552 1.209901 10.928201 243.774170 75.622688 0.333536 0.250825 6.260120 0.008572
44.131359 67.489388 1.184012 11.799896 244.171524 76.327522 0.350054 0.236555 6.281731 0.007637
44.259373 67.537651 1.149438 12.465695 244.570404 77.033295 0.369065 0.211559 6.288496 0.002477
44.386387 67.549660 1.111901 12.824199 244.964096 77.729233 0.389674 0.164532 6.299265 -0.000193
44.503399 67.534966 1.075217 12.906817 245.323593 78.366493 0.408950 0.094068 6.314496 -0.004645
44.629414 67.480217 1.025888 12.822116 245.714386 79.060623 0.430243 -0.007513 6.331331 -0.008816
44.754429 67.393234 0.958295 12.507608 246.102646 79.752129 0.448657 -0.117335 6.350636 -0.013281
44.882442 67.258614 0.851543 11.944076 246.499725 80.463486 0.462526 -0.218884 6.374778 -0.019345
45.010456 67.093239 0.727635 11.158237 246.898544 81.184258 0.471637 -0.299211 6.393594 -0.022578
45.137470 66.903198 0.570424 10.205734 247.286316 81.892975 0.475198 -0.357843 6.422312 -0.026506
45.254482 66.712830 0.406949 9.162548 247.644104 82.555588 0.473496 -0.398410 6.443732 -0.028576
45.383495 66.476418 0.225983 7.807338 248.033997 83.291145 0.464317 -0.426404 6.462589 -0.032071
45.510509 66.222046 0.043898 6.342194 248.416061 84.025993 0.448304 -0.428602 6.483517 -0.036402
45.627522 65.971436 -0.124753 4.908420 248.758560 84.696533 0.429744 -0.403277 6.498815 -0.038532
45.755535 65.674858 -0.304646 3.255855 249.134750 85.447357 0.404188 -0.344876 6.516435 -0.042212
45.883549 65.368675 -0.474815 1.590914 249.500168 86.191116 0.376346 -0.265563 6.529184 -0.045182
46.012562 65.042191 -0.637769 -0.181783 249.865448 86.950447 0.347043 -0.174705 6.532070 -0.048533
46.128574 64.734085 -0.781943 -1.814988 250.192184 87.641541 0.321163 -0.088293 6.535461 -0.049565
46.258587 64.386490 -0.916289 -3.533778 250.545944 88.407570 0.294686 0.010237 6.542316 -0.050522
46.386600 64.042290 -1.011459 -5.169671 250.892151 89.170082 0.272400 0.110480 6.540708 -0.051001
46.504612 63.726952 -1.054971 -6.569845 251.205597 89.875038 0.256864 0.202747 6.537525 -0.049562
46.634624 63.397678 -1.046581 -7.899942 251.544739 90.654297 0.245084 0.301071 6.539216 -0.046292
46.752636 63.112671 -1.003651 -8.931829 251.847855 91.363251 0.239210 0.382716 6.531347 -0.044130
46.881649 62.820374 -0.917338 -9.854896 252.174713 92.138351 0.236065 0.458373 6.510191 -0.038602
47.010662 62.562504 -0.782849 -10.512715 252.498566 92.912643 0.235964 0.510591 6.503620 -0.034133
47.127674 62.358173 -0.623861 -10.946085 252.792999 93.619987 0.235488 0.527183 6.489603 -0.030083
47.256687 62.167992 -0.428195 -11.228415 253.112122 94.385910 0.232426 0.504550 6.476409 -0.023711
47.385700 62.018261 -0.200930 -11.281574 253.436890 95.161003 0.225376 0.440662 6.460757 -0.017730
47.503712 61.915985 0.030264 -11.084620 253.730362 95.856781 0.216386 0.359117 6.448158 -0.013401
47.633724 61.830582 0.298339 -10.633249 254.059387 96.634285 0.204109 0.256126 6.443772 -0.009595
47.751736 61.788406 0.529924 -10.016432 254.357193 97.333176 0.190834 0.167134 6.432428 -0.005507
47.878750 61.779526 0.770003 -9.198690 254.680725 98.083115 0.176292 0.081670 6.429906 -0.001121
48.006763 61.797421 0.993820 -8.194399 255.008514 98.831230 0.161754 0.008410 6.429215 0.002247
48.134777 61.846706 1.220341 -6.973833 255.343170 99.582664 0.148102 -0.057676 6.424339 0.003910
48.251789 61.913658 1.424107 -5.681066 255.654434 100.267181 0.138067 -0.117123 6.426587 0.006980
48.378803 62.002743 1.607288 -4.188349 255.998322 101.007698 0.132075 -0.185181 6.430783 0.006626
48.506817 62.097984 1.748246 -2.562685 256.352325 101.750999 0.132209 -0.257497 6.432904 0.005965
48.634830 62.187870 1.837091 -0.796750 256.714233 102.490776 0.142368 -0.328546 6.436055 0.003978
48.751842 62.268970 1.898026 0.913230 257.053436 103.162910 0.158526 -0.387270 6.441052 0.003698
48.880856 62.351505 1.934764 2.799838 257.436920 103.900963 0.185242 -0.445994 6.453433 0.001757
49.009869 62.421715 1.926171 4.669993 257.833344 104.641182 0.220267 -0.501649 6.467036 0.000808
49.126881 62.470394 1.886435 6.304468 258.198364 105.305412 0.256889 -0.545615 6.484312 -0.002201
49.256893 62.499504 1.808790 7.970281 258.610016 106.035385 0.300646 -0.575119 6.506387 -0.004755
49.386906 62.496300 1.710047 9.432367 259.034698 106.769379 0.345894 -0.566585 6.535343 -0.007898
49.504917 62.461376 1.608190 10.584861 259.427612 107.435371 0.386394 -0.517024 6.563392 -0.012256
49.634930 62.381027 1.474948 11.657173 259.871582 108.174522 0.431495 -0.418731 6.598660 -0.016991
49.753941 62.259182 1.337679 12.440733 260.278168 108.841103 0.470683 -0.302004 6.632503 -0.022537
49.883953 62.078716 1.166343 13.033015 260.733765 109.577072 0.509637 -0.151765 6.678495 -0.029353
50.001965 61.863552 1.001636 13.345332 261.152466 110.247826 0.538446 -0.003738 6.719906 -0.035832
50.131977 61.574749 0.824238 13.438028 261.618927 110.990150 0.560139 0.165266 6.769234 -0.041954
50.260990 61.235672 0.648014 13.264786 262.091553 111.736504 0.570370 0.326161 6.816958 -0.047657
50.379002 60.886185 0.493077 12.916359 262.520630 112.411987 0.570819 0.447287 6.853106 -0.054554
50.508015 60.446915 0.325236 12.339923 262.998932 113.166534 0.562651 0.544096 6.884347 -0.060923
50.638027 59.958721 0.170493 11.502457 263.474426 113.919411 0.545532 0.595983 6.911983 -0.069437
50.756039 59.468189 0.042325 10.524807 263.909515 114.610855 0.523253 0.614326 6.933969 -0.074886
50.885052 58.885452 -0.091191 9.201309 264.384430 115.370216 0.493245 0.618367 6.953502 -0.081302
51.003063 58.311089 -0.217137 7.746556 264.819122 116.067856 0.461229 0.616773 6.970216 -0.088297
51.132076 57.636936 -0.350030 5.934891 265.291443 116.833328 0.423733 0.601993 6.968769 -0.094795
51.260090 56.925415 -0.479340 3.939617 265.758209 117.600792 0.388841 0.552471 6.957928 -0.100389
51.387104 56.197762 -0.601493 1.822566 266.209625 118.351517 0.359479 0.455096 6.948016 -0.105663
51.504116 55.488930 -0.717566 -0.237877 266.625244 119.048851 0.337043 0.327612 6.930279 -0.112204
51.632130 54.674767 -0.839250 -2.578851 267.077087 119.817001 0.317089 0.172162 6.894174 -0.114693
51.761143 53.861835 -0.974685 -4.913209 267.522308 120.584343 0.301038 0.034241 6.863306 -0.115097
51.877155 53.143349 -1.094605 -6.887098 267.913239 121.266907 0.289930 -0.062119 6.822290 -0.114474
52.003170 52.361374 -1.210397 -8.944952 268.335175 122.011841 0.282247 -0.143617 6.778945 -0.114064
52.132183 51.579113 -1.316837 -10.902299 268.760590 122.771027 0.278983 -0.215266 6.716167 -0.110307
52.261196 50.822430 -1.401449 -12.616767 269.179230 123.524765 0.278907 -0.290461 6.659429 -0.106590
52.377209 50.155563 -1.448974 -13.931371 269.550873 124.197449 0.280939 -0.366177 6.601872 -0.103435
52.507221 49.443184 -1.468840 -15.205598 269.963318 124.944023 0.282649 -0.458711 6.536996 -0.095760
52.635235 48.793354 -1.432088 -16.191631 270.366058 125.671661 0.284979 -0.545657 6.470000 -0.088599
52.752247 48.236382 -1.339729 -16.807482 270.734161 126.334671 0.286225 -0.607321 6.394539 -0.082007
52.881260 47.670952 -1.185346 -17.214060 271.133698 127.049744 0.285384 -0.643226 6.310994 -0.074068
53.007275 47.180126 -0.978269 -17.332771 271.519226 127.732262 0.281050 -0.643815 6.236058 -0.065587
53.136288 46.729656 -0.705797 -17.133812 271.917938 128.430984 0.274709 -0.611770 6.153399 -0.056215
53.255299 46.371052 -0.422913 -16.698400 272.278534 129.055450 0.267645 -0.555498 6.078656 -0.049487
53.384312 46.040897 -0.076088 -16.004274 272.672302 129.727341 0.260409 -0.461656 6.005007 -0.041051
53.513325 45.768673 0.277913 -15.031254 273.066406 130.388153 0.252878 -0.334805 5.931321 -0.033692
53.630337 45.583000 0.599988 -13.954944 273.427429 130.983093 0.248274 -0.199379 5.875963 -0.025305
53.760349 45.431118 0.900695 -12.622275 273.824432 131.622238 0.245805 -0.049263 5.805885 -0.021583
53.877361 45.331097 1.126173 -11.300554 274.190430 132.197098 0.245239 0.071704 5.758910 -0.017331
54.007374 45.252106 1.308460 -9.722592 274.593903 132.816360 0.247774 0.181126 5.711076 -0.014505
54.135387 45.198544 1.422910 -8.063097 274.998413 133.422913 0.251793 0.276570 5.686936 -0.011203
54.253399 45.176926 1.452248 -6.524552 275.374817 133.976837 0.259520 0.359912 5.671633 -0.007863
54.383411 45.180283 1.409109 -4.832428 275.795044 134.581726 0.273283 0.444747 5.663861 -0.002469
54.513424 45.219410 1.296593 -3.188312 276.221985 135.181702 0.291682 0.507667 5.667198 0.001351
54.629436 45.272091 1.137923 -1.725524 276.607483 135.715271 0.310311 0.539436 5.679547 0.004608
54.756451 45.347683 0.922121 -0.207101 277.037231 136.296799 0.332294 0.555522 5.699489 0.007752
54.883465 45.423134 0.673691 1.238070 277.477844 136.881226 0.354207 0.564782 5.734914 0.008803
55.013477 45.519024 0.409643 2.560873 277.929993 137.469864 0.374215 0.572332 5.768655 0.011828
55.131489 45.615013 0.154105 3.643286 278.350464 138.008331 0.392394 0.573745 5.804706 0.013912
55.260502 45.733315 -0.111066 4.629163 278.818878 138.597107 0.410350 0.565975 5.850257 0.016655
55.377514 45.843075 -0.346604 5.330129 279.250488 139.132309 0.425343 0.550484 5.896047 0.017597
55.506527 45.971573 -0.581247 5.934902 279.732727 139.725494 0.441490 0.516783 5.945295 0.018511
55.634541 46.104176 -0.794312 6.346596 280.220856 140.321136 0.453382 0.446566 5.989288 0.018654
55.752552 46.227448 -0.959343 6.543922 280.668884 140.863739 0.459993 0.336684 6.033945 0.019475
55.881565 46.373135 -1.093451 6.652749 281.166199 141.466354 0.462195 0.166084 6.073113 0.019215
56.010578 46.514233 -1.164703 6.613227 281.667755 142.072266 0.460068 -0.032301 6.111444 0.019251
56.127590 46.650875 -1.181231 6.413291 282.125031 142.624557 0.455477 -0.210102 6.138084 0.020273
56.255604 46.808125 -1.140021 5.992360 282.627533 143.230316 0.447091 -0.389438 6.155744 0.020228
56.384617 46.974285 -1.043097 5.334019 283.135956 143.841537 0.434457 -0.549677 6.170004 0.019756
56.513630 47.125660 -0.901196 4.557611 283.645905 144.453873 0.419148 -0.684053 6.180071 0.018894
56.630642 47.266098 -0.747058 3.775945 284.107697 145.010483 0.403992 -0.778791 6.181254 0.019942
56.758656 47.419266 -0.575872 2.869027 284.610840 145.620483 0.385392 -0.851143 6.176147 0.019249
56.884670 47.566570 -0.419142 1.891436 285.105103 146.220428 0.366180 -0.891742 6.164920 0.018176
57.002682 47.693653 -0.283699 0.915869 285.566986 146.781891 0.347680 -0.900598 6.156452 0.018131
57.131695 47.841869 -0.156584 -0.129597 286.069702 147.396133 0.328165 -0.870786 6.152777 0.020458
57.260708 48.016327 -0.059912 -1.225181 286.575348 148.015305 0.309804 -0.791815 6.148831 0.024932
57.378719 48.183449 -0.011676 -2.165426 287.031738 148.578903 0.294829 -0.681099 6.144676 0.025874
57.509731 48.401264 -0.007735 -3.209549 287.532349 149.201523 0.279501 -0.525719 6.144860 0.030929
57.627743 48.617306 -0.056250 -4.139737 287.984772 149.767776 0.267947 -0.365301 6.139646 0.032682
57.758755 48.881485 -0.157009 -5.057446 288.484406 150.397858 0.257843 -0.170051 6.136721 0.036822
57.887768 49.164532 -0.294981 -5.794058 288.976624 151.026733 0.249224 0.030583 6.146897 0.039436
58.006779 49.435364 -0.431552 -6.295002 289.421326 151.600922 0.243360 0.208318 6.158244 0.039569
58.133793 49.749969 -0.576902 -6.700590 289.902222 152.227036 0.237434 0.388032 6.174811 0.044779
58.263805 50.098022 -0.710967 -7.000364 290.386810 152.860001 0.232919 0.551013 6.185953 0.049060
58.381817 50.436100 -0.818667 -7.105314 290.829285 153.441360 0.228585 0.686118 6.196238 0.050856
58.511829 50.832829 -0.897775 -7.011055 291.316772 154.084152 0.220952 0.819590 6.205067 0.054905
58.629841 51.214016 -0.926700 -6.850611 291.760773 154.667007 0.212570 0.915726 6.213298 0.057775
58.757854 51.648800 -0.911433 -6.510392 292.242462 155.300644 0.201877 0.979298 6.220931 0.060901
58.887867 52.087784 -0.841074 -6.071781 292.732452 155.944855 0.192275 0.987347 6.228450 0.059290
59.004879 52.477100 -0.726182 -5.566926 293.173187 156.525757 0.184293 0.941216 6.231534 0.060341
59.133892 52.923279 -0.560879 -4.879603 293.659271 157.165939 0.174365 0.835442 6.231129 0.062981
59.261906 53.392700 -0.363518 -4.072854 294.145264 157.806137 0.165499 0.689655 6.230932 0.066046
59.377918 53.836697 -0.167199 -3.256311 294.581604 158.381805 0.158357 0.542476 6.224069 0.068238
59.502934 54.343567 0.061390 -2.306197 295.051636 159.001175 0.150288 0.382781 6.217251 0.072127
59.629948 54.870808 0.291462 -1.284076 295.529541 159.629547 0.143265 0.223460 6.212285 0.072306
59.758961 55.410076 0.504711 -0.154780 296.006409 160.257004 0.139202 0.058716 6.201658 0.074049
59.885975 55.974674 0.703952 1.058675 296.489441 160.895584 0.135539 -0.124000 6.206480 0.075375
60.002987 56.494656 0.859833 2.144845 296.923004 161.469467 0.134227 -0.296959 6.194531 0.075721
