1.20 1.10 20 64
0.135000 0.004677 0.048014 -0.133056 0.960116 -0.001049 -0.113627 0.492261 6.706364 0.000714
0.252000 0.000576 0.210589 -0.290623 1.742674 -0.003297 -0.032407 0.471284 6.670920 -0.001051
0.381000 0.004728 0.508571 -0.419032 2.598679 -0.005687 0.103832 0.430547 6.612669 0.000855
0.511000 0.005628 0.913174 -0.570888 3.460606 -0.008370 0.271607 0.379111 6.554782 0.001012
0.629000 0.020083 1.320396 -0.696322 4.223963 -0.011488 0.427237 0.326099 6.512415 0.004044
0.758000 0.051142 1.798234 -0.773993 5.061690 -0.015223 0.587242 0.256566 6.490570 0.005169
0.887000 0.097431 2.281114 -0.837034 5.900541 -0.018922 0.718872 0.175853 6.514217 0.007006
1.004000 0.143075 2.709643 -0.882058 6.661807 -0.022700 0.804602 0.097430 6.464652 0.007085
1.133000 0.197709 3.217023 -0.885681 7.485664 -0.027107 0.856226 0.008183 6.330975 0.006893
1.260000 0.249928 3.717014 -0.868298 8.288409 -0.033629 0.858586 -0.083617 6.228117 0.006908
1.377000 0.300833 4.145373 -0.892406 9.004873 -0.041528 0.817479 -0.172789 6.141893 0.007587
1.505000 0.356236 4.567223 -0.897144 9.789331 -0.050982 0.730368 -0.277682 6.034147 0.007062
1.634000 0.405315 4.921226 -0.901072 10.553015 -0.061208 0.611348 -0.379781 5.912946 0.005853
1.751000 0.445385 5.171321 -0.874343 11.237931 -0.069975 0.485982 -0.458853 5.813326 0.005540
1.879000 0.484935 5.347019 -0.858494 11.972327 -0.080526 0.344801 -0.519901 5.690203 0.006249
2.007999 0.534868 5.377944 -0.894166 12.704894 -0.094167 0.211682 -0.551343 5.712943 0.007426
2.133999 0.584121 5.238262 -0.936208 13.436496 -0.110391 0.098771 -0.554603 5.795495 0.006741
2.260999 0.632376 4.927424 -0.922358 14.173010 -0.126799 0.015342 -0.533569 5.881963 0.005771
2.385999 0.684109 4.489479 -0.785467 14.922075 -0.141665 -0.029305 -0.487813 5.988446 0.004410
2.503000 0.724761 3.996764 -0.632205 15.628758 -0.155075 -0.032767 -0.421112 6.074900 0.003829
2.632000 0.780882 3.402083 -0.393123 16.412582 -0.170002 0.004006 -0.320389 6.160052 0.006241
2.760000 0.833270 2.795933 -0.088908 17.213108 -0.187330 0.079825 -0.192850 6.233146 0.004275
2.886000 0.864882 2.235637 0.206023 17.996161 -0.203546 0.180362 -0.053382 6.288156 0.002501
3.003000 0.885364 1.755495 0.493795 18.735254 -0.217442 0.288686 0.081861 6.340290 0.001042
3.132001 0.900773 1.300457 0.758405 19.556778 -0.232874 0.409836 0.225306 6.393025 0.001266
3.261001 0.919116 0.925648 0.997990 20.387154 -0.249855 0.521000 0.353585 6.471630 0.002362
3.379002 0.933036 0.664492 1.207181 21.156668 -0.265206 0.602896 0.450213 6.557625 0.000913
3.507002 0.941812 0.482872 1.422128 22.004051 -0.281686 0.662857 0.525317 6.668181 0.001250
3.634002 0.947343 0.426514 1.668258 22.865993 -0.298738 0.687969 0.565701 6.789272 -0.000432
3.751003 0.942803 0.499184 1.883617 23.666765 -0.314337 0.678956 0.572377 6.882948 -0.001144
3.880003 0.932346 0.705011 2.073354 24.555574 -0.331131 0.631007 0.553839 6.979677 -0.002216
4.006003 0.909367 1.049056 2.252447 25.447994 -0.347370 0.549891 0.514388 7.053320 -0.003976
4.132004 0.873063 1.506273 2.420329 26.331873 -0.362230 0.447405 0.454656 7.077977 -0.006042
4.259006 0.825428 2.074504 2.534573 27.230576 -0.377280 0.330064 0.372499 7.070376 -0.006911
4.385007 0.779323 2.710437 2.632503 28.119831 -0.392116 0.212086 0.279628 7.044551 -0.006869
4.511008 0.737363 3.383503 2.708493 29.002270 -0.406015 0.104131 0.193847 6.973372 -0.005945
4.627009 0.693564 3.991152 2.714383 29.813030 -0.419272 0.021808 0.129595 6.900915 -0.006720
4.756011 0.642732 4.602704 2.624438 30.688551 -0.433383 -0.040576 0.065896 6.803383 -0.006465
4.883012 0.588542 5.124554 2.508414 31.552471 -0.445869 -0.071231 -0.016415 6.709081 -0.005853
5.011013 0.530056 5.520312 2.333751 32.405502 -0.460451 -0.070061 -0.131134 6.633399 -0.005561
5.129014 0.462350 5.778683 2.113290 33.175690 -0.474442 -0.042856 -0.255640 6.556330 -0.006491
5.257015 0.388992 5.947366 1.829448 34.015358 -0.488089 0.011276 -0.390096 6.479296 -0.006286
5.386016 0.316499 5.978302 1.609327 34.840244 -0.499860 0.080789 -0.496607 6.421465 -0.008456
5.502017 0.233507 5.902917 1.428496 35.589031 -0.509857 0.150610 -0.562072 6.388766 -0.009189
5.631019 0.130700 5.719835 1.218538 36.404922 -0.520726 0.226445 -0.598240 6.367711 -0.012686
5.760020 0.022937 5.448142 1.042644 37.226124 -0.532205 0.293267 -0.598647 6.366217 -0.012092
5.876021 -0.069360 5.108894 0.910591 37.972088 -0.542777 0.340927 -0.572717 6.381536 -0.011657
6.005022 -0.161303 4.636504 0.790368 38.798191 -0.554980 0.372788 -0.524879 6.423627 -0.012293
6.135023 -0.258998 4.084049 0.689107 39.631023 -0.566022 0.379186 -0.467166 6.481239 -0.011751
6.252024 -0.339051 3.535259 0.602185 40.393700 -0.576612 0.363257 -0.408610 6.541462 -0.010434
6.381025 -0.425634 2.915015 0.506606 41.244057 -0.589497 0.322871 -0.330703 6.626525 -0.011272
6.510026 -0.509842 2.323349 0.441625 42.104446 -0.603348 0.266429 -0.231352 6.698656 -0.011231
6.627028 -0.583868 1.847584 0.336968 42.898296 -0.616074 0.207363 -0.119956 6.743644 -0.009719
6.757029 -0.666601 1.420824 0.239277 43.772026 -0.630474 0.140415 0.022393 6.800220 -0.011037
6.886030 -0.750435 1.127097 0.181456 44.651199 -0.645199 0.080788 0.179185 6.826481 -0.011102
7.004031 -0.832556 1.005313 0.131809 45.458439 -0.659742 0.039707 0.322888 6.853363 -0.011962
7.133032 -0.915894 1.043898 0.178710 46.342926 -0.675237 0.012792 0.466165 6.852555 -0.009722
7.251033 -0.984324 1.247986 0.207369 47.149666 -0.690949 0.005603 0.570513 6.823198 -0.009781
7.380034 -1.057933 1.619316 0.195723 48.025749 -0.709778 0.017606 0.649015 6.765617 -0.009652
7.509035 -1.117616 2.091116 0.166816 48.892620 -0.729638 0.043562 0.693071 6.691090 -0.006833
7.626036 -1.158674 2.556059 0.123665 49.669067 -0.748476 0.074029 0.705758 6.605636 -0.005678
7.755037 -1.203222 3.052096 0.048081 50.514431 -0.771212 0.110993 0.687040 6.518135 -0.005329
7.883039 -1.247864 3.470315 -0.044722 51.348988 -0.794287 0.144584 0.625458 6.439041 -0.004833
8.012039 -1.294593 3.775109 -0.136286 52.169434 -0.817852 0.170256 0.519363 6.395162 -0.006585
8.128038 -1.335833 3.942207 -0.194702 52.915314 -0.840197 0.182992 0.389517 6.369148 -0.005489
8.256038 -1.370777 3.981948 -0.195029 53.728722 -0.865804 0.183619 0.228900 6.350802 -0.004544
8.385037 -1.408270 3.883735 -0.165254 54.541443 -0.892468 0.171367 0.069215 6.357680 -0.006323
8.511036 -1.451300 3.667691 -0.111914 55.348988 -0.919536 0.147922 -0.069712 6.364168 -0.007163
8.636034 -1.507428 3.338473 -0.043406 56.144260 -0.948141 0.115865 -0.180571 6.375705 -0.008116
8.751033 -1.567224 2.963849 0.045571 56.877628 -0.975192 0.080256 -0.261708 6.385688 -0.010679
8.880032 -1.639549 2.512922 0.140881 57.702709 -1.006720 0.038633 -0.338876 6.409618 -0.010279
9.006030 -1.696248 2.054804 0.227400 58.504730 -1.037406 0.001802 -0.409660 6.425873 -0.008437
9.132029 -1.760354 1.616003 0.352878 59.314865 -1.069525 -0.026957 -0.476350 6.441824 -0.010445
9.259027 -1.826609 1.233648 0.562759 60.133671 -1.103071 -0.043205 -0.528828 6.456273 -0.009654
9.387027 -1.887077 0.937491 0.799339 60.959824 -1.138171 -0.043001 -0.554862 6.459408 -0.008685
9.504026 -1.936300 0.761416 1.044217 61.720528 -1.170764 -0.029209 -0.555853 6.448062 -0.006824
9.632026 -1.982015 0.685142 1.272302 62.543819 -1.209371 -0.000631 -0.541471 6.433107 -0.005656
9.761025 -2.024273 0.724460 1.523289 63.370411 -1.249593 0.037819 -0.515935 6.406346 -0.005459
9.878025 -2.053558 0.858363 1.684918 64.116882 -1.286798 0.075755 -0.475751 6.374774 -0.003874
10.008025 -2.081261 1.069785 1.815156 64.935707 -1.328441 0.115826 -0.395888 6.341604 -0.004111
10.137025 -2.101834 1.318941 1.938245 65.750366 -1.370655 0.149051 -0.273185 6.312560 -0.002962
10.255025 -2.113129 1.572982 2.006692 66.493164 -1.408866 0.168532 -0.136077 6.294254 -0.001687
10.384025 -2.119773 1.844714 2.087962 67.302528 -1.449329 0.174830 0.017202 6.271669 -0.000931
10.512024 -2.126383 2.088487 2.119116 68.103012 -1.489513 0.166594 0.149537 6.255566 -0.000956
10.629024 -2.129864 2.279003 2.121402 68.833588 -1.526404 0.147266 0.247377 6.247345 -0.001054
10.758023 -2.138872 2.450953 2.117492 69.637924 -1.566708 0.116600 0.334888 6.239811 -0.001782
10.887023 -2.147395 2.580121 2.060646 70.441162 -1.606913 0.079322 0.405840 6.233800 -0.000074
11.002022 -2.145140 2.650804 2.010170 71.162712 -1.641574 0.042603 0.453020 6.218932 0.001265
11.129021 -2.138986 2.676278 1.949648 71.944908 -1.679072 0.004529 0.480032 6.212753 0.000434
11.254019 -2.144634 2.665543 1.859340 72.726158 -1.716318 -0.028409 0.477902 6.201655 -0.000896
11.385018 -2.158863 2.628569 1.706484 73.530617 -1.753305 -0.053388 0.454395 6.190860 -0.000526
11.501018 -2.162162 2.572237 1.540788 74.246887 -1.787333 -0.065444 0.427200 6.180226 0.001541
11.628016 -2.169030 2.493842 1.343959 75.029892 -1.823386 -0.066904 0.395953 6.171836 -0.000717
11.756016 -2.186850 2.398192 1.129571 75.818352 -1.858995 -0.056302 0.352504 6.161043 -0.001554
11.882014 -2.194210 2.303931 0.880885 76.599525 -1.893495 -0.036127 0.280064 6.149754 0.001322
12.010014 -2.190949 2.228393 0.629457 77.379211 -1.926572 -0.007689 0.173048 6.141544 0.001955
12.126013 -2.181774 2.161495 0.441341 78.089493 -1.956452 0.022677 0.055244 6.125172 0.002571
12.254012 -2.164066 2.082288 0.225450 78.878517 -1.991063 0.056143 -0.076373 6.121079 0.004312
12.383012 -2.134828 2.031344 0.004643 79.661186 -2.025654 0.086383 -0.187971 6.118944 0.005291
12.511011 -2.105516 1.981289 -0.143741 80.443031 -2.059176 0.108989 -0.268062 6.109758 0.004630
12.627010 -2.078533 1.923424 -0.298714 81.157326 -2.089773 0.121252 -0.313198 6.113899 0.004108
12.756010 -2.056669 1.868042 -0.418558 81.946495 -2.122900 0.124007 -0.335966 6.132045 0.002484
12.885010 -2.050065 1.827492 -0.490661 82.732567 -2.154933 0.116833 -0.335536 6.150584 0.001740
13.002009 -2.036876 1.820253 -0.587240 83.452217 -2.185049 0.103640 -0.318384 6.158968 0.002797
13.131009 -2.019849 1.825812 -0.663961 84.246918 -2.220053 0.083310 -0.283276 6.172200 0.002218
13.260009 -1.991426 1.854522 -0.718874 85.042519 -2.256129 0.059900 -0.235591 6.177854 0.004364
13.376008 -1.963647 1.896858 -0.735478 85.764915 -2.289073 0.038814 -0.192697 6.180625 0.004275
13.505008 -1.923494 1.956668 -0.736183 86.554901 -2.325579 0.017974 -0.161100 6.173185 0.005943
13.634007 -1.887807 2.030450 -0.748002 87.349838 -2.363256 0.002415 -0.154528 6.162191 0.005562
13.761006 -1.848596 2.113141 -0.700256 88.136375 -2.399697 -0.006074 -0.166768 6.142023 0.005201
13.878006 -1.807685 2.203925 -0.587664 88.847496 -2.432802 -0.006903 -0.178243 6.129280 0.005051
14.005005 -1.777535 2.294912 -0.461155 89.623978 -2.469341 -0.000298 -0.174048 6.111886 0.002090
14.134005 -1.755623 2.375548 -0.337786 90.409706 -2.506255 0.012681 -0.143966 6.086798 0.001511
14.251004 -1.730243 2.437971 -0.181829 91.126144 -2.540169 0.028092 -0.095216 6.070313 0.002832
14.380004 -1.696972 2.501117 0.025553 91.900414 -2.577117 0.047947 -0.021996 6.048678 0.003726
14.506002 -1.670498 2.542857 0.174903 92.666710 -2.615036 0.069093 0.070501 6.036371 0.002881
14.632001 -1.647596 2.565855 0.308340 93.425613 -2.652818 0.088214 0.179163 6.024263 0.002119
14.761001 -1.627174 2.532683 0.449575 94.195801 -2.690265 0.104976 0.295655 6.022595 0.002582
14.877000 -1.608201 2.461195 0.603436 94.893898 -2.723859 0.116104 0.390305 6.033811 0.002506
15.001998 -1.590914 2.355556 0.754933 95.654861 -2.760860 0.121605 0.462210 6.057561 0.000138
15.128997 -1.590332 2.223385 0.922091 96.418602 -2.798206 0.122014 0.491159 6.078939 -0.001643
15.257997 -1.595783 2.087442 1.031610 97.204399 -2.836444 0.116608 0.477992 6.116366 -0.000482
15.385996 -1.602521 1.963630 1.096476 97.994820 -2.874297 0.107421 0.431882 6.149744 -0.002403
15.503996 -1.616679 1.868581 1.113847 98.715004 -2.908023 0.097522 0.367782 6.175996 -0.002335
15.631995 -1.638611 1.776257 1.075238 99.512787 -2.947512 0.086085 0.275148 6.205609 -0.002124
15.760995 -1.648622 1.718017 1.058715 100.307823 -2.986929 0.075488 0.164134 6.225911 -0.001352
15.877995 -1.659218 1.707049 1.074876 101.036133 -3.022757 0.069425 0.052754 6.235031 -0.001899
16.005995 -1.678027 1.734228 1.052483 101.840019 -3.063075 0.065371 -0.071190 6.240801 -0.002455
16.131989 -1.692202 1.793128 1.018074 102.619247 -3.101745 0.065233 -0.180784 6.238754 -0.001533
16.259981 -1.702073 1.852071 0.969469 103.416344 -3.140768 0.066686 -0.267510 6.233286 -0.001370
16.385975 -1.717810 1.925101 0.910293 104.206650 -3.179678 0.069489 -0.312834 6.226636 -0.002448
16.510969 -1.741817 2.000066 0.859497 104.983131 -3.217706 0.075673 -0.313825 6.213894 -0.003393
16.628963 -1.772247 2.070461 0.777872 105.708336 -3.253596 0.082765 -0.288039 6.200924 -0.004761
16.755957 -1.811186 2.137420 0.682520 106.500603 -3.292629 0.090872 -0.257274 6.196119 -0.004523
16.883949 -1.851921 2.184421 0.566565 107.285896 -3.331437 0.098165 -0.248611 6.187767 -0.006026
17.009943 -1.901108 2.203334 0.430446 108.070221 -3.371299 0.103059 -0.265683 6.182622 -0.006225
17.126936 -1.950949 2.194970 0.315302 108.786545 -3.408272 0.106101 -0.291046 6.186538 -0.006983
17.253929 -2.009482 2.178952 0.207554 109.570915 -3.447020 0.107228 -0.312296 6.181629 -0.008012
17.380922 -2.070398 2.139794 0.044850 110.361961 -3.486021 0.107519 -0.318987 6.194290 -0.007286
17.508915 -2.123620 2.075522 -0.095921 111.148613 -3.523713 0.105512 -0.311951 6.207094 -0.008159
17.625908 -2.187696 2.000757 -0.176473 111.875061 -3.557096 0.103232 -0.294531 6.221249 -0.009748
17.751902 -2.264968 1.921997 -0.248966 112.658180 -3.593509 0.100919 -0.259459 6.224589 -0.010606
17.878895 -2.338567 1.824679 -0.268855 113.455276 -3.630660 0.099105 -0.201601 6.235986 -0.009528
18.006887 -2.408248 1.739180 -0.249999 114.247246 -3.667653 0.097033 -0.121545 6.248755 -0.009870
18.135880 -2.469395 1.656792 -0.187237 115.052193 -3.705669 0.095272 -0.024531 6.243116 -0.009261
18.251873 -2.536267 1.597348 -0.128844 115.782158 -3.740436 0.094048 0.067849 6.252606 -0.011886
18.379866 -2.619365 1.540065 -0.105492 116.581520 -3.778622 0.095523 0.166274 6.252203 -0.011121
18.507858 -2.696211 1.497083 -0.031386 117.381561 -3.815416 0.097830 0.258200 6.253622 -0.010967
18.636850 -2.794134 1.455225 0.005831 118.180794 -3.852943 0.101600 0.339938 6.248719 -0.013813
18.752844 -2.883898 1.417001 0.031886 118.905174 -3.889113 0.105937 0.403113 6.250285 -0.013960
18.879837 -2.976477 1.390233 0.059737 119.704124 -3.930057 0.112233 0.459494 6.248914 -0.012605
19.006830 -3.074979 1.387470 0.100811 120.496666 -3.972087 0.119037 0.500259 6.247879 -0.014292
19.134823 -3.184258 1.406664 0.137872 121.289146 -4.014733 0.123632 0.525571 6.250980 -0.015075
19.259817 -3.290099 1.438889 0.153756 122.068825 -4.058543 0.127232 0.533841 6.244351 -0.015029
19.375811 -3.385290 1.455305 0.151627 122.791847 -4.100815 0.129448 0.521960 6.243428 -0.014545
19.502804 -3.498643 1.502032 0.106918 123.583473 -4.148948 0.128932 0.480929 6.244360 -0.016544
19.630796 -3.627583 1.563556 0.007081 124.380951 -4.199022 0.126068 0.406852 6.239726 -0.017259
19.758789 -3.768017 1.643044 -0.075532 125.177963 -4.250414 0.122554 0.303753 6.236809 -0.019517
19.885782 -3.894751 1.727455 -0.149067 125.967712 -4.301576 0.118822 0.184505 6.225003 -0.016640
20.001776 -4.017863 1.799572 -0.190712 126.694336 -4.349058 0.115448 0.069824 6.219951 -0.019284
20.129768 -4.166475 1.876350 -0.232980 127.482040 -4.401282 0.113066 -0.052699 6.211322 -0.020373
20.256762 -4.319698 1.919788 -0.265742 128.267868 -4.453624 0.111244 -0.168506 6.188961 -0.020922
20.384754 -4.462810 1.939611 -0.294006 129.057007 -4.506649 0.108608 -0.277728 6.175962 -0.018708
20.500748 -4.590431 1.934006 -0.293826 129.777740 -4.554144 0.107067 -0.371583 6.169168 -0.019343
20.628740 -4.727117 1.906910 -0.252395 130.558838 -4.605978 0.105008 -0.466727 6.159702 -0.019298
20.756733 -4.880795 1.853488 -0.236227 131.351379 -4.660625 0.102715 -0.549357 6.156918 -0.022519
20.885725 -5.063838 1.768989 -0.232494 132.136505 -4.715393 0.100554 -0.604460 6.144341 -0.024484
21.002718 -5.227464 1.676009 -0.244625 132.858688 -4.766749 0.099388 -0.621337 6.130325 -0.024070
21.130711 -5.405511 1.585182 -0.309369 133.634720 -4.824784 0.100589 -0.600837 6.122273 -0.023965
21.256704 -5.577928 1.492360 -0.315767 134.409973 -4.882510 0.104754 -0.549225 6.120876 -0.024316
21.384697 -5.760509 1.387867 -0.329614 135.185089 -4.939186 0.109912 -0.481945 6.117323 -0.025405
21.500690 -5.937502 1.299210 -0.360388 135.898621 -4.992616 0.114059 -0.413134 6.114657 -0.027061
21.629683 -6.136924 1.206835 -0.416824 136.678528 -5.053833 0.117769 -0.325258 6.109595 -0.027078
21.754677 -6.335600 1.133798 -0.454210 137.439590 -5.115685 0.122015 -0.218041 6.105604 -0.028413
21.878672 -6.548708 1.085634 -0.479623 138.199814 -5.178081 0.126517 -0.089812 6.100833 -0.029653
22.005665 -6.756679 1.054218 -0.436858 138.971039 -5.242192 0.130449 0.049276 6.090631 -0.028742
22.133657 -6.964195 1.041104 -0.407878 139.748260 -5.308867 0.133840 0.179366 6.096921 -0.027598
22.259651 -7.150376 1.052185 -0.393135 140.513855 -5.376454 0.135671 0.285292 6.097939 -0.025476
22.384645 -7.344617 1.080598 -0.391632 141.272568 -5.445142 0.136113 0.368919 6.087286 -0.028024
22.501638 -7.530746 1.129270 -0.410287 141.975327 -5.510093 0.134642 0.428878 6.081125 -0.028260
22.629631 -7.750541 1.195404 -0.418398 142.750153 -5.582359 0.131235 0.473122 6.076744 -0.031104
22.756624 -7.973351 1.265740 -0.422574 143.523422 -5.656247 0.126423 0.489511 6.063665 -0.029899
22.882618 -8.191619 1.340244 -0.376974 144.282516 -5.729823 0.120176 0.480429 6.044235 -0.030242
23.007612 -8.410757 1.407923 -0.360945 145.027237 -5.803679 0.112319 0.456918 6.026181 -0.031469
23.135605 -8.638468 1.456802 -0.372896 145.793381 -5.880754 0.103124 0.427302 6.004472 -0.031613
23.250599 -8.857955 1.490121 -0.374182 146.485046 -5.951448 0.095349 0.396245 5.984077 -0.034146
23.378592 -9.113427 1.490548 -0.341126 147.238739 -6.031257 0.087490 0.350589 5.959847 -0.036043
23.506584 -9.374035 1.475780 -0.276158 147.995987 -6.113374 0.080697 0.286237 5.943243 -0.036064
23.632578 -9.641891 1.447973 -0.228404 148.745499 -6.195969 0.076285 0.205320 5.932203 -0.038189
23.759571 -9.918104 1.419088 -0.201993 149.486679 -6.279377 0.074939 0.116427 5.910731 -0.038882
23.885565 -10.211894 1.375927 -0.243859 150.225021 -6.365162 0.075644 0.023512 5.889987 -0.041826
24.000559 -10.504893 1.332831 -0.303175 150.896820 -6.445481 0.077507 -0.062887 5.878214 -0.045799
24.127552 -10.846036 1.286176 -0.362452 151.636765 -6.535062 0.081429 -0.160061 5.859849 -0.047799
24.253546 -11.207985 1.237296 -0.487454 152.373611 -6.625697 0.086441 -0.253327 5.833916 -0.051618
24.381538 -11.600889 1.174843 -0.657477 153.107422 -6.717858 0.091197 -0.331941 5.818820 -0.054667
24.507532 -12.016970 1.117099 -0.819106 153.839951 -6.811318 0.096009 -0.384487 5.810187 -0.057084
24.635525 -12.458293 1.053565 -0.993826 154.570251 -6.906896 0.099913 -0.402317 5.795121 -0.062004
24.750519 -12.875191 1.011045 -1.156343 155.236526 -6.997698 0.102476 -0.387994 5.795556 -0.063544
24.877512 -13.346278 0.982571 -1.378273 155.965363 -7.099669 0.103758 -0.347019 5.792184 -0.065998
25.003506 -13.836084 0.965736 -1.553977 156.686966 -7.204130 0.102464 -0.295516 5.781844 -0.067736
25.129499 -14.345786 0.966299 -1.728985 157.406311 -7.311260 0.098654 -0.249083 5.767972 -0.071817
25.255493 -14.868080 0.982983 -1.923941 158.124542 -7.421182 0.091234 -0.214044 5.766067 -0.071003
25.382486 -15.400286 1.012350 -2.110647 158.841385 -7.533259 0.080782 -0.186834 5.748922 -0.075561
25.508480 -15.958305 1.070805 -2.257246 159.555222 -7.647446 0.068994 -0.159294 5.726509 -0.078146
25.632475 -16.511328 1.141834 -2.363592 160.253922 -7.762353 0.057272 -0.124177 5.702901 -0.077448
25.755470 -17.081623 1.257373 -2.540556 160.949783 -7.880398 0.046157 -0.077739 5.679772 -0.082068
25.880465 -17.682293 1.406954 -2.716691 161.647278 -8.001282 0.036581 -0.016070 5.654175 -0.084473
26.004459 -18.287909 1.564498 -2.870041 162.329636 -8.122764 0.029112 0.057225 5.619687 -0.086683
26.130453 -18.929707 1.749043 -3.065162 163.024139 -8.251165 0.023631 0.138810 5.593758 -0.089421
26.254448 -19.576515 1.934590 -3.232506 163.708359 -8.382284 0.019740 0.214849 5.558056 -0.089554
26.379442 -20.235914 2.118277 -3.448647 164.382782 -8.515430 0.016662 0.274065 5.535442 -0.092460
26.503437 -20.901728 2.277345 -3.719410 165.053528 -8.651922 0.014302 0.308988 5.508459 -0.092934
26.629431 -21.599731 2.429801 -4.060740 165.730606 -8.795240 0.011251 0.316650 5.481205 -0.096239
26.755424 -22.316402 2.561788 -4.366496 166.403946 -8.941180 0.007750 0.298381 5.459200 -0.098063
26.881418 -23.050987 2.678478 -4.670997 167.074051 -9.089719 0.003176 0.264044 5.439885 -0.101034
27.007412 -23.800978 2.790692 -4.967190 167.746399 -9.242765 -0.000990 0.226011 5.421078 -0.102037
27.133406 -24.551174 2.884084 -5.232907 168.404205 -9.397404 -0.004730 0.193818 5.396945 -0.102771
27.258400 -25.331913 2.970721 -5.546929 169.063248 -9.557538 -0.007974 0.165042 5.372711 -0.108089
27.384394 -26.147095 3.048807 -5.834692 169.717957 -9.721704 -0.011204 0.130928 5.346142 -0.113008
27.506390 -26.968815 3.109360 -6.145879 170.348068 -9.883423 -0.012808 0.087351 5.324635 -0.116807
27.630384 -27.826817 3.165271 -6.463444 170.984467 -10.051332 -0.015063 0.031795 5.300685 -0.119655
27.756378 -28.717113 3.228429 -6.795859 171.621902 -10.225360 -0.018548 -0.033487 5.273240 -0.122335
27.881372 -29.628012 3.302579 -7.081450 172.260345 -10.403646 -0.022644 -0.105128 5.249803 -0.125285
28.005367 -30.546642 3.396113 -7.386413 172.884079 -10.582963 -0.024936 -0.173469 5.220306 -0.127870
28.128363 -31.479584 3.507906 -7.683188 173.497589 -10.765132 -0.026872 -0.227838 5.190274 -0.130323
28.251358 -32.401077 3.618332 -7.956237 174.100662 -10.948656 -0.028523 -0.254984 5.154411 -0.129869
28.376352 -33.362850 3.742402 -8.252187 174.713821 -11.140561 -0.027466 -0.250684 5.131027 -0.131442
28.501347 -34.334499 3.888455 -8.633225 175.327362 -11.337821 -0.026323 -0.225041 5.102611 -0.131179
28.627340 -35.300861 4.031985 -8.989594 175.935410 -11.538668 -0.025110 -0.198419 5.070190 -0.130397
28.753334 -36.255272 4.154212 -9.339860 176.533051 -11.742102 -0.023201 -0.184836 5.039298 -0.129149
28.878328 -37.225910 4.271507 -9.747614 177.131470 -11.950299 -0.020458 -0.181114 5.018207 -0.131607
29.004322 -38.204407 4.368909 -10.164765 177.725403 -12.161487 -0.015820 -0.171930 4.992407 -0.130455
29.130316 -39.184742 4.453423 -10.631577 178.315948 -12.375561 -0.009673 -0.144239 4.977660 -0.130672
29.253311 -40.133057 4.521045 -11.150523 178.889709 -12.587270 -0.000286 -0.099444 4.965271 -0.127562
29.375307 -41.065876 4.576389 -11.712825 179.455933 -12.799674 0.010491 -0.045808 4.949868 -0.126408
29.502300 -42.025871 4.617515 -12.289361 180.037598 -13.021521 0.023530 0.010157 4.934454 -0.127433
29.628294 -42.988064 4.658202 -12.843699 180.616333 -13.245903 0.038544 0.064780 4.923303 -0.125315
29.753288 -43.940899 4.716934 -13.409126 181.192307 -13.473157 0.056231 0.114626 4.912697 -0.125609
29.878283 -44.877380 4.778761 -13.950086 181.762329 -13.701184 0.075073 0.153283 4.907185 -0.123838
30.004276 -45.801800 4.837535 -14.495565 182.329971 -13.930820 0.093876 0.173498 4.897099 -0.121890
30.128271 -46.708481 4.898566 -15.082444 182.895569 -14.162501 0.114700 0.176478 4.883260 -0.118204
30.250267 -47.566048 4.958790 -15.644166 183.445190 -14.390854 0.136575 0.172316 4.875419 -0.114724
30.375261 -48.423458 5.044592 -16.176474 184.002945 -14.625133 0.161796 0.170345 4.882184 -0.113200
30.500256 -49.269093 5.136324 -16.739370 184.568527 -14.865522 0.189626 0.173813 4.878106 -0.108041
30.626249 -50.077042 5.229355 -17.344376 185.127167 -15.106293 0.218760 0.180906 4.863087 -0.103453
30.751244 -50.860622 5.300268 -17.923723 185.689316 -15.350447 0.249546 0.191886 4.864391 -0.099889
30.878237 -51.622093 5.350795 -18.456898 186.250763 -15.597520 0.280819 0.206629 4.872233 -0.097714
31.004230 -52.366642 5.375675 -18.962479 186.812286 -15.846282 0.312276 0.218829 4.878733 -0.095578
31.128225 -53.093216 5.398952 -19.470566 187.367691 -16.094782 0.345333 0.214625 4.864791 -0.093963
31.253220 -53.783909 5.399786 -19.949678 187.916733 -16.343227 0.377817 0.180513 4.857475 -0.089355
31.377214 -54.465027 5.366253 -20.419333 188.469833 -16.596619 0.410167 0.111874 4.875997 -0.087971
31.500210 -55.109268 5.297200 -20.855988 189.013947 -16.847065 0.441002 0.016317 4.873052 -0.083557
31.635204 -55.786842 5.181953 -21.282682 189.610779 -17.124460 0.472322 -0.108347 4.876861 -0.080932
31.761198 -56.379318 5.041851 -21.579588 190.163223 -17.384027 0.499210 -0.226894 4.885303 -0.078322
31.875193 -56.909878 4.881079 -21.796402 190.670258 -17.626005 0.523255 -0.324834 4.881113 -0.074715
32.001186 -57.444767 4.670892 -22.002733 191.222977 -17.894285 0.548411 -0.405116 4.874627 -0.068843
32.127201 -57.936737 4.460655 -22.164949 191.769867 -18.163706 0.572466 -0.446119 4.880297 -0.064570
32.252216 -58.386505 4.242525 -22.258888 192.319946 -18.438553 0.595211 -0.445460 4.875026 -0.058365
32.377232 -58.785870 4.017378 -22.232929 192.863327 -18.714773 0.616565 -0.406196 4.879931 -0.054437
32.504246 -59.136078 3.775143 -22.094406 193.409164 -18.997488 0.637212 -0.333064 4.879736 -0.047734
32.630260 -59.446075 3.518723 -21.864374 193.952103 -19.284576 0.658266 -0.235782 4.873978 -0.042772
32.755276 -59.717255 3.276501 -21.565876 194.491974 -19.576332 0.679404 -0.128262 4.871032 -0.038474
32.881290 -59.936638 3.041749 -21.194065 195.028992 -19.873774 0.700864 -0.024308 4.872761 -0.029913
33.007305 -60.103249 2.804332 -20.707148 195.562317 -20.176119 0.721965 0.065866 4.863672 -0.023620
33.133320 -60.218712 2.558732 -20.107409 196.091095 -20.483845 0.740919 0.139303 4.848103 -0.017532
33.260334 -60.290478 2.305546 -19.396181 196.615540 -20.797956 0.757404 0.195995 4.852922 -0.011632
33.385349 -60.320679 2.055261 -18.547075 197.135834 -21.119495 0.769843 0.236976 4.852607 -0.006871
33.508366 -60.312653 1.817708 -17.583424 197.634308 -21.437332 0.777515 0.261887 4.842333 -0.001626
33.631382 -60.270695 1.573928 -16.462919 198.131363 -21.765242 0.781430 0.275088 4.839778 0.002808
33.755398 -60.205456 1.298229 -15.205984 198.630341 -22.107260 0.782704 0.277662 4.842936 0.006166
33.880413 -60.111053 1.009766 -13.829478 199.124054 -22.457834 0.780842 0.270257 4.846735 0.011231
34.005428 -59.978214 0.704061 -12.369040 199.611023 -22.818417 0.775116 0.258050 4.852640 0.018440
34.130444 -59.800526 0.392557 -10.833008 200.091309 -23.189732 0.765912 0.251512 4.857927 0.024708
34.256458 -59.594406 0.075422 -9.245935 200.563293 -23.572874 0.750358 0.262623 4.868080 0.029476
34.380474 -59.364185 -0.249929 -7.560277 201.028259 -23.967196 0.730210 0.292487 4.887407 0.034498
34.504490 -59.094120 -0.589294 -5.860136 201.478439 -24.368086 0.706313 0.324968 4.910583 0.042842
34.629505 -58.787895 -0.950207 -4.078679 201.931381 -24.791838 0.678718 0.334625 4.930448 0.048086
34.755520 -58.448162 -1.330968 -2.256998 202.372635 -25.225639 0.647987 0.296437 4.965538 0.053963
34.881535 -58.090466 -1.720865 -0.339084 202.810486 -25.676605 0.612042 0.198652 5.002419 0.058269
35.006550 -57.708092 -2.112510 1.600351 203.240128 -26.141405 0.573948 0.049314 5.038056 0.065059
35.132565 -57.311108 -2.521282 3.506952 203.657928 -26.616779 0.534034 -0.127357 5.082033 0.068617
35.256580 -56.904469 -2.929102 5.431762 204.065826 -27.100620 0.493852 -0.305295 5.118154 0.070870
35.381596 -56.486019 -3.332797 7.343308 204.471512 -27.606581 0.453059 -0.469657 5.167139 0.074244
35.507610 -56.058735 -3.700398 9.156470 204.867722 -28.126942 0.412346 -0.602807 5.208222 0.075164
35.632622 -55.638668 -4.030925 10.852255 205.249313 -28.651817 0.374973 -0.695732 5.251462 0.075441
35.758636 -55.202202 -4.302653 12.437091 205.631287 -29.201778 0.340097 -0.742843 5.285952 0.075116
35.884651 -54.779667 -4.489418 13.809826 205.999802 -29.759239 0.306920 -0.733688 5.318507 0.071252
36.007668 -54.387959 -4.591377 14.926904 206.350769 -30.313770 0.276865 -0.669505 5.344158 0.066429
36.132683 -54.017559 -4.595728 15.854841 206.697647 -30.880150 0.249371 -0.557065 5.363859 0.058805
36.258698 -53.681301 -4.492741 16.525637 207.043213 -31.462029 0.223410 -0.406820 5.378359 0.050251
36.385712 -53.389011 -4.266546 16.861330 207.383957 -32.054016 0.199019 -0.231682 5.374402 0.038572
36.509727 -53.161732 -3.908371 16.811348 207.711060 -32.633556 0.175135 -0.053071 5.360965 0.025706
36.635742 -52.999889 -3.438726 16.393003 208.039703 -33.228710 0.151317 0.118378 5.346518 0.013890
36.750755 -52.914749 -2.929374 15.754228 208.334030 -33.766621 0.129832 0.248312 5.324173 0.003294
36.877769 -52.896984 -2.299809 14.719680 208.653656 -34.353947 0.106134 0.357266 5.296880 -0.008724
37.005783 -52.961403 -1.623746 13.408266 208.975967 -34.947811 0.082910 0.441833 5.265750 -0.019520
37.129799 -53.115498 -0.947859 11.912641 209.290695 -35.523796 0.061645 0.514891 5.242051 -0.031284
37.255814 -53.359779 -0.277946 10.198903 209.605469 -36.095543 0.042401 0.586454 5.206776 -0.041179
37.381828 -53.703247 0.351976 8.311377 209.922958 -36.668320 0.025624 0.652878 5.190104 -0.051814
37.505840 -54.147240 0.902862 6.290823 210.241379 -37.232956 0.012276 0.701929 5.183008 -0.063987
37.630856 -54.694202 1.355629 4.182178 210.564362 -37.794449 0.003907 0.723159 5.183211 -0.074385
37.757870 -55.349640 1.725810 1.989410 210.897430 -38.357555 0.002933 0.705576 5.199416 -0.086618
37.882885 -56.084885 1.994834 -0.313449 211.237137 -38.919304 0.009525 0.638522 5.218707 -0.094075
38.008900 -56.878178 2.172108 -2.625711 211.584717 -39.479996 0.023764 0.518202 5.250646 -0.101437
38.132915 -57.710167 2.256764 -4.864999 211.936737 -40.030807 0.045521 0.358502 5.288778 -0.107305
38.257931 -58.586159 2.239791 -7.029290 212.298401 -40.582191 0.076262 0.181410 5.341383 -0.114820
38.380943 -59.499252 2.139824 -9.060007 212.671402 -41.134918 0.114735 0.011888 5.398533 -0.118667
38.505959 -60.416611 1.989723 -10.962487 213.054642 -41.688679 0.161108 -0.138098 5.454989 -0.120657
38.630974 -61.344593 1.781730 -12.710879 213.450867 -42.249130 0.212570 -0.269506 5.515869 -0.121106
38.754990 -62.250195 1.542528 -14.135430 213.858643 -42.810085 0.266450 -0.388679 5.570710 -0.119610
38.880005 -63.136303 1.302250 -15.318552 214.273376 -43.368130 0.321334 -0.499514 5.627544 -0.119862
39.005020 -64.004532 1.061365 -16.240335 214.701523 -43.931503 0.373848 -0.599836 5.684552 -0.117638
39.128036 -64.844017 0.861278 -16.918707 215.133423 -44.491970 0.422613 -0.676456 5.720200 -0.115917
39.253052 -65.655968 0.714192 -17.394573 215.570709 -45.053066 0.465607 -0.718297 5.751890 -0.110906
39.377068 -66.431175 0.629295 -17.686201 216.016098 -45.618671 0.502671 -0.720208 5.765019 -0.105506
39.504078 -67.161217 0.613301 -17.761763 216.464050 -46.184685 0.531345 -0.685288 5.779928 -0.099454
39.628094 -67.853012 0.671151 -17.653345 216.915665 -46.755817 0.547751 -0.621134 5.772170 -0.094128
39.754108 -68.502853 0.818569 -17.380379 217.362213 -47.320923 0.553579 -0.533085 5.754710 -0.087526
39.880123 -69.102722 1.015173 -16.932764 217.815216 -47.892963 0.550790 -0.419005 5.739014 -0.080258
40.007137 -69.643295 1.248190 -16.349180 218.260529 -48.458462 0.537843 -0.282961 5.695207 -0.073429
40.132149 -70.126007 1.488835 -15.680436 218.697556 -49.016201 0.518785 -0.136440 5.653389 -0.067341
40.257164 -70.560303 1.735419 -14.891407 219.129105 -49.571598 0.495534 0.004419 5.608877 -0.061501
40.381180 -70.954811 1.966984 -13.981870 219.553482 -50.124958 0.469882 0.124945 5.558734 -0.057554
40.506195 -71.308746 2.157077 -13.002766 219.967087 -50.672478 0.445269 0.220507 5.509166 -0.053435
40.631207 -71.632050 2.296431 -11.966466 220.372314 -51.218632 0.422994 0.298754 5.468641 -0.049776
40.755222 -71.930687 2.371945 -10.867834 220.772110 -51.768772 0.401940 0.369804 5.420533 -0.045973
40.880238 -72.200531 2.356446 -9.713005 221.165146 -52.324368 0.384590 0.437890 5.387256 -0.042708
41.006252 -72.437553 2.248689 -8.531383 221.547989 -52.881832 0.373077 0.497353 5.356642 -0.036921
41.132267 -72.635124 2.044801 -7.291766 221.920654 -53.441322 0.367547 0.537894 5.326430 -0.032204
41.255283 -72.804268 1.759493 -6.009603 222.275848 -53.991051 0.365559 0.551753 5.318083 -0.027814
41.378300 -72.942894 1.410495 -4.696409 222.621475 -54.546051 0.365819 0.540916 5.312222 -0.022508
41.504314 -73.059601 1.011204 -3.432636 222.963867 -55.121449 0.367384 0.513005 5.319339 -0.017083
41.629330 -73.147614 0.578712 -2.213886 223.293808 -55.699501 0.368837 0.477475 5.328228 -0.013117
41.755344 -73.227646 0.129226 -1.043663 223.613525 -56.285591 0.367488 0.435672 5.351453 -0.011360
41.880360 -73.300262 -0.318124 0.107060 223.926468 -56.885593 0.362568 0.381642 5.385280 -0.008924
42.005375 -73.367836 -0.762861 1.228401 224.226959 -57.491158 0.351686 0.309655 5.424910 -0.007168
42.130390 -73.432053 -1.185535 2.272792 224.517654 -58.107185 0.335658 0.219850 5.468558 -0.005307
42.255405 -73.495674 -1.545660 3.220051 224.799683 -58.733658 0.314698 0.115699 5.514543 -0.005969
42.381420 -73.575226 -1.828479 4.094171 225.075653 -59.374908 0.289423 0.000034 5.555519 -0.007885
42.505432 -73.654877 -2.003113 4.878565 225.338165 -60.009350 0.263375 -0.122100 5.600044 -0.007163
42.627445 -73.738617 -2.083324 5.546619 225.594131 -60.651348 0.237301 -0.247049 5.632076 -0.009624
42.761463 -73.841171 -2.048263 6.125385 225.866104 -61.358238 0.209860 -0.373312 5.665879 -0.011122
42.885475 -73.953064 -1.904335 6.481160 226.113251 -62.017941 0.188037 -0.467786 5.689508 -0.016009
43.011490 -74.096420 -1.661684 6.632061 226.359482 -62.686306 0.171461 -0.537575 5.704856 -0.021262
43.136505 -74.273933 -1.329226 6.574866 226.605606 -63.362617 0.161989 -0.589379 5.716498 -0.025961
43.251518 -74.453423 -0.958021 6.380888 226.828430 -63.975903 0.158450 -0.627786 5.728003 -0.029004
43.377533 -74.673347 -0.486091 5.967970 227.076553 -64.654686 0.160175 -0.659963 5.737529 -0.031808
43.503548 -74.912697 0.017070 5.335083 227.329163 -65.337852 0.168512 -0.667442 5.733764 -0.034191
43.629562 -75.173859 0.526012 4.464540 227.581879 -66.014595 0.181080 -0.630625 5.734813 -0.036800
43.756577 -75.484962 1.020860 3.415006 227.840576 -66.694191 0.198244 -0.538077 5.723015 -0.043324
43.884590 -75.849670 1.467113 2.169096 228.103836 -67.370766 0.218162 -0.393242 5.713065 -0.047705
44.010605 -76.251160 1.838432 0.798900 228.369873 -68.039925 0.238844 -0.215693 5.718157 -0.052211
44.136620 -76.687302 2.116944 -0.604777 228.642349 -68.708519 0.260115 -0.026114 5.738978 -0.054671
44.262634 -77.151527 2.297122 -2.078454 228.918304 -69.377510 0.279465 0.155042 5.746831 -0.057896
44.377647 -77.594521 2.352504 -3.453540 229.173538 -69.988991 0.293002 0.299939 5.771740 -0.058964
44.503662 -78.078850 2.327487 -4.981977 229.457581 -70.660278 0.303994 0.427825 5.796723 -0.058395
44.629677 -78.554680 2.192525 -6.468234 229.745682 -71.333908 0.310660 0.521289 5.828109 -0.057283
44.755692 -79.010857 1.975081 -7.887836 230.038712 -72.015465 0.313743 0.589887 5.850707 -0.054861
44.882706 -79.442230 1.720113 -9.202881 230.331055 -72.693840 0.311387 0.644622 5.871884 -0.053228
45.006721 -79.840752 1.462259 -10.332715 230.619202 -73.364876 0.305705 0.689317 5.899848 -0.050530
45.132736 -80.208038 1.204312 -11.334712 230.911331 -74.049339 0.296338 0.714119 5.912855 -0.045485
45.258751 -80.538727 0.995895 -12.077428 231.204010 -74.741211 0.283567 0.697603 5.921125 -0.041956
45.384766 -80.823906 0.856929 -12.598803 231.488449 -75.425179 0.269719 0.628902 5.925873 -0.035748
45.509781 -81.070930 0.784618 -12.948205 231.769623 -76.115883 0.253994 0.513282 5.912520 -0.031958
45.632797 -81.283257 0.780103 -13.054556 232.038055 -76.790741 0.237287 0.373247 5.903198 -0.027658
45.755814 -81.458145 0.844371 -12.927534 232.300323 -77.466835 0.218879 0.220881 5.888505 -0.022332
45.881828 -81.599701 0.979186 -12.624833 232.558960 -78.154449 0.200425 0.057642 5.867496 -0.018850
46.005844 -81.694099 1.174708 -12.121292 232.811325 -78.842140 0.182013 -0.112245 5.856642 -0.012136
46.129856 -81.739990 1.408377 -11.440935 233.053955 -79.519348 0.164807 -0.278422 5.840211 -0.006494
46.254871 -81.747101 1.644860 -10.602225 233.293610 -80.207161 0.147532 -0.432914 5.817317 -0.001776
46.377888 -81.710640 1.854508 -9.618387 233.525391 -80.889084 0.132817 -0.558362 5.804243 0.002835
46.511906 -81.620079 2.039219 -8.487100 233.769867 -81.626640 0.120976 -0.655211 5.796830 0.009129
46.636921 -81.501335 2.122374 -7.422358 233.994186 -82.314186 0.114907 -0.707486 5.778751 0.012883
46.761936 -81.342796 2.126137 -6.382743 234.213852 -82.995621 0.115862 -0.722890 5.773797 0.019664
46.884953 -81.150124 2.048833 -5.350981 234.430267 -83.671265 0.126509 -0.702358 5.767182 0.023177
47.007965 -80.928741 1.875799 -4.336202 234.650116 -84.352814 0.150336 -0.646837 5.781435 0.028223
47.131977 -80.678421 1.597618 -3.339100 234.873123 -85.035088 0.187755 -0.560105 5.793595 0.032546
47.254993 -80.411003 1.233171 -2.464449 235.097382 -85.712135 0.240720 -0.448570 5.807147 0.036375
47.378010 -80.135597 0.798803 -1.677740 235.325684 -86.390350 0.307218 -0.320424 5.822158 0.037940
47.502026 -79.846062 0.322886 -0.954820 235.558319 -87.068909 0.384128 -0.187460 5.838556 0.040310
47.628040 -79.553833 -0.178591 -0.297208 235.802063 -87.771477 0.470735 -0.058235 5.870118 0.040707
47.752056 -79.279854 -0.689869 0.204867 236.043732 -88.459877 0.558976 0.051063 5.893986 0.037857
47.887074 -78.998337 -1.234265 0.662459 236.310822 -89.212250 0.653618 0.151115 5.929539 0.035897
48.004086 -78.780869 -1.681278 1.029205 236.543091 -89.862022 0.730821 0.225988 5.964525 0.033684
48.129101 -78.558548 -2.094432 1.398191 236.796600 -90.572807 0.804256 0.305718 6.009416 0.031715
48.256115 -78.359001 -2.431136 1.693716 237.050522 -91.290169 0.862647 0.385344 6.061662 0.027788
48.380131 -78.179237 -2.695369 1.962381 237.302139 -92.009186 0.902268 0.460692 6.119014 0.026056
48.504147 -78.014320 -2.878859 2.216149 237.550354 -92.730217 0.920053 0.523592 6.173600 0.024151
48.638165 -77.852470 -2.977693 2.441598 237.813431 -93.511436 0.914175 0.573386 6.216307 0.021547
48.752178 -77.715675 -2.980675 2.593627 238.036301 -94.192886 0.887582 0.602929 6.244501 0.021448
48.878193 -77.578384 -2.886927 2.760145 238.274796 -94.944801 0.836674 0.624534 6.268379 0.019047
49.003208 -77.458801 -2.712812 2.931672 238.503693 -95.694954 0.768685 0.633447 6.276190 0.017036
49.128223 -77.350937 -2.464908 3.127467 238.722885 -96.448059 0.687334 0.618674 6.274964 0.015772
49.254238 -77.253075 -2.158045 3.327891 238.930756 -97.203148 0.595292 0.564224 6.256287 0.014148
49.378254 -77.157707 -1.806976 3.584089 239.126053 -97.952202 0.494956 0.462270 6.228802 0.014819
49.502270 -77.057365 -1.412771 3.943197 239.308990 -98.707497 0.388549 0.316827 6.205113 0.015995
49.627285 -76.951645 -1.015637 4.367170 239.475723 -99.462379 0.280893 0.148177 6.174076 0.016131
49.760303 -76.848145 -0.611654 4.915999 239.637451 -100.264877 0.167295 -0.032522 6.140266 0.013973
49.885319 -76.758018 -0.278094 5.483412 239.774902 -101.018806 0.063245 -0.188009 6.121727 0.011977
50.010334 -76.679405 0.008201 6.039524 239.898041 -101.773003 -0.036320 -0.327063 6.111800 0.010792
50.136349 -76.607658 0.246662 6.556651 240.008713 -102.527840 -0.128755 -0.451425 6.099552 0.008840
50.261364 -76.553474 0.420555 6.948120 240.107010 -103.284683 -0.212996 -0.560418 6.108622 0.005542
50.385376 -76.528091 0.545807 7.215033 240.195770 -104.049301 -0.285975 -0.647564 6.111420 0.000760
50.510391 -76.533836 0.633318 7.355772 240.277878 -104.802650 -0.342311 -0.703909 6.110429 -0.002489
50.635406 -76.573013 0.695917 7.290629 240.357727 -105.562668 -0.378418 -0.728740 6.112598 -0.007018
50.760422 -76.656555 0.756471 6.992888 240.438171 -106.323166 -0.392380 -0.721606 6.120632 -0.014507
50.885437 -76.795807 0.838267 6.415262 240.525360 -107.082489 -0.382262 -0.680977 6.112988 -0.020132
51.011452 -76.970245 0.926876 5.524894 240.624100 -107.838959 -0.347067 -0.605364 6.096921 -0.023916
51.136467 -77.177925 1.028941 4.389343 240.739532 -108.596397 -0.285770 -0.498481 6.066624 -0.027625
51.262482 -77.416992 1.146218 2.999244 240.872971 -109.346184 -0.199537 -0.373717 6.030976 -0.031302
51.388496 -77.682373 1.251810 1.397215 241.025497 -110.081406 -0.092187 -0.245832 5.991271 -0.033355
51.502510 -77.949463 1.334525 -0.219158 241.184647 -110.749687 0.021137 -0.127362 5.961085 -0.036021
51.627525 -78.263245 1.405614 -2.067396 241.377991 -111.465492 0.154764 0.008288 5.916116 -0.038618
51.753540 -78.594589 1.430478 -4.063758 241.592728 -112.177841 0.293367 0.154284 5.892886 -0.038553
51.879555 -78.923088 1.418203 -6.057906 241.826691 -112.881653 0.431423 0.299414 5.885902 -0.039464
52.005569 -79.251129 1.371758 -7.988671 242.079208 -113.579521 0.562114 0.425476 5.898373 -0.038385
52.132584 -79.566093 1.278817 -9.879169 242.347382 -114.273331 0.680181 0.518397 5.906275 -0.036507
52.258598 -79.850288 1.146696 -11.683301 242.629974 -114.964890 0.780210 0.573560 5.948084 -0.033349
52.383614 -80.100632 0.983352 -13.322934 242.926605 -115.657471 0.861418 0.591420 6.002039 -0.028840
52.509628 -80.321442 0.803889 -14.790698 243.232666 -116.346741 0.922549 0.576575 6.059812 -0.025674
52.634644 -80.508247 0.621341 -16.118160 243.550430 -117.045593 0.966350 0.537723 6.118457 -0.021966
52.760658 -80.662155 0.443305 -17.215548 243.872742 -117.742882 0.991182 0.487133 6.164188 -0.018049
52.885674 -80.768852 0.282689 -18.086733 244.202103 -118.449593 1.000422 0.431970 6.199848 -0.011644
53.010689 -80.838982 0.132777 -18.687145 244.529510 -119.153282 0.995275 0.371523 6.215607 -0.007908
53.136703 -80.881264 0.020818 -19.017704 244.855148 -119.859154 0.978326 0.299440 6.217959 -0.004279
53.259720 -80.898155 -0.054173 -19.006231 245.173492 -120.560272 0.951546 0.215877 6.205112 -0.001688
53.381733 -80.898888 -0.087345 -18.662485 245.480072 -121.250420 0.916835 0.129812 6.179205 0.001875
53.503746 -80.874123 -0.086597 -18.016577 245.777100 -121.941185 0.876496 0.048120 6.152012 0.005813
53.627762 -80.819618 -0.046798 -17.025398 246.065643 -122.644356 0.831360 -0.027331 6.112049 0.009541
53.760777 -80.727036 0.025871 -15.589526 246.357300 -123.400139 0.777190 -0.106340 6.077506 0.013674
53.882793 -80.615181 0.098833 -13.966278 246.606094 -124.095749 0.720504 -0.183655 6.043180 0.016745
54.005810 -80.494591 0.189531 -12.052767 246.836121 -124.800713 0.654923 -0.265918 6.020779 0.016324
54.130825 -80.359421 0.285787 -9.844332 247.047562 -125.522011 0.577540 -0.342007 6.010317 0.017814
54.256840 -80.230293 0.365871 -7.357968 247.234665 -126.254745 0.486506 -0.395983 6.001354 0.015914
54.381855 -80.102333 0.425671 -4.711166 247.393600 -126.988213 0.382554 -0.417611 6.007834 0.015597
54.507870 -79.980225 0.446261 -1.950771 247.526733 -127.728638 0.262805 -0.410703 6.027722 0.013480
54.632885 -79.867668 0.427240 0.928261 247.636215 -128.481827 0.128336 -0.385279 6.047422 0.011623
54.758900 -79.780060 0.362457 3.848412 247.722351 -129.239624 -0.019642 -0.349260 6.060637 0.008396
54.883915 -79.722839 0.252681 6.691927 247.785294 -129.995102 -0.174498 -0.305149 6.067469 0.003321
55.009930 -79.697563 0.133877 9.466218 247.832352 -130.751404 -0.329624 -0.252639 6.057615 0.000278
55.134945 -79.715477 0.023047 11.992949 247.868393 -131.511612 -0.474217 -0.196100 6.024744 -0.004269
55.258957 -79.758720 -0.054180 14.027679 247.900284 -132.255600 -0.590813 -0.147252 5.991284 -0.007064
55.381973 -79.823914 -0.069519 15.476654 247.936172 -132.987610 -0.669444 -0.112861 5.936461 -0.010291
55.504986 -79.911682 -0.006258 16.284817 247.983627 -133.712479 -0.702430 -0.089813 5.886111 -0.015018
55.628002 -80.039879 0.133138 16.592089 248.048752 -134.429352 -0.683848 -0.068745 5.823944 -0.020334
55.763020 -80.220741 0.352240 16.403267 248.146439 -135.202591 -0.599822 -0.030241 5.734142 -0.025462
55.889034 -80.440079 0.591760 15.822394 248.263977 -135.899918 -0.465888 0.028369 5.602041 -0.031956
56.003048 -80.681702 0.792502 14.924376 248.392395 -136.521622 -0.302995 0.098930 5.465659 -0.037286
56.129063 -81.000763 0.976374 13.574846 248.553375 -137.171417 -0.093125 0.181834 5.281133 -0.044220
56.255077 -81.366890 1.090187 12.002918 248.737396 -137.798599 0.138418 0.256470 5.119602 -0.048774
56.380093 -81.765610 1.117107 10.147700 248.939316 -138.402069 0.375717 0.313090 5.004814 -0.051174
56.504105 -82.172874 1.048466 8.137991 249.154022 -138.978470 0.600946 0.350124 4.936737 -0.052400
56.638123 -82.625145 0.875785 5.771180 249.399750 -139.590439 0.821845 0.369595 4.915136 -0.055436
56.762138 -83.049675 0.629554 3.523402 249.635437 -140.148499 0.993586 0.366610 4.937036 -0.056114
56.887154 -83.477852 0.305024 1.221257 249.886551 -140.722717 1.129092 0.343778 5.007528 -0.057296
57.010170 -83.881775 -0.057675 -1.000444 250.139435 -141.291550 1.217988 0.308678 5.101256 -0.056655
57.134186 -84.272873 -0.437924 -3.230951 250.400284 -141.877090 1.260914 0.267879 5.217714 -0.056099
57.258202 -84.641060 -0.820991 -5.466863 250.663773 -142.476013 1.258516 0.224044 5.319178 -0.054375
57.382217 -84.970993 -1.183677 -7.618783 250.925598 -143.082367 1.215005 0.171055 5.401099 -0.051593
57.505234 -85.264343 -1.486348 -9.610426 251.188507 -143.703888 1.135264 0.103211 5.463282 -0.045175
57.638252 -85.529785 -1.698381 -11.541835 251.463409 -144.377274 1.022938 0.017209 5.472191 -0.039405
57.762268 -85.733093 -1.753556 -13.027168 251.710876 -145.008636 0.906219 -0.066085 5.463464 -0.032140
57.884285 -85.902191 -1.642637 -14.117509 251.943787 -145.631073 0.792805 -0.144076 5.433447 -0.027323
58.007301 -86.057709 -1.371395 -14.788685 252.165482 -146.259064 0.688781 -0.213916 5.396049 -0.021899
58.132317 -86.178352 -0.950507 -14.950511 252.373230 -146.896530 0.596855 -0.270810 5.342720 -0.014077
58.255333 -86.254112 -0.431713 -14.640574 252.558548 -147.523712 0.524897 -0.305928 5.299358 -0.007825
58.379349 -86.292213 0.149468 -13.876218 252.725235 -148.156693 0.468867 -0.317695 5.265206 -0.003602
58.504364 -86.291611 0.757008 -12.620280 252.871536 -148.796417 0.424596 -0.310183 5.242117 -0.000373
58.630379 -86.259399 1.315477 -10.960181 252.997223 -149.438873 0.388519 -0.290801 5.235110 0.000958
58.755394 -86.198914 1.777556 -8.911164 253.104691 -150.084183 0.356423 -0.263220 5.236899 0.000550
58.879410 -86.118759 2.121431 -6.554646 253.197357 -150.733994 0.320052 -0.222656 5.263629 -0.000869
59.005424 -86.034584 2.303366 -4.007661 253.274826 -151.389389 0.275929 -0.165658 5.292922 -0.004199
59.130440 -85.962776 2.310871 -1.338361 253.338867 -152.056030 0.220225 -0.097088 5.334634 -0.004773
59.255455 -85.908295 2.139690 1.348760 253.389755 -152.718811 0.152767 -0.033040 5.385489 -0.008403
59.378471 -85.889435 1.808295 4.013046 253.429886 -153.389359 0.074598 0.011403 5.443412 -0.011931
59.512489 -85.920410 1.294856 6.743296 253.463837 -154.122681 -0.017099 0.028315 5.502856 -0.015299
59.636505 -86.009064 0.709977 9.040694 253.486725 -154.803467 -0.101817 0.021926 5.559654 -0.020119
59.761520 -86.164330 0.060020 11.153420 253.505295 -155.507736 -0.183855 0.007234 5.615198 -0.025682
59.887535 -86.367744 -0.570527 12.957742 253.520782 -156.219772 -0.254192 -0.003419 5.680327 -0.027595
60.012550 -86.600594 -1.100685 14.421180 253.534195 -156.934341 -0.305350 -0.003032 5.742985 -0.031340
