1.20 1.10 20 64
0.134000 0.014117 -0.132784 -0.059282 0.919238 -0.000538 -0.117198 0.256560 6.616986 0.002755
0.261000 0.030549 -0.441594 -0.180780 1.744835 -0.000534 -0.033476 0.155960 6.508727 0.002928
0.376000 0.052663 -0.847599 -0.326112 2.494049 0.002281 0.084868 0.041344 6.426176 0.003396
0.503000 0.074104 -1.393529 -0.581357 3.304086 0.007705 0.245390 -0.097585 6.344013 0.002810
0.629000 0.111236 -2.031677 -0.831665 4.099638 0.014414 0.418912 -0.228766 6.294023 0.005195
0.756000 0.166899 -2.731341 -1.053373 4.891154 0.021839 0.589434 -0.329969 6.279819 0.007581
0.881000 0.241323 -3.472513 -1.265051 5.683651 0.032101 0.740698 -0.389119 6.300393 0.008397
1.007000 0.320541 -4.216371 -1.469568 6.474505 0.043272 0.860155 -0.412655 6.350999 0.009824
1.131000 0.405978 -4.927732 -1.663019 7.273790 0.055401 0.940352 -0.419698 6.425481 0.009920
1.256000 0.498058 -5.598434 -1.850320 8.082468 0.066857 0.974155 -0.427369 6.498241 0.010449
1.382000 0.599692 -6.195143 -2.054167 8.906944 0.078252 0.958102 -0.439646 6.565218 0.011238
1.507000 0.698614 -6.661998 -2.234352 9.729721 0.090140 0.897717 -0.446243 6.590151 0.010815
1.633000 0.797726 -6.955743 -2.390973 10.552285 0.103019 0.802318 -0.430096 6.570623 0.011044
1.757001 0.889598 -7.033409 -2.518686 11.369216 0.117306 0.685090 -0.378638 6.503604 0.009952
1.882001 0.982237 -6.869009 -2.634362 12.175954 0.131414 0.560639 -0.292376 6.415159 0.011484
2.007001 1.082147 -6.452913 -2.720816 12.970753 0.144180 0.441346 -0.186910 6.312429 0.013458
2.133001 1.186396 -5.808944 -2.767659 13.751614 0.156924 0.337600 -0.084389 6.197657 0.014872
2.258001 1.299709 -4.964694 -2.690465 14.524366 0.172484 0.258936 0.002266 6.084641 0.018686
2.384001 1.416776 -3.984429 -2.483290 15.277067 0.190317 0.213251 0.073723 5.978652 0.018105
2.509000 1.533216 -2.944175 -2.183481 16.021883 0.209852 0.201481 0.144025 5.868630 0.019425
2.634000 1.666811 -1.923368 -1.781208 16.749376 0.230418 0.219527 0.221653 5.792388 0.021079
2.759000 1.799568 -0.992173 -1.347960 17.462465 0.251490 0.263055 0.304379 5.727310 0.019159
2.884000 1.931458 -0.195401 -0.919611 18.175411 0.274629 0.325365 0.381725 5.697247 0.018529
3.007999 2.065156 0.424197 -0.524092 18.885946 0.300358 0.398959 0.439861 5.684860 0.017965
3.132999 2.195472 0.849050 -0.179416 19.590940 0.326573 0.474555 0.468861 5.695685 0.018519
3.256999 2.332135 1.059466 0.205348 20.304956 0.353428 0.547700 0.464149 5.735755 0.017278
3.382998 2.458934 1.055643 0.564999 21.030159 0.382514 0.610025 0.427177 5.784402 0.015560
3.507998 2.580778 0.839346 0.910675 21.757872 0.411825 0.655656 0.370112 5.860057 0.016218
3.632998 2.699477 0.436822 1.239638 22.495420 0.443104 0.679595 0.308487 5.938322 0.016582
3.755997 2.816020 -0.140866 1.526984 23.231371 0.475044 0.679687 0.253455 6.021793 0.016165
3.879997 2.926254 -0.867990 1.789838 23.983681 0.508103 0.657421 0.201792 6.107948 0.014877
4.004997 3.023189 -1.700205 2.042970 24.751131 0.543983 0.616557 0.143845 6.171393 0.013776
4.128998 3.112401 -2.587009 2.234204 25.520004 0.582722 0.563164 0.073915 6.230285 0.012914
4.254000 3.197138 -3.475912 2.384598 26.300995 0.623418 0.501275 -0.009614 6.270915 0.012179
4.379001 3.282029 -4.297214 2.470608 27.085382 0.666521 0.439212 -0.101329 6.292720 0.013012
4.504003 3.365473 -4.986503 2.464494 27.865421 0.711020 0.386749 -0.195441 6.305532 0.010561
4.628004 3.441868 -5.504608 2.346967 28.652552 0.757982 0.350488 -0.286786 6.307299 0.008208
4.753006 3.505964 -5.807735 2.182294 29.439430 0.807330 0.335248 -0.366294 6.305668 0.006049
4.879007 3.571739 -5.884466 1.945186 30.225168 0.857266 0.341163 -0.426198 6.289555 0.005897
5.004008 3.631155 -5.714670 1.623721 31.014509 0.908699 0.368102 -0.461562 6.269046 0.002830
5.129010 3.678795 -5.312798 1.216571 31.787567 0.961091 0.412764 -0.470584 6.234760 0.000862
5.253011 3.730671 -4.731988 0.818756 32.562744 1.017116 0.467021 -0.453206 6.201765 0.002518
5.379013 3.771497 -4.008290 0.429251 33.339836 1.076834 0.523830 -0.408328 6.173292 0.001612
5.504014 3.799326 -3.205683 0.064490 34.107754 1.137296 0.575620 -0.339411 6.157658 -0.000119
5.630015 3.807439 -2.364550 -0.300972 34.874882 1.198952 0.616451 -0.253183 6.152978 -0.001698
5.755017 3.809503 -1.531662 -0.647622 35.648899 1.262056 0.642887 -0.157539 6.169275 -0.000440
5.879018 3.811692 -0.770346 -0.997205 36.412857 1.325187 0.652314 -0.060990 6.188872 -0.001107
6.004020 3.810958 -0.100098 -1.302894 37.179752 1.390113 0.644061 0.036314 6.221516 -0.000196
6.129021 3.810996 0.454849 -1.620322 37.963966 1.457200 0.617755 0.135778 6.265151 0.000295
6.254023 3.805011 0.868738 -1.918597 38.740948 1.523599 0.574817 0.230481 6.305944 -0.001102
6.379024 3.800416 1.139616 -2.198259 39.535301 1.591453 0.521386 0.315126 6.340509 0.000254
6.504025 3.796397 1.246763 -2.466297 40.327114 1.659660 0.463611 0.377557 6.370945 0.000393
6.629027 3.800470 1.180566 -2.688479 41.116676 1.729346 0.405542 0.411467 6.405899 0.001671
6.753028 3.810072 0.957415 -2.858254 41.917137 1.800326 0.354906 0.417041 6.443906 0.001572
6.879030 3.817100 0.600428 -2.939425 42.722126 1.873358 0.317122 0.399435 6.485131 0.001553
7.003031 3.829484 0.161211 -2.916324 43.525803 1.947103 0.295092 0.365827 6.525891 0.001653
7.127033 3.846416 -0.326863 -2.854888 44.340996 2.021741 0.290915 0.318887 6.568092 0.003027
7.251034 3.871212 -0.828685 -2.799237 45.154560 2.097107 0.304404 0.256281 6.607267 0.003160
7.376036 3.898815 -1.329186 -2.708162 45.973530 2.173357 0.334981 0.171291 6.649671 0.004065
7.511037 3.934937 -1.830594 -2.626452 46.877201 2.256556 0.384507 0.049530 6.687144 0.004502
7.626039 3.960003 -2.198673 -2.561664 47.639236 2.327413 0.436293 -0.067381 6.728248 0.004131
7.751040 3.990831 -2.527857 -2.455000 48.486889 2.406444 0.497967 -0.194646 6.775840 0.004830
7.878041 4.009409 -2.746024 -2.309739 49.340202 2.486790 0.559914 -0.298998 6.825318 0.003378
8.001042 4.032226 -2.844417 -2.086498 50.186134 2.566375 0.612832 -0.364943 6.874152 0.005346
8.135039 4.066283 -2.816019 -1.800307 51.106934 2.652934 0.657710 -0.390476 6.923646 0.005673
8.259036 4.088671 -2.661491 -1.506414 51.965145 2.734524 0.683560 -0.375115 6.972912 0.003914
8.383034 4.094338 -2.388152 -1.198016 52.828728 2.816978 0.691721 -0.332107 7.011502 0.002231
8.508032 4.091660 -2.003573 -0.863275 53.703384 2.900459 0.679654 -0.275719 7.042725 0.001162
8.633030 4.082279 -1.512720 -0.512626 54.574425 2.983636 0.649184 -0.223654 7.067172 -0.000358
8.758028 4.073597 -0.930300 -0.232396 55.462257 3.068752 0.603014 -0.183701 7.085725 -0.000872
8.882026 4.063945 -0.298919 0.045244 56.337170 3.153131 0.545728 -0.151074 7.088422 -0.001471
9.007024 4.046197 0.382846 0.364327 57.219425 3.237542 0.482642 -0.108399 7.090198 -0.002355
9.130021 4.032814 1.064465 0.677055 58.086666 3.319391 0.422366 -0.045649 7.075315 -0.002693
9.255019 4.015632 1.736944 0.999332 58.966850 3.402472 0.366722 0.035375 7.069486 -0.003129
9.380017 3.995880 2.362290 1.248974 59.845966 3.482502 0.322552 0.119897 7.057273 -0.004119
9.506016 3.975050 2.929143 1.499657 60.724716 3.561820 0.293702 0.196928 7.061505 -0.003666
9.632014 3.954320 3.430779 1.686766 61.611168 3.641259 0.280681 0.266948 7.068125 -0.003910
9.757012 3.932043 3.834990 1.780781 62.491486 3.720223 0.283946 0.331941 7.073406 -0.004612
9.881010 3.901260 4.141954 1.808648 63.373596 3.799095 0.303765 0.386968 7.093579 -0.004179
10.006008 3.873352 4.358144 1.775500 64.258446 3.879421 0.334724 0.417210 7.117272 -0.003559
10.132007 3.837305 4.471599 1.708704 65.146759 3.961531 0.372563 0.408009 7.150188 -0.004925
10.257005 3.787472 4.491054 1.581509 66.039619 4.044440 0.412385 0.360565 7.191445 -0.005878
10.382003 3.731272 4.414385 1.354678 66.938118 4.128057 0.448210 0.293622 7.236449 -0.006812
10.507001 3.650632 4.265646 1.108353 67.842331 4.212447 0.478548 0.232909 7.283388 -0.008930
10.630999 3.563583 4.060462 0.813386 68.753983 4.297651 0.499073 0.193133 7.350685 -0.008884
10.754996 3.483408 3.806200 0.532685 69.666008 4.382746 0.506703 0.168966 7.409913 -0.008248
10.879994 3.398231 3.523009 0.251373 70.593727 4.467825 0.501035 0.140232 7.484266 -0.010443
11.003992 3.300627 3.239174 -0.032744 71.522354 4.553233 0.481528 0.087482 7.547127 -0.011917
11.129991 3.192939 2.979340 -0.342670 72.466393 4.640341 0.450970 0.000999 7.609332 -0.013175
11.254989 3.088532 2.754987 -0.653348 73.417175 4.726390 0.413228 -0.114086 7.655733 -0.012945
11.378986 2.971749 2.591709 -0.940689 74.365799 4.813005 0.371748 -0.243279 7.699349 -0.015180
11.503984 2.847112 2.481150 -1.233016 75.326508 4.900005 0.329557 -0.372177 7.728930 -0.014691
11.628983 2.731434 2.471558 -1.537334 76.289803 4.986328 0.291838 -0.483853 7.743796 -0.015398
11.753981 2.614475 2.562194 -1.796342 77.255806 5.072590 0.263660 -0.564924 7.764333 -0.014742
11.877978 2.501313 2.740844 -1.996463 78.222885 5.156569 0.244967 -0.609129 7.765255 -0.014196
12.003977 2.395492 3.019005 -2.185778 79.197166 5.238290 0.236227 -0.616428 7.754264 -0.012144
12.129975 2.304374 3.390405 -2.293720 80.161095 5.316858 0.236200 -0.591577 7.719125 -0.012471
12.255974 2.211327 3.822816 -2.343877 81.137848 5.394464 0.242363 -0.538709 7.709245 -0.011790
12.380972 2.117331 4.295189 -2.393108 82.097794 5.469336 0.251876 -0.461686 7.696398 -0.013566
12.505970 2.020557 4.784605 -2.354177 83.054955 5.542812 0.260503 -0.362243 7.670280 -0.014725
12.631968 1.920871 5.278769 -2.303091 84.008545 5.613970 0.266624 -0.245943 7.637011 -0.013953
12.757967 1.828972 5.761318 -2.257226 84.966698 5.682981 0.268699 -0.122137 7.613231 -0.014747
12.882965 1.738562 6.204419 -2.214476 85.922401 5.748720 0.263593 -0.001469 7.594358 -0.012607
13.009964 1.662594 6.583406 -2.134850 86.874748 5.812354 0.252194 0.112237 7.568375 -0.011335
13.135962 1.592459 6.871459 -2.023638 87.831795 5.875031 0.231825 0.223698 7.532085 -0.010497
13.261960 1.516645 7.057873 -1.929355 88.768456 5.933464 0.204655 0.333301 7.497015 -0.012973
13.375958 1.444963 7.135907 -1.824526 89.626801 5.986737 0.174552 0.431619 7.464443 -0.012931
13.501957 1.372695 7.121629 -1.616210 90.563240 6.044568 0.138560 0.526509 7.434155 -0.013720
13.626955 1.294873 7.009302 -1.394092 91.489136 6.101232 0.101991 0.597588 7.410047 -0.015849
13.752954 1.204084 6.798398 -1.184621 92.411751 6.156601 0.067130 0.643123 7.379763 -0.015823
13.878952 1.120219 6.510067 -0.940379 93.338524 6.211529 0.036142 0.669309 7.357448 -0.014604
14.003950 1.042992 6.190241 -0.656573 94.262589 6.265863 0.012023 0.683019 7.337974 -0.014945
14.129949 0.972838 5.861406 -0.425041 95.176689 6.317031 -0.000437 0.684495 7.316407 -0.011888
14.254947 0.904538 5.548994 -0.215259 96.095604 6.366534 -0.002737 0.664630 7.297480 -0.012565
14.378944 0.837143 5.241140 -0.044435 96.996964 6.414547 0.005335 0.612044 7.274754 -0.010897
14.501943 0.773877 4.957895 0.116667 97.888710 6.461312 0.021408 0.518317 7.259588 -0.010936
14.625940 0.704621 4.730323 0.247365 98.786720 6.506485 0.042567 0.378533 7.243820 -0.011765
14.750937 0.623944 4.565522 0.358153 99.681747 6.550427 0.066131 0.196035 7.219211 -0.013067
14.884934 0.531164 4.476546 0.406585 100.653099 6.595789 0.090032 -0.039030 7.190906 -0.011261
15.008933 0.448446 4.470773 0.385772 101.541824 6.635399 0.107368 -0.267060 7.161819 -0.012246
15.131930 0.359990 4.519580 0.330676 102.419060 6.674413 0.118554 -0.479107 7.123308 -0.012095
15.253927 0.269625 4.596053 0.218381 103.284409 6.710022 0.121394 -0.651243 7.080170 -0.011337
15.376925 0.198659 4.696569 0.144668 104.151962 6.743881 0.115134 -0.772358 7.030443 -0.009222
15.510922 0.121665 4.821834 0.083327 105.090042 6.778124 0.100016 -0.843487 6.984745 -0.009930
15.634920 0.042493 4.929407 -0.000999 105.945778 6.807375 0.078065 -0.857249 6.941953 -0.009323
15.757917 -0.024327 5.011016 -0.050183 106.802597 6.836566 0.050618 -0.823662 6.892658 -0.007820
15.879914 -0.080045 5.044621 -0.131623 107.639053 6.863684 0.019858 -0.744937 6.838203 -0.006684
16.003912 -0.134432 5.044683 -0.188746 108.482796 6.888705 -0.013205 -0.626890 6.784374 -0.007044
16.126907 -0.189213 4.995793 -0.259449 109.305954 6.912006 -0.041280 -0.491460 6.727536 -0.007137
16.251902 -0.251333 4.900003 -0.352524 110.148972 6.934036 -0.065014 -0.351890 6.671293 -0.007847
16.378895 -0.311341 4.764799 -0.432941 110.985962 6.954134 -0.080346 -0.222776 6.621244 -0.006561
16.505890 -0.369691 4.584658 -0.545193 111.829964 6.973237 -0.087408 -0.100298 6.575403 -0.006334
16.632883 -0.427501 4.374350 -0.676389 112.654411 6.990522 -0.084843 0.014853 6.525448 -0.006469
16.758877 -0.483004 4.146118 -0.764744 113.473145 7.008148 -0.072662 0.119738 6.478886 -0.006929
16.883871 -0.536727 3.918297 -0.851306 114.286263 7.026025 -0.052599 0.204662 6.439741 -0.005882
17.006866 -0.581708 3.683736 -0.952238 115.076035 7.042912 -0.028288 0.265399 6.413000 -0.005415
17.130861 -0.636109 3.441956 -1.018615 115.869774 7.061065 -0.001702 0.313609 6.397341 -0.007825
17.255856 -0.698841 3.221241 -1.044663 116.668564 7.079497 0.025979 0.361649 6.386480 -0.008707
17.379850 -0.759194 3.019427 -1.051903 117.460136 7.096825 0.051980 0.414957 6.384229 -0.008480
17.502846 -0.810259 2.847532 -0.997395 118.245087 7.114341 0.073299 0.467197 6.382281 -0.007814
17.626841 -0.857184 2.722204 -0.933959 119.030243 7.130152 0.088108 0.505477 6.387638 -0.005969
17.751835 -0.899116 2.641817 -0.828339 119.834496 7.145077 0.095453 0.521178 6.384212 -0.007559
17.876829 -0.952373 2.612975 -0.746478 120.632881 7.158800 0.094846 0.515888 6.387187 -0.007820
18.010824 -0.999341 2.627463 -0.613983 121.483345 7.173671 0.084549 0.500754 6.398858 -0.006747
18.134819 -1.053000 2.679145 -0.498902 122.282890 7.188243 0.068077 0.486978 6.396573 -0.009183
18.259813 -1.111579 2.757087 -0.417436 123.081741 7.200993 0.047770 0.468407 6.386428 -0.008877
18.382809 -1.165686 2.853809 -0.367515 123.865547 7.211122 0.026357 0.429510 6.362085 -0.007937
18.506804 -1.223271 2.972001 -0.313746 124.652679 7.219737 0.005840 0.354630 6.335323 -0.009558
18.631798 -1.288126 3.099847 -0.289050 125.435883 7.227536 -0.013236 0.241426 6.301923 -0.008939
18.755793 -1.349222 3.213072 -0.291852 126.220238 7.233793 -0.029175 0.098542 6.256555 -0.008182
18.880787 -1.412743 3.270919 -0.305873 126.992805 7.238709 -0.039559 -0.057250 6.211361 -0.008405
19.003782 -1.484187 3.315348 -0.371334 127.760284 7.241599 -0.044819 -0.214598 6.176573 -0.010347
19.126778 -1.575170 3.323311 -0.511190 128.511047 7.242606 -0.044364 -0.359869 6.139449 -0.012443
19.251772 -1.678714 3.295649 -0.649666 129.281784 7.242564 -0.036890 -0.487234 6.104876 -0.014490
19.376766 -1.775816 3.232452 -0.783373 130.043182 7.241929 -0.023572 -0.580450 6.077405 -0.011385
19.500761 -1.873093 3.137575 -0.894220 130.795380 7.240898 -0.005542 -0.637311 6.057302 -0.013718
19.625755 -1.982411 3.019817 -0.978159 131.545273 7.238687 0.016495 -0.663644 6.041378 -0.015022
19.761749 -2.102162 2.839922 -1.066176 132.365372 7.236121 0.042269 -0.663631 6.022353 -0.013957
19.875744 -2.194754 2.669679 -1.147419 133.051529 7.233526 0.061638 -0.638722 6.020433 -0.012769
20.001738 -2.292772 2.468808 -1.230919 133.810837 7.231189 0.081055 -0.578007 6.028809 -0.012714
20.127731 -2.391581 2.259054 -1.271484 134.571762 7.228144 0.095954 -0.478275 6.047981 -0.013234
20.252726 -2.498732 2.062400 -1.302548 135.328735 7.224318 0.105416 -0.345705 6.060122 -0.016293
20.378719 -2.627592 1.871014 -1.318708 136.099503 7.220068 0.109690 -0.191951 6.076561 -0.016740
20.504713 -2.742867 1.714783 -1.331164 136.859512 7.214533 0.109856 -0.040140 6.082994 -0.015856
20.629707 -2.848069 1.608008 -1.349226 137.626526 7.207357 0.107469 0.095900 6.087233 -0.013737
20.752703 -2.946826 1.534849 -1.316972 138.369781 7.201365 0.104128 0.201673 6.093442 -0.015113
20.877697 -3.048575 1.478545 -1.271337 139.131912 7.196141 0.098583 0.282637 6.095527 -0.014397
21.002691 -3.159123 1.458504 -1.233646 139.899384 7.188555 0.092460 0.342521 6.088522 -0.016125
21.128685 -3.273621 1.466564 -1.181861 140.659668 7.178643 0.087465 0.388280 6.077595 -0.015865
21.253679 -3.390997 1.499012 -1.083894 141.418579 7.167547 0.085979 0.425586 6.066764 -0.017802
21.378674 -3.511039 1.557869 -0.962225 142.176193 7.156040 0.088424 0.455700 6.054332 -0.016010
21.503668 -3.615756 1.626799 -0.772115 142.938599 7.143674 0.094219 0.478975 6.050068 -0.014921
21.629662 -3.706651 1.705495 -0.592780 143.695099 7.129881 0.104113 0.492465 6.056301 -0.011465
21.753656 -3.775469 1.788513 -0.419687 144.451584 7.114117 0.117078 0.488872 6.051134 -0.010745
21.878651 -3.851525 1.869986 -0.278596 145.207047 7.096583 0.131703 0.457187 6.044264 -0.010943
22.003645 -3.926807 1.949286 -0.135741 145.962128 7.077199 0.146579 0.391721 6.042737 -0.011496
22.128639 -4.006687 2.000498 0.017000 146.711548 7.056863 0.161106 0.298738 6.047066 -0.011232
22.252634 -4.082984 2.020004 0.159015 147.461502 7.034631 0.174235 0.192557 6.054377 -0.011010
22.376629 -4.153580 2.014474 0.322887 148.218750 7.012065 0.185694 0.086751 6.068969 -0.010201
22.501623 -4.219580 1.980417 0.431069 148.978439 6.987818 0.193380 -0.010918 6.090939 -0.009027
22.626617 -4.276918 1.902369 0.519804 149.740585 6.963103 0.197708 -0.099792 6.108569 -0.009102
22.750612 -4.340759 1.789849 0.613558 150.499191 6.937078 0.198338 -0.181008 6.130885 -0.010064
22.875607 -4.405390 1.652773 0.707709 151.267136 6.908466 0.196198 -0.254264 6.158724 -0.008724
23.000601 -4.455431 1.511223 0.827018 152.038681 6.880363 0.191364 -0.316574 6.191561 -0.006889
23.135595 -4.511915 1.352090 0.897288 152.875977 6.848981 0.185398 -0.366411 6.214588 -0.007269
23.260590 -4.561985 1.210209 0.914518 153.647705 6.819859 0.180992 -0.392327 6.236637 -0.007236
23.384584 -4.618371 1.070872 0.865467 154.427826 6.789160 0.177586 -0.395586 6.253635 -0.008094
23.509579 -4.683365 0.956302 0.837486 155.204285 6.759386 0.175611 -0.375462 6.277142 -0.009140
23.634573 -4.751391 0.869205 0.764079 155.994720 6.728518 0.176335 -0.334774 6.277761 -0.009206
23.760567 -4.831229 0.781128 0.646696 156.778717 6.696931 0.179404 -0.283283 6.279304 -0.011885
23.886560 -4.923122 0.699056 0.517745 157.568665 6.664408 0.186169 -0.233472 6.270510 -0.012551
24.000555 -5.009386 0.623809 0.374402 158.282837 6.634829 0.195397 -0.200251 6.265671 -0.013239
24.125549 -5.110074 0.538387 0.196067 159.070602 6.600643 0.207077 -0.181478 6.256836 -0.013213
24.250544 -5.212036 0.458185 -0.009330 159.851944 6.564373 0.220108 -0.174189 6.258712 -0.014364
24.376537 -5.320889 0.377095 -0.222893 160.639725 6.526084 0.232578 -0.161167 6.259284 -0.014809
24.501532 -5.424776 0.281283 -0.383993 161.414886 6.487560 0.244805 -0.128263 6.260261 -0.015091
24.625526 -5.537621 0.179889 -0.555355 162.197205 6.446613 0.255504 -0.072919 6.274359 -0.015364
24.750521 -5.636231 0.069742 -0.705675 162.981155 6.404873 0.264343 -0.006390 6.285050 -0.014805
24.876514 -5.745610 -0.035280 -0.818120 163.765732 6.361684 0.269615 0.059565 6.287557 -0.015182
25.000509 -5.843983 -0.140125 -0.829884 164.550491 6.318867 0.272338 0.122791 6.287099 -0.012882
25.125504 -5.932807 -0.233517 -0.822349 165.328979 6.274937 0.272874 0.189653 6.289342 -0.012439
25.258499 -6.035441 -0.301011 -0.856713 166.169067 6.225407 0.270322 0.271133 6.277621 -0.013413
25.381495 -6.124362 -0.361789 -0.809544 166.932785 6.180479 0.266781 0.346600 6.264296 -0.011630
25.504490 -6.210787 -0.414913 -0.760947 167.707672 6.133620 0.263552 0.410474 6.258851 -0.011890
25.628485 -6.288566 -0.462155 -0.681978 168.474747 6.085790 0.261044 0.452396 6.241381 -0.009169
25.753479 -6.359446 -0.507376 -0.590964 169.259216 6.035254 0.259345 0.473909 6.234793 -0.009768
25.877474 -6.430258 -0.560958 -0.563821 170.030045 5.983538 0.259243 0.478325 6.225644 -0.009059
26.002468 -6.495678 -0.610191 -0.571605 170.805679 5.928594 0.261258 0.465868 6.215764 -0.009300
26.128462 -6.555456 -0.669732 -0.542321 171.579575 5.873134 0.265894 0.430751 6.201514 -0.007975
26.253456 -6.601520 -0.738179 -0.497976 172.351608 5.817586 0.273357 0.367849 6.186663 -0.006709
26.377451 -6.637936 -0.801880 -0.448527 173.122910 5.761590 0.283826 0.278194 6.185757 -0.003098
26.502445 -6.656124 -0.867203 -0.363877 173.887222 5.704958 0.296458 0.167086 6.177636 -0.001459
26.627439 -6.663702 -0.938036 -0.306760 174.656952 5.645178 0.310960 0.037753 6.175417 -0.001342
26.760435 -6.668962 -1.015113 -0.236383 175.482407 5.579150 0.326661 -0.115431 6.185220 0.000127
26.882431 -6.667488 -1.092647 -0.169964 176.234940 5.517701 0.341126 -0.260668 6.192836 0.000140
27.006426 -6.661919 -1.164408 -0.098992 176.994583 5.453678 0.352733 -0.402632 6.203224 0.001688
27.131420 -6.648341 -1.226003 -0.035551 177.773865 5.385004 0.360918 -0.529099 6.211174 0.002469
27.257414 -6.629617 -1.283380 0.086262 178.548279 5.316423 0.364609 -0.619420 6.227376 0.002906
27.382408 -6.605739 -1.316025 0.209632 179.330276 5.247156 0.365160 -0.659746 6.235180 0.003482
27.507402 -6.582914 -1.326500 0.386850 180.107178 5.177870 0.362266 -0.642948 6.241224 0.004135
27.631397 -6.549517 -1.328292 0.584489 180.871719 5.109122 0.356248 -0.577571 6.239400 0.005401
27.756392 -6.515727 -1.323954 0.808702 181.655411 5.038154 0.349519 -0.477173 6.247073 0.006242
27.881386 -6.472510 -1.302261 0.970356 182.432541 4.967999 0.341957 -0.361526 6.237853 0.007036
28.006380 -6.420057 -1.288632 1.130883 183.207962 4.897342 0.333372 -0.241472 6.219520 0.007817
28.132374 -6.366989 -1.304798 1.296716 183.987335 4.825621 0.325853 -0.123612 6.205050 0.008133
28.258368 -6.314274 -1.348968 1.411424 184.765213 4.754016 0.321461 -0.015670 6.192397 0.006855
28.384361 -6.271043 -1.425010 1.509706 185.541794 4.682354 0.321367 0.077962 6.186317 0.006867
28.510355 -6.222568 -1.529765 1.580823 186.310822 4.611568 0.324657 0.159758 6.173629 0.006793
28.635349 -6.168748 -1.661043 1.601590 187.084885 4.539128 0.332926 0.240108 6.169202 0.008104
28.761343 -6.118651 -1.815576 1.568457 187.852615 4.466413 0.344601 0.321570 6.169166 0.007029
28.885338 -6.071833 -1.993924 1.505778 188.620239 4.393224 0.358561 0.396532 6.169599 0.005829
29.010332 -6.038125 -2.174858 1.447651 189.388290 4.319628 0.374012 0.451171 6.176450 0.004886
29.132328 -6.002659 -2.348474 1.379824 190.138382 4.247978 0.389087 0.477223 6.176471 0.004941
29.257322 -5.969178 -2.523927 1.280112 190.907913 4.174736 0.401947 0.478908 6.188324 0.003493
29.381317 -5.940678 -2.698037 1.133787 191.672134 4.103537 0.410760 0.462806 6.188814 0.002644
29.506311 -5.910599 -2.870429 0.918480 192.442810 4.031716 0.417925 0.431405 6.196815 0.002416
29.631306 -5.872122 -3.025315 0.689571 193.208115 3.960313 0.421815 0.381718 6.198207 0.004842
29.756300 -5.833109 -3.141410 0.498441 193.979599 3.887747 0.422245 0.309162 6.197543 0.003994
29.881294 -5.791841 -3.222984 0.298617 194.756927 3.813141 0.420054 0.215110 6.195174 0.004727
30.006289 -5.736659 -3.269877 0.087588 195.521347 3.739431 0.415717 0.110950 6.192069 0.006199
30.130283 -5.678555 -3.279685 -0.110713 196.291656 3.665987 0.409920 0.007179 6.189750 0.007110
30.255278 -5.608948 -3.266858 -0.265570 197.061478 3.592235 0.401487 -0.083991 6.183894 0.008923
30.379272 -5.539340 -3.241407 -0.369151 197.822998 3.519421 0.393443 -0.154652 6.161722 0.009915
30.504267 -5.468641 -3.176431 -0.419725 198.581711 3.446602 0.388096 -0.205217 6.139065 0.009688
30.628262 -5.393332 -3.078941 -0.409755 199.343994 3.373844 0.384817 -0.242209 6.116497 0.012115
30.754255 -5.310276 -2.978151 -0.375286 200.103271 3.300670 0.382918 -0.276087 6.094477 0.012148
30.879250 -5.219820 -2.883125 -0.316223 200.866638 3.227554 0.382915 -0.317594 6.081729 0.013513
31.004244 -5.126432 -2.802814 -0.251815 201.615921 3.157197 0.384612 -0.368572 6.062622 0.013924
31.128239 -5.024026 -2.755392 -0.143023 202.368958 3.087510 0.386702 -0.421866 6.041468 0.015593
31.252234 -4.923789 -2.732775 0.044296 203.113617 3.018104 0.390156 -0.460700 6.025171 0.015369
31.377228 -4.817285 -2.745404 0.224509 203.862686 2.947768 0.394852 -0.471925 6.011472 0.016220
31.502222 -4.700321 -2.778351 0.364833 204.604370 2.876961 0.400769 -0.451775 6.008616 0.017851
31.627216 -4.568969 -2.834754 0.524498 205.357529 2.806204 0.406391 -0.405875 6.003911 0.019992
31.752211 -4.431014 -2.914486 0.696795 206.098663 2.737968 0.409749 -0.343881 6.001491 0.020896
31.877205 -4.274091 -3.033124 0.888326 206.851730 2.669331 0.410576 -0.266630 5.999771 0.022714
32.002201 -4.119021 -3.175681 1.042420 207.598526 2.601303 0.410884 -0.173543 5.998037 0.023141
32.127216 -3.956977 -3.331286 1.182826 208.345337 2.534710 0.410148 -0.063197 5.996182 0.023103
32.250233 -3.796824 -3.490925 1.281163 209.073837 2.468679 0.408791 0.057053 5.994323 0.024110
32.375248 -3.625273 -3.670464 1.386999 209.825775 2.401137 0.407415 0.187260 5.987384 0.024372
32.508266 -3.439113 -3.857679 1.448950 210.618301 2.329998 0.404910 0.321037 5.980485 0.023612
32.630283 -3.271159 -4.014671 1.470211 211.344193 2.264455 0.402502 0.429661 5.969272 0.024777
32.755299 -3.106543 -4.142250 1.473587 212.087402 2.198129 0.398922 0.513190 5.967337 0.021988
32.878315 -2.943594 -4.234658 1.519114 212.817108 2.133841 0.393860 0.557192 5.948480 0.024273
33.004330 -2.772815 -4.302193 1.592839 213.556641 2.068880 0.388969 0.560984 5.931589 0.023828
33.128345 -2.614147 -4.354928 1.668906 214.293289 2.004048 0.385367 0.531328 5.905601 0.022712
33.254360 -2.461179 -4.371254 1.759446 215.027191 1.941510 0.385368 0.480006 5.882887 0.021987
33.379375 -2.298611 -4.359156 1.813116 215.758667 1.879157 0.387532 0.414773 5.863326 0.023885
33.500389 -2.123000 -4.316920 1.859174 216.469711 1.818138 0.390780 0.341993 5.839831 0.025754
33.625404 -1.950125 -4.241107 1.860247 217.195145 1.755934 0.393020 0.262634 5.815043 0.022368
33.750420 -1.782526 -4.145363 1.864786 217.911850 1.695405 0.393625 0.186226 5.795008 0.023489
33.886436 -1.591264 -4.034511 1.818748 218.695496 1.629257 0.394521 0.111501 5.775445 0.024435
34.010452 -1.423355 -3.918817 1.725107 219.413834 1.568973 0.395047 0.048249 5.762002 0.021995
34.134468 -1.255076 -3.810414 1.605207 220.124603 1.508645 0.393243 -0.019194 5.749268 0.021969
34.259483 -1.097067 -3.701678 1.493717 220.839355 1.449869 0.388057 -0.099901 5.731682 0.020777
34.384499 -0.940118 -3.603183 1.354097 221.551956 1.391962 0.380246 -0.191973 5.712196 0.021166
34.509514 -0.782073 -3.538245 1.148596 222.262421 1.335854 0.369817 -0.285849 5.689325 0.020776
34.635529 -0.623902 -3.504600 0.961887 222.969879 1.283297 0.358465 -0.370433 5.664151 0.020090
34.759544 -0.471130 -3.508636 0.779218 223.675095 1.231930 0.346519 -0.439169 5.650185 0.020573
34.882561 -0.320718 -3.532287 0.605449 224.361404 1.182041 0.333786 -0.489195 5.633055 0.019847
35.007576 -0.168940 -3.597553 0.475125 225.062729 1.133708 0.322802 -0.521727 5.618904 0.020334
35.132591 -0.013415 -3.677464 0.374290 225.762344 1.087213 0.315415 -0.531106 5.599325 0.020534
35.257607 0.136756 -3.774766 0.290122 226.459320 1.039854 0.310295 -0.511036 5.580177 0.020618
35.382622 0.289966 -3.900786 0.273604 227.160049 0.993619 0.307655 -0.456318 5.565474 0.022172
35.508636 0.447863 -4.035873 0.347189 227.858521 0.950911 0.308341 -0.368646 5.543742 0.022620
35.633652 0.601787 -4.180604 0.451655 228.548676 0.909530 0.311318 -0.259255 5.525252 0.022457
35.759666 0.752072 -4.321952 0.545502 229.241943 0.868501 0.317228 -0.140552 5.500677 0.021787
35.885681 0.894874 -4.431356 0.617071 229.932846 0.828930 0.322915 -0.027134 5.486907 0.019117
36.001694 1.011424 -4.520229 0.627674 230.561676 0.792838 0.329028 0.064727 5.472891 0.017709
36.130707 1.141370 -4.590563 0.686712 231.270447 0.753770 0.335771 0.149250 5.453237 0.017396
36.258720 1.262826 -4.624941 0.728106 231.961029 0.716614 0.340456 0.207043 5.442247 0.017374
36.384735 1.387903 -4.627041 0.774284 232.650482 0.680993 0.344118 0.239884 5.428874 0.018155
36.509750 1.513489 -4.588227 0.845848 233.327133 0.647922 0.346504 0.255834 5.415633 0.017897
36.635765 1.641150 -4.515964 0.954645 234.007141 0.616042 0.346483 0.269298 5.394105 0.019027
36.758781 1.763167 -4.428238 1.108749 234.668579 0.584575 0.342664 0.290160 5.374618 0.018855
36.881798 1.873929 -4.341403 1.294830 235.328079 0.554375 0.335343 0.317872 5.360593 0.016393
37.003815 1.963585 -4.261140 1.514869 235.980179 0.526054 0.325316 0.343725 5.342546 0.014964
37.128830 2.031659 -4.174407 1.749890 236.645401 0.499880 0.313422 0.358553 5.316339 0.010575
37.252846 2.094079 -4.095160 1.937111 237.302811 0.474061 0.299504 0.356622 5.296077 0.011327
37.377861 2.159115 -4.016589 2.118027 237.957489 0.448212 0.283093 0.335305 5.277357 0.010688
37.501877 2.223541 -3.936922 2.287760 238.615448 0.423271 0.266163 0.292244 5.259530 0.010300
37.626892 2.280684 -3.865038 2.412394 239.271118 0.397932 0.250934 0.227718 5.242815 0.007986
37.752907 2.330888 -3.800964 2.486710 239.925507 0.373131 0.238232 0.147526 5.234119 0.008318
37.877922 2.385108 -3.741464 2.492605 240.577957 0.349011 0.229958 0.062448 5.215603 0.006410
38.001938 2.433172 -3.703024 2.430971 241.228699 0.325325 0.224791 -0.016770 5.203428 0.006980
38.126949 2.484571 -3.680465 2.393359 241.872757 0.303935 0.223149 -0.083897 5.194445 0.006895
38.261963 2.518994 -3.656106 2.331345 242.573608 0.281324 0.225812 -0.144492 5.191161 0.003277
38.383976 2.537842 -3.658486 2.245892 243.211807 0.262600 0.230706 -0.192241 5.194982 0.000770
38.505985 2.550205 -3.653201 2.135648 243.840561 0.244510 0.237473 -0.236071 5.200040 0.000079
38.626999 2.558407 -3.631852 2.023353 244.474457 0.227359 0.245875 -0.277059 5.198538 -0.000664
38.751015 2.562834 -3.591886 1.881017 245.119141 0.210519 0.255891 -0.310321 5.199895 -0.000538
38.876030 2.566987 -3.535645 1.743810 245.764404 0.194334 0.264331 -0.326533 5.208532 -0.001264
39.001045 2.571165 -3.455865 1.548231 246.422073 0.177665 0.267539 -0.318471 5.227723 -0.002199
39.126060 2.566216 -3.337664 1.343269 247.076233 0.162080 0.266460 -0.284456 5.238420 -0.002204
39.251076 2.557282 -3.207644 1.166868 247.732056 0.146765 0.261947 -0.228013 5.254876 -0.002370
39.376091 2.552008 -3.058682 0.946191 248.388885 0.132519 0.252481 -0.153335 5.256475 -0.002055
39.501106 2.549879 -2.894251 0.704315 249.046448 0.120147 0.239776 -0.063346 5.265807 -0.002191
39.626122 2.547457 -2.722050 0.498833 249.704498 0.109354 0.224442 0.036822 5.264728 -0.001459
39.761139 2.542729 -2.520209 0.332919 250.415588 0.098338 0.205027 0.145313 5.270370 -0.000529
39.886154 2.541000 -2.327373 0.197894 251.074081 0.088645 0.187681 0.229120 5.268235 -0.001303
40.012169 2.541829 -2.140592 0.085951 251.733185 0.081024 0.170202 0.280582 5.271009 -0.001148
40.136185 2.534862 -1.973450 -0.034389 252.392258 0.075223 0.153643 0.289191 5.275391 -0.002275
40.261200 2.520632 -1.823860 -0.145234 253.051559 0.069396 0.140658 0.256750 5.274745 -0.003308
40.386215 2.496894 -1.703210 -0.241723 253.710373 0.064516 0.132365 0.196362 5.267771 -0.002969
40.511230 2.474852 -1.618089 -0.297235 254.368271 0.060408 0.130095 0.126073 5.262319 -0.003509
40.636246 2.443146 -1.562337 -0.288969 255.026398 0.058141 0.131765 0.059358 5.267678 -0.004396
40.761261 2.409422 -1.526263 -0.267434 255.685043 0.056667 0.138772 0.000771 5.271783 -0.004745
40.886276 2.378462 -1.506884 -0.318233 256.344147 0.055640 0.149717 -0.051395 5.272198 -0.003939
41.009293 2.362507 -1.507769 -0.350244 256.992676 0.056673 0.163500 -0.096449 5.274344 -0.002548
41.131306 2.338119 -1.527514 -0.386527 257.636261 0.058721 0.177384 -0.130565 5.277183 -0.003925
41.254322 2.311144 -1.548898 -0.384398 258.286804 0.060704 0.189918 -0.148146 5.298262 -0.003989
41.378338 2.283993 -1.586115 -0.362183 258.939911 0.061405 0.199815 -0.147995 5.316187 -0.003715
41.511356 2.260307 -1.631302 -0.359428 259.654083 0.061738 0.207068 -0.135632 5.340585 -0.002892
41.634373 2.236886 -1.657931 -0.338649 260.312469 0.061803 0.208992 -0.125854 5.359636 -0.004274
41.759388 2.205579 -1.661832 -0.276833 260.983856 0.061162 0.205925 -0.126762 5.378813 -0.003825
41.884403 2.184155 -1.647465 -0.155492 261.651703 0.061899 0.200175 -0.138490 5.392870 -0.002378
42.009418 2.155781 -1.611121 -0.026034 262.332306 0.062769 0.191892 -0.151804 5.407488 -0.004270
42.135433 2.126103 -1.558685 0.120287 263.009399 0.063631 0.181154 -0.153547 5.420629 -0.003363
42.260448 2.082975 -1.483619 0.279928 263.692963 0.065161 0.168614 -0.136254 5.424860 -0.006669
42.385464 2.026116 -1.396809 0.432622 264.371185 0.066711 0.156218 -0.103763 5.428219 -0.007866
42.511478 1.964273 -1.294858 0.621451 265.055695 0.068700 0.145007 -0.066621 5.434823 -0.007768
42.633495 1.909881 -1.178945 0.864572 265.719360 0.071519 0.136208 -0.036677 5.444501 -0.006242
42.755512 1.868382 -1.039030 1.141416 266.383453 0.075301 0.129639 -0.014175 5.443908 -0.004865
42.879528 1.835618 -0.881617 1.402417 267.057983 0.078928 0.126049 0.009269 5.439400 -0.004209
43.003544 1.804544 -0.709450 1.655320 267.726379 0.083188 0.124828 0.044868 5.428281 -0.004947
43.137558 1.748903 -0.529701 1.876128 268.452637 0.088526 0.126387 0.105131 5.413109 -0.008588
43.251572 1.693441 -0.398724 2.036054 269.069183 0.093910 0.128239 0.170745 5.408998 -0.008432
43.377586 1.617153 -0.267134 2.189742 269.756439 0.099907 0.131980 0.248273 5.413157 -0.011561
43.503601 1.535699 -0.177194 2.337897 270.433228 0.105797 0.137199 0.317696 5.418130 -0.011481
43.628616 1.437217 -0.121658 2.445266 271.117218 0.110980 0.141098 0.372125 5.433354 -0.014829
43.751633 1.334102 -0.104660 2.517398 271.787201 0.116260 0.142883 0.404617 5.457580 -0.014276
43.876648 1.233974 -0.102425 2.544641 272.465332 0.122833 0.142915 0.412075 5.479119 -0.013903
44.009663 1.125131 -0.134909 2.529341 273.201447 0.130293 0.141468 0.390624 5.507439 -0.012920
44.132679 1.026071 -0.166013 2.458645 273.880188 0.137576 0.139623 0.348770 5.530805 -0.014045
44.253696 0.924543 -0.179406 2.345104 274.551544 0.144878 0.136279 0.294828 5.560933 -0.014984
44.378712 0.809423 -0.173375 2.200992 275.249390 0.152782 0.133167 0.230322 5.596593 -0.015400
44.502728 0.695178 -0.138218 2.016849 275.945251 0.161207 0.130322 0.154925 5.623072 -0.017072
44.626740 0.570782 -0.063885 1.849363 276.644684 0.170032 0.128347 0.062080 5.649406 -0.017994
44.760754 0.435524 0.052903 1.615725 277.403687 0.180269 0.127652 -0.058449 5.674713 -0.018476
44.884769 0.299351 0.188144 1.342960 278.108429 0.189085 0.127615 -0.178694 5.692598 -0.019860
45.010784 0.147210 0.344301 1.097512 278.821472 0.199155 0.127749 -0.295720 5.714592 -0.021194
45.134800 -0.008405 0.522662 0.801388 279.536652 0.208597 0.127621 -0.399970 5.725633 -0.021893
45.259815 -0.175354 0.720281 0.489179 280.252899 0.217913 0.127299 -0.491743 5.735978 -0.022908
45.385830 -0.337652 0.919943 0.224664 280.970428 0.228620 0.125712 -0.571965 5.746896 -0.021559
45.510845 -0.509817 1.093927 -0.031021 281.694244 0.239413 0.121783 -0.633822 5.743424 -0.023660
45.635860 -0.682097 1.232948 -0.272179 282.411957 0.250085 0.115260 -0.660002 5.739329 -0.023523
45.760876 -0.852466 1.343918 -0.479308 283.124390 0.258895 0.106827 -0.636785 5.746290 -0.023203
45.885891 -1.023191 1.420548 -0.713822 283.848450 0.266681 0.096934 -0.560337 5.744917 -0.022937
46.011906 -1.202392 1.445382 -0.989590 284.571991 0.273230 0.086138 -0.442889 5.742656 -0.023824
46.136921 -1.373493 1.431898 -1.264543 285.289673 0.279048 0.074532 -0.305299 5.744550 -0.022390
46.252934 -1.526200 1.398726 -1.453533 285.945190 0.283294 0.065119 -0.177021 5.753273 -0.022151
46.386948 -1.702961 1.331772 -1.615699 286.728149 0.289308 0.057590 -0.034322 5.761688 -0.021881
46.510963 -1.858743 1.238399 -1.712039 287.437256 0.295155 0.054647 0.079321 5.770381 -0.021329
46.635979 -2.010752 1.136392 -1.808318 288.159546 0.300925 0.055477 0.181583 5.784158 -0.020985
46.760994 -2.157516 1.043000 -1.851635 288.888306 0.306253 0.059400 0.277132 5.781035 -0.019052
46.886009 -2.301693 0.971316 -1.845140 289.611237 0.311062 0.065256 0.367694 5.785731 -0.020310
47.009026 -2.434109 0.934111 -1.798666 290.324463 0.316104 0.071899 0.448186 5.801690 -0.019390
47.133041 -2.573281 0.911727 -1.805514 291.038757 0.320179 0.078807 0.511086 5.809850 -0.019623
47.258057 -2.725239 0.903569 -1.743410 291.771240 0.323640 0.086109 0.550624 5.813139 -0.022354
47.384071 -2.881748 0.919447 -1.619175 292.503296 0.325952 0.092163 0.567363 5.807862 -0.021494
47.510086 -3.028538 0.981817 -1.475183 293.228912 0.326503 0.094945 0.569435 5.802889 -0.021167
47.634102 -3.175313 1.062021 -1.339037 293.953949 0.325681 0.094555 0.560378 5.796997 -0.020896
47.758118 -3.312209 1.159505 -1.137499 294.673157 0.324628 0.090174 0.537022 5.800032 -0.020295
47.883133 -3.445830 1.267544 -0.915784 295.392303 0.321597 0.081538 0.494116 5.801900 -0.019086
48.009148 -3.580321 1.389412 -0.727360 296.122345 0.317024 0.069497 0.429492 5.788744 -0.017910
48.134163 -3.709071 1.520426 -0.564152 296.851746 0.310468 0.055233 0.347250 5.788104 -0.018840
48.259178 -3.846298 1.655676 -0.426524 297.568695 0.302339 0.041535 0.252044 5.779185 -0.020049
48.383194 -3.995930 1.780877 -0.283219 298.290802 0.293270 0.030241 0.141679 5.775399 -0.022344
48.508209 -4.143855 1.896015 -0.182068 299.012817 0.282448 0.021804 0.016223 5.776627 -0.020814
48.634224 -4.298131 1.997692 -0.101548 299.734406 0.271199 0.015517 -0.122584 5.772937 -0.021503
48.758240 -4.454446 2.102084 -0.002088 300.455536 0.258620 0.012242 -0.268662 5.767470 -0.023140
48.881256 -4.614238 2.198676 0.103350 301.159393 0.244327 0.011620 -0.409228 5.770198 -0.023599
49.006271 -4.790830 2.284778 0.205670 301.879974 0.226860 0.014273 -0.541063 5.763694 -0.026658
49.131287 -4.983926 2.350288 0.316524 302.605499 0.208659 0.019510 -0.652041 5.760157 -0.027609
49.257301 -5.191247 2.403000 0.374499 303.331482 0.189800 0.025355 -0.732701 5.764662 -0.030227
49.383316 -5.409669 2.466171 0.353915 304.058350 0.170405 0.032179 -0.776757 5.776433 -0.030565
49.509331 -5.632238 2.521685 0.293383 304.781006 0.151585 0.036794 -0.782488 5.787554 -0.030404
49.636345 -5.868083 2.564448 0.152956 305.516846 0.130208 0.038891 -0.750608 5.803749 -0.032311
49.761360 -6.117378 2.606026 0.004487 306.248657 0.108288 0.038054 -0.684216 5.816932 -0.033724
49.887375 -6.365722 2.649542 -0.188315 306.982300 0.087209 0.036654 -0.584292 5.832941 -0.033100
50.013390 -6.624585 2.702887 -0.426496 307.712006 0.064473 0.034955 -0.453088 5.848115 -0.035240
50.127403 -6.878216 2.761489 -0.691807 308.384796 0.041646 0.032243 -0.307494 5.856561 -0.037544
50.253418 -7.168742 2.837592 -0.991046 309.122955 0.015198 0.027780 -0.130490 5.863771 -0.038158
50.379433 -7.448544 2.901327 -1.276251 309.855713 -0.011311 0.020997 0.050093 5.867806 -0.036500
50.505447 -7.724550 2.977221 -1.535523 310.594543 -0.037983 0.013051 0.224750 5.867309 -0.036307
50.630463 -8.008188 3.056602 -1.820794 311.332581 -0.066174 0.004284 0.383942 5.854994 -0.037670
50.753479 -8.292986 3.125352 -2.109224 312.051727 -0.095787 -0.003695 0.517698 5.849923 -0.038597
50.878494 -8.592320 3.192920 -2.376143 312.781097 -0.127803 -0.011438 0.624870 5.835694 -0.041428
51.003510 -8.912541 3.253077 -2.648075 313.509064 -0.162094 -0.018902 0.697727 5.826294 -0.043621
51.129524 -9.234460 3.294300 -2.967108 314.235260 -0.197613 -0.025398 0.736792 5.812145 -0.042959
51.254539 -9.571314 3.345969 -3.221616 314.960327 -0.234391 -0.029652 0.747603 5.804822 -0.045696
51.379555 -9.925121 3.400531 -3.444818 315.689667 -0.272606 -0.031077 0.734838 5.789972 -0.047856
51.504570 -10.290887 3.448084 -3.700294 316.411011 -0.313171 -0.031933 0.699504 5.771155 -0.049975
51.630585 -10.677217 3.494146 -3.911529 317.129913 -0.356060 -0.031724 0.641045 5.756006 -0.052578
51.755600 -11.070937 3.539206 -4.056147 317.846863 -0.399996 -0.030630 0.561738 5.740285 -0.054965
51.879616 -11.474208 3.588115 -4.165590 318.561768 -0.445795 -0.027317 0.465864 5.725992 -0.055611
52.004631 -11.881660 3.630186 -4.226471 319.269501 -0.494042 -0.023125 0.355705 5.713906 -0.057592
52.136646 -12.317016 3.662875 -4.227603 320.026276 -0.548750 -0.019346 0.218015 5.701674 -0.057104
52.261662 -12.729436 3.677104 -4.204613 320.730286 -0.602243 -0.015370 0.069278 5.686661 -0.060112
52.385677 -13.163617 3.692300 -4.189118 321.438934 -0.660109 -0.012821 -0.094373 5.690080 -0.061233
52.510693 -13.616388 3.718067 -4.166065 322.147369 -0.721387 -0.011298 -0.256966 5.687818 -0.064996
52.635708 -14.090898 3.755597 -4.115921 322.854797 -0.785636 -0.012046 -0.399696 5.681263 -0.067948
52.760723 -14.574753 3.799169 -4.052407 323.561920 -0.851688 -0.014231 -0.510705 5.688780 -0.068294
52.883739 -15.054527 3.859460 -4.022903 324.252625 -0.919362 -0.016299 -0.588670 5.684824 -0.068937
53.008755 -15.545890 3.939378 -4.028704 324.959290 -0.992601 -0.019057 -0.648906 5.688437 -0.069109
53.133770 -16.051533 4.044531 -4.045720 325.672028 -1.068579 -0.022290 -0.703063 5.688149 -0.069945
53.259785 -16.567482 4.179840 -4.116743 326.378357 -1.147563 -0.025389 -0.755958 5.680941 -0.072185
53.385799 -17.111866 4.339682 -4.250957 327.088379 -1.230564 -0.028927 -0.800674 5.667056 -0.074397
53.511814 -17.663237 4.518701 -4.417366 327.796143 -1.317122 -0.033460 -0.819294 5.652989 -0.075767
53.636829 -18.229237 4.702393 -4.626160 328.501526 -1.408245 -0.037220 -0.792656 5.637757 -0.076757
53.763844 -18.807940 4.895989 -4.901253 329.204651 -1.502679 -0.038914 -0.707615 5.622663 -0.077550
53.878857 -19.340349 5.060937 -5.200607 329.843872 -1.591817 -0.039101 -0.577375 5.607082 -0.076912
54.004871 -19.942350 5.232026 -5.496871 330.548553 -1.692558 -0.036992 -0.385425 5.600615 -0.080945
54.130886 -20.559099 5.370754 -5.795327 331.245605 -1.795363 -0.034005 -0.165176 5.583489 -0.082536
54.254902 -21.184412 5.479003 -6.086713 331.929443 -1.898867 -0.030405 0.056784 5.573942 -0.086069
54.377918 -21.820456 5.573469 -6.307891 332.606842 -2.003251 -0.026781 0.263104 5.567204 -0.088479
54.512936 -22.548643 5.679022 -6.508724 333.348663 -2.120758 -0.021301 0.459965 5.560494 -0.092412
54.636951 -23.223047 5.771268 -6.733836 334.028137 -2.231210 -0.015733 0.607008 5.545893 -0.091632
54.759968 -23.896719 5.864938 -7.023741 334.700104 -2.344426 -0.010892 0.716831 5.536383 -0.090777
54.885983 -24.601860 5.970474 -7.382599 335.386627 -2.463909 -0.004992 0.791147 5.528456 -0.094067
55.012997 -25.343458 6.078023 -7.739615 336.077057 -2.587293 0.001614 0.828305 5.512945 -0.097971
55.128010 -26.020596 6.168305 -8.075770 336.694244 -2.700591 0.007183 0.831716 5.502193 -0.098944
55.254025 -26.780020 6.257708 -8.414260 337.374481 -2.828019 0.012761 0.804403 5.485011 -0.100506
55.380039 -27.554079 6.329898 -8.819595 338.051971 -2.960283 0.018062 0.743701 5.470999 -0.102127
55.505054 -28.344999 6.403299 -9.247135 338.726685 -3.096262 0.022463 0.648220 5.455004 -0.103537
55.631069 -29.136494 6.475917 -9.680360 339.398956 -3.235123 0.026161 0.519021 5.438271 -0.100658
55.758083 -29.923229 6.538251 -10.157069 340.073395 -3.379389 0.029474 0.360085 5.424060 -0.101430
55.884098 -30.705173 6.581820 -10.625957 340.734894 -3.525003 0.032321 0.185486 5.412544 -0.100223
56.009113 -31.477013 6.606226 -11.158279 341.394012 -3.673858 0.035605 0.008469 5.402336 -0.099865
56.134129 -32.253078 6.610359 -11.704979 342.056580 -3.827464 0.041556 -0.152593 5.394513 -0.098874
56.260143 -33.018887 6.597701 -12.210851 342.716949 -3.983819 0.048714 -0.278486 5.382171 -0.098015
56.385159 -33.765995 6.583613 -12.659051 343.365692 -4.140448 0.058107 -0.361183 5.380876 -0.098682
56.511173 -34.527271 6.582546 -13.083680 344.023834 -4.302229 0.069980 -0.410339 5.378623 -0.097461
56.636189 -35.275867 6.598753 -13.550212 344.679932 -4.468340 0.084285 -0.440917 5.366223 -0.095112
56.761204 -36.000839 6.621462 -14.001250 345.328705 -4.636796 0.099841 -0.468053 5.358863 -0.093375
56.886219 -36.720028 6.667860 -14.394209 345.975220 -4.808795 0.115108 -0.499025 5.341630 -0.093773
57.011234 -37.434814 6.734476 -14.863539 346.618011 -4.986582 0.131210 -0.532083 5.334677 -0.091379
57.136250 -38.144794 6.810251 -15.346897 347.259369 -5.168067 0.148440 -0.559363 5.333093 -0.091086
57.262264 -38.874645 6.904313 -15.878764 347.906036 -5.354131 0.167202 -0.571189 5.342381 -0.093834
57.389278 -39.625439 7.012527 -16.444878 348.552094 -5.542692 0.186920 -0.558640 5.342076 -0.094493
57.504292 -40.303490 7.112822 -16.931358 349.140320 -5.717099 0.203319 -0.522050 5.329853 -0.091578
57.630306 -41.033188 7.218099 -17.442295 349.782898 -5.910455 0.220911 -0.454992 5.324154 -0.091773
57.755322 -41.753666 7.314950 -17.942110 350.423798 -6.106275 0.238002 -0.362752 5.312845 -0.091067
57.880337 -42.449913 7.402877 -18.414545 351.056427 -6.303118 0.252828 -0.250475 5.291895 -0.087928
58.006351 -43.138927 7.458461 -18.847740 351.691132 -6.504037 0.266291 -0.120372 5.281231 -0.087217
58.132366 -43.811527 7.481861 -19.204664 352.318542 -6.705258 0.279948 0.019157 5.269929 -0.087443
58.257381 -44.474819 7.489299 -19.495291 352.950500 -6.910164 0.292430 0.161185 5.272095 -0.086403
58.382397 -45.122894 7.472035 -19.749811 353.575378 -7.116233 0.304951 0.294579 5.254928 -0.086355
58.508411 -45.764160 7.424168 -19.993507 354.197998 -7.325425 0.318221 0.413064 5.251273 -0.082902
58.632427 -46.384621 7.347106 -20.211515 354.819244 -7.538617 0.333203 0.510846 5.254373 -0.081708
58.757442 -46.985371 7.251629 -20.390177 355.438843 -7.755715 0.349577 0.583326 5.247430 -0.080318
58.881458 -47.569458 7.129415 -20.568457 356.050629 -7.974405 0.368489 0.628351 5.231931 -0.078292
59.007473 -48.140675 6.985750 -20.750210 356.665192 -8.198390 0.390650 0.646675 5.232145 -0.075659
59.132488 -48.706009 6.806279 -20.907990 357.278015 -8.424968 0.414144 0.637137 5.223265 -0.075674
59.258503 -49.254066 6.614252 -20.984938 357.893707 -8.657266 0.438757 0.596313 5.220743 -0.073947
59.382519 -49.774063 6.437187 -20.935221 358.502686 -8.891498 0.462284 0.521427 5.219131 -0.072426
59.507534 -50.264954 6.262208 -20.841785 359.109741 -9.131226 0.485958 0.415302 5.221649 -0.068454
59.632549 -50.715767 6.113622 -20.677624 359.715027 -9.375088 0.508810 0.288659 5.220901 -0.063629
59.758564 -51.134987 5.989760 -20.506035 360.313873 -9.621400 0.531630 0.155752 5.225526 -0.060121
59.880581 -51.530422 5.887347 -20.309959 360.910950 -9.873544 0.552880 0.023628 5.232351 -0.057119
60.003597 -51.891876 5.809228 -20.098991 361.502258 -10.128393 0.573760 -0.103870 5.239367 -0.053130
