1.20 1.10 20 64
0.131000 0.007781 -0.019271 -0.033493 0.855007 -0.000153 -0.138409 -0.349249 6.650049 0.001723
0.265000 -0.003519 -0.020986 -0.129317 1.730837 -0.000485 -0.107361 -0.363067 6.539889 -0.004493
0.381000 -0.034242 -0.005090 -0.172227 2.489947 -0.000578 -0.060582 -0.367314 6.455274 -0.005281
0.515000 -0.088131 0.028085 -0.285859 3.347341 0.000650 0.005566 -0.360657 6.358512 -0.008280
0.632000 -0.150227 0.050773 -0.430541 4.080396 0.001291 0.066685 -0.342654 6.297341 -0.009999
0.765000 -0.220929 0.045241 -0.608069 4.914038 0.000813 0.133571 -0.308617 6.258514 -0.008979
0.882000 -0.273760 0.013710 -0.756134 5.645629 0.000283 0.183855 -0.272347 6.251373 -0.007670
1.016000 -0.330638 -0.046026 -0.890529 6.482791 -0.001617 0.224269 -0.226636 6.241275 -0.006759
1.132000 -0.369077 -0.119514 -0.988991 7.208051 -0.002433 0.241513 -0.178828 6.263679 -0.005871
1.265000 -0.424918 -0.226021 -1.123225 8.048901 -0.002608 0.240318 -0.102920 6.284698 -0.007735
1.382000 -0.478602 -0.311427 -1.229607 8.785460 -0.002922 0.223165 -0.016156 6.303014 -0.008533
1.516000 -0.534963 -0.368329 -1.308848 9.624710 -0.003474 0.188850 0.095615 6.309419 -0.007700
1.631999 -0.592250 -0.403598 -1.347356 10.362963 -0.005939 0.149292 0.191812 6.308513 -0.008418
1.765999 -0.663857 -0.407260 -1.394627 11.201954 -0.009078 0.096851 0.288175 6.304238 -0.010329
1.882999 -0.731949 -0.365718 -1.491146 11.938993 -0.013584 0.050181 0.360112 6.296000 -0.010141
2.015999 -0.813895 -0.272339 -1.537718 12.774322 -0.019420 0.005071 0.428188 6.266669 -0.010487
2.132999 -0.891520 -0.129473 -1.592421 13.505170 -0.025590 -0.023640 0.473852 6.234670 -0.012073
2.265999 -0.986253 0.083436 -1.660392 14.330675 -0.033108 -0.040360 0.504517 6.188444 -0.012637
2.382999 -1.084809 0.304711 -1.665299 15.052032 -0.039625 -0.040321 0.510539 6.147743 -0.015417
2.515999 -1.202252 0.577510 -1.644694 15.872035 -0.045856 -0.022002 0.496433 6.100471 -0.016064
2.632998 -1.307730 0.817624 -1.661736 16.577496 -0.052726 0.005553 0.468815 6.069812 -0.015149
2.766998 -1.425315 1.081174 -1.733605 17.387907 -0.062153 0.048153 0.416679 6.035335 -0.015775
2.882998 -1.532206 1.290909 -1.797619 18.092995 -0.073090 0.087871 0.346449 6.021223 -0.015290
3.016998 -1.656094 1.487713 -1.859482 18.893162 -0.086445 0.129025 0.232722 6.016373 -0.016883
3.132998 -1.766183 1.608011 -1.884404 19.596951 -0.097235 0.158447 0.109829 6.015467 -0.016163
3.266998 -1.884664 1.705498 -1.824593 20.397316 -0.106931 0.183185 -0.032322 6.021327 -0.015496
3.383998 -1.988769 1.756028 -1.711466 21.103502 -0.114292 0.195484 -0.136747 6.044590 -0.015895
3.516998 -2.107551 1.748188 -1.568376 21.909378 -0.123393 0.197627 -0.220693 6.072044 -0.016800
3.633997 -2.213355 1.685693 -1.390195 22.621098 -0.131166 0.188668 -0.273062 6.094921 -0.015927
3.750997 -2.306825 1.606916 -1.143185 23.336376 -0.139181 0.171409 -0.321998 6.123301 -0.016211
3.883997 -2.424102 1.471789 -0.820555 24.158857 -0.151221 0.145643 -0.386442 6.148993 -0.016860
4.000997 -2.537390 1.337696 -0.554168 24.873529 -0.162187 0.119847 -0.444658 6.174766 -0.019187
4.133997 -2.673083 1.185511 -0.233360 25.702703 -0.173869 0.091414 -0.496976 6.199018 -0.018580
4.250998 -2.794708 1.067269 0.039956 26.423235 -0.183726 0.070638 -0.514108 6.220167 -0.019069
4.384999 -2.943260 0.949238 0.315644 27.257229 -0.195783 0.051855 -0.491778 6.227967 -0.018982
4.500999 -3.068777 0.882396 0.503622 27.980265 -0.209053 0.042796 -0.435077 6.239466 -0.018839
4.635000 -3.202893 0.841436 0.740672 28.815588 -0.225774 0.043556 -0.331210 6.233321 -0.018616
4.751000 -3.336230 0.842697 0.895500 29.544573 -0.241683 0.054004 -0.216604 6.230503 -0.020923
4.885001 -3.499353 0.893993 1.045693 30.371944 -0.260240 0.075049 -0.075952 6.216213 -0.022809
5.001001 -3.648611 0.965681 1.127982 31.099930 -0.279118 0.100437 0.039836 6.231616 -0.022090
5.135002 -3.801233 1.107500 1.259256 31.929781 -0.302184 0.132815 0.146244 6.242628 -0.019979
5.252002 -3.935695 1.273686 1.317459 32.660057 -0.323166 0.161865 0.210297 6.245404 -0.020045
5.385003 -4.087899 1.470396 1.337747 33.490879 -0.347221 0.190467 0.249789 6.258784 -0.020579
5.502003 -4.227739 1.643396 1.279554 34.223320 -0.370227 0.206438 0.260245 6.270059 -0.021471
5.635004 -4.396821 1.838442 1.161018 35.064610 -0.396977 0.212989 0.253429 6.290934 -0.022435
5.752004 -4.545698 2.002711 1.056181 35.794773 -0.420161 0.209145 0.237422 6.304320 -0.022406
5.885005 -4.725641 2.159142 0.869594 36.640625 -0.446194 0.196453 0.208973 6.328343 -0.022512
6.002005 -4.885858 2.269783 0.646793 37.381813 -0.469228 0.177813 0.173811 6.342633 -0.022695
6.136006 -5.058889 2.355467 0.377090 38.226524 -0.497245 0.150336 0.122779 6.364718 -0.020372
6.252006 -5.203756 2.404039 0.145854 38.971905 -0.521542 0.122175 0.075715 6.381887 -0.019088
6.386007 -5.357697 2.429858 -0.108058 39.820774 -0.548574 0.089776 0.033347 6.387798 -0.018015
6.503007 -5.484612 2.431959 -0.349792 40.569004 -0.573382 0.064376 0.014066 6.403027 -0.018048
6.636008 -5.637415 2.400968 -0.705142 41.420338 -0.602389 0.043606 0.010769 6.402988 -0.016887
6.753008 -5.765132 2.358401 -1.040123 42.169510 -0.627865 0.033394 0.016321 6.406540 -0.017663
6.886009 -5.910842 2.301271 -1.386328 43.028446 -0.656159 0.032371 0.023012 6.415633 -0.016542
7.003009 -6.025283 2.239404 -1.669262 43.772224 -0.681972 0.038884 0.026250 6.419554 -0.015028
7.136010 -6.145335 2.150381 -1.930541 44.631977 -0.714668 0.056806 0.026479 6.423201 -0.013982
7.253010 -6.259458 2.093573 -2.166075 45.383705 -0.744229 0.077521 0.025314 6.435456 -0.015917
7.387011 -6.386961 2.057354 -2.419993 46.239281 -0.778964 0.106265 0.026533 6.439478 -0.015710
7.503011 -6.499021 2.053571 -2.637639 46.992348 -0.808709 0.132465 0.032926 6.441576 -0.015207
7.637012 -6.609899 2.062512 -2.744673 47.848194 -0.841684 0.159910 0.043431 6.438921 -0.013702
7.754013 -6.710989 2.088048 -2.775063 48.601204 -0.869762 0.179318 0.046529 6.443211 -0.015837
7.887013 -6.817805 2.134549 -2.784066 49.458225 -0.902149 0.194949 0.031517 6.453211 -0.013155
8.004013 -6.917890 2.185610 -2.782341 50.212490 -0.932465 0.201258 0.000981 6.452933 -0.015803
8.137013 -7.039998 2.256948 -2.729789 51.077629 -0.968138 0.200020 -0.040157 6.465441 -0.017014
8.254014 -7.148334 2.314192 -2.671669 51.827095 -1.000264 0.192969 -0.069458 6.465571 -0.016453
8.387014 -7.263499 2.360835 -2.533567 52.693966 -1.039629 0.178608 -0.091208 6.480885 -0.014827
8.504015 -7.348786 2.385134 -2.407278 53.445366 -1.075462 0.162278 -0.104935 6.487116 -0.013526
8.638016 -7.446947 2.392026 -2.226594 54.314754 -1.117744 0.141313 -0.121362 6.500116 -0.013879
8.754016 -7.525520 2.398419 -2.057184 55.075161 -1.154460 0.121696 -0.134880 6.508307 -0.012442
8.888017 -7.609772 2.404326 -1.891375 55.940342 -1.199034 0.102068 -0.140232 6.511406 -0.011522
9.005017 -7.677042 2.425022 -1.750672 56.701584 -1.240680 0.088069 -0.128875 6.523651 -0.010887
9.138018 -7.755509 2.472259 -1.584955 57.568699 -1.290262 0.078648 -0.094717 6.530136 -0.011605
9.255018 -7.816279 2.536801 -1.422650 58.331451 -1.336013 0.079142 -0.047736 6.527470 -0.010536
9.388019 -7.893032 2.636330 -1.363524 59.204144 -1.389871 0.088508 0.015127 6.517073 -0.010211
9.505019 -7.956586 2.724234 -1.320828 59.957203 -1.436623 0.100984 0.063940 6.499229 -0.010893
9.638020 -8.038332 2.815788 -1.275217 60.826260 -1.491429 0.118258 0.096607 6.494115 -0.011003
9.755020 -8.112996 2.883528 -1.203403 61.584454 -1.539222 0.135460 0.097474 6.488381 -0.012090
9.889021 -8.208289 2.947108 -1.176642 62.445293 -1.594471 0.156661 0.072811 6.484810 -0.012512
10.005021 -8.294725 2.980480 -1.108155 63.202785 -1.642227 0.173580 0.040516 6.491203 -0.014456
10.139022 -8.388555 2.989282 -0.987316 64.064720 -1.696539 0.187467 0.004032 6.493531 -0.012806
10.255022 -8.473985 2.998221 -0.933581 64.823189 -1.745409 0.193321 -0.023577 6.496757 -0.013793
10.389023 -8.581136 2.987598 -0.937939 65.685776 -1.803091 0.193883 -0.047122 6.507973 -0.014249
10.506023 -8.671630 2.965671 -1.013926 66.446075 -1.854504 0.188502 -0.058269 6.516478 -0.013192
10.639024 -8.770719 2.928370 -1.154014 67.312592 -1.914833 0.175747 -0.056879 6.545351 -0.010865
10.756024 -8.838901 2.892172 -1.308180 68.077362 -1.969295 0.160893 -0.042654 6.558319 -0.007584
10.889025 -8.903919 2.855136 -1.539736 68.955536 -2.033817 0.141196 -0.011189 6.577184 -0.006340
11.006025 -8.965847 2.823775 -1.788959 69.716499 -2.091352 0.126062 0.030562 6.578039 -0.008232
11.140026 -9.048491 2.784471 -2.107630 70.595947 -2.158153 0.111229 0.095438 6.584820 -0.009609
11.256026 -9.123567 2.749310 -2.395908 71.364838 -2.217666 0.100900 0.158841 6.594317 -0.009917
11.390027 -9.212405 2.702632 -2.691839 72.239609 -2.285496 0.094908 0.217891 6.598544 -0.010118
11.507028 -9.296250 2.676208 -2.926041 73.007896 -2.346033 0.093747 0.239724 6.585984 -0.010652
11.640028 -9.382032 2.629690 -3.069802 73.880081 -2.416024 0.094613 0.220870 6.570008 -0.010311
11.757029 -9.452881 2.598391 -3.129953 74.646004 -2.478381 0.099952 0.173281 6.565722 -0.009307
11.890029 -9.530062 2.570795 -3.153186 75.516548 -2.549658 0.110221 0.103379 6.564108 -0.010798
12.007030 -9.599752 2.542135 -3.153740 76.281837 -2.612411 0.121064 0.040875 6.562641 -0.010036
12.140030 -9.696022 2.518203 -3.115784 77.156464 -2.684834 0.136270 -0.029144 6.541910 -0.014157
12.257030 -9.798633 2.485134 -3.081724 77.911827 -2.748911 0.148814 -0.094000 6.535694 -0.015526
12.390031 -9.926220 2.448911 -3.034461 78.784241 -2.824668 0.159854 -0.175695 6.532319 -0.018120
12.507031 -10.053874 2.414115 -2.977342 79.538849 -2.891411 0.166019 -0.241202 6.529271 -0.019602
12.641032 -10.212965 2.402900 -2.973284 80.409782 -2.970869 0.168843 -0.287956 6.526233 -0.020685
12.757032 -10.346689 2.388311 -3.008813 81.170410 -3.040372 0.168174 -0.290200 6.526017 -0.019907
12.891033 -10.503939 2.361638 -3.024476 82.033539 -3.120239 0.161841 -0.255498 6.510325 -0.021065
13.008034 -10.654343 2.342646 -3.017207 82.792732 -3.191773 0.154681 -0.212510 6.518224 -0.024149
13.141034 -10.842892 2.344895 -2.932472 83.655014 -3.274395 0.145844 -0.172583 6.505790 -0.025539
13.258035 -11.006056 2.348930 -2.806318 84.411621 -3.348102 0.138837 -0.150316 6.492198 -0.025125
13.391035 -11.186102 2.378289 -2.618268 85.276077 -3.433213 0.132043 -0.129634 6.478868 -0.025173
13.508036 -11.346407 2.406417 -2.403949 86.023323 -3.507066 0.126624 -0.103920 6.466738 -0.025463
13.642036 -11.527893 2.448666 -2.244402 86.884796 -3.596839 0.123723 -0.059121 6.462277 -0.024509
13.758037 -11.683665 2.485532 -2.078295 87.635712 -3.678888 0.124713 -0.010992 6.452193 -0.024538
13.892037 -11.867644 2.536443 -1.859892 88.488640 -3.773656 0.129182 0.044802 6.449948 -0.025494
14.009038 -12.025242 2.590777 -1.718772 89.237999 -3.857859 0.134378 0.087010 6.438001 -0.025860
14.142038 -12.207747 2.665741 -1.631828 90.087654 -3.955074 0.141777 0.122761 6.424316 -0.023900
14.259039 -12.376944 2.711842 -1.616194 90.834572 -4.041816 0.149425 0.144760 6.431798 -0.025322
14.392039 -12.568033 2.751036 -1.574514 91.684517 -4.141596 0.159418 0.165633 6.438931 -0.026050
14.510039 -12.735648 2.785419 -1.579849 92.439682 -4.230875 0.167642 0.188714 6.444767 -0.023851
14.627040 -12.896572 2.811157 -1.618121 93.188560 -4.318952 0.172778 0.222262 6.441977 -0.024344
14.760040 -13.086234 2.815777 -1.639088 94.052536 -4.419966 0.173976 0.275126 6.444180 -0.024818
14.877041 -13.253650 2.805083 -1.661557 94.789307 -4.507274 0.172516 0.323920 6.450698 -0.025664
15.010041 -13.450953 2.759362 -1.784191 95.641212 -4.609382 0.167766 0.367113 6.450678 -0.025403
15.127042 -13.619262 2.698438 -1.954190 96.390778 -4.701045 0.161077 0.378018 6.457750 -0.024268
15.260042 -13.830458 2.606596 -2.140049 97.249954 -4.807627 0.152134 0.350590 6.460673 -0.027350
15.377043 -14.026548 2.513334 -2.323125 97.993088 -4.901029 0.145556 0.295034 6.450744 -0.027563
15.511044 -14.245106 2.415608 -2.544530 98.851028 -5.009530 0.138941 0.202627 6.455651 -0.026607
15.627044 -14.430151 2.331391 -2.721730 99.600868 -5.104800 0.134622 0.105949 6.463140 -0.025621
15.761045 -14.629169 2.219492 -2.904938 100.453453 -5.213965 0.132260 -0.014667 6.465689 -0.024070
15.877045 -14.805965 2.132577 -3.075636 101.203300 -5.312038 0.133073 -0.121921 6.466805 -0.026158
16.011045 -15.016222 2.066899 -3.246427 102.056580 -5.425341 0.135695 -0.233300 6.472711 -0.027221
16.128048 -15.210422 2.031145 -3.383596 102.806923 -5.524337 0.138562 -0.312295 6.468433 -0.028116
16.261051 -15.433340 2.054572 -3.565161 103.658463 -5.637758 0.143771 -0.373370 6.455351 -0.028028
16.378054 -15.620226 2.098495 -3.682482 104.405403 -5.739563 0.150331 -0.399736 6.438446 -0.026123
16.511057 -15.832700 2.171952 -3.812063 105.257698 -5.857222 0.157990 -0.399588 6.410801 -0.027463
16.628059 -16.034199 2.255575 -3.911060 105.992485 -5.959422 0.164245 -0.376923 6.387195 -0.030113
16.761063 -16.278378 2.332567 -4.037700 106.837654 -6.079174 0.169716 -0.332450 6.361269 -0.031554
16.878065 -16.487118 2.388882 -4.169759 107.567451 -6.183882 0.171889 -0.288572 6.348914 -0.029406
17.012068 -16.713484 2.468307 -4.359627 108.407982 -6.306751 0.171508 -0.243991 6.338168 -0.028740
17.128071 -16.904287 2.542684 -4.518944 109.140610 -6.414984 0.171387 -0.215178 6.326415 -0.027237
17.262074 -17.116819 2.611556 -4.648317 109.971802 -6.540195 0.170799 -0.187938 6.312635 -0.026868
17.379076 -17.295376 2.647794 -4.737244 110.699944 -6.653848 0.168495 -0.158139 6.290192 -0.025525
17.512079 -17.491957 2.676688 -4.862098 111.525490 -6.787427 0.165961 -0.111690 6.290107 -0.024602
17.629082 -17.657949 2.716204 -4.965587 112.250748 -6.907629 0.162511 -0.062264 6.279665 -0.023342
17.762085 -17.840984 2.749321 -4.991117 113.073090 -7.046240 0.159715 -0.002908 6.263099 -0.024391
17.879087 -18.004007 2.749018 -4.946107 113.794098 -7.169429 0.158201 0.054521 6.243900 -0.024315
18.012091 -18.194983 2.738224 -4.951508 114.618996 -7.313165 0.158254 0.132651 6.250675 -0.024875
18.129093 -18.372921 2.722683 -4.888427 115.333267 -7.438428 0.158343 0.208228 6.252626 -0.027783
18.263096 -18.586906 2.684055 -4.765451 116.157593 -7.585280 0.159557 0.285528 6.245838 -0.029579
18.379099 -18.785421 2.649559 -4.635123 116.876762 -7.715353 0.162231 0.328111 6.245087 -0.030602
18.513102 -19.012035 2.625602 -4.549150 117.692390 -7.866140 0.167965 0.345078 6.232504 -0.029956
18.630104 -19.204552 2.606971 -4.479630 118.408997 -8.001928 0.173850 0.343681 6.232716 -0.028947
18.763107 -19.439728 2.596904 -4.411935 119.223694 -8.159423 0.180936 0.334752 6.241744 -0.031505
18.880110 -19.639767 2.593393 -4.345938 119.940163 -8.300926 0.187310 0.317223 6.242838 -0.030157
19.013113 -19.862558 2.591548 -4.249062 120.753578 -8.465243 0.194369 0.277281 6.241749 -0.029026
19.130116 -20.056286 2.567134 -4.150639 121.469460 -8.611453 0.197977 0.225030 6.243804 -0.030105
19.263119 -20.270662 2.543854 -4.047590 122.288971 -8.782064 0.200995 0.162560 6.245145 -0.027964
19.380121 -20.469891 2.523754 -4.028508 122.997261 -8.933997 0.202971 0.122559 6.247634 -0.031324
19.513124 -20.711807 2.494559 -4.073233 123.815903 -9.112088 0.203678 0.102237 6.253687 -0.032230
19.630127 -20.927069 2.452922 -4.056368 124.530800 -9.268687 0.203090 0.100143 6.252729 -0.032708
19.764130 -21.177879 2.421879 -4.026981 125.342659 -9.447897 0.202184 0.093579 6.252047 -0.033781
19.880133 -21.405203 2.397397 -3.995980 126.056633 -9.606980 0.201188 0.064852 6.252781 -0.034763
20.014135 -21.693085 2.361188 -4.028875 126.866470 -9.790112 0.200018 -0.002960 6.242243 -0.038200
20.131138 -21.963943 2.325745 -4.099795 127.577400 -9.952938 0.198598 -0.083050 6.226262 -0.039894
20.264141 -22.279388 2.270294 -4.166245 128.382614 -10.140882 0.196364 -0.168128 6.213822 -0.040183
20.381144 -22.549896 2.219336 -4.197410 129.088760 -10.308545 0.193309 -0.218363 6.197712 -0.040336
20.514147 -22.863565 2.181040 -4.181428 129.889374 -10.500267 0.191243 -0.245128 6.182884 -0.041643
20.631149 -23.147591 2.157261 -4.261425 130.591125 -10.671740 0.192841 -0.256899 6.164861 -0.041637
20.764153 -23.475704 2.154448 -4.373618 131.391891 -10.871358 0.197199 -0.276900 6.148531 -0.042977
20.881155 -23.773012 2.160124 -4.516654 132.088379 -11.047909 0.203602 -0.306065 6.135952 -0.044407
21.015158 -24.122225 2.138918 -4.707273 132.877731 -11.249956 0.213594 -0.345448 6.121720 -0.044492
21.131161 -24.430275 2.107713 -4.871401 133.569733 -11.429186 0.223277 -0.374370 6.100741 -0.045697
21.265163 -24.782473 2.054149 -5.037535 134.353546 -11.636243 0.235368 -0.389805 6.088126 -0.045957
21.381166 -25.101051 2.003798 -5.179651 135.041245 -11.821410 0.243685 -0.384119 6.086929 -0.047356
21.515169 -25.479782 1.934499 -5.272555 135.820465 -12.034596 0.251271 -0.354787 6.068016 -0.050593
21.632172 -25.831423 1.875220 -5.383272 136.503967 -12.224659 0.255885 -0.309040 6.058758 -0.052986
21.765175 -26.233639 1.799946 -5.545821 137.278641 -12.444158 0.256810 -0.232976 6.050640 -0.050863
21.882177 -26.573111 1.752202 -5.692116 137.958710 -12.640302 0.255089 -0.143082 6.047810 -0.049318
22.015181 -26.970222 1.690663 -5.833244 138.736221 -12.867621 0.252415 -0.016637 6.040871 -0.052032
22.132183 -27.319155 1.648264 -5.951514 139.408325 -13.066804 0.249472 0.103899 6.045581 -0.052043
22.266186 -27.727079 1.586147 -6.128082 140.181839 -13.302204 0.245348 0.238807 6.023922 -0.052295
22.382189 -28.071198 1.530568 -6.211966 140.849670 -13.508051 0.241715 0.337456 6.024089 -0.050185
22.516191 -28.450121 1.482268 -6.207287 141.620224 -13.748714 0.238783 0.418806 6.024928 -0.049395
22.632195 -28.778006 1.460384 -6.122769 142.291504 -13.961403 0.239345 0.458460 6.010944 -0.048900
22.766197 -29.155273 1.440925 -5.998938 143.050888 -14.207443 0.241960 0.473958 5.992311 -0.050113
22.883200 -29.488874 1.437160 -5.860574 143.716507 -14.426924 0.245290 0.472589 5.986970 -0.050014
23.016203 -29.858179 1.438935 -5.645228 144.470963 -14.679776 0.251896 0.466888 5.979094 -0.048027
23.133205 -30.167683 1.438261 -5.412156 145.132217 -14.904786 0.257545 0.461352 5.965448 -0.047031
23.266209 -30.514151 1.428760 -5.158839 145.886444 -15.167034 0.261588 0.445672 5.951475 -0.045401
23.383211 -30.804796 1.428210 -4.900494 146.536331 -15.398350 0.263354 0.412305 5.940450 -0.044580
23.517214 -31.142551 1.425198 -4.590863 147.282959 -15.670513 0.265424 0.341964 5.922357 -0.045890
23.633217 -31.437279 1.417198 -4.346677 147.931274 -15.911658 0.267715 0.254666 5.904786 -0.044649
23.767220 -31.770718 1.408613 -4.086616 148.664886 -16.188972 0.268298 0.136800 5.889541 -0.045302
23.883223 -32.074215 1.389764 -3.886936 149.307907 -16.436619 0.266992 0.028333 5.889957 -0.046551
24.017225 -32.415749 1.373174 -3.682394 150.036835 -16.722752 0.266013 -0.088779 5.882659 -0.045342
24.134228 -32.716892 1.349888 -3.520152 150.674698 -16.978310 0.263231 -0.179703 5.868635 -0.046581
24.267231 -33.063110 1.303026 -3.379775 151.395645 -17.273844 0.259350 -0.269888 5.854102 -0.045842
24.384233 -33.369495 1.258612 -3.271949 152.027130 -17.538464 0.256145 -0.342672 5.850114 -0.045985
24.501236 -33.679047 1.208260 -3.169233 152.656570 -17.806482 0.254056 -0.413122 5.847175 -0.046758
24.634239 -34.035152 1.168224 -3.050730 153.369446 -18.114700 0.252286 -0.484463 5.834926 -0.047033
24.751242 -34.350784 1.133512 -3.017745 153.994812 -18.389627 0.252089 -0.527076 5.840215 -0.046688
24.884245 -34.703255 1.066652 -3.035297 154.704453 -18.705965 0.253850 -0.540169 5.844694 -0.045003
25.001247 -35.005489 0.996964 -3.058816 155.327942 -18.987867 0.256297 -0.521123 5.849209 -0.046114
25.134251 -35.368546 0.903679 -3.008518 156.041901 -19.313835 0.261062 -0.474022 5.860249 -0.047054
25.251253 -35.681110 0.835092 -2.979793 156.659348 -19.598299 0.267398 -0.419146 5.857077 -0.047332
25.385256 -36.035728 0.766626 -2.973341 157.369751 -19.931459 0.276557 -0.343906 5.857275 -0.045476
25.502258 -36.335903 0.694778 -2.989790 157.988403 -20.226364 0.284630 -0.271083 5.858519 -0.044016
25.635262 -36.652111 0.620685 -2.951375 158.691132 -20.565287 0.292410 -0.187591 5.866807 -0.040325
25.752264 -36.915417 0.593819 -2.987570 159.307785 -20.867954 0.297416 -0.120982 5.872511 -0.038996
25.885267 -37.192196 0.578977 -3.004818 160.007309 -21.216555 0.300787 -0.053382 5.880133 -0.035508
26.002270 -37.441563 0.594518 -3.015761 160.621384 -21.527117 0.300496 0.006526 5.884895 -0.037293
26.135273 -37.734077 0.636007 -3.097170 161.318069 -21.885378 0.297255 0.088412 5.893610 -0.037708
26.252275 -37.987297 0.676854 -3.201810 161.930832 -22.203907 0.293243 0.177835 5.906324 -0.036588
26.385279 -38.258507 0.741634 -3.267881 162.633163 -22.572111 0.285573 0.293814 5.930341 -0.034307
26.502281 -38.489319 0.814612 -3.301301 163.241699 -22.893173 0.276934 0.389061 5.935908 -0.035340
26.636284 -38.771641 0.894137 -3.361679 163.941650 -23.267717 0.265925 0.469410 5.921905 -0.035819
26.752287 -39.002346 0.958323 -3.436005 164.550583 -23.599485 0.256376 0.501065 5.929770 -0.033032
26.886290 -39.251926 1.037819 -3.537866 165.241104 -23.980818 0.246869 0.497102 5.933082 -0.031084
27.003292 -39.457092 1.114335 -3.651513 165.847275 -24.319597 0.241022 0.473323 5.935376 -0.029935
27.136295 -39.682716 1.216004 -3.755462 166.534012 -24.709564 0.237453 0.439662 5.943556 -0.029391
27.253298 -39.883255 1.313768 -3.853735 167.137451 -25.056467 0.234360 0.409358 5.954217 -0.029902
27.386301 -40.108944 1.434273 -3.959182 167.823013 -25.455658 0.230752 0.370878 5.974578 -0.028097
27.503304 -40.298164 1.539093 -4.068628 168.425293 -25.810724 0.229001 0.332283 5.977084 -0.027578
27.636307 -40.506145 1.604442 -4.214319 169.113388 -26.222582 0.228703 0.284023 5.994881 -0.025344
27.753309 -40.678833 1.653286 -4.333577 169.709625 -26.582529 0.228051 0.237789 6.010574 -0.025523
27.887312 -40.881191 1.722077 -4.529370 170.397491 -27.003527 0.226727 0.172820 6.028456 -0.025932
28.003315 -41.068863 1.766211 -4.784195 170.998138 -27.374472 0.224457 0.101046 6.037534 -0.027161
28.137318 -41.274296 1.815010 -4.982773 171.680801 -27.798601 0.221873 0.005450 6.045329 -0.025577
28.253321 -41.444595 1.840585 -5.136542 172.279633 -28.174713 0.220338 -0.083234 6.040988 -0.024777
28.387323 -41.620392 1.852689 -5.219433 172.960587 -28.604572 0.218824 -0.180713 6.065234 -0.020804
28.504326 -41.755939 1.848245 -5.239168 173.560623 -28.985420 0.218076 -0.262978 6.083784 -0.020225
28.637329 -41.907024 1.832494 -5.199409 174.244003 -29.421766 0.217740 -0.352340 6.104312 -0.020100
28.754332 -42.039589 1.816971 -5.145148 174.845367 -29.807825 0.218691 -0.424994 6.110510 -0.019297
28.887335 -42.184536 1.789858 -5.075655 175.534271 -30.252783 0.218993 -0.493018 6.127412 -0.018681
29.004337 -42.292747 1.774328 -5.003344 176.131271 -30.639580 0.218965 -0.535459 6.136488 -0.015508
29.137341 -42.401028 1.768092 -4.964783 176.821106 -31.090364 0.217213 -0.565170 6.163980 -0.012054
29.254343 -42.468395 1.784417 -4.910734 177.427353 -31.485338 0.217040 -0.574887 6.191305 -0.009070
29.388346 -42.531742 1.833529 -4.849216 178.117752 -31.935690 0.218327 -0.562457 6.206743 -0.007784
29.504349 -42.582355 1.905213 -4.760431 178.726059 -32.333961 0.219644 -0.521448 6.212912 -0.007424
29.638351 -42.634079 2.004792 -4.696921 179.416916 -32.789391 0.221865 -0.431150 6.222322 -0.007125
29.755354 -42.685463 2.116031 -4.659371 180.024902 -33.191479 0.224313 -0.313333 6.230764 -0.009374
29.888357 -42.756409 2.234605 -4.621240 180.717453 -33.650238 0.226246 -0.151830 6.254398 -0.007828
30.005360 -42.799286 2.358058 -4.625274 181.327637 -34.054810 0.228392 -0.007815 6.258052 -0.005076
30.138363 -42.831650 2.515163 -4.696882 182.025330 -34.520626 0.231152 0.131410 6.264603 -0.002903
30.255365 -42.847797 2.662982 -4.776221 182.629166 -34.925457 0.233129 0.220361 6.268615 -0.000578
30.388369 -42.849609 2.819556 -4.852198 183.328293 -35.392273 0.235762 0.291754 6.272089 0.001867
30.505371 -42.837139 2.929912 -4.940818 183.941467 -35.798779 0.238099 0.339326 6.299734 0.003447
30.639374 -42.820591 3.018353 -5.067461 184.641434 -36.260220 0.239291 0.383058 6.307064 0.003850
30.755377 -42.799068 3.080688 -5.219756 185.257309 -36.666157 0.240096 0.407130 6.306673 0.004104
30.889380 -42.780640 3.109627 -5.415794 185.958466 -37.129227 0.240562 0.407426 6.322695 0.004954
31.006382 -42.763657 3.106391 -5.630343 186.576874 -37.537434 0.242313 0.383613 6.341296 0.004650
31.139385 -42.745003 3.076667 -5.851506 187.280899 -38.001518 0.247078 0.342266 6.340933 0.003589
31.256388 -42.739197 3.036199 -6.061111 187.902130 -38.408905 0.253265 0.306705 6.351947 0.001719
31.389391 -42.718590 2.975896 -6.267392 188.609726 -38.872276 0.262823 0.274674 6.365474 0.006388
31.506393 -42.685917 2.909801 -6.382589 189.233536 -39.279377 0.274433 0.249845 6.378016 0.005538
31.639397 -42.642342 2.824814 -6.471009 189.949860 -39.746304 0.290351 0.216403 6.390346 0.006520
31.756399 -42.583466 2.749328 -6.550282 190.571793 -40.151791 0.306312 0.180541 6.412201 0.011060
31.890402 -42.492348 2.657116 -6.617145 191.292618 -40.621658 0.324216 0.136627 6.426039 0.011901
32.007404 -42.419460 2.573116 -6.672490 191.929230 -41.035980 0.339836 0.104608 6.443955 0.009871
32.141392 -42.341045 2.478913 -6.763224 192.649475 -41.504425 0.355078 0.079220 6.469048 0.011285
32.258381 -42.271568 2.408957 -6.813634 193.285934 -41.917526 0.366087 0.059035 6.494430 0.010222
32.391369 -42.188911 2.340242 -6.835772 194.013657 -42.386196 0.377316 0.022552 6.515931 0.010879
32.508358 -42.111115 2.289301 -6.849433 194.656113 -42.798527 0.386639 -0.029866 6.531036 0.011294
32.641346 -42.013996 2.244354 -6.842876 195.395081 -43.270802 0.395856 -0.107502 6.558944 0.014115
32.758335 -41.916183 2.220688 -6.739613 196.043961 -43.681705 0.402094 -0.175524 6.569021 0.014655
32.891323 -41.787930 2.183935 -6.626770 196.784088 -44.150009 0.407629 -0.238774 6.596842 0.017253
33.008312 -41.669701 2.147610 -6.549981 197.432678 -44.558914 0.409586 -0.277833 6.618640 0.018861
33.142300 -41.505543 2.096047 -6.399438 198.185150 -45.030655 0.411457 -0.308276 6.627597 0.021720
33.258289 -41.349770 2.042552 -6.215866 198.843811 -45.442223 0.411985 -0.325112 6.645954 0.022796
33.392277 -41.162731 1.973573 -5.887420 199.594513 -45.909950 0.411788 -0.333850 6.659272 0.022942
33.509266 -40.986404 1.902759 -5.565063 200.256821 -46.323681 0.413099 -0.330395 6.681848 0.025680
33.642254 -40.754089 1.827956 -5.119494 201.012558 -46.795559 0.414862 -0.309895 6.710918 0.030926
33.759243 -40.519432 1.775517 -4.686569 201.681519 -47.211075 0.417709 -0.273160 6.747162 0.034442
33.876232 -40.271015 1.725681 -4.316050 202.353638 -47.628273 0.422687 -0.217721 6.769654 0.036948
34.009220 -39.957741 1.689149 -3.866537 203.120468 -48.101963 0.429678 -0.137399 6.786847 0.041575
34.126209 -39.656979 1.652549 -3.513181 203.798477 -48.518230 0.437402 -0.063710 6.811384 0.044643
34.259197 -39.289555 1.593896 -3.184196 204.571228 -48.992924 0.447312 0.008705 6.832056 0.047150
34.376186 -38.957355 1.547994 -2.874436 205.255737 -49.409458 0.456239 0.053882 6.858308 0.048414
34.509174 -38.562096 1.502161 -2.466885 206.044891 -49.885582 0.466086 0.079665 6.889869 0.050896
34.626163 -38.206848 1.473266 -2.143918 206.730698 -50.297874 0.474559 0.080356 6.909814 0.053204
34.759151 -37.777096 1.437253 -1.847353 207.526962 -50.775528 0.482862 0.066888 6.941472 0.055382
34.876141 -37.395344 1.385642 -1.638285 208.225586 -51.194561 0.488262 0.061357 6.974418 0.056932
35.010128 -36.951000 1.322584 -1.435453 209.024170 -51.672272 0.494401 0.084279 7.013563 0.058172
35.126118 -36.542740 1.271214 -1.237274 209.731369 -52.093872 0.500019 0.132064 7.052430 0.061802
35.260105 -36.058800 1.215079 -1.066696 210.539902 -52.573936 0.505966 0.195358 7.079975 0.064024
35.377094 -35.611671 1.184128 -0.961310 211.254135 -52.997932 0.510548 0.235167 7.111184 0.068791
35.510082 -35.084587 1.180320 -0.900938 212.069092 -53.482792 0.515777 0.255094 7.145100 0.069904
35.627071 -34.615665 1.206634 -0.946523 212.789474 -53.912079 0.519761 0.263159 7.182495 0.070027
35.760059 -34.073891 1.261693 -0.994348 213.613754 -54.401226 0.521681 0.276409 7.221890 0.071898
35.877048 -33.575813 1.316448 -0.976870 214.343430 -54.831261 0.523901 0.285845 7.249629 0.075669
36.010036 -32.998661 1.409997 -0.961003 215.182693 -55.324413 0.524658 0.271215 7.273582 0.075734
36.127026 -32.493298 1.487419 -0.994249 215.912888 -55.752731 0.523859 0.224101 7.312829 0.076759
36.261013 -31.872995 1.571931 -0.986136 216.761353 -56.248337 0.522699 0.137216 7.346392 0.082482
36.377003 -31.332827 1.642508 -0.987376 217.506500 -56.681652 0.520786 0.051122 7.380490 0.080080
36.510990 -30.716549 1.748318 -0.966096 218.357574 -57.174629 0.516647 -0.042099 7.407245 0.081117
36.627979 -30.157721 1.834767 -0.875784 219.111221 -57.606071 0.512972 -0.115980 7.437124 0.085139
36.760967 -29.491682 1.943821 -0.731660 219.973465 -58.096760 0.510124 -0.191522 7.476529 0.088957
36.877956 -28.893873 2.052435 -0.613276 220.736450 -58.527851 0.508959 -0.247152 7.499969 0.088624
37.010944 -28.217545 2.218756 -0.542849 221.607788 -59.016285 0.507738 -0.288585 7.516256 0.089369
37.127934 -27.615540 2.366950 -0.388352 222.378647 -59.443459 0.506045 -0.298294 7.543884 0.088865
37.260921 -26.913153 2.530294 -0.123169 223.266708 -59.930256 0.503940 -0.278897 7.565341 0.091250
37.377911 -26.290363 2.683369 0.096660 224.045837 -60.353642 0.502355 -0.243778 7.584948 0.091393
37.511898 -25.578175 2.880540 0.365510 224.935883 -60.832321 0.499863 -0.197923 7.605150 0.091921
37.627888 -24.931765 3.048767 0.662968 225.721970 -61.251171 0.495226 -0.161180 7.618240 0.095226
37.761875 -24.191820 3.235243 1.025580 226.618805 -61.724758 0.487197 -0.123865 7.626252 0.093878
37.877865 -23.550373 3.393644 1.223077 227.410629 -62.138462 0.478244 -0.089533 7.641389 0.094182
38.011852 -22.814716 3.550068 1.420715 228.314453 -62.603401 0.466741 -0.044094 7.641828 0.095925
38.128841 -22.161667 3.685739 1.546268 229.110489 -63.010956 0.453624 -0.000940 7.632887 0.096401
38.261829 -21.420204 3.827548 1.717712 230.015747 -63.467064 0.436518 0.043772 7.617276 0.095741
38.378819 -20.768917 3.911024 1.871612 230.812515 -63.862629 0.421169 0.073884 7.592018 0.096187
38.512806 -20.010683 3.979106 2.054120 231.723984 -64.306427 0.404481 0.099358 7.543720 0.097092
38.628796 -19.366594 4.021289 2.201454 232.511398 -64.682716 0.392265 0.119057 7.509234 0.095818
38.762783 -18.612774 4.038707 2.389304 233.419601 -65.110329 0.381839 0.144130 7.472532 0.096705
38.878773 -17.955742 4.024736 2.554842 234.210815 -65.477379 0.377119 0.168082 7.436022 0.097068
39.012760 -17.204290 3.972113 2.731647 235.106918 -65.889343 0.376184 0.190456 7.399402 0.096649
39.128750 -16.558273 3.907428 2.867722 235.890945 -66.244987 0.378509 0.196975 7.339827 0.094478
39.262737 -15.836675 3.801889 3.030500 236.779373 -66.641159 0.381974 0.181619 7.298366 0.092573
39.379726 -15.210261 3.682010 3.202201 237.558701 -66.981865 0.386954 0.147249 7.250747 0.091702
39.512714 -14.528107 3.525063 3.339826 238.442413 -67.361908 0.393448 0.092911 7.221513 0.086596
39.629704 -13.947992 3.391267 3.445950 239.217590 -67.689697 0.395566 0.042844 7.174011 0.085337
39.762691 -13.289477 3.252825 3.575240 240.096466 -68.055603 0.396177 -0.005844 7.153604 0.085413
39.879681 -12.714458 3.144149 3.699318 240.867599 -68.372223 0.393665 -0.039087 7.106111 0.084445
40.013668 -12.064125 3.027411 3.918135 241.748566 -68.724823 0.388152 -0.067871 7.063364 0.081956
40.129658 -11.512391 2.955864 4.143823 242.516205 -69.024391 0.382118 -0.083248 7.025982 0.080060
40.263645 -10.906887 2.896870 4.440610 243.385040 -69.355003 0.373714 -0.082190 6.965652 0.075683
40.379635 -10.398911 2.861785 4.723076 244.146286 -69.638901 0.364265 -0.059460 6.925559 0.072564
40.513626 -9.833484 2.822333 5.040532 245.007416 -69.952721 0.350909 -0.015601 6.869213 0.071241
40.630615 -9.358905 2.776183 5.348748 245.761856 -70.220428 0.339505 0.021921 6.824238 0.067320
40.763603 -8.842195 2.742098 5.649621 246.615997 -70.517204 0.329015 0.044379 6.778154 0.066532
40.880592 -8.398390 2.737709 5.818672 247.363434 -70.771667 0.321753 0.043935 6.736887 0.064291
41.013580 -7.899999 2.739958 5.968736 248.216644 -71.054909 0.313688 0.032658 6.684338 0.063542
41.130569 -7.475029 2.726589 6.079802 248.950867 -71.292953 0.307972 0.023242 6.630345 0.061603
41.263557 -7.005710 2.690820 6.178625 249.793716 -71.559799 0.304891 0.012950 6.574092 0.059687
41.380547 -6.608375 2.627834 6.244530 250.526840 -71.786934 0.303197 -0.002070 6.551460 0.057681
41.514534 -6.196193 2.533744 6.269108 251.358658 -72.037422 0.304279 -0.030703 6.511992 0.049918
41.630524 -5.870547 2.435489 6.270012 252.088226 -72.251259 0.306123 -0.064322 6.487042 0.048006
41.764511 -5.507607 2.306141 6.266206 252.915833 -72.486565 0.306928 -0.109343 6.453644 0.047164
41.881500 -5.204933 2.179697 6.182896 253.641708 -72.687439 0.305994 -0.152776 6.422535 0.045575
42.014488 -4.869506 2.020305 6.040256 254.465027 -72.909317 0.304971 -0.198251 6.405323 0.043995
42.131477 -4.583698 1.871465 5.877076 255.188339 -73.099937 0.301733 -0.223501 6.378371 0.042472
42.264465 -4.281386 1.677168 5.619892 256.013916 -73.312218 0.295968 -0.225086 6.348195 0.039488
42.381454 -4.040424 1.498887 5.365953 256.727448 -73.489754 0.288781 -0.204980 6.333063 0.036991
42.514442 -3.790527 1.308193 5.042319 257.549835 -73.687889 0.279178 -0.168427 6.301974 0.031282
42.631432 -3.585894 1.145653 4.768218 258.266846 -73.854736 0.269829 -0.131261 6.283925 0.032227
42.765419 -3.362293 1.006700 4.416703 259.079590 -74.038658 0.260272 -0.080919 6.255426 0.030495
42.881409 -3.177394 0.899119 4.088335 259.794006 -74.195137 0.251023 -0.027475 6.248914 0.028184
43.015396 -2.970033 0.788716 3.700319 260.605591 -74.366684 0.239850 0.039374 6.232539 0.026814
43.132385 -2.797801 0.698516 3.349643 261.318817 -74.511909 0.229332 0.093967 6.214505 0.025585
43.265373 -2.607708 0.617663 2.914499 262.127136 -74.671906 0.219302 0.143786 6.183028 0.026241
43.382362 -2.443060 0.575253 2.517687 262.836121 -74.808022 0.212755 0.177229 6.162200 0.025541
43.515350 -2.253816 0.544888 2.070897 263.646942 -74.959328 0.205917 0.207811 6.141910 0.025827
43.632339 -2.087575 0.567506 1.736784 264.345856 -75.086182 0.203162 0.231049 6.106450 0.025653
43.765327 -1.906460 0.608263 1.455824 265.150269 -75.227478 0.202835 0.253568 6.082349 0.024396
43.882317 -1.745438 0.664322 1.204292 265.844299 -75.346359 0.204251 0.265895 6.061253 0.025290
44.016304 -1.550421 0.745468 0.978476 266.644012 -75.478989 0.206715 0.266058 6.041038 0.025758
44.132294 -1.387338 0.817223 0.805552 267.340393 -75.590897 0.209556 0.250411 6.022373 0.023960
44.266281 -1.208218 0.875339 0.690061 268.130188 -75.712532 0.211301 0.216845 6.000683 0.023839
44.383270 -1.047963 0.888327 0.667563 268.822327 -75.816620 0.209181 0.178701 5.972412 0.024166
44.516258 -0.868702 0.866190 0.713193 269.606384 -75.931786 0.203120 0.130153 5.947045 0.023171
44.633247 -0.703807 0.818773 0.830622 270.294556 -76.028328 0.195957 0.083459 5.931316 0.025339
44.766235 -0.510577 0.767737 1.014268 271.074951 -76.135628 0.187873 0.025498 5.919304 0.025170
44.883224 -0.339768 0.727640 1.207274 271.760620 -76.227997 0.179621 -0.026765 5.907077 0.025614
45.000214 -0.157837 0.661815 1.422872 272.445190 -76.317459 0.169760 -0.075492 5.900396 0.026860
45.133202 0.036168 0.571091 1.670537 273.223083 -76.417664 0.157418 -0.124310 5.894642 0.024161
45.250191 0.200318 0.486178 1.922786 273.907227 -76.502724 0.147759 -0.163088 5.892256 0.023700
45.383179 0.388341 0.388025 2.196476 274.691132 -76.596535 0.138336 -0.204866 5.886588 0.024082
45.500168 0.545173 0.317875 2.415985 275.369568 -76.673988 0.131286 -0.233595 5.889243 0.023599
45.634155 0.739770 0.248329 2.660680 276.153290 -76.760414 0.123586 -0.246509 5.880600 0.027482
45.750145 0.918187 0.204367 2.934834 276.837402 -76.831146 0.118367 -0.233589 5.877010 0.026558
45.884132 1.103865 0.197252 3.243357 277.614838 -76.908989 0.113675 -0.196326 5.876900 0.023603
46.000122 1.264969 0.216875 3.476759 278.299438 -76.976181 0.111483 -0.158605 5.879747 0.023308
46.134109 1.461434 0.274135 3.664343 279.076843 -77.050087 0.110972 -0.129845 5.871894 0.026105
46.251099 1.636428 0.389661 3.786718 279.760315 -77.113266 0.111632 -0.124081 5.864981 0.025678
46.384087 1.849255 0.565887 3.928348 280.535461 -77.179672 0.111502 -0.132061 5.844594 0.028922
46.501076 2.037963 0.751662 4.006290 281.216400 -77.235825 0.109569 -0.136913 5.838745 0.027560
46.634064 2.256173 0.964339 4.054857 281.994751 -77.295280 0.103161 -0.126205 5.814979 0.027461
46.751053 2.448271 1.141381 4.054659 282.666656 -77.342392 0.094017 -0.102973 5.798858 0.029424
46.885040 2.666419 1.322559 3.946775 283.440399 -77.395851 0.078953 -0.069493 5.778412 0.029532
47.001030 2.856974 1.472784 3.836894 284.114136 -77.438942 0.064058 -0.039850 5.763095 0.028758
47.135017 3.078176 1.630583 3.672719 284.877380 -77.485237 0.045270 -0.003258 5.736897 0.030347
47.252007 3.270224 1.748762 3.471133 285.545929 -77.525032 0.029346 0.036566 5.716133 0.029383
47.384995 3.502261 1.836153 3.205469 286.302979 -77.567200 0.011808 0.093760 5.692999 0.033128
47.501984 3.720412 1.873511 2.987928 286.967041 -77.601364 -0.001566 0.150238 5.677679 0.033357
47.634972 3.973071 1.880943 2.720042 287.719818 -77.637840 -0.013395 0.212660 5.665821 0.034609
47.751961 4.192091 1.872464 2.466601 288.380890 -77.668686 -0.021914 0.255836 5.652102 0.033696
47.884949 4.462359 1.845731 2.183226 289.136383 -77.700722 -0.027767 0.278861 5.638468 0.039216
48.001938 4.718004 1.831630 1.988062 289.789612 -77.723473 -0.029380 0.268658 5.631140 0.039508
48.135925 5.004971 1.817580 1.761480 290.543213 -77.747383 -0.029771 0.224203 5.619150 0.037052
48.251915 5.260628 1.806077 1.636403 291.199066 -77.764763 -0.029326 0.169629 5.603086 0.040037
48.385902 5.571922 1.818010 1.575684 291.943726 -77.779694 -0.027545 0.111194 5.599282 0.041691
48.501892 5.845356 1.828293 1.544175 292.599030 -77.790047 -0.024747 0.074322 5.601796 0.040353
48.635880 6.149419 1.843939 1.547968 293.344208 -77.800095 -0.020053 0.049519 5.604982 0.039627
48.752869 6.417166 1.891163 1.620111 294.000000 -77.805466 -0.014131 0.034560 5.604421 0.038756
48.885857 6.727817 1.971905 1.753047 294.745667 -77.808655 -0.007915 0.015684 5.609370 0.041794
49.002846 7.023102 2.060771 1.883364 295.401794 -77.809464 -0.005064 -0.003317 5.607390 0.043886
49.135834 7.396926 2.173358 2.109888 296.152954 -77.808411 -0.006510 -0.020018 5.599293 0.049879
49.252823 7.734545 2.308846 2.287245 296.801941 -77.806725 -0.009958 -0.020099 5.589899 0.049199
49.386810 8.099035 2.483064 2.454178 297.550995 -77.801392 -0.017052 -0.000692 5.587029 0.045593
49.503799 8.416265 2.651031 2.603683 298.209045 -77.793404 -0.026877 0.024001 5.574243 0.046627
49.637787 8.788443 2.852501 2.768800 298.950134 -77.780365 -0.039220 0.039407 5.569647 0.048909
49.754776 9.134284 3.029032 2.876578 299.601929 -77.767769 -0.051363 0.029734 5.570293 0.052440
49.887764 9.534146 3.233767 2.951577 300.341400 -77.751335 -0.064204 -0.006329 5.552399 0.052322
50.004753 9.883965 3.418392 3.006129 300.989624 -77.735847 -0.072980 -0.049331 5.535327 0.052197
50.137741 10.293489 3.617810 3.077386 301.723450 -77.717216 -0.080376 -0.099129 5.506787 0.052816
50.254730 10.659142 3.781738 3.166363 302.366089 -77.697327 -0.085844 -0.140719 5.483591 0.055324
50.387718 11.093229 3.962093 3.268990 303.099487 -77.672310 -0.089495 -0.188018 5.467268 0.056132
50.504707 11.475005 4.115595 3.350301 303.732300 -77.649483 -0.087486 -0.229731 5.448646 0.058149
50.637695 11.939065 4.266529 3.424711 304.460938 -77.620132 -0.081231 -0.277365 5.433956 0.061276
50.754684 12.358133 4.387101 3.497541 305.089966 -77.590454 -0.073111 -0.315034 5.424264 0.062764
50.888672 12.864030 4.508019 3.607389 305.814697 -77.550926 -0.059202 -0.348671 5.413294 0.064353
51.004662 13.312536 4.595018 3.696665 306.447388 -77.513733 -0.045023 -0.362842 5.415859 0.066792
51.138649 13.841675 4.702353 3.806015 307.166504 -77.469551 -0.029362 -0.353632 5.413823 0.068497
51.255638 14.312261 4.796502 3.923089 307.798645 -77.427307 -0.016410 -0.320921 5.414338 0.068656
51.388626 14.865285 4.880316 4.120490 308.516846 -77.376190 -0.002406 -0.256934 5.417175 0.073399
51.505615 15.382771 4.947462 4.330707 309.149628 -77.327774 0.007714 -0.177940 5.427095 0.075542
51.638603 15.998929 5.044179 4.599176 309.869507 -77.267815 0.016016 -0.060505 5.432325 0.077353
51.755592 16.547665 5.117283 4.853672 310.503510 -77.213211 0.018405 0.065606 5.446077 0.079487
51.888580 17.188440 5.176234 5.159980 311.231750 -77.147690 0.017213 0.224452 5.468662 0.079274
52.005569 17.759611 5.219108 5.505266 311.869537 -77.086494 0.013972 0.357487 5.479445 0.081067
52.139557 18.418175 5.270972 5.973620 312.596039 -77.012100 0.009222 0.482481 5.495330 0.080343
52.255547 18.992048 5.319764 6.396513 313.235870 -76.943283 0.004385 0.560971 5.503255 0.080387
52.389534 19.652563 5.371944 6.857815 313.964905 -76.861031 -0.000137 0.614502 5.524595 0.081074
52.506523 20.234348 5.435801 7.197701 314.607819 -76.784874 -0.001267 0.631750 5.543165 0.082181
52.639511 20.896568 5.551553 7.539628 315.339600 -76.693604 0.000625 0.614798 5.546798 0.082493
52.756500 21.470875 5.680496 7.780168 315.983459 -76.609261 0.003958 0.565771 5.550384 0.082015
52.897491 22.127758 5.826880 7.980979 316.716003 -76.509590 0.010940 0.475449 5.564043 0.084231
53.006485 22.713177 5.969059 8.191079 317.359314 -76.417877 0.019486 0.377279 5.550584 0.083607
53.139473 23.381804 6.151718 8.359653 318.095581 -76.309204 0.032229 0.257800 5.552938 0.085531
53.256462 23.960419 6.319036 8.477043 318.732422 -76.211578 0.044293 0.154274 5.557965 0.085258
53.389450 24.652206 6.507056 8.619740 319.468262 -76.094055 0.061130 0.034314 5.558305 0.089642
53.506439 25.267456 6.671161 8.761609 320.110138 -75.987625 0.076879 -0.072237 5.561319 0.089087
53.640427 25.974115 6.850567 8.955609 320.839996 -75.861809 0.094670 -0.194210 5.570304 0.090434
53.756416 26.613914 7.009680 9.145344 321.481720 -75.748299 0.108775 -0.300862 5.567882 0.092585
53.890404 27.364584 7.181087 9.447744 322.211700 -75.617577 0.122934 -0.423739 5.580402 0.094256
54.007393 28.033680 7.293970 9.790568 322.853363 -75.500633 0.132460 -0.533038 5.573397 0.092461
54.140381 28.797516 7.366502 10.205330 323.580658 -75.362190 0.138160 -0.648203 5.563462 0.093245
54.257370 29.465572 7.375404 10.627090 324.219574 -75.237350 0.139840 -0.722640 5.558686 0.091447
54.390358 30.224874 7.323383 11.217440 324.944092 -75.090309 0.140416 -0.755957 5.559542 0.088188
54.507347 30.883448 7.250278 11.728742 325.581024 -74.956131 0.141004 -0.736490 5.564148 0.089875
54.624336 31.547134 7.142066 12.167215 326.217194 -74.819702 0.141200 -0.681004 5.555574 0.091545
54.757324 32.325214 6.973203 12.688565 326.942780 -74.659103 0.141864 -0.589653 5.537984 0.093748
54.874313 33.007717 6.804485 13.128238 327.569580 -74.517433 0.142776 -0.494084 5.536374 0.095539
55.007301 33.800339 6.592339 13.627783 328.291687 -74.348618 0.146541 -0.365590 5.533100 0.095506
55.124290 34.491825 6.401824 14.037940 328.915253 -74.198647 0.154244 -0.239009 5.525134 0.098062
55.258278 35.282692 6.160185 14.446272 329.632721 -74.020958 0.168082 -0.080116 5.511886 0.096518
55.374268 35.960926 5.945774 14.735655 330.256653 -73.861320 0.183673 0.063272 5.497151 0.096951
55.508255 36.735210 5.719263 15.025238 330.962372 -73.676514 0.205755 0.226232 5.475971 0.097955
55.625244 37.397121 5.524682 15.191980 331.579224 -73.510216 0.228547 0.364696 5.449752 0.095282
55.758232 38.117512 5.320220 15.269019 332.276764 -73.317139 0.255743 0.508090 5.427794 0.092742
55.875221 38.741211 5.133870 15.381013 332.885193 -73.141754 0.279451 0.610750 5.400486 0.089947
56.008209 39.427124 4.957323 15.523890 333.573029 -72.936584 0.305824 0.690185 5.394356 0.087215
56.125198 39.993317 4.843894 15.610874 334.176392 -72.751663 0.328428 0.723452 5.392079 0.080280
56.258186 40.598404 4.723928 15.695927 334.864899 -72.534401 0.352417 0.721994 5.386010 0.075569
56.375175 41.094696 4.637360 15.778060 335.464050 -72.340012 0.371439 0.689879 5.379347 0.071622
56.509163 41.627552 4.575339 15.835785 336.142090 -72.113464 0.392063 0.623353 5.374295 0.068270
56.625153 42.071827 4.562850 15.838612 336.736603 -71.909348 0.408934 0.542912 5.374448 0.065412
56.759140 42.556110 4.570570 15.806269 337.411102 -71.672752 0.427647 0.436322 5.374715 0.060478
56.876129 42.950737 4.590074 15.747630 338.003662 -71.460724 0.443569 0.339707 5.376521 0.059015
57.009117 43.391979 4.620459 15.714782 338.675323 -71.215393 0.461699 0.235625 5.376379 0.058102
57.126106 43.755363 4.651491 15.665495 339.265228 -70.994415 0.476110 0.148965 5.387820 0.053260
57.259094 44.140476 4.691504 15.536821 339.935028 -70.738808 0.489919 0.048579 5.395698 0.049716
57.376083 44.445625 4.755481 15.358088 340.523743 -70.509560 0.500603 -0.044888 5.404441 0.047517
57.509071 44.772411 4.830596 15.125949 341.198120 -70.241966 0.512914 -0.150742 5.418871 0.043373
57.626060 45.029125 4.868435 14.958258 341.781006 -70.006203 0.523164 -0.228736 5.426986 0.040090
57.759048 45.309448 4.876572 14.714895 342.453217 -69.728333 0.532508 -0.295176 5.428487 0.038419
57.876038 45.530621 4.838609 14.460792 343.038269 -69.479683 0.541328 -0.339898 5.436599 0.036090
58.010025 45.763626 4.744908 14.113434 343.702881 -69.191673 0.552554 -0.395525 5.448763 0.032486
58.127014 45.944736 4.611599 13.779791 344.286224 -68.933182 0.561704 -0.459481 5.454083 0.030185
58.260002 46.127785 4.414680 13.430529 344.948700 -68.633430 0.570555 -0.542814 5.473625 0.027374
58.376991 46.270420 4.202924 13.081483 345.531281 -68.364944 0.576961 -0.609529 5.488109 0.024206
58.509979 46.416718 3.924060 12.666148 346.199219 -68.052284 0.584469 -0.660014 5.509499 0.021910
58.626968 46.521828 3.667043 12.228570 346.777222 -67.776993 0.591907 -0.674864 5.523269 0.019129
58.759956 46.618214 3.344483 11.720734 347.443298 -67.451607 0.599668 -0.657974 5.540408 0.014088
58.876945 46.668976 3.040593 11.214615 348.018585 -67.163040 0.605135 -0.614059 5.554580 0.010443
59.010933 46.701023 2.658076 10.581629 348.683167 -66.822632 0.611155 -0.528325 5.584317 0.007764
59.126923 46.703518 2.310461 10.000138 349.263092 -66.519173 0.615797 -0.422419 5.598370 0.002178
59.260910 46.673153 1.899400 9.276580 349.922058 -66.167427 0.621847 -0.272059 5.628484 -0.002025
59.376900 46.631943 1.519198 8.616330 350.501556 -65.851479 0.627977 -0.120752 5.649037 -0.003967
59.510887 46.552711 1.099791 7.864604 351.158112 -65.483757 0.636199 0.058549 5.666634 -0.010994
59.627876 46.444420 0.740253 7.213317 351.733734 -65.151237 0.642870 0.210846 5.691210 -0.016899
59.760864 46.289219 0.357668 6.454550 352.387390 -64.764198 0.649480 0.365240 5.726392 -0.021188
59.877853 46.127682 0.059137 5.721038 352.962555 -64.415672 0.654984 0.480344 5.760585 -0.025082
60.010841 45.910789 -0.233280 4.693962 353.621735 -64.008606 0.660432 0.587861 5.791723 -0.029778
