1.20 1.10 20 64
0.141000 0.013072 0.180470 -0.130990 1.007825 0.000060 -0.135140 0.221320 6.769994 0.002687
0.257000 0.023176 0.647757 -0.318120 1.791716 -0.000072 -0.077389 0.306022 6.736760 0.000554
0.391000 0.036882 1.456646 -0.467256 2.681242 0.000814 0.032929 0.379560 6.649213 0.002895
0.508000 0.057362 2.334176 -0.622628 3.451941 0.002666 0.151676 0.418740 6.546200 0.003445
0.641000 0.081471 3.419191 -0.821951 4.320142 0.004532 0.291860 0.436823 6.433371 0.004497
0.758000 0.104334 4.358315 -1.005650 5.061998 0.006419 0.401851 0.435484 6.377063 0.005883
0.891000 0.148976 5.386378 -1.195621 5.913460 0.009175 0.502782 0.419590 6.346681 0.008844
1.008000 0.195960 6.199475 -1.338806 6.648922 0.011585 0.559259 0.397957 6.338303 0.009966
1.142000 0.268051 7.011394 -1.482829 7.500599 0.014775 0.585623 0.363587 6.371721 0.012125
1.258000 0.334303 7.564224 -1.626463 8.249280 0.018700 0.573943 0.330096 6.415973 0.012377
1.392000 0.415668 8.036958 -1.744849 9.089411 0.023556 0.527152 0.286165 6.255670 0.012520
1.508000 0.493608 8.329936 -1.820895 9.811014 0.029134 0.463147 0.240850 6.109351 0.012975
1.641999 0.579000 8.480747 -1.851443 10.611936 0.034749 0.373440 0.172012 5.963916 0.012210
1.758999 0.668194 8.431307 -1.862264 11.302133 0.040337 0.284262 0.094099 5.895665 0.014072
1.891999 0.776138 8.124966 -1.932022 12.094334 0.044411 0.179777 -0.015824 6.000306 0.015235
2.008999 0.869690 7.634108 -1.937319 12.803616 0.047664 0.094656 -0.126265 6.103571 0.014966
2.125999 0.965338 6.995751 -1.934555 13.524224 0.051806 0.023954 -0.248260 6.202279 0.013921
2.258999 1.071435 6.134496 -1.946369 14.357792 0.057032 -0.031285 -0.392305 6.317965 0.013689
2.375999 1.150993 5.330163 -1.883531 15.103806 0.063686 -0.052754 -0.509056 6.416907 0.010560
2.508999 1.240877 4.419553 -1.797868 15.965611 0.073109 -0.040102 -0.607557 6.524153 0.011349
2.625998 1.324050 3.665139 -1.759505 16.735128 0.081372 0.000873 -0.650673 6.615500 0.013679
2.758998 1.434734 2.914839 -1.766219 17.627544 0.090339 0.077334 -0.647364 6.691429 0.014869
2.875998 1.534061 2.396436 -1.778695 18.407759 0.096535 0.159837 -0.605037 6.747578 0.015378
3.009998 1.644245 1.953286 -1.803985 19.316017 0.104886 0.261174 -0.518682 6.799775 0.013963
3.125998 1.745023 1.700837 -1.803036 20.114933 0.114033 0.346001 -0.414750 6.845167 0.014373
3.259998 1.858766 1.579319 -1.695274 21.030123 0.128745 0.428925 -0.270688 6.908477 0.014615
3.376998 1.953576 1.616449 -1.547365 21.842281 0.144528 0.482815 -0.133509 6.968284 0.013753
3.509998 2.063889 1.795105 -1.368321 22.774420 0.164119 0.516558 0.018531 7.038021 0.013717
3.626997 2.165821 2.051545 -1.148552 23.601927 0.182564 0.517458 0.140805 7.103895 0.015343
3.759997 2.300806 2.470093 -0.827122 24.550552 0.204264 0.485897 0.263303 7.155191 0.015164
3.876997 2.418877 2.906354 -0.483228 25.389542 0.224159 0.433051 0.360682 7.185000 0.014871
4.009997 2.541039 3.462045 -0.101657 26.353483 0.247082 0.348612 0.458503 7.202529 0.011870
4.126997 2.644856 3.964103 0.246449 27.188101 0.269261 0.262512 0.524641 7.192239 0.012183
4.260998 2.756546 4.528300 0.619636 28.150623 0.297032 0.156935 0.570718 7.176142 0.010627
4.376998 2.845605 4.985197 0.889952 28.985973 0.322841 0.068037 0.583030 7.118699 0.011048
4.510999 2.955542 5.443246 1.116134 29.926863 0.351249 -0.018925 0.572515 7.047357 0.012204
4.626999 3.062884 5.735084 1.337469 30.745699 0.376674 -0.075965 0.547144 6.974096 0.012005
4.761000 3.167601 5.948176 1.545527 31.667330 0.404654 -0.114338 0.502357 6.903380 0.009968
4.878000 3.247218 6.044629 1.675899 32.470459 0.430318 -0.123204 0.444054 6.846497 0.008021
5.011001 3.311330 6.051715 1.728897 33.377102 0.456911 -0.104254 0.353655 6.796492 0.007693
5.128001 3.370192 5.993154 1.783913 34.168804 0.481596 -0.067114 0.254075 6.752390 0.008721
5.262002 3.435252 5.848519 1.811242 35.069275 0.510121 -0.004702 0.126787 6.707496 0.008410
5.378002 3.484143 5.666380 1.807333 35.850513 0.534832 0.058628 0.011956 6.670066 0.007061
5.512003 3.536033 5.403743 1.759783 36.734417 0.562753 0.130324 -0.116695 6.640237 0.007438
5.628003 3.567375 5.147667 1.716417 37.511402 0.589001 0.187327 -0.218994 6.651637 0.002951
5.762004 3.580308 4.834701 1.706274 38.396904 0.620614 0.240156 -0.317762 6.673561 0.000590
5.879004 3.582843 4.543286 1.655176 39.178642 0.650896 0.272155 -0.382045 6.698269 0.000886
6.012005 3.582680 4.223879 1.572498 40.071697 0.686558 0.288446 -0.432483 6.735568 0.000879
6.129005 3.583328 3.953219 1.501267 40.862865 0.717370 0.283843 -0.461676 6.789623 0.001262
6.262006 3.582877 3.681635 1.420718 41.776188 0.755889 0.257169 -0.487790 6.841996 0.000433
6.379006 3.586965 3.494119 1.355718 42.571018 0.791607 0.219015 -0.506978 6.866509 0.001610
6.512007 3.597561 3.341864 1.255730 43.492355 0.833452 0.163241 -0.522763 6.890993 0.001645
6.629007 3.602140 3.270416 1.120085 44.290901 0.871247 0.110864 -0.522602 6.889977 0.002242
6.763008 3.609437 3.260635 0.967350 45.211819 0.916526 0.052502 -0.497290 6.875281 0.001247
6.879008 3.611428 3.323926 0.859955 46.013771 0.957682 0.009507 -0.452721 6.854156 0.000767
7.013009 3.618509 3.449011 0.700488 46.920334 1.004679 -0.026331 -0.383491 6.801817 0.002593
7.129009 3.628232 3.587807 0.544534 47.712646 1.044757 -0.042739 -0.314063 6.760194 0.003228
7.263010 3.625816 3.781626 0.324614 48.604481 1.090907 -0.044228 -0.225859 6.680382 0.002918
7.380011 3.629056 3.958791 0.115649 49.380409 1.131956 -0.030951 -0.138952 6.613031 0.002556
7.513011 3.651840 4.142607 -0.067776 50.251369 1.180450 -0.002405 -0.018909 6.518992 0.005543
7.630012 3.685574 4.261971 -0.112839 51.007889 1.224578 0.029969 0.106343 6.447254 0.005723
7.763012 3.707187 4.344272 -0.110095 51.863632 1.276733 0.071008 0.269616 6.367299 0.002263
7.880013 3.725872 4.356104 -0.063850 52.597363 1.322372 0.107389 0.407011 6.316024 0.002464
8.013013 3.732700 4.283768 0.002746 53.438335 1.374024 0.142565 0.537613 6.270655 -0.001262
8.130013 3.734040 4.142422 0.070146 54.169250 1.419930 0.165649 0.605221 6.249005 -0.000640
8.264014 3.743137 3.886162 0.155868 54.997654 1.473433 0.182000 0.627355 6.238829 0.000241
8.380014 3.747512 3.577199 0.274477 55.726765 1.520142 0.186655 0.609374 6.249870 -0.000439
8.514015 3.776885 3.153133 0.392525 56.557411 1.573444 0.180160 0.564679 6.271358 0.004216
8.631016 3.807548 2.730184 0.505911 57.290810 1.621849 0.166533 0.514852 6.292807 0.003952
8.764016 3.856085 2.226337 0.650052 58.128391 1.678933 0.143186 0.447223 6.326923 0.006520
8.881017 3.907327 1.787576 0.756317 58.869293 1.729253 0.120249 0.379866 6.361860 0.008397
9.014017 3.976989 1.343234 0.854527 59.721954 1.786491 0.094777 0.296532 6.391603 0.008186
9.131018 4.033374 1.030740 0.928902 60.464024 1.836573 0.077880 0.224781 6.420394 0.007955
9.264018 4.107300 0.788871 0.974829 61.324009 1.893965 0.069567 0.142120 6.439194 0.008076
9.381019 4.164237 0.698821 0.919467 62.069523 1.944747 0.072498 0.067151 6.441313 0.009131
9.515019 4.236133 0.712788 0.839590 62.928799 2.004283 0.086156 -0.024035 6.417172 0.008771
9.631020 4.295603 0.802547 0.769379 63.677471 2.056009 0.105521 -0.099426 6.405809 0.009632
9.765020 4.364401 0.973229 0.725752 64.523941 2.115706 0.133497 -0.170690 6.356659 0.008301
9.882021 4.413173 1.173369 0.630848 65.263954 2.167627 0.160694 -0.220907 6.331206 0.007355
10.015021 4.471118 1.421173 0.603110 66.101532 2.228069 0.189893 -0.276338 6.305456 0.008299
10.132022 4.539677 1.633490 0.639467 66.835403 2.281770 0.209153 -0.337124 6.277071 0.011270
10.265022 4.625030 1.861912 0.625547 67.665764 2.342000 0.220339 -0.420382 6.246712 0.012283
10.382023 4.703671 2.015579 0.593250 68.393982 2.393541 0.221615 -0.491473 6.237023 0.012138
10.516024 4.808517 2.135484 0.501328 69.226395 2.452887 0.212061 -0.551880 6.224017 0.014462
10.632024 4.913575 2.177656 0.424267 69.946396 2.504131 0.195157 -0.577235 6.225188 0.017268
10.766025 5.054527 2.154203 0.325171 70.778862 2.564467 0.168175 -0.577871 6.232650 0.019602
10.882025 5.191615 2.080403 0.203943 71.507111 2.617744 0.140958 -0.555536 6.243749 0.022250
11.016026 5.351732 1.952853 0.052606 72.335373 2.677465 0.111654 -0.502308 6.246954 0.022355
11.133026 5.493881 1.795733 -0.086340 73.065170 2.730694 0.089444 -0.428176 6.258344 0.021407
11.266026 5.659260 1.594046 -0.252992 73.895805 2.791535 0.070900 -0.311677 6.265880 0.022378
11.383027 5.803460 1.401887 -0.374101 74.627563 2.845410 0.063131 -0.190835 6.278625 0.021043
11.516027 5.969782 1.198157 -0.472566 75.459465 2.906909 0.064067 -0.038138 6.270387 0.022614
11.633028 6.135599 1.018122 -0.437521 76.190247 2.962702 0.071779 0.097816 6.259343 0.026316
11.767029 6.345900 0.832051 -0.353261 77.025787 3.026103 0.090039 0.249856 6.247022 0.028307
11.883029 6.532608 0.683704 -0.241093 77.748093 3.081342 0.112340 0.368694 6.240105 0.027432
12.017030 6.745547 0.534554 -0.094854 78.580460 3.146820 0.141946 0.487725 6.219568 0.028368
12.133030 6.924791 0.435940 0.071627 79.303940 3.204244 0.169533 0.569684 6.191065 0.025992
12.267031 7.123547 0.319195 0.281966 80.122581 3.269382 0.197207 0.636971 6.163632 0.026541
12.383031 7.294486 0.233591 0.487991 80.840431 3.327797 0.214909 0.667748 6.144626 0.024628
12.517032 7.482794 0.151598 0.796745 81.653824 3.396354 0.226697 0.668153 6.132241 0.024388
12.634032 7.644096 0.104763 1.025716 82.368034 3.457127 0.228985 0.634491 6.122468 0.024407
12.751033 7.821888 0.054977 1.221285 83.080696 3.520244 0.225381 0.567079 6.108791 0.027206
12.884033 8.029938 -0.021959 1.449683 83.888733 3.593148 0.212588 0.450050 6.090530 0.027009
13.001034 8.207462 -0.090076 1.650915 84.598488 3.657960 0.198037 0.317250 6.090623 0.026054
13.134034 8.409419 -0.144431 1.948103 85.404243 3.733365 0.179284 0.148590 6.078302 0.027332
13.251035 8.598192 -0.176005 2.220614 86.110847 3.800660 0.165296 -0.000965 6.058440 0.028682
13.384035 8.821613 -0.184516 2.502211 86.916176 3.879017 0.153693 -0.154393 6.023045 0.028926
13.501036 9.016514 -0.176184 2.754073 87.609261 3.949377 0.147239 -0.264448 5.993107 0.030183
13.635036 9.256032 -0.145699 2.931066 88.406334 4.028952 0.147720 -0.355787 5.966312 0.031419
13.751037 9.474301 -0.107790 3.100087 89.099373 4.098081 0.154107 -0.402232 5.943954 0.032958
13.885037 9.718432 -0.051704 3.283751 89.882721 4.178059 0.166417 -0.423093 5.907638 0.033013
14.001038 9.948860 0.009835 3.393068 90.568520 4.249737 0.181370 -0.426702 5.881781 0.033884
14.135038 10.223289 0.084416 3.404881 91.343964 4.331676 0.201183 -0.430111 5.849880 0.036639
14.252039 10.462337 0.127232 3.355826 92.023132 4.404556 0.219812 -0.435737 5.831910 0.035753
14.385039 10.744828 0.149369 3.286647 92.791908 4.488790 0.240158 -0.437687 5.804701 0.037154
14.502040 10.998389 0.149782 3.178483 93.466370 4.565234 0.254439 -0.425742 5.799794 0.038128
14.635040 11.301994 0.123049 3.028133 94.237114 4.657863 0.264382 -0.392863 5.789757 0.041010
14.752041 11.578664 0.069608 2.899972 94.904099 4.740968 0.266861 -0.347285 5.796110 0.042674
14.885041 11.906513 -0.010442 2.715250 95.675148 4.839069 0.264584 -0.273781 5.802918 0.043368
15.002042 12.199994 -0.104414 2.507662 96.343231 4.925688 0.259074 -0.187931 5.811034 0.044917
15.135042 12.565148 -0.224484 2.234914 97.116966 5.027846 0.250316 -0.067839 5.830798 0.047627
15.252043 12.887676 -0.325970 1.999483 97.793938 5.119433 0.242716 0.046242 5.844363 0.048337
15.386044 13.264219 -0.420180 1.746146 98.563782 5.226681 0.236507 0.169204 5.844962 0.049718
15.502044 13.615177 -0.464133 1.548090 99.240547 5.324081 0.232366 0.262466 5.846608 0.053197
15.636045 14.033521 -0.481307 1.369835 100.009407 5.439409 0.230027 0.349331 5.846299 0.057115
15.753045 14.427383 -0.498565 1.276109 100.684776 5.544867 0.230432 0.408705 5.843174 0.060755
15.886045 14.892428 -0.488854 1.218195 101.457794 5.667107 0.235266 0.455595 5.839861 0.059986
16.003046 15.295314 -0.453199 1.193321 102.125732 5.775198 0.240671 0.479039 5.827007 0.061040
16.136049 15.766418 -0.403751 1.166175 102.894516 5.904815 0.247367 0.490499 5.812859 0.062105
16.253052 16.184372 -0.328330 1.133759 103.563843 6.020578 0.253007 0.489737 5.801050 0.063273
16.387054 16.687391 -0.254312 1.158951 104.322479 6.154511 0.258892 0.472202 5.786823 0.067970
16.503057 17.138908 -0.203625 1.193324 104.987152 6.275681 0.263143 0.430038 5.767246 0.067866
16.637060 17.654572 -0.162690 1.277042 105.739769 6.417949 0.266041 0.339010 5.752193 0.068106
16.754063 18.106642 -0.174067 1.359914 106.399620 6.545750 0.265736 0.222779 5.737506 0.066940
16.887066 18.629768 -0.223795 1.466937 107.146729 6.695061 0.262335 0.061558 5.723725 0.070572
17.005068 19.117188 -0.278683 1.580328 107.807045 6.831904 0.257269 -0.086185 5.710223 0.072108
17.138071 19.682844 -0.373997 1.742513 108.548370 6.991424 0.252125 -0.242275 5.697037 0.075338
17.255074 20.191166 -0.491764 1.904320 109.197762 7.135127 0.248360 -0.356311 5.678425 0.076368
17.388077 20.787039 -0.667498 2.082587 109.939362 7.302312 0.242918 -0.458020 5.669228 0.078874
17.505079 21.319300 -0.841163 2.224108 110.578850 7.450550 0.239697 -0.515974 5.656043 0.081280
17.639082 21.952871 -1.030819 2.355349 111.314789 7.626672 0.236788 -0.549566 5.641579 0.083611
17.756084 22.509481 -1.183333 2.522025 111.953979 7.783405 0.235846 -0.549353 5.617156 0.083667
17.889088 23.141598 -1.344592 2.745299 112.676277 7.967254 0.237197 -0.516194 5.599394 0.082946
18.006090 23.705048 -1.474357 2.880953 113.308823 8.131987 0.242736 -0.458954 5.579123 0.084610
18.139093 24.336626 -1.571166 3.093761 114.029305 8.326427 0.249693 -0.361646 5.561608 0.082584
18.256096 24.867117 -1.622791 3.295887 114.649391 8.499099 0.257227 -0.256042 5.541827 0.080078
18.389099 25.461960 -1.634913 3.511407 115.361549 8.704028 0.266632 -0.117044 5.516693 0.078204
18.506102 25.983231 -1.605126 3.621632 115.973885 8.884694 0.275250 0.001917 5.494252 0.079945
18.639105 26.591503 -1.543493 3.732591 116.676826 9.096419 0.283943 0.127688 5.465811 0.079297
18.756107 27.108194 -1.472864 3.802479 117.281288 9.282446 0.289030 0.218831 5.440195 0.077549
18.890110 27.707485 -1.368165 3.887380 117.973747 9.499778 0.292225 0.310732 5.402936 0.078288
19.006113 28.228781 -1.271365 3.970384 118.572975 9.692686 0.292056 0.380861 5.367792 0.077339
19.140116 28.816418 -1.193399 4.028714 119.247963 9.916052 0.286589 0.449144 5.334705 0.076898
19.257118 29.342680 -1.139802 4.062202 119.837440 10.115733 0.278656 0.487204 5.306328 0.079764
19.390121 29.940197 -1.101594 4.057065 120.507103 10.346933 0.267381 0.493846 5.275984 0.076501
19.507124 30.452946 -1.092198 4.015863 121.081955 10.551137 0.256490 0.464193 5.246524 0.076904
19.640127 31.051952 -1.112883 3.984910 121.739655 10.792689 0.243176 0.393945 5.215161 0.078408
19.757130 31.578148 -1.138584 3.954226 122.309753 11.007936 0.232270 0.312135 5.202030 0.077769
19.891132 32.170185 -1.189202 3.904981 122.953461 11.257689 0.222711 0.207553 5.186573 0.076927
20.007135 32.678436 -1.251382 3.820946 123.515633 11.481850 0.218892 0.116215 5.163947 0.075948
20.141138 33.254055 -1.321625 3.683084 124.149925 11.741481 0.218579 0.017199 5.142824 0.075960
20.258141 33.771107 -1.372201 3.565029 124.704895 11.974236 0.221295 -0.066981 5.143078 0.077264
20.391144 34.361916 -1.402883 3.445948 125.332436 12.242355 0.227089 -0.166616 5.125988 0.077020
20.508146 34.880867 -1.392094 3.373138 125.880913 12.481856 0.234797 -0.258310 5.107515 0.077144
20.641150 35.475601 -1.352545 3.247309 126.505928 12.759511 0.247004 -0.359221 5.102223 0.077757
20.758152 35.996937 -1.283117 3.139818 127.044197 13.003904 0.255954 -0.431708 5.094932 0.077884
20.891155 36.593178 -1.167313 3.018024 127.662849 13.290232 0.264960 -0.488448 5.081845 0.076983
21.008158 37.105637 -1.070428 2.934193 128.199310 13.545500 0.270793 -0.509835 5.074946 0.077141
21.142160 37.702351 -0.965911 2.864260 128.805862 13.840866 0.274676 -0.501065 5.067705 0.078573
21.258163 38.229053 -0.876823 2.833825 129.336853 14.105078 0.274824 -0.463664 5.070206 0.077983
21.392166 38.817738 -0.765611 2.817709 129.938965 14.409846 0.268158 -0.387332 5.078292 0.076901
21.509169 39.325371 -0.668092 2.847859 130.467285 14.681602 0.258130 -0.294572 5.082237 0.075506
21.642172 39.893669 -0.538638 2.880456 131.065918 14.995584 0.242613 -0.165843 5.079679 0.074064
21.759174 40.398800 -0.416537 2.882308 131.591095 15.275396 0.226616 -0.044038 5.088054 0.076646
21.876177 40.915497 -0.286052 2.885769 132.114136 15.559409 0.209585 0.076683 5.083445 0.077556
22.009180 41.496883 -0.144070 2.893436 132.704865 15.886941 0.191008 0.197304 5.072940 0.075718
22.126183 42.005520 -0.019228 2.923673 133.220917 16.179136 0.175536 0.281433 5.068410 0.075112
22.259186 42.586563 0.099050 2.948886 133.809952 16.516438 0.158971 0.350750 5.059459 0.076577
22.376188 43.099850 0.181887 2.994900 134.316620 16.811840 0.147747 0.391182 5.053099 0.078717
22.509192 43.713829 0.265853 3.171533 134.898087 17.157196 0.138577 0.420229 5.041504 0.080098
22.626194 44.252838 0.332907 3.423085 135.398163 17.459848 0.135610 0.432203 5.035594 0.082159
22.760197 44.879475 0.388514 3.699750 135.972717 17.812021 0.135360 0.437481 5.026191 0.081494
22.876200 45.428238 0.427648 3.940387 136.472183 18.122705 0.136959 0.437090 5.022518 0.082352
23.010202 46.066078 0.453974 4.260553 137.035248 18.480612 0.141359 0.428147 5.013953 0.083871
23.127205 46.636196 0.456907 4.568091 137.526260 18.799835 0.145289 0.402059 5.006531 0.084924
23.260208 47.288643 0.439052 4.868040 138.080704 19.168003 0.147092 0.340949 5.004588 0.085441
23.376211 47.865875 0.423794 5.143525 138.566391 19.495747 0.145808 0.258963 5.009873 0.086159
23.510214 48.528809 0.407525 5.471714 139.116180 19.873337 0.144341 0.145412 5.016246 0.086052
23.627216 49.113422 0.402611 5.788781 139.596481 20.210966 0.144394 0.040450 5.020702 0.086810
23.760220 49.780323 0.414931 6.149211 140.143082 20.603140 0.142030 -0.076345 5.021887 0.085296
23.877222 50.350792 0.449386 6.435484 140.618286 20.949945 0.137392 -0.171804 5.031408 0.084624
24.010225 51.006752 0.530227 6.694666 141.156052 21.348637 0.132055 -0.267616 5.032990 0.086458
24.127228 51.581867 0.617309 6.855902 141.625229 21.703577 0.126537 -0.335773 5.028581 0.084316
24.260231 52.224495 0.728461 6.970401 142.154495 22.111790 0.119260 -0.389325 5.024327 0.083534
24.377234 52.782295 0.852726 7.063739 142.616440 22.474657 0.112746 -0.417719 5.021496 0.083190
24.511236 53.415302 1.015588 7.167654 143.136078 22.891945 0.106070 -0.433727 5.007889 0.082440
24.628239 53.962402 1.199873 7.247403 143.587952 23.263367 0.100027 -0.436816 4.997141 0.080424
24.761242 54.569714 1.420791 7.243999 144.097687 23.688982 0.094615 -0.431033 4.988170 0.079575
24.878244 55.104923 1.608057 7.197535 144.542038 24.067587 0.091622 -0.418389 4.990224 0.079936
25.011248 55.708954 1.801865 7.107608 145.046661 24.506159 0.090070 -0.394090 4.990020 0.077201
25.128250 56.218220 1.934491 7.075372 145.479187 24.890989 0.091325 -0.362008 4.989913 0.076671
25.262253 56.797859 2.087345 7.057839 145.975479 25.341473 0.096562 -0.307888 5.007361 0.074878
25.378256 57.287060 2.204958 7.023771 146.404861 25.735304 0.103736 -0.244889 5.031415 0.073095
25.512259 57.848820 2.292384 7.012692 146.898834 26.194132 0.114876 -0.156095 5.031543 0.072610
25.628262 58.346897 2.339486 7.082670 147.327789 26.598917 0.126814 -0.074191 5.049936 0.073208
25.762264 58.899052 2.387544 7.112654 147.815033 27.063286 0.142230 0.014836 5.068706 0.071307
25.879267 59.385387 2.379686 7.170425 148.242584 27.475742 0.157098 0.083417 5.083468 0.071092
26.012270 59.914864 2.355238 7.247643 148.726654 27.949087 0.175098 0.155133 5.099998 0.067772
26.129272 60.355343 2.328765 7.285561 149.153259 28.370026 0.192179 0.217262 5.134435 0.064228
26.262276 60.837208 2.273495 7.303172 149.639313 28.853266 0.214333 0.292220 5.164628 0.063010
26.379278 61.257515 2.204968 7.358027 150.066391 29.283352 0.233575 0.360070 5.188988 0.061864
26.512281 61.723923 2.113393 7.450920 150.554703 29.781483 0.255937 0.440361 5.220702 0.057877
26.629284 62.093700 2.021052 7.496617 150.978867 30.215857 0.274540 0.508546 5.244592 0.054393
26.763287 62.501503 1.907411 7.550715 151.471420 30.720413 0.295356 0.583484 5.276914 0.051478
26.879290 62.843445 1.810167 7.578763 151.902649 31.164324 0.312896 0.634542 5.300889 0.050785
27.013292 63.221317 1.722770 7.647942 152.394028 31.673044 0.333117 0.659043 5.331533 0.048357
27.130295 63.537453 1.663605 7.749538 152.828323 32.122662 0.350103 0.638309 5.349345 0.045189
27.263298 63.870136 1.629435 7.841110 153.322510 32.635796 0.366635 0.563032 5.365574 0.041959
27.380301 64.143036 1.627942 7.927819 153.758743 33.088814 0.378530 0.458143 5.380481 0.039695
27.513304 64.423477 1.644745 8.009493 154.255585 33.604694 0.391876 0.300937 5.392927 0.034207
27.630306 64.641479 1.638948 8.098427 154.693146 34.059250 0.403073 0.140872 5.393249 0.031463
27.763309 64.863792 1.649240 8.177196 155.194366 34.581161 0.414485 -0.059755 5.405899 0.025671
27.880312 65.020012 1.684198 8.161421 155.628937 35.033546 0.423525 -0.230556 5.414046 0.021537
28.014315 65.154343 1.715009 8.041892 156.129608 35.556511 0.435090 -0.413462 5.395368 0.016211
28.130318 65.246910 1.745783 8.012526 156.563629 36.013634 0.446425 -0.549761 5.383390 0.012059
28.264320 65.325798 1.757365 7.963853 157.054367 36.533966 0.461458 -0.678452 5.372132 0.008303
28.380323 65.384720 1.740193 7.930814 157.483597 36.992676 0.475974 -0.762088 5.366398 0.009113
28.514326 65.438675 1.683550 7.903307 157.969482 37.515240 0.493374 -0.814734 5.371526 0.004991
28.631329 65.458008 1.612662 7.900855 158.395920 37.977211 0.509125 -0.810787 5.374752 0.001214
28.764332 65.444527 1.505784 7.878344 158.878723 38.505497 0.527895 -0.749365 5.388586 -0.004136
28.881334 65.407356 1.356093 7.831944 159.300766 38.974087 0.542903 -0.659480 5.390603 -0.007058
29.014338 65.345589 1.133951 7.730799 159.781708 39.514980 0.555965 -0.531766 5.412605 -0.008240
29.131340 65.279572 0.909583 7.579177 160.196198 39.987495 0.562438 -0.408720 5.423695 -0.010047
29.264343 65.187508 0.626819 7.438036 160.670807 40.540356 0.567601 -0.243828 5.447946 -0.012091
29.381346 65.091072 0.364887 7.287965 161.082352 41.028233 0.568384 -0.080412 5.461393 -0.015716
29.515348 64.951675 0.060139 7.097749 161.546738 41.588863 0.564101 0.121807 5.485041 -0.019740
29.631351 64.801056 -0.212019 6.838278 161.953888 42.087135 0.556811 0.290278 5.509829 -0.024641
29.765354 64.585045 -0.495707 6.446402 162.412094 42.660866 0.545381 0.451840 5.530473 -0.032439
29.882357 64.356842 -0.739509 6.054246 162.810822 43.171902 0.532108 0.552743 5.542618 -0.034771
30.015360 64.082542 -0.986792 5.503314 163.258255 43.758957 0.513135 0.622006 5.554745 -0.038632
30.132362 63.819962 -1.168059 4.884220 163.648926 44.280094 0.494962 0.649373 5.572807 -0.041632
30.265366 63.496799 -1.330492 4.097224 164.090454 44.883987 0.471518 0.655225 5.591548 -0.046397
30.382368 63.190437 -1.449320 3.380850 164.466461 45.413990 0.449757 0.645774 5.606532 -0.050698
30.515371 62.796444 -1.564703 2.496270 164.892044 46.034866 0.423793 0.617269 5.626322 -0.056411
30.632374 62.420082 -1.656034 1.673414 165.255844 46.584068 0.396434 0.569756 5.634007 -0.061450
30.766376 61.956635 -1.730552 0.670130 165.661057 47.216007 0.361056 0.483628 5.654071 -0.067567
30.882380 61.513592 -1.782819 -0.233601 166.010208 47.779305 0.325943 0.385478 5.670454 -0.071555
31.016382 60.980328 -1.822006 -1.311983 166.398392 48.427315 0.283828 0.257714 5.686527 -0.075735
31.133385 60.480412 -1.841630 -2.244976 166.730820 49.004314 0.244588 0.142311 5.694196 -0.081944
31.266388 59.869251 -1.839448 -3.298087 167.097290 49.667728 0.198404 0.009250 5.703657 -0.086166
31.383390 59.327187 -1.817772 -4.180954 167.410614 50.257629 0.157410 -0.108882 5.711503 -0.082933
31.516394 58.721466 -1.774545 -5.098980 167.759232 50.939716 0.111182 -0.254098 5.724526 -0.081599
31.633396 58.206532 -1.717421 -5.829586 168.053894 51.534969 0.072981 -0.384056 5.731458 -0.080138
31.766399 57.649952 -1.618572 -6.606561 168.386963 52.227524 0.032239 -0.531298 5.740078 -0.071202
31.883402 57.211746 -1.491068 -7.169769 168.672333 52.836380 -0.001293 -0.635506 5.748755 -0.066165
32.017403 56.739693 -1.283341 -7.664286 168.990677 53.531918 -0.034375 -0.707113 5.755655 -0.060535
32.133392 56.372856 -1.032560 -7.976067 169.268631 54.145596 -0.058978 -0.722136 5.757325 -0.051073
32.267380 56.028614 -0.651361 -8.091665 169.583206 54.842716 -0.081005 -0.692807 5.748418 -0.040435
32.384369 55.793530 -0.252064 -7.984402 169.859940 55.454945 -0.094146 -0.638468 5.734449 -0.030865
32.517357 55.621006 0.272266 -7.673842 170.177307 56.147213 -0.101247 -0.544781 5.720925 -0.017885
32.634346 55.559464 0.793412 -7.192782 170.460159 56.753883 -0.101386 -0.432595 5.722389 -0.004262
32.751335 55.580997 1.358421 -6.468199 170.746765 57.357506 -0.095763 -0.291308 5.707431 0.005310
32.884323 55.710903 2.009756 -5.456488 171.082306 58.038948 -0.084030 -0.114832 5.715462 0.019362
33.001312 55.916649 2.578873 -4.427627 171.386749 58.634686 -0.071355 0.033415 5.722320 0.028433
33.134300 56.247433 3.183750 -3.005557 171.746979 59.313412 -0.051540 0.175533 5.737676 0.037445
33.251289 56.602257 3.653107 -1.619182 172.071411 59.896030 -0.030342 0.271356 5.758689 0.042942
33.384277 57.069771 4.099362 0.183478 172.462036 60.564102 -0.001789 0.357065 5.795955 0.046070
33.501266 57.517521 4.394506 1.845008 172.816086 61.139839 0.027108 0.416438 5.847693 0.049841
33.634254 58.084961 4.631851 3.923981 173.243668 61.802715 0.063493 0.472553 5.914444 0.054048
33.751244 58.607376 4.745448 5.807103 173.633011 62.380600 0.098743 0.512680 5.987440 0.055785
33.885231 59.199135 4.755713 7.875587 174.096283 63.035404 0.143160 0.544455 6.064411 0.055197
34.001221 59.715668 4.680358 9.664162 174.519882 63.609116 0.184975 0.553802 6.120652 0.054627
34.135208 60.271168 4.494568 11.537696 175.019714 64.259613 0.236318 0.535277 6.200552 0.052645
34.252197 60.723442 4.250498 12.987690 175.476318 64.829247 0.282394 0.492056 6.267914 0.048293
34.386189 61.178120 3.925114 14.521003 176.011459 65.476273 0.335468 0.422501 6.345036 0.041510
34.503178 61.527164 3.615615 15.789072 176.500748 66.049553 0.383064 0.355148 6.421795 0.036180
34.636166 61.852528 3.284519 17.042601 177.072388 66.698051 0.437397 0.283411 6.481367 0.030101
34.753155 62.076599 3.025455 17.922606 177.579697 67.257118 0.482812 0.225363 6.526179 0.022455
34.886143 62.258133 2.769279 18.772446 178.177811 67.899803 0.532635 0.150199 6.569571 0.014384
35.003132 62.352287 2.596910 19.371708 178.710022 68.457542 0.573134 0.069944 6.598463 0.006737
35.137119 62.405457 2.482421 19.941355 179.323135 69.087082 0.614779 -0.042460 6.621426 -0.000023
35.253109 62.391083 2.450446 20.256804 179.870209 69.637039 0.647353 -0.146355 6.634379 -0.007707
35.387096 62.317795 2.503543 20.458036 180.498383 70.256317 0.676371 -0.261509 6.632842 -0.012808
35.504086 62.210438 2.637564 20.527315 181.055466 70.795731 0.694357 -0.350298 6.622376 -0.018264
35.637074 62.038132 2.871498 20.449959 181.692978 71.403725 0.707515 -0.438053 6.621739 -0.024606
35.754063 61.855671 3.123025 20.336954 182.255539 71.934898 0.711345 -0.501106 6.602227 -0.028965
35.887051 61.620697 3.426119 20.232920 182.900818 72.536957 0.711934 -0.554539 6.573584 -0.031052
36.004040 61.388962 3.714334 20.037169 183.460205 73.052704 0.708975 -0.581206 6.546745 -0.033005
36.137028 61.093647 4.026299 19.690826 184.106964 73.641228 0.702855 -0.588203 6.514958 -0.036671
36.254017 60.825562 4.253696 19.328398 184.671661 74.149681 0.697252 -0.574350 6.475574 -0.036509
36.388004 60.493191 4.449632 18.845974 185.312119 74.721527 0.690790 -0.535639 6.436384 -0.040253
36.503994 60.183987 4.573488 18.381063 185.873871 75.220230 0.685055 -0.483612 6.409388 -0.040671
36.637981 59.830742 4.616830 17.857548 186.508957 75.783318 0.681683 -0.405058 6.366208 -0.039815
36.754971 59.518814 4.563531 17.373301 187.066803 76.275833 0.681121 -0.323155 6.357594 -0.041647
36.887959 59.137547 4.411041 16.681028 187.701630 76.834282 0.683258 -0.213875 6.352868 -0.043229
37.004948 58.779091 4.225621 15.890738 188.259796 77.323799 0.686370 -0.107229 6.338823 -0.044801
37.137936 58.348621 3.929191 14.990983 188.897141 77.885468 0.691119 0.030755 6.344310 -0.050587
37.254925 57.954948 3.599320 14.221572 189.448425 78.372475 0.696348 0.153148 6.340295 -0.051763
37.387913 57.488220 3.162195 13.231017 190.085693 78.935707 0.702017 0.294901 6.345668 -0.054493
37.504902 57.069107 2.750894 12.342463 190.636902 79.424339 0.705715 0.403007 6.349960 -0.058134
37.638889 56.579323 2.213953 11.294882 191.272156 79.990929 0.705611 0.503564 6.358370 -0.058143
37.754879 56.134743 1.724433 10.338739 191.825699 80.488998 0.702622 0.560978 6.372938 -0.063553
37.888866 55.606808 1.149562 9.084445 192.455261 81.058853 0.697070 0.593867 6.388327 -0.066627
38.005856 55.138439 0.629820 7.933870 193.007233 81.563972 0.690623 0.600675 6.404253 -0.068478
38.138844 54.595161 0.067972 6.518926 193.635147 82.141701 0.680557 0.593818 6.413168 -0.071500
38.255833 54.104809 -0.409730 5.286945 194.183655 82.654877 0.669857 0.578236 6.423688 -0.074898
38.388821 53.540268 -0.932465 3.884470 194.802765 83.244507 0.655741 0.545205 6.430127 -0.077267
38.505810 53.038696 -1.366034 2.636549 195.346207 83.774078 0.641684 0.497759 6.428805 -0.079537
38.638798 52.448586 -1.795148 1.252058 195.952942 84.376991 0.627786 0.421374 6.433547 -0.083123
38.755787 51.923496 -2.130128 0.100817 196.477432 84.908112 0.617307 0.339458 6.438859 -0.085864
38.889774 51.301071 -2.463478 -1.161963 197.078247 85.528008 0.606799 0.231061 6.442102 -0.088179
39.005764 50.748955 -2.710423 -2.233528 197.599350 86.072693 0.599230 0.130518 6.441549 -0.090961
39.139751 50.085388 -2.922826 -3.461654 198.186935 86.695816 0.591258 0.010413 6.438691 -0.097729
39.255741 49.478172 -3.073338 -4.462148 198.698685 87.248260 0.581863 -0.095320 6.432290 -0.098573
39.389729 48.775532 -3.215361 -5.524184 199.272522 87.881546 0.571102 -0.215508 6.421905 -0.100444
39.506718 48.140610 -3.321418 -6.450741 199.771194 88.442703 0.560225 -0.316064 6.407791 -0.102967
39.639706 47.406612 -3.407312 -7.430269 200.330353 89.083466 0.542284 -0.423683 6.386474 -0.102742
39.756695 46.760429 -3.455142 -8.219564 200.814941 89.649475 0.521732 -0.507167 6.356593 -0.103946
39.889683 46.017185 -3.487555 -8.977517 201.360809 90.297928 0.492901 -0.585367 6.305686 -0.101458
40.006672 45.374100 -3.507952 -9.477633 201.823669 90.859741 0.464019 -0.630737 6.252711 -0.100838
40.139660 44.636974 -3.512624 -9.952704 202.346664 91.508514 0.429469 -0.650423 6.189248 -0.099003
40.256649 43.997044 -3.510001 -10.261260 202.792465 92.073105 0.398385 -0.636068 6.119726 -0.096718
40.390636 43.280418 -3.502750 -10.454569 203.287186 92.711021 0.361770 -0.589738 6.033340 -0.094390
40.507626 42.683517 -3.496987 -10.517686 203.711426 93.269135 0.327659 -0.532794 5.957009 -0.086192
40.640614 42.027512 -3.515855 -10.402938 204.182999 93.903122 0.291191 -0.458095 5.854409 -0.083217
40.757603 41.486202 -3.522501 -10.239036 204.579636 94.446785 0.262189 -0.390424 5.768287 -0.077372
40.890591 40.906403 -3.516482 -10.078521 205.025314 95.067894 0.230062 -0.301525 5.663748 -0.071488
41.007580 40.445274 -3.496520 -9.881795 205.400787 95.598412 0.202544 -0.212205 5.561073 -0.065010
41.140568 39.962948 -3.460208 -9.548568 205.822525 96.202843 0.173183 -0.088136 5.457999 -0.057831
41.257557 39.588177 -3.418635 -9.176013 206.178467 96.718697 0.150002 0.032495 5.370189 -0.050335
41.390545 39.214729 -3.334641 -8.665747 206.580093 97.306198 0.124043 0.184726 5.266603 -0.042105
41.507534 38.927395 -3.220697 -8.195029 206.922333 97.811371 0.103476 0.318848 5.176938 -0.037922
41.641521 38.655411 -3.032599 -7.576959 207.304672 98.375687 0.082066 0.466834 5.092191 -0.026211
41.757511 38.489819 -2.802765 -6.966906 207.636398 98.864578 0.064369 0.580706 5.020275 -0.016374
41.891499 38.368122 -2.462059 -6.266563 208.010101 99.411499 0.044513 0.684688 4.952669 -0.007280
42.008488 38.336025 -2.094551 -5.615324 208.337143 99.885033 0.029463 0.744308 4.901006 0.003081
42.141476 38.372353 -1.603589 -4.820113 208.709991 100.415886 0.012135 0.773262 4.857674 0.011052
42.258465 38.473408 -1.126560 -4.093839 209.039841 100.876244 -0.002739 0.761808 4.830076 0.021018
42.391453 38.657310 -0.535486 -3.173243 209.418198 101.392448 -0.020020 0.709789 4.800590 0.030009
42.508442 38.869186 0.039668 -2.292394 209.754791 101.841103 -0.034112 0.632571 4.792106 0.033922
42.625431 39.136898 0.628776 -1.311403 210.096085 102.285797 -0.047936 0.526175 4.796223 0.043378
42.759418 39.508904 1.342993 -0.160012 210.494553 102.790443 -0.061298 0.368595 4.805350 0.050140
42.875408 39.884071 1.951550 0.872998 210.850571 103.227516 -0.071788 0.204996 4.830498 0.053595
43.008396 40.365135 2.613349 2.042597 211.264435 103.721909 -0.081681 0.008003 4.861751 0.058349
43.125385 40.819080 3.139915 3.036212 211.634262 104.152122 -0.088237 -0.155134 4.912895 0.061945
43.259373 41.371513 3.673096 4.105608 212.073288 104.647957 -0.088961 -0.311390 4.967426 0.065243
43.375362 41.867645 4.076215 4.969788 212.467850 105.081276 -0.082547 -0.415861 5.037771 0.066737
43.509350 42.452667 4.448939 5.880736 212.930817 105.574303 -0.070089 -0.509889 5.116022 0.069641
43.625340 42.976604 4.725052 6.622864 213.352341 106.007462 -0.052405 -0.583621 5.196715 0.069365
43.759327 43.563690 4.949418 7.446289 213.847061 106.501938 -0.025190 -0.657661 5.302934 0.068001
43.876316 44.080513 5.080233 8.026230 214.296951 106.938782 0.003265 -0.703681 5.397233 0.069989
44.009304 44.667301 5.160963 8.555773 214.824524 107.438271 0.039163 -0.712072 5.509784 0.071451
44.126293 45.167866 5.189141 8.903729 215.303543 107.880188 0.073718 -0.669298 5.614281 0.068681
44.259281 45.716179 5.174786 9.206944 215.868774 108.389992 0.113914 -0.564428 5.728612 0.067358
44.376270 46.180737 5.115921 9.396663 216.372513 108.833153 0.144235 -0.441081 5.822980 0.067050
44.510258 46.693245 5.007985 9.526600 216.971100 109.347900 0.175100 -0.290935 5.932938 0.064102
44.626247 47.128403 4.888792 9.612383 217.505783 109.801735 0.198660 -0.174238 6.031256 0.063179
44.760235 47.604504 4.779291 9.650068 218.129089 110.320076 0.222185 -0.066096 6.138865 0.060733
44.876225 47.996010 4.710259 9.656948 218.690079 110.779503 0.237830 0.013453 6.230043 0.057280
45.010212 48.425209 4.646802 9.642529 219.339722 111.304909 0.249530 0.099709 6.317639 0.055166
45.127201 48.765369 4.613101 9.590526 219.922195 111.768738 0.254112 0.177314 6.391733 0.049255
45.260189 49.117176 4.605431 9.570666 220.593277 112.298599 0.255810 0.261505 6.455190 0.044723
45.377178 49.401730 4.625899 9.552677 221.190338 112.766174 0.255624 0.325887 6.494231 0.041311
45.510166 49.695496 4.685546 9.522684 221.878952 113.302391 0.253820 0.385523 6.528782 0.036482
45.627155 49.921780 4.752685 9.475319 222.479874 113.766632 0.250244 0.423506 6.553296 0.033919
45.761143 50.158123 4.861572 9.542053 223.178558 114.303474 0.246878 0.447182 6.589156 0.027517
45.877132 50.319191 4.990551 9.634227 223.793716 114.770821 0.245388 0.447953 6.612697 0.020408
46.011120 50.469288 5.160830 9.715097 224.498505 115.300003 0.246365 0.432706 6.635062 0.016607
46.127110 50.591919 5.326918 9.750316 225.121506 115.762543 0.250577 0.414498 6.625150 0.017323
46.261097 50.708847 5.551698 9.822987 225.832031 116.284370 0.259056 0.392586 6.629048 0.012708
46.378086 50.806816 5.765859 9.973893 226.455704 116.741478 0.269308 0.364451 6.603119 0.012515
46.511074 50.913544 6.017699 10.157841 227.166183 117.258018 0.282422 0.308457 6.603157 0.010885
46.628063 51.004421 6.223077 10.367258 227.790573 117.710785 0.294476 0.239316 6.582934 0.009733
46.761051 51.126701 6.438014 10.709300 228.498932 118.222000 0.307573 0.148343 6.564082 0.012012
46.878040 51.239811 6.594965 11.009644 229.122803 118.667336 0.318595 0.072318 6.548542 0.012324
47.012028 51.367748 6.734900 11.443309 229.836899 119.174721 0.331871 -0.009224 6.524163 0.007550
47.128017 51.485817 6.813464 11.876665 230.459656 119.615211 0.342271 -0.079765 6.512833 0.011146
47.262005 51.627907 6.870980 12.400986 231.169785 120.111816 0.355391 -0.166205 6.515091 0.010125
47.377998 51.760666 6.875215 12.882416 231.795212 120.545197 0.366945 -0.240717 6.498683 0.012018
47.511986 51.930653 6.818989 13.501981 232.507553 121.035423 0.379673 -0.315477 6.499291 0.012338
47.627975 52.087254 6.718923 14.048480 233.134445 121.463577 0.390227 -0.362287 6.480687 0.014696
47.761963 52.262920 6.570987 14.609261 233.847260 121.946693 0.399118 -0.391944 6.471532 0.014761
47.878952 52.420395 6.402105 15.107537 234.473984 122.369492 0.406673 -0.399592 6.461470 0.016086
48.011940 52.596344 6.190957 15.687963 235.190475 122.854095 0.413729 -0.394682 6.455915 0.013603
48.128929 52.727219 6.011953 16.132452 235.811539 123.271881 0.417975 -0.384608 6.444974 0.011355
48.261917 52.881596 5.809715 16.630703 236.527695 123.752632 0.423322 -0.366263 6.425387 0.014490
48.378906 53.026424 5.640647 17.047729 237.146606 124.167740 0.428934 -0.341034 6.416595 0.016166
48.512894 53.184292 5.447437 17.457001 237.860321 124.645264 0.438270 -0.292223 6.401655 0.014477
48.628883 53.304745 5.297720 17.758057 238.482269 125.059685 0.448661 -0.231664 6.382009 0.014488
48.762871 53.448097 5.161980 18.076406 239.187195 125.529724 0.465710 -0.142133 6.361379 0.013762
48.879860 53.567814 5.059776 18.265535 239.806244 125.942131 0.483689 -0.054943 6.354014 0.015828
49.012848 53.708099 4.958051 18.374016 240.509216 126.409782 0.505018 0.049556 6.340840 0.016701
49.129837 53.837555 4.872388 18.444664 241.126541 126.819168 0.523386 0.136191 6.321775 0.019407
49.262825 53.986702 4.816233 18.411964 241.831284 127.285439 0.541981 0.217042 6.298381 0.018280
49.379814 54.084583 4.791768 18.272154 242.444626 127.691551 0.555738 0.259032 6.278801 0.014849
49.512802 54.177483 4.784336 18.049177 243.137985 128.153076 0.568137 0.270605 6.247003 0.014523
49.629791 54.254478 4.777209 17.812981 243.739609 128.554779 0.577522 0.259138 6.228354 0.014266
49.763779 54.328747 4.739169 17.412748 244.430954 129.018036 0.585141 0.240769 6.201583 0.013111
49.879768 54.371727 4.702909 17.009821 245.032288 129.422348 0.591304 0.236097 6.190801 0.010373
50.013756 54.385498 4.643942 16.469196 245.715088 129.882217 0.596789 0.247564 6.187545 0.006970
50.130745 54.383541 4.567406 15.953283 246.314697 130.287064 0.599905 0.263930 6.181976 0.004152
50.263733 54.346195 4.457997 15.322354 246.994705 130.749725 0.600880 0.271991 6.188086 -0.000464
50.380722 54.287594 4.354460 14.695090 247.591949 131.159241 0.600924 0.255750 6.188021 -0.002251
50.513710 54.193501 4.210578 13.892624 248.274551 131.630127 0.604013 0.203663 6.185415 -0.005271
50.630699 54.089062 4.056785 13.109135 248.864197 132.040314 0.608952 0.139889 6.191539 -0.008899
50.763687 53.936111 3.864072 12.179283 249.542618 132.518661 0.615980 0.061988 6.199498 -0.013400
50.880676 53.773987 3.678116 11.381829 250.129089 132.936661 0.624582 0.001355 6.219774 -0.020126
51.014664 53.529549 3.454613 10.445930 250.808945 133.423553 0.635664 -0.061279 6.252735 -0.026134
51.130653 53.292999 3.285845 9.607414 251.405396 133.851410 0.643856 -0.109307 6.288094 -0.030331
51.264641 52.971901 3.115121 8.660606 252.085266 134.342545 0.652543 -0.153649 6.323596 -0.038175
51.381630 52.655281 2.961613 7.926324 252.684250 134.779617 0.660269 -0.173574 6.353441 -0.042679
51.514618 52.273746 2.810896 7.177149 253.367477 135.281494 0.668193 -0.175982 6.392224 -0.046781
51.631607 51.910492 2.714552 6.561748 253.969757 135.727112 0.673931 -0.170662 6.419095 -0.053429
51.764595 51.453861 2.623546 5.884224 254.664673 136.241257 0.676911 -0.169001 6.475050 -0.056885
51.882587 51.026592 2.549166 5.334549 255.274124 136.693893 0.676663 -0.173568 6.501956 -0.062447
51.999577 50.572964 2.483030 4.908854 255.884186 137.152176 0.672736 -0.177688 6.531371 -0.067265
52.132565 50.018265 2.419652 4.529653 256.577942 137.679977 0.665547 -0.170512 6.568581 -0.073100
52.249554 49.493401 2.368367 4.255716 257.189819 138.150101 0.655783 -0.146446 6.613654 -0.078283
52.382542 48.859329 2.309192 3.988653 257.895142 138.693283 0.642193 -0.095320 6.663400 -0.083496
52.499531 48.281940 2.279402 3.745159 258.507904 139.167557 0.629978 -0.032719 6.690561 -0.086878
52.632519 47.580742 2.277629 3.477801 259.216492 139.720428 0.614476 0.046538 6.719419 -0.093301
52.749508 46.924469 2.293175 3.239752 259.836182 140.206696 0.600479 0.105643 6.742805 -0.098439
52.883495 46.153629 2.310060 2.935763 260.543457 140.762650 0.587886 0.141996 6.783304 -0.100499
52.999485 45.457287 2.339999 2.741981 261.166656 141.255768 0.578896 0.143870 6.802047 -0.104218
53.133472 44.636959 2.378898 2.505749 261.876770 141.819672 0.569514 0.119544 6.829273 -0.107618
53.250462 43.896465 2.407864 2.342020 262.503510 142.317719 0.563870 0.088109 6.849184 -0.110713
53.383450 43.045918 2.422666 2.206881 263.218170 142.886108 0.561482 0.053130 6.871088 -0.110736
53.500439 42.289154 2.419149 2.123882 263.847443 143.389313 0.563319 0.034286 6.895195 -0.113356
53.633427 41.410431 2.393209 2.058204 264.569702 143.968826 0.567036 0.033442 6.925251 -0.114335
53.750416 40.647053 2.346035 2.016131 265.196991 144.472351 0.570753 0.049415 6.937552 -0.114885
53.883404 39.758118 2.263336 2.000246 265.923523 145.055283 0.573326 0.075737 6.964628 -0.115807
54.000393 38.967861 2.149107 1.976149 266.561951 145.564835 0.573584 0.090958 6.988784 -0.119205
54.134380 38.063442 1.973757 1.956814 267.290314 146.145462 0.569806 0.085833 7.019724 -0.119387
54.250370 37.248756 1.777709 1.932756 267.933838 146.657990 0.562813 0.058220 7.040640 -0.122026
54.384357 36.311699 1.523201 1.941735 268.665649 147.243271 0.552267 0.004578 7.048367 -0.124278
54.501347 35.474773 1.306543 1.881665 269.308868 147.758667 0.541733 -0.052652 7.043053 -0.123881
54.634335 34.536381 1.052448 1.710960 270.041199 148.342834 0.526937 -0.114776 7.043653 -0.122559
54.751324 33.729053 0.823293 1.515334 270.684814 148.856216 0.511343 -0.156869 7.026046 -0.118607
54.884312 32.834431 0.591773 1.209043 271.415009 149.436584 0.490569 -0.187907 7.001938 -0.115794
55.001301 32.062332 0.401291 0.895874 272.056122 149.945068 0.471189 -0.207542 6.987210 -0.113327
55.134289 31.204180 0.202099 0.468155 272.789581 150.523056 0.450892 -0.227478 6.952201 -0.109980
55.251278 30.475510 0.037606 0.006800 273.423523 151.018967 0.435035 -0.238703 6.927207 -0.109501
55.385265 29.641617 -0.116947 -0.588899 274.154083 151.588608 0.418958 -0.228314 6.896203 -0.107524
55.501255 28.950085 -0.201323 -1.192008 274.789429 152.080231 0.409316 -0.190583 6.850969 -0.100912
55.635242 28.198681 -0.256615 -2.016519 275.509674 152.632599 0.403010 -0.119551 6.803362 -0.098326
55.752232 27.551702 -0.292360 -2.815017 276.140045 153.112320 0.398919 -0.048986 6.745533 -0.094595
55.885220 26.863148 -0.336230 -3.636006 276.852448 153.652344 0.394396 0.022999 6.692195 -0.088760
56.002209 26.290659 -0.350400 -4.308658 277.474396 154.120346 0.390895 0.072892 6.627788 -0.083414
56.135197 25.665356 -0.349679 -5.080368 278.178223 154.645828 0.387180 0.124700 6.581370 -0.081854
56.252186 25.147144 -0.366764 -5.738748 278.793030 155.102295 0.381909 0.172405 6.516046 -0.075914
56.385174 24.587440 -0.401225 -6.433973 279.491669 155.619202 0.373624 0.232445 6.462669 -0.072291
56.502163 24.130405 -0.419179 -6.997743 280.092682 156.059052 0.364754 0.281828 6.392321 -0.067753
56.636150 23.626644 -0.428265 -7.612440 280.780334 156.558426 0.352746 0.326474 6.303920 -0.063953
56.752140 23.221769 -0.428924 -8.082234 281.375275 156.987244 0.342812 0.351237 6.244445 -0.059330
56.886127 22.789274 -0.429189 -8.568150 282.046265 157.467911 0.331722 0.361347 6.170099 -0.055873
57.003117 22.437365 -0.431385 -8.905897 282.631409 157.882477 0.323074 0.352038 6.107134 -0.050905
57.136105 22.059261 -0.437072 -9.177088 283.292297 158.347000 0.311337 0.314043 6.053078 -0.047240
57.253094 21.752922 -0.432193 -9.332190 283.870514 158.748459 0.298653 0.255374 5.996022 -0.044931
57.386082 21.417492 -0.389712 -9.422841 284.524292 159.197098 0.284588 0.161715 5.939513 -0.043116
57.503071 21.143917 -0.344154 -9.382920 285.095154 159.587234 0.273967 0.068799 5.888306 -0.038660
57.636059 20.860203 -0.291121 -9.203988 285.745392 160.027420 0.264811 -0.038862 5.841514 -0.034147
57.753048 20.642876 -0.222768 -8.968635 286.310669 160.405807 0.256554 -0.124276 5.790499 -0.030661
57.887035 20.421555 -0.150146 -8.648441 286.949371 160.829544 0.249190 -0.208970 5.742562 -0.026580
58.003025 20.254276 -0.085120 -8.318430 287.508667 161.197021 0.244353 -0.269408 5.704619 -0.022815
58.137012 20.097914 -0.005479 -7.845662 288.143433 161.608475 0.239274 -0.325977 5.674400 -0.019555
58.253002 19.986275 0.075148 -7.318488 288.701355 161.964798 0.234747 -0.365628 5.647766 -0.015080
58.386990 19.884384 0.161358 -6.635022 289.335175 162.362473 0.229169 -0.400852 5.614019 -0.011705
58.503979 19.828213 0.229678 -5.990409 289.893036 162.707916 0.224571 -0.419445 5.603207 -0.007073
58.636967 19.781494 0.287162 -5.292058 290.527802 163.094894 0.219678 -0.419955 5.585585 -0.004838
58.753956 19.755114 0.332374 -4.628592 291.087860 163.432159 0.214107 -0.399010 5.583597 -0.003787
58.886944 19.740803 0.364532 -3.884899 291.731415 163.814026 0.204263 -0.349371 5.586316 -0.002113
59.003933 19.739803 0.366293 -3.286440 292.291229 164.140869 0.194842 -0.286471 5.590610 -0.000121
59.136921 19.746645 0.352654 -2.588600 292.941376 164.514572 0.182650 -0.187860 5.602313 0.000211
59.253910 19.760695 0.324377 -2.042062 293.512268 164.837250 0.173271 -0.081898 5.607763 0.002598
59.387897 19.799047 0.260346 -1.415242 294.164948 165.201675 0.164898 0.059724 5.624505 0.005371
59.503887 19.836765 0.204686 -0.883840 294.741760 165.520340 0.160499 0.184167 5.638128 0.005534
59.637875 19.877625 0.130489 -0.279815 295.400452 165.882507 0.158156 0.308531 5.659690 0.005569
59.754864 19.922613 0.083089 0.205490 295.984009 166.199127 0.159229 0.383643 5.686212 0.006828
59.887852 19.988243 0.060282 0.682722 296.651978 166.557953 0.165452 0.425580 5.710887 0.009983
60.004841 20.064507 0.078637 0.939628 297.243805 166.870560 0.175066 0.424247 5.731777 0.012874
