1.20 1.10 20 64
0.136000 0.012313 0.123389 -0.048345 0.926778 -0.000857 -0.129623 -0.238146 6.704691 0.002444
0.253000 0.017636 0.437811 -0.125897 1.705845 -0.002559 -0.083462 -0.187006 6.623193 0.000599
0.382000 0.020694 0.929755 -0.217653 2.552178 -0.003851 -0.004978 -0.142877 6.506976 -0.000029
0.501000 0.015441 1.447417 -0.323761 3.318336 -0.006008 0.079996 -0.114288 6.385747 -0.000063
0.632000 0.015983 2.008067 -0.413997 4.147954 -0.009849 0.174486 -0.091248 6.295271 0.001147
0.751000 0.025190 2.472913 -0.450229 4.892036 -0.013636 0.250763 -0.067621 6.222792 0.002027
0.881001 0.047010 2.888670 -0.471086 5.698527 -0.017063 0.315045 -0.025567 6.194464 0.002850
1.011001 0.069325 3.186713 -0.482735 6.502792 -0.020570 0.355210 0.043903 6.184258 0.003402
1.128001 0.096208 3.359187 -0.459442 7.233262 -0.023557 0.368644 0.127828 6.199944 0.003794
1.257000 0.128726 3.414883 -0.410818 8.034544 -0.028027 0.357177 0.229025 6.221277 0.004314
1.387000 0.157842 3.320481 -0.408432 8.839867 -0.034431 0.319405 0.324648 6.258451 0.004017
1.503000 0.186293 3.111845 -0.394125 9.574571 -0.041178 0.268137 0.400385 6.290831 0.003727
1.632000 0.213882 2.780884 -0.397855 10.382533 -0.049286 0.200171 0.471502 6.327364 0.003468
1.761000 0.234950 2.371700 -0.370471 11.207780 -0.057556 0.127617 0.529272 6.364921 0.003018
1.879000 0.252626 1.964223 -0.368036 11.954576 -0.065591 0.068540 0.559276 6.399949 0.002952
2.007999 0.276960 1.508278 -0.402211 12.782700 -0.076484 0.017976 0.553422 6.435090 0.003343
2.137000 0.304021 1.094141 -0.460079 13.614934 -0.090353 -0.013333 0.495813 6.461473 0.003322
2.255000 0.333816 0.767007 -0.509380 14.379010 -0.102861 -0.021667 0.397348 6.483382 0.004899
2.384001 0.372831 0.503325 -0.463884 15.216213 -0.114408 -0.005466 0.248845 6.496736 0.004778
2.501001 0.408249 0.361595 -0.393948 15.976523 -0.124355 0.031108 0.095751 6.500473 0.004788
2.631002 0.447859 0.310237 -0.237862 16.820322 -0.134472 0.090087 -0.070412 6.485434 0.006468
2.759002 0.491371 0.360601 0.005970 17.655563 -0.145439 0.160570 -0.205874 6.463106 0.004894
2.876002 0.520100 0.463494 0.230619 18.403732 -0.155538 0.225705 -0.288901 6.440624 0.003397
3.004003 0.550759 0.617971 0.501653 19.226135 -0.164834 0.292260 -0.341311 6.417845 0.003829
3.132003 0.575066 0.781267 0.745636 20.046751 -0.173995 0.344089 -0.365728 6.410034 0.003327
3.258003 0.602327 0.931998 0.975653 20.854797 -0.184406 0.375580 -0.380966 6.416529 0.004022
3.384003 0.634322 1.056948 1.208354 21.670467 -0.195631 0.385935 -0.400553 6.427654 0.002800
3.501003 0.657724 1.150238 1.410434 22.416672 -0.206126 0.376469 -0.423409 6.442417 0.002475
3.630003 0.685684 1.223527 1.660365 23.249445 -0.219141 0.347193 -0.442001 6.465632 0.003665
3.759004 0.718516 1.274464 1.907879 24.084318 -0.232302 0.302797 -0.434182 6.477506 0.004155
3.877004 0.748677 1.287410 2.107779 24.848978 -0.244764 0.252583 -0.391346 6.480232 0.003682
4.004004 0.768997 1.274396 2.312608 25.671911 -0.258339 0.193165 -0.310081 6.479674 0.001242
4.134006 0.779266 1.243321 2.501405 26.514093 -0.271543 0.136571 -0.207349 6.475240 0.000906
4.251007 0.783896 1.200984 2.601845 27.271290 -0.282971 0.095295 -0.114479 6.468867 -0.000201
4.380008 0.784403 1.149248 2.654187 28.105536 -0.297000 0.064150 -0.017257 6.465015 -0.000587
4.510009 0.786468 1.110107 2.662590 28.944485 -0.310249 0.050956 0.077919 6.448335 0.001016
4.627010 0.790178 1.089122 2.627874 29.697855 -0.322112 0.056404 0.159978 6.431560 -0.000379
4.756011 0.791938 1.078035 2.517489 30.532042 -0.335093 0.079600 0.240801 6.407192 0.000387
4.886012 0.783380 1.065676 2.418583 31.356174 -0.347576 0.117806 0.303855 6.375382 -0.000704
5.004013 0.779075 1.026440 2.292974 32.106789 -0.359820 0.160840 0.347268 6.352546 -0.000045
5.131014 0.766637 0.959385 2.106041 32.918427 -0.374239 0.211343 0.380442 6.336425 -0.001862
5.259016 0.746187 0.892452 1.870795 33.721939 -0.387667 0.260233 0.391163 6.320618 -0.002764
5.386017 0.726446 0.805082 1.646994 34.524467 -0.399385 0.301985 0.364306 6.318308 -0.001829
5.501018 0.699294 0.712017 1.468092 35.251717 -0.407762 0.330796 0.303363 6.328670 -0.003442
5.630019 0.661637 0.599026 1.281281 36.075783 -0.417180 0.351291 0.209418 6.346851 -0.006770
5.759020 0.604247 0.477826 1.100914 36.889503 -0.426220 0.357010 0.120755 6.366878 -0.008008
5.876021 0.546183 0.352702 0.949109 37.635502 -0.434223 0.351291 0.064067 6.384535 -0.008937
6.003023 0.487894 0.199195 0.810540 38.454075 -0.443542 0.334171 0.027649 6.403930 -0.007364
6.131024 0.432286 0.029907 0.693754 39.275055 -0.452414 0.308857 0.000877 6.421799 -0.006674
6.260025 0.384775 -0.148323 0.584098 40.104729 -0.461507 0.277866 -0.033240 6.439665 -0.005667
6.376026 0.349823 -0.292594 0.491900 40.852268 -0.470910 0.247800 -0.074717 6.451249 -0.005780
6.503027 0.311541 -0.418597 0.426172 41.666294 -0.481302 0.218145 -0.125283 6.464136 -0.005001
6.629029 0.272292 -0.490646 0.313723 42.487144 -0.492701 0.196190 -0.171611 6.458987 -0.005445
6.756030 0.230049 -0.516591 0.225799 43.300335 -0.504017 0.183013 -0.204653 6.454381 -0.006739
6.882031 0.186629 -0.507874 0.165188 44.112350 -0.515130 0.180672 -0.221332 6.433013 -0.007191
7.011033 0.126597 -0.464381 0.118711 44.940933 -0.527531 0.189986 -0.223709 6.414972 -0.008509
7.127034 0.071437 -0.407761 0.166727 45.683800 -0.538125 0.205346 -0.215970 6.397424 -0.007491
7.255035 0.011270 -0.314643 0.234589 46.505867 -0.550582 0.227929 -0.198362 6.357494 -0.008033
7.383036 -0.048134 -0.215176 0.284448 47.317684 -0.563578 0.254563 -0.170933 6.330341 -0.007674
7.510037 -0.100211 -0.123703 0.314459 48.114105 -0.577206 0.280665 -0.135967 6.316349 -0.006805
7.628038 -0.137664 -0.053523 0.341018 48.858501 -0.590313 0.302256 -0.099715 6.307829 -0.005280
7.756040 -0.174523 -0.000940 0.326421 49.665054 -0.606805 0.321214 -0.062932 6.300583 -0.005143
7.884041 -0.215746 0.011630 0.291763 50.478394 -0.623586 0.333900 -0.031650 6.313545 -0.005265
8.011042 -0.255662 -0.022086 0.255418 51.280682 -0.640556 0.338908 -0.004564 6.325543 -0.005269
8.127041 -0.293409 -0.081358 0.237962 52.009117 -0.656442 0.335792 0.022571 6.343826 -0.005980
8.253039 -0.322040 -0.187775 0.291971 52.815990 -0.674949 0.323786 0.061224 6.361643 -0.003206
8.383039 -0.347351 -0.312867 0.363243 53.637623 -0.694611 0.306235 0.109268 6.378891 -0.004270
8.512039 -0.377969 -0.447212 0.452282 54.461613 -0.714585 0.285133 0.160080 6.398115 -0.004919
8.629039 -0.422246 -0.574445 0.549423 55.210629 -0.735063 0.265462 0.199157 6.407516 -0.006892
8.759039 -0.486421 -0.700936 0.691576 56.043293 -0.758721 0.244107 0.227612 6.407190 -0.009257
8.876039 -0.557348 -0.779261 0.825438 56.792336 -0.780735 0.227951 0.236852 6.403966 -0.011066
9.005038 -0.638098 -0.839990 0.923159 57.617542 -0.805278 0.216062 0.228331 6.395250 -0.011001
9.131037 -0.725179 -0.880925 1.030426 58.421410 -0.830140 0.210482 0.199695 6.374593 -0.012638
9.256035 -0.823321 -0.890022 1.193658 59.222313 -0.856220 0.211815 0.152414 6.349456 -0.012839
9.384034 -0.918216 -0.871096 1.402648 60.025684 -0.883506 0.221132 0.093986 6.317615 -0.012259
9.501034 -1.007951 -0.841521 1.623285 60.762287 -0.908707 0.234295 0.042844 6.286446 -0.012607
9.630033 -1.104105 -0.806319 1.826631 61.577927 -0.939608 0.252384 0.001814 6.270287 -0.011378
9.759033 -1.197703 -0.770030 2.046785 62.378956 -0.971063 0.272008 -0.021442 6.258071 -0.012213
9.876033 -1.282434 -0.717949 2.211180 63.116207 -1.000518 0.287954 -0.037252 6.248525 -0.012227
10.003032 -1.375547 -0.668977 2.322274 63.901390 -1.032474 0.301242 -0.062699 6.233002 -0.013259
10.130031 -1.466617 -0.639177 2.433519 64.697884 -1.066045 0.309363 -0.106264 6.225634 -0.011800
10.259030 -1.549692 -0.624004 2.482374 65.493652 -1.099163 0.310931 -0.165596 6.220022 -0.010905
10.377030 -1.626852 -0.631766 2.515997 66.226479 -1.128362 0.305203 -0.224014 6.214237 -0.011573
10.505030 -1.715935 -0.657559 2.510906 67.026634 -1.160880 0.293176 -0.278742 6.204663 -0.012330
10.635030 -1.801680 -0.710036 2.446855 67.825699 -1.194006 0.276381 -0.310025 6.196985 -0.011656
10.752029 -1.891406 -0.775755 2.347826 68.555473 -1.225204 0.259983 -0.310039 6.182108 -0.014157
10.880029 -1.987818 -0.856161 2.206906 69.338356 -1.259477 0.243483 -0.277391 6.165750 -0.012287
11.009028 -2.078604 -0.943859 2.037244 70.131821 -1.294638 0.228528 -0.213007 6.151283 -0.012716
11.126028 -2.160630 -1.040089 1.878056 70.856224 -1.327182 0.218795 -0.134798 6.140921 -0.013541
11.254027 -2.260959 -1.135916 1.702116 71.640930 -1.363157 0.213679 -0.038820 6.133498 -0.014620
11.381026 -2.366757 -1.217916 1.483232 72.412064 -1.397476 0.213415 0.057202 6.123174 -0.015364
11.510026 -2.469025 -1.279883 1.247357 73.200401 -1.434533 0.219271 0.147050 6.116050 -0.013265
11.627026 -2.558646 -1.325253 1.010387 73.914856 -1.468542 0.228596 0.213992 6.113212 -0.014777
11.756025 -2.673684 -1.362908 0.778894 74.702332 -1.505890 0.242357 0.271631 6.110778 -0.017004
11.885025 -2.787813 -1.385568 0.523419 75.490112 -1.543929 0.256762 0.315681 6.113472 -0.015020
12.003025 -2.881854 -1.376085 0.283771 76.211060 -1.578056 0.269703 0.346422 6.120783 -0.014123
12.133025 -2.976114 -1.348143 0.059297 77.006554 -1.616630 0.282650 0.367459 6.126094 -0.012775
12.251025 -3.051545 -1.313786 -0.137336 77.728813 -1.653615 0.290407 0.365609 6.129895 -0.011466
12.380025 -3.127059 -1.255668 -0.353602 78.524948 -1.695757 0.294404 0.329201 6.135788 -0.009515
12.509025 -3.195355 -1.193653 -0.484581 79.309151 -1.737671 0.291385 0.255666 6.135710 -0.009855
12.626024 -3.257570 -1.151911 -0.598324 80.032295 -1.776440 0.282547 0.164514 6.137946 -0.009048
12.755024 -3.326113 -1.112679 -0.681047 80.823463 -1.819052 0.266026 0.054321 6.142955 -0.009828
12.884024 -3.406512 -1.086684 -0.680860 81.614555 -1.861777 0.244859 -0.054066 6.143318 -0.011697
13.010022 -3.483682 -1.055431 -0.687705 82.380890 -1.904292 0.223026 -0.149970 6.138832 -0.009402
13.127022 -3.548218 -1.022934 -0.672086 83.097878 -1.945526 0.203826 -0.226591 6.139753 -0.009771
13.256021 -3.620183 -0.967644 -0.648739 83.887901 -1.993051 0.184843 -0.285912 6.133861 -0.009239
13.384021 -3.686429 -0.901672 -0.592139 84.671791 -2.041332 0.172091 -0.306159 6.134396 -0.008873
13.511020 -3.746342 -0.841519 -0.537576 85.448799 -2.090708 0.164191 -0.288395 6.128281 -0.006995
13.626019 -3.802629 -0.783284 -0.490356 86.157776 -2.137845 0.162065 -0.254812 6.124505 -0.009353
13.756019 -3.865653 -0.736636 -0.430810 86.945366 -2.190853 0.164709 -0.223557 6.116594 -0.008231
13.884018 -3.925675 -0.692297 -0.305315 87.732567 -2.243876 0.171192 -0.216628 6.116154 -0.007539
14.002018 -3.988428 -0.655098 -0.163610 88.452789 -2.291837 0.179841 -0.226456 6.116145 -0.010569
14.132018 -4.069867 -0.637300 -0.036349 89.239754 -2.345138 0.189727 -0.234795 6.111331 -0.010362
14.261018 -4.148617 -0.633553 0.088210 90.026756 -2.399812 0.197241 -0.221506 6.116946 -0.009622
14.387016 -4.225539 -0.623587 0.231191 90.795616 -2.453520 0.200637 -0.184771 6.113413 -0.010834
14.504016 -4.302978 -0.616926 0.333306 91.508469 -2.504651 0.201890 -0.140291 6.107253 -0.010978
14.634016 -4.390003 -0.603989 0.421855 92.299538 -2.563307 0.198897 -0.091853 6.098347 -0.012106
14.752016 -4.476964 -0.617580 0.467375 93.016586 -2.616424 0.193483 -0.051276 6.091422 -0.012512
14.882016 -4.570135 -0.660228 0.518318 93.805336 -2.674825 0.184486 -0.001740 6.079746 -0.012727
15.011016 -4.672476 -0.709598 0.547046 94.586845 -2.734700 0.171595 0.060014 6.075994 -0.014632
15.129016 -4.779184 -0.759844 0.598843 95.300987 -2.790864 0.157321 0.123383 6.070056 -0.016176
15.256015 -4.908211 -0.806547 0.581529 96.069145 -2.851928 0.141832 0.187745 6.066567 -0.017904
15.382013 -5.033267 -0.836010 0.501991 96.830582 -2.913125 0.127395 0.238290 6.057491 -0.018086
15.510013 -5.180069 -0.844521 0.365318 97.608704 -2.976631 0.115976 0.276971 6.047967 -0.021476
15.628013 -5.331426 -0.842439 0.172126 98.313004 -3.036243 0.108533 0.308507 6.033576 -0.023502
15.757012 -5.495634 -0.831291 -0.053185 99.088097 -3.103864 0.105134 0.345968 6.024511 -0.021485
15.887012 -5.658213 -0.793478 -0.233716 99.866623 -3.172457 0.107112 0.384830 6.001181 -0.022588
16.004013 -5.823991 -0.745417 -0.405477 100.570152 -3.237722 0.112230 0.412836 5.979917 -0.025874
16.134005 -6.015219 -0.678405 -0.585393 101.336723 -3.310860 0.120461 0.426001 5.960802 -0.025819
16.250998 -6.186830 -0.617157 -0.731803 102.036133 -3.378553 0.128966 0.413213 5.952232 -0.025958
16.379990 -6.379018 -0.551908 -0.919130 102.799103 -3.454596 0.137037 0.364382 5.941122 -0.026949
16.508982 -6.579635 -0.480165 -1.057465 103.554634 -3.532892 0.143772 0.276490 5.928096 -0.028664
16.625975 -6.768488 -0.418161 -1.192290 104.249855 -3.606825 0.149683 0.166868 5.924227 -0.028188
16.754967 -6.985157 -0.352233 -1.329738 105.003395 -3.687975 0.153052 0.031905 5.921643 -0.030419
16.881960 -7.201214 -0.276388 -1.445298 105.756798 -3.771164 0.154058 -0.101261 5.920030 -0.029132
17.009953 -7.426073 -0.201431 -1.572428 106.503860 -3.855283 0.150926 -0.220143 5.914927 -0.031806
17.126945 -7.642556 -0.131516 -1.669588 107.191498 -3.934863 0.145394 -0.315221 5.918118 -0.032371
17.254938 -7.893038 -0.041520 -1.728558 107.949730 -4.022835 0.136782 -0.405281 5.911290 -0.034519
17.383930 -8.155268 0.072754 -1.783227 108.707397 -4.111664 0.126238 -0.476446 5.915501 -0.036085
17.509924 -8.413618 0.180277 -1.841428 109.442139 -4.198165 0.114915 -0.518796 5.921220 -0.036472
17.627916 -8.673564 0.272808 -1.841575 110.135689 -4.279015 0.104276 -0.529310 5.917082 -0.038944
17.755909 -8.972445 0.384661 -1.780239 110.892563 -4.367559 0.094791 -0.506230 5.899703 -0.041356
17.885900 -9.286057 0.482211 -1.732275 111.647659 -4.457469 0.088373 -0.450130 5.889804 -0.043070
18.000895 -9.567590 0.558433 -1.628112 112.320038 -4.537894 0.085210 -0.378567 5.883274 -0.043378
18.128887 -9.882766 0.650142 -1.512573 113.067024 -4.629071 0.084757 -0.280880 5.874663 -0.042419
18.256880 -10.207077 0.740769 -1.357972 113.818405 -4.722454 0.087437 -0.172957 5.865468 -0.045734
18.385872 -10.555322 0.830538 -1.238851 114.562790 -4.816616 0.092925 -0.064376 5.859624 -0.048495
18.502865 -10.875278 0.895658 -1.104713 115.243141 -4.903652 0.098311 0.027014 5.867060 -0.048879
18.633858 -11.250935 0.956907 -0.982863 116.005104 -5.001551 0.104636 0.115797 5.861129 -0.052166
18.750851 -11.609991 0.995422 -0.937326 116.685135 -5.091141 0.111168 0.178689 5.865009 -0.054023
18.879843 -12.015765 1.022298 -0.939703 117.434387 -5.193069 0.117759 0.231080 5.861064 -0.055229
19.008837 -12.438603 1.043178 -0.991942 118.188629 -5.298346 0.123894 0.267631 5.856321 -0.057962
19.126829 -12.841207 1.063268 -1.088524 118.866722 -5.395317 0.127478 0.286234 5.853625 -0.060690
19.254822 -13.298596 1.083397 -1.245465 119.614227 -5.505088 0.127400 0.288058 5.855877 -0.061539
19.383814 -13.767131 1.072584 -1.457014 120.354988 -5.618068 0.125001 0.266618 5.855240 -0.063301
19.511806 -14.252892 1.047850 -1.709470 121.095482 -5.733812 0.119320 0.225737 5.857036 -0.067571
19.627800 -14.726061 1.031619 -2.038018 121.772224 -5.842758 0.111891 0.181477 5.858011 -0.071600
19.756792 -15.265823 1.018687 -2.407680 122.512024 -5.963710 0.103092 0.141176 5.853263 -0.073651
19.884785 -15.823433 1.009335 -2.782881 123.250237 -6.087267 0.095910 0.117359 5.843212 -0.075324
20.000778 -16.333241 1.000355 -3.112988 123.917953 -6.200927 0.091364 0.107655 5.834312 -0.076507
20.128771 -16.912838 0.990135 -3.423949 124.653206 -6.328533 0.088893 0.098798 5.822355 -0.079326
20.254765 -17.495358 0.968056 -3.708196 125.374321 -6.457449 0.089597 0.084902 5.806211 -0.080566
20.381758 -18.085016 0.931694 -3.962257 126.098045 -6.590138 0.092033 0.067962 5.784940 -0.080132
20.508751 -18.673769 0.897440 -4.205305 126.825264 -6.726836 0.096014 0.058402 5.780946 -0.079288
20.636744 -19.255802 0.866094 -4.401234 127.545067 -6.865028 0.102471 0.060614 5.766216 -0.079956
20.751738 -19.791746 0.845900 -4.546298 128.200775 -6.994712 0.108786 0.066578 5.759108 -0.080649
20.876732 -20.384308 0.831227 -4.703627 128.905655 -7.138462 0.115917 0.064997 5.750380 -0.084255
21.002728 -20.985064 0.812768 -4.812088 129.614441 -7.286374 0.122422 0.046840 5.742220 -0.081891
21.128721 -21.567793 0.824491 -4.943926 130.314713 -7.437916 0.129966 0.013927 5.727557 -0.080559
21.254715 -22.146799 0.865208 -5.035439 131.024017 -7.595445 0.137924 -0.028074 5.719351 -0.078321
21.381708 -22.713160 0.909213 -5.064511 131.726639 -7.753376 0.145511 -0.073969 5.712241 -0.077204
21.507702 -23.273808 0.957831 -5.073451 132.432709 -7.915094 0.150072 -0.122194 5.696188 -0.076776
21.631697 -23.817266 1.013303 -5.077508 133.119934 -8.077601 0.151905 -0.164370 5.697474 -0.076372
21.757692 -24.360102 1.077381 -5.068511 133.817505 -8.247279 0.151749 -0.192273 5.699878 -0.074796
21.883686 -24.899981 1.164064 -5.023265 134.508911 -8.418697 0.151068 -0.196100 5.699522 -0.075886
22.009680 -25.438425 1.276958 -4.948782 135.210052 -8.596771 0.149945 -0.179031 5.693915 -0.072759
22.135674 -25.951288 1.401721 -4.820619 135.904312 -8.777531 0.148654 -0.152214 5.693658 -0.070283
22.251667 -26.395456 1.526331 -4.705095 136.537140 -8.946201 0.148042 -0.130127 5.693044 -0.065264
22.376661 -26.852625 1.662059 -4.575702 137.223541 -9.132927 0.146679 -0.116241 5.685689 -0.064260
22.502655 -27.312178 1.800731 -4.476393 137.913391 -9.323820 0.146174 -0.116572 5.678196 -0.062851
22.629648 -27.762400 1.949714 -4.374884 138.607208 -9.519256 0.146482 -0.129231 5.674763 -0.062306
22.753643 -28.200640 2.086764 -4.296790 139.288605 -9.714019 0.148654 -0.146080 5.666121 -0.061078
22.879637 -28.620045 2.208323 -4.232412 139.968216 -9.910686 0.151300 -0.152338 5.651676 -0.058136
23.005630 -29.033184 2.311188 -4.165132 140.656494 -10.112024 0.155383 -0.131808 5.641791 -0.056491
23.133623 -29.436146 2.372267 -4.166796 141.342804 -10.315895 0.159632 -0.077668 5.633598 -0.054240
23.260616 -29.825489 2.386838 -4.185943 142.026642 -10.521716 0.165382 -0.000024 5.616298 -0.052834
23.375610 -30.176773 2.362350 -4.188108 142.643326 -10.709586 0.171187 0.075186 5.600406 -0.053854
23.501604 -30.555685 2.289781 -4.189845 143.316086 -10.919065 0.178817 0.150306 5.587149 -0.051865
23.628597 -30.928173 2.195219 -4.191855 143.992447 -11.133065 0.187216 0.214948 5.588976 -0.050892
23.754591 -31.298429 2.073644 -4.281593 144.668091 -11.350651 0.196485 0.268273 5.585260 -0.049786
23.880585 -31.656834 1.937287 -4.437169 145.337692 -11.568197 0.205555 0.305248 5.587403 -0.048371
24.007578 -32.018684 1.780674 -4.659348 146.010818 -11.791013 0.214878 0.312579 5.585323 -0.049161
24.133574 -32.376862 1.629490 -4.853332 146.673599 -12.011622 0.224766 0.280288 5.591436 -0.048977
24.259567 -32.734631 1.493135 -5.085267 147.341461 -12.236407 0.235581 0.209722 5.589485 -0.048197
24.384563 -33.086487 1.360201 -5.359797 147.996964 -12.460135 0.246202 0.117728 5.588735 -0.048745
24.509558 -33.441067 1.229581 -5.647043 148.662308 -12.689569 0.258536 0.024280 5.584787 -0.047739
24.635551 -33.782505 1.113219 -5.927701 149.325851 -12.921045 0.272076 -0.050200 5.572552 -0.045999
24.760546 -34.115540 1.014851 -6.226706 149.986053 -13.155942 0.286696 -0.094665 5.557233 -0.044115
24.875540 -34.407211 0.951167 -6.524155 150.586853 -13.373793 0.300806 -0.108340 5.555500 -0.043092
25.001535 -34.725704 0.908641 -6.835077 151.242310 -13.616397 0.314862 -0.099097 5.544010 -0.042888
25.125530 -35.021381 0.875035 -7.056612 151.885818 -13.858073 0.327489 -0.076323 5.541303 -0.040841
25.251524 -35.318165 0.860349 -7.266188 152.536850 -14.108071 0.337681 -0.055141 5.535566 -0.039695
25.378517 -35.589973 0.850939 -7.445255 153.186905 -14.361340 0.346452 -0.053652 5.535556 -0.037161
25.504511 -35.858692 0.849766 -7.577129 153.835114 -14.617673 0.352866 -0.083198 5.527967 -0.035946
25.630505 -36.106689 0.854940 -7.594663 154.482407 -14.876410 0.357412 -0.137997 5.531853 -0.032701
25.756498 -36.328259 0.873338 -7.575621 155.132980 -15.141470 0.361767 -0.197115 5.530622 -0.029117
25.883492 -36.540081 0.926590 -7.551870 155.781479 -15.409771 0.365949 -0.233916 5.522757 -0.027674
26.010485 -36.733166 0.984949 -7.405725 156.423447 -15.677811 0.371075 -0.235131 5.519107 -0.025126
26.125479 -36.895725 1.047809 -7.244378 157.007599 -15.925799 0.377605 -0.209535 5.519152 -0.025476
26.260473 -37.076538 1.139693 -6.982940 157.696991 -16.223829 0.386299 -0.159274 5.523869 -0.021790
26.384468 -37.214207 1.218608 -6.676913 158.323944 -16.500071 0.393982 -0.101621 5.526562 -0.020406
26.510462 -37.341915 1.274867 -6.422459 158.960922 -16.784853 0.401665 -0.032518 5.543977 -0.017263
26.625456 -37.444839 1.309496 -6.208959 159.536514 -17.047087 0.408723 0.039804 5.552533 -0.016179
26.751450 -37.551991 1.320503 -5.947929 160.173203 -17.340828 0.416019 0.125133 5.569872 -0.014665
26.876444 -37.639591 1.296060 -5.653715 160.809952 -17.637953 0.421884 0.203534 5.582260 -0.012187
27.000439 -37.715202 1.246652 -5.339520 161.437073 -17.934004 0.426286 0.260366 5.601327 -0.010467
27.125433 -37.777325 1.163684 -4.978168 162.069626 -18.236853 0.429189 0.286715 5.614907 -0.009298
27.252426 -37.834930 1.042837 -4.613085 162.706879 -18.547005 0.430502 0.278333 5.632365 -0.008817
27.378420 -37.896397 0.891471 -4.256413 163.344360 -18.862244 0.428942 0.239833 5.655290 -0.009101
27.504414 -37.955322 0.701530 -3.847466 163.981979 -19.182425 0.424894 0.180561 5.668828 -0.009146
27.629408 -38.020390 0.477125 -3.449259 164.619324 -19.507778 0.418770 0.111546 5.688533 -0.009587
27.753403 -38.084240 0.245906 -3.037776 165.246475 -19.833525 0.409524 0.044389 5.707014 -0.009624
27.878397 -38.148170 0.009100 -2.586488 165.878113 -20.167650 0.397976 -0.012178 5.721908 -0.008514
28.004391 -38.209072 -0.218539 -2.120253 166.509094 -20.506323 0.387262 -0.049641 5.731412 -0.007747
28.129385 -38.275616 -0.424702 -1.626989 167.143829 -20.852898 0.377438 -0.067253 5.742890 -0.009608
28.255379 -38.345459 -0.604224 -1.118096 167.771332 -21.202305 0.368004 -0.071452 5.745598 -0.008367
28.382372 -38.419910 -0.777477 -0.538482 168.406403 -21.562170 0.361566 -0.068490 5.750707 -0.009958
28.508366 -38.496555 -0.907100 -0.036160 169.034653 -21.924770 0.358052 -0.053745 5.758851 -0.009866
28.634359 -38.571388 -1.009229 0.423076 169.659866 -22.291950 0.355122 -0.018143 5.750809 -0.008752
28.760353 -38.650452 -1.097072 0.875554 170.281052 -22.664227 0.354209 0.037219 5.747715 -0.010462
28.885347 -38.740177 -1.175396 1.301186 170.899094 -23.041458 0.353586 0.092400 5.746840 -0.012492
29.000341 -38.850197 -1.241092 1.621230 171.455200 -23.386726 0.354466 0.116857 5.741760 -0.017041
29.126335 -38.987343 -1.320492 1.944855 172.070862 -23.775564 0.353784 0.099075 5.728956 -0.018689
29.252329 -39.141949 -1.401550 2.161089 172.671646 -24.163073 0.351099 0.038125 5.713706 -0.021364
29.378323 -39.314960 -1.491611 2.305747 173.272598 -24.558432 0.345899 -0.048445 5.702922 -0.026246
29.504316 -39.520691 -1.599252 2.374199 173.868408 -24.958740 0.336480 -0.138080 5.692465 -0.030242
29.630310 -39.757694 -1.715038 2.390315 174.464020 -25.367491 0.322353 -0.214331 5.683981 -0.034990
29.757303 -40.016190 -1.830667 2.384732 175.050354 -25.777426 0.304381 -0.265499 5.672996 -0.037123
29.883297 -40.297333 -1.928113 2.303296 175.636078 -26.195601 0.282038 -0.289775 5.662783 -0.040518
30.009291 -40.599625 -2.020493 2.161187 176.211975 -26.614035 0.255610 -0.291274 5.641317 -0.043892
30.135284 -40.920506 -2.102049 1.959730 176.777786 -27.032406 0.226774 -0.279077 5.621661 -0.047127
30.258280 -41.265331 -2.156044 1.706189 177.332962 -27.451706 0.198545 -0.259677 5.602024 -0.051257
30.382275 -41.630268 -2.174950 1.428806 177.880768 -27.875458 0.171239 -0.233149 5.572722 -0.054059
30.507269 -42.017151 -2.152454 1.174206 178.422165 -28.303062 0.147400 -0.196373 5.556592 -0.056899
30.632263 -42.419064 -2.076114 0.858414 178.960983 -28.738651 0.126767 -0.144106 5.536027 -0.058535
30.756258 -42.843555 -1.942454 0.493997 179.489380 -29.175018 0.109803 -0.072142 5.519287 -0.063216
30.880253 -43.297375 -1.761386 0.111928 180.015442 -29.618767 0.095018 0.022387 5.491887 -0.066537
31.006247 -43.786861 -1.550451 -0.276578 180.538483 -30.069466 0.081130 0.132768 5.472484 -0.070941
31.130241 -44.293785 -1.302536 -0.627330 181.043182 -30.511433 0.068231 0.238858 5.439152 -0.075178
31.256235 -44.849945 -0.985768 -0.987627 181.557297 -30.971317 0.056283 0.328466 5.423634 -0.078536
31.381229 -45.423691 -0.649281 -1.355124 182.052628 -31.424181 0.042064 0.386916 5.409277 -0.084096
31.506224 -46.050030 -0.292042 -1.726847 182.550583 -31.888884 0.024703 0.418407 5.402475 -0.088762
31.630219 -46.695660 0.065564 -2.106407 183.037735 -32.348408 0.003621 0.423557 5.398431 -0.093281
31.754213 -47.368027 0.416762 -2.485247 183.517746 -32.807549 -0.022040 0.398749 5.401889 -0.096019
31.879208 -48.081951 0.772019 -2.801733 184.003937 -33.276196 -0.051656 0.336902 5.402485 -0.102132
32.002205 -48.835644 1.127970 -3.129703 184.483383 -33.744614 -0.082813 0.245319 5.407925 -0.107782
32.125217 -49.609425 1.485971 -3.514107 184.957047 -34.211288 -0.113560 0.145357 5.407830 -0.110161
32.251232 -50.422260 1.871061 -3.919331 185.437622 -34.687592 -0.143523 0.055054 5.415503 -0.113246
32.376247 -51.263725 2.278498 -4.343703 185.921799 -35.168774 -0.170518 -0.016073 5.417507 -0.115652
32.502262 -52.126816 2.673607 -4.786508 186.405640 -35.648930 -0.194713 -0.071412 5.406515 -0.117539
32.627277 -53.005001 3.048028 -5.280016 186.884430 -36.125103 -0.213497 -0.113812 5.398452 -0.120659
32.752293 -53.907894 3.414976 -5.796463 187.363205 -36.600155 -0.225031 -0.138711 5.390654 -0.122028
32.876308 -54.820877 3.772234 -6.371161 187.833267 -37.067669 -0.228503 -0.142929 5.387148 -0.124694
33.001324 -55.762157 4.116861 -7.036179 188.315582 -37.545113 -0.224852 -0.134776 5.385040 -0.124552
33.135342 -56.778820 4.444543 -7.813246 188.828659 -38.050251 -0.213497 -0.131646 5.363880 -0.125133
33.250355 -57.667828 4.687625 -8.551311 189.265411 -38.477188 -0.198855 -0.141086 5.351202 -0.127583
33.376369 -58.658020 4.931790 -9.380937 189.750229 -38.944729 -0.178020 -0.160338 5.342395 -0.128151
33.501385 -59.667244 5.135577 -10.260112 190.236771 -39.408863 -0.154465 -0.177548 5.331846 -0.128877
33.626400 -60.662941 5.305686 -11.144284 190.721512 -39.865257 -0.129118 -0.189166 5.323285 -0.126946
33.761417 -61.727131 5.419754 -12.148170 191.242371 -40.350510 -0.099936 -0.198496 5.306334 -0.126847
33.876431 -62.637726 5.476532 -13.036324 191.691711 -40.762104 -0.072954 -0.204210 5.295143 -0.125300
34.002445 -63.624676 5.502692 -14.078152 192.191711 -41.210506 -0.041037 -0.202069 5.284280 -0.119354
34.129459 -64.571594 5.490282 -15.176229 192.694397 -41.653522 -0.007819 -0.184784 5.266826 -0.112174
34.256474 -65.488838 5.462750 -16.341278 193.198273 -42.090435 0.026601 -0.153897 5.241114 -0.109302
34.383488 -66.384384 5.394464 -17.558058 193.699356 -42.517017 0.060568 -0.114783 5.215810 -0.106613
34.507504 -67.240639 5.309217 -18.795435 194.198730 -42.933147 0.095166 -0.069609 5.184918 -0.100153
34.634514 -68.058792 5.202304 -20.104576 194.706390 -43.348995 0.132464 -0.014067 5.152160 -0.094093
34.759529 -68.813622 5.074270 -21.411491 195.201630 -43.748112 0.172017 0.048483 5.120639 -0.086702
34.885544 -69.540771 4.931713 -22.693842 195.707138 -44.147587 0.214505 0.110988 5.107586 -0.084309
35.011559 -70.234772 4.789153 -23.929434 196.214386 -44.540730 0.257921 0.157449 5.079567 -0.079239
35.126572 -70.829407 4.656526 -25.066328 196.681961 -44.896885 0.301322 0.179188 5.057766 -0.072098
35.253586 -71.418236 4.499708 -26.236090 197.190552 -45.278324 0.350500 0.182027 5.038045 -0.066809
35.379601 -71.948242 4.344766 -27.315327 197.704620 -45.656479 0.402042 0.171115 5.017113 -0.057889
35.506615 -72.412720 4.202985 -28.310118 198.217606 -46.030178 0.456368 0.155302 4.978225 -0.050948
35.633629 -72.815430 4.080281 -29.194189 198.724152 -46.395786 0.511947 0.138255 4.950735 -0.043892
35.760643 -73.151955 3.975086 -29.967810 199.234650 -46.758595 0.569129 0.118222 4.917452 -0.034928
35.877655 -73.407318 3.903340 -30.588247 199.702454 -47.088406 0.622162 0.094777 4.877831 -0.029651
36.002666 -73.613953 3.851989 -31.179398 200.199417 -47.436935 0.678175 0.066431 4.841563 -0.019342
36.128681 -73.760002 3.811307 -31.641682 200.702591 -47.787376 0.732543 0.041947 4.815054 -0.012718
36.254696 -73.857101 3.780596 -31.926197 201.200989 -48.132195 0.782073 0.032924 4.802614 -0.009101
36.380711 -73.904716 3.741105 -32.087284 201.696030 -48.474724 0.827036 0.046992 4.761528 -0.002719
36.505726 -73.909775 3.688427 -32.192268 202.182144 -48.813942 0.867038 0.082316 4.729988 0.002247
36.630741 -73.881744 3.621235 -32.149899 202.658585 -49.151066 0.901046 0.127757 4.693241 0.006104
36.752754 -73.805565 3.517120 -32.003777 203.127609 -49.486935 0.930086 0.165629 4.686828 0.011254
36.877769 -73.689438 3.382282 -31.703045 203.599960 -49.830849 0.955171 0.175952 4.663442 0.015843
37.004784 -73.524162 3.214839 -31.241838 204.074524 -50.183826 0.977012 0.143675 4.650736 0.021749
37.131798 -73.310402 3.025422 -30.621094 204.539154 -50.537743 0.995952 0.071767 4.630640 0.026818
37.257813 -73.047440 2.809957 -29.823130 204.997742 -50.896912 1.013199 -0.021693 4.619019 0.033305
37.383827 -72.739212 2.553904 -28.773886 205.453156 -51.264542 1.028809 -0.114732 4.601656 0.037212
37.509842 -72.397202 2.255863 -27.545736 205.897659 -51.635593 1.043127 -0.193641 4.592039 0.042535
37.635857 -72.013092 1.899294 -26.061310 206.334061 -52.015034 1.054815 -0.260141 4.586023 0.047087
37.750870 -71.638290 1.512912 -24.495169 206.722458 -52.365696 1.062716 -0.310874 4.593126 0.051830
37.878883 -71.188507 1.026524 -22.520914 207.152267 -52.772003 1.066247 -0.349121 4.581444 0.057255
38.004898 -70.722343 0.506304 -20.369297 207.561371 -53.179943 1.063242 -0.351371 4.587062 0.063110
38.130913 -70.233192 -0.039344 -17.921524 207.959412 -53.600189 1.052330 -0.310123 4.601325 0.068941
38.256927 -69.720970 -0.617851 -15.211890 208.346573 -54.032925 1.032973 -0.235170 4.612435 0.076429
38.382942 -69.194695 -1.231023 -12.285206 208.720062 -54.479237 1.003524 -0.150233 4.627926 0.081444
38.505959 -68.672287 -1.839428 -9.234428 209.072113 -54.928276 0.963543 -0.079387 4.644387 0.089361
38.629974 -68.131737 -2.463426 -6.042859 209.411880 -55.394039 0.911782 -0.026814 4.651962 0.095062
38.753990 -67.589325 -3.110060 -2.723164 209.735641 -55.873245 0.847115 0.012041 4.673728 0.102329
38.878006 -67.046280 -3.752750 0.709294 210.040573 -56.361347 0.771924 0.048243 4.683759 0.108213
39.005020 -66.496895 -4.407222 4.322502 210.338669 -56.882557 0.684336 0.088398 4.695575 0.111716
39.132034 -65.972885 -5.045699 7.907111 210.615097 -57.411324 0.589444 0.129570 4.703514 0.113324
39.259048 -65.479889 -5.616000 11.363982 210.867920 -57.947151 0.490976 0.167965 4.700739 0.112704
39.386063 -65.001213 -6.093374 14.662803 211.099991 -58.496494 0.391045 0.200390 4.693641 0.111001
39.501076 -64.587036 -6.411346 17.373940 211.288971 -59.001225 0.303624 0.221421 4.680629 0.105854
39.627090 -64.153206 -6.604821 19.986158 211.474670 -59.560215 0.214026 0.230675 4.671929 0.096693
39.751106 -63.754059 -6.588549 22.047550 211.638580 -60.119446 0.131993 0.221165 4.654123 0.081982
39.886124 -63.368923 -6.304434 23.668577 211.797440 -60.725254 0.054926 0.191178 4.627261 0.067045
40.011139 -63.074791 -5.814101 24.587404 211.929581 -61.281258 -0.005407 0.154954 4.592966 0.047249
40.126152 -62.855896 -5.176744 24.924124 212.045746 -61.798637 -0.053527 0.121891 4.556030 0.031244
40.261169 -62.698357 -4.238795 24.725092 212.175095 -62.396030 -0.100382 0.089067 4.505003 0.009163
40.376183 -62.669376 -3.303174 24.115990 212.283478 -62.895107 -0.134881 0.067143 4.459662 -0.008304
40.501198 -62.751839 -2.150194 22.942486 212.405029 -63.439739 -0.168233 0.049732 4.403712 -0.026676
40.628212 -62.969906 -0.922912 21.315428 212.532028 -63.975918 -0.195334 0.041467 4.354534 -0.042819
40.754227 -63.337868 0.313510 19.253536 212.667603 -64.503601 -0.216060 0.041035 4.308273 -0.058830
40.880241 -63.858238 1.507002 16.752142 212.816315 -65.026993 -0.231578 0.041089 4.275644 -0.071547
41.006256 -64.516869 2.580085 13.872389 212.977295 -65.540474 -0.239841 0.032212 4.267936 -0.080906
41.133270 -65.288246 3.482397 10.681002 213.153397 -66.049438 -0.238129 0.007663 4.283048 -0.085179
41.259285 -66.141739 4.175543 7.271864 213.347733 -66.555611 -0.223498 -0.032306 4.324086 -0.087834
41.384300 -67.060143 4.636276 3.724843 213.562912 -67.060165 -0.196126 -0.084533 4.379082 -0.090105
41.510315 -68.006493 4.861899 0.108080 213.797226 -67.561371 -0.154865 -0.142905 4.460067 -0.088919
41.635330 -68.960014 4.851230 -3.593367 214.053268 -68.068039 -0.099491 -0.196936 4.544635 -0.088260
41.761345 -69.886650 4.619262 -7.181502 214.330124 -68.576843 -0.031287 -0.231193 4.631029 -0.086944
41.876358 -70.715775 4.241639 -10.312410 214.598419 -69.043106 0.039332 -0.237039 4.708684 -0.089671
42.012375 -71.657883 3.643409 -13.683684 214.930847 -69.595055 0.131860 -0.213154 4.818527 -0.092915
42.126389 -72.423584 3.023733 -16.239954 215.226532 -70.069855 0.214951 -0.175780 4.894906 -0.093532
42.253403 -73.216110 2.283679 -18.748095 215.562042 -70.595245 0.308582 -0.127841 4.983869 -0.093459
42.378418 -73.964958 1.553307 -20.894835 215.907562 -71.125923 0.401059 -0.078742 5.062308 -0.092944
42.505432 -74.678238 0.865051 -22.599222 216.261307 -71.662834 0.489527 -0.033012 5.133341 -0.093639
42.631447 -75.353775 0.293156 -23.866060 216.622925 -72.205467 0.571501 0.006965 5.202474 -0.090223
42.757462 -75.990982 -0.151343 -24.729675 216.991867 -72.757683 0.643964 0.035645 5.244010 -0.085747
42.884476 -76.583473 -0.436221 -25.163635 217.358841 -73.310654 0.701812 0.048195 5.280076 -0.079142
43.010490 -77.134445 -0.548199 -25.185869 217.727768 -73.872948 0.744173 0.042050 5.301291 -0.072737
43.137505 -77.635727 -0.488260 -24.869991 218.091049 -74.434708 0.769245 0.021532 5.318228 -0.065621
43.259521 -78.063889 -0.280491 -24.252460 218.443069 -74.987206 0.778097 -0.003205 5.329301 -0.056403
43.385536 -78.439880 0.079936 -23.276674 218.798874 -75.555862 0.771713 -0.021214 5.320942 -0.048886
43.511551 -78.747124 0.579987 -21.987314 219.148407 -76.126488 0.751416 -0.023426 5.302859 -0.040138
43.634567 -78.983093 1.155547 -20.486107 219.481613 -76.684105 0.720267 -0.009691 5.266521 -0.034103
43.760582 -79.168304 1.793359 -18.765568 219.812485 -77.255936 0.680048 0.012989 5.233509 -0.029864
43.886597 -79.303619 2.413390 -16.849583 220.133194 -77.828316 0.636277 0.034458 5.190148 -0.027496
44.001610 -79.392998 2.917172 -15.001142 220.413849 -78.346519 0.595324 0.048193 5.159125 -0.025960
44.127625 -79.460182 3.380104 -12.804317 220.716400 -78.926666 0.550508 0.056564 5.146590 -0.026414
44.254639 -79.498940 3.698714 -10.477943 221.007294 -79.505890 0.511863 0.059316 5.141780 -0.024970
44.380653 -79.515343 3.857569 -8.040494 221.289536 -80.095558 0.479141 0.059629 5.153770 -0.024508
44.506668 -79.527672 3.821081 -5.551119 221.559021 -80.687279 0.453012 0.057461 5.170335 -0.024210
44.633682 -79.529282 3.619350 -3.046952 221.819229 -81.286400 0.433007 0.051161 5.197673 -0.022484
44.760696 -79.533195 3.231047 -0.510490 222.073456 -81.898773 0.418976 0.041677 5.236653 -0.020520
44.886711 -79.548599 2.681122 1.981666 222.318726 -82.520081 0.410787 0.032220 5.274889 -0.020080
45.001724 -79.585060 2.080066 4.133908 222.534363 -83.090630 0.404699 0.027120 5.324561 -0.018780
45.128738 -79.650505 1.338878 6.396375 222.763382 -83.726051 0.399905 0.028522 5.386062 -0.018764
45.254753 -79.749443 0.535256 8.488437 222.987473 -84.377708 0.395771 0.036898 5.455639 -0.018134
45.381767 -79.880211 -0.266260 10.398057 223.202744 -85.036308 0.391335 0.051548 5.531249 -0.019319
45.507782 -80.034096 -1.039116 12.060736 223.411133 -85.706650 0.387060 0.074000 5.600725 -0.018519
45.634796 -80.218048 -1.755064 13.371666 223.616394 -86.399666 0.381774 0.108660 5.674497 -0.022265
45.761810 -80.421837 -2.360287 14.315872 223.814529 -87.098267 0.376167 0.154009 5.749862 -0.024098
45.876823 -80.613266 -2.778735 14.859468 223.989487 -87.739998 0.371112 0.197345 5.804050 -0.026272
46.003838 -80.817162 -3.071752 15.057451 224.175140 -88.451439 0.367620 0.234145 5.854537 -0.029058
46.129852 -81.027084 -3.178519 14.832473 224.358276 -89.175415 0.366407 0.244720 5.896763 -0.031590
46.255867 -81.230179 -3.100333 14.274725 224.537323 -89.898666 0.366366 0.222386 5.923819 -0.033466
46.381882 -81.430252 -2.861714 13.338014 224.715073 -90.624481 0.365986 0.171523 5.929956 -0.036044
46.507896 -81.634377 -2.494020 12.067786 224.890656 -91.344765 0.363071 0.101799 5.931273 -0.037687
46.632912 -81.847580 -2.009831 10.513474 225.063751 -92.064522 0.356963 0.019697 5.920155 -0.038147
46.757927 -82.078796 -1.453512 8.690495 225.237488 -92.788994 0.346589 -0.072895 5.905746 -0.040610
46.882938 -82.325142 -0.868327 6.679454 225.408630 -93.505714 0.330844 -0.172364 5.888330 -0.038852
47.007954 -82.568611 -0.295879 4.565826 225.577148 -94.214920 0.309470 -0.271143 5.872953 -0.036613
47.133968 -82.826218 0.241300 2.359992 225.746658 -94.933746 0.284549 -0.361227 5.855406 -0.034422
47.256985 -83.067299 0.685116 0.223460 225.911774 -95.633377 0.258303 -0.430233 5.841928 -0.029395
47.379002 -83.287132 1.034724 -1.896421 226.076355 -96.331909 0.233332 -0.474608 5.830137 -0.024599
47.503017 -83.490417 1.280375 -3.966327 226.239349 -97.030205 0.210743 -0.488971 5.831267 -0.021358
47.629032 -83.666481 1.436023 -5.949009 226.403870 -97.745819 0.189258 -0.464077 5.826989 -0.015907
47.756046 -83.812836 1.492672 -7.790050 226.567093 -98.474083 0.170099 -0.393835 5.832641 -0.011453
47.882061 -83.923233 1.440084 -9.395306 226.722214 -99.187370 0.155855 -0.289515 5.843870 -0.008950
48.007076 -84.011406 1.284775 -10.833818 226.872757 -99.908875 0.145971 -0.170285 5.855795 -0.006267
48.132092 -84.075775 1.036054 -11.918246 227.016541 -100.628403 0.142924 -0.060894 5.876692 -0.005153
48.258106 -84.121429 0.729123 -12.638470 227.153091 -101.352249 0.145100 0.024770 5.905911 -0.004398
48.384121 -84.153503 0.398111 -13.039749 227.283768 -102.093109 0.150534 0.089992 5.937551 -0.003565
48.510136 -84.161499 0.058868 -13.058868 227.406021 -102.828239 0.158380 0.143952 5.979783 0.001116
48.637150 -84.141975 -0.276756 -12.630722 227.525162 -103.586922 0.165867 0.199264 6.015860 0.003306
48.762165 -84.096176 -0.577247 -11.850439 227.634750 -104.333839 0.171417 0.254859 6.055137 0.008680
48.887180 -84.035141 -0.821781 -10.797691 227.737686 -105.086510 0.172598 0.304913 6.095540 0.011571
49.013195 -83.970207 -0.997339 -9.489470 227.834503 -105.844704 0.168032 0.338967 6.129444 0.011211
49.137211 -83.907936 -1.105138 -7.963254 227.926849 -106.607994 0.159514 0.348677 6.164563 0.013151
49.261227 -83.850670 -1.145023 -6.271060 228.016495 -107.369225 0.148783 0.332652 6.197020 0.013245
49.385242 -83.788857 -1.110814 -4.517408 228.104141 -108.127716 0.137259 0.299157 6.215097 0.013312
49.509258 -83.722046 -0.995834 -2.657537 228.195175 -108.899590 0.126083 0.260810 6.219950 0.014966
49.634274 -83.645271 -0.787821 -0.769607 228.288467 -109.671700 0.118278 0.230988 6.222696 0.015166
49.757290 -83.556847 -0.516252 1.016008 228.383194 -110.430901 0.118624 0.214914 6.220213 0.015667
49.881306 -83.465996 -0.186263 2.663705 228.485458 -111.194336 0.129543 0.203697 6.205768 0.013052
50.005322 -83.378281 0.161132 4.102287 228.596069 -111.948395 0.153156 0.186234 6.191146 0.011431
50.130337 -83.306030 0.526686 5.233619 228.717773 -112.711273 0.190915 0.156129 6.174529 0.008387
50.255352 -83.250710 0.901029 6.039660 228.850159 -113.476715 0.241938 0.117267 6.157351 0.005209
50.381367 -83.219749 1.235808 6.461231 228.991135 -114.231941 0.303047 0.077030 6.145397 0.001028
50.506382 -83.232941 1.531524 6.525793 229.139099 -114.984772 0.371083 0.034922 6.134347 -0.004316
50.630398 -83.298958 1.784245 6.319570 229.294083 -115.729271 0.441144 -0.018097 6.133812 -0.011011
50.752415 -83.409538 1.972300 5.861380 229.454178 -116.466965 0.510077 -0.092317 6.140590 -0.015869
50.880428 -83.572975 2.095610 5.180430 229.623581 -117.230110 0.574882 -0.192764 6.168957 -0.022367
51.004444 -83.788582 2.154963 4.354594 229.792862 -117.985008 0.625750 -0.303864 6.204787 -0.027977
51.130459 -84.031212 2.139836 3.417943 229.963776 -118.745354 0.659997 -0.407675 6.259674 -0.029410
51.256474 -84.284950 2.047135 2.439423 230.138412 -119.519089 0.672562 -0.483606 6.318150 -0.030350
51.380489 -84.548439 1.894325 1.455054 230.313568 -120.294418 0.662531 -0.515068 6.389622 -0.033083
51.506504 -84.824745 1.693932 0.406320 230.490753 -121.084747 0.631119 -0.496880 6.453871 -0.033543
51.633518 -85.096649 1.437926 -0.660714 230.670044 -121.889069 0.579436 -0.434577 6.509319 -0.032980
51.760532 -85.355141 1.161032 -1.673466 230.848495 -122.692345 0.513327 -0.341803 6.544520 -0.031338
51.883549 -85.588234 0.872810 -2.676027 231.024506 -123.486626 0.438307 -0.233340 6.571320 -0.028248
52.007565 -85.774734 0.583463 -3.631619 231.199173 -124.276192 0.362279 -0.118071 6.575517 -0.023374
52.133579 -85.929520 0.309465 -4.464711 231.380585 -125.090584 0.289682 -0.000188 6.564360 -0.018373
52.259594 -86.045517 0.066830 -5.187470 231.560638 -125.896034 0.230167 0.110278 6.532176 -0.013833
52.385609 -86.115837 -0.140821 -5.801273 231.739166 -126.696495 0.186781 0.209467 6.491791 -0.007759
52.511623 -86.137787 -0.296314 -6.191222 231.917252 -127.491539 0.164059 0.295234 6.445682 0.000137
52.637638 -86.114204 -0.416990 -6.386554 232.093628 -128.280563 0.163274 0.362128 6.397381 0.005359
52.762653 -86.041229 -0.491937 -6.381246 232.264282 -129.058273 0.183542 0.399423 6.351173 0.012587
52.887669 -85.935410 -0.544114 -6.154253 232.428970 -129.831390 0.219509 0.395996 6.301996 0.017123
53.013683 -85.790855 -0.595861 -5.751993 232.585739 -130.599747 0.267661 0.348011 6.255208 0.023071
53.138699 -85.629349 -0.668516 -5.196942 232.732849 -131.364517 0.321270 0.265924 6.214891 0.023862
53.253712 -85.470932 -0.746733 -4.595169 232.857834 -132.066803 0.367850 0.178121 6.195850 0.024999
53.378727 -85.299751 -0.848367 -3.791827 232.983292 -132.836853 0.411039 0.090359 6.190945 0.025005
53.511745 -85.128281 -0.973173 -2.800806 233.101883 -133.652954 0.439732 0.024988 6.207987 0.024788
53.637760 -84.970970 -1.114013 -1.807041 233.201324 -134.424545 0.448254 -0.003926 6.238152 0.023834
53.752773 -84.824364 -1.256405 -0.864732 233.280991 -135.139664 0.439690 -0.006394 6.272139 0.026310
53.877789 -84.660172 -1.407345 0.184443 233.356018 -135.929245 0.412034 0.005843 6.308811 0.025742
54.004803 -84.507004 -1.539435 1.263540 233.422348 -136.730408 0.365459 0.018981 6.344652 0.023917
54.130817 -84.384827 -1.610328 2.248753 233.478043 -137.523514 0.306329 0.017560 6.369759 0.016466
54.256832 -84.316032 -1.600761 3.130069 233.528168 -138.326080 0.239925 -0.005139 6.391436 0.010646
54.379848 -84.289825 -1.482166 3.853697 233.575134 -139.117615 0.173694 -0.045647 6.396812 0.002012
54.503864 -84.328545 -1.246941 4.391507 233.622482 -139.909500 0.114919 -0.091266 6.399220 -0.008767
54.628880 -84.438957 -0.863656 4.663259 233.675049 -140.707016 0.069092 -0.128205 6.391122 -0.019173
54.752895 -84.617188 -0.369121 4.662418 233.733032 -141.490143 0.041627 -0.147908 6.379306 -0.029507
54.885914 -84.885750 0.271206 4.423284 233.807846 -142.339508 0.033886 -0.154921 6.347677 -0.038709
55.011929 -85.190758 0.912623 3.959621 233.887604 -143.132523 0.045171 -0.158615 6.311555 -0.043069
55.136944 -85.522820 1.561044 3.399742 233.977753 -143.907578 0.071211 -0.167304 6.276693 -0.045326
55.258961 -85.867844 2.173359 2.749570 234.076889 -144.670395 0.107828 -0.180134 6.240912 -0.046133
55.383976 -86.208687 2.733141 1.985404 234.186966 -145.440262 0.151947 -0.192071 6.210332 -0.040742
55.511990 -86.528419 3.194856 1.070608 234.308456 -146.224899 0.199267 -0.199920 6.198878 -0.034546
55.636005 -86.802406 3.517311 0.039725 234.432724 -146.982254 0.241779 -0.201144 6.188251 -0.026930
55.760021 -87.049034 3.702358 -1.070943 234.563217 -147.739014 0.278742 -0.190872 6.199321 -0.023631
55.883034 -87.268631 3.738117 -2.199240 234.699463 -148.495453 0.308706 -0.160392 6.207219 -0.017832
56.007050 -87.442108 3.618359 -3.305763 234.840958 -149.247330 0.329702 -0.103583 6.229288 -0.013033
56.133064 -87.574478 3.335854 -4.402994 234.988541 -150.013809 0.342974 -0.024049 6.258825 -0.007003
56.259079 -87.673836 2.891930 -5.520171 235.139206 -150.789322 0.349425 0.061768 6.278110 -0.003592
56.384094 -87.725899 2.327746 -6.558436 235.292084 -151.568039 0.350609 0.136419 6.310961 0.001065
56.508110 -87.714851 1.676787 -7.513986 235.445267 -152.337234 0.349814 0.192845 6.334104 0.010086
56.632126 -87.641975 0.964382 -8.318986 235.598999 -153.103104 0.350703 0.236985 6.359390 0.015200
56.755142 -87.505745 0.218898 -8.997336 235.753754 -153.877579 0.356296 0.274705 6.376421 0.023378
56.880157 -87.321678 -0.538992 -9.533160 235.907593 -154.653442 0.371618 0.305084 6.380394 0.027481
57.014175 -87.074524 -1.327673 -9.854056 236.071106 -155.492889 0.403148 0.324737 6.386853 0.034545
57.129189 -86.822746 -1.938952 -9.852251 236.210037 -156.214325 0.440870 0.328781 6.390350 0.041443
57.255203 -86.510757 -2.498513 -9.549717 236.358475 -157.006042 0.493913 0.321596 6.394245 0.046404
57.380219 -86.170082 -2.927131 -8.978498 236.500763 -157.798965 0.554512 0.300235 6.392136 0.054078
57.504234 -85.804146 -3.212953 -8.182865 236.632538 -158.580017 0.617286 0.261545 6.387796 0.060601
57.630249 -85.419777 -3.376372 -7.106642 236.759033 -159.375427 0.676836 0.198944 6.397589 0.063819
57.756264 -85.028526 -3.417783 -5.836772 236.874878 -160.166626 0.723376 0.115372 6.394994 0.065597
57.879280 -84.636726 -3.342009 -4.465255 236.978363 -160.954163 0.751536 0.019086 6.413174 0.066923
58.005295 -84.252800 -3.156664 -2.921501 237.073929 -161.757813 0.756025 -0.084206 6.431652 0.064385
58.130310 -83.903526 -2.874759 -1.332098 237.157028 -162.552856 0.734183 -0.183154 6.456766 0.058674
58.256325 -83.572502 -2.505426 0.368342 237.230118 -163.364151 0.681086 -0.271975 6.470678 0.055270
58.381340 -83.256950 -2.064243 2.128732 237.290527 -164.178207 0.595734 -0.337477 6.482998 0.052638
58.506355 -82.954552 -1.572909 3.908746 237.337997 -164.986954 0.483281 -0.371098 6.478889 0.048473
58.632370 -82.666435 -1.033452 5.649836 237.373398 -165.794540 0.346576 -0.371893 6.454680 0.043970
58.757385 -82.395805 -0.460433 7.326530 237.396881 -166.598267 0.193013 -0.347178 6.413772 0.037936
58.881401 -82.158005 0.124579 8.890757 237.410385 -167.395645 0.035137 -0.308134 6.351747 0.030859
59.006416 -81.956146 0.714786 10.303800 237.418091 -168.184937 -0.116244 -0.262727 6.288551 0.023740
59.130432 -81.795654 1.298999 11.421688 237.423492 -168.960236 -0.248575 -0.213700 6.224523 0.017073
59.254448 -81.686623 1.864083 12.138959 237.430496 -169.727905 -0.352873 -0.158851 6.165615 0.009200
59.380463 -81.636551 2.398709 12.386160 237.442352 -170.494247 -0.421982 -0.095979 6.110650 0.002452
59.506477 -81.647537 2.892870 12.121136 237.464188 -171.259247 -0.449548 -0.028271 6.051379 -0.002476
59.631493 -81.721390 3.304433 11.377214 237.503052 -172.017242 -0.431564 0.033463 6.001319 -0.005804
59.755508 -81.845314 3.599233 10.179285 237.559509 -172.754425 -0.369691 0.078181 5.936731 -0.008085
59.880524 -82.008743 3.765369 8.591889 237.638733 -173.480850 -0.267961 0.102437 5.864177 -0.009975
60.004539 -82.211143 3.794430 6.644874 237.744812 -174.199326 -0.132576 0.113837 5.776105 -0.010216
