1.20 1.10 20 64
0.140000 -0.000649 0.155255 -0.192919 0.923910 -0.000799 -0.114760 0.654357 6.776891 -0.000196
0.257000 -0.013932 0.581272 -0.442031 1.708149 -0.003052 -0.029899 0.712660 6.735996 -0.004515
0.390000 -0.040752 1.340527 -0.617096 2.603212 -0.006117 0.122975 0.744547 6.635171 -0.003262
0.507000 -0.054194 2.203113 -0.763782 3.374751 -0.009214 0.286127 0.749292 6.569601 -0.001587
0.641000 -0.070989 3.323477 -0.901120 4.242595 -0.014035 0.481900 0.738930 6.494556 -0.000765
0.757000 -0.072283 4.357214 -1.006947 4.993528 -0.019929 0.641552 0.720616 6.463708 0.001914
0.891000 -0.048912 5.579146 -1.108199 5.851990 -0.027624 0.795817 0.684371 6.322723 0.004940
1.007000 -0.018607 6.677931 -1.171479 6.581399 -0.035586 0.894358 0.628529 6.174372 0.006017
1.141000 0.033812 7.917836 -1.214301 7.393429 -0.044310 0.957764 0.523340 6.059120 0.007982
1.258000 0.088829 8.952001 -1.260054 8.096848 -0.051243 0.969828 0.388923 5.984424 0.009245
1.391000 0.162989 10.030231 -1.257455 8.888350 -0.060475 0.935837 0.195905 5.930424 0.009158
1.508000 0.241279 10.868144 -1.214179 9.579058 -0.068067 0.869971 0.006601 5.882828 0.010500
1.640999 0.332156 11.627680 -1.099394 10.363850 -0.079116 0.763754 -0.209796 5.837367 0.009128
1.757999 0.424690 12.064040 -0.971950 11.037512 -0.088601 0.652398 -0.381201 5.795269 0.010305
1.890999 0.534784 12.276512 -0.881509 11.810691 -0.101396 0.514758 -0.549036 5.759521 0.010954
2.007999 0.631158 12.183944 -0.743912 12.482809 -0.114621 0.400108 -0.663365 5.736710 0.011126
2.140999 0.743316 11.789591 -0.581469 13.244258 -0.131340 0.288424 -0.752348 5.723628 0.010476
2.257999 0.842030 11.208338 -0.453056 13.913074 -0.147088 0.216754 -0.792995 5.715393 0.010525
2.391999 0.946232 10.332159 -0.208666 14.671861 -0.164713 0.170520 -0.799351 5.704357 0.007334
2.508998 1.036527 9.405122 0.030784 15.338718 -0.179082 0.168180 -0.775715 5.695466 0.008114
2.641998 1.141554 8.228927 0.237632 16.094839 -0.198210 0.206248 -0.721493 5.680419 0.011915
2.758998 1.257456 7.132496 0.367976 16.757055 -0.217699 0.273142 -0.650872 5.647164 0.015506
2.875998 1.385083 6.028998 0.451231 17.415976 -0.239926 0.360826 -0.558290 5.663724 0.019173
3.008998 1.537317 4.778050 0.479173 18.180683 -0.265044 0.473403 -0.429992 5.821751 0.019056
3.125998 1.683182 3.706995 0.522573 18.871122 -0.286656 0.573950 -0.304811 5.964514 0.021556
3.258998 1.853572 2.576261 0.676537 19.676003 -0.307185 0.680915 -0.158076 6.124786 0.021019
3.375998 1.992559 1.696761 0.854778 20.402636 -0.322457 0.762768 -0.027665 6.278501 0.019507
3.508997 2.146863 0.852812 1.019874 21.257456 -0.339322 0.833499 0.124129 6.459532 0.019509
3.625997 2.284985 0.277271 1.193807 22.017828 -0.353086 0.870285 0.254175 6.628421 0.022256
3.758997 2.461777 -0.153812 1.457624 22.918896 -0.368780 0.881542 0.388559 6.800413 0.023080
3.875997 2.621942 -0.316739 1.741845 23.724358 -0.382206 0.864405 0.477412 6.943675 0.023713
4.008997 2.788455 -0.251391 2.053959 24.658400 -0.395336 0.814886 0.538266 7.081624 0.021176
4.126998 2.928575 0.038885 2.342697 25.493460 -0.404373 0.749618 0.561667 7.176947 0.020250
4.259998 3.076388 0.624804 2.677348 26.454704 -0.412640 0.658031 0.567550 7.261307 0.018565
4.376999 3.205038 1.340374 2.939340 27.307381 -0.418409 0.567888 0.563202 7.300970 0.019877
4.509999 3.355024 2.340586 3.146867 28.279831 -0.425567 0.466198 0.549844 7.314961 0.019697
4.627000 3.498348 3.317857 3.309256 29.134363 -0.431032 0.384955 0.528515 7.297012 0.019865
4.760000 3.647914 4.491362 3.431631 30.108543 -0.436567 0.308893 0.490539 7.246269 0.017044
4.877001 3.769176 5.494946 3.494164 30.944883 -0.439750 0.261990 0.445856 7.185228 0.015876
5.011002 3.888211 6.556538 3.487134 31.904062 -0.444343 0.233286 0.382229 7.128733 0.015140
5.127002 3.990048 7.371945 3.499560 32.726330 -0.446836 0.228537 0.318450 7.059277 0.015531
5.261003 4.096972 8.144270 3.438087 33.667080 -0.447792 0.245933 0.236332 6.995991 0.015102
5.377003 4.178255 8.621846 3.368359 34.482166 -0.448036 0.275825 0.157866 6.951237 0.013354
5.511003 4.250044 8.936175 3.203745 35.402538 -0.448244 0.318445 0.060934 6.903411 0.013300
5.628004 4.299502 9.022388 3.014588 36.207890 -0.446988 0.359993 -0.031281 6.842245 0.009250
5.761004 4.329378 8.960011 2.838646 37.102016 -0.445728 0.411096 -0.142739 6.657784 0.006565
5.879005 4.347032 8.727803 2.647581 37.882515 -0.442516 0.453605 -0.243330 6.681595 0.006865
6.012005 4.370486 8.276914 2.417689 38.778164 -0.437360 0.491007 -0.354256 6.694597 0.007647
6.129006 4.387167 7.720233 2.222586 39.567135 -0.433056 0.510760 -0.439431 6.776349 0.006071
6.262006 4.400488 6.937360 2.027618 40.482204 -0.424936 0.514589 -0.514879 6.867609 0.005138
6.379007 4.421585 6.166411 1.900352 41.292095 -0.414884 0.502202 -0.558113 6.960511 0.004885
6.513008 4.443218 5.217010 1.759346 42.226692 -0.402021 0.471781 -0.584357 7.068401 0.003462
6.629008 4.452964 4.351962 1.587606 43.060230 -0.389002 0.434233 -0.592968 7.155276 0.004458
6.763009 4.467138 3.396222 1.430794 44.019787 -0.372721 0.384893 -0.590447 7.257247 0.001691
6.879009 4.470582 2.632822 1.345396 44.874283 -0.356057 0.341399 -0.574279 7.334248 0.000787
7.013010 4.477142 1.898683 1.242820 45.855362 -0.335808 0.296177 -0.529631 7.412533 0.002134
7.130010 4.488950 1.397179 1.128554 46.726582 -0.318392 0.267049 -0.458616 7.464145 0.002307
7.263011 4.487345 1.050822 0.975677 47.729553 -0.297636 0.248434 -0.338894 7.499808 0.000391
7.380011 4.475430 0.963680 0.820861 48.599648 -0.278615 0.248606 -0.209644 7.502520 -0.002177
7.513011 4.454521 1.080437 0.664164 49.602394 -0.254411 0.264354 -0.047395 7.472733 -0.001450
7.630012 4.440519 1.334781 0.641357 50.465458 -0.231368 0.287753 0.090375 7.426163 -0.002217
7.764013 4.406326 1.768925 0.674702 51.454735 -0.201784 0.321605 0.235714 7.359558 -0.005668
7.880013 4.369301 2.229718 0.717881 52.310959 -0.175283 0.353749 0.348245 7.300745 -0.005612
8.014013 4.308377 2.799733 0.795792 53.276257 -0.145467 0.385411 0.460835 7.237028 -0.010043
8.131014 4.242132 3.311878 0.888076 54.119648 -0.118666 0.406083 0.544296 7.194721 -0.011759
8.264014 4.163642 3.854346 1.014870 55.071884 -0.088150 0.419209 0.611095 7.145337 -0.011120
8.381015 4.102730 4.252233 1.190720 55.904945 -0.061852 0.420082 0.633742 7.113715 -0.010116
8.514015 4.057254 4.576258 1.382076 56.848309 -0.032119 0.409903 0.612180 7.089317 -0.007320
8.631016 4.013423 4.737200 1.578455 57.676876 -0.005222 0.391790 0.558056 7.080734 -0.008458
8.764016 3.975911 4.778509 1.835223 58.624313 0.027053 0.361259 0.472623 7.065608 -0.007024
8.881017 3.948471 4.677700 2.037476 59.443691 0.054522 0.330387 0.389763 7.065305 -0.005804
9.015018 3.926747 4.416783 2.262333 60.388359 0.085904 0.290250 0.286931 7.053466 -0.005077
9.131018 3.903320 4.076619 2.446858 61.213947 0.113234 0.256816 0.187897 7.059942 -0.005780
9.265018 3.891226 3.593159 2.616538 62.152782 0.142687 0.227042 0.065114 7.067948 -0.003357
9.382019 3.878527 3.113384 2.662796 62.979546 0.168399 0.209907 -0.044738 7.071475 -0.001778
9.515019 3.875396 2.514555 2.685725 63.919334 0.198692 0.202110 -0.158983 7.073729 -0.000915
9.632020 3.871743 1.959023 2.689373 64.748108 0.225522 0.206006 -0.241884 7.094430 0.000171
9.765020 3.869582 1.333225 2.696723 65.691933 0.257451 0.224680 -0.312202 7.098513 -0.001257
9.882021 3.857952 0.835989 2.607396 66.522888 0.285084 0.253211 -0.353300 7.109245 -0.001817
10.015021 3.840326 0.341848 2.565615 67.475586 0.318100 0.295528 -0.378259 7.119906 -0.002033
10.132022 3.838060 -0.007262 2.570387 68.301422 0.347099 0.335859 -0.382232 7.124537 0.000440
10.266023 3.839245 -0.282057 2.493288 69.254723 0.380054 0.382324 -0.367114 7.112542 0.001398
10.382023 3.844553 -0.431884 2.374057 70.086586 0.407917 0.419535 -0.336368 7.113822 0.000992
10.516024 3.861535 -0.491558 2.162694 71.031708 0.439399 0.453025 -0.282085 7.111032 0.002207
10.632024 3.883966 -0.467354 1.957054 71.863152 0.466919 0.472488 -0.221544 7.111793 0.003906
10.766025 3.922368 -0.367701 1.686831 72.807510 0.498516 0.480637 -0.148908 7.096637 0.005024
10.883025 3.963383 -0.230946 1.409892 73.636650 0.525658 0.473623 -0.092598 7.083612 0.007055
11.016026 4.007585 -0.037761 1.048299 74.576042 0.555449 0.454767 -0.046598 7.058897 0.005792
11.133026 4.042670 0.149164 0.705883 75.400505 0.583025 0.429368 -0.024064 7.042776 0.005278
11.266026 4.092098 0.363428 0.303699 76.342064 0.614869 0.392900 -0.015079 7.016022 0.007125
11.383027 4.139782 0.540160 0.006365 77.153725 0.643774 0.360183 -0.014707 6.989849 0.007753
11.516027 4.192761 0.729566 -0.319197 78.086479 0.677085 0.323533 -0.010329 6.949155 0.007834
11.633028 4.249938 0.841872 -0.490272 78.889389 0.706017 0.294358 0.007596 6.910050 0.009616
11.767029 4.330355 0.921400 -0.632040 79.811371 0.738422 0.269997 0.050731 6.865594 0.012168
11.884029 4.407180 0.932410 -0.705921 80.612656 0.766808 0.259638 0.102159 6.844939 0.010573
12.017030 4.491699 0.875102 -0.748632 81.521225 0.800758 0.262036 0.160144 6.828525 0.012206
12.134030 4.557749 0.776421 -0.718837 82.318718 0.830695 0.276116 0.199729 6.813209 0.009321
12.267031 4.617336 0.597150 -0.656737 83.223892 0.863498 0.301397 0.230509 6.807118 0.008358
12.384031 4.665526 0.404241 -0.544874 84.019539 0.892777 0.330294 0.250852 6.805269 0.006499
12.517032 4.707873 0.161544 -0.297003 84.923904 0.926929 0.367262 0.269912 6.808355 0.004824
12.634032 4.737983 -0.045713 -0.112711 85.720207 0.956989 0.400865 0.278758 6.814633 0.004435
12.751033 4.775228 -0.268394 0.055992 86.517227 0.988393 0.433920 0.273062 6.821562 0.005885
12.884033 4.819216 -0.531456 0.280827 87.432526 1.024941 0.464031 0.243465 6.844210 0.006012
13.001034 4.855209 -0.748050 0.517433 88.227432 1.057056 0.484351 0.198276 6.868308 0.004904
13.134034 4.882065 -0.955713 0.888309 89.149796 1.094832 0.498294 0.128380 6.905390 0.003893
13.251035 4.908459 -1.105495 1.236643 89.951073 1.127625 0.503137 0.060040 6.921291 0.005426
13.385036 4.943278 -1.218897 1.645805 90.879608 1.165536 0.500342 -0.014718 6.943801 0.004903
13.501036 4.967369 -1.270736 2.041841 91.692276 1.200564 0.490366 -0.066062 6.958384 0.005165
13.635036 4.998127 -1.255202 2.399319 92.618370 1.237642 0.473020 -0.105847 6.974378 0.004064
13.752037 5.020379 -1.181079 2.751733 93.434296 1.269781 0.455321 -0.131654 6.984214 0.004962
13.885037 5.045041 -1.022464 3.123011 94.362312 1.307446 0.434311 -0.161656 6.983354 0.005440
14.002038 5.076534 -0.811246 3.388772 95.178497 1.341785 0.416560 -0.192028 6.979943 0.004238
14.135038 5.116390 -0.500223 3.566967 96.110802 1.382149 0.398535 -0.227793 6.955525 0.005572
14.252039 5.141209 -0.202124 3.639752 96.916885 1.418236 0.387256 -0.256413 6.952668 0.003229
14.385039 5.168747 0.163723 3.699318 97.846359 1.461311 0.380510 -0.285497 6.937703 0.002846
14.502040 5.188241 0.478434 3.661978 98.648712 1.500726 0.380377 -0.303980 6.918841 0.003126
14.636041 5.213310 0.818155 3.570387 99.573746 1.550688 0.382756 -0.306775 6.911757 0.003299
14.752041 5.230790 1.081131 3.453345 100.380669 1.596489 0.387395 -0.283672 6.908383 0.002683
14.886042 5.240733 1.332544 3.272105 101.298721 1.649663 0.395358 -0.229483 6.916233 0.001621
15.002042 5.246807 1.494653 3.026042 102.107536 1.697996 0.402866 -0.170350 6.931456 0.001629
15.136043 5.257619 1.608753 2.659324 103.030388 1.754515 0.410488 -0.107921 6.964043 0.001855
15.253043 5.248768 1.658373 2.278967 103.845177 1.805933 0.417671 -0.061756 6.988566 -0.000425
15.386044 5.225417 1.658451 1.797105 104.774498 1.865885 0.425800 -0.010612 7.019157 -0.001472
15.503044 5.207855 1.629961 1.357053 105.596657 1.920843 0.430948 0.041511 7.059551 0.000470
15.636045 5.199097 1.556066 0.881494 106.544159 1.986526 0.433682 0.108274 7.108610 0.001310
15.753045 5.200480 1.461608 0.508612 107.368217 2.045227 0.433455 0.163651 7.134046 0.002391
15.887046 5.193938 1.353251 0.101049 108.325142 2.114065 0.432223 0.218084 7.176944 -0.000554
16.003046 5.179077 1.270306 -0.237717 109.165718 2.175787 0.428716 0.260128 7.218696 -0.001234
16.137049 5.152039 1.197028 -0.573582 110.126740 2.250051 0.421544 0.307434 7.266789 -0.002844
16.253052 5.127647 1.187329 -0.846211 110.976288 2.316838 0.414813 0.345779 7.293550 -0.002143
16.387054 5.114444 1.210900 -1.074331 111.945602 2.392963 0.408084 0.373400 7.324322 0.000414
16.504057 5.103727 1.267738 -1.232034 112.801392 2.461130 0.402524 0.376141 7.343882 -0.001530
16.637060 5.073497 1.386923 -1.344806 113.784439 2.541402 0.397646 0.357428 7.363875 -0.003981
16.754063 5.040217 1.505137 -1.421022 114.635529 2.611091 0.394190 0.328878 7.361509 -0.004868
16.887066 5.013258 1.669562 -1.487722 115.618370 2.693222 0.390874 0.281746 7.356604 -0.002008
17.004068 5.002601 1.851346 -1.566071 116.468872 2.765177 0.388964 0.222214 7.356711 -0.001867
17.137072 5.000443 2.093600 -1.597809 117.451324 2.849168 0.390290 0.129389 7.364190 0.000342
17.254074 5.006360 2.305693 -1.552873 118.310204 2.922629 0.392460 0.037521 7.366543 0.000700
17.388077 5.022966 2.542330 -1.451102 119.286499 3.004142 0.392433 -0.060551 7.366251 0.002536
17.505079 5.054486 2.734473 -1.339989 120.145737 3.074179 0.391300 -0.133126 7.371219 0.004769
17.638083 5.114919 2.955495 -1.213826 121.123047 3.154339 0.386540 -0.203392 7.375628 0.008491
17.754086 5.180904 3.127580 -1.018424 121.982826 3.225028 0.379370 -0.259583 7.375408 0.008385
17.888088 5.261179 3.274685 -0.763329 122.962654 3.305806 0.368151 -0.315280 7.409057 0.008551
18.005091 5.338475 3.376441 -0.584859 123.827950 3.377488 0.356784 -0.350768 7.430704 0.010757
18.138094 5.424769 3.465533 -0.304770 124.822441 3.461838 0.340582 -0.370762 7.463550 0.008653
18.255096 5.495433 3.502789 -0.041308 125.685768 3.535891 0.325005 -0.370551 7.477509 0.008066
18.389099 5.574196 3.525320 0.254045 126.686226 3.622177 0.306516 -0.351368 7.503495 0.008589
18.505102 5.651594 3.537746 0.441405 127.562080 3.697870 0.291671 -0.318099 7.518447 0.011314
18.639105 5.749256 3.545364 0.618088 128.560181 3.784118 0.277062 -0.263725 7.539922 0.010734
18.755108 5.828932 3.552196 0.773632 129.440811 3.859719 0.266220 -0.207126 7.560884 0.011623
18.889111 5.933891 3.563315 0.907405 130.443390 3.945257 0.257444 -0.141318 7.567747 0.012515
19.006113 6.030852 3.577495 1.018237 131.324493 4.020483 0.254304 -0.086109 7.554801 0.013963
19.139116 6.143992 3.563376 1.127180 132.324539 4.107339 0.251479 -0.026508 7.544630 0.014271
19.256119 6.253119 3.558048 1.196904 133.203201 4.183906 0.249742 0.024107 7.532670 0.015834
19.389122 6.364967 3.552179 1.190557 134.207779 4.271850 0.248343 0.079668 7.522462 0.014117
19.506124 6.453734 3.542206 1.128731 135.077209 4.349689 0.246734 0.124214 7.525432 0.013375
19.639128 6.552315 3.526597 1.109790 136.080917 4.441525 0.243786 0.169041 7.519080 0.012903
19.756130 6.641428 3.535635 1.115717 136.949890 4.522643 0.240637 0.199785 7.522739 0.012855
19.890133 6.732527 3.547013 1.093178 137.953293 4.617802 0.235809 0.223657 7.517404 0.011223
20.006136 6.789338 3.553717 1.041263 138.828522 4.701614 0.230467 0.233849 7.513787 0.008950
20.140139 6.842324 3.571379 0.951944 139.822037 4.798853 0.222203 0.233336 7.501291 0.007009
20.257141 6.894208 3.598798 0.861868 140.696274 4.884496 0.212950 0.220832 7.511057 0.009132
20.390144 6.957596 3.670937 0.772380 141.689133 4.982788 0.200071 0.190209 7.499001 0.008859
20.507147 7.006976 3.775810 0.718309 142.560547 5.070030 0.188921 0.149578 7.471384 0.007254
20.640150 7.061731 3.923048 0.577874 143.547546 5.168653 0.177695 0.094477 7.449873 0.009929
20.757153 7.113724 4.079982 0.446662 144.412720 5.255687 0.167033 0.045509 7.419441 0.009136
20.890156 7.167603 4.269314 0.256641 145.399979 5.355148 0.155794 -0.005762 7.387037 0.009028
21.007158 7.207312 4.405272 0.087622 146.250702 5.442572 0.146497 -0.043196 7.361063 0.008608
21.141161 7.259060 4.531887 -0.082519 147.226959 5.545041 0.135842 -0.071114 7.303240 0.008850
21.257164 7.305945 4.610958 -0.205943 148.075150 5.634170 0.126814 -0.072698 7.279967 0.008757
21.391167 7.356559 4.673116 -0.324686 149.035919 5.735360 0.113640 -0.043460 7.248501 0.007069
21.508169 7.394982 4.690355 -0.368312 149.876038 5.824510 0.101805 0.001629 7.209016 0.005467
21.641172 7.425888 4.691753 -0.429294 150.827011 5.925856 0.088486 0.053873 7.177559 0.004150
21.758175 7.456942 4.665606 -0.509926 151.659637 6.014327 0.076694 0.084303 7.140443 0.006529
21.891178 7.509882 4.609045 -0.598111 152.608459 6.116585 0.062822 0.093668 7.106475 0.009062
22.008181 7.550152 4.536029 -0.681202 153.426804 6.205749 0.052917 0.083407 7.086966 0.006794
22.141184 7.596847 4.429578 -0.779377 154.366959 6.309392 0.043291 0.059742 7.048147 0.007086
22.258186 7.625314 4.292922 -0.924846 155.176849 6.397895 0.036498 0.036306 7.004642 0.005811
22.392189 7.674210 4.107301 -1.036752 156.107346 6.499276 0.030060 0.010928 6.980442 0.009074
22.508192 7.742719 3.931112 -1.043154 156.917038 6.587699 0.027153 -0.009759 6.952839 0.010017
22.642195 7.826473 3.740074 -0.951876 157.833588 6.688407 0.027827 -0.035363 6.920413 0.010505
22.758198 7.892966 3.573090 -0.855002 158.637665 6.775128 0.029499 -0.061324 6.906196 0.009127
22.892200 7.973955 3.405960 -0.705555 159.550461 6.873981 0.031875 -0.088939 6.897493 0.010800
23.009203 8.061947 3.277997 -0.539838 160.351913 6.961901 0.034184 -0.101281 6.884774 0.012479
23.142206 8.179967 3.153697 -0.304299 161.261688 7.062042 0.034739 -0.092423 6.882653 0.014229
23.259209 8.290463 3.068985 -0.129852 162.061676 7.150488 0.032681 -0.067651 6.875794 0.015593
23.377211 8.405124 3.035314 0.101678 162.867661 7.239174 0.028779 -0.040974 6.868017 0.015196
23.510214 8.536428 3.049324 0.401872 163.773499 7.338885 0.023881 -0.031797 6.840233 0.014853
23.627216 8.659729 3.099737 0.675148 164.567215 7.426732 0.019731 -0.055254 6.814402 0.016814
23.760220 8.810629 3.198533 0.977368 165.471375 7.526466 0.011912 -0.115410 6.773517 0.017513
23.877222 8.940337 3.310363 1.235002 166.250244 7.613277 0.002626 -0.178370 6.742996 0.017188
24.011225 9.097723 3.466507 1.507642 167.145706 7.713204 -0.008124 -0.235727 6.707074 0.018677
24.127228 9.239211 3.597959 1.701202 167.923050 7.800237 -0.019791 -0.256387 6.665184 0.018916
24.261230 9.403388 3.733549 1.865606 168.799667 7.899124 -0.034698 -0.243876 6.610932 0.021156
24.378233 9.559046 3.841683 2.024738 169.564102 7.985753 -0.048417 -0.207818 6.555045 0.022781
24.511236 9.755462 3.951433 2.219617 170.425766 8.085591 -0.062833 -0.145757 6.500357 0.025018
24.628239 9.935758 4.054552 2.413573 171.176147 8.175131 -0.074406 -0.076195 6.431977 0.025364
24.761242 10.149999 4.148335 2.545192 172.021225 8.277082 -0.084903 0.012283 6.378025 0.028159
24.878244 10.350924 4.195139 2.616969 172.759064 8.367332 -0.091534 0.085512 6.334398 0.029884
25.011248 10.590035 4.202191 2.663706 173.598312 8.472157 -0.096744 0.147844 6.293124 0.029959
25.128250 10.792415 4.157940 2.737664 174.319061 8.565293 -0.098110 0.178902 6.246008 0.029881
25.261253 11.026308 4.098333 2.830178 175.145920 8.674959 -0.095868 0.195436 6.209158 0.029823
25.378256 11.229616 4.034927 2.868452 175.863998 8.770526 -0.090742 0.199857 6.181917 0.030484
25.512259 11.482164 3.936567 2.921555 176.676880 8.880176 -0.082751 0.194045 6.158187 0.033551
25.628262 11.729646 3.844577 3.016095 177.388748 8.978647 -0.074470 0.177851 6.132854 0.036283
25.762264 12.010945 3.769306 3.060906 178.195038 9.090960 -0.064658 0.154855 6.112753 0.036604
25.879267 12.287862 3.695132 3.120692 178.902222 9.189866 -0.057543 0.145882 6.099294 0.041651
26.012270 12.600636 3.639822 3.180517 179.704056 9.303719 -0.051594 0.161118 6.084833 0.040407
26.129272 12.870468 3.625167 3.186772 180.408646 9.405853 -0.049106 0.191086 6.083659 0.040613
26.262276 13.188543 3.628679 3.159864 181.207993 9.523884 -0.048052 0.221932 6.072802 0.043823
26.379278 13.486672 3.652449 3.171149 181.910095 9.629430 -0.051097 0.230664 6.064470 0.044853
26.512281 13.831153 3.712647 3.185339 182.711578 9.754014 -0.057205 0.218094 6.046875 0.044197
26.629284 14.132632 3.782623 3.159735 183.409073 9.865364 -0.064079 0.196671 6.031209 0.046498
26.763287 14.497371 3.892741 3.107021 184.200150 9.992273 -0.072547 0.168404 6.018882 0.049478
26.879290 14.844120 4.016171 3.034121 184.894241 10.104957 -0.079320 0.136628 6.005914 0.054723
27.013292 15.265038 4.190538 2.964183 185.680679 10.234214 -0.084209 0.081903 5.983579 0.056762
27.130295 15.644320 4.369658 2.919791 186.368973 10.348860 -0.086087 0.012366 5.950330 0.057132
27.263298 16.078041 4.593013 2.839973 187.146286 10.480062 -0.086350 -0.085207 5.911684 0.058890
27.380301 16.481346 4.792185 2.793892 187.825684 10.596360 -0.086510 -0.175695 5.874652 0.062502
27.513304 16.972382 5.003006 2.743959 188.592102 10.730100 -0.085440 -0.271319 5.834326 0.066584
27.630306 17.420732 5.133233 2.721245 189.261795 10.849325 -0.083864 -0.344008 5.805221 0.069261
27.763309 17.961197 5.263375 2.718124 190.024765 10.988891 -0.082183 -0.411572 5.777048 0.070716
27.880312 18.437889 5.376522 2.702427 190.682556 11.110007 -0.079762 -0.451816 5.758224 0.072784
28.014315 18.991087 5.477275 2.619575 191.439041 11.251009 -0.078502 -0.467970 5.732782 0.073576
28.130318 19.490200 5.548109 2.610290 192.096298 11.376096 -0.077290 -0.450182 5.712109 0.074945
28.264320 20.068890 5.600564 2.643130 192.840210 11.519247 -0.075309 -0.396400 5.686905 0.075591
28.380323 20.608280 5.624416 2.722081 193.492386 11.646895 -0.073233 -0.327256 5.677857 0.080943
28.514326 21.254923 5.623687 2.864271 194.230927 11.794455 -0.070258 -0.233747 5.654079 0.083399
28.631329 21.840860 5.615720 3.052665 194.878235 11.927986 -0.067149 -0.146183 5.641665 0.084796
28.764332 22.527208 5.605931 3.312499 195.611847 12.082350 -0.061055 -0.051718 5.630413 0.087720
28.881334 23.157713 5.572628 3.607276 196.255005 12.220458 -0.054487 0.017589 5.616932 0.091059
29.014338 23.924425 5.525044 4.010688 196.988876 12.381496 -0.047204 0.076543 5.604400 0.097858
29.131340 24.631985 5.494565 4.394176 197.622375 12.523282 -0.041751 0.114119 5.594098 0.103058
29.265343 25.483570 5.481824 4.932762 198.352188 12.692110 -0.033758 0.150122 5.585873 0.106021
29.381346 26.253645 5.486636 5.456722 198.987640 12.842053 -0.025785 0.179237 5.576542 0.108817
29.515348 27.148083 5.510179 6.119948 199.706787 13.016341 -0.017305 0.212989 5.556934 0.110058
29.632351 27.944290 5.538345 6.722504 200.337433 13.171598 -0.011146 0.249047 5.546646 0.109578
29.765354 28.840153 5.589765 7.403804 201.050323 13.351995 -0.003701 0.304186 5.517094 0.107468
29.882357 29.629000 5.629066 8.009362 201.673431 13.514916 0.002079 0.362743 5.497852 0.111761
30.015360 30.568914 5.692031 8.693666 202.383667 13.704352 0.010091 0.426190 5.480451 0.115746
30.132362 31.399387 5.776538 9.220418 202.997086 13.868732 0.019033 0.464848 5.470967 0.118622
30.265366 32.385746 5.898970 9.822829 203.701553 14.061601 0.030757 0.485839 5.433718 0.121306
30.382368 33.252201 5.998339 10.363710 204.306732 14.232454 0.042290 0.486379 5.410968 0.121636
30.516371 34.254490 6.096866 10.982750 205.000122 14.435055 0.056648 0.466404 5.378203 0.123542
30.632374 35.136772 6.165075 11.490685 205.600983 14.615715 0.066240 0.424284 5.355060 0.123649
30.766376 36.152309 6.242836 12.047865 206.279129 14.824725 0.075481 0.341124 5.323428 0.126473
30.882380 37.055218 6.283546 12.506207 206.872009 15.012174 0.082053 0.238304 5.305984 0.127955
31.016382 38.083691 6.308296 13.008873 207.542480 15.227432 0.089899 0.097483 5.281366 0.128547
31.133385 38.996140 6.313336 13.480289 208.127762 15.420630 0.098319 -0.036960 5.256364 0.128097
31.266388 40.028805 6.298314 13.990275 208.788330 15.645049 0.110343 -0.189676 5.237723 0.129318
31.383390 40.959202 6.272253 14.459889 209.365891 15.846233 0.123260 -0.314830 5.216833 0.131824
31.516394 42.031376 6.215739 15.028605 210.023895 16.079580 0.140845 -0.441248 5.204357 0.132048
31.633396 42.962128 6.160202 15.514655 210.591019 16.283926 0.158483 -0.535703 5.188785 0.132618
31.767399 44.044849 6.075423 16.012856 211.241760 16.523296 0.182188 -0.626482 5.161483 0.135035
31.883402 44.982483 5.983819 16.428036 211.801483 16.734663 0.203697 -0.680783 5.151402 0.133763
32.017403 46.048096 5.883257 16.883991 212.444229 16.984028 0.230337 -0.698060 5.143831 0.132742
32.134392 46.968338 5.810809 17.224245 213.002304 17.206018 0.253176 -0.664721 5.124623 0.132067
32.267380 47.998817 5.747262 17.609015 213.632172 17.463833 0.278773 -0.580697 5.115597 0.129862
32.384369 48.888237 5.698169 17.962801 214.182236 17.695263 0.301150 -0.485213 5.098524 0.126415
32.517357 49.890491 5.652223 18.363749 214.804001 17.962395 0.325857 -0.372071 5.081743 0.125124
32.634346 50.759945 5.612078 18.722052 215.347672 18.200838 0.345809 -0.274594 5.068667 0.123318
32.751335 51.618187 5.577701 19.135527 215.886353 18.443634 0.364200 -0.178039 5.039933 0.121458
32.884323 52.572758 5.517300 19.514597 216.494034 18.723618 0.383571 -0.069261 5.028678 0.119828
33.001312 53.390900 5.445696 19.749678 217.025146 18.974518 0.398459 0.021807 5.020750 0.118546
33.134300 54.321991 5.326612 20.042028 217.628342 19.268080 0.413929 0.115401 5.002301 0.117050
33.251289 55.111111 5.203012 20.279076 218.146393 19.527227 0.426789 0.186992 4.992531 0.114640
33.384277 55.991222 5.043251 20.525681 218.740005 19.832424 0.440738 0.264637 4.974907 0.109038
33.501266 56.723354 4.884782 20.695072 219.254654 20.103548 0.453383 0.334473 4.965534 0.105702
33.635254 57.532673 4.695922 20.849007 219.833740 20.418339 0.468189 0.419009 4.945728 0.104566
33.751244 58.229073 4.519381 20.945358 220.337967 20.701756 0.483577 0.491753 4.945166 0.101512
33.885231 58.976227 4.314783 20.929770 220.908035 21.030251 0.504051 0.557424 4.941723 0.096029
34.001221 59.605694 4.138085 20.872179 221.404694 21.325066 0.523961 0.588798 4.934284 0.093177
34.135208 60.279629 3.936041 20.689934 221.964478 21.667477 0.549395 0.593749 4.930610 0.087838
34.252197 60.838032 3.746167 20.367477 222.452881 21.974072 0.572007 0.581439 4.928658 0.084830
34.385185 61.433708 3.544636 19.939173 223.001984 22.331194 0.596814 0.561621 4.915779 0.077781
34.502174 61.920856 3.387936 19.545809 223.479752 22.652628 0.617566 0.539725 4.930018 0.074130
34.635162 62.430244 3.241473 19.003656 224.023270 23.028690 0.639000 0.496746 4.938323 0.068208
34.752151 62.831684 3.133604 18.412258 224.491013 23.360655 0.654122 0.431870 4.944221 0.062388
34.886139 63.235729 3.024292 17.655828 225.026443 23.751850 0.666849 0.319891 4.945297 0.054624
35.002129 63.544994 2.923932 16.959797 225.489578 24.100168 0.673647 0.194647 4.956019 0.049376
35.136116 63.857788 2.810269 16.164028 226.010468 24.504751 0.675863 0.032197 4.967292 0.043335
35.253105 64.091347 2.707434 15.410860 226.465378 24.868320 0.673311 -0.118306 4.985257 0.037433
35.390099 64.313789 2.588329 14.456133 226.994446 25.303026 0.663816 -0.289395 5.007543 0.031911
35.507088 64.463531 2.498526 13.619493 227.443344 25.681038 0.650953 -0.418408 5.020026 0.026075
35.640076 64.581711 2.400369 12.591022 227.949829 26.118706 0.633392 -0.534053 5.043547 0.017751
35.757065 64.648476 2.296381 11.709640 228.391083 26.511791 0.614470 -0.605720 5.057551 0.012768
35.890053 64.692818 2.136399 10.793203 228.891464 26.970169 0.594127 -0.658645 5.076651 0.007331
36.007042 64.684425 1.986072 9.937015 229.325226 27.377649 0.577123 -0.686504 5.096397 0.001655
36.141029 64.637085 1.778770 8.900908 229.815689 27.848442 0.559714 -0.701454 5.127326 -0.003778
36.257019 64.577209 1.568636 7.995155 230.240555 28.266106 0.547702 -0.697129 5.142837 -0.007367
36.391006 64.454948 1.287240 6.956968 230.728516 28.756378 0.536263 -0.664289 5.175972 -0.016584
36.506996 64.302513 1.036318 6.078250 231.151596 29.191463 0.527700 -0.606855 5.196610 -0.022314
36.640984 64.096306 0.718932 5.153181 231.627716 29.694780 0.521129 -0.511272 5.221932 -0.026511
36.757973 63.889050 0.427663 4.392201 232.046021 30.144514 0.517448 -0.407500 5.265971 -0.031009
36.890961 63.613304 0.105727 3.467137 232.520081 30.664051 0.513929 -0.274774 5.303778 -0.039105
37.007950 63.316586 -0.156976 2.578681 232.936584 31.128235 0.510948 -0.146907 5.343496 -0.046526
37.140938 62.924477 -0.460475 1.693145 233.410492 31.669170 0.506925 0.012935 5.385270 -0.054923
37.257927 62.548584 -0.719118 1.004568 233.819489 32.145527 0.504079 0.159409 5.429600 -0.059143
37.390915 62.064678 -0.997565 0.224250 234.292175 32.703613 0.501197 0.325184 5.474521 -0.068925
37.507904 61.590809 -1.219193 -0.399354 234.704605 33.198215 0.496926 0.452720 5.520347 -0.075148
37.641891 61.023628 -1.467176 -0.997871 235.172806 33.767986 0.488088 0.567117 5.562281 -0.077327
37.757881 60.487690 -1.669796 -1.478613 235.583435 34.275967 0.478251 0.640147 5.599416 -0.085222
37.891869 59.826496 -1.904194 -2.133407 236.049591 34.861122 0.465195 0.697311 5.643605 -0.092089
38.008858 59.214256 -2.118036 -2.703474 236.457840 35.382790 0.452707 0.728311 5.673439 -0.096326
38.141846 58.476734 -2.340618 -3.354939 236.922302 35.981171 0.436656 0.739413 5.706934 -0.102999
38.258835 57.788845 -2.543131 -3.855632 237.328430 36.514057 0.422061 0.722251 5.737911 -0.107016
38.375824 57.074856 -2.752973 -4.308015 237.731155 37.052593 0.407508 0.674385 5.756122 -0.111815
38.508812 56.238190 -2.989302 -4.788974 238.183395 37.671669 0.391475 0.578765 5.773422 -0.115752
38.625801 55.456688 -3.185163 -5.166842 238.576736 38.221760 0.380713 0.457953 5.786373 -0.120759
38.758789 54.541370 -3.404307 -5.511995 239.019577 38.852524 0.372429 0.283901 5.801075 -0.123954
38.875778 53.711025 -3.585842 -5.745514 239.404327 39.412556 0.368516 0.109706 5.808492 -0.126275
39.008766 52.739525 -3.784443 -5.997115 239.842026 40.056591 0.367007 -0.091874 5.809459 -0.130139
39.125755 51.866085 -3.931860 -6.252715 240.217178 40.615631 0.366858 -0.248214 5.799914 -0.136680
39.259743 50.834934 -4.092450 -6.506800 240.645172 41.263035 0.365133 -0.392558 5.782721 -0.136213
39.375732 49.933075 -4.227710 -6.706197 241.012207 41.829903 0.363247 -0.485631 5.760262 -0.136188
39.509720 48.908245 -4.365885 -6.998547 241.422852 42.474079 0.359317 -0.560675 5.727303 -0.136725
39.625710 48.017933 -4.454823 -7.263231 241.778519 43.038937 0.350595 -0.602566 5.695201 -0.133452
39.759697 47.036613 -4.511502 -7.570142 242.175705 43.679073 0.334352 -0.619166 5.642097 -0.130312
39.876686 46.205532 -4.507485 -7.811911 242.518707 44.237759 0.314865 -0.602443 5.575940 -0.123753
40.009674 45.312824 -4.443459 -7.999110 242.900116 44.867237 0.288534 -0.550159 5.500189 -0.115742
40.126663 44.586185 -4.311355 -8.152960 243.228088 45.414349 0.263952 -0.483434 5.413228 -0.106528
40.259651 43.821236 -4.082692 -8.295774 243.596390 46.032555 0.235598 -0.394365 5.332645 -0.095658
40.376640 43.226761 -3.810873 -8.337781 243.909424 46.559391 0.210972 -0.311530 5.245245 -0.085464
40.510628 42.646755 -3.422004 -8.332945 244.265488 47.158390 0.181889 -0.211140 5.160518 -0.067714
40.626617 42.238087 -3.038305 -8.193842 244.570190 47.671520 0.158976 -0.120787 5.062711 -0.054683
40.760605 41.875057 -2.545041 -7.960450 244.912003 48.244015 0.136141 -0.019469 4.981606 -0.039152
40.877598 41.654545 -2.059600 -7.750549 245.212448 48.743454 0.117364 0.064204 4.909774 -0.025299
41.011585 41.524734 -1.463862 -7.393688 245.548691 49.296673 0.097632 0.147832 4.834562 -0.008919
41.128574 41.516205 -0.921575 -6.940712 245.843414 49.774868 0.082633 0.213508 4.779243 0.005480
41.261562 41.610825 -0.307299 -6.304366 246.179398 50.311150 0.067250 0.284995 4.747960 0.018964
41.378551 41.790901 0.224464 -5.624393 246.477783 50.778008 0.054029 0.347992 4.726209 0.031255
41.511539 42.082935 0.817148 -4.788286 246.823959 51.306797 0.041099 0.414237 4.710883 0.040179
41.628529 42.404778 1.310940 -3.989193 247.129303 51.760414 0.032041 0.454223 4.718596 0.050541
41.761517 42.876640 1.858323 -2.956762 247.489136 52.282028 0.023290 0.467250 4.738638 0.062621
41.878506 43.353840 2.306734 -2.031954 247.808548 52.731018 0.016959 0.448624 4.758176 0.071130
42.012493 43.986774 2.783546 -0.891008 248.188919 53.248539 0.013948 0.401799 4.818712 0.080149
42.129482 44.615246 3.172014 0.159440 248.533096 53.700218 0.013657 0.346627 4.875492 0.088677
42.262470 45.387897 3.564084 1.377373 248.938248 54.213020 0.016692 0.270346 4.943153 0.095158
42.379459 46.118923 3.857252 2.510767 249.308624 54.664745 0.021701 0.191280 5.026704 0.101451
42.512447 46.997837 4.158532 3.857520 249.746063 55.180176 0.032137 0.093687 5.123756 0.103815
42.629436 47.811630 4.366394 5.115955 250.145035 55.636120 0.044727 0.011666 5.220175 0.110760
42.762424 48.791080 4.584241 6.550330 250.620132 56.160240 0.064231 -0.065957 5.320726 0.116520
42.879414 49.664890 4.720061 7.770730 251.047028 56.615406 0.083813 -0.115843 5.419255 0.118035
43.012402 50.697159 4.826017 9.119383 251.557541 57.144039 0.109568 -0.157759 5.526194 0.120088
43.129391 51.599865 4.866532 10.216896 252.018005 57.608143 0.133953 -0.188002 5.628496 0.120518
43.263378 52.620090 4.862664 11.340127 252.558441 58.136864 0.166463 -0.225186 5.723826 0.121916
43.380367 53.501881 4.831080 12.223476 253.047485 58.602486 0.198549 -0.266792 5.800193 0.120617
43.513355 54.495579 4.753993 13.116328 253.618073 59.131657 0.234356 -0.323969 5.879182 0.121676
43.630344 55.354832 4.682709 13.826350 254.132675 59.594975 0.266064 -0.374131 5.935573 0.118219
43.763332 56.286228 4.573256 14.597205 254.727493 60.119869 0.300649 -0.415608 5.981302 0.112294
43.880322 57.070515 4.463511 15.143081 255.259338 60.578560 0.327678 -0.429509 6.013517 0.109038
44.013309 57.927006 4.331465 15.680740 255.876312 61.100170 0.354574 -0.418613 6.038085 0.104166
44.130299 58.621395 4.229219 16.088049 256.416748 61.547863 0.375068 -0.389668 6.055627 0.096460
44.263287 59.360752 4.125504 16.563557 257.046173 62.060776 0.395175 -0.335576 6.056022 0.088103
44.380276 59.961029 4.037544 16.995266 257.597900 62.502453 0.407714 -0.267834 6.031924 0.082202
44.514263 60.578999 3.955522 17.502874 258.226593 62.997337 0.419142 -0.164410 5.994917 0.072092
44.630253 61.076576 3.889421 18.000219 258.777374 63.426464 0.429118 -0.051415 5.946265 0.067112
44.764240 61.594467 3.855554 18.607851 259.401581 63.904427 0.441850 0.093133 5.882038 0.059279
44.881229 62.004921 3.855114 19.140244 259.947876 64.317368 0.454469 0.220930 5.831443 0.053991
45.014217 62.433372 3.848452 19.728870 260.565430 64.779327 0.471057 0.346912 5.778639 0.047886
45.131207 62.757576 3.846931 20.219990 261.106659 65.178772 0.488141 0.426404 5.723794 0.040650
45.264194 63.080643 3.839233 20.767620 261.716766 65.625595 0.512336 0.474427 5.659686 0.035114
45.381184 63.331627 3.820022 21.205162 262.249664 66.013153 0.537797 0.483284 5.615990 0.031354
45.514172 63.576118 3.785669 21.626724 262.854797 66.451492 0.569522 0.463361 5.552164 0.025570
45.631161 63.752476 3.725769 21.909605 263.374146 66.827438 0.597291 0.423248 5.508199 0.023198
45.764149 63.920483 3.639757 22.262474 263.968536 67.259834 0.629191 0.349818 5.466397 0.015558
45.881138 64.022606 3.558099 22.508368 264.484528 67.635910 0.656005 0.265097 5.450292 0.011129
46.015125 64.106636 3.441250 22.657331 265.068268 68.061920 0.684145 0.160913 5.416639 0.008759
46.132114 64.174591 3.310352 22.673422 265.577789 68.436783 0.706574 0.082391 5.401710 0.010148
46.265102 64.221901 3.156481 22.573122 266.153198 68.862907 0.727018 0.028316 5.369675 0.005566
46.382092 64.239304 2.998935 22.433369 266.654572 69.239105 0.739699 0.015342 5.346949 0.001916
46.515079 64.223122 2.809556 22.145615 267.219482 69.669518 0.747587 0.024857 5.330713 -0.001776
46.632069 64.173637 2.617716 21.770298 267.712036 70.051567 0.748155 0.032096 5.325769 -0.007065
46.765057 64.083015 2.385576 21.202341 268.272308 70.493271 0.741843 0.016089 5.322412 -0.010169
46.882046 63.972248 2.176312 20.544827 268.754608 70.877480 0.731345 -0.023477 5.312096 -0.013413
47.016033 63.801712 1.933069 19.682451 269.305908 71.326210 0.716052 -0.087394 5.299875 -0.022204
47.132023 63.617729 1.716451 18.791847 269.782379 71.722435 0.700300 -0.145548 5.291895 -0.024084
47.266010 63.373787 1.489380 17.638765 270.318909 72.177307 0.681621 -0.207099 5.285587 -0.030390
47.382000 63.128235 1.288857 16.464390 270.786011 72.582016 0.664778 -0.259400 5.280015 -0.033465
47.515987 62.824093 1.050041 15.004231 271.309784 73.048782 0.644925 -0.318073 5.272920 -0.038725
47.632977 62.524742 0.836315 13.582543 271.764465 73.465111 0.626784 -0.361835 5.271776 -0.042407
47.749966 62.193859 0.629192 11.976757 272.213043 73.888000 0.606162 -0.387141 5.267391 -0.049351
47.882954 61.788937 0.373698 10.038005 272.713440 74.376350 0.581218 -0.385783 5.252504 -0.051513
47.999943 61.406197 0.143298 8.260191 273.143768 74.815765 0.556776 -0.361263 5.261858 -0.058813
48.132931 60.920849 -0.123169 6.103035 273.625153 75.325775 0.525455 -0.316951 5.277276 -0.067072
48.249920 60.469242 -0.374940 4.149810 274.039001 75.783943 0.494817 -0.268898 5.279983 -0.069631
48.382908 59.932819 -0.683217 1.906157 274.501587 76.320702 0.456133 -0.202943 5.297408 -0.073973
48.499897 59.444695 -0.987634 -0.071273 274.893250 76.796288 0.420415 -0.135258 5.321189 -0.080447
48.633884 58.841259 -1.378303 -2.379769 275.336487 77.357536 0.377663 -0.049655 5.354121 -0.087793
48.749874 58.294388 -1.726797 -4.354308 275.713562 77.859894 0.339711 0.023257 5.382065 -0.091744
48.883862 57.664829 -2.129479 -6.554336 276.131256 78.445518 0.296069 0.097484 5.431307 -0.092760
49.000851 57.118752 -2.482364 -8.445377 276.491241 78.972549 0.257092 0.157482 5.471537 -0.092675
49.133839 56.522629 -2.870198 -10.422447 276.891022 79.584488 0.212258 0.226540 5.514319 -0.089446
49.250828 56.003529 -3.151332 -12.061125 277.235840 80.132301 0.174188 0.286699 5.544379 -0.090866
49.383816 55.402927 -3.403725 -13.726504 277.618744 80.765495 0.132655 0.337936 5.578409 -0.091338
49.500805 54.883011 -3.527735 -14.907927 277.947510 81.330986 0.099171 0.350473 5.597835 -0.086321
49.633793 54.312164 -3.534170 -15.911742 278.315857 81.986809 0.066411 0.322852 5.621452 -0.079354
49.750782 53.857658 -3.411844 -16.495047 278.629883 82.558624 0.043009 0.279050 5.624720 -0.069548
49.884769 53.390182 -3.110935 -16.832100 278.986877 83.222504 0.023294 0.234888 5.616700 -0.058138
50.000759 53.044689 -2.714915 -16.832359 279.295593 83.801582 0.011877 0.214294 5.601295 -0.045832
50.134747 52.742432 -2.128948 -16.446190 279.645538 84.457542 0.003677 0.202620 5.579813 -0.031946
50.250736 52.549759 -1.500602 -15.740323 279.953461 85.031845 -0.000348 0.186633 5.561015 -0.019718
50.384724 52.430134 -0.681402 -14.596168 280.305695 85.679337 -0.003304 0.151415 5.521409 -0.007735
50.501713 52.416672 0.086562 -13.352283 280.618530 86.241997 -0.002607 0.107998 5.487929 0.003617
50.634701 52.521965 0.954129 -11.672302 280.979126 86.873795 0.000511 0.053195 5.456860 0.017984
50.751690 52.711094 1.687624 -9.932584 281.301697 87.423790 0.004418 0.005970 5.446291 0.024155
50.884678 53.035336 2.441810 -7.701035 281.678284 88.047981 0.012627 -0.042241 5.439014 0.034782
51.001667 53.387337 2.989510 -5.617352 282.013885 88.583794 0.023409 -0.075954 5.457611 0.040305
51.134655 53.876343 3.500869 -3.106512 282.415924 89.197182 0.039296 -0.105770 5.482452 0.047687
51.251644 54.349884 3.812647 -0.858483 282.779480 89.729042 0.057321 -0.128327 5.521546 0.050497
51.385632 54.931499 3.985365 1.776894 283.205597 90.331352 0.085160 -0.155396 5.572437 0.055327
51.501621 55.478157 4.003230 4.102456 283.593628 90.860062 0.117280 -0.179454 5.629894 0.058595
51.635609 56.112446 3.889415 6.679571 284.050720 91.460098 0.162440 -0.200481 5.702646 0.058650
51.752598 56.653938 3.665135 8.813077 284.468445 91.986275 0.207246 -0.209705 5.770665 0.060581
51.885586 57.257122 3.274485 11.004599 284.960388 92.584389 0.264193 -0.211749 5.862580 0.061034
52.002575 57.767700 2.841433 12.819935 285.405365 93.112343 0.318436 -0.208781 5.926178 0.061578
52.135563 58.317528 2.283935 14.683971 285.924011 93.714531 0.385003 -0.198031 6.009271 0.060872
52.252552 58.763172 1.768312 16.089664 286.390778 94.246635 0.444764 -0.177858 6.075995 0.058814
52.386539 59.240990 1.173498 17.390600 286.937836 94.858032 0.511887 -0.142177 6.156478 0.056494
52.502529 59.625851 0.702090 18.225733 287.425598 95.394012 0.568619 -0.105594 6.219521 0.054000
52.636517 60.027172 0.264876 18.807356 287.988708 96.005127 0.628096 -0.065315 6.270312 0.049627
52.753506 60.339306 -0.017708 18.983931 288.490479 96.543961 0.673519 -0.034210 6.311225 0.044070
52.886494 60.656261 -0.224971 18.832779 289.067108 97.157478 0.715935 -0.006705 6.342445 0.040013
53.002483 60.904400 -0.288974 18.457769 289.575867 97.697052 0.744342 0.006025 6.342541 0.034376
53.136471 61.150925 -0.243571 17.723425 290.155579 98.310455 0.765638 0.003922 6.342447 0.029587
53.253460 61.325378 -0.113432 16.826740 290.665100 98.850121 0.773302 -0.006333 6.345620 0.023121
53.386448 61.482487 0.111772 15.633417 291.243622 99.463554 0.771091 -0.009396 6.324942 0.019145
53.503437 61.584148 0.363139 14.458401 291.747803 100.002625 0.761662 0.009927 6.294816 0.013002
53.636425 61.645443 0.681111 13.012988 292.320129 100.619255 0.743918 0.059418 6.266678 0.007657
53.753414 61.663166 0.955351 11.663593 292.809479 101.152214 0.724844 0.113658 6.216553 0.003404
53.887402 61.632622 1.245589 10.067434 293.367462 101.766510 0.700613 0.168834 6.177132 -0.001566
54.003391 61.560818 1.428406 8.640682 293.849457 102.301407 0.678875 0.198599 6.135830 -0.008847
54.137379 61.430332 1.532983 6.963813 294.389709 102.910660 0.656629 0.210059 6.116666 -0.014366
54.253368 61.260323 1.518964 5.461643 294.859100 103.448807 0.641376 0.208332 6.093776 -0.021929
54.387356 61.023327 1.373528 3.811857 295.384308 104.064697 0.630463 0.205255 6.081542 -0.028994
54.504345 60.770809 1.147879 2.332859 295.839600 104.611565 0.626280 0.205434 6.082948 -0.034590
54.637333 60.459946 0.771657 0.607702 296.351807 105.238792 0.626048 0.198821 6.094270 -0.039405
54.754322 60.176865 0.340705 -0.880674 296.795990 105.797203 0.627679 0.171661 6.102965 -0.041415
54.887310 59.844402 -0.226648 -2.547362 297.298523 106.444016 0.627790 0.108657 6.120402 -0.044359
55.004299 59.545742 -0.783085 -3.926976 297.730621 107.017494 0.625836 0.040277 6.146675 -0.046895
55.137287 59.210133 -1.464397 -5.427268 298.214935 107.679375 0.620712 -0.020005 6.182662 -0.048506
55.254276 58.911175 -2.101197 -6.691505 298.635101 108.270363 0.611255 -0.039152 6.208870 -0.052326
55.388264 58.560936 -2.822543 -8.027429 299.104218 108.953804 0.593132 -0.028939 6.250117 -0.053962
55.505253 58.269859 -3.406930 -9.135930 299.509705 109.564476 0.571966 -0.014458 6.277208 -0.051654
55.638241 57.956547 -3.998896 -10.349145 299.962250 110.267952 0.541496 -0.014199 6.296968 -0.051479
55.755230 57.682835 -4.449704 -11.313043 300.352051 110.893890 0.507093 -0.031202 6.305844 -0.049987
55.888218 57.391552 -4.855016 -12.135425 300.784027 111.613091 0.459734 -0.061129 6.303551 -0.045192
56.005207 57.146397 -5.067451 -12.640013 301.153198 112.250313 0.413970 -0.090671 6.286582 -0.041379
56.138195 56.864880 -5.140867 -13.009686 301.563873 112.984161 0.358750 -0.127560 6.263407 -0.040578
56.255184 56.636379 -5.074406 -13.117450 301.907898 113.620628 0.307478 -0.161667 6.216884 -0.033214
56.388172 56.393707 -4.848479 -12.991728 302.291595 114.355553 0.245815 -0.197338 6.164120 -0.028503
56.505161 56.197002 -4.508509 -12.697741 302.612823 114.988876 0.193083 -0.217891 6.095725 -0.025395
56.639149 55.983837 -3.978102 -12.174495 302.970947 115.715630 0.133702 -0.225809 6.006109 -0.019886
56.755138 55.831444 -3.416290 -11.542012 303.273529 116.344009 0.085083 -0.221287 5.932827 -0.014722
56.889126 55.695076 -2.705835 -10.678917 303.607056 117.050850 0.034168 -0.208031 5.836833 -0.009805
57.006115 55.615864 -2.049415 -9.762692 303.893433 117.664795 -0.004530 -0.190836 5.758893 -0.003798
57.139103 55.573711 -1.309648 -8.577192 304.211639 118.355064 -0.046393 -0.163883 5.685603 0.002118
57.256092 55.578266 -0.680415 -7.488668 304.486847 118.955063 -0.081057 -0.133661 5.614567 0.004132
57.389080 55.622402 0.013107 -6.186915 304.798798 119.633850 -0.115539 -0.095322 5.550846 0.009052
57.506069 55.709850 0.548448 -4.951425 305.067719 120.221237 -0.138422 -0.062765 5.501500 0.014506
57.639057 55.864845 1.041683 -3.453051 305.374023 120.882591 -0.154193 -0.026983 5.466280 0.020860
57.756046 56.056862 1.386018 -2.135801 305.642853 121.455833 -0.161461 0.008544 5.451018 0.027276
57.890034 56.332073 1.657822 -0.639320 305.955933 122.115105 -0.157910 0.061989 5.442429 0.033341
58.006023 56.612572 1.797307 0.661603 306.233276 122.688057 -0.143816 0.118908 5.442404 0.037913
58.140011 56.978508 1.851876 2.144087 306.556366 123.336433 -0.116621 0.184001 5.454415 0.044174
58.257000 57.341427 1.834937 3.462308 306.848297 123.905525 -0.083696 0.229662 5.477914 0.050510
58.373989 57.738213 1.764807 4.719264 307.151794 124.478073 -0.042297 0.258903 5.501306 0.054818
58.507977 58.225552 1.632018 6.070849 307.505493 125.122856 0.014101 0.274348 5.551910 0.061279
58.623966 58.673027 1.484413 7.108217 307.827209 125.689873 0.070663 0.278173 5.591166 0.064380
58.757954 59.203369 1.303765 8.180228 308.204468 126.335838 0.138390 0.274453 5.649125 0.067112
58.874943 59.679310 1.144392 8.952491 308.547150 126.905411 0.197324 0.261451 5.706307 0.069079
59.007931 60.225769 0.964122 9.624199 308.949036 127.554848 0.261822 0.230810 5.771223 0.070841
59.124920 60.705986 0.826106 10.066710 309.312897 128.128525 0.313112 0.189570 5.831604 0.070439
59.257908 61.255253 0.694371 10.363676 309.740814 128.788879 0.365082 0.133483 5.900357 0.071222
59.374897 61.732502 0.590145 10.497069 310.119751 129.363556 0.402773 0.087290 5.956386 0.071659
59.508884 62.272133 0.513431 10.501206 310.565308 130.030884 0.437044 0.045033 6.012331 0.069214
59.624874 62.722599 0.476310 10.397286 310.959534 130.617996 0.457523 0.016739 6.064679 0.066323
59.758862 63.217915 0.487626 10.125349 311.413757 131.289032 0.470559 -0.013042 6.112423 0.064316
59.875851 63.639843 0.545818 9.743347 311.817200 131.881897 0.474979 -0.040754 6.140046 0.063136
60.008839 64.102753 0.669052 9.037266 312.278992 132.557678 0.472789 -0.071169 6.161111 0.061399
