1.20 1.10 20 64
0.145000 -0.011782 0.217435 -0.067270 0.784002 -0.001493 -0.116528 0.324766 6.503233 -0.002988
0.253000 -0.051638 0.757307 -0.188047 1.644401 -0.002747 -0.037155 0.343012 6.390702 -0.008142
0.386000 -0.113037 1.448918 -0.248158 2.489920 -0.004144 0.091096 0.351773 6.327020 -0.007154
0.502000 -0.168764 2.139446 -0.305163 3.226619 -0.004343 0.226292 0.359924 6.272418 -0.008281
0.636000 -0.240471 2.956336 -0.425536 4.056984 -0.004994 0.385518 0.366754 6.217053 -0.009572
0.754000 -0.300781 3.651785 -0.534281 4.783484 -0.005936 0.514937 0.360795 6.210174 -0.007820
0.886000 -0.354345 4.383483 -0.671487 5.612092 -0.007406 0.635593 0.330947 6.246504 -0.004955
1.003000 -0.394259 4.969601 -0.751333 6.341974 -0.009030 0.709320 0.283640 6.195888 -0.005185
1.136000 -0.426343 5.600647 -0.847078 7.157468 -0.010914 0.751761 0.211430 6.083497 -0.002338
1.253000 -0.452512 6.088025 -0.963565 7.862890 -0.012431 0.751705 0.137918 5.993823 -0.002545
1.386000 -0.482106 6.556895 -1.074461 8.654192 -0.014812 0.711088 0.050546 5.918134 -0.002964
1.502000 -0.507645 6.897340 -1.140120 9.342066 -0.015999 0.643936 -0.024464 5.848224 -0.003383
1.636000 -0.545585 7.157995 -1.182272 10.119500 -0.018311 0.541229 -0.106877 5.763199 -0.004215
1.752999 -0.574846 7.254082 -1.215102 10.782780 -0.020201 0.436327 -0.177843 5.683253 -0.004022
1.885999 -0.610555 7.204390 -1.329986 11.537813 -0.024107 0.310095 -0.259134 5.599427 -0.002818
2.002999 -0.644449 7.002159 -1.376630 12.190708 -0.027658 0.206787 -0.320925 5.611699 -0.004889
2.135999 -0.696548 6.578586 -1.445498 12.947479 -0.031373 0.106099 -0.367401 5.750718 -0.006753
2.252999 -0.752554 6.057277 -1.529724 13.623445 -0.034784 0.042581 -0.386042 5.883870 -0.007744
2.386999 -0.834194 5.345958 -1.538828 14.422068 -0.037720 0.004194 -0.396910 6.015483 -0.011176
2.502999 -0.909394 4.665976 -1.547650 15.134981 -0.039151 0.007816 -0.409952 6.146148 -0.010680
2.636998 -0.993963 3.863448 -1.617704 15.961853 -0.042886 0.051300 -0.425242 6.272062 -0.008545
2.753998 -1.050593 3.179255 -1.725405 16.701969 -0.047185 0.120561 -0.420157 6.363708 -0.006577
2.886998 -1.115506 2.479194 -1.877572 17.554941 -0.055182 0.222902 -0.371805 6.448152 -0.007738
3.003998 -1.179231 1.966562 -2.022656 18.314320 -0.063020 0.323134 -0.289624 6.518584 -0.008759
3.136998 -1.252075 1.510372 -2.134645 19.187246 -0.071004 0.435391 -0.167768 6.596237 -0.009183
3.253998 -1.309064 1.246812 -2.127482 19.964539 -0.076296 0.524994 -0.055473 6.679348 -0.007906
3.386998 -1.374645 1.112728 -2.014998 20.866638 -0.081228 0.608525 0.059381 6.774063 -0.008916
3.503998 -1.434156 1.122435 -1.905550 21.659464 -0.085634 0.656247 0.138581 6.877217 -0.009845
3.636997 -1.499274 1.278457 -1.709933 22.589708 -0.090165 0.676452 0.208217 6.989996 -0.007416
3.753997 -1.536777 1.561596 -1.470169 23.406475 -0.094252 0.662431 0.259048 7.076720 -0.007300
3.887997 -1.577404 2.021852 -1.149835 24.360912 -0.099760 0.613551 0.319216 7.154446 -0.007131
4.003997 -1.624762 2.528417 -0.877062 25.201479 -0.105750 0.544627 0.374574 7.202393 -0.009455
4.137998 -1.674626 3.196948 -0.569672 26.162054 -0.110880 0.445759 0.429699 7.234642 -0.008252
4.254998 -1.716664 3.838134 -0.306963 27.008812 -0.115132 0.349379 0.459498 7.230325 -0.008433
4.387999 -1.764805 4.572797 -0.084792 27.966366 -0.121343 0.238639 0.466009 7.174155 -0.007724
4.504999 -1.805105 5.191718 0.037065 28.803143 -0.128661 0.149609 0.449444 7.132695 -0.007636
4.638000 -1.839143 5.806987 0.205727 29.745800 -0.138007 0.068433 0.408189 7.060878 -0.007657
4.755000 -1.884135 6.240988 0.318367 30.566877 -0.147081 0.020401 0.352537 6.992259 -0.008801
4.888000 -1.942356 6.615681 0.434279 31.497385 -0.158186 -0.005642 0.269104 6.915041 -0.009255
5.005001 -2.004161 6.818329 0.473377 32.301872 -0.171396 -0.002270 0.186627 6.850076 -0.009803
5.139002 -2.054029 6.912395 0.573721 33.206902 -0.186064 0.026112 0.094015 6.776561 -0.007246
5.255002 -2.101493 6.876690 0.637203 33.995041 -0.198400 0.071107 0.019704 6.713403 -0.008579
5.405003 -2.155519 6.678400 0.713982 34.882401 -0.212222 0.136040 -0.058497 6.647712 -0.008712
5.505002 -2.209859 6.361033 0.755969 35.656803 -0.226247 0.197991 -0.128862 6.607930 -0.009051
5.639003 -2.282484 5.871257 0.780679 36.534412 -0.241594 0.265926 -0.218308 6.601068 -0.012324
5.756004 -2.364340 5.346634 0.832331 37.308018 -0.254317 0.318024 -0.304930 6.623517 -0.013728
5.889004 -2.464197 4.658968 0.853123 38.190983 -0.267082 0.363631 -0.400182 6.654941 -0.013195
6.006005 -2.557299 4.010404 0.833716 38.972572 -0.278031 0.387611 -0.464023 6.699951 -0.013885
6.139005 -2.663741 3.249999 0.769509 39.876362 -0.292774 0.393985 -0.496385 6.778761 -0.013228
6.256006 -2.758218 2.618252 0.706369 40.667637 -0.304466 0.381572 -0.485749 6.846340 -0.012631
6.389006 -2.860208 1.950385 0.611765 41.590492 -0.317384 0.349699 -0.440573 6.914987 -0.012337
6.506007 -2.944177 1.455684 0.479435 42.396854 -0.329225 0.311173 -0.389753 6.971181 -0.012535
6.640007 -3.048283 1.011821 0.255167 43.334064 -0.342272 0.261024 -0.335130 7.010589 -0.012477
6.756008 -3.132927 0.757952 0.044159 44.155926 -0.352995 0.217405 -0.296859 7.033534 -0.013465
6.890008 -3.238126 0.642973 -0.175584 45.092365 -0.364150 0.175084 -0.257656 7.042020 -0.013423
7.007009 -3.323889 0.679941 -0.409952 45.915279 -0.374170 0.147281 -0.212933 7.030482 -0.011456
7.140009 -3.418511 0.851469 -0.690969 46.846874 -0.387738 0.130411 -0.133509 6.988085 -0.012082
7.257010 -3.516837 1.115016 -0.976216 47.660763 -0.399792 0.127382 -0.035186 6.930288 -0.013550
7.390010 -3.627062 1.494560 -1.317615 48.583355 -0.414000 0.136613 0.093964 6.854469 -0.013625
7.507011 -3.723364 1.862311 -1.601101 49.373512 -0.425260 0.153404 0.197688 6.782163 -0.013016
7.640011 -3.819749 2.266629 -1.797390 50.274738 -0.437085 0.177742 0.290687 6.688321 -0.011651
7.757012 -3.912658 2.579487 -1.914378 51.053333 -0.446089 0.199422 0.352254 6.632399 -0.014333
7.891013 -4.015049 2.861768 -2.020577 51.930557 -0.455810 0.222354 0.418828 6.568023 -0.012250
8.007013 -4.115886 3.027384 -2.109147 52.696045 -0.465384 0.237697 0.484924 6.526316 -0.015296
8.141014 -4.243000 3.107461 -2.163860 53.560513 -0.476565 0.248370 0.560386 6.479999 -0.017081
8.257013 -4.364150 3.065505 -2.196337 54.317287 -0.487128 0.251867 0.605656 6.459476 -0.018158
8.391014 -4.502490 2.870648 -2.161504 55.175877 -0.500526 0.249429 0.606651 6.452980 -0.018411
8.508015 -4.617414 2.578552 -2.117199 55.930286 -0.513560 0.241776 0.552306 6.446202 -0.017667
8.641015 -4.755618 2.117658 -2.013368 56.787914 -0.529852 0.227797 0.434270 6.453231 -0.019206
8.758016 -4.871284 1.629723 -1.894417 57.543163 -0.544084 0.211646 0.299410 6.458865 -0.017351
8.891016 -4.986262 1.003868 -1.774679 58.410130 -0.562700 0.193573 0.136579 6.477951 -0.013922
9.008017 -5.074422 0.456373 -1.675163 59.162144 -0.581079 0.178390 0.006134 6.493303 -0.013383
9.142017 -5.182157 -0.143153 -1.567732 60.034645 -0.603979 0.166493 -0.121476 6.523667 -0.014094
9.258018 -5.276142 -0.597685 -1.442668 60.805225 -0.626010 0.164526 -0.210107 6.538246 -0.014711
9.392018 -5.394979 -0.975979 -1.364133 61.668541 -0.652461 0.174059 -0.281646 6.541298 -0.015861
9.509019 -5.501507 -1.195814 -1.293051 62.432835 -0.676918 0.190718 -0.323541 6.531172 -0.016073
9.642018 -5.630294 -1.325949 -1.190497 63.300819 -0.706186 0.216508 -0.359659 6.522428 -0.016900
9.759019 -5.742927 -1.339781 -1.085226 64.061005 -0.732128 0.244129 -0.397084 6.487051 -0.016708
9.892019 -5.886147 -1.242603 -1.032236 64.919647 -0.764412 0.278621 -0.455150 6.445892 -0.019256
10.009020 -6.021542 -1.091773 -0.933557 65.671211 -0.792854 0.306556 -0.510412 6.415786 -0.020563
10.142020 -6.168913 -0.860632 -0.785000 66.527580 -0.825891 0.330712 -0.554684 6.378282 -0.018554
10.259021 -6.304095 -0.609973 -0.699903 67.264626 -0.856215 0.342968 -0.562987 6.344111 -0.020835
10.392021 -6.455760 -0.313160 -0.626361 68.110626 -0.893995 0.346994 -0.538121 6.304384 -0.019544
10.509022 -6.583459 -0.067657 -0.612757 68.845291 -0.927860 0.340833 -0.491921 6.273397 -0.019507
10.643023 -6.729423 0.171947 -0.594657 69.676865 -0.967737 0.322833 -0.410916 6.250947 -0.018879
10.759023 -6.852592 0.340967 -0.611584 70.405746 -1.004290 0.299242 -0.308136 6.228187 -0.017616
10.893023 -6.992252 0.470384 -0.700545 71.231415 -1.047300 0.266805 -0.153840 6.206322 -0.017740
11.010024 -7.123384 0.530510 -0.810516 71.954208 -1.087611 0.239311 0.004577 6.176225 -0.020975
11.127025 -7.265954 0.517547 -0.963543 72.674477 -1.128560 0.214495 0.167711 6.155553 -0.021170
11.260025 -7.437252 0.433548 -1.169473 73.490837 -1.177021 0.191667 0.338815 6.142365 -0.023126
11.377026 -7.601138 0.294104 -1.357507 74.207344 -1.221166 0.179486 0.462067 6.132059 -0.025506
11.510026 -7.804148 0.094534 -1.569198 75.020432 -1.273132 0.175475 0.557921 6.121665 -0.026821
11.627027 -7.975438 -0.125694 -1.656269 75.734558 -1.320168 0.179288 0.598833 6.110326 -0.024558
11.760026 -8.162748 -0.402242 -1.700854 76.550339 -1.376854 0.194579 0.603567 6.100410 -0.023831
11.877027 -8.327858 -0.637543 -1.704982 77.256348 -1.427982 0.216245 0.586142 6.102376 -0.026622
12.010027 -8.526155 -0.901311 -1.701586 78.071693 -1.488445 0.246913 0.556232 6.103811 -0.025250
12.127028 -8.712276 -1.100031 -1.674234 78.777283 -1.542600 0.276928 0.522628 6.101057 -0.028853
12.261028 -8.954469 -1.316937 -1.651437 79.591591 -1.608356 0.310711 0.462928 6.093444 -0.031283
12.377028 -9.172673 -1.472295 -1.627769 80.302048 -1.667341 0.334745 0.382566 6.089608 -0.033748
12.511029 -9.437727 -1.607965 -1.594535 81.108459 -1.736428 0.353212 0.260930 6.082861 -0.034598
12.628029 -9.677358 -1.666461 -1.601717 81.816498 -1.800008 0.361241 0.142269 6.072147 -0.036184
12.762028 -9.941998 -1.695770 -1.660072 82.620163 -1.874381 0.359951 0.019040 6.064332 -0.035066
12.878027 -10.179464 -1.696699 -1.695644 83.331200 -1.941713 0.348235 -0.063640 6.042357 -0.035467
13.011026 -10.454235 -1.670548 -1.705556 84.129593 -2.020176 0.326838 -0.122663 6.024485 -0.037174
13.128027 -10.699759 -1.609496 -1.646267 84.823166 -2.089130 0.303227 -0.153748 5.995602 -0.036495
13.261027 -10.981342 -1.520343 -1.516461 85.619072 -2.171947 0.276315 -0.185195 5.954482 -0.036374
13.378028 -11.220896 -1.412646 -1.375596 86.302673 -2.245959 0.256056 -0.223176 5.912968 -0.034997
13.512029 -11.505406 -1.278844 -1.126648 87.086281 -2.331953 0.235668 -0.287820 5.855985 -0.036533
13.629028 -11.757190 -1.166906 -0.965887 87.770172 -2.411832 0.223523 -0.359888 5.821683 -0.036740
13.763029 -12.040420 -1.065199 -0.752674 88.535088 -2.505773 0.216896 -0.444952 5.774796 -0.036337
13.880030 -12.300182 -0.993672 -0.536366 89.202385 -2.590620 0.217092 -0.509601 5.733409 -0.038909
14.013030 -12.589790 -0.923839 -0.325944 89.954720 -2.689435 0.222141 -0.558142 5.682095 -0.038891
14.130031 -12.845678 -0.889239 -0.206781 90.610939 -2.778725 0.230097 -0.571473 5.644706 -0.037190
14.263031 -13.155314 -0.919748 -0.123555 91.357491 -2.883908 0.241804 -0.548472 5.615115 -0.040755
14.380032 -13.425725 -0.999794 -0.060521 92.000145 -2.977062 0.253374 -0.496031 5.589469 -0.040902
14.513032 -13.740783 -1.136166 -0.027483 92.740219 -3.085689 0.265336 -0.404741 5.578161 -0.041234
14.630033 -14.012530 -1.278884 -0.036374 93.379890 -3.180253 0.273004 -0.308893 5.569724 -0.041189
14.764033 -14.333454 -1.476774 -0.058409 94.117317 -3.291590 0.277823 -0.191287 5.562733 -0.042364
14.880033 -14.625836 -1.660633 -0.094590 94.760468 -3.391943 0.278956 -0.090964 5.562161 -0.045168
15.014034 -14.964833 -1.877443 -0.226482 95.490089 -3.509323 0.276980 0.013188 5.554006 -0.045589
15.131035 -15.257751 -2.054738 -0.387768 96.131065 -3.615986 0.272905 0.092653 5.553005 -0.044721
15.264035 -15.611639 -2.226587 -0.552164 96.858955 -3.740438 0.266117 0.171085 5.551953 -0.048324
15.381036 -15.937789 -2.338957 -0.713174 97.497200 -3.851984 0.260414 0.237359 5.527997 -0.048987
15.514036 -16.303663 -2.391210 -0.916439 98.219688 -3.980930 0.254140 0.320385 5.510979 -0.049463
15.631037 -16.631809 -2.382177 -1.081037 98.853119 -4.096175 0.247585 0.402980 5.497557 -0.049725
15.764037 -17.004124 -2.336188 -1.263985 99.576103 -4.229956 0.240140 0.501008 5.479657 -0.049128
15.881038 -17.336241 -2.245504 -1.425769 100.198601 -4.348336 0.235392 0.578110 5.449465 -0.052037
16.014038 -17.730942 -2.078237 -1.599862 100.913155 -4.488007 0.230150 0.646400 5.419210 -0.052529
16.131041 -18.087587 -1.906855 -1.748091 101.532455 -4.611506 0.224223 0.679480 5.383430 -0.054601
16.265043 -18.509041 -1.668061 -1.918353 102.231125 -4.754259 0.217168 0.677581 5.345346 -0.056068
16.381046 -18.875599 -1.458362 -2.052603 102.840912 -4.884228 0.210477 0.635620 5.320534 -0.053588
16.515049 -19.292143 -1.226343 -2.204974 103.530037 -5.034521 0.201939 0.542285 5.291774 -0.055847
16.632051 -19.684586 -1.025221 -2.297244 104.133362 -5.167796 0.194195 0.424699 5.272157 -0.059759
16.765055 -20.151365 -0.835493 -2.350379 104.814980 -5.322678 0.184629 0.256896 5.247143 -0.062678
16.882057 -20.569353 -0.693690 -2.392519 105.412186 -5.461859 0.174446 0.085859 5.237271 -0.061684
17.015059 -21.040174 -0.539811 -2.428596 106.093773 -5.623428 0.160876 -0.119685 5.222051 -0.062856
17.132061 -21.449717 -0.421952 -2.433045 106.681625 -5.765909 0.149743 -0.282598 5.210021 -0.061782
17.266064 -21.929419 -0.310911 -2.380302 107.357750 -5.933653 0.138237 -0.426675 5.190938 -0.064264
17.382067 -22.361967 -0.253233 -2.309585 107.945969 -6.084178 0.127989 -0.506176 5.188580 -0.065683
17.516069 -22.866562 -0.215132 -2.255960 108.612717 -6.259544 0.117743 -0.555145 5.184042 -0.066907
17.632072 -23.323759 -0.174089 -2.236089 109.197746 -6.417286 0.109297 -0.576621 5.178603 -0.068685
17.766075 -23.859570 -0.129365 -2.174052 109.861534 -6.600521 0.101123 -0.586120 5.178259 -0.071675
17.883078 -24.348614 -0.102857 -2.090026 110.444313 -6.763870 0.093843 -0.581034 5.169098 -0.073687
18.016081 -24.910301 -0.074457 -2.084592 111.105972 -6.952815 0.086156 -0.556016 5.177716 -0.074258
18.133083 -25.431200 -0.031835 -2.043740 111.688095 -7.121311 0.078841 -0.513983 5.179898 -0.078743
18.268085 -26.056391 0.035878 -1.982571 112.353676 -7.317989 0.071258 -0.438818 5.181432 -0.083312
18.383087 -26.635651 0.129320 -1.971457 112.933784 -7.492189 0.066016 -0.347508 5.171960 -0.087426
18.516090 -27.304010 0.280261 -2.059038 113.589249 -7.694988 0.060738 -0.219512 5.153988 -0.087303
18.633093 -27.887415 0.433317 -2.178426 114.157700 -7.875781 0.056708 -0.098621 5.134557 -0.087851
18.767096 -28.582207 0.629071 -2.367726 114.811028 -8.089861 0.052538 0.035401 5.124633 -0.090924
18.883099 -29.188917 0.820086 -2.555115 115.377953 -8.281268 0.048346 0.140243 5.109008 -0.090379
19.017101 -29.890434 1.057214 -2.785931 116.019554 -8.503351 0.042355 0.245900 5.103590 -0.092075
19.133104 -30.516130 1.255454 -3.029001 116.582138 -8.701636 0.033900 0.327161 5.095329 -0.093495
19.267107 -31.232485 1.490455 -3.362545 117.219742 -8.931088 0.022873 0.398614 5.091052 -0.092395
19.384109 -31.877720 1.694998 -3.728021 117.777222 -9.137682 0.013133 0.433221 5.080205 -0.096421
19.517113 -32.639000 1.912744 -4.230371 118.413254 -9.378901 0.000218 0.437153 5.074673 -0.098637
19.634115 -33.308346 2.079412 -4.626795 118.962082 -9.590263 -0.010975 0.419854 5.065591 -0.099376
19.767118 -34.092335 2.274267 -5.078644 119.593567 -9.837321 -0.023180 0.395082 5.059474 -0.100764
19.884121 -34.785431 2.437350 -5.457310 120.138840 -10.054533 -0.032123 0.376919 5.062805 -0.103055
20.018124 -35.623447 2.615714 -5.965321 120.766098 -10.309823 -0.039807 0.349170 5.049548 -0.107103
20.134127 -36.377392 2.762589 -6.448475 121.310768 -10.535692 -0.044866 0.301093 5.029523 -0.109019
20.268127 -37.243763 2.919369 -7.017818 121.925323 -10.796822 -0.049065 0.207165 5.020678 -0.108926
20.385130 -38.007557 3.057436 -7.490600 122.462769 -11.031054 -0.051310 0.097325 5.007559 -0.111489
20.502132 -38.786175 3.202606 -7.928220 122.997787 -11.267635 -0.052089 -0.019248 4.992769 -0.113272
20.635136 -39.685898 3.363821 -8.469381 123.601913 -11.539904 -0.049009 -0.138039 4.969709 -0.114544
20.768139 -40.589703 3.532821 -9.019121 124.200516 -11.816393 -0.044603 -0.231458 4.951730 -0.114423
20.885141 -41.397789 3.683477 -9.506154 124.723236 -12.063141 -0.039685 -0.293634 4.932196 -0.117209
21.002144 -42.218349 3.804579 -9.974172 125.242859 -12.312487 -0.033504 -0.340093 4.924307 -0.118877
21.135147 -43.161255 3.922652 -10.497055 125.834610 -12.601877 -0.025731 -0.375052 4.912363 -0.117802
21.252150 -43.976788 4.004024 -10.909081 126.344086 -12.856018 -0.017004 -0.388821 4.906098 -0.118475
21.385153 -44.923904 4.110988 -11.371572 126.929504 -13.155145 -0.008966 -0.383814 4.910256 -0.119590
21.502155 -45.749535 4.207687 -11.735570 127.434326 -13.417921 -0.002257 -0.357699 4.902934 -0.119857
21.635159 -46.706959 4.332539 -12.170842 128.015564 -13.725576 0.006511 -0.295027 4.909529 -0.121143
21.752161 -47.536613 4.462997 -12.596665 128.521942 -13.998091 0.014557 -0.208256 4.917942 -0.116857
21.886164 -48.446053 4.635251 -13.059255 129.096359 -14.312541 0.023115 -0.081146 4.931953 -0.112737
22.002167 -49.234581 4.803383 -13.512724 129.600983 -14.592794 0.031022 0.037273 4.937566 -0.112436
22.136169 -50.123211 5.007943 -14.018370 130.174896 -14.914516 0.041279 0.152531 4.950106 -0.108952
22.253172 -50.889713 5.175960 -14.543306 130.679352 -15.201300 0.050853 0.221187 4.961554 -0.105433
22.386175 -51.727039 5.352479 -15.128675 131.253067 -15.531117 0.063010 0.258527 4.986407 -0.100458
22.503178 -52.414051 5.520096 -15.577589 131.758255 -15.824520 0.076265 0.262546 4.995937 -0.093807
22.636181 -53.168022 5.715849 -16.018728 132.336411 -16.162535 0.094945 0.245853 4.999882 -0.091267
22.753183 -53.800350 5.872538 -16.399733 132.835556 -16.459152 0.112815 0.220984 5.006241 -0.087438
22.887186 -54.500145 6.041233 -16.842299 133.411804 -16.805145 0.134203 0.186900 5.022587 -0.082888
23.003189 -55.072819 6.176087 -17.245218 133.915634 -17.109514 0.155290 0.156930 5.035193 -0.076518
23.137192 -55.678375 6.321968 -17.654453 134.489441 -17.458899 0.180387 0.127095 5.057885 -0.072673
23.254194 -56.184505 6.417412 -18.023939 134.994171 -17.769543 0.201694 0.106463 5.070193 -0.067100
23.387197 -56.712723 6.512609 -18.399204 135.567413 -18.127522 0.225129 0.088232 5.090301 -0.062670
23.504200 -57.147827 6.573322 -18.679762 136.072830 -18.445877 0.247235 0.074158 5.114994 -0.058767
23.637203 -57.611519 6.618708 -18.993793 136.651611 -18.808998 0.276015 0.059091 5.153063 -0.054619
23.754206 -57.988312 6.654546 -19.234100 137.162918 -19.130119 0.302413 0.048883 5.167363 -0.052027
23.887209 -58.411518 6.662592 -19.495939 137.749954 -19.500534 0.331600 0.044214 5.191868 -0.050738
24.004211 -58.765102 6.661781 -19.771696 138.260376 -19.823832 0.357337 0.044631 5.218026 -0.046919
24.137215 -59.147144 6.646397 -20.143625 138.852188 -20.200480 0.386050 0.040430 5.245243 -0.043455
24.254217 -59.461067 6.600943 -20.459011 139.366592 -20.529516 0.409661 0.022615 5.280107 -0.039831
24.387220 -59.803974 6.539162 -20.824724 139.963409 -20.912830 0.435588 -0.020500 5.304206 -0.038815
24.504223 -60.086720 6.481080 -21.130346 140.487015 -21.249239 0.457005 -0.075698 5.332294 -0.037571
24.638226 -60.397861 6.428141 -21.408899 141.084488 -21.632990 0.478625 -0.151402 5.343079 -0.035603
24.755228 -60.663063 6.375582 -21.683758 141.611099 -21.972303 0.495233 -0.223121 5.360116 -0.033591
24.888229 -60.945000 6.291965 -21.995789 142.210709 -22.359804 0.512561 -0.300364 5.372649 -0.031625
25.005232 -61.167198 6.184381 -22.218893 142.738754 -22.702436 0.525363 -0.351539 5.391297 -0.029370
25.138235 -61.410389 6.016472 -22.374937 143.345703 -23.095514 0.539700 -0.375304 5.392667 -0.029644
25.255238 -61.613621 5.861289 -22.435270 143.871155 -23.435667 0.552219 -0.362293 5.394475 -0.028667
25.388241 -61.835213 5.668116 -22.511930 144.476532 -23.829918 0.568324 -0.319396 5.383234 -0.026770
25.505243 -62.005127 5.467548 -22.558897 145.004883 -24.176031 0.584477 -0.270600 5.401876 -0.023366
25.639246 -62.154175 5.231363 -22.460464 145.607193 -24.570700 0.604539 -0.207572 5.422283 -0.018875
25.756248 -62.268677 5.043835 -22.369097 146.136230 -24.919798 0.623087 -0.139587 5.419078 -0.017174
25.889252 -62.352512 4.837119 -22.186939 146.737625 -25.317759 0.646074 -0.041996 5.425327 -0.010419
26.006254 -62.411961 4.654725 -21.966690 147.265076 -25.669313 0.666639 0.055524 5.416644 -0.011532
26.139257 -62.466991 4.455115 -21.663000 147.863388 -26.071741 0.689567 0.161545 5.427214 -0.008861
26.256260 -62.490734 4.268204 -21.445356 148.389450 -26.428629 0.710720 0.238037 5.438269 -0.004953
26.389263 -62.483528 4.070976 -21.110073 148.987442 -26.837387 0.733552 0.303613 5.447591 -0.000201
26.506266 -62.452267 3.901160 -20.720982 149.516922 -27.202126 0.751068 0.347489 5.449239 0.000494
26.639269 -62.398369 3.684538 -20.263086 150.109695 -27.616375 0.767849 0.383288 5.435866 0.005337
26.756271 -62.320683 3.492883 -19.831076 150.624832 -27.981066 0.779471 0.398910 5.443961 0.009899
26.890274 -62.192345 3.274408 -19.278997 151.215973 -28.407125 0.789891 0.392660 5.438475 0.014566
27.006277 -62.048908 3.089589 -18.769119 151.730774 -28.783678 0.796908 0.364854 5.454991 0.017352
27.140280 -61.856674 2.877961 -18.060837 152.313309 -29.216404 0.802087 0.312466 5.453610 0.022135
27.257282 -61.672901 2.695056 -17.396324 152.821869 -29.601744 0.804145 0.253729 5.455021 0.023391
27.390285 -61.434952 2.488036 -16.503927 153.397308 -30.045328 0.802970 0.178299 5.466819 0.027510
27.507288 -61.195675 2.302965 -15.643997 153.901199 -30.440731 0.801100 0.107903 5.477919 0.032178
27.634291 -60.936249 2.071035 -14.705881 154.402420 -30.841015 0.799450 0.036402 5.489685 0.034609
27.757294 -60.614418 1.768417 -13.544847 154.970383 -31.302483 0.797853 -0.043322 5.507274 0.038131
27.890297 -60.279171 1.465362 -12.336938 155.537369 -31.776556 0.795788 -0.118439 5.520794 0.040671
28.007299 -59.979012 1.174298 -11.322957 156.024277 -32.193783 0.793481 -0.175506 5.535877 0.043069
28.140303 -59.608925 0.818026 -9.989635 156.583984 -32.683388 0.791853 -0.226833 5.560206 0.046311
28.257305 -59.257648 0.485999 -8.771626 157.069611 -33.118031 0.791820 -0.254882 5.580034 0.052089
28.391308 -58.812866 0.089807 -7.270594 157.618759 -33.621067 0.793144 -0.266959 5.614450 0.062253
28.507311 -58.370251 -0.273633 -5.889558 158.099243 -34.071686 0.794344 -0.265065 5.643081 0.068130
28.641314 -57.835243 -0.707133 -4.260921 158.643692 -34.594418 0.795246 -0.260140 5.696258 0.074879
28.758316 -57.341461 -1.092755 -2.816275 159.120468 -35.062874 0.795016 -0.262319 5.725465 0.078582
28.891317 -56.741966 -1.545307 -1.171646 159.659836 -35.605228 0.791554 -0.273226 5.772354 0.086441
29.008320 -56.182083 -1.960130 0.255544 160.133682 -36.090397 0.784454 -0.280715 5.811609 0.092545
29.141323 -55.489620 -2.419577 1.841264 160.673798 -36.657169 0.770303 -0.270653 5.867296 0.101610
29.258326 -54.850605 -2.799642 3.217227 161.140778 -37.156017 0.755540 -0.238709 5.909089 0.107990
29.392328 -54.070572 -3.211791 4.770660 161.677856 -37.741314 0.735406 -0.179799 5.944026 0.114679
29.508331 -53.361637 -3.540752 6.110248 162.142548 -38.260204 0.712863 -0.120080 5.958649 0.119692
29.642334 -52.527744 -3.890044 7.514850 162.663605 -38.859150 0.685481 -0.054038 5.979675 0.121853
29.759335 -51.781475 -4.158828 8.637815 163.117447 -39.392036 0.660035 -0.000822 5.985808 0.124052
29.892338 -50.927578 -4.430991 9.807483 163.626999 -40.003593 0.628840 0.056471 5.981632 0.125901
30.009340 -50.144577 -4.632817 10.701637 164.067429 -40.546333 0.600118 0.108008 5.967313 0.127733
30.142344 -49.226170 -4.808079 11.489835 164.555679 -41.169159 0.567306 0.171412 5.939405 0.130368
30.259344 -48.393410 -4.913009 12.027173 164.975266 -41.720486 0.538411 0.231163 5.908303 0.130582
30.392347 -47.433914 -4.996907 12.526870 165.442291 -42.348652 0.505394 0.297985 5.861636 0.130806
30.509350 -46.589115 -5.047799 12.861033 165.842911 -42.900593 0.477436 0.347928 5.809305 0.129364
30.642353 -45.626003 -5.093694 13.112164 166.289764 -43.531090 0.442917 0.386367 5.736035 0.126748
30.759356 -44.789654 -5.102669 13.219635 166.669006 -44.079319 0.410041 0.400436 5.666475 0.125674
30.893358 -43.860752 -5.101657 13.252220 167.086395 -44.698189 0.368693 0.395515 5.578455 0.120373
31.009361 -43.073029 -5.080917 13.206868 167.440918 -45.239182 0.329887 0.374974 5.490219 0.114788
31.127363 -42.315567 -5.052962 13.138167 167.783691 -45.773235 0.288935 0.339800 5.382006 0.109956
31.261366 -41.501060 -4.984224 13.027194 168.161911 -46.375462 0.240080 0.279755 5.253540 0.100874
31.377369 -40.830650 -4.898342 12.891311 168.479996 -46.893204 0.196475 0.208510 5.146911 0.097057
31.511372 -40.104897 -4.767954 12.754457 168.828964 -47.469177 0.147216 0.107942 5.009061 0.089917
31.628374 -39.516945 -4.617677 12.612540 169.124222 -47.967434 0.105428 0.008069 4.905219 0.083108
31.761377 -38.920288 -4.391154 12.354583 169.447968 -48.523438 0.061917 -0.108483 4.782120 0.071108
31.878380 -38.454540 -4.147660 12.061821 169.725266 -49.002758 0.025834 -0.206218 4.697535 0.061837
32.011383 -38.025837 -3.772173 11.601564 170.035675 -49.539639 -0.011168 -0.306867 4.576528 0.044398
32.128372 -37.749912 -3.360519 11.071521 170.300583 -49.994164 -0.038908 -0.380364 4.509347 0.031190
32.261360 -37.533421 -2.772711 10.343457 170.605026 -50.506737 -0.065502 -0.442460 4.406991 0.015644
32.378349 -37.447212 -2.192322 9.613273 170.868973 -50.939358 -0.083113 -0.469221 4.346209 0.002022
32.512337 -37.466095 -1.448192 8.584493 171.176102 -51.428810 -0.097472 -0.464380 4.289399 -0.012783
32.628326 -37.577251 -0.735985 7.555528 171.448441 -51.847549 -0.105778 -0.433802 4.254589 -0.023435
32.762314 -37.803074 0.117060 6.304551 171.765854 -52.312561 -0.110439 -0.385499 4.223063 -0.035574
32.878304 -38.084068 0.871699 5.108128 172.052155 -52.713902 -0.110722 -0.346010 4.212462 -0.044371
33.012295 -38.494442 1.716582 3.567319 172.387955 -53.162895 -0.109425 -0.310787 4.218363 -0.052977
33.129284 -38.918518 2.407163 2.180494 172.693756 -53.552063 -0.105639 -0.278899 4.237366 -0.057190
33.262272 -39.477722 3.125503 0.559183 173.054810 -53.989475 -0.098032 -0.220760 4.286612 -0.066332
33.379261 -40.032394 3.681975 -0.852968 173.385361 -54.371517 -0.087933 -0.138346 4.337920 -0.073082
33.512249 -40.725155 4.213410 -2.432099 173.780563 -54.808544 -0.071248 -0.012153 4.443190 -0.078074
33.629238 -41.351040 4.590348 -3.709694 174.138443 -55.186863 -0.052611 0.108459 4.522714 -0.080570
33.763226 -42.089565 4.935905 -5.031898 174.572708 -55.623711 -0.025193 0.240160 4.655176 -0.082988
33.879215 -42.754654 5.145045 -6.164312 174.970367 -56.007000 0.005131 0.338992 4.763398 -0.085730
34.013203 -43.519764 5.298004 -7.329741 175.443390 -56.444527 0.046388 0.431311 4.900168 -0.088328
34.129192 -44.201069 5.355512 -8.282115 175.878021 -56.830708 0.087215 0.495740 5.016216 -0.089536
34.263180 -44.972958 5.321930 -9.318715 176.391052 -57.273880 0.138725 0.547644 5.155069 -0.090061
34.380169 -45.657734 5.230864 -10.081362 176.860199 -57.665340 0.184996 0.568977 5.269432 -0.092630
34.513157 -46.427711 5.071716 -10.716655 177.414810 -58.112297 0.237283 0.557798 5.415749 -0.093845
34.630146 -47.094883 4.901534 -11.155924 177.918945 -58.507877 0.282375 0.513930 5.518895 -0.093142
34.763134 -47.838718 4.666588 -11.562152 178.513092 -58.963779 0.329751 0.430524 5.633333 -0.093399
34.880123 -48.475407 4.415658 -11.802989 179.039734 -59.361534 0.365885 0.341794 5.727807 -0.092439
35.013111 -49.187393 4.101644 -11.965016 179.663162 -59.824463 0.402001 0.235770 5.840293 -0.089214
35.130100 -49.775715 3.833582 -11.955361 180.219574 -60.231167 0.428244 0.146785 5.926716 -0.085239
35.264088 -50.411579 3.544285 -11.907888 180.862808 -60.696327 0.452032 0.047930 5.997808 -0.082690
35.380077 -50.943512 3.323062 -11.832394 181.436127 -61.107971 0.467720 -0.042513 6.055081 -0.076357
35.514065 -51.503860 3.144808 -11.721936 182.095139 -61.578819 0.480140 -0.154115 6.110588 -0.071675
35.631054 -51.966110 3.045143 -11.644594 182.680008 -61.994625 0.487488 -0.259881 6.143333 -0.068023
35.764042 -52.452866 2.984534 -11.490014 183.348495 -62.468353 0.490546 -0.383090 6.177599 -0.062193
35.881031 -52.833374 2.961895 -11.255677 183.940445 -62.884457 0.492635 -0.485929 6.186504 -0.054628
36.014019 -53.224693 2.985868 -10.985414 184.619232 -63.360020 0.493895 -0.586361 6.182466 -0.050259
36.131008 -53.523949 3.030194 -10.817326 185.206436 -63.771721 0.494242 -0.649820 6.180590 -0.042732
36.263996 -53.795307 3.104347 -10.622181 185.884827 -64.245850 0.496915 -0.684111 6.171388 -0.032094
36.380985 -53.986866 3.165354 -10.458253 186.476181 -64.658836 0.501175 -0.666398 6.155202 -0.028752
36.514973 -54.171127 3.257014 -10.271671 187.144958 -65.126289 0.507937 -0.577799 6.119783 -0.021968
36.630962 -54.282726 3.335358 -10.066497 187.731766 -65.534767 0.516442 -0.440339 6.104131 -0.014325
36.764950 -54.345867 3.407430 -9.821210 188.396790 -65.997971 0.529799 -0.241705 6.080503 -0.007123
36.881939 -54.351974 3.454383 -9.667027 188.978287 -66.405075 0.543809 -0.064112 6.056920 0.000299
37.014927 -54.330452 3.505775 -9.613974 189.634796 -66.868370 0.559382 0.106535 6.025464 0.005258
37.131916 -54.268753 3.525540 -9.525975 190.208954 -67.275597 0.572924 0.217989 6.012900 0.009938
37.264904 -54.153091 3.510462 -9.366472 190.865479 -67.741379 0.588724 0.306486 6.001833 0.016867
37.381893 -54.016205 3.472799 -9.260563 191.432297 -68.146393 0.601796 0.359010 6.000250 0.021373
37.514881 -53.831963 3.404968 -9.203537 192.084000 -68.616516 0.615623 0.401241 5.994333 0.025037
37.631870 -53.630047 3.305457 -9.108805 192.646118 -69.026360 0.624012 0.425910 5.999302 0.033071
37.765858 -53.343204 3.143434 -8.956953 193.294846 -69.504150 0.629269 0.440253 6.023270 0.038092
37.881847 -53.062374 2.957214 -8.914633 193.860382 -69.926529 0.629566 0.435740 6.047763 0.043504
38.015835 -52.700451 2.697465 -8.879231 194.504303 -70.411804 0.626696 0.406551 6.073473 0.050002
38.132824 -52.349178 2.458450 -8.879772 195.069199 -70.845245 0.622210 0.363411 6.097627 0.054365
38.265812 -51.913231 2.171831 -8.839777 195.712097 -71.344414 0.614635 0.309171 6.137571 0.059420
38.382801 -51.493721 1.901381 -8.712648 196.279053 -71.787796 0.606224 0.268989 6.159931 0.063821
38.515789 -50.965282 1.593505 -8.496868 196.928207 -72.299721 0.594805 0.232853 6.175509 0.070000
38.632778 -50.482452 1.343649 -8.243114 197.489685 -72.747116 0.584250 0.198894 6.199686 0.074383
38.765766 -49.880718 1.067727 -7.853611 198.138367 -73.270943 0.573193 0.139791 6.237380 0.079641
38.882755 -49.323708 0.839314 -7.375386 198.704987 -73.733566 0.564368 0.064773 6.258610 0.084563
39.016743 -48.646973 0.593617 -6.766126 199.346649 -74.266800 0.555600 -0.040748 6.287742 0.090046
39.132732 -48.027477 0.391018 -6.176644 199.910858 -74.742081 0.548965 -0.140040 6.318148 0.092538
39.266720 -47.292530 0.171102 -5.403080 200.552002 -75.289665 0.539603 -0.248792 6.354710 0.098563
39.383709 -46.617451 -0.016329 -4.585912 201.115417 -75.777267 0.529345 -0.336964 6.377118 0.102403
39.516697 -45.824608 -0.227834 -3.644459 201.754410 -76.338554 0.516019 -0.428699 6.406159 0.105138
39.633686 -45.107216 -0.396675 -2.768981 202.314102 -76.838364 0.499678 -0.499586 6.423036 0.109115
39.766674 -44.254761 -0.563654 -1.717890 202.952301 -77.417343 0.476557 -0.556888 6.436918 0.113808
39.883663 -43.501587 -0.685260 -0.761260 203.501480 -77.923836 0.452870 -0.568556 6.442091 0.116121
40.016651 -42.610622 -0.817378 0.451126 204.132828 -78.513054 0.423164 -0.520588 6.443446 0.118640
40.133640 -41.826954 -0.908572 1.516634 204.676895 -79.025681 0.398339 -0.425888 6.441175 0.121669
40.267628 -40.914898 -1.003592 2.731364 205.301056 -79.620689 0.372087 -0.277521 6.425349 0.121613
40.383617 -40.126431 -1.071070 3.831898 205.842056 -80.141693 0.350253 -0.142307 6.412978 0.119308
40.517605 -39.228107 -1.146663 5.025773 206.451431 -80.734879 0.325679 -0.008243 6.378598 0.122335
40.634594 -38.440342 -1.231378 6.107336 206.982895 -81.255669 0.307028 0.086299 6.350134 0.119939
40.767582 -37.563091 -1.320400 7.257811 207.581192 -81.847557 0.290834 0.173925 6.314384 0.118308
40.884571 -36.801098 -1.380075 8.095729 208.101227 -82.367409 0.279719 0.239512 6.266956 0.115625
41.017559 -35.954258 -1.441717 8.888552 208.685699 -82.956039 0.268905 0.299663 6.213653 0.112966
41.134548 -35.225849 -1.500480 9.508087 209.193741 -83.470192 0.260838 0.334225 6.147864 0.109267
41.251537 -34.525501 -1.567566 10.069704 209.694580 -83.980141 0.254763 0.348911 6.084882 0.105446
41.384525 -33.763443 -1.647088 10.622239 210.256439 -84.555122 0.247798 0.346346 6.017727 0.099415
41.501514 -33.140430 -1.706028 10.968925 210.745804 -85.055695 0.242990 0.336637 5.956523 0.090736
41.634502 -32.487408 -1.750297 11.245643 211.299850 -85.623619 0.238594 0.328381 5.892181 0.083884
41.751492 -31.949276 -1.776378 11.420094 211.774292 -86.109543 0.233470 0.328049 5.820844 0.080337
41.884480 -31.367357 -1.780025 11.463087 212.316147 -86.662674 0.226435 0.331497 5.744674 0.072337
42.001469 -30.892164 -1.760718 11.360105 212.783829 -87.138321 0.220173 0.328095 5.664808 0.068486
42.135456 -30.398775 -1.710722 11.135841 213.310013 -87.670860 0.211002 0.303958 5.592712 0.060211
42.251446 -30.010029 -1.647190 10.810953 213.767502 -88.131859 0.200544 0.258183 5.520870 0.054071
42.385433 -29.621056 -1.558065 10.372005 214.284134 -88.646385 0.186054 0.177936 5.456195 0.046968
42.502422 -29.322258 -1.441524 9.910837 214.735992 -89.091400 0.171968 0.087875 5.397278 0.039542
42.635410 -29.032825 -1.280695 9.312335 215.248001 -89.587540 0.154568 -0.024613 5.331530 0.034430
42.752399 -28.812361 -1.101122 8.705774 215.696075 -90.015900 0.139615 -0.118290 5.273478 0.029759
42.885387 -28.605377 -0.876121 7.888729 216.207306 -90.498535 0.121323 -0.203172 5.229347 0.022249
43.002377 -28.458590 -0.675331 7.124161 216.649887 -90.909042 0.106419 -0.252869 5.186996 0.017863
43.135365 -28.338366 -0.450980 6.146757 217.162872 -91.374916 0.089515 -0.293947 5.159969 0.012088
43.252354 -28.269253 -0.266904 5.239147 217.611832 -91.775085 0.078201 -0.331569 5.133481 0.007112
43.386341 -28.228786 -0.064968 4.132260 218.124115 -92.224800 0.070263 -0.385376 5.122528 0.003200
43.502331 -28.215986 0.093901 3.167433 218.577881 -92.616371 0.066545 -0.433050 5.120796 0.000800
43.636318 -28.225817 0.298634 2.120092 219.096512 -93.057632 0.066521 -0.464205 5.115936 -0.002175
43.753307 -28.263103 0.466062 1.249601 219.556137 -93.442055 0.070596 -0.456419 5.129151 -0.005917
43.886295 -28.327072 0.647384 0.304089 220.084122 -93.875717 0.078757 -0.407688 5.144880 -0.007546
44.003284 -28.392675 0.796597 -0.475208 220.553513 -94.254814 0.087485 -0.342451 5.168802 -0.008085
44.136272 -28.486300 0.964537 -1.312526 221.094193 -94.683601 0.100132 -0.260484 5.202276 -0.011620
44.253262 -28.588163 1.103605 -1.952267 221.577545 -95.058792 0.112712 -0.189704 5.249100 -0.014670
44.386250 -28.713640 1.242383 -2.550157 222.139084 -95.489426 0.124912 -0.109672 5.301287 -0.015303
44.503239 -28.831932 1.334999 -2.961087 222.636124 -95.866432 0.133858 -0.035910 5.355081 -0.017493
44.637226 -28.969667 1.419731 -3.266042 223.210403 -96.294304 0.142917 0.055445 5.405293 -0.016944
44.753216 -29.099615 1.511414 -3.438563 223.723404 -96.670830 0.151064 0.138706 5.465591 -0.019461
44.887203 -29.263769 1.640195 -3.521563 224.316010 -97.101006 0.160338 0.225026 5.532703 -0.021638
45.004192 -29.407007 1.754863 -3.483247 224.845825 -97.479492 0.166391 0.282040 5.588007 -0.020763
45.137180 -29.578701 1.885088 -3.368463 225.456375 -97.912666 0.170490 0.316522 5.659456 -0.024688
45.254169 -29.742664 1.999801 -3.154047 226.002884 -98.294449 0.173326 0.320982 5.722811 -0.026048
45.387157 -29.928947 2.129888 -2.839961 226.639709 -98.732399 0.175679 0.306896 5.800258 -0.025479
45.504147 -30.089825 2.242169 -2.529630 227.200607 -99.110939 0.176397 0.289914 5.857224 -0.025621
45.637135 -30.276907 2.365546 -2.159615 227.858032 -99.550018 0.174915 0.274941 5.926996 -0.025664
45.754124 -30.436811 2.465487 -1.736315 228.436462 -99.929863 0.173009 0.268030 5.991116 -0.026663
45.888111 -30.642897 2.589696 -1.206238 229.113358 -100.370819 0.171339 0.264274 6.057347 -0.031485
46.004101 -30.834101 2.694893 -0.780032 229.711472 -100.758034 0.170936 0.262015 6.112853 -0.031708
46.138088 -31.046944 2.809856 -0.388569 230.399780 -101.199532 0.171879 0.258727 6.173981 -0.028583
46.255077 -31.232998 2.935118 -0.108000 231.012512 -101.589996 0.175750 0.253052 6.234536 -0.030497
46.388065 -31.442459 3.087363 0.196501 231.718506 -102.033623 0.181081 0.238708 6.293690 -0.029185
46.505054 -31.625128 3.225901 0.368102 232.347870 -102.424690 0.186727 0.214783 6.353584 -0.029058
46.638042 -31.841568 3.374175 0.511437 233.072372 -102.868347 0.191600 0.171590 6.411489 -0.029707
46.755032 -32.036591 3.495281 0.598126 233.717300 -103.257790 0.194648 0.118573 6.458301 -0.028921
46.888020 -32.259705 3.599952 0.569032 234.462631 -103.705612 0.195451 0.039930 6.510474 -0.029479
47.005009 -32.463020 3.677061 0.467095 235.120483 -104.096443 0.195711 -0.043864 6.555363 -0.029891
47.138996 -32.695812 3.744206 0.280410 235.875809 -104.540939 0.194062 -0.150736 6.615395 -0.027577
47.254986 -32.904675 3.804274 0.029326 236.546356 -104.933792 0.192155 -0.244565 6.665341 -0.028728
47.388973 -33.142422 3.861606 -0.355867 237.315308 -105.381416 0.188172 -0.335561 6.708634 -0.027469
47.505962 -33.346619 3.894538 -0.735903 237.997696 -105.775345 0.184291 -0.392807 6.748896 -0.026272
47.638950 -33.584579 3.916952 -1.240060 238.778320 -106.223763 0.178558 -0.431866 6.785236 -0.026088
47.755939 -33.801212 3.940409 -1.712975 239.469345 -106.618256 0.172013 -0.450521 6.811512 -0.028268
47.888927 -34.069214 3.974121 -2.322262 240.259354 -107.065865 0.165315 -0.461729 6.836053 -0.029439
48.005917 -34.303413 4.029032 -2.864908 240.958710 -107.457100 0.160124 -0.461369 6.856861 -0.029488
48.138905 -34.602024 4.118906 -3.573212 241.762955 -107.904671 0.152808 -0.437403 6.869793 -0.034265
48.255894 -34.880756 4.211727 -4.197471 242.459900 -108.289825 0.146635 -0.386058 6.860283 -0.034687
48.388882 -35.206169 4.342906 -4.866828 243.265106 -108.731766 0.140452 -0.289519 6.853484 -0.036339
48.505871 -35.501537 4.449810 -5.423064 243.962204 -109.112541 0.136243 -0.183104 6.841364 -0.039047
48.640858 -35.879372 4.557372 -6.048466 244.771896 -109.553749 0.132663 -0.050384 6.816213 -0.044223
48.756847 -36.226269 4.649065 -6.546984 245.472687 -109.932419 0.131412 0.059588 6.799078 -0.046759
48.890835 -36.639969 4.750996 -7.084962 246.268112 -110.357925 0.133017 0.169176 6.772541 -0.049522
49.007824 -37.013706 4.843464 -7.556011 246.966339 -110.730171 0.135151 0.246614 6.755722 -0.050049
49.140812 -37.430355 4.936747 -8.045951 247.758759 -111.150299 0.137993 0.309214 6.723725 -0.048068
49.257801 -37.798710 5.035574 -8.465976 248.451660 -111.518570 0.140419 0.342732 6.695470 -0.050654
49.390789 -38.253315 5.150846 -8.974988 249.241837 -111.938438 0.140318 0.363292 6.671333 -0.055940
49.507778 -38.678223 5.246493 -9.382401 249.925156 -112.299255 0.138254 0.372813 6.654020 -0.059913
49.640766 -39.189198 5.363430 -9.813282 250.712326 -112.712830 0.135547 0.377668 6.625466 -0.060915
49.757755 -39.635250 5.454582 -10.224088 251.396790 -113.071892 0.132246 0.372797 6.597072 -0.060545
49.891743 -40.161118 5.561531 -10.713334 252.170929 -113.476837 0.128988 0.348215 6.544082 -0.064708
50.007732 -40.647926 5.640730 -11.157362 252.845490 -113.830338 0.126455 0.303654 6.490758 -0.066412
50.141720 -41.212460 5.701184 -11.656081 253.605530 -114.228897 0.122987 0.224761 6.429082 -0.069848
50.258709 -41.736736 5.738836 -12.058846 254.270096 -114.576103 0.117758 0.134304 6.395673 -0.073540
50.391697 -42.358829 5.769670 -12.488806 255.019867 -114.967293 0.109330 0.019585 6.334944 -0.077126
50.508686 -42.929470 5.782528 -12.911116 255.673859 -115.308479 0.103329 -0.076237 6.284622 -0.079860
50.625675 -43.502487 5.770155 -13.346554 256.321991 -115.646240 0.098762 -0.152424 6.223616 -0.079214
50.758663 -44.167202 5.719133 -13.806070 257.052277 -116.024330 0.093656 -0.205926 6.161003 -0.084640
50.875652 -44.773388 5.667736 -14.187644 257.690155 -116.351952 0.091509 -0.227508 6.105373 -0.085624
51.008640 -45.493092 5.566411 -14.621020 258.413208 -116.723572 0.092767 -0.236232 6.037242 -0.089901
51.125629 -46.126186 5.480060 -15.007287 259.032257 -117.044052 0.096355 -0.238097 5.989522 -0.090113
51.258617 -46.873390 5.386335 -15.480169 259.737976 -117.411957 0.102823 -0.233058 5.907309 -0.091691
51.375607 -47.526314 5.295122 -15.845291 260.347687 -117.729225 0.111594 -0.217640 5.844938 -0.091511
51.509594 -48.260906 5.214617 -16.225246 261.034180 -118.086731 0.125571 -0.187018 5.797207 -0.091479
51.625584 -48.906120 5.182700 -16.562902 261.632690 -118.398743 0.141315 -0.153485 5.746842 -0.091624
51.759571 -49.635822 5.162652 -16.928036 262.304108 -118.751366 0.160595 -0.112269 5.670909 -0.088489
51.876560 -50.251526 5.161502 -17.323559 262.889191 -119.060638 0.178218 -0.071265 5.640347 -0.085456
52.009548 -50.926773 5.183693 -17.689606 263.549835 -119.408882 0.196943 -0.015658 5.594717 -0.083246
52.126537 -51.503105 5.223270 -17.977530 264.127930 -119.711609 0.211913 0.037134 5.567083 -0.081440
52.259525 -52.142162 5.289125 -18.278648 264.785583 -120.055305 0.226241 0.088163 5.516433 -0.078151
52.376514 -52.674950 5.345783 -18.555052 265.349518 -120.351089 0.237056 0.114131 5.469503 -0.075877
52.509502 -53.275623 5.423456 -18.969349 265.994812 -120.690437 0.248622 0.122430 5.420286 -0.071228
52.626492 -53.780632 5.505522 -19.377590 266.549774 -120.982391 0.257449 0.118022 5.383668 -0.069723
52.760479 -54.360710 5.614140 -19.867506 267.185455 -121.317558 0.266048 0.107554 5.342432 -0.067870
52.876469 -54.850269 5.686186 -20.380997 267.737885 -121.608788 0.274551 0.095400 5.328899 -0.064362
53.010456 -55.391586 5.771874 -20.942932 268.363953 -121.936752 0.285646 0.078450 5.302533 -0.063843
53.126446 -55.868820 5.842607 -21.450806 268.911896 -122.223869 0.296386 0.064471 5.277682 -0.062363
53.260433 -56.399231 5.902170 -22.000206 269.531738 -122.549255 0.311245 0.056512 5.258648 -0.061408
53.377422 -56.845985 5.942216 -22.446548 270.075684 -122.833908 0.327913 0.057992 5.233830 -0.058488
53.510410 -57.338272 5.966697 -22.932041 270.695374 -123.157249 0.351025 0.061942 5.199053 -0.056265
53.627399 -57.732925 5.973820 -23.306929 271.228455 -123.435013 0.373533 0.058207 5.168805 -0.051546
53.760387 -58.150570 5.961205 -23.685581 271.840790 -123.754753 0.401785 0.041414 5.144093 -0.048465
53.877377 -58.488728 5.929401 -23.957399 272.368622 -124.030701 0.427476 0.021208 5.132403 -0.045783
54.011364 -58.854149 5.849761 -24.252211 272.976379 -124.350220 0.458471 0.000893 5.113844 -0.042815
54.127354 -59.142365 5.737952 -24.440771 273.504761 -124.630379 0.484974 -0.011665 5.111826 -0.038295
54.261341 -59.435146 5.551208 -24.619450 274.103546 -124.949989 0.512946 -0.025803 5.101978 -0.035467
54.377331 -59.664577 5.344050 -24.685070 274.630859 -125.231529 0.536034 -0.044139 5.114837 -0.031727
54.511318 -59.892769 5.085912 -24.695356 275.228699 -125.552353 0.558599 -0.072128 5.096005 -0.026947
54.628307 -60.065311 4.852789 -24.728189 275.751740 -125.837044 0.575403 -0.097746 5.087238 -0.024330
54.761295 -60.230522 4.579645 -24.692194 276.344849 -126.162834 0.590024 -0.121819 5.085091 -0.020097
54.878284 -60.352188 4.367432 -24.596889 276.863495 -126.452309 0.600230 -0.137843 5.071604 -0.018755
55.011272 -60.456116 4.156236 -24.331297 277.455902 -126.786644 0.609871 -0.153756 5.075438 -0.015549
55.128262 -60.524513 3.993039 -24.034943 277.966125 -127.078819 0.618046 -0.167865 5.062526 -0.011794
55.261250 -60.574333 3.828066 -23.620331 278.551147 -127.419914 0.627943 -0.182954 5.046067 -0.009554
55.378239 -60.607445 3.701218 -23.166887 279.059052 -127.721031 0.635477 -0.188825 5.051885 -0.008462
55.512226 -60.616463 3.610713 -22.620668 279.634155 -128.067795 0.643816 -0.175453 5.044323 -0.002640
55.628216 -60.590778 3.573609 -22.177328 280.135437 -128.376907 0.651607 -0.136740 5.027995 0.001160
55.762203 -60.537148 3.528553 -21.647461 280.700378 -128.733856 0.658427 -0.059502 5.022028 0.004521
55.879192 -60.462372 3.481029 -21.054533 281.195587 -129.052856 0.662162 0.028964 5.041233 0.006166
56.012180 -60.349716 3.426502 -20.232458 281.755768 -129.421066 0.664313 0.133546 5.043637 0.010798
56.129169 -60.222408 3.375607 -19.474901 282.245575 -129.750992 0.665104 0.213338 5.054604 0.013651
56.262157 -60.044651 3.281831 -18.550461 282.803925 -130.135529 0.663508 0.279494 5.067757 0.018193
56.379147 -59.863556 3.157107 -17.688898 283.284882 -130.473480 0.658358 0.311554 5.073977 0.021380
56.512135 -59.631542 2.983689 -16.636694 283.836578 -130.871628 0.648931 0.317991 5.076734 0.024439
56.629124 -59.418610 2.806837 -15.733860 284.310364 -131.222916 0.637473 0.297117 5.086809 0.025234
56.763111 -59.144905 2.569742 -14.637044 284.853912 -131.636093 0.622700 0.246744 5.102926 0.031436
56.879101 -58.881340 2.331047 -13.663529 285.324921 -132.003723 0.609202 0.188424 5.108845 0.034482
57.013088 -58.559181 2.018156 -12.488713 285.854584 -132.430298 0.594806 0.119750 5.120963 0.038406
57.130077 -58.258747 1.716457 -11.394123 286.316925 -132.813202 0.580473 0.067095 5.141139 0.040215
57.263065 -57.893082 1.345955 -10.096888 286.839386 -133.258133 0.560424 0.020069 5.173124 0.045300
57.380054 -57.554939 1.024361 -8.935834 287.294891 -133.659088 0.540679 -0.014216 5.199435 0.048746
57.513042 -57.139709 0.646336 -7.522461 287.813873 -134.127609 0.518403 -0.054372 5.233718 0.054363
57.630032 -56.754158 0.301218 -6.224333 288.260132 -134.541519 0.500605 -0.093465 5.262471 0.059081
57.764019 -56.266129 -0.092672 -4.679038 288.772736 -135.030762 0.478364 -0.138347 5.305713 0.066289
57.880009 -55.810486 -0.441782 -3.346346 289.217712 -135.467026 0.459307 -0.168623 5.340483 0.071825
58.013996 -55.253693 -0.848105 -1.864931 289.720673 -135.972946 0.439159 -0.187513 5.384499 0.077723
58.129986 -54.726665 -1.194349 -0.544035 290.160309 -136.427689 0.420903 -0.193540 5.421630 0.085051
58.263973 -54.085255 -1.556311 1.007145 290.656799 -136.956100 0.400409 -0.195727 5.473861 0.092354
58.380962 -53.487823 -1.848021 2.359707 291.089905 -137.431396 0.381719 -0.196478 5.514831 0.096471
58.513950 -52.771450 -2.152300 3.898148 291.579346 -137.982834 0.360963 -0.194394 5.562923 0.103550
58.630939 -52.118618 -2.388002 5.151865 292.006622 -138.477570 0.344635 -0.188210 5.604096 0.105164
58.763927 -51.351742 -2.626348 6.515917 292.493683 -139.054214 0.325853 -0.176451 5.651234 0.108319
58.880917 -50.677387 -2.801045 7.568370 292.913788 -139.560211 0.308461 -0.162971 5.684603 0.108720
59.013905 -49.892937 -2.969524 8.619001 293.397308 -140.152252 0.287559 -0.143086 5.716573 0.109814
59.130894 -49.201305 -3.076598 9.374677 293.813416 -140.670761 0.269473 -0.121571 5.741078 0.110310
59.263882 -48.390697 -3.141793 10.051216 294.291016 -141.275696 0.250636 -0.091704 5.757562 0.110198
59.380871 -47.665447 -3.168432 10.498444 294.705292 -141.807648 0.236553 -0.059479 5.765108 0.112705
59.514858 -46.837078 -3.136168 10.826122 295.173401 -142.414658 0.224937 -0.010006 5.762838 0.109685
59.630848 -46.123913 -3.055280 10.972803 295.584290 -142.948303 0.217488 0.048739 5.753093 0.105676
59.764835 -45.328278 -2.898732 10.954845 296.048889 -143.554504 0.210351 0.127823 5.735091 0.102754
59.881824 -44.642521 -2.695488 10.801765 296.454620 -144.086838 0.207188 0.195508 5.706736 0.101061
60.014812 -43.873978 -2.391890 10.370008 296.915710 -144.693436 0.206309 0.256926 5.668418 0.096046
