1.20 1.10 20 64
0.130000 0.012831 -0.072629 -0.006446 0.838531 0.000103 -0.138856 -0.629339 6.575288 0.003087
0.258000 0.023180 -0.244826 -0.023410 1.649531 0.000631 -0.110326 -0.654296 6.422599 -0.000671
0.391000 0.014632 -0.507118 0.010838 2.500791 0.001852 -0.053177 -0.658353 6.302685 -0.002740
0.508000 -0.006806 -0.777184 -0.042953 3.225766 0.003997 0.010276 -0.638700 6.210899 -0.004348
0.641000 -0.045682 -1.137767 -0.149399 4.051514 0.005420 0.091684 -0.572494 6.128259 -0.005542
0.761000 -0.072150 -1.489267 -0.262804 4.759043 0.006127 0.163458 -0.470401 6.087808 -0.003994
0.893000 -0.092453 -1.918341 -0.377294 5.572258 0.007233 0.239616 -0.312771 6.057569 -0.003072
1.009000 -0.111753 -2.287544 -0.461384 6.280079 0.008347 0.292775 -0.161318 6.044133 -0.002451
1.142000 -0.120178 -2.692449 -0.531463 7.084723 0.011005 0.333986 0.002747 6.054977 -0.001420
1.258000 -0.137071 -3.015433 -0.602673 7.793826 0.013824 0.350882 0.129039 6.064695 -0.002742
1.376000 -0.151357 -3.277062 -0.663607 8.510379 0.017047 0.350808 0.235670 6.082204 -0.002864
1.509000 -0.168529 -3.455627 -0.699817 9.312927 0.020926 0.331688 0.326658 6.074649 -0.003044
1.626000 -0.188847 -3.517642 -0.701218 10.028954 0.023535 0.300596 0.382723 6.059955 -0.002358
1.759000 -0.204731 -3.461275 -0.696453 10.832506 0.027317 0.253144 0.418471 6.025170 -0.002900
1.876000 -0.223058 -3.306750 -0.753971 11.528998 0.029581 0.206757 0.430437 5.985217 -0.002603
2.009000 -0.242052 -3.038451 -0.747962 12.326021 0.031561 0.155096 0.431183 5.916303 -0.002812
2.125999 -0.260687 -2.726727 -0.758129 13.013123 0.032421 0.116517 0.424798 5.841373 -0.002368
2.258999 -0.280312 -2.305940 -0.787030 13.783479 0.033217 0.082462 0.412516 5.753802 -0.002863
2.375999 -0.306277 -1.906521 -0.765844 14.450989 0.034478 0.062555 0.397056 5.669666 -0.004255
2.508999 -0.336141 -1.461615 -0.729629 15.198201 0.036821 0.054584 0.374038 5.579548 -0.003498
2.625999 -0.359598 -1.118968 -0.742440 15.846365 0.038556 0.059171 0.347183 5.512352 -0.002941
2.760999 -0.378578 -0.800406 -0.813418 16.580313 0.039907 0.076925 0.306519 5.452154 -0.002648
2.876999 -0.396426 -0.608934 -0.910640 17.214645 0.039638 0.099162 0.264047 5.399273 -0.002028
3.010998 -0.409958 -0.495249 -1.021265 17.929859 0.039228 0.126657 0.213788 5.361696 -0.002075
3.127999 -0.423681 -0.513629 -1.127582 18.567011 0.040309 0.150951 0.167570 5.352007 -0.001124
3.260998 -0.427563 -0.631208 -1.179993 19.267790 0.044330 0.176401 0.110585 5.348867 0.000586
3.377998 -0.426466 -0.794074 -1.148486 19.894163 0.049234 0.195382 0.043931 5.359637 0.000737
3.510998 -0.420606 -1.049376 -1.096988 20.608347 0.054843 0.212298 -0.051239 5.379802 0.000849
3.627998 -0.419653 -1.316698 -0.995212 21.239151 0.060676 0.221543 -0.145510 5.401742 0.000100
3.760998 -0.408561 -1.618130 -0.811696 21.965784 0.067619 0.226618 -0.253183 5.436296 0.001154
3.877998 -0.407283 -1.864105 -0.606093 22.597847 0.071828 0.227525 -0.340640 5.456583 0.000292
4.011998 -0.417334 -2.094206 -0.378811 23.331455 0.075505 0.223654 -0.433606 5.489810 -0.001298
4.127998 -0.424495 -2.237116 -0.154092 23.975321 0.079404 0.217757 -0.503465 5.512134 -0.000044
4.261999 -0.434131 -2.319763 0.075746 24.710188 0.084480 0.211272 -0.559641 5.531819 0.000062
4.377999 -0.451263 -2.314216 0.240154 25.357204 0.088983 0.205344 -0.580804 5.530406 -0.001401
4.511999 -0.468747 -2.215535 0.395316 26.092476 0.091855 0.198858 -0.571856 5.525926 -0.001076
4.628999 -0.478247 -2.064425 0.561234 26.737919 0.093875 0.194633 -0.537500 5.509337 -0.001654
4.762000 -0.503881 -1.837579 0.705919 27.474380 0.095183 0.192059 -0.469029 5.485531 -0.004005
4.879000 -0.533417 -1.597801 0.814701 28.108803 0.095786 0.190920 -0.384166 5.457221 -0.003820
5.012001 -0.573141 -1.296181 0.895561 28.839237 0.093887 0.190798 -0.260407 5.446266 -0.004253
5.129001 -0.590863 -1.027895 0.997699 29.470137 0.091473 0.190956 -0.136166 5.434511 -0.001214
5.262002 -0.602188 -0.731774 1.090371 30.196436 0.088256 0.191987 0.015982 5.413085 -0.001779
5.379002 -0.612530 -0.518693 1.179646 30.829134 0.085719 0.191996 0.150682 5.403635 -0.001770
5.515002 -0.628863 -0.336828 1.257297 31.547464 0.080772 0.188285 0.294846 5.400286 -0.002576
5.629003 -0.641001 -0.222538 1.296785 32.179459 0.077193 0.182808 0.407829 5.403571 -0.001712
5.763003 -0.659978 -0.145564 1.387556 32.898838 0.073498 0.174661 0.508383 5.417021 -0.003084
5.879003 -0.681606 -0.126834 1.422943 33.533092 0.071018 0.169026 0.563607 5.425365 -0.003094
6.013003 -0.706970 -0.142884 1.414811 34.255779 0.068792 0.163465 0.581334 5.441526 -0.004055
6.130003 -0.729242 -0.187759 1.373796 34.899555 0.065772 0.159368 0.556235 5.466425 -0.002638
6.263003 -0.747927 -0.247258 1.342850 35.628052 0.063409 0.156262 0.496082 5.484067 -0.001662
6.380003 -0.758022 -0.304836 1.319999 36.270668 0.062423 0.154951 0.433310 5.501651 -0.000522
6.515004 -0.762314 -0.361247 1.263234 37.003773 0.060539 0.155292 0.365538 5.523588 -0.001583
6.630003 -0.777043 -0.411919 1.134057 37.651142 0.057452 0.158021 0.309733 5.543572 -0.002252
6.764003 -0.792894 -0.450067 0.941533 38.389313 0.053466 0.161510 0.235942 5.556941 -0.003190
6.880003 -0.808422 -0.472862 0.806872 39.041248 0.050436 0.166089 0.150514 5.580979 -0.002048
7.014004 -0.814415 -0.493342 0.648270 39.784908 0.046069 0.171962 0.029969 5.601609 -0.000337
7.131005 -0.813271 -0.508620 0.528240 40.441521 0.039815 0.178120 -0.088114 5.622809 -0.000170
7.264005 -0.819102 -0.492538 0.343820 41.190845 0.032311 0.183416 -0.219264 5.642426 -0.001456
7.381006 -0.824095 -0.448759 0.167962 41.851501 0.025918 0.186207 -0.318688 5.651593 -0.000889
7.514006 -0.824506 -0.362202 -0.042927 42.609749 0.019073 0.187198 -0.402318 5.660030 0.000412
7.631007 -0.807596 -0.278286 -0.139661 43.266155 0.014483 0.185752 -0.445361 5.661599 0.003302
7.764007 -0.792760 -0.162996 -0.188490 44.025688 0.010430 0.180802 -0.463432 5.670559 0.001031
7.881007 -0.773294 -0.054753 -0.200332 44.689384 0.007382 0.174856 -0.453977 5.672597 0.002863
8.015008 -0.751062 0.066234 -0.195745 45.443523 0.002218 0.165922 -0.419325 5.670984 0.001990
8.131009 -0.735404 0.164400 -0.133439 46.112289 -0.002875 0.156575 -0.370150 5.666389 0.002423
8.265010 -0.718197 0.249745 -0.027283 46.859264 -0.008737 0.146968 -0.302524 5.652958 0.002777
8.382010 -0.701041 0.286030 0.122190 47.520798 -0.014281 0.140260 -0.239143 5.653248 0.002299
8.515011 -0.675084 0.285661 0.305575 48.283997 -0.020956 0.134127 -0.170319 5.650351 0.003262
8.632010 -0.657026 0.239806 0.473114 48.933800 -0.026928 0.130761 -0.113929 5.650274 0.002064
8.765011 -0.625443 0.148293 0.673450 49.685188 -0.032817 0.127225 -0.049587 5.648472 0.005029
8.882011 -0.576182 0.028015 0.823878 50.345959 -0.038694 0.125785 0.008644 5.648561 0.008423
9.015012 -0.499363 -0.123362 0.970782 51.103306 -0.047268 0.124442 0.076808 5.658296 0.010304
9.132012 -0.429587 -0.261414 1.062584 51.766140 -0.055508 0.124312 0.139186 5.668853 0.010183
9.266013 -0.347054 -0.401666 1.185230 52.520576 -0.064845 0.127297 0.210573 5.673829 0.010155
9.382013 -0.277996 -0.491647 1.220732 53.184746 -0.073009 0.132728 0.268339 5.675815 0.010794
9.516014 -0.196393 -0.563223 1.232210 53.939117 -0.081165 0.139752 0.321445 5.672445 0.010027
9.633015 -0.132924 -0.618381 1.242435 54.620190 -0.089137 0.145070 0.356811 5.677190 0.009513
9.752015 -0.070407 -0.653717 1.273382 55.267265 -0.095990 0.149597 0.382532 5.674356 0.009289
9.883016 -0.008372 -0.669893 1.282170 56.021420 -0.104516 0.154591 0.403504 5.671160 0.007944
10.017015 0.049138 -0.663866 1.352895 56.775463 -0.111865 0.156840 0.405311 5.672779 0.007051
10.133015 0.108083 -0.640483 1.470307 57.439487 -0.117526 0.155118 0.379065 5.677722 0.009981
10.266014 0.179085 -0.561239 1.564733 58.199722 -0.124744 0.148821 0.310050 5.670565 0.009098
10.383015 0.237184 -0.465526 1.593463 58.862148 -0.132569 0.141103 0.218962 5.659969 0.007244
10.517015 0.304693 -0.322510 1.561502 59.613144 -0.140983 0.130438 0.091480 5.638410 0.008115
10.633016 0.365534 -0.174749 1.483599 60.272480 -0.148674 0.119262 -0.031100 5.634877 0.009765
10.767016 0.454826 0.011156 1.345439 61.020908 -0.157724 0.105762 -0.170260 5.620312 0.013553
10.884017 0.545832 0.185872 1.177656 61.678020 -0.165477 0.094155 -0.280166 5.615065 0.014306
11.017017 0.647043 0.384482 0.929944 62.422939 -0.175718 0.083656 -0.371487 5.595199 0.012207
11.134018 0.726785 0.538375 0.677198 63.076389 -0.184388 0.076954 -0.412231 5.577174 0.012434
11.267018 0.817339 0.688457 0.377935 63.816898 -0.193836 0.071736 -0.407391 5.563486 0.011982
11.384019 0.899350 0.781128 0.122847 64.466835 -0.201170 0.070132 -0.363675 5.550796 0.013418
11.501019 0.981694 0.854231 -0.103075 65.115997 -0.208114 0.070820 -0.296598 5.544650 0.012710
11.634020 1.082821 0.885898 -0.265752 65.864449 -0.216020 0.071319 -0.212355 5.544221 0.014062
11.751020 1.175853 0.881762 -0.319229 66.502495 -0.222772 0.072877 -0.151360 5.551037 0.014906
11.884021 1.296551 0.861750 -0.351048 67.264519 -0.229510 0.076599 -0.101514 5.572703 0.013803
12.002021 1.392603 0.817983 -0.369031 67.895004 -0.234817 0.080851 -0.075331 5.587166 0.015974
12.138021 1.500265 0.758988 -0.339974 68.644646 -0.240549 0.086954 -0.049964 5.600928 0.013259
12.251021 1.577097 0.688353 -0.306687 69.294655 -0.246217 0.091600 -0.023466 5.610454 0.011048
12.385020 1.660690 0.620173 -0.227820 70.048630 -0.252591 0.094191 0.016901 5.632881 0.009344
12.501020 1.716970 0.571150 -0.146428 70.709023 -0.257825 0.094189 0.060134 5.652273 0.008262
12.635021 1.776953 0.571190 -0.073785 71.462433 -0.263797 0.092716 0.115157 5.673344 0.007348
12.752022 1.837157 0.595676 -0.044525 72.126923 -0.268782 0.089822 0.162019 5.684426 0.009517
12.885022 1.905586 0.642552 0.017175 72.884132 -0.273345 0.083105 0.202667 5.699399 0.008584
13.002023 1.961463 0.699826 0.093489 73.552116 -0.277886 0.076005 0.224963 5.716654 0.007983
13.135023 2.021265 0.808746 0.258553 74.319321 -0.281274 0.067404 0.240330 5.729354 0.008057
13.252024 2.076611 0.919679 0.456805 74.984711 -0.284594 0.060946 0.252023 5.738193 0.008334
13.389025 2.147713 1.088262 0.719829 75.753815 -0.288148 0.055493 0.268637 5.739625 0.009142
13.502025 2.209880 1.251798 1.011447 76.425499 -0.289675 0.050241 0.278428 5.737798 0.008909
13.636024 2.289247 1.435723 1.278371 77.188744 -0.293022 0.046116 0.268738 5.741508 0.009763
13.752023 2.359555 1.590615 1.515707 77.860687 -0.298612 0.043499 0.233156 5.746730 0.009584
13.886023 2.432756 1.765547 1.829803 78.623833 -0.305376 0.039720 0.164818 5.735027 0.008012
14.003022 2.509664 1.919332 2.077920 79.294350 -0.310086 0.035882 0.088430 5.723240 0.010640
14.136023 2.604704 2.073860 2.281338 80.071175 -0.316143 0.031487 -0.008771 5.702068 0.013034
14.253023 2.687382 2.152940 2.415627 80.720825 -0.321347 0.028526 -0.094059 5.698719 0.011422
14.386024 2.788513 2.192536 2.544692 81.484428 -0.327838 0.026176 -0.193232 5.698028 0.012097
14.503024 2.877682 2.193444 2.621825 82.145706 -0.332655 0.024905 -0.270538 5.704244 0.012910
14.636024 2.988222 2.163103 2.635975 82.910019 -0.335659 0.023009 -0.337198 5.707586 0.014334
14.753025 3.082157 2.106622 2.666642 83.572960 -0.336244 0.020752 -0.373811 5.719294 0.014438
14.887026 3.186498 2.029913 2.691223 84.340607 -0.335930 0.018898 -0.397660 5.739903 0.012781
15.004026 3.275286 1.948390 2.632333 85.013206 -0.335475 0.018602 -0.409390 5.755333 0.013990
15.137027 3.383464 1.854213 2.478952 85.792801 -0.334852 0.019944 -0.409097 5.788095 0.014584
15.254026 3.468560 1.785093 2.344182 86.465462 -0.333613 0.022522 -0.385362 5.808251 0.013604
15.388026 3.555208 1.726676 2.160750 87.239494 -0.331581 0.029025 -0.319006 5.829149 0.012665
15.504026 3.636250 1.714499 1.983100 87.916573 -0.328500 0.036618 -0.230280 5.846927 0.013648
15.637027 3.728508 1.738084 1.782853 88.695923 -0.323365 0.045258 -0.113052 5.866610 0.013653
15.754027 3.816156 1.761882 1.626858 89.382568 -0.317487 0.053011 -0.012044 5.874667 0.014293
15.887028 3.913612 1.813565 1.459538 90.170631 -0.311090 0.061405 0.093290 5.888522 0.012240
16.004026 3.988179 1.883998 1.332194 90.854362 -0.305532 0.065806 0.179767 5.896964 0.011121
16.138029 4.062904 1.970621 1.181504 91.644226 -0.297414 0.066591 0.275637 5.896420 0.009531
16.254030 4.114645 2.071565 1.048287 92.334229 -0.288995 0.063907 0.350100 5.900887 0.008503
16.388031 4.177515 2.173834 0.897979 93.119560 -0.280107 0.057329 0.410862 5.913687 0.010761
16.504034 4.234735 2.253552 0.775022 93.811653 -0.271033 0.049805 0.437081 5.920135 0.008432
16.638037 4.276349 2.340517 0.678357 94.599419 -0.257392 0.040401 0.440413 5.930094 0.004657
16.755039 4.298227 2.387985 0.633372 95.293533 -0.244492 0.031445 0.430088 5.936491 0.003508
16.888039 4.323552 2.418988 0.579947 96.095909 -0.228813 0.021079 0.410167 5.948324 0.006217
17.005041 4.366862 2.448886 0.544640 96.780487 -0.213816 0.013217 0.383748 5.957382 0.006925
17.126041 4.417311 2.481262 0.538351 97.519684 -0.194733 0.009308 0.340817 5.969196 0.007373
17.259045 4.474676 2.508225 0.562291 98.278000 -0.174403 0.010181 0.279593 5.972991 0.007521
17.388048 4.535213 2.515534 0.590360 99.073883 -0.153370 0.014624 0.204523 5.997130 0.008264
17.505049 4.595774 2.513429 0.606709 99.776436 -0.135419 0.021556 0.134701 6.011341 0.009135
17.629049 4.664091 2.529033 0.603639 100.475349 -0.115798 0.030623 0.062820 6.033506 0.010850
17.760050 4.753658 2.557519 0.655925 101.321037 -0.091830 0.042870 -0.036756 6.050033 0.010070
17.876053 4.824052 2.577567 0.777669 102.010513 -0.070342 0.053477 -0.129287 6.051831 0.010245
18.039055 4.908186 2.599077 0.872735 102.835266 -0.044376 0.065665 -0.241372 6.080495 0.011000
18.139055 4.981018 2.630020 0.944846 103.615067 -0.018332 0.073247 -0.329221 6.104272 0.008504
18.256058 5.033980 2.662563 1.075095 104.324448 0.006559 0.076033 -0.383435 6.128395 0.006178
18.390060 5.076601 2.689437 1.232091 105.147354 0.036763 0.076920 -0.419606 6.157202 0.003429
18.514061 5.106937 2.734328 1.349503 105.899170 0.065125 0.075412 -0.437864 6.172620 0.003920
18.640062 5.144574 2.786988 1.415656 106.695930 0.094477 0.071555 -0.444181 6.184913 0.004695
18.756063 5.177674 2.832781 1.469508 107.420181 0.121420 0.066735 -0.432250 6.201855 0.003883
18.891066 5.210386 2.888621 1.483079 108.244705 0.151167 0.059797 -0.393701 6.203144 0.004647
19.006067 5.248282 2.935612 1.531190 108.964561 0.177505 0.053722 -0.347996 6.213997 0.005448
19.145069 5.291623 2.975196 1.574198 109.802818 0.208965 0.047561 -0.301485 6.212014 0.005465
19.257069 5.329198 2.977913 1.587825 110.517151 0.236292 0.042114 -0.273358 6.214984 0.006184
19.390070 5.389466 2.972220 1.601433 111.342293 0.268384 0.038771 -0.242339 6.203094 0.007909
19.512072 5.432528 2.944993 1.567131 112.111191 0.297870 0.038661 -0.197090 6.207267 0.005682
19.641071 5.476005 2.882864 1.524663 112.898483 0.329785 0.041191 -0.128732 6.200736 0.006478
19.757072 5.522242 2.800025 1.520571 113.616348 0.360982 0.045331 -0.057199 6.196815 0.006486
19.891073 5.574664 2.709437 1.509794 114.446609 0.397759 0.052867 0.021233 6.201733 0.006434
20.007074 5.610897 2.616076 1.499379 115.172150 0.432146 0.061546 0.086750 6.211256 0.003805
20.142076 5.635641 2.495555 1.445882 115.997887 0.472626 0.073649 0.168209 6.217328 0.003401
20.258078 5.662229 2.398484 1.399615 116.731262 0.510120 0.084458 0.251078 6.231744 0.003972
20.378078 5.702872 2.309934 1.373097 117.460785 0.547633 0.095130 0.334167 6.248908 0.007007
20.509077 5.750423 2.243969 1.346120 118.291283 0.590969 0.106028 0.414644 6.254438 0.006453
20.642076 5.801172 2.223803 1.333748 119.122551 0.635206 0.117833 0.471380 6.265340 0.006916
20.759079 5.852113 2.236295 1.280348 119.854248 0.673046 0.127475 0.502931 6.264516 0.009027
20.882080 5.909989 2.286443 1.212610 120.586082 0.710972 0.133955 0.518838 6.265396 0.008800
21.014080 5.970167 2.356535 1.092517 121.462265 0.755826 0.139964 0.511546 6.267915 0.007007
21.127079 6.014206 2.405191 0.995373 122.157219 0.792921 0.142939 0.479684 6.273680 0.008092
21.259081 6.076764 2.450097 0.893254 122.982681 0.837937 0.144262 0.415687 6.261958 0.009046
21.376083 6.135190 2.487481 0.811952 123.715179 0.877694 0.143729 0.348705 6.272543 0.009153
21.510086 6.197938 2.531678 0.739080 124.555672 0.924005 0.139337 0.280627 6.284697 0.008123
21.627087 6.245522 2.563746 0.713938 125.302048 0.965248 0.134764 0.231841 6.282902 0.006999
21.760090 6.286601 2.613992 0.667082 126.123566 1.011330 0.129827 0.175708 6.278915 0.005239
21.876093 6.330577 2.660784 0.604874 126.857605 1.051973 0.126254 0.107142 6.284822 0.008589
22.015095 6.398624 2.718077 0.522178 127.704506 1.100544 0.123079 -0.005751 6.279710 0.009327
22.127096 6.453874 2.755754 0.448790 128.443970 1.144635 0.122777 -0.125072 6.273578 0.008971
22.264099 6.518710 2.785080 0.354985 129.282639 1.195293 0.124100 -0.262516 6.268361 0.008759
22.382101 6.577322 2.770038 0.251810 130.014465 1.237486 0.126776 -0.369788 6.263981 0.009947
22.512102 6.656283 2.718680 0.198747 130.858459 1.287363 0.130187 -0.473282 6.265558 0.012173
22.627104 6.744432 2.645713 0.236014 131.558990 1.329348 0.133941 -0.543662 6.268935 0.013317
22.761106 6.859680 2.539057 0.379463 132.397873 1.381202 0.141415 -0.605456 6.274263 0.014648
22.877110 6.956096 2.417018 0.528709 133.118698 1.425196 0.148039 -0.631061 6.280403 0.014020
23.011112 7.074197 2.263344 0.728184 133.959625 1.477357 0.155465 -0.620061 6.292473 0.015448
23.128115 7.190929 2.120888 0.950685 134.695175 1.524546 0.162630 -0.574534 6.305308 0.016989
23.261118 7.339640 1.943431 1.228601 135.538437 1.580521 0.169304 -0.494082 6.311566 0.019117
23.379120 7.474658 1.781222 1.423853 136.269302 1.630644 0.172568 -0.411146 6.318706 0.019715
23.511120 7.637704 1.610092 1.670697 137.107437 1.688320 0.173302 -0.310599 6.316170 0.021451
23.628120 7.783372 1.467597 1.880395 137.844101 1.739779 0.173147 -0.216685 6.312160 0.020361
23.761124 7.953456 1.314751 2.078299 138.687103 1.799682 0.174140 -0.100890 6.298945 0.021598
23.878126 8.099741 1.207623 2.204184 139.414978 1.852306 0.174103 0.009052 6.287426 0.020804
24.012129 8.262630 1.106396 2.307512 140.254791 1.914377 0.173800 0.146925 6.280957 0.021714
24.128132 8.413132 1.049664 2.371651 140.986786 1.969473 0.175684 0.268797 6.267478 0.022367
24.262135 8.587068 1.007077 2.402799 141.816727 2.034036 0.177863 0.393952 6.253465 0.022563
24.379137 8.740177 0.979671 2.365429 142.543884 2.092004 0.180321 0.480866 6.224173 0.023246
24.512140 8.918137 0.969683 2.312571 143.366943 2.157820 0.185019 0.543685 6.200845 0.023845
24.628143 9.074713 0.974386 2.267703 144.089249 2.217918 0.190080 0.565585 6.190582 0.023763
24.762144 9.252141 1.010073 2.192281 144.906830 2.288825 0.196023 0.554850 6.160454 0.023276
24.879147 9.409344 1.040624 2.045218 145.623199 2.352699 0.202430 0.516226 6.139185 0.024293
25.012150 9.602748 1.041907 1.840829 146.435196 2.428175 0.208968 0.447802 6.122171 0.027867
25.129150 9.784318 1.018166 1.663867 147.147522 2.497401 0.213363 0.376730 6.115480 0.026435
25.262154 9.982183 0.962915 1.520888 147.962082 2.580408 0.217006 0.297888 6.108115 0.025715
25.379156 10.147854 0.911403 1.390844 148.672226 2.654326 0.219001 0.234316 6.093809 0.025288
25.512159 10.339265 0.832907 1.273894 149.477310 2.739883 0.221393 0.163964 6.086939 0.026342
25.629162 10.513418 0.717947 1.195184 150.184601 2.816939 0.222586 0.092275 6.081465 0.026567
25.763165 10.729630 0.573413 1.175632 150.987015 2.907381 0.223250 -0.006516 6.067043 0.028075
25.879168 10.925364 0.456929 1.130367 151.692459 2.988229 0.224020 -0.105057 6.067254 0.029000
26.013170 11.169794 0.309260 1.126630 152.492859 3.081673 0.225928 -0.212331 6.053822 0.032880
26.130173 11.375963 0.195540 1.139797 153.195099 3.166514 0.227124 -0.286460 6.041247 0.029750
26.263174 11.598017 0.079067 1.117476 153.992874 3.264983 0.228437 -0.337974 6.043393 0.029437
26.380177 11.802003 -0.028673 1.102841 154.693726 3.354275 0.230096 -0.362182 6.035344 0.031552
26.513180 12.050119 -0.145877 1.124138 155.495483 3.461060 0.231633 -0.381277 6.034995 0.033017
26.630180 12.263732 -0.236590 1.138632 156.194183 3.558201 0.233431 -0.397815 6.024318 0.029739
26.764183 12.488600 -0.342998 1.153988 156.987106 3.670682 0.236598 -0.410830 6.018347 0.029770
26.880186 12.691299 -0.430640 1.141572 157.684814 3.770588 0.240531 -0.410040 6.026349 0.030116
27.014189 12.925920 -0.504853 1.108632 158.477661 3.886976 0.247087 -0.388764 6.025508 0.031600
27.131191 13.140553 -0.541702 1.071569 159.174927 3.991026 0.254276 -0.352056 6.025291 0.031863
27.264194 13.379257 -0.546302 1.019594 159.966888 4.110538 0.262672 -0.293611 6.017906 0.030372
27.381197 13.582545 -0.523110 0.947613 160.662048 4.217704 0.267219 -0.229753 6.008032 0.029773
27.514200 13.814954 -0.469847 0.840194 161.457489 4.341941 0.268563 -0.148943 6.004841 0.031007
27.631203 14.032453 -0.421823 0.712586 162.168106 4.454053 0.266435 -0.070777 5.990779 0.031700
27.765205 14.266914 -0.407236 0.560016 162.931046 4.576289 0.261744 0.025556 5.987279 0.032371
27.881208 14.481965 -0.388660 0.411595 163.622192 4.689125 0.254118 0.132513 5.985125 0.031125
28.014212 14.716367 -0.348288 0.179896 164.413071 4.819457 0.243218 0.278901 5.979030 0.029005
28.131214 14.904894 -0.323509 -0.094254 165.102112 4.934754 0.231713 0.410999 5.965638 0.028034
28.265217 15.125628 -0.295916 -0.331868 165.882553 5.068873 0.217947 0.532294 5.943792 0.029215
28.381220 15.318060 -0.289787 -0.525334 166.566528 5.188772 0.207299 0.592365 5.925693 0.027611
28.515223 15.549713 -0.306527 -0.675583 167.340698 5.328653 0.197142 0.603302 5.910007 0.031440
28.632223 15.763607 -0.347280 -0.749397 168.030594 5.456924 0.191359 0.571367 5.894991 0.030002
28.765224 15.991766 -0.404890 -0.733154 168.793762 5.602804 0.188230 0.504058 5.878609 0.029780
28.882227 16.186401 -0.471779 -0.670176 169.462204 5.733256 0.189795 0.424233 5.867169 0.028940
29.015230 16.405468 -0.578924 -0.560843 170.226410 5.886103 0.194676 0.310524 5.853675 0.028814
29.132233 16.612629 -0.678932 -0.439657 170.897034 6.022997 0.201009 0.192776 5.845512 0.031536
29.265236 16.858564 -0.795271 -0.314351 171.663986 6.182374 0.208459 0.046329 5.847845 0.033643
29.382238 17.086445 -0.888270 -0.173344 172.327393 6.325803 0.216354 -0.081913 5.852253 0.035558
29.516241 17.349108 -0.987561 0.018515 173.092316 6.494513 0.225064 -0.221558 5.842961 0.034552
29.632244 17.575346 -1.058721 0.236458 173.759048 6.644562 0.230280 -0.329033 5.838601 0.034398
29.766245 17.826195 -1.115320 0.475172 174.515839 6.817295 0.233786 -0.428670 5.834372 0.032224
29.882248 18.035746 -1.139692 0.703928 175.196503 6.976588 0.233801 -0.492453 5.818997 0.029711
30.016251 18.259695 -1.170562 0.985095 175.936935 7.153492 0.229536 -0.527826 5.802058 0.032136
30.135252 18.474941 -1.175381 1.211556 176.589508 7.311984 0.223487 -0.527147 5.778583 0.033955
30.267254 18.733179 -1.154645 1.422838 177.335327 7.493821 0.214846 -0.492099 5.765504 0.035132
30.383257 18.973396 -1.118363 1.618779 177.988235 7.655870 0.206051 -0.436657 5.741506 0.037169
30.516260 19.253656 -1.078086 1.883827 178.732758 7.845366 0.195884 -0.352538 5.726298 0.038258
30.633263 19.502724 -1.046156 2.092949 179.374435 8.013789 0.187394 -0.266255 5.713851 0.038652
30.766266 19.784391 -1.006295 2.298845 180.112228 8.212547 0.176686 -0.158952 5.692737 0.037246
30.883268 20.034388 -0.958274 2.429325 180.753220 8.388616 0.168369 -0.066987 5.673154 0.037409
31.017271 20.314466 -0.915871 2.519317 181.478378 8.590819 0.158893 0.024841 5.653885 0.037269
31.135273 20.572924 -0.880547 2.559836 182.141159 8.777655 0.151991 0.091549 5.636309 0.037731
31.254274 20.813301 -0.845271 2.610150 182.746674 8.951763 0.147851 0.137545 5.616287 0.037329
31.384277 21.093803 -0.791697 2.628448 183.461349 9.162645 0.146186 0.175082 5.596099 0.037031
31.501280 21.360565 -0.740029 2.639691 184.087250 9.350665 0.147148 0.195967 5.578246 0.042981
31.634283 21.680498 -0.682717 2.693760 184.795456 9.567393 0.150536 0.210912 5.566413 0.042299
31.751282 21.969568 -0.629412 2.746263 185.417404 9.760156 0.154446 0.225290 5.562126 0.043681
31.885284 22.330986 -0.567433 2.771551 186.133713 9.984585 0.161055 0.255639 5.559733 0.049299
32.001286 22.661823 -0.517813 2.768884 186.742844 10.178148 0.165392 0.299624 5.553532 0.050065
32.135273 23.047653 -0.456745 2.729532 187.450653 10.406941 0.169164 0.362432 5.551533 0.050291
32.251263 23.389982 -0.401194 2.631222 188.067413 10.609329 0.169695 0.408419 5.544698 0.051803
32.386253 23.785334 -0.326830 2.529504 188.766891 10.842771 0.167415 0.428107 5.542115 0.052208
32.502243 24.132162 -0.259639 2.483075 189.380493 11.052320 0.163737 0.408812 5.542331 0.051227
32.635231 24.539030 -0.185925 2.434111 190.077057 11.293076 0.158382 0.348584 5.540835 0.053477
32.751221 24.911196 -0.118627 2.406213 190.689026 11.506516 0.152929 0.270877 5.536550 0.056314
32.885212 25.352280 -0.029230 2.452452 191.382141 11.753222 0.146900 0.163406 5.526988 0.059271
33.002209 25.762514 0.044897 2.490116 191.995270 11.974625 0.141969 0.058139 5.525922 0.061827
33.135201 26.239319 0.125327 2.466658 192.679565 12.225463 0.135538 -0.054683 5.523040 0.064245
33.252190 26.690287 0.182560 2.455061 193.284698 12.451413 0.130276 -0.140896 5.520574 0.068393
33.385185 27.220932 0.240214 2.441235 193.981110 12.716081 0.124524 -0.221208 5.516389 0.070069
33.503181 27.680456 0.286724 2.482983 194.572311 12.944248 0.118914 -0.279686 5.509347 0.069996
33.640179 28.258598 0.348106 2.571069 195.291656 13.224908 0.113321 -0.346107 5.519719 0.073791
33.766178 28.776266 0.409725 2.679542 195.902481 13.466436 0.109542 -0.396111 5.518512 0.077633
33.886177 29.349112 0.495202 2.834526 196.542236 13.724102 0.107042 -0.433527 5.519322 0.080175
34.007175 29.911270 0.579501 2.918847 197.156616 13.974432 0.106602 -0.449045 5.527443 0.081666
34.136177 30.542038 0.692764 3.026508 197.830902 14.252464 0.108007 -0.442738 5.516689 0.084590
34.253170 31.103197 0.796844 3.135152 198.415863 14.497634 0.110223 -0.419343 5.516495 0.084971
34.390163 31.759701 0.907522 3.217896 199.091171 14.782988 0.113279 -0.371838 5.505075 0.087374
34.509155 32.336330 0.999677 3.293226 199.682205 15.036748 0.114414 -0.310685 5.492861 0.086286
34.636154 32.994514 1.115020 3.457317 200.350906 15.330460 0.113259 -0.220970 5.491130 0.086315
34.756149 33.582493 1.220096 3.628515 200.937546 15.592226 0.110926 -0.130479 5.486012 0.086805
34.891148 34.278515 1.354690 3.820654 201.627136 15.904442 0.107661 -0.017897 5.481042 0.087345
35.007145 34.862377 1.447242 3.940217 202.213531 16.173811 0.101184 0.076086 5.460066 0.084691
35.127136 35.414658 1.519801 4.065342 202.783386 16.438923 0.093839 0.158281 5.464329 0.082648
35.259132 36.074490 1.581166 4.254929 203.465088 16.760403 0.085349 0.242420 5.455115 0.082526
35.387127 36.696068 1.631371 4.487736 204.093643 17.062422 0.078664 0.304928 5.446089 0.083442
35.504116 37.248379 1.664897 4.679376 204.651718 17.333447 0.073616 0.348844 5.438785 0.083204
35.637104 37.900997 1.725498 4.915210 205.302444 17.650671 0.068751 0.384139 5.442177 0.085835
35.754097 38.483150 1.806983 5.137652 205.873627 17.931108 0.067218 0.399670 5.435614 0.086716
35.887089 39.151821 1.921450 5.365292 206.524933 18.254505 0.068237 0.403378 5.417928 0.086282
36.004086 39.756500 2.022595 5.650716 207.099640 18.543859 0.069915 0.402466 5.397423 0.087579
36.140076 40.453674 2.121512 6.060683 207.741196 18.872078 0.074275 0.400742 5.362351 0.088430
36.254066 41.048222 2.205741 6.414362 208.282333 19.153189 0.078326 0.391462 5.341846 0.089613
36.387058 41.755806 2.284278 6.801650 208.909271 19.483488 0.083365 0.358335 5.322261 0.092955
36.507057 42.409538 2.339703 7.144033 209.462479 19.778988 0.088127 0.301520 5.310359 0.094766
36.639053 43.125599 2.384312 7.535886 210.077087 20.112354 0.091998 0.209733 5.287688 0.091778
36.754044 43.766655 2.437698 7.916031 210.617493 20.409868 0.093984 0.113776 5.262907 0.093618
36.889042 44.517277 2.481966 8.418754 211.225723 20.752485 0.096514 -0.006924 5.242908 0.097917
37.013039 45.230778 2.516997 8.896875 211.784531 21.071732 0.098161 -0.127301 5.224563 0.098560
37.138031 45.972145 2.565091 9.312661 212.362671 21.406204 0.100072 -0.255612 5.206898 0.098450
37.255020 46.634548 2.643749 9.602358 212.882660 21.710733 0.102085 -0.367018 5.182178 0.098173
37.389011 47.392044 2.742265 9.995506 213.476898 22.066790 0.103798 -0.482116 5.165138 0.095063
37.506004 48.049744 2.832305 10.352273 213.992142 22.380892 0.105759 -0.563777 5.150022 0.096350
37.638996 48.796436 2.959780 10.681933 214.574615 22.739775 0.108558 -0.624327 5.135451 0.095154
37.757992 49.469910 3.104945 10.981422 215.100739 23.069138 0.111042 -0.637714 5.118573 0.093809
37.889980 50.192181 3.252886 11.311934 215.660507 23.425152 0.111954 -0.597014 5.093352 0.094108
38.063976 50.852215 3.404863 11.611957 216.186111 23.764933 0.112846 -0.507113 5.089148 0.089663
38.126976 51.201775 3.501274 11.717607 216.476151 23.954559 0.114030 -0.441546 5.099390 0.087235
38.256966 52.085983 3.779968 11.857880 217.221695 24.450731 0.118236 -0.237828 5.087706 0.085904
38.390957 52.746002 3.983042 11.941802 217.786133 24.832077 0.123781 -0.079902 5.084620 0.084848
38.506954 53.311020 4.177768 11.969485 218.274048 25.163700 0.129556 0.042676 5.081706 0.084337
38.639942 53.944317 4.381706 12.059002 218.829895 25.547977 0.138057 0.156813 5.079105 0.080304
38.756931 54.490356 4.540542 12.189924 219.317291 25.889181 0.146113 0.234697 5.085633 0.079124
38.890923 55.103939 4.696582 12.394643 219.871872 26.284784 0.154744 0.305501 5.082671 0.074983
39.006912 55.613628 4.835316 12.594500 220.351135 26.629862 0.162879 0.356685 5.095745 0.073528
39.125908 56.152569 4.960903 12.880094 220.859055 26.999048 0.171926 0.399092 5.113555 0.070651
39.256897 56.699245 5.071325 13.223022 221.388840 27.386164 0.181137 0.427294 5.140038 0.070188
39.390888 57.271149 5.157206 13.607459 221.941956 27.791021 0.191484 0.439813 5.161232 0.069416
39.512886 57.756996 5.226189 13.935338 222.429749 28.148855 0.201173 0.439829 5.182415 0.067303
39.633881 58.261658 5.286395 14.364551 222.955276 28.536701 0.208681 0.426175 5.186015 0.063701
39.762878 58.772453 5.339976 14.853194 223.493118 28.936232 0.217464 0.387518 5.208283 0.063396
39.878872 59.219818 5.376143 15.276659 223.978302 29.297152 0.224771 0.325182 5.218255 0.061972
40.012863 59.753712 5.428144 15.784002 224.538147 29.715696 0.230330 0.228526 5.214739 0.063452
40.128860 60.224068 5.474936 16.212744 225.027344 30.082094 0.233694 0.136966 5.227055 0.064564
40.261848 60.759361 5.516177 16.721689 225.578537 30.496742 0.235443 0.043864 5.221584 0.063774
40.378845 61.227188 5.539027 17.214584 226.065567 30.866978 0.237770 -0.028148 5.236596 0.062356
40.512836 61.760109 5.572690 17.771154 226.622803 31.292925 0.244136 -0.101498 5.235021 0.061686
40.628826 62.207684 5.603323 18.261345 227.106277 31.666168 0.251933 -0.158910 5.212840 0.057931
40.761818 62.694000 5.634396 18.778643 227.658432 32.094269 0.261254 -0.215296 5.215610 0.056616
40.879810 63.097645 5.629487 19.193308 228.134216 32.466644 0.269537 -0.254480 5.210284 0.053277
41.013802 63.531311 5.606008 19.738640 228.678162 32.894680 0.282611 -0.290781 5.200237 0.047656
41.128796 63.897514 5.585272 20.148470 229.160385 33.274685 0.297569 -0.320321 5.204600 0.048065
41.262791 64.288170 5.567553 20.469713 229.700531 33.700893 0.317691 -0.345716 5.217218 0.047117
41.379784 64.620361 5.539688 20.726751 230.178192 34.080059 0.336193 -0.349981 5.211059 0.044999
41.512779 64.981987 5.480222 21.020620 230.724197 34.515636 0.359181 -0.318813 5.222192 0.041439
41.629776 65.268875 5.409807 21.275072 231.201599 34.896774 0.380184 -0.256785 5.225608 0.036892
41.762768 65.556892 5.300067 21.510422 231.748367 35.334858 0.403760 -0.161205 5.230725 0.032799
41.876770 65.763443 5.203016 21.663115 232.219604 35.712376 0.426758 -0.080228 5.257926 0.026409
42.009758 65.953316 5.084064 21.821604 232.754105 36.140923 0.452608 -0.014427 5.270032 0.021494
42.125748 66.103973 4.970618 21.974846 233.235260 36.528118 0.475036 0.015867 5.283603 0.018745
42.259735 66.244339 4.834180 22.080208 233.781815 36.969509 0.498170 0.029017 5.278993 0.015469
42.376732 66.347649 4.701164 22.141455 234.266006 37.361931 0.519017 0.040871 5.286861 0.012735
42.509720 66.431831 4.542356 22.153795 234.808273 37.802505 0.539775 0.066592 5.293201 0.008321
42.626709 66.471359 4.382874 22.104450 235.288620 38.194241 0.557526 0.096053 5.298567 0.005518
42.759697 66.482361 4.193637 21.990934 235.834641 38.642292 0.576254 0.122057 5.316671 0.001490
42.876686 66.464317 4.033732 21.836462 236.314255 39.038788 0.591957 0.131365 5.320181 -0.002653
43.009678 66.414169 3.831685 21.574133 236.861588 39.496300 0.609297 0.133578 5.323934 -0.005397
43.126675 66.347519 3.665217 21.241184 237.337524 39.897255 0.623767 0.142207 5.322038 -0.007852
43.259670 66.233940 3.458689 20.746563 237.877823 40.357140 0.639153 0.167553 5.344537 -0.012291
43.376659 66.104317 3.254622 20.233395 238.352173 40.765465 0.652250 0.195647 5.362722 -0.017268
43.510647 65.912529 2.999781 19.526134 238.890625 41.234753 0.665993 0.214327 5.375205 -0.022938
43.626637 65.699295 2.760784 18.777920 239.364380 41.651241 0.678064 0.205505 5.401701 -0.027854
43.760624 65.408340 2.478770 17.794477 239.901840 42.129425 0.692116 0.165604 5.416700 -0.035463
43.877617 65.113411 2.207900 16.792530 240.382416 42.562157 0.702974 0.109199 5.444295 -0.037778
44.010605 64.758469 1.927398 15.634223 240.910309 43.043522 0.714995 0.037938 5.461358 -0.045102
44.128597 64.397652 1.664094 14.548773 241.383621 43.482044 0.726031 -0.022477 5.471379 -0.050355
44.261589 63.946163 1.370605 13.197559 241.915665 43.981651 0.738208 -0.079926 5.496571 -0.057641
44.377586 63.517269 1.116801 11.939275 242.378555 44.423447 0.748848 -0.123582 5.530506 -0.062995
44.510574 62.975418 0.825713 10.415826 242.912125 44.941120 0.761265 -0.171025 5.562221 -0.071101
44.627567 62.464409 0.559845 9.079537 243.371994 45.396679 0.770441 -0.210840 5.598423 -0.077015
44.761562 61.837440 0.233228 7.500664 243.901810 45.931046 0.776045 -0.245453 5.634088 -0.082671
44.877552 61.250465 -0.060005 6.097610 244.362137 46.404659 0.777841 -0.254251 5.651933 -0.089981
45.011547 60.543404 -0.410508 4.485017 244.884583 46.956055 0.776377 -0.234890 5.683413 -0.094973
45.129543 59.898006 -0.702659 3.074525 245.334839 47.440212 0.773558 -0.201310 5.715386 -0.101153
45.261532 59.119003 -1.041434 1.429548 245.851608 48.009369 0.766558 -0.158737 5.752650 -0.106210
45.378521 58.420574 -1.363254 -0.009797 246.295898 48.510754 0.756328 -0.126052 5.787065 -0.111829
45.512520 57.543949 -1.777265 -1.715264 246.816193 49.112759 0.739518 -0.089164 5.822384 -0.121082
45.628510 56.787384 -2.141058 -3.118139 247.241104 49.617985 0.723167 -0.050224 5.856271 -0.125651
45.770504 55.868492 -2.602698 -4.778958 247.741333 50.233353 0.701693 0.018178 5.885437 -0.129350
45.878502 55.054459 -3.021189 -6.184337 248.165314 50.770744 0.681649 0.100397 5.909025 -0.133846
46.015495 54.115646 -3.514156 -7.706258 248.643494 51.395931 0.655166 0.212458 5.921756 -0.134256
46.129490 53.264660 -3.949252 -8.898269 249.061707 51.963856 0.630226 0.311408 5.926411 -0.137572
46.262478 52.302010 -4.405097 -10.066379 249.512268 52.595795 0.601750 0.391735 5.920546 -0.139926
46.378468 51.447414 -4.781831 -11.046734 249.905243 53.164917 0.575916 0.421962 5.899675 -0.138157
46.512459 50.495823 -5.146815 -12.091948 250.341919 53.820370 0.544898 0.403457 5.859854 -0.134977
46.629452 49.688358 -5.375751 -12.883146 250.708496 54.389164 0.517752 0.349475 5.815512 -0.130662
46.762447 48.795372 -5.535119 -13.624994 251.112976 55.042450 0.484101 0.264165 5.747446 -0.123516
46.881439 48.030895 -5.588594 -14.206603 251.461044 55.625774 0.451056 0.181982 5.677666 -0.117384
47.012428 47.226425 -5.565270 -14.692424 251.831787 56.269127 0.409421 0.094209 5.586352 -0.109112
47.132420 46.573135 -5.468136 -14.967617 252.144135 56.830376 0.368036 0.022128 5.492549 -0.098673
47.263409 45.868900 -5.277032 -15.225043 252.491043 57.469761 0.315884 -0.059463 5.377421 -0.090704
47.379398 45.308678 -5.027485 -15.292376 252.780853 58.021198 0.266866 -0.129398 5.288324 -0.079070
47.500389 44.817081 -4.694149 -15.259522 253.058243 58.560501 0.214837 -0.189760 5.177365 -0.070083
47.629379 44.318626 -4.206230 -15.109632 253.367188 59.172302 0.153958 -0.237693 5.063372 -0.057042
47.763367 43.935867 -3.635825 -14.781051 253.662872 59.767155 0.092404 -0.251858 4.942021 -0.040986
47.880360 43.683372 -3.066637 -14.289663 253.917252 60.284100 0.039292 -0.239112 4.839450 -0.028074
48.043350 43.493755 -2.359950 -13.566031 254.198425 60.854504 -0.017441 -0.210926 4.737696 -0.014094
48.130348 43.411537 -1.679053 -12.776966 254.442841 61.344940 -0.065140 -0.188531 4.646982 -0.003932
48.263340 43.401100 -1.079874 -11.994480 254.649338 61.752136 -0.101611 -0.180206 4.589444 0.006061
48.380333 43.534359 -0.112001 -10.426435 254.963120 62.358929 -0.147933 -0.192331 4.527826 0.024201
48.516327 43.773869 0.793552 -8.696298 255.254044 62.896645 -0.180521 -0.219303 4.475626 0.033380
48.630322 44.054150 1.532959 -7.046299 255.506699 63.342606 -0.200007 -0.240896 4.448259 0.041787
48.764309 44.492401 2.354138 -4.914647 255.808472 63.850433 -0.211431 -0.252248 4.438623 0.051324
48.881298 44.955425 3.009428 -2.884518 256.085632 64.290245 -0.210558 -0.250108 4.450061 0.055866
49.014290 45.545364 3.645795 -0.492245 256.416473 64.784325 -0.196350 -0.237373 4.487738 0.059597
49.131279 46.110104 4.101013 1.684295 256.722260 65.215614 -0.172993 -0.218380 4.540797 0.064080
49.264267 46.793159 4.509120 4.138217 257.087280 65.703461 -0.132419 -0.184823 4.617041 0.067154
49.381256 47.429749 4.758475 6.242142 257.429535 66.135490 -0.086735 -0.145229 4.707192 0.070417
49.514244 48.167442 4.895152 8.507551 257.837372 66.622337 -0.026412 -0.095344 4.824775 0.074019
49.631233 48.837749 4.917102 10.379534 258.216522 67.050247 0.032522 -0.045611 4.927637 0.076340
49.765221 49.569313 4.854138 12.228168 258.670410 67.537788 0.101876 0.024876 5.063372 0.073171
49.882214 50.166050 4.724370 13.632244 259.089752 67.968399 0.163683 0.107758 5.186227 0.071209
50.016205 50.807720 4.515110 15.047643 259.587219 68.461220 0.233818 0.227226 5.322077 0.068253
50.132195 51.334335 4.261209 16.020996 260.043365 68.897797 0.293705 0.341932 5.446860 0.066791
50.265182 51.891613 3.935048 16.833151 260.586731 69.400375 0.357999 0.468095 5.588120 0.062261
50.382172 52.320019 3.642845 17.293863 261.073639 69.839287 0.409410 0.559155 5.699722 0.057884
50.515160 52.756805 3.302207 17.524843 261.651855 70.344780 0.460390 0.628563 5.822771 0.053534
50.632149 53.084843 3.026148 17.539553 262.174316 70.793221 0.496952 0.651008 5.924744 0.045479
50.765137 53.386280 2.758117 17.363367 262.786896 71.312248 0.528140 0.631248 6.037451 0.036869
50.882126 53.590775 2.584059 16.981665 263.333344 71.767776 0.548367 0.579566 6.114113 0.029488
51.016113 53.753826 2.439111 16.331329 263.966370 72.288193 0.563589 0.488070 6.199630 0.020952
51.132103 53.840614 2.362381 15.582350 264.531494 72.746765 0.570352 0.382944 6.232638 0.015565
51.267094 53.877609 2.355042 14.656465 265.178467 73.270561 0.573294 0.240008 6.273237 0.006227
51.383087 53.840870 2.381494 13.777378 265.752533 73.732193 0.573723 0.102200 6.310118 -0.004123
51.516075 53.737617 2.476513 12.673228 266.410767 74.256721 0.571863 -0.052230 6.339209 -0.010040
51.633064 53.591965 2.615763 11.599276 266.993164 74.717430 0.569005 -0.179720 6.357177 -0.018626
51.750053 53.381218 2.764700 10.545586 267.577698 75.178642 0.569206 -0.298839 6.365082 -0.027723
51.883041 53.090496 2.931976 9.409515 268.247742 75.707031 0.573093 -0.424351 6.376169 -0.033042
52.001030 52.795219 3.082832 8.471795 268.834534 76.169083 0.581020 -0.518718 6.381759 -0.039249
52.133018 52.393867 3.239964 7.451577 269.503845 76.693146 0.593375 -0.594484 6.402732 -0.048811
52.250008 51.996101 3.337435 6.538082 270.091858 77.149765 0.606981 -0.631799 6.422756 -0.055189
52.382996 51.481770 3.387836 5.606740 270.772217 77.679626 0.623799 -0.652639 6.443232 -0.062716
52.500984 50.985821 3.367710 4.930576 271.365814 78.145950 0.638817 -0.661708 6.459495 -0.070928
52.633976 50.361446 3.281102 4.245620 272.043243 78.680428 0.654196 -0.658701 6.506332 -0.081314
52.749966 49.766850 3.131119 3.724857 272.642059 79.153824 0.665410 -0.626512 6.540358 -0.086374
52.883953 49.045361 2.901574 3.183019 273.327240 79.695297 0.676501 -0.537475 6.583721 -0.093597
53.000950 48.367470 2.656888 2.712615 273.938141 80.180176 0.683659 -0.413589 6.620540 -0.099323
53.133938 47.553917 2.359461 2.229412 274.623901 80.727875 0.685927 -0.247953 6.667127 -0.108386
53.250927 46.786533 2.055128 1.782885 275.235840 81.217644 0.685861 -0.103374 6.721135 -0.113703
53.384918 45.881657 1.692595 1.322217 275.936798 81.780090 0.682621 0.039342 6.778236 -0.118825
53.500912 45.047066 1.366447 0.976029 276.556519 82.280899 0.676359 0.148908 6.832621 -0.125673
53.634899 44.044834 0.995020 0.553370 277.271362 82.860268 0.665391 0.269982 6.892098 -0.132876
53.750889 43.136074 0.678449 0.269386 277.895355 83.366623 0.655323 0.379560 6.953746 -0.138203
53.884876 42.054287 0.333975 -0.060210 278.620300 83.956940 0.645113 0.502815 6.992960 -0.143028
54.000866 41.068317 0.073190 -0.306001 279.254486 84.477005 0.637374 0.590660 7.021072 -0.149192
54.127857 39.954781 -0.170301 -0.593297 279.950226 85.049149 0.629725 0.648841 7.048933 -0.153528
54.250851 38.864666 -0.362880 -0.834913 280.613922 85.597328 0.623595 0.665860 7.058660 -0.158086
54.384838 37.640980 -0.529209 -1.110455 281.338562 86.194618 0.617162 0.648262 7.056476 -0.163002
54.501827 36.537067 -0.645613 -1.373942 281.976135 86.717812 0.612054 0.607324 7.049600 -0.165351
54.634815 35.249908 -0.767264 -1.705006 282.705811 87.316803 0.606016 0.531062 7.036982 -0.171601
54.751804 34.107822 -0.864848 -2.003165 283.336548 87.833664 0.601785 0.439689 7.020349 -0.172829
54.885792 32.769123 -0.938970 -2.334882 284.059998 88.429619 0.597889 0.311861 6.966192 -0.176951
55.018787 31.582071 -0.966235 -2.761185 284.693604 88.948463 0.593174 0.191154 6.922864 -0.175788
55.136780 30.244822 -0.997364 -3.301104 285.409180 89.532333 0.585684 0.056986 6.864697 -0.174422
55.252773 29.109953 -1.025800 -3.818061 286.023804 90.031036 0.576007 -0.055667 6.794451 -0.170871
55.386765 27.834383 -1.038864 -4.485655 286.721375 90.593857 0.560412 -0.179299 6.701396 -0.167258
55.503754 26.730389 -1.064808 -5.092849 287.328461 91.082314 0.544705 -0.277613 6.627929 -0.164998
55.640755 25.492596 -1.113778 -5.891538 288.021210 91.635254 0.526816 -0.364503 6.523156 -0.159579
55.753746 24.455368 -1.189117 -6.601261 288.603821 92.098701 0.511353 -0.409748 6.442189 -0.159500
55.886734 23.279224 -1.299109 -7.455505 289.270081 92.624313 0.493704 -0.433082 6.329209 -0.154065
56.003723 22.289852 -1.402869 -8.265889 289.847443 93.076523 0.480408 -0.438675 6.224235 -0.148337
56.139725 21.191999 -1.566999 -9.309937 290.504059 93.584686 0.466939 -0.435292 6.093503 -0.143723
56.253723 20.303253 -1.754994 -10.192993 291.054688 94.006393 0.457150 -0.420327 5.988001 -0.135986
56.379715 19.445259 -1.987127 -10.966525 291.606110 94.427475 0.449054 -0.388943 5.881226 -0.129522
56.508709 18.501162 -2.276178 -11.837410 292.245911 94.910057 0.442873 -0.335078 5.753300 -0.119949
56.629704 17.743296 -2.523639 -12.536980 292.779480 95.308784 0.440825 -0.289446 5.646967 -0.114212
56.758698 16.945631 -2.830699 -13.263797 293.375397 95.751503 0.438796 -0.250278 5.531201 -0.104829
56.876694 16.292011 -3.105590 -13.805561 293.894745 96.135124 0.437425 -0.223577 5.423117 -0.097675
57.009686 15.616253 -3.375882 -14.357630 294.470642 96.554382 0.436459 -0.181652 5.309215 -0.089596
57.125679 15.065293 -3.585907 -14.752417 294.972778 96.916122 0.435355 -0.118533 5.197364 -0.081454
57.258671 14.513247 -3.769645 -15.101543 295.525543 97.309937 0.434917 -0.020499 5.099233 -0.072160
57.375660 14.072795 -3.884678 -15.305898 296.003510 97.645508 0.434170 0.076434 4.990068 -0.063907
57.509651 13.626993 -3.957619 -15.388496 296.547974 98.021713 0.433337 0.181553 4.896321 -0.055204
57.627644 13.278499 -3.973959 -15.313231 297.021240 98.343460 0.427868 0.259936 4.817157 -0.046149
57.759640 12.947285 -3.919937 -15.103079 297.545532 98.692757 0.415495 0.326026 4.731465 -0.038983
57.875633 12.689479 -3.802882 -14.794239 298.000183 98.989708 0.400918 0.362963 4.642890 -0.032378
58.020634 12.441898 -3.622339 -14.242016 298.526184 99.329079 0.381222 0.377763 4.568868 -0.023775
58.138626 12.261019 -3.416365 -13.585477 299.012451 99.635963 0.360821 0.369807 4.501046 -0.015985
58.255615 12.136865 -3.189754 -12.878810 299.457428 99.909897 0.338151 0.352621 4.440853 -0.009931
58.378613 12.057436 -2.943575 -12.102502 299.913788 100.185623 0.313628 0.333376 4.379224 -0.000418
58.505604 12.031047 -2.665760 -11.223392 300.396576 100.471184 0.286934 0.312268 4.329652 0.004782
58.638592 12.042723 -2.391593 -10.177269 300.895996 100.759933 0.260400 0.284799 4.285577 0.010260
58.755585 12.081879 -2.164713 -9.122629 301.331207 101.005219 0.239416 0.251321 4.260195 0.013895
58.889572 12.156028 -1.930771 -7.815520 301.826630 101.275948 0.217159 0.199034 4.234448 0.017639
59.005566 12.255357 -1.747848 -6.612051 302.264008 101.508560 0.201070 0.135879 4.229165 0.021956
59.126560 12.374673 -1.582616 -5.433902 302.706970 101.737953 0.188817 0.056041 4.227647 0.023379
59.256557 12.542184 -1.413431 -4.031653 303.218018 101.996552 0.178175 -0.048126 4.253615 0.027146
59.389549 12.722564 -1.270894 -2.683251 303.714172 102.242203 0.170202 -0.142095 4.268027 0.029528
59.506542 12.902003 -1.167933 -1.491505 304.165375 102.460190 0.166294 -0.207621 4.295780 0.031569
59.639530 13.123592 -1.067402 -0.175309 304.684937 102.703148 0.165622 -0.253293 4.327874 0.033006
59.756519 13.329515 -0.992023 0.910628 305.152466 102.914574 0.168475 -0.272525 4.363874 0.033319
59.889507 13.583340 -0.931798 2.050439 305.682678 103.148788 0.174554 -0.278934 4.412328 0.038211
60.006500 13.825309 -0.873107 2.998208 306.159058 103.355919 0.183085 -0.273766 4.464947 0.038596
