1.20 1.10 20 64
0.142000 0.019525 -0.047392 -0.057842 1.026625 0.001200 -0.139194 -0.328777 6.616971 0.003707
0.258000 0.035915 -0.106393 -0.157358 1.793334 0.002607 -0.093421 -0.351228 6.505048 0.000456
0.392000 0.041627 -0.207390 -0.206931 2.649731 0.004883 -0.002541 -0.350909 6.391519 -0.000466
0.509000 0.041486 -0.324939 -0.328001 3.391012 0.008335 0.098122 -0.322052 6.293047 -0.000752
0.642000 0.030895 -0.509237 -0.503769 4.221669 0.011687 0.222143 -0.260136 6.209143 -0.001754
0.759000 0.028441 -0.733593 -0.663533 4.944757 0.013771 0.328410 -0.192934 6.166435 -0.000214
0.876000 0.039879 -1.011955 -0.807051 5.665154 0.016012 0.422435 -0.127672 6.155861 0.001719
1.009000 0.060127 -1.377721 -0.940326 6.484602 0.018160 0.502680 -0.065801 6.165810 0.003144
1.126000 0.093128 -1.739192 -1.047556 7.208607 0.020884 0.543847 -0.023020 6.207211 0.004852
1.259000 0.125502 -2.177566 -1.201265 8.037933 0.025059 0.553932 0.014977 6.258593 0.003429
1.376000 0.154958 -2.552576 -1.317741 8.773240 0.028258 0.531862 0.040632 6.302400 0.003462
1.509000 0.192404 -2.923254 -1.427234 9.620133 0.032876 0.475302 0.060854 6.327903 0.004042
1.625999 0.221150 -3.189543 -1.489009 10.354337 0.035144 0.406383 0.070542 6.326907 0.004258
1.759999 0.253863 -3.396804 -1.543369 11.200680 0.037332 0.311122 0.074895 6.305155 0.002996
1.875999 0.281695 -3.463215 -1.627952 11.936536 0.038135 0.225072 0.076461 6.275054 0.003984
2.009999 0.315399 -3.399681 -1.638039 12.766440 0.038341 0.137916 0.081358 6.208783 0.004981
2.125999 0.347317 -3.197521 -1.643540 13.488508 0.037772 0.078252 0.091445 6.146013 0.004957
2.259999 0.381252 -2.821183 -1.645431 14.298584 0.036391 0.036447 0.107974 6.048529 0.004449
2.376999 0.398140 -2.400301 -1.581724 15.000533 0.035566 0.023664 0.121486 5.964839 0.002202
2.509999 0.416732 -1.867587 -1.479791 15.785908 0.037043 0.037700 0.128640 5.864211 0.002690
2.626998 0.437199 -1.400760 -1.413878 16.467098 0.037885 0.069162 0.124526 5.796005 0.004320
2.759998 0.471286 -0.918040 -1.381510 17.237158 0.038115 0.122201 0.108067 5.713247 0.004379
2.876998 0.502092 -0.578533 -1.363179 17.896200 0.036497 0.172757 0.084463 5.660929 0.005363
3.010998 0.540156 -0.311179 -1.351075 18.651596 0.034689 0.227461 0.047156 5.626791 0.004564
3.126998 0.578423 -0.208824 -1.328642 19.309204 0.035313 0.267370 0.007165 5.616504 0.006361
3.260998 0.634136 -0.219547 -1.219915 20.056225 0.038982 0.300579 -0.042148 5.619478 0.008081
3.376998 0.682803 -0.325851 -1.065582 20.715294 0.044054 0.316572 -0.083454 5.642606 0.007397
3.510998 0.737664 -0.570241 -0.886707 21.469149 0.050025 0.318403 -0.120994 5.685294 0.007299
3.627997 0.786720 -0.878586 -0.680763 22.136520 0.056540 0.305130 -0.140342 5.719491 0.008409
3.760997 0.853954 -1.275958 -0.375658 22.900669 0.065003 0.276244 -0.142541 5.761976 0.008867
3.877997 0.903069 -1.662834 -0.075454 23.576546 0.071260 0.242952 -0.126940 5.786609 0.008036
4.010997 0.945864 -2.094997 0.248355 24.355480 0.077699 0.199623 -0.093652 5.830143 0.005702
4.127997 0.980344 -2.427242 0.537759 25.033060 0.085342 0.163449 -0.056044 5.850539 0.006402
4.260998 1.012677 -2.726298 0.834869 25.818691 0.095075 0.129539 -0.005037 5.869358 0.005528
4.377998 1.032699 -2.888403 1.023526 26.499538 0.104064 0.108654 0.045057 5.871404 0.004830
4.511999 1.053822 -2.929533 1.165918 27.287054 0.112568 0.097802 0.105213 5.877295 0.004226
4.627999 1.076301 -2.848447 1.300736 27.973602 0.120284 0.101755 0.150775 5.861043 0.003661
4.762000 1.085348 -2.623043 1.407301 28.751020 0.128679 0.119549 0.183659 5.827909 0.001082
4.878000 1.090493 -2.327986 1.491657 29.430445 0.136570 0.143167 0.193562 5.791366 0.000304
5.012001 1.096429 -1.935454 1.553599 30.199038 0.143619 0.175915 0.190395 5.771140 0.002637
5.129002 1.114735 -1.539964 1.645076 30.873032 0.149645 0.204720 0.183330 5.749346 0.003106
5.262002 1.135549 -1.076328 1.703285 31.641008 0.157062 0.233817 0.173484 5.718124 0.003802
5.379003 1.154989 -0.710683 1.728644 32.303791 0.164575 0.250642 0.158872 5.713176 0.002450
5.512003 1.172110 -0.351355 1.697980 33.068153 0.172625 0.255894 0.125021 5.697582 0.001752
5.629004 1.177734 -0.098036 1.643992 33.728886 0.180407 0.248301 0.076561 5.696760 -0.000447
5.763004 1.174747 0.115902 1.595022 34.492378 0.190265 0.227751 0.000983 5.699611 -0.001463
5.879004 1.167039 0.216076 1.511158 35.159885 0.201002 0.203081 -0.072915 5.711529 -0.000983
6.013005 1.157567 0.245792 1.365574 35.920616 0.214185 0.168724 -0.150872 5.728073 -0.000745
6.130006 1.151701 0.201441 1.235636 36.591930 0.225243 0.136122 -0.205073 5.744490 -0.000104
6.263006 1.150733 0.092781 1.097181 37.356907 0.239567 0.099055 -0.249192 5.757941 0.000212
6.380007 1.162782 -0.039986 0.988202 38.030838 0.253672 0.071068 -0.276813 5.768135 0.002706
6.513007 1.187552 -0.214283 0.845865 38.805420 0.269771 0.047875 -0.296428 5.789023 0.002341
6.630008 1.203623 -0.372336 0.649962 39.478184 0.283819 0.038308 -0.295424 5.806662 0.003009
6.763008 1.229417 -0.534130 0.423353 40.257561 0.300972 0.039990 -0.260288 5.826392 0.002679
6.880009 1.252476 -0.643561 0.260296 40.934345 0.317392 0.052583 -0.198211 5.840086 0.004027
7.013009 1.296139 -0.743784 0.085611 41.717747 0.335558 0.077453 -0.103813 5.855372 0.006271
7.130010 1.345970 -0.808593 -0.032940 42.403336 0.349561 0.107001 -0.020936 5.862490 0.007159
7.264010 1.392539 -0.823301 -0.182448 43.183716 0.365980 0.143178 0.055646 5.872188 0.006161
7.380011 1.434708 -0.782200 -0.310633 43.870514 0.380950 0.175281 0.101201 5.872398 0.005823
7.514011 1.485940 -0.689789 -0.441535 44.651306 0.399860 0.207064 0.129320 5.872131 0.008325
7.631012 1.547571 -0.590855 -0.462403 45.337833 0.418053 0.226960 0.136511 5.872723 0.009934
7.764012 1.614592 -0.457520 -0.431830 46.118958 0.441624 0.238652 0.130201 5.880599 0.009142
7.881013 1.679283 -0.334432 -0.386337 46.806980 0.462777 0.239342 0.118494 5.886372 0.010281
8.014013 1.742968 -0.196867 -0.313081 47.595413 0.486166 0.228344 0.106425 5.886542 0.007214
8.131014 1.791180 -0.076936 -0.211915 48.278465 0.507222 0.210995 0.100731 5.888918 0.006536
8.264014 1.842064 0.033095 -0.084473 49.066849 0.531966 0.185784 0.096749 5.884913 0.007192
8.381015 1.891566 0.090555 0.090729 49.749233 0.552806 0.161246 0.089417 5.887914 0.008206
8.515016 1.968437 0.114782 0.295670 50.537018 0.576370 0.133568 0.071312 5.881481 0.011146
8.632016 2.035419 0.095551 0.498491 51.224625 0.597717 0.112759 0.049525 5.879084 0.010391
8.765017 2.127448 0.046641 0.720000 52.005772 0.623840 0.093889 0.027377 5.873975 0.012667
8.883017 2.223717 -0.021597 0.872129 52.698376 0.645976 0.084074 0.017184 5.870121 0.015569
9.016017 2.349381 -0.104155 1.021575 53.484303 0.669811 0.080901 0.015463 5.870460 0.016235
9.133018 2.460933 -0.170770 1.145606 54.165039 0.690175 0.086956 0.014973 5.870425 0.017450
9.266018 2.602688 -0.229906 1.273999 54.951389 0.712987 0.105974 0.007724 5.870756 0.017558
9.383018 2.727034 -0.264808 1.275049 55.631683 0.733390 0.130298 -0.003147 5.862831 0.019041
9.516019 2.872407 -0.298916 1.255891 56.416336 0.758426 0.162244 -0.010566 5.856459 0.018233
9.633019 2.996965 -0.330092 1.235938 57.095955 0.781250 0.190096 -0.006047 5.863576 0.018983
9.767020 3.139488 -0.371165 1.249898 57.881359 0.810111 0.220623 0.008371 5.864714 0.017652
9.883020 3.254769 -0.407091 1.215649 58.567947 0.836226 0.243838 0.018297 5.876868 0.017336
10.017021 3.383853 -0.452737 1.255251 59.350410 0.867905 0.263085 0.015027 5.897841 0.016422
10.133021 3.501842 -0.497836 1.334735 60.041527 0.897107 0.270965 -0.001085 5.920962 0.017790
10.267022 3.631902 -0.514479 1.372612 60.829723 0.930825 0.269943 -0.024097 5.937527 0.017327
10.384023 3.739074 -0.516007 1.359659 61.525520 0.959525 0.261983 -0.038824 5.962588 0.015883
10.501023 3.853716 -0.495610 1.295784 62.223610 0.988961 0.248521 -0.046671 5.978285 0.016874
10.634024 3.992963 -0.446413 1.173528 63.019722 1.022487 0.227765 -0.055446 6.002401 0.019383
10.751024 4.134808 -0.377580 1.037686 63.721764 1.051802 0.208084 -0.070494 6.007896 0.022428
10.884025 4.308908 -0.265571 0.834746 64.520912 1.085113 0.187198 -0.093020 6.017223 0.023314
11.001025 4.457271 -0.146005 0.610462 65.223915 1.114233 0.173741 -0.105196 6.012171 0.021101
11.134026 4.617707 -0.001605 0.330092 66.029396 1.148901 0.164640 -0.095126 6.019854 0.020082
11.251026 4.753433 0.122371 0.072935 66.727432 1.179561 0.162355 -0.063888 6.026222 0.019852
11.385027 4.907882 0.247352 -0.190115 67.534698 1.216221 0.166656 -0.013685 6.036900 0.020182
11.501027 5.037815 0.353605 -0.389371 68.240639 1.248524 0.175037 0.029701 6.042816 0.019711
11.635028 5.190409 0.421965 -0.488794 69.043488 1.286010 0.185345 0.069704 6.044649 0.020732
11.751028 5.332180 0.456643 -0.512631 69.750702 1.320245 0.196925 0.094499 6.054740 0.022146
11.885029 5.496304 0.454617 -0.500141 70.556396 1.360408 0.211761 0.108133 6.072793 0.020356
12.002029 5.632051 0.403794 -0.459319 71.267387 1.396845 0.224741 0.103468 6.094502 0.020718
12.135030 5.777189 0.317363 -0.347190 72.078171 1.438966 0.237984 0.078563 6.111695 0.018422
12.252030 5.886135 0.197320 -0.236052 72.794128 1.475062 0.245222 0.046441 6.135397 0.016243
12.385031 5.999048 0.033878 -0.059671 73.616959 1.517704 0.247240 0.013270 6.155867 0.013528
12.502031 6.080300 -0.117164 0.173775 74.331757 1.556244 0.243832 -0.002105 6.181150 0.011739
12.635032 6.158853 -0.269083 0.397108 75.160652 1.601238 0.235694 -0.001464 6.204152 0.009753
12.752032 6.227749 -0.398475 0.557724 75.886780 1.642240 0.227396 0.010226 6.224550 0.010370
12.885033 6.302948 -0.536264 0.760948 76.714737 1.690258 0.214318 0.027718 6.241530 0.009629
13.002033 6.360806 -0.632327 0.965092 77.444611 1.734068 0.203685 0.041251 6.252389 0.007748
13.136034 6.408529 -0.692926 1.265718 78.274956 1.783989 0.193235 0.049006 6.254841 0.006229
13.253035 6.452039 -0.716370 1.578624 79.004738 1.827924 0.188709 0.043207 6.245206 0.007329
13.386035 6.506120 -0.701088 1.966336 79.832642 1.878426 0.186933 0.014961 6.232303 0.007361
13.503036 6.543940 -0.665150 2.341760 80.559021 1.925111 0.188541 -0.030560 6.213504 0.006088
13.636036 6.586535 -0.597385 2.658551 81.389862 1.976322 0.194948 -0.097244 6.213236 0.005520
13.753036 6.618700 -0.523770 2.922601 82.108704 2.019804 0.204369 -0.151740 6.206368 0.005143
13.886037 6.647420 -0.418692 3.223213 82.938148 2.071491 0.217846 -0.190660 6.199885 0.004534
14.003037 6.677588 -0.319994 3.404052 83.662277 2.117788 0.229064 -0.193831 6.202364 0.002997
14.137038 6.708563 -0.207175 3.492109 84.484695 2.171402 0.239511 -0.164915 6.193796 0.004597
14.253038 6.725417 -0.135252 3.483681 85.208687 2.220319 0.246502 -0.123718 6.206019 0.001689
14.387039 6.739156 -0.068085 3.480199 86.032768 2.277792 0.252215 -0.078019 6.216359 0.000764
14.504040 6.746459 -0.025229 3.404859 86.759560 2.330195 0.254942 -0.049791 6.237428 0.001509
14.637040 6.756781 0.009929 3.251877 87.587906 2.393116 0.252816 -0.031988 6.254893 0.000834
14.754041 6.757290 0.025672 3.102111 88.318939 2.451381 0.246837 -0.021145 6.280522 -0.000633
14.887041 6.742819 0.042717 2.898528 89.159958 2.519493 0.237650 -0.002775 6.305561 -0.002589
15.004042 6.722023 0.047506 2.621572 89.890671 2.579415 0.227960 0.023323 6.329061 -0.003873
15.137042 6.700282 0.059550 2.211745 90.738289 2.649927 0.216841 0.064529 6.358235 -0.003330
15.254043 6.658832 0.080527 1.837436 91.481133 2.712637 0.208811 0.105357 6.378387 -0.007133
15.388043 6.598251 0.129120 1.384643 92.327110 2.785133 0.203840 0.149716 6.387347 -0.007614
15.504044 6.548326 0.207800 0.993941 93.072411 2.850946 0.202005 0.180561 6.400082 -0.006730
15.638044 6.496295 0.321181 0.571923 93.921379 2.927662 0.204063 0.201257 6.414873 -0.005591
15.755045 6.461151 0.417485 0.235694 94.669342 2.996167 0.208897 0.205134 6.424079 -0.003828
15.888045 6.419176 0.547994 -0.134867 95.520523 3.073515 0.217984 0.194042 6.427268 -0.005722
16.005045 6.375567 0.681135 -0.427542 96.269539 3.141458 0.226718 0.171630 6.425832 -0.005897
16.138048 6.320195 0.823536 -0.731201 97.120697 3.220955 0.235354 0.132714 6.428363 -0.006890
16.255051 6.266018 0.969158 -0.961299 97.869003 3.291574 0.242166 0.089315 6.423401 -0.007142
16.388054 6.217601 1.109451 -1.130870 98.726051 3.371412 0.248926 0.035470 6.426564 -0.004450
16.505056 6.177973 1.203496 -1.232457 99.474976 3.441709 0.252310 -0.007090 6.433716 -0.005593
16.639059 6.118207 1.283688 -1.285774 100.328308 3.522978 0.253300 -0.041509 6.450613 -0.008001
16.755062 6.056401 1.304528 -1.310668 101.080605 3.594256 0.251862 -0.055234 6.462544 -0.009480
16.889065 5.991765 1.288125 -1.324802 101.937248 3.675757 0.247300 -0.054382 6.476752 -0.007251
17.006067 5.948736 1.266041 -1.344544 102.692490 3.747569 0.242173 -0.047070 6.491052 -0.006876
17.139071 5.906809 1.230834 -1.315781 103.553513 3.829722 0.237856 -0.043531 6.517838 -0.005375
17.256073 5.872079 1.178770 -1.216659 104.313568 3.901864 0.234867 -0.050160 6.532599 -0.005602
17.389076 5.836902 1.094980 -1.070453 105.186050 3.982147 0.230765 -0.067941 6.545402 -0.004647
17.506079 5.809553 1.019467 -0.948554 105.943192 4.049781 0.229132 -0.087686 6.561318 -0.003842
17.639082 5.795480 0.963643 -0.794413 106.820068 4.127166 0.228168 -0.113631 6.577443 -0.001399
17.756084 5.787508 0.927290 -0.576587 107.587013 4.193810 0.228896 -0.140351 6.581372 -0.002191
17.890087 5.773492 0.882406 -0.278493 108.460152 4.269023 0.230637 -0.174807 6.599115 -0.003057
18.006090 5.763449 0.862207 -0.070313 109.230377 4.335218 0.234268 -0.202673 6.614103 -0.001750
18.140093 5.743377 0.867423 0.230385 110.108215 4.411316 0.237704 -0.220228 6.633140 -0.002999
18.257095 5.719481 0.878594 0.540353 110.881599 4.478344 0.241002 -0.215709 6.637624 -0.004750
18.390099 5.679214 0.917565 0.896317 111.762161 4.554413 0.245794 -0.184896 6.645100 -0.005491
18.507101 5.649561 0.979189 1.128984 112.537155 4.620240 0.251139 -0.136855 6.647732 -0.004705
18.640104 5.625115 1.062247 1.366944 113.418297 4.693622 0.256458 -0.063758 6.650504 -0.003671
18.757107 5.593716 1.145962 1.547546 114.194397 4.756468 0.259767 0.009724 6.659423 -0.005261
18.890110 5.572114 1.241770 1.737336 115.084007 4.827106 0.261500 0.093337 6.663577 -0.002860
19.007113 5.560809 1.318761 1.892846 115.854324 4.887011 0.261655 0.156818 6.662641 -0.001987
19.141115 5.546115 1.366046 2.056556 116.743629 4.956048 0.258567 0.213858 6.655206 -0.002656
19.257118 5.544449 1.391363 2.167195 117.520035 5.015420 0.253957 0.248327 6.654952 -0.000031
19.391121 5.528968 1.384344 2.191114 118.401886 5.079523 0.247044 0.269529 6.650357 -0.003110
19.508123 5.510845 1.337924 2.139315 119.177811 5.135691 0.239903 0.269672 6.647678 -0.003170
19.641127 5.490716 1.224652 2.133944 120.059128 5.200196 0.231549 0.244621 6.641524 -0.001819
19.758129 5.480302 1.102209 2.114409 120.834465 5.257090 0.225308 0.200204 6.643823 -0.001422
19.891132 5.468519 0.927594 2.068779 121.715157 5.322395 0.220211 0.131445 6.640021 -0.002108
20.008135 5.442000 0.745796 1.953816 122.490013 5.379804 0.218888 0.064444 6.644851 -0.003803
20.142138 5.401514 0.525825 1.757546 123.378281 5.445724 0.220202 -0.010021 6.647038 -0.005337
20.258141 5.372743 0.331697 1.570789 124.148544 5.501287 0.223878 -0.067755 6.661458 -0.003344
20.391144 5.348626 0.131198 1.368598 125.039284 5.565245 0.230147 -0.122273 6.673651 -0.002976
20.508146 5.329567 0.005791 1.236892 125.817757 5.621277 0.239320 -0.153502 6.670289 -0.003092
20.642149 5.308241 -0.087942 1.007510 126.703293 5.683313 0.254987 -0.164525 6.677488 -0.001889
20.758152 5.293221 -0.111234 0.801688 127.482651 5.737282 0.270081 -0.153773 6.679412 -0.002347
20.892155 5.271881 -0.081165 0.528085 128.369751 5.797719 0.288384 -0.127514 6.687774 -0.002825
21.009157 5.249046 -0.039337 0.284966 129.150925 5.851124 0.303779 -0.101650 6.694884 -0.002598
21.142160 5.233496 0.033288 0.036278 130.038757 5.912148 0.317488 -0.074552 6.689603 -0.001548
21.259163 5.222497 0.114343 -0.140500 130.820007 5.964011 0.325632 -0.052454 6.693429 -0.001721
21.376165 5.207531 0.213024 -0.293718 131.601974 6.014582 0.326839 -0.029785 6.700825 -0.002495
21.509169 5.184125 0.331608 -0.372343 132.491486 6.071300 0.321627 -0.000944 6.707824 -0.003591
21.626171 5.154674 0.448115 -0.443835 133.275085 6.121056 0.311874 0.029286 6.713341 -0.005013
21.759174 5.122522 0.575521 -0.561468 134.166275 6.177568 0.295082 0.067945 6.714109 -0.002711
21.876177 5.108792 0.698711 -0.662886 134.950684 6.226652 0.277195 0.097908 6.714741 -0.001306
22.009180 5.088114 0.816328 -0.718766 135.847610 6.282964 0.257025 0.111645 6.701620 -0.002838
22.126183 5.068162 0.906819 -0.739359 136.629791 6.332036 0.240984 0.097220 6.700621 -0.003152
22.260185 5.041862 0.958664 -0.795447 137.518112 6.384356 0.225621 0.056755 6.678512 -0.003159
22.376188 5.023815 0.964563 -0.775743 138.298096 6.431019 0.216176 0.015752 6.676702 -0.001888
22.510191 5.022902 0.937226 -0.653091 139.183838 6.484628 0.211143 -0.020781 6.669600 -0.000183
22.627193 5.029282 0.889422 -0.444486 139.961899 6.531398 0.214274 -0.041485 6.657254 0.000973
22.760197 5.033524 0.791202 -0.162513 140.845810 6.581629 0.224129 -0.059279 6.654680 0.000168
22.877199 5.035985 0.674074 0.114234 141.623047 6.624473 0.236457 -0.076826 6.652075 0.000371
23.010202 5.051995 0.507273 0.489899 142.512604 6.673076 0.255223 -0.102203 6.647679 0.002286
23.127205 5.076170 0.335977 0.849876 143.283234 6.715350 0.272623 -0.127815 6.658668 0.003226
23.260208 5.108229 0.116047 1.206472 144.174500 6.763978 0.290594 -0.156043 6.662541 0.004418
23.377211 5.141979 -0.065796 1.526865 144.947113 6.805037 0.302943 -0.170078 6.673700 0.005517
23.511213 5.179917 -0.265232 1.894339 145.840866 6.850766 0.314461 -0.158428 6.682756 0.004283
23.627216 5.216098 -0.426248 2.175986 146.621872 6.890028 0.323381 -0.115007 6.684374 0.005862
23.761219 5.260878 -0.567639 2.455960 147.510239 6.934234 0.329479 -0.033247 6.692261 0.004800
23.878222 5.287091 -0.652618 2.654163 148.293289 6.972900 0.331244 0.049709 6.705086 0.003846
24.011225 5.325336 -0.677901 2.834661 149.184860 7.016560 0.332223 0.132849 6.715043 0.005784
24.128227 5.361235 -0.652795 2.941544 149.969711 7.055147 0.330265 0.186079 6.717329 0.004370
24.261230 5.390854 -0.578735 2.982170 150.860901 7.097973 0.325380 0.224721 6.703750 0.003688
24.378233 5.415726 -0.467255 2.989425 151.643158 7.134227 0.320231 0.243251 6.687831 0.003780
24.511236 5.440292 -0.297262 2.976977 152.536301 7.176118 0.314395 0.245125 6.663203 0.002829
24.628239 5.456118 -0.105015 2.929592 153.313202 7.213472 0.308495 0.226012 6.638625 0.001811
24.762241 5.470689 0.123285 2.778318 154.193115 7.255640 0.302849 0.183085 6.612504 0.002097
24.878244 5.489926 0.312142 2.584918 154.964447 7.293107 0.299427 0.137451 6.592655 0.003450
25.012247 5.510283 0.498695 2.333642 155.838699 7.336267 0.296119 0.090768 6.571932 0.001227
25.129250 5.517145 0.609152 2.181144 156.605621 7.376283 0.294292 0.059843 6.553096 0.001756
25.262253 5.527044 0.694617 2.015694 157.474609 7.423916 0.294511 0.034499 6.535642 0.001786
25.379255 5.537051 0.721459 1.875810 158.238098 7.465127 0.296857 0.017808 6.534919 0.002157
25.512259 5.550584 0.664834 1.718226 159.112137 7.512828 0.301201 0.001987 6.532788 0.002035
25.629261 5.576653 0.560640 1.661593 159.868805 7.555523 0.306171 -0.013566 6.536529 0.004452
25.762264 5.613864 0.412576 1.533052 160.744171 7.604153 0.312583 -0.041943 6.546733 0.004487
25.879267 5.657761 0.236115 1.458426 161.502625 7.646773 0.318232 -0.077604 6.554637 0.006206
26.012270 5.688034 0.016939 1.387173 162.380905 7.696733 0.324207 -0.124317 6.574904 0.002711
26.129272 5.698337 -0.183809 1.270462 163.150330 7.739993 0.330216 -0.159968 6.592908 0.001622
26.263275 5.711624 -0.429228 1.125807 164.027618 7.789769 0.339279 -0.192054 6.617732 0.002369
26.380278 5.733700 -0.639847 1.033826 164.808960 7.835984 0.347087 -0.218897 6.644151 0.003758
26.514280 5.755963 -0.849903 0.960599 165.692810 7.890896 0.354935 -0.253780 6.672348 0.000961
26.631283 5.755815 -1.015784 0.893319 166.473099 7.939394 0.360998 -0.284906 6.690130 -0.000213
26.764286 5.761127 -1.171154 0.787808 167.363113 7.993635 0.367137 -0.309139 6.713864 0.000819
26.881289 5.769836 -1.256262 0.683128 168.148438 8.042250 0.372322 -0.312675 6.732810 0.001204
27.014292 5.785988 -1.288364 0.544321 169.050034 8.098323 0.378239 -0.292576 6.750248 0.002256
27.131294 5.798325 -1.254547 0.440840 169.831284 8.146331 0.381845 -0.253290 6.748953 0.000867
27.264297 5.801610 -1.150764 0.313850 170.733673 8.202120 0.380373 -0.182203 6.751514 -0.000859
27.381300 5.800377 -1.010322 0.203889 171.522217 8.249979 0.374343 -0.102585 6.754344 0.000164
27.515303 5.804719 -0.817529 0.061544 172.418564 8.303055 0.364523 -0.007179 6.752735 0.000347
27.631306 5.805832 -0.663588 -0.065623 173.206207 8.348750 0.354491 0.067082 6.741215 0.000518
27.765308 5.806485 -0.461854 -0.195699 174.101730 8.400181 0.341107 0.133999 6.744115 -0.000735
27.882311 5.800082 -0.253774 -0.346753 174.888931 8.443754 0.329127 0.184228 6.736606 -0.001992
28.015314 5.773950 -0.021269 -0.576757 175.782928 8.493138 0.316124 0.244948 6.727520 -0.003767
28.132317 5.744249 0.185569 -0.687823 176.567642 8.536820 0.307063 0.307417 6.713684 -0.004773
28.265320 5.710090 0.403660 -0.773188 177.464569 8.586477 0.300640 0.382785 6.699174 -0.004767
28.382322 5.688536 0.566398 -0.791481 178.240097 8.629790 0.298787 0.437416 6.692019 -0.002855
28.515326 5.669432 0.725402 -0.781155 179.134949 8.680160 0.301404 0.469443 6.694712 -0.002921
28.632328 5.652208 0.842945 -0.701390 179.917374 8.724702 0.306807 0.460760 6.700011 -0.003046
28.766331 5.626413 0.949105 -0.577666 180.807251 8.774591 0.316717 0.411252 6.705757 -0.003219
28.882334 5.610893 0.998979 -0.420815 181.591354 8.818952 0.327491 0.344581 6.717571 -0.002756
29.016336 5.603958 1.014269 -0.179274 182.484558 8.870655 0.339664 0.259756 6.734967 -0.000531
29.133339 5.609003 1.003620 0.058615 183.273300 8.916480 0.348497 0.185135 6.763644 0.001382
29.266342 5.624739 0.976900 0.386569 184.173569 8.971973 0.358449 0.097903 6.791789 0.001684
29.383345 5.636345 0.938509 0.689411 184.967255 9.022184 0.365561 0.011820 6.801604 0.001272
29.516348 5.648247 0.884342 1.089867 185.877502 9.080411 0.369285 -0.101061 6.811809 0.000963
29.633350 5.656587 0.823317 1.424247 186.667648 9.130007 0.369477 -0.204153 6.831880 -0.000138
29.766354 5.650626 0.757883 1.792211 187.582733 9.188140 0.365770 -0.313525 6.850964 -0.002938
29.883356 5.630939 0.686308 2.117017 188.384430 9.239841 0.358975 -0.388178 6.875336 -0.002475
30.017359 5.621909 0.624334 2.431729 189.297668 9.298818 0.349281 -0.441114 6.884359 -0.000511
30.133362 5.619402 0.592291 2.633734 190.101868 9.349696 0.339530 -0.456522 6.888130 -0.000397
30.267365 5.630222 0.588739 2.834468 191.016464 9.407358 0.327648 -0.436410 6.892376 0.001884
30.384367 5.641472 0.597513 2.994687 191.821869 9.459420 0.318477 -0.386580 6.901793 0.001981
30.517370 5.653183 0.612950 3.115822 192.738556 9.521770 0.310250 -0.301790 6.911470 0.001551
30.634373 5.658161 0.631562 3.177862 193.544403 9.578175 0.303481 -0.215447 6.900326 0.000741
30.751375 5.668414 0.669601 3.166618 194.349442 9.635483 0.298432 -0.128608 6.896165 0.000943
30.884378 5.670922 0.711276 3.088467 195.263794 9.700487 0.293548 -0.034226 6.887556 0.001215
31.001381 5.672265 0.750271 2.951496 196.067093 9.757190 0.291337 0.045021 6.877692 0.001145
31.134384 5.677057 0.800211 2.790901 196.978271 9.821692 0.291734 0.124314 6.856832 0.000077
31.251387 5.667151 0.857216 2.595917 197.776505 9.880193 0.294756 0.170541 6.828226 -0.002089
31.384390 5.665214 0.923490 2.353155 198.687302 9.947520 0.299929 0.179891 6.801994 0.003030
31.501392 5.676489 0.971410 2.178508 199.472763 10.006563 0.306149 0.150160 6.786525 0.001627
31.635395 5.692726 1.013005 1.998225 200.378448 10.073843 0.314068 0.091605 6.771167 0.002820
31.751398 5.722379 1.032355 1.824783 201.167755 10.131440 0.321364 0.040403 6.763471 0.006238
31.885401 5.773808 1.025136 1.623713 202.064590 10.196939 0.327139 -0.002703 6.755259 0.006874
32.001404 5.815455 0.998516 1.422853 202.852539 10.254925 0.330994 -0.026461 6.751199 0.006135
32.135391 5.861385 0.948349 1.146603 203.747421 10.321090 0.332046 -0.041394 6.744493 0.007166
32.321381 5.900909 0.901080 0.930455 204.533691 10.380280 0.330104 -0.044515 6.734321 0.006051
32.377384 5.962517 0.821427 0.663156 205.412048 10.448339 0.326283 -0.033508 6.719731 0.008909
32.502399 6.025933 0.719512 0.415455 206.249023 10.513994 0.321522 -0.007116 6.714351 0.009267
32.630413 6.104482 0.594674 0.210896 207.105911 10.582346 0.316004 0.032062 6.713854 0.011558
32.752430 6.189205 0.457425 0.050190 207.922073 10.649381 0.310324 0.073714 6.713009 0.012960
32.877445 6.280715 0.294101 -0.126927 208.751968 10.719838 0.303395 0.114256 6.717261 0.014100
33.001461 6.376989 0.112929 -0.259903 209.588837 10.792815 0.297154 0.150546 6.722707 0.012987
33.126472 6.460814 -0.075118 -0.340631 210.418793 10.865993 0.291834 0.179663 6.719453 0.011730
33.261490 6.559786 -0.267906 -0.362738 211.322830 10.945781 0.287696 0.197850 6.724340 0.014185
33.386505 6.665435 -0.422773 -0.348864 212.160828 11.021429 0.286610 0.195374 6.731586 0.014613
33.511520 6.777876 -0.539806 -0.321934 213.005402 11.098958 0.289029 0.173547 6.727865 0.016367
33.636536 6.899901 -0.624863 -0.282798 213.843079 11.177373 0.294287 0.142905 6.730345 0.018046
33.761551 7.025112 -0.674800 -0.235469 214.680847 11.257107 0.299950 0.118230 6.732651 0.017414
33.885567 7.149821 -0.679505 -0.129746 215.511887 11.339299 0.305319 0.106296 6.733663 0.017516
34.009583 7.272901 -0.645720 -0.027938 216.342285 11.422985 0.310120 0.097783 6.729791 0.016533
34.134598 7.383637 -0.603722 0.074835 217.172363 11.507911 0.312754 0.074752 6.729520 0.015136
34.258614 7.490441 -0.551538 0.213606 218.008514 11.595182 0.314061 0.026007 6.721549 0.015302
34.384628 7.590903 -0.494322 0.360467 218.850235 11.685058 0.312021 -0.041580 6.713091 0.012942
34.509644 7.681374 -0.421674 0.501447 219.678101 11.773034 0.305909 -0.106529 6.712865 0.011458
34.633659 7.757334 -0.334450 0.587521 220.513046 11.861399 0.296354 -0.153923 6.717398 0.009823
34.757675 7.827974 -0.257332 0.714723 221.341492 11.949705 0.283326 -0.181426 6.715500 0.010683
34.882690 7.890702 -0.188317 0.855396 222.168976 12.039054 0.267782 -0.198841 6.709720 0.007868
35.006706 7.951137 -0.132029 0.987622 223.002884 12.129869 0.250761 -0.214567 6.708202 0.009262
35.131721 8.006730 -0.094838 1.129544 223.829285 12.220587 0.232989 -0.227152 6.703506 0.006396
35.256737 8.048769 -0.052668 1.288316 224.660278 12.313027 0.215011 -0.229108 6.680571 0.006320
35.381752 8.097859 -0.018993 1.457210 225.495911 12.407234 0.199786 -0.215012 6.668857 0.007289
35.505768 8.137288 0.027854 1.561360 226.315704 12.499706 0.188172 -0.186417 6.642265 0.004050
35.630783 8.162717 0.095249 1.617588 227.138702 12.593006 0.180933 -0.145256 6.613457 0.002849
35.754799 8.184202 0.167692 1.703487 227.951447 12.686577 0.179078 -0.091471 6.582985 0.002338
35.878815 8.197009 0.255304 1.751238 228.761063 12.780367 0.182530 -0.023861 6.568247 0.001521
36.003830 8.217414 0.342568 1.826896 229.574539 12.875275 0.187802 0.051583 6.545695 0.002631
36.128845 8.224714 0.427902 1.829310 230.385727 12.969913 0.195957 0.118753 6.527134 0.000432
36.254860 8.229492 0.489863 1.737160 231.200912 13.066242 0.206240 0.162935 6.510378 0.000612
36.379875 8.231656 0.546515 1.587654 232.001221 13.160276 0.215694 0.179542 6.487158 0.000552
36.502892 8.235100 0.572389 1.453007 232.797867 13.256442 0.223856 0.176828 6.462643 0.001192
36.627907 8.247053 0.578332 1.346789 233.597672 13.356042 0.229851 0.163362 6.442460 0.001377
36.751923 8.265851 0.567801 1.249548 234.389572 13.455953 0.234634 0.142026 6.435056 0.002947
36.876938 8.295513 0.528229 1.166508 235.180130 13.556645 0.237099 0.110565 6.421930 0.005665
37.011955 8.329969 0.464591 1.056530 236.045364 13.666362 0.236931 0.063855 6.407611 0.004414
37.135971 8.364539 0.391181 0.985170 236.832321 13.766628 0.232000 0.015229 6.393187 0.004961
37.259987 8.393806 0.298172 0.877099 237.617737 13.868192 0.225283 -0.031889 6.380898 0.003919
37.384003 8.425351 0.203362 0.749683 238.400970 13.970996 0.215846 -0.071920 6.366873 0.004802
37.507019 8.460299 0.116928 0.621160 239.177048 14.072490 0.204346 -0.101156 6.360015 0.005491
37.630032 8.500050 0.037892 0.544250 239.957947 14.176862 0.193186 -0.117385 6.350573 0.005907
37.754047 8.540912 -0.019386 0.472303 240.724319 14.280358 0.184984 -0.117198 6.330444 0.005896
37.878063 8.582708 -0.055581 0.457218 241.506729 14.386498 0.178184 -0.097306 6.309242 0.006569
38.003078 8.632771 -0.083145 0.490886 242.279907 14.493311 0.174364 -0.057987 6.284476 0.006464
38.128094 8.675173 -0.081578 0.512448 243.057098 14.601461 0.175594 -0.006244 6.272297 0.006097
38.262112 8.729274 -0.047382 0.488920 243.893860 14.719239 0.180096 0.045890 6.249314 0.007718
38.386127 8.797255 -0.012948 0.507435 244.658752 14.827358 0.186131 0.074308 6.218659 0.009898
38.510143 8.874991 0.002432 0.548279 245.420883 14.936053 0.192484 0.080237 6.202486 0.010917
38.634155 8.939953 0.001874 0.564173 246.174698 15.045121 0.199470 0.073463 6.185373 0.007978
38.758171 9.005629 -0.020327 0.577180 246.938385 15.157131 0.205400 0.067447 6.166738 0.010082
38.879185 9.075053 -0.062092 0.542367 247.674911 15.266435 0.209181 0.068082 6.145531 0.010427
39.002201 9.155892 -0.132075 0.493112 248.415817 15.377452 0.211648 0.070009 6.139448 0.011723
39.136219 9.238386 -0.245724 0.415173 249.234070 15.501477 0.212079 0.063475 6.128958 0.010141
39.260235 9.315538 -0.379489 0.343064 249.985016 15.617300 0.209909 0.045120 6.125785 0.010428
39.384251 9.394948 -0.537542 0.307395 250.735657 15.735037 0.205027 0.016936 6.127106 0.011409
39.509266 9.483347 -0.702217 0.261422 251.492386 15.855016 0.197618 -0.016237 6.132954 0.012496
39.634281 9.580177 -0.872254 0.207813 252.243088 15.976506 0.187762 -0.046680 6.134236 0.013683
39.758297 9.680486 -1.043873 0.147166 252.999603 16.101479 0.176738 -0.065964 6.134872 0.013642
39.884312 9.786364 -1.194247 0.060015 253.762421 16.229195 0.167641 -0.067844 6.139989 0.015019
40.008327 9.901546 -1.305473 -0.025282 254.507187 16.355225 0.160797 -0.054386 6.143781 0.016461
40.131344 10.025494 -1.363798 -0.051648 255.258041 16.483360 0.157655 -0.033616 6.142288 0.018363
40.254360 10.164741 -1.374356 -0.104825 256.002258 16.610714 0.157441 -0.013010 6.136922 0.020995
40.378376 10.318775 -1.332707 -0.157246 256.752045 16.740732 0.160242 0.003834 6.135480 0.021644
40.513393 10.490827 -1.246408 -0.191387 257.560455 16.882877 0.165037 0.013172 6.115810 0.022920
40.636410 10.653551 -1.153923 -0.210556 258.305817 17.014553 0.169561 0.007292 6.093865 0.023661
40.761425 10.825022 -1.043922 -0.177138 259.053253 17.149193 0.174168 -0.013379 6.062071 0.023999
40.885441 10.990934 -0.918493 -0.128677 259.791321 17.283113 0.177832 -0.034881 6.037444 0.024146
41.009457 11.161257 -0.806534 -0.094605 260.525970 17.417719 0.178595 -0.037143 6.014186 0.023637
41.132469 11.324051 -0.726431 -0.062099 261.246368 17.549818 0.176439 -0.013283 5.996318 0.023468
41.255486 11.495985 -0.674305 -0.064645 261.976196 17.686647 0.171166 0.022179 5.981039 0.024646
41.387501 11.689230 -0.661071 -0.095162 262.750916 17.834461 0.161974 0.042703 5.969109 0.026597
41.512516 11.878332 -0.684004 -0.074806 263.476715 17.976276 0.150641 0.032789 5.959107 0.026383
41.633530 12.066735 -0.738549 -0.044828 264.189667 18.115808 0.138824 0.006085 5.950910 0.027207
41.756546 12.271067 -0.815828 -0.060078 264.900787 18.256248 0.128721 -0.018211 5.939434 0.030173
41.880562 12.496900 -0.904651 -0.053281 265.622162 18.401150 0.119585 -0.029488 5.930550 0.032734
42.004578 12.735252 -0.986831 -0.034194 266.341919 18.548916 0.112516 -0.028524 5.923096 0.034229
42.128593 12.988037 -1.070380 -0.002554 267.059357 18.701239 0.107878 -0.019915 5.912188 0.037498
42.262611 13.276666 -1.154184 -0.004821 267.838989 18.868532 0.107044 -0.004114 5.903399 0.037415
42.387627 13.553076 -1.214075 -0.008872 268.558899 19.026690 0.110705 0.013914 5.892211 0.039112
42.511642 13.837172 -1.250366 -0.025060 269.271118 19.185051 0.118196 0.027969 5.878357 0.041035
42.635658 14.138361 -1.279322 -0.047082 269.980804 19.346022 0.128633 0.031269 5.863592 0.042795
42.759674 14.449871 -1.296609 -0.066674 270.687897 19.509100 0.139866 0.023158 5.848254 0.044319
42.883690 14.761569 -1.303063 -0.084549 271.392761 19.674074 0.150629 0.008873 5.830768 0.044876
43.007702 15.082605 -1.289758 -0.089641 272.089386 19.841471 0.159957 -0.005852 5.818699 0.044664
43.131718 15.401340 -1.269830 -0.092517 272.794312 20.013683 0.165024 -0.017872 5.793809 0.045772
43.254734 15.725966 -1.247106 -0.050985 273.484344 20.185766 0.165861 -0.023465 5.774885 0.045805
43.377750 16.036104 -1.243065 -0.003198 274.165771 20.358524 0.163587 -0.017844 5.754507 0.043727
43.511768 16.370108 -1.243540 0.067713 274.909821 20.551556 0.158949 0.003106 5.723160 0.043980
43.635784 16.685638 -1.251427 0.129274 275.594849 20.733751 0.153014 0.029303 5.712724 0.045885
43.759800 17.028799 -1.265396 0.227474 276.283447 20.920183 0.146310 0.048284 5.698292 0.049917
43.884815 17.370810 -1.263416 0.293118 276.964020 21.107414 0.140375 0.048108 5.689606 0.047706
44.006828 17.701143 -1.242144 0.359118 277.636871 21.296726 0.134944 0.026508 5.676494 0.047096
44.130844 18.043068 -1.204774 0.400319 278.313568 21.490438 0.132117 -0.011020 5.676108 0.049242
44.254860 18.395630 -1.144787 0.401664 278.989227 21.686422 0.132961 -0.054464 5.669827 0.049190
44.377872 18.745247 -1.066908 0.371855 279.652771 21.880871 0.137153 -0.093801 5.664096 0.050476
44.512890 19.134579 -0.961891 0.346269 280.390656 22.101362 0.143513 -0.124941 5.661856 0.050019
44.636902 19.488552 -0.837821 0.280445 281.056427 22.303028 0.149833 -0.137411 5.650479 0.050858
44.761917 19.860569 -0.713001 0.190122 281.731262 22.511055 0.156855 -0.134175 5.648210 0.052321
44.883934 20.237581 -0.588824 0.109398 282.393616 22.721041 0.162783 -0.115728 5.649052 0.054642
45.008949 20.619450 -0.483812 0.032075 283.066040 22.937792 0.168414 -0.081306 5.655726 0.053719
45.133965 21.016628 -0.367819 -0.064695 283.738495 23.157715 0.170919 -0.030344 5.663775 0.055815
45.257980 21.421638 -0.271034 -0.133517 284.405426 23.380074 0.172205 0.033338 5.670933 0.058349
45.381996 21.847721 -0.174407 -0.165308 285.071808 23.606499 0.171583 0.100324 5.679307 0.061230
45.507011 22.290018 -0.084087 -0.166208 285.743683 23.837103 0.167749 0.159298 5.687060 0.062396
45.631027 22.743099 -0.010647 -0.169669 286.410858 24.068031 0.160587 0.202604 5.698252 0.064529
45.755043 23.212606 0.053283 -0.090320 287.077484 24.303856 0.152244 0.232094 5.708518 0.067179
45.878059 23.694103 0.111619 0.046405 287.738647 24.541880 0.142761 0.249659 5.717524 0.069495
46.003075 24.194836 0.170070 0.179939 288.405670 24.785597 0.133518 0.248980 5.733588 0.071367
46.128090 24.718792 0.250008 0.327298 289.083374 25.036926 0.125200 0.215537 5.737100 0.072885
46.254105 25.253862 0.338112 0.444331 289.760712 25.291744 0.118364 0.141030 5.746193 0.074809
46.378120 25.795923 0.438566 0.567097 290.420929 25.544647 0.113695 0.039916 5.750958 0.077844
46.503136 26.361935 0.556442 0.665836 291.090759 25.804644 0.110803 -0.063958 5.747501 0.079404
46.638153 26.995201 0.686823 0.781886 291.812073 26.089603 0.110642 -0.146267 5.739755 0.083109
46.759163 27.583574 0.810924 0.916696 292.455658 26.348810 0.112734 -0.182443 5.730083 0.085735
46.883179 28.209826 0.942562 1.094446 293.112793 26.617353 0.115764 -0.186945 5.719193 0.089127
47.006195 28.862928 1.071521 1.340367 293.768250 26.887354 0.119115 -0.168569 5.714934 0.092888
47.130211 29.538933 1.175965 1.626865 294.421631 27.160206 0.121639 -0.135524 5.704247 0.095006
47.255226 30.233078 1.252200 1.974272 295.077423 27.438057 0.123126 -0.095204 5.690090 0.096701
47.381241 30.938234 1.310772 2.388155 295.729004 27.720322 0.123555 -0.058422 5.671540 0.098048
47.506256 31.674826 1.346946 2.783282 296.382629 28.007561 0.121645 -0.036863 5.662068 0.103700
47.628269 32.430973 1.369214 3.208711 297.017761 28.291389 0.116782 -0.038191 5.649728 0.107733
47.753284 33.220673 1.379830 3.675633 297.654572 28.581312 0.109361 -0.060821 5.637963 0.111366
47.878300 34.038960 1.374731 4.143739 298.288391 28.874475 0.101020 -0.095332 5.621683 0.114049
48.013317 34.956829 1.361720 4.640768 298.978851 29.199770 0.090794 -0.129703 5.604499 0.118277
48.138332 35.827873 1.358254 5.051469 299.608704 29.501698 0.082710 -0.142503 5.575897 0.120589
48.263348 36.708248 1.348399 5.423200 300.232880 29.806026 0.074830 -0.128574 5.538967 0.123232
48.386364 37.597027 1.337774 5.854975 300.839783 30.110023 0.068116 -0.089520 5.508275 0.126128
48.511379 38.493084 1.340899 6.305778 301.446503 30.419397 0.063297 -0.032543 5.478851 0.124648
48.638393 39.421730 1.337199 6.789604 302.065430 30.743002 0.058990 0.034647 5.442745 0.125267
48.762409 40.323719 1.361065 7.239713 302.658142 31.060097 0.057421 0.099374 5.402617 0.125261
48.886425 41.227467 1.424094 7.657832 303.243835 31.380156 0.058431 0.156820 5.367872 0.125630
49.011440 42.134495 1.519372 8.056193 303.823639 31.702444 0.062979 0.200132 5.336474 0.127155
49.137455 43.068089 1.648746 8.462626 304.406525 32.032841 0.070531 0.224582 5.302571 0.127392
49.262470 44.000111 1.818647 8.813777 304.983398 32.365643 0.078869 0.229985 5.272132 0.127245
49.387486 44.919613 2.049911 9.139342 305.549103 32.698254 0.087591 0.222455 5.231596 0.126959
49.510502 45.829441 2.290506 9.496639 306.099548 33.027691 0.096435 0.209394 5.204669 0.127356
49.634518 46.749996 2.542506 9.835193 306.649200 33.362778 0.104100 0.193767 5.184722 0.128055
49.759533 47.668293 2.794295 10.140620 307.193756 33.700478 0.111453 0.172543 5.153652 0.126839
49.883549 48.597889 3.052318 10.462231 307.736877 34.042740 0.117208 0.137640 5.126570 0.128134
50.007565 49.525341 3.313295 10.820446 308.272614 34.384293 0.121773 0.081119 5.120143 0.128035
50.132580 50.455715 3.572423 11.194972 308.806122 34.726818 0.126976 -0.000730 5.108867 0.127165
50.256596 51.386799 3.816385 11.583282 309.341461 35.073269 0.132686 -0.101525 5.095619 0.124937
50.379612 52.282635 4.030440 11.969108 309.865723 35.415539 0.137935 -0.200381 5.089935 0.122374
50.504627 53.169197 4.217510 12.395549 310.393433 35.761440 0.143650 -0.277596 5.084873 0.119094
50.629642 54.055035 4.366039 12.866943 310.928680 36.113365 0.152048 -0.316184 5.083383 0.117422
50.753658 54.921070 4.453959 13.392564 311.454315 36.459728 0.164493 -0.311804 5.072153 0.114914
50.888676 55.843491 4.494800 14.040714 312.024017 36.837444 0.182672 -0.269188 5.062416 0.111858
51.012691 56.674767 4.493800 14.642431 312.547943 37.183384 0.203684 -0.209700 5.061678 0.110152
51.135708 57.487873 4.463856 15.172641 313.068207 37.524906 0.229048 -0.144189 5.059995 0.108077
51.259724 58.298717 4.411294 15.755426 313.592865 37.868534 0.258230 -0.082131 5.056865 0.107298
51.384739 59.091465 4.339558 16.363188 314.121643 38.213547 0.289731 -0.032345 5.048039 0.102629
51.508755 59.850258 4.258167 17.016981 314.646790 38.553665 0.322305 -0.000256 5.039630 0.097793
51.633770 60.578300 4.143362 17.703257 315.171204 38.892296 0.353664 0.016035 5.029788 0.093858
51.757786 61.283298 4.013368 18.399755 315.700745 39.231678 0.384134 0.023261 5.030520 0.090953
51.883801 61.962021 3.887387 19.095533 316.234192 39.571842 0.413439 0.029591 5.013834 0.085292
52.009815 62.592461 3.770778 19.800463 316.761749 39.906872 0.440479 0.041924 4.991285 0.079777
52.135830 63.196201 3.656464 20.568907 317.291687 40.242851 0.466805 0.065596 4.972180 0.075200
52.259846 63.759682 3.536163 21.326649 317.816467 40.574829 0.490698 0.102699 4.954023 0.070103
52.384861 64.281921 3.417526 22.046396 318.338318 40.904781 0.510594 0.148335 4.931419 0.065475
52.510876 64.773430 3.295052 22.741716 318.857880 41.233780 0.528742 0.187418 4.913004 0.061347
52.637890 65.229141 3.172341 23.395538 319.382782 41.567253 0.546439 0.201813 4.879256 0.054442
52.753902 65.609573 3.069661 23.989883 319.858337 41.870373 0.561748 0.186453 4.842564 0.050970
52.878918 65.986244 2.962643 24.612040 320.370514 42.199638 0.577097 0.150582 4.820003 0.046149
53.013935 66.356888 2.860972 25.178129 320.915680 42.552860 0.592934 0.114600 4.802661 0.043177
53.137951 66.672173 2.764194 25.566648 321.412262 42.876823 0.607714 0.098092 4.772014 0.040706
53.261967 66.958099 2.678370 25.789452 321.903778 43.200851 0.621052 0.094464 4.732068 0.036647
53.386982 67.198189 2.605351 25.873297 322.393219 43.528637 0.634790 0.092812 4.700347 0.030197
53.511997 67.392967 2.543725 25.786320 322.875763 43.858112 0.648435 0.084613 4.653900 0.025926
53.637012 67.542297 2.491278 25.532923 323.347382 44.187817 0.660361 0.065044 4.629743 0.019134
53.759029 67.639702 2.429395 25.215729 323.808899 44.518257 0.670919 0.030604 4.603606 0.013463
53.884045 67.694656 2.353538 24.720388 324.268127 44.855293 0.677406 -0.020490 4.583982 0.008022
54.007057 67.700607 2.250697 24.056698 324.716644 45.194607 0.679272 -0.079195 4.564739 0.002222
54.134071 67.662270 2.126054 23.205143 325.176178 45.553410 0.677634 -0.132233 4.549526 -0.003097
54.258087 67.588455 1.957281 22.238649 325.613495 45.908154 0.672773 -0.164576 4.538962 -0.006981
54.381104 67.484688 1.763487 21.112663 326.039642 46.268024 0.664321 -0.178257 4.532079 -0.011791
54.504120 67.345932 1.546461 19.774574 326.457275 46.636753 0.651244 -0.177602 4.529433 -0.016038
54.638138 67.150360 1.292432 18.182840 326.902344 47.049034 0.631625 -0.158158 4.525772 -0.023967
54.765152 66.923050 1.037550 16.509298 327.311737 47.446960 0.607671 -0.117361 4.534634 -0.029662
54.888168 66.659103 0.764698 14.720333 327.706024 47.849575 0.577637 -0.064284 4.549384 -0.034958
55.012184 66.369576 0.473881 12.788748 328.091248 48.263184 0.543172 -0.020372 4.567013 -0.039811
55.135201 66.047844 0.164280 10.676927 328.464417 48.684692 0.504055 -0.005190 4.582338 -0.046505
55.259216 65.689049 -0.158198 8.492802 328.826202 49.119171 0.460059 -0.017704 4.610052 -0.053651
55.384232 65.294167 -0.493091 6.189267 329.185150 49.572819 0.410587 -0.040467 4.641067 -0.059205
55.509247 64.858345 -0.841841 3.765933 329.536438 50.043209 0.357876 -0.053841 4.675444 -0.067095
55.632256 64.412155 -1.185352 1.395543 329.865112 50.512550 0.304293 -0.050461 4.711445 -0.071565
55.755272 63.945347 -1.545758 -1.018284 330.188110 51.003296 0.248800 -0.033066 4.756049 -0.075659
55.880287 63.461842 -1.903372 -3.440172 330.499054 51.508644 0.192247 -0.006976 4.806357 -0.079635
56.014297 62.923458 -2.282010 -6.000518 330.826385 52.073837 0.132241 0.023512 4.863407 -0.083206
56.139313 62.415329 -2.598976 -8.339652 331.119202 52.611164 0.079505 0.043063 4.920585 -0.086832
56.264328 61.899902 -2.877220 -10.583377 331.403259 53.161041 0.030788 0.044696 4.972531 -0.086527
56.379341 61.444382 -3.058374 -12.486540 331.655914 53.672710 -0.007326 0.030227 5.027878 -0.083433
56.504356 60.963005 -3.150942 -14.268853 331.927429 54.243744 -0.040149 0.006517 5.080172 -0.078486
56.640373 60.461060 -3.100632 -15.783329 332.216064 54.877045 -0.060884 -0.012799 5.142828 -0.071374
56.755386 60.078510 -2.933733 -16.670246 332.457153 55.420139 -0.067465 -0.016900 5.181665 -0.061350
56.879402 59.724827 -2.600243 -17.230074 332.717529 56.016190 -0.062058 -0.011241 5.215786 -0.047635
57.014420 59.428226 -2.062974 -17.326448 332.999603 56.662918 -0.044722 -0.001122 5.230356 -0.031847
57.139435 59.257923 -1.410194 -16.934206 333.262085 57.256245 -0.021063 0.008225 5.231706 -0.015840
57.262451 59.195305 -0.643165 -16.118494 333.530029 57.846661 0.006809 0.019020 5.226402 -0.000585
57.386467 59.243935 0.177943 -14.980500 333.805115 58.432251 0.035933 0.033646 5.214144 0.013645
57.510483 59.407196 1.017630 -13.450427 334.087952 59.013454 0.065528 0.049320 5.211474 0.025670
57.635498 59.681450 1.826055 -11.514028 334.382141 59.594753 0.096106 0.059204 5.212511 0.034881
57.760513 60.055859 2.584004 -9.242962 334.687927 60.171154 0.125316 0.058408 5.226066 0.043470
57.885529 60.521412 3.244562 -6.765076 335.005646 60.744377 0.152888 0.049847 5.256694 0.050450
58.010544 61.071747 3.768350 -4.016955 335.335968 61.315685 0.179037 0.042027 5.298927 0.055346
58.134560 61.675709 4.137228 -1.107381 335.678345 61.881077 0.204667 0.041042 5.351079 0.058192
58.257576 62.311913 4.342947 1.855523 336.032501 62.441010 0.230371 0.046751 5.413299 0.060156
58.381592 62.977379 4.381724 4.844819 336.405151 63.004856 0.257707 0.055130 5.481901 0.062164
58.506607 63.639748 4.261172 7.785979 336.797150 63.573631 0.290248 0.063020 5.558770 0.061372
58.632622 64.269684 3.979696 10.606968 337.204407 64.143845 0.330514 0.069430 5.641504 0.057477
58.756638 64.854675 3.576929 13.222496 337.624207 64.711273 0.379047 0.074228 5.724220 0.057679
58.889652 65.427055 3.032981 15.751225 338.089142 65.322212 0.439475 0.077022 5.805315 0.054907
59.013668 65.918129 2.458598 17.847036 338.537750 65.898392 0.500389 0.077415 5.868823 0.054072
59.137684 66.357956 1.871832 19.625494 338.993530 66.471832 0.562845 0.075387 5.934032 0.051305
59.260700 66.742004 1.302916 21.086330 339.454834 67.042030 0.625850 0.069587 5.985789 0.046208
59.385715 67.080231 0.775400 22.281034 339.929840 67.623528 0.688552 0.058292 6.018427 0.042702
59.508732 67.366852 0.337727 23.077103 340.400787 68.197678 0.745453 0.042950 6.052224 0.036232
59.630745 67.596931 0.011318 23.517710 340.867798 68.763924 0.793997 0.026396 6.075997 0.030342
59.764759 67.797043 -0.226429 23.614128 341.387360 69.392654 0.836565 0.009347 6.096034 0.023152
59.889774 67.924873 -0.333325 23.299086 341.873077 69.981407 0.861379 -0.004614 6.113869 0.014632
60.012791 67.997574 -0.320873 22.659483 342.352905 70.568062 0.870744 -0.015777 6.107169 0.006668
