1.20 1.10 20 64
0.139000 0.006179 0.005206 -0.079304 0.919729 -0.000802 -0.119366 0.276041 6.678442 0.000987
0.256000 -0.001619 0.061438 -0.213574 1.688953 -0.002952 -0.049707 0.285028 6.594486 -0.003138
0.389000 -0.021173 0.164696 -0.296362 2.564498 -0.005885 0.075125 0.262959 6.489379 -0.002860
0.506000 -0.039460 0.274818 -0.420207 3.310833 -0.007561 0.206170 0.211629 6.403123 -0.004153
0.640000 -0.074170 0.388327 -0.593541 4.162120 -0.011242 0.364688 0.118972 6.317539 -0.004970
0.756000 -0.102611 0.445067 -0.739743 4.899403 -0.015648 0.494227 0.021189 6.302713 -0.003697
0.890000 -0.120374 0.455880 -0.883692 5.738459 -0.021673 0.616951 -0.097666 6.320199 -0.001634
1.007000 -0.128785 0.425349 -0.979320 6.481222 -0.028147 0.692808 -0.193369 6.372513 -0.000735
1.140000 -0.124292 0.343263 -1.063033 7.335190 -0.035883 0.735800 -0.276670 6.458148 0.000926
1.257000 -0.120538 0.220395 -1.137414 8.096248 -0.042623 0.733693 -0.314048 6.538623 0.000177
1.391000 -0.116350 0.046331 -1.183629 8.979486 -0.050587 0.687474 -0.311943 6.627895 0.000568
1.507000 -0.109370 -0.102221 -1.192842 9.759335 -0.057322 0.613651 -0.278832 6.685894 0.000552
1.640000 -0.110962 -0.268164 -1.142411 10.651574 -0.066694 0.501602 -0.219041 6.720070 0.000185
1.756999 -0.107408 -0.397138 -1.082628 11.437760 -0.075500 0.386707 -0.160079 6.723279 0.000592
1.890999 -0.105423 -0.497017 -1.071675 12.331924 -0.088512 0.253281 -0.094051 6.722154 0.000635
2.006999 -0.111213 -0.533881 -0.994476 13.116741 -0.101627 0.146797 -0.049554 6.698756 -0.000248
2.140999 -0.120796 -0.476176 -0.880822 14.005130 -0.118345 0.051027 -0.024590 6.670692 -0.001464
2.257999 -0.137855 -0.336153 -0.774271 14.783367 -0.134482 -0.002213 -0.031473 6.640989 -0.002361
2.390999 -0.179461 -0.068468 -0.576764 15.663065 -0.151946 -0.023662 -0.064233 6.596951 -0.006548
2.507998 -0.219098 0.239820 -0.403285 16.430792 -0.166180 -0.004778 -0.099887 6.539759 -0.006568
2.640998 -0.269612 0.636857 -0.289127 17.301449 -0.185015 0.051612 -0.128172 6.470578 -0.006186
2.757998 -0.309375 0.980567 -0.244602 18.046656 -0.203385 0.124061 -0.132511 6.399428 -0.006189
2.890998 -0.352832 1.348319 -0.213307 18.897909 -0.227985 0.218427 -0.114962 6.327241 -0.005109
3.007998 -0.391382 1.610674 -0.225225 19.635492 -0.249614 0.299629 -0.088805 6.300429 -0.006582
3.141998 -0.430588 1.818239 -0.198685 20.470789 -0.273610 0.381316 -0.058112 6.272735 -0.005357
3.257998 -0.466839 1.922130 -0.098172 21.204275 -0.292278 0.436990 -0.034401 6.277432 -0.006283
3.391998 -0.518550 1.951143 0.049432 22.040668 -0.311794 0.477964 -0.006062 6.300412 -0.007685
3.508997 -0.565411 1.885333 0.156398 22.780283 -0.329420 0.490441 0.031845 6.339977 -0.007682
3.641997 -0.613749 1.703843 0.315221 23.626646 -0.349088 0.478450 0.104232 6.385225 -0.005577
3.758997 -0.648184 1.469198 0.510267 24.376698 -0.366559 0.446170 0.192637 6.431584 -0.006419
3.875997 -0.686149 1.168640 0.748497 25.131636 -0.384836 0.397341 0.293831 6.468349 -0.007011
4.008997 -0.745175 0.776163 0.998341 26.001154 -0.407147 0.326377 0.401647 6.504545 -0.009292
4.125998 -0.799700 0.416399 1.220311 26.756460 -0.425764 0.259227 0.469385 6.519218 -0.008815
4.258998 -0.874480 0.000163 1.448350 27.631390 -0.446734 0.184087 0.505388 6.534812 -0.010374
4.375998 -0.949051 -0.327035 1.595833 28.387836 -0.464760 0.127877 0.495490 6.514392 -0.010226
4.508999 -1.027234 -0.626019 1.679066 29.259541 -0.488221 0.082139 0.439521 6.500993 -0.009810
4.625999 -1.084496 -0.834505 1.756219 30.010855 -0.509488 0.062351 0.359229 6.470642 -0.008854
4.760000 -1.164804 -0.980063 1.797778 30.874866 -0.535834 0.064877 0.247350 6.432767 -0.011949
4.876000 -1.249619 -1.001207 1.789976 31.624548 -0.559278 0.089294 0.147391 6.392590 -0.014447
5.010001 -1.362302 -0.925476 1.717098 32.471931 -0.590144 0.138968 0.042946 6.362753 -0.015042
5.127002 -1.463429 -0.763342 1.667311 33.219303 -0.618273 0.196515 -0.039710 6.316928 -0.015009
5.261003 -1.583449 -0.522759 1.578830 34.055050 -0.650728 0.269855 -0.124258 6.269314 -0.015625
5.378003 -1.691883 -0.285914 1.476281 34.785473 -0.679605 0.332936 -0.189681 6.237343 -0.016558
5.511003 -1.820732 -0.024670 1.327835 35.618370 -0.713673 0.392861 -0.255604 6.214154 -0.017545
5.628004 -1.947855 0.188198 1.203109 36.338413 -0.742578 0.429296 -0.308455 6.211708 -0.020693
5.761004 -2.113440 0.391960 1.105454 37.170097 -0.775733 0.450606 -0.378685 6.213835 -0.022673
5.878005 -2.267837 0.512434 0.989126 37.890884 -0.804150 0.450161 -0.452236 6.223028 -0.023214
6.012006 -2.450489 0.585416 0.839067 38.725258 -0.837386 0.427596 -0.544258 6.236791 -0.023665
6.128006 -2.613066 0.576867 0.720762 39.455475 -0.868423 0.391609 -0.607189 6.252304 -0.023697
6.262007 -2.799101 0.495617 0.620366 40.286335 -0.903025 0.335403 -0.632809 6.249426 -0.023589
6.378007 -2.952064 0.366677 0.573844 41.016472 -0.932725 0.277964 -0.603578 6.243739 -0.022550
6.512008 -3.124821 0.166707 0.507892 41.845825 -0.967964 0.211839 -0.513826 6.237679 -0.023751
6.629008 -3.287476 -0.043831 0.396752 42.574562 -1.000218 0.159478 -0.397814 6.230928 -0.023925
6.762009 -3.467544 -0.298562 0.302272 43.401424 -1.036903 0.113384 -0.237978 6.217749 -0.025029
6.879009 -3.634358 -0.520221 0.261117 44.127613 -1.068389 0.089689 -0.095005 6.207932 -0.024734
7.012010 -3.820963 -0.769551 0.192526 44.957195 -1.105767 0.084043 0.053761 6.189678 -0.024235
7.129010 -3.987044 -0.972619 0.129743 45.672779 -1.141461 0.099790 0.157798 6.168224 -0.025396
7.262011 -4.193561 -1.157214 0.021243 46.496239 -1.183700 0.137744 0.261941 6.138431 -0.026205
7.379011 -4.370682 -1.273598 -0.093314 47.211754 -1.221228 0.184450 0.350968 6.114098 -0.026765
7.513012 -4.566129 -1.368250 -0.198759 48.021282 -1.263717 0.246240 0.461616 6.081343 -0.024344
7.629012 -4.728592 -1.439364 -0.201936 48.730267 -1.300193 0.301293 0.555028 6.061157 -0.023743
7.763013 -4.929738 -1.503739 -0.173202 49.534668 -1.340344 0.358103 0.634235 6.054473 -0.026639
7.880013 -5.111788 -1.551973 -0.116347 50.242058 -1.375932 0.399511 0.661407 6.055219 -0.027165
8.013014 -5.339993 -1.610939 -0.024671 51.046917 -1.419324 0.429231 0.642910 6.061664 -0.031236
8.130014 -5.555458 -1.671255 0.063582 51.756268 -1.459032 0.439285 0.590414 6.075586 -0.032256
8.263015 -5.804217 -1.752983 0.155922 52.570171 -1.505138 0.432443 0.498668 6.090598 -0.031996
8.380015 -6.029669 -1.840729 0.268876 53.281952 -1.547129 0.411620 0.397077 6.096997 -0.033549
8.513016 -6.274177 -1.951889 0.344929 54.091434 -1.596757 0.373709 0.259674 6.095986 -0.030610
8.630016 -6.485759 -2.061668 0.421306 54.802681 -1.641500 0.332675 0.134918 6.086255 -0.031215
8.764017 -6.716275 -2.177333 0.513254 55.609928 -1.693380 0.280416 0.006158 6.073353 -0.029181
8.881018 -6.912711 -2.272316 0.552084 56.317719 -1.741175 0.236011 -0.078674 6.053308 -0.028134
9.014018 -7.130191 -2.345876 0.569150 57.118595 -1.797713 0.190966 -0.144210 6.022712 -0.029097
9.131019 -7.329536 -2.373698 0.573484 57.819374 -1.849292 0.161856 -0.184106 5.991532 -0.030155
9.264019 -7.560216 -2.363081 0.531449 58.615974 -1.911469 0.146178 -0.228386 5.940836 -0.032961
9.381020 -7.771637 -2.314335 0.395043 59.299656 -1.967213 0.147520 -0.271186 5.893286 -0.032718
9.514020 -8.019073 -2.239461 0.234568 60.081890 -2.033060 0.164367 -0.325958 5.835504 -0.033574
9.631021 -8.238324 -2.182053 0.103865 60.753860 -2.092100 0.188984 -0.372073 5.798970 -0.033403
9.764021 -8.495408 -2.133933 -0.015622 61.523888 -2.160911 0.227535 -0.419915 5.745214 -0.035795
9.881021 -8.735280 -2.101144 -0.191337 62.185844 -2.222313 0.266306 -0.451467 5.721448 -0.037714
10.015022 -9.019508 -2.098341 -0.308584 62.946926 -2.294308 0.310566 -0.474997 5.697472 -0.037203
10.131022 -9.258759 -2.125710 -0.346618 63.609909 -2.359060 0.343293 -0.479151 5.690851 -0.035332
10.265023 -9.532530 -2.170828 -0.432707 64.362236 -2.435977 0.368036 -0.464651 5.681823 -0.035699
10.382024 -9.776455 -2.243969 -0.518785 65.023758 -2.507356 0.378816 -0.436696 5.688917 -0.036775
10.515024 -10.044332 -2.348252 -0.664389 65.776123 -2.591512 0.375902 -0.394828 5.697806 -0.035590
10.632025 -10.272159 -2.456588 -0.774039 66.438873 -2.668902 0.361667 -0.352616 5.708939 -0.033888
10.765025 -10.520408 -2.590767 -0.903824 67.198593 -2.760643 0.334353 -0.293383 5.711459 -0.032952
10.882026 -10.731249 -2.696777 -1.029971 67.856239 -2.843254 0.303744 -0.222748 5.712900 -0.031926
11.015026 -10.978075 -2.787381 -1.205092 68.614410 -2.942818 0.268527 -0.107107 5.704388 -0.033207
11.132027 -11.195776 -2.831298 -1.365998 69.269600 -3.030983 0.240254 0.016989 5.695128 -0.033982
11.266027 -11.438395 -2.836113 -1.550058 70.024300 -3.136020 0.212519 0.172779 5.674656 -0.032761
11.383027 -11.648640 -2.792567 -1.669706 70.680824 -3.229768 0.196407 0.301500 5.661640 -0.032492
11.516027 -11.889180 -2.673839 -1.762498 71.423668 -3.338781 0.187626 0.432462 5.633522 -0.031758
11.632028 -12.090151 -2.541724 -1.710638 72.073524 -3.436473 0.186354 0.525897 5.600841 -0.028314
11.766028 -12.310081 -2.361574 -1.601478 72.806625 -3.551240 0.193724 0.599151 5.564731 -0.027649
11.883029 -12.506118 -2.200021 -1.467439 73.447472 -3.654858 0.206654 0.621616 5.535224 -0.029547
12.016029 -12.738806 -2.024156 -1.296426 74.172089 -3.774729 0.224287 0.599668 5.509938 -0.029364
12.133030 -12.962207 -1.868074 -1.127758 74.811409 -3.883967 0.241020 0.551293 5.485064 -0.033486
12.266030 -13.234377 -1.741905 -0.933475 75.528610 -4.011147 0.256291 0.488300 5.469769 -0.035150
12.383031 -13.489098 -1.656254 -0.757212 76.157967 -4.125079 0.263630 0.441870 5.462372 -0.038415
12.517032 -13.799456 -1.587031 -0.482152 76.872528 -4.256352 0.264179 0.400590 5.462972 -0.041018
12.633032 -14.088400 -1.536146 -0.294416 77.494827 -4.374109 0.257846 0.367094 5.458419 -0.043263
12.767033 -14.416147 -1.522657 -0.108259 78.213394 -4.512717 0.242796 0.318917 5.458859 -0.041857
12.883033 -14.711601 -1.554367 0.057827 78.839836 -4.636336 0.223197 0.261946 5.450938 -0.044672
13.001034 -15.025083 -1.608003 0.225680 79.465454 -4.763022 0.201030 0.185634 5.458506 -0.047361
13.134034 -15.399539 -1.663822 0.461089 80.176300 -4.909335 0.174731 0.073227 5.457822 -0.048644
13.251035 -15.731842 -1.703151 0.668465 80.800865 -5.041137 0.155081 -0.045771 5.454221 -0.048936
13.384035 -16.118235 -1.711553 0.857942 81.509209 -5.193164 0.137987 -0.192906 5.445079 -0.051156
13.501036 -16.472954 -1.686572 1.033998 82.130852 -5.327579 0.127841 -0.318481 5.429559 -0.052708
13.634036 -16.884890 -1.608145 1.110328 82.834587 -5.486086 0.124171 -0.445084 5.419051 -0.055404
13.751037 -17.258373 -1.504097 1.179065 83.451477 -5.628915 0.127931 -0.540639 5.408139 -0.055531
13.884037 -17.705135 -1.339266 1.209988 84.155884 -5.794894 0.137751 -0.633244 5.396512 -0.058328
14.001038 -18.090658 -1.157844 1.173508 84.763885 -5.940249 0.148567 -0.695728 5.381678 -0.059018
14.135038 -18.540953 -0.920761 1.007457 85.462746 -6.111191 0.160888 -0.734941 5.360359 -0.060162
14.251039 -18.954271 -0.726247 0.792861 86.070183 -6.262509 0.170179 -0.732481 5.345398 -0.062954
14.385039 -19.438375 -0.526723 0.530746 86.757355 -6.437200 0.177146 -0.687477 5.324100 -0.065276
14.501040 -19.879692 -0.366126 0.245271 87.360535 -6.592544 0.177775 -0.619171 5.323480 -0.066989
14.635040 -20.390699 -0.212168 -0.104106 88.045532 -6.769070 0.169607 -0.516858 5.316507 -0.067608
14.752041 -20.845774 -0.111644 -0.416675 88.647552 -6.925513 0.155912 -0.406576 5.314483 -0.067741
14.885041 -21.372774 -0.029115 -0.796546 89.330879 -7.106114 0.135125 -0.258060 5.310798 -0.069738
15.002042 -21.842945 0.004775 -1.189741 89.930832 -7.267063 0.113362 -0.107569 5.308042 -0.070432
15.135042 -22.371601 0.011283 -1.663223 90.612160 -7.453434 0.086798 0.073809 5.313486 -0.070444
15.252043 -22.854002 0.002050 -2.088140 91.216393 -7.621387 0.064953 0.228761 5.315025 -0.071893
15.385043 -23.408619 -0.008395 -2.577217 91.895988 -7.812438 0.046182 0.374493 5.302323 -0.072990
15.502044 -23.890755 0.006355 -2.996866 92.487198 -7.980703 0.034476 0.461083 5.296747 -0.072417
15.636045 -24.449980 0.046750 -3.412175 93.169014 -8.177026 0.026649 0.514885 5.295215 -0.072368
15.752045 -24.933460 0.089650 -3.715398 93.763641 -8.349935 0.025776 0.532812 5.292991 -0.071321
15.886045 -25.492390 0.180008 -4.032673 94.437614 -8.550297 0.033555 0.536723 5.283414 -0.074838
16.003046 -25.998365 0.304977 -4.275572 95.029160 -8.729329 0.044340 0.536318 5.280830 -0.075786
16.136049 -26.584293 0.481684 -4.520823 95.700302 -8.934105 0.057887 0.529428 5.268441 -0.076879
16.253052 -27.111635 0.694534 -4.744753 96.288307 -9.116530 0.070798 0.511664 5.256756 -0.078553
16.386055 -27.706627 0.958654 -4.952520 96.959206 -9.329294 0.084732 0.474200 5.250644 -0.076035
16.503057 -28.228727 1.200294 -5.131740 97.538277 -9.515203 0.094609 0.431692 5.238278 -0.078544
16.636061 -28.851488 1.489408 -5.316588 98.205299 -9.731091 0.101909 0.375815 5.226094 -0.081280
16.753063 -29.407326 1.707931 -5.484954 98.784843 -9.922249 0.102756 0.325371 5.215355 -0.082845
16.887066 -30.036505 1.935006 -5.685810 99.443047 -10.142498 0.096727 0.262098 5.219166 -0.080700
17.003069 -30.581537 2.135910 -5.861658 100.021393 -10.338407 0.086438 0.199723 5.222112 -0.081891
17.137072 -31.200493 2.345803 -6.038033 100.678780 -10.563055 0.072623 0.117511 5.221529 -0.080066
17.254074 -31.743107 2.495900 -6.179906 101.254784 -10.763266 0.059463 0.039557 5.206228 -0.080882
17.387077 -32.374729 2.624495 -6.330303 101.911522 -10.997592 0.043694 -0.058266 5.200942 -0.080841
17.504080 -32.917984 2.706115 -6.468333 102.478317 -11.204121 0.032256 -0.147543 5.200925 -0.080685
17.637083 -33.536129 2.798294 -6.640048 103.127190 -11.444175 0.021375 -0.258295 5.201575 -0.079456
17.754086 -34.080429 2.862997 -6.729890 103.696686 -11.658161 0.016190 -0.355577 5.197275 -0.081230
17.887089 -34.711014 2.906243 -6.814258 104.346458 -11.906180 0.016113 -0.461529 5.189004 -0.082800
18.004091 -35.261509 2.932479 -6.935852 104.908112 -12.123983 0.021981 -0.533455 5.193382 -0.082074
18.138094 -35.911102 2.953239 -6.998002 105.556274 -12.378165 0.033452 -0.583870 5.194699 -0.084724
18.254097 -36.484928 2.958110 -7.027819 106.120575 -12.603040 0.047432 -0.593913 5.196668 -0.086049
18.388100 -37.147995 2.974784 -7.068381 106.761070 -12.862110 0.066873 -0.572627 5.190136 -0.086778
18.504103 -37.734287 3.000286 -7.170439 107.321762 -13.093655 0.086950 -0.536908 5.182963 -0.085692
18.638105 -38.396111 3.032765 -7.321118 107.956917 -13.360639 0.111355 -0.485741 5.180422 -0.086546
18.755108 -38.985397 3.059636 -7.463455 108.514992 -13.599378 0.131868 -0.430971 5.190331 -0.085614
18.888111 -39.645668 3.090692 -7.663565 109.152878 -13.877534 0.153300 -0.344139 5.194934 -0.084313
19.005114 -40.209343 3.118479 -7.850992 109.704529 -14.122252 0.170444 -0.243431 5.211056 -0.081960
19.138117 -40.842869 3.120153 -8.077778 110.342545 -14.408495 0.184791 -0.100521 5.224593 -0.080045
19.255119 -41.371178 3.125259 -8.284738 110.894310 -14.660348 0.193799 0.028119 5.231939 -0.076880
19.388123 -41.983322 3.121173 -8.580076 111.530220 -14.956471 0.200908 0.168627 5.238215 -0.077861
19.505125 -42.510338 3.106709 -8.888283 112.085579 -15.218095 0.204166 0.273565 5.253261 -0.075455
19.639128 -43.094212 3.081014 -9.180701 112.717163 -15.518867 0.206102 0.373800 5.262456 -0.074197
19.756130 -43.586906 3.079824 -9.387856 113.272873 -15.786396 0.206867 0.436427 5.275464 -0.071094
19.889133 -44.128960 3.073183 -9.605734 113.903824 -16.094172 0.207739 0.472963 5.276998 -0.069229
20.006136 -44.604935 3.049325 -9.809427 114.457069 -16.368597 0.210675 0.470753 5.281837 -0.067749
20.139139 -45.128109 3.027280 -10.027032 115.084549 -16.683754 0.215957 0.441978 5.278897 -0.065727
20.256142 -45.555943 3.025741 -10.175761 115.635330 -16.964581 0.222688 0.408345 5.284241 -0.060188
20.389145 -46.009964 3.039161 -10.287317 116.263138 -17.291105 0.233526 0.375004 5.283211 -0.057363
20.506147 -46.386726 3.076671 -10.343602 116.804848 -17.576477 0.247438 0.355449 5.272918 -0.055040
20.640150 -46.803356 3.125770 -10.468165 117.426819 -17.909788 0.268457 0.338058 5.260973 -0.051596
20.756153 -47.147518 3.176603 -10.538833 117.967163 -18.204651 0.287714 0.317914 5.254848 -0.049933
20.890156 -47.530819 3.223437 -10.607764 118.578262 -18.544397 0.311597 0.273242 5.261355 -0.049221
21.006159 -47.862267 3.223648 -10.631117 119.114761 -18.846605 0.333026 0.206492 5.265421 -0.048096
21.140162 -48.220734 3.179236 -10.627224 119.722466 -19.194429 0.357380 0.096722 5.265289 -0.046500
21.257164 -48.523197 3.107087 -10.564011 120.255638 -19.505583 0.378686 -0.016324 5.281407 -0.045450
21.390167 -48.856342 2.998063 -10.440980 120.860321 -19.865700 0.397676 -0.146439 5.297702 -0.044058
21.507170 -49.142048 2.871411 -10.284685 121.390961 -20.188097 0.411533 -0.246223 5.318450 -0.043329
21.640173 -49.467266 2.723515 -10.099991 121.999214 -20.563683 0.423611 -0.337241 5.346916 -0.043551
21.757175 -49.732769 2.587591 -9.959268 122.530342 -20.897730 0.430159 -0.390326 5.373159 -0.038806
21.891178 -49.994259 2.438579 -9.767673 123.134926 -21.283495 0.432064 -0.419627 5.400502 -0.033387
22.007181 -50.220413 2.305870 -9.590001 123.665985 -21.628174 0.431792 -0.416342 5.417753 -0.035003
22.141184 -50.471550 2.153786 -9.358924 124.269241 -22.026203 0.428982 -0.390987 5.444163 -0.033441
22.257187 -50.688255 1.991542 -9.193651 124.797218 -22.382780 0.425102 -0.361551 5.447876 -0.031977
22.391190 -50.899570 1.800034 -8.918561 125.395721 -22.794802 0.420382 -0.332648 5.472858 -0.026078
22.508192 -51.049046 1.633753 -8.578380 125.920433 -23.163584 0.417903 -0.311523 5.491581 -0.022880
22.642195 -51.205425 1.457582 -8.073211 126.518394 -23.592695 0.418563 -0.278572 5.494875 -0.021008
22.759197 -51.329048 1.297382 -7.572347 127.037209 -23.975586 0.420169 -0.231155 5.521095 -0.018755
22.876200 -51.435074 1.146297 -7.014787 127.554840 -24.365482 0.422357 -0.162270 5.548770 -0.015974
23.009203 -51.524666 0.981839 -6.297266 128.141632 -24.816198 0.427049 -0.069688 5.571557 -0.011217
23.126205 -51.572678 0.841217 -5.592296 128.655487 -25.219608 0.431412 0.012534 5.591914 -0.007705
23.259209 -51.600887 0.675727 -4.765677 129.236008 -25.687092 0.434036 0.097605 5.613933 -0.003346
23.376211 -51.596973 0.540366 -3.958309 129.743439 -26.106895 0.433625 0.163877 5.637291 0.000919
23.509214 -51.566463 0.385172 -2.996211 130.321472 -26.597494 0.433120 0.232987 5.668267 0.003819
23.626217 -51.516277 0.260186 -2.119536 130.819962 -27.029266 0.432529 0.284635 5.696488 0.008340
23.760220 -51.435509 0.133302 -1.081175 131.393967 -27.536198 0.428304 0.325679 5.729003 0.010452
23.876223 -51.361778 0.036398 -0.181154 131.893051 -27.987474 0.421385 0.344278 5.764493 0.011497
24.010225 -51.254875 -0.038957 0.767832 132.458267 -28.511009 0.411944 0.350331 5.813682 0.015839
24.127228 -51.145298 -0.092816 1.518359 132.954086 -28.979918 0.401120 0.351523 5.848067 0.016033
24.260231 -51.021130 -0.146456 2.289674 133.516190 -29.521961 0.386096 0.351435 5.883725 0.016608
24.377234 -50.909634 -0.170408 2.921712 134.009109 -30.006048 0.370685 0.345435 5.919150 0.017670
24.510237 -50.775284 -0.169409 3.581046 134.568207 -30.563446 0.352135 0.321530 5.950237 0.017855
24.627239 -50.663536 -0.119075 4.100827 135.059006 -31.059179 0.334387 0.280850 5.971322 0.016172
24.760242 -50.549370 -0.034703 4.515972 135.614014 -31.629745 0.314174 0.214430 5.993227 0.014465
24.877245 -50.452778 0.048046 4.756824 136.100403 -32.136875 0.297250 0.143819 6.018065 0.013830
25.010248 -50.360470 0.138998 4.895080 136.655701 -32.723793 0.278653 0.055920 6.036885 0.009614
25.127251 -50.307590 0.196348 4.965580 137.138504 -33.239227 0.264144 -0.020744 6.032861 0.006917
25.261253 -50.274105 0.273525 4.949408 137.684341 -33.828075 0.250227 -0.106761 6.037594 0.002831
25.378256 -50.272213 0.340442 4.810733 138.159454 -34.350056 0.240356 -0.177809 6.034436 -0.001243
25.511259 -50.290455 0.384182 4.567771 138.695541 -34.947891 0.231108 -0.254686 6.043577 -0.003451
25.628262 -50.315792 0.410047 4.326777 139.165421 -35.477360 0.223802 -0.319565 6.054614 -0.004975
25.761265 -50.371941 0.453346 3.904824 139.696365 -36.084362 0.215987 -0.394305 6.067843 -0.008416
25.878267 -50.427181 0.461850 3.485482 140.161713 -36.621265 0.208504 -0.458344 6.078038 -0.009207
26.011271 -50.526531 0.474236 2.937187 140.693359 -37.239090 0.198892 -0.517044 6.088953 -0.014302
26.128273 -50.649525 0.493292 2.362189 141.152924 -37.777542 0.190628 -0.536568 6.108397 -0.019425
26.261276 -50.820736 0.509651 1.587232 141.682907 -38.402851 0.181906 -0.500999 6.125180 -0.022018
26.378279 -50.981133 0.527202 0.899197 142.142136 -38.947063 0.172773 -0.418228 6.148896 -0.023894
26.512281 -51.197556 0.557903 0.094907 142.674850 -39.577911 0.162159 -0.279217 6.168581 -0.029866
26.628284 -51.420769 0.583493 -0.662217 143.140305 -40.130577 0.152276 -0.149897 6.181192 -0.032938
26.762287 -51.687054 0.631561 -1.563108 143.669464 -40.761944 0.141192 -0.020455 6.200345 -0.034282
26.879290 -51.930557 0.700098 -2.383795 144.135483 -41.318886 0.133206 0.066001 6.210274 -0.034835
27.012293 -52.214573 0.819309 -3.292748 144.666412 -41.952702 0.127411 0.140380 6.218048 -0.036378
27.129295 -52.479893 0.957024 -4.038921 145.133820 -42.510494 0.123854 0.192230 6.222035 -0.039146
27.262299 -52.806076 1.162903 -4.859150 145.670181 -43.149303 0.119524 0.242343 6.226402 -0.041194
27.379301 -53.090893 1.374946 -5.495469 146.135193 -43.702961 0.115027 0.272783 6.236657 -0.040438
27.512304 -53.421040 1.638677 -6.171612 146.673721 -44.342358 0.112020 0.289508 6.243415 -0.040820
27.629307 -53.706821 1.844246 -6.680921 147.145660 -44.900425 0.110355 0.293248 6.250617 -0.039290
27.763309 -54.029472 2.098004 -7.179658 147.684021 -45.534325 0.109251 0.301019 6.256268 -0.040840
27.879313 -54.316002 2.345532 -7.604466 148.158646 -46.092773 0.109037 0.320766 6.270115 -0.040164
28.013315 -54.647846 2.609537 -8.092282 148.699875 -46.727585 0.110259 0.348856 6.275319 -0.040593
28.130318 -54.935764 2.838802 -8.372320 149.179031 -47.284573 0.113315 0.361421 6.282368 -0.041016
28.263321 -55.248615 3.075604 -8.609382 149.725327 -47.915474 0.119674 0.346615 6.275124 -0.039731
28.380323 -55.497486 3.266056 -8.716165 150.208389 -48.469048 0.127543 0.313441 6.285473 -0.034449
28.513327 -55.753284 3.455655 -8.749241 150.765549 -49.101891 0.138401 0.265862 6.304975 -0.032984
28.630329 -55.968662 3.593300 -8.708983 151.251602 -49.648949 0.148909 0.221419 6.309780 -0.032679
28.763332 -56.214310 3.723161 -8.633258 151.816483 -50.279060 0.162947 0.151593 6.321177 -0.031928
28.880335 -56.414429 3.789017 -8.531530 152.309311 -50.823318 0.174422 0.063085 6.332579 -0.030745
29.014338 -56.626865 3.829563 -8.405523 152.882690 -51.450691 0.185593 -0.072177 6.351994 -0.026829
29.130341 -56.791058 3.842642 -8.300246 153.387054 -51.998547 0.192611 -0.196523 6.375612 -0.024399
29.264343 -56.954262 3.841040 -8.121751 153.967346 -52.619183 0.199644 -0.318513 6.391435 -0.021774
29.381346 -57.086857 3.819758 -7.945959 154.480774 -53.163765 0.204504 -0.390681 6.403588 -0.021391
29.514349 -57.229149 3.771759 -7.697980 155.068436 -53.782585 0.207210 -0.432505 6.418842 -0.019836
29.631351 -57.350018 3.707372 -7.522405 155.587387 -54.326881 0.208502 -0.437349 6.432770 -0.019632
29.764355 -57.500282 3.623415 -7.370289 156.181442 -54.944786 0.208793 -0.409571 6.445521 -0.022666
29.881357 -57.638443 3.515756 -7.224851 156.706879 -55.488010 0.207998 -0.357278 6.464278 -0.019817
30.015360 -57.764748 3.396790 -7.114032 157.310394 -56.109497 0.207271 -0.268544 6.458979 -0.014671
30.131363 -57.851772 3.301900 -7.112380 157.836227 -56.652493 0.208701 -0.182403 6.462710 -0.011251
30.265366 -57.923187 3.216002 -7.144603 158.435211 -57.269115 0.211935 -0.091102 6.467888 -0.007397
30.381369 -57.958561 3.143705 -7.158605 158.960007 -57.805702 0.216406 -0.030446 6.468430 -0.003937
30.515371 -57.966328 3.058567 -7.186976 159.570480 -58.423702 0.224154 0.019343 6.484960 0.001870
30.631374 -57.947994 2.988160 -7.215125 160.104614 -58.961842 0.230454 0.051383 6.480102 0.004622
30.765377 -57.897877 2.946935 -7.252654 160.711273 -59.572742 0.239106 0.085070 6.474444 0.008382
30.882380 -57.831581 2.919334 -7.281531 161.244720 -60.110828 0.246579 0.112026 6.479863 0.011897
31.015383 -57.723404 2.908014 -7.341671 161.857010 -60.728306 0.257617 0.137916 6.494190 0.017433
31.132385 -57.599827 2.928880 -7.360759 162.388245 -61.262772 0.268919 0.152977 6.501055 0.019698
31.265388 -57.427925 2.975237 -7.389747 163.003677 -61.879032 0.282257 0.161268 6.494632 0.025550
31.382391 -57.226349 3.054015 -7.388931 163.537369 -62.412052 0.294260 0.157939 6.505300 0.033257
31.516394 -56.939758 3.172165 -7.362979 164.154587 -63.027317 0.308782 0.140133 6.513333 0.040400
31.632397 -56.651524 3.291445 -7.318131 164.694717 -63.566593 0.320554 0.114114 6.534197 0.044845
31.766399 -56.270390 3.440602 -7.292026 165.310471 -64.181252 0.332923 0.081043 6.550121 0.053517
31.882402 -55.888332 3.583870 -7.276504 165.854523 -64.722816 0.340959 0.060056 6.564630 0.057686
32.016403 -55.447243 3.756729 -7.292182 166.476395 -65.338974 0.348188 0.053246 6.596407 0.059243
32.133392 -55.041637 3.906094 -7.358434 167.026779 -65.882713 0.352002 0.061353 6.619500 0.063237
32.266380 -54.549759 4.078063 -7.420335 167.660721 -66.505127 0.353374 0.075926 6.647811 0.066397
32.383369 -54.106857 4.198604 -7.467017 168.213730 -67.043648 0.353314 0.081343 6.660272 0.068753
32.516357 -53.560501 4.308830 -7.557436 168.856415 -67.666977 0.354050 0.067319 6.696046 0.073217
32.633347 -53.053566 4.388597 -7.624382 169.419128 -68.207161 0.355382 0.034479 6.749084 0.079062
32.766335 -52.436417 4.467015 -7.619643 170.077225 -68.830399 0.359428 -0.023050 6.780272 0.082749
32.883324 -51.859501 4.495774 -7.622073 170.657608 -69.375381 0.364295 -0.075762 6.822921 0.089487
33.017311 -51.169930 4.496467 -7.655792 171.324982 -69.995171 0.369033 -0.122185 6.867910 0.091861
33.133301 -50.537544 4.469363 -7.624912 171.918457 -70.538948 0.375484 -0.140892 6.886539 0.094942
33.267288 -49.787960 4.414601 -7.535626 172.597427 -71.156609 0.385065 -0.138238 6.913618 0.098926
33.384277 -49.114254 4.336826 -7.389850 173.199600 -71.698563 0.395107 -0.119855 6.941358 0.099169
33.501266 -48.423027 4.235513 -7.222977 173.807373 -72.240723 0.408094 -0.093145 6.976440 0.102054
33.634254 -47.605209 4.115631 -6.934031 174.506500 -72.856789 0.424318 -0.062546 7.028021 0.106223
33.751244 -46.856049 4.010947 -6.625020 175.130356 -73.397652 0.440170 -0.040598 7.078982 0.110220
33.884232 -45.978233 3.884900 -6.322742 175.849289 -74.013382 0.459773 -0.020885 7.139754 0.114643
34.001221 -45.172169 3.801327 -6.025806 176.489685 -74.553421 0.477356 0.002854 7.178790 0.119001
34.134209 -44.220383 3.718518 -5.714391 177.228439 -75.165977 0.497389 0.052463 7.239594 0.124519
34.251198 -43.351158 3.655150 -5.501702 177.891235 -75.709511 0.513110 0.115612 7.287167 0.126692
34.384186 -42.359974 3.620287 -5.190240 178.651321 -76.319786 0.526865 0.182768 7.355291 0.127660
34.501175 -41.482208 3.625623 -4.856175 179.325806 -76.849365 0.535122 0.212240 7.415581 0.129145
34.635162 -40.452690 3.682025 -4.473644 180.115799 -77.458855 0.540433 0.198882 7.475746 0.132342
34.751152 -39.541843 3.759274 -4.187433 180.814819 -77.989616 0.540099 0.157812 7.517965 0.132446
34.885139 -38.508484 3.856394 -3.868424 181.621338 -78.591293 0.534472 0.101335 7.597463 0.133255
35.002129 -37.591778 3.961035 -3.578026 182.340988 -79.118752 0.527354 0.052691 7.645296 0.133963
35.135117 -36.544163 4.113319 -3.191160 183.170670 -79.715004 0.517129 -0.001039 7.704602 0.134604
35.252106 -35.615032 4.272231 -2.879086 183.909317 -80.235451 0.507295 -0.048643 7.732322 0.135283
35.385094 -34.551651 4.496267 -2.571525 184.757080 -80.822372 0.495490 -0.099159 7.766833 0.137645
35.502083 -33.616688 4.729064 -2.341237 185.508942 -81.334526 0.485612 -0.136503 7.781581 0.137183
35.635071 -32.562420 5.038456 -2.215832 186.377472 -81.915039 0.476003 -0.175542 7.806890 0.134563
35.752060 -31.662155 5.332881 -2.118245 187.136490 -82.410896 0.467359 -0.210692 7.817542 0.133517
35.886047 -30.617649 5.669320 -1.977450 188.020187 -82.974045 0.461661 -0.250298 7.819934 0.132987
36.003036 -29.723658 5.969161 -1.881326 188.796387 -83.459007 0.457276 -0.270656 7.821095 0.132208
36.136024 -28.720854 6.290312 -1.834889 189.685287 -84.001534 0.454581 -0.261752 7.834084 0.130647
36.252014 -27.833344 6.556390 -1.792182 190.473145 -84.470726 0.454786 -0.223554 7.839053 0.130610
36.386002 -26.856176 6.820408 -1.729813 191.374344 -84.994530 0.455056 -0.160588 7.836963 0.124968
36.502991 -26.018053 7.045340 -1.654251 192.170593 -85.446838 0.454839 -0.108387 7.824177 0.122781
36.635979 -25.071226 7.259533 -1.520527 193.081573 -85.949127 0.454788 -0.063596 7.822887 0.121708
36.752968 -24.240349 7.414982 -1.374999 193.887543 -86.383774 0.454900 -0.035919 7.827931 0.121401
36.885956 -23.309313 7.566906 -1.280811 194.816101 -86.873405 0.454066 0.002188 7.835803 0.118231
37.002945 -22.542395 7.715537 -1.298045 195.614426 -87.285744 0.452496 0.054152 7.653416 0.114320
37.136932 -21.682734 7.919305 -1.233779 196.516388 -87.739899 0.452383 0.142620 7.438335 0.107847
37.252922 -20.952129 8.108098 -1.097834 197.286240 -88.118500 0.454177 0.232173 7.251910 0.105201
37.386909 -20.147875 8.318349 -0.973713 198.151474 -88.535141 0.456648 0.330095 7.225055 0.101359
37.502899 -19.469521 8.463512 -0.853342 198.917664 -88.894943 0.456920 0.394400 7.235961 0.096056
37.636887 -18.710047 8.533916 -0.640380 199.792465 -89.296120 0.451851 0.434289 7.243631 0.094716
37.753876 -18.069031 8.526154 -0.438192 200.566879 -89.641815 0.443525 0.436549 7.254093 0.089788
37.886864 -17.374928 8.430983 -0.320053 201.453308 -90.028877 0.431399 0.407732 7.291765 0.087389
38.003853 -16.776873 8.262502 -0.217475 202.240112 -90.363907 0.420433 0.359927 7.323823 0.086094
38.136841 -16.118679 8.016461 -0.142063 203.146942 -90.744217 0.407203 0.284913 7.343839 0.082781
38.253830 -15.571604 7.747021 -0.042954 203.937515 -91.066299 0.396555 0.205983 7.371986 0.078661
38.386818 -14.955317 7.366193 0.140404 204.858856 -91.431412 0.385636 0.097984 7.408171 0.076682
38.503807 -14.419944 6.996250 0.350183 205.669525 -91.742256 0.376839 -0.001869 7.429967 0.074954
38.637794 -13.841817 6.572356 0.603871 206.598465 -92.088577 0.369958 -0.112374 7.473628 0.071953
38.754784 -13.340083 6.197922 0.883928 207.423157 -92.387703 0.366904 -0.196193 7.517698 0.068773
38.887772 -12.780859 5.794125 1.234697 208.368790 -92.721573 0.365886 -0.278927 7.557499 0.068407
39.004761 -12.292442 5.469410 1.533536 209.207047 -93.010834 0.368102 -0.345437 7.591709 0.067864
39.137749 -11.766864 5.156055 1.840155 210.165131 -93.333969 0.372920 -0.414721 7.612748 0.063644
39.254738 -11.321967 4.932721 2.136335 211.012451 -93.612427 0.374670 -0.457448 7.627585 0.061070
39.387726 -10.838089 4.759424 2.493578 211.987488 -93.923134 0.374587 -0.473885 7.645758 0.057447
39.504715 -10.448413 4.676915 2.748666 212.835236 -94.187370 0.371780 -0.457305 7.657062 0.054397
39.637703 -10.014338 4.683566 3.019197 213.816238 -94.485046 0.362536 -0.415162 7.648336 0.053684
39.754692 -9.645335 4.762848 3.204164 214.673965 -94.739029 0.348917 -0.370035 7.645810 0.051636
39.888680 -9.240383 4.923957 3.390388 215.648972 -95.020332 0.327780 -0.312546 7.615639 0.050144
40.004669 -8.898980 5.122418 3.571868 216.505096 -95.259590 0.306060 -0.254939 7.589201 0.048179
40.139660 -8.517619 5.412773 3.738759 217.482651 -95.525032 0.282096 -0.178282 7.533987 0.047560
40.256649 -8.202662 5.693462 3.851065 218.329865 -95.748344 0.262633 -0.108011 7.460715 0.044269
40.389637 -7.866455 6.017409 3.968233 219.285126 -95.993576 0.241381 -0.026438 7.383424 0.041759
40.506626 -7.570978 6.266128 4.031889 220.117233 -96.201263 0.222908 0.046242 7.297324 0.042641
40.639614 -7.250625 6.475232 4.138496 221.061768 -96.429886 0.206607 0.138427 7.216704 0.038715
40.756603 -6.986717 6.604831 4.173073 221.878754 -96.623024 0.198444 0.220969 7.141771 0.039835
40.889591 -6.697725 6.681231 4.047890 222.798309 -96.836296 0.195246 0.307634 7.071327 0.040375
41.006580 -6.449928 6.670893 3.883070 223.594345 -97.017563 0.196717 0.364962 7.020824 0.039766
41.140568 -6.173810 6.548966 3.700620 224.506973 -97.221069 0.204718 0.404495 6.951578 0.037963
41.256557 -5.930927 6.339494 3.539283 225.298416 -97.393524 0.216644 0.417849 6.907295 0.039466
41.390545 -5.663103 6.017524 3.345368 226.195343 -97.583778 0.233182 0.418672 6.889987 0.036905
41.507534 -5.463214 5.669322 3.122268 226.984634 -97.746368 0.250544 0.415037 6.884890 0.030750
41.640522 -5.258591 5.222475 2.860866 227.882004 -97.927467 0.271086 0.411612 6.882293 0.029736
41.757511 -5.071263 4.794917 2.645303 228.673279 -98.082481 0.287717 0.407597 6.896531 0.030960
41.890499 -4.864762 4.283707 2.352728 229.581863 -98.255859 0.304119 0.392536 6.909477 0.030232
42.007488 -4.680863 3.833584 2.089013 230.371109 -98.402618 0.316778 0.360348 6.930478 0.030168
42.140476 -4.480200 3.330765 1.785667 231.286987 -98.568306 0.326664 0.296335 6.954486 0.027238
42.257465 -4.311199 2.911380 1.514354 232.083618 -98.708839 0.331594 0.226443 6.986174 0.027041
42.390453 -4.134842 2.468000 1.257185 233.009201 -98.866150 0.330723 0.140733 7.015558 0.024371
42.507442 -4.003739 2.161006 1.073791 233.820679 -98.998787 0.326979 0.072108 7.038104 0.019026
42.641430 -3.865872 1.878392 0.937779 234.746658 -99.144691 0.318013 -0.004307 7.054803 0.018351
42.758419 -3.754653 1.720935 0.817096 235.562561 -99.270348 0.307553 -0.076649 7.057112 0.017157
42.891407 -3.641806 1.617494 0.702414 236.491226 -99.409416 0.293254 -0.175273 7.061696 0.014922
43.008396 -3.551672 1.575463 0.634470 237.307297 -99.527290 0.280000 -0.274478 7.043658 0.012361
43.141384 -3.473131 1.573321 0.566659 238.233810 -99.656311 0.265040 -0.394136 7.024643 0.009405
43.258373 -3.412153 1.608285 0.500911 239.046921 -99.766243 0.255513 -0.488823 7.004249 0.009094
43.375362 -3.364729 1.677806 0.447325 239.858322 -99.872147 0.250385 -0.564192 6.985302 0.007340
43.508350 -3.312910 1.767399 0.419717 240.776901 -99.988640 0.246972 -0.618746 6.942531 0.007253
43.625340 -3.276313 1.862839 0.434625 241.580536 -100.089073 0.247701 -0.639967 6.901422 0.004611
43.759327 -3.247758 1.938965 0.559166 242.496231 -100.200958 0.252253 -0.639421 6.868135 0.002944
43.875317 -3.223885 1.965426 0.640044 243.291656 -100.296654 0.257329 -0.617718 6.830217 0.003014
44.008305 -3.193248 1.935176 0.741231 244.192627 -100.402328 0.263552 -0.562372 6.815171 0.003749
44.125294 -3.173879 1.858680 0.823496 244.984009 -100.493042 0.270361 -0.481447 6.805880 0.001653
44.259281 -3.161271 1.706816 0.934093 245.882843 -100.593910 0.278227 -0.355066 6.803080 0.001084
44.375271 -3.148859 1.506476 1.064590 246.672302 -100.682663 0.282706 -0.223691 6.788221 0.001470
44.509258 -3.139428 1.210108 1.235468 247.570068 -100.783798 0.286633 -0.069792 6.792459 0.000517
44.626247 -3.124464 0.906044 1.430135 248.360504 -100.869705 0.290527 0.060461 6.796784 0.001732
44.759235 -3.111876 0.573997 1.651009 249.259460 -100.967133 0.297401 0.200804 6.804891 0.000603
44.876225 -3.110586 0.304733 1.859238 250.052231 -101.052193 0.304789 0.318603 6.818449 0.000010
45.009212 -3.104722 0.012221 2.093090 250.962708 -101.148254 0.314366 0.441305 6.837336 0.001028
45.126202 -3.109173 -0.212696 2.251034 251.752579 -101.231766 0.322887 0.524404 6.850541 -0.001097
45.259190 -3.119090 -0.426847 2.458180 252.667358 -101.325684 0.334716 0.583194 6.872825 -0.001340
45.376179 -3.128771 -0.562950 2.599226 253.461670 -101.404968 0.346401 0.596861 6.883868 -0.001204
45.510166 -3.138378 -0.656659 2.703167 254.379715 -101.493683 0.359751 0.577696 6.884499 -0.001292
45.626156 -3.146991 -0.700481 2.727307 255.181885 -101.570023 0.369029 0.546319 6.882230 -0.000098
45.760143 -3.154875 -0.695871 2.816742 256.093628 -101.654045 0.377499 0.508094 6.882803 -0.001266
45.877132 -3.174082 -0.640579 2.876624 256.895447 -101.728210 0.382770 0.479707 6.880516 -0.002891
46.010120 -3.198077 -0.543084 2.854684 257.813354 -101.813316 0.385470 0.449424 6.877943 -0.003605
46.127110 -3.204150 -0.434221 2.738455 258.607239 -101.886688 0.385757 0.417953 6.873829 -0.000147
46.260098 -3.206466 -0.267085 2.560877 259.524902 -101.971527 0.384120 0.365710 6.881947 -0.000427
46.377087 -3.196039 -0.099338 2.408859 260.320343 -102.042389 0.380225 0.303932 6.888387 0.002302
46.510075 -3.177908 0.110956 2.156544 261.240234 -102.123528 0.372644 0.211861 6.894688 0.002561
46.627064 -3.162674 0.284492 1.930735 262.037689 -102.191010 0.363703 0.117137 6.905651 0.001776
46.761051 -3.125354 0.474437 1.695619 262.961151 -102.266884 0.351372 -0.011687 6.917873 0.006505
46.877041 -3.087015 0.614473 1.422703 263.767975 -102.333771 0.340649 -0.137398 6.920698 0.006930
47.011028 -3.039071 0.750438 1.141093 264.685059 -102.406342 0.331335 -0.294152 6.913164 0.007124
47.127018 -2.982037 0.845277 0.867735 265.492188 -102.469627 0.325834 -0.428829 6.922635 0.009673
47.261005 -2.908659 0.933410 0.563196 266.411316 -102.541725 0.324767 -0.562336 6.936932 0.010844
47.377995 -2.823311 0.982799 0.276234 267.220306 -102.604103 0.326701 -0.643314 6.938964 0.014584
47.510983 -2.708713 0.994692 0.015603 268.142212 -102.673904 0.334345 -0.690501 6.961520 0.016078
47.627972 -2.600289 0.977147 -0.227085 268.954987 -102.735161 0.343941 -0.697700 6.977255 0.017730
47.760960 -2.470412 0.950116 -0.533352 269.889221 -102.804932 0.353827 -0.680076 7.004460 0.017137
47.877949 -2.359180 0.910833 -0.773376 270.700531 -102.864182 0.363650 -0.645120 7.023719 0.018669
48.011936 -2.225535 0.881173 -0.967050 271.642487 -102.929108 0.374061 -0.572801 7.065303 0.016962
48.127926 -2.115563 0.874499 -1.096537 272.468903 -102.984634 0.380724 -0.476691 7.088315 0.016146
48.261913 -1.979088 0.891190 -1.162360 273.411499 -103.045731 0.385609 -0.332422 7.108395 0.019509
48.377903 -1.843385 0.930534 -1.120267 274.242767 -103.097900 0.388141 -0.193488 7.125005 0.021068
48.511890 -1.685080 0.979269 -1.005015 275.190765 -103.156189 0.389005 -0.039241 7.150827 0.020045
48.628880 -1.555588 1.032312 -0.845556 276.026215 -103.207138 0.386986 0.081096 7.162744 0.018728
48.761868 -1.403746 1.122989 -0.585469 276.979462 -103.261490 0.384542 0.203108 7.186599 0.018142
48.878857 -1.267825 1.220403 -0.342583 277.820648 -103.306824 0.382164 0.297281 7.211111 0.019887
49.011845 -1.099727 1.358624 -0.068726 278.788086 -103.357574 0.378715 0.392128 7.247123 0.021848
49.128834 -0.927246 1.495718 0.203486 279.629639 -103.400330 0.375683 0.457740 7.272702 0.026641
49.262821 -0.706951 1.714303 0.487670 280.604492 -103.449905 0.371089 0.511376 7.286539 0.026768
49.378811 -0.525266 1.931949 0.699585 281.456329 -103.492287 0.365504 0.537396 7.292648 0.024835
49.512798 -0.331233 2.213609 0.966553 282.425659 -103.537827 0.358335 0.548210 7.300137 0.023921
49.628788 -0.159296 2.476595 1.187119 283.279846 -103.576233 0.353599 0.543957 7.312085 0.025399
49.762775 0.050876 2.768560 1.359965 284.251526 -103.618813 0.348349 0.522457 7.316378 0.027475
49.879765 0.231666 3.031519 1.455601 285.106476 -103.654449 0.345782 0.485837 7.308707 0.026862
50.012753 0.436184 3.307698 1.498273 286.077789 -103.695229 0.343179 0.415715 7.312974 0.027592
50.129742 0.622929 3.521983 1.503580 286.933502 -103.730125 0.339873 0.331883 7.327520 0.026874
50.262730 0.821963 3.727389 1.491451 287.915253 -103.767754 0.332756 0.216461 7.339598 0.025177
50.379719 0.987285 3.881264 1.441687 288.766968 -103.798325 0.324770 0.116793 7.348932 0.025531
50.513706 1.175782 4.012391 1.300620 289.752014 -103.831398 0.317416 0.013734 7.362062 0.026957
50.629696 1.337892 4.077141 1.091777 290.606415 -103.857010 0.311507 -0.057761 7.369997 0.026119
50.763683 1.519197 4.111201 0.834276 291.593994 -103.881752 0.302835 -0.129389 7.375113 0.025496
50.879673 1.670229 4.105395 0.605731 292.456573 -103.899200 0.296506 -0.194748 7.378553 0.023245
51.013660 1.822226 4.059064 0.324808 293.438873 -103.916817 0.289470 -0.285180 7.392755 0.022613
51.130650 1.952416 4.016444 0.044381 294.303741 -103.931870 0.283382 -0.374085 7.389281 0.021911
51.263638 2.079347 3.942772 -0.267018 295.286499 -103.945068 0.276341 -0.466077 7.391702 0.018394
51.380627 2.181619 3.847772 -0.498550 296.150909 -103.953270 0.272399 -0.518186 7.392264 0.017547
51.513615 2.301786 3.740061 -0.695407 297.141998 -103.959839 0.270675 -0.541271 7.402265 0.017754
51.630604 2.407427 3.668020 -0.833526 298.001343 -103.963501 0.271169 -0.540080 7.412885 0.015338
51.764591 2.517644 3.593245 -0.954723 298.995789 -103.967979 0.272582 -0.532542 7.430705 0.016209
51.880581 2.614949 3.533073 -1.052768 299.865936 -103.971436 0.274082 -0.521807 7.445777 0.013929
52.014568 2.724145 3.485626 -1.023738 300.857208 -103.971588 0.274911 -0.487201 7.463349 0.013352
52.131557 2.816580 3.465104 -0.904884 301.730865 -103.967987 0.275426 -0.422775 7.469242 0.012011
52.264545 2.912606 3.459162 -0.699047 302.725220 -103.961098 0.272600 -0.303170 7.476792 0.010327
52.381535 2.993897 3.465131 -0.482968 303.601318 -103.954269 0.268104 -0.168100 7.493815 0.009044
52.514523 3.075029 3.513732 -0.270360 304.598785 -103.944992 0.261018 0.009693 7.504801 0.008536
52.631512 3.137161 3.604997 -0.075655 305.476196 -103.934883 0.251739 0.172643 7.498615 0.005921
52.765499 3.182392 3.748372 0.124037 306.480804 -103.921951 0.237508 0.358176 7.496674 0.003608
52.881489 3.213993 3.888499 0.255232 307.357574 -103.910599 0.223622 0.501345 7.487892 0.003299
53.014477 3.246040 4.083628 0.454358 308.351563 -103.895927 0.205880 0.627465 7.461184 0.001829
53.131466 3.262632 4.276146 0.578031 309.223145 -103.882385 0.188408 0.691243 7.435528 0.000391
53.265453 3.275774 4.496408 0.750997 310.208801 -103.867462 0.168944 0.703444 7.398873 0.000150
53.381443 3.288894 4.680605 0.910185 311.071564 -103.854263 0.154225 0.660816 7.348241 0.000178
53.515430 3.300449 4.872076 1.115204 312.045807 -103.837341 0.141814 0.561245 7.308321 -0.001216
53.632420 3.307308 5.017926 1.309000 312.897247 -103.820808 0.133673 0.444738 7.262550 -0.000878
53.765408 3.323194 5.142188 1.533889 313.858826 -103.801498 0.127966 0.298565 7.208863 -0.000149
53.882397 3.335921 5.204453 1.757451 314.700317 -103.784714 0.124953 0.178976 7.184797 -0.000169
53.999386 3.343927 5.203955 1.968151 315.538666 -103.769714 0.123516 0.077166 7.154195 -0.003072
54.132374 3.346135 5.120753 2.199384 316.489319 -103.752251 0.122074 -0.009162 7.138458 -0.003072
54.249363 3.332130 4.978196 2.384327 317.322815 -103.736732 0.122015 -0.062693 7.117375 -0.005633
54.382351 3.302792 4.755418 2.670369 318.275787 -103.715958 0.123595 -0.107109 7.109946 -0.009042
54.499340 3.253364 4.551952 2.883296 319.099609 -103.695953 0.127303 -0.141564 7.098408 -0.010124
54.632328 3.185327 4.294415 2.999812 320.050537 -103.674011 0.131919 -0.184071 7.099514 -0.010536
54.749317 3.133225 4.057160 3.066826 320.881439 -103.654335 0.134645 -0.226666 7.108152 -0.007400
54.882305 3.085181 3.819587 3.078627 321.827301 -103.633392 0.135814 -0.278509 7.117295 -0.006316
54.999294 3.042232 3.635876 3.078833 322.660278 -103.613846 0.135809 -0.323050 7.123400 -0.006406
55.133282 2.997406 3.474481 3.033637 323.607452 -103.591316 0.136068 -0.363777 7.129232 -0.004779
55.250271 2.962276 3.360622 2.961394 324.441010 -103.571327 0.135455 -0.382808 7.127258 -0.004993
55.383259 2.913599 3.274911 2.843960 325.389099 -103.548737 0.131551 -0.381565 7.131946 -0.005060
55.500248 2.884415 3.256397 2.695540 326.222351 -103.529137 0.126849 -0.368628 7.119808 -0.001702
55.633236 2.855885 3.270798 2.427761 327.166199 -103.507835 0.119716 -0.353074 7.088453 -0.001230
55.750229 2.824589 3.298784 2.104020 328.000671 -103.490379 0.111079 -0.342131 7.057442 -0.001179
55.883217 2.805862 3.324080 1.795709 328.936523 -103.469391 0.098801 -0.321712 7.019730 -0.000290
56.000206 2.802302 3.360276 1.540452 329.748444 -103.450905 0.087442 -0.286521 6.991759 0.003376
56.133194 2.789003 3.410256 1.254083 330.683136 -103.429558 0.074466 -0.224688 6.960426 -0.001054
56.250183 2.771251 3.426895 0.998516 331.494537 -103.411148 0.063301 -0.161795 6.922751 -0.000760
56.384171 2.750202 3.413234 0.730850 332.412506 -103.388405 0.051655 -0.089879 6.887580 -0.000980
56.500160 2.736665 3.399008 0.513795 333.215607 -103.368454 0.044100 -0.023654 6.846292 0.000744
56.634148 2.716113 3.375147 0.278357 334.122772 -103.345970 0.038722 0.068481 6.806114 -0.001178
56.751137 2.706160 3.342960 0.123200 334.916473 -103.326546 0.037752 0.167385 6.772110 -0.000287
56.884125 2.698060 3.287018 -0.032481 335.813568 -103.304878 0.040328 0.290989 6.727595 0.000359
57.001114 2.705665 3.221526 -0.106165 336.598877 -103.286255 0.046367 0.387258 6.705104 0.002793
57.134102 2.721233 3.138167 -0.150264 337.495392 -103.264534 0.054183 0.463825 6.681548 0.004381
57.251091 2.748972 3.067853 -0.200802 338.274902 -103.245613 0.061326 0.496263 6.655740 0.004495
57.384079 2.782409 3.017990 -0.232259 339.157806 -103.224770 0.069337 0.504701 6.629468 0.004850
57.501068 2.821900 2.974820 -0.195508 339.930878 -103.205124 0.076253 0.501257 6.592144 0.006483
57.636059 2.877994 2.909366 -0.073640 340.812347 -103.183319 0.083151 0.491487 6.566894 0.008445
57.752048 2.945829 2.857911 0.035007 341.579651 -103.163338 0.085205 0.471328 6.550640 0.010294
57.886036 3.030124 2.789289 0.130259 342.449402 -103.138382 0.085148 0.420272 6.535478 0.012173
58.003025 3.115381 2.728163 0.186225 343.212372 -103.115181 0.083334 0.345494 6.521295 0.013028
58.136013 3.223971 2.671095 0.276298 344.077576 -103.088928 0.078788 0.231132 6.505288 0.013374
58.253002 3.332536 2.640723 0.417225 344.837677 -103.065414 0.073363 0.119597 6.496535 0.016626
58.385990 3.463679 2.622845 0.605571 345.706573 -103.039200 0.065647 -0.006652 6.484149 0.016312
58.502979 3.586707 2.623523 0.806125 346.458252 -103.015923 0.059891 -0.102966 6.479511 0.018319
58.635967 3.731215 2.636951 0.964950 347.324493 -102.988602 0.054780 -0.200853 6.461129 0.018764
58.752956 3.857839 2.654268 1.139384 348.078979 -102.962532 0.050535 -0.275347 6.439565 0.017594
58.886944 3.996574 2.660712 1.290622 348.932861 -102.931450 0.044301 -0.356036 6.417393 0.016113
59.002934 4.111907 2.652337 1.379539 349.682068 -102.903740 0.039585 -0.423202 6.396021 0.016979
59.136921 4.246558 2.627491 1.487882 350.530243 -102.871857 0.034312 -0.495568 6.369987 0.016631
59.253910 4.371131 2.599670 1.544502 351.273346 -102.843636 0.031766 -0.545946 6.343135 0.018743
59.386898 4.537540 2.534985 1.645034 352.120148 -102.810242 0.030606 -0.576807 6.309266 0.022072
59.503887 4.685872 2.476515 1.758723 352.849792 -102.780190 0.031878 -0.568274 6.284555 0.022247
59.636875 4.865323 2.392994 1.908948 353.689514 -102.741013 0.034479 -0.510089 6.262953 0.023010
59.753864 5.029277 2.328171 2.026676 354.414459 -102.705948 0.038174 -0.425107 6.249816 0.024345
59.886852 5.235306 2.269579 2.130799 355.249451 -102.663773 0.044760 -0.304318 6.227600 0.028298
60.003841 5.435619 2.242467 2.109973 355.969299 -102.627159 0.052592 -0.193983 6.202490 0.032540
