1.20 1.10 20 64
0.134000 0.008279 0.005866 -0.056520 0.935012 0.000396 -0.131261 -0.176700 6.650800 0.001305
0.259000 0.001477 0.062366 -0.171272 1.758479 0.000521 -0.086248 -0.153579 6.541607 -0.001412
0.383000 -0.019677 0.150605 -0.319474 2.562540 0.001722 -0.016802 -0.147621 6.442571 -0.003878
0.508000 -0.056289 0.238751 -0.491105 3.353313 0.002998 0.067069 -0.152044 6.335011 -0.005174
0.633000 -0.092937 0.295151 -0.663921 4.146574 0.003800 0.156416 -0.157626 6.268316 -0.004621
0.757000 -0.127357 0.318272 -0.801773 4.919759 0.003831 0.237678 -0.158159 6.217837 -0.003842
0.881000 -0.163693 0.293223 -0.947638 5.689154 0.004270 0.303955 -0.152422 6.197231 -0.005795
1.005000 -0.206723 0.233577 -1.089459 6.457632 0.004457 0.350520 -0.139864 6.201599 -0.005857
1.129000 -0.253147 0.148025 -1.203126 7.227281 0.004161 0.373907 -0.116401 6.212380 -0.006737
1.253000 -0.299698 0.023127 -1.313662 7.998687 0.003299 0.370324 -0.075199 6.228463 -0.006630
1.376000 -0.350464 -0.136544 -1.420678 8.765960 0.000897 0.342037 -0.012845 6.245705 -0.007168
1.510001 -0.410831 -0.325288 -1.515718 9.603293 -0.002776 0.288396 0.076276 6.251690 -0.008410
1.633001 -0.475080 -0.493501 -1.589874 10.372330 -0.006398 0.224613 0.167812 6.250732 -0.009954
1.758001 -0.552701 -0.638244 -1.665434 11.145864 -0.009678 0.155727 0.258782 6.228896 -0.012256
1.881001 -0.635930 -0.739282 -1.781259 11.916603 -0.014494 0.090121 0.338370 6.203005 -0.011711
2.004001 -0.722586 -0.782908 -1.896151 12.677255 -0.021236 0.034490 0.394577 6.167847 -0.012537
2.127001 -0.815258 -0.773548 -2.011276 13.432207 -0.027711 -0.007537 0.415552 6.118103 -0.013444
2.261000 -0.922827 -0.686901 -2.019594 14.248120 -0.032907 -0.030403 0.391313 6.064484 -0.014499
2.385000 -1.028782 -0.543284 -1.940468 14.996081 -0.037057 -0.027478 0.333960 6.003554 -0.014551
2.511000 -1.133987 -0.366047 -1.767113 15.741364 -0.040984 -0.003450 0.263103 5.932151 -0.013277
2.635000 -1.237909 -0.173538 -1.513942 16.477430 -0.046847 0.038211 0.197673 5.853668 -0.014817
2.759999 -1.355938 0.008681 -1.244822 17.204237 -0.054739 0.090177 0.143318 5.789037 -0.017547
2.883999 -1.478796 0.152354 -0.964976 17.917820 -0.062330 0.145743 0.095632 5.734663 -0.017259
3.007998 -1.611353 0.239058 -0.719517 18.625410 -0.069747 0.197892 0.049178 5.692327 -0.018496
3.133998 -1.743919 0.261834 -0.477892 19.334747 -0.078501 0.241875 0.002374 5.664394 -0.018146
3.257998 -1.883863 0.208445 -0.228191 20.035973 -0.089802 0.271807 -0.045307 5.652527 -0.020926
3.381998 -2.037826 0.102238 0.005414 20.736820 -0.102775 0.285233 -0.098807 5.658589 -0.022406
3.505997 -2.194557 -0.041475 0.247702 21.445925 -0.117617 0.281962 -0.160416 5.682209 -0.021618
3.630997 -2.355694 -0.199009 0.476691 22.157206 -0.132799 0.263954 -0.221897 5.699761 -0.023007
3.754997 -2.525418 -0.373351 0.666323 22.864725 -0.149202 0.231199 -0.268353 5.713512 -0.024589
3.879996 -2.714158 -0.534326 0.839067 23.579935 -0.166210 0.187870 -0.291950 5.729352 -0.027399
4.004996 -2.923762 -0.662644 0.999729 24.296898 -0.182668 0.140576 -0.295497 5.738060 -0.029636
4.128998 -3.143774 -0.738155 1.106987 25.008051 -0.199156 0.095392 -0.287542 5.736510 -0.031361
4.252999 -3.369657 -0.738116 1.194899 25.718872 -0.216730 0.056574 -0.270728 5.729127 -0.032167
4.379001 -3.604149 -0.647711 1.258657 26.432991 -0.233966 0.028286 -0.241671 5.702000 -0.032786
4.504002 -3.853570 -0.482997 1.233508 27.149006 -0.252963 0.013151 -0.200319 5.672294 -0.035527
4.628004 -4.111184 -0.259522 1.130427 27.848524 -0.272449 0.010391 -0.157664 5.627679 -0.037455
4.753005 -4.380858 0.003874 1.014627 28.548746 -0.292517 0.019799 -0.125037 5.587093 -0.037989
4.879006 -4.655673 0.266678 0.848130 29.243591 -0.315408 0.039722 -0.104638 5.544523 -0.038863
5.004008 -4.952510 0.532544 0.592728 29.939037 -0.339922 0.065752 -0.085346 5.508237 -0.041419
5.129009 -5.253414 0.795542 0.316653 30.624954 -0.364534 0.093816 -0.053458 5.477294 -0.041389
5.254011 -5.560694 1.025750 0.091079 31.306574 -0.389217 0.119468 -0.004862 5.445027 -0.043970
5.377012 -5.887263 1.217471 -0.150489 31.969246 -0.413857 0.139786 0.051115 5.426211 -0.046183
5.501014 -6.244290 1.371743 -0.421541 32.646103 -0.440515 0.152849 0.105933 5.415530 -0.050130
5.626015 -6.616612 1.472678 -0.696221 33.316574 -0.467343 0.157521 0.151663 5.407999 -0.052203
5.751017 -7.005315 1.506265 -0.952789 33.992111 -0.496355 0.153113 0.189823 5.408260 -0.053107
5.876018 -7.399045 1.475870 -1.209990 34.667709 -0.527043 0.139580 0.223521 5.412148 -0.055199
6.011020 -7.835732 1.387246 -1.486928 35.403595 -0.561460 0.115518 0.256704 5.422117 -0.055793
6.136021 -8.239413 1.268975 -1.748092 36.081100 -0.595445 0.088082 0.282738 5.433472 -0.056281
6.261023 -8.654443 1.147352 -2.001490 36.760590 -0.631887 0.058905 0.301087 5.449247 -0.057627
6.387024 -9.080608 1.051773 -2.293861 37.441978 -0.670675 0.033112 0.305480 5.467252 -0.059215
6.501025 -9.483745 0.988412 -2.556809 38.069889 -0.707560 0.013663 0.289228 5.472776 -0.061746
6.637027 -9.980155 0.952860 -2.818330 38.808022 -0.752801 -0.002177 0.236330 5.479177 -0.064713
6.762028 -10.458264 0.981450 -3.040473 39.491428 -0.796878 -0.006945 0.155428 5.478648 -0.067287
6.886030 -10.942503 1.074381 -3.155100 40.174778 -0.841940 -0.003557 0.055591 5.477414 -0.067531
7.011031 -11.426081 1.245606 -3.233266 40.851082 -0.889461 0.005051 -0.045206 5.458530 -0.067722
7.135033 -11.920924 1.471179 -3.316774 41.529648 -0.941096 0.018614 -0.134366 5.428685 -0.068372
7.260034 -12.414819 1.728177 -3.380589 42.198895 -0.995453 0.033130 -0.200790 5.406366 -0.068595
7.385036 -12.903871 2.007640 -3.428201 42.870098 -1.053503 0.046443 -0.237622 5.377923 -0.067952
7.510037 -13.394739 2.294007 -3.529691 43.537643 -1.116330 0.055991 -0.238078 5.356527 -0.068901
7.636038 -13.905418 2.554207 -3.645232 44.207783 -1.183273 0.060270 -0.203801 5.337023 -0.070027
7.761040 -14.417531 2.767581 -3.766953 44.870255 -1.253753 0.058874 -0.150295 5.326359 -0.071630
7.886041 -14.938181 2.941009 -3.864130 45.531376 -1.326936 0.050730 -0.098672 5.317890 -0.072441
8.011043 -15.458889 3.060011 -3.885182 46.191856 -1.403805 0.036456 -0.063629 5.322053 -0.072723
8.136041 -15.990740 3.140557 -3.914734 46.853462 -1.483781 0.018680 -0.047707 5.337455 -0.075148
8.260038 -16.541126 3.198722 -3.948528 47.516155 -1.567515 -0.000790 -0.045562 5.346762 -0.078413
8.386037 -17.125689 3.221656 -3.998955 48.183788 -1.655787 -0.021167 -0.052222 5.350813 -0.080971
8.511035 -17.730171 3.230993 -4.015463 48.846989 -1.745768 -0.040746 -0.064269 5.358300 -0.085823
8.626034 -18.298088 3.267562 -4.055712 49.452202 -1.830959 -0.055141 -0.075780 5.362463 -0.086870
8.751032 -18.925800 3.314089 -4.121787 50.121025 -1.928358 -0.066722 -0.081138 5.363366 -0.087390
8.886029 -19.623070 3.373387 -4.197896 50.837467 -2.037626 -0.072652 -0.070094 5.372869 -0.091535
9.012028 -20.283136 3.463847 -4.242039 51.501480 -2.142419 -0.070076 -0.043989 5.382145 -0.092042
9.126026 -20.890530 3.586929 -4.299249 52.107143 -2.240398 -0.061276 -0.012371 5.384874 -0.093930
9.251024 -21.572706 3.766168 -4.355387 52.775932 -2.351005 -0.047332 0.023044 5.375218 -0.093974
9.376022 -22.254827 3.977825 -4.459014 53.437958 -2.466331 -0.029936 0.052112 5.375549 -0.094492
9.511020 -22.997772 4.243932 -4.559603 54.152107 -2.595082 -0.010982 0.072923 5.372536 -0.094639
9.633018 -23.674622 4.521932 -4.737809 54.795776 -2.715044 0.004231 0.081424 5.363452 -0.094945
9.758016 -24.383467 4.804455 -5.011875 55.453693 -2.841518 0.016375 0.081571 5.356783 -0.095330
9.883014 -25.094444 5.075668 -5.337186 56.111008 -2.971740 0.023119 0.077071 5.364052 -0.094884
10.009012 -25.803835 5.334401 -5.711710 56.769081 -3.104302 0.022130 0.072771 5.374888 -0.093899
10.134010 -26.521780 5.559509 -6.112487 57.432568 -3.241369 0.014707 0.070279 5.380454 -0.094489
10.259008 -27.228119 5.738369 -6.595630 58.086205 -3.379341 0.001817 0.066178 5.393023 -0.091659
10.383006 -27.945068 5.876128 -7.123902 58.746300 -3.522300 -0.014693 0.054800 5.405276 -0.093053
10.508004 -28.670908 5.967688 -7.702606 59.401310 -3.667105 -0.030620 0.034750 5.413766 -0.093287
10.632002 -29.396038 6.030170 -8.298180 60.061409 -3.815288 -0.046190 0.011926 5.411979 -0.092371
10.757000 -30.105801 6.044022 -8.864362 60.716022 -3.964168 -0.058981 -0.003244 5.417159 -0.091978
10.880998 -30.827766 6.039912 -9.448852 61.375443 -4.117814 -0.066873 -0.005246 5.419428 -0.092488
11.006996 -31.557076 6.026925 -10.029218 62.033859 -4.273493 -0.070484 0.002976 5.404394 -0.093450
11.131994 -32.285713 6.024786 -10.637869 62.690075 -4.432535 -0.067339 0.013311 5.399796 -0.092151
11.254992 -32.996078 6.023430 -11.234552 63.338604 -4.593353 -0.056673 0.019814 5.383017 -0.092428
11.379990 -33.716743 6.029082 -11.808507 63.984287 -4.755865 -0.040079 0.021838 5.357095 -0.092980
11.503987 -34.433636 6.034359 -12.375734 64.631668 -4.922395 -0.018968 0.020404 5.342034 -0.090151
11.628985 -35.125286 6.075607 -12.918426 65.276955 -5.091325 0.005509 0.017019 5.333070 -0.087920
11.753983 -35.791840 6.131003 -13.425723 65.914963 -5.261524 0.033421 0.013489 5.319358 -0.085572
11.878982 -36.446342 6.188644 -13.914919 66.559631 -5.438872 0.061587 0.012946 5.299004 -0.081531
12.003980 -37.074455 6.266832 -14.409961 67.191650 -5.617600 0.087851 0.017134 5.299671 -0.079938
12.126978 -37.684895 6.354525 -14.804341 67.822784 -5.799450 0.112270 0.024167 5.294809 -0.079893
12.260975 -38.330132 6.447979 -15.205055 68.503197 -5.999694 0.135842 0.031641 5.296583 -0.077029
12.383973 -38.912403 6.540774 -15.515940 69.128128 -6.185954 0.152575 0.038651 5.304709 -0.077297
12.507971 -39.491512 6.635429 -15.822232 69.758003 -6.377369 0.165707 0.047922 5.310977 -0.075716
12.632969 -40.058460 6.748472 -16.166254 70.392563 -6.574124 0.176179 0.056525 5.321456 -0.071851
12.756967 -40.601643 6.862475 -16.502024 71.022911 -6.773653 0.184025 0.053938 5.335968 -0.070177
12.880964 -41.126827 6.973891 -16.849676 71.653633 -6.977029 0.191330 0.031518 5.350194 -0.066497
13.004962 -41.616520 7.068887 -17.157888 72.286812 -7.183975 0.199217 -0.008074 5.385452 -0.061199
13.128960 -42.066696 7.148584 -17.461838 72.916039 -7.393275 0.208049 -0.051105 5.395769 -0.056731
13.252957 -42.506855 7.209348 -17.794231 73.556335 -7.608995 0.218723 -0.086708 5.413446 -0.054355
13.375955 -42.912476 7.252758 -18.055710 74.187782 -7.823159 0.231421 -0.113416 5.424147 -0.051789
13.509952 -43.321217 7.299045 -18.298931 74.877167 -8.058908 0.248987 -0.143099 5.446481 -0.047240
13.632949 -43.677303 7.313585 -18.526093 75.511131 -8.278035 0.268239 -0.176023 5.456483 -0.044875
13.754946 -44.008942 7.328728 -18.702478 76.140251 -8.498862 0.288826 -0.208102 5.480087 -0.042093
13.878943 -44.312794 7.351955 -18.830402 76.781296 -8.727125 0.311277 -0.227200 5.495952 -0.039808
14.000940 -44.593906 7.390483 -18.946005 77.413544 -8.954478 0.336103 -0.222801 5.513310 -0.036558
14.135938 -44.885212 7.454537 -19.097458 78.114944 -9.210281 0.365397 -0.191835 5.546875 -0.034688
14.257936 -45.143448 7.509144 -19.253345 78.751129 -9.444157 0.392113 -0.150913 5.561615 -0.033424
14.379933 -45.389782 7.546957 -19.391090 79.388268 -9.680034 0.416904 -0.110135 5.573098 -0.032391
14.504930 -45.635422 7.583008 -19.511879 80.041550 -9.925631 0.440059 -0.073805 5.596071 -0.031570
14.629929 -45.871029 7.609622 -19.606794 80.691010 -10.172785 0.459657 -0.040297 5.608789 -0.031534
14.754927 -46.111774 7.633365 -19.739202 81.352043 -10.426960 0.476265 -0.003931 5.627084 -0.029682
14.877924 -46.329655 7.660841 -19.887573 81.998055 -10.679531 0.488445 0.033296 5.647656 -0.026262
15.001922 -46.540615 7.676580 -20.043413 82.650635 -10.937616 0.498145 0.067142 5.666472 -0.026566
15.126920 -46.746559 7.669276 -20.252611 83.309906 -11.201922 0.504617 0.096723 5.693549 -0.024116
15.252918 -46.934490 7.642132 -20.413099 83.971352 -11.469389 0.509038 0.128315 5.713964 -0.022216
15.377916 -47.103958 7.615978 -20.504395 84.639084 -11.741701 0.512811 0.169950 5.732661 -0.021911
15.502914 -47.266312 7.566950 -20.576859 85.301773 -12.016791 0.515836 0.219183 5.747157 -0.020906
15.627913 -47.413616 7.498673 -20.650057 85.964508 -12.295756 0.518807 0.266874 5.757508 -0.017543
15.752911 -47.539013 7.414037 -20.672375 86.626831 -12.578106 0.521901 0.305741 5.760481 -0.016685
15.877909 -47.648094 7.308396 -20.643110 87.282768 -12.863689 0.524318 0.336083 5.776926 -0.016399
16.002907 -47.750427 7.181452 -20.514606 87.943436 -13.156419 0.528297 0.359757 5.783306 -0.016433
16.127901 -47.846195 7.047447 -20.302811 88.609459 -13.454741 0.535119 0.368957 5.795321 -0.017885
16.252895 -47.941032 6.909173 -20.024694 89.270584 -13.755159 0.543032 0.349828 5.820410 -0.017620
16.376890 -48.026592 6.779513 -19.733923 89.926224 -14.058142 0.552995 0.296093 5.830027 -0.016065
16.501884 -48.103741 6.649098 -19.411861 90.585579 -14.368905 0.563544 0.214388 5.838122 -0.015454
16.626879 -48.174530 6.541146 -19.046129 91.244415 -14.684239 0.574738 0.124126 5.845268 -0.016195
16.751873 -48.245300 6.461275 -18.585047 91.902382 -15.003045 0.584373 0.043179 5.848534 -0.017703
16.875868 -48.320118 6.386161 -18.152220 92.553040 -15.322986 0.592092 -0.021009 5.848292 -0.017808
17.010862 -48.402336 6.286578 -17.625912 93.260384 -15.675571 0.597338 -0.080542 5.858029 -0.020152
17.132858 -48.495823 6.178788 -17.075350 93.898346 -15.997064 0.599944 -0.138899 5.854811 -0.022527
17.256853 -48.602879 6.062827 -16.521482 94.543663 -16.326946 0.601529 -0.211259 5.843086 -0.023412
17.380848 -48.715889 5.913782 -15.948026 95.187050 -16.660461 0.601868 -0.291279 5.845467 -0.024396
17.504843 -48.832245 5.752047 -15.384387 95.827866 -16.998257 0.600667 -0.361180 5.839916 -0.024143
17.628838 -48.937969 5.569720 -14.784570 96.466568 -17.340216 0.598417 -0.404098 5.843114 -0.024387
17.753832 -49.057297 5.356913 -14.180132 97.103615 -17.687695 0.594787 -0.417623 5.856380 -0.024562
17.877827 -49.180244 5.114362 -13.622827 97.744865 -18.043005 0.591907 -0.414243 5.876647 -0.023519
18.001822 -49.293003 4.856201 -13.047552 98.380379 -18.400675 0.588264 -0.406668 5.883441 -0.022806
18.126816 -49.404484 4.558598 -12.534295 99.013367 -18.764484 0.584474 -0.394307 5.896851 -0.019712
18.251810 -49.494690 4.243709 -12.031767 99.649765 -19.138109 0.580932 -0.365053 5.909178 -0.016454
18.384806 -49.568592 3.912502 -11.475514 100.330933 -19.545818 0.577999 -0.307079 5.932596 -0.013816
18.509800 -49.623634 3.625091 -10.947949 100.959335 -19.930998 0.575049 -0.239517 5.957484 -0.011777
18.634794 -49.664883 3.368053 -10.388357 101.593399 -20.327175 0.569671 -0.178211 5.991548 -0.009603
18.758789 -49.692379 3.119038 -9.846460 102.225349 -20.730549 0.564641 -0.134661 6.008858 -0.007051
18.883783 -49.712154 2.900076 -9.298138 102.851234 -21.137728 0.558819 -0.101394 6.028520 -0.006841
19.007778 -49.732105 2.728200 -8.794686 103.480148 -21.556414 0.551484 -0.059557 6.054276 -0.006000
19.133772 -49.746109 2.589656 -8.257745 104.107796 -21.981741 0.543478 0.001206 6.069761 -0.004476
19.259768 -49.746811 2.473804 -7.698673 104.738594 -22.417883 0.535369 0.074799 6.096426 -0.002062
19.384762 -49.718048 2.382567 -7.110619 105.368347 -22.860813 0.527342 0.144669 6.124425 0.002227
19.510756 -49.680321 2.317934 -6.507874 105.992500 -23.306133 0.519136 0.201490 6.141407 0.001616
19.634750 -49.638264 2.263555 -5.908540 106.614998 -23.757214 0.510610 0.252980 6.155811 0.002804
19.759745 -49.580288 2.219367 -5.327178 107.236107 -24.213722 0.500186 0.315094 6.177185 0.006205
19.885738 -49.499699 2.184876 -4.728572 107.859131 -24.676319 0.489042 0.397388 6.225085 0.009556
20.010733 -49.403984 2.152367 -4.095483 108.487411 -25.148262 0.476541 0.492721 6.247322 0.010302
20.135727 -49.297337 2.117111 -3.474241 109.109093 -25.623217 0.463134 0.577562 6.264487 0.011609
20.259722 -49.195778 2.074576 -2.868989 109.724731 -26.099873 0.448010 0.629153 6.291721 0.010714
20.384716 -49.076954 2.021152 -2.284300 110.345734 -26.586033 0.431463 0.637525 6.319202 0.015695
20.509710 -48.931683 1.968897 -1.763257 110.964249 -27.078106 0.414287 0.607910 6.327122 0.019555
20.634705 -48.762939 1.908410 -1.245630 111.582420 -27.574799 0.397344 0.554760 6.350868 0.021227
20.758699 -48.581299 1.819999 -0.755030 112.196793 -28.071579 0.382286 0.488198 6.381354 0.024167
20.884693 -48.380844 1.713491 -0.313165 112.816254 -28.576454 0.367242 0.404779 6.399986 0.027350
21.008688 -48.165028 1.597057 0.059059 113.435059 -29.086954 0.353164 0.294299 6.429426 0.029876
21.133682 -47.928131 1.483300 0.362282 114.053749 -29.603746 0.342226 0.150183 6.459019 0.033250
21.258677 -47.679543 1.379100 0.603142 114.673592 -30.124853 0.334865 -0.022131 6.486527 0.035188
21.384670 -47.393215 1.287689 0.817914 115.294403 -30.649538 0.331077 -0.207724 6.512662 0.041134
21.506666 -47.089252 1.213136 0.970264 115.906418 -31.170933 0.332128 -0.386547 6.547998 0.044455
21.630661 -46.749580 1.156505 1.032872 116.524071 -31.701893 0.336560 -0.548003 6.585630 0.049492
21.753656 -46.403461 1.126722 1.011239 117.133583 -32.228416 0.342773 -0.675717 6.614440 0.049695
21.876652 -46.047943 1.128418 0.867828 117.759262 -32.771603 0.349320 -0.764021 6.635918 0.050643
22.010647 -45.667126 1.163587 0.666761 118.426094 -33.351421 0.355904 -0.808354 6.648587 0.050258
22.135641 -45.302944 1.224379 0.407844 119.053139 -33.898373 0.361651 -0.811801 6.663653 0.052435
22.261635 -44.934521 1.304457 0.122548 119.682091 -34.446732 0.366661 -0.789588 6.682210 0.052554
22.375629 -44.593105 1.380728 -0.198454 120.262543 -34.952564 0.368586 -0.748241 6.704638 0.052954
22.500624 -44.213760 1.454287 -0.601091 120.895905 -35.503605 0.366289 -0.671587 6.722912 0.055476
22.626617 -43.823750 1.517403 -0.997332 121.536118 -36.060329 0.360202 -0.551134 6.738177 0.054647
22.752611 -43.440819 1.558366 -1.367059 122.178123 -36.618393 0.350479 -0.391362 6.761422 0.054572
22.878605 -43.046387 1.590066 -1.679966 122.822884 -37.178474 0.337689 -0.215366 6.790530 0.056871
23.005598 -42.634975 1.615167 -1.971287 123.476715 -37.744835 0.324264 -0.049056 6.821597 0.058257
23.130592 -42.210320 1.644115 -2.224545 124.122612 -38.303230 0.311774 0.089758 6.839534 0.061734
23.256586 -41.771439 1.663172 -2.497798 124.771034 -38.862297 0.301419 0.208482 6.860280 0.063582
23.382580 -41.318539 1.685083 -2.729964 125.434204 -39.430859 0.293850 0.322680 6.890938 0.063235
23.508574 -40.863659 1.707306 -2.863641 126.097626 -39.993755 0.289610 0.437538 6.912493 0.063843
23.633568 -40.406303 1.734859 -2.976939 126.760048 -40.552387 0.288145 0.546756 6.941963 0.063747
23.759562 -39.947395 1.745061 -3.019048 127.426888 -41.110638 0.289894 0.635764 6.968555 0.064310
23.884556 -39.476353 1.751974 -2.972141 128.103729 -41.672573 0.295042 0.692300 6.993494 0.065717
24.010550 -39.002193 1.759998 -2.881437 128.779312 -42.229351 0.302589 0.714136 7.013030 0.066574
24.135544 -38.513618 1.786643 -2.745239 129.458176 -42.786427 0.311802 0.710286 7.038177 0.068062
24.260540 -38.023819 1.837735 -2.602193 130.146957 -43.348289 0.320693 0.689375 7.068042 0.067261
24.384537 -37.534824 1.892868 -2.345519 130.830353 -43.900154 0.327952 0.652997 7.090768 0.068227
24.509531 -37.039913 1.956834 -2.050714 131.523071 -44.455273 0.331844 0.594476 7.110593 0.067951
24.633526 -36.536205 2.008005 -1.735678 132.214783 -45.005775 0.332627 0.508893 7.139163 0.070702
24.758520 -36.030663 2.051284 -1.383219 132.917114 -45.560284 0.328861 0.394813 7.169166 0.068041
24.882515 -35.530819 2.109695 -0.977238 133.619019 -46.108208 0.319849 0.258372 7.186772 0.068924
25.004511 -35.025570 2.177262 -0.503987 134.314133 -46.645016 0.307779 0.106963 7.202407 0.069698
25.129505 -34.519928 2.267107 -0.085843 135.022919 -47.188274 0.293283 -0.058486 7.197993 0.068011
25.253500 -34.022972 2.377428 0.347995 135.738831 -47.732113 0.277256 -0.227618 7.188262 0.065977
25.378494 -33.538860 2.496473 0.802345 136.449600 -48.267193 0.262506 -0.384626 7.166899 0.065076
25.503490 -33.066181 2.633415 1.217018 137.171982 -48.807228 0.249711 -0.521856 7.152396 0.062291
25.627485 -32.598484 2.752698 1.638497 137.882233 -49.335365 0.239001 -0.630990 7.131185 0.061371
25.750481 -32.156906 2.855384 1.940504 138.586533 -49.855766 0.231850 -0.714243 7.115056 0.060142
25.875475 -31.711660 2.938146 2.145308 139.302734 -50.381207 0.228730 -0.771617 7.100040 0.060677
26.000469 -31.273886 3.005643 2.298031 140.018768 -50.903713 0.228481 -0.794525 7.084206 0.059620
26.126463 -30.829910 3.041208 2.440940 140.741501 -51.424881 0.230980 -0.776811 7.062432 0.061645
26.252457 -30.388100 3.058739 2.564178 141.459412 -51.935394 0.237280 -0.720238 7.039705 0.060721
26.378450 -29.946001 3.047855 2.682003 142.184296 -52.445034 0.246934 -0.630533 7.030094 0.059756
26.504444 -29.501049 3.013501 2.762565 142.910248 -52.951374 0.258283 -0.513123 7.022440 0.061276
26.630438 -29.056540 2.962632 2.791172 143.642944 -53.458107 0.270196 -0.369573 7.013074 0.060189
26.756432 -28.624680 2.882870 2.830432 144.365723 -53.952614 0.278532 -0.212332 7.002152 0.059925
26.879427 -28.201227 2.785595 2.819546 145.090958 -54.443760 0.284126 -0.055823 7.008643 0.058736
27.003422 -27.788294 2.686903 2.770119 145.806198 -54.924229 0.284610 0.085525 7.006894 0.059469
27.129416 -27.359623 2.591309 2.714887 146.540649 -55.414955 0.279358 0.221137 7.006877 0.059442
27.255409 -26.934084 2.513386 2.717351 147.277725 -55.900799 0.271135 0.363309 7.001464 0.058552
27.381403 -26.517200 2.457741 2.747914 148.016769 -56.381210 0.261092 0.518460 6.990583 0.056561
27.507397 -26.115286 2.428392 2.799193 148.757263 -56.857506 0.247882 0.669732 6.984604 0.055483
27.633390 -25.719440 2.410457 2.912204 149.493896 -57.325344 0.233944 0.784348 6.983837 0.053259
27.757385 -25.333246 2.434770 3.033076 150.232864 -57.788578 0.221904 0.838598 6.973344 0.053324
27.882380 -24.943945 2.507632 3.124906 150.973297 -58.247478 0.211138 0.825981 6.965841 0.054181
28.008373 -24.546045 2.607873 3.239535 151.719803 -58.704430 0.203142 0.753441 6.931956 0.053515
28.134367 -24.157497 2.722467 3.359420 152.465775 -59.155949 0.198453 0.634052 6.908735 0.052017
28.260361 -23.798059 2.844202 3.437324 153.211807 -59.600620 0.197931 0.484509 6.880086 0.047365
28.385355 -23.456179 2.955036 3.533996 153.952301 -60.034870 0.199671 0.327470 6.854164 0.047001
28.511349 -23.123638 3.054929 3.584463 154.692902 -60.463097 0.202583 0.182342 6.833168 0.045747
28.625343 -22.826393 3.120730 3.603245 155.373856 -60.852436 0.206160 0.069056 6.808504 0.043171
28.750338 -22.525291 3.150157 3.592895 156.113113 -61.270493 0.209358 -0.034507 6.786277 0.041063
28.885332 -22.219584 3.128219 3.566776 156.911957 -61.715889 0.211429 -0.134932 6.767138 0.038298
29.011326 -21.953402 3.068317 3.541813 157.652908 -62.122307 0.211488 -0.225291 6.753578 0.036673
29.135321 -21.695026 2.981245 3.503382 158.395050 -62.523502 0.209157 -0.312541 6.750601 0.035170
29.261314 -21.448570 2.850009 3.438215 159.140167 -62.919441 0.203121 -0.390665 6.753753 0.033859
29.386309 -21.213457 2.670977 3.332752 159.888672 -63.310398 0.194713 -0.454528 6.760334 0.032840
29.500303 -21.006897 2.480677 3.191805 160.580002 -63.667480 0.187416 -0.500265 6.770974 0.032284
29.625298 -20.780075 2.266252 3.042079 161.329147 -64.049522 0.179053 -0.537764 6.789532 0.032723
29.760292 -20.541153 2.055603 2.910882 162.148651 -64.461662 0.172016 -0.564843 6.801289 0.031211
29.883287 -20.324339 1.886188 2.740404 162.904449 -64.837677 0.167993 -0.573003 6.810332 0.031837
30.006283 -20.112370 1.762323 2.547760 163.657684 -65.207054 0.167697 -0.560211 6.825896 0.030266
30.131277 -19.905067 1.680107 2.361681 164.426605 -65.578529 0.170218 -0.524893 6.832798 0.029359
30.254272 -19.706121 1.631604 2.166945 165.185196 -65.941185 0.174102 -0.471705 6.837041 0.028464
30.378267 -19.510693 1.625206 2.012306 165.952118 -66.302124 0.180514 -0.401357 6.829801 0.027185
30.503262 -19.323677 1.689365 1.885982 166.719818 -66.660469 0.189465 -0.311498 6.832124 0.026956
30.629255 -19.134178 1.792607 1.765151 167.507446 -67.023926 0.197682 -0.197533 6.827006 0.025656
30.755249 -18.964241 1.921037 1.659461 168.283173 -67.377693 0.203767 -0.070695 6.814144 0.023589
30.881243 -18.796539 2.064321 1.557584 169.066299 -67.729767 0.208297 0.056893 6.810845 0.023257
31.007236 -18.628775 2.200633 1.430815 169.850525 -68.078369 0.208854 0.174758 6.809008 0.024477
31.132231 -18.456234 2.328366 1.351396 170.636597 -68.422302 0.205478 0.285461 6.810429 0.023129
31.258224 -18.295942 2.454358 1.305707 171.424271 -68.763229 0.199269 0.394717 6.814991 0.022794
31.384218 -18.123226 2.573807 1.213404 172.213547 -69.101868 0.191812 0.497388 6.818558 0.025138
31.510212 -17.943186 2.698356 1.131523 173.004562 -69.437599 0.183519 0.577665 6.819069 0.025716
31.625206 -17.770660 2.808830 1.050277 173.728806 -69.740562 0.174839 0.622415 6.829550 0.026595
31.751200 -17.580080 2.907375 0.980809 174.518616 -70.065819 0.164847 0.643118 6.833023 0.027430
31.876194 -17.382122 2.971974 0.892692 175.316422 -70.390984 0.154915 0.643273 6.840646 0.027682
32.002190 -17.187788 3.013890 0.801127 176.116562 -70.712021 0.146584 0.623430 6.842899 0.027711
32.128204 -16.988888 3.044689 0.694699 176.918884 -71.030502 0.140460 0.575175 6.860224 0.028140
32.253220 -16.784744 3.058871 0.580140 177.716858 -71.343925 0.136484 0.496562 6.857912 0.029953
32.378235 -16.570744 3.046114 0.503214 178.516983 -71.653984 0.135388 0.396816 6.868663 0.031156
32.504250 -16.356710 3.029027 0.405208 179.319778 -71.962067 0.135981 0.286558 6.886730 0.030409
32.629265 -16.142078 3.014715 0.346165 180.131927 -72.268639 0.139038 0.162642 6.902756 0.029750
32.754280 -15.937943 3.017258 0.322825 180.941330 -72.569626 0.142508 0.016288 6.915477 0.027542
32.880295 -15.730881 3.040791 0.355347 181.753296 -72.867424 0.146181 -0.153487 6.919902 0.028999
33.005310 -15.517854 3.076150 0.431141 182.573807 -73.164719 0.149998 -0.326873 6.928624 0.028041
33.130325 -15.325849 3.124187 0.525096 183.382446 -73.454460 0.154288 -0.470931 6.925487 0.026148
33.255341 -15.138879 3.202439 0.653561 184.205322 -73.743607 0.161201 -0.574182 6.925173 0.025454
33.381355 -14.943954 3.299014 0.755000 185.023849 -74.027794 0.168155 -0.638158 6.938394 0.027552
33.507370 -14.733804 3.427059 0.846715 185.850449 -74.312187 0.174076 -0.675495 6.936076 0.027798
33.633385 -14.545125 3.583084 0.887464 186.677277 -74.593422 0.176928 -0.688044 6.926339 0.025131
33.759399 -14.365957 3.761161 0.930763 187.511368 -74.871956 0.177272 -0.667256 6.924740 0.024341
33.885414 -14.189902 3.940227 0.915367 188.339798 -75.145317 0.175148 -0.605929 6.923372 0.023380
34.000427 -14.046078 4.108014 0.849146 189.089478 -75.390137 0.172147 -0.518540 6.915626 0.022348
34.127441 -13.889923 4.275567 0.755125 189.923172 -75.660744 0.166974 -0.398888 6.892013 0.021016
34.253456 -13.752175 4.422629 0.660215 190.755951 -75.926598 0.158337 -0.271678 6.876585 0.019049
34.380470 -13.622213 4.541553 0.533853 191.587616 -76.188629 0.149251 -0.148185 6.855282 0.019797
34.506485 -13.497610 4.601091 0.367286 192.412064 -76.444153 0.139100 -0.032606 6.847146 0.018898
34.630501 -13.384627 4.623631 0.213764 193.224564 -76.690910 0.130029 0.075352 6.847620 0.016464
34.756516 -13.283462 4.606714 0.055041 194.051651 -76.938759 0.123060 0.180631 6.856165 0.015795
34.882530 -13.193863 4.571262 -0.119410 194.873672 -77.181450 0.118025 0.281030 6.861456 0.013484
35.007545 -13.111737 4.493598 -0.238909 195.704666 -77.421967 0.115863 0.376099 6.871501 0.012736
35.132561 -13.025596 4.418057 -0.330635 196.532608 -77.657181 0.117445 0.460619 6.892475 0.011985
35.256577 -12.944860 4.342862 -0.407859 197.356262 -77.888840 0.120745 0.530368 6.907623 0.012770
35.379593 -12.862483 4.263022 -0.442226 198.176529 -78.116524 0.124936 0.581631 6.926184 0.012041
35.503609 -12.780671 4.188801 -0.380933 199.006683 -78.342278 0.130154 0.610358 6.940514 0.009802
35.627625 -12.708875 4.109617 -0.289316 199.831985 -78.562782 0.134586 0.608263 6.952082 0.009630
35.750641 -12.641335 4.034908 -0.232576 200.666794 -78.782669 0.138440 0.564833 6.967691 0.008357
35.885658 -12.583782 3.994683 -0.217416 201.571243 -79.016579 0.139395 0.464891 6.975158 0.005861
36.007671 -12.548762 3.967587 -0.271616 202.403397 -79.229401 0.137686 0.332852 6.986402 0.004698
36.131687 -12.523822 3.964372 -0.318598 203.236511 -79.439445 0.133489 0.183221 6.984505 0.003591
36.255695 -12.511106 3.979200 -0.399826 204.076111 -79.649559 0.126400 0.036739 6.978163 0.001661
36.379711 -12.504706 4.006716 -0.488750 204.915863 -79.856689 0.118789 -0.092119 6.973446 0.001521
36.504726 -12.507159 4.047836 -0.559494 205.761719 -80.061974 0.110508 -0.200390 6.959388 0.000573
36.629742 -12.509143 4.094601 -0.607932 206.612503 -80.266602 0.102314 -0.285981 6.942595 -0.000591
36.754757 -12.520926 4.126601 -0.612004 207.456116 -80.468796 0.094688 -0.343085 6.940007 -0.002872
36.880772 -12.543464 4.131873 -0.613987 208.306595 -80.670563 0.087355 -0.370252 6.933065 -0.004464
37.006786 -12.580861 4.101790 -0.560537 209.150055 -80.867935 0.081358 -0.372146 6.928644 -0.007805
37.131802 -12.641687 4.060473 -0.512412 210.000351 -81.063499 0.076791 -0.360694 6.922518 -0.008952
37.256817 -12.702276 4.001853 -0.488032 210.843567 -81.255898 0.072890 -0.346512 6.912859 -0.008455
37.381832 -12.763324 3.947993 -0.465432 211.685883 -81.447098 0.068099 -0.333295 6.907243 -0.009215
37.506847 -12.830179 3.887904 -0.430716 212.527802 -81.635773 0.064200 -0.318107 6.903684 -0.008700
37.632862 -12.903064 3.813342 -0.413407 213.376419 -81.825096 0.061899 -0.294206 6.904132 -0.011421
37.755878 -12.974263 3.744976 -0.417845 214.199631 -82.007904 0.060798 -0.257457 6.917501 -0.008567
37.880894 -13.042841 3.690560 -0.501148 215.044052 -82.194977 0.061813 -0.204877 6.919685 -0.009586
38.005909 -13.112546 3.639212 -0.607976 215.888733 -82.380875 0.063442 -0.141464 6.923144 -0.008774
38.130924 -13.177278 3.608552 -0.669456 216.740234 -82.565804 0.065833 -0.073751 6.918066 -0.008058
38.255939 -13.249420 3.596169 -0.734084 217.579132 -82.746506 0.068509 -0.009124 6.915901 -0.010311
38.380955 -13.333929 3.590141 -0.782052 218.431473 -82.926514 0.069803 0.051587 6.909405 -0.012051
38.506969 -13.433091 3.618918 -0.866852 219.275299 -83.102783 0.071165 0.105342 6.890302 -0.014392
38.631985 -13.542019 3.679993 -0.989470 220.117523 -83.277122 0.072573 0.151613 6.876614 -0.014273
38.757000 -13.656119 3.760888 -1.129847 220.956345 -83.450188 0.074943 0.191298 6.838515 -0.015014
38.881016 -13.777657 3.848323 -1.266053 221.792297 -83.621635 0.076219 0.226881 6.817108 -0.015496
39.007030 -13.911243 3.949499 -1.458223 222.624405 -83.791283 0.074513 0.257742 6.779862 -0.018046
39.132046 -14.059704 4.072943 -1.667218 223.459686 -83.960335 0.071316 0.277168 6.750269 -0.018769
39.254063 -14.209595 4.175145 -1.866137 224.265549 -84.122719 0.066442 0.277122 6.732165 -0.019488
39.377075 -14.364151 4.266482 -2.120394 225.075806 -84.283646 0.059308 0.255646 6.705233 -0.019312
39.502090 -14.529677 4.322273 -2.400088 225.895874 -84.444580 0.050665 0.215855 6.669770 -0.020902
39.626106 -14.703065 4.349014 -2.632169 226.698914 -84.601913 0.040901 0.163948 6.638562 -0.023433
39.762123 -14.914075 4.346373 -2.852882 227.583130 -84.775146 0.029144 0.096587 6.618469 -0.025984
39.886139 -15.119764 4.316108 -3.066264 228.393585 -84.933350 0.020645 0.032582 6.597618 -0.027014
40.011154 -15.340064 4.258101 -3.253293 229.202454 -85.089462 0.013059 -0.020087 6.584610 -0.029859
40.137169 -15.582853 4.173695 -3.456533 230.009659 -85.244110 0.006511 -0.048615 6.569787 -0.032412
40.251183 -15.816854 4.085120 -3.633934 230.744736 -85.385872 0.003060 -0.049104 6.564534 -0.034687
40.385197 -16.104530 3.963963 -3.840777 231.606949 -85.552925 0.002974 -0.023173 6.545811 -0.035536
40.507214 -16.382153 3.852456 -3.966496 232.396683 -85.705101 0.007572 0.017842 6.531555 -0.039222
40.630230 -16.673037 3.745466 -4.049843 233.185211 -85.855606 0.014582 0.066505 6.526497 -0.040795
40.753246 -16.969816 3.665446 -4.142287 233.972275 -86.005806 0.024804 0.110310 6.505881 -0.041554
40.877262 -17.275490 3.615649 -4.290462 234.757217 -86.156677 0.036932 0.131296 6.490903 -0.041609
41.001278 -17.590588 3.594795 -4.441149 235.552444 -86.309578 0.049232 0.113142 6.468562 -0.044037
41.126293 -17.928307 3.597987 -4.586016 236.338135 -86.460999 0.060132 0.054232 6.443860 -0.047970
41.251308 -18.286613 3.631917 -4.712619 237.127762 -86.614777 0.068316 -0.029045 6.432727 -0.050148
41.376324 -18.659248 3.671412 -4.829036 237.921692 -86.770920 0.072286 -0.110354 6.408818 -0.050526
41.501339 -19.036283 3.731054 -4.961763 238.706375 -86.926941 0.072510 -0.167877 6.395366 -0.052178
41.627354 -19.435244 3.809714 -5.105133 239.495132 -87.084686 0.068887 -0.198263 6.372949 -0.056975
41.752369 -19.859541 3.898750 -5.237123 240.273651 -87.241776 0.061872 -0.210768 6.344256 -0.058556
41.877384 -20.285881 3.986757 -5.342895 241.048721 -87.398453 0.053458 -0.218513 6.308165 -0.059063
42.002399 -20.725798 4.065643 -5.465292 241.813217 -87.555862 0.043059 -0.226722 6.282573 -0.062259
42.126415 -21.181240 4.140488 -5.571432 242.580246 -87.716599 0.030603 -0.230569 6.260208 -0.063136
42.251431 -21.658024 4.202509 -5.692851 243.344162 -87.878944 0.017621 -0.221570 6.235825 -0.066501
42.376446 -22.156225 4.244018 -5.823581 244.105270 -88.041870 0.006298 -0.197911 6.224682 -0.068199
42.512463 -22.696301 4.282707 -5.922918 244.925049 -88.219475 -0.003257 -0.165217 6.204663 -0.069406
42.636478 -23.197453 4.324950 -5.906708 245.681152 -88.385452 -0.008861 -0.137008 6.182069 -0.070673
42.761494 -23.692911 4.389075 -5.851160 246.427597 -88.550018 -0.011842 -0.110637 6.151317 -0.070958
42.886509 -24.192057 4.470357 -5.797616 247.181656 -88.718849 -0.012817 -0.078153 6.115828 -0.070328
43.011524 -24.695309 4.568906 -5.749334 247.925049 -88.887505 -0.011953 -0.037412 6.082514 -0.072553
43.136539 -25.222189 4.673643 -5.766094 248.662384 -89.057045 -0.008129 0.004114 6.031737 -0.074565
43.261555 -25.756371 4.774206 -5.828807 249.388092 -89.225990 -0.003344 0.036287 5.994622 -0.074986
43.385571 -26.309643 4.875185 -5.917010 250.115555 -89.398109 0.002536 0.059048 5.974476 -0.076783
43.510586 -26.864799 4.959755 -6.006974 250.834076 -89.570274 0.009902 0.081644 5.945837 -0.077504
43.634602 -27.436762 5.023439 -6.133178 251.554062 -89.746452 0.015953 0.111711 5.918718 -0.078889
43.759617 -28.015223 5.066373 -6.337697 252.269394 -89.925018 0.020130 0.143404 5.889140 -0.077948
43.884632 -28.594721 5.103724 -6.602158 252.976883 -90.103638 0.022537 0.162591 5.878087 -0.078247
44.009647 -29.177025 5.119134 -6.906915 253.686584 -90.285416 0.023986 0.163622 5.851548 -0.075913
44.133663 -29.754288 5.131046 -7.273242 254.386566 -90.466888 0.023309 0.157961 5.820615 -0.076226
44.258678 -30.345797 5.160770 -7.684900 255.089035 -90.651077 0.020604 0.166159 5.803993 -0.077704
44.382694 -30.943319 5.202051 -8.126525 255.787964 -90.836357 0.017817 0.199052 5.773049 -0.077414
44.507710 -31.548292 5.261256 -8.629018 256.482697 -91.022575 0.014969 0.246224 5.740534 -0.078197
44.632725 -32.155266 5.330034 -9.124522 257.173309 -91.210594 0.013630 0.283843 5.714459 -0.078158
44.755741 -32.755112 5.407097 -9.659196 257.848969 -91.397171 0.014673 0.291685 5.685601 -0.077280
44.878757 -33.360260 5.473880 -10.281528 258.520325 -91.585693 0.018932 0.266371 5.654042 -0.078037
45.003773 -33.974365 5.537091 -10.857079 259.193726 -91.775772 0.025482 0.217713 5.635465 -0.078737
45.128788 -34.590721 5.609805 -11.476163 259.867371 -91.970482 0.034509 0.159891 5.591863 -0.078205
45.253803 -35.212643 5.688696 -12.105661 260.536804 -92.166481 0.046958 0.102680 5.573128 -0.077599
45.377819 -35.823391 5.785404 -12.665840 261.204010 -92.363281 0.062442 0.046255 5.559703 -0.076728
45.503834 -36.424145 5.892996 -13.223379 261.869507 -92.561760 0.080279 -0.014136 5.549102 -0.076040
45.628849 -37.021427 6.004793 -13.766300 262.537292 -92.763039 0.099157 -0.081806 5.534019 -0.074495
45.751862 -37.587307 6.123087 -14.263282 263.182281 -92.960098 0.118566 -0.149818 5.526596 -0.071634
45.887878 -38.206272 6.262543 -14.846403 263.899536 -93.182114 0.139664 -0.217805 5.512483 -0.070939
46.011894 -38.772736 6.380894 -15.414866 264.555573 -93.388527 0.157512 -0.262103 5.496401 -0.069459
46.134911 -39.314697 6.500118 -15.966322 265.193665 -93.592453 0.172886 -0.282748 5.488122 -0.068530
46.257927 -39.857067 6.630195 -16.468513 265.840424 -93.801910 0.187606 -0.280770 5.472636 -0.068448
46.380943 -40.392086 6.753895 -16.934614 266.480530 -94.010521 0.201642 -0.259047 5.474385 -0.067516
46.503956 -40.913208 6.860711 -17.380127 267.120300 -94.220154 0.215518 -0.220879 5.473660 -0.065343
46.627968 -41.419960 6.949961 -17.842180 267.759735 -94.431343 0.229211 -0.168703 5.470396 -0.064046
46.760986 -41.966896 7.042834 -18.317421 268.454590 -94.662926 0.243426 -0.101897 5.458878 -0.063175
46.884003 -42.460026 7.131491 -18.698933 269.091217 -94.876839 0.255208 -0.043972 5.460595 -0.062552
47.009018 -42.946198 7.212667 -19.040874 269.737701 -95.095467 0.266361 -0.006103 5.456985 -0.061437
47.134033 -43.430180 7.258594 -19.429043 270.383453 -95.315544 0.277225 -0.001956 5.461639 -0.060351
47.259048 -43.904537 7.272301 -19.733458 271.029694 -95.536598 0.290415 -0.030018 5.463993 -0.060483
47.385063 -44.367489 7.256182 -19.971123 271.675476 -95.759140 0.306269 -0.074437 5.466289 -0.059846
47.511078 -44.829361 7.249164 -20.175545 272.325195 -95.985153 0.324032 -0.115345 5.462916 -0.060420
47.633087 -45.264755 7.218765 -20.365894 272.959564 -96.207558 0.343170 -0.140056 5.467571 -0.057388
47.759102 -45.667236 7.169275 -20.472397 273.604401 -96.434700 0.362770 -0.148421 5.470284 -0.053360
47.884117 -46.043568 7.098740 -20.522160 274.249359 -96.664299 0.383348 -0.143413 5.478583 -0.050529
48.010132 -46.393509 7.025662 -20.579115 274.898407 -96.898293 0.404103 -0.126511 5.477803 -0.045300
48.135147 -46.719482 6.952731 -20.628733 275.547180 -97.134735 0.424285 -0.096732 5.479337 -0.044413
48.260162 -47.033363 6.863853 -20.693617 276.184052 -97.370575 0.444857 -0.054081 5.476592 -0.040949
48.386177 -47.329365 6.748923 -20.744926 276.831543 -97.611404 0.466536 0.001924 5.487892 -0.039034
48.511192 -47.591736 6.606661 -20.832966 277.474640 -97.852745 0.488523 0.067140 5.498495 -0.033719
48.635208 -47.827847 6.447608 -20.903254 278.117889 -98.095718 0.509471 0.135740 5.501207 -0.030502
48.759224 -48.039597 6.297324 -20.931993 278.756378 -98.338379 0.528411 0.197760 5.516884 -0.028503
48.885239 -48.226604 6.153379 -20.944546 279.400818 -98.586784 0.547670 0.245436 5.533510 -0.023921
49.010254 -48.393173 6.006867 -20.937563 280.046417 -98.838829 0.566979 0.276801 5.551320 -0.022742
49.135269 -48.538147 5.839308 -20.839077 280.697968 -99.095306 0.584412 0.298820 5.557167 -0.020457
49.260284 -48.663662 5.655835 -20.711987 281.343781 -99.353241 0.599530 0.319511 5.566633 -0.018676
49.382294 -48.757603 5.485456 -20.544636 281.974121 -99.608276 0.612767 0.339434 5.578182 -0.013924
49.505310 -48.825447 5.312757 -20.342005 282.610474 -99.868744 0.623407 0.350978 5.597291 -0.010512
49.628326 -48.866093 5.126379 -20.120983 283.247101 -100.134804 0.632226 0.342112 5.616320 -0.007123
49.753342 -48.878036 4.936941 -19.798555 283.889130 -100.406693 0.638633 0.303455 5.629127 -0.004375
49.877357 -48.851059 4.759239 -19.459383 284.536438 -100.684700 0.645372 0.232617 5.643461 0.001968
50.002373 -48.789364 4.598731 -19.109961 285.184601 -100.966972 0.652746 0.137568 5.668407 0.006930
50.127388 -48.704285 4.456394 -18.770075 285.828918 -101.251709 0.660253 0.036107 5.689477 0.009169
50.263405 -48.570293 4.330193 -18.349947 286.536438 -101.568321 0.668662 -0.060262 5.705093 0.016720
50.387421 -48.394169 4.233345 -17.868240 287.188141 -101.863556 0.675651 -0.121591 5.734776 0.021204
50.512436 -48.184258 4.166945 -17.310860 287.835175 -102.160507 0.683924 -0.157828 5.748954 0.026150
50.636452 -47.943947 4.113480 -16.737095 288.482330 -102.462158 0.692833 -0.180026 5.764330 0.029705
50.760468 -47.676987 4.065858 -16.119694 289.134186 -102.770271 0.700950 -0.195980 5.776295 0.032278
50.884483 -47.397663 4.026757 -15.453141 289.780029 -103.080276 0.708570 -0.205498 5.781182 0.032893
51.009499 -47.098385 3.973883 -14.770346 290.426514 -103.396416 0.712954 -0.207004 5.818007 0.037033
51.134514 -46.763149 3.899987 -14.088490 291.079163 -103.721878 0.716273 -0.205727 5.843812 0.040711
51.258530 -46.405399 3.817394 -13.318724 291.732819 -104.053825 0.718185 -0.212549 5.875881 0.044425
51.381542 -46.039341 3.711042 -12.543577 292.371460 -104.383904 0.718153 -0.234496 5.903807 0.046662
51.506557 -45.630638 3.566968 -11.735243 293.032043 -104.731956 0.714686 -0.270023 5.942240 0.050982
51.631573 -45.195320 3.392038 -10.836522 293.689819 -105.083473 0.709268 -0.305888 5.986888 0.055181
51.756588 -44.728489 3.185672 -9.870543 294.350739 -105.441414 0.702997 -0.327714 6.033754 0.059147
51.881603 -44.229530 2.962138 -8.882496 295.014709 -105.807098 0.697643 -0.325448 6.087700 0.064472
52.007618 -43.698799 2.708656 -7.829290 295.682251 -106.180061 0.692096 -0.296940 6.144072 0.068799
52.131634 -43.127354 2.431689 -6.757489 296.353607 -106.560387 0.688321 -0.248476 6.196295 0.076366
52.256649 -42.529087 2.125139 -5.678725 297.022644 -106.945465 0.686240 -0.191009 6.243593 0.079005
52.381664 -41.895813 1.796953 -4.623652 297.704376 -107.345596 0.683723 -0.129548 6.297547 0.084438
52.508678 -41.240879 1.457806 -3.546242 298.390259 -107.754066 0.681674 -0.062115 6.362451 0.088384
52.633694 -40.564808 1.124990 -2.475979 299.080444 -108.171249 0.678129 0.018232 6.431649 0.092221
52.758709 -39.859550 0.787616 -1.454674 299.770874 -108.593460 0.674873 0.110950 6.509439 0.098051
52.883724 -39.116905 0.463328 -0.478824 300.466492 -109.025246 0.672459 0.207197 6.575980 0.105690
53.008739 -38.325485 0.167240 0.434764 301.167694 -109.465469 0.670534 0.296961 6.656293 0.112351
53.134754 -37.497082 -0.088747 1.307681 301.875885 -109.911644 0.667555 0.377582 6.722850 0.118480
53.259769 -36.627682 -0.288974 2.097849 302.593506 -110.369537 0.662191 0.449732 6.779304 0.120910
53.385784 -35.746853 -0.428304 2.802685 303.315155 -110.835007 0.655305 0.504290 6.840577 0.124681
53.511799 -34.840176 -0.499792 3.415418 304.035492 -111.303848 0.645851 0.522651 6.898108 0.127956
53.634815 -33.927635 -0.504145 3.914876 304.752960 -111.775223 0.635656 0.491971 6.939685 0.129498
53.759830 -32.996464 -0.437316 4.288732 305.473145 -112.251534 0.624751 0.417774 6.975226 0.131983
53.884846 -32.048508 -0.323380 4.572495 306.201050 -112.734802 0.614045 0.321467 6.997860 0.132729
54.008862 -31.101137 -0.170144 4.827981 306.930878 -113.217567 0.603074 0.227946 7.001387 0.131406
54.133877 -30.152998 0.001707 5.021008 307.660828 -113.700302 0.589830 0.149077 6.999974 0.132327
54.259892 -29.200294 0.197564 5.233345 308.396606 -114.183876 0.575260 0.083090 6.980378 0.131924
54.384907 -28.267765 0.392339 5.467835 309.126312 -114.660202 0.560117 0.023595 6.963300 0.128349
54.509922 -27.350067 0.576876 5.694320 309.855591 -115.133461 0.545096 -0.038121 6.950355 0.127056
54.634937 -26.443544 0.726511 5.852397 310.584381 -115.603279 0.531400 -0.108334 6.930522 0.125610
54.759953 -25.547556 0.847248 5.940274 311.305756 -116.066444 0.517317 -0.187876 6.898538 0.125997
54.883968 -24.664597 0.928713 5.990177 312.030487 -116.529869 0.503694 -0.271838 6.874067 0.121356
55.008984 -23.815353 0.968322 6.033685 312.752930 -116.988335 0.492836 -0.347868 6.828077 0.116973
55.133999 -22.982864 0.963004 6.074286 313.474182 -117.440865 0.484643 -0.405479 6.801459 0.114293
55.259014 -22.177084 0.923448 6.118789 314.193237 -117.889618 0.479110 -0.440658 6.767925 0.111002
55.384029 -21.409431 0.839240 6.114062 314.903137 -118.331551 0.477061 -0.453525 6.727491 0.105860
55.508045 -20.663675 0.739062 6.123185 315.615601 -118.771530 0.477966 -0.444931 6.681034 0.102015
55.630062 -19.966469 0.622467 6.114254 316.303223 -119.191139 0.481469 -0.416711 6.637407 0.099481
55.753078 -19.270329 0.482755 6.094661 317.005402 -119.615730 0.486234 -0.370530 6.600981 0.096377
55.888096 -18.528568 0.313731 6.042463 317.767395 -120.070801 0.492241 -0.307261 6.555274 0.095176
56.003109 -17.929905 0.153121 5.973604 318.408813 -120.449539 0.498165 -0.247600 6.515644 0.089377
56.128124 -17.295095 -0.030217 5.938158 319.115356 -120.862152 0.504467 -0.174926 6.476353 0.086997
56.254139 -16.683924 -0.215456 5.963937 319.820129 -121.266129 0.508021 -0.092838 6.431660 0.083470
56.380154 -16.100727 -0.374600 6.064492 320.523224 -121.662170 0.510060 -0.002677 6.381491 0.078022
56.505169 -15.551484 -0.501768 6.179600 321.218628 -122.048157 0.508974 0.086742 6.347108 0.075684
56.630184 -15.028846 -0.605594 6.276266 321.906403 -122.424751 0.505452 0.165790 6.309778 0.072840
56.754200 -14.528460 -0.695735 6.382797 322.597626 -122.797256 0.498898 0.230802 6.265546 0.068804
56.880215 -14.052094 -0.755637 6.502546 323.292206 -123.165367 0.488475 0.284473 6.216374 0.064886
57.005230 -13.597163 -0.787772 6.541617 323.978516 -123.524231 0.475708 0.332823 6.180711 0.062365
57.130245 -13.183757 -0.777863 6.574699 324.657349 -123.872055 0.462411 0.379181 6.135368 0.055581
57.255260 -12.818573 -0.717296 6.546746 325.339294 -124.216835 0.452084 0.418007 6.098074 0.047213
57.380276 -12.499262 -0.618043 6.491786 326.018860 -124.554726 0.443951 0.436632 6.052320 0.042294
57.504292 -12.209630 -0.502056 6.378561 326.690674 -124.882416 0.436241 0.428824 6.009506 0.039418
57.630306 -11.936945 -0.373911 6.248317 327.371826 -125.208221 0.431294 0.399578 5.980849 0.036470
57.754322 -11.687308 -0.240913 6.070708 328.047119 -125.524567 0.428740 0.361475 5.955998 0.033777
57.880337 -11.446596 -0.107399 5.877014 328.727142 -125.837173 0.427224 0.320127 5.931133 0.032147
58.005352 -11.232697 0.012456 5.688776 329.402344 -126.141541 0.427379 0.272374 5.920326 0.028747
58.131367 -11.038098 0.116942 5.568245 330.084106 -126.440750 0.428709 0.210045 5.903506 0.025046
58.257381 -10.866701 0.203242 5.456066 330.762817 -126.731461 0.429340 0.133400 5.907912 0.022441
58.382397 -10.712318 0.251322 5.314775 331.449829 -127.018692 0.428374 0.047563 5.914535 0.020662
58.508411 -10.574376 0.259470 5.144698 332.134583 -127.300362 0.425258 -0.040274 5.929612 0.016954
58.634426 -10.457814 0.230443 4.967748 332.827515 -127.581398 0.420126 -0.130342 5.939314 0.015448
58.758442 -10.356540 0.163646 4.760435 333.518494 -127.854507 0.413651 -0.220345 5.949418 0.013381
58.883457 -10.272717 0.077376 4.499214 334.212982 -128.123688 0.407037 -0.305947 5.966262 0.010340
59.009472 -10.208169 -0.037665 4.208510 334.910889 -128.389435 0.400200 -0.379150 5.983025 0.007677
59.133488 -10.169446 -0.169377 3.879946 335.612793 -128.650360 0.392761 -0.434454 5.996549 0.004283
59.258503 -10.146544 -0.290106 3.578166 336.319458 -128.906036 0.384351 -0.470824 6.022998 0.001798
59.382519 -10.139822 -0.394746 3.340632 337.025635 -129.155609 0.375711 -0.488767 6.052264 -0.000099
59.506535 -10.137390 -0.481307 3.094079 337.730042 -129.401474 0.368987 -0.488796 6.075941 -0.000160
59.632549 -10.140924 -0.531043 2.885679 338.461792 -129.651382 0.364782 -0.470283 6.096311 -0.001426
59.755566 -10.156440 -0.559169 2.669286 339.174011 -129.891464 0.363727 -0.435669 6.120469 -0.003262
59.879581 -10.178748 -0.556337 2.504270 339.895538 -130.130539 0.365001 -0.384665 6.138264 -0.003307
60.005596 -10.203516 -0.527572 2.383056 340.626892 -130.368607 0.371627 -0.314575 6.164502 -0.003907
