1.20 1.10 20 64
0.131000 0.018719 -0.062176 -0.054319 0.843061 0.000384 -0.130521 -0.073869 6.632351 0.004672
0.264000 0.047585 -0.203663 -0.169393 1.723546 0.001331 -0.071198 -0.080593 6.528110 0.002008
0.382000 0.076136 -0.371817 -0.205843 2.481806 0.002288 0.014640 -0.080521 6.446806 0.005154
0.503000 0.113952 -0.570048 -0.269333 3.250248 0.004924 0.123715 -0.091351 6.372555 0.005587
0.636000 0.159646 -0.815986 -0.411960 4.099766 0.007160 0.256662 -0.120649 6.313067 0.005785
0.753000 0.210879 -1.059927 -0.532368 4.836787 0.008676 0.370962 -0.151604 6.295173 0.007595
0.887000 0.294104 -1.373824 -0.667077 5.680549 0.010500 0.485121 -0.176487 6.303642 0.011530
1.003000 0.380464 -1.654338 -0.752152 6.413184 0.011905 0.559634 -0.183925 6.326147 0.012954
1.137000 0.503847 -1.982958 -0.816390 7.265142 0.013922 0.609438 -0.182240 6.386428 0.017133
1.253000 0.618904 -2.269338 -0.860028 8.015471 0.016126 0.619077 -0.180852 6.431118 0.016872
1.387000 0.756463 -2.561114 -0.889993 8.875465 0.019792 0.592564 -0.186803 6.489664 0.018673
1.502000 0.891129 -2.752656 -0.871745 9.636395 0.023384 0.540574 -0.196977 6.510934 0.020223
1.638000 1.041158 -2.902932 -0.795717 10.502417 0.026765 0.454607 -0.209558 6.507729 0.021117
1.753000 1.183006 -2.954119 -0.715927 11.268908 0.030306 0.362111 -0.213131 6.480265 0.021573
1.888000 1.350325 -2.897829 -0.677053 12.134810 0.032359 0.252048 -0.198482 6.441319 0.022848
2.004000 1.499407 -2.755810 -0.569394 12.866208 0.033408 0.164963 -0.169611 6.393163 0.024045
2.138000 1.681702 -2.464863 -0.426477 13.716783 0.033250 0.081350 -0.119488 6.316599 0.024539
2.253999 1.841846 -2.117081 -0.302126 14.450932 0.032008 0.031346 -0.069327 6.250209 0.025014
2.387999 2.014580 -1.623944 -0.089564 15.281739 0.032133 0.005385 -0.011881 6.165894 0.022387
2.504999 2.163559 -1.141120 0.072466 15.998601 0.033719 0.011947 0.038065 6.093709 0.022858
2.637999 2.334911 -0.593953 0.159205 16.797516 0.034463 0.047293 0.098485 6.019381 0.023755
2.753999 2.497207 -0.133460 0.158847 17.503202 0.034810 0.099600 0.160744 5.954170 0.024590
2.887999 2.689023 0.316814 0.093885 18.289818 0.033298 0.170423 0.234736 5.882443 0.026526
3.004999 2.864083 0.620397 0.021210 18.970411 0.032637 0.232857 0.293836 5.856984 0.026273
3.137999 3.072248 0.821463 -0.032289 19.754011 0.034429 0.297798 0.343127 5.839689 0.027541
3.254999 3.260786 0.873371 0.005616 20.437187 0.039870 0.343719 0.367447 5.843293 0.028721
3.386999 3.481188 0.801553 0.098060 21.221769 0.049876 0.378852 0.383343 5.867220 0.028285
3.503999 3.673087 0.617136 0.164372 21.910986 0.059241 0.391466 0.396027 5.908076 0.028681
3.637998 3.894221 0.283520 0.298587 22.694633 0.071842 0.384601 0.407258 5.963364 0.030335
3.753998 4.106105 -0.088445 0.459670 23.395384 0.085075 0.359505 0.398511 6.012684 0.030519
3.887998 4.337080 -0.583393 0.707584 24.197990 0.100263 0.315705 0.349715 6.053037 0.030361
4.004998 4.529552 -1.043229 0.918975 24.908669 0.114058 0.266838 0.267044 6.093902 0.027663
4.137999 4.740397 -1.546618 1.180311 25.721062 0.132586 0.207933 0.138882 6.123094 0.028400
4.254999 4.917695 -1.946141 1.398578 26.438635 0.150982 0.159111 0.011291 6.143849 0.027027
4.388000 5.109699 -2.295728 1.602879 27.255310 0.174089 0.113120 -0.133708 6.141323 0.026800
4.505000 5.280432 -2.471132 1.723979 27.973919 0.193799 0.086780 -0.250939 6.143547 0.026527
4.638000 5.485834 -2.531774 1.879169 28.795179 0.217552 0.075617 -0.361801 6.124484 0.027661
4.755001 5.658918 -2.449516 1.999820 29.509445 0.238646 0.082843 -0.428739 6.093797 0.025477
4.889002 5.846891 -2.202867 2.109855 30.315603 0.264497 0.108522 -0.466480 6.043935 0.024011
5.005002 6.003054 -1.885664 2.164961 31.020273 0.285999 0.143951 -0.466610 6.010235 0.023044
5.139003 6.180949 -1.430948 2.273082 31.816189 0.310868 0.190352 -0.436532 5.965299 0.023582
5.255003 6.333789 -0.993858 2.353346 32.511646 0.333639 0.232407 -0.390447 5.937628 0.023221
5.389004 6.509789 -0.491193 2.434917 33.298622 0.361605 0.274292 -0.321438 5.915572 0.022925
5.506004 6.664024 -0.074749 2.487489 33.989307 0.387720 0.299487 -0.251620 5.904843 0.022620
5.639005 6.829199 0.360512 2.549486 34.780445 0.420406 0.313391 -0.163626 5.912414 0.019903
5.756005 6.961929 0.684600 2.643067 35.465569 0.450755 0.312331 -0.089559 5.916871 0.018788
5.889006 7.105787 0.970508 2.705551 36.258099 0.489370 0.297962 -0.013447 5.931478 0.018706
6.006006 7.231521 1.141478 2.736729 36.946178 0.524925 0.273906 0.037000 5.946931 0.018587
6.140007 7.376978 1.238528 2.771621 37.743866 0.566053 0.235724 0.084742 5.970476 0.019170
6.256007 7.501538 1.249292 2.799700 38.443016 0.604725 0.195806 0.125031 5.991828 0.020117
6.390008 7.660651 1.191227 2.837931 39.239796 0.652327 0.148861 0.178109 6.007040 0.021156
6.506008 7.802620 1.088367 2.850594 39.942902 0.695762 0.110948 0.226702 6.029355 0.020125
6.640008 7.953396 0.918668 2.774173 40.744232 0.747021 0.076679 0.274109 6.041466 0.020864
6.757009 8.091929 0.748149 2.700240 41.450726 0.793660 0.056958 0.301004 6.059214 0.019420
6.886009 8.236619 0.557802 2.647609 42.231552 0.848122 0.048942 0.313720 6.074377 0.019565
7.003009 8.372849 0.376822 2.558980 42.941116 0.900151 0.052951 0.308002 6.089538 0.020579
7.136010 8.533313 0.169933 2.425867 43.762524 0.959756 0.072565 0.278329 6.106457 0.020218
7.253010 8.656655 0.034940 2.268337 44.463333 1.012205 0.098865 0.231672 6.117090 0.017428
7.386010 8.797344 -0.054280 2.030198 45.281700 1.074394 0.138341 0.157819 6.126853 0.018083
7.503010 8.915685 -0.060337 1.792365 45.990692 1.130821 0.176598 0.086318 6.132568 0.017965
7.641011 9.040397 -0.034435 1.611550 46.687927 1.189006 0.212909 0.013912 6.139585 0.020224
7.753010 9.203513 0.061405 1.512895 47.526073 1.262933 0.249928 -0.070686 6.147642 0.020408
7.887011 9.353244 0.217246 1.459339 48.353199 1.339723 0.276220 -0.151389 6.158193 0.020655
8.004011 9.484951 0.386612 1.448660 49.059666 1.406991 0.289812 -0.212416 6.177668 0.019584
8.138011 9.620464 0.610560 1.494951 49.878334 1.485954 0.291042 -0.267485 6.190088 0.017814
8.254011 9.731628 0.821132 1.545959 50.600220 1.556711 0.280774 -0.297046 6.203897 0.016088
8.387011 9.858807 1.057832 1.602648 51.427387 1.639732 0.259109 -0.306869 6.208437 0.016539
8.504010 9.979297 1.233250 1.711967 52.144520 1.711990 0.232493 -0.293800 6.214596 0.019345
8.637010 10.138192 1.377911 1.844078 52.972462 1.796744 0.198568 -0.248807 6.210470 0.019611
8.754010 10.274502 1.457610 1.980490 53.694527 1.872679 0.167238 -0.181796 6.203760 0.020540
8.888011 10.444651 1.489790 2.153885 54.532463 1.962709 0.132551 -0.073124 6.196334 0.021487
9.004010 10.599418 1.468120 2.282248 55.234135 2.038841 0.108333 0.029775 6.186742 0.023876
9.138010 10.785274 1.402996 2.427564 56.051689 2.127609 0.086423 0.144069 6.181778 0.023598
9.256010 10.948894 1.316319 2.573988 56.770306 2.206923 0.076976 0.218198 6.177681 0.025336
9.388011 11.143307 1.205236 2.650103 57.586140 2.297394 0.079606 0.257913 6.168111 0.025240
9.505012 11.313410 1.103922 2.647170 58.301815 2.379071 0.092801 0.252817 6.146546 0.026413
9.639012 11.514492 0.968685 2.628376 59.119366 2.474737 0.117020 0.212348 6.146713 0.026377
9.755013 11.690503 0.839379 2.626027 59.827560 2.559944 0.145031 0.161460 6.151773 0.026954
9.889013 11.894111 0.690113 2.629138 60.645988 2.660769 0.183181 0.099794 6.155877 0.026540
10.005013 12.061141 0.582167 2.578810 61.361755 2.750578 0.219099 0.055243 6.171287 0.024393
10.139014 12.250954 0.481232 2.609236 62.177315 2.856947 0.257719 0.021576 6.193804 0.025720
10.257014 12.430612 0.426164 2.669240 62.897514 2.952938 0.285449 0.005157 6.219209 0.026803
10.390015 12.633932 0.424191 2.693226 63.719627 3.063048 0.307547 -0.004825 6.247968 0.026914
10.506015 12.815751 0.460693 2.683821 64.445930 3.160935 0.317982 -0.012404 6.276607 0.028132
10.639015 13.038628 0.547538 2.624246 65.280739 3.274796 0.317872 -0.024189 6.297485 0.029647
10.756016 13.246689 0.642802 2.562822 66.018646 3.376635 0.307185 -0.035762 6.318678 0.031009
10.877016 13.466566 0.774855 2.502985 66.757805 3.479820 0.288014 -0.042878 6.331773 0.033896
11.006016 13.722089 0.951680 2.385786 67.579475 3.594819 0.259741 -0.041900 6.332262 0.033983
11.139015 13.975349 1.144073 2.210234 68.412552 3.712562 0.229665 -0.025299 6.321184 0.033522
11.256016 14.200531 1.307969 2.052989 69.143425 3.818777 0.203262 0.002034 6.310151 0.035754
11.390017 14.466990 1.467713 1.859194 69.972458 3.940764 0.176919 0.036872 6.290551 0.036251
11.506016 14.702088 1.586515 1.720495 70.699501 4.050591 0.160342 0.056187 6.277045 0.035574
11.640017 14.971661 1.690612 1.587696 71.523918 4.176334 0.146841 0.053325 6.265655 0.035114
11.756017 15.219081 1.722823 1.557130 72.253372 4.289421 0.140934 0.029622 6.251666 0.036359
11.890018 15.505045 1.721765 1.509701 73.067825 4.417429 0.144407 -0.007626 6.242032 0.038994
12.007018 15.750162 1.662928 1.504475 73.788986 4.533139 0.155184 -0.039490 6.240652 0.034937
12.140018 16.023060 1.543813 1.523272 74.607986 4.667752 0.175051 -0.071071 6.241635 0.034193
12.257019 16.245893 1.394889 1.577381 75.329163 4.787161 0.196899 -0.094221 6.253769 0.031608
12.390019 16.481625 1.182635 1.647001 76.156593 4.924525 0.221878 -0.118388 6.263123 0.030253
12.507020 16.669224 0.976448 1.751588 76.879646 5.046698 0.242017 -0.136346 6.271195 0.026761
12.641021 16.867531 0.742546 1.933547 77.702950 5.188579 0.260768 -0.150612 6.286798 0.024917
12.757021 17.029583 0.545005 2.028404 78.428505 5.315629 0.272999 -0.160230 6.300560 0.024150
12.891022 17.217484 0.316666 2.133879 79.254265 5.463657 0.281200 -0.166885 6.315206 0.023937
13.008021 17.374331 0.130391 2.250270 79.982063 5.596456 0.281744 -0.168842 6.329530 0.022821
13.141022 17.537485 -0.041362 2.442329 80.811440 5.750082 0.277864 -0.160663 6.347943 0.020270
13.258022 17.664156 -0.144814 2.682425 81.542404 5.887187 0.270411 -0.141027 6.356878 0.019127
13.391023 17.805929 -0.202845 2.956866 82.373001 6.044942 0.261692 -0.101233 6.357756 0.018616
13.508023 17.920336 -0.194293 3.208256 83.103157 6.185773 0.253810 -0.053799 6.354988 0.015742
13.642024 18.042078 -0.130964 3.494872 83.939209 6.349253 0.245430 0.006064 6.360249 0.016100
13.758024 18.133955 -0.010290 3.682088 84.669472 6.491877 0.240959 0.051189 6.357528 0.012966
13.891025 18.231400 0.182194 3.941437 85.498413 6.655726 0.240262 0.089733 6.352945 0.011429
14.008025 18.306627 0.399091 4.130252 86.227127 6.802389 0.242487 0.114367 6.356709 0.011717
14.142026 18.384899 0.698766 4.254914 87.054237 6.971725 0.246834 0.143776 6.341394 0.010141
14.259027 18.447807 0.979068 4.282179 87.779739 7.123061 0.251888 0.173214 6.333819 0.007939
14.393026 18.496031 1.299818 4.261482 88.604477 7.297163 0.258478 0.210882 6.338212 0.006509
14.509026 18.530661 1.563983 4.240571 89.335579 7.454474 0.264685 0.241514 6.337672 0.004310
14.626026 18.551235 1.799959 4.144043 90.053429 7.612177 0.268955 0.265707 6.338286 0.003227
14.759027 18.572113 2.020593 4.036985 90.875313 7.799125 0.270173 0.284422 6.340021 0.002844
14.876027 18.581013 2.159591 3.915439 91.599098 7.966408 0.268082 0.287976 6.360324 0.001136
15.009027 18.578720 2.246618 3.708051 92.430077 8.161424 0.263018 0.271065 6.379689 0.000389
15.126028 18.571480 2.249758 3.462848 93.151360 8.332681 0.256038 0.234837 6.402550 0.000864
15.261028 18.560539 2.182104 3.132662 93.988029 8.533860 0.246630 0.171151 6.435230 -0.001651
15.376028 18.531233 2.070297 2.796763 94.726883 8.713797 0.240189 0.099926 6.449345 -0.003603
15.511029 18.483585 1.901627 2.382535 95.561623 8.919813 0.235556 0.009979 6.477467 -0.004822
15.631029 18.446033 1.730488 2.030992 96.330452 9.113856 0.233058 -0.071828 6.513983 -0.003516
15.761029 18.412264 1.528277 1.688298 97.141487 9.321835 0.234264 -0.142796 6.556057 -0.003199
15.878030 18.387373 1.333815 1.414287 97.885818 9.515202 0.238205 -0.185062 6.587895 -0.003304
16.011030 18.336815 1.138755 1.108100 98.742233 9.737855 0.248096 -0.205788 6.618346 -0.007123
16.127033 18.281162 1.000063 0.868306 99.486259 9.934007 0.257874 -0.208579 6.644200 -0.008698
16.263033 18.206133 0.890720 0.581707 100.342133 10.163666 0.269611 -0.207402 6.676112 -0.010452
16.378033 18.133068 0.860123 0.343237 101.110435 10.371503 0.280420 -0.209663 6.697484 -0.009650
16.511034 18.064383 0.873714 0.120500 101.972008 10.604961 0.292102 -0.217646 6.719651 -0.009226
16.637035 17.983437 0.938751 -0.061586 102.776505 10.825701 0.302361 -0.226254 6.738117 -0.011180
16.764036 17.883472 1.045627 -0.201293 103.615822 11.058871 0.310629 -0.226977 6.762690 -0.014540
16.878038 17.785677 1.151767 -0.310832 104.353317 11.264323 0.314350 -0.213352 6.781726 -0.015154
17.012039 17.682449 1.323332 -0.407976 105.236153 11.511802 0.314606 -0.176524 6.798416 -0.012131
17.128038 17.596603 1.516078 -0.472983 105.983299 11.722455 0.312779 -0.136963 6.818857 -0.013095
17.263037 17.504812 1.765449 -0.484672 106.864075 11.972113 0.309814 -0.094813 6.838649 -0.011485
17.378035 17.420691 1.980076 -0.464021 107.641052 12.191812 0.304327 -0.069347 6.845912 -0.013154
17.512035 17.335386 2.214248 -0.409887 108.511810 12.435952 0.293774 -0.048894 6.854078 -0.010883
17.630035 17.269814 2.410150 -0.348678 109.284378 12.651950 0.283149 -0.028883 6.858460 -0.008977
17.752037 17.217348 2.611837 -0.279316 110.104340 12.881107 0.269628 0.001175 6.869075 -0.007343
17.879036 17.168423 2.780005 -0.092968 110.950935 13.118361 0.255960 0.040336 6.867519 -0.007834
18.012033 17.119289 2.902037 0.096451 111.832603 13.364362 0.242754 0.085981 6.888680 -0.007331
18.131031 17.082487 2.975051 0.230855 112.596138 13.577422 0.233324 0.128017 6.897994 -0.006523
18.262030 17.031237 3.015634 0.474088 113.486969 13.827953 0.223113 0.175334 6.909210 -0.009073
18.379032 16.983475 2.992220 0.700432 114.257561 14.046362 0.216856 0.213456 6.905705 -0.008755
18.513035 16.929300 2.936849 0.925874 115.147629 14.298853 0.212843 0.247631 6.898451 -0.007382
18.629038 16.893013 2.858344 1.063718 115.923805 14.518545 0.213345 0.267819 6.895150 -0.005279
18.763037 16.856413 2.728309 1.200320 116.806450 14.768251 0.218660 0.278600 6.896259 -0.006536
18.880037 16.827593 2.590224 1.294882 117.596291 14.991308 0.226120 0.274245 6.894934 -0.003112
19.013039 16.813986 2.407305 1.391277 118.472046 15.238747 0.238503 0.246159 6.893548 -0.001653
19.130039 16.810301 2.217929 1.456153 119.241165 15.456789 0.252727 0.196670 6.889386 -0.000743
19.263041 16.814711 1.960754 1.512445 120.128494 15.709521 0.268335 0.111722 6.885241 0.000937
19.380041 16.834347 1.737967 1.552550 120.896362 15.928051 0.281086 0.026781 6.877999 0.002179
19.513042 16.847998 1.481051 1.501835 121.777245 16.178354 0.294610 -0.066602 6.891066 0.001607
19.630043 16.867758 1.251801 1.411687 122.559715 16.401918 0.304761 -0.131034 6.903202 0.003560
19.763046 16.896519 1.004234 1.334849 123.442543 16.656666 0.313077 -0.174808 6.918065 0.004301
19.880049 16.929127 0.819623 1.259408 124.220871 16.882423 0.318001 -0.187284 6.931394 0.005058
20.014050 16.954920 0.629186 1.159732 125.107254 17.141430 0.320632 -0.176770 6.951224 0.002681
20.131050 16.969620 0.471576 1.022496 125.909210 17.376955 0.321142 -0.154213 6.974957 0.001891
20.264053 16.985252 0.351733 0.862363 126.780373 17.634367 0.318459 -0.126741 6.994751 0.002625
20.381056 17.022465 0.285442 0.697804 127.566566 17.866076 0.312926 -0.108229 7.009594 0.006490
20.514057 17.069248 0.282004 0.486556 128.468842 18.131634 0.304243 -0.094163 7.028703 0.006415
20.631060 17.110010 0.345982 0.311559 129.257019 18.364223 0.297445 -0.079361 7.022747 0.006162
20.764063 17.149612 0.470140 0.040555 130.152954 18.627785 0.290646 -0.050547 7.017149 0.005795
20.881063 17.186884 0.640726 -0.196034 130.940689 18.859890 0.283519 -0.016357 7.017429 0.005353
21.014065 17.215466 0.868442 -0.478074 131.835770 19.123447 0.278361 0.019377 7.017671 0.003252
21.132065 17.233334 1.074424 -0.714994 132.615875 19.354910 0.275375 0.035234 7.011572 0.003794
21.265068 17.255184 1.301847 -0.936393 133.521744 19.624186 0.274360 0.029622 6.993878 0.002749
21.382069 17.267473 1.492407 -1.129557 134.292725 19.852671 0.273267 0.007805 6.986943 0.002086
21.515070 17.269312 1.697052 -1.296069 135.191040 20.118523 0.268044 -0.025239 6.988391 -0.000003
21.632072 17.264107 1.846712 -1.387773 135.981918 20.352299 0.263137 -0.047674 6.992056 -0.000396
21.766075 17.250381 1.993060 -1.517477 136.873001 20.616316 0.255999 -0.054564 6.989591 -0.000819
21.882078 17.249714 2.080519 -1.668595 137.650146 20.846144 0.247863 -0.043922 6.986309 0.001336
22.015081 17.256662 2.141618 -1.851182 138.540390 21.111284 0.235614 -0.025488 6.983485 0.000631
22.132084 17.246246 2.153146 -1.995198 139.329895 21.347290 0.225427 -0.015774 6.977622 -0.001636
22.265085 17.219004 2.115929 -2.177324 140.219101 21.613316 0.214310 -0.018780 6.975270 -0.004695
22.383087 17.181414 2.016704 -2.365027 140.994202 21.843916 0.205479 -0.025296 6.975123 -0.004702
22.515087 17.151894 1.863839 -2.508924 141.889465 22.111687 0.196918 -0.023836 6.967837 -0.002095
22.632088 17.131916 1.706859 -2.542613 142.676895 22.348806 0.193099 -0.009692 6.966235 -0.003613
22.766088 17.100922 1.532354 -2.478634 143.564514 22.613888 0.193433 0.014939 6.963266 -0.005489
22.883091 17.058792 1.382290 -2.400002 144.339630 22.843748 0.196097 0.036074 6.977877 -0.007361
23.016094 17.004454 1.239227 -2.244520 145.229477 23.108438 0.203157 0.055496 6.975860 -0.007297
23.133097 16.961819 1.133887 -2.055700 146.012329 23.342306 0.210941 0.069780 6.985814 -0.006346
23.266100 16.917458 1.052896 -1.798504 146.909180 23.612232 0.220309 0.083087 6.986390 -0.007270
23.384102 16.876940 1.023226 -1.600924 147.684784 23.845387 0.227526 0.091300 6.982165 -0.006320
23.517105 16.824707 1.059055 -1.261444 148.574127 24.112417 0.234846 0.095795 6.981153 -0.008375
23.633108 16.770596 1.134151 -0.929080 149.362030 24.348923 0.242617 0.098948 6.968651 -0.008365
23.751110 16.723408 1.249172 -0.578261 150.135376 24.580168 0.249750 0.103618 6.951601 -0.007378
23.883112 16.674507 1.430201 -0.172063 151.026047 24.846384 0.254170 0.112590 6.927771 -0.008467
24.017115 16.634151 1.663452 0.250333 151.906921 25.109674 0.255655 0.123551 6.899716 -0.005931
24.134117 16.609314 1.882434 0.583542 152.678833 25.339880 0.254412 0.129014 6.877280 -0.004350
24.251118 16.590557 2.095298 0.875341 153.442154 25.567202 0.248597 0.125444 6.855106 -0.004311
24.385117 16.574852 2.320306 1.173525 154.319107 25.828430 0.237213 0.102047 6.807645 -0.003359
24.501118 16.577423 2.492966 1.442587 155.086060 26.056633 0.225094 0.063232 6.766425 -0.000631
24.634119 16.599817 2.653735 1.767891 155.937607 26.312185 0.209448 0.010684 6.707915 0.001612
24.751122 16.628954 2.762850 2.053602 156.684540 26.537739 0.194318 -0.028517 6.645839 0.002625
24.884125 16.680384 2.808949 2.265917 157.527832 26.792747 0.179128 -0.054018 6.605266 0.007041
25.001127 16.746868 2.770704 2.404376 158.264984 27.017492 0.167990 -0.065223 6.571479 0.010890
25.134130 16.836367 2.630794 2.501691 159.103638 27.275747 0.158847 -0.085240 6.529183 0.011104
25.252132 16.920948 2.428117 2.592499 159.824631 27.500641 0.154317 -0.117646 6.500044 0.012363
25.385136 17.028231 2.149193 2.652340 160.653595 27.761162 0.155094 -0.163612 6.472347 0.014453
25.501137 17.129896 1.861237 2.620298 161.375183 27.987650 0.160317 -0.193338 6.460741 0.016776
25.635139 17.277802 1.480750 2.607154 162.199539 28.248465 0.170591 -0.200371 6.445178 0.022134
25.752142 17.431955 1.146693 2.584101 162.911407 28.474989 0.182117 -0.188157 6.436972 0.023312
25.885143 17.627205 0.783860 2.472819 163.733521 28.736813 0.197523 -0.168665 6.435928 0.028106
26.002146 17.826271 0.467843 2.360250 164.451584 28.965055 0.210861 -0.155706 6.439763 0.029930
26.135149 18.056845 0.167516 2.186766 165.267776 29.226036 0.224381 -0.145563 6.449349 0.030166
26.252151 18.258219 -0.037319 1.954321 165.980453 29.454515 0.233943 -0.139933 6.453421 0.030568
26.386154 18.510286 -0.222826 1.662465 166.796494 29.717556 0.241781 -0.136630 6.448415 0.035119
26.502157 18.751530 -0.326251 1.422533 167.520416 29.953272 0.243726 -0.136639 6.448964 0.036228
26.636160 19.026091 -0.381101 1.125443 168.334030 30.221922 0.241294 -0.133732 6.436046 0.035885
26.752163 19.267151 -0.378133 0.833688 169.041870 30.457146 0.235873 -0.115850 6.421638 0.036911
26.886166 19.562859 -0.315030 0.476270 169.857193 30.728392 0.224804 -0.060033 6.399031 0.039495
27.002167 19.847780 -0.215021 0.133099 170.571243 30.967016 0.212949 0.022052 6.369623 0.043602
27.136168 20.190485 -0.059856 -0.186364 171.364716 31.233492 0.197742 0.134017 6.322530 0.046669
27.253168 20.503366 0.101574 -0.450899 172.063095 31.468904 0.183532 0.227056 6.281324 0.047068
27.387171 20.870293 0.296512 -0.736273 172.850967 31.736685 0.165007 0.301621 6.237835 0.049789
27.503174 21.217989 0.468271 -0.935481 173.538757 31.972393 0.148076 0.332904 6.195117 0.053646
27.636177 21.642984 0.629797 -1.124675 174.319427 32.241146 0.131235 0.337039 6.135891 0.056621
27.754179 22.038122 0.705608 -1.215644 174.988800 32.474709 0.119830 0.319050 6.091877 0.060929
27.887182 22.516911 0.758587 -1.271046 175.754623 32.744102 0.108873 0.279902 6.034972 0.063194
28.004185 22.947092 0.773192 -1.345986 176.423752 32.980412 0.101859 0.231714 5.998011 0.064566
28.137188 23.447346 0.737420 -1.433501 177.172058 33.247589 0.097310 0.174474 5.956093 0.067265
28.254190 23.903711 0.670966 -1.408218 177.819382 33.481743 0.096986 0.136305 5.919062 0.069850
28.387192 24.443810 0.547615 -1.316405 178.555832 33.750675 0.099778 0.115228 5.880661 0.073362
28.503193 24.957794 0.399967 -1.179063 179.204956 33.991146 0.104327 0.109385 5.853934 0.078221
28.637194 25.564222 0.210890 -0.936462 179.931580 34.264469 0.110584 0.096301 5.827030 0.079709
28.754196 26.104591 0.048812 -0.631784 180.561493 34.505611 0.115648 0.063226 5.808780 0.082049
28.887199 26.744577 -0.139354 -0.242573 181.279816 34.784031 0.121024 -0.006588 5.784531 0.085985
29.004202 27.333803 -0.311309 0.172933 181.913681 35.034542 0.124092 -0.089329 5.771615 0.089852
29.137205 28.034571 -0.467009 0.679864 182.625046 35.319820 0.123289 -0.189073 5.757025 0.094997
29.255205 28.675604 -0.559458 1.159034 183.242294 35.572044 0.119305 -0.263578 5.746519 0.098779
29.388206 29.435642 -0.600286 1.759646 183.951462 35.868401 0.113287 -0.314094 5.721758 0.100663
29.504208 30.117384 -0.575115 2.303346 184.571869 36.131527 0.104944 -0.318698 5.703548 0.102131
29.638210 30.893906 -0.479106 2.959362 185.266403 36.431007 0.091734 -0.281191 5.677613 0.103231
29.755211 31.567438 -0.335607 3.509921 185.867844 36.693542 0.077666 -0.225254 5.641463 0.101231
29.889214 32.332047 -0.104805 4.122422 186.549210 36.997993 0.060227 -0.155785 5.589503 0.099234
30.005217 33.019188 0.128798 4.650046 187.146454 37.270458 0.042817 -0.104054 5.541219 0.103759
30.138220 33.822113 0.437916 5.175748 187.811493 37.577759 0.024262 -0.067144 5.483058 0.106097
30.255220 34.539776 0.746470 5.538806 188.385513 37.845566 0.009580 -0.052890 5.439732 0.108536
30.388224 35.394337 1.119920 5.942445 189.039413 38.156731 -0.005647 -0.046801 5.381323 0.111710
30.505224 36.165981 1.438936 6.279201 189.611893 38.436081 -0.017381 -0.043471 5.332166 0.112307
30.638226 37.020672 1.756878 6.611047 190.232361 38.748085 -0.028439 -0.035182 5.278965 0.113388
30.755228 37.794453 2.018701 6.864169 190.779846 39.028786 -0.038847 -0.023723 5.246727 0.114435
30.889229 38.693504 2.305642 7.103389 191.396881 39.350037 -0.049339 -0.002686 5.218400 0.117086
31.005232 39.498116 2.525848 7.288704 191.935287 39.634388 -0.058146 0.023236 5.190220 0.119063
31.139235 40.428699 2.748980 7.488397 192.542480 39.959370 -0.065131 0.058004 5.170030 0.122602
31.256237 41.266010 2.935464 7.708474 193.071732 40.248432 -0.067863 0.083978 5.139009 0.123527
31.390240 42.236183 3.133331 7.955531 193.668549 40.579834 -0.067689 0.097841 5.128483 0.128233
31.506243 43.128250 3.303358 8.252944 194.189926 40.874195 -0.064215 0.091851 5.112060 0.132108
31.639244 44.172863 3.481623 8.634884 194.783539 41.213810 -0.057944 0.069954 5.100235 0.133953
31.756245 45.094021 3.636032 8.976269 195.296494 41.509319 -0.051011 0.045026 5.102744 0.137004
31.889248 46.186653 3.801865 9.411693 195.888077 41.852295 -0.042300 0.016176 5.105393 0.139507
32.006248 47.153133 3.939671 9.837502 196.402863 42.154072 -0.035682 -0.007850 5.098504 0.139081
32.140244 48.251099 4.103344 10.364313 196.989883 42.501770 -0.028986 -0.031820 5.083625 0.138043
32.257233 49.199863 4.261727 10.838312 197.495972 42.803745 -0.024628 -0.044001 5.076982 0.136848
32.390228 50.274326 4.451239 11.477308 198.072144 43.151489 -0.021243 -0.042804 5.050572 0.133110
32.506226 51.209442 4.616624 12.106395 198.581116 43.460819 -0.018867 -0.025783 5.044566 0.130250
32.640217 52.245033 4.798672 12.878798 199.149292 43.806282 -0.015754 0.008178 5.032736 0.126555
32.758209 53.151016 4.942923 13.637063 199.651443 44.112625 -0.012238 0.051087 5.020034 0.123388
32.891201 54.152298 5.090943 14.598066 200.219330 44.460804 -0.005588 0.111621 4.997770 0.117483
33.008194 55.003372 5.197546 15.404150 200.721390 44.767960 0.002934 0.169142 4.982269 0.112721
33.141186 55.932671 5.293775 16.310736 201.290436 45.117008 0.016586 0.228712 4.978488 0.108153
33.258179 56.715591 5.346400 17.154512 201.781784 45.418171 0.033460 0.262130 4.966995 0.104534
33.392170 57.579979 5.397646 18.156809 202.349319 45.765263 0.058538 0.273825 4.963631 0.097212
33.508163 58.284245 5.420725 19.064934 202.845963 46.067310 0.084992 0.259467 4.970928 0.089847
33.642155 59.041756 5.437865 20.078020 203.412247 46.408146 0.119701 0.217627 4.967290 0.084980
33.759144 59.687595 5.453629 21.010124 203.908615 46.707169 0.153261 0.164854 4.949026 0.082249
33.892136 60.384869 5.462029 22.033329 204.474091 47.045586 0.195773 0.091037 4.958366 0.076284
34.009125 60.958763 5.472812 22.871229 204.972580 47.341522 0.234820 0.019362 4.951645 0.071954
34.126122 61.507111 5.484292 23.683681 205.471115 47.636448 0.275677 -0.058436 4.951451 0.068823
34.259113 62.082199 5.483196 24.498686 206.038803 47.970264 0.323128 -0.152067 4.949527 0.062895
34.392105 62.614059 5.468548 25.166359 206.607758 48.302315 0.368077 -0.240529 4.951275 0.059284
34.509098 63.044353 5.457271 25.768753 207.107224 48.594662 0.406080 -0.297153 4.945027 0.053877
34.626091 63.437336 5.453949 26.350513 207.607468 48.887272 0.442131 -0.321297 4.960297 0.047909
34.760078 63.838120 5.466614 26.946894 208.181961 49.221619 0.481252 -0.305014 4.967695 0.043125
34.876072 64.146561 5.478502 27.350826 208.689285 49.514744 0.512002 -0.262331 4.967019 0.038422
35.009064 64.441063 5.480923 27.742590 209.257355 49.842876 0.543693 -0.203557 4.973946 0.031232
35.126053 64.661346 5.456331 28.051815 209.761658 50.134037 0.569795 -0.151787 4.971928 0.026281
35.260040 64.866386 5.405175 28.361425 210.334488 50.465744 0.596667 -0.097651 4.981576 0.020244
35.376030 65.001999 5.349679 28.569410 210.838913 50.758053 0.619608 -0.051465 4.981381 0.015579
35.510017 65.117241 5.266647 28.723890 211.411407 51.091053 0.642978 0.000828 4.978897 0.010556
35.627007 65.171562 5.182060 28.769154 211.914093 51.384418 0.662136 0.045059 4.969361 0.004852
35.759998 65.184853 5.071020 28.677923 212.487625 51.721130 0.683025 0.083270 4.956816 0.001924
35.876995 65.171883 4.945245 28.558718 212.983658 52.017639 0.700113 0.094192 4.934955 -0.001709
36.009983 65.129738 4.762673 28.387054 213.544815 52.356647 0.721118 0.070534 4.927290 -0.006693
36.126972 65.053787 4.594533 28.061268 214.031982 52.654442 0.738847 0.021330 4.918229 -0.008679
36.259960 64.925415 4.358289 27.586857 214.592941 53.000916 0.760316 -0.046387 4.922944 -0.014018
36.376949 64.788795 4.109323 27.053093 215.076965 53.304409 0.778941 -0.089392 4.922655 -0.016052
36.510937 64.592720 3.813272 26.298363 215.632660 53.659679 0.799842 -0.100033 4.917082 -0.020030
36.627926 64.400742 3.559216 25.519735 216.114624 53.975113 0.816371 -0.073686 4.922853 -0.023459
36.760914 64.171669 3.235935 24.557245 216.657639 54.340157 0.834772 -0.020512 4.921050 -0.022794
36.877903 63.947464 2.942597 23.615816 217.132721 54.667122 0.848324 0.024962 4.931675 -0.028229
37.010891 63.657604 2.613248 22.322056 217.670242 55.045712 0.860827 0.058500 4.948983 -0.032034
37.127880 63.375584 2.337140 21.021570 218.139267 55.385635 0.867622 0.067834 4.951516 -0.035351
37.260868 63.024555 2.022251 19.524723 218.666626 55.781521 0.870163 0.067063 4.968731 -0.041389
37.377857 62.697701 1.733147 18.168886 219.126434 56.137691 0.868053 0.069756 4.979090 -0.042730
37.510845 62.305828 1.401166 16.471863 219.647308 56.554825 0.860145 0.088586 4.983085 -0.046872
37.627834 61.940350 1.111158 14.940209 220.092194 56.924938 0.846804 0.119699 4.994353 -0.051428
37.761822 61.498772 0.727996 13.094077 220.599365 57.363670 0.823651 0.163925 5.014498 -0.056273
37.877815 61.075954 0.385894 11.358012 221.037277 57.756954 0.798045 0.198163 5.040156 -0.062515
38.011803 60.563740 -0.034293 9.200591 221.528442 58.215279 0.765001 0.220251 5.056441 -0.068426
38.128792 60.097824 -0.436186 7.222159 221.953568 58.629139 0.733240 0.221029 5.085354 -0.072620
38.261780 59.545181 -0.897493 4.836053 222.430176 59.111210 0.692851 0.201173 5.104824 -0.078872
38.378769 59.035046 -1.339508 2.720252 222.840195 59.547417 0.655341 0.167795 5.125312 -0.084435
38.511757 58.440430 -1.878301 0.275194 223.299484 60.060719 0.610150 0.115177 5.146987 -0.087230
38.628750 57.917423 -2.365216 -1.855118 223.685974 60.517509 0.568337 0.061482 5.165518 -0.093597
38.762737 57.296265 -2.918354 -4.318394 224.121140 61.058411 0.520579 -0.000158 5.191294 -0.097262
38.878727 56.760151 -3.397477 -6.382152 224.487061 61.538967 0.479259 -0.046692 5.216048 -0.099078
39.012714 56.144020 -3.936543 -8.688865 224.897766 62.107075 0.432273 -0.090852 5.241478 -0.100480
39.128704 55.621086 -4.377286 -10.614347 225.242447 62.609749 0.393638 -0.125853 5.260614 -0.099965
39.262691 55.008564 -4.839086 -12.725819 225.627441 63.202255 0.351184 -0.166217 5.281961 -0.100920
39.378681 54.492008 -5.180084 -14.311664 225.951965 63.729214 0.313633 -0.196725 5.294111 -0.096319
39.512669 53.918945 -5.464931 -15.874243 226.306595 64.338524 0.273254 -0.216627 5.306835 -0.093031
39.629658 53.431683 -5.610217 -17.002895 226.607727 64.880974 0.238701 -0.217240 5.298127 -0.086028
39.762646 52.913486 -5.600339 -17.898117 226.938400 65.502518 0.199712 -0.207071 5.286301 -0.074083
39.879635 52.499645 -5.418674 -18.348581 227.220612 66.051071 0.166360 -0.197923 5.258745 -0.063281
40.012623 52.089149 -5.008933 -18.371237 227.535324 66.678619 0.128652 -0.190846 5.225990 -0.047120
40.129612 51.801548 -4.467305 -17.982845 227.802399 67.223907 0.097097 -0.182902 5.169793 -0.032726
40.263599 51.571594 -3.666347 -17.160690 228.099594 67.837158 0.063272 -0.158888 5.098268 -0.016831
40.379589 51.458801 -2.828033 -16.069630 228.357437 68.370407 0.034125 -0.120347 5.037236 -0.002049
40.513580 51.443577 -1.775608 -14.502951 228.649704 68.966385 0.000695 -0.058684 4.966927 0.013425
40.629574 51.558926 -0.813833 -12.831731 228.906601 69.482918 -0.028600 0.005616 4.904907 0.027498
40.763561 51.809895 0.251044 -10.601903 229.200958 70.060867 -0.058296 0.086715 4.857863 0.038613
40.880550 52.135841 1.160499 -8.456912 229.464676 70.562706 -0.081296 0.156696 4.838450 0.048878
41.013538 52.638832 2.126168 -5.855114 229.775284 71.129745 -0.103865 0.223761 4.822140 0.061036
41.130527 53.175373 2.861355 -3.473533 230.053955 71.614006 -0.118728 0.254263 4.814518 0.068479
41.263515 53.887112 3.551604 -0.572714 230.387878 72.167824 -0.124556 0.247465 4.838663 0.073927
41.380505 54.569935 3.991502 2.013510 230.689880 72.644157 -0.119515 0.206246 4.883765 0.078599
41.514492 55.412521 4.315126 4.986618 231.054947 73.193001 -0.101497 0.131446 4.952782 0.081478
41.630486 56.141678 4.443127 7.470713 231.385757 73.667450 -0.071991 0.064006 5.015441 0.080295
41.764473 56.992237 4.419021 10.258904 231.786713 74.215454 -0.023984 0.000320 5.115231 0.084746
41.881462 57.746307 4.263587 12.538920 232.153275 74.695068 0.029484 -0.030054 5.193844 0.087357
42.014450 58.598099 3.963266 14.848278 232.591965 75.245232 0.101418 -0.035089 5.294574 0.090731
42.131443 59.334618 3.613036 16.642368 232.993851 75.730652 0.173617 -0.017816 5.375560 0.091696
42.264431 60.109833 3.164757 18.310558 233.457443 76.270538 0.256542 0.015238 5.474633 0.089561
42.381420 60.767887 2.733958 19.528831 233.884750 76.754318 0.330596 0.050505 5.548005 0.087216
42.515408 61.480076 2.261496 20.660353 234.388489 77.312439 0.410056 0.088698 5.653937 0.084655
42.631401 62.059994 1.908265 21.380808 234.838394 77.803574 0.471722 0.107121 5.718797 0.081068
42.765392 62.674397 1.579713 21.926218 235.359421 78.365273 0.530161 0.096009 5.789143 0.075947
42.881382 63.172878 1.388002 22.132618 235.820923 78.856834 0.567316 0.052782 5.827291 0.071189
43.015373 63.693050 1.276947 22.090641 236.362106 79.427063 0.593590 -0.025941 5.889213 0.065715
43.131367 64.109459 1.275964 21.834070 236.843491 79.931770 0.601631 -0.100620 5.922369 0.059686
43.265354 64.519974 1.377851 21.332190 237.385162 80.497047 0.595522 -0.173493 5.933397 0.053140
43.381344 64.827980 1.552130 20.705299 237.867386 80.996719 0.580201 -0.221437 5.933845 0.045625
43.515331 65.119347 1.835189 19.821758 238.418396 81.567078 0.553382 -0.258563 5.909225 0.038376
43.632320 65.332497 2.136071 18.937790 238.893860 82.058640 0.523822 -0.270438 5.885650 0.034820
43.765308 65.534157 2.545129 17.853884 239.438187 82.622520 0.488903 -0.252644 5.822722 0.029338
43.882298 65.664833 2.904629 16.850620 239.904572 83.107803 0.460841 -0.208220 5.783163 0.025252
44.015285 65.770836 3.299026 15.583255 240.437820 83.663597 0.434558 -0.131040 5.723542 0.021015
44.132275 65.828194 3.612289 14.400480 240.897522 84.146149 0.418886 -0.053552 5.676074 0.017473
44.266262 65.837357 3.904898 13.049736 241.415100 84.693100 0.412363 0.033905 5.652341 0.009687
44.382252 65.800468 4.077768 11.865869 241.865768 85.173317 0.414164 0.100121 5.615312 0.004948
44.517242 65.728638 4.160425 10.526722 242.372177 85.717880 0.423020 0.153171 5.584192 0.001212
44.632233 65.635818 4.127319 9.376804 242.813538 86.197342 0.436796 0.176613 5.564523 -0.002099
44.766224 65.512436 3.970155 8.159535 243.309525 86.745308 0.457442 0.187013 5.553347 -0.006620
44.883213 65.382820 3.759368 7.165972 243.743820 87.228477 0.478060 0.197059 5.554725 -0.011671
45.016205 65.206131 3.420670 6.120131 244.233673 87.782257 0.498382 0.222114 5.569778 -0.016754
45.133194 65.022316 3.033944 5.235804 244.668457 88.277786 0.511540 0.250229 5.601065 -0.023750
45.250183 64.795547 2.581671 4.439839 245.095337 88.769798 0.518565 0.267568 5.626034 -0.030935
45.383171 64.492348 1.995827 3.622684 245.582275 89.341393 0.520140 0.256230 5.662578 -0.037870
45.500160 64.185310 1.442153 2.953140 246.008041 89.853004 0.514894 0.213602 5.708552 -0.046231
45.633148 63.785614 0.783344 2.224050 246.494400 90.448189 0.499923 0.138116 5.762220 -0.053914
45.750137 63.407509 0.198095 1.635378 246.913132 90.971458 0.478520 0.057772 5.791042 -0.058942
45.884125 62.926334 -0.448064 1.107022 247.393951 91.585693 0.448624 -0.044089 5.842244 -0.067696
46.000118 62.449951 -0.960888 0.691040 247.812363 92.129387 0.420329 -0.134847 5.877579 -0.074174
46.134109 61.861340 -1.480225 0.187726 248.288940 92.760666 0.388413 -0.226609 5.916032 -0.079125
46.250099 61.329525 -1.835127 -0.293977 248.699036 93.313278 0.365174 -0.280981 5.943327 -0.084822
46.384087 60.681942 -2.117330 -0.814685 249.164764 93.954575 0.344831 -0.303606 5.969669 -0.088342
46.501076 60.089649 -2.251681 -1.254789 249.568893 94.525650 0.333459 -0.285024 5.986113 -0.092360
46.634064 59.384022 -2.285721 -1.770988 250.023087 95.181328 0.327526 -0.229563 6.004215 -0.097641
46.751053 58.732208 -2.234993 -2.193048 250.417343 95.763855 0.327016 -0.163471 6.019132 -0.100812
46.884041 57.979019 -2.091987 -2.642318 250.864334 96.436157 0.330251 -0.088557 6.030455 -0.101904
47.001030 57.304932 -1.922936 -3.061149 251.249268 97.020477 0.336760 -0.036873 6.033172 -0.103938
47.134018 56.511246 -1.688619 -3.465090 251.687866 97.699219 0.346039 -0.002825 6.031929 -0.104526
47.251007 55.822426 -1.457116 -3.824553 252.068954 98.293594 0.354192 0.009292 6.033593 -0.105160
47.383995 55.036690 -1.184820 -4.210479 252.500275 98.970879 0.361491 0.012802 6.035824 -0.102329
47.500984 54.362110 -0.960135 -4.534350 252.877075 99.568741 0.364097 0.018205 6.044051 -0.100582
47.634972 53.612236 -0.753206 -4.834729 253.304214 100.250511 0.362106 0.031165 6.046024 -0.098827
47.751961 52.969208 -0.615860 -5.060264 253.678421 100.850922 0.355404 0.046720 6.044928 -0.095002
47.885948 52.244934 -0.513928 -5.277315 254.106232 101.538200 0.341621 0.066081 6.034907 -0.094321
48.001938 51.638908 -0.476501 -5.405817 254.474716 102.132782 0.327452 0.081446 6.024967 -0.089664
48.134930 50.965061 -0.471587 -5.514037 254.899246 102.818954 0.306969 0.098350 6.015718 -0.086580
48.251919 50.396889 -0.510309 -5.577080 255.265839 103.411736 0.287577 0.111593 6.003653 -0.084588
48.384911 49.789688 -0.582534 -5.536304 255.687637 104.094429 0.266220 0.120970 5.978703 -0.076496
48.501900 49.296444 -0.675378 -5.448548 256.055298 104.687294 0.249735 0.118426 5.952917 -0.071524
48.635887 48.763973 -0.824737 -5.296428 256.472351 105.358170 0.236438 0.099326 5.926812 -0.068257
48.751881 48.313332 -0.970751 -5.104927 256.838959 105.945152 0.230424 0.071674 5.905895 -0.064719
48.886871 47.840473 -1.109678 -4.821019 257.252808 106.610435 0.232569 0.039399 5.879485 -0.057561
49.002861 47.468586 -1.213169 -4.562150 257.616394 107.193130 0.239408 0.018745 5.862131 -0.052466
49.135853 47.103069 -1.303954 -4.272335 258.030304 107.851990 0.251465 0.008058 5.842179 -0.042890
49.252842 46.842358 -1.340814 -4.002822 258.395386 108.428169 0.264351 0.002543 5.820423 -0.035416
49.385834 46.578590 -1.307244 -3.757624 258.814575 109.083923 0.277432 -0.008257 5.798942 -0.031220
49.502823 46.370625 -1.243829 -3.581239 259.181519 109.652611 0.284065 -0.027002 5.771095 -0.028940
49.635811 46.166573 -1.124902 -3.377257 259.598236 110.295555 0.284579 -0.056089 5.753498 -0.024245
49.752800 46.025558 -0.994641 -3.251751 259.962738 110.854477 0.279614 -0.078699 5.749171 -0.018088
49.886787 45.915344 -0.819907 -3.201259 260.386688 111.497238 0.266559 -0.092776 5.747750 -0.013051
50.004780 45.842369 -0.637163 -3.210019 260.758453 112.057266 0.250460 -0.093084 5.741178 -0.008660
50.136768 45.802841 -0.412547 -3.259394 261.183716 112.690079 0.227252 -0.082330 5.734592 -0.001407
50.253757 45.803474 -0.202571 -3.293065 261.559753 113.245743 0.202100 -0.068909 5.737100 0.000858
50.386745 45.830654 0.052705 -3.290762 261.989258 113.876694 0.168397 -0.052353 5.737421 0.005677
50.504738 45.885056 0.297189 -3.301345 262.372650 114.433487 0.137589 -0.037161 5.723915 0.010221
50.638729 45.995335 0.562794 -3.290318 262.806702 115.057953 0.106395 -0.017470 5.719236 0.017875
50.754719 46.130959 0.774282 -3.295232 263.193420 115.611458 0.081764 0.004829 5.722471 0.022488
50.888710 46.316887 1.009519 -3.219515 263.630554 116.235634 0.059600 0.040255 5.735315 0.026354
51.004700 46.504353 1.186903 -3.102111 264.014160 116.779297 0.047306 0.078389 5.742411 0.028559
51.137688 46.742130 1.379845 -2.924133 264.462708 117.405846 0.041778 0.119703 5.758521 0.032059
51.254677 46.975540 1.547323 -2.744333 264.856232 117.947220 0.043014 0.135725 5.780355 0.035328
51.388664 47.264256 1.713436 -2.450643 265.315674 118.573441 0.051927 0.114647 5.804204 0.037293
51.504654 47.538700 1.839106 -2.111506 265.721466 119.120392 0.065724 0.061647 5.835885 0.040842
51.638641 47.883312 1.984586 -1.630935 266.190033 119.743744 0.086623 -0.016579 5.877755 0.044873
51.755630 48.204945 2.112630 -1.146117 266.609406 120.291794 0.107040 -0.078518 5.912732 0.045875
51.888618 48.588963 2.239845 -0.559366 267.096313 120.914101 0.129660 -0.127868 5.964274 0.049018
52.006611 48.942589 2.328290 0.016456 267.534210 121.462852 0.147731 -0.152656 6.024333 0.050803
52.138599 49.379658 2.416687 0.810836 268.044769 122.094879 0.164620 -0.166093 6.093940 0.053239
52.255592 49.772293 2.486507 1.582871 268.494751 122.644753 0.175598 -0.162687 6.148342 0.054298
52.388580 50.237999 2.541408 2.512679 269.024506 123.281654 0.183108 -0.134892 6.209131 0.056125
52.505573 50.655472 2.571648 3.303944 269.497314 123.839302 0.185979 -0.088389 6.276906 0.057787
52.639561 51.136467 2.604854 4.130310 270.045685 124.475334 0.186411 -0.020550 6.338562 0.058672
52.755550 51.561478 2.662183 4.817319 270.536255 125.036209 0.184171 0.036970 6.391700 0.058092
52.889538 52.028564 2.724083 5.490670 271.104218 125.674942 0.180580 0.090505 6.451934 0.056860
53.006527 52.436996 2.790516 6.004364 271.613037 126.236656 0.178901 0.126550 6.490832 0.057470
53.139515 52.904259 2.889650 6.599484 272.202911 126.880074 0.180141 0.164796 6.533418 0.057012
53.256508 53.305077 2.994228 7.000350 272.724640 127.440849 0.183812 0.200345 6.549738 0.056596
53.389496 53.750027 3.124239 7.463135 273.323517 128.074829 0.193249 0.237218 6.569512 0.055264
53.506489 54.138462 3.234944 7.802102 273.851135 128.625031 0.207119 0.251275 6.575402 0.055395
53.640480 54.582123 3.365874 8.189358 274.463562 129.258438 0.229558 0.233229 6.574928 0.054168
53.756470 54.954899 3.474538 8.479632 275.001923 129.808563 0.252110 0.188436 6.578363 0.053608
53.890457 55.371693 3.579431 8.802879 275.615417 130.430008 0.280479 0.122463 6.562371 0.051315
54.007446 55.726742 3.646199 9.080349 276.158173 130.973389 0.304927 0.068709 6.560130 0.049283
54.140434 56.106113 3.682397 9.345491 276.777588 131.585861 0.330897 0.014210 6.547038 0.046942
54.257423 56.417271 3.662069 9.562014 277.323730 132.122101 0.351308 -0.034753 6.541746 0.042409
54.390411 56.732624 3.583587 9.799757 277.946655 132.728958 0.372477 -0.099364 6.538141 0.037660
54.507404 56.984055 3.484658 10.101721 278.499237 133.267441 0.390442 -0.152965 6.542196 0.031503
54.624401 57.197395 3.370570 10.322580 279.049194 133.800262 0.406720 -0.188226 6.544821 0.029112
54.757389 57.412693 3.210922 10.488884 279.672241 134.399399 0.422010 -0.195980 6.553834 0.025968
54.874382 57.590244 3.042748 10.594901 280.225983 134.929260 0.431558 -0.182328 6.548346 0.024818
55.008377 57.768810 2.863127 10.665332 280.857697 135.530136 0.439045 -0.165527 6.563481 0.021148
55.124367 57.895771 2.708948 10.744946 281.415253 136.058441 0.444335 -0.164680 6.563480 0.016418
55.257355 58.004631 2.553342 10.778804 282.055573 136.661896 0.451156 -0.181931 6.566944 0.011705
55.374344 58.058529 2.421647 10.785393 282.615326 137.188126 0.457232 -0.205661 6.570661 0.004335
55.507332 58.075657 2.306296 10.744535 283.253662 137.786041 0.464153 -0.227962 6.573679 0.001700
55.624325 58.075413 2.252239 10.656077 283.816162 138.309967 0.472403 -0.234363 6.561568 -0.000564
55.758312 58.038979 2.215722 10.403846 284.456207 138.902664 0.483475 -0.218799 6.559434 -0.006284
55.874302 57.970554 2.203538 10.107124 285.018890 139.421600 0.493371 -0.182075 6.530374 -0.009484
56.008289 57.872944 2.192616 9.821430 285.654236 140.009918 0.503397 -0.116898 6.494774 -0.013075
56.125278 57.762016 2.200279 9.530265 286.211578 140.525482 0.511062 -0.045740 6.492871 -0.017524
56.258266 57.585819 2.210782 9.188528 286.843964 141.111801 0.520915 0.038001 6.474636 -0.024599
56.375256 57.398590 2.187545 8.865785 287.398254 141.626953 0.528064 0.102601 6.464600 -0.027962
56.508244 57.144581 2.146595 8.511506 288.030426 142.217087 0.534886 0.158762 6.449772 -0.034162
56.625237 56.892708 2.115690 8.158390 288.576569 142.727890 0.541106 0.192503 6.446507 -0.038772
56.759228 56.563904 2.071745 7.723490 289.206482 143.319061 0.547781 0.226559 6.446189 -0.041121
56.875217 56.252594 2.017370 7.330494 289.755096 143.836044 0.553558 0.260526 6.452057 -0.046333
57.009209 55.867802 1.933674 6.886519 290.378479 144.424713 0.559435 0.302113 6.446239 -0.050069
57.126198 55.508442 1.835457 6.529545 290.925873 144.943130 0.564364 0.330248 6.449449 -0.053994
57.259186 55.059296 1.697356 6.087849 291.547638 145.535492 0.565869 0.333434 6.460525 -0.059283
57.376175 54.627285 1.567974 5.618439 292.093811 146.058411 0.562780 0.305681 6.467963 -0.065020
57.509163 54.091301 1.431548 5.045216 292.713531 146.656097 0.556906 0.250004 6.475440 -0.070794
57.626152 53.592911 1.289616 4.568526 293.256866 147.184998 0.551755 0.193682 6.482933 -0.074776
57.759144 52.991531 1.103902 4.025882 293.878204 147.795380 0.545352 0.129376 6.508826 -0.078726
57.876133 52.446812 0.930676 3.498383 294.413849 148.328018 0.538130 0.073014 6.515113 -0.083237
58.009125 51.786030 0.704559 2.831949 295.030151 148.948517 0.531738 0.005236 6.535451 -0.086098
58.127113 51.184608 0.486177 2.198303 295.567688 149.495102 0.527268 -0.052091 6.560871 -0.090159
58.260105 50.461323 0.220267 1.475282 296.186218 150.130722 0.521629 -0.107028 6.580213 -0.095602
58.377094 49.826103 0.011775 0.890485 296.712006 150.676529 0.516553 -0.138028 6.600963 -0.097900
58.510082 49.062325 -0.237798 0.214218 297.320221 151.311829 0.511009 -0.155605 6.622597 -0.101138
58.627071 48.367710 -0.441318 -0.367848 297.854279 151.875351 0.508034 -0.155297 6.640194 -0.105988
58.760059 47.547691 -0.668482 -1.110607 298.461670 152.519073 0.505912 -0.142038 6.665719 -0.109970
58.877048 46.798103 -0.856903 -1.728275 298.993866 153.090302 0.502065 -0.124831 6.674542 -0.115124
59.010040 45.907848 -1.080765 -2.481922 299.600830 153.748734 0.493491 -0.109671 6.688076 -0.119650
59.127029 45.111599 -1.277640 -3.157531 300.129913 154.326187 0.483251 -0.101960 6.698641 -0.121580
59.260017 44.194553 -1.496853 -3.895116 300.730164 154.985001 0.468477 -0.092827 6.700821 -0.123348
59.377007 43.384605 -1.681213 -4.563201 301.256165 155.565002 0.454046 -0.080083 6.688213 -0.122765
59.510994 42.480999 -1.877195 -5.269328 301.849396 156.224823 0.436019 -0.066577 6.652530 -0.121460
59.626984 41.679424 -2.021248 -5.833765 302.365753 156.804871 0.419926 -0.068400 6.626989 -0.122865
59.760975 40.770302 -2.162485 -6.417772 302.947693 157.463104 0.399556 -0.094108 6.590786 -0.120767
59.877964 39.994026 -2.249604 -6.902084 303.454254 158.040359 0.382324 -0.131841 6.544870 -0.117616
60.010952 39.141277 -2.292374 -7.474220 304.022614 158.692749 0.364267 -0.175634 6.475603 -0.114102
