1.20 1.10 20 64
0.126000 0.007706 0.215593 -0.101079 0.937831 0.000387 -0.142538 -0.244448 6.762078 0.001825
0.259000 0.009785 0.889950 -0.248685 1.812270 0.001765 -0.094096 -0.078951 6.684209 -0.001773
0.392000 0.003936 1.928733 -0.353675 2.692968 0.004163 -0.005558 0.107598 6.571938 -0.000830
0.509000 0.001468 3.002980 -0.462371 3.452841 0.007024 0.086425 0.261977 6.439927 0.000079
0.626000 -0.005375 4.111947 -0.578164 4.197152 0.009336 0.177842 0.395101 6.316641 -0.000568
0.759000 -0.010789 5.334675 -0.709155 5.028823 0.011046 0.269158 0.516000 6.218077 0.001414
0.876000 0.001523 6.321979 -0.814169 5.752764 0.012133 0.330788 0.599958 6.171179 0.003863
1.009000 0.022187 7.317403 -0.894810 6.570637 0.012544 0.373633 0.671124 6.132789 0.004042
1.126000 0.053791 8.044424 -0.961942 7.288323 0.012569 0.385382 0.706541 6.140814 0.005843
1.259000 0.088272 8.658335 -1.072324 8.112234 0.012769 0.369482 0.708870 6.156319 0.006526
1.376000 0.121158 8.991307 -1.150335 8.834507 0.012910 0.334259 0.681372 6.186131 0.006997
1.510000 0.167703 9.144469 -1.215854 9.661400 0.013924 0.273979 0.627724 6.236269 0.007185
1.625999 0.207040 9.061268 -1.243282 10.387524 0.013005 0.210353 0.568421 6.277243 0.006602
1.759999 0.261272 8.713059 -1.251225 11.232656 0.011369 0.128136 0.483394 6.334768 0.007699
1.876999 0.314777 8.214452 -1.309910 11.977757 0.008252 0.056581 0.387428 6.393716 0.009699
2.009999 0.383551 7.455721 -1.307982 12.834090 0.003855 -0.014045 0.251180 6.476450 0.009725
2.125999 0.446945 6.696362 -1.308570 13.596388 -0.000666 -0.060592 0.110006 6.545875 0.009492
2.259999 0.523469 5.778444 -1.306899 14.473447 -0.006298 -0.089884 -0.062226 6.631623 0.009937
2.376999 0.580542 4.982790 -1.244449 15.253260 -0.010966 -0.091760 -0.212289 6.689842 0.006998
2.509999 0.643743 4.151392 -1.137500 16.149433 -0.014512 -0.063328 -0.366945 6.768008 0.007161
2.626998 0.703454 3.527463 -1.067926 16.944828 -0.018421 -0.015383 -0.482169 6.818173 0.009458
2.759998 0.781353 2.969187 -1.034409 17.861666 -0.024090 0.060533 -0.584624 6.857960 0.009694
2.876998 0.847035 2.631385 -1.006050 18.658340 -0.030937 0.134115 -0.648665 6.872497 0.009644
3.010998 0.919755 2.401726 -0.973109 19.580099 -0.038711 0.216192 -0.695591 6.884176 0.008662
3.126998 0.983627 2.321814 -0.920199 20.386829 -0.043782 0.277321 -0.718605 6.901033 0.009020
3.260998 1.064026 2.387150 -0.773298 21.307266 -0.046658 0.329498 -0.732071 6.930471 0.009674
3.376998 1.136137 2.561089 -0.572982 22.119705 -0.047737 0.356424 -0.734571 6.953280 0.009863
3.510998 1.224723 2.845110 -0.325932 23.046137 -0.048525 0.361033 -0.718152 6.976298 0.010069
3.627997 1.309283 3.142083 -0.051032 23.862909 -0.048153 0.340891 -0.672083 6.988117 0.011648
3.760997 1.429594 3.542745 0.342918 24.791914 -0.047209 0.294263 -0.571517 6.983241 0.012317
3.877997 1.538678 3.897189 0.731450 25.608133 -0.047057 0.237249 -0.438397 6.969764 0.012070
4.010997 1.654297 4.284745 1.154258 26.540512 -0.047353 0.158918 -0.242140 6.946892 0.010422
4.127997 1.761419 4.579068 1.524097 27.343966 -0.044977 0.087865 -0.044024 6.908404 0.011952
4.260998 1.892340 4.846741 1.912920 28.265371 -0.040738 0.011203 0.211963 6.850083 0.014127
4.377998 2.004589 5.002820 2.161414 29.063345 -0.036703 -0.046446 0.434465 6.800427 0.014264
4.511999 2.141053 5.092118 2.343046 29.962568 -0.033552 -0.094183 0.659466 6.735524 0.017481
4.629000 2.279657 5.078529 2.518939 30.746578 -0.030825 -0.115920 0.800027 6.678901 0.017293
4.762000 2.423978 4.971745 2.637178 31.628708 -0.027883 -0.115785 0.883393 6.599410 0.016937
4.879001 2.553509 4.823286 2.701546 32.396999 -0.024733 -0.096434 0.893229 6.544361 0.018786
5.012001 2.701806 4.592482 2.707924 33.264084 -0.023892 -0.055142 0.850641 6.496928 0.021374
5.129002 2.861157 4.364403 2.741763 34.022442 -0.021866 -0.006787 0.781690 6.467940 0.024838
5.262002 3.052697 4.084062 2.751144 34.885571 -0.017653 0.058845 0.678961 6.425493 0.025569
5.379003 3.221434 3.822569 2.746176 35.629227 -0.012211 0.116811 0.581649 6.400226 0.025508
5.512003 3.423791 3.504082 2.701889 36.485512 -0.005478 0.175469 0.463322 6.389310 0.027121
5.629004 3.597801 3.230106 2.663183 37.227417 0.002708 0.215799 0.354055 6.399483 0.025481
5.763004 3.796349 2.920724 2.659584 38.087627 0.014545 0.246329 0.207880 6.433785 0.025289
5.879004 3.969455 2.666188 2.633732 38.842701 0.027487 0.258717 0.062444 6.470427 0.026265
6.013005 4.168551 2.420867 2.562612 39.706394 0.043818 0.254700 -0.115104 6.514984 0.027643
6.129005 4.355453 2.251157 2.499084 40.470837 0.058707 0.236023 -0.259644 6.549640 0.029325
6.263006 4.578187 2.131513 2.448743 41.343651 0.079028 0.200039 -0.393050 6.573412 0.029481
6.380007 4.784796 2.092844 2.422350 42.113125 0.099474 0.160028 -0.471227 6.587129 0.031915
6.513007 5.031410 2.128228 2.371617 42.989407 0.123683 0.110987 -0.518593 6.590584 0.032075
6.630008 5.245061 2.217193 2.249621 43.759506 0.146507 0.069323 -0.531523 6.576081 0.033777
6.763008 5.497748 2.377981 2.095244 44.637836 0.174681 0.027702 -0.524625 6.545975 0.033466
6.880009 5.721945 2.555115 1.984560 45.394558 0.201666 0.001426 -0.507538 6.507477 0.035068
7.014009 5.995307 2.766673 1.861356 46.262455 0.233929 -0.015870 -0.476510 6.457686 0.036152
7.131010 6.243213 2.933874 1.760971 47.014805 0.262034 -0.017949 -0.439966 6.414537 0.038327
7.264010 6.520253 3.118282 1.599516 47.863327 0.296507 -0.008628 -0.388430 6.362609 0.038390
7.381011 6.770156 3.264954 1.444328 48.604256 0.328947 0.009182 -0.337957 6.320556 0.038713
7.514011 7.065238 3.395330 1.275103 49.439739 0.369749 0.037273 -0.277287 6.266525 0.041235
7.631012 7.344872 3.449021 1.218700 50.168697 0.409158 0.064749 -0.223714 6.226091 0.042347
7.764012 7.656811 3.446976 1.210315 50.992939 0.458230 0.094678 -0.164525 6.194844 0.041321
7.881013 7.942025 3.386645 1.222356 51.715603 0.504132 0.118559 -0.119364 6.182083 0.043752
8.014013 8.264827 3.251566 1.253729 52.542175 0.558128 0.138739 -0.074732 6.183147 0.040687
8.131014 8.545147 3.091554 1.324873 53.258354 0.607166 0.148968 -0.036425 6.189892 0.041273
8.265015 8.867164 2.847825 1.435902 54.086445 0.666338 0.152743 0.022087 6.203065 0.041612
8.381015 9.155396 2.585002 1.601097 54.811203 0.719714 0.148717 0.092181 6.221695 0.042524
8.515016 9.500738 2.249221 1.803814 55.637756 0.782614 0.136954 0.190336 6.244992 0.044939
8.631016 9.801711 1.936092 2.012710 56.367821 0.840855 0.121515 0.279481 6.269955 0.044013
8.765017 10.160115 1.591190 2.260484 57.199707 0.911332 0.100078 0.367901 6.283220 0.047536
8.882017 10.493182 1.315430 2.445287 57.933403 0.975036 0.081590 0.418149 6.297374 0.050519
9.015018 10.889498 1.071611 2.625320 58.768829 1.048557 0.062048 0.432811 6.315272 0.051440
9.132018 11.237029 0.932297 2.765265 59.505131 1.115520 0.049620 0.407733 6.315265 0.051490
9.265018 11.636571 0.879447 2.922978 60.347408 1.193936 0.044150 0.350292 6.311477 0.050412
9.382019 11.975129 0.932211 2.998989 61.074760 1.264354 0.047783 0.297254 6.285469 0.051026
9.515019 12.367819 1.082572 3.068396 61.909698 1.348822 0.058348 0.247805 6.246540 0.050154
9.632020 12.703058 1.266791 3.124839 62.635262 1.425317 0.071587 0.215373 6.221226 0.049770
9.766021 13.081065 1.513609 3.192432 63.454437 1.516180 0.089947 0.181624 6.176592 0.048391
9.882021 13.395454 1.758818 3.195529 64.171013 1.597258 0.107461 0.151373 6.151462 0.046211
10.016022 13.739415 2.036974 3.264335 64.981003 1.693249 0.123993 0.117028 6.124874 0.044186
10.133022 14.047197 2.272601 3.356038 65.691208 1.780903 0.133176 0.088816 6.107949 0.045757
10.266023 14.396685 2.547667 3.421025 66.495346 1.882468 0.136325 0.051845 6.080546 0.045962
10.383023 14.700369 2.762103 3.453933 67.199570 1.972723 0.133086 0.010818 6.058732 0.045044
10.516024 15.054198 2.969070 3.454053 67.996368 2.078260 0.122600 -0.045228 6.033786 0.046186
10.633024 15.370487 3.112345 3.420590 68.695267 2.173300 0.107730 -0.095322 6.027645 0.048387
10.767025 15.754774 3.231513 3.376905 69.493217 2.284772 0.087133 -0.149117 6.006483 0.051687
10.883025 16.104904 3.295831 3.305917 70.182114 2.383189 0.067881 -0.190402 5.991550 0.054176
11.017026 16.507004 3.317882 3.191980 70.974823 2.498955 0.049207 -0.231478 5.972778 0.053159
11.133026 16.851610 3.290640 3.083575 71.664780 2.603424 0.036683 -0.259226 5.959563 0.051979
11.267027 17.253185 3.216349 2.959635 72.447212 2.725005 0.027244 -0.281694 5.949018 0.053944
11.384027 17.615137 3.113783 2.890857 73.133286 2.835571 0.025813 -0.296248 5.934578 0.054612
11.517028 18.035402 2.986848 2.845081 73.910751 2.964019 0.030466 -0.306995 5.923332 0.056160
11.634028 18.422171 2.841868 2.913224 74.593094 3.079701 0.037092 -0.303789 5.910318 0.057986
11.767029 18.881929 2.683550 3.065526 75.367310 3.214165 0.051032 -0.268537 5.903910 0.061020
11.884029 19.297873 2.555901 3.251703 76.047440 3.335696 0.067652 -0.203761 5.901398 0.060832
12.001030 19.721434 2.437505 3.456633 76.726326 3.461008 0.086695 -0.112914 5.897837 0.062811
12.134030 20.203352 2.334831 3.737909 77.502113 3.607714 0.110677 -0.001633 5.886093 0.060312
12.251031 20.610889 2.259769 3.983109 78.171852 3.737119 0.129837 0.082767 5.879705 0.060465
12.384031 21.083441 2.210722 4.277499 78.944626 3.889802 0.147393 0.153698 5.874587 0.059925
12.501032 21.488503 2.198156 4.536762 79.611389 4.025260 0.157313 0.189712 5.860361 0.060261
12.635031 21.964344 2.242855 4.780104 80.385582 4.185279 0.163898 0.198787 5.859402 0.060676
12.751031 22.385412 2.297654 4.918666 81.049576 4.324368 0.165618 0.175058 5.839149 0.064071
12.885032 22.883682 2.371742 5.100402 81.812660 4.489044 0.160775 0.116441 5.816703 0.064535
13.002032 23.316544 2.444879 5.278071 82.470001 4.634684 0.152993 0.054412 5.794698 0.063899
13.135033 23.808901 2.558883 5.542427 83.220680 4.805350 0.142649 -0.003420 5.777536 0.062896
13.252032 24.253479 2.666769 5.819718 83.877869 4.957521 0.133605 -0.030148 5.750970 0.065017
13.385033 24.775755 2.796464 6.164958 84.625687 5.135169 0.124978 -0.037210 5.719930 0.066448
13.502033 25.232027 2.910694 6.485053 85.268372 5.293041 0.118552 -0.035044 5.693389 0.066771
13.635034 25.777399 3.028401 6.766348 86.007156 5.476589 0.115647 -0.035605 5.671510 0.070636
13.752034 26.269150 3.116812 6.975946 86.649124 5.637214 0.117320 -0.039748 5.648536 0.071703
13.886035 26.830564 3.208803 7.245739 87.375069 5.821615 0.123374 -0.041802 5.619814 0.072050
14.003035 27.346478 3.284539 7.452758 88.009407 5.987320 0.132565 -0.033215 5.594873 0.076004
14.136034 27.945051 3.361393 7.582172 88.725479 6.177692 0.146285 -0.004412 5.553603 0.079871
14.253035 28.487581 3.388804 7.650219 89.351318 6.347680 0.161203 0.036347 5.534616 0.079519
14.386034 29.116611 3.390325 7.731342 90.065086 6.544607 0.180147 0.088453 5.517433 0.082066
14.503035 29.665213 3.365282 7.815930 90.679848 6.718306 0.196578 0.122913 5.503121 0.082610
14.636035 30.303432 3.324257 7.879097 91.381241 6.922678 0.213499 0.139259 5.488778 0.084087
14.753036 30.876581 3.261545 7.962458 91.995781 7.108228 0.225532 0.133234 5.484042 0.085530
14.887035 31.545437 3.166800 8.045824 92.703560 7.325392 0.235172 0.112527 5.481697 0.086120
15.055035 32.005234 3.081316 8.074433 93.190681 7.477532 0.240209 0.095553 5.490865 0.085714
15.137035 32.771954 2.914120 8.114100 94.007530 7.735596 0.245158 0.067155 5.490444 0.085936
15.253035 33.363575 2.781075 8.124192 94.619278 7.932375 0.247226 0.044820 5.491957 0.088491
15.387035 34.032253 2.637437 8.146966 95.312729 8.160873 0.249157 0.017658 5.489763 0.087779
15.503036 34.622009 2.523439 8.168648 95.926697 8.367220 0.251634 -0.003746 5.488476 0.087542
15.637037 35.293446 2.425379 8.197514 96.616768 8.603431 0.254171 -0.017932 5.482556 0.088789
15.754037 35.881199 2.362782 8.231042 97.215462 8.813937 0.255939 -0.016823 5.465659 0.088923
15.887037 36.565102 2.295129 8.290374 97.903572 9.061495 0.258996 0.000387 5.454739 0.088865
16.008038 37.162914 2.247424 8.358057 98.516701 9.286744 0.264221 0.025487 5.435869 0.084644
16.126038 37.723000 2.215366 8.409005 99.111412 9.509380 0.269882 0.050907 5.419958 0.082452
16.272039 38.347527 2.175967 8.435443 99.787910 9.769789 0.277158 0.072174 5.404042 0.080260
16.388041 38.924618 2.169631 8.376877 100.434799 10.024361 0.284756 0.076851 5.381264 0.078395
16.504044 39.444843 2.157749 8.312251 101.018501 10.257869 0.291358 0.062789 5.366768 0.078762
16.638046 40.031940 2.137682 8.221629 101.677101 10.528292 0.300075 0.020413 5.345691 0.076304
16.755049 40.522072 2.122970 8.143154 102.256340 10.773531 0.308514 -0.039040 5.324426 0.070621
16.889051 41.040855 2.082501 8.075186 102.905296 11.055377 0.318028 -0.120702 5.317786 0.067245
17.006054 41.481274 2.031944 7.970669 103.473160 11.307262 0.326359 -0.185257 5.305221 0.067051
17.139057 41.981983 1.973215 7.800048 104.114868 11.599330 0.334599 -0.230633 5.299488 0.066047
17.256060 42.411964 1.916705 7.643607 104.676414 11.861692 0.342482 -0.242093 5.294311 0.065132
17.391062 42.895512 1.836544 7.496937 105.315018 12.168040 0.351268 -0.235078 5.282570 0.063068
17.509064 43.308777 1.731653 7.357830 105.865547 12.437088 0.356228 -0.224865 5.286104 0.063418
17.639067 43.779629 1.588825 7.140584 106.499634 12.752578 0.359878 -0.211339 5.281732 0.062329
17.756067 44.195339 1.477088 6.921805 107.054733 13.035891 0.361514 -0.189544 5.281559 0.062620
17.890070 44.657898 1.362312 6.692895 107.677406 13.361098 0.362108 -0.146383 5.281973 0.059426
18.008072 45.045063 1.244957 6.536979 108.216316 13.651446 0.362360 -0.098324 5.279536 0.058095
18.126070 45.431190 1.118166 6.339157 108.767097 13.954405 0.362083 -0.047288 5.282795 0.057792
18.253067 45.813595 0.994656 6.121453 109.323563 14.269535 0.361642 -0.001395 5.284576 0.054234
18.382069 46.213116 0.851744 5.902184 109.949051 14.634801 0.359874 0.044292 5.288440 0.049209
18.511070 46.560783 0.713655 5.677757 110.530479 14.983194 0.359049 0.085638 5.300990 0.046481
18.628073 46.873627 0.611122 5.420692 111.058960 15.307469 0.359239 0.121046 5.301599 0.047240
18.762075 47.227726 0.507512 5.066985 111.656105 15.681798 0.360039 0.156367 5.299841 0.046689
18.878078 47.531372 0.429084 4.743393 112.177933 16.017181 0.360310 0.183112 5.305293 0.044660
19.012081 47.867744 0.363811 4.331737 112.767784 16.404251 0.359646 0.213809 5.301327 0.046038
19.128084 48.168621 0.310735 4.007556 113.282417 16.750761 0.358468 0.243092 5.301140 0.044770
19.263086 48.506645 0.236132 3.642499 113.861359 17.151743 0.354922 0.275923 5.292969 0.044233
19.378086 48.806583 0.164496 3.313284 114.371017 17.513142 0.349235 0.299510 5.296626 0.045316
19.512087 49.140141 0.097583 2.943805 114.937271 17.923695 0.340986 0.316655 5.300636 0.042461
19.630087 49.420643 0.036909 2.566418 115.439659 18.297115 0.331293 0.322455 5.304291 0.042302
19.763090 49.728855 -0.036211 2.192380 115.995766 18.723152 0.318887 0.313927 5.309533 0.040315
19.878090 50.003414 -0.090631 1.937949 116.487900 19.111982 0.306686 0.284510 5.321801 0.040622
20.013090 50.306648 -0.132570 1.684384 117.037857 19.558605 0.291927 0.219034 5.332100 0.038878
20.129093 50.555832 -0.172205 1.447745 117.518066 19.958206 0.278926 0.136891 5.344193 0.035976
20.263096 50.823380 -0.220570 1.185116 118.059898 20.420639 0.264304 0.023632 5.365434 0.034111
20.379099 51.054932 -0.251337 0.975555 118.534187 20.834631 0.250407 -0.082715 5.394477 0.035470
20.513102 51.324997 -0.254221 0.784669 119.071442 21.312708 0.233702 -0.209308 5.415907 0.034856
20.629105 51.557598 -0.203612 0.670891 119.541542 21.740004 0.218614 -0.319284 5.437230 0.034431
20.763105 51.813061 -0.100792 0.567658 120.073357 22.231901 0.204287 -0.435253 5.457649 0.032569
20.879105 52.038925 0.037860 0.459351 120.543938 22.673363 0.193560 -0.512187 5.473499 0.033225
21.014107 52.287556 0.234369 0.377076 121.072556 23.177235 0.182013 -0.557440 5.498703 0.032235
21.130106 52.495609 0.408099 0.318425 121.535400 23.626194 0.174073 -0.555776 5.519504 0.030414
21.264105 52.735970 0.605638 0.291374 122.058777 24.143038 0.165102 -0.508055 5.536464 0.031447
21.380108 52.952709 0.769596 0.348690 122.517746 24.601896 0.158210 -0.434050 5.560247 0.032477
21.514111 53.195309 0.957273 0.443366 123.040833 25.127851 0.148988 -0.325007 5.592954 0.030215
21.630114 53.397358 1.122066 0.630206 123.501472 25.595119 0.139438 -0.224644 5.621031 0.028633
21.764116 53.611034 1.297684 0.892434 124.026161 26.131172 0.129097 -0.116268 5.653194 0.025592
21.881119 53.784359 1.444161 1.119249 124.488426 26.607170 0.119453 -0.029468 5.685034 0.025907
22.015120 53.994301 1.610717 1.392996 125.016594 27.151918 0.108760 0.071307 5.719229 0.026448
22.130119 54.178333 1.747657 1.664694 125.482872 27.634283 0.101665 0.165545 5.747728 0.024920
22.265118 54.371681 1.888872 2.040560 126.014534 28.186502 0.097346 0.278657 5.779964 0.023102
22.380117 54.525925 1.992086 2.343478 126.490799 28.678341 0.095185 0.368102 5.810778 0.019848
22.515116 54.682674 2.057672 2.721920 127.026665 29.229815 0.096002 0.440763 5.840087 0.018143
22.631119 54.822357 2.102906 3.149795 127.508728 29.725674 0.099863 0.470572 5.873526 0.018633
22.765121 54.968983 2.137259 3.730366 128.050980 30.282063 0.109758 0.467666 5.898917 0.015617
22.881124 55.084557 2.155847 4.300203 128.541214 30.779711 0.122945 0.441743 5.936735 0.011874
23.015127 55.182549 2.160668 4.952720 129.100830 31.341820 0.139729 0.397875 5.979635 0.007701
23.131128 55.252644 2.153931 5.541883 129.602951 31.841043 0.157534 0.351969 6.014899 0.005820
23.266129 55.318752 2.134047 6.239733 130.169830 32.400356 0.178931 0.292911 6.049507 0.004563
23.381126 55.356018 2.111367 6.815323 130.681885 32.900829 0.196994 0.234843 6.075940 0.001500
23.516125 55.378166 2.100121 7.391910 131.260605 33.459362 0.213644 0.169323 6.104455 -0.000866
23.633125 55.378998 2.108301 7.923520 131.783554 33.957024 0.226505 0.118682 6.123142 -0.004154
23.766127 55.347256 2.128706 8.462070 132.372940 34.512035 0.243038 0.070456 6.137006 -0.008114
23.882128 55.298435 2.166857 8.887484 132.903290 35.006569 0.257444 0.028156 6.149026 -0.010811
24.016130 55.200840 2.226199 9.265348 133.500473 35.558609 0.270990 -0.031034 6.164198 -0.016995
24.132132 55.086243 2.307957 9.549726 134.037460 36.051300 0.282922 -0.098468 6.177001 -0.019862
24.266134 54.938854 2.414817 9.785551 134.640457 36.600975 0.295084 -0.190641 6.186187 -0.022872
24.383137 54.770405 2.524984 9.915533 135.182251 37.091839 0.304116 -0.281462 6.192680 -0.027372
24.516140 54.546108 2.662326 9.994777 135.796997 37.642960 0.312874 -0.389117 6.215101 -0.031919
24.632141 54.317825 2.792959 10.032768 136.345001 38.130207 0.320746 -0.477786 6.212982 -0.035696
24.767141 54.030357 2.959502 10.047136 136.957626 38.675106 0.328471 -0.553124 6.215695 -0.039545
24.882139 53.738914 3.111421 9.953760 137.507019 39.160995 0.334217 -0.579768 6.220140 -0.044171
25.017141 53.377132 3.249750 9.749144 138.123428 39.704483 0.343240 -0.552635 6.233346 -0.048170
25.133141 53.035435 3.346920 9.512662 138.676331 40.190815 0.350979 -0.482241 6.248392 -0.050400
25.267141 52.604885 3.420870 9.296046 139.297272 40.735760 0.360412 -0.367359 6.273779 -0.057652
25.383142 52.183819 3.452558 9.080836 139.855087 41.225586 0.369213 -0.251836 6.302480 -0.062022
25.517145 51.676849 3.464298 8.823793 140.487213 41.778648 0.380020 -0.116676 6.328351 -0.066679
25.633148 51.202034 3.423842 8.572297 141.046814 42.266640 0.389654 0.001778 6.363046 -0.070864
25.767151 50.633404 3.323877 8.344604 141.685577 42.825035 0.399531 0.134497 6.391495 -0.074373
25.883154 50.115120 3.221759 8.087243 142.251572 43.318104 0.406587 0.237296 6.429962 -0.076659
26.018156 49.490284 3.072349 7.746544 142.897797 43.882397 0.411479 0.323825 6.464712 -0.080676
26.133154 48.903641 2.920764 7.437312 143.473618 44.386162 0.413531 0.363697 6.501114 -0.087113
26.268152 48.193523 2.762002 7.026056 144.122421 44.953964 0.415443 0.372345 6.554367 -0.094292
26.383152 47.523960 2.605961 6.581889 144.707642 45.463963 0.418392 0.360925 6.594955 -0.097309
26.518154 46.758499 2.410206 6.113095 145.366531 46.038601 0.420365 0.341955 6.645716 -0.100458
26.634157 46.052086 2.234367 5.698711 145.957993 46.557842 0.420148 0.325750 6.689342 -0.103607
26.751160 45.318325 2.064962 5.267810 146.543427 47.071880 0.419047 0.308919 6.731876 -0.110960
26.884163 44.437939 1.863269 4.691560 147.225296 47.667774 0.416613 0.279807 6.779356 -0.113406
27.001165 43.661343 1.691780 4.162825 147.819809 48.186031 0.413847 0.239319 6.811822 -0.116096
27.134169 42.747967 1.511837 3.462603 148.510086 48.787952 0.411551 0.173919 6.851904 -0.117589
27.251169 41.941490 1.389617 2.864634 149.110657 49.310616 0.410393 0.108838 6.872190 -0.120121
27.384169 40.982430 1.287130 2.122605 149.813385 49.918659 0.407494 0.040541 6.887726 -0.122814
27.502167 40.144550 1.233705 1.468961 150.414200 50.437241 0.402503 0.001207 6.912237 -0.125237
27.634165 39.154694 1.207162 0.654589 151.121887 51.045929 0.395697 -0.017966 6.915883 -0.127144
27.752165 38.291046 1.173107 -0.082578 151.733429 51.567608 0.389237 -0.018330 6.936419 -0.128291
27.885166 37.289051 1.129683 -0.925703 152.442734 52.170216 0.381618 -0.015950 6.947286 -0.129301
28.002169 36.415161 1.134690 -1.661404 153.059601 52.689663 0.375366 -0.021988 6.958090 -0.129818
28.135172 35.387810 1.166868 -2.622062 153.774811 53.287296 0.367908 -0.046910 6.950473 -0.132857
28.252174 34.491241 1.207710 -3.404517 154.393906 53.802059 0.362076 -0.085855 6.931456 -0.132723
28.385178 33.456131 1.261131 -4.234925 155.109940 54.391029 0.358384 -0.147416 6.907940 -0.132705
28.502180 32.565651 1.308102 -4.861445 155.729416 54.896759 0.357391 -0.206892 6.885784 -0.130533
28.635178 31.557079 1.354244 -5.488279 156.450455 55.480137 0.358785 -0.267127 6.857764 -0.127555
28.753176 30.707666 1.388281 -5.924342 157.065720 55.972588 0.362220 -0.300697 6.846312 -0.126642
28.885174 29.721786 1.446320 -6.339599 157.788025 56.544659 0.368846 -0.322474 6.810091 -0.126307
29.002176 28.883924 1.491891 -6.643898 158.409103 57.029697 0.375358 -0.335858 6.779212 -0.123896
29.136179 27.940258 1.532035 -6.923126 159.124802 57.583603 0.381811 -0.355182 6.740749 -0.119950
29.253181 27.148302 1.576655 -7.113811 159.745667 58.057091 0.384847 -0.367990 6.722989 -0.116780
29.386185 26.272606 1.636086 -7.256882 160.463455 58.599281 0.386282 -0.356421 6.703507 -0.111569
29.503187 25.541817 1.687694 -7.349248 161.084396 59.064110 0.385984 -0.306326 6.666703 -0.108153
29.636190 24.731106 1.743233 -7.359678 161.801453 59.592136 0.382421 -0.200077 6.635404 -0.104150
29.753193 24.054815 1.779559 -7.347753 162.423508 60.040794 0.377597 -0.082410 6.598216 -0.101195
29.886194 23.290028 1.805718 -7.316103 163.142380 60.551090 0.369606 0.063791 6.559734 -0.098539
30.003193 22.637743 1.805801 -7.249615 163.765900 60.985455 0.360763 0.183079 6.542038 -0.097871
30.136190 21.919205 1.792590 -7.157106 164.492722 61.483059 0.349223 0.309880 6.507010 -0.091392
30.253189 21.343588 1.787786 -7.088519 165.112274 61.897667 0.339985 0.399234 6.467356 -0.086281
30.387190 20.700150 1.780416 -6.998650 165.841476 62.373898 0.330669 0.474880 6.436843 -0.081067
30.504192 20.180159 1.774544 -6.845887 166.468246 62.776501 0.324958 0.505582 6.413375 -0.077581
30.637196 19.620766 1.747925 -6.648911 167.187546 63.230621 0.322571 0.499559 6.389311 -0.073042
30.755194 19.147985 1.705133 -6.464132 167.820099 63.625347 0.323497 0.463275 6.363518 -0.070489
30.887192 18.632170 1.652514 -6.254906 168.538895 64.065956 0.326865 0.402139 6.325973 -0.067374
31.004194 18.181295 1.594269 -6.064788 169.178177 64.448799 0.331905 0.346439 6.306974 -0.067494
31.137194 17.683083 1.511904 -5.835941 169.906342 64.875214 0.340658 0.290476 6.287745 -0.064347
31.254192 17.275259 1.437531 -5.648308 170.532562 65.234337 0.350563 0.247412 6.265793 -0.062198
31.387192 16.805033 1.361410 -5.419529 171.267990 65.648811 0.363515 0.186813 6.239823 -0.060308
31.504192 16.423418 1.305721 -5.239822 171.895523 65.994377 0.374767 0.116845 6.224761 -0.055880
31.637190 16.022236 1.248454 -4.929668 172.632492 66.394859 0.387691 0.008047 6.205784 -0.051528
31.756191 15.692403 1.199651 -4.634531 173.267517 66.731758 0.399391 -0.096629 6.190685 -0.049232
31.888191 15.344276 1.153368 -4.310745 174.003036 67.112640 0.411746 -0.216390 6.175919 -0.043717
32.006191 15.078512 1.106579 -4.040759 174.642609 67.437050 0.419916 -0.303455 6.183977 -0.039121
32.138187 14.785585 1.053835 -3.810072 175.384140 67.806252 0.426463 -0.380576 6.185036 -0.038920
32.256187 14.530633 1.003471 -3.650353 176.029144 68.121178 0.429513 -0.424491 6.188535 -0.037713
32.388184 14.248836 0.950385 -3.515455 176.771790 68.476311 0.428981 -0.453667 6.194113 -0.036945
32.506184 13.999756 0.898436 -3.370226 177.427582 68.786308 0.426103 -0.466191 6.197010 -0.037726
32.638180 13.722304 0.828022 -3.253063 178.180710 69.135803 0.422398 -0.473564 6.195337 -0.035199
32.756180 13.492790 0.766945 -3.186898 178.835388 69.433708 0.419032 -0.477342 6.203900 -0.033394
32.889175 13.238046 0.697618 -3.090822 179.593246 69.774559 0.417592 -0.475802 6.202024 -0.033020
33.006168 13.022795 0.639988 -3.017637 180.256042 70.068787 0.418914 -0.457621 6.198647 -0.031858
33.139164 12.781322 0.569384 -3.015245 181.013016 70.398544 0.420006 -0.401840 6.212975 -0.030488
33.256157 12.579129 0.491690 -3.052051 181.681137 70.685654 0.421829 -0.317087 6.215443 -0.028707
33.389149 12.361305 0.400945 -3.073736 182.442566 71.007996 0.426434 -0.187710 6.215122 -0.028300
33.506138 12.160947 0.311737 -3.072341 183.113876 71.287636 0.430949 -0.067040 6.214076 -0.030734
33.639126 11.923804 0.200774 -3.049556 183.879349 71.601273 0.437773 0.060053 6.223184 -0.030244
33.756119 11.721701 0.106229 -3.006345 184.555969 71.872475 0.444831 0.153490 6.235853 -0.029508
33.889107 11.507105 0.032265 -2.920485 185.333939 72.180786 0.454465 0.250592 6.254763 -0.027153
34.006104 11.330249 -0.017342 -2.912880 186.010803 72.444565 0.464122 0.334477 6.266397 -0.026646
34.140091 11.142844 -0.038299 -2.907749 186.795090 72.745621 0.475623 0.434865 6.267492 -0.022572
34.257080 10.998004 -0.036101 -2.944580 187.481552 73.007011 0.485682 0.513537 6.280256 -0.021327
34.391068 10.848940 -0.042058 -3.058625 188.270813 73.302017 0.495991 0.576353 6.293698 -0.018724
34.507057 10.721234 -0.036053 -3.169015 188.962616 73.558075 0.503365 0.599600 6.313108 -0.018390
34.641045 10.580729 -0.015688 -3.224482 189.751511 73.849480 0.508967 0.597260 6.333164 -0.017236
34.758034 10.458596 0.015219 -3.275963 190.447495 74.103897 0.511699 0.580089 6.334193 -0.018332
34.891022 10.320608 0.053335 -3.384349 191.247314 74.392296 0.512708 0.545532 6.348526 -0.018262
35.008011 10.193700 0.056467 -3.492602 191.941742 74.638229 0.510622 0.496423 6.353359 -0.019232
35.140999 10.041306 0.035871 -3.632030 192.745773 74.919708 0.507214 0.404902 6.361888 -0.019456
35.257988 9.912477 -0.000644 -3.710325 193.443558 75.161278 0.504063 0.299113 6.369537 -0.018994
35.390976 9.768038 -0.078839 -3.825544 194.250931 75.438004 0.500374 0.158783 6.368784 -0.018646
35.507965 9.642589 -0.169778 -3.921407 194.950974 75.674713 0.497588 0.037894 6.371892 -0.017758
35.641953 9.507536 -0.285518 -4.050355 195.761383 75.943718 0.496352 -0.098602 6.370086 -0.018855
35.758942 9.382232 -0.403049 -4.223310 196.470703 76.174706 0.496913 -0.213974 6.379611 -0.019157
35.891930 9.226749 -0.560338 -4.404328 197.279755 76.432930 0.497325 -0.340761 6.394579 -0.020686
36.007919 9.092345 -0.726754 -4.444231 197.993317 76.658760 0.500005 -0.433995 6.400613 -0.018973
36.141907 8.938696 -0.921671 -4.422159 198.805923 76.912292 0.504649 -0.506136 6.401130 -0.020740
36.258896 8.797656 -1.099872 -4.422920 199.522797 77.131630 0.507857 -0.535972 6.415363 -0.020955
36.391884 8.658284 -1.310592 -4.355777 200.340851 77.379066 0.512653 -0.541762 6.435206 -0.015938
36.508873 8.539874 -1.499112 -4.273281 201.062637 77.595085 0.516851 -0.532858 6.443081 -0.018641
36.625862 8.408172 -1.658369 -4.173322 201.785904 77.808533 0.519957 -0.513452 6.448142 -0.019132
36.758850 8.258333 -1.814225 -3.990466 202.609589 78.049431 0.521541 -0.475581 6.455150 -0.018178
36.875839 8.136042 -1.928465 -3.803376 203.334930 78.260620 0.523920 -0.425784 6.453635 -0.017613
37.008827 8.003028 -2.003159 -3.600169 204.165649 78.499550 0.527223 -0.354432 6.444707 -0.017062
37.125816 7.876517 -2.002918 -3.499404 204.883972 78.704475 0.529729 -0.286263 6.434678 -0.020224
37.258804 7.724893 -1.946013 -3.368810 205.711899 78.937973 0.532362 -0.206099 6.412999 -0.019935
37.375793 7.587860 -1.869191 -3.185478 206.433411 79.141388 0.534224 -0.138893 6.396569 -0.018621
37.509781 7.441624 -1.752484 -3.003897 207.250931 79.369217 0.538113 -0.071681 6.372695 -0.018111
37.625771 7.303687 -1.613327 -2.876884 207.969254 79.566658 0.542369 -0.022286 6.363970 -0.020538
37.759758 7.149853 -1.437749 -2.704639 208.785080 79.787964 0.545207 0.026431 6.349695 -0.018090
37.876747 7.025627 -1.290448 -2.528533 209.501968 79.978874 0.546137 0.070228 6.336605 -0.019114
38.009735 6.868594 -1.129478 -2.461283 210.316315 80.192345 0.545934 0.127990 6.331130 -0.021141
38.126724 6.728001 -1.023247 -2.488073 211.033676 80.379280 0.544785 0.187393 6.338442 -0.020257
38.259712 6.575292 -0.931541 -2.583566 211.856979 80.590172 0.542078 0.260734 6.344549 -0.020658
38.376701 6.436244 -0.878653 -2.693472 212.571014 80.769104 0.537446 0.323613 6.349799 -0.021737
38.510689 6.280156 -0.877470 -2.786089 213.396698 80.974953 0.531112 0.390367 6.347585 -0.021022
38.626682 6.153022 -0.920787 -2.894926 214.117630 81.153687 0.525137 0.438386 6.348124 -0.017965
38.760677 6.003476 -1.002959 -3.023661 214.936508 81.356674 0.517576 0.474524 6.337838 -0.020175
38.876667 5.876669 -1.102181 -3.142884 215.657135 81.533241 0.512771 0.485952 6.346034 -0.018789
39.010654 5.744539 -1.243130 -3.239610 216.477188 81.732254 0.509416 0.472960 6.341798 -0.016819
39.127644 5.637650 -1.393510 -3.342755 217.198593 81.903328 0.508730 0.440983 6.335681 -0.015216
39.260632 5.511443 -1.586729 -3.484053 218.019623 82.094704 0.510600 0.386796 6.338263 -0.018436
39.377625 5.388146 -1.769527 -3.629592 218.748505 82.262550 0.513416 0.328931 6.338319 -0.018610
39.510612 5.255991 -1.992125 -3.724459 219.570526 82.450813 0.518406 0.259382 6.338796 -0.017282
39.627602 5.143567 -2.181445 -3.855268 220.287643 82.614380 0.526038 0.199777 6.340079 -0.018256
39.760590 5.003386 -2.390707 -3.987166 221.116074 82.799751 0.533757 0.131062 6.333431 -0.018726
39.877579 4.890933 -2.541227 -4.061033 221.832993 82.959030 0.537963 0.069889 6.325090 -0.017286
40.011566 4.767066 -2.671469 -4.151989 222.660217 83.139320 0.540811 -0.009612 6.312492 -0.016071
40.127556 4.664023 -2.756932 -4.144300 223.381363 83.296173 0.540715 -0.086379 6.303413 -0.015176
40.261543 4.543445 -2.815230 -4.095818 224.199493 83.474510 0.539608 -0.178807 6.285620 -0.014689
40.378532 4.435910 -2.824898 -4.035398 224.917221 83.629990 0.539387 -0.252557 6.272834 -0.015761
40.511520 4.315113 -2.788860 -3.877818 225.730469 83.806236 0.537543 -0.320783 6.240320 -0.015000
40.628510 4.213381 -2.730478 -3.710612 226.442993 83.959030 0.533212 -0.367112 6.222314 -0.013129
40.761497 4.108975 -2.675363 -3.474834 227.249924 84.130386 0.527206 -0.417479 6.190148 -0.011619
40.878487 4.012301 -2.630993 -3.222185 227.957626 84.279114 0.522756 -0.467945 6.175292 -0.012574
41.011475 3.908260 -2.569361 -2.978441 228.765396 84.446960 0.517047 -0.533398 6.146205 -0.011847
41.128464 3.824951 -2.515270 -2.769754 229.462738 84.590271 0.510648 -0.582209 6.130235 -0.010819
41.262451 3.742757 -2.477207 -2.505811 230.265762 84.754044 0.502527 -0.609269 6.107870 -0.008332
41.378441 3.672217 -2.473264 -2.259724 230.964111 84.894371 0.497134 -0.594126 6.077266 -0.008161
41.512428 3.597670 -2.515481 -1.982500 231.756256 85.050377 0.492935 -0.524963 6.062567 -0.008025
41.629417 3.525881 -2.590337 -1.785765 232.451096 85.187134 0.491501 -0.421616 6.044569 -0.010603
41.762405 3.419715 -2.713380 -1.599955 233.238739 85.341278 0.493618 -0.259854 6.034791 -0.013246
41.879395 3.328437 -2.850466 -1.397310 233.931320 85.477303 0.496092 -0.095992 6.032213 -0.011723
42.012383 3.224572 -3.015566 -1.230580 234.723785 85.632187 0.499318 0.097734 6.024291 -0.013627
42.129372 3.133267 -3.169267 -1.156655 235.409317 85.764580 0.502539 0.245716 6.021393 -0.012239
42.262360 3.039232 -3.364195 -1.104508 236.202225 85.916130 0.506499 0.381556 6.026364 -0.012327
42.379349 2.953517 -3.549750 -1.117416 236.888458 86.046272 0.508805 0.463353 6.018164 -0.013167
42.513336 2.854573 -3.777840 -1.168633 237.681000 86.195274 0.510022 0.528169 6.015289 -0.013606
42.629326 2.758049 -3.968303 -1.242004 238.372879 86.323517 0.509284 0.565667 6.010381 -0.016795
42.763313 2.632337 -4.167120 -1.336459 239.158859 86.467911 0.505002 0.592039 6.005724 -0.016025
42.879303 2.527722 -4.298679 -1.437332 239.849350 86.594849 0.500505 0.593692 5.994565 -0.017058
43.013290 2.411803 -4.397540 -1.587631 240.632950 86.738022 0.491497 0.560246 5.985164 -0.016934
43.130280 2.313461 -4.449195 -1.717109 241.320648 86.863922 0.481818 0.495092 5.968294 -0.016766
43.263268 2.204617 -4.472714 -1.888093 242.099731 87.007286 0.466354 0.382794 5.942181 -0.015221
43.380257 2.111981 -4.458796 -2.038965 242.781921 87.131989 0.451771 0.264378 5.912189 -0.015516
43.513245 2.014772 -4.407726 -2.281604 243.559448 87.272850 0.436885 0.120891 5.885483 -0.014315
43.630234 1.944695 -4.331376 -2.490607 244.228851 87.395065 0.423796 0.006600 5.853207 -0.011818
43.764221 1.876631 -4.186575 -2.713360 244.997742 87.533562 0.408487 -0.105885 5.816449 -0.010202
43.880211 1.820559 -4.044475 -2.852613 245.665161 87.654144 0.397660 -0.182413 5.781880 -0.010105
44.014198 1.761836 -3.862625 -3.015244 246.420105 87.788719 0.387646 -0.247120 5.750154 -0.008615
44.131187 1.726413 -3.706269 -3.163967 247.080032 87.905937 0.380076 -0.284543 5.716169 -0.005640
44.264175 1.693291 -3.534127 -3.338856 247.826248 88.037605 0.374245 -0.305828 5.685899 -0.004917
44.381165 1.665031 -3.410534 -3.423050 248.479767 88.153160 0.371714 -0.307655 5.661227 -0.004691
44.514153 1.641139 -3.311821 -3.437661 249.225876 88.283585 0.367191 -0.295282 5.640823 -0.001957
44.631142 1.624639 -3.274135 -3.423354 249.869858 88.394188 0.362205 -0.280649 5.627435 -0.003266
44.764130 1.602922 -3.277048 -3.357118 250.611435 88.521950 0.357158 -0.265876 5.607255 -0.002487
44.881119 1.587676 -3.295063 -3.258519 251.250900 88.631119 0.352875 -0.255010 5.580488 -0.001331
45.014107 1.568808 -3.333022 -3.128301 251.987366 88.753319 0.348746 -0.236948 5.565892 -0.001202
45.131096 1.562281 -3.399292 -2.989203 252.628906 88.859734 0.343742 -0.209913 5.553584 0.000516
45.265083 1.555748 -3.514924 -2.853090 253.356110 88.978706 0.335520 -0.163269 5.532287 -0.000973
45.381073 1.542741 -3.640586 -2.714926 253.994995 89.082443 0.326578 -0.112870 5.526080 -0.001064
45.515060 1.535477 -3.803545 -2.587341 254.719849 89.200317 0.317524 -0.053329 5.518526 0.001208
45.632050 1.533062 -3.953487 -2.505584 255.355911 89.305397 0.310513 -0.008628 5.502212 0.000224
45.765038 1.537930 -4.124037 -2.464670 256.076813 89.423813 0.302656 0.028898 5.486093 0.001839
45.882027 1.558542 -4.263303 -2.391505 256.708893 89.529289 0.295723 0.052117 5.469999 0.003943
46.015015 1.571358 -4.384107 -2.277356 257.430023 89.648636 0.289801 0.076371 5.446612 0.001584
46.132004 1.581690 -4.462764 -2.174318 258.051605 89.750214 0.286701 0.102064 5.421566 0.002994
46.265991 1.606636 -4.518177 -2.137494 258.765961 89.866882 0.285262 0.141967 5.386973 0.004255
46.381981 1.644006 -4.500594 -2.154078 259.381348 89.966339 0.286301 0.181529 5.363766 0.006504
46.515968 1.699699 -4.423846 -2.152972 260.089233 90.081009 0.286430 0.224220 5.340634 0.008061
46.631958 1.760450 -4.310326 -2.183480 260.704041 90.181313 0.285973 0.246933 5.313987 0.009146
46.765945 1.839300 -4.152212 -2.224841 261.399017 90.295868 0.282821 0.244984 5.284434 0.010812
46.882935 1.918021 -4.003094 -2.252927 262.007507 90.397079 0.277408 0.215489 5.265324 0.012670
47.015923 2.011653 -3.838971 -2.334539 262.696198 90.510353 0.267533 0.156577 5.238611 0.010288
47.132912 2.094997 -3.694520 -2.420051 263.299316 90.609131 0.257443 0.098794 5.217227 0.012208
47.249901 2.185800 -3.550820 -2.464233 263.900604 90.708557 0.245557 0.048309 5.199043 0.013559
47.382889 2.291206 -3.380885 -2.557309 264.582336 90.818848 0.232189 0.008107 5.184913 0.012434
47.499878 2.392237 -3.248820 -2.629438 265.180847 90.914978 0.219913 -0.018481 5.175278 0.015639
47.632866 2.524528 -3.128389 -2.688828 265.860077 91.025215 0.206620 -0.051837 5.173696 0.017706
47.749855 2.648349 -3.040523 -2.721887 266.456909 91.122162 0.195071 -0.090028 5.164704 0.019641
47.882843 2.804466 -2.960009 -2.742728 267.140381 91.233185 0.183017 -0.136445 5.167540 0.019848
47.999832 2.937933 -2.900455 -2.784631 267.732208 91.327370 0.175277 -0.164220 5.162761 0.020621
48.133820 3.111328 -2.829685 -2.744503 268.415588 91.437531 0.170065 -0.165145 5.167761 0.023065
48.249809 3.259254 -2.758661 -2.693686 269.012939 91.533470 0.167031 -0.137380 5.173855 0.021651
48.383797 3.423284 -2.677621 -2.553043 269.692383 91.643120 0.164348 -0.086062 5.173431 0.024640
48.500786 3.585408 -2.591460 -2.326240 270.289886 91.740013 0.162904 -0.036599 5.173372 0.025717
48.633774 3.773916 -2.495168 -2.015249 270.969177 91.850060 0.162348 0.017395 5.174286 0.026446
48.750763 3.928856 -2.427943 -1.739501 271.566956 91.946320 0.164198 0.067558 5.176869 0.023057
48.883751 4.093543 -2.349045 -1.403666 272.247040 92.056137 0.168551 0.129231 5.181678 0.023677
49.000740 4.243023 -2.257620 -1.084564 272.846069 92.154457 0.173921 0.176463 5.193359 0.025294
49.133728 4.437150 -2.148914 -0.754802 273.534058 92.267288 0.179411 0.196382 5.209607 0.028526
49.250717 4.632349 -2.062339 -0.440790 274.131653 92.365303 0.182762 0.171474 5.225784 0.033436
49.383705 4.887033 -1.939746 -0.103043 274.823547 92.477089 0.185919 0.100647 5.234854 0.034691
49.500694 5.099427 -1.817627 0.116397 275.429016 92.574608 0.187007 0.024230 5.249806 0.031662
49.634682 5.333634 -1.672130 0.343529 276.119049 92.685951 0.185183 -0.053167 5.260010 0.032729
49.750671 5.548207 -1.533567 0.534112 276.727081 92.784348 0.182280 -0.104775 5.273704 0.033234
49.884659 5.812160 -1.376066 0.684857 277.421143 92.896545 0.178382 -0.147574 5.294791 0.036058
50.001648 6.057312 -1.238146 0.733449 278.034668 92.994492 0.174251 -0.176442 5.323574 0.035846
50.134636 6.332165 -1.061954 0.731891 278.740265 93.106537 0.170301 -0.199792 5.340358 0.035527
50.251625 6.582534 -0.921860 0.670340 279.353241 93.202721 0.167810 -0.209483 5.356981 0.038053
50.384613 6.869370 -0.765486 0.599566 280.064087 93.316101 0.164652 -0.204582 5.385103 0.036984
50.501602 7.120518 -0.635604 0.527219 280.682007 93.415443 0.159667 -0.187403 5.402001 0.037389
50.634590 7.416083 -0.486374 0.377523 281.398468 93.530037 0.155489 -0.157715 5.424541 0.038735
50.751579 7.688986 -0.368423 0.208830 282.027008 93.630959 0.153093 -0.129518 5.452813 0.040366
50.885567 8.012652 -0.261003 -0.023744 282.744812 93.747421 0.151308 -0.094887 5.478991 0.043047
51.001556 8.308179 -0.178867 -0.194659 283.379303 93.853226 0.151820 -0.057663 5.506495 0.045699
51.135544 8.645078 -0.127818 -0.383717 284.103790 93.974640 0.155286 -0.000618 5.538270 0.043636
51.252533 8.946265 -0.086542 -0.537457 284.744904 94.081749 0.159501 0.057761 5.566763 0.046060
51.385521 9.299238 -0.033966 -0.701892 285.477600 94.204971 0.164603 0.123311 5.603268 0.046332
51.502510 9.614826 -0.010288 -0.784253 286.125854 94.314400 0.170484 0.167466 5.627676 0.048833
51.636497 10.000570 0.006989 -0.818975 286.871307 94.441780 0.178251 0.197685 5.655613 0.051838
51.753487 10.353991 0.029868 -0.799507 287.524902 94.555084 0.185829 0.205600 5.679847 0.053185
51.886475 10.766913 0.052408 -0.716136 288.276276 94.685402 0.192209 0.195936 5.698847 0.054274
52.003464 11.135405 0.049551 -0.657394 288.929565 94.798409 0.195670 0.175496 5.727366 0.055809
52.137451 11.572843 0.034235 -0.484399 289.687561 94.931419 0.196749 0.147401 5.754944 0.058862
52.253441 11.967732 0.003573 -0.240663 290.351715 95.051376 0.195923 0.129614 5.780444 0.058736
52.387428 12.417075 -0.025850 0.110251 291.109894 95.190338 0.191994 0.120392 5.806155 0.059432
52.504417 12.821807 -0.059239 0.443273 291.779510 95.314835 0.187025 0.118159 5.835066 0.060325
52.637405 13.281644 -0.078989 0.781665 292.545166 95.458435 0.182200 0.112518 5.871073 0.060306
52.754395 13.692544 -0.077945 1.043176 293.221222 95.587456 0.178046 0.099256 5.889547 0.061712
52.887383 14.156268 -0.018508 1.271363 293.992371 95.736420 0.173273 0.072691 5.915642 0.060252
53.004372 14.560382 0.047893 1.368054 294.672913 95.869141 0.171512 0.040669 5.932221 0.060771
53.137360 15.026664 0.162191 1.489565 295.453979 96.024132 0.172295 -0.003223 5.949039 0.060632
53.254349 15.431851 0.295029 1.572028 296.130859 96.160843 0.174670 -0.042177 5.958432 0.060917
53.388336 15.898812 0.479175 1.573228 296.914124 96.320221 0.177909 -0.082723 5.969058 0.061099
53.504326 16.314638 0.645629 1.595025 297.598145 96.461281 0.182459 -0.110451 5.971664 0.062662
53.638313 16.793894 0.835646 1.590291 298.374725 96.624046 0.189333 -0.133621 5.966442 0.063677
53.754303 17.217142 1.000824 1.645254 299.057526 96.770134 0.195550 -0.145270 5.969765 0.062527
53.888290 17.701361 1.170712 1.695994 299.833618 96.937843 0.200747 -0.144150 5.964821 0.064243
54.005280 18.139219 1.302682 1.804920 300.514587 97.087105 0.203437 -0.128134 5.956160 0.064867
54.138268 18.643055 1.396901 1.981507 301.293701 97.258202 0.202893 -0.098769 5.954420 0.064680
54.255257 19.073669 1.425246 2.172335 301.967987 97.409058 0.198705 -0.077458 5.956916 0.064609
54.388245 19.554989 1.388019 2.413361 302.747101 97.587311 0.191267 -0.070361 5.969053 0.060423
54.505234 19.966070 1.299457 2.682913 303.427094 97.745865 0.183843 -0.080069 5.970632 0.059725
54.638222 20.415752 1.159658 3.033136 304.199829 97.932220 0.175774 -0.095314 5.981082 0.056846
54.755211 20.803410 1.023246 3.258474 304.880188 98.098091 0.168687 -0.099668 5.988831 0.057305
54.889198 21.252384 0.861367 3.502420 305.654236 98.289406 0.162300 -0.087761 5.996068 0.059990
55.005188 21.659138 0.727716 3.737157 306.334991 98.459114 0.157869 -0.066681 5.996107 0.060394
55.139175 22.127005 0.613928 4.013049 307.113678 98.657066 0.155851 -0.038500 5.996727 0.059914
55.256165 22.534870 0.544860 4.256656 307.786835 98.831261 0.157765 -0.015282 5.991835 0.061295
55.389153 23.009378 0.503941 4.498626 308.558441 99.033241 0.164984 0.007920 5.994853 0.061805
55.506142 23.417063 0.492488 4.666809 309.235870 99.214401 0.173762 0.022846 5.991316 0.060329
55.639130 23.891096 0.525449 4.811247 310.010193 99.424423 0.185233 0.034834 5.982667 0.062458
55.756119 24.310055 0.588298 4.875947 310.683411 99.609840 0.196512 0.041384 5.959319 0.062091
55.890106 24.772694 0.677657 4.840601 311.445831 99.822319 0.207469 0.047400 5.941163 0.061238
56.006096 25.186523 0.752309 4.827955 312.113098 100.011734 0.213944 0.050314 5.922346 0.062508
56.140083 25.662428 0.848158 4.891140 312.867401 100.231964 0.218524 0.047764 5.898606 0.062467
56.256073 26.076380 0.951063 4.923676 313.528625 100.428055 0.219772 0.039712 5.891855 0.060619
56.390060 26.522375 1.055178 4.958028 314.277557 100.654640 0.218384 0.030152 5.876524 0.058365
56.507050 26.909002 1.126291 5.006400 314.933807 100.857376 0.213998 0.031658 5.865366 0.056940
56.624039 27.287188 1.197722 5.068737 315.587555 101.063248 0.208818 0.049133 5.848574 0.055783
56.757027 27.705820 1.280953 5.084044 316.326996 101.300117 0.202101 0.085788 5.833887 0.053947
56.874016 28.074455 1.349344 5.072432 316.975342 101.511284 0.196475 0.120826 5.823917 0.055542
57.007004 28.489285 1.416011 5.029412 317.710144 101.754440 0.192949 0.145293 5.814422 0.054980
57.123993 28.863079 1.459904 4.995953 318.355103 101.969627 0.192380 0.145335 5.809237 0.056603
57.256981 29.302031 1.505440 4.994510 319.091919 102.219246 0.194063 0.126220 5.804589 0.056747
57.373970 29.685198 1.543254 4.978663 319.728699 102.437706 0.195983 0.102952 5.799652 0.058285
57.506958 30.123707 1.613129 4.916496 320.461975 102.691826 0.199440 0.078161 5.782364 0.056929
57.623947 30.503588 1.696098 4.870944 321.093994 102.914513 0.203168 0.059264 5.769308 0.057125
57.757935 30.944183 1.764934 4.877930 321.821106 103.173782 0.209466 0.039315 5.756498 0.057460
57.874928 31.339115 1.808175 4.908711 322.454163 103.402710 0.212925 0.021843 5.747387 0.059761
58.007915 31.793154 1.827361 4.931180 323.175812 103.670296 0.216295 -0.000543 5.741095 0.061018
58.124905 32.195293 1.823062 4.921649 323.798645 103.905510 0.219626 -0.027137 5.740695 0.060366
58.257893 32.655125 1.793482 4.940355 324.516724 104.180397 0.222566 -0.071639 5.732104 0.060452
58.374882 33.059368 1.759221 5.025446 325.136902 104.421059 0.225017 -0.119925 5.735704 0.061465
58.507870 33.529190 1.721733 5.161679 325.852173 104.702217 0.226208 -0.172824 5.734345 0.060532
58.624859 33.942822 1.680986 5.289668 326.475922 104.949944 0.226346 -0.205766 5.735237 0.061176
58.757847 34.409878 1.648392 5.384214 327.183502 105.233986 0.228026 -0.222322 5.730140 0.060263
58.874836 34.814369 1.622389 5.462701 327.798828 105.484528 0.229097 -0.220045 5.726281 0.060010
59.008823 35.264935 1.598432 5.566077 328.506470 105.778984 0.228851 -0.198769 5.707824 0.057631
59.124813 35.647869 1.568371 5.647381 329.121582 106.039680 0.228078 -0.165955 5.711545 0.056551
59.258801 36.078938 1.530099 5.714912 329.819519 106.338806 0.227232 -0.118077 5.707625 0.056075
59.375790 36.448116 1.494510 5.776670 330.431824 106.604691 0.226656 -0.075244 5.703010 0.054451
59.508778 36.860554 1.430114 5.813601 331.125366 106.910484 0.227756 -0.033528 5.692298 0.055438
59.625767 37.229000 1.363998 5.877878 331.732086 107.182823 0.230857 -0.000104 5.677611 0.053827
59.758755 37.631592 1.289045 5.977077 332.417389 107.498505 0.236105 0.042148 5.665198 0.051901
59.875744 37.977386 1.219261 6.086707 333.017426 107.780243 0.240995 0.090243 5.665224 0.051168
60.008732 38.366539 1.155186 6.172483 333.702667 108.107216 0.248950 0.159510 5.664369 0.049975
